[2024-08-17T03:03:55.841+0000] {processor.py:161} INFO - Started process (PID=92227) to work on /opt/airflow/dags/data/models/Suriname/TS_model.pkl
[2024-08-17T03:03:55.842+0000] {processor.py:830} INFO - Processing file /opt/airflow/dags/data/models/Suriname/TS_model.pkl for tasks to queue
[2024-08-17T03:03:55.842+0000] {logging_mixin.py:188} INFO - [2024-08-17T03:03:55.842+0000] {dagbag.py:545} INFO - Filling up the DagBag from /opt/airflow/dags/data/models/Suriname/TS_model.pkl
[2024-08-17T03:03:55.856+0000] {processor.py:842} WARNING - No viable dags retrieved from /opt/airflow/dags/data/models/Suriname/TS_model.pkl
[2024-08-17T03:03:55.867+0000] {processor.py:183} INFO - Processing /opt/airflow/dags/data/models/Suriname/TS_model.pkl took 0.030 seconds
[2024-08-17T03:04:26.706+0000] {processor.py:161} INFO - Started process (PID=92643) to work on /opt/airflow/dags/data/models/Suriname/TS_model.pkl
[2024-08-17T03:04:26.707+0000] {processor.py:830} INFO - Processing file /opt/airflow/dags/data/models/Suriname/TS_model.pkl for tasks to queue
[2024-08-17T03:04:26.707+0000] {logging_mixin.py:188} INFO - [2024-08-17T03:04:26.707+0000] {dagbag.py:545} INFO - Filling up the DagBag from /opt/airflow/dags/data/models/Suriname/TS_model.pkl
[2024-08-17T03:04:26.722+0000] {processor.py:842} WARNING - No viable dags retrieved from /opt/airflow/dags/data/models/Suriname/TS_model.pkl
[2024-08-17T03:04:26.734+0000] {processor.py:183} INFO - Processing /opt/airflow/dags/data/models/Suriname/TS_model.pkl took 0.032 seconds
[2024-08-17T03:04:57.722+0000] {processor.py:161} INFO - Started process (PID=93034) to work on /opt/airflow/dags/data/models/Suriname/TS_model.pkl
[2024-08-17T03:04:57.723+0000] {processor.py:830} INFO - Processing file /opt/airflow/dags/data/models/Suriname/TS_model.pkl for tasks to queue
[2024-08-17T03:04:57.724+0000] {logging_mixin.py:188} INFO - [2024-08-17T03:04:57.723+0000] {dagbag.py:545} INFO - Filling up the DagBag from /opt/airflow/dags/data/models/Suriname/TS_model.pkl
[2024-08-17T03:04:57.737+0000] {processor.py:842} WARNING - No viable dags retrieved from /opt/airflow/dags/data/models/Suriname/TS_model.pkl
[2024-08-17T03:04:57.748+0000] {processor.py:183} INFO - Processing /opt/airflow/dags/data/models/Suriname/TS_model.pkl took 0.030 seconds
[2024-08-17T03:05:28.353+0000] {processor.py:161} INFO - Started process (PID=93450) to work on /opt/airflow/dags/data/models/Suriname/TS_model.pkl
[2024-08-17T03:05:28.354+0000] {processor.py:830} INFO - Processing file /opt/airflow/dags/data/models/Suriname/TS_model.pkl for tasks to queue
[2024-08-17T03:05:28.355+0000] {logging_mixin.py:188} INFO - [2024-08-17T03:05:28.354+0000] {dagbag.py:545} INFO - Filling up the DagBag from /opt/airflow/dags/data/models/Suriname/TS_model.pkl
[2024-08-17T03:05:28.367+0000] {processor.py:842} WARNING - No viable dags retrieved from /opt/airflow/dags/data/models/Suriname/TS_model.pkl
[2024-08-17T03:05:28.380+0000] {processor.py:183} INFO - Processing /opt/airflow/dags/data/models/Suriname/TS_model.pkl took 0.031 seconds
[2024-08-17T03:05:59.349+0000] {processor.py:161} INFO - Started process (PID=93841) to work on /opt/airflow/dags/data/models/Suriname/TS_model.pkl
[2024-08-17T03:05:59.349+0000] {processor.py:830} INFO - Processing file /opt/airflow/dags/data/models/Suriname/TS_model.pkl for tasks to queue
[2024-08-17T03:05:59.350+0000] {logging_mixin.py:188} INFO - [2024-08-17T03:05:59.350+0000] {dagbag.py:545} INFO - Filling up the DagBag from /opt/airflow/dags/data/models/Suriname/TS_model.pkl
[2024-08-17T03:05:59.359+0000] {processor.py:842} WARNING - No viable dags retrieved from /opt/airflow/dags/data/models/Suriname/TS_model.pkl
[2024-08-17T03:05:59.368+0000] {processor.py:183} INFO - Processing /opt/airflow/dags/data/models/Suriname/TS_model.pkl took 0.023 seconds
[2024-08-17T03:06:06.497+0000] {processor.py:161} INFO - Started process (PID=93955) to work on /opt/airflow/dags/data/models/Suriname/TS_model.pkl
[2024-08-17T03:06:06.497+0000] {processor.py:830} INFO - Processing file /opt/airflow/dags/data/models/Suriname/TS_model.pkl for tasks to queue
[2024-08-17T03:06:06.498+0000] {logging_mixin.py:188} INFO - [2024-08-17T03:06:06.498+0000] {dagbag.py:545} INFO - Filling up the DagBag from /opt/airflow/dags/data/models/Suriname/TS_model.pkl
[2024-08-17T03:06:06.511+0000] {processor.py:842} WARNING - No viable dags retrieved from /opt/airflow/dags/data/models/Suriname/TS_model.pkl
[2024-08-17T03:06:06.523+0000] {processor.py:183} INFO - Processing /opt/airflow/dags/data/models/Suriname/TS_model.pkl took 0.030 seconds
[2024-08-17T03:06:37.629+0000] {processor.py:161} INFO - Started process (PID=94350) to work on /opt/airflow/dags/data/models/Suriname/TS_model.pkl
[2024-08-17T03:06:37.630+0000] {processor.py:830} INFO - Processing file /opt/airflow/dags/data/models/Suriname/TS_model.pkl for tasks to queue
[2024-08-17T03:06:37.630+0000] {logging_mixin.py:188} INFO - [2024-08-17T03:06:37.630+0000] {dagbag.py:545} INFO - Filling up the DagBag from /opt/airflow/dags/data/models/Suriname/TS_model.pkl
[2024-08-17T03:06:37.644+0000] {processor.py:842} WARNING - No viable dags retrieved from /opt/airflow/dags/data/models/Suriname/TS_model.pkl
[2024-08-17T03:06:37.655+0000] {processor.py:183} INFO - Processing /opt/airflow/dags/data/models/Suriname/TS_model.pkl took 0.030 seconds
[2024-08-17T03:07:08.728+0000] {processor.py:161} INFO - Started process (PID=94758) to work on /opt/airflow/dags/data/models/Suriname/TS_model.pkl
[2024-08-17T03:07:08.729+0000] {processor.py:830} INFO - Processing file /opt/airflow/dags/data/models/Suriname/TS_model.pkl for tasks to queue
[2024-08-17T03:07:08.729+0000] {logging_mixin.py:188} INFO - [2024-08-17T03:07:08.729+0000] {dagbag.py:545} INFO - Filling up the DagBag from /opt/airflow/dags/data/models/Suriname/TS_model.pkl
[2024-08-17T03:07:08.739+0000] {processor.py:842} WARNING - No viable dags retrieved from /opt/airflow/dags/data/models/Suriname/TS_model.pkl
[2024-08-17T03:07:08.749+0000] {processor.py:183} INFO - Processing /opt/airflow/dags/data/models/Suriname/TS_model.pkl took 0.025 seconds
[2024-08-17T03:07:39.698+0000] {processor.py:161} INFO - Started process (PID=95154) to work on /opt/airflow/dags/data/models/Suriname/TS_model.pkl
[2024-08-17T03:07:39.699+0000] {processor.py:830} INFO - Processing file /opt/airflow/dags/data/models/Suriname/TS_model.pkl for tasks to queue
[2024-08-17T03:07:39.700+0000] {logging_mixin.py:188} INFO - [2024-08-17T03:07:39.700+0000] {dagbag.py:545} INFO - Filling up the DagBag from /opt/airflow/dags/data/models/Suriname/TS_model.pkl
[2024-08-17T03:07:39.707+0000] {processor.py:842} WARNING - No viable dags retrieved from /opt/airflow/dags/data/models/Suriname/TS_model.pkl
[2024-08-17T03:07:39.717+0000] {processor.py:183} INFO - Processing /opt/airflow/dags/data/models/Suriname/TS_model.pkl took 0.022 seconds
[2024-08-17T03:08:11.474+0000] {processor.py:161} INFO - Started process (PID=95515) to work on /opt/airflow/dags/data/models/Suriname/TS_model.pkl
[2024-08-17T03:08:11.475+0000] {processor.py:830} INFO - Processing file /opt/airflow/dags/data/models/Suriname/TS_model.pkl for tasks to queue
[2024-08-17T03:08:11.476+0000] {logging_mixin.py:188} INFO - [2024-08-17T03:08:11.475+0000] {dagbag.py:545} INFO - Filling up the DagBag from /opt/airflow/dags/data/models/Suriname/TS_model.pkl
[2024-08-17T03:08:11.494+0000] {processor.py:842} WARNING - No viable dags retrieved from /opt/airflow/dags/data/models/Suriname/TS_model.pkl
[2024-08-17T03:08:11.505+0000] {processor.py:183} INFO - Processing /opt/airflow/dags/data/models/Suriname/TS_model.pkl took 0.034 seconds
[2024-08-17T03:08:42.500+0000] {processor.py:161} INFO - Started process (PID=95927) to work on /opt/airflow/dags/data/models/Suriname/TS_model.pkl
[2024-08-17T03:08:42.501+0000] {processor.py:830} INFO - Processing file /opt/airflow/dags/data/models/Suriname/TS_model.pkl for tasks to queue
[2024-08-17T03:08:42.501+0000] {logging_mixin.py:188} INFO - [2024-08-17T03:08:42.501+0000] {dagbag.py:545} INFO - Filling up the DagBag from /opt/airflow/dags/data/models/Suriname/TS_model.pkl
[2024-08-17T03:08:42.510+0000] {processor.py:842} WARNING - No viable dags retrieved from /opt/airflow/dags/data/models/Suriname/TS_model.pkl
[2024-08-17T03:08:42.520+0000] {processor.py:183} INFO - Processing /opt/airflow/dags/data/models/Suriname/TS_model.pkl took 0.025 seconds
[2024-08-17T03:09:13.796+0000] {processor.py:161} INFO - Started process (PID=96371) to work on /opt/airflow/dags/data/models/Suriname/TS_model.pkl
[2024-08-17T03:09:13.797+0000] {processor.py:830} INFO - Processing file /opt/airflow/dags/data/models/Suriname/TS_model.pkl for tasks to queue
[2024-08-17T03:09:13.797+0000] {logging_mixin.py:188} INFO - [2024-08-17T03:09:13.797+0000] {dagbag.py:545} INFO - Filling up the DagBag from /opt/airflow/dags/data/models/Suriname/TS_model.pkl
[2024-08-17T03:09:13.809+0000] {processor.py:842} WARNING - No viable dags retrieved from /opt/airflow/dags/data/models/Suriname/TS_model.pkl
[2024-08-17T03:09:13.820+0000] {processor.py:183} INFO - Processing /opt/airflow/dags/data/models/Suriname/TS_model.pkl took 0.030 seconds
[2024-08-17T03:09:44.495+0000] {processor.py:161} INFO - Started process (PID=96789) to work on /opt/airflow/dags/data/models/Suriname/TS_model.pkl
[2024-08-17T03:09:44.496+0000] {processor.py:830} INFO - Processing file /opt/airflow/dags/data/models/Suriname/TS_model.pkl for tasks to queue
[2024-08-17T03:09:44.496+0000] {logging_mixin.py:188} INFO - [2024-08-17T03:09:44.496+0000] {dagbag.py:545} INFO - Filling up the DagBag from /opt/airflow/dags/data/models/Suriname/TS_model.pkl
[2024-08-17T03:09:44.507+0000] {processor.py:842} WARNING - No viable dags retrieved from /opt/airflow/dags/data/models/Suriname/TS_model.pkl
[2024-08-17T03:09:44.518+0000] {processor.py:183} INFO - Processing /opt/airflow/dags/data/models/Suriname/TS_model.pkl took 0.027 seconds
[2024-08-17T03:10:15.194+0000] {processor.py:161} INFO - Started process (PID=97227) to work on /opt/airflow/dags/data/models/Suriname/TS_model.pkl
[2024-08-17T03:10:15.194+0000] {processor.py:830} INFO - Processing file /opt/airflow/dags/data/models/Suriname/TS_model.pkl for tasks to queue
[2024-08-17T03:10:15.195+0000] {logging_mixin.py:188} INFO - [2024-08-17T03:10:15.195+0000] {dagbag.py:545} INFO - Filling up the DagBag from /opt/airflow/dags/data/models/Suriname/TS_model.pkl
[2024-08-17T03:10:15.206+0000] {processor.py:842} WARNING - No viable dags retrieved from /opt/airflow/dags/data/models/Suriname/TS_model.pkl
[2024-08-17T03:10:15.217+0000] {processor.py:183} INFO - Processing /opt/airflow/dags/data/models/Suriname/TS_model.pkl took 0.028 seconds
[2024-08-17T03:10:46.124+0000] {processor.py:161} INFO - Started process (PID=97605) to work on /opt/airflow/dags/data/models/Suriname/TS_model.pkl
[2024-08-17T03:10:46.125+0000] {processor.py:830} INFO - Processing file /opt/airflow/dags/data/models/Suriname/TS_model.pkl for tasks to queue
[2024-08-17T03:10:46.125+0000] {logging_mixin.py:188} INFO - [2024-08-17T03:10:46.125+0000] {dagbag.py:545} INFO - Filling up the DagBag from /opt/airflow/dags/data/models/Suriname/TS_model.pkl
[2024-08-17T03:10:46.133+0000] {processor.py:842} WARNING - No viable dags retrieved from /opt/airflow/dags/data/models/Suriname/TS_model.pkl
[2024-08-17T03:10:46.144+0000] {processor.py:183} INFO - Processing /opt/airflow/dags/data/models/Suriname/TS_model.pkl took 0.024 seconds
[2024-08-17T03:11:17.121+0000] {processor.py:161} INFO - Started process (PID=98048) to work on /opt/airflow/dags/data/models/Suriname/TS_model.pkl
[2024-08-17T03:11:17.122+0000] {processor.py:830} INFO - Processing file /opt/airflow/dags/data/models/Suriname/TS_model.pkl for tasks to queue
[2024-08-17T03:11:17.123+0000] {logging_mixin.py:188} INFO - [2024-08-17T03:11:17.123+0000] {dagbag.py:545} INFO - Filling up the DagBag from /opt/airflow/dags/data/models/Suriname/TS_model.pkl
[2024-08-17T03:11:17.134+0000] {processor.py:842} WARNING - No viable dags retrieved from /opt/airflow/dags/data/models/Suriname/TS_model.pkl
[2024-08-17T03:11:17.146+0000] {processor.py:183} INFO - Processing /opt/airflow/dags/data/models/Suriname/TS_model.pkl took 0.030 seconds
[2024-08-17T03:11:47.695+0000] {processor.py:161} INFO - Started process (PID=98462) to work on /opt/airflow/dags/data/models/Suriname/TS_model.pkl
[2024-08-17T03:11:47.696+0000] {processor.py:830} INFO - Processing file /opt/airflow/dags/data/models/Suriname/TS_model.pkl for tasks to queue
[2024-08-17T03:11:47.696+0000] {logging_mixin.py:188} INFO - [2024-08-17T03:11:47.696+0000] {dagbag.py:545} INFO - Filling up the DagBag from /opt/airflow/dags/data/models/Suriname/TS_model.pkl
[2024-08-17T03:11:47.708+0000] {processor.py:842} WARNING - No viable dags retrieved from /opt/airflow/dags/data/models/Suriname/TS_model.pkl
[2024-08-17T03:11:47.719+0000] {processor.py:183} INFO - Processing /opt/airflow/dags/data/models/Suriname/TS_model.pkl took 0.028 seconds
[2024-08-17T03:12:18.607+0000] {processor.py:161} INFO - Started process (PID=98906) to work on /opt/airflow/dags/data/models/Suriname/TS_model.pkl
[2024-08-17T03:12:18.608+0000] {processor.py:830} INFO - Processing file /opt/airflow/dags/data/models/Suriname/TS_model.pkl for tasks to queue
[2024-08-17T03:12:18.608+0000] {logging_mixin.py:188} INFO - [2024-08-17T03:12:18.608+0000] {dagbag.py:545} INFO - Filling up the DagBag from /opt/airflow/dags/data/models/Suriname/TS_model.pkl
[2024-08-17T03:12:18.616+0000] {processor.py:842} WARNING - No viable dags retrieved from /opt/airflow/dags/data/models/Suriname/TS_model.pkl
[2024-08-17T03:12:18.626+0000] {processor.py:183} INFO - Processing /opt/airflow/dags/data/models/Suriname/TS_model.pkl took 0.023 seconds
[2024-08-17T03:12:50.548+0000] {processor.py:161} INFO - Started process (PID=99349) to work on /opt/airflow/dags/data/models/Suriname/TS_model.pkl
[2024-08-17T03:12:50.549+0000] {processor.py:830} INFO - Processing file /opt/airflow/dags/data/models/Suriname/TS_model.pkl for tasks to queue
[2024-08-17T03:12:50.550+0000] {logging_mixin.py:188} INFO - [2024-08-17T03:12:50.549+0000] {dagbag.py:545} INFO - Filling up the DagBag from /opt/airflow/dags/data/models/Suriname/TS_model.pkl
[2024-08-17T03:12:50.561+0000] {processor.py:842} WARNING - No viable dags retrieved from /opt/airflow/dags/data/models/Suriname/TS_model.pkl
[2024-08-17T03:12:50.573+0000] {processor.py:183} INFO - Processing /opt/airflow/dags/data/models/Suriname/TS_model.pkl took 0.029 seconds
[2024-08-17T03:13:21.752+0000] {processor.py:161} INFO - Started process (PID=99767) to work on /opt/airflow/dags/data/models/Suriname/TS_model.pkl
[2024-08-17T03:13:21.753+0000] {processor.py:830} INFO - Processing file /opt/airflow/dags/data/models/Suriname/TS_model.pkl for tasks to queue
[2024-08-17T03:13:21.753+0000] {logging_mixin.py:188} INFO - [2024-08-17T03:13:21.753+0000] {dagbag.py:545} INFO - Filling up the DagBag from /opt/airflow/dags/data/models/Suriname/TS_model.pkl
[2024-08-17T03:13:21.762+0000] {processor.py:842} WARNING - No viable dags retrieved from /opt/airflow/dags/data/models/Suriname/TS_model.pkl
[2024-08-17T03:13:21.772+0000] {processor.py:183} INFO - Processing /opt/airflow/dags/data/models/Suriname/TS_model.pkl took 0.023 seconds
[2024-08-17T03:13:58.045+0000] {processor.py:161} INFO - Started process (PID=467) to work on /opt/airflow/dags/data/models/Suriname/TS_model.pkl
[2024-08-17T03:13:58.046+0000] {processor.py:830} INFO - Processing file /opt/airflow/dags/data/models/Suriname/TS_model.pkl for tasks to queue
[2024-08-17T03:13:58.046+0000] {logging_mixin.py:188} INFO - [2024-08-17T03:13:58.046+0000] {dagbag.py:545} INFO - Filling up the DagBag from /opt/airflow/dags/data/models/Suriname/TS_model.pkl
[2024-08-17T03:13:58.061+0000] {processor.py:842} WARNING - No viable dags retrieved from /opt/airflow/dags/data/models/Suriname/TS_model.pkl
[2024-08-17T03:13:58.073+0000] {processor.py:183} INFO - Processing /opt/airflow/dags/data/models/Suriname/TS_model.pkl took 0.034 seconds
[2024-08-17T03:14:29.070+0000] {processor.py:161} INFO - Started process (PID=919) to work on /opt/airflow/dags/data/models/Suriname/TS_model.pkl
[2024-08-17T03:14:29.071+0000] {processor.py:830} INFO - Processing file /opt/airflow/dags/data/models/Suriname/TS_model.pkl for tasks to queue
[2024-08-17T03:14:29.071+0000] {logging_mixin.py:188} INFO - [2024-08-17T03:14:29.071+0000] {dagbag.py:545} INFO - Filling up the DagBag from /opt/airflow/dags/data/models/Suriname/TS_model.pkl
[2024-08-17T03:14:29.082+0000] {processor.py:842} WARNING - No viable dags retrieved from /opt/airflow/dags/data/models/Suriname/TS_model.pkl
[2024-08-17T03:14:29.092+0000] {processor.py:183} INFO - Processing /opt/airflow/dags/data/models/Suriname/TS_model.pkl took 0.026 seconds
[2024-08-17T03:14:59.662+0000] {processor.py:161} INFO - Started process (PID=1354) to work on /opt/airflow/dags/data/models/Suriname/TS_model.pkl
[2024-08-17T03:14:59.663+0000] {processor.py:830} INFO - Processing file /opt/airflow/dags/data/models/Suriname/TS_model.pkl for tasks to queue
[2024-08-17T03:14:59.663+0000] {logging_mixin.py:188} INFO - [2024-08-17T03:14:59.663+0000] {dagbag.py:545} INFO - Filling up the DagBag from /opt/airflow/dags/data/models/Suriname/TS_model.pkl
[2024-08-17T03:14:59.672+0000] {processor.py:842} WARNING - No viable dags retrieved from /opt/airflow/dags/data/models/Suriname/TS_model.pkl
[2024-08-17T03:14:59.681+0000] {processor.py:183} INFO - Processing /opt/airflow/dags/data/models/Suriname/TS_model.pkl took 0.023 seconds
[2024-08-17T03:15:30.231+0000] {processor.py:161} INFO - Started process (PID=1799) to work on /opt/airflow/dags/data/models/Suriname/TS_model.pkl
[2024-08-17T03:15:30.231+0000] {processor.py:830} INFO - Processing file /opt/airflow/dags/data/models/Suriname/TS_model.pkl for tasks to queue
[2024-08-17T03:15:30.232+0000] {logging_mixin.py:188} INFO - [2024-08-17T03:15:30.231+0000] {dagbag.py:545} INFO - Filling up the DagBag from /opt/airflow/dags/data/models/Suriname/TS_model.pkl
[2024-08-17T03:15:30.240+0000] {processor.py:842} WARNING - No viable dags retrieved from /opt/airflow/dags/data/models/Suriname/TS_model.pkl
[2024-08-17T03:15:30.248+0000] {processor.py:183} INFO - Processing /opt/airflow/dags/data/models/Suriname/TS_model.pkl took 0.021 seconds
[2024-08-17T03:16:01.031+0000] {processor.py:161} INFO - Started process (PID=2252) to work on /opt/airflow/dags/data/models/Suriname/TS_model.pkl
[2024-08-17T03:16:01.031+0000] {processor.py:830} INFO - Processing file /opt/airflow/dags/data/models/Suriname/TS_model.pkl for tasks to queue
[2024-08-17T03:16:01.032+0000] {logging_mixin.py:188} INFO - [2024-08-17T03:16:01.032+0000] {dagbag.py:545} INFO - Filling up the DagBag from /opt/airflow/dags/data/models/Suriname/TS_model.pkl
[2024-08-17T03:16:01.040+0000] {processor.py:842} WARNING - No viable dags retrieved from /opt/airflow/dags/data/models/Suriname/TS_model.pkl
[2024-08-17T03:16:01.050+0000] {processor.py:183} INFO - Processing /opt/airflow/dags/data/models/Suriname/TS_model.pkl took 0.023 seconds
[2024-08-17T03:16:32.022+0000] {processor.py:161} INFO - Started process (PID=2680) to work on /opt/airflow/dags/data/models/Suriname/TS_model.pkl
[2024-08-17T03:16:32.024+0000] {processor.py:830} INFO - Processing file /opt/airflow/dags/data/models/Suriname/TS_model.pkl for tasks to queue
[2024-08-17T03:16:32.025+0000] {logging_mixin.py:188} INFO - [2024-08-17T03:16:32.025+0000] {dagbag.py:545} INFO - Filling up the DagBag from /opt/airflow/dags/data/models/Suriname/TS_model.pkl
[2024-08-17T03:16:32.036+0000] {processor.py:842} WARNING - No viable dags retrieved from /opt/airflow/dags/data/models/Suriname/TS_model.pkl
[2024-08-17T03:16:32.045+0000] {processor.py:183} INFO - Processing /opt/airflow/dags/data/models/Suriname/TS_model.pkl took 0.027 seconds
[2024-08-17T03:17:02.837+0000] {processor.py:161} INFO - Started process (PID=3134) to work on /opt/airflow/dags/data/models/Suriname/TS_model.pkl
[2024-08-17T03:17:02.837+0000] {processor.py:830} INFO - Processing file /opt/airflow/dags/data/models/Suriname/TS_model.pkl for tasks to queue
[2024-08-17T03:17:02.838+0000] {logging_mixin.py:188} INFO - [2024-08-17T03:17:02.838+0000] {dagbag.py:545} INFO - Filling up the DagBag from /opt/airflow/dags/data/models/Suriname/TS_model.pkl
[2024-08-17T03:17:02.846+0000] {processor.py:842} WARNING - No viable dags retrieved from /opt/airflow/dags/data/models/Suriname/TS_model.pkl
[2024-08-17T03:17:02.856+0000] {processor.py:183} INFO - Processing /opt/airflow/dags/data/models/Suriname/TS_model.pkl took 0.023 seconds
[2024-08-17T03:17:33.846+0000] {processor.py:161} INFO - Started process (PID=3569) to work on /opt/airflow/dags/data/models/Suriname/TS_model.pkl
[2024-08-17T03:17:33.848+0000] {processor.py:830} INFO - Processing file /opt/airflow/dags/data/models/Suriname/TS_model.pkl for tasks to queue
[2024-08-17T03:17:33.849+0000] {logging_mixin.py:188} INFO - [2024-08-17T03:17:33.848+0000] {dagbag.py:545} INFO - Filling up the DagBag from /opt/airflow/dags/data/models/Suriname/TS_model.pkl
[2024-08-17T03:17:33.867+0000] {processor.py:842} WARNING - No viable dags retrieved from /opt/airflow/dags/data/models/Suriname/TS_model.pkl
[2024-08-17T03:17:33.878+0000] {processor.py:183} INFO - Processing /opt/airflow/dags/data/models/Suriname/TS_model.pkl took 0.036 seconds
[2024-08-17T03:18:04.447+0000] {processor.py:161} INFO - Started process (PID=4015) to work on /opt/airflow/dags/data/models/Suriname/TS_model.pkl
[2024-08-17T03:18:04.448+0000] {processor.py:830} INFO - Processing file /opt/airflow/dags/data/models/Suriname/TS_model.pkl for tasks to queue
[2024-08-17T03:18:04.448+0000] {logging_mixin.py:188} INFO - [2024-08-17T03:18:04.448+0000] {dagbag.py:545} INFO - Filling up the DagBag from /opt/airflow/dags/data/models/Suriname/TS_model.pkl
[2024-08-17T03:18:04.456+0000] {processor.py:842} WARNING - No viable dags retrieved from /opt/airflow/dags/data/models/Suriname/TS_model.pkl
[2024-08-17T03:18:04.466+0000] {processor.py:183} INFO - Processing /opt/airflow/dags/data/models/Suriname/TS_model.pkl took 0.022 seconds
[2024-08-17T03:18:35.210+0000] {processor.py:161} INFO - Started process (PID=4450) to work on /opt/airflow/dags/data/models/Suriname/TS_model.pkl
[2024-08-17T03:18:35.210+0000] {processor.py:830} INFO - Processing file /opt/airflow/dags/data/models/Suriname/TS_model.pkl for tasks to queue
[2024-08-17T03:18:35.211+0000] {logging_mixin.py:188} INFO - [2024-08-17T03:18:35.211+0000] {dagbag.py:545} INFO - Filling up the DagBag from /opt/airflow/dags/data/models/Suriname/TS_model.pkl
[2024-08-17T03:18:35.219+0000] {processor.py:842} WARNING - No viable dags retrieved from /opt/airflow/dags/data/models/Suriname/TS_model.pkl
[2024-08-17T03:18:35.228+0000] {processor.py:183} INFO - Processing /opt/airflow/dags/data/models/Suriname/TS_model.pkl took 0.022 seconds
[2024-08-17T03:19:05.916+0000] {processor.py:161} INFO - Started process (PID=4875) to work on /opt/airflow/dags/data/models/Suriname/TS_model.pkl
[2024-08-17T03:19:05.917+0000] {processor.py:830} INFO - Processing file /opt/airflow/dags/data/models/Suriname/TS_model.pkl for tasks to queue
[2024-08-17T03:19:05.918+0000] {logging_mixin.py:188} INFO - [2024-08-17T03:19:05.917+0000] {dagbag.py:545} INFO - Filling up the DagBag from /opt/airflow/dags/data/models/Suriname/TS_model.pkl
[2024-08-17T03:19:05.928+0000] {processor.py:842} WARNING - No viable dags retrieved from /opt/airflow/dags/data/models/Suriname/TS_model.pkl
[2024-08-17T03:19:05.937+0000] {processor.py:183} INFO - Processing /opt/airflow/dags/data/models/Suriname/TS_model.pkl took 0.025 seconds
[2024-08-17T03:19:36.761+0000] {processor.py:161} INFO - Started process (PID=5329) to work on /opt/airflow/dags/data/models/Suriname/TS_model.pkl
[2024-08-17T03:19:36.762+0000] {processor.py:830} INFO - Processing file /opt/airflow/dags/data/models/Suriname/TS_model.pkl for tasks to queue
[2024-08-17T03:19:36.762+0000] {logging_mixin.py:188} INFO - [2024-08-17T03:19:36.762+0000] {dagbag.py:545} INFO - Filling up the DagBag from /opt/airflow/dags/data/models/Suriname/TS_model.pkl
[2024-08-17T03:19:36.770+0000] {processor.py:842} WARNING - No viable dags retrieved from /opt/airflow/dags/data/models/Suriname/TS_model.pkl
[2024-08-17T03:19:36.780+0000] {processor.py:183} INFO - Processing /opt/airflow/dags/data/models/Suriname/TS_model.pkl took 0.023 seconds
[2024-08-17T03:20:07.299+0000] {processor.py:161} INFO - Started process (PID=5743) to work on /opt/airflow/dags/data/models/Suriname/TS_model.pkl
[2024-08-17T03:20:07.302+0000] {processor.py:830} INFO - Processing file /opt/airflow/dags/data/models/Suriname/TS_model.pkl for tasks to queue
[2024-08-17T03:20:07.302+0000] {logging_mixin.py:188} INFO - [2024-08-17T03:20:07.302+0000] {dagbag.py:545} INFO - Filling up the DagBag from /opt/airflow/dags/data/models/Suriname/TS_model.pkl
[2024-08-17T03:20:07.324+0000] {processor.py:842} WARNING - No viable dags retrieved from /opt/airflow/dags/data/models/Suriname/TS_model.pkl
[2024-08-17T03:20:07.334+0000] {processor.py:183} INFO - Processing /opt/airflow/dags/data/models/Suriname/TS_model.pkl took 0.039 seconds
[2024-08-17T03:20:37.858+0000] {processor.py:161} INFO - Started process (PID=6190) to work on /opt/airflow/dags/data/models/Suriname/TS_model.pkl
[2024-08-17T03:20:37.858+0000] {processor.py:830} INFO - Processing file /opt/airflow/dags/data/models/Suriname/TS_model.pkl for tasks to queue
[2024-08-17T03:20:37.859+0000] {logging_mixin.py:188} INFO - [2024-08-17T03:20:37.859+0000] {dagbag.py:545} INFO - Filling up the DagBag from /opt/airflow/dags/data/models/Suriname/TS_model.pkl
[2024-08-17T03:20:37.866+0000] {processor.py:842} WARNING - No viable dags retrieved from /opt/airflow/dags/data/models/Suriname/TS_model.pkl
[2024-08-17T03:20:37.876+0000] {processor.py:183} INFO - Processing /opt/airflow/dags/data/models/Suriname/TS_model.pkl took 0.022 seconds
[2024-08-17T03:21:08.350+0000] {processor.py:161} INFO - Started process (PID=6642) to work on /opt/airflow/dags/data/models/Suriname/TS_model.pkl
[2024-08-17T03:21:08.352+0000] {processor.py:830} INFO - Processing file /opt/airflow/dags/data/models/Suriname/TS_model.pkl for tasks to queue
[2024-08-17T03:21:08.352+0000] {logging_mixin.py:188} INFO - [2024-08-17T03:21:08.352+0000] {dagbag.py:545} INFO - Filling up the DagBag from /opt/airflow/dags/data/models/Suriname/TS_model.pkl
[2024-08-17T03:21:08.362+0000] {processor.py:842} WARNING - No viable dags retrieved from /opt/airflow/dags/data/models/Suriname/TS_model.pkl
[2024-08-17T03:21:08.372+0000] {processor.py:183} INFO - Processing /opt/airflow/dags/data/models/Suriname/TS_model.pkl took 0.026 seconds
[2024-08-17T03:21:39.087+0000] {processor.py:161} INFO - Started process (PID=7070) to work on /opt/airflow/dags/data/models/Suriname/TS_model.pkl
[2024-08-17T03:21:39.087+0000] {processor.py:830} INFO - Processing file /opt/airflow/dags/data/models/Suriname/TS_model.pkl for tasks to queue
[2024-08-17T03:21:39.088+0000] {logging_mixin.py:188} INFO - [2024-08-17T03:21:39.088+0000] {dagbag.py:545} INFO - Filling up the DagBag from /opt/airflow/dags/data/models/Suriname/TS_model.pkl
[2024-08-17T03:21:39.094+0000] {processor.py:842} WARNING - No viable dags retrieved from /opt/airflow/dags/data/models/Suriname/TS_model.pkl
[2024-08-17T03:21:39.106+0000] {processor.py:183} INFO - Processing /opt/airflow/dags/data/models/Suriname/TS_model.pkl took 0.024 seconds
[2024-08-17T03:22:10.127+0000] {processor.py:161} INFO - Started process (PID=7523) to work on /opt/airflow/dags/data/models/Suriname/TS_model.pkl
[2024-08-17T03:22:10.128+0000] {processor.py:830} INFO - Processing file /opt/airflow/dags/data/models/Suriname/TS_model.pkl for tasks to queue
[2024-08-17T03:22:10.128+0000] {logging_mixin.py:188} INFO - [2024-08-17T03:22:10.128+0000] {dagbag.py:545} INFO - Filling up the DagBag from /opt/airflow/dags/data/models/Suriname/TS_model.pkl
[2024-08-17T03:22:10.138+0000] {processor.py:842} WARNING - No viable dags retrieved from /opt/airflow/dags/data/models/Suriname/TS_model.pkl
[2024-08-17T03:22:10.148+0000] {processor.py:183} INFO - Processing /opt/airflow/dags/data/models/Suriname/TS_model.pkl took 0.024 seconds
[2024-08-17T03:22:41.030+0000] {processor.py:161} INFO - Started process (PID=7958) to work on /opt/airflow/dags/data/models/Suriname/TS_model.pkl
[2024-08-17T03:22:41.030+0000] {processor.py:830} INFO - Processing file /opt/airflow/dags/data/models/Suriname/TS_model.pkl for tasks to queue
[2024-08-17T03:22:41.031+0000] {logging_mixin.py:188} INFO - [2024-08-17T03:22:41.031+0000] {dagbag.py:545} INFO - Filling up the DagBag from /opt/airflow/dags/data/models/Suriname/TS_model.pkl
[2024-08-17T03:22:41.039+0000] {processor.py:842} WARNING - No viable dags retrieved from /opt/airflow/dags/data/models/Suriname/TS_model.pkl
[2024-08-17T03:22:41.049+0000] {processor.py:183} INFO - Processing /opt/airflow/dags/data/models/Suriname/TS_model.pkl took 0.023 seconds
[2024-08-17T03:23:11.772+0000] {processor.py:161} INFO - Started process (PID=8398) to work on /opt/airflow/dags/data/models/Suriname/TS_model.pkl
[2024-08-17T03:23:11.772+0000] {processor.py:830} INFO - Processing file /opt/airflow/dags/data/models/Suriname/TS_model.pkl for tasks to queue
[2024-08-17T03:23:11.773+0000] {logging_mixin.py:188} INFO - [2024-08-17T03:23:11.773+0000] {dagbag.py:545} INFO - Filling up the DagBag from /opt/airflow/dags/data/models/Suriname/TS_model.pkl
[2024-08-17T03:23:11.784+0000] {processor.py:842} WARNING - No viable dags retrieved from /opt/airflow/dags/data/models/Suriname/TS_model.pkl
[2024-08-17T03:23:11.793+0000] {processor.py:183} INFO - Processing /opt/airflow/dags/data/models/Suriname/TS_model.pkl took 0.025 seconds
[2024-08-17T03:23:42.602+0000] {processor.py:161} INFO - Started process (PID=8831) to work on /opt/airflow/dags/data/models/Suriname/TS_model.pkl
[2024-08-17T03:23:42.603+0000] {processor.py:830} INFO - Processing file /opt/airflow/dags/data/models/Suriname/TS_model.pkl for tasks to queue
[2024-08-17T03:23:42.603+0000] {logging_mixin.py:188} INFO - [2024-08-17T03:23:42.603+0000] {dagbag.py:545} INFO - Filling up the DagBag from /opt/airflow/dags/data/models/Suriname/TS_model.pkl
[2024-08-17T03:23:42.613+0000] {processor.py:842} WARNING - No viable dags retrieved from /opt/airflow/dags/data/models/Suriname/TS_model.pkl
[2024-08-17T03:23:42.623+0000] {processor.py:183} INFO - Processing /opt/airflow/dags/data/models/Suriname/TS_model.pkl took 0.025 seconds
[2024-08-17T03:24:13.136+0000] {processor.py:161} INFO - Started process (PID=9259) to work on /opt/airflow/dags/data/models/Suriname/TS_model.pkl
[2024-08-17T03:24:13.137+0000] {processor.py:830} INFO - Processing file /opt/airflow/dags/data/models/Suriname/TS_model.pkl for tasks to queue
[2024-08-17T03:24:13.137+0000] {logging_mixin.py:188} INFO - [2024-08-17T03:24:13.137+0000] {dagbag.py:545} INFO - Filling up the DagBag from /opt/airflow/dags/data/models/Suriname/TS_model.pkl
[2024-08-17T03:24:13.146+0000] {processor.py:842} WARNING - No viable dags retrieved from /opt/airflow/dags/data/models/Suriname/TS_model.pkl
[2024-08-17T03:24:13.154+0000] {processor.py:183} INFO - Processing /opt/airflow/dags/data/models/Suriname/TS_model.pkl took 0.022 seconds
[2024-08-17T03:24:44.494+0000] {processor.py:161} INFO - Started process (PID=9710) to work on /opt/airflow/dags/data/models/Suriname/TS_model.pkl
[2024-08-17T03:24:44.495+0000] {processor.py:830} INFO - Processing file /opt/airflow/dags/data/models/Suriname/TS_model.pkl for tasks to queue
[2024-08-17T03:24:44.495+0000] {logging_mixin.py:188} INFO - [2024-08-17T03:24:44.495+0000] {dagbag.py:545} INFO - Filling up the DagBag from /opt/airflow/dags/data/models/Suriname/TS_model.pkl
[2024-08-17T03:24:44.503+0000] {processor.py:842} WARNING - No viable dags retrieved from /opt/airflow/dags/data/models/Suriname/TS_model.pkl
[2024-08-17T03:24:44.513+0000] {processor.py:183} INFO - Processing /opt/airflow/dags/data/models/Suriname/TS_model.pkl took 0.023 seconds
[2024-08-17T03:25:15.221+0000] {processor.py:161} INFO - Started process (PID=10136) to work on /opt/airflow/dags/data/models/Suriname/TS_model.pkl
[2024-08-17T03:25:15.222+0000] {processor.py:830} INFO - Processing file /opt/airflow/dags/data/models/Suriname/TS_model.pkl for tasks to queue
[2024-08-17T03:25:15.222+0000] {logging_mixin.py:188} INFO - [2024-08-17T03:25:15.222+0000] {dagbag.py:545} INFO - Filling up the DagBag from /opt/airflow/dags/data/models/Suriname/TS_model.pkl
[2024-08-17T03:25:15.233+0000] {processor.py:842} WARNING - No viable dags retrieved from /opt/airflow/dags/data/models/Suriname/TS_model.pkl
[2024-08-17T03:25:15.244+0000] {processor.py:183} INFO - Processing /opt/airflow/dags/data/models/Suriname/TS_model.pkl took 0.028 seconds
[2024-08-17T03:25:45.926+0000] {processor.py:161} INFO - Started process (PID=10563) to work on /opt/airflow/dags/data/models/Suriname/TS_model.pkl
[2024-08-17T03:25:45.927+0000] {processor.py:830} INFO - Processing file /opt/airflow/dags/data/models/Suriname/TS_model.pkl for tasks to queue
[2024-08-17T03:25:45.928+0000] {logging_mixin.py:188} INFO - [2024-08-17T03:25:45.928+0000] {dagbag.py:545} INFO - Filling up the DagBag from /opt/airflow/dags/data/models/Suriname/TS_model.pkl
[2024-08-17T03:25:45.962+0000] {processor.py:842} WARNING - No viable dags retrieved from /opt/airflow/dags/data/models/Suriname/TS_model.pkl
[2024-08-17T03:25:45.972+0000] {processor.py:183} INFO - Processing /opt/airflow/dags/data/models/Suriname/TS_model.pkl took 0.050 seconds
[2024-08-17T03:26:17.416+0000] {processor.py:161} INFO - Started process (PID=11017) to work on /opt/airflow/dags/data/models/Suriname/TS_model.pkl
[2024-08-17T03:26:17.417+0000] {processor.py:830} INFO - Processing file /opt/airflow/dags/data/models/Suriname/TS_model.pkl for tasks to queue
[2024-08-17T03:26:17.417+0000] {logging_mixin.py:188} INFO - [2024-08-17T03:26:17.417+0000] {dagbag.py:545} INFO - Filling up the DagBag from /opt/airflow/dags/data/models/Suriname/TS_model.pkl
[2024-08-17T03:26:17.425+0000] {processor.py:842} WARNING - No viable dags retrieved from /opt/airflow/dags/data/models/Suriname/TS_model.pkl
[2024-08-17T03:26:17.435+0000] {processor.py:183} INFO - Processing /opt/airflow/dags/data/models/Suriname/TS_model.pkl took 0.023 seconds
[2024-08-17T03:26:47.997+0000] {processor.py:161} INFO - Started process (PID=11431) to work on /opt/airflow/dags/data/models/Suriname/TS_model.pkl
[2024-08-17T03:26:47.998+0000] {processor.py:830} INFO - Processing file /opt/airflow/dags/data/models/Suriname/TS_model.pkl for tasks to queue
[2024-08-17T03:26:47.998+0000] {logging_mixin.py:188} INFO - [2024-08-17T03:26:47.998+0000] {dagbag.py:545} INFO - Filling up the DagBag from /opt/airflow/dags/data/models/Suriname/TS_model.pkl
[2024-08-17T03:26:48.005+0000] {processor.py:842} WARNING - No viable dags retrieved from /opt/airflow/dags/data/models/Suriname/TS_model.pkl
[2024-08-17T03:26:48.014+0000] {processor.py:183} INFO - Processing /opt/airflow/dags/data/models/Suriname/TS_model.pkl took 0.021 seconds
[2024-08-17T03:27:18.745+0000] {processor.py:161} INFO - Started process (PID=11878) to work on /opt/airflow/dags/data/models/Suriname/TS_model.pkl
[2024-08-17T03:27:18.745+0000] {processor.py:830} INFO - Processing file /opt/airflow/dags/data/models/Suriname/TS_model.pkl for tasks to queue
[2024-08-17T03:27:18.746+0000] {logging_mixin.py:188} INFO - [2024-08-17T03:27:18.746+0000] {dagbag.py:545} INFO - Filling up the DagBag from /opt/airflow/dags/data/models/Suriname/TS_model.pkl
[2024-08-17T03:27:18.753+0000] {processor.py:842} WARNING - No viable dags retrieved from /opt/airflow/dags/data/models/Suriname/TS_model.pkl
[2024-08-17T03:27:18.763+0000] {processor.py:183} INFO - Processing /opt/airflow/dags/data/models/Suriname/TS_model.pkl took 0.023 seconds
[2024-08-17T03:27:49.401+0000] {processor.py:161} INFO - Started process (PID=12331) to work on /opt/airflow/dags/data/models/Suriname/TS_model.pkl
[2024-08-17T03:27:49.402+0000] {processor.py:830} INFO - Processing file /opt/airflow/dags/data/models/Suriname/TS_model.pkl for tasks to queue
[2024-08-17T03:27:49.402+0000] {logging_mixin.py:188} INFO - [2024-08-17T03:27:49.402+0000] {dagbag.py:545} INFO - Filling up the DagBag from /opt/airflow/dags/data/models/Suriname/TS_model.pkl
[2024-08-17T03:27:49.413+0000] {processor.py:842} WARNING - No viable dags retrieved from /opt/airflow/dags/data/models/Suriname/TS_model.pkl
[2024-08-17T03:27:49.422+0000] {processor.py:183} INFO - Processing /opt/airflow/dags/data/models/Suriname/TS_model.pkl took 0.024 seconds
[2024-08-17T03:28:20.015+0000] {processor.py:161} INFO - Started process (PID=12753) to work on /opt/airflow/dags/data/models/Suriname/TS_model.pkl
[2024-08-17T03:28:20.015+0000] {processor.py:830} INFO - Processing file /opt/airflow/dags/data/models/Suriname/TS_model.pkl for tasks to queue
[2024-08-17T03:28:20.016+0000] {logging_mixin.py:188} INFO - [2024-08-17T03:28:20.016+0000] {dagbag.py:545} INFO - Filling up the DagBag from /opt/airflow/dags/data/models/Suriname/TS_model.pkl
[2024-08-17T03:28:20.025+0000] {processor.py:842} WARNING - No viable dags retrieved from /opt/airflow/dags/data/models/Suriname/TS_model.pkl
[2024-08-17T03:28:20.034+0000] {processor.py:183} INFO - Processing /opt/airflow/dags/data/models/Suriname/TS_model.pkl took 0.023 seconds
[2024-08-17T03:28:56.392+0000] {processor.py:161} INFO - Started process (PID=13195) to work on /opt/airflow/dags/data/models/Suriname/TS_model.pkl
[2024-08-17T03:28:56.393+0000] {processor.py:830} INFO - Processing file /opt/airflow/dags/data/models/Suriname/TS_model.pkl for tasks to queue
[2024-08-17T03:28:56.394+0000] {logging_mixin.py:188} INFO - [2024-08-17T03:28:56.393+0000] {dagbag.py:545} INFO - Filling up the DagBag from /opt/airflow/dags/data/models/Suriname/TS_model.pkl
[2024-08-17T03:28:56.403+0000] {processor.py:842} WARNING - No viable dags retrieved from /opt/airflow/dags/data/models/Suriname/TS_model.pkl
[2024-08-17T03:28:56.413+0000] {processor.py:183} INFO - Processing /opt/airflow/dags/data/models/Suriname/TS_model.pkl took 0.025 seconds
[2024-08-17T03:29:27.097+0000] {processor.py:161} INFO - Started process (PID=13648) to work on /opt/airflow/dags/data/models/Suriname/TS_model.pkl
[2024-08-17T03:29:27.097+0000] {processor.py:830} INFO - Processing file /opt/airflow/dags/data/models/Suriname/TS_model.pkl for tasks to queue
[2024-08-17T03:29:27.098+0000] {logging_mixin.py:188} INFO - [2024-08-17T03:29:27.098+0000] {dagbag.py:545} INFO - Filling up the DagBag from /opt/airflow/dags/data/models/Suriname/TS_model.pkl
[2024-08-17T03:29:27.108+0000] {processor.py:842} WARNING - No viable dags retrieved from /opt/airflow/dags/data/models/Suriname/TS_model.pkl
[2024-08-17T03:29:27.117+0000] {processor.py:183} INFO - Processing /opt/airflow/dags/data/models/Suriname/TS_model.pkl took 0.023 seconds
[2024-08-17T03:29:58.231+0000] {processor.py:161} INFO - Started process (PID=14102) to work on /opt/airflow/dags/data/models/Suriname/TS_model.pkl
[2024-08-17T03:29:58.232+0000] {processor.py:830} INFO - Processing file /opt/airflow/dags/data/models/Suriname/TS_model.pkl for tasks to queue
[2024-08-17T03:29:58.232+0000] {logging_mixin.py:188} INFO - [2024-08-17T03:29:58.232+0000] {dagbag.py:545} INFO - Filling up the DagBag from /opt/airflow/dags/data/models/Suriname/TS_model.pkl
[2024-08-17T03:29:58.244+0000] {processor.py:842} WARNING - No viable dags retrieved from /opt/airflow/dags/data/models/Suriname/TS_model.pkl
[2024-08-17T03:29:58.257+0000] {processor.py:183} INFO - Processing /opt/airflow/dags/data/models/Suriname/TS_model.pkl took 0.030 seconds
[2024-08-17T03:30:28.839+0000] {processor.py:161} INFO - Started process (PID=14530) to work on /opt/airflow/dags/data/models/Suriname/TS_model.pkl
[2024-08-17T03:30:28.840+0000] {processor.py:830} INFO - Processing file /opt/airflow/dags/data/models/Suriname/TS_model.pkl for tasks to queue
[2024-08-17T03:30:28.840+0000] {logging_mixin.py:188} INFO - [2024-08-17T03:30:28.840+0000] {dagbag.py:545} INFO - Filling up the DagBag from /opt/airflow/dags/data/models/Suriname/TS_model.pkl
[2024-08-17T03:30:28.856+0000] {processor.py:842} WARNING - No viable dags retrieved from /opt/airflow/dags/data/models/Suriname/TS_model.pkl
[2024-08-17T03:30:28.867+0000] {processor.py:183} INFO - Processing /opt/airflow/dags/data/models/Suriname/TS_model.pkl took 0.032 seconds
[2024-08-17T03:30:59.639+0000] {processor.py:161} INFO - Started process (PID=14984) to work on /opt/airflow/dags/data/models/Suriname/TS_model.pkl
[2024-08-17T03:30:59.640+0000] {processor.py:830} INFO - Processing file /opt/airflow/dags/data/models/Suriname/TS_model.pkl for tasks to queue
[2024-08-17T03:30:59.640+0000] {logging_mixin.py:188} INFO - [2024-08-17T03:30:59.640+0000] {dagbag.py:545} INFO - Filling up the DagBag from /opt/airflow/dags/data/models/Suriname/TS_model.pkl
[2024-08-17T03:30:59.649+0000] {processor.py:842} WARNING - No viable dags retrieved from /opt/airflow/dags/data/models/Suriname/TS_model.pkl
[2024-08-17T03:30:59.659+0000] {processor.py:183} INFO - Processing /opt/airflow/dags/data/models/Suriname/TS_model.pkl took 0.024 seconds
[2024-08-17T03:31:30.296+0000] {processor.py:161} INFO - Started process (PID=15420) to work on /opt/airflow/dags/data/models/Suriname/TS_model.pkl
[2024-08-17T03:31:30.297+0000] {processor.py:830} INFO - Processing file /opt/airflow/dags/data/models/Suriname/TS_model.pkl for tasks to queue
[2024-08-17T03:31:30.298+0000] {logging_mixin.py:188} INFO - [2024-08-17T03:31:30.297+0000] {dagbag.py:545} INFO - Filling up the DagBag from /opt/airflow/dags/data/models/Suriname/TS_model.pkl
[2024-08-17T03:31:30.305+0000] {processor.py:842} WARNING - No viable dags retrieved from /opt/airflow/dags/data/models/Suriname/TS_model.pkl
[2024-08-17T03:31:30.314+0000] {processor.py:183} INFO - Processing /opt/airflow/dags/data/models/Suriname/TS_model.pkl took 0.022 seconds
[2024-08-17T03:32:01.105+0000] {processor.py:161} INFO - Started process (PID=15867) to work on /opt/airflow/dags/data/models/Suriname/TS_model.pkl
[2024-08-17T03:32:01.105+0000] {processor.py:830} INFO - Processing file /opt/airflow/dags/data/models/Suriname/TS_model.pkl for tasks to queue
[2024-08-17T03:32:01.106+0000] {logging_mixin.py:188} INFO - [2024-08-17T03:32:01.106+0000] {dagbag.py:545} INFO - Filling up the DagBag from /opt/airflow/dags/data/models/Suriname/TS_model.pkl
[2024-08-17T03:32:01.114+0000] {processor.py:842} WARNING - No viable dags retrieved from /opt/airflow/dags/data/models/Suriname/TS_model.pkl
[2024-08-17T03:32:01.124+0000] {processor.py:183} INFO - Processing /opt/airflow/dags/data/models/Suriname/TS_model.pkl took 0.022 seconds
[2024-08-17T03:32:31.659+0000] {processor.py:161} INFO - Started process (PID=16320) to work on /opt/airflow/dags/data/models/Suriname/TS_model.pkl
[2024-08-17T03:32:31.660+0000] {processor.py:830} INFO - Processing file /opt/airflow/dags/data/models/Suriname/TS_model.pkl for tasks to queue
[2024-08-17T03:32:31.660+0000] {logging_mixin.py:188} INFO - [2024-08-17T03:32:31.660+0000] {dagbag.py:545} INFO - Filling up the DagBag from /opt/airflow/dags/data/models/Suriname/TS_model.pkl
[2024-08-17T03:32:31.668+0000] {processor.py:842} WARNING - No viable dags retrieved from /opt/airflow/dags/data/models/Suriname/TS_model.pkl
[2024-08-17T03:32:31.678+0000] {processor.py:183} INFO - Processing /opt/airflow/dags/data/models/Suriname/TS_model.pkl took 0.022 seconds
[2024-08-17T03:33:03.415+0000] {processor.py:161} INFO - Started process (PID=16729) to work on /opt/airflow/dags/data/models/Suriname/TS_model.pkl
[2024-08-17T03:33:03.423+0000] {processor.py:830} INFO - Processing file /opt/airflow/dags/data/models/Suriname/TS_model.pkl for tasks to queue
[2024-08-17T03:33:03.424+0000] {logging_mixin.py:188} INFO - [2024-08-17T03:33:03.423+0000] {dagbag.py:545} INFO - Filling up the DagBag from /opt/airflow/dags/data/models/Suriname/TS_model.pkl
[2024-08-17T03:33:03.432+0000] {processor.py:842} WARNING - No viable dags retrieved from /opt/airflow/dags/data/models/Suriname/TS_model.pkl
[2024-08-17T03:33:03.441+0000] {processor.py:183} INFO - Processing /opt/airflow/dags/data/models/Suriname/TS_model.pkl took 0.029 seconds
[2024-08-17T03:33:34.429+0000] {processor.py:161} INFO - Started process (PID=17181) to work on /opt/airflow/dags/data/models/Suriname/TS_model.pkl
[2024-08-17T03:33:34.430+0000] {processor.py:830} INFO - Processing file /opt/airflow/dags/data/models/Suriname/TS_model.pkl for tasks to queue
[2024-08-17T03:33:34.430+0000] {logging_mixin.py:188} INFO - [2024-08-17T03:33:34.430+0000] {dagbag.py:545} INFO - Filling up the DagBag from /opt/airflow/dags/data/models/Suriname/TS_model.pkl
[2024-08-17T03:33:34.439+0000] {processor.py:842} WARNING - No viable dags retrieved from /opt/airflow/dags/data/models/Suriname/TS_model.pkl
[2024-08-17T03:33:34.448+0000] {processor.py:183} INFO - Processing /opt/airflow/dags/data/models/Suriname/TS_model.pkl took 0.022 seconds
[2024-08-17T03:34:05.943+0000] {processor.py:161} INFO - Started process (PID=17635) to work on /opt/airflow/dags/data/models/Suriname/TS_model.pkl
[2024-08-17T03:34:05.944+0000] {processor.py:830} INFO - Processing file /opt/airflow/dags/data/models/Suriname/TS_model.pkl for tasks to queue
[2024-08-17T03:34:05.945+0000] {logging_mixin.py:188} INFO - [2024-08-17T03:34:05.945+0000] {dagbag.py:545} INFO - Filling up the DagBag from /opt/airflow/dags/data/models/Suriname/TS_model.pkl
[2024-08-17T03:34:05.955+0000] {processor.py:842} WARNING - No viable dags retrieved from /opt/airflow/dags/data/models/Suriname/TS_model.pkl
[2024-08-17T03:34:05.966+0000] {processor.py:183} INFO - Processing /opt/airflow/dags/data/models/Suriname/TS_model.pkl took 0.028 seconds
[2024-08-17T03:34:36.528+0000] {processor.py:161} INFO - Started process (PID=18021) to work on /opt/airflow/dags/data/models/Suriname/TS_model.pkl
[2024-08-17T03:34:36.528+0000] {processor.py:830} INFO - Processing file /opt/airflow/dags/data/models/Suriname/TS_model.pkl for tasks to queue
[2024-08-17T03:34:36.529+0000] {logging_mixin.py:188} INFO - [2024-08-17T03:34:36.528+0000] {dagbag.py:545} INFO - Filling up the DagBag from /opt/airflow/dags/data/models/Suriname/TS_model.pkl
[2024-08-17T03:34:36.540+0000] {processor.py:842} WARNING - No viable dags retrieved from /opt/airflow/dags/data/models/Suriname/TS_model.pkl
[2024-08-17T03:34:36.549+0000] {processor.py:183} INFO - Processing /opt/airflow/dags/data/models/Suriname/TS_model.pkl took 0.025 seconds
[2024-08-17T03:35:07.447+0000] {processor.py:161} INFO - Started process (PID=18475) to work on /opt/airflow/dags/data/models/Suriname/TS_model.pkl
[2024-08-17T03:35:07.447+0000] {processor.py:830} INFO - Processing file /opt/airflow/dags/data/models/Suriname/TS_model.pkl for tasks to queue
[2024-08-17T03:35:07.448+0000] {logging_mixin.py:188} INFO - [2024-08-17T03:35:07.448+0000] {dagbag.py:545} INFO - Filling up the DagBag from /opt/airflow/dags/data/models/Suriname/TS_model.pkl
[2024-08-17T03:35:07.459+0000] {processor.py:842} WARNING - No viable dags retrieved from /opt/airflow/dags/data/models/Suriname/TS_model.pkl
[2024-08-17T03:35:07.468+0000] {processor.py:183} INFO - Processing /opt/airflow/dags/data/models/Suriname/TS_model.pkl took 0.024 seconds
[2024-08-17T03:35:38.788+0000] {processor.py:161} INFO - Started process (PID=18929) to work on /opt/airflow/dags/data/models/Suriname/TS_model.pkl
[2024-08-17T03:35:38.788+0000] {processor.py:830} INFO - Processing file /opt/airflow/dags/data/models/Suriname/TS_model.pkl for tasks to queue
[2024-08-17T03:35:38.789+0000] {logging_mixin.py:188} INFO - [2024-08-17T03:35:38.789+0000] {dagbag.py:545} INFO - Filling up the DagBag from /opt/airflow/dags/data/models/Suriname/TS_model.pkl
[2024-08-17T03:35:38.799+0000] {processor.py:842} WARNING - No viable dags retrieved from /opt/airflow/dags/data/models/Suriname/TS_model.pkl
[2024-08-17T03:35:38.807+0000] {processor.py:183} INFO - Processing /opt/airflow/dags/data/models/Suriname/TS_model.pkl took 0.023 seconds
[2024-08-17T03:36:09.691+0000] {processor.py:161} INFO - Started process (PID=19357) to work on /opt/airflow/dags/data/models/Suriname/TS_model.pkl
[2024-08-17T03:36:09.691+0000] {processor.py:830} INFO - Processing file /opt/airflow/dags/data/models/Suriname/TS_model.pkl for tasks to queue
[2024-08-17T03:36:09.692+0000] {logging_mixin.py:188} INFO - [2024-08-17T03:36:09.692+0000] {dagbag.py:545} INFO - Filling up the DagBag from /opt/airflow/dags/data/models/Suriname/TS_model.pkl
[2024-08-17T03:36:09.702+0000] {processor.py:842} WARNING - No viable dags retrieved from /opt/airflow/dags/data/models/Suriname/TS_model.pkl
[2024-08-17T03:36:09.711+0000] {processor.py:183} INFO - Processing /opt/airflow/dags/data/models/Suriname/TS_model.pkl took 0.023 seconds
[2024-08-17T03:36:40.702+0000] {processor.py:161} INFO - Started process (PID=19811) to work on /opt/airflow/dags/data/models/Suriname/TS_model.pkl
[2024-08-17T03:36:40.703+0000] {processor.py:830} INFO - Processing file /opt/airflow/dags/data/models/Suriname/TS_model.pkl for tasks to queue
[2024-08-17T03:36:40.703+0000] {logging_mixin.py:188} INFO - [2024-08-17T03:36:40.703+0000] {dagbag.py:545} INFO - Filling up the DagBag from /opt/airflow/dags/data/models/Suriname/TS_model.pkl
[2024-08-17T03:36:40.712+0000] {processor.py:842} WARNING - No viable dags retrieved from /opt/airflow/dags/data/models/Suriname/TS_model.pkl
[2024-08-17T03:36:40.721+0000] {processor.py:183} INFO - Processing /opt/airflow/dags/data/models/Suriname/TS_model.pkl took 0.022 seconds
[2024-08-17T03:37:11.649+0000] {processor.py:161} INFO - Started process (PID=20246) to work on /opt/airflow/dags/data/models/Suriname/TS_model.pkl
[2024-08-17T03:37:11.650+0000] {processor.py:830} INFO - Processing file /opt/airflow/dags/data/models/Suriname/TS_model.pkl for tasks to queue
[2024-08-17T03:37:11.650+0000] {logging_mixin.py:188} INFO - [2024-08-17T03:37:11.650+0000] {dagbag.py:545} INFO - Filling up the DagBag from /opt/airflow/dags/data/models/Suriname/TS_model.pkl
[2024-08-17T03:37:11.667+0000] {processor.py:842} WARNING - No viable dags retrieved from /opt/airflow/dags/data/models/Suriname/TS_model.pkl
[2024-08-17T03:37:11.676+0000] {processor.py:183} INFO - Processing /opt/airflow/dags/data/models/Suriname/TS_model.pkl took 0.030 seconds
[2024-08-17T03:37:42.384+0000] {processor.py:161} INFO - Started process (PID=20693) to work on /opt/airflow/dags/data/models/Suriname/TS_model.pkl
[2024-08-17T03:37:42.384+0000] {processor.py:830} INFO - Processing file /opt/airflow/dags/data/models/Suriname/TS_model.pkl for tasks to queue
[2024-08-17T03:37:42.385+0000] {logging_mixin.py:188} INFO - [2024-08-17T03:37:42.384+0000] {dagbag.py:545} INFO - Filling up the DagBag from /opt/airflow/dags/data/models/Suriname/TS_model.pkl
[2024-08-17T03:37:42.393+0000] {processor.py:842} WARNING - No viable dags retrieved from /opt/airflow/dags/data/models/Suriname/TS_model.pkl
[2024-08-17T03:37:42.402+0000] {processor.py:183} INFO - Processing /opt/airflow/dags/data/models/Suriname/TS_model.pkl took 0.022 seconds
[2024-08-17T09:22:47.815+0000] {processor.py:161} INFO - Started process (PID=170) to work on /opt/airflow/dags/data/models/Suriname/TS_model.pkl
[2024-08-17T09:22:47.816+0000] {processor.py:830} INFO - Processing file /opt/airflow/dags/data/models/Suriname/TS_model.pkl for tasks to queue
[2024-08-17T09:22:47.817+0000] {logging_mixin.py:188} INFO - [2024-08-17T09:22:47.817+0000] {dagbag.py:545} INFO - Filling up the DagBag from /opt/airflow/dags/data/models/Suriname/TS_model.pkl
[2024-08-17T09:22:47.826+0000] {processor.py:842} WARNING - No viable dags retrieved from /opt/airflow/dags/data/models/Suriname/TS_model.pkl
[2024-08-17T09:22:47.834+0000] {processor.py:183} INFO - Processing /opt/airflow/dags/data/models/Suriname/TS_model.pkl took 0.022 seconds
[2024-08-17T09:23:20.426+0000] {processor.py:161} INFO - Started process (PID=626) to work on /opt/airflow/dags/data/models/Suriname/TS_model.pkl
[2024-08-17T09:23:20.427+0000] {processor.py:830} INFO - Processing file /opt/airflow/dags/data/models/Suriname/TS_model.pkl for tasks to queue
[2024-08-17T09:23:20.429+0000] {logging_mixin.py:188} INFO - [2024-08-17T09:23:20.428+0000] {dagbag.py:545} INFO - Filling up the DagBag from /opt/airflow/dags/data/models/Suriname/TS_model.pkl
[2024-08-17T09:23:20.439+0000] {processor.py:842} WARNING - No viable dags retrieved from /opt/airflow/dags/data/models/Suriname/TS_model.pkl
[2024-08-17T09:23:20.448+0000] {processor.py:183} INFO - Processing /opt/airflow/dags/data/models/Suriname/TS_model.pkl took 0.025 seconds
[2024-08-17T09:23:51.802+0000] {processor.py:161} INFO - Started process (PID=1080) to work on /opt/airflow/dags/data/models/Suriname/TS_model.pkl
[2024-08-17T09:23:51.803+0000] {processor.py:830} INFO - Processing file /opt/airflow/dags/data/models/Suriname/TS_model.pkl for tasks to queue
[2024-08-17T09:23:51.804+0000] {logging_mixin.py:188} INFO - [2024-08-17T09:23:51.804+0000] {dagbag.py:545} INFO - Filling up the DagBag from /opt/airflow/dags/data/models/Suriname/TS_model.pkl
[2024-08-17T09:23:51.812+0000] {processor.py:842} WARNING - No viable dags retrieved from /opt/airflow/dags/data/models/Suriname/TS_model.pkl
[2024-08-17T09:23:51.822+0000] {processor.py:183} INFO - Processing /opt/airflow/dags/data/models/Suriname/TS_model.pkl took 0.023 seconds
[2024-08-17T09:24:24.623+0000] {processor.py:161} INFO - Started process (PID=1534) to work on /opt/airflow/dags/data/models/Suriname/TS_model.pkl
[2024-08-17T09:24:24.624+0000] {processor.py:830} INFO - Processing file /opt/airflow/dags/data/models/Suriname/TS_model.pkl for tasks to queue
[2024-08-17T09:24:24.625+0000] {logging_mixin.py:188} INFO - [2024-08-17T09:24:24.625+0000] {dagbag.py:545} INFO - Filling up the DagBag from /opt/airflow/dags/data/models/Suriname/TS_model.pkl
[2024-08-17T09:24:24.633+0000] {processor.py:842} WARNING - No viable dags retrieved from /opt/airflow/dags/data/models/Suriname/TS_model.pkl
[2024-08-17T09:24:24.643+0000] {processor.py:183} INFO - Processing /opt/airflow/dags/data/models/Suriname/TS_model.pkl took 0.024 seconds
[2024-08-17T09:24:55.162+0000] {processor.py:161} INFO - Started process (PID=1962) to work on /opt/airflow/dags/data/models/Suriname/TS_model.pkl
[2024-08-17T09:24:55.163+0000] {processor.py:830} INFO - Processing file /opt/airflow/dags/data/models/Suriname/TS_model.pkl for tasks to queue
[2024-08-17T09:24:55.164+0000] {logging_mixin.py:188} INFO - [2024-08-17T09:24:55.164+0000] {dagbag.py:545} INFO - Filling up the DagBag from /opt/airflow/dags/data/models/Suriname/TS_model.pkl
[2024-08-17T09:24:55.175+0000] {processor.py:842} WARNING - No viable dags retrieved from /opt/airflow/dags/data/models/Suriname/TS_model.pkl
[2024-08-17T09:24:55.183+0000] {processor.py:183} INFO - Processing /opt/airflow/dags/data/models/Suriname/TS_model.pkl took 0.024 seconds
[2024-08-17T09:25:25.885+0000] {processor.py:161} INFO - Started process (PID=2416) to work on /opt/airflow/dags/data/models/Suriname/TS_model.pkl
[2024-08-17T09:25:25.885+0000] {processor.py:830} INFO - Processing file /opt/airflow/dags/data/models/Suriname/TS_model.pkl for tasks to queue
[2024-08-17T09:25:25.887+0000] {logging_mixin.py:188} INFO - [2024-08-17T09:25:25.886+0000] {dagbag.py:545} INFO - Filling up the DagBag from /opt/airflow/dags/data/models/Suriname/TS_model.pkl
[2024-08-17T09:25:25.902+0000] {processor.py:842} WARNING - No viable dags retrieved from /opt/airflow/dags/data/models/Suriname/TS_model.pkl
[2024-08-17T09:25:25.910+0000] {processor.py:183} INFO - Processing /opt/airflow/dags/data/models/Suriname/TS_model.pkl took 0.028 seconds
[2024-08-17T09:25:56.592+0000] {processor.py:161} INFO - Started process (PID=2844) to work on /opt/airflow/dags/data/models/Suriname/TS_model.pkl
[2024-08-17T09:25:56.592+0000] {processor.py:830} INFO - Processing file /opt/airflow/dags/data/models/Suriname/TS_model.pkl for tasks to queue
[2024-08-17T09:25:56.594+0000] {logging_mixin.py:188} INFO - [2024-08-17T09:25:56.593+0000] {dagbag.py:545} INFO - Filling up the DagBag from /opt/airflow/dags/data/models/Suriname/TS_model.pkl
[2024-08-17T09:25:56.602+0000] {processor.py:842} WARNING - No viable dags retrieved from /opt/airflow/dags/data/models/Suriname/TS_model.pkl
[2024-08-17T09:25:56.611+0000] {processor.py:183} INFO - Processing /opt/airflow/dags/data/models/Suriname/TS_model.pkl took 0.024 seconds
[2024-08-17T09:26:27.152+0000] {processor.py:161} INFO - Started process (PID=3298) to work on /opt/airflow/dags/data/models/Suriname/TS_model.pkl
[2024-08-17T09:26:27.153+0000] {processor.py:830} INFO - Processing file /opt/airflow/dags/data/models/Suriname/TS_model.pkl for tasks to queue
[2024-08-17T09:26:27.154+0000] {logging_mixin.py:188} INFO - [2024-08-17T09:26:27.154+0000] {dagbag.py:545} INFO - Filling up the DagBag from /opt/airflow/dags/data/models/Suriname/TS_model.pkl
[2024-08-17T09:26:27.161+0000] {processor.py:842} WARNING - No viable dags retrieved from /opt/airflow/dags/data/models/Suriname/TS_model.pkl
[2024-08-17T09:26:27.170+0000] {processor.py:183} INFO - Processing /opt/airflow/dags/data/models/Suriname/TS_model.pkl took 0.021 seconds
[2024-08-17T09:26:57.906+0000] {processor.py:161} INFO - Started process (PID=3752) to work on /opt/airflow/dags/data/models/Suriname/TS_model.pkl
[2024-08-17T09:26:57.907+0000] {processor.py:830} INFO - Processing file /opt/airflow/dags/data/models/Suriname/TS_model.pkl for tasks to queue
[2024-08-17T09:26:57.908+0000] {logging_mixin.py:188} INFO - [2024-08-17T09:26:57.908+0000] {dagbag.py:545} INFO - Filling up the DagBag from /opt/airflow/dags/data/models/Suriname/TS_model.pkl
[2024-08-17T09:26:57.918+0000] {processor.py:842} WARNING - No viable dags retrieved from /opt/airflow/dags/data/models/Suriname/TS_model.pkl
[2024-08-17T09:26:57.926+0000] {processor.py:183} INFO - Processing /opt/airflow/dags/data/models/Suriname/TS_model.pkl took 0.023 seconds
[2024-08-17T09:27:28.768+0000] {processor.py:161} INFO - Started process (PID=4180) to work on /opt/airflow/dags/data/models/Suriname/TS_model.pkl
[2024-08-17T09:27:28.768+0000] {processor.py:830} INFO - Processing file /opt/airflow/dags/data/models/Suriname/TS_model.pkl for tasks to queue
[2024-08-17T09:27:28.769+0000] {logging_mixin.py:188} INFO - [2024-08-17T09:27:28.769+0000] {dagbag.py:545} INFO - Filling up the DagBag from /opt/airflow/dags/data/models/Suriname/TS_model.pkl
[2024-08-17T09:27:28.776+0000] {processor.py:842} WARNING - No viable dags retrieved from /opt/airflow/dags/data/models/Suriname/TS_model.pkl
[2024-08-17T09:27:28.784+0000] {processor.py:183} INFO - Processing /opt/airflow/dags/data/models/Suriname/TS_model.pkl took 0.019 seconds
[2024-08-17T09:27:59.749+0000] {processor.py:161} INFO - Started process (PID=4635) to work on /opt/airflow/dags/data/models/Suriname/TS_model.pkl
[2024-08-17T09:27:59.750+0000] {processor.py:830} INFO - Processing file /opt/airflow/dags/data/models/Suriname/TS_model.pkl for tasks to queue
[2024-08-17T09:27:59.751+0000] {logging_mixin.py:188} INFO - [2024-08-17T09:27:59.751+0000] {dagbag.py:545} INFO - Filling up the DagBag from /opt/airflow/dags/data/models/Suriname/TS_model.pkl
[2024-08-17T09:27:59.759+0000] {processor.py:842} WARNING - No viable dags retrieved from /opt/airflow/dags/data/models/Suriname/TS_model.pkl
[2024-08-17T09:27:59.768+0000] {processor.py:183} INFO - Processing /opt/airflow/dags/data/models/Suriname/TS_model.pkl took 0.022 seconds
[2024-08-17T09:28:30.432+0000] {processor.py:161} INFO - Started process (PID=5089) to work on /opt/airflow/dags/data/models/Suriname/TS_model.pkl
[2024-08-17T09:28:30.432+0000] {processor.py:830} INFO - Processing file /opt/airflow/dags/data/models/Suriname/TS_model.pkl for tasks to queue
[2024-08-17T09:28:30.434+0000] {logging_mixin.py:188} INFO - [2024-08-17T09:28:30.433+0000] {dagbag.py:545} INFO - Filling up the DagBag from /opt/airflow/dags/data/models/Suriname/TS_model.pkl
[2024-08-17T09:28:30.442+0000] {processor.py:842} WARNING - No viable dags retrieved from /opt/airflow/dags/data/models/Suriname/TS_model.pkl
[2024-08-17T09:28:30.451+0000] {processor.py:183} INFO - Processing /opt/airflow/dags/data/models/Suriname/TS_model.pkl took 0.023 seconds
[2024-08-17T09:29:01.286+0000] {processor.py:161} INFO - Started process (PID=5496) to work on /opt/airflow/dags/data/models/Suriname/TS_model.pkl
[2024-08-17T09:29:01.287+0000] {processor.py:830} INFO - Processing file /opt/airflow/dags/data/models/Suriname/TS_model.pkl for tasks to queue
[2024-08-17T09:29:01.288+0000] {logging_mixin.py:188} INFO - [2024-08-17T09:29:01.288+0000] {dagbag.py:545} INFO - Filling up the DagBag from /opt/airflow/dags/data/models/Suriname/TS_model.pkl
[2024-08-17T09:29:01.298+0000] {processor.py:842} WARNING - No viable dags retrieved from /opt/airflow/dags/data/models/Suriname/TS_model.pkl
[2024-08-17T09:29:01.308+0000] {processor.py:183} INFO - Processing /opt/airflow/dags/data/models/Suriname/TS_model.pkl took 0.026 seconds
[2024-08-17T09:29:31.910+0000] {processor.py:161} INFO - Started process (PID=5950) to work on /opt/airflow/dags/data/models/Suriname/TS_model.pkl
[2024-08-17T09:29:31.911+0000] {processor.py:830} INFO - Processing file /opt/airflow/dags/data/models/Suriname/TS_model.pkl for tasks to queue
[2024-08-17T09:29:31.912+0000] {logging_mixin.py:188} INFO - [2024-08-17T09:29:31.912+0000] {dagbag.py:545} INFO - Filling up the DagBag from /opt/airflow/dags/data/models/Suriname/TS_model.pkl
[2024-08-17T09:29:31.930+0000] {processor.py:842} WARNING - No viable dags retrieved from /opt/airflow/dags/data/models/Suriname/TS_model.pkl
[2024-08-17T09:29:31.939+0000] {processor.py:183} INFO - Processing /opt/airflow/dags/data/models/Suriname/TS_model.pkl took 0.033 seconds
[2024-08-17T09:30:02.666+0000] {processor.py:161} INFO - Started process (PID=6385) to work on /opt/airflow/dags/data/models/Suriname/TS_model.pkl
[2024-08-17T09:30:02.667+0000] {processor.py:830} INFO - Processing file /opt/airflow/dags/data/models/Suriname/TS_model.pkl for tasks to queue
[2024-08-17T09:30:02.668+0000] {logging_mixin.py:188} INFO - [2024-08-17T09:30:02.668+0000] {dagbag.py:545} INFO - Filling up the DagBag from /opt/airflow/dags/data/models/Suriname/TS_model.pkl
[2024-08-17T09:30:02.676+0000] {processor.py:842} WARNING - No viable dags retrieved from /opt/airflow/dags/data/models/Suriname/TS_model.pkl
[2024-08-17T09:30:02.684+0000] {processor.py:183} INFO - Processing /opt/airflow/dags/data/models/Suriname/TS_model.pkl took 0.021 seconds
