[2024-08-17T10:12:55.136+0000] {processor.py:161} INFO - Started process (PID=36640) to work on /opt/airflow/dags/data/models/Sao Tome and Principe/cases_TS_model.pkl
[2024-08-17T10:12:55.137+0000] {processor.py:830} INFO - Processing file /opt/airflow/dags/data/models/Sao Tome and Principe/cases_TS_model.pkl for tasks to queue
[2024-08-17T10:12:55.137+0000] {logging_mixin.py:188} INFO - [2024-08-17T10:12:55.137+0000] {dagbag.py:545} INFO - Filling up the DagBag from /opt/airflow/dags/data/models/Sao Tome and Principe/cases_TS_model.pkl
[2024-08-17T10:12:55.147+0000] {processor.py:842} WARNING - No viable dags retrieved from /opt/airflow/dags/data/models/Sao Tome and Principe/cases_TS_model.pkl
[2024-08-17T10:12:55.156+0000] {processor.py:183} INFO - Processing /opt/airflow/dags/data/models/Sao Tome and Principe/cases_TS_model.pkl took 0.024 seconds
[2024-08-17T10:13:27.381+0000] {processor.py:161} INFO - Started process (PID=37332) to work on /opt/airflow/dags/data/models/Sao Tome and Principe/cases_TS_model.pkl
[2024-08-17T10:13:27.381+0000] {processor.py:830} INFO - Processing file /opt/airflow/dags/data/models/Sao Tome and Principe/cases_TS_model.pkl for tasks to queue
[2024-08-17T10:13:27.382+0000] {logging_mixin.py:188} INFO - [2024-08-17T10:13:27.382+0000] {dagbag.py:545} INFO - Filling up the DagBag from /opt/airflow/dags/data/models/Sao Tome and Principe/cases_TS_model.pkl
[2024-08-17T10:13:27.392+0000] {processor.py:842} WARNING - No viable dags retrieved from /opt/airflow/dags/data/models/Sao Tome and Principe/cases_TS_model.pkl
[2024-08-17T10:13:27.403+0000] {processor.py:183} INFO - Processing /opt/airflow/dags/data/models/Sao Tome and Principe/cases_TS_model.pkl took 0.026 seconds
[2024-08-17T10:13:59.604+0000] {processor.py:161} INFO - Started process (PID=38025) to work on /opt/airflow/dags/data/models/Sao Tome and Principe/cases_TS_model.pkl
[2024-08-17T10:13:59.604+0000] {processor.py:830} INFO - Processing file /opt/airflow/dags/data/models/Sao Tome and Principe/cases_TS_model.pkl for tasks to queue
[2024-08-17T10:13:59.605+0000] {logging_mixin.py:188} INFO - [2024-08-17T10:13:59.605+0000] {dagbag.py:545} INFO - Filling up the DagBag from /opt/airflow/dags/data/models/Sao Tome and Principe/cases_TS_model.pkl
[2024-08-17T10:13:59.616+0000] {processor.py:842} WARNING - No viable dags retrieved from /opt/airflow/dags/data/models/Sao Tome and Principe/cases_TS_model.pkl
[2024-08-17T10:13:59.625+0000] {processor.py:183} INFO - Processing /opt/airflow/dags/data/models/Sao Tome and Principe/cases_TS_model.pkl took 0.025 seconds
[2024-08-17T10:14:31.643+0000] {processor.py:161} INFO - Started process (PID=38699) to work on /opt/airflow/dags/data/models/Sao Tome and Principe/cases_TS_model.pkl
[2024-08-17T10:14:31.643+0000] {processor.py:830} INFO - Processing file /opt/airflow/dags/data/models/Sao Tome and Principe/cases_TS_model.pkl for tasks to queue
[2024-08-17T10:14:31.644+0000] {logging_mixin.py:188} INFO - [2024-08-17T10:14:31.644+0000] {dagbag.py:545} INFO - Filling up the DagBag from /opt/airflow/dags/data/models/Sao Tome and Principe/cases_TS_model.pkl
[2024-08-17T10:14:31.657+0000] {processor.py:842} WARNING - No viable dags retrieved from /opt/airflow/dags/data/models/Sao Tome and Principe/cases_TS_model.pkl
[2024-08-17T10:14:31.668+0000] {processor.py:183} INFO - Processing /opt/airflow/dags/data/models/Sao Tome and Principe/cases_TS_model.pkl took 0.029 seconds
[2024-08-17T10:15:04.221+0000] {processor.py:161} INFO - Started process (PID=39385) to work on /opt/airflow/dags/data/models/Sao Tome and Principe/cases_TS_model.pkl
[2024-08-17T10:15:04.222+0000] {processor.py:830} INFO - Processing file /opt/airflow/dags/data/models/Sao Tome and Principe/cases_TS_model.pkl for tasks to queue
[2024-08-17T10:15:04.223+0000] {logging_mixin.py:188} INFO - [2024-08-17T10:15:04.222+0000] {dagbag.py:545} INFO - Filling up the DagBag from /opt/airflow/dags/data/models/Sao Tome and Principe/cases_TS_model.pkl
[2024-08-17T10:15:04.237+0000] {processor.py:842} WARNING - No viable dags retrieved from /opt/airflow/dags/data/models/Sao Tome and Principe/cases_TS_model.pkl
[2024-08-17T10:15:04.249+0000] {processor.py:183} INFO - Processing /opt/airflow/dags/data/models/Sao Tome and Principe/cases_TS_model.pkl took 0.032 seconds
[2024-08-17T10:15:36.849+0000] {processor.py:161} INFO - Started process (PID=40027) to work on /opt/airflow/dags/data/models/Sao Tome and Principe/cases_TS_model.pkl
[2024-08-17T10:15:36.850+0000] {processor.py:830} INFO - Processing file /opt/airflow/dags/data/models/Sao Tome and Principe/cases_TS_model.pkl for tasks to queue
[2024-08-17T10:15:36.851+0000] {logging_mixin.py:188} INFO - [2024-08-17T10:15:36.850+0000] {dagbag.py:545} INFO - Filling up the DagBag from /opt/airflow/dags/data/models/Sao Tome and Principe/cases_TS_model.pkl
[2024-08-17T10:15:36.862+0000] {processor.py:842} WARNING - No viable dags retrieved from /opt/airflow/dags/data/models/Sao Tome and Principe/cases_TS_model.pkl
[2024-08-17T10:15:36.874+0000] {processor.py:183} INFO - Processing /opt/airflow/dags/data/models/Sao Tome and Principe/cases_TS_model.pkl took 0.028 seconds
[2024-08-17T10:16:09.687+0000] {processor.py:161} INFO - Started process (PID=40720) to work on /opt/airflow/dags/data/models/Sao Tome and Principe/cases_TS_model.pkl
[2024-08-17T10:16:09.687+0000] {processor.py:830} INFO - Processing file /opt/airflow/dags/data/models/Sao Tome and Principe/cases_TS_model.pkl for tasks to queue
[2024-08-17T10:16:09.688+0000] {logging_mixin.py:188} INFO - [2024-08-17T10:16:09.688+0000] {dagbag.py:545} INFO - Filling up the DagBag from /opt/airflow/dags/data/models/Sao Tome and Principe/cases_TS_model.pkl
[2024-08-17T10:16:09.699+0000] {processor.py:842} WARNING - No viable dags retrieved from /opt/airflow/dags/data/models/Sao Tome and Principe/cases_TS_model.pkl
[2024-08-17T10:16:09.709+0000] {processor.py:183} INFO - Processing /opt/airflow/dags/data/models/Sao Tome and Principe/cases_TS_model.pkl took 0.025 seconds
[2024-08-17T10:16:41.525+0000] {processor.py:161} INFO - Started process (PID=41373) to work on /opt/airflow/dags/data/models/Sao Tome and Principe/cases_TS_model.pkl
[2024-08-17T10:16:41.526+0000] {processor.py:830} INFO - Processing file /opt/airflow/dags/data/models/Sao Tome and Principe/cases_TS_model.pkl for tasks to queue
[2024-08-17T10:16:41.527+0000] {logging_mixin.py:188} INFO - [2024-08-17T10:16:41.526+0000] {dagbag.py:545} INFO - Filling up the DagBag from /opt/airflow/dags/data/models/Sao Tome and Principe/cases_TS_model.pkl
[2024-08-17T10:16:41.544+0000] {processor.py:842} WARNING - No viable dags retrieved from /opt/airflow/dags/data/models/Sao Tome and Principe/cases_TS_model.pkl
[2024-08-17T10:16:41.553+0000] {processor.py:183} INFO - Processing /opt/airflow/dags/data/models/Sao Tome and Principe/cases_TS_model.pkl took 0.032 seconds
[2024-08-17T10:17:13.422+0000] {processor.py:161} INFO - Started process (PID=42065) to work on /opt/airflow/dags/data/models/Sao Tome and Principe/cases_TS_model.pkl
[2024-08-17T10:17:13.422+0000] {processor.py:830} INFO - Processing file /opt/airflow/dags/data/models/Sao Tome and Principe/cases_TS_model.pkl for tasks to queue
[2024-08-17T10:17:13.423+0000] {logging_mixin.py:188} INFO - [2024-08-17T10:17:13.423+0000] {dagbag.py:545} INFO - Filling up the DagBag from /opt/airflow/dags/data/models/Sao Tome and Principe/cases_TS_model.pkl
[2024-08-17T10:17:13.439+0000] {processor.py:842} WARNING - No viable dags retrieved from /opt/airflow/dags/data/models/Sao Tome and Principe/cases_TS_model.pkl
[2024-08-17T10:17:13.448+0000] {processor.py:183} INFO - Processing /opt/airflow/dags/data/models/Sao Tome and Principe/cases_TS_model.pkl took 0.030 seconds
[2024-08-17T10:17:59.745+0000] {processor.py:161} INFO - Started process (PID=42842) to work on /opt/airflow/dags/data/models/Sao Tome and Principe/cases_TS_model.pkl
[2024-08-17T10:17:59.745+0000] {processor.py:830} INFO - Processing file /opt/airflow/dags/data/models/Sao Tome and Principe/cases_TS_model.pkl for tasks to queue
[2024-08-17T10:17:59.746+0000] {logging_mixin.py:188} INFO - [2024-08-17T10:17:59.746+0000] {dagbag.py:545} INFO - Filling up the DagBag from /opt/airflow/dags/data/models/Sao Tome and Principe/cases_TS_model.pkl
[2024-08-17T10:17:59.754+0000] {processor.py:842} WARNING - No viable dags retrieved from /opt/airflow/dags/data/models/Sao Tome and Principe/cases_TS_model.pkl
[2024-08-17T10:17:59.763+0000] {processor.py:183} INFO - Processing /opt/airflow/dags/data/models/Sao Tome and Principe/cases_TS_model.pkl took 0.022 seconds
[2024-08-17T10:18:32.148+0000] {processor.py:161} INFO - Started process (PID=43566) to work on /opt/airflow/dags/data/models/Sao Tome and Principe/cases_TS_model.pkl
[2024-08-17T10:18:32.148+0000] {processor.py:830} INFO - Processing file /opt/airflow/dags/data/models/Sao Tome and Principe/cases_TS_model.pkl for tasks to queue
[2024-08-17T10:18:32.149+0000] {logging_mixin.py:188} INFO - [2024-08-17T10:18:32.149+0000] {dagbag.py:545} INFO - Filling up the DagBag from /opt/airflow/dags/data/models/Sao Tome and Principe/cases_TS_model.pkl
[2024-08-17T10:18:32.162+0000] {processor.py:842} WARNING - No viable dags retrieved from /opt/airflow/dags/data/models/Sao Tome and Principe/cases_TS_model.pkl
[2024-08-17T10:18:32.171+0000] {processor.py:183} INFO - Processing /opt/airflow/dags/data/models/Sao Tome and Principe/cases_TS_model.pkl took 0.027 seconds
[2024-08-17T10:19:03.513+0000] {processor.py:161} INFO - Started process (PID=44281) to work on /opt/airflow/dags/data/models/Sao Tome and Principe/cases_TS_model.pkl
[2024-08-17T10:19:03.513+0000] {processor.py:830} INFO - Processing file /opt/airflow/dags/data/models/Sao Tome and Principe/cases_TS_model.pkl for tasks to queue
[2024-08-17T10:19:03.514+0000] {logging_mixin.py:188} INFO - [2024-08-17T10:19:03.514+0000] {dagbag.py:545} INFO - Filling up the DagBag from /opt/airflow/dags/data/models/Sao Tome and Principe/cases_TS_model.pkl
[2024-08-17T10:19:03.522+0000] {processor.py:842} WARNING - No viable dags retrieved from /opt/airflow/dags/data/models/Sao Tome and Principe/cases_TS_model.pkl
[2024-08-17T10:19:03.531+0000] {processor.py:183} INFO - Processing /opt/airflow/dags/data/models/Sao Tome and Principe/cases_TS_model.pkl took 0.021 seconds
[2024-08-17T10:19:35.732+0000] {processor.py:161} INFO - Started process (PID=45024) to work on /opt/airflow/dags/data/models/Sao Tome and Principe/cases_TS_model.pkl
[2024-08-17T10:19:35.733+0000] {processor.py:830} INFO - Processing file /opt/airflow/dags/data/models/Sao Tome and Principe/cases_TS_model.pkl for tasks to queue
[2024-08-17T10:19:35.733+0000] {logging_mixin.py:188} INFO - [2024-08-17T10:19:35.733+0000] {dagbag.py:545} INFO - Filling up the DagBag from /opt/airflow/dags/data/models/Sao Tome and Principe/cases_TS_model.pkl
[2024-08-17T10:19:35.742+0000] {processor.py:842} WARNING - No viable dags retrieved from /opt/airflow/dags/data/models/Sao Tome and Principe/cases_TS_model.pkl
[2024-08-17T10:19:35.752+0000] {processor.py:183} INFO - Processing /opt/airflow/dags/data/models/Sao Tome and Principe/cases_TS_model.pkl took 0.023 seconds
[2024-08-17T10:20:07.699+0000] {processor.py:161} INFO - Started process (PID=45767) to work on /opt/airflow/dags/data/models/Sao Tome and Principe/cases_TS_model.pkl
[2024-08-17T10:20:07.700+0000] {processor.py:830} INFO - Processing file /opt/airflow/dags/data/models/Sao Tome and Principe/cases_TS_model.pkl for tasks to queue
[2024-08-17T10:20:07.701+0000] {logging_mixin.py:188} INFO - [2024-08-17T10:20:07.701+0000] {dagbag.py:545} INFO - Filling up the DagBag from /opt/airflow/dags/data/models/Sao Tome and Principe/cases_TS_model.pkl
[2024-08-17T10:20:07.711+0000] {processor.py:842} WARNING - No viable dags retrieved from /opt/airflow/dags/data/models/Sao Tome and Principe/cases_TS_model.pkl
[2024-08-17T10:20:07.720+0000] {processor.py:183} INFO - Processing /opt/airflow/dags/data/models/Sao Tome and Principe/cases_TS_model.pkl took 0.026 seconds
[2024-08-17T10:20:40.853+0000] {processor.py:161} INFO - Started process (PID=46529) to work on /opt/airflow/dags/data/models/Sao Tome and Principe/cases_TS_model.pkl
[2024-08-17T10:20:40.853+0000] {processor.py:830} INFO - Processing file /opt/airflow/dags/data/models/Sao Tome and Principe/cases_TS_model.pkl for tasks to queue
[2024-08-17T10:20:40.854+0000] {logging_mixin.py:188} INFO - [2024-08-17T10:20:40.854+0000] {dagbag.py:545} INFO - Filling up the DagBag from /opt/airflow/dags/data/models/Sao Tome and Principe/cases_TS_model.pkl
[2024-08-17T10:20:40.863+0000] {processor.py:842} WARNING - No viable dags retrieved from /opt/airflow/dags/data/models/Sao Tome and Principe/cases_TS_model.pkl
[2024-08-17T10:20:40.872+0000] {processor.py:183} INFO - Processing /opt/airflow/dags/data/models/Sao Tome and Principe/cases_TS_model.pkl took 0.023 seconds
[2024-08-17T10:21:12.765+0000] {processor.py:161} INFO - Started process (PID=47225) to work on /opt/airflow/dags/data/models/Sao Tome and Principe/cases_TS_model.pkl
[2024-08-17T10:21:12.766+0000] {processor.py:830} INFO - Processing file /opt/airflow/dags/data/models/Sao Tome and Principe/cases_TS_model.pkl for tasks to queue
[2024-08-17T10:21:12.766+0000] {logging_mixin.py:188} INFO - [2024-08-17T10:21:12.766+0000] {dagbag.py:545} INFO - Filling up the DagBag from /opt/airflow/dags/data/models/Sao Tome and Principe/cases_TS_model.pkl
[2024-08-17T10:21:12.777+0000] {processor.py:842} WARNING - No viable dags retrieved from /opt/airflow/dags/data/models/Sao Tome and Principe/cases_TS_model.pkl
[2024-08-17T10:21:12.785+0000] {processor.py:183} INFO - Processing /opt/airflow/dags/data/models/Sao Tome and Principe/cases_TS_model.pkl took 0.023 seconds
[2024-08-17T12:03:10.552+0000] {processor.py:161} INFO - Started process (PID=14865) to work on /opt/airflow/dags/data/models/Sao Tome and Principe/cases_TS_model.pkl
[2024-08-17T12:03:10.553+0000] {processor.py:830} INFO - Processing file /opt/airflow/dags/data/models/Sao Tome and Principe/cases_TS_model.pkl for tasks to queue
[2024-08-17T12:03:10.555+0000] {logging_mixin.py:188} INFO - [2024-08-17T12:03:10.554+0000] {dagbag.py:545} INFO - Filling up the DagBag from /opt/airflow/dags/data/models/Sao Tome and Principe/cases_TS_model.pkl
[2024-08-17T12:03:10.572+0000] {processor.py:842} WARNING - No viable dags retrieved from /opt/airflow/dags/data/models/Sao Tome and Principe/cases_TS_model.pkl
[2024-08-17T12:03:10.590+0000] {processor.py:183} INFO - Processing /opt/airflow/dags/data/models/Sao Tome and Principe/cases_TS_model.pkl took 0.044 seconds
[2024-08-17T12:03:51.976+0000] {processor.py:161} INFO - Started process (PID=15532) to work on /opt/airflow/dags/data/models/Sao Tome and Principe/cases_TS_model.pkl
[2024-08-17T12:03:51.977+0000] {processor.py:830} INFO - Processing file /opt/airflow/dags/data/models/Sao Tome and Principe/cases_TS_model.pkl for tasks to queue
[2024-08-17T12:03:51.978+0000] {logging_mixin.py:188} INFO - [2024-08-17T12:03:51.978+0000] {dagbag.py:545} INFO - Filling up the DagBag from /opt/airflow/dags/data/models/Sao Tome and Principe/cases_TS_model.pkl
[2024-08-17T12:03:51.994+0000] {processor.py:842} WARNING - No viable dags retrieved from /opt/airflow/dags/data/models/Sao Tome and Principe/cases_TS_model.pkl
[2024-08-17T12:03:52.014+0000] {processor.py:183} INFO - Processing /opt/airflow/dags/data/models/Sao Tome and Principe/cases_TS_model.pkl took 0.045 seconds
[2024-08-17T12:04:36.370+0000] {processor.py:161} INFO - Started process (PID=16151) to work on /opt/airflow/dags/data/models/Sao Tome and Principe/cases_TS_model.pkl
[2024-08-17T12:04:36.372+0000] {processor.py:830} INFO - Processing file /opt/airflow/dags/data/models/Sao Tome and Principe/cases_TS_model.pkl for tasks to queue
[2024-08-17T12:04:36.373+0000] {logging_mixin.py:188} INFO - [2024-08-17T12:04:36.373+0000] {dagbag.py:545} INFO - Filling up the DagBag from /opt/airflow/dags/data/models/Sao Tome and Principe/cases_TS_model.pkl
[2024-08-17T12:04:36.396+0000] {processor.py:842} WARNING - No viable dags retrieved from /opt/airflow/dags/data/models/Sao Tome and Principe/cases_TS_model.pkl
[2024-08-17T12:04:36.418+0000] {processor.py:183} INFO - Processing /opt/airflow/dags/data/models/Sao Tome and Principe/cases_TS_model.pkl took 0.055 seconds
[2024-08-17T12:05:15.371+0000] {processor.py:161} INFO - Started process (PID=16741) to work on /opt/airflow/dags/data/models/Sao Tome and Principe/cases_TS_model.pkl
[2024-08-17T12:05:15.372+0000] {processor.py:830} INFO - Processing file /opt/airflow/dags/data/models/Sao Tome and Principe/cases_TS_model.pkl for tasks to queue
[2024-08-17T12:05:15.374+0000] {logging_mixin.py:188} INFO - [2024-08-17T12:05:15.373+0000] {dagbag.py:545} INFO - Filling up the DagBag from /opt/airflow/dags/data/models/Sao Tome and Principe/cases_TS_model.pkl
[2024-08-17T12:05:15.399+0000] {processor.py:842} WARNING - No viable dags retrieved from /opt/airflow/dags/data/models/Sao Tome and Principe/cases_TS_model.pkl
[2024-08-17T12:05:15.416+0000] {processor.py:183} INFO - Processing /opt/airflow/dags/data/models/Sao Tome and Principe/cases_TS_model.pkl took 0.053 seconds
[2024-08-17T12:05:27.070+0000] {processor.py:161} INFO - Started process (PID=16919) to work on /opt/airflow/dags/data/models/Sao Tome and Principe/cases_TS_model.pkl
[2024-08-17T12:05:27.072+0000] {processor.py:830} INFO - Processing file /opt/airflow/dags/data/models/Sao Tome and Principe/cases_TS_model.pkl for tasks to queue
[2024-08-17T12:05:27.073+0000] {logging_mixin.py:188} INFO - [2024-08-17T12:05:27.073+0000] {dagbag.py:545} INFO - Filling up the DagBag from /opt/airflow/dags/data/models/Sao Tome and Principe/cases_TS_model.pkl
[2024-08-17T12:05:27.095+0000] {processor.py:842} WARNING - No viable dags retrieved from /opt/airflow/dags/data/models/Sao Tome and Principe/cases_TS_model.pkl
[2024-08-17T12:05:27.113+0000] {processor.py:183} INFO - Processing /opt/airflow/dags/data/models/Sao Tome and Principe/cases_TS_model.pkl took 0.051 seconds
[2024-08-17T12:06:06.085+0000] {processor.py:161} INFO - Started process (PID=17514) to work on /opt/airflow/dags/data/models/Sao Tome and Principe/cases_TS_model.pkl
[2024-08-17T12:06:06.086+0000] {processor.py:830} INFO - Processing file /opt/airflow/dags/data/models/Sao Tome and Principe/cases_TS_model.pkl for tasks to queue
[2024-08-17T12:06:06.088+0000] {logging_mixin.py:188} INFO - [2024-08-17T12:06:06.087+0000] {dagbag.py:545} INFO - Filling up the DagBag from /opt/airflow/dags/data/models/Sao Tome and Principe/cases_TS_model.pkl
[2024-08-17T12:06:06.107+0000] {processor.py:842} WARNING - No viable dags retrieved from /opt/airflow/dags/data/models/Sao Tome and Principe/cases_TS_model.pkl
[2024-08-17T12:06:06.123+0000] {processor.py:183} INFO - Processing /opt/airflow/dags/data/models/Sao Tome and Principe/cases_TS_model.pkl took 0.045 seconds
[2024-08-17T12:06:33.118+0000] {processor.py:161} INFO - Started process (PID=17941) to work on /opt/airflow/dags/data/models/Sao Tome and Principe/cases_TS_model.pkl
[2024-08-17T12:06:33.119+0000] {processor.py:830} INFO - Processing file /opt/airflow/dags/data/models/Sao Tome and Principe/cases_TS_model.pkl for tasks to queue
[2024-08-17T12:06:33.121+0000] {logging_mixin.py:188} INFO - [2024-08-17T12:06:33.120+0000] {dagbag.py:545} INFO - Filling up the DagBag from /opt/airflow/dags/data/models/Sao Tome and Principe/cases_TS_model.pkl
[2024-08-17T12:06:33.142+0000] {processor.py:842} WARNING - No viable dags retrieved from /opt/airflow/dags/data/models/Sao Tome and Principe/cases_TS_model.pkl
[2024-08-17T12:06:33.160+0000] {processor.py:183} INFO - Processing /opt/airflow/dags/data/models/Sao Tome and Principe/cases_TS_model.pkl took 0.049 seconds
[2024-08-17T12:07:17.968+0000] {processor.py:161} INFO - Started process (PID=18614) to work on /opt/airflow/dags/data/models/Sao Tome and Principe/cases_TS_model.pkl
[2024-08-17T12:07:17.969+0000] {processor.py:830} INFO - Processing file /opt/airflow/dags/data/models/Sao Tome and Principe/cases_TS_model.pkl for tasks to queue
[2024-08-17T12:07:17.971+0000] {logging_mixin.py:188} INFO - [2024-08-17T12:07:17.970+0000] {dagbag.py:545} INFO - Filling up the DagBag from /opt/airflow/dags/data/models/Sao Tome and Principe/cases_TS_model.pkl
[2024-08-17T12:07:17.992+0000] {processor.py:842} WARNING - No viable dags retrieved from /opt/airflow/dags/data/models/Sao Tome and Principe/cases_TS_model.pkl
[2024-08-17T12:07:18.011+0000] {processor.py:183} INFO - Processing /opt/airflow/dags/data/models/Sao Tome and Principe/cases_TS_model.pkl took 0.051 seconds
[2024-08-17T12:08:30.508+0000] {processor.py:161} INFO - Started process (PID=19364) to work on /opt/airflow/dags/data/models/Sao Tome and Principe/cases_TS_model.pkl
[2024-08-17T12:08:30.509+0000] {processor.py:830} INFO - Processing file /opt/airflow/dags/data/models/Sao Tome and Principe/cases_TS_model.pkl for tasks to queue
[2024-08-17T12:08:30.512+0000] {logging_mixin.py:188} INFO - [2024-08-17T12:08:30.511+0000] {dagbag.py:545} INFO - Filling up the DagBag from /opt/airflow/dags/data/models/Sao Tome and Principe/cases_TS_model.pkl
[2024-08-17T12:08:30.543+0000] {processor.py:842} WARNING - No viable dags retrieved from /opt/airflow/dags/data/models/Sao Tome and Principe/cases_TS_model.pkl
[2024-08-17T12:08:30.567+0000] {processor.py:183} INFO - Processing /opt/airflow/dags/data/models/Sao Tome and Principe/cases_TS_model.pkl took 0.069 seconds
[2024-08-17T12:09:18.685+0000] {processor.py:161} INFO - Started process (PID=20032) to work on /opt/airflow/dags/data/models/Sao Tome and Principe/cases_TS_model.pkl
[2024-08-17T12:09:18.687+0000] {processor.py:830} INFO - Processing file /opt/airflow/dags/data/models/Sao Tome and Principe/cases_TS_model.pkl for tasks to queue
[2024-08-17T12:09:18.688+0000] {logging_mixin.py:188} INFO - [2024-08-17T12:09:18.688+0000] {dagbag.py:545} INFO - Filling up the DagBag from /opt/airflow/dags/data/models/Sao Tome and Principe/cases_TS_model.pkl
[2024-08-17T12:09:18.704+0000] {processor.py:842} WARNING - No viable dags retrieved from /opt/airflow/dags/data/models/Sao Tome and Principe/cases_TS_model.pkl
[2024-08-17T12:09:18.725+0000] {processor.py:183} INFO - Processing /opt/airflow/dags/data/models/Sao Tome and Principe/cases_TS_model.pkl took 0.048 seconds
[2024-08-17T12:10:00.727+0000] {processor.py:161} INFO - Started process (PID=20678) to work on /opt/airflow/dags/data/models/Sao Tome and Principe/cases_TS_model.pkl
[2024-08-17T12:10:00.728+0000] {processor.py:830} INFO - Processing file /opt/airflow/dags/data/models/Sao Tome and Principe/cases_TS_model.pkl for tasks to queue
[2024-08-17T12:10:00.729+0000] {logging_mixin.py:188} INFO - [2024-08-17T12:10:00.729+0000] {dagbag.py:545} INFO - Filling up the DagBag from /opt/airflow/dags/data/models/Sao Tome and Principe/cases_TS_model.pkl
[2024-08-17T12:10:00.750+0000] {processor.py:842} WARNING - No viable dags retrieved from /opt/airflow/dags/data/models/Sao Tome and Principe/cases_TS_model.pkl
[2024-08-17T12:10:00.769+0000] {processor.py:183} INFO - Processing /opt/airflow/dags/data/models/Sao Tome and Principe/cases_TS_model.pkl took 0.049 seconds
[2024-08-17T12:10:36.354+0000] {processor.py:161} INFO - Started process (PID=21232) to work on /opt/airflow/dags/data/models/Sao Tome and Principe/cases_TS_model.pkl
[2024-08-17T12:10:36.355+0000] {processor.py:830} INFO - Processing file /opt/airflow/dags/data/models/Sao Tome and Principe/cases_TS_model.pkl for tasks to queue
[2024-08-17T12:10:36.356+0000] {logging_mixin.py:188} INFO - [2024-08-17T12:10:36.356+0000] {dagbag.py:545} INFO - Filling up the DagBag from /opt/airflow/dags/data/models/Sao Tome and Principe/cases_TS_model.pkl
[2024-08-17T12:10:36.373+0000] {processor.py:842} WARNING - No viable dags retrieved from /opt/airflow/dags/data/models/Sao Tome and Principe/cases_TS_model.pkl
[2024-08-17T12:10:36.392+0000] {processor.py:183} INFO - Processing /opt/airflow/dags/data/models/Sao Tome and Principe/cases_TS_model.pkl took 0.044 seconds
[2024-08-17T12:11:13.979+0000] {processor.py:161} INFO - Started process (PID=21744) to work on /opt/airflow/dags/data/models/Sao Tome and Principe/cases_TS_model.pkl
[2024-08-17T12:11:13.980+0000] {processor.py:830} INFO - Processing file /opt/airflow/dags/data/models/Sao Tome and Principe/cases_TS_model.pkl for tasks to queue
[2024-08-17T12:11:13.982+0000] {logging_mixin.py:188} INFO - [2024-08-17T12:11:13.981+0000] {dagbag.py:545} INFO - Filling up the DagBag from /opt/airflow/dags/data/models/Sao Tome and Principe/cases_TS_model.pkl
[2024-08-17T12:11:14.003+0000] {processor.py:842} WARNING - No viable dags retrieved from /opt/airflow/dags/data/models/Sao Tome and Principe/cases_TS_model.pkl
[2024-08-17T12:11:14.028+0000] {processor.py:183} INFO - Processing /opt/airflow/dags/data/models/Sao Tome and Principe/cases_TS_model.pkl took 0.056 seconds
[2024-08-17T12:11:49.375+0000] {processor.py:161} INFO - Started process (PID=22292) to work on /opt/airflow/dags/data/models/Sao Tome and Principe/cases_TS_model.pkl
[2024-08-17T12:11:49.377+0000] {processor.py:830} INFO - Processing file /opt/airflow/dags/data/models/Sao Tome and Principe/cases_TS_model.pkl for tasks to queue
[2024-08-17T12:11:49.378+0000] {logging_mixin.py:188} INFO - [2024-08-17T12:11:49.378+0000] {dagbag.py:545} INFO - Filling up the DagBag from /opt/airflow/dags/data/models/Sao Tome and Principe/cases_TS_model.pkl
[2024-08-17T12:11:49.400+0000] {processor.py:842} WARNING - No viable dags retrieved from /opt/airflow/dags/data/models/Sao Tome and Principe/cases_TS_model.pkl
[2024-08-17T12:11:49.419+0000] {processor.py:183} INFO - Processing /opt/airflow/dags/data/models/Sao Tome and Principe/cases_TS_model.pkl took 0.051 seconds
[2024-08-17T12:12:24.722+0000] {processor.py:161} INFO - Started process (PID=22793) to work on /opt/airflow/dags/data/models/Sao Tome and Principe/cases_TS_model.pkl
[2024-08-17T12:12:24.724+0000] {processor.py:830} INFO - Processing file /opt/airflow/dags/data/models/Sao Tome and Principe/cases_TS_model.pkl for tasks to queue
[2024-08-17T12:12:24.725+0000] {logging_mixin.py:188} INFO - [2024-08-17T12:12:24.725+0000] {dagbag.py:545} INFO - Filling up the DagBag from /opt/airflow/dags/data/models/Sao Tome and Principe/cases_TS_model.pkl
[2024-08-17T12:12:24.747+0000] {processor.py:842} WARNING - No viable dags retrieved from /opt/airflow/dags/data/models/Sao Tome and Principe/cases_TS_model.pkl
[2024-08-17T12:12:24.765+0000] {processor.py:183} INFO - Processing /opt/airflow/dags/data/models/Sao Tome and Principe/cases_TS_model.pkl took 0.050 seconds
[2024-08-17T12:13:25.267+0000] {processor.py:161} INFO - Started process (PID=23374) to work on /opt/airflow/dags/data/models/Sao Tome and Principe/cases_TS_model.pkl
[2024-08-17T12:13:25.268+0000] {processor.py:830} INFO - Processing file /opt/airflow/dags/data/models/Sao Tome and Principe/cases_TS_model.pkl for tasks to queue
[2024-08-17T12:13:25.271+0000] {logging_mixin.py:188} INFO - [2024-08-17T12:13:25.270+0000] {dagbag.py:545} INFO - Filling up the DagBag from /opt/airflow/dags/data/models/Sao Tome and Principe/cases_TS_model.pkl
[2024-08-17T12:13:25.293+0000] {processor.py:842} WARNING - No viable dags retrieved from /opt/airflow/dags/data/models/Sao Tome and Principe/cases_TS_model.pkl
[2024-08-17T12:13:25.309+0000] {processor.py:183} INFO - Processing /opt/airflow/dags/data/models/Sao Tome and Principe/cases_TS_model.pkl took 0.049 seconds
[2024-08-17T12:14:12.168+0000] {processor.py:161} INFO - Started process (PID=24114) to work on /opt/airflow/dags/data/models/Sao Tome and Principe/cases_TS_model.pkl
[2024-08-17T12:14:12.169+0000] {processor.py:830} INFO - Processing file /opt/airflow/dags/data/models/Sao Tome and Principe/cases_TS_model.pkl for tasks to queue
[2024-08-17T12:14:12.171+0000] {logging_mixin.py:188} INFO - [2024-08-17T12:14:12.170+0000] {dagbag.py:545} INFO - Filling up the DagBag from /opt/airflow/dags/data/models/Sao Tome and Principe/cases_TS_model.pkl
[2024-08-17T12:14:12.192+0000] {processor.py:842} WARNING - No viable dags retrieved from /opt/airflow/dags/data/models/Sao Tome and Principe/cases_TS_model.pkl
[2024-08-17T12:14:12.215+0000] {processor.py:183} INFO - Processing /opt/airflow/dags/data/models/Sao Tome and Principe/cases_TS_model.pkl took 0.055 seconds
[2024-08-17T12:14:55.985+0000] {processor.py:161} INFO - Started process (PID=24742) to work on /opt/airflow/dags/data/models/Sao Tome and Principe/cases_TS_model.pkl
[2024-08-17T12:14:55.987+0000] {processor.py:830} INFO - Processing file /opt/airflow/dags/data/models/Sao Tome and Principe/cases_TS_model.pkl for tasks to queue
[2024-08-17T12:14:55.988+0000] {logging_mixin.py:188} INFO - [2024-08-17T12:14:55.988+0000] {dagbag.py:545} INFO - Filling up the DagBag from /opt/airflow/dags/data/models/Sao Tome and Principe/cases_TS_model.pkl
[2024-08-17T12:14:56.003+0000] {processor.py:842} WARNING - No viable dags retrieved from /opt/airflow/dags/data/models/Sao Tome and Principe/cases_TS_model.pkl
[2024-08-17T12:14:56.020+0000] {processor.py:183} INFO - Processing /opt/airflow/dags/data/models/Sao Tome and Principe/cases_TS_model.pkl took 0.043 seconds
[2024-08-17T12:15:40.622+0000] {processor.py:161} INFO - Started process (PID=25335) to work on /opt/airflow/dags/data/models/Sao Tome and Principe/cases_TS_model.pkl
[2024-08-17T12:15:40.624+0000] {processor.py:830} INFO - Processing file /opt/airflow/dags/data/models/Sao Tome and Principe/cases_TS_model.pkl for tasks to queue
[2024-08-17T12:15:40.625+0000] {logging_mixin.py:188} INFO - [2024-08-17T12:15:40.624+0000] {dagbag.py:545} INFO - Filling up the DagBag from /opt/airflow/dags/data/models/Sao Tome and Principe/cases_TS_model.pkl
[2024-08-17T12:15:40.653+0000] {processor.py:842} WARNING - No viable dags retrieved from /opt/airflow/dags/data/models/Sao Tome and Principe/cases_TS_model.pkl
[2024-08-17T12:15:40.674+0000] {processor.py:183} INFO - Processing /opt/airflow/dags/data/models/Sao Tome and Principe/cases_TS_model.pkl took 0.060 seconds
[2024-08-17T12:16:33.308+0000] {processor.py:161} INFO - Started process (PID=26102) to work on /opt/airflow/dags/data/models/Sao Tome and Principe/cases_TS_model.pkl
[2024-08-17T12:16:33.313+0000] {processor.py:830} INFO - Processing file /opt/airflow/dags/data/models/Sao Tome and Principe/cases_TS_model.pkl for tasks to queue
[2024-08-17T12:16:33.314+0000] {logging_mixin.py:188} INFO - [2024-08-17T12:16:33.314+0000] {dagbag.py:545} INFO - Filling up the DagBag from /opt/airflow/dags/data/models/Sao Tome and Principe/cases_TS_model.pkl
[2024-08-17T12:16:33.343+0000] {processor.py:842} WARNING - No viable dags retrieved from /opt/airflow/dags/data/models/Sao Tome and Principe/cases_TS_model.pkl
[2024-08-17T12:16:33.364+0000] {processor.py:183} INFO - Processing /opt/airflow/dags/data/models/Sao Tome and Principe/cases_TS_model.pkl took 0.068 seconds
[2024-08-17T12:17:15.825+0000] {processor.py:161} INFO - Started process (PID=26703) to work on /opt/airflow/dags/data/models/Sao Tome and Principe/cases_TS_model.pkl
[2024-08-17T12:17:15.827+0000] {processor.py:830} INFO - Processing file /opt/airflow/dags/data/models/Sao Tome and Principe/cases_TS_model.pkl for tasks to queue
[2024-08-17T12:17:15.828+0000] {logging_mixin.py:188} INFO - [2024-08-17T12:17:15.828+0000] {dagbag.py:545} INFO - Filling up the DagBag from /opt/airflow/dags/data/models/Sao Tome and Principe/cases_TS_model.pkl
[2024-08-17T12:17:15.847+0000] {processor.py:842} WARNING - No viable dags retrieved from /opt/airflow/dags/data/models/Sao Tome and Principe/cases_TS_model.pkl
[2024-08-17T12:17:15.864+0000] {processor.py:183} INFO - Processing /opt/airflow/dags/data/models/Sao Tome and Principe/cases_TS_model.pkl took 0.046 seconds
[2024-08-17T12:18:45.941+0000] {processor.py:161} INFO - Started process (PID=27590) to work on /opt/airflow/dags/data/models/Sao Tome and Principe/cases_TS_model.pkl
[2024-08-17T12:18:45.943+0000] {processor.py:830} INFO - Processing file /opt/airflow/dags/data/models/Sao Tome and Principe/cases_TS_model.pkl for tasks to queue
[2024-08-17T12:18:45.944+0000] {logging_mixin.py:188} INFO - [2024-08-17T12:18:45.944+0000] {dagbag.py:545} INFO - Filling up the DagBag from /opt/airflow/dags/data/models/Sao Tome and Principe/cases_TS_model.pkl
[2024-08-17T12:18:45.973+0000] {processor.py:842} WARNING - No viable dags retrieved from /opt/airflow/dags/data/models/Sao Tome and Principe/cases_TS_model.pkl
[2024-08-17T12:18:45.994+0000] {processor.py:183} INFO - Processing /opt/airflow/dags/data/models/Sao Tome and Principe/cases_TS_model.pkl took 0.063 seconds
[2024-08-17T12:19:37.713+0000] {processor.py:161} INFO - Started process (PID=28347) to work on /opt/airflow/dags/data/models/Sao Tome and Principe/cases_TS_model.pkl
[2024-08-17T12:19:37.714+0000] {processor.py:830} INFO - Processing file /opt/airflow/dags/data/models/Sao Tome and Principe/cases_TS_model.pkl for tasks to queue
[2024-08-17T12:19:37.715+0000] {logging_mixin.py:188} INFO - [2024-08-17T12:19:37.715+0000] {dagbag.py:545} INFO - Filling up the DagBag from /opt/airflow/dags/data/models/Sao Tome and Principe/cases_TS_model.pkl
[2024-08-17T12:19:37.735+0000] {processor.py:842} WARNING - No viable dags retrieved from /opt/airflow/dags/data/models/Sao Tome and Principe/cases_TS_model.pkl
[2024-08-17T12:19:37.755+0000] {processor.py:183} INFO - Processing /opt/airflow/dags/data/models/Sao Tome and Principe/cases_TS_model.pkl took 0.050 seconds
[2024-08-17T12:20:22.462+0000] {processor.py:161} INFO - Started process (PID=29024) to work on /opt/airflow/dags/data/models/Sao Tome and Principe/cases_TS_model.pkl
[2024-08-17T12:20:22.464+0000] {processor.py:830} INFO - Processing file /opt/airflow/dags/data/models/Sao Tome and Principe/cases_TS_model.pkl for tasks to queue
[2024-08-17T12:20:22.467+0000] {logging_mixin.py:188} INFO - [2024-08-17T12:20:22.466+0000] {dagbag.py:545} INFO - Filling up the DagBag from /opt/airflow/dags/data/models/Sao Tome and Principe/cases_TS_model.pkl
[2024-08-17T12:20:22.490+0000] {processor.py:842} WARNING - No viable dags retrieved from /opt/airflow/dags/data/models/Sao Tome and Principe/cases_TS_model.pkl
[2024-08-17T12:20:22.513+0000] {processor.py:183} INFO - Processing /opt/airflow/dags/data/models/Sao Tome and Principe/cases_TS_model.pkl took 0.059 seconds
[2024-08-17T12:21:23.625+0000] {processor.py:161} INFO - Started process (PID=29786) to work on /opt/airflow/dags/data/models/Sao Tome and Principe/cases_TS_model.pkl
[2024-08-17T12:21:23.627+0000] {processor.py:830} INFO - Processing file /opt/airflow/dags/data/models/Sao Tome and Principe/cases_TS_model.pkl for tasks to queue
[2024-08-17T12:21:23.628+0000] {logging_mixin.py:188} INFO - [2024-08-17T12:21:23.628+0000] {dagbag.py:545} INFO - Filling up the DagBag from /opt/airflow/dags/data/models/Sao Tome and Principe/cases_TS_model.pkl
[2024-08-17T12:21:23.651+0000] {processor.py:842} WARNING - No viable dags retrieved from /opt/airflow/dags/data/models/Sao Tome and Principe/cases_TS_model.pkl
[2024-08-17T12:21:23.668+0000] {processor.py:183} INFO - Processing /opt/airflow/dags/data/models/Sao Tome and Principe/cases_TS_model.pkl took 0.050 seconds
[2024-08-17T12:22:19.604+0000] {processor.py:161} INFO - Started process (PID=30622) to work on /opt/airflow/dags/data/models/Sao Tome and Principe/cases_TS_model.pkl
[2024-08-17T12:22:19.607+0000] {processor.py:830} INFO - Processing file /opt/airflow/dags/data/models/Sao Tome and Principe/cases_TS_model.pkl for tasks to queue
[2024-08-17T12:22:19.608+0000] {logging_mixin.py:188} INFO - [2024-08-17T12:22:19.608+0000] {dagbag.py:545} INFO - Filling up the DagBag from /opt/airflow/dags/data/models/Sao Tome and Principe/cases_TS_model.pkl
[2024-08-17T12:22:19.631+0000] {processor.py:842} WARNING - No viable dags retrieved from /opt/airflow/dags/data/models/Sao Tome and Principe/cases_TS_model.pkl
[2024-08-17T12:22:19.651+0000] {processor.py:183} INFO - Processing /opt/airflow/dags/data/models/Sao Tome and Principe/cases_TS_model.pkl took 0.056 seconds
[2024-08-17T12:23:26.650+0000] {processor.py:161} INFO - Started process (PID=31308) to work on /opt/airflow/dags/data/models/Sao Tome and Principe/cases_TS_model.pkl
[2024-08-17T12:23:26.652+0000] {processor.py:830} INFO - Processing file /opt/airflow/dags/data/models/Sao Tome and Principe/cases_TS_model.pkl for tasks to queue
[2024-08-17T12:23:26.653+0000] {logging_mixin.py:188} INFO - [2024-08-17T12:23:26.653+0000] {dagbag.py:545} INFO - Filling up the DagBag from /opt/airflow/dags/data/models/Sao Tome and Principe/cases_TS_model.pkl
[2024-08-17T12:23:26.671+0000] {processor.py:842} WARNING - No viable dags retrieved from /opt/airflow/dags/data/models/Sao Tome and Principe/cases_TS_model.pkl
[2024-08-17T12:23:26.688+0000] {processor.py:183} INFO - Processing /opt/airflow/dags/data/models/Sao Tome and Principe/cases_TS_model.pkl took 0.043 seconds
[2024-08-17T12:24:06.630+0000] {processor.py:161} INFO - Started process (PID=31985) to work on /opt/airflow/dags/data/models/Sao Tome and Principe/cases_TS_model.pkl
[2024-08-17T12:24:06.631+0000] {processor.py:830} INFO - Processing file /opt/airflow/dags/data/models/Sao Tome and Principe/cases_TS_model.pkl for tasks to queue
[2024-08-17T12:24:06.633+0000] {logging_mixin.py:188} INFO - [2024-08-17T12:24:06.632+0000] {dagbag.py:545} INFO - Filling up the DagBag from /opt/airflow/dags/data/models/Sao Tome and Principe/cases_TS_model.pkl
[2024-08-17T12:24:06.650+0000] {processor.py:842} WARNING - No viable dags retrieved from /opt/airflow/dags/data/models/Sao Tome and Principe/cases_TS_model.pkl
[2024-08-17T12:24:06.669+0000] {processor.py:183} INFO - Processing /opt/airflow/dags/data/models/Sao Tome and Principe/cases_TS_model.pkl took 0.045 seconds
[2024-08-17T12:24:28.466+0000] {processor.py:161} INFO - Started process (PID=32320) to work on /opt/airflow/dags/data/models/Sao Tome and Principe/cases_TS_model.pkl
[2024-08-17T12:24:28.467+0000] {processor.py:830} INFO - Processing file /opt/airflow/dags/data/models/Sao Tome and Principe/cases_TS_model.pkl for tasks to queue
[2024-08-17T12:24:28.469+0000] {logging_mixin.py:188} INFO - [2024-08-17T12:24:28.469+0000] {dagbag.py:545} INFO - Filling up the DagBag from /opt/airflow/dags/data/models/Sao Tome and Principe/cases_TS_model.pkl
[2024-08-17T12:24:28.488+0000] {processor.py:842} WARNING - No viable dags retrieved from /opt/airflow/dags/data/models/Sao Tome and Principe/cases_TS_model.pkl
[2024-08-17T12:24:28.502+0000] {processor.py:183} INFO - Processing /opt/airflow/dags/data/models/Sao Tome and Principe/cases_TS_model.pkl took 0.045 seconds
[2024-08-17T12:25:08.932+0000] {processor.py:161} INFO - Started process (PID=33002) to work on /opt/airflow/dags/data/models/Sao Tome and Principe/cases_TS_model.pkl
[2024-08-17T12:25:08.933+0000] {processor.py:830} INFO - Processing file /opt/airflow/dags/data/models/Sao Tome and Principe/cases_TS_model.pkl for tasks to queue
[2024-08-17T12:25:08.934+0000] {logging_mixin.py:188} INFO - [2024-08-17T12:25:08.933+0000] {dagbag.py:545} INFO - Filling up the DagBag from /opt/airflow/dags/data/models/Sao Tome and Principe/cases_TS_model.pkl
[2024-08-17T12:25:08.949+0000] {processor.py:842} WARNING - No viable dags retrieved from /opt/airflow/dags/data/models/Sao Tome and Principe/cases_TS_model.pkl
[2024-08-17T12:25:08.962+0000] {processor.py:183} INFO - Processing /opt/airflow/dags/data/models/Sao Tome and Principe/cases_TS_model.pkl took 0.035 seconds
[2024-08-17T12:25:48.386+0000] {processor.py:161} INFO - Started process (PID=33695) to work on /opt/airflow/dags/data/models/Sao Tome and Principe/cases_TS_model.pkl
[2024-08-17T12:25:48.391+0000] {processor.py:830} INFO - Processing file /opt/airflow/dags/data/models/Sao Tome and Principe/cases_TS_model.pkl for tasks to queue
[2024-08-17T12:25:48.392+0000] {logging_mixin.py:188} INFO - [2024-08-17T12:25:48.392+0000] {dagbag.py:545} INFO - Filling up the DagBag from /opt/airflow/dags/data/models/Sao Tome and Principe/cases_TS_model.pkl
[2024-08-17T12:25:48.404+0000] {processor.py:842} WARNING - No viable dags retrieved from /opt/airflow/dags/data/models/Sao Tome and Principe/cases_TS_model.pkl
[2024-08-17T12:25:48.433+0000] {processor.py:183} INFO - Processing /opt/airflow/dags/data/models/Sao Tome and Principe/cases_TS_model.pkl took 0.052 seconds
[2024-08-17T12:26:23.726+0000] {processor.py:161} INFO - Started process (PID=34380) to work on /opt/airflow/dags/data/models/Sao Tome and Principe/cases_TS_model.pkl
[2024-08-17T12:26:23.727+0000] {processor.py:830} INFO - Processing file /opt/airflow/dags/data/models/Sao Tome and Principe/cases_TS_model.pkl for tasks to queue
[2024-08-17T12:26:23.728+0000] {logging_mixin.py:188} INFO - [2024-08-17T12:26:23.728+0000] {dagbag.py:545} INFO - Filling up the DagBag from /opt/airflow/dags/data/models/Sao Tome and Principe/cases_TS_model.pkl
[2024-08-17T12:26:23.747+0000] {processor.py:842} WARNING - No viable dags retrieved from /opt/airflow/dags/data/models/Sao Tome and Principe/cases_TS_model.pkl
[2024-08-17T12:26:23.760+0000] {processor.py:183} INFO - Processing /opt/airflow/dags/data/models/Sao Tome and Principe/cases_TS_model.pkl took 0.041 seconds
[2024-08-17T12:27:01.736+0000] {processor.py:161} INFO - Started process (PID=35089) to work on /opt/airflow/dags/data/models/Sao Tome and Principe/cases_TS_model.pkl
[2024-08-17T12:27:01.737+0000] {processor.py:830} INFO - Processing file /opt/airflow/dags/data/models/Sao Tome and Principe/cases_TS_model.pkl for tasks to queue
[2024-08-17T12:27:01.738+0000] {logging_mixin.py:188} INFO - [2024-08-17T12:27:01.738+0000] {dagbag.py:545} INFO - Filling up the DagBag from /opt/airflow/dags/data/models/Sao Tome and Principe/cases_TS_model.pkl
[2024-08-17T12:27:01.755+0000] {processor.py:842} WARNING - No viable dags retrieved from /opt/airflow/dags/data/models/Sao Tome and Principe/cases_TS_model.pkl
[2024-08-17T12:27:01.767+0000] {processor.py:183} INFO - Processing /opt/airflow/dags/data/models/Sao Tome and Principe/cases_TS_model.pkl took 0.036 seconds
[2024-08-17T12:27:33.679+0000] {processor.py:161} INFO - Started process (PID=35687) to work on /opt/airflow/dags/data/models/Sao Tome and Principe/cases_TS_model.pkl
[2024-08-17T12:27:33.680+0000] {processor.py:830} INFO - Processing file /opt/airflow/dags/data/models/Sao Tome and Principe/cases_TS_model.pkl for tasks to queue
[2024-08-17T12:27:33.681+0000] {logging_mixin.py:188} INFO - [2024-08-17T12:27:33.681+0000] {dagbag.py:545} INFO - Filling up the DagBag from /opt/airflow/dags/data/models/Sao Tome and Principe/cases_TS_model.pkl
[2024-08-17T12:27:33.694+0000] {processor.py:842} WARNING - No viable dags retrieved from /opt/airflow/dags/data/models/Sao Tome and Principe/cases_TS_model.pkl
[2024-08-17T12:27:33.705+0000] {processor.py:183} INFO - Processing /opt/airflow/dags/data/models/Sao Tome and Principe/cases_TS_model.pkl took 0.030 seconds
[2024-08-17T12:28:15.622+0000] {processor.py:161} INFO - Started process (PID=36230) to work on /opt/airflow/dags/data/models/Sao Tome and Principe/cases_TS_model.pkl
[2024-08-17T12:28:15.623+0000] {processor.py:830} INFO - Processing file /opt/airflow/dags/data/models/Sao Tome and Principe/cases_TS_model.pkl for tasks to queue
[2024-08-17T12:28:15.624+0000] {logging_mixin.py:188} INFO - [2024-08-17T12:28:15.624+0000] {dagbag.py:545} INFO - Filling up the DagBag from /opt/airflow/dags/data/models/Sao Tome and Principe/cases_TS_model.pkl
[2024-08-17T12:28:15.639+0000] {processor.py:842} WARNING - No viable dags retrieved from /opt/airflow/dags/data/models/Sao Tome and Principe/cases_TS_model.pkl
[2024-08-17T12:28:15.650+0000] {processor.py:183} INFO - Processing /opt/airflow/dags/data/models/Sao Tome and Principe/cases_TS_model.pkl took 0.033 seconds
[2024-08-17T12:28:49.387+0000] {processor.py:161} INFO - Started process (PID=36976) to work on /opt/airflow/dags/data/models/Sao Tome and Principe/cases_TS_model.pkl
[2024-08-17T12:28:49.388+0000] {processor.py:830} INFO - Processing file /opt/airflow/dags/data/models/Sao Tome and Principe/cases_TS_model.pkl for tasks to queue
[2024-08-17T12:28:49.389+0000] {logging_mixin.py:188} INFO - [2024-08-17T12:28:49.388+0000] {dagbag.py:545} INFO - Filling up the DagBag from /opt/airflow/dags/data/models/Sao Tome and Principe/cases_TS_model.pkl
[2024-08-17T12:28:49.406+0000] {processor.py:842} WARNING - No viable dags retrieved from /opt/airflow/dags/data/models/Sao Tome and Principe/cases_TS_model.pkl
[2024-08-17T12:28:49.417+0000] {processor.py:183} INFO - Processing /opt/airflow/dags/data/models/Sao Tome and Principe/cases_TS_model.pkl took 0.034 seconds
[2024-08-17T12:29:24.232+0000] {processor.py:161} INFO - Started process (PID=37705) to work on /opt/airflow/dags/data/models/Sao Tome and Principe/cases_TS_model.pkl
[2024-08-17T12:29:24.238+0000] {processor.py:830} INFO - Processing file /opt/airflow/dags/data/models/Sao Tome and Principe/cases_TS_model.pkl for tasks to queue
[2024-08-17T12:29:24.242+0000] {logging_mixin.py:188} INFO - [2024-08-17T12:29:24.241+0000] {dagbag.py:545} INFO - Filling up the DagBag from /opt/airflow/dags/data/models/Sao Tome and Principe/cases_TS_model.pkl
[2024-08-17T12:29:24.332+0000] {processor.py:842} WARNING - No viable dags retrieved from /opt/airflow/dags/data/models/Sao Tome and Principe/cases_TS_model.pkl
[2024-08-17T12:29:24.343+0000] {processor.py:183} INFO - Processing /opt/airflow/dags/data/models/Sao Tome and Principe/cases_TS_model.pkl took 0.116 seconds
[2024-08-17T12:29:57.104+0000] {processor.py:161} INFO - Started process (PID=38432) to work on /opt/airflow/dags/data/models/Sao Tome and Principe/cases_TS_model.pkl
[2024-08-17T12:29:57.104+0000] {processor.py:830} INFO - Processing file /opt/airflow/dags/data/models/Sao Tome and Principe/cases_TS_model.pkl for tasks to queue
[2024-08-17T12:29:57.105+0000] {logging_mixin.py:188} INFO - [2024-08-17T12:29:57.105+0000] {dagbag.py:545} INFO - Filling up the DagBag from /opt/airflow/dags/data/models/Sao Tome and Principe/cases_TS_model.pkl
[2024-08-17T12:29:57.117+0000] {processor.py:842} WARNING - No viable dags retrieved from /opt/airflow/dags/data/models/Sao Tome and Principe/cases_TS_model.pkl
[2024-08-17T12:29:57.127+0000] {processor.py:183} INFO - Processing /opt/airflow/dags/data/models/Sao Tome and Principe/cases_TS_model.pkl took 0.027 seconds
[2024-08-17T12:30:29.720+0000] {processor.py:161} INFO - Started process (PID=39162) to work on /opt/airflow/dags/data/models/Sao Tome and Principe/cases_TS_model.pkl
[2024-08-17T12:30:29.721+0000] {processor.py:830} INFO - Processing file /opt/airflow/dags/data/models/Sao Tome and Principe/cases_TS_model.pkl for tasks to queue
[2024-08-17T12:30:29.721+0000] {logging_mixin.py:188} INFO - [2024-08-17T12:30:29.721+0000] {dagbag.py:545} INFO - Filling up the DagBag from /opt/airflow/dags/data/models/Sao Tome and Principe/cases_TS_model.pkl
[2024-08-17T12:30:29.729+0000] {processor.py:842} WARNING - No viable dags retrieved from /opt/airflow/dags/data/models/Sao Tome and Principe/cases_TS_model.pkl
[2024-08-17T12:30:29.738+0000] {processor.py:183} INFO - Processing /opt/airflow/dags/data/models/Sao Tome and Principe/cases_TS_model.pkl took 0.022 seconds
[2024-08-17T12:31:01.729+0000] {processor.py:161} INFO - Started process (PID=39900) to work on /opt/airflow/dags/data/models/Sao Tome and Principe/cases_TS_model.pkl
[2024-08-17T12:31:01.729+0000] {processor.py:830} INFO - Processing file /opt/airflow/dags/data/models/Sao Tome and Principe/cases_TS_model.pkl for tasks to queue
[2024-08-17T12:31:01.730+0000] {logging_mixin.py:188} INFO - [2024-08-17T12:31:01.730+0000] {dagbag.py:545} INFO - Filling up the DagBag from /opt/airflow/dags/data/models/Sao Tome and Principe/cases_TS_model.pkl
[2024-08-17T12:31:01.739+0000] {processor.py:842} WARNING - No viable dags retrieved from /opt/airflow/dags/data/models/Sao Tome and Principe/cases_TS_model.pkl
[2024-08-17T12:31:01.748+0000] {processor.py:183} INFO - Processing /opt/airflow/dags/data/models/Sao Tome and Principe/cases_TS_model.pkl took 0.023 seconds
[2024-08-17T12:31:34.822+0000] {processor.py:161} INFO - Started process (PID=40630) to work on /opt/airflow/dags/data/models/Sao Tome and Principe/cases_TS_model.pkl
[2024-08-17T12:31:34.823+0000] {processor.py:830} INFO - Processing file /opt/airflow/dags/data/models/Sao Tome and Principe/cases_TS_model.pkl for tasks to queue
[2024-08-17T12:31:34.824+0000] {logging_mixin.py:188} INFO - [2024-08-17T12:31:34.824+0000] {dagbag.py:545} INFO - Filling up the DagBag from /opt/airflow/dags/data/models/Sao Tome and Principe/cases_TS_model.pkl
[2024-08-17T12:31:34.833+0000] {processor.py:842} WARNING - No viable dags retrieved from /opt/airflow/dags/data/models/Sao Tome and Principe/cases_TS_model.pkl
[2024-08-17T12:31:34.842+0000] {processor.py:183} INFO - Processing /opt/airflow/dags/data/models/Sao Tome and Principe/cases_TS_model.pkl took 0.024 seconds
[2024-08-17T12:32:09.852+0000] {processor.py:161} INFO - Started process (PID=41335) to work on /opt/airflow/dags/data/models/Sao Tome and Principe/cases_TS_model.pkl
[2024-08-17T12:32:09.853+0000] {processor.py:830} INFO - Processing file /opt/airflow/dags/data/models/Sao Tome and Principe/cases_TS_model.pkl for tasks to queue
[2024-08-17T12:32:09.854+0000] {logging_mixin.py:188} INFO - [2024-08-17T12:32:09.853+0000] {dagbag.py:545} INFO - Filling up the DagBag from /opt/airflow/dags/data/models/Sao Tome and Principe/cases_TS_model.pkl
[2024-08-17T12:32:09.862+0000] {processor.py:842} WARNING - No viable dags retrieved from /opt/airflow/dags/data/models/Sao Tome and Principe/cases_TS_model.pkl
[2024-08-17T12:32:09.873+0000] {processor.py:183} INFO - Processing /opt/airflow/dags/data/models/Sao Tome and Principe/cases_TS_model.pkl took 0.024 seconds
[2024-08-17T12:32:41.498+0000] {processor.py:161} INFO - Started process (PID=42059) to work on /opt/airflow/dags/data/models/Sao Tome and Principe/cases_TS_model.pkl
[2024-08-17T12:32:41.498+0000] {processor.py:830} INFO - Processing file /opt/airflow/dags/data/models/Sao Tome and Principe/cases_TS_model.pkl for tasks to queue
[2024-08-17T12:32:41.499+0000] {logging_mixin.py:188} INFO - [2024-08-17T12:32:41.499+0000] {dagbag.py:545} INFO - Filling up the DagBag from /opt/airflow/dags/data/models/Sao Tome and Principe/cases_TS_model.pkl
[2024-08-17T12:32:41.509+0000] {processor.py:842} WARNING - No viable dags retrieved from /opt/airflow/dags/data/models/Sao Tome and Principe/cases_TS_model.pkl
[2024-08-17T12:32:41.519+0000] {processor.py:183} INFO - Processing /opt/airflow/dags/data/models/Sao Tome and Principe/cases_TS_model.pkl took 0.025 seconds
[2024-08-17T12:33:13.783+0000] {processor.py:161} INFO - Started process (PID=42643) to work on /opt/airflow/dags/data/models/Sao Tome and Principe/cases_TS_model.pkl
[2024-08-17T12:33:13.784+0000] {processor.py:830} INFO - Processing file /opt/airflow/dags/data/models/Sao Tome and Principe/cases_TS_model.pkl for tasks to queue
[2024-08-17T12:33:13.784+0000] {logging_mixin.py:188} INFO - [2024-08-17T12:33:13.784+0000] {dagbag.py:545} INFO - Filling up the DagBag from /opt/airflow/dags/data/models/Sao Tome and Principe/cases_TS_model.pkl
[2024-08-17T12:33:13.798+0000] {processor.py:842} WARNING - No viable dags retrieved from /opt/airflow/dags/data/models/Sao Tome and Principe/cases_TS_model.pkl
[2024-08-17T12:33:13.807+0000] {processor.py:183} INFO - Processing /opt/airflow/dags/data/models/Sao Tome and Principe/cases_TS_model.pkl took 0.028 seconds
[2024-08-17T12:33:47.942+0000] {processor.py:161} INFO - Started process (PID=43353) to work on /opt/airflow/dags/data/models/Sao Tome and Principe/cases_TS_model.pkl
[2024-08-17T12:33:47.943+0000] {processor.py:830} INFO - Processing file /opt/airflow/dags/data/models/Sao Tome and Principe/cases_TS_model.pkl for tasks to queue
[2024-08-17T12:33:47.943+0000] {logging_mixin.py:188} INFO - [2024-08-17T12:33:47.943+0000] {dagbag.py:545} INFO - Filling up the DagBag from /opt/airflow/dags/data/models/Sao Tome and Principe/cases_TS_model.pkl
[2024-08-17T12:33:47.956+0000] {processor.py:842} WARNING - No viable dags retrieved from /opt/airflow/dags/data/models/Sao Tome and Principe/cases_TS_model.pkl
[2024-08-17T12:33:47.966+0000] {processor.py:183} INFO - Processing /opt/airflow/dags/data/models/Sao Tome and Principe/cases_TS_model.pkl took 0.027 seconds
[2024-08-17T12:34:21.522+0000] {processor.py:161} INFO - Started process (PID=44076) to work on /opt/airflow/dags/data/models/Sao Tome and Principe/cases_TS_model.pkl
[2024-08-17T12:34:21.523+0000] {processor.py:830} INFO - Processing file /opt/airflow/dags/data/models/Sao Tome and Principe/cases_TS_model.pkl for tasks to queue
[2024-08-17T12:34:21.523+0000] {logging_mixin.py:188} INFO - [2024-08-17T12:34:21.523+0000] {dagbag.py:545} INFO - Filling up the DagBag from /opt/airflow/dags/data/models/Sao Tome and Principe/cases_TS_model.pkl
[2024-08-17T12:34:21.532+0000] {processor.py:842} WARNING - No viable dags retrieved from /opt/airflow/dags/data/models/Sao Tome and Principe/cases_TS_model.pkl
[2024-08-17T12:34:21.541+0000] {processor.py:183} INFO - Processing /opt/airflow/dags/data/models/Sao Tome and Principe/cases_TS_model.pkl took 0.023 seconds
[2024-08-17T12:34:54.533+0000] {processor.py:161} INFO - Started process (PID=44812) to work on /opt/airflow/dags/data/models/Sao Tome and Principe/cases_TS_model.pkl
[2024-08-17T12:34:54.534+0000] {processor.py:830} INFO - Processing file /opt/airflow/dags/data/models/Sao Tome and Principe/cases_TS_model.pkl for tasks to queue
[2024-08-17T12:34:54.534+0000] {logging_mixin.py:188} INFO - [2024-08-17T12:34:54.534+0000] {dagbag.py:545} INFO - Filling up the DagBag from /opt/airflow/dags/data/models/Sao Tome and Principe/cases_TS_model.pkl
[2024-08-17T12:34:54.543+0000] {processor.py:842} WARNING - No viable dags retrieved from /opt/airflow/dags/data/models/Sao Tome and Principe/cases_TS_model.pkl
[2024-08-17T12:34:54.553+0000] {processor.py:183} INFO - Processing /opt/airflow/dags/data/models/Sao Tome and Principe/cases_TS_model.pkl took 0.023 seconds
[2024-08-17T12:35:26.565+0000] {processor.py:161} INFO - Started process (PID=45538) to work on /opt/airflow/dags/data/models/Sao Tome and Principe/cases_TS_model.pkl
[2024-08-17T12:35:26.566+0000] {processor.py:830} INFO - Processing file /opt/airflow/dags/data/models/Sao Tome and Principe/cases_TS_model.pkl for tasks to queue
[2024-08-17T12:35:26.566+0000] {logging_mixin.py:188} INFO - [2024-08-17T12:35:26.566+0000] {dagbag.py:545} INFO - Filling up the DagBag from /opt/airflow/dags/data/models/Sao Tome and Principe/cases_TS_model.pkl
[2024-08-17T12:35:26.574+0000] {processor.py:842} WARNING - No viable dags retrieved from /opt/airflow/dags/data/models/Sao Tome and Principe/cases_TS_model.pkl
[2024-08-17T12:35:26.583+0000] {processor.py:183} INFO - Processing /opt/airflow/dags/data/models/Sao Tome and Principe/cases_TS_model.pkl took 0.022 seconds
[2024-08-17T12:35:59.522+0000] {processor.py:161} INFO - Started process (PID=46281) to work on /opt/airflow/dags/data/models/Sao Tome and Principe/cases_TS_model.pkl
[2024-08-17T12:35:59.523+0000] {processor.py:830} INFO - Processing file /opt/airflow/dags/data/models/Sao Tome and Principe/cases_TS_model.pkl for tasks to queue
[2024-08-17T12:35:59.523+0000] {logging_mixin.py:188} INFO - [2024-08-17T12:35:59.523+0000] {dagbag.py:545} INFO - Filling up the DagBag from /opt/airflow/dags/data/models/Sao Tome and Principe/cases_TS_model.pkl
[2024-08-17T12:35:59.533+0000] {processor.py:842} WARNING - No viable dags retrieved from /opt/airflow/dags/data/models/Sao Tome and Principe/cases_TS_model.pkl
[2024-08-17T12:35:59.543+0000] {processor.py:183} INFO - Processing /opt/airflow/dags/data/models/Sao Tome and Principe/cases_TS_model.pkl took 0.025 seconds
[2024-08-17T12:36:31.842+0000] {processor.py:161} INFO - Started process (PID=47008) to work on /opt/airflow/dags/data/models/Sao Tome and Principe/cases_TS_model.pkl
[2024-08-17T12:36:31.843+0000] {processor.py:830} INFO - Processing file /opt/airflow/dags/data/models/Sao Tome and Principe/cases_TS_model.pkl for tasks to queue
[2024-08-17T12:36:31.843+0000] {logging_mixin.py:188} INFO - [2024-08-17T12:36:31.843+0000] {dagbag.py:545} INFO - Filling up the DagBag from /opt/airflow/dags/data/models/Sao Tome and Principe/cases_TS_model.pkl
[2024-08-17T12:36:31.851+0000] {processor.py:842} WARNING - No viable dags retrieved from /opt/airflow/dags/data/models/Sao Tome and Principe/cases_TS_model.pkl
[2024-08-17T12:36:31.860+0000] {processor.py:183} INFO - Processing /opt/airflow/dags/data/models/Sao Tome and Principe/cases_TS_model.pkl took 0.021 seconds
[2024-08-17T12:37:03.842+0000] {processor.py:161} INFO - Started process (PID=47713) to work on /opt/airflow/dags/data/models/Sao Tome and Principe/cases_TS_model.pkl
[2024-08-17T12:37:03.843+0000] {processor.py:830} INFO - Processing file /opt/airflow/dags/data/models/Sao Tome and Principe/cases_TS_model.pkl for tasks to queue
[2024-08-17T12:37:03.844+0000] {logging_mixin.py:188} INFO - [2024-08-17T12:37:03.843+0000] {dagbag.py:545} INFO - Filling up the DagBag from /opt/airflow/dags/data/models/Sao Tome and Principe/cases_TS_model.pkl
[2024-08-17T12:37:03.857+0000] {processor.py:842} WARNING - No viable dags retrieved from /opt/airflow/dags/data/models/Sao Tome and Principe/cases_TS_model.pkl
[2024-08-17T12:37:03.866+0000] {processor.py:183} INFO - Processing /opt/airflow/dags/data/models/Sao Tome and Principe/cases_TS_model.pkl took 0.028 seconds
[2024-08-17T12:37:36.668+0000] {processor.py:161} INFO - Started process (PID=48456) to work on /opt/airflow/dags/data/models/Sao Tome and Principe/cases_TS_model.pkl
[2024-08-17T12:37:36.669+0000] {processor.py:830} INFO - Processing file /opt/airflow/dags/data/models/Sao Tome and Principe/cases_TS_model.pkl for tasks to queue
[2024-08-17T12:37:36.670+0000] {logging_mixin.py:188} INFO - [2024-08-17T12:37:36.669+0000] {dagbag.py:545} INFO - Filling up the DagBag from /opt/airflow/dags/data/models/Sao Tome and Principe/cases_TS_model.pkl
[2024-08-17T12:37:36.677+0000] {processor.py:842} WARNING - No viable dags retrieved from /opt/airflow/dags/data/models/Sao Tome and Principe/cases_TS_model.pkl
[2024-08-17T12:37:36.686+0000] {processor.py:183} INFO - Processing /opt/airflow/dags/data/models/Sao Tome and Principe/cases_TS_model.pkl took 0.021 seconds
[2024-08-17T12:38:12.623+0000] {processor.py:161} INFO - Started process (PID=49142) to work on /opt/airflow/dags/data/models/Sao Tome and Principe/cases_TS_model.pkl
[2024-08-17T12:38:12.624+0000] {processor.py:830} INFO - Processing file /opt/airflow/dags/data/models/Sao Tome and Principe/cases_TS_model.pkl for tasks to queue
[2024-08-17T12:38:12.624+0000] {logging_mixin.py:188} INFO - [2024-08-17T12:38:12.624+0000] {dagbag.py:545} INFO - Filling up the DagBag from /opt/airflow/dags/data/models/Sao Tome and Principe/cases_TS_model.pkl
[2024-08-17T12:38:12.632+0000] {processor.py:842} WARNING - No viable dags retrieved from /opt/airflow/dags/data/models/Sao Tome and Principe/cases_TS_model.pkl
[2024-08-17T12:38:12.641+0000] {processor.py:183} INFO - Processing /opt/airflow/dags/data/models/Sao Tome and Principe/cases_TS_model.pkl took 0.021 seconds
[2024-08-17T12:38:45.428+0000] {processor.py:161} INFO - Started process (PID=49835) to work on /opt/airflow/dags/data/models/Sao Tome and Principe/cases_TS_model.pkl
[2024-08-17T12:38:45.429+0000] {processor.py:830} INFO - Processing file /opt/airflow/dags/data/models/Sao Tome and Principe/cases_TS_model.pkl for tasks to queue
[2024-08-17T12:38:45.429+0000] {logging_mixin.py:188} INFO - [2024-08-17T12:38:45.429+0000] {dagbag.py:545} INFO - Filling up the DagBag from /opt/airflow/dags/data/models/Sao Tome and Principe/cases_TS_model.pkl
[2024-08-17T12:38:45.460+0000] {processor.py:842} WARNING - No viable dags retrieved from /opt/airflow/dags/data/models/Sao Tome and Principe/cases_TS_model.pkl
[2024-08-17T12:38:45.471+0000] {processor.py:183} INFO - Processing /opt/airflow/dags/data/models/Sao Tome and Principe/cases_TS_model.pkl took 0.047 seconds
[2024-08-17T12:39:18.692+0000] {processor.py:161} INFO - Started process (PID=50578) to work on /opt/airflow/dags/data/models/Sao Tome and Principe/cases_TS_model.pkl
[2024-08-17T12:39:18.692+0000] {processor.py:830} INFO - Processing file /opt/airflow/dags/data/models/Sao Tome and Principe/cases_TS_model.pkl for tasks to queue
[2024-08-17T12:39:18.693+0000] {logging_mixin.py:188} INFO - [2024-08-17T12:39:18.693+0000] {dagbag.py:545} INFO - Filling up the DagBag from /opt/airflow/dags/data/models/Sao Tome and Principe/cases_TS_model.pkl
[2024-08-17T12:39:18.700+0000] {processor.py:842} WARNING - No viable dags retrieved from /opt/airflow/dags/data/models/Sao Tome and Principe/cases_TS_model.pkl
[2024-08-17T12:39:18.710+0000] {processor.py:183} INFO - Processing /opt/airflow/dags/data/models/Sao Tome and Principe/cases_TS_model.pkl took 0.022 seconds
[2024-08-17T12:39:51.292+0000] {processor.py:161} INFO - Started process (PID=51295) to work on /opt/airflow/dags/data/models/Sao Tome and Principe/cases_TS_model.pkl
[2024-08-17T12:39:51.293+0000] {processor.py:830} INFO - Processing file /opt/airflow/dags/data/models/Sao Tome and Principe/cases_TS_model.pkl for tasks to queue
[2024-08-17T12:39:51.294+0000] {logging_mixin.py:188} INFO - [2024-08-17T12:39:51.293+0000] {dagbag.py:545} INFO - Filling up the DagBag from /opt/airflow/dags/data/models/Sao Tome and Principe/cases_TS_model.pkl
[2024-08-17T12:39:51.306+0000] {processor.py:842} WARNING - No viable dags retrieved from /opt/airflow/dags/data/models/Sao Tome and Principe/cases_TS_model.pkl
[2024-08-17T12:39:51.317+0000] {processor.py:183} INFO - Processing /opt/airflow/dags/data/models/Sao Tome and Principe/cases_TS_model.pkl took 0.029 seconds
[2024-08-17T12:40:23.398+0000] {processor.py:161} INFO - Started process (PID=52038) to work on /opt/airflow/dags/data/models/Sao Tome and Principe/cases_TS_model.pkl
[2024-08-17T12:40:23.398+0000] {processor.py:830} INFO - Processing file /opt/airflow/dags/data/models/Sao Tome and Principe/cases_TS_model.pkl for tasks to queue
[2024-08-17T12:40:23.399+0000] {logging_mixin.py:188} INFO - [2024-08-17T12:40:23.399+0000] {dagbag.py:545} INFO - Filling up the DagBag from /opt/airflow/dags/data/models/Sao Tome and Principe/cases_TS_model.pkl
[2024-08-17T12:40:23.408+0000] {processor.py:842} WARNING - No viable dags retrieved from /opt/airflow/dags/data/models/Sao Tome and Principe/cases_TS_model.pkl
[2024-08-17T12:40:23.417+0000] {processor.py:183} INFO - Processing /opt/airflow/dags/data/models/Sao Tome and Principe/cases_TS_model.pkl took 0.023 seconds
[2024-08-17T12:40:55.369+0000] {processor.py:161} INFO - Started process (PID=52773) to work on /opt/airflow/dags/data/models/Sao Tome and Principe/cases_TS_model.pkl
[2024-08-17T12:40:55.369+0000] {processor.py:830} INFO - Processing file /opt/airflow/dags/data/models/Sao Tome and Principe/cases_TS_model.pkl for tasks to queue
[2024-08-17T12:40:55.370+0000] {logging_mixin.py:188} INFO - [2024-08-17T12:40:55.370+0000] {dagbag.py:545} INFO - Filling up the DagBag from /opt/airflow/dags/data/models/Sao Tome and Principe/cases_TS_model.pkl
[2024-08-17T12:40:55.377+0000] {processor.py:842} WARNING - No viable dags retrieved from /opt/airflow/dags/data/models/Sao Tome and Principe/cases_TS_model.pkl
[2024-08-17T12:40:55.385+0000] {processor.py:183} INFO - Processing /opt/airflow/dags/data/models/Sao Tome and Principe/cases_TS_model.pkl took 0.020 seconds
[2024-08-17T12:41:28.324+0000] {processor.py:161} INFO - Started process (PID=53507) to work on /opt/airflow/dags/data/models/Sao Tome and Principe/cases_TS_model.pkl
[2024-08-17T12:41:28.325+0000] {processor.py:830} INFO - Processing file /opt/airflow/dags/data/models/Sao Tome and Principe/cases_TS_model.pkl for tasks to queue
[2024-08-17T12:41:28.325+0000] {logging_mixin.py:188} INFO - [2024-08-17T12:41:28.325+0000] {dagbag.py:545} INFO - Filling up the DagBag from /opt/airflow/dags/data/models/Sao Tome and Principe/cases_TS_model.pkl
[2024-08-17T12:41:28.340+0000] {processor.py:842} WARNING - No viable dags retrieved from /opt/airflow/dags/data/models/Sao Tome and Principe/cases_TS_model.pkl
[2024-08-17T12:41:28.351+0000] {processor.py:183} INFO - Processing /opt/airflow/dags/data/models/Sao Tome and Principe/cases_TS_model.pkl took 0.031 seconds
