[2024-08-17T10:07:51.951+0000] {processor.py:161} INFO - Started process (PID=30945) to work on /opt/airflow/dags/data/models/Sao Tome and Principe/deaths_TS_model.pkl
[2024-08-17T10:07:51.951+0000] {processor.py:830} INFO - Processing file /opt/airflow/dags/data/models/Sao Tome and Principe/deaths_TS_model.pkl for tasks to queue
[2024-08-17T10:07:51.952+0000] {logging_mixin.py:188} INFO - [2024-08-17T10:07:51.952+0000] {dagbag.py:545} INFO - Filling up the DagBag from /opt/airflow/dags/data/models/Sao Tome and Principe/deaths_TS_model.pkl
[2024-08-17T10:07:51.962+0000] {processor.py:842} WARNING - No viable dags retrieved from /opt/airflow/dags/data/models/Sao Tome and Principe/deaths_TS_model.pkl
[2024-08-17T10:07:51.972+0000] {processor.py:183} INFO - Processing /opt/airflow/dags/data/models/Sao Tome and Principe/deaths_TS_model.pkl took 0.025 seconds
[2024-08-17T10:08:23.564+0000] {processor.py:161} INFO - Started process (PID=31558) to work on /opt/airflow/dags/data/models/Sao Tome and Principe/deaths_TS_model.pkl
[2024-08-17T10:08:23.567+0000] {processor.py:830} INFO - Processing file /opt/airflow/dags/data/models/Sao Tome and Principe/deaths_TS_model.pkl for tasks to queue
[2024-08-17T10:08:23.568+0000] {logging_mixin.py:188} INFO - [2024-08-17T10:08:23.568+0000] {dagbag.py:545} INFO - Filling up the DagBag from /opt/airflow/dags/data/models/Sao Tome and Principe/deaths_TS_model.pkl
[2024-08-17T10:08:23.589+0000] {processor.py:842} WARNING - No viable dags retrieved from /opt/airflow/dags/data/models/Sao Tome and Principe/deaths_TS_model.pkl
[2024-08-17T10:08:23.600+0000] {processor.py:183} INFO - Processing /opt/airflow/dags/data/models/Sao Tome and Principe/deaths_TS_model.pkl took 0.041 seconds
[2024-08-17T10:08:54.620+0000] {processor.py:161} INFO - Started process (PID=32158) to work on /opt/airflow/dags/data/models/Sao Tome and Principe/deaths_TS_model.pkl
[2024-08-17T10:08:54.621+0000] {processor.py:830} INFO - Processing file /opt/airflow/dags/data/models/Sao Tome and Principe/deaths_TS_model.pkl for tasks to queue
[2024-08-17T10:08:54.621+0000] {logging_mixin.py:188} INFO - [2024-08-17T10:08:54.621+0000] {dagbag.py:545} INFO - Filling up the DagBag from /opt/airflow/dags/data/models/Sao Tome and Principe/deaths_TS_model.pkl
[2024-08-17T10:08:54.630+0000] {processor.py:842} WARNING - No viable dags retrieved from /opt/airflow/dags/data/models/Sao Tome and Principe/deaths_TS_model.pkl
[2024-08-17T10:08:54.640+0000] {processor.py:183} INFO - Processing /opt/airflow/dags/data/models/Sao Tome and Principe/deaths_TS_model.pkl took 0.023 seconds
[2024-08-17T10:09:25.660+0000] {processor.py:161} INFO - Started process (PID=32788) to work on /opt/airflow/dags/data/models/Sao Tome and Principe/deaths_TS_model.pkl
[2024-08-17T10:09:25.661+0000] {processor.py:830} INFO - Processing file /opt/airflow/dags/data/models/Sao Tome and Principe/deaths_TS_model.pkl for tasks to queue
[2024-08-17T10:09:25.662+0000] {logging_mixin.py:188} INFO - [2024-08-17T10:09:25.662+0000] {dagbag.py:545} INFO - Filling up the DagBag from /opt/airflow/dags/data/models/Sao Tome and Principe/deaths_TS_model.pkl
[2024-08-17T10:09:25.678+0000] {processor.py:842} WARNING - No viable dags retrieved from /opt/airflow/dags/data/models/Sao Tome and Principe/deaths_TS_model.pkl
[2024-08-17T10:09:25.689+0000] {processor.py:183} INFO - Processing /opt/airflow/dags/data/models/Sao Tome and Principe/deaths_TS_model.pkl took 0.033 seconds
[2024-08-17T10:09:57.019+0000] {processor.py:161} INFO - Started process (PID=33391) to work on /opt/airflow/dags/data/models/Sao Tome and Principe/deaths_TS_model.pkl
[2024-08-17T10:09:57.020+0000] {processor.py:830} INFO - Processing file /opt/airflow/dags/data/models/Sao Tome and Principe/deaths_TS_model.pkl for tasks to queue
[2024-08-17T10:09:57.021+0000] {logging_mixin.py:188} INFO - [2024-08-17T10:09:57.021+0000] {dagbag.py:545} INFO - Filling up the DagBag from /opt/airflow/dags/data/models/Sao Tome and Principe/deaths_TS_model.pkl
[2024-08-17T10:09:57.034+0000] {processor.py:842} WARNING - No viable dags retrieved from /opt/airflow/dags/data/models/Sao Tome and Principe/deaths_TS_model.pkl
[2024-08-17T10:09:57.045+0000] {processor.py:183} INFO - Processing /opt/airflow/dags/data/models/Sao Tome and Principe/deaths_TS_model.pkl took 0.032 seconds
[2024-08-17T10:10:28.274+0000] {processor.py:161} INFO - Started process (PID=33998) to work on /opt/airflow/dags/data/models/Sao Tome and Principe/deaths_TS_model.pkl
[2024-08-17T10:10:28.275+0000] {processor.py:830} INFO - Processing file /opt/airflow/dags/data/models/Sao Tome and Principe/deaths_TS_model.pkl for tasks to queue
[2024-08-17T10:10:28.275+0000] {logging_mixin.py:188} INFO - [2024-08-17T10:10:28.275+0000] {dagbag.py:545} INFO - Filling up the DagBag from /opt/airflow/dags/data/models/Sao Tome and Principe/deaths_TS_model.pkl
[2024-08-17T10:10:28.283+0000] {processor.py:842} WARNING - No viable dags retrieved from /opt/airflow/dags/data/models/Sao Tome and Principe/deaths_TS_model.pkl
[2024-08-17T10:10:28.292+0000] {processor.py:183} INFO - Processing /opt/airflow/dags/data/models/Sao Tome and Principe/deaths_TS_model.pkl took 0.022 seconds
[2024-08-17T10:11:00.256+0000] {processor.py:161} INFO - Started process (PID=34629) to work on /opt/airflow/dags/data/models/Sao Tome and Principe/deaths_TS_model.pkl
[2024-08-17T10:11:00.256+0000] {processor.py:830} INFO - Processing file /opt/airflow/dags/data/models/Sao Tome and Principe/deaths_TS_model.pkl for tasks to queue
[2024-08-17T10:11:00.257+0000] {logging_mixin.py:188} INFO - [2024-08-17T10:11:00.257+0000] {dagbag.py:545} INFO - Filling up the DagBag from /opt/airflow/dags/data/models/Sao Tome and Principe/deaths_TS_model.pkl
[2024-08-17T10:11:00.265+0000] {processor.py:842} WARNING - No viable dags retrieved from /opt/airflow/dags/data/models/Sao Tome and Principe/deaths_TS_model.pkl
[2024-08-17T10:11:00.274+0000] {processor.py:183} INFO - Processing /opt/airflow/dags/data/models/Sao Tome and Principe/deaths_TS_model.pkl took 0.022 seconds
[2024-08-17T10:11:32.600+0000] {processor.py:161} INFO - Started process (PID=35231) to work on /opt/airflow/dags/data/models/Sao Tome and Principe/deaths_TS_model.pkl
[2024-08-17T10:11:32.601+0000] {processor.py:830} INFO - Processing file /opt/airflow/dags/data/models/Sao Tome and Principe/deaths_TS_model.pkl for tasks to queue
[2024-08-17T10:11:32.601+0000] {logging_mixin.py:188} INFO - [2024-08-17T10:11:32.601+0000] {dagbag.py:545} INFO - Filling up the DagBag from /opt/airflow/dags/data/models/Sao Tome and Principe/deaths_TS_model.pkl
[2024-08-17T10:11:32.611+0000] {processor.py:842} WARNING - No viable dags retrieved from /opt/airflow/dags/data/models/Sao Tome and Principe/deaths_TS_model.pkl
[2024-08-17T10:11:32.620+0000] {processor.py:183} INFO - Processing /opt/airflow/dags/data/models/Sao Tome and Principe/deaths_TS_model.pkl took 0.023 seconds
[2024-08-17T10:12:03.583+0000] {processor.py:161} INFO - Started process (PID=35838) to work on /opt/airflow/dags/data/models/Sao Tome and Principe/deaths_TS_model.pkl
[2024-08-17T10:12:03.583+0000] {processor.py:830} INFO - Processing file /opt/airflow/dags/data/models/Sao Tome and Principe/deaths_TS_model.pkl for tasks to queue
[2024-08-17T10:12:03.584+0000] {logging_mixin.py:188} INFO - [2024-08-17T10:12:03.584+0000] {dagbag.py:545} INFO - Filling up the DagBag from /opt/airflow/dags/data/models/Sao Tome and Principe/deaths_TS_model.pkl
[2024-08-17T10:12:03.596+0000] {processor.py:842} WARNING - No viable dags retrieved from /opt/airflow/dags/data/models/Sao Tome and Principe/deaths_TS_model.pkl
[2024-08-17T10:12:03.605+0000] {processor.py:183} INFO - Processing /opt/airflow/dags/data/models/Sao Tome and Principe/deaths_TS_model.pkl took 0.027 seconds
[2024-08-17T10:12:35.199+0000] {processor.py:161} INFO - Started process (PID=36436) to work on /opt/airflow/dags/data/models/Sao Tome and Principe/deaths_TS_model.pkl
[2024-08-17T10:12:35.200+0000] {processor.py:830} INFO - Processing file /opt/airflow/dags/data/models/Sao Tome and Principe/deaths_TS_model.pkl for tasks to queue
[2024-08-17T10:12:35.201+0000] {logging_mixin.py:188} INFO - [2024-08-17T10:12:35.201+0000] {dagbag.py:545} INFO - Filling up the DagBag from /opt/airflow/dags/data/models/Sao Tome and Principe/deaths_TS_model.pkl
[2024-08-17T10:12:35.212+0000] {processor.py:842} WARNING - No viable dags retrieved from /opt/airflow/dags/data/models/Sao Tome and Principe/deaths_TS_model.pkl
[2024-08-17T10:12:35.222+0000] {processor.py:183} INFO - Processing /opt/airflow/dags/data/models/Sao Tome and Principe/deaths_TS_model.pkl took 0.026 seconds
[2024-08-17T10:13:14.174+0000] {processor.py:161} INFO - Started process (PID=37129) to work on /opt/airflow/dags/data/models/Sao Tome and Principe/deaths_TS_model.pkl
[2024-08-17T10:13:14.175+0000] {processor.py:830} INFO - Processing file /opt/airflow/dags/data/models/Sao Tome and Principe/deaths_TS_model.pkl for tasks to queue
[2024-08-17T10:13:14.176+0000] {logging_mixin.py:188} INFO - [2024-08-17T10:13:14.176+0000] {dagbag.py:545} INFO - Filling up the DagBag from /opt/airflow/dags/data/models/Sao Tome and Principe/deaths_TS_model.pkl
[2024-08-17T10:13:14.185+0000] {processor.py:842} WARNING - No viable dags retrieved from /opt/airflow/dags/data/models/Sao Tome and Principe/deaths_TS_model.pkl
[2024-08-17T10:13:14.195+0000] {processor.py:183} INFO - Processing /opt/airflow/dags/data/models/Sao Tome and Principe/deaths_TS_model.pkl took 0.024 seconds
[2024-08-17T10:13:46.004+0000] {processor.py:161} INFO - Started process (PID=37740) to work on /opt/airflow/dags/data/models/Sao Tome and Principe/deaths_TS_model.pkl
[2024-08-17T10:13:46.005+0000] {processor.py:830} INFO - Processing file /opt/airflow/dags/data/models/Sao Tome and Principe/deaths_TS_model.pkl for tasks to queue
[2024-08-17T10:13:46.005+0000] {logging_mixin.py:188} INFO - [2024-08-17T10:13:46.005+0000] {dagbag.py:545} INFO - Filling up the DagBag from /opt/airflow/dags/data/models/Sao Tome and Principe/deaths_TS_model.pkl
[2024-08-17T10:13:46.022+0000] {processor.py:842} WARNING - No viable dags retrieved from /opt/airflow/dags/data/models/Sao Tome and Principe/deaths_TS_model.pkl
[2024-08-17T10:13:46.031+0000] {processor.py:183} INFO - Processing /opt/airflow/dags/data/models/Sao Tome and Principe/deaths_TS_model.pkl took 0.031 seconds
[2024-08-17T10:14:19.293+0000] {processor.py:161} INFO - Started process (PID=38406) to work on /opt/airflow/dags/data/models/Sao Tome and Principe/deaths_TS_model.pkl
[2024-08-17T10:14:19.294+0000] {processor.py:830} INFO - Processing file /opt/airflow/dags/data/models/Sao Tome and Principe/deaths_TS_model.pkl for tasks to queue
[2024-08-17T10:14:19.298+0000] {logging_mixin.py:188} INFO - [2024-08-17T10:14:19.298+0000] {dagbag.py:545} INFO - Filling up the DagBag from /opt/airflow/dags/data/models/Sao Tome and Principe/deaths_TS_model.pkl
[2024-08-17T10:14:19.312+0000] {processor.py:842} WARNING - No viable dags retrieved from /opt/airflow/dags/data/models/Sao Tome and Principe/deaths_TS_model.pkl
[2024-08-17T10:14:19.323+0000] {processor.py:183} INFO - Processing /opt/airflow/dags/data/models/Sao Tome and Principe/deaths_TS_model.pkl took 0.034 seconds
[2024-08-17T10:14:52.820+0000] {processor.py:161} INFO - Started process (PID=39080) to work on /opt/airflow/dags/data/models/Sao Tome and Principe/deaths_TS_model.pkl
[2024-08-17T10:14:52.821+0000] {processor.py:830} INFO - Processing file /opt/airflow/dags/data/models/Sao Tome and Principe/deaths_TS_model.pkl for tasks to queue
[2024-08-17T10:14:52.822+0000] {logging_mixin.py:188} INFO - [2024-08-17T10:14:52.821+0000] {dagbag.py:545} INFO - Filling up the DagBag from /opt/airflow/dags/data/models/Sao Tome and Principe/deaths_TS_model.pkl
[2024-08-17T10:14:52.831+0000] {processor.py:842} WARNING - No viable dags retrieved from /opt/airflow/dags/data/models/Sao Tome and Principe/deaths_TS_model.pkl
[2024-08-17T10:14:52.840+0000] {processor.py:183} INFO - Processing /opt/airflow/dags/data/models/Sao Tome and Principe/deaths_TS_model.pkl took 0.023 seconds
[2024-08-17T10:15:25.017+0000] {processor.py:161} INFO - Started process (PID=39771) to work on /opt/airflow/dags/data/models/Sao Tome and Principe/deaths_TS_model.pkl
[2024-08-17T10:15:25.018+0000] {processor.py:830} INFO - Processing file /opt/airflow/dags/data/models/Sao Tome and Principe/deaths_TS_model.pkl for tasks to queue
[2024-08-17T10:15:25.018+0000] {logging_mixin.py:188} INFO - [2024-08-17T10:15:25.018+0000] {dagbag.py:545} INFO - Filling up the DagBag from /opt/airflow/dags/data/models/Sao Tome and Principe/deaths_TS_model.pkl
[2024-08-17T10:15:25.027+0000] {processor.py:842} WARNING - No viable dags retrieved from /opt/airflow/dags/data/models/Sao Tome and Principe/deaths_TS_model.pkl
[2024-08-17T10:15:25.036+0000] {processor.py:183} INFO - Processing /opt/airflow/dags/data/models/Sao Tome and Principe/deaths_TS_model.pkl took 0.022 seconds
[2024-08-17T10:15:57.941+0000] {processor.py:161} INFO - Started process (PID=40463) to work on /opt/airflow/dags/data/models/Sao Tome and Principe/deaths_TS_model.pkl
[2024-08-17T10:15:57.946+0000] {processor.py:830} INFO - Processing file /opt/airflow/dags/data/models/Sao Tome and Principe/deaths_TS_model.pkl for tasks to queue
[2024-08-17T10:15:57.947+0000] {logging_mixin.py:188} INFO - [2024-08-17T10:15:57.946+0000] {dagbag.py:545} INFO - Filling up the DagBag from /opt/airflow/dags/data/models/Sao Tome and Principe/deaths_TS_model.pkl
[2024-08-17T10:15:57.961+0000] {processor.py:842} WARNING - No viable dags retrieved from /opt/airflow/dags/data/models/Sao Tome and Principe/deaths_TS_model.pkl
[2024-08-17T10:15:57.971+0000] {processor.py:183} INFO - Processing /opt/airflow/dags/data/models/Sao Tome and Principe/deaths_TS_model.pkl took 0.035 seconds
[2024-08-17T10:16:30.298+0000] {processor.py:161} INFO - Started process (PID=41130) to work on /opt/airflow/dags/data/models/Sao Tome and Principe/deaths_TS_model.pkl
[2024-08-17T10:16:30.299+0000] {processor.py:830} INFO - Processing file /opt/airflow/dags/data/models/Sao Tome and Principe/deaths_TS_model.pkl for tasks to queue
[2024-08-17T10:16:30.300+0000] {logging_mixin.py:188} INFO - [2024-08-17T10:16:30.300+0000] {dagbag.py:545} INFO - Filling up the DagBag from /opt/airflow/dags/data/models/Sao Tome and Principe/deaths_TS_model.pkl
[2024-08-17T10:16:30.312+0000] {processor.py:842} WARNING - No viable dags retrieved from /opt/airflow/dags/data/models/Sao Tome and Principe/deaths_TS_model.pkl
[2024-08-17T10:16:30.322+0000] {processor.py:183} INFO - Processing /opt/airflow/dags/data/models/Sao Tome and Principe/deaths_TS_model.pkl took 0.028 seconds
[2024-08-17T10:17:01.359+0000] {processor.py:161} INFO - Started process (PID=41816) to work on /opt/airflow/dags/data/models/Sao Tome and Principe/deaths_TS_model.pkl
[2024-08-17T10:17:01.359+0000] {processor.py:830} INFO - Processing file /opt/airflow/dags/data/models/Sao Tome and Principe/deaths_TS_model.pkl for tasks to queue
[2024-08-17T10:17:01.360+0000] {logging_mixin.py:188} INFO - [2024-08-17T10:17:01.360+0000] {dagbag.py:545} INFO - Filling up the DagBag from /opt/airflow/dags/data/models/Sao Tome and Principe/deaths_TS_model.pkl
[2024-08-17T10:17:01.369+0000] {processor.py:842} WARNING - No viable dags retrieved from /opt/airflow/dags/data/models/Sao Tome and Principe/deaths_TS_model.pkl
[2024-08-17T10:17:01.378+0000] {processor.py:183} INFO - Processing /opt/airflow/dags/data/models/Sao Tome and Principe/deaths_TS_model.pkl took 0.023 seconds
[2024-08-17T10:17:32.754+0000] {processor.py:161} INFO - Started process (PID=42503) to work on /opt/airflow/dags/data/models/Sao Tome and Principe/deaths_TS_model.pkl
[2024-08-17T10:17:32.755+0000] {processor.py:830} INFO - Processing file /opt/airflow/dags/data/models/Sao Tome and Principe/deaths_TS_model.pkl for tasks to queue
[2024-08-17T10:17:32.755+0000] {logging_mixin.py:188} INFO - [2024-08-17T10:17:32.755+0000] {dagbag.py:545} INFO - Filling up the DagBag from /opt/airflow/dags/data/models/Sao Tome and Principe/deaths_TS_model.pkl
[2024-08-17T10:17:32.765+0000] {processor.py:842} WARNING - No viable dags retrieved from /opt/airflow/dags/data/models/Sao Tome and Principe/deaths_TS_model.pkl
[2024-08-17T10:17:32.775+0000] {processor.py:183} INFO - Processing /opt/airflow/dags/data/models/Sao Tome and Principe/deaths_TS_model.pkl took 0.025 seconds
[2024-08-17T10:18:09.903+0000] {processor.py:161} INFO - Started process (PID=43153) to work on /opt/airflow/dags/data/models/Sao Tome and Principe/deaths_TS_model.pkl
[2024-08-17T10:18:09.903+0000] {processor.py:830} INFO - Processing file /opt/airflow/dags/data/models/Sao Tome and Principe/deaths_TS_model.pkl for tasks to queue
[2024-08-17T10:18:09.904+0000] {logging_mixin.py:188} INFO - [2024-08-17T10:18:09.903+0000] {dagbag.py:545} INFO - Filling up the DagBag from /opt/airflow/dags/data/models/Sao Tome and Principe/deaths_TS_model.pkl
[2024-08-17T10:18:09.910+0000] {processor.py:842} WARNING - No viable dags retrieved from /opt/airflow/dags/data/models/Sao Tome and Principe/deaths_TS_model.pkl
[2024-08-17T10:18:09.919+0000] {processor.py:183} INFO - Processing /opt/airflow/dags/data/models/Sao Tome and Principe/deaths_TS_model.pkl took 0.019 seconds
[2024-08-17T10:18:44.073+0000] {processor.py:161} INFO - Started process (PID=43896) to work on /opt/airflow/dags/data/models/Sao Tome and Principe/deaths_TS_model.pkl
[2024-08-17T10:18:44.074+0000] {processor.py:830} INFO - Processing file /opt/airflow/dags/data/models/Sao Tome and Principe/deaths_TS_model.pkl for tasks to queue
[2024-08-17T10:18:44.075+0000] {logging_mixin.py:188} INFO - [2024-08-17T10:18:44.075+0000] {dagbag.py:545} INFO - Filling up the DagBag from /opt/airflow/dags/data/models/Sao Tome and Principe/deaths_TS_model.pkl
[2024-08-17T10:18:44.088+0000] {processor.py:842} WARNING - No viable dags retrieved from /opt/airflow/dags/data/models/Sao Tome and Principe/deaths_TS_model.pkl
[2024-08-17T10:18:44.097+0000] {processor.py:183} INFO - Processing /opt/airflow/dags/data/models/Sao Tome and Principe/deaths_TS_model.pkl took 0.028 seconds
[2024-08-17T10:19:17.736+0000] {processor.py:161} INFO - Started process (PID=44620) to work on /opt/airflow/dags/data/models/Sao Tome and Principe/deaths_TS_model.pkl
[2024-08-17T10:19:17.736+0000] {processor.py:830} INFO - Processing file /opt/airflow/dags/data/models/Sao Tome and Principe/deaths_TS_model.pkl for tasks to queue
[2024-08-17T10:19:17.737+0000] {logging_mixin.py:188} INFO - [2024-08-17T10:19:17.737+0000] {dagbag.py:545} INFO - Filling up the DagBag from /opt/airflow/dags/data/models/Sao Tome and Principe/deaths_TS_model.pkl
[2024-08-17T10:19:17.746+0000] {processor.py:842} WARNING - No viable dags retrieved from /opt/airflow/dags/data/models/Sao Tome and Principe/deaths_TS_model.pkl
[2024-08-17T10:19:17.755+0000] {processor.py:183} INFO - Processing /opt/airflow/dags/data/models/Sao Tome and Principe/deaths_TS_model.pkl took 0.022 seconds
[2024-08-17T10:19:50.032+0000] {processor.py:161} INFO - Started process (PID=45335) to work on /opt/airflow/dags/data/models/Sao Tome and Principe/deaths_TS_model.pkl
[2024-08-17T10:19:50.033+0000] {processor.py:830} INFO - Processing file /opt/airflow/dags/data/models/Sao Tome and Principe/deaths_TS_model.pkl for tasks to queue
[2024-08-17T10:19:50.033+0000] {logging_mixin.py:188} INFO - [2024-08-17T10:19:50.033+0000] {dagbag.py:545} INFO - Filling up the DagBag from /opt/airflow/dags/data/models/Sao Tome and Principe/deaths_TS_model.pkl
[2024-08-17T10:19:50.041+0000] {processor.py:842} WARNING - No viable dags retrieved from /opt/airflow/dags/data/models/Sao Tome and Principe/deaths_TS_model.pkl
[2024-08-17T10:19:50.050+0000] {processor.py:183} INFO - Processing /opt/airflow/dags/data/models/Sao Tome and Principe/deaths_TS_model.pkl took 0.021 seconds
[2024-08-17T10:20:22.586+0000] {processor.py:161} INFO - Started process (PID=46057) to work on /opt/airflow/dags/data/models/Sao Tome and Principe/deaths_TS_model.pkl
[2024-08-17T10:20:22.586+0000] {processor.py:830} INFO - Processing file /opt/airflow/dags/data/models/Sao Tome and Principe/deaths_TS_model.pkl for tasks to queue
[2024-08-17T10:20:22.587+0000] {logging_mixin.py:188} INFO - [2024-08-17T10:20:22.587+0000] {dagbag.py:545} INFO - Filling up the DagBag from /opt/airflow/dags/data/models/Sao Tome and Principe/deaths_TS_model.pkl
[2024-08-17T10:20:22.602+0000] {processor.py:842} WARNING - No viable dags retrieved from /opt/airflow/dags/data/models/Sao Tome and Principe/deaths_TS_model.pkl
[2024-08-17T10:20:22.611+0000] {processor.py:183} INFO - Processing /opt/airflow/dags/data/models/Sao Tome and Principe/deaths_TS_model.pkl took 0.029 seconds
[2024-08-17T10:20:54.513+0000] {processor.py:161} INFO - Started process (PID=46789) to work on /opt/airflow/dags/data/models/Sao Tome and Principe/deaths_TS_model.pkl
[2024-08-17T10:20:54.514+0000] {processor.py:830} INFO - Processing file /opt/airflow/dags/data/models/Sao Tome and Principe/deaths_TS_model.pkl for tasks to queue
[2024-08-17T10:20:54.514+0000] {logging_mixin.py:188} INFO - [2024-08-17T10:20:54.514+0000] {dagbag.py:545} INFO - Filling up the DagBag from /opt/airflow/dags/data/models/Sao Tome and Principe/deaths_TS_model.pkl
[2024-08-17T10:20:54.522+0000] {processor.py:842} WARNING - No viable dags retrieved from /opt/airflow/dags/data/models/Sao Tome and Principe/deaths_TS_model.pkl
[2024-08-17T10:20:54.530+0000] {processor.py:183} INFO - Processing /opt/airflow/dags/data/models/Sao Tome and Principe/deaths_TS_model.pkl took 0.021 seconds
[2024-08-17T10:21:25.552+0000] {processor.py:161} INFO - Started process (PID=47496) to work on /opt/airflow/dags/data/models/Sao Tome and Principe/deaths_TS_model.pkl
[2024-08-17T10:21:25.553+0000] {processor.py:830} INFO - Processing file /opt/airflow/dags/data/models/Sao Tome and Principe/deaths_TS_model.pkl for tasks to queue
[2024-08-17T10:21:25.553+0000] {logging_mixin.py:188} INFO - [2024-08-17T10:21:25.553+0000] {dagbag.py:545} INFO - Filling up the DagBag from /opt/airflow/dags/data/models/Sao Tome and Principe/deaths_TS_model.pkl
[2024-08-17T10:21:25.561+0000] {processor.py:842} WARNING - No viable dags retrieved from /opt/airflow/dags/data/models/Sao Tome and Principe/deaths_TS_model.pkl
[2024-08-17T10:21:25.569+0000] {processor.py:183} INFO - Processing /opt/airflow/dags/data/models/Sao Tome and Principe/deaths_TS_model.pkl took 0.021 seconds
[2024-08-17T11:53:04.872+0000] {processor.py:161} INFO - Started process (PID=6166) to work on /opt/airflow/dags/data/models/Sao Tome and Principe/deaths_TS_model.pkl
[2024-08-17T11:53:04.873+0000] {processor.py:830} INFO - Processing file /opt/airflow/dags/data/models/Sao Tome and Principe/deaths_TS_model.pkl for tasks to queue
[2024-08-17T11:53:04.875+0000] {logging_mixin.py:188} INFO - [2024-08-17T11:53:04.875+0000] {dagbag.py:545} INFO - Filling up the DagBag from /opt/airflow/dags/data/models/Sao Tome and Principe/deaths_TS_model.pkl
[2024-08-17T11:53:04.897+0000] {processor.py:842} WARNING - No viable dags retrieved from /opt/airflow/dags/data/models/Sao Tome and Principe/deaths_TS_model.pkl
[2024-08-17T11:53:04.917+0000] {processor.py:183} INFO - Processing /opt/airflow/dags/data/models/Sao Tome and Principe/deaths_TS_model.pkl took 0.053 seconds
[2024-08-17T11:53:46.295+0000] {processor.py:161} INFO - Started process (PID=6753) to work on /opt/airflow/dags/data/models/Sao Tome and Principe/deaths_TS_model.pkl
[2024-08-17T11:53:46.297+0000] {processor.py:830} INFO - Processing file /opt/airflow/dags/data/models/Sao Tome and Principe/deaths_TS_model.pkl for tasks to queue
[2024-08-17T11:53:46.298+0000] {logging_mixin.py:188} INFO - [2024-08-17T11:53:46.298+0000] {dagbag.py:545} INFO - Filling up the DagBag from /opt/airflow/dags/data/models/Sao Tome and Principe/deaths_TS_model.pkl
[2024-08-17T11:53:46.326+0000] {processor.py:842} WARNING - No viable dags retrieved from /opt/airflow/dags/data/models/Sao Tome and Principe/deaths_TS_model.pkl
[2024-08-17T11:53:46.355+0000] {processor.py:183} INFO - Processing /opt/airflow/dags/data/models/Sao Tome and Principe/deaths_TS_model.pkl took 0.067 seconds
[2024-08-17T11:54:22.804+0000] {processor.py:161} INFO - Started process (PID=7274) to work on /opt/airflow/dags/data/models/Sao Tome and Principe/deaths_TS_model.pkl
[2024-08-17T11:54:22.804+0000] {processor.py:830} INFO - Processing file /opt/airflow/dags/data/models/Sao Tome and Principe/deaths_TS_model.pkl for tasks to queue
[2024-08-17T11:54:22.806+0000] {logging_mixin.py:188} INFO - [2024-08-17T11:54:22.805+0000] {dagbag.py:545} INFO - Filling up the DagBag from /opt/airflow/dags/data/models/Sao Tome and Principe/deaths_TS_model.pkl
[2024-08-17T11:54:22.820+0000] {processor.py:842} WARNING - No viable dags retrieved from /opt/airflow/dags/data/models/Sao Tome and Principe/deaths_TS_model.pkl
[2024-08-17T11:54:22.836+0000] {processor.py:183} INFO - Processing /opt/airflow/dags/data/models/Sao Tome and Principe/deaths_TS_model.pkl took 0.038 seconds
[2024-08-17T11:55:02.210+0000] {processor.py:161} INFO - Started process (PID=7890) to work on /opt/airflow/dags/data/models/Sao Tome and Principe/deaths_TS_model.pkl
[2024-08-17T11:55:02.212+0000] {processor.py:830} INFO - Processing file /opt/airflow/dags/data/models/Sao Tome and Principe/deaths_TS_model.pkl for tasks to queue
[2024-08-17T11:55:02.213+0000] {logging_mixin.py:188} INFO - [2024-08-17T11:55:02.213+0000] {dagbag.py:545} INFO - Filling up the DagBag from /opt/airflow/dags/data/models/Sao Tome and Principe/deaths_TS_model.pkl
[2024-08-17T11:55:02.232+0000] {processor.py:842} WARNING - No viable dags retrieved from /opt/airflow/dags/data/models/Sao Tome and Principe/deaths_TS_model.pkl
[2024-08-17T11:55:02.251+0000] {processor.py:183} INFO - Processing /opt/airflow/dags/data/models/Sao Tome and Principe/deaths_TS_model.pkl took 0.048 seconds
[2024-08-17T11:55:42.451+0000] {processor.py:161} INFO - Started process (PID=8520) to work on /opt/airflow/dags/data/models/Sao Tome and Principe/deaths_TS_model.pkl
[2024-08-17T11:55:42.454+0000] {processor.py:830} INFO - Processing file /opt/airflow/dags/data/models/Sao Tome and Principe/deaths_TS_model.pkl for tasks to queue
[2024-08-17T11:55:42.455+0000] {logging_mixin.py:188} INFO - [2024-08-17T11:55:42.454+0000] {dagbag.py:545} INFO - Filling up the DagBag from /opt/airflow/dags/data/models/Sao Tome and Principe/deaths_TS_model.pkl
[2024-08-17T11:55:42.472+0000] {processor.py:842} WARNING - No viable dags retrieved from /opt/airflow/dags/data/models/Sao Tome and Principe/deaths_TS_model.pkl
[2024-08-17T11:55:42.488+0000] {processor.py:183} INFO - Processing /opt/airflow/dags/data/models/Sao Tome and Principe/deaths_TS_model.pkl took 0.044 seconds
[2024-08-17T11:56:17.138+0000] {processor.py:161} INFO - Started process (PID=9065) to work on /opt/airflow/dags/data/models/Sao Tome and Principe/deaths_TS_model.pkl
[2024-08-17T11:56:17.139+0000] {processor.py:830} INFO - Processing file /opt/airflow/dags/data/models/Sao Tome and Principe/deaths_TS_model.pkl for tasks to queue
[2024-08-17T11:56:17.140+0000] {logging_mixin.py:188} INFO - [2024-08-17T11:56:17.140+0000] {dagbag.py:545} INFO - Filling up the DagBag from /opt/airflow/dags/data/models/Sao Tome and Principe/deaths_TS_model.pkl
[2024-08-17T11:56:17.159+0000] {processor.py:842} WARNING - No viable dags retrieved from /opt/airflow/dags/data/models/Sao Tome and Principe/deaths_TS_model.pkl
[2024-08-17T11:56:17.179+0000] {processor.py:183} INFO - Processing /opt/airflow/dags/data/models/Sao Tome and Principe/deaths_TS_model.pkl took 0.049 seconds
[2024-08-17T11:56:51.678+0000] {processor.py:161} INFO - Started process (PID=9584) to work on /opt/airflow/dags/data/models/Sao Tome and Principe/deaths_TS_model.pkl
[2024-08-17T11:56:51.679+0000] {processor.py:830} INFO - Processing file /opt/airflow/dags/data/models/Sao Tome and Principe/deaths_TS_model.pkl for tasks to queue
[2024-08-17T11:56:51.680+0000] {logging_mixin.py:188} INFO - [2024-08-17T11:56:51.680+0000] {dagbag.py:545} INFO - Filling up the DagBag from /opt/airflow/dags/data/models/Sao Tome and Principe/deaths_TS_model.pkl
[2024-08-17T11:56:51.701+0000] {processor.py:842} WARNING - No viable dags retrieved from /opt/airflow/dags/data/models/Sao Tome and Principe/deaths_TS_model.pkl
[2024-08-17T11:56:51.720+0000] {processor.py:183} INFO - Processing /opt/airflow/dags/data/models/Sao Tome and Principe/deaths_TS_model.pkl took 0.050 seconds
[2024-08-17T11:57:09.046+0000] {processor.py:161} INFO - Started process (PID=9859) to work on /opt/airflow/dags/data/models/Sao Tome and Principe/deaths_TS_model.pkl
[2024-08-17T11:57:09.047+0000] {processor.py:830} INFO - Processing file /opt/airflow/dags/data/models/Sao Tome and Principe/deaths_TS_model.pkl for tasks to queue
[2024-08-17T11:57:09.048+0000] {logging_mixin.py:188} INFO - [2024-08-17T11:57:09.048+0000] {dagbag.py:545} INFO - Filling up the DagBag from /opt/airflow/dags/data/models/Sao Tome and Principe/deaths_TS_model.pkl
[2024-08-17T11:57:09.076+0000] {processor.py:842} WARNING - No viable dags retrieved from /opt/airflow/dags/data/models/Sao Tome and Principe/deaths_TS_model.pkl
[2024-08-17T11:57:09.092+0000] {processor.py:183} INFO - Processing /opt/airflow/dags/data/models/Sao Tome and Principe/deaths_TS_model.pkl took 0.054 seconds
[2024-08-17T11:57:42.407+0000] {processor.py:161} INFO - Started process (PID=10344) to work on /opt/airflow/dags/data/models/Sao Tome and Principe/deaths_TS_model.pkl
[2024-08-17T11:57:42.409+0000] {processor.py:830} INFO - Processing file /opt/airflow/dags/data/models/Sao Tome and Principe/deaths_TS_model.pkl for tasks to queue
[2024-08-17T11:57:42.411+0000] {logging_mixin.py:188} INFO - [2024-08-17T11:57:42.411+0000] {dagbag.py:545} INFO - Filling up the DagBag from /opt/airflow/dags/data/models/Sao Tome and Principe/deaths_TS_model.pkl
[2024-08-17T11:57:42.433+0000] {processor.py:842} WARNING - No viable dags retrieved from /opt/airflow/dags/data/models/Sao Tome and Principe/deaths_TS_model.pkl
[2024-08-17T11:57:42.456+0000] {processor.py:183} INFO - Processing /opt/airflow/dags/data/models/Sao Tome and Principe/deaths_TS_model.pkl took 0.058 seconds
[2024-08-17T11:58:13.732+0000] {processor.py:161} INFO - Started process (PID=10564) to work on /opt/airflow/dags/data/models/Sao Tome and Principe/deaths_TS_model.pkl
[2024-08-17T11:58:13.734+0000] {processor.py:830} INFO - Processing file /opt/airflow/dags/data/models/Sao Tome and Principe/deaths_TS_model.pkl for tasks to queue
[2024-08-17T11:58:13.736+0000] {logging_mixin.py:188} INFO - [2024-08-17T11:58:13.735+0000] {dagbag.py:545} INFO - Filling up the DagBag from /opt/airflow/dags/data/models/Sao Tome and Principe/deaths_TS_model.pkl
[2024-08-17T11:58:13.768+0000] {processor.py:842} WARNING - No viable dags retrieved from /opt/airflow/dags/data/models/Sao Tome and Principe/deaths_TS_model.pkl
[2024-08-17T11:58:13.790+0000] {processor.py:183} INFO - Processing /opt/airflow/dags/data/models/Sao Tome and Principe/deaths_TS_model.pkl took 0.066 seconds
[2024-08-17T11:58:53.979+0000] {processor.py:161} INFO - Started process (PID=11196) to work on /opt/airflow/dags/data/models/Sao Tome and Principe/deaths_TS_model.pkl
[2024-08-17T11:58:53.981+0000] {processor.py:830} INFO - Processing file /opt/airflow/dags/data/models/Sao Tome and Principe/deaths_TS_model.pkl for tasks to queue
[2024-08-17T11:58:53.982+0000] {logging_mixin.py:188} INFO - [2024-08-17T11:58:53.982+0000] {dagbag.py:545} INFO - Filling up the DagBag from /opt/airflow/dags/data/models/Sao Tome and Principe/deaths_TS_model.pkl
[2024-08-17T11:58:53.999+0000] {processor.py:842} WARNING - No viable dags retrieved from /opt/airflow/dags/data/models/Sao Tome and Principe/deaths_TS_model.pkl
[2024-08-17T11:58:54.018+0000] {processor.py:183} INFO - Processing /opt/airflow/dags/data/models/Sao Tome and Principe/deaths_TS_model.pkl took 0.046 seconds
[2024-08-17T11:59:37.346+0000] {processor.py:161} INFO - Started process (PID=11857) to work on /opt/airflow/dags/data/models/Sao Tome and Principe/deaths_TS_model.pkl
[2024-08-17T11:59:37.347+0000] {processor.py:830} INFO - Processing file /opt/airflow/dags/data/models/Sao Tome and Principe/deaths_TS_model.pkl for tasks to queue
[2024-08-17T11:59:37.348+0000] {logging_mixin.py:188} INFO - [2024-08-17T11:59:37.348+0000] {dagbag.py:545} INFO - Filling up the DagBag from /opt/airflow/dags/data/models/Sao Tome and Principe/deaths_TS_model.pkl
[2024-08-17T11:59:37.368+0000] {processor.py:842} WARNING - No viable dags retrieved from /opt/airflow/dags/data/models/Sao Tome and Principe/deaths_TS_model.pkl
[2024-08-17T11:59:37.386+0000] {processor.py:183} INFO - Processing /opt/airflow/dags/data/models/Sao Tome and Principe/deaths_TS_model.pkl took 0.046 seconds
[2024-08-17T12:00:14.954+0000] {processor.py:161} INFO - Started process (PID=12410) to work on /opt/airflow/dags/data/models/Sao Tome and Principe/deaths_TS_model.pkl
[2024-08-17T12:00:14.955+0000] {processor.py:830} INFO - Processing file /opt/airflow/dags/data/models/Sao Tome and Principe/deaths_TS_model.pkl for tasks to queue
[2024-08-17T12:00:14.957+0000] {logging_mixin.py:188} INFO - [2024-08-17T12:00:14.956+0000] {dagbag.py:545} INFO - Filling up the DagBag from /opt/airflow/dags/data/models/Sao Tome and Principe/deaths_TS_model.pkl
[2024-08-17T12:00:14.973+0000] {processor.py:842} WARNING - No viable dags retrieved from /opt/airflow/dags/data/models/Sao Tome and Principe/deaths_TS_model.pkl
[2024-08-17T12:00:14.995+0000] {processor.py:183} INFO - Processing /opt/airflow/dags/data/models/Sao Tome and Principe/deaths_TS_model.pkl took 0.049 seconds
[2024-08-17T12:00:53.681+0000] {processor.py:161} INFO - Started process (PID=13029) to work on /opt/airflow/dags/data/models/Sao Tome and Principe/deaths_TS_model.pkl
[2024-08-17T12:00:53.682+0000] {processor.py:830} INFO - Processing file /opt/airflow/dags/data/models/Sao Tome and Principe/deaths_TS_model.pkl for tasks to queue
[2024-08-17T12:00:53.683+0000] {logging_mixin.py:188} INFO - [2024-08-17T12:00:53.683+0000] {dagbag.py:545} INFO - Filling up the DagBag from /opt/airflow/dags/data/models/Sao Tome and Principe/deaths_TS_model.pkl
[2024-08-17T12:00:53.701+0000] {processor.py:842} WARNING - No viable dags retrieved from /opt/airflow/dags/data/models/Sao Tome and Principe/deaths_TS_model.pkl
[2024-08-17T12:00:53.719+0000] {processor.py:183} INFO - Processing /opt/airflow/dags/data/models/Sao Tome and Principe/deaths_TS_model.pkl took 0.044 seconds
[2024-08-17T12:01:14.189+0000] {processor.py:161} INFO - Started process (PID=13357) to work on /opt/airflow/dags/data/models/Sao Tome and Principe/deaths_TS_model.pkl
[2024-08-17T12:01:14.191+0000] {processor.py:830} INFO - Processing file /opt/airflow/dags/data/models/Sao Tome and Principe/deaths_TS_model.pkl for tasks to queue
[2024-08-17T12:01:14.192+0000] {logging_mixin.py:188} INFO - [2024-08-17T12:01:14.191+0000] {dagbag.py:545} INFO - Filling up the DagBag from /opt/airflow/dags/data/models/Sao Tome and Principe/deaths_TS_model.pkl
[2024-08-17T12:01:14.211+0000] {processor.py:842} WARNING - No viable dags retrieved from /opt/airflow/dags/data/models/Sao Tome and Principe/deaths_TS_model.pkl
[2024-08-17T12:01:14.228+0000] {processor.py:183} INFO - Processing /opt/airflow/dags/data/models/Sao Tome and Principe/deaths_TS_model.pkl took 0.046 seconds
[2024-08-17T12:01:49.611+0000] {processor.py:161} INFO - Started process (PID=13916) to work on /opt/airflow/dags/data/models/Sao Tome and Principe/deaths_TS_model.pkl
[2024-08-17T12:01:49.612+0000] {processor.py:830} INFO - Processing file /opt/airflow/dags/data/models/Sao Tome and Principe/deaths_TS_model.pkl for tasks to queue
[2024-08-17T12:01:49.613+0000] {logging_mixin.py:188} INFO - [2024-08-17T12:01:49.612+0000] {dagbag.py:545} INFO - Filling up the DagBag from /opt/airflow/dags/data/models/Sao Tome and Principe/deaths_TS_model.pkl
[2024-08-17T12:01:49.626+0000] {processor.py:842} WARNING - No viable dags retrieved from /opt/airflow/dags/data/models/Sao Tome and Principe/deaths_TS_model.pkl
[2024-08-17T12:01:49.641+0000] {processor.py:183} INFO - Processing /opt/airflow/dags/data/models/Sao Tome and Principe/deaths_TS_model.pkl took 0.035 seconds
[2024-08-17T12:02:23.264+0000] {processor.py:161} INFO - Started process (PID=14408) to work on /opt/airflow/dags/data/models/Sao Tome and Principe/deaths_TS_model.pkl
[2024-08-17T12:02:23.265+0000] {processor.py:830} INFO - Processing file /opt/airflow/dags/data/models/Sao Tome and Principe/deaths_TS_model.pkl for tasks to queue
[2024-08-17T12:02:23.267+0000] {logging_mixin.py:188} INFO - [2024-08-17T12:02:23.266+0000] {dagbag.py:545} INFO - Filling up the DagBag from /opt/airflow/dags/data/models/Sao Tome and Principe/deaths_TS_model.pkl
[2024-08-17T12:02:23.288+0000] {processor.py:842} WARNING - No viable dags retrieved from /opt/airflow/dags/data/models/Sao Tome and Principe/deaths_TS_model.pkl
[2024-08-17T12:02:23.305+0000] {processor.py:183} INFO - Processing /opt/airflow/dags/data/models/Sao Tome and Principe/deaths_TS_model.pkl took 0.048 seconds
[2024-08-17T12:03:07.607+0000] {processor.py:161} INFO - Started process (PID=14824) to work on /opt/airflow/dags/data/models/Sao Tome and Principe/deaths_TS_model.pkl
[2024-08-17T12:03:07.608+0000] {processor.py:830} INFO - Processing file /opt/airflow/dags/data/models/Sao Tome and Principe/deaths_TS_model.pkl for tasks to queue
[2024-08-17T12:03:07.609+0000] {logging_mixin.py:188} INFO - [2024-08-17T12:03:07.609+0000] {dagbag.py:545} INFO - Filling up the DagBag from /opt/airflow/dags/data/models/Sao Tome and Principe/deaths_TS_model.pkl
[2024-08-17T12:03:07.639+0000] {processor.py:842} WARNING - No viable dags retrieved from /opt/airflow/dags/data/models/Sao Tome and Principe/deaths_TS_model.pkl
[2024-08-17T12:03:07.657+0000] {processor.py:183} INFO - Processing /opt/airflow/dags/data/models/Sao Tome and Principe/deaths_TS_model.pkl took 0.057 seconds
[2024-08-17T12:03:39.316+0000] {processor.py:161} INFO - Started process (PID=15304) to work on /opt/airflow/dags/data/models/Sao Tome and Principe/deaths_TS_model.pkl
[2024-08-17T12:03:39.317+0000] {processor.py:830} INFO - Processing file /opt/airflow/dags/data/models/Sao Tome and Principe/deaths_TS_model.pkl for tasks to queue
[2024-08-17T12:03:39.319+0000] {logging_mixin.py:188} INFO - [2024-08-17T12:03:39.318+0000] {dagbag.py:545} INFO - Filling up the DagBag from /opt/airflow/dags/data/models/Sao Tome and Principe/deaths_TS_model.pkl
[2024-08-17T12:03:39.343+0000] {processor.py:842} WARNING - No viable dags retrieved from /opt/airflow/dags/data/models/Sao Tome and Principe/deaths_TS_model.pkl
[2024-08-17T12:03:39.362+0000] {processor.py:183} INFO - Processing /opt/airflow/dags/data/models/Sao Tome and Principe/deaths_TS_model.pkl took 0.055 seconds
[2024-08-17T12:04:19.740+0000] {processor.py:161} INFO - Started process (PID=15893) to work on /opt/airflow/dags/data/models/Sao Tome and Principe/deaths_TS_model.pkl
[2024-08-17T12:04:19.741+0000] {processor.py:830} INFO - Processing file /opt/airflow/dags/data/models/Sao Tome and Principe/deaths_TS_model.pkl for tasks to queue
[2024-08-17T12:04:19.742+0000] {logging_mixin.py:188} INFO - [2024-08-17T12:04:19.742+0000] {dagbag.py:545} INFO - Filling up the DagBag from /opt/airflow/dags/data/models/Sao Tome and Principe/deaths_TS_model.pkl
[2024-08-17T12:04:19.758+0000] {processor.py:842} WARNING - No viable dags retrieved from /opt/airflow/dags/data/models/Sao Tome and Principe/deaths_TS_model.pkl
[2024-08-17T12:04:19.776+0000] {processor.py:183} INFO - Processing /opt/airflow/dags/data/models/Sao Tome and Principe/deaths_TS_model.pkl took 0.043 seconds
[2024-08-17T12:04:59.382+0000] {processor.py:161} INFO - Started process (PID=16524) to work on /opt/airflow/dags/data/models/Sao Tome and Principe/deaths_TS_model.pkl
[2024-08-17T12:04:59.384+0000] {processor.py:830} INFO - Processing file /opt/airflow/dags/data/models/Sao Tome and Principe/deaths_TS_model.pkl for tasks to queue
[2024-08-17T12:04:59.385+0000] {logging_mixin.py:188} INFO - [2024-08-17T12:04:59.384+0000] {dagbag.py:545} INFO - Filling up the DagBag from /opt/airflow/dags/data/models/Sao Tome and Principe/deaths_TS_model.pkl
[2024-08-17T12:04:59.402+0000] {processor.py:842} WARNING - No viable dags retrieved from /opt/airflow/dags/data/models/Sao Tome and Principe/deaths_TS_model.pkl
[2024-08-17T12:04:59.419+0000] {processor.py:183} INFO - Processing /opt/airflow/dags/data/models/Sao Tome and Principe/deaths_TS_model.pkl took 0.043 seconds
[2024-08-17T12:05:42.355+0000] {processor.py:161} INFO - Started process (PID=17162) to work on /opt/airflow/dags/data/models/Sao Tome and Principe/deaths_TS_model.pkl
[2024-08-17T12:05:42.356+0000] {processor.py:830} INFO - Processing file /opt/airflow/dags/data/models/Sao Tome and Principe/deaths_TS_model.pkl for tasks to queue
[2024-08-17T12:05:42.358+0000] {logging_mixin.py:188} INFO - [2024-08-17T12:05:42.357+0000] {dagbag.py:545} INFO - Filling up the DagBag from /opt/airflow/dags/data/models/Sao Tome and Principe/deaths_TS_model.pkl
[2024-08-17T12:05:42.377+0000] {processor.py:842} WARNING - No viable dags retrieved from /opt/airflow/dags/data/models/Sao Tome and Principe/deaths_TS_model.pkl
[2024-08-17T12:05:42.397+0000] {processor.py:183} INFO - Processing /opt/airflow/dags/data/models/Sao Tome and Principe/deaths_TS_model.pkl took 0.050 seconds
[2024-08-17T12:06:21.321+0000] {processor.py:161} INFO - Started process (PID=17722) to work on /opt/airflow/dags/data/models/Sao Tome and Principe/deaths_TS_model.pkl
[2024-08-17T12:06:21.322+0000] {processor.py:830} INFO - Processing file /opt/airflow/dags/data/models/Sao Tome and Principe/deaths_TS_model.pkl for tasks to queue
[2024-08-17T12:06:21.323+0000] {logging_mixin.py:188} INFO - [2024-08-17T12:06:21.323+0000] {dagbag.py:545} INFO - Filling up the DagBag from /opt/airflow/dags/data/models/Sao Tome and Principe/deaths_TS_model.pkl
[2024-08-17T12:06:21.347+0000] {processor.py:842} WARNING - No viable dags retrieved from /opt/airflow/dags/data/models/Sao Tome and Principe/deaths_TS_model.pkl
[2024-08-17T12:06:21.368+0000] {processor.py:183} INFO - Processing /opt/airflow/dags/data/models/Sao Tome and Principe/deaths_TS_model.pkl took 0.053 seconds
[2024-08-17T12:06:55.800+0000] {processor.py:161} INFO - Started process (PID=18308) to work on /opt/airflow/dags/data/models/Sao Tome and Principe/deaths_TS_model.pkl
[2024-08-17T12:06:55.801+0000] {processor.py:830} INFO - Processing file /opt/airflow/dags/data/models/Sao Tome and Principe/deaths_TS_model.pkl for tasks to queue
[2024-08-17T12:06:55.802+0000] {logging_mixin.py:188} INFO - [2024-08-17T12:06:55.802+0000] {dagbag.py:545} INFO - Filling up the DagBag from /opt/airflow/dags/data/models/Sao Tome and Principe/deaths_TS_model.pkl
[2024-08-17T12:06:55.812+0000] {processor.py:842} WARNING - No viable dags retrieved from /opt/airflow/dags/data/models/Sao Tome and Principe/deaths_TS_model.pkl
[2024-08-17T12:06:55.848+0000] {processor.py:183} INFO - Processing /opt/airflow/dags/data/models/Sao Tome and Principe/deaths_TS_model.pkl took 0.053 seconds
[2024-08-17T12:07:33.981+0000] {processor.py:161} INFO - Started process (PID=18843) to work on /opt/airflow/dags/data/models/Sao Tome and Principe/deaths_TS_model.pkl
[2024-08-17T12:07:33.983+0000] {processor.py:830} INFO - Processing file /opt/airflow/dags/data/models/Sao Tome and Principe/deaths_TS_model.pkl for tasks to queue
[2024-08-17T12:07:33.984+0000] {logging_mixin.py:188} INFO - [2024-08-17T12:07:33.983+0000] {dagbag.py:545} INFO - Filling up the DagBag from /opt/airflow/dags/data/models/Sao Tome and Principe/deaths_TS_model.pkl
[2024-08-17T12:07:34.003+0000] {processor.py:842} WARNING - No viable dags retrieved from /opt/airflow/dags/data/models/Sao Tome and Principe/deaths_TS_model.pkl
[2024-08-17T12:07:34.023+0000] {processor.py:183} INFO - Processing /opt/airflow/dags/data/models/Sao Tome and Principe/deaths_TS_model.pkl took 0.049 seconds
[2024-08-17T12:08:32.557+0000] {processor.py:161} INFO - Started process (PID=19389) to work on /opt/airflow/dags/data/models/Sao Tome and Principe/deaths_TS_model.pkl
[2024-08-17T12:08:32.559+0000] {processor.py:830} INFO - Processing file /opt/airflow/dags/data/models/Sao Tome and Principe/deaths_TS_model.pkl for tasks to queue
[2024-08-17T12:08:32.560+0000] {logging_mixin.py:188} INFO - [2024-08-17T12:08:32.560+0000] {dagbag.py:545} INFO - Filling up the DagBag from /opt/airflow/dags/data/models/Sao Tome and Principe/deaths_TS_model.pkl
[2024-08-17T12:08:32.582+0000] {processor.py:842} WARNING - No viable dags retrieved from /opt/airflow/dags/data/models/Sao Tome and Principe/deaths_TS_model.pkl
[2024-08-17T12:08:32.602+0000] {processor.py:183} INFO - Processing /opt/airflow/dags/data/models/Sao Tome and Principe/deaths_TS_model.pkl took 0.053 seconds
[2024-08-17T12:09:20.010+0000] {processor.py:161} INFO - Started process (PID=20056) to work on /opt/airflow/dags/data/models/Sao Tome and Principe/deaths_TS_model.pkl
[2024-08-17T12:09:20.011+0000] {processor.py:830} INFO - Processing file /opt/airflow/dags/data/models/Sao Tome and Principe/deaths_TS_model.pkl for tasks to queue
[2024-08-17T12:09:20.012+0000] {logging_mixin.py:188} INFO - [2024-08-17T12:09:20.012+0000] {dagbag.py:545} INFO - Filling up the DagBag from /opt/airflow/dags/data/models/Sao Tome and Principe/deaths_TS_model.pkl
[2024-08-17T12:09:20.027+0000] {processor.py:842} WARNING - No viable dags retrieved from /opt/airflow/dags/data/models/Sao Tome and Principe/deaths_TS_model.pkl
[2024-08-17T12:09:20.045+0000] {processor.py:183} INFO - Processing /opt/airflow/dags/data/models/Sao Tome and Principe/deaths_TS_model.pkl took 0.042 seconds
[2024-08-17T12:09:45.228+0000] {processor.py:161} INFO - Started process (PID=20466) to work on /opt/airflow/dags/data/models/Sao Tome and Principe/deaths_TS_model.pkl
[2024-08-17T12:09:45.229+0000] {processor.py:830} INFO - Processing file /opt/airflow/dags/data/models/Sao Tome and Principe/deaths_TS_model.pkl for tasks to queue
[2024-08-17T12:09:45.231+0000] {logging_mixin.py:188} INFO - [2024-08-17T12:09:45.231+0000] {dagbag.py:545} INFO - Filling up the DagBag from /opt/airflow/dags/data/models/Sao Tome and Principe/deaths_TS_model.pkl
[2024-08-17T12:09:45.248+0000] {processor.py:842} WARNING - No viable dags retrieved from /opt/airflow/dags/data/models/Sao Tome and Principe/deaths_TS_model.pkl
[2024-08-17T12:09:45.265+0000] {processor.py:183} INFO - Processing /opt/airflow/dags/data/models/Sao Tome and Principe/deaths_TS_model.pkl took 0.045 seconds
[2024-08-17T12:10:17.485+0000] {processor.py:161} INFO - Started process (PID=20879) to work on /opt/airflow/dags/data/models/Sao Tome and Principe/deaths_TS_model.pkl
[2024-08-17T12:10:17.486+0000] {processor.py:830} INFO - Processing file /opt/airflow/dags/data/models/Sao Tome and Principe/deaths_TS_model.pkl for tasks to queue
[2024-08-17T12:10:17.488+0000] {logging_mixin.py:188} INFO - [2024-08-17T12:10:17.487+0000] {dagbag.py:545} INFO - Filling up the DagBag from /opt/airflow/dags/data/models/Sao Tome and Principe/deaths_TS_model.pkl
[2024-08-17T12:10:17.513+0000] {processor.py:842} WARNING - No viable dags retrieved from /opt/airflow/dags/data/models/Sao Tome and Principe/deaths_TS_model.pkl
[2024-08-17T12:10:17.533+0000] {processor.py:183} INFO - Processing /opt/airflow/dags/data/models/Sao Tome and Principe/deaths_TS_model.pkl took 0.056 seconds
[2024-08-17T12:10:56.645+0000] {processor.py:161} INFO - Started process (PID=21524) to work on /opt/airflow/dags/data/models/Sao Tome and Principe/deaths_TS_model.pkl
[2024-08-17T12:10:56.648+0000] {processor.py:830} INFO - Processing file /opt/airflow/dags/data/models/Sao Tome and Principe/deaths_TS_model.pkl for tasks to queue
[2024-08-17T12:10:56.650+0000] {logging_mixin.py:188} INFO - [2024-08-17T12:10:56.649+0000] {dagbag.py:545} INFO - Filling up the DagBag from /opt/airflow/dags/data/models/Sao Tome and Principe/deaths_TS_model.pkl
[2024-08-17T12:10:56.672+0000] {processor.py:842} WARNING - No viable dags retrieved from /opt/airflow/dags/data/models/Sao Tome and Principe/deaths_TS_model.pkl
[2024-08-17T12:10:56.693+0000] {processor.py:183} INFO - Processing /opt/airflow/dags/data/models/Sao Tome and Principe/deaths_TS_model.pkl took 0.054 seconds
[2024-08-17T12:11:30.513+0000] {processor.py:161} INFO - Started process (PID=22020) to work on /opt/airflow/dags/data/models/Sao Tome and Principe/deaths_TS_model.pkl
[2024-08-17T12:11:30.515+0000] {processor.py:830} INFO - Processing file /opt/airflow/dags/data/models/Sao Tome and Principe/deaths_TS_model.pkl for tasks to queue
[2024-08-17T12:11:30.516+0000] {logging_mixin.py:188} INFO - [2024-08-17T12:11:30.516+0000] {dagbag.py:545} INFO - Filling up the DagBag from /opt/airflow/dags/data/models/Sao Tome and Principe/deaths_TS_model.pkl
[2024-08-17T12:11:30.536+0000] {processor.py:842} WARNING - No viable dags retrieved from /opt/airflow/dags/data/models/Sao Tome and Principe/deaths_TS_model.pkl
[2024-08-17T12:11:30.558+0000] {processor.py:183} INFO - Processing /opt/airflow/dags/data/models/Sao Tome and Principe/deaths_TS_model.pkl took 0.053 seconds
[2024-08-17T12:12:04.432+0000] {processor.py:161} INFO - Started process (PID=22474) to work on /opt/airflow/dags/data/models/Sao Tome and Principe/deaths_TS_model.pkl
[2024-08-17T12:12:04.434+0000] {processor.py:830} INFO - Processing file /opt/airflow/dags/data/models/Sao Tome and Principe/deaths_TS_model.pkl for tasks to queue
[2024-08-17T12:12:04.436+0000] {logging_mixin.py:188} INFO - [2024-08-17T12:12:04.435+0000] {dagbag.py:545} INFO - Filling up the DagBag from /opt/airflow/dags/data/models/Sao Tome and Principe/deaths_TS_model.pkl
[2024-08-17T12:12:04.467+0000] {processor.py:842} WARNING - No viable dags retrieved from /opt/airflow/dags/data/models/Sao Tome and Principe/deaths_TS_model.pkl
[2024-08-17T12:12:04.490+0000] {processor.py:183} INFO - Processing /opt/airflow/dags/data/models/Sao Tome and Principe/deaths_TS_model.pkl took 0.065 seconds
[2024-08-17T12:12:40.339+0000] {processor.py:161} INFO - Started process (PID=23028) to work on /opt/airflow/dags/data/models/Sao Tome and Principe/deaths_TS_model.pkl
[2024-08-17T12:12:40.341+0000] {processor.py:830} INFO - Processing file /opt/airflow/dags/data/models/Sao Tome and Principe/deaths_TS_model.pkl for tasks to queue
[2024-08-17T12:12:40.342+0000] {logging_mixin.py:188} INFO - [2024-08-17T12:12:40.342+0000] {dagbag.py:545} INFO - Filling up the DagBag from /opt/airflow/dags/data/models/Sao Tome and Principe/deaths_TS_model.pkl
[2024-08-17T12:12:40.364+0000] {processor.py:842} WARNING - No viable dags retrieved from /opt/airflow/dags/data/models/Sao Tome and Principe/deaths_TS_model.pkl
[2024-08-17T12:12:40.382+0000] {processor.py:183} INFO - Processing /opt/airflow/dags/data/models/Sao Tome and Principe/deaths_TS_model.pkl took 0.052 seconds
[2024-08-17T12:13:23.314+0000] {processor.py:161} INFO - Started process (PID=23346) to work on /opt/airflow/dags/data/models/Sao Tome and Principe/deaths_TS_model.pkl
[2024-08-17T12:13:23.316+0000] {processor.py:830} INFO - Processing file /opt/airflow/dags/data/models/Sao Tome and Principe/deaths_TS_model.pkl for tasks to queue
[2024-08-17T12:13:23.318+0000] {logging_mixin.py:188} INFO - [2024-08-17T12:13:23.317+0000] {dagbag.py:545} INFO - Filling up the DagBag from /opt/airflow/dags/data/models/Sao Tome and Principe/deaths_TS_model.pkl
[2024-08-17T12:13:23.337+0000] {processor.py:842} WARNING - No viable dags retrieved from /opt/airflow/dags/data/models/Sao Tome and Principe/deaths_TS_model.pkl
[2024-08-17T12:13:23.356+0000] {processor.py:183} INFO - Processing /opt/airflow/dags/data/models/Sao Tome and Principe/deaths_TS_model.pkl took 0.049 seconds
[2024-08-17T12:14:10.079+0000] {processor.py:161} INFO - Started process (PID=24070) to work on /opt/airflow/dags/data/models/Sao Tome and Principe/deaths_TS_model.pkl
[2024-08-17T12:14:10.080+0000] {processor.py:830} INFO - Processing file /opt/airflow/dags/data/models/Sao Tome and Principe/deaths_TS_model.pkl for tasks to queue
[2024-08-17T12:14:10.081+0000] {logging_mixin.py:188} INFO - [2024-08-17T12:14:10.080+0000] {dagbag.py:545} INFO - Filling up the DagBag from /opt/airflow/dags/data/models/Sao Tome and Principe/deaths_TS_model.pkl
[2024-08-17T12:14:10.096+0000] {processor.py:842} WARNING - No viable dags retrieved from /opt/airflow/dags/data/models/Sao Tome and Principe/deaths_TS_model.pkl
[2024-08-17T12:14:10.114+0000] {processor.py:183} INFO - Processing /opt/airflow/dags/data/models/Sao Tome and Principe/deaths_TS_model.pkl took 0.040 seconds
[2024-08-17T12:14:54.717+0000] {processor.py:161} INFO - Started process (PID=24719) to work on /opt/airflow/dags/data/models/Sao Tome and Principe/deaths_TS_model.pkl
[2024-08-17T12:14:54.718+0000] {processor.py:830} INFO - Processing file /opt/airflow/dags/data/models/Sao Tome and Principe/deaths_TS_model.pkl for tasks to queue
[2024-08-17T12:14:54.720+0000] {logging_mixin.py:188} INFO - [2024-08-17T12:14:54.720+0000] {dagbag.py:545} INFO - Filling up the DagBag from /opt/airflow/dags/data/models/Sao Tome and Principe/deaths_TS_model.pkl
[2024-08-17T12:14:54.740+0000] {processor.py:842} WARNING - No viable dags retrieved from /opt/airflow/dags/data/models/Sao Tome and Principe/deaths_TS_model.pkl
[2024-08-17T12:14:54.759+0000] {processor.py:183} INFO - Processing /opt/airflow/dags/data/models/Sao Tome and Principe/deaths_TS_model.pkl took 0.050 seconds
[2024-08-17T12:15:38.896+0000] {processor.py:161} INFO - Started process (PID=25314) to work on /opt/airflow/dags/data/models/Sao Tome and Principe/deaths_TS_model.pkl
[2024-08-17T12:15:38.897+0000] {processor.py:830} INFO - Processing file /opt/airflow/dags/data/models/Sao Tome and Principe/deaths_TS_model.pkl for tasks to queue
[2024-08-17T12:15:38.898+0000] {logging_mixin.py:188} INFO - [2024-08-17T12:15:38.898+0000] {dagbag.py:545} INFO - Filling up the DagBag from /opt/airflow/dags/data/models/Sao Tome and Principe/deaths_TS_model.pkl
[2024-08-17T12:15:38.922+0000] {processor.py:842} WARNING - No viable dags retrieved from /opt/airflow/dags/data/models/Sao Tome and Principe/deaths_TS_model.pkl
[2024-08-17T12:15:38.940+0000] {processor.py:183} INFO - Processing /opt/airflow/dags/data/models/Sao Tome and Principe/deaths_TS_model.pkl took 0.052 seconds
[2024-08-17T12:16:15.390+0000] {processor.py:161} INFO - Started process (PID=25851) to work on /opt/airflow/dags/data/models/Sao Tome and Principe/deaths_TS_model.pkl
[2024-08-17T12:16:15.392+0000] {processor.py:830} INFO - Processing file /opt/airflow/dags/data/models/Sao Tome and Principe/deaths_TS_model.pkl for tasks to queue
[2024-08-17T12:16:15.393+0000] {logging_mixin.py:188} INFO - [2024-08-17T12:16:15.393+0000] {dagbag.py:545} INFO - Filling up the DagBag from /opt/airflow/dags/data/models/Sao Tome and Principe/deaths_TS_model.pkl
[2024-08-17T12:16:15.416+0000] {processor.py:842} WARNING - No viable dags retrieved from /opt/airflow/dags/data/models/Sao Tome and Principe/deaths_TS_model.pkl
[2024-08-17T12:16:15.436+0000] {processor.py:183} INFO - Processing /opt/airflow/dags/data/models/Sao Tome and Principe/deaths_TS_model.pkl took 0.052 seconds
[2024-08-17T12:16:55.229+0000] {processor.py:161} INFO - Started process (PID=26412) to work on /opt/airflow/dags/data/models/Sao Tome and Principe/deaths_TS_model.pkl
[2024-08-17T12:16:55.230+0000] {processor.py:830} INFO - Processing file /opt/airflow/dags/data/models/Sao Tome and Principe/deaths_TS_model.pkl for tasks to queue
[2024-08-17T12:16:55.232+0000] {logging_mixin.py:188} INFO - [2024-08-17T12:16:55.232+0000] {dagbag.py:545} INFO - Filling up the DagBag from /opt/airflow/dags/data/models/Sao Tome and Principe/deaths_TS_model.pkl
[2024-08-17T12:16:55.254+0000] {processor.py:842} WARNING - No viable dags retrieved from /opt/airflow/dags/data/models/Sao Tome and Principe/deaths_TS_model.pkl
[2024-08-17T12:16:55.272+0000] {processor.py:183} INFO - Processing /opt/airflow/dags/data/models/Sao Tome and Principe/deaths_TS_model.pkl took 0.051 seconds
[2024-08-17T12:17:33.555+0000] {processor.py:161} INFO - Started process (PID=26972) to work on /opt/airflow/dags/data/models/Sao Tome and Principe/deaths_TS_model.pkl
[2024-08-17T12:17:33.557+0000] {processor.py:830} INFO - Processing file /opt/airflow/dags/data/models/Sao Tome and Principe/deaths_TS_model.pkl for tasks to queue
[2024-08-17T12:17:33.558+0000] {logging_mixin.py:188} INFO - [2024-08-17T12:17:33.557+0000] {dagbag.py:545} INFO - Filling up the DagBag from /opt/airflow/dags/data/models/Sao Tome and Principe/deaths_TS_model.pkl
[2024-08-17T12:17:33.583+0000] {processor.py:842} WARNING - No viable dags retrieved from /opt/airflow/dags/data/models/Sao Tome and Principe/deaths_TS_model.pkl
[2024-08-17T12:17:33.606+0000] {processor.py:183} INFO - Processing /opt/airflow/dags/data/models/Sao Tome and Principe/deaths_TS_model.pkl took 0.060 seconds
[2024-08-17T12:18:45.454+0000] {processor.py:161} INFO - Started process (PID=27585) to work on /opt/airflow/dags/data/models/Sao Tome and Principe/deaths_TS_model.pkl
[2024-08-17T12:18:45.456+0000] {processor.py:830} INFO - Processing file /opt/airflow/dags/data/models/Sao Tome and Principe/deaths_TS_model.pkl for tasks to queue
[2024-08-17T12:18:45.457+0000] {logging_mixin.py:188} INFO - [2024-08-17T12:18:45.456+0000] {dagbag.py:545} INFO - Filling up the DagBag from /opt/airflow/dags/data/models/Sao Tome and Principe/deaths_TS_model.pkl
[2024-08-17T12:18:45.480+0000] {processor.py:842} WARNING - No viable dags retrieved from /opt/airflow/dags/data/models/Sao Tome and Principe/deaths_TS_model.pkl
[2024-08-17T12:18:45.501+0000] {processor.py:183} INFO - Processing /opt/airflow/dags/data/models/Sao Tome and Principe/deaths_TS_model.pkl took 0.054 seconds
[2024-08-17T12:19:37.354+0000] {processor.py:161} INFO - Started process (PID=28342) to work on /opt/airflow/dags/data/models/Sao Tome and Principe/deaths_TS_model.pkl
[2024-08-17T12:19:37.355+0000] {processor.py:830} INFO - Processing file /opt/airflow/dags/data/models/Sao Tome and Principe/deaths_TS_model.pkl for tasks to queue
[2024-08-17T12:19:37.356+0000] {logging_mixin.py:188} INFO - [2024-08-17T12:19:37.356+0000] {dagbag.py:545} INFO - Filling up the DagBag from /opt/airflow/dags/data/models/Sao Tome and Principe/deaths_TS_model.pkl
[2024-08-17T12:19:37.381+0000] {processor.py:842} WARNING - No viable dags retrieved from /opt/airflow/dags/data/models/Sao Tome and Principe/deaths_TS_model.pkl
[2024-08-17T12:19:37.405+0000] {processor.py:183} INFO - Processing /opt/airflow/dags/data/models/Sao Tome and Principe/deaths_TS_model.pkl took 0.059 seconds
[2024-08-17T12:20:22.025+0000] {processor.py:161} INFO - Started process (PID=29000) to work on /opt/airflow/dags/data/models/Sao Tome and Principe/deaths_TS_model.pkl
[2024-08-17T12:20:22.027+0000] {processor.py:830} INFO - Processing file /opt/airflow/dags/data/models/Sao Tome and Principe/deaths_TS_model.pkl for tasks to queue
[2024-08-17T12:20:22.030+0000] {logging_mixin.py:188} INFO - [2024-08-17T12:20:22.029+0000] {dagbag.py:545} INFO - Filling up the DagBag from /opt/airflow/dags/data/models/Sao Tome and Principe/deaths_TS_model.pkl
[2024-08-17T12:20:22.056+0000] {processor.py:842} WARNING - No viable dags retrieved from /opt/airflow/dags/data/models/Sao Tome and Principe/deaths_TS_model.pkl
[2024-08-17T12:20:22.080+0000] {processor.py:183} INFO - Processing /opt/airflow/dags/data/models/Sao Tome and Principe/deaths_TS_model.pkl took 0.063 seconds
[2024-08-17T12:21:23.394+0000] {processor.py:161} INFO - Started process (PID=29781) to work on /opt/airflow/dags/data/models/Sao Tome and Principe/deaths_TS_model.pkl
[2024-08-17T12:21:23.395+0000] {processor.py:830} INFO - Processing file /opt/airflow/dags/data/models/Sao Tome and Principe/deaths_TS_model.pkl for tasks to queue
[2024-08-17T12:21:23.396+0000] {logging_mixin.py:188} INFO - [2024-08-17T12:21:23.396+0000] {dagbag.py:545} INFO - Filling up the DagBag from /opt/airflow/dags/data/models/Sao Tome and Principe/deaths_TS_model.pkl
[2024-08-17T12:21:23.413+0000] {processor.py:842} WARNING - No viable dags retrieved from /opt/airflow/dags/data/models/Sao Tome and Principe/deaths_TS_model.pkl
[2024-08-17T12:21:23.431+0000] {processor.py:183} INFO - Processing /opt/airflow/dags/data/models/Sao Tome and Principe/deaths_TS_model.pkl took 0.044 seconds
[2024-08-17T12:22:17.726+0000] {processor.py:161} INFO - Started process (PID=30601) to work on /opt/airflow/dags/data/models/Sao Tome and Principe/deaths_TS_model.pkl
[2024-08-17T12:22:17.728+0000] {processor.py:830} INFO - Processing file /opt/airflow/dags/data/models/Sao Tome and Principe/deaths_TS_model.pkl for tasks to queue
[2024-08-17T12:22:17.729+0000] {logging_mixin.py:188} INFO - [2024-08-17T12:22:17.728+0000] {dagbag.py:545} INFO - Filling up the DagBag from /opt/airflow/dags/data/models/Sao Tome and Principe/deaths_TS_model.pkl
[2024-08-17T12:22:17.753+0000] {processor.py:842} WARNING - No viable dags retrieved from /opt/airflow/dags/data/models/Sao Tome and Principe/deaths_TS_model.pkl
[2024-08-17T12:22:17.775+0000] {processor.py:183} INFO - Processing /opt/airflow/dags/data/models/Sao Tome and Principe/deaths_TS_model.pkl took 0.056 seconds
[2024-08-17T12:23:25.148+0000] {processor.py:161} INFO - Started process (PID=31287) to work on /opt/airflow/dags/data/models/Sao Tome and Principe/deaths_TS_model.pkl
[2024-08-17T12:23:25.149+0000] {processor.py:830} INFO - Processing file /opt/airflow/dags/data/models/Sao Tome and Principe/deaths_TS_model.pkl for tasks to queue
[2024-08-17T12:23:25.152+0000] {logging_mixin.py:188} INFO - [2024-08-17T12:23:25.151+0000] {dagbag.py:545} INFO - Filling up the DagBag from /opt/airflow/dags/data/models/Sao Tome and Principe/deaths_TS_model.pkl
[2024-08-17T12:23:25.173+0000] {processor.py:842} WARNING - No viable dags retrieved from /opt/airflow/dags/data/models/Sao Tome and Principe/deaths_TS_model.pkl
[2024-08-17T12:23:25.191+0000] {processor.py:183} INFO - Processing /opt/airflow/dags/data/models/Sao Tome and Principe/deaths_TS_model.pkl took 0.050 seconds
[2024-08-17T12:24:05.626+0000] {processor.py:161} INFO - Started process (PID=31964) to work on /opt/airflow/dags/data/models/Sao Tome and Principe/deaths_TS_model.pkl
[2024-08-17T12:24:05.627+0000] {processor.py:830} INFO - Processing file /opt/airflow/dags/data/models/Sao Tome and Principe/deaths_TS_model.pkl for tasks to queue
[2024-08-17T12:24:05.629+0000] {logging_mixin.py:188} INFO - [2024-08-17T12:24:05.628+0000] {dagbag.py:545} INFO - Filling up the DagBag from /opt/airflow/dags/data/models/Sao Tome and Principe/deaths_TS_model.pkl
[2024-08-17T12:24:05.643+0000] {processor.py:842} WARNING - No viable dags retrieved from /opt/airflow/dags/data/models/Sao Tome and Principe/deaths_TS_model.pkl
[2024-08-17T12:24:05.659+0000] {processor.py:183} INFO - Processing /opt/airflow/dags/data/models/Sao Tome and Principe/deaths_TS_model.pkl took 0.039 seconds
[2024-08-17T12:24:52.340+0000] {processor.py:161} INFO - Started process (PID=32733) to work on /opt/airflow/dags/data/models/Sao Tome and Principe/deaths_TS_model.pkl
[2024-08-17T12:24:52.341+0000] {processor.py:830} INFO - Processing file /opt/airflow/dags/data/models/Sao Tome and Principe/deaths_TS_model.pkl for tasks to queue
[2024-08-17T12:24:52.342+0000] {logging_mixin.py:188} INFO - [2024-08-17T12:24:52.341+0000] {dagbag.py:545} INFO - Filling up the DagBag from /opt/airflow/dags/data/models/Sao Tome and Principe/deaths_TS_model.pkl
[2024-08-17T12:24:52.360+0000] {processor.py:842} WARNING - No viable dags retrieved from /opt/airflow/dags/data/models/Sao Tome and Principe/deaths_TS_model.pkl
[2024-08-17T12:24:52.374+0000] {processor.py:183} INFO - Processing /opt/airflow/dags/data/models/Sao Tome and Principe/deaths_TS_model.pkl took 0.040 seconds
[2024-08-17T12:25:36.935+0000] {processor.py:161} INFO - Started process (PID=33491) to work on /opt/airflow/dags/data/models/Sao Tome and Principe/deaths_TS_model.pkl
[2024-08-17T12:25:36.936+0000] {processor.py:830} INFO - Processing file /opt/airflow/dags/data/models/Sao Tome and Principe/deaths_TS_model.pkl for tasks to queue
[2024-08-17T12:25:36.937+0000] {logging_mixin.py:188} INFO - [2024-08-17T12:25:36.937+0000] {dagbag.py:545} INFO - Filling up the DagBag from /opt/airflow/dags/data/models/Sao Tome and Principe/deaths_TS_model.pkl
[2024-08-17T12:25:36.956+0000] {processor.py:842} WARNING - No viable dags retrieved from /opt/airflow/dags/data/models/Sao Tome and Principe/deaths_TS_model.pkl
[2024-08-17T12:25:36.971+0000] {processor.py:183} INFO - Processing /opt/airflow/dags/data/models/Sao Tome and Principe/deaths_TS_model.pkl took 0.041 seconds
[2024-08-17T12:26:15.797+0000] {processor.py:161} INFO - Started process (PID=34240) to work on /opt/airflow/dags/data/models/Sao Tome and Principe/deaths_TS_model.pkl
[2024-08-17T12:26:15.799+0000] {processor.py:830} INFO - Processing file /opt/airflow/dags/data/models/Sao Tome and Principe/deaths_TS_model.pkl for tasks to queue
[2024-08-17T12:26:15.800+0000] {logging_mixin.py:188} INFO - [2024-08-17T12:26:15.799+0000] {dagbag.py:545} INFO - Filling up the DagBag from /opt/airflow/dags/data/models/Sao Tome and Principe/deaths_TS_model.pkl
[2024-08-17T12:26:15.816+0000] {processor.py:842} WARNING - No viable dags retrieved from /opt/airflow/dags/data/models/Sao Tome and Principe/deaths_TS_model.pkl
[2024-08-17T12:26:15.829+0000] {processor.py:183} INFO - Processing /opt/airflow/dags/data/models/Sao Tome and Principe/deaths_TS_model.pkl took 0.037 seconds
[2024-08-17T12:26:52.359+0000] {processor.py:161} INFO - Started process (PID=34895) to work on /opt/airflow/dags/data/models/Sao Tome and Principe/deaths_TS_model.pkl
[2024-08-17T12:26:52.360+0000] {processor.py:830} INFO - Processing file /opt/airflow/dags/data/models/Sao Tome and Principe/deaths_TS_model.pkl for tasks to queue
[2024-08-17T12:26:52.361+0000] {logging_mixin.py:188} INFO - [2024-08-17T12:26:52.361+0000] {dagbag.py:545} INFO - Filling up the DagBag from /opt/airflow/dags/data/models/Sao Tome and Principe/deaths_TS_model.pkl
[2024-08-17T12:26:52.377+0000] {processor.py:842} WARNING - No viable dags retrieved from /opt/airflow/dags/data/models/Sao Tome and Principe/deaths_TS_model.pkl
[2024-08-17T12:26:52.391+0000] {processor.py:183} INFO - Processing /opt/airflow/dags/data/models/Sao Tome and Principe/deaths_TS_model.pkl took 0.036 seconds
[2024-08-17T12:27:27.737+0000] {processor.py:161} INFO - Started process (PID=35588) to work on /opt/airflow/dags/data/models/Sao Tome and Principe/deaths_TS_model.pkl
[2024-08-17T12:27:27.738+0000] {processor.py:830} INFO - Processing file /opt/airflow/dags/data/models/Sao Tome and Principe/deaths_TS_model.pkl for tasks to queue
[2024-08-17T12:27:27.739+0000] {logging_mixin.py:188} INFO - [2024-08-17T12:27:27.739+0000] {dagbag.py:545} INFO - Filling up the DagBag from /opt/airflow/dags/data/models/Sao Tome and Principe/deaths_TS_model.pkl
[2024-08-17T12:27:27.754+0000] {processor.py:842} WARNING - No viable dags retrieved from /opt/airflow/dags/data/models/Sao Tome and Principe/deaths_TS_model.pkl
[2024-08-17T12:27:27.765+0000] {processor.py:183} INFO - Processing /opt/airflow/dags/data/models/Sao Tome and Principe/deaths_TS_model.pkl took 0.032 seconds
[2024-08-17T12:28:18.873+0000] {processor.py:161} INFO - Started process (PID=36303) to work on /opt/airflow/dags/data/models/Sao Tome and Principe/deaths_TS_model.pkl
[2024-08-17T12:28:18.874+0000] {processor.py:830} INFO - Processing file /opt/airflow/dags/data/models/Sao Tome and Principe/deaths_TS_model.pkl for tasks to queue
[2024-08-17T12:28:18.875+0000] {logging_mixin.py:188} INFO - [2024-08-17T12:28:18.874+0000] {dagbag.py:545} INFO - Filling up the DagBag from /opt/airflow/dags/data/models/Sao Tome and Principe/deaths_TS_model.pkl
[2024-08-17T12:28:18.887+0000] {processor.py:842} WARNING - No viable dags retrieved from /opt/airflow/dags/data/models/Sao Tome and Principe/deaths_TS_model.pkl
[2024-08-17T12:28:18.899+0000] {processor.py:183} INFO - Processing /opt/airflow/dags/data/models/Sao Tome and Principe/deaths_TS_model.pkl took 0.029 seconds
[2024-08-17T12:28:53.781+0000] {processor.py:161} INFO - Started process (PID=37047) to work on /opt/airflow/dags/data/models/Sao Tome and Principe/deaths_TS_model.pkl
[2024-08-17T12:28:53.782+0000] {processor.py:830} INFO - Processing file /opt/airflow/dags/data/models/Sao Tome and Principe/deaths_TS_model.pkl for tasks to queue
[2024-08-17T12:28:53.783+0000] {logging_mixin.py:188} INFO - [2024-08-17T12:28:53.782+0000] {dagbag.py:545} INFO - Filling up the DagBag from /opt/airflow/dags/data/models/Sao Tome and Principe/deaths_TS_model.pkl
[2024-08-17T12:28:53.793+0000] {processor.py:842} WARNING - No viable dags retrieved from /opt/airflow/dags/data/models/Sao Tome and Principe/deaths_TS_model.pkl
[2024-08-17T12:28:53.803+0000] {processor.py:183} INFO - Processing /opt/airflow/dags/data/models/Sao Tome and Principe/deaths_TS_model.pkl took 0.027 seconds
[2024-08-17T12:29:27.787+0000] {processor.py:161} INFO - Started process (PID=37792) to work on /opt/airflow/dags/data/models/Sao Tome and Principe/deaths_TS_model.pkl
[2024-08-17T12:29:27.787+0000] {processor.py:830} INFO - Processing file /opt/airflow/dags/data/models/Sao Tome and Principe/deaths_TS_model.pkl for tasks to queue
[2024-08-17T12:29:27.788+0000] {logging_mixin.py:188} INFO - [2024-08-17T12:29:27.788+0000] {dagbag.py:545} INFO - Filling up the DagBag from /opt/airflow/dags/data/models/Sao Tome and Principe/deaths_TS_model.pkl
[2024-08-17T12:29:27.814+0000] {processor.py:842} WARNING - No viable dags retrieved from /opt/airflow/dags/data/models/Sao Tome and Principe/deaths_TS_model.pkl
[2024-08-17T12:29:27.832+0000] {processor.py:183} INFO - Processing /opt/airflow/dags/data/models/Sao Tome and Principe/deaths_TS_model.pkl took 0.049 seconds
[2024-08-17T12:30:00.178+0000] {processor.py:161} INFO - Started process (PID=38517) to work on /opt/airflow/dags/data/models/Sao Tome and Principe/deaths_TS_model.pkl
[2024-08-17T12:30:00.179+0000] {processor.py:830} INFO - Processing file /opt/airflow/dags/data/models/Sao Tome and Principe/deaths_TS_model.pkl for tasks to queue
[2024-08-17T12:30:00.180+0000] {logging_mixin.py:188} INFO - [2024-08-17T12:30:00.180+0000] {dagbag.py:545} INFO - Filling up the DagBag from /opt/airflow/dags/data/models/Sao Tome and Principe/deaths_TS_model.pkl
[2024-08-17T12:30:00.194+0000] {processor.py:842} WARNING - No viable dags retrieved from /opt/airflow/dags/data/models/Sao Tome and Principe/deaths_TS_model.pkl
[2024-08-17T12:30:00.205+0000] {processor.py:183} INFO - Processing /opt/airflow/dags/data/models/Sao Tome and Principe/deaths_TS_model.pkl took 0.031 seconds
[2024-08-17T12:30:33.270+0000] {processor.py:161} INFO - Started process (PID=39253) to work on /opt/airflow/dags/data/models/Sao Tome and Principe/deaths_TS_model.pkl
[2024-08-17T12:30:33.271+0000] {processor.py:830} INFO - Processing file /opt/airflow/dags/data/models/Sao Tome and Principe/deaths_TS_model.pkl for tasks to queue
[2024-08-17T12:30:33.272+0000] {logging_mixin.py:188} INFO - [2024-08-17T12:30:33.272+0000] {dagbag.py:545} INFO - Filling up the DagBag from /opt/airflow/dags/data/models/Sao Tome and Principe/deaths_TS_model.pkl
[2024-08-17T12:30:33.293+0000] {processor.py:842} WARNING - No viable dags retrieved from /opt/airflow/dags/data/models/Sao Tome and Principe/deaths_TS_model.pkl
[2024-08-17T12:30:33.303+0000] {processor.py:183} INFO - Processing /opt/airflow/dags/data/models/Sao Tome and Principe/deaths_TS_model.pkl took 0.037 seconds
[2024-08-17T12:31:06.576+0000] {processor.py:161} INFO - Started process (PID=40000) to work on /opt/airflow/dags/data/models/Sao Tome and Principe/deaths_TS_model.pkl
[2024-08-17T12:31:06.576+0000] {processor.py:830} INFO - Processing file /opt/airflow/dags/data/models/Sao Tome and Principe/deaths_TS_model.pkl for tasks to queue
[2024-08-17T12:31:06.577+0000] {logging_mixin.py:188} INFO - [2024-08-17T12:31:06.577+0000] {dagbag.py:545} INFO - Filling up the DagBag from /opt/airflow/dags/data/models/Sao Tome and Principe/deaths_TS_model.pkl
[2024-08-17T12:31:06.586+0000] {processor.py:842} WARNING - No viable dags retrieved from /opt/airflow/dags/data/models/Sao Tome and Principe/deaths_TS_model.pkl
[2024-08-17T12:31:06.596+0000] {processor.py:183} INFO - Processing /opt/airflow/dags/data/models/Sao Tome and Principe/deaths_TS_model.pkl took 0.023 seconds
[2024-08-17T12:31:40.365+0000] {processor.py:161} INFO - Started process (PID=40746) to work on /opt/airflow/dags/data/models/Sao Tome and Principe/deaths_TS_model.pkl
[2024-08-17T12:31:40.365+0000] {processor.py:830} INFO - Processing file /opt/airflow/dags/data/models/Sao Tome and Principe/deaths_TS_model.pkl for tasks to queue
[2024-08-17T12:31:40.366+0000] {logging_mixin.py:188} INFO - [2024-08-17T12:31:40.366+0000] {dagbag.py:545} INFO - Filling up the DagBag from /opt/airflow/dags/data/models/Sao Tome and Principe/deaths_TS_model.pkl
[2024-08-17T12:31:40.377+0000] {processor.py:842} WARNING - No viable dags retrieved from /opt/airflow/dags/data/models/Sao Tome and Principe/deaths_TS_model.pkl
[2024-08-17T12:31:40.387+0000] {processor.py:183} INFO - Processing /opt/airflow/dags/data/models/Sao Tome and Principe/deaths_TS_model.pkl took 0.026 seconds
[2024-08-17T12:32:16.604+0000] {processor.py:161} INFO - Started process (PID=41469) to work on /opt/airflow/dags/data/models/Sao Tome and Principe/deaths_TS_model.pkl
[2024-08-17T12:32:16.607+0000] {processor.py:830} INFO - Processing file /opt/airflow/dags/data/models/Sao Tome and Principe/deaths_TS_model.pkl for tasks to queue
[2024-08-17T12:32:16.608+0000] {logging_mixin.py:188} INFO - [2024-08-17T12:32:16.607+0000] {dagbag.py:545} INFO - Filling up the DagBag from /opt/airflow/dags/data/models/Sao Tome and Principe/deaths_TS_model.pkl
[2024-08-17T12:32:16.626+0000] {processor.py:842} WARNING - No viable dags retrieved from /opt/airflow/dags/data/models/Sao Tome and Principe/deaths_TS_model.pkl
[2024-08-17T12:32:16.637+0000] {processor.py:183} INFO - Processing /opt/airflow/dags/data/models/Sao Tome and Principe/deaths_TS_model.pkl took 0.037 seconds
[2024-08-17T12:33:00.126+0000] {processor.py:161} INFO - Started process (PID=42238) to work on /opt/airflow/dags/data/models/Sao Tome and Principe/deaths_TS_model.pkl
[2024-08-17T12:33:00.127+0000] {processor.py:830} INFO - Processing file /opt/airflow/dags/data/models/Sao Tome and Principe/deaths_TS_model.pkl for tasks to queue
[2024-08-17T12:33:00.127+0000] {logging_mixin.py:188} INFO - [2024-08-17T12:33:00.127+0000] {dagbag.py:545} INFO - Filling up the DagBag from /opt/airflow/dags/data/models/Sao Tome and Principe/deaths_TS_model.pkl
[2024-08-17T12:33:00.136+0000] {processor.py:842} WARNING - No viable dags retrieved from /opt/airflow/dags/data/models/Sao Tome and Principe/deaths_TS_model.pkl
[2024-08-17T12:33:00.145+0000] {processor.py:183} INFO - Processing /opt/airflow/dags/data/models/Sao Tome and Principe/deaths_TS_model.pkl took 0.023 seconds
[2024-08-17T12:33:31.252+0000] {processor.py:161} INFO - Started process (PID=42958) to work on /opt/airflow/dags/data/models/Sao Tome and Principe/deaths_TS_model.pkl
[2024-08-17T12:33:31.253+0000] {processor.py:830} INFO - Processing file /opt/airflow/dags/data/models/Sao Tome and Principe/deaths_TS_model.pkl for tasks to queue
[2024-08-17T12:33:31.254+0000] {logging_mixin.py:188} INFO - [2024-08-17T12:33:31.254+0000] {dagbag.py:545} INFO - Filling up the DagBag from /opt/airflow/dags/data/models/Sao Tome and Principe/deaths_TS_model.pkl
[2024-08-17T12:33:31.263+0000] {processor.py:842} WARNING - No viable dags retrieved from /opt/airflow/dags/data/models/Sao Tome and Principe/deaths_TS_model.pkl
[2024-08-17T12:33:31.272+0000] {processor.py:183} INFO - Processing /opt/airflow/dags/data/models/Sao Tome and Principe/deaths_TS_model.pkl took 0.023 seconds
[2024-08-17T12:34:02.741+0000] {processor.py:161} INFO - Started process (PID=43702) to work on /opt/airflow/dags/data/models/Sao Tome and Principe/deaths_TS_model.pkl
[2024-08-17T12:34:02.741+0000] {processor.py:830} INFO - Processing file /opt/airflow/dags/data/models/Sao Tome and Principe/deaths_TS_model.pkl for tasks to queue
[2024-08-17T12:34:02.742+0000] {logging_mixin.py:188} INFO - [2024-08-17T12:34:02.742+0000] {dagbag.py:545} INFO - Filling up the DagBag from /opt/airflow/dags/data/models/Sao Tome and Principe/deaths_TS_model.pkl
[2024-08-17T12:34:02.750+0000] {processor.py:842} WARNING - No viable dags retrieved from /opt/airflow/dags/data/models/Sao Tome and Principe/deaths_TS_model.pkl
[2024-08-17T12:34:02.760+0000] {processor.py:183} INFO - Processing /opt/airflow/dags/data/models/Sao Tome and Principe/deaths_TS_model.pkl took 0.023 seconds
[2024-08-17T12:34:35.118+0000] {processor.py:161} INFO - Started process (PID=44425) to work on /opt/airflow/dags/data/models/Sao Tome and Principe/deaths_TS_model.pkl
[2024-08-17T12:34:35.120+0000] {processor.py:830} INFO - Processing file /opt/airflow/dags/data/models/Sao Tome and Principe/deaths_TS_model.pkl for tasks to queue
[2024-08-17T12:34:35.121+0000] {logging_mixin.py:188} INFO - [2024-08-17T12:34:35.121+0000] {dagbag.py:545} INFO - Filling up the DagBag from /opt/airflow/dags/data/models/Sao Tome and Principe/deaths_TS_model.pkl
[2024-08-17T12:34:35.142+0000] {processor.py:842} WARNING - No viable dags retrieved from /opt/airflow/dags/data/models/Sao Tome and Principe/deaths_TS_model.pkl
[2024-08-17T12:34:35.151+0000] {processor.py:183} INFO - Processing /opt/airflow/dags/data/models/Sao Tome and Principe/deaths_TS_model.pkl took 0.036 seconds
[2024-08-17T12:35:08.112+0000] {processor.py:161} INFO - Started process (PID=45150) to work on /opt/airflow/dags/data/models/Sao Tome and Principe/deaths_TS_model.pkl
[2024-08-17T12:35:08.113+0000] {processor.py:830} INFO - Processing file /opt/airflow/dags/data/models/Sao Tome and Principe/deaths_TS_model.pkl for tasks to queue
[2024-08-17T12:35:08.113+0000] {logging_mixin.py:188} INFO - [2024-08-17T12:35:08.113+0000] {dagbag.py:545} INFO - Filling up the DagBag from /opt/airflow/dags/data/models/Sao Tome and Principe/deaths_TS_model.pkl
[2024-08-17T12:35:08.122+0000] {processor.py:842} WARNING - No viable dags retrieved from /opt/airflow/dags/data/models/Sao Tome and Principe/deaths_TS_model.pkl
[2024-08-17T12:35:08.131+0000] {processor.py:183} INFO - Processing /opt/airflow/dags/data/models/Sao Tome and Principe/deaths_TS_model.pkl took 0.023 seconds
[2024-08-17T12:35:41.389+0000] {processor.py:161} INFO - Started process (PID=45881) to work on /opt/airflow/dags/data/models/Sao Tome and Principe/deaths_TS_model.pkl
[2024-08-17T12:35:41.389+0000] {processor.py:830} INFO - Processing file /opt/airflow/dags/data/models/Sao Tome and Principe/deaths_TS_model.pkl for tasks to queue
[2024-08-17T12:35:41.390+0000] {logging_mixin.py:188} INFO - [2024-08-17T12:35:41.390+0000] {dagbag.py:545} INFO - Filling up the DagBag from /opt/airflow/dags/data/models/Sao Tome and Principe/deaths_TS_model.pkl
[2024-08-17T12:35:41.397+0000] {processor.py:842} WARNING - No viable dags retrieved from /opt/airflow/dags/data/models/Sao Tome and Principe/deaths_TS_model.pkl
[2024-08-17T12:35:41.406+0000] {processor.py:183} INFO - Processing /opt/airflow/dags/data/models/Sao Tome and Principe/deaths_TS_model.pkl took 0.021 seconds
[2024-08-17T12:36:13.723+0000] {processor.py:161} INFO - Started process (PID=46606) to work on /opt/airflow/dags/data/models/Sao Tome and Principe/deaths_TS_model.pkl
[2024-08-17T12:36:13.727+0000] {processor.py:830} INFO - Processing file /opt/airflow/dags/data/models/Sao Tome and Principe/deaths_TS_model.pkl for tasks to queue
[2024-08-17T12:36:13.728+0000] {logging_mixin.py:188} INFO - [2024-08-17T12:36:13.728+0000] {dagbag.py:545} INFO - Filling up the DagBag from /opt/airflow/dags/data/models/Sao Tome and Principe/deaths_TS_model.pkl
[2024-08-17T12:36:13.748+0000] {processor.py:842} WARNING - No viable dags retrieved from /opt/airflow/dags/data/models/Sao Tome and Principe/deaths_TS_model.pkl
[2024-08-17T12:36:13.758+0000] {processor.py:183} INFO - Processing /opt/airflow/dags/data/models/Sao Tome and Principe/deaths_TS_model.pkl took 0.039 seconds
[2024-08-17T12:36:46.185+0000] {processor.py:161} INFO - Started process (PID=47350) to work on /opt/airflow/dags/data/models/Sao Tome and Principe/deaths_TS_model.pkl
[2024-08-17T12:36:46.186+0000] {processor.py:830} INFO - Processing file /opt/airflow/dags/data/models/Sao Tome and Principe/deaths_TS_model.pkl for tasks to queue
[2024-08-17T12:36:46.186+0000] {logging_mixin.py:188} INFO - [2024-08-17T12:36:46.186+0000] {dagbag.py:545} INFO - Filling up the DagBag from /opt/airflow/dags/data/models/Sao Tome and Principe/deaths_TS_model.pkl
[2024-08-17T12:36:46.194+0000] {processor.py:842} WARNING - No viable dags retrieved from /opt/airflow/dags/data/models/Sao Tome and Principe/deaths_TS_model.pkl
[2024-08-17T12:36:46.202+0000] {processor.py:183} INFO - Processing /opt/airflow/dags/data/models/Sao Tome and Principe/deaths_TS_model.pkl took 0.021 seconds
[2024-08-17T12:37:18.043+0000] {processor.py:161} INFO - Started process (PID=48046) to work on /opt/airflow/dags/data/models/Sao Tome and Principe/deaths_TS_model.pkl
[2024-08-17T12:37:18.045+0000] {processor.py:830} INFO - Processing file /opt/airflow/dags/data/models/Sao Tome and Principe/deaths_TS_model.pkl for tasks to queue
[2024-08-17T12:37:18.045+0000] {logging_mixin.py:188} INFO - [2024-08-17T12:37:18.045+0000] {dagbag.py:545} INFO - Filling up the DagBag from /opt/airflow/dags/data/models/Sao Tome and Principe/deaths_TS_model.pkl
[2024-08-17T12:37:18.055+0000] {processor.py:842} WARNING - No viable dags retrieved from /opt/airflow/dags/data/models/Sao Tome and Principe/deaths_TS_model.pkl
[2024-08-17T12:37:18.064+0000] {processor.py:183} INFO - Processing /opt/airflow/dags/data/models/Sao Tome and Principe/deaths_TS_model.pkl took 0.025 seconds
[2024-08-17T12:38:02.461+0000] {processor.py:161} INFO - Started process (PID=48835) to work on /opt/airflow/dags/data/models/Sao Tome and Principe/deaths_TS_model.pkl
[2024-08-17T12:38:02.462+0000] {processor.py:830} INFO - Processing file /opt/airflow/dags/data/models/Sao Tome and Principe/deaths_TS_model.pkl for tasks to queue
[2024-08-17T12:38:02.463+0000] {logging_mixin.py:188} INFO - [2024-08-17T12:38:02.463+0000] {dagbag.py:545} INFO - Filling up the DagBag from /opt/airflow/dags/data/models/Sao Tome and Principe/deaths_TS_model.pkl
[2024-08-17T12:38:02.487+0000] {processor.py:842} WARNING - No viable dags retrieved from /opt/airflow/dags/data/models/Sao Tome and Principe/deaths_TS_model.pkl
[2024-08-17T12:38:02.496+0000] {processor.py:183} INFO - Processing /opt/airflow/dags/data/models/Sao Tome and Principe/deaths_TS_model.pkl took 0.039 seconds
[2024-08-17T12:38:34.833+0000] {processor.py:161} INFO - Started process (PID=49578) to work on /opt/airflow/dags/data/models/Sao Tome and Principe/deaths_TS_model.pkl
[2024-08-17T12:38:34.833+0000] {processor.py:830} INFO - Processing file /opt/airflow/dags/data/models/Sao Tome and Principe/deaths_TS_model.pkl for tasks to queue
[2024-08-17T12:38:34.834+0000] {logging_mixin.py:188} INFO - [2024-08-17T12:38:34.834+0000] {dagbag.py:545} INFO - Filling up the DagBag from /opt/airflow/dags/data/models/Sao Tome and Principe/deaths_TS_model.pkl
[2024-08-17T12:38:34.850+0000] {processor.py:842} WARNING - No viable dags retrieved from /opt/airflow/dags/data/models/Sao Tome and Principe/deaths_TS_model.pkl
[2024-08-17T12:38:34.860+0000] {processor.py:183} INFO - Processing /opt/airflow/dags/data/models/Sao Tome and Principe/deaths_TS_model.pkl took 0.031 seconds
[2024-08-17T12:39:07.056+0000] {processor.py:161} INFO - Started process (PID=50321) to work on /opt/airflow/dags/data/models/Sao Tome and Principe/deaths_TS_model.pkl
[2024-08-17T12:39:07.057+0000] {processor.py:830} INFO - Processing file /opt/airflow/dags/data/models/Sao Tome and Principe/deaths_TS_model.pkl for tasks to queue
[2024-08-17T12:39:07.057+0000] {logging_mixin.py:188} INFO - [2024-08-17T12:39:07.057+0000] {dagbag.py:545} INFO - Filling up the DagBag from /opt/airflow/dags/data/models/Sao Tome and Principe/deaths_TS_model.pkl
[2024-08-17T12:39:07.067+0000] {processor.py:842} WARNING - No viable dags retrieved from /opt/airflow/dags/data/models/Sao Tome and Principe/deaths_TS_model.pkl
[2024-08-17T12:39:07.076+0000] {processor.py:183} INFO - Processing /opt/airflow/dags/data/models/Sao Tome and Principe/deaths_TS_model.pkl took 0.025 seconds
[2024-08-17T12:39:38.767+0000] {processor.py:161} INFO - Started process (PID=51038) to work on /opt/airflow/dags/data/models/Sao Tome and Principe/deaths_TS_model.pkl
[2024-08-17T12:39:38.768+0000] {processor.py:830} INFO - Processing file /opt/airflow/dags/data/models/Sao Tome and Principe/deaths_TS_model.pkl for tasks to queue
[2024-08-17T12:39:38.769+0000] {logging_mixin.py:188} INFO - [2024-08-17T12:39:38.769+0000] {dagbag.py:545} INFO - Filling up the DagBag from /opt/airflow/dags/data/models/Sao Tome and Principe/deaths_TS_model.pkl
[2024-08-17T12:39:38.778+0000] {processor.py:842} WARNING - No viable dags retrieved from /opt/airflow/dags/data/models/Sao Tome and Principe/deaths_TS_model.pkl
[2024-08-17T12:39:38.787+0000] {processor.py:183} INFO - Processing /opt/airflow/dags/data/models/Sao Tome and Principe/deaths_TS_model.pkl took 0.023 seconds
[2024-08-17T12:40:10.753+0000] {processor.py:161} INFO - Started process (PID=51761) to work on /opt/airflow/dags/data/models/Sao Tome and Principe/deaths_TS_model.pkl
[2024-08-17T12:40:10.754+0000] {processor.py:830} INFO - Processing file /opt/airflow/dags/data/models/Sao Tome and Principe/deaths_TS_model.pkl for tasks to queue
[2024-08-17T12:40:10.754+0000] {logging_mixin.py:188} INFO - [2024-08-17T12:40:10.754+0000] {dagbag.py:545} INFO - Filling up the DagBag from /opt/airflow/dags/data/models/Sao Tome and Principe/deaths_TS_model.pkl
[2024-08-17T12:40:10.769+0000] {processor.py:842} WARNING - No viable dags retrieved from /opt/airflow/dags/data/models/Sao Tome and Principe/deaths_TS_model.pkl
[2024-08-17T12:40:10.778+0000] {processor.py:183} INFO - Processing /opt/airflow/dags/data/models/Sao Tome and Principe/deaths_TS_model.pkl took 0.029 seconds
[2024-08-17T12:40:43.186+0000] {processor.py:161} INFO - Started process (PID=52482) to work on /opt/airflow/dags/data/models/Sao Tome and Principe/deaths_TS_model.pkl
[2024-08-17T12:40:43.186+0000] {processor.py:830} INFO - Processing file /opt/airflow/dags/data/models/Sao Tome and Principe/deaths_TS_model.pkl for tasks to queue
[2024-08-17T12:40:43.187+0000] {logging_mixin.py:188} INFO - [2024-08-17T12:40:43.187+0000] {dagbag.py:545} INFO - Filling up the DagBag from /opt/airflow/dags/data/models/Sao Tome and Principe/deaths_TS_model.pkl
[2024-08-17T12:40:43.197+0000] {processor.py:842} WARNING - No viable dags retrieved from /opt/airflow/dags/data/models/Sao Tome and Principe/deaths_TS_model.pkl
[2024-08-17T12:40:43.205+0000] {processor.py:183} INFO - Processing /opt/airflow/dags/data/models/Sao Tome and Principe/deaths_TS_model.pkl took 0.024 seconds
[2024-08-17T12:41:16.120+0000] {processor.py:161} INFO - Started process (PID=53226) to work on /opt/airflow/dags/data/models/Sao Tome and Principe/deaths_TS_model.pkl
[2024-08-17T12:41:16.121+0000] {processor.py:830} INFO - Processing file /opt/airflow/dags/data/models/Sao Tome and Principe/deaths_TS_model.pkl for tasks to queue
[2024-08-17T12:41:16.122+0000] {logging_mixin.py:188} INFO - [2024-08-17T12:41:16.121+0000] {dagbag.py:545} INFO - Filling up the DagBag from /opt/airflow/dags/data/models/Sao Tome and Principe/deaths_TS_model.pkl
[2024-08-17T12:41:16.139+0000] {processor.py:842} WARNING - No viable dags retrieved from /opt/airflow/dags/data/models/Sao Tome and Principe/deaths_TS_model.pkl
[2024-08-17T12:41:16.150+0000] {processor.py:183} INFO - Processing /opt/airflow/dags/data/models/Sao Tome and Principe/deaths_TS_model.pkl took 0.033 seconds
