[2024-08-17T02:43:53.196+0000] {processor.py:161} INFO - Started process (PID=79444) to work on /opt/airflow/dags/data/models/Georgia/TS_model.pkl
[2024-08-17T02:43:53.196+0000] {processor.py:830} INFO - Processing file /opt/airflow/dags/data/models/Georgia/TS_model.pkl for tasks to queue
[2024-08-17T02:43:53.197+0000] {logging_mixin.py:188} INFO - [2024-08-17T02:43:53.197+0000] {dagbag.py:545} INFO - Filling up the DagBag from /opt/airflow/dags/data/models/Georgia/TS_model.pkl
[2024-08-17T02:43:53.210+0000] {processor.py:842} WARNING - No viable dags retrieved from /opt/airflow/dags/data/models/Georgia/TS_model.pkl
[2024-08-17T02:43:53.221+0000] {processor.py:183} INFO - Processing /opt/airflow/dags/data/models/Georgia/TS_model.pkl took 0.029 seconds
[2024-08-17T02:44:23.608+0000] {processor.py:161} INFO - Started process (PID=79722) to work on /opt/airflow/dags/data/models/Georgia/TS_model.pkl
[2024-08-17T02:44:23.609+0000] {processor.py:830} INFO - Processing file /opt/airflow/dags/data/models/Georgia/TS_model.pkl for tasks to queue
[2024-08-17T02:44:23.609+0000] {logging_mixin.py:188} INFO - [2024-08-17T02:44:23.609+0000] {dagbag.py:545} INFO - Filling up the DagBag from /opt/airflow/dags/data/models/Georgia/TS_model.pkl
[2024-08-17T02:44:23.622+0000] {processor.py:842} WARNING - No viable dags retrieved from /opt/airflow/dags/data/models/Georgia/TS_model.pkl
[2024-08-17T02:44:23.632+0000] {processor.py:183} INFO - Processing /opt/airflow/dags/data/models/Georgia/TS_model.pkl took 0.028 seconds
[2024-08-17T02:44:33.816+0000] {processor.py:161} INFO - Started process (PID=79798) to work on /opt/airflow/dags/data/models/Georgia/TS_model.pkl
[2024-08-17T02:44:33.816+0000] {processor.py:830} INFO - Processing file /opt/airflow/dags/data/models/Georgia/TS_model.pkl for tasks to queue
[2024-08-17T02:44:33.817+0000] {logging_mixin.py:188} INFO - [2024-08-17T02:44:33.817+0000] {dagbag.py:545} INFO - Filling up the DagBag from /opt/airflow/dags/data/models/Georgia/TS_model.pkl
[2024-08-17T02:44:33.831+0000] {processor.py:842} WARNING - No viable dags retrieved from /opt/airflow/dags/data/models/Georgia/TS_model.pkl
[2024-08-17T02:44:33.841+0000] {processor.py:183} INFO - Processing /opt/airflow/dags/data/models/Georgia/TS_model.pkl took 0.030 seconds
[2024-08-17T02:45:04.613+0000] {processor.py:161} INFO - Started process (PID=80101) to work on /opt/airflow/dags/data/models/Georgia/TS_model.pkl
[2024-08-17T02:45:04.614+0000] {processor.py:830} INFO - Processing file /opt/airflow/dags/data/models/Georgia/TS_model.pkl for tasks to queue
[2024-08-17T02:45:04.615+0000] {logging_mixin.py:188} INFO - [2024-08-17T02:45:04.614+0000] {dagbag.py:545} INFO - Filling up the DagBag from /opt/airflow/dags/data/models/Georgia/TS_model.pkl
[2024-08-17T02:45:04.628+0000] {processor.py:842} WARNING - No viable dags retrieved from /opt/airflow/dags/data/models/Georgia/TS_model.pkl
[2024-08-17T02:45:04.639+0000] {processor.py:183} INFO - Processing /opt/airflow/dags/data/models/Georgia/TS_model.pkl took 0.030 seconds
[2024-08-17T02:45:35.500+0000] {processor.py:161} INFO - Started process (PID=80377) to work on /opt/airflow/dags/data/models/Georgia/TS_model.pkl
[2024-08-17T02:45:35.501+0000] {processor.py:830} INFO - Processing file /opt/airflow/dags/data/models/Georgia/TS_model.pkl for tasks to queue
[2024-08-17T02:45:35.502+0000] {logging_mixin.py:188} INFO - [2024-08-17T02:45:35.502+0000] {dagbag.py:545} INFO - Filling up the DagBag from /opt/airflow/dags/data/models/Georgia/TS_model.pkl
[2024-08-17T02:45:35.517+0000] {processor.py:842} WARNING - No viable dags retrieved from /opt/airflow/dags/data/models/Georgia/TS_model.pkl
[2024-08-17T02:45:35.529+0000] {processor.py:183} INFO - Processing /opt/airflow/dags/data/models/Georgia/TS_model.pkl took 0.034 seconds
[2024-08-17T02:46:06.338+0000] {processor.py:161} INFO - Started process (PID=80679) to work on /opt/airflow/dags/data/models/Georgia/TS_model.pkl
[2024-08-17T02:46:06.339+0000] {processor.py:830} INFO - Processing file /opt/airflow/dags/data/models/Georgia/TS_model.pkl for tasks to queue
[2024-08-17T02:46:06.340+0000] {logging_mixin.py:188} INFO - [2024-08-17T02:46:06.339+0000] {dagbag.py:545} INFO - Filling up the DagBag from /opt/airflow/dags/data/models/Georgia/TS_model.pkl
[2024-08-17T02:46:06.353+0000] {processor.py:842} WARNING - No viable dags retrieved from /opt/airflow/dags/data/models/Georgia/TS_model.pkl
[2024-08-17T02:46:06.363+0000] {processor.py:183} INFO - Processing /opt/airflow/dags/data/models/Georgia/TS_model.pkl took 0.029 seconds
[2024-08-17T02:46:37.137+0000] {processor.py:161} INFO - Started process (PID=80955) to work on /opt/airflow/dags/data/models/Georgia/TS_model.pkl
[2024-08-17T02:46:37.145+0000] {processor.py:830} INFO - Processing file /opt/airflow/dags/data/models/Georgia/TS_model.pkl for tasks to queue
[2024-08-17T02:46:37.146+0000] {logging_mixin.py:188} INFO - [2024-08-17T02:46:37.145+0000] {dagbag.py:545} INFO - Filling up the DagBag from /opt/airflow/dags/data/models/Georgia/TS_model.pkl
[2024-08-17T02:46:37.161+0000] {processor.py:842} WARNING - No viable dags retrieved from /opt/airflow/dags/data/models/Georgia/TS_model.pkl
[2024-08-17T02:46:37.173+0000] {processor.py:183} INFO - Processing /opt/airflow/dags/data/models/Georgia/TS_model.pkl took 0.040 seconds
[2024-08-17T02:47:07.859+0000] {processor.py:161} INFO - Started process (PID=81257) to work on /opt/airflow/dags/data/models/Georgia/TS_model.pkl
[2024-08-17T02:47:07.860+0000] {processor.py:830} INFO - Processing file /opt/airflow/dags/data/models/Georgia/TS_model.pkl for tasks to queue
[2024-08-17T02:47:07.861+0000] {logging_mixin.py:188} INFO - [2024-08-17T02:47:07.861+0000] {dagbag.py:545} INFO - Filling up the DagBag from /opt/airflow/dags/data/models/Georgia/TS_model.pkl
[2024-08-17T02:47:07.869+0000] {processor.py:842} WARNING - No viable dags retrieved from /opt/airflow/dags/data/models/Georgia/TS_model.pkl
[2024-08-17T02:47:07.880+0000] {processor.py:183} INFO - Processing /opt/airflow/dags/data/models/Georgia/TS_model.pkl took 0.025 seconds
[2024-08-17T02:47:38.697+0000] {processor.py:161} INFO - Started process (PID=81540) to work on /opt/airflow/dags/data/models/Georgia/TS_model.pkl
[2024-08-17T02:47:38.698+0000] {processor.py:830} INFO - Processing file /opt/airflow/dags/data/models/Georgia/TS_model.pkl for tasks to queue
[2024-08-17T02:47:38.698+0000] {logging_mixin.py:188} INFO - [2024-08-17T02:47:38.698+0000] {dagbag.py:545} INFO - Filling up the DagBag from /opt/airflow/dags/data/models/Georgia/TS_model.pkl
[2024-08-17T02:47:38.711+0000] {processor.py:842} WARNING - No viable dags retrieved from /opt/airflow/dags/data/models/Georgia/TS_model.pkl
[2024-08-17T02:47:38.720+0000] {processor.py:183} INFO - Processing /opt/airflow/dags/data/models/Georgia/TS_model.pkl took 0.027 seconds
[2024-08-17T02:48:09.179+0000] {processor.py:161} INFO - Started process (PID=81835) to work on /opt/airflow/dags/data/models/Georgia/TS_model.pkl
[2024-08-17T02:48:09.179+0000] {processor.py:830} INFO - Processing file /opt/airflow/dags/data/models/Georgia/TS_model.pkl for tasks to queue
[2024-08-17T02:48:09.180+0000] {logging_mixin.py:188} INFO - [2024-08-17T02:48:09.180+0000] {dagbag.py:545} INFO - Filling up the DagBag from /opt/airflow/dags/data/models/Georgia/TS_model.pkl
[2024-08-17T02:48:09.194+0000] {processor.py:842} WARNING - No viable dags retrieved from /opt/airflow/dags/data/models/Georgia/TS_model.pkl
[2024-08-17T02:48:09.204+0000] {processor.py:183} INFO - Processing /opt/airflow/dags/data/models/Georgia/TS_model.pkl took 0.030 seconds
[2024-08-17T02:48:40.180+0000] {processor.py:161} INFO - Started process (PID=82138) to work on /opt/airflow/dags/data/models/Georgia/TS_model.pkl
[2024-08-17T02:48:40.181+0000] {processor.py:830} INFO - Processing file /opt/airflow/dags/data/models/Georgia/TS_model.pkl for tasks to queue
[2024-08-17T02:48:40.181+0000] {logging_mixin.py:188} INFO - [2024-08-17T02:48:40.181+0000] {dagbag.py:545} INFO - Filling up the DagBag from /opt/airflow/dags/data/models/Georgia/TS_model.pkl
[2024-08-17T02:48:40.193+0000] {processor.py:842} WARNING - No viable dags retrieved from /opt/airflow/dags/data/models/Georgia/TS_model.pkl
[2024-08-17T02:48:40.205+0000] {processor.py:183} INFO - Processing /opt/airflow/dags/data/models/Georgia/TS_model.pkl took 0.029 seconds
[2024-08-17T02:49:10.640+0000] {processor.py:161} INFO - Started process (PID=82423) to work on /opt/airflow/dags/data/models/Georgia/TS_model.pkl
[2024-08-17T02:49:10.641+0000] {processor.py:830} INFO - Processing file /opt/airflow/dags/data/models/Georgia/TS_model.pkl for tasks to queue
[2024-08-17T02:49:10.641+0000] {logging_mixin.py:188} INFO - [2024-08-17T02:49:10.641+0000] {dagbag.py:545} INFO - Filling up the DagBag from /opt/airflow/dags/data/models/Georgia/TS_model.pkl
[2024-08-17T02:49:10.653+0000] {processor.py:842} WARNING - No viable dags retrieved from /opt/airflow/dags/data/models/Georgia/TS_model.pkl
[2024-08-17T02:49:10.662+0000] {processor.py:183} INFO - Processing /opt/airflow/dags/data/models/Georgia/TS_model.pkl took 0.028 seconds
[2024-08-17T02:49:41.862+0000] {processor.py:161} INFO - Started process (PID=82751) to work on /opt/airflow/dags/data/models/Georgia/TS_model.pkl
[2024-08-17T02:49:41.863+0000] {processor.py:830} INFO - Processing file /opt/airflow/dags/data/models/Georgia/TS_model.pkl for tasks to queue
[2024-08-17T02:49:41.863+0000] {logging_mixin.py:188} INFO - [2024-08-17T02:49:41.863+0000] {dagbag.py:545} INFO - Filling up the DagBag from /opt/airflow/dags/data/models/Georgia/TS_model.pkl
[2024-08-17T02:49:41.874+0000] {processor.py:842} WARNING - No viable dags retrieved from /opt/airflow/dags/data/models/Georgia/TS_model.pkl
[2024-08-17T02:49:41.884+0000] {processor.py:183} INFO - Processing /opt/airflow/dags/data/models/Georgia/TS_model.pkl took 0.026 seconds
[2024-08-17T02:50:12.726+0000] {processor.py:161} INFO - Started process (PID=83055) to work on /opt/airflow/dags/data/models/Georgia/TS_model.pkl
[2024-08-17T02:50:12.727+0000] {processor.py:830} INFO - Processing file /opt/airflow/dags/data/models/Georgia/TS_model.pkl for tasks to queue
[2024-08-17T02:50:12.728+0000] {logging_mixin.py:188} INFO - [2024-08-17T02:50:12.728+0000] {dagbag.py:545} INFO - Filling up the DagBag from /opt/airflow/dags/data/models/Georgia/TS_model.pkl
[2024-08-17T02:50:12.742+0000] {processor.py:842} WARNING - No viable dags retrieved from /opt/airflow/dags/data/models/Georgia/TS_model.pkl
[2024-08-17T02:50:12.752+0000] {processor.py:183} INFO - Processing /opt/airflow/dags/data/models/Georgia/TS_model.pkl took 0.030 seconds
[2024-08-17T02:50:43.064+0000] {processor.py:161} INFO - Started process (PID=83384) to work on /opt/airflow/dags/data/models/Georgia/TS_model.pkl
[2024-08-17T02:50:43.065+0000] {processor.py:830} INFO - Processing file /opt/airflow/dags/data/models/Georgia/TS_model.pkl for tasks to queue
[2024-08-17T02:50:43.066+0000] {logging_mixin.py:188} INFO - [2024-08-17T02:50:43.065+0000] {dagbag.py:545} INFO - Filling up the DagBag from /opt/airflow/dags/data/models/Georgia/TS_model.pkl
[2024-08-17T02:50:43.074+0000] {processor.py:842} WARNING - No viable dags retrieved from /opt/airflow/dags/data/models/Georgia/TS_model.pkl
[2024-08-17T02:50:43.085+0000] {processor.py:183} INFO - Processing /opt/airflow/dags/data/models/Georgia/TS_model.pkl took 0.025 seconds
[2024-08-17T02:51:13.741+0000] {processor.py:161} INFO - Started process (PID=83666) to work on /opt/airflow/dags/data/models/Georgia/TS_model.pkl
[2024-08-17T02:51:13.742+0000] {processor.py:830} INFO - Processing file /opt/airflow/dags/data/models/Georgia/TS_model.pkl for tasks to queue
[2024-08-17T02:51:13.743+0000] {logging_mixin.py:188} INFO - [2024-08-17T02:51:13.743+0000] {dagbag.py:545} INFO - Filling up the DagBag from /opt/airflow/dags/data/models/Georgia/TS_model.pkl
[2024-08-17T02:51:13.753+0000] {processor.py:842} WARNING - No viable dags retrieved from /opt/airflow/dags/data/models/Georgia/TS_model.pkl
[2024-08-17T02:51:13.763+0000] {processor.py:183} INFO - Processing /opt/airflow/dags/data/models/Georgia/TS_model.pkl took 0.026 seconds
[2024-08-17T02:51:44.545+0000] {processor.py:161} INFO - Started process (PID=83995) to work on /opt/airflow/dags/data/models/Georgia/TS_model.pkl
[2024-08-17T02:51:44.546+0000] {processor.py:830} INFO - Processing file /opt/airflow/dags/data/models/Georgia/TS_model.pkl for tasks to queue
[2024-08-17T02:51:44.546+0000] {logging_mixin.py:188} INFO - [2024-08-17T02:51:44.546+0000] {dagbag.py:545} INFO - Filling up the DagBag from /opt/airflow/dags/data/models/Georgia/TS_model.pkl
[2024-08-17T02:51:44.557+0000] {processor.py:842} WARNING - No viable dags retrieved from /opt/airflow/dags/data/models/Georgia/TS_model.pkl
[2024-08-17T02:51:44.567+0000] {processor.py:183} INFO - Processing /opt/airflow/dags/data/models/Georgia/TS_model.pkl took 0.027 seconds
[2024-08-17T02:52:15.601+0000] {processor.py:161} INFO - Started process (PID=84305) to work on /opt/airflow/dags/data/models/Georgia/TS_model.pkl
[2024-08-17T02:52:15.602+0000] {processor.py:830} INFO - Processing file /opt/airflow/dags/data/models/Georgia/TS_model.pkl for tasks to queue
[2024-08-17T02:52:15.603+0000] {logging_mixin.py:188} INFO - [2024-08-17T02:52:15.603+0000] {dagbag.py:545} INFO - Filling up the DagBag from /opt/airflow/dags/data/models/Georgia/TS_model.pkl
[2024-08-17T02:52:15.617+0000] {processor.py:842} WARNING - No viable dags retrieved from /opt/airflow/dags/data/models/Georgia/TS_model.pkl
[2024-08-17T02:52:15.628+0000] {processor.py:183} INFO - Processing /opt/airflow/dags/data/models/Georgia/TS_model.pkl took 0.032 seconds
[2024-08-17T02:52:46.621+0000] {processor.py:161} INFO - Started process (PID=84627) to work on /opt/airflow/dags/data/models/Georgia/TS_model.pkl
[2024-08-17T02:52:46.622+0000] {processor.py:830} INFO - Processing file /opt/airflow/dags/data/models/Georgia/TS_model.pkl for tasks to queue
[2024-08-17T02:52:46.623+0000] {logging_mixin.py:188} INFO - [2024-08-17T02:52:46.623+0000] {dagbag.py:545} INFO - Filling up the DagBag from /opt/airflow/dags/data/models/Georgia/TS_model.pkl
[2024-08-17T02:52:46.635+0000] {processor.py:842} WARNING - No viable dags retrieved from /opt/airflow/dags/data/models/Georgia/TS_model.pkl
[2024-08-17T02:52:46.646+0000] {processor.py:183} INFO - Processing /opt/airflow/dags/data/models/Georgia/TS_model.pkl took 0.030 seconds
[2024-08-17T02:53:17.387+0000] {processor.py:161} INFO - Started process (PID=84956) to work on /opt/airflow/dags/data/models/Georgia/TS_model.pkl
[2024-08-17T02:53:17.388+0000] {processor.py:830} INFO - Processing file /opt/airflow/dags/data/models/Georgia/TS_model.pkl for tasks to queue
[2024-08-17T02:53:17.389+0000] {logging_mixin.py:188} INFO - [2024-08-17T02:53:17.388+0000] {dagbag.py:545} INFO - Filling up the DagBag from /opt/airflow/dags/data/models/Georgia/TS_model.pkl
[2024-08-17T02:53:17.400+0000] {processor.py:842} WARNING - No viable dags retrieved from /opt/airflow/dags/data/models/Georgia/TS_model.pkl
[2024-08-17T02:53:17.410+0000] {processor.py:183} INFO - Processing /opt/airflow/dags/data/models/Georgia/TS_model.pkl took 0.029 seconds
[2024-08-17T02:53:48.036+0000] {processor.py:161} INFO - Started process (PID=85259) to work on /opt/airflow/dags/data/models/Georgia/TS_model.pkl
[2024-08-17T02:53:48.037+0000] {processor.py:830} INFO - Processing file /opt/airflow/dags/data/models/Georgia/TS_model.pkl for tasks to queue
[2024-08-17T02:53:48.038+0000] {logging_mixin.py:188} INFO - [2024-08-17T02:53:48.037+0000] {dagbag.py:545} INFO - Filling up the DagBag from /opt/airflow/dags/data/models/Georgia/TS_model.pkl
[2024-08-17T02:53:48.046+0000] {processor.py:842} WARNING - No viable dags retrieved from /opt/airflow/dags/data/models/Georgia/TS_model.pkl
[2024-08-17T02:53:48.057+0000] {processor.py:183} INFO - Processing /opt/airflow/dags/data/models/Georgia/TS_model.pkl took 0.026 seconds
[2024-08-17T02:54:18.965+0000] {processor.py:161} INFO - Started process (PID=85620) to work on /opt/airflow/dags/data/models/Georgia/TS_model.pkl
[2024-08-17T02:54:18.966+0000] {processor.py:830} INFO - Processing file /opt/airflow/dags/data/models/Georgia/TS_model.pkl for tasks to queue
[2024-08-17T02:54:18.967+0000] {logging_mixin.py:188} INFO - [2024-08-17T02:54:18.967+0000] {dagbag.py:545} INFO - Filling up the DagBag from /opt/airflow/dags/data/models/Georgia/TS_model.pkl
[2024-08-17T02:54:18.976+0000] {processor.py:842} WARNING - No viable dags retrieved from /opt/airflow/dags/data/models/Georgia/TS_model.pkl
[2024-08-17T02:54:18.987+0000] {processor.py:183} INFO - Processing /opt/airflow/dags/data/models/Georgia/TS_model.pkl took 0.025 seconds
[2024-08-17T02:54:49.814+0000] {processor.py:161} INFO - Started process (PID=85955) to work on /opt/airflow/dags/data/models/Georgia/TS_model.pkl
[2024-08-17T02:54:49.815+0000] {processor.py:830} INFO - Processing file /opt/airflow/dags/data/models/Georgia/TS_model.pkl for tasks to queue
[2024-08-17T02:54:49.816+0000] {logging_mixin.py:188} INFO - [2024-08-17T02:54:49.815+0000] {dagbag.py:545} INFO - Filling up the DagBag from /opt/airflow/dags/data/models/Georgia/TS_model.pkl
[2024-08-17T02:54:49.825+0000] {processor.py:842} WARNING - No viable dags retrieved from /opt/airflow/dags/data/models/Georgia/TS_model.pkl
[2024-08-17T02:54:49.836+0000] {processor.py:183} INFO - Processing /opt/airflow/dags/data/models/Georgia/TS_model.pkl took 0.026 seconds
[2024-08-17T02:55:21.075+0000] {processor.py:161} INFO - Started process (PID=86315) to work on /opt/airflow/dags/data/models/Georgia/TS_model.pkl
[2024-08-17T02:55:21.076+0000] {processor.py:830} INFO - Processing file /opt/airflow/dags/data/models/Georgia/TS_model.pkl for tasks to queue
[2024-08-17T02:55:21.077+0000] {logging_mixin.py:188} INFO - [2024-08-17T02:55:21.076+0000] {dagbag.py:545} INFO - Filling up the DagBag from /opt/airflow/dags/data/models/Georgia/TS_model.pkl
[2024-08-17T02:55:21.087+0000] {processor.py:842} WARNING - No viable dags retrieved from /opt/airflow/dags/data/models/Georgia/TS_model.pkl
[2024-08-17T02:55:21.097+0000] {processor.py:183} INFO - Processing /opt/airflow/dags/data/models/Georgia/TS_model.pkl took 0.026 seconds
[2024-08-17T02:55:51.753+0000] {processor.py:161} INFO - Started process (PID=86656) to work on /opt/airflow/dags/data/models/Georgia/TS_model.pkl
[2024-08-17T02:55:51.756+0000] {processor.py:830} INFO - Processing file /opt/airflow/dags/data/models/Georgia/TS_model.pkl for tasks to queue
[2024-08-17T02:55:51.757+0000] {logging_mixin.py:188} INFO - [2024-08-17T02:55:51.756+0000] {dagbag.py:545} INFO - Filling up the DagBag from /opt/airflow/dags/data/models/Georgia/TS_model.pkl
[2024-08-17T02:55:51.769+0000] {processor.py:842} WARNING - No viable dags retrieved from /opt/airflow/dags/data/models/Georgia/TS_model.pkl
[2024-08-17T02:55:51.784+0000] {processor.py:183} INFO - Processing /opt/airflow/dags/data/models/Georgia/TS_model.pkl took 0.037 seconds
[2024-08-17T02:56:22.559+0000] {processor.py:161} INFO - Started process (PID=86986) to work on /opt/airflow/dags/data/models/Georgia/TS_model.pkl
[2024-08-17T02:56:22.560+0000] {processor.py:830} INFO - Processing file /opt/airflow/dags/data/models/Georgia/TS_model.pkl for tasks to queue
[2024-08-17T02:56:22.560+0000] {logging_mixin.py:188} INFO - [2024-08-17T02:56:22.560+0000] {dagbag.py:545} INFO - Filling up the DagBag from /opt/airflow/dags/data/models/Georgia/TS_model.pkl
[2024-08-17T02:56:22.567+0000] {processor.py:842} WARNING - No viable dags retrieved from /opt/airflow/dags/data/models/Georgia/TS_model.pkl
[2024-08-17T02:56:22.578+0000] {processor.py:183} INFO - Processing /opt/airflow/dags/data/models/Georgia/TS_model.pkl took 0.023 seconds
[2024-08-17T02:56:53.184+0000] {processor.py:161} INFO - Started process (PID=87345) to work on /opt/airflow/dags/data/models/Georgia/TS_model.pkl
[2024-08-17T02:56:53.185+0000] {processor.py:830} INFO - Processing file /opt/airflow/dags/data/models/Georgia/TS_model.pkl for tasks to queue
[2024-08-17T02:56:53.186+0000] {logging_mixin.py:188} INFO - [2024-08-17T02:56:53.186+0000] {dagbag.py:545} INFO - Filling up the DagBag from /opt/airflow/dags/data/models/Georgia/TS_model.pkl
[2024-08-17T02:56:53.196+0000] {processor.py:842} WARNING - No viable dags retrieved from /opt/airflow/dags/data/models/Georgia/TS_model.pkl
[2024-08-17T02:56:53.206+0000] {processor.py:183} INFO - Processing /opt/airflow/dags/data/models/Georgia/TS_model.pkl took 0.025 seconds
[2024-08-17T02:57:24.218+0000] {processor.py:161} INFO - Started process (PID=87677) to work on /opt/airflow/dags/data/models/Georgia/TS_model.pkl
[2024-08-17T02:57:24.219+0000] {processor.py:830} INFO - Processing file /opt/airflow/dags/data/models/Georgia/TS_model.pkl for tasks to queue
[2024-08-17T02:57:24.219+0000] {logging_mixin.py:188} INFO - [2024-08-17T02:57:24.219+0000] {dagbag.py:545} INFO - Filling up the DagBag from /opt/airflow/dags/data/models/Georgia/TS_model.pkl
[2024-08-17T02:57:24.231+0000] {processor.py:842} WARNING - No viable dags retrieved from /opt/airflow/dags/data/models/Georgia/TS_model.pkl
[2024-08-17T02:57:24.241+0000] {processor.py:183} INFO - Processing /opt/airflow/dags/data/models/Georgia/TS_model.pkl took 0.027 seconds
[2024-08-17T02:57:55.194+0000] {processor.py:161} INFO - Started process (PID=88035) to work on /opt/airflow/dags/data/models/Georgia/TS_model.pkl
[2024-08-17T02:57:55.195+0000] {processor.py:830} INFO - Processing file /opt/airflow/dags/data/models/Georgia/TS_model.pkl for tasks to queue
[2024-08-17T02:57:55.196+0000] {logging_mixin.py:188} INFO - [2024-08-17T02:57:55.196+0000] {dagbag.py:545} INFO - Filling up the DagBag from /opt/airflow/dags/data/models/Georgia/TS_model.pkl
[2024-08-17T02:57:55.210+0000] {processor.py:842} WARNING - No viable dags retrieved from /opt/airflow/dags/data/models/Georgia/TS_model.pkl
[2024-08-17T02:57:55.221+0000] {processor.py:183} INFO - Processing /opt/airflow/dags/data/models/Georgia/TS_model.pkl took 0.031 seconds
[2024-08-17T02:58:26.089+0000] {processor.py:161} INFO - Started process (PID=88335) to work on /opt/airflow/dags/data/models/Georgia/TS_model.pkl
[2024-08-17T02:58:26.090+0000] {processor.py:830} INFO - Processing file /opt/airflow/dags/data/models/Georgia/TS_model.pkl for tasks to queue
[2024-08-17T02:58:26.090+0000] {logging_mixin.py:188} INFO - [2024-08-17T02:58:26.090+0000] {dagbag.py:545} INFO - Filling up the DagBag from /opt/airflow/dags/data/models/Georgia/TS_model.pkl
[2024-08-17T02:58:26.101+0000] {processor.py:842} WARNING - No viable dags retrieved from /opt/airflow/dags/data/models/Georgia/TS_model.pkl
[2024-08-17T02:58:26.112+0000] {processor.py:183} INFO - Processing /opt/airflow/dags/data/models/Georgia/TS_model.pkl took 0.027 seconds
[2024-08-17T02:59:00.042+0000] {processor.py:161} INFO - Started process (PID=88712) to work on /opt/airflow/dags/data/models/Georgia/TS_model.pkl
[2024-08-17T02:59:00.043+0000] {processor.py:830} INFO - Processing file /opt/airflow/dags/data/models/Georgia/TS_model.pkl for tasks to queue
[2024-08-17T02:59:00.043+0000] {logging_mixin.py:188} INFO - [2024-08-17T02:59:00.043+0000] {dagbag.py:545} INFO - Filling up the DagBag from /opt/airflow/dags/data/models/Georgia/TS_model.pkl
[2024-08-17T02:59:00.053+0000] {processor.py:842} WARNING - No viable dags retrieved from /opt/airflow/dags/data/models/Georgia/TS_model.pkl
[2024-08-17T02:59:00.063+0000] {processor.py:183} INFO - Processing /opt/airflow/dags/data/models/Georgia/TS_model.pkl took 0.025 seconds
[2024-08-17T02:59:30.726+0000] {processor.py:161} INFO - Started process (PID=89078) to work on /opt/airflow/dags/data/models/Georgia/TS_model.pkl
[2024-08-17T02:59:30.727+0000] {processor.py:830} INFO - Processing file /opt/airflow/dags/data/models/Georgia/TS_model.pkl for tasks to queue
[2024-08-17T02:59:30.728+0000] {logging_mixin.py:188} INFO - [2024-08-17T02:59:30.727+0000] {dagbag.py:545} INFO - Filling up the DagBag from /opt/airflow/dags/data/models/Georgia/TS_model.pkl
[2024-08-17T02:59:30.740+0000] {processor.py:842} WARNING - No viable dags retrieved from /opt/airflow/dags/data/models/Georgia/TS_model.pkl
[2024-08-17T02:59:30.752+0000] {processor.py:183} INFO - Processing /opt/airflow/dags/data/models/Georgia/TS_model.pkl took 0.029 seconds
[2024-08-17T03:00:02.135+0000] {processor.py:161} INFO - Started process (PID=89445) to work on /opt/airflow/dags/data/models/Georgia/TS_model.pkl
[2024-08-17T03:00:02.136+0000] {processor.py:830} INFO - Processing file /opt/airflow/dags/data/models/Georgia/TS_model.pkl for tasks to queue
[2024-08-17T03:00:02.138+0000] {logging_mixin.py:188} INFO - [2024-08-17T03:00:02.137+0000] {dagbag.py:545} INFO - Filling up the DagBag from /opt/airflow/dags/data/models/Georgia/TS_model.pkl
[2024-08-17T03:00:02.152+0000] {processor.py:842} WARNING - No viable dags retrieved from /opt/airflow/dags/data/models/Georgia/TS_model.pkl
[2024-08-17T03:00:02.163+0000] {processor.py:183} INFO - Processing /opt/airflow/dags/data/models/Georgia/TS_model.pkl took 0.031 seconds
[2024-08-17T03:00:33.361+0000] {processor.py:161} INFO - Started process (PID=89824) to work on /opt/airflow/dags/data/models/Georgia/TS_model.pkl
[2024-08-17T03:00:33.362+0000] {processor.py:830} INFO - Processing file /opt/airflow/dags/data/models/Georgia/TS_model.pkl for tasks to queue
[2024-08-17T03:00:33.362+0000] {logging_mixin.py:188} INFO - [2024-08-17T03:00:33.362+0000] {dagbag.py:545} INFO - Filling up the DagBag from /opt/airflow/dags/data/models/Georgia/TS_model.pkl
[2024-08-17T03:00:33.373+0000] {processor.py:842} WARNING - No viable dags retrieved from /opt/airflow/dags/data/models/Georgia/TS_model.pkl
[2024-08-17T03:00:33.385+0000] {processor.py:183} INFO - Processing /opt/airflow/dags/data/models/Georgia/TS_model.pkl took 0.028 seconds
[2024-08-17T03:01:04.542+0000] {processor.py:161} INFO - Started process (PID=90210) to work on /opt/airflow/dags/data/models/Georgia/TS_model.pkl
[2024-08-17T03:01:04.542+0000] {processor.py:830} INFO - Processing file /opt/airflow/dags/data/models/Georgia/TS_model.pkl for tasks to queue
[2024-08-17T03:01:04.543+0000] {logging_mixin.py:188} INFO - [2024-08-17T03:01:04.543+0000] {dagbag.py:545} INFO - Filling up the DagBag from /opt/airflow/dags/data/models/Georgia/TS_model.pkl
[2024-08-17T03:01:04.554+0000] {processor.py:842} WARNING - No viable dags retrieved from /opt/airflow/dags/data/models/Georgia/TS_model.pkl
[2024-08-17T03:01:04.565+0000] {processor.py:183} INFO - Processing /opt/airflow/dags/data/models/Georgia/TS_model.pkl took 0.028 seconds
[2024-08-17T03:01:35.267+0000] {processor.py:161} INFO - Started process (PID=90570) to work on /opt/airflow/dags/data/models/Georgia/TS_model.pkl
[2024-08-17T03:01:35.268+0000] {processor.py:830} INFO - Processing file /opt/airflow/dags/data/models/Georgia/TS_model.pkl for tasks to queue
[2024-08-17T03:01:35.268+0000] {logging_mixin.py:188} INFO - [2024-08-17T03:01:35.268+0000] {dagbag.py:545} INFO - Filling up the DagBag from /opt/airflow/dags/data/models/Georgia/TS_model.pkl
[2024-08-17T03:01:35.279+0000] {processor.py:842} WARNING - No viable dags retrieved from /opt/airflow/dags/data/models/Georgia/TS_model.pkl
[2024-08-17T03:01:35.289+0000] {processor.py:183} INFO - Processing /opt/airflow/dags/data/models/Georgia/TS_model.pkl took 0.026 seconds
[2024-08-17T03:02:06.078+0000] {processor.py:161} INFO - Started process (PID=90956) to work on /opt/airflow/dags/data/models/Georgia/TS_model.pkl
[2024-08-17T03:02:06.079+0000] {processor.py:830} INFO - Processing file /opt/airflow/dags/data/models/Georgia/TS_model.pkl for tasks to queue
[2024-08-17T03:02:06.079+0000] {logging_mixin.py:188} INFO - [2024-08-17T03:02:06.079+0000] {dagbag.py:545} INFO - Filling up the DagBag from /opt/airflow/dags/data/models/Georgia/TS_model.pkl
[2024-08-17T03:02:06.092+0000] {processor.py:842} WARNING - No viable dags retrieved from /opt/airflow/dags/data/models/Georgia/TS_model.pkl
[2024-08-17T03:02:06.102+0000] {processor.py:183} INFO - Processing /opt/airflow/dags/data/models/Georgia/TS_model.pkl took 0.028 seconds
[2024-08-17T03:02:36.963+0000] {processor.py:161} INFO - Started process (PID=91316) to work on /opt/airflow/dags/data/models/Georgia/TS_model.pkl
[2024-08-17T03:02:36.964+0000] {processor.py:830} INFO - Processing file /opt/airflow/dags/data/models/Georgia/TS_model.pkl for tasks to queue
[2024-08-17T03:02:36.964+0000] {logging_mixin.py:188} INFO - [2024-08-17T03:02:36.964+0000] {dagbag.py:545} INFO - Filling up the DagBag from /opt/airflow/dags/data/models/Georgia/TS_model.pkl
[2024-08-17T03:02:36.973+0000] {processor.py:842} WARNING - No viable dags retrieved from /opt/airflow/dags/data/models/Georgia/TS_model.pkl
[2024-08-17T03:02:36.983+0000] {processor.py:183} INFO - Processing /opt/airflow/dags/data/models/Georgia/TS_model.pkl took 0.024 seconds
[2024-08-17T03:03:08.278+0000] {processor.py:161} INFO - Started process (PID=91677) to work on /opt/airflow/dags/data/models/Georgia/TS_model.pkl
[2024-08-17T03:03:08.279+0000] {processor.py:830} INFO - Processing file /opt/airflow/dags/data/models/Georgia/TS_model.pkl for tasks to queue
[2024-08-17T03:03:08.280+0000] {logging_mixin.py:188} INFO - [2024-08-17T03:03:08.279+0000] {dagbag.py:545} INFO - Filling up the DagBag from /opt/airflow/dags/data/models/Georgia/TS_model.pkl
[2024-08-17T03:03:08.292+0000] {processor.py:842} WARNING - No viable dags retrieved from /opt/airflow/dags/data/models/Georgia/TS_model.pkl
[2024-08-17T03:03:08.304+0000] {processor.py:183} INFO - Processing /opt/airflow/dags/data/models/Georgia/TS_model.pkl took 0.030 seconds
[2024-08-17T03:03:39.008+0000] {processor.py:161} INFO - Started process (PID=92061) to work on /opt/airflow/dags/data/models/Georgia/TS_model.pkl
[2024-08-17T03:03:39.009+0000] {processor.py:830} INFO - Processing file /opt/airflow/dags/data/models/Georgia/TS_model.pkl for tasks to queue
[2024-08-17T03:03:39.009+0000] {logging_mixin.py:188} INFO - [2024-08-17T03:03:39.009+0000] {dagbag.py:545} INFO - Filling up the DagBag from /opt/airflow/dags/data/models/Georgia/TS_model.pkl
[2024-08-17T03:03:39.020+0000] {processor.py:842} WARNING - No viable dags retrieved from /opt/airflow/dags/data/models/Georgia/TS_model.pkl
[2024-08-17T03:03:39.030+0000] {processor.py:183} INFO - Processing /opt/airflow/dags/data/models/Georgia/TS_model.pkl took 0.026 seconds
[2024-08-17T03:04:10.184+0000] {processor.py:161} INFO - Started process (PID=92451) to work on /opt/airflow/dags/data/models/Georgia/TS_model.pkl
[2024-08-17T03:04:10.185+0000] {processor.py:830} INFO - Processing file /opt/airflow/dags/data/models/Georgia/TS_model.pkl for tasks to queue
[2024-08-17T03:04:10.185+0000] {logging_mixin.py:188} INFO - [2024-08-17T03:04:10.185+0000] {dagbag.py:545} INFO - Filling up the DagBag from /opt/airflow/dags/data/models/Georgia/TS_model.pkl
[2024-08-17T03:04:10.197+0000] {processor.py:842} WARNING - No viable dags retrieved from /opt/airflow/dags/data/models/Georgia/TS_model.pkl
[2024-08-17T03:04:10.206+0000] {processor.py:183} INFO - Processing /opt/airflow/dags/data/models/Georgia/TS_model.pkl took 0.027 seconds
[2024-08-17T03:04:41.262+0000] {processor.py:161} INFO - Started process (PID=92866) to work on /opt/airflow/dags/data/models/Georgia/TS_model.pkl
[2024-08-17T03:04:41.263+0000] {processor.py:830} INFO - Processing file /opt/airflow/dags/data/models/Georgia/TS_model.pkl for tasks to queue
[2024-08-17T03:04:41.264+0000] {logging_mixin.py:188} INFO - [2024-08-17T03:04:41.263+0000] {dagbag.py:545} INFO - Filling up the DagBag from /opt/airflow/dags/data/models/Georgia/TS_model.pkl
[2024-08-17T03:04:41.274+0000] {processor.py:842} WARNING - No viable dags retrieved from /opt/airflow/dags/data/models/Georgia/TS_model.pkl
[2024-08-17T03:04:41.284+0000] {processor.py:183} INFO - Processing /opt/airflow/dags/data/models/Georgia/TS_model.pkl took 0.026 seconds
[2024-08-17T03:05:12.156+0000] {processor.py:161} INFO - Started process (PID=93255) to work on /opt/airflow/dags/data/models/Georgia/TS_model.pkl
[2024-08-17T03:05:12.157+0000] {processor.py:830} INFO - Processing file /opt/airflow/dags/data/models/Georgia/TS_model.pkl for tasks to queue
[2024-08-17T03:05:12.158+0000] {logging_mixin.py:188} INFO - [2024-08-17T03:05:12.157+0000] {dagbag.py:545} INFO - Filling up the DagBag from /opt/airflow/dags/data/models/Georgia/TS_model.pkl
[2024-08-17T03:05:12.169+0000] {processor.py:842} WARNING - No viable dags retrieved from /opt/airflow/dags/data/models/Georgia/TS_model.pkl
[2024-08-17T03:05:12.181+0000] {processor.py:183} INFO - Processing /opt/airflow/dags/data/models/Georgia/TS_model.pkl took 0.028 seconds
[2024-08-17T03:05:42.719+0000] {processor.py:161} INFO - Started process (PID=93649) to work on /opt/airflow/dags/data/models/Georgia/TS_model.pkl
[2024-08-17T03:05:42.720+0000] {processor.py:830} INFO - Processing file /opt/airflow/dags/data/models/Georgia/TS_model.pkl for tasks to queue
[2024-08-17T03:05:42.721+0000] {logging_mixin.py:188} INFO - [2024-08-17T03:05:42.720+0000] {dagbag.py:545} INFO - Filling up the DagBag from /opt/airflow/dags/data/models/Georgia/TS_model.pkl
[2024-08-17T03:05:42.730+0000] {processor.py:842} WARNING - No viable dags retrieved from /opt/airflow/dags/data/models/Georgia/TS_model.pkl
[2024-08-17T03:05:42.739+0000] {processor.py:183} INFO - Processing /opt/airflow/dags/data/models/Georgia/TS_model.pkl took 0.024 seconds
[2024-08-17T03:06:13.570+0000] {processor.py:161} INFO - Started process (PID=94046) to work on /opt/airflow/dags/data/models/Georgia/TS_model.pkl
[2024-08-17T03:06:13.571+0000] {processor.py:830} INFO - Processing file /opt/airflow/dags/data/models/Georgia/TS_model.pkl for tasks to queue
[2024-08-17T03:06:13.572+0000] {logging_mixin.py:188} INFO - [2024-08-17T03:06:13.572+0000] {dagbag.py:545} INFO - Filling up the DagBag from /opt/airflow/dags/data/models/Georgia/TS_model.pkl
[2024-08-17T03:06:13.584+0000] {processor.py:842} WARNING - No viable dags retrieved from /opt/airflow/dags/data/models/Georgia/TS_model.pkl
[2024-08-17T03:06:13.595+0000] {processor.py:183} INFO - Processing /opt/airflow/dags/data/models/Georgia/TS_model.pkl took 0.028 seconds
[2024-08-17T03:06:44.901+0000] {processor.py:161} INFO - Started process (PID=94454) to work on /opt/airflow/dags/data/models/Georgia/TS_model.pkl
[2024-08-17T03:06:44.902+0000] {processor.py:830} INFO - Processing file /opt/airflow/dags/data/models/Georgia/TS_model.pkl for tasks to queue
[2024-08-17T03:06:44.903+0000] {logging_mixin.py:188} INFO - [2024-08-17T03:06:44.903+0000] {dagbag.py:545} INFO - Filling up the DagBag from /opt/airflow/dags/data/models/Georgia/TS_model.pkl
[2024-08-17T03:06:44.913+0000] {processor.py:842} WARNING - No viable dags retrieved from /opt/airflow/dags/data/models/Georgia/TS_model.pkl
[2024-08-17T03:06:44.925+0000] {processor.py:183} INFO - Processing /opt/airflow/dags/data/models/Georgia/TS_model.pkl took 0.027 seconds
[2024-08-17T03:07:15.886+0000] {processor.py:161} INFO - Started process (PID=94869) to work on /opt/airflow/dags/data/models/Georgia/TS_model.pkl
[2024-08-17T03:07:15.886+0000] {processor.py:830} INFO - Processing file /opt/airflow/dags/data/models/Georgia/TS_model.pkl for tasks to queue
[2024-08-17T03:07:15.887+0000] {logging_mixin.py:188} INFO - [2024-08-17T03:07:15.887+0000] {dagbag.py:545} INFO - Filling up the DagBag from /opt/airflow/dags/data/models/Georgia/TS_model.pkl
[2024-08-17T03:07:15.895+0000] {processor.py:842} WARNING - No viable dags retrieved from /opt/airflow/dags/data/models/Georgia/TS_model.pkl
[2024-08-17T03:07:15.905+0000] {processor.py:183} INFO - Processing /opt/airflow/dags/data/models/Georgia/TS_model.pkl took 0.024 seconds
[2024-08-17T03:07:47.031+0000] {processor.py:161} INFO - Started process (PID=95257) to work on /opt/airflow/dags/data/models/Georgia/TS_model.pkl
[2024-08-17T03:07:47.032+0000] {processor.py:830} INFO - Processing file /opt/airflow/dags/data/models/Georgia/TS_model.pkl for tasks to queue
[2024-08-17T03:07:47.033+0000] {logging_mixin.py:188} INFO - [2024-08-17T03:07:47.032+0000] {dagbag.py:545} INFO - Filling up the DagBag from /opt/airflow/dags/data/models/Georgia/TS_model.pkl
[2024-08-17T03:07:47.044+0000] {processor.py:842} WARNING - No viable dags retrieved from /opt/airflow/dags/data/models/Georgia/TS_model.pkl
[2024-08-17T03:07:47.055+0000] {processor.py:183} INFO - Processing /opt/airflow/dags/data/models/Georgia/TS_model.pkl took 0.027 seconds
[2024-08-17T03:08:17.686+0000] {processor.py:161} INFO - Started process (PID=95671) to work on /opt/airflow/dags/data/models/Georgia/TS_model.pkl
[2024-08-17T03:08:17.686+0000] {processor.py:830} INFO - Processing file /opt/airflow/dags/data/models/Georgia/TS_model.pkl for tasks to queue
[2024-08-17T03:08:17.687+0000] {logging_mixin.py:188} INFO - [2024-08-17T03:08:17.687+0000] {dagbag.py:545} INFO - Filling up the DagBag from /opt/airflow/dags/data/models/Georgia/TS_model.pkl
[2024-08-17T03:08:17.699+0000] {processor.py:842} WARNING - No viable dags retrieved from /opt/airflow/dags/data/models/Georgia/TS_model.pkl
[2024-08-17T03:08:17.709+0000] {processor.py:183} INFO - Processing /opt/airflow/dags/data/models/Georgia/TS_model.pkl took 0.027 seconds
[2024-08-17T03:08:59.451+0000] {processor.py:161} INFO - Started process (PID=96094) to work on /opt/airflow/dags/data/models/Georgia/TS_model.pkl
[2024-08-17T03:08:59.451+0000] {processor.py:830} INFO - Processing file /opt/airflow/dags/data/models/Georgia/TS_model.pkl for tasks to queue
[2024-08-17T03:08:59.452+0000] {logging_mixin.py:188} INFO - [2024-08-17T03:08:59.452+0000] {dagbag.py:545} INFO - Filling up the DagBag from /opt/airflow/dags/data/models/Georgia/TS_model.pkl
[2024-08-17T03:08:59.465+0000] {processor.py:842} WARNING - No viable dags retrieved from /opt/airflow/dags/data/models/Georgia/TS_model.pkl
[2024-08-17T03:08:59.476+0000] {processor.py:183} INFO - Processing /opt/airflow/dags/data/models/Georgia/TS_model.pkl took 0.029 seconds
[2024-08-17T03:09:30.772+0000] {processor.py:161} INFO - Started process (PID=96537) to work on /opt/airflow/dags/data/models/Georgia/TS_model.pkl
[2024-08-17T03:09:30.773+0000] {processor.py:830} INFO - Processing file /opt/airflow/dags/data/models/Georgia/TS_model.pkl for tasks to queue
[2024-08-17T03:09:30.774+0000] {logging_mixin.py:188} INFO - [2024-08-17T03:09:30.773+0000] {dagbag.py:545} INFO - Filling up the DagBag from /opt/airflow/dags/data/models/Georgia/TS_model.pkl
[2024-08-17T03:09:30.785+0000] {processor.py:842} WARNING - No viable dags retrieved from /opt/airflow/dags/data/models/Georgia/TS_model.pkl
[2024-08-17T03:09:30.797+0000] {processor.py:183} INFO - Processing /opt/airflow/dags/data/models/Georgia/TS_model.pkl took 0.029 seconds
[2024-08-17T03:10:01.786+0000] {processor.py:161} INFO - Started process (PID=96979) to work on /opt/airflow/dags/data/models/Georgia/TS_model.pkl
[2024-08-17T03:10:01.786+0000] {processor.py:830} INFO - Processing file /opt/airflow/dags/data/models/Georgia/TS_model.pkl for tasks to queue
[2024-08-17T03:10:01.787+0000] {logging_mixin.py:188} INFO - [2024-08-17T03:10:01.787+0000] {dagbag.py:545} INFO - Filling up the DagBag from /opt/airflow/dags/data/models/Georgia/TS_model.pkl
[2024-08-17T03:10:01.799+0000] {processor.py:842} WARNING - No viable dags retrieved from /opt/airflow/dags/data/models/Georgia/TS_model.pkl
[2024-08-17T03:10:01.810+0000] {processor.py:183} INFO - Processing /opt/airflow/dags/data/models/Georgia/TS_model.pkl took 0.028 seconds
[2024-08-17T03:10:32.866+0000] {processor.py:161} INFO - Started process (PID=97396) to work on /opt/airflow/dags/data/models/Georgia/TS_model.pkl
[2024-08-17T03:10:32.866+0000] {processor.py:830} INFO - Processing file /opt/airflow/dags/data/models/Georgia/TS_model.pkl for tasks to queue
[2024-08-17T03:10:32.867+0000] {logging_mixin.py:188} INFO - [2024-08-17T03:10:32.867+0000] {dagbag.py:545} INFO - Filling up the DagBag from /opt/airflow/dags/data/models/Georgia/TS_model.pkl
[2024-08-17T03:10:32.893+0000] {processor.py:842} WARNING - No viable dags retrieved from /opt/airflow/dags/data/models/Georgia/TS_model.pkl
[2024-08-17T03:10:32.903+0000] {processor.py:183} INFO - Processing /opt/airflow/dags/data/models/Georgia/TS_model.pkl took 0.041 seconds
[2024-08-17T03:11:03.691+0000] {processor.py:161} INFO - Started process (PID=97839) to work on /opt/airflow/dags/data/models/Georgia/TS_model.pkl
[2024-08-17T03:11:03.692+0000] {processor.py:830} INFO - Processing file /opt/airflow/dags/data/models/Georgia/TS_model.pkl for tasks to queue
[2024-08-17T03:11:03.692+0000] {logging_mixin.py:188} INFO - [2024-08-17T03:11:03.692+0000] {dagbag.py:545} INFO - Filling up the DagBag from /opt/airflow/dags/data/models/Georgia/TS_model.pkl
[2024-08-17T03:11:03.702+0000] {processor.py:842} WARNING - No viable dags retrieved from /opt/airflow/dags/data/models/Georgia/TS_model.pkl
[2024-08-17T03:11:03.712+0000] {processor.py:183} INFO - Processing /opt/airflow/dags/data/models/Georgia/TS_model.pkl took 0.026 seconds
[2024-08-17T03:11:34.328+0000] {processor.py:161} INFO - Started process (PID=98235) to work on /opt/airflow/dags/data/models/Georgia/TS_model.pkl
[2024-08-17T03:11:34.329+0000] {processor.py:830} INFO - Processing file /opt/airflow/dags/data/models/Georgia/TS_model.pkl for tasks to queue
[2024-08-17T03:11:34.329+0000] {logging_mixin.py:188} INFO - [2024-08-17T03:11:34.329+0000] {dagbag.py:545} INFO - Filling up the DagBag from /opt/airflow/dags/data/models/Georgia/TS_model.pkl
[2024-08-17T03:11:34.341+0000] {processor.py:842} WARNING - No viable dags retrieved from /opt/airflow/dags/data/models/Georgia/TS_model.pkl
[2024-08-17T03:11:34.350+0000] {processor.py:183} INFO - Processing /opt/airflow/dags/data/models/Georgia/TS_model.pkl took 0.026 seconds
[2024-08-17T03:12:05.130+0000] {processor.py:161} INFO - Started process (PID=98678) to work on /opt/airflow/dags/data/models/Georgia/TS_model.pkl
[2024-08-17T03:12:05.131+0000] {processor.py:830} INFO - Processing file /opt/airflow/dags/data/models/Georgia/TS_model.pkl for tasks to queue
[2024-08-17T03:12:05.131+0000] {logging_mixin.py:188} INFO - [2024-08-17T03:12:05.131+0000] {dagbag.py:545} INFO - Filling up the DagBag from /opt/airflow/dags/data/models/Georgia/TS_model.pkl
[2024-08-17T03:12:05.140+0000] {processor.py:842} WARNING - No viable dags retrieved from /opt/airflow/dags/data/models/Georgia/TS_model.pkl
[2024-08-17T03:12:05.151+0000] {processor.py:183} INFO - Processing /opt/airflow/dags/data/models/Georgia/TS_model.pkl took 0.025 seconds
[2024-08-17T03:12:36.004+0000] {processor.py:161} INFO - Started process (PID=99102) to work on /opt/airflow/dags/data/models/Georgia/TS_model.pkl
[2024-08-17T03:12:36.005+0000] {processor.py:830} INFO - Processing file /opt/airflow/dags/data/models/Georgia/TS_model.pkl for tasks to queue
[2024-08-17T03:12:36.006+0000] {logging_mixin.py:188} INFO - [2024-08-17T03:12:36.005+0000] {dagbag.py:545} INFO - Filling up the DagBag from /opt/airflow/dags/data/models/Georgia/TS_model.pkl
[2024-08-17T03:12:36.018+0000] {processor.py:842} WARNING - No viable dags retrieved from /opt/airflow/dags/data/models/Georgia/TS_model.pkl
[2024-08-17T03:12:36.029+0000] {processor.py:183} INFO - Processing /opt/airflow/dags/data/models/Georgia/TS_model.pkl took 0.028 seconds
[2024-08-17T03:13:06.756+0000] {processor.py:161} INFO - Started process (PID=99538) to work on /opt/airflow/dags/data/models/Georgia/TS_model.pkl
[2024-08-17T03:13:06.757+0000] {processor.py:830} INFO - Processing file /opt/airflow/dags/data/models/Georgia/TS_model.pkl for tasks to queue
[2024-08-17T03:13:06.757+0000] {logging_mixin.py:188} INFO - [2024-08-17T03:13:06.757+0000] {dagbag.py:545} INFO - Filling up the DagBag from /opt/airflow/dags/data/models/Georgia/TS_model.pkl
[2024-08-17T03:13:06.769+0000] {processor.py:842} WARNING - No viable dags retrieved from /opt/airflow/dags/data/models/Georgia/TS_model.pkl
[2024-08-17T03:13:06.779+0000] {processor.py:183} INFO - Processing /opt/airflow/dags/data/models/Georgia/TS_model.pkl took 0.027 seconds
[2024-08-17T03:13:37.790+0000] {processor.py:161} INFO - Started process (PID=99985) to work on /opt/airflow/dags/data/models/Georgia/TS_model.pkl
[2024-08-17T03:13:37.791+0000] {processor.py:830} INFO - Processing file /opt/airflow/dags/data/models/Georgia/TS_model.pkl for tasks to queue
[2024-08-17T03:13:37.791+0000] {logging_mixin.py:188} INFO - [2024-08-17T03:13:37.791+0000] {dagbag.py:545} INFO - Filling up the DagBag from /opt/airflow/dags/data/models/Georgia/TS_model.pkl
[2024-08-17T03:13:37.803+0000] {processor.py:842} WARNING - No viable dags retrieved from /opt/airflow/dags/data/models/Georgia/TS_model.pkl
[2024-08-17T03:13:37.815+0000] {processor.py:183} INFO - Processing /opt/airflow/dags/data/models/Georgia/TS_model.pkl took 0.028 seconds
[2024-08-17T03:14:08.542+0000] {processor.py:161} INFO - Started process (PID=696) to work on /opt/airflow/dags/data/models/Georgia/TS_model.pkl
[2024-08-17T03:14:08.543+0000] {processor.py:830} INFO - Processing file /opt/airflow/dags/data/models/Georgia/TS_model.pkl for tasks to queue
[2024-08-17T03:14:08.543+0000] {logging_mixin.py:188} INFO - [2024-08-17T03:14:08.543+0000] {dagbag.py:545} INFO - Filling up the DagBag from /opt/airflow/dags/data/models/Georgia/TS_model.pkl
[2024-08-17T03:14:08.551+0000] {processor.py:842} WARNING - No viable dags retrieved from /opt/airflow/dags/data/models/Georgia/TS_model.pkl
[2024-08-17T03:14:08.560+0000] {processor.py:183} INFO - Processing /opt/airflow/dags/data/models/Georgia/TS_model.pkl took 0.022 seconds
[2024-08-17T03:14:39.079+0000] {processor.py:161} INFO - Started process (PID=1148) to work on /opt/airflow/dags/data/models/Georgia/TS_model.pkl
[2024-08-17T03:14:39.080+0000] {processor.py:830} INFO - Processing file /opt/airflow/dags/data/models/Georgia/TS_model.pkl for tasks to queue
[2024-08-17T03:14:39.081+0000] {logging_mixin.py:188} INFO - [2024-08-17T03:14:39.080+0000] {dagbag.py:545} INFO - Filling up the DagBag from /opt/airflow/dags/data/models/Georgia/TS_model.pkl
[2024-08-17T03:14:39.089+0000] {processor.py:842} WARNING - No viable dags retrieved from /opt/airflow/dags/data/models/Georgia/TS_model.pkl
[2024-08-17T03:14:39.098+0000] {processor.py:183} INFO - Processing /opt/airflow/dags/data/models/Georgia/TS_model.pkl took 0.022 seconds
[2024-08-17T03:15:10.182+0000] {processor.py:161} INFO - Started process (PID=1576) to work on /opt/airflow/dags/data/models/Georgia/TS_model.pkl
[2024-08-17T03:15:10.183+0000] {processor.py:830} INFO - Processing file /opt/airflow/dags/data/models/Georgia/TS_model.pkl for tasks to queue
[2024-08-17T03:15:10.183+0000] {logging_mixin.py:188} INFO - [2024-08-17T03:15:10.183+0000] {dagbag.py:545} INFO - Filling up the DagBag from /opt/airflow/dags/data/models/Georgia/TS_model.pkl
[2024-08-17T03:15:10.192+0000] {processor.py:842} WARNING - No viable dags retrieved from /opt/airflow/dags/data/models/Georgia/TS_model.pkl
[2024-08-17T03:15:10.200+0000] {processor.py:183} INFO - Processing /opt/airflow/dags/data/models/Georgia/TS_model.pkl took 0.022 seconds
[2024-08-17T03:15:41.339+0000] {processor.py:161} INFO - Started process (PID=2009) to work on /opt/airflow/dags/data/models/Georgia/TS_model.pkl
[2024-08-17T03:15:41.340+0000] {processor.py:830} INFO - Processing file /opt/airflow/dags/data/models/Georgia/TS_model.pkl for tasks to queue
[2024-08-17T03:15:41.340+0000] {logging_mixin.py:188} INFO - [2024-08-17T03:15:41.340+0000] {dagbag.py:545} INFO - Filling up the DagBag from /opt/airflow/dags/data/models/Georgia/TS_model.pkl
[2024-08-17T03:15:41.356+0000] {processor.py:842} WARNING - No viable dags retrieved from /opt/airflow/dags/data/models/Georgia/TS_model.pkl
[2024-08-17T03:15:41.366+0000] {processor.py:183} INFO - Processing /opt/airflow/dags/data/models/Georgia/TS_model.pkl took 0.031 seconds
[2024-08-17T03:16:12.295+0000] {processor.py:161} INFO - Started process (PID=2442) to work on /opt/airflow/dags/data/models/Georgia/TS_model.pkl
[2024-08-17T03:16:12.296+0000] {processor.py:830} INFO - Processing file /opt/airflow/dags/data/models/Georgia/TS_model.pkl for tasks to queue
[2024-08-17T03:16:12.297+0000] {logging_mixin.py:188} INFO - [2024-08-17T03:16:12.296+0000] {dagbag.py:545} INFO - Filling up the DagBag from /opt/airflow/dags/data/models/Georgia/TS_model.pkl
[2024-08-17T03:16:12.308+0000] {processor.py:842} WARNING - No viable dags retrieved from /opt/airflow/dags/data/models/Georgia/TS_model.pkl
[2024-08-17T03:16:12.318+0000] {processor.py:183} INFO - Processing /opt/airflow/dags/data/models/Georgia/TS_model.pkl took 0.027 seconds
[2024-08-17T03:16:43.649+0000] {processor.py:161} INFO - Started process (PID=2869) to work on /opt/airflow/dags/data/models/Georgia/TS_model.pkl
[2024-08-17T03:16:43.649+0000] {processor.py:830} INFO - Processing file /opt/airflow/dags/data/models/Georgia/TS_model.pkl for tasks to queue
[2024-08-17T03:16:43.650+0000] {logging_mixin.py:188} INFO - [2024-08-17T03:16:43.650+0000] {dagbag.py:545} INFO - Filling up the DagBag from /opt/airflow/dags/data/models/Georgia/TS_model.pkl
[2024-08-17T03:16:43.659+0000] {processor.py:842} WARNING - No viable dags retrieved from /opt/airflow/dags/data/models/Georgia/TS_model.pkl
[2024-08-17T03:16:43.668+0000] {processor.py:183} INFO - Processing /opt/airflow/dags/data/models/Georgia/TS_model.pkl took 0.023 seconds
[2024-08-17T03:17:14.605+0000] {processor.py:161} INFO - Started process (PID=3323) to work on /opt/airflow/dags/data/models/Georgia/TS_model.pkl
[2024-08-17T03:17:14.606+0000] {processor.py:830} INFO - Processing file /opt/airflow/dags/data/models/Georgia/TS_model.pkl for tasks to queue
[2024-08-17T03:17:14.607+0000] {logging_mixin.py:188} INFO - [2024-08-17T03:17:14.607+0000] {dagbag.py:545} INFO - Filling up the DagBag from /opt/airflow/dags/data/models/Georgia/TS_model.pkl
[2024-08-17T03:17:14.616+0000] {processor.py:842} WARNING - No viable dags retrieved from /opt/airflow/dags/data/models/Georgia/TS_model.pkl
[2024-08-17T03:17:14.625+0000] {processor.py:183} INFO - Processing /opt/airflow/dags/data/models/Georgia/TS_model.pkl took 0.023 seconds
[2024-08-17T03:17:45.808+0000] {processor.py:161} INFO - Started process (PID=3780) to work on /opt/airflow/dags/data/models/Georgia/TS_model.pkl
[2024-08-17T03:17:45.809+0000] {processor.py:830} INFO - Processing file /opt/airflow/dags/data/models/Georgia/TS_model.pkl for tasks to queue
[2024-08-17T03:17:45.809+0000] {logging_mixin.py:188} INFO - [2024-08-17T03:17:45.809+0000] {dagbag.py:545} INFO - Filling up the DagBag from /opt/airflow/dags/data/models/Georgia/TS_model.pkl
[2024-08-17T03:17:45.817+0000] {processor.py:842} WARNING - No viable dags retrieved from /opt/airflow/dags/data/models/Georgia/TS_model.pkl
[2024-08-17T03:17:45.826+0000] {processor.py:183} INFO - Processing /opt/airflow/dags/data/models/Georgia/TS_model.pkl took 0.022 seconds
[2024-08-17T03:18:16.425+0000] {processor.py:161} INFO - Started process (PID=4187) to work on /opt/airflow/dags/data/models/Georgia/TS_model.pkl
[2024-08-17T03:18:16.425+0000] {processor.py:830} INFO - Processing file /opt/airflow/dags/data/models/Georgia/TS_model.pkl for tasks to queue
[2024-08-17T03:18:16.426+0000] {logging_mixin.py:188} INFO - [2024-08-17T03:18:16.426+0000] {dagbag.py:545} INFO - Filling up the DagBag from /opt/airflow/dags/data/models/Georgia/TS_model.pkl
[2024-08-17T03:18:16.433+0000] {processor.py:842} WARNING - No viable dags retrieved from /opt/airflow/dags/data/models/Georgia/TS_model.pkl
[2024-08-17T03:18:16.442+0000] {processor.py:183} INFO - Processing /opt/airflow/dags/data/models/Georgia/TS_model.pkl took 0.021 seconds
[2024-08-17T03:18:47.018+0000] {processor.py:161} INFO - Started process (PID=4640) to work on /opt/airflow/dags/data/models/Georgia/TS_model.pkl
[2024-08-17T03:18:47.019+0000] {processor.py:830} INFO - Processing file /opt/airflow/dags/data/models/Georgia/TS_model.pkl for tasks to queue
[2024-08-17T03:18:47.019+0000] {logging_mixin.py:188} INFO - [2024-08-17T03:18:47.019+0000] {dagbag.py:545} INFO - Filling up the DagBag from /opt/airflow/dags/data/models/Georgia/TS_model.pkl
[2024-08-17T03:18:47.028+0000] {processor.py:842} WARNING - No viable dags retrieved from /opt/airflow/dags/data/models/Georgia/TS_model.pkl
[2024-08-17T03:18:47.037+0000] {processor.py:183} INFO - Processing /opt/airflow/dags/data/models/Georgia/TS_model.pkl took 0.023 seconds
[2024-08-17T03:19:17.557+0000] {processor.py:161} INFO - Started process (PID=5068) to work on /opt/airflow/dags/data/models/Georgia/TS_model.pkl
[2024-08-17T03:19:17.557+0000] {processor.py:830} INFO - Processing file /opt/airflow/dags/data/models/Georgia/TS_model.pkl for tasks to queue
[2024-08-17T03:19:17.558+0000] {logging_mixin.py:188} INFO - [2024-08-17T03:19:17.558+0000] {dagbag.py:545} INFO - Filling up the DagBag from /opt/airflow/dags/data/models/Georgia/TS_model.pkl
[2024-08-17T03:19:17.565+0000] {processor.py:842} WARNING - No viable dags retrieved from /opt/airflow/dags/data/models/Georgia/TS_model.pkl
[2024-08-17T03:19:17.574+0000] {processor.py:183} INFO - Processing /opt/airflow/dags/data/models/Georgia/TS_model.pkl took 0.021 seconds
[2024-08-17T03:19:48.226+0000] {processor.py:161} INFO - Started process (PID=5522) to work on /opt/airflow/dags/data/models/Georgia/TS_model.pkl
[2024-08-17T03:19:48.226+0000] {processor.py:830} INFO - Processing file /opt/airflow/dags/data/models/Georgia/TS_model.pkl for tasks to queue
[2024-08-17T03:19:48.227+0000] {logging_mixin.py:188} INFO - [2024-08-17T03:19:48.227+0000] {dagbag.py:545} INFO - Filling up the DagBag from /opt/airflow/dags/data/models/Georgia/TS_model.pkl
[2024-08-17T03:19:48.234+0000] {processor.py:842} WARNING - No viable dags retrieved from /opt/airflow/dags/data/models/Georgia/TS_model.pkl
[2024-08-17T03:19:48.244+0000] {processor.py:183} INFO - Processing /opt/airflow/dags/data/models/Georgia/TS_model.pkl took 0.023 seconds
[2024-08-17T03:20:19.291+0000] {processor.py:161} INFO - Started process (PID=5957) to work on /opt/airflow/dags/data/models/Georgia/TS_model.pkl
[2024-08-17T03:20:19.292+0000] {processor.py:830} INFO - Processing file /opt/airflow/dags/data/models/Georgia/TS_model.pkl for tasks to queue
[2024-08-17T03:20:19.293+0000] {logging_mixin.py:188} INFO - [2024-08-17T03:20:19.292+0000] {dagbag.py:545} INFO - Filling up the DagBag from /opt/airflow/dags/data/models/Georgia/TS_model.pkl
[2024-08-17T03:20:19.300+0000] {processor.py:842} WARNING - No viable dags retrieved from /opt/airflow/dags/data/models/Georgia/TS_model.pkl
[2024-08-17T03:20:19.310+0000] {processor.py:183} INFO - Processing /opt/airflow/dags/data/models/Georgia/TS_model.pkl took 0.022 seconds
[2024-08-17T03:20:50.787+0000] {processor.py:161} INFO - Started process (PID=6393) to work on /opt/airflow/dags/data/models/Georgia/TS_model.pkl
[2024-08-17T03:20:50.787+0000] {processor.py:830} INFO - Processing file /opt/airflow/dags/data/models/Georgia/TS_model.pkl for tasks to queue
[2024-08-17T03:20:50.788+0000] {logging_mixin.py:188} INFO - [2024-08-17T03:20:50.788+0000] {dagbag.py:545} INFO - Filling up the DagBag from /opt/airflow/dags/data/models/Georgia/TS_model.pkl
[2024-08-17T03:20:50.794+0000] {processor.py:842} WARNING - No viable dags retrieved from /opt/airflow/dags/data/models/Georgia/TS_model.pkl
[2024-08-17T03:20:50.804+0000] {processor.py:183} INFO - Processing /opt/airflow/dags/data/models/Georgia/TS_model.pkl took 0.022 seconds
[2024-08-17T03:21:21.772+0000] {processor.py:161} INFO - Started process (PID=6826) to work on /opt/airflow/dags/data/models/Georgia/TS_model.pkl
[2024-08-17T03:21:21.773+0000] {processor.py:830} INFO - Processing file /opt/airflow/dags/data/models/Georgia/TS_model.pkl for tasks to queue
[2024-08-17T03:21:21.773+0000] {logging_mixin.py:188} INFO - [2024-08-17T03:21:21.773+0000] {dagbag.py:545} INFO - Filling up the DagBag from /opt/airflow/dags/data/models/Georgia/TS_model.pkl
[2024-08-17T03:21:21.782+0000] {processor.py:842} WARNING - No viable dags retrieved from /opt/airflow/dags/data/models/Georgia/TS_model.pkl
[2024-08-17T03:21:21.792+0000] {processor.py:183} INFO - Processing /opt/airflow/dags/data/models/Georgia/TS_model.pkl took 0.024 seconds
[2024-08-17T03:21:52.884+0000] {processor.py:161} INFO - Started process (PID=7254) to work on /opt/airflow/dags/data/models/Georgia/TS_model.pkl
[2024-08-17T03:21:52.884+0000] {processor.py:830} INFO - Processing file /opt/airflow/dags/data/models/Georgia/TS_model.pkl for tasks to queue
[2024-08-17T03:21:52.885+0000] {logging_mixin.py:188} INFO - [2024-08-17T03:21:52.884+0000] {dagbag.py:545} INFO - Filling up the DagBag from /opt/airflow/dags/data/models/Georgia/TS_model.pkl
[2024-08-17T03:21:52.892+0000] {processor.py:842} WARNING - No viable dags retrieved from /opt/airflow/dags/data/models/Georgia/TS_model.pkl
[2024-08-17T03:21:52.902+0000] {processor.py:183} INFO - Processing /opt/airflow/dags/data/models/Georgia/TS_model.pkl took 0.023 seconds
[2024-08-17T03:22:23.998+0000] {processor.py:161} INFO - Started process (PID=7708) to work on /opt/airflow/dags/data/models/Georgia/TS_model.pkl
[2024-08-17T03:22:23.999+0000] {processor.py:830} INFO - Processing file /opt/airflow/dags/data/models/Georgia/TS_model.pkl for tasks to queue
[2024-08-17T03:22:23.999+0000] {logging_mixin.py:188} INFO - [2024-08-17T03:22:23.999+0000] {dagbag.py:545} INFO - Filling up the DagBag from /opt/airflow/dags/data/models/Georgia/TS_model.pkl
[2024-08-17T03:22:24.007+0000] {processor.py:842} WARNING - No viable dags retrieved from /opt/airflow/dags/data/models/Georgia/TS_model.pkl
[2024-08-17T03:22:24.017+0000] {processor.py:183} INFO - Processing /opt/airflow/dags/data/models/Georgia/TS_model.pkl took 0.023 seconds
[2024-08-17T03:22:56.093+0000] {processor.py:161} INFO - Started process (PID=8147) to work on /opt/airflow/dags/data/models/Georgia/TS_model.pkl
[2024-08-17T03:22:56.094+0000] {processor.py:830} INFO - Processing file /opt/airflow/dags/data/models/Georgia/TS_model.pkl for tasks to queue
[2024-08-17T03:22:56.095+0000] {logging_mixin.py:188} INFO - [2024-08-17T03:22:56.095+0000] {dagbag.py:545} INFO - Filling up the DagBag from /opt/airflow/dags/data/models/Georgia/TS_model.pkl
[2024-08-17T03:22:56.104+0000] {processor.py:842} WARNING - No viable dags retrieved from /opt/airflow/dags/data/models/Georgia/TS_model.pkl
[2024-08-17T03:22:56.114+0000] {processor.py:183} INFO - Processing /opt/airflow/dags/data/models/Georgia/TS_model.pkl took 0.025 seconds
[2024-08-17T03:23:26.773+0000] {processor.py:161} INFO - Started process (PID=8573) to work on /opt/airflow/dags/data/models/Georgia/TS_model.pkl
[2024-08-17T03:23:26.774+0000] {processor.py:830} INFO - Processing file /opt/airflow/dags/data/models/Georgia/TS_model.pkl for tasks to queue
[2024-08-17T03:23:26.774+0000] {logging_mixin.py:188} INFO - [2024-08-17T03:23:26.774+0000] {dagbag.py:545} INFO - Filling up the DagBag from /opt/airflow/dags/data/models/Georgia/TS_model.pkl
[2024-08-17T03:23:26.784+0000] {processor.py:842} WARNING - No viable dags retrieved from /opt/airflow/dags/data/models/Georgia/TS_model.pkl
[2024-08-17T03:23:26.793+0000] {processor.py:183} INFO - Processing /opt/airflow/dags/data/models/Georgia/TS_model.pkl took 0.024 seconds
[2024-08-17T03:23:59.548+0000] {processor.py:161} INFO - Started process (PID=9028) to work on /opt/airflow/dags/data/models/Georgia/TS_model.pkl
[2024-08-17T03:23:59.549+0000] {processor.py:830} INFO - Processing file /opt/airflow/dags/data/models/Georgia/TS_model.pkl for tasks to queue
[2024-08-17T03:23:59.550+0000] {logging_mixin.py:188} INFO - [2024-08-17T03:23:59.549+0000] {dagbag.py:545} INFO - Filling up the DagBag from /opt/airflow/dags/data/models/Georgia/TS_model.pkl
[2024-08-17T03:23:59.558+0000] {processor.py:842} WARNING - No viable dags retrieved from /opt/airflow/dags/data/models/Georgia/TS_model.pkl
[2024-08-17T03:23:59.569+0000] {processor.py:183} INFO - Processing /opt/airflow/dags/data/models/Georgia/TS_model.pkl took 0.025 seconds
[2024-08-17T03:24:31.102+0000] {processor.py:161} INFO - Started process (PID=9482) to work on /opt/airflow/dags/data/models/Georgia/TS_model.pkl
[2024-08-17T03:24:31.102+0000] {processor.py:830} INFO - Processing file /opt/airflow/dags/data/models/Georgia/TS_model.pkl for tasks to queue
[2024-08-17T03:24:31.103+0000] {logging_mixin.py:188} INFO - [2024-08-17T03:24:31.103+0000] {dagbag.py:545} INFO - Filling up the DagBag from /opt/airflow/dags/data/models/Georgia/TS_model.pkl
[2024-08-17T03:24:31.112+0000] {processor.py:842} WARNING - No viable dags retrieved from /opt/airflow/dags/data/models/Georgia/TS_model.pkl
[2024-08-17T03:24:31.122+0000] {processor.py:183} INFO - Processing /opt/airflow/dags/data/models/Georgia/TS_model.pkl took 0.023 seconds
[2024-08-17T03:25:02.294+0000] {processor.py:161} INFO - Started process (PID=9917) to work on /opt/airflow/dags/data/models/Georgia/TS_model.pkl
[2024-08-17T03:25:02.295+0000] {processor.py:830} INFO - Processing file /opt/airflow/dags/data/models/Georgia/TS_model.pkl for tasks to queue
[2024-08-17T03:25:02.296+0000] {logging_mixin.py:188} INFO - [2024-08-17T03:25:02.296+0000] {dagbag.py:545} INFO - Filling up the DagBag from /opt/airflow/dags/data/models/Georgia/TS_model.pkl
[2024-08-17T03:25:02.307+0000] {processor.py:842} WARNING - No viable dags retrieved from /opt/airflow/dags/data/models/Georgia/TS_model.pkl
[2024-08-17T03:25:02.316+0000] {processor.py:183} INFO - Processing /opt/airflow/dags/data/models/Georgia/TS_model.pkl took 0.026 seconds
[2024-08-17T03:25:32.799+0000] {processor.py:161} INFO - Started process (PID=10353) to work on /opt/airflow/dags/data/models/Georgia/TS_model.pkl
[2024-08-17T03:25:32.799+0000] {processor.py:830} INFO - Processing file /opt/airflow/dags/data/models/Georgia/TS_model.pkl for tasks to queue
[2024-08-17T03:25:32.800+0000] {logging_mixin.py:188} INFO - [2024-08-17T03:25:32.799+0000] {dagbag.py:545} INFO - Filling up the DagBag from /opt/airflow/dags/data/models/Georgia/TS_model.pkl
[2024-08-17T03:25:32.819+0000] {processor.py:842} WARNING - No viable dags retrieved from /opt/airflow/dags/data/models/Georgia/TS_model.pkl
[2024-08-17T03:25:32.829+0000] {processor.py:183} INFO - Processing /opt/airflow/dags/data/models/Georgia/TS_model.pkl took 0.034 seconds
[2024-08-17T03:26:03.884+0000] {processor.py:161} INFO - Started process (PID=10807) to work on /opt/airflow/dags/data/models/Georgia/TS_model.pkl
[2024-08-17T03:26:03.884+0000] {processor.py:830} INFO - Processing file /opt/airflow/dags/data/models/Georgia/TS_model.pkl for tasks to queue
[2024-08-17T03:26:03.885+0000] {logging_mixin.py:188} INFO - [2024-08-17T03:26:03.885+0000] {dagbag.py:545} INFO - Filling up the DagBag from /opt/airflow/dags/data/models/Georgia/TS_model.pkl
[2024-08-17T03:26:03.894+0000] {processor.py:842} WARNING - No viable dags retrieved from /opt/airflow/dags/data/models/Georgia/TS_model.pkl
[2024-08-17T03:26:03.903+0000] {processor.py:183} INFO - Processing /opt/airflow/dags/data/models/Georgia/TS_model.pkl took 0.024 seconds
[2024-08-17T03:26:34.956+0000] {processor.py:161} INFO - Started process (PID=11235) to work on /opt/airflow/dags/data/models/Georgia/TS_model.pkl
[2024-08-17T03:26:34.957+0000] {processor.py:830} INFO - Processing file /opt/airflow/dags/data/models/Georgia/TS_model.pkl for tasks to queue
[2024-08-17T03:26:34.957+0000] {logging_mixin.py:188} INFO - [2024-08-17T03:26:34.957+0000] {dagbag.py:545} INFO - Filling up the DagBag from /opt/airflow/dags/data/models/Georgia/TS_model.pkl
[2024-08-17T03:26:34.967+0000] {processor.py:842} WARNING - No viable dags retrieved from /opt/airflow/dags/data/models/Georgia/TS_model.pkl
[2024-08-17T03:26:34.976+0000] {processor.py:183} INFO - Processing /opt/airflow/dags/data/models/Georgia/TS_model.pkl took 0.024 seconds
[2024-08-17T03:27:05.758+0000] {processor.py:161} INFO - Started process (PID=11689) to work on /opt/airflow/dags/data/models/Georgia/TS_model.pkl
[2024-08-17T03:27:05.759+0000] {processor.py:830} INFO - Processing file /opt/airflow/dags/data/models/Georgia/TS_model.pkl for tasks to queue
[2024-08-17T03:27:05.760+0000] {logging_mixin.py:188} INFO - [2024-08-17T03:27:05.759+0000] {dagbag.py:545} INFO - Filling up the DagBag from /opt/airflow/dags/data/models/Georgia/TS_model.pkl
[2024-08-17T03:27:05.769+0000] {processor.py:842} WARNING - No viable dags retrieved from /opt/airflow/dags/data/models/Georgia/TS_model.pkl
[2024-08-17T03:27:05.779+0000] {processor.py:183} INFO - Processing /opt/airflow/dags/data/models/Georgia/TS_model.pkl took 0.025 seconds
[2024-08-17T03:27:36.591+0000] {processor.py:161} INFO - Started process (PID=12143) to work on /opt/airflow/dags/data/models/Georgia/TS_model.pkl
[2024-08-17T03:27:36.592+0000] {processor.py:830} INFO - Processing file /opt/airflow/dags/data/models/Georgia/TS_model.pkl for tasks to queue
[2024-08-17T03:27:36.593+0000] {logging_mixin.py:188} INFO - [2024-08-17T03:27:36.593+0000] {dagbag.py:545} INFO - Filling up the DagBag from /opt/airflow/dags/data/models/Georgia/TS_model.pkl
[2024-08-17T03:27:36.602+0000] {processor.py:842} WARNING - No viable dags retrieved from /opt/airflow/dags/data/models/Georgia/TS_model.pkl
[2024-08-17T03:27:36.612+0000] {processor.py:183} INFO - Processing /opt/airflow/dags/data/models/Georgia/TS_model.pkl took 0.025 seconds
[2024-08-17T03:28:07.854+0000] {processor.py:161} INFO - Started process (PID=12571) to work on /opt/airflow/dags/data/models/Georgia/TS_model.pkl
[2024-08-17T03:28:07.855+0000] {processor.py:830} INFO - Processing file /opt/airflow/dags/data/models/Georgia/TS_model.pkl for tasks to queue
[2024-08-17T03:28:07.855+0000] {logging_mixin.py:188} INFO - [2024-08-17T03:28:07.855+0000] {dagbag.py:545} INFO - Filling up the DagBag from /opt/airflow/dags/data/models/Georgia/TS_model.pkl
[2024-08-17T03:28:07.866+0000] {processor.py:842} WARNING - No viable dags retrieved from /opt/airflow/dags/data/models/Georgia/TS_model.pkl
[2024-08-17T03:28:07.875+0000] {processor.py:183} INFO - Processing /opt/airflow/dags/data/models/Georgia/TS_model.pkl took 0.025 seconds
[2024-08-17T03:28:39.026+0000] {processor.py:161} INFO - Started process (PID=13024) to work on /opt/airflow/dags/data/models/Georgia/TS_model.pkl
[2024-08-17T03:28:39.026+0000] {processor.py:830} INFO - Processing file /opt/airflow/dags/data/models/Georgia/TS_model.pkl for tasks to queue
[2024-08-17T03:28:39.027+0000] {logging_mixin.py:188} INFO - [2024-08-17T03:28:39.027+0000] {dagbag.py:545} INFO - Filling up the DagBag from /opt/airflow/dags/data/models/Georgia/TS_model.pkl
[2024-08-17T03:28:39.035+0000] {processor.py:842} WARNING - No viable dags retrieved from /opt/airflow/dags/data/models/Georgia/TS_model.pkl
[2024-08-17T03:28:39.045+0000] {processor.py:183} INFO - Processing /opt/airflow/dags/data/models/Georgia/TS_model.pkl took 0.023 seconds
[2024-08-17T03:29:10.217+0000] {processor.py:161} INFO - Started process (PID=13445) to work on /opt/airflow/dags/data/models/Georgia/TS_model.pkl
[2024-08-17T03:29:10.218+0000] {processor.py:830} INFO - Processing file /opt/airflow/dags/data/models/Georgia/TS_model.pkl for tasks to queue
[2024-08-17T03:29:10.219+0000] {logging_mixin.py:188} INFO - [2024-08-17T03:29:10.218+0000] {dagbag.py:545} INFO - Filling up the DagBag from /opt/airflow/dags/data/models/Georgia/TS_model.pkl
[2024-08-17T03:29:10.227+0000] {processor.py:842} WARNING - No viable dags retrieved from /opt/airflow/dags/data/models/Georgia/TS_model.pkl
[2024-08-17T03:29:10.236+0000] {processor.py:183} INFO - Processing /opt/airflow/dags/data/models/Georgia/TS_model.pkl took 0.023 seconds
[2024-08-17T03:29:40.999+0000] {processor.py:161} INFO - Started process (PID=13871) to work on /opt/airflow/dags/data/models/Georgia/TS_model.pkl
[2024-08-17T03:29:40.999+0000] {processor.py:830} INFO - Processing file /opt/airflow/dags/data/models/Georgia/TS_model.pkl for tasks to queue
[2024-08-17T03:29:41.000+0000] {logging_mixin.py:188} INFO - [2024-08-17T03:29:41.000+0000] {dagbag.py:545} INFO - Filling up the DagBag from /opt/airflow/dags/data/models/Georgia/TS_model.pkl
[2024-08-17T03:29:41.009+0000] {processor.py:842} WARNING - No viable dags retrieved from /opt/airflow/dags/data/models/Georgia/TS_model.pkl
[2024-08-17T03:29:41.018+0000] {processor.py:183} INFO - Processing /opt/airflow/dags/data/models/Georgia/TS_model.pkl took 0.023 seconds
[2024-08-17T03:30:11.803+0000] {processor.py:161} INFO - Started process (PID=14325) to work on /opt/airflow/dags/data/models/Georgia/TS_model.pkl
[2024-08-17T03:30:11.803+0000] {processor.py:830} INFO - Processing file /opt/airflow/dags/data/models/Georgia/TS_model.pkl for tasks to queue
[2024-08-17T03:30:11.804+0000] {logging_mixin.py:188} INFO - [2024-08-17T03:30:11.804+0000] {dagbag.py:545} INFO - Filling up the DagBag from /opt/airflow/dags/data/models/Georgia/TS_model.pkl
[2024-08-17T03:30:11.812+0000] {processor.py:842} WARNING - No viable dags retrieved from /opt/airflow/dags/data/models/Georgia/TS_model.pkl
[2024-08-17T03:30:11.822+0000] {processor.py:183} INFO - Processing /opt/airflow/dags/data/models/Georgia/TS_model.pkl took 0.023 seconds
[2024-08-17T03:30:42.513+0000] {processor.py:161} INFO - Started process (PID=14732) to work on /opt/airflow/dags/data/models/Georgia/TS_model.pkl
[2024-08-17T03:30:42.514+0000] {processor.py:830} INFO - Processing file /opt/airflow/dags/data/models/Georgia/TS_model.pkl for tasks to queue
[2024-08-17T03:30:42.514+0000] {logging_mixin.py:188} INFO - [2024-08-17T03:30:42.514+0000] {dagbag.py:545} INFO - Filling up the DagBag from /opt/airflow/dags/data/models/Georgia/TS_model.pkl
[2024-08-17T03:30:42.522+0000] {processor.py:842} WARNING - No viable dags retrieved from /opt/airflow/dags/data/models/Georgia/TS_model.pkl
[2024-08-17T03:30:42.531+0000] {processor.py:183} INFO - Processing /opt/airflow/dags/data/models/Georgia/TS_model.pkl took 0.022 seconds
[2024-08-17T03:31:13.476+0000] {processor.py:161} INFO - Started process (PID=15186) to work on /opt/airflow/dags/data/models/Georgia/TS_model.pkl
[2024-08-17T03:31:13.476+0000] {processor.py:830} INFO - Processing file /opt/airflow/dags/data/models/Georgia/TS_model.pkl for tasks to queue
[2024-08-17T03:31:13.477+0000] {logging_mixin.py:188} INFO - [2024-08-17T03:31:13.476+0000] {dagbag.py:545} INFO - Filling up the DagBag from /opt/airflow/dags/data/models/Georgia/TS_model.pkl
[2024-08-17T03:31:13.485+0000] {processor.py:842} WARNING - No viable dags retrieved from /opt/airflow/dags/data/models/Georgia/TS_model.pkl
[2024-08-17T03:31:13.494+0000] {processor.py:183} INFO - Processing /opt/airflow/dags/data/models/Georgia/TS_model.pkl took 0.022 seconds
[2024-08-17T03:31:44.393+0000] {processor.py:161} INFO - Started process (PID=15640) to work on /opt/airflow/dags/data/models/Georgia/TS_model.pkl
[2024-08-17T03:31:44.394+0000] {processor.py:830} INFO - Processing file /opt/airflow/dags/data/models/Georgia/TS_model.pkl for tasks to queue
[2024-08-17T03:31:44.394+0000] {logging_mixin.py:188} INFO - [2024-08-17T03:31:44.394+0000] {dagbag.py:545} INFO - Filling up the DagBag from /opt/airflow/dags/data/models/Georgia/TS_model.pkl
[2024-08-17T03:31:44.403+0000] {processor.py:842} WARNING - No viable dags retrieved from /opt/airflow/dags/data/models/Georgia/TS_model.pkl
[2024-08-17T03:31:44.412+0000] {processor.py:183} INFO - Processing /opt/airflow/dags/data/models/Georgia/TS_model.pkl took 0.022 seconds
[2024-08-17T03:32:15.132+0000] {processor.py:161} INFO - Started process (PID=16067) to work on /opt/airflow/dags/data/models/Georgia/TS_model.pkl
[2024-08-17T03:32:15.133+0000] {processor.py:830} INFO - Processing file /opt/airflow/dags/data/models/Georgia/TS_model.pkl for tasks to queue
[2024-08-17T03:32:15.133+0000] {logging_mixin.py:188} INFO - [2024-08-17T03:32:15.133+0000] {dagbag.py:545} INFO - Filling up the DagBag from /opt/airflow/dags/data/models/Georgia/TS_model.pkl
[2024-08-17T03:32:15.141+0000] {processor.py:842} WARNING - No viable dags retrieved from /opt/airflow/dags/data/models/Georgia/TS_model.pkl
[2024-08-17T03:32:15.150+0000] {processor.py:183} INFO - Processing /opt/airflow/dags/data/models/Georgia/TS_model.pkl took 0.021 seconds
[2024-08-17T03:32:45.990+0000] {processor.py:161} INFO - Started process (PID=16521) to work on /opt/airflow/dags/data/models/Georgia/TS_model.pkl
[2024-08-17T03:32:45.991+0000] {processor.py:830} INFO - Processing file /opt/airflow/dags/data/models/Georgia/TS_model.pkl for tasks to queue
[2024-08-17T03:32:45.992+0000] {logging_mixin.py:188} INFO - [2024-08-17T03:32:45.992+0000] {dagbag.py:545} INFO - Filling up the DagBag from /opt/airflow/dags/data/models/Georgia/TS_model.pkl
[2024-08-17T03:32:46.001+0000] {processor.py:842} WARNING - No viable dags retrieved from /opt/airflow/dags/data/models/Georgia/TS_model.pkl
[2024-08-17T03:32:46.011+0000] {processor.py:183} INFO - Processing /opt/airflow/dags/data/models/Georgia/TS_model.pkl took 0.024 seconds
[2024-08-17T03:33:16.621+0000] {processor.py:161} INFO - Started process (PID=16956) to work on /opt/airflow/dags/data/models/Georgia/TS_model.pkl
[2024-08-17T03:33:16.621+0000] {processor.py:830} INFO - Processing file /opt/airflow/dags/data/models/Georgia/TS_model.pkl for tasks to queue
[2024-08-17T03:33:16.623+0000] {logging_mixin.py:188} INFO - [2024-08-17T03:33:16.622+0000] {dagbag.py:545} INFO - Filling up the DagBag from /opt/airflow/dags/data/models/Georgia/TS_model.pkl
[2024-08-17T03:33:16.632+0000] {processor.py:842} WARNING - No viable dags retrieved from /opt/airflow/dags/data/models/Georgia/TS_model.pkl
[2024-08-17T03:33:16.642+0000] {processor.py:183} INFO - Processing /opt/airflow/dags/data/models/Georgia/TS_model.pkl took 0.025 seconds
[2024-08-17T03:33:47.483+0000] {processor.py:161} INFO - Started process (PID=17403) to work on /opt/airflow/dags/data/models/Georgia/TS_model.pkl
[2024-08-17T03:33:47.484+0000] {processor.py:830} INFO - Processing file /opt/airflow/dags/data/models/Georgia/TS_model.pkl for tasks to queue
[2024-08-17T03:33:47.485+0000] {logging_mixin.py:188} INFO - [2024-08-17T03:33:47.484+0000] {dagbag.py:545} INFO - Filling up the DagBag from /opt/airflow/dags/data/models/Georgia/TS_model.pkl
[2024-08-17T03:33:47.497+0000] {processor.py:842} WARNING - No viable dags retrieved from /opt/airflow/dags/data/models/Georgia/TS_model.pkl
[2024-08-17T03:33:47.507+0000] {processor.py:183} INFO - Processing /opt/airflow/dags/data/models/Georgia/TS_model.pkl took 0.027 seconds
[2024-08-17T03:34:18.278+0000] {processor.py:161} INFO - Started process (PID=17857) to work on /opt/airflow/dags/data/models/Georgia/TS_model.pkl
[2024-08-17T03:34:18.279+0000] {processor.py:830} INFO - Processing file /opt/airflow/dags/data/models/Georgia/TS_model.pkl for tasks to queue
[2024-08-17T03:34:18.279+0000] {logging_mixin.py:188} INFO - [2024-08-17T03:34:18.279+0000] {dagbag.py:545} INFO - Filling up the DagBag from /opt/airflow/dags/data/models/Georgia/TS_model.pkl
[2024-08-17T03:34:18.288+0000] {processor.py:842} WARNING - No viable dags retrieved from /opt/airflow/dags/data/models/Georgia/TS_model.pkl
[2024-08-17T03:34:18.297+0000] {processor.py:183} INFO - Processing /opt/airflow/dags/data/models/Georgia/TS_model.pkl took 0.023 seconds
[2024-08-17T03:34:48.845+0000] {processor.py:161} INFO - Started process (PID=18284) to work on /opt/airflow/dags/data/models/Georgia/TS_model.pkl
[2024-08-17T03:34:48.846+0000] {processor.py:830} INFO - Processing file /opt/airflow/dags/data/models/Georgia/TS_model.pkl for tasks to queue
[2024-08-17T03:34:48.847+0000] {logging_mixin.py:188} INFO - [2024-08-17T03:34:48.846+0000] {dagbag.py:545} INFO - Filling up the DagBag from /opt/airflow/dags/data/models/Georgia/TS_model.pkl
[2024-08-17T03:34:48.855+0000] {processor.py:842} WARNING - No viable dags retrieved from /opt/airflow/dags/data/models/Georgia/TS_model.pkl
[2024-08-17T03:34:48.864+0000] {processor.py:183} INFO - Processing /opt/airflow/dags/data/models/Georgia/TS_model.pkl took 0.022 seconds
[2024-08-17T03:35:19.593+0000] {processor.py:161} INFO - Started process (PID=18737) to work on /opt/airflow/dags/data/models/Georgia/TS_model.pkl
[2024-08-17T03:35:19.593+0000] {processor.py:830} INFO - Processing file /opt/airflow/dags/data/models/Georgia/TS_model.pkl for tasks to queue
[2024-08-17T03:35:19.594+0000] {logging_mixin.py:188} INFO - [2024-08-17T03:35:19.594+0000] {dagbag.py:545} INFO - Filling up the DagBag from /opt/airflow/dags/data/models/Georgia/TS_model.pkl
[2024-08-17T03:35:19.603+0000] {processor.py:842} WARNING - No viable dags retrieved from /opt/airflow/dags/data/models/Georgia/TS_model.pkl
[2024-08-17T03:35:19.612+0000] {processor.py:183} INFO - Processing /opt/airflow/dags/data/models/Georgia/TS_model.pkl took 0.023 seconds
[2024-08-17T03:35:51.039+0000] {processor.py:161} INFO - Started process (PID=19168) to work on /opt/airflow/dags/data/models/Georgia/TS_model.pkl
[2024-08-17T03:35:51.040+0000] {processor.py:830} INFO - Processing file /opt/airflow/dags/data/models/Georgia/TS_model.pkl for tasks to queue
[2024-08-17T03:35:51.063+0000] {logging_mixin.py:188} INFO - [2024-08-17T03:35:51.063+0000] {dagbag.py:545} INFO - Filling up the DagBag from /opt/airflow/dags/data/models/Georgia/TS_model.pkl
[2024-08-17T03:35:51.072+0000] {processor.py:842} WARNING - No viable dags retrieved from /opt/airflow/dags/data/models/Georgia/TS_model.pkl
[2024-08-17T03:35:51.081+0000] {processor.py:183} INFO - Processing /opt/airflow/dags/data/models/Georgia/TS_model.pkl took 0.045 seconds
[2024-08-17T03:36:21.867+0000] {processor.py:161} INFO - Started process (PID=19594) to work on /opt/airflow/dags/data/models/Georgia/TS_model.pkl
[2024-08-17T03:36:21.868+0000] {processor.py:830} INFO - Processing file /opt/airflow/dags/data/models/Georgia/TS_model.pkl for tasks to queue
[2024-08-17T03:36:21.868+0000] {logging_mixin.py:188} INFO - [2024-08-17T03:36:21.868+0000] {dagbag.py:545} INFO - Filling up the DagBag from /opt/airflow/dags/data/models/Georgia/TS_model.pkl
[2024-08-17T03:36:21.876+0000] {processor.py:842} WARNING - No viable dags retrieved from /opt/airflow/dags/data/models/Georgia/TS_model.pkl
[2024-08-17T03:36:21.886+0000] {processor.py:183} INFO - Processing /opt/airflow/dags/data/models/Georgia/TS_model.pkl took 0.022 seconds
[2024-08-17T03:36:52.443+0000] {processor.py:161} INFO - Started process (PID=20008) to work on /opt/airflow/dags/data/models/Georgia/TS_model.pkl
[2024-08-17T03:36:52.444+0000] {processor.py:830} INFO - Processing file /opt/airflow/dags/data/models/Georgia/TS_model.pkl for tasks to queue
[2024-08-17T03:36:52.445+0000] {logging_mixin.py:188} INFO - [2024-08-17T03:36:52.445+0000] {dagbag.py:545} INFO - Filling up the DagBag from /opt/airflow/dags/data/models/Georgia/TS_model.pkl
[2024-08-17T03:36:52.453+0000] {processor.py:842} WARNING - No viable dags retrieved from /opt/airflow/dags/data/models/Georgia/TS_model.pkl
[2024-08-17T03:36:52.462+0000] {processor.py:183} INFO - Processing /opt/airflow/dags/data/models/Georgia/TS_model.pkl took 0.022 seconds
[2024-08-17T03:37:22.932+0000] {processor.py:161} INFO - Started process (PID=20430) to work on /opt/airflow/dags/data/models/Georgia/TS_model.pkl
[2024-08-17T03:37:22.939+0000] {processor.py:830} INFO - Processing file /opt/airflow/dags/data/models/Georgia/TS_model.pkl for tasks to queue
[2024-08-17T03:37:22.942+0000] {logging_mixin.py:188} INFO - [2024-08-17T03:37:22.941+0000] {dagbag.py:545} INFO - Filling up the DagBag from /opt/airflow/dags/data/models/Georgia/TS_model.pkl
[2024-08-17T03:37:22.961+0000] {processor.py:842} WARNING - No viable dags retrieved from /opt/airflow/dags/data/models/Georgia/TS_model.pkl
[2024-08-17T03:37:22.970+0000] {processor.py:183} INFO - Processing /opt/airflow/dags/data/models/Georgia/TS_model.pkl took 0.042 seconds
[2024-08-17T09:22:52.084+0000] {processor.py:161} INFO - Started process (PID=307) to work on /opt/airflow/dags/data/models/Georgia/TS_model.pkl
[2024-08-17T09:22:52.085+0000] {processor.py:830} INFO - Processing file /opt/airflow/dags/data/models/Georgia/TS_model.pkl for tasks to queue
[2024-08-17T09:22:52.086+0000] {logging_mixin.py:188} INFO - [2024-08-17T09:22:52.086+0000] {dagbag.py:545} INFO - Filling up the DagBag from /opt/airflow/dags/data/models/Georgia/TS_model.pkl
[2024-08-17T09:22:52.093+0000] {processor.py:842} WARNING - No viable dags retrieved from /opt/airflow/dags/data/models/Georgia/TS_model.pkl
[2024-08-17T09:22:52.101+0000] {processor.py:183} INFO - Processing /opt/airflow/dags/data/models/Georgia/TS_model.pkl took 0.020 seconds
[2024-08-17T09:23:24.460+0000] {processor.py:161} INFO - Started process (PID=744) to work on /opt/airflow/dags/data/models/Georgia/TS_model.pkl
[2024-08-17T09:23:24.460+0000] {processor.py:830} INFO - Processing file /opt/airflow/dags/data/models/Georgia/TS_model.pkl for tasks to queue
[2024-08-17T09:23:24.462+0000] {logging_mixin.py:188} INFO - [2024-08-17T09:23:24.461+0000] {dagbag.py:545} INFO - Filling up the DagBag from /opt/airflow/dags/data/models/Georgia/TS_model.pkl
[2024-08-17T09:23:24.471+0000] {processor.py:842} WARNING - No viable dags retrieved from /opt/airflow/dags/data/models/Georgia/TS_model.pkl
[2024-08-17T09:23:24.479+0000] {processor.py:183} INFO - Processing /opt/airflow/dags/data/models/Georgia/TS_model.pkl took 0.023 seconds
[2024-08-17T09:23:55.876+0000] {processor.py:161} INFO - Started process (PID=1191) to work on /opt/airflow/dags/data/models/Georgia/TS_model.pkl
[2024-08-17T09:23:55.877+0000] {processor.py:830} INFO - Processing file /opt/airflow/dags/data/models/Georgia/TS_model.pkl for tasks to queue
[2024-08-17T09:23:55.878+0000] {logging_mixin.py:188} INFO - [2024-08-17T09:23:55.878+0000] {dagbag.py:545} INFO - Filling up the DagBag from /opt/airflow/dags/data/models/Georgia/TS_model.pkl
[2024-08-17T09:23:55.885+0000] {processor.py:842} WARNING - No viable dags retrieved from /opt/airflow/dags/data/models/Georgia/TS_model.pkl
[2024-08-17T09:23:55.893+0000] {processor.py:183} INFO - Processing /opt/airflow/dags/data/models/Georgia/TS_model.pkl took 0.020 seconds
[2024-08-17T09:24:28.840+0000] {processor.py:161} INFO - Started process (PID=1645) to work on /opt/airflow/dags/data/models/Georgia/TS_model.pkl
[2024-08-17T09:24:28.841+0000] {processor.py:830} INFO - Processing file /opt/airflow/dags/data/models/Georgia/TS_model.pkl for tasks to queue
[2024-08-17T09:24:28.843+0000] {logging_mixin.py:188} INFO - [2024-08-17T09:24:28.842+0000] {dagbag.py:545} INFO - Filling up the DagBag from /opt/airflow/dags/data/models/Georgia/TS_model.pkl
[2024-08-17T09:24:28.851+0000] {processor.py:842} WARNING - No viable dags retrieved from /opt/airflow/dags/data/models/Georgia/TS_model.pkl
[2024-08-17T09:24:28.860+0000] {processor.py:183} INFO - Processing /opt/airflow/dags/data/models/Georgia/TS_model.pkl took 0.023 seconds
[2024-08-17T09:25:00.632+0000] {processor.py:161} INFO - Started process (PID=2099) to work on /opt/airflow/dags/data/models/Georgia/TS_model.pkl
[2024-08-17T09:25:00.633+0000] {processor.py:830} INFO - Processing file /opt/airflow/dags/data/models/Georgia/TS_model.pkl for tasks to queue
[2024-08-17T09:25:00.634+0000] {logging_mixin.py:188} INFO - [2024-08-17T09:25:00.634+0000] {dagbag.py:545} INFO - Filling up the DagBag from /opt/airflow/dags/data/models/Georgia/TS_model.pkl
[2024-08-17T09:25:00.641+0000] {processor.py:842} WARNING - No viable dags retrieved from /opt/airflow/dags/data/models/Georgia/TS_model.pkl
[2024-08-17T09:25:00.650+0000] {processor.py:183} INFO - Processing /opt/airflow/dags/data/models/Georgia/TS_model.pkl took 0.022 seconds
[2024-08-17T09:25:31.981+0000] {processor.py:161} INFO - Started process (PID=2527) to work on /opt/airflow/dags/data/models/Georgia/TS_model.pkl
[2024-08-17T09:25:31.981+0000] {processor.py:830} INFO - Processing file /opt/airflow/dags/data/models/Georgia/TS_model.pkl for tasks to queue
[2024-08-17T09:25:31.983+0000] {logging_mixin.py:188} INFO - [2024-08-17T09:25:31.982+0000] {dagbag.py:545} INFO - Filling up the DagBag from /opt/airflow/dags/data/models/Georgia/TS_model.pkl
[2024-08-17T09:25:31.990+0000] {processor.py:842} WARNING - No viable dags retrieved from /opt/airflow/dags/data/models/Georgia/TS_model.pkl
[2024-08-17T09:25:31.998+0000] {processor.py:183} INFO - Processing /opt/airflow/dags/data/models/Georgia/TS_model.pkl took 0.021 seconds
[2024-08-17T09:26:03.176+0000] {processor.py:161} INFO - Started process (PID=2981) to work on /opt/airflow/dags/data/models/Georgia/TS_model.pkl
[2024-08-17T09:26:03.176+0000] {processor.py:830} INFO - Processing file /opt/airflow/dags/data/models/Georgia/TS_model.pkl for tasks to queue
[2024-08-17T09:26:03.178+0000] {logging_mixin.py:188} INFO - [2024-08-17T09:26:03.178+0000] {dagbag.py:545} INFO - Filling up the DagBag from /opt/airflow/dags/data/models/Georgia/TS_model.pkl
[2024-08-17T09:26:03.192+0000] {processor.py:842} WARNING - No viable dags retrieved from /opt/airflow/dags/data/models/Georgia/TS_model.pkl
[2024-08-17T09:26:03.200+0000] {processor.py:183} INFO - Processing /opt/airflow/dags/data/models/Georgia/TS_model.pkl took 0.028 seconds
[2024-08-17T09:26:34.104+0000] {processor.py:161} INFO - Started process (PID=3435) to work on /opt/airflow/dags/data/models/Georgia/TS_model.pkl
[2024-08-17T09:26:34.105+0000] {processor.py:830} INFO - Processing file /opt/airflow/dags/data/models/Georgia/TS_model.pkl for tasks to queue
[2024-08-17T09:26:34.106+0000] {logging_mixin.py:188} INFO - [2024-08-17T09:26:34.105+0000] {dagbag.py:545} INFO - Filling up the DagBag from /opt/airflow/dags/data/models/Georgia/TS_model.pkl
[2024-08-17T09:26:34.112+0000] {processor.py:842} WARNING - No viable dags retrieved from /opt/airflow/dags/data/models/Georgia/TS_model.pkl
[2024-08-17T09:26:34.120+0000] {processor.py:183} INFO - Processing /opt/airflow/dags/data/models/Georgia/TS_model.pkl took 0.020 seconds
[2024-08-17T09:27:04.985+0000] {processor.py:161} INFO - Started process (PID=3863) to work on /opt/airflow/dags/data/models/Georgia/TS_model.pkl
[2024-08-17T09:27:04.985+0000] {processor.py:830} INFO - Processing file /opt/airflow/dags/data/models/Georgia/TS_model.pkl for tasks to queue
[2024-08-17T09:27:04.986+0000] {logging_mixin.py:188} INFO - [2024-08-17T09:27:04.986+0000] {dagbag.py:545} INFO - Filling up the DagBag from /opt/airflow/dags/data/models/Georgia/TS_model.pkl
[2024-08-17T09:27:05.000+0000] {processor.py:842} WARNING - No viable dags retrieved from /opt/airflow/dags/data/models/Georgia/TS_model.pkl
[2024-08-17T09:27:05.009+0000] {processor.py:183} INFO - Processing /opt/airflow/dags/data/models/Georgia/TS_model.pkl took 0.029 seconds
[2024-08-17T09:27:36.100+0000] {processor.py:161} INFO - Started process (PID=4318) to work on /opt/airflow/dags/data/models/Georgia/TS_model.pkl
[2024-08-17T09:27:36.101+0000] {processor.py:830} INFO - Processing file /opt/airflow/dags/data/models/Georgia/TS_model.pkl for tasks to queue
[2024-08-17T09:27:36.102+0000] {logging_mixin.py:188} INFO - [2024-08-17T09:27:36.102+0000] {dagbag.py:545} INFO - Filling up the DagBag from /opt/airflow/dags/data/models/Georgia/TS_model.pkl
[2024-08-17T09:27:36.111+0000] {processor.py:842} WARNING - No viable dags retrieved from /opt/airflow/dags/data/models/Georgia/TS_model.pkl
[2024-08-17T09:27:36.119+0000] {processor.py:183} INFO - Processing /opt/airflow/dags/data/models/Georgia/TS_model.pkl took 0.022 seconds
[2024-08-17T09:28:07.051+0000] {processor.py:161} INFO - Started process (PID=4772) to work on /opt/airflow/dags/data/models/Georgia/TS_model.pkl
[2024-08-17T09:28:07.052+0000] {processor.py:830} INFO - Processing file /opt/airflow/dags/data/models/Georgia/TS_model.pkl for tasks to queue
[2024-08-17T09:28:07.053+0000] {logging_mixin.py:188} INFO - [2024-08-17T09:28:07.052+0000] {dagbag.py:545} INFO - Filling up the DagBag from /opt/airflow/dags/data/models/Georgia/TS_model.pkl
[2024-08-17T09:28:07.060+0000] {processor.py:842} WARNING - No viable dags retrieved from /opt/airflow/dags/data/models/Georgia/TS_model.pkl
[2024-08-17T09:28:07.069+0000] {processor.py:183} INFO - Processing /opt/airflow/dags/data/models/Georgia/TS_model.pkl took 0.021 seconds
[2024-08-17T09:28:38.051+0000] {processor.py:161} INFO - Started process (PID=5200) to work on /opt/airflow/dags/data/models/Georgia/TS_model.pkl
[2024-08-17T09:28:38.051+0000] {processor.py:830} INFO - Processing file /opt/airflow/dags/data/models/Georgia/TS_model.pkl for tasks to queue
[2024-08-17T09:28:38.052+0000] {logging_mixin.py:188} INFO - [2024-08-17T09:28:38.052+0000] {dagbag.py:545} INFO - Filling up the DagBag from /opt/airflow/dags/data/models/Georgia/TS_model.pkl
[2024-08-17T09:28:38.060+0000] {processor.py:842} WARNING - No viable dags retrieved from /opt/airflow/dags/data/models/Georgia/TS_model.pkl
[2024-08-17T09:28:38.068+0000] {processor.py:183} INFO - Processing /opt/airflow/dags/data/models/Georgia/TS_model.pkl took 0.021 seconds
[2024-08-17T09:29:09.107+0000] {processor.py:161} INFO - Started process (PID=5654) to work on /opt/airflow/dags/data/models/Georgia/TS_model.pkl
[2024-08-17T09:29:09.109+0000] {processor.py:830} INFO - Processing file /opt/airflow/dags/data/models/Georgia/TS_model.pkl for tasks to queue
[2024-08-17T09:29:09.110+0000] {logging_mixin.py:188} INFO - [2024-08-17T09:29:09.110+0000] {dagbag.py:545} INFO - Filling up the DagBag from /opt/airflow/dags/data/models/Georgia/TS_model.pkl
[2024-08-17T09:29:09.122+0000] {processor.py:842} WARNING - No viable dags retrieved from /opt/airflow/dags/data/models/Georgia/TS_model.pkl
[2024-08-17T09:29:09.132+0000] {processor.py:183} INFO - Processing /opt/airflow/dags/data/models/Georgia/TS_model.pkl took 0.028 seconds
[2024-08-17T09:29:40.937+0000] {processor.py:161} INFO - Started process (PID=6108) to work on /opt/airflow/dags/data/models/Georgia/TS_model.pkl
[2024-08-17T09:29:40.938+0000] {processor.py:830} INFO - Processing file /opt/airflow/dags/data/models/Georgia/TS_model.pkl for tasks to queue
[2024-08-17T09:29:40.939+0000] {logging_mixin.py:188} INFO - [2024-08-17T09:29:40.939+0000] {dagbag.py:545} INFO - Filling up the DagBag from /opt/airflow/dags/data/models/Georgia/TS_model.pkl
[2024-08-17T09:29:40.947+0000] {processor.py:842} WARNING - No viable dags retrieved from /opt/airflow/dags/data/models/Georgia/TS_model.pkl
[2024-08-17T09:29:40.956+0000] {processor.py:183} INFO - Processing /opt/airflow/dags/data/models/Georgia/TS_model.pkl took 0.023 seconds
[2024-08-17T09:30:12.371+0000] {processor.py:161} INFO - Started process (PID=6536) to work on /opt/airflow/dags/data/models/Georgia/TS_model.pkl
[2024-08-17T09:30:12.372+0000] {processor.py:830} INFO - Processing file /opt/airflow/dags/data/models/Georgia/TS_model.pkl for tasks to queue
[2024-08-17T09:30:12.373+0000] {logging_mixin.py:188} INFO - [2024-08-17T09:30:12.373+0000] {dagbag.py:545} INFO - Filling up the DagBag from /opt/airflow/dags/data/models/Georgia/TS_model.pkl
[2024-08-17T09:30:12.393+0000] {processor.py:842} WARNING - No viable dags retrieved from /opt/airflow/dags/data/models/Georgia/TS_model.pkl
[2024-08-17T09:30:12.403+0000] {processor.py:183} INFO - Processing /opt/airflow/dags/data/models/Georgia/TS_model.pkl took 0.035 seconds
