[2024-08-17T02:43:53.071+0000] {processor.py:161} INFO - Started process (PID=79441) to work on /opt/airflow/dags/data/models/Germany/TS_model.pkl
[2024-08-17T02:43:53.071+0000] {processor.py:830} INFO - Processing file /opt/airflow/dags/data/models/Germany/TS_model.pkl for tasks to queue
[2024-08-17T02:43:53.072+0000] {logging_mixin.py:188} INFO - [2024-08-17T02:43:53.072+0000] {dagbag.py:545} INFO - Filling up the DagBag from /opt/airflow/dags/data/models/Germany/TS_model.pkl
[2024-08-17T02:43:53.083+0000] {processor.py:842} WARNING - No viable dags retrieved from /opt/airflow/dags/data/models/Germany/TS_model.pkl
[2024-08-17T02:43:53.093+0000] {processor.py:183} INFO - Processing /opt/airflow/dags/data/models/Germany/TS_model.pkl took 0.026 seconds
[2024-08-17T02:44:23.485+0000] {processor.py:161} INFO - Started process (PID=79719) to work on /opt/airflow/dags/data/models/Germany/TS_model.pkl
[2024-08-17T02:44:23.486+0000] {processor.py:830} INFO - Processing file /opt/airflow/dags/data/models/Germany/TS_model.pkl for tasks to queue
[2024-08-17T02:44:23.487+0000] {logging_mixin.py:188} INFO - [2024-08-17T02:44:23.487+0000] {dagbag.py:545} INFO - Filling up the DagBag from /opt/airflow/dags/data/models/Germany/TS_model.pkl
[2024-08-17T02:44:23.495+0000] {processor.py:842} WARNING - No viable dags retrieved from /opt/airflow/dags/data/models/Germany/TS_model.pkl
[2024-08-17T02:44:23.506+0000] {processor.py:183} INFO - Processing /opt/airflow/dags/data/models/Germany/TS_model.pkl took 0.025 seconds
[2024-08-17T02:44:44.731+0000] {processor.py:161} INFO - Started process (PID=79950) to work on /opt/airflow/dags/data/models/Germany/TS_model.pkl
[2024-08-17T02:44:44.732+0000] {processor.py:830} INFO - Processing file /opt/airflow/dags/data/models/Germany/TS_model.pkl for tasks to queue
[2024-08-17T02:44:44.732+0000] {logging_mixin.py:188} INFO - [2024-08-17T02:44:44.732+0000] {dagbag.py:545} INFO - Filling up the DagBag from /opt/airflow/dags/data/models/Germany/TS_model.pkl
[2024-08-17T02:44:44.746+0000] {processor.py:842} WARNING - No viable dags retrieved from /opt/airflow/dags/data/models/Germany/TS_model.pkl
[2024-08-17T02:44:44.757+0000] {processor.py:183} INFO - Processing /opt/airflow/dags/data/models/Germany/TS_model.pkl took 0.030 seconds
[2024-08-17T02:45:15.710+0000] {processor.py:161} INFO - Started process (PID=80249) to work on /opt/airflow/dags/data/models/Germany/TS_model.pkl
[2024-08-17T02:45:15.711+0000] {processor.py:830} INFO - Processing file /opt/airflow/dags/data/models/Germany/TS_model.pkl for tasks to queue
[2024-08-17T02:45:15.711+0000] {logging_mixin.py:188} INFO - [2024-08-17T02:45:15.711+0000] {dagbag.py:545} INFO - Filling up the DagBag from /opt/airflow/dags/data/models/Germany/TS_model.pkl
[2024-08-17T02:45:15.725+0000] {processor.py:842} WARNING - No viable dags retrieved from /opt/airflow/dags/data/models/Germany/TS_model.pkl
[2024-08-17T02:45:15.736+0000] {processor.py:183} INFO - Processing /opt/airflow/dags/data/models/Germany/TS_model.pkl took 0.030 seconds
[2024-08-17T02:45:46.749+0000] {processor.py:161} INFO - Started process (PID=80504) to work on /opt/airflow/dags/data/models/Germany/TS_model.pkl
[2024-08-17T02:45:46.750+0000] {processor.py:830} INFO - Processing file /opt/airflow/dags/data/models/Germany/TS_model.pkl for tasks to queue
[2024-08-17T02:45:46.751+0000] {logging_mixin.py:188} INFO - [2024-08-17T02:45:46.751+0000] {dagbag.py:545} INFO - Filling up the DagBag from /opt/airflow/dags/data/models/Germany/TS_model.pkl
[2024-08-17T02:45:46.762+0000] {processor.py:842} WARNING - No viable dags retrieved from /opt/airflow/dags/data/models/Germany/TS_model.pkl
[2024-08-17T02:45:46.773+0000] {processor.py:183} INFO - Processing /opt/airflow/dags/data/models/Germany/TS_model.pkl took 0.028 seconds
[2024-08-17T02:46:17.335+0000] {processor.py:161} INFO - Started process (PID=80806) to work on /opt/airflow/dags/data/models/Germany/TS_model.pkl
[2024-08-17T02:46:17.335+0000] {processor.py:830} INFO - Processing file /opt/airflow/dags/data/models/Germany/TS_model.pkl for tasks to queue
[2024-08-17T02:46:17.336+0000] {logging_mixin.py:188} INFO - [2024-08-17T02:46:17.336+0000] {dagbag.py:545} INFO - Filling up the DagBag from /opt/airflow/dags/data/models/Germany/TS_model.pkl
[2024-08-17T02:46:17.349+0000] {processor.py:842} WARNING - No viable dags retrieved from /opt/airflow/dags/data/models/Germany/TS_model.pkl
[2024-08-17T02:46:17.358+0000] {processor.py:183} INFO - Processing /opt/airflow/dags/data/models/Germany/TS_model.pkl took 0.027 seconds
[2024-08-17T02:46:47.784+0000] {processor.py:161} INFO - Started process (PID=81061) to work on /opt/airflow/dags/data/models/Germany/TS_model.pkl
[2024-08-17T02:46:47.785+0000] {processor.py:830} INFO - Processing file /opt/airflow/dags/data/models/Germany/TS_model.pkl for tasks to queue
[2024-08-17T02:46:47.785+0000] {logging_mixin.py:188} INFO - [2024-08-17T02:46:47.785+0000] {dagbag.py:545} INFO - Filling up the DagBag from /opt/airflow/dags/data/models/Germany/TS_model.pkl
[2024-08-17T02:46:47.798+0000] {processor.py:842} WARNING - No viable dags retrieved from /opt/airflow/dags/data/models/Germany/TS_model.pkl
[2024-08-17T02:46:47.808+0000] {processor.py:183} INFO - Processing /opt/airflow/dags/data/models/Germany/TS_model.pkl took 0.028 seconds
[2024-08-17T02:47:18.654+0000] {processor.py:161} INFO - Started process (PID=81363) to work on /opt/airflow/dags/data/models/Germany/TS_model.pkl
[2024-08-17T02:47:18.654+0000] {processor.py:830} INFO - Processing file /opt/airflow/dags/data/models/Germany/TS_model.pkl for tasks to queue
[2024-08-17T02:47:18.655+0000] {logging_mixin.py:188} INFO - [2024-08-17T02:47:18.655+0000] {dagbag.py:545} INFO - Filling up the DagBag from /opt/airflow/dags/data/models/Germany/TS_model.pkl
[2024-08-17T02:47:18.668+0000] {processor.py:842} WARNING - No viable dags retrieved from /opt/airflow/dags/data/models/Germany/TS_model.pkl
[2024-08-17T02:47:18.680+0000] {processor.py:183} INFO - Processing /opt/airflow/dags/data/models/Germany/TS_model.pkl took 0.031 seconds
[2024-08-17T02:47:49.259+0000] {processor.py:161} INFO - Started process (PID=81639) to work on /opt/airflow/dags/data/models/Germany/TS_model.pkl
[2024-08-17T02:47:49.260+0000] {processor.py:830} INFO - Processing file /opt/airflow/dags/data/models/Germany/TS_model.pkl for tasks to queue
[2024-08-17T02:47:49.261+0000] {logging_mixin.py:188} INFO - [2024-08-17T02:47:49.260+0000] {dagbag.py:545} INFO - Filling up the DagBag from /opt/airflow/dags/data/models/Germany/TS_model.pkl
[2024-08-17T02:47:49.272+0000] {processor.py:842} WARNING - No viable dags retrieved from /opt/airflow/dags/data/models/Germany/TS_model.pkl
[2024-08-17T02:47:49.283+0000] {processor.py:183} INFO - Processing /opt/airflow/dags/data/models/Germany/TS_model.pkl took 0.029 seconds
[2024-08-17T02:48:19.920+0000] {processor.py:161} INFO - Started process (PID=81942) to work on /opt/airflow/dags/data/models/Germany/TS_model.pkl
[2024-08-17T02:48:19.921+0000] {processor.py:830} INFO - Processing file /opt/airflow/dags/data/models/Germany/TS_model.pkl for tasks to queue
[2024-08-17T02:48:19.922+0000] {logging_mixin.py:188} INFO - [2024-08-17T02:48:19.922+0000] {dagbag.py:545} INFO - Filling up the DagBag from /opt/airflow/dags/data/models/Germany/TS_model.pkl
[2024-08-17T02:48:19.930+0000] {processor.py:842} WARNING - No viable dags retrieved from /opt/airflow/dags/data/models/Germany/TS_model.pkl
[2024-08-17T02:48:19.942+0000] {processor.py:183} INFO - Processing /opt/airflow/dags/data/models/Germany/TS_model.pkl took 0.026 seconds
[2024-08-17T02:48:54.498+0000] {processor.py:161} INFO - Started process (PID=82270) to work on /opt/airflow/dags/data/models/Germany/TS_model.pkl
[2024-08-17T02:48:54.499+0000] {processor.py:830} INFO - Processing file /opt/airflow/dags/data/models/Germany/TS_model.pkl for tasks to queue
[2024-08-17T02:48:54.500+0000] {logging_mixin.py:188} INFO - [2024-08-17T02:48:54.500+0000] {dagbag.py:545} INFO - Filling up the DagBag from /opt/airflow/dags/data/models/Germany/TS_model.pkl
[2024-08-17T02:48:54.512+0000] {processor.py:842} WARNING - No viable dags retrieved from /opt/airflow/dags/data/models/Germany/TS_model.pkl
[2024-08-17T02:48:54.523+0000] {processor.py:183} INFO - Processing /opt/airflow/dags/data/models/Germany/TS_model.pkl took 0.029 seconds
[2024-08-17T02:49:25.235+0000] {processor.py:161} INFO - Started process (PID=82572) to work on /opt/airflow/dags/data/models/Germany/TS_model.pkl
[2024-08-17T02:49:25.236+0000] {processor.py:830} INFO - Processing file /opt/airflow/dags/data/models/Germany/TS_model.pkl for tasks to queue
[2024-08-17T02:49:25.237+0000] {logging_mixin.py:188} INFO - [2024-08-17T02:49:25.236+0000] {dagbag.py:545} INFO - Filling up the DagBag from /opt/airflow/dags/data/models/Germany/TS_model.pkl
[2024-08-17T02:49:25.248+0000] {processor.py:842} WARNING - No viable dags retrieved from /opt/airflow/dags/data/models/Germany/TS_model.pkl
[2024-08-17T02:49:25.258+0000] {processor.py:183} INFO - Processing /opt/airflow/dags/data/models/Germany/TS_model.pkl took 0.027 seconds
[2024-08-17T02:49:55.892+0000] {processor.py:161} INFO - Started process (PID=82901) to work on /opt/airflow/dags/data/models/Germany/TS_model.pkl
[2024-08-17T02:49:55.893+0000] {processor.py:830} INFO - Processing file /opt/airflow/dags/data/models/Germany/TS_model.pkl for tasks to queue
[2024-08-17T02:49:55.894+0000] {logging_mixin.py:188} INFO - [2024-08-17T02:49:55.893+0000] {dagbag.py:545} INFO - Filling up the DagBag from /opt/airflow/dags/data/models/Germany/TS_model.pkl
[2024-08-17T02:49:55.906+0000] {processor.py:842} WARNING - No viable dags retrieved from /opt/airflow/dags/data/models/Germany/TS_model.pkl
[2024-08-17T02:49:55.918+0000] {processor.py:183} INFO - Processing /opt/airflow/dags/data/models/Germany/TS_model.pkl took 0.030 seconds
[2024-08-17T02:50:26.589+0000] {processor.py:161} INFO - Started process (PID=83204) to work on /opt/airflow/dags/data/models/Germany/TS_model.pkl
[2024-08-17T02:50:26.589+0000] {processor.py:830} INFO - Processing file /opt/airflow/dags/data/models/Germany/TS_model.pkl for tasks to queue
[2024-08-17T02:50:26.590+0000] {logging_mixin.py:188} INFO - [2024-08-17T02:50:26.590+0000] {dagbag.py:545} INFO - Filling up the DagBag from /opt/airflow/dags/data/models/Germany/TS_model.pkl
[2024-08-17T02:50:26.608+0000] {processor.py:842} WARNING - No viable dags retrieved from /opt/airflow/dags/data/models/Germany/TS_model.pkl
[2024-08-17T02:50:26.619+0000] {processor.py:183} INFO - Processing /opt/airflow/dags/data/models/Germany/TS_model.pkl took 0.034 seconds
[2024-08-17T02:50:57.414+0000] {processor.py:161} INFO - Started process (PID=83533) to work on /opt/airflow/dags/data/models/Germany/TS_model.pkl
[2024-08-17T02:50:57.414+0000] {processor.py:830} INFO - Processing file /opt/airflow/dags/data/models/Germany/TS_model.pkl for tasks to queue
[2024-08-17T02:50:57.415+0000] {logging_mixin.py:188} INFO - [2024-08-17T02:50:57.415+0000] {dagbag.py:545} INFO - Filling up the DagBag from /opt/airflow/dags/data/models/Germany/TS_model.pkl
[2024-08-17T02:50:57.427+0000] {processor.py:842} WARNING - No viable dags retrieved from /opt/airflow/dags/data/models/Germany/TS_model.pkl
[2024-08-17T02:50:57.438+0000] {processor.py:183} INFO - Processing /opt/airflow/dags/data/models/Germany/TS_model.pkl took 0.029 seconds
[2024-08-17T02:51:28.158+0000] {processor.py:161} INFO - Started process (PID=83842) to work on /opt/airflow/dags/data/models/Germany/TS_model.pkl
[2024-08-17T02:51:28.159+0000] {processor.py:830} INFO - Processing file /opt/airflow/dags/data/models/Germany/TS_model.pkl for tasks to queue
[2024-08-17T02:51:28.160+0000] {logging_mixin.py:188} INFO - [2024-08-17T02:51:28.159+0000] {dagbag.py:545} INFO - Filling up the DagBag from /opt/airflow/dags/data/models/Germany/TS_model.pkl
[2024-08-17T02:51:28.172+0000] {processor.py:842} WARNING - No viable dags retrieved from /opt/airflow/dags/data/models/Germany/TS_model.pkl
[2024-08-17T02:51:28.183+0000] {processor.py:183} INFO - Processing /opt/airflow/dags/data/models/Germany/TS_model.pkl took 0.030 seconds
[2024-08-17T02:51:59.496+0000] {processor.py:161} INFO - Started process (PID=84164) to work on /opt/airflow/dags/data/models/Germany/TS_model.pkl
[2024-08-17T02:51:59.497+0000] {processor.py:830} INFO - Processing file /opt/airflow/dags/data/models/Germany/TS_model.pkl for tasks to queue
[2024-08-17T02:51:59.498+0000] {logging_mixin.py:188} INFO - [2024-08-17T02:51:59.497+0000] {dagbag.py:545} INFO - Filling up the DagBag from /opt/airflow/dags/data/models/Germany/TS_model.pkl
[2024-08-17T02:51:59.508+0000] {processor.py:842} WARNING - No viable dags retrieved from /opt/airflow/dags/data/models/Germany/TS_model.pkl
[2024-08-17T02:51:59.518+0000] {processor.py:183} INFO - Processing /opt/airflow/dags/data/models/Germany/TS_model.pkl took 0.026 seconds
[2024-08-17T02:52:30.221+0000] {processor.py:161} INFO - Started process (PID=84472) to work on /opt/airflow/dags/data/models/Germany/TS_model.pkl
[2024-08-17T02:52:30.222+0000] {processor.py:830} INFO - Processing file /opt/airflow/dags/data/models/Germany/TS_model.pkl for tasks to queue
[2024-08-17T02:52:30.223+0000] {logging_mixin.py:188} INFO - [2024-08-17T02:52:30.222+0000] {dagbag.py:545} INFO - Filling up the DagBag from /opt/airflow/dags/data/models/Germany/TS_model.pkl
[2024-08-17T02:52:30.235+0000] {processor.py:842} WARNING - No viable dags retrieved from /opt/airflow/dags/data/models/Germany/TS_model.pkl
[2024-08-17T02:52:30.245+0000] {processor.py:183} INFO - Processing /opt/airflow/dags/data/models/Germany/TS_model.pkl took 0.028 seconds
[2024-08-17T02:53:00.913+0000] {processor.py:161} INFO - Started process (PID=84775) to work on /opt/airflow/dags/data/models/Germany/TS_model.pkl
[2024-08-17T02:53:00.914+0000] {processor.py:830} INFO - Processing file /opt/airflow/dags/data/models/Germany/TS_model.pkl for tasks to queue
[2024-08-17T02:53:00.915+0000] {logging_mixin.py:188} INFO - [2024-08-17T02:53:00.915+0000] {dagbag.py:545} INFO - Filling up the DagBag from /opt/airflow/dags/data/models/Germany/TS_model.pkl
[2024-08-17T02:53:00.928+0000] {processor.py:842} WARNING - No viable dags retrieved from /opt/airflow/dags/data/models/Germany/TS_model.pkl
[2024-08-17T02:53:00.939+0000] {processor.py:183} INFO - Processing /opt/airflow/dags/data/models/Germany/TS_model.pkl took 0.029 seconds
[2024-08-17T02:53:31.584+0000] {processor.py:161} INFO - Started process (PID=85104) to work on /opt/airflow/dags/data/models/Germany/TS_model.pkl
[2024-08-17T02:53:31.585+0000] {processor.py:830} INFO - Processing file /opt/airflow/dags/data/models/Germany/TS_model.pkl for tasks to queue
[2024-08-17T02:53:31.586+0000] {logging_mixin.py:188} INFO - [2024-08-17T02:53:31.586+0000] {dagbag.py:545} INFO - Filling up the DagBag from /opt/airflow/dags/data/models/Germany/TS_model.pkl
[2024-08-17T02:53:31.595+0000] {processor.py:842} WARNING - No viable dags retrieved from /opt/airflow/dags/data/models/Germany/TS_model.pkl
[2024-08-17T02:53:31.606+0000] {processor.py:183} INFO - Processing /opt/airflow/dags/data/models/Germany/TS_model.pkl took 0.025 seconds
[2024-08-17T02:54:02.416+0000] {processor.py:161} INFO - Started process (PID=85437) to work on /opt/airflow/dags/data/models/Germany/TS_model.pkl
[2024-08-17T02:54:02.417+0000] {processor.py:830} INFO - Processing file /opt/airflow/dags/data/models/Germany/TS_model.pkl for tasks to queue
[2024-08-17T02:54:02.418+0000] {logging_mixin.py:188} INFO - [2024-08-17T02:54:02.417+0000] {dagbag.py:545} INFO - Filling up the DagBag from /opt/airflow/dags/data/models/Germany/TS_model.pkl
[2024-08-17T02:54:02.427+0000] {processor.py:842} WARNING - No viable dags retrieved from /opt/airflow/dags/data/models/Germany/TS_model.pkl
[2024-08-17T02:54:02.437+0000] {processor.py:183} INFO - Processing /opt/airflow/dags/data/models/Germany/TS_model.pkl took 0.026 seconds
[2024-08-17T02:54:32.940+0000] {processor.py:161} INFO - Started process (PID=85775) to work on /opt/airflow/dags/data/models/Germany/TS_model.pkl
[2024-08-17T02:54:32.941+0000] {processor.py:830} INFO - Processing file /opt/airflow/dags/data/models/Germany/TS_model.pkl for tasks to queue
[2024-08-17T02:54:32.941+0000] {logging_mixin.py:188} INFO - [2024-08-17T02:54:32.941+0000] {dagbag.py:545} INFO - Filling up the DagBag from /opt/airflow/dags/data/models/Germany/TS_model.pkl
[2024-08-17T02:54:32.952+0000] {processor.py:842} WARNING - No viable dags retrieved from /opt/airflow/dags/data/models/Germany/TS_model.pkl
[2024-08-17T02:54:32.961+0000] {processor.py:183} INFO - Processing /opt/airflow/dags/data/models/Germany/TS_model.pkl took 0.026 seconds
[2024-08-17T02:55:03.784+0000] {processor.py:161} INFO - Started process (PID=86115) to work on /opt/airflow/dags/data/models/Germany/TS_model.pkl
[2024-08-17T02:55:03.785+0000] {processor.py:830} INFO - Processing file /opt/airflow/dags/data/models/Germany/TS_model.pkl for tasks to queue
[2024-08-17T02:55:03.785+0000] {logging_mixin.py:188} INFO - [2024-08-17T02:55:03.785+0000] {dagbag.py:545} INFO - Filling up the DagBag from /opt/airflow/dags/data/models/Germany/TS_model.pkl
[2024-08-17T02:55:03.798+0000] {processor.py:842} WARNING - No viable dags retrieved from /opt/airflow/dags/data/models/Germany/TS_model.pkl
[2024-08-17T02:55:03.809+0000] {processor.py:183} INFO - Processing /opt/airflow/dags/data/models/Germany/TS_model.pkl took 0.030 seconds
[2024-08-17T02:55:34.587+0000] {processor.py:161} INFO - Started process (PID=86467) to work on /opt/airflow/dags/data/models/Germany/TS_model.pkl
[2024-08-17T02:55:34.587+0000] {processor.py:830} INFO - Processing file /opt/airflow/dags/data/models/Germany/TS_model.pkl for tasks to queue
[2024-08-17T02:55:34.588+0000] {logging_mixin.py:188} INFO - [2024-08-17T02:55:34.588+0000] {dagbag.py:545} INFO - Filling up the DagBag from /opt/airflow/dags/data/models/Germany/TS_model.pkl
[2024-08-17T02:55:34.598+0000] {processor.py:842} WARNING - No viable dags retrieved from /opt/airflow/dags/data/models/Germany/TS_model.pkl
[2024-08-17T02:55:34.608+0000] {processor.py:183} INFO - Processing /opt/airflow/dags/data/models/Germany/TS_model.pkl took 0.026 seconds
[2024-08-17T02:56:05.532+0000] {processor.py:161} INFO - Started process (PID=86825) to work on /opt/airflow/dags/data/models/Germany/TS_model.pkl
[2024-08-17T02:56:05.532+0000] {processor.py:830} INFO - Processing file /opt/airflow/dags/data/models/Germany/TS_model.pkl for tasks to queue
[2024-08-17T02:56:05.533+0000] {logging_mixin.py:188} INFO - [2024-08-17T02:56:05.533+0000] {dagbag.py:545} INFO - Filling up the DagBag from /opt/airflow/dags/data/models/Germany/TS_model.pkl
[2024-08-17T02:56:05.545+0000] {processor.py:842} WARNING - No viable dags retrieved from /opt/airflow/dags/data/models/Germany/TS_model.pkl
[2024-08-17T02:56:05.555+0000] {processor.py:183} INFO - Processing /opt/airflow/dags/data/models/Germany/TS_model.pkl took 0.027 seconds
[2024-08-17T02:56:36.425+0000] {processor.py:161} INFO - Started process (PID=87157) to work on /opt/airflow/dags/data/models/Germany/TS_model.pkl
[2024-08-17T02:56:36.425+0000] {processor.py:830} INFO - Processing file /opt/airflow/dags/data/models/Germany/TS_model.pkl for tasks to queue
[2024-08-17T02:56:36.426+0000] {logging_mixin.py:188} INFO - [2024-08-17T02:56:36.426+0000] {dagbag.py:545} INFO - Filling up the DagBag from /opt/airflow/dags/data/models/Germany/TS_model.pkl
[2024-08-17T02:56:36.437+0000] {processor.py:842} WARNING - No viable dags retrieved from /opt/airflow/dags/data/models/Germany/TS_model.pkl
[2024-08-17T02:56:36.448+0000] {processor.py:183} INFO - Processing /opt/airflow/dags/data/models/Germany/TS_model.pkl took 0.028 seconds
[2024-08-17T02:57:07.349+0000] {processor.py:161} INFO - Started process (PID=87516) to work on /opt/airflow/dags/data/models/Germany/TS_model.pkl
[2024-08-17T02:57:07.356+0000] {processor.py:830} INFO - Processing file /opt/airflow/dags/data/models/Germany/TS_model.pkl for tasks to queue
[2024-08-17T02:57:07.359+0000] {logging_mixin.py:188} INFO - [2024-08-17T02:57:07.359+0000] {dagbag.py:545} INFO - Filling up the DagBag from /opt/airflow/dags/data/models/Germany/TS_model.pkl
[2024-08-17T02:57:07.402+0000] {processor.py:842} WARNING - No viable dags retrieved from /opt/airflow/dags/data/models/Germany/TS_model.pkl
[2024-08-17T02:57:07.413+0000] {processor.py:183} INFO - Processing /opt/airflow/dags/data/models/Germany/TS_model.pkl took 0.069 seconds
[2024-08-17T02:57:38.513+0000] {processor.py:161} INFO - Started process (PID=87855) to work on /opt/airflow/dags/data/models/Germany/TS_model.pkl
[2024-08-17T02:57:38.514+0000] {processor.py:830} INFO - Processing file /opt/airflow/dags/data/models/Germany/TS_model.pkl for tasks to queue
[2024-08-17T02:57:38.515+0000] {logging_mixin.py:188} INFO - [2024-08-17T02:57:38.515+0000] {dagbag.py:545} INFO - Filling up the DagBag from /opt/airflow/dags/data/models/Germany/TS_model.pkl
[2024-08-17T02:57:38.528+0000] {processor.py:842} WARNING - No viable dags retrieved from /opt/airflow/dags/data/models/Germany/TS_model.pkl
[2024-08-17T02:57:38.539+0000] {processor.py:183} INFO - Processing /opt/airflow/dags/data/models/Germany/TS_model.pkl took 0.029 seconds
[2024-08-17T02:58:09.534+0000] {processor.py:161} INFO - Started process (PID=88201) to work on /opt/airflow/dags/data/models/Germany/TS_model.pkl
[2024-08-17T02:58:09.535+0000] {processor.py:830} INFO - Processing file /opt/airflow/dags/data/models/Germany/TS_model.pkl for tasks to queue
[2024-08-17T02:58:09.536+0000] {logging_mixin.py:188} INFO - [2024-08-17T02:58:09.536+0000] {dagbag.py:545} INFO - Filling up the DagBag from /opt/airflow/dags/data/models/Germany/TS_model.pkl
[2024-08-17T02:58:09.548+0000] {processor.py:842} WARNING - No viable dags retrieved from /opt/airflow/dags/data/models/Germany/TS_model.pkl
[2024-08-17T02:58:09.558+0000] {processor.py:183} INFO - Processing /opt/airflow/dags/data/models/Germany/TS_model.pkl took 0.028 seconds
[2024-08-17T02:58:41.351+0000] {processor.py:161} INFO - Started process (PID=88559) to work on /opt/airflow/dags/data/models/Germany/TS_model.pkl
[2024-08-17T02:58:41.352+0000] {processor.py:830} INFO - Processing file /opt/airflow/dags/data/models/Germany/TS_model.pkl for tasks to queue
[2024-08-17T02:58:41.353+0000] {logging_mixin.py:188} INFO - [2024-08-17T02:58:41.353+0000] {dagbag.py:545} INFO - Filling up the DagBag from /opt/airflow/dags/data/models/Germany/TS_model.pkl
[2024-08-17T02:58:41.368+0000] {processor.py:842} WARNING - No viable dags retrieved from /opt/airflow/dags/data/models/Germany/TS_model.pkl
[2024-08-17T02:58:41.378+0000] {processor.py:183} INFO - Processing /opt/airflow/dags/data/models/Germany/TS_model.pkl took 0.032 seconds
[2024-08-17T02:59:13.537+0000] {processor.py:161} INFO - Started process (PID=88901) to work on /opt/airflow/dags/data/models/Germany/TS_model.pkl
[2024-08-17T02:59:13.538+0000] {processor.py:830} INFO - Processing file /opt/airflow/dags/data/models/Germany/TS_model.pkl for tasks to queue
[2024-08-17T02:59:13.538+0000] {logging_mixin.py:188} INFO - [2024-08-17T02:59:13.538+0000] {dagbag.py:545} INFO - Filling up the DagBag from /opt/airflow/dags/data/models/Germany/TS_model.pkl
[2024-08-17T02:59:13.553+0000] {processor.py:842} WARNING - No viable dags retrieved from /opt/airflow/dags/data/models/Germany/TS_model.pkl
[2024-08-17T02:59:13.562+0000] {processor.py:183} INFO - Processing /opt/airflow/dags/data/models/Germany/TS_model.pkl took 0.030 seconds
[2024-08-17T02:59:44.522+0000] {processor.py:161} INFO - Started process (PID=89287) to work on /opt/airflow/dags/data/models/Germany/TS_model.pkl
[2024-08-17T02:59:44.523+0000] {processor.py:830} INFO - Processing file /opt/airflow/dags/data/models/Germany/TS_model.pkl for tasks to queue
[2024-08-17T02:59:44.524+0000] {logging_mixin.py:188} INFO - [2024-08-17T02:59:44.524+0000] {dagbag.py:545} INFO - Filling up the DagBag from /opt/airflow/dags/data/models/Germany/TS_model.pkl
[2024-08-17T02:59:44.537+0000] {processor.py:842} WARNING - No viable dags retrieved from /opt/airflow/dags/data/models/Germany/TS_model.pkl
[2024-08-17T02:59:44.548+0000] {processor.py:183} INFO - Processing /opt/airflow/dags/data/models/Germany/TS_model.pkl took 0.030 seconds
[2024-08-17T03:00:15.403+0000] {processor.py:161} INFO - Started process (PID=89673) to work on /opt/airflow/dags/data/models/Germany/TS_model.pkl
[2024-08-17T03:00:15.403+0000] {processor.py:830} INFO - Processing file /opt/airflow/dags/data/models/Germany/TS_model.pkl for tasks to queue
[2024-08-17T03:00:15.404+0000] {logging_mixin.py:188} INFO - [2024-08-17T03:00:15.404+0000] {dagbag.py:545} INFO - Filling up the DagBag from /opt/airflow/dags/data/models/Germany/TS_model.pkl
[2024-08-17T03:00:15.415+0000] {processor.py:842} WARNING - No viable dags retrieved from /opt/airflow/dags/data/models/Germany/TS_model.pkl
[2024-08-17T03:00:15.425+0000] {processor.py:183} INFO - Processing /opt/airflow/dags/data/models/Germany/TS_model.pkl took 0.026 seconds
[2024-08-17T03:00:46.347+0000] {processor.py:161} INFO - Started process (PID=90034) to work on /opt/airflow/dags/data/models/Germany/TS_model.pkl
[2024-08-17T03:00:46.348+0000] {processor.py:830} INFO - Processing file /opt/airflow/dags/data/models/Germany/TS_model.pkl for tasks to queue
[2024-08-17T03:00:46.348+0000] {logging_mixin.py:188} INFO - [2024-08-17T03:00:46.348+0000] {dagbag.py:545} INFO - Filling up the DagBag from /opt/airflow/dags/data/models/Germany/TS_model.pkl
[2024-08-17T03:00:46.360+0000] {processor.py:842} WARNING - No viable dags retrieved from /opt/airflow/dags/data/models/Germany/TS_model.pkl
[2024-08-17T03:00:46.371+0000] {processor.py:183} INFO - Processing /opt/airflow/dags/data/models/Germany/TS_model.pkl took 0.028 seconds
[2024-08-17T03:01:17.367+0000] {processor.py:161} INFO - Started process (PID=90419) to work on /opt/airflow/dags/data/models/Germany/TS_model.pkl
[2024-08-17T03:01:17.368+0000] {processor.py:830} INFO - Processing file /opt/airflow/dags/data/models/Germany/TS_model.pkl for tasks to queue
[2024-08-17T03:01:17.368+0000] {logging_mixin.py:188} INFO - [2024-08-17T03:01:17.368+0000] {dagbag.py:545} INFO - Filling up the DagBag from /opt/airflow/dags/data/models/Germany/TS_model.pkl
[2024-08-17T03:01:17.380+0000] {processor.py:842} WARNING - No viable dags retrieved from /opt/airflow/dags/data/models/Germany/TS_model.pkl
[2024-08-17T03:01:17.391+0000] {processor.py:183} INFO - Processing /opt/airflow/dags/data/models/Germany/TS_model.pkl took 0.028 seconds
[2024-08-17T03:01:48.579+0000] {processor.py:161} INFO - Started process (PID=90759) to work on /opt/airflow/dags/data/models/Germany/TS_model.pkl
[2024-08-17T03:01:48.579+0000] {processor.py:830} INFO - Processing file /opt/airflow/dags/data/models/Germany/TS_model.pkl for tasks to queue
[2024-08-17T03:01:48.580+0000] {logging_mixin.py:188} INFO - [2024-08-17T03:01:48.580+0000] {dagbag.py:545} INFO - Filling up the DagBag from /opt/airflow/dags/data/models/Germany/TS_model.pkl
[2024-08-17T03:01:48.592+0000] {processor.py:842} WARNING - No viable dags retrieved from /opt/airflow/dags/data/models/Germany/TS_model.pkl
[2024-08-17T03:01:48.601+0000] {processor.py:183} INFO - Processing /opt/airflow/dags/data/models/Germany/TS_model.pkl took 0.026 seconds
[2024-08-17T03:02:19.698+0000] {processor.py:161} INFO - Started process (PID=91145) to work on /opt/airflow/dags/data/models/Germany/TS_model.pkl
[2024-08-17T03:02:19.700+0000] {processor.py:830} INFO - Processing file /opt/airflow/dags/data/models/Germany/TS_model.pkl for tasks to queue
[2024-08-17T03:02:19.700+0000] {logging_mixin.py:188} INFO - [2024-08-17T03:02:19.700+0000] {dagbag.py:545} INFO - Filling up the DagBag from /opt/airflow/dags/data/models/Germany/TS_model.pkl
[2024-08-17T03:02:19.713+0000] {processor.py:842} WARNING - No viable dags retrieved from /opt/airflow/dags/data/models/Germany/TS_model.pkl
[2024-08-17T03:02:19.724+0000] {processor.py:183} INFO - Processing /opt/airflow/dags/data/models/Germany/TS_model.pkl took 0.029 seconds
[2024-08-17T03:02:51.022+0000] {processor.py:161} INFO - Started process (PID=91534) to work on /opt/airflow/dags/data/models/Germany/TS_model.pkl
[2024-08-17T03:02:51.023+0000] {processor.py:830} INFO - Processing file /opt/airflow/dags/data/models/Germany/TS_model.pkl for tasks to queue
[2024-08-17T03:02:51.024+0000] {logging_mixin.py:188} INFO - [2024-08-17T03:02:51.023+0000] {dagbag.py:545} INFO - Filling up the DagBag from /opt/airflow/dags/data/models/Germany/TS_model.pkl
[2024-08-17T03:02:51.036+0000] {processor.py:842} WARNING - No viable dags retrieved from /opt/airflow/dags/data/models/Germany/TS_model.pkl
[2024-08-17T03:02:51.046+0000] {processor.py:183} INFO - Processing /opt/airflow/dags/data/models/Germany/TS_model.pkl took 0.029 seconds
[2024-08-17T03:03:21.885+0000] {processor.py:161} INFO - Started process (PID=91894) to work on /opt/airflow/dags/data/models/Germany/TS_model.pkl
[2024-08-17T03:03:21.885+0000] {processor.py:830} INFO - Processing file /opt/airflow/dags/data/models/Germany/TS_model.pkl for tasks to queue
[2024-08-17T03:03:21.886+0000] {logging_mixin.py:188} INFO - [2024-08-17T03:03:21.886+0000] {dagbag.py:545} INFO - Filling up the DagBag from /opt/airflow/dags/data/models/Germany/TS_model.pkl
[2024-08-17T03:03:21.897+0000] {processor.py:842} WARNING - No viable dags retrieved from /opt/airflow/dags/data/models/Germany/TS_model.pkl
[2024-08-17T03:03:21.907+0000] {processor.py:183} INFO - Processing /opt/airflow/dags/data/models/Germany/TS_model.pkl took 0.027 seconds
[2024-08-17T03:03:59.191+0000] {processor.py:161} INFO - Started process (PID=92294) to work on /opt/airflow/dags/data/models/Germany/TS_model.pkl
[2024-08-17T03:03:59.192+0000] {processor.py:830} INFO - Processing file /opt/airflow/dags/data/models/Germany/TS_model.pkl for tasks to queue
[2024-08-17T03:03:59.193+0000] {logging_mixin.py:188} INFO - [2024-08-17T03:03:59.193+0000] {dagbag.py:545} INFO - Filling up the DagBag from /opt/airflow/dags/data/models/Germany/TS_model.pkl
[2024-08-17T03:03:59.207+0000] {processor.py:842} WARNING - No viable dags retrieved from /opt/airflow/dags/data/models/Germany/TS_model.pkl
[2024-08-17T03:03:59.220+0000] {processor.py:183} INFO - Processing /opt/airflow/dags/data/models/Germany/TS_model.pkl took 0.033 seconds
[2024-08-17T03:04:30.519+0000] {processor.py:161} INFO - Started process (PID=92707) to work on /opt/airflow/dags/data/models/Germany/TS_model.pkl
[2024-08-17T03:04:30.519+0000] {processor.py:830} INFO - Processing file /opt/airflow/dags/data/models/Germany/TS_model.pkl for tasks to queue
[2024-08-17T03:04:30.520+0000] {logging_mixin.py:188} INFO - [2024-08-17T03:04:30.520+0000] {dagbag.py:545} INFO - Filling up the DagBag from /opt/airflow/dags/data/models/Germany/TS_model.pkl
[2024-08-17T03:04:30.531+0000] {processor.py:842} WARNING - No viable dags retrieved from /opt/airflow/dags/data/models/Germany/TS_model.pkl
[2024-08-17T03:04:30.541+0000] {processor.py:183} INFO - Processing /opt/airflow/dags/data/models/Germany/TS_model.pkl took 0.026 seconds
[2024-08-17T03:05:02.011+0000] {processor.py:161} INFO - Started process (PID=93102) to work on /opt/airflow/dags/data/models/Germany/TS_model.pkl
[2024-08-17T03:05:02.012+0000] {processor.py:830} INFO - Processing file /opt/airflow/dags/data/models/Germany/TS_model.pkl for tasks to queue
[2024-08-17T03:05:02.013+0000] {logging_mixin.py:188} INFO - [2024-08-17T03:05:02.013+0000] {dagbag.py:545} INFO - Filling up the DagBag from /opt/airflow/dags/data/models/Germany/TS_model.pkl
[2024-08-17T03:05:02.026+0000] {processor.py:842} WARNING - No viable dags retrieved from /opt/airflow/dags/data/models/Germany/TS_model.pkl
[2024-08-17T03:05:02.038+0000] {processor.py:183} INFO - Processing /opt/airflow/dags/data/models/Germany/TS_model.pkl took 0.031 seconds
[2024-08-17T03:05:33.083+0000] {processor.py:161} INFO - Started process (PID=93509) to work on /opt/airflow/dags/data/models/Germany/TS_model.pkl
[2024-08-17T03:05:33.083+0000] {processor.py:830} INFO - Processing file /opt/airflow/dags/data/models/Germany/TS_model.pkl for tasks to queue
[2024-08-17T03:05:33.084+0000] {logging_mixin.py:188} INFO - [2024-08-17T03:05:33.084+0000] {dagbag.py:545} INFO - Filling up the DagBag from /opt/airflow/dags/data/models/Germany/TS_model.pkl
[2024-08-17T03:05:33.097+0000] {processor.py:842} WARNING - No viable dags retrieved from /opt/airflow/dags/data/models/Germany/TS_model.pkl
[2024-08-17T03:05:33.107+0000] {processor.py:183} INFO - Processing /opt/airflow/dags/data/models/Germany/TS_model.pkl took 0.028 seconds
[2024-08-17T03:06:04.065+0000] {processor.py:161} INFO - Started process (PID=93924) to work on /opt/airflow/dags/data/models/Germany/TS_model.pkl
[2024-08-17T03:06:04.066+0000] {processor.py:830} INFO - Processing file /opt/airflow/dags/data/models/Germany/TS_model.pkl for tasks to queue
[2024-08-17T03:06:04.066+0000] {logging_mixin.py:188} INFO - [2024-08-17T03:06:04.066+0000] {dagbag.py:545} INFO - Filling up the DagBag from /opt/airflow/dags/data/models/Germany/TS_model.pkl
[2024-08-17T03:06:04.078+0000] {processor.py:842} WARNING - No viable dags retrieved from /opt/airflow/dags/data/models/Germany/TS_model.pkl
[2024-08-17T03:06:04.088+0000] {processor.py:183} INFO - Processing /opt/airflow/dags/data/models/Germany/TS_model.pkl took 0.027 seconds
[2024-08-17T03:06:35.124+0000] {processor.py:161} INFO - Started process (PID=94313) to work on /opt/airflow/dags/data/models/Germany/TS_model.pkl
[2024-08-17T03:06:35.124+0000] {processor.py:830} INFO - Processing file /opt/airflow/dags/data/models/Germany/TS_model.pkl for tasks to queue
[2024-08-17T03:06:35.126+0000] {logging_mixin.py:188} INFO - [2024-08-17T03:06:35.125+0000] {dagbag.py:545} INFO - Filling up the DagBag from /opt/airflow/dags/data/models/Germany/TS_model.pkl
[2024-08-17T03:06:35.137+0000] {processor.py:842} WARNING - No viable dags retrieved from /opt/airflow/dags/data/models/Germany/TS_model.pkl
[2024-08-17T03:06:35.147+0000] {processor.py:183} INFO - Processing /opt/airflow/dags/data/models/Germany/TS_model.pkl took 0.028 seconds
[2024-08-17T03:07:06.623+0000] {processor.py:161} INFO - Started process (PID=94728) to work on /opt/airflow/dags/data/models/Germany/TS_model.pkl
[2024-08-17T03:07:06.624+0000] {processor.py:830} INFO - Processing file /opt/airflow/dags/data/models/Germany/TS_model.pkl for tasks to queue
[2024-08-17T03:07:06.625+0000] {logging_mixin.py:188} INFO - [2024-08-17T03:07:06.625+0000] {dagbag.py:545} INFO - Filling up the DagBag from /opt/airflow/dags/data/models/Germany/TS_model.pkl
[2024-08-17T03:07:06.637+0000] {processor.py:842} WARNING - No viable dags retrieved from /opt/airflow/dags/data/models/Germany/TS_model.pkl
[2024-08-17T03:07:06.647+0000] {processor.py:183} INFO - Processing /opt/airflow/dags/data/models/Germany/TS_model.pkl took 0.028 seconds
[2024-08-17T03:07:38.622+0000] {processor.py:161} INFO - Started process (PID=95138) to work on /opt/airflow/dags/data/models/Germany/TS_model.pkl
[2024-08-17T03:07:38.623+0000] {processor.py:830} INFO - Processing file /opt/airflow/dags/data/models/Germany/TS_model.pkl for tasks to queue
[2024-08-17T03:07:38.624+0000] {logging_mixin.py:188} INFO - [2024-08-17T03:07:38.624+0000] {dagbag.py:545} INFO - Filling up the DagBag from /opt/airflow/dags/data/models/Germany/TS_model.pkl
[2024-08-17T03:07:38.635+0000] {processor.py:842} WARNING - No viable dags retrieved from /opt/airflow/dags/data/models/Germany/TS_model.pkl
[2024-08-17T03:07:38.646+0000] {processor.py:183} INFO - Processing /opt/airflow/dags/data/models/Germany/TS_model.pkl took 0.027 seconds
[2024-08-17T03:08:09.745+0000] {processor.py:161} INFO - Started process (PID=95505) to work on /opt/airflow/dags/data/models/Germany/TS_model.pkl
[2024-08-17T03:08:09.746+0000] {processor.py:830} INFO - Processing file /opt/airflow/dags/data/models/Germany/TS_model.pkl for tasks to queue
[2024-08-17T03:08:09.746+0000] {logging_mixin.py:188} INFO - [2024-08-17T03:08:09.746+0000] {dagbag.py:545} INFO - Filling up the DagBag from /opt/airflow/dags/data/models/Germany/TS_model.pkl
[2024-08-17T03:08:09.764+0000] {processor.py:842} WARNING - No viable dags retrieved from /opt/airflow/dags/data/models/Germany/TS_model.pkl
[2024-08-17T03:08:09.778+0000] {processor.py:183} INFO - Processing /opt/airflow/dags/data/models/Germany/TS_model.pkl took 0.038 seconds
[2024-08-17T03:08:40.598+0000] {processor.py:161} INFO - Started process (PID=95919) to work on /opt/airflow/dags/data/models/Germany/TS_model.pkl
[2024-08-17T03:08:40.599+0000] {processor.py:830} INFO - Processing file /opt/airflow/dags/data/models/Germany/TS_model.pkl for tasks to queue
[2024-08-17T03:08:40.599+0000] {logging_mixin.py:188} INFO - [2024-08-17T03:08:40.599+0000] {dagbag.py:545} INFO - Filling up the DagBag from /opt/airflow/dags/data/models/Germany/TS_model.pkl
[2024-08-17T03:08:40.612+0000] {processor.py:842} WARNING - No viable dags retrieved from /opt/airflow/dags/data/models/Germany/TS_model.pkl
[2024-08-17T03:08:40.623+0000] {processor.py:183} INFO - Processing /opt/airflow/dags/data/models/Germany/TS_model.pkl took 0.030 seconds
[2024-08-17T03:09:11.614+0000] {processor.py:161} INFO - Started process (PID=96337) to work on /opt/airflow/dags/data/models/Germany/TS_model.pkl
[2024-08-17T03:09:11.614+0000] {processor.py:830} INFO - Processing file /opt/airflow/dags/data/models/Germany/TS_model.pkl for tasks to queue
[2024-08-17T03:09:11.615+0000] {logging_mixin.py:188} INFO - [2024-08-17T03:09:11.615+0000] {dagbag.py:545} INFO - Filling up the DagBag from /opt/airflow/dags/data/models/Germany/TS_model.pkl
[2024-08-17T03:09:11.634+0000] {processor.py:842} WARNING - No viable dags retrieved from /opt/airflow/dags/data/models/Germany/TS_model.pkl
[2024-08-17T03:09:11.643+0000] {processor.py:183} INFO - Processing /opt/airflow/dags/data/models/Germany/TS_model.pkl took 0.035 seconds
[2024-08-17T03:09:42.453+0000] {processor.py:161} INFO - Started process (PID=96780) to work on /opt/airflow/dags/data/models/Germany/TS_model.pkl
[2024-08-17T03:09:42.453+0000] {processor.py:830} INFO - Processing file /opt/airflow/dags/data/models/Germany/TS_model.pkl for tasks to queue
[2024-08-17T03:09:42.454+0000] {logging_mixin.py:188} INFO - [2024-08-17T03:09:42.454+0000] {dagbag.py:545} INFO - Filling up the DagBag from /opt/airflow/dags/data/models/Germany/TS_model.pkl
[2024-08-17T03:09:42.465+0000] {processor.py:842} WARNING - No viable dags retrieved from /opt/airflow/dags/data/models/Germany/TS_model.pkl
[2024-08-17T03:09:42.476+0000] {processor.py:183} INFO - Processing /opt/airflow/dags/data/models/Germany/TS_model.pkl took 0.027 seconds
[2024-08-17T03:10:14.178+0000] {processor.py:161} INFO - Started process (PID=97196) to work on /opt/airflow/dags/data/models/Germany/TS_model.pkl
[2024-08-17T03:10:14.179+0000] {processor.py:830} INFO - Processing file /opt/airflow/dags/data/models/Germany/TS_model.pkl for tasks to queue
[2024-08-17T03:10:14.180+0000] {logging_mixin.py:188} INFO - [2024-08-17T03:10:14.179+0000] {dagbag.py:545} INFO - Filling up the DagBag from /opt/airflow/dags/data/models/Germany/TS_model.pkl
[2024-08-17T03:10:14.193+0000] {processor.py:842} WARNING - No viable dags retrieved from /opt/airflow/dags/data/models/Germany/TS_model.pkl
[2024-08-17T03:10:14.204+0000] {processor.py:183} INFO - Processing /opt/airflow/dags/data/models/Germany/TS_model.pkl took 0.030 seconds
[2024-08-17T03:10:44.962+0000] {processor.py:161} INFO - Started process (PID=97593) to work on /opt/airflow/dags/data/models/Germany/TS_model.pkl
[2024-08-17T03:10:44.963+0000] {processor.py:830} INFO - Processing file /opt/airflow/dags/data/models/Germany/TS_model.pkl for tasks to queue
[2024-08-17T03:10:44.965+0000] {logging_mixin.py:188} INFO - [2024-08-17T03:10:44.965+0000] {dagbag.py:545} INFO - Filling up the DagBag from /opt/airflow/dags/data/models/Germany/TS_model.pkl
[2024-08-17T03:10:44.980+0000] {processor.py:842} WARNING - No viable dags retrieved from /opt/airflow/dags/data/models/Germany/TS_model.pkl
[2024-08-17T03:10:44.991+0000] {processor.py:183} INFO - Processing /opt/airflow/dags/data/models/Germany/TS_model.pkl took 0.034 seconds
[2024-08-17T03:11:15.912+0000] {processor.py:161} INFO - Started process (PID=98037) to work on /opt/airflow/dags/data/models/Germany/TS_model.pkl
[2024-08-17T03:11:15.912+0000] {processor.py:830} INFO - Processing file /opt/airflow/dags/data/models/Germany/TS_model.pkl for tasks to queue
[2024-08-17T03:11:15.913+0000] {logging_mixin.py:188} INFO - [2024-08-17T03:11:15.913+0000] {dagbag.py:545} INFO - Filling up the DagBag from /opt/airflow/dags/data/models/Germany/TS_model.pkl
[2024-08-17T03:11:15.923+0000] {processor.py:842} WARNING - No viable dags retrieved from /opt/airflow/dags/data/models/Germany/TS_model.pkl
[2024-08-17T03:11:15.933+0000] {processor.py:183} INFO - Processing /opt/airflow/dags/data/models/Germany/TS_model.pkl took 0.025 seconds
[2024-08-17T03:11:47.146+0000] {processor.py:161} INFO - Started process (PID=98457) to work on /opt/airflow/dags/data/models/Germany/TS_model.pkl
[2024-08-17T03:11:47.147+0000] {processor.py:830} INFO - Processing file /opt/airflow/dags/data/models/Germany/TS_model.pkl for tasks to queue
[2024-08-17T03:11:47.148+0000] {logging_mixin.py:188} INFO - [2024-08-17T03:11:47.148+0000] {dagbag.py:545} INFO - Filling up the DagBag from /opt/airflow/dags/data/models/Germany/TS_model.pkl
[2024-08-17T03:11:47.159+0000] {processor.py:842} WARNING - No viable dags retrieved from /opt/airflow/dags/data/models/Germany/TS_model.pkl
[2024-08-17T03:11:47.169+0000] {processor.py:183} INFO - Processing /opt/airflow/dags/data/models/Germany/TS_model.pkl took 0.026 seconds
[2024-08-17T03:12:18.212+0000] {processor.py:161} INFO - Started process (PID=98901) to work on /opt/airflow/dags/data/models/Germany/TS_model.pkl
[2024-08-17T03:12:18.213+0000] {processor.py:830} INFO - Processing file /opt/airflow/dags/data/models/Germany/TS_model.pkl for tasks to queue
[2024-08-17T03:12:18.214+0000] {logging_mixin.py:188} INFO - [2024-08-17T03:12:18.213+0000] {dagbag.py:545} INFO - Filling up the DagBag from /opt/airflow/dags/data/models/Germany/TS_model.pkl
[2024-08-17T03:12:18.225+0000] {processor.py:842} WARNING - No viable dags retrieved from /opt/airflow/dags/data/models/Germany/TS_model.pkl
[2024-08-17T03:12:18.236+0000] {processor.py:183} INFO - Processing /opt/airflow/dags/data/models/Germany/TS_model.pkl took 0.027 seconds
[2024-08-17T03:12:49.353+0000] {processor.py:161} INFO - Started process (PID=99323) to work on /opt/airflow/dags/data/models/Germany/TS_model.pkl
[2024-08-17T03:12:49.354+0000] {processor.py:830} INFO - Processing file /opt/airflow/dags/data/models/Germany/TS_model.pkl for tasks to queue
[2024-08-17T03:12:49.355+0000] {logging_mixin.py:188} INFO - [2024-08-17T03:12:49.354+0000] {dagbag.py:545} INFO - Filling up the DagBag from /opt/airflow/dags/data/models/Germany/TS_model.pkl
[2024-08-17T03:12:49.367+0000] {processor.py:842} WARNING - No viable dags retrieved from /opt/airflow/dags/data/models/Germany/TS_model.pkl
[2024-08-17T03:12:49.378+0000] {processor.py:183} INFO - Processing /opt/airflow/dags/data/models/Germany/TS_model.pkl took 0.029 seconds
[2024-08-17T03:13:19.920+0000] {processor.py:161} INFO - Started process (PID=99740) to work on /opt/airflow/dags/data/models/Germany/TS_model.pkl
[2024-08-17T03:13:19.920+0000] {processor.py:830} INFO - Processing file /opt/airflow/dags/data/models/Germany/TS_model.pkl for tasks to queue
[2024-08-17T03:13:19.921+0000] {logging_mixin.py:188} INFO - [2024-08-17T03:13:19.921+0000] {dagbag.py:545} INFO - Filling up the DagBag from /opt/airflow/dags/data/models/Germany/TS_model.pkl
[2024-08-17T03:13:19.932+0000] {processor.py:842} WARNING - No viable dags retrieved from /opt/airflow/dags/data/models/Germany/TS_model.pkl
[2024-08-17T03:13:19.942+0000] {processor.py:183} INFO - Processing /opt/airflow/dags/data/models/Germany/TS_model.pkl took 0.026 seconds
[2024-08-17T03:14:00.129+0000] {processor.py:161} INFO - Started process (PID=524) to work on /opt/airflow/dags/data/models/Germany/TS_model.pkl
[2024-08-17T03:14:00.129+0000] {processor.py:830} INFO - Processing file /opt/airflow/dags/data/models/Germany/TS_model.pkl for tasks to queue
[2024-08-17T03:14:00.130+0000] {logging_mixin.py:188} INFO - [2024-08-17T03:14:00.130+0000] {dagbag.py:545} INFO - Filling up the DagBag from /opt/airflow/dags/data/models/Germany/TS_model.pkl
[2024-08-17T03:14:00.145+0000] {processor.py:842} WARNING - No viable dags retrieved from /opt/airflow/dags/data/models/Germany/TS_model.pkl
[2024-08-17T03:14:00.155+0000] {processor.py:183} INFO - Processing /opt/airflow/dags/data/models/Germany/TS_model.pkl took 0.032 seconds
[2024-08-17T03:14:31.033+0000] {processor.py:161} INFO - Started process (PID=950) to work on /opt/airflow/dags/data/models/Germany/TS_model.pkl
[2024-08-17T03:14:31.034+0000] {processor.py:830} INFO - Processing file /opt/airflow/dags/data/models/Germany/TS_model.pkl for tasks to queue
[2024-08-17T03:14:31.034+0000] {logging_mixin.py:188} INFO - [2024-08-17T03:14:31.034+0000] {dagbag.py:545} INFO - Filling up the DagBag from /opt/airflow/dags/data/models/Germany/TS_model.pkl
[2024-08-17T03:14:31.045+0000] {processor.py:842} WARNING - No viable dags retrieved from /opt/airflow/dags/data/models/Germany/TS_model.pkl
[2024-08-17T03:14:31.056+0000] {processor.py:183} INFO - Processing /opt/airflow/dags/data/models/Germany/TS_model.pkl took 0.027 seconds
[2024-08-17T03:15:01.833+0000] {processor.py:161} INFO - Started process (PID=1404) to work on /opt/airflow/dags/data/models/Germany/TS_model.pkl
[2024-08-17T03:15:01.834+0000] {processor.py:830} INFO - Processing file /opt/airflow/dags/data/models/Germany/TS_model.pkl for tasks to queue
[2024-08-17T03:15:01.834+0000] {logging_mixin.py:188} INFO - [2024-08-17T03:15:01.834+0000] {dagbag.py:545} INFO - Filling up the DagBag from /opt/airflow/dags/data/models/Germany/TS_model.pkl
[2024-08-17T03:15:01.842+0000] {processor.py:842} WARNING - No viable dags retrieved from /opt/airflow/dags/data/models/Germany/TS_model.pkl
[2024-08-17T03:15:01.852+0000] {processor.py:183} INFO - Processing /opt/airflow/dags/data/models/Germany/TS_model.pkl took 0.022 seconds
[2024-08-17T03:15:32.680+0000] {processor.py:161} INFO - Started process (PID=1832) to work on /opt/airflow/dags/data/models/Germany/TS_model.pkl
[2024-08-17T03:15:32.681+0000] {processor.py:830} INFO - Processing file /opt/airflow/dags/data/models/Germany/TS_model.pkl for tasks to queue
[2024-08-17T03:15:32.681+0000] {logging_mixin.py:188} INFO - [2024-08-17T03:15:32.681+0000] {dagbag.py:545} INFO - Filling up the DagBag from /opt/airflow/dags/data/models/Germany/TS_model.pkl
[2024-08-17T03:15:32.690+0000] {processor.py:842} WARNING - No viable dags retrieved from /opt/airflow/dags/data/models/Germany/TS_model.pkl
[2024-08-17T03:15:32.699+0000] {processor.py:183} INFO - Processing /opt/airflow/dags/data/models/Germany/TS_model.pkl took 0.022 seconds
[2024-08-17T03:16:03.612+0000] {processor.py:161} INFO - Started process (PID=2286) to work on /opt/airflow/dags/data/models/Germany/TS_model.pkl
[2024-08-17T03:16:03.613+0000] {processor.py:830} INFO - Processing file /opt/airflow/dags/data/models/Germany/TS_model.pkl for tasks to queue
[2024-08-17T03:16:03.613+0000] {logging_mixin.py:188} INFO - [2024-08-17T03:16:03.613+0000] {dagbag.py:545} INFO - Filling up the DagBag from /opt/airflow/dags/data/models/Germany/TS_model.pkl
[2024-08-17T03:16:03.628+0000] {processor.py:842} WARNING - No viable dags retrieved from /opt/airflow/dags/data/models/Germany/TS_model.pkl
[2024-08-17T03:16:03.636+0000] {processor.py:183} INFO - Processing /opt/airflow/dags/data/models/Germany/TS_model.pkl took 0.027 seconds
[2024-08-17T03:16:34.683+0000] {processor.py:161} INFO - Started process (PID=2740) to work on /opt/airflow/dags/data/models/Germany/TS_model.pkl
[2024-08-17T03:16:34.684+0000] {processor.py:830} INFO - Processing file /opt/airflow/dags/data/models/Germany/TS_model.pkl for tasks to queue
[2024-08-17T03:16:34.685+0000] {logging_mixin.py:188} INFO - [2024-08-17T03:16:34.685+0000] {dagbag.py:545} INFO - Filling up the DagBag from /opt/airflow/dags/data/models/Germany/TS_model.pkl
[2024-08-17T03:16:34.700+0000] {processor.py:842} WARNING - No viable dags retrieved from /opt/airflow/dags/data/models/Germany/TS_model.pkl
[2024-08-17T03:16:34.709+0000] {processor.py:183} INFO - Processing /opt/airflow/dags/data/models/Germany/TS_model.pkl took 0.031 seconds
[2024-08-17T03:17:05.570+0000] {processor.py:161} INFO - Started process (PID=3168) to work on /opt/airflow/dags/data/models/Germany/TS_model.pkl
[2024-08-17T03:17:05.570+0000] {processor.py:830} INFO - Processing file /opt/airflow/dags/data/models/Germany/TS_model.pkl for tasks to queue
[2024-08-17T03:17:05.571+0000] {logging_mixin.py:188} INFO - [2024-08-17T03:17:05.571+0000] {dagbag.py:545} INFO - Filling up the DagBag from /opt/airflow/dags/data/models/Germany/TS_model.pkl
[2024-08-17T03:17:05.583+0000] {processor.py:842} WARNING - No viable dags retrieved from /opt/airflow/dags/data/models/Germany/TS_model.pkl
[2024-08-17T03:17:05.593+0000] {processor.py:183} INFO - Processing /opt/airflow/dags/data/models/Germany/TS_model.pkl took 0.027 seconds
[2024-08-17T03:17:36.108+0000] {processor.py:161} INFO - Started process (PID=3622) to work on /opt/airflow/dags/data/models/Germany/TS_model.pkl
[2024-08-17T03:17:36.108+0000] {processor.py:830} INFO - Processing file /opt/airflow/dags/data/models/Germany/TS_model.pkl for tasks to queue
[2024-08-17T03:17:36.109+0000] {logging_mixin.py:188} INFO - [2024-08-17T03:17:36.109+0000] {dagbag.py:545} INFO - Filling up the DagBag from /opt/airflow/dags/data/models/Germany/TS_model.pkl
[2024-08-17T03:17:36.117+0000] {processor.py:842} WARNING - No viable dags retrieved from /opt/airflow/dags/data/models/Germany/TS_model.pkl
[2024-08-17T03:17:36.127+0000] {processor.py:183} INFO - Processing /opt/airflow/dags/data/models/Germany/TS_model.pkl took 0.022 seconds
[2024-08-17T03:18:06.980+0000] {processor.py:161} INFO - Started process (PID=4050) to work on /opt/airflow/dags/data/models/Germany/TS_model.pkl
[2024-08-17T03:18:06.981+0000] {processor.py:830} INFO - Processing file /opt/airflow/dags/data/models/Germany/TS_model.pkl for tasks to queue
[2024-08-17T03:18:06.982+0000] {logging_mixin.py:188} INFO - [2024-08-17T03:18:06.981+0000] {dagbag.py:545} INFO - Filling up the DagBag from /opt/airflow/dags/data/models/Germany/TS_model.pkl
[2024-08-17T03:18:06.990+0000] {processor.py:842} WARNING - No viable dags retrieved from /opt/airflow/dags/data/models/Germany/TS_model.pkl
[2024-08-17T03:18:07.001+0000] {processor.py:183} INFO - Processing /opt/airflow/dags/data/models/Germany/TS_model.pkl took 0.025 seconds
[2024-08-17T03:18:37.968+0000] {processor.py:161} INFO - Started process (PID=4504) to work on /opt/airflow/dags/data/models/Germany/TS_model.pkl
[2024-08-17T03:18:37.968+0000] {processor.py:830} INFO - Processing file /opt/airflow/dags/data/models/Germany/TS_model.pkl for tasks to queue
[2024-08-17T03:18:37.969+0000] {logging_mixin.py:188} INFO - [2024-08-17T03:18:37.969+0000] {dagbag.py:545} INFO - Filling up the DagBag from /opt/airflow/dags/data/models/Germany/TS_model.pkl
[2024-08-17T03:18:37.978+0000] {processor.py:842} WARNING - No viable dags retrieved from /opt/airflow/dags/data/models/Germany/TS_model.pkl
[2024-08-17T03:18:37.988+0000] {processor.py:183} INFO - Processing /opt/airflow/dags/data/models/Germany/TS_model.pkl took 0.024 seconds
[2024-08-17T03:19:09.073+0000] {processor.py:161} INFO - Started process (PID=4938) to work on /opt/airflow/dags/data/models/Germany/TS_model.pkl
[2024-08-17T03:19:09.073+0000] {processor.py:830} INFO - Processing file /opt/airflow/dags/data/models/Germany/TS_model.pkl for tasks to queue
[2024-08-17T03:19:09.074+0000] {logging_mixin.py:188} INFO - [2024-08-17T03:19:09.074+0000] {dagbag.py:545} INFO - Filling up the DagBag from /opt/airflow/dags/data/models/Germany/TS_model.pkl
[2024-08-17T03:19:09.086+0000] {processor.py:842} WARNING - No viable dags retrieved from /opt/airflow/dags/data/models/Germany/TS_model.pkl
[2024-08-17T03:19:09.096+0000] {processor.py:183} INFO - Processing /opt/airflow/dags/data/models/Germany/TS_model.pkl took 0.028 seconds
[2024-08-17T03:19:39.596+0000] {processor.py:161} INFO - Started process (PID=5364) to work on /opt/airflow/dags/data/models/Germany/TS_model.pkl
[2024-08-17T03:19:39.597+0000] {processor.py:830} INFO - Processing file /opt/airflow/dags/data/models/Germany/TS_model.pkl for tasks to queue
[2024-08-17T03:19:39.598+0000] {logging_mixin.py:188} INFO - [2024-08-17T03:19:39.598+0000] {dagbag.py:545} INFO - Filling up the DagBag from /opt/airflow/dags/data/models/Germany/TS_model.pkl
[2024-08-17T03:19:39.607+0000] {processor.py:842} WARNING - No viable dags retrieved from /opt/airflow/dags/data/models/Germany/TS_model.pkl
[2024-08-17T03:19:39.617+0000] {processor.py:183} INFO - Processing /opt/airflow/dags/data/models/Germany/TS_model.pkl took 0.024 seconds
[2024-08-17T03:20:10.802+0000] {processor.py:161} INFO - Started process (PID=5818) to work on /opt/airflow/dags/data/models/Germany/TS_model.pkl
[2024-08-17T03:20:10.802+0000] {processor.py:830} INFO - Processing file /opt/airflow/dags/data/models/Germany/TS_model.pkl for tasks to queue
[2024-08-17T03:20:10.803+0000] {logging_mixin.py:188} INFO - [2024-08-17T03:20:10.803+0000] {dagbag.py:545} INFO - Filling up the DagBag from /opt/airflow/dags/data/models/Germany/TS_model.pkl
[2024-08-17T03:20:10.813+0000] {processor.py:842} WARNING - No viable dags retrieved from /opt/airflow/dags/data/models/Germany/TS_model.pkl
[2024-08-17T03:20:10.823+0000] {processor.py:183} INFO - Processing /opt/airflow/dags/data/models/Germany/TS_model.pkl took 0.025 seconds
[2024-08-17T03:20:41.413+0000] {processor.py:161} INFO - Started process (PID=6226) to work on /opt/airflow/dags/data/models/Germany/TS_model.pkl
[2024-08-17T03:20:41.413+0000] {processor.py:830} INFO - Processing file /opt/airflow/dags/data/models/Germany/TS_model.pkl for tasks to queue
[2024-08-17T03:20:41.414+0000] {logging_mixin.py:188} INFO - [2024-08-17T03:20:41.414+0000] {dagbag.py:545} INFO - Filling up the DagBag from /opt/airflow/dags/data/models/Germany/TS_model.pkl
[2024-08-17T03:20:41.428+0000] {processor.py:842} WARNING - No viable dags retrieved from /opt/airflow/dags/data/models/Germany/TS_model.pkl
[2024-08-17T03:20:41.437+0000] {processor.py:183} INFO - Processing /opt/airflow/dags/data/models/Germany/TS_model.pkl took 0.028 seconds
[2024-08-17T03:21:12.042+0000] {processor.py:161} INFO - Started process (PID=6678) to work on /opt/airflow/dags/data/models/Germany/TS_model.pkl
[2024-08-17T03:21:12.043+0000] {processor.py:830} INFO - Processing file /opt/airflow/dags/data/models/Germany/TS_model.pkl for tasks to queue
[2024-08-17T03:21:12.043+0000] {logging_mixin.py:188} INFO - [2024-08-17T03:21:12.043+0000] {dagbag.py:545} INFO - Filling up the DagBag from /opt/airflow/dags/data/models/Germany/TS_model.pkl
[2024-08-17T03:21:12.054+0000] {processor.py:842} WARNING - No viable dags retrieved from /opt/airflow/dags/data/models/Germany/TS_model.pkl
[2024-08-17T03:21:12.063+0000] {processor.py:183} INFO - Processing /opt/airflow/dags/data/models/Germany/TS_model.pkl took 0.026 seconds
[2024-08-17T03:21:42.774+0000] {processor.py:161} INFO - Started process (PID=7132) to work on /opt/airflow/dags/data/models/Germany/TS_model.pkl
[2024-08-17T03:21:42.775+0000] {processor.py:830} INFO - Processing file /opt/airflow/dags/data/models/Germany/TS_model.pkl for tasks to queue
[2024-08-17T03:21:42.775+0000] {logging_mixin.py:188} INFO - [2024-08-17T03:21:42.775+0000] {dagbag.py:545} INFO - Filling up the DagBag from /opt/airflow/dags/data/models/Germany/TS_model.pkl
[2024-08-17T03:21:42.785+0000] {processor.py:842} WARNING - No viable dags retrieved from /opt/airflow/dags/data/models/Germany/TS_model.pkl
[2024-08-17T03:21:42.794+0000] {processor.py:183} INFO - Processing /opt/airflow/dags/data/models/Germany/TS_model.pkl took 0.024 seconds
[2024-08-17T03:22:13.714+0000] {processor.py:161} INFO - Started process (PID=7560) to work on /opt/airflow/dags/data/models/Germany/TS_model.pkl
[2024-08-17T03:22:13.715+0000] {processor.py:830} INFO - Processing file /opt/airflow/dags/data/models/Germany/TS_model.pkl for tasks to queue
[2024-08-17T03:22:13.715+0000] {logging_mixin.py:188} INFO - [2024-08-17T03:22:13.715+0000] {dagbag.py:545} INFO - Filling up the DagBag from /opt/airflow/dags/data/models/Germany/TS_model.pkl
[2024-08-17T03:22:13.726+0000] {processor.py:842} WARNING - No viable dags retrieved from /opt/airflow/dags/data/models/Germany/TS_model.pkl
[2024-08-17T03:22:13.736+0000] {processor.py:183} INFO - Processing /opt/airflow/dags/data/models/Germany/TS_model.pkl took 0.026 seconds
[2024-08-17T03:22:44.718+0000] {processor.py:161} INFO - Started process (PID=8015) to work on /opt/airflow/dags/data/models/Germany/TS_model.pkl
[2024-08-17T03:22:44.718+0000] {processor.py:830} INFO - Processing file /opt/airflow/dags/data/models/Germany/TS_model.pkl for tasks to queue
[2024-08-17T03:22:44.719+0000] {logging_mixin.py:188} INFO - [2024-08-17T03:22:44.719+0000] {dagbag.py:545} INFO - Filling up the DagBag from /opt/airflow/dags/data/models/Germany/TS_model.pkl
[2024-08-17T03:22:44.729+0000] {processor.py:842} WARNING - No viable dags retrieved from /opt/airflow/dags/data/models/Germany/TS_model.pkl
[2024-08-17T03:22:44.739+0000] {processor.py:183} INFO - Processing /opt/airflow/dags/data/models/Germany/TS_model.pkl took 0.025 seconds
[2024-08-17T03:23:15.783+0000] {processor.py:161} INFO - Started process (PID=8442) to work on /opt/airflow/dags/data/models/Germany/TS_model.pkl
[2024-08-17T03:23:15.784+0000] {processor.py:830} INFO - Processing file /opt/airflow/dags/data/models/Germany/TS_model.pkl for tasks to queue
[2024-08-17T03:23:15.784+0000] {logging_mixin.py:188} INFO - [2024-08-17T03:23:15.784+0000] {dagbag.py:545} INFO - Filling up the DagBag from /opt/airflow/dags/data/models/Germany/TS_model.pkl
[2024-08-17T03:23:15.798+0000] {processor.py:842} WARNING - No viable dags retrieved from /opt/airflow/dags/data/models/Germany/TS_model.pkl
[2024-08-17T03:23:15.808+0000] {processor.py:183} INFO - Processing /opt/airflow/dags/data/models/Germany/TS_model.pkl took 0.029 seconds
[2024-08-17T03:23:46.759+0000] {processor.py:161} INFO - Started process (PID=8896) to work on /opt/airflow/dags/data/models/Germany/TS_model.pkl
[2024-08-17T03:23:46.759+0000] {processor.py:830} INFO - Processing file /opt/airflow/dags/data/models/Germany/TS_model.pkl for tasks to queue
[2024-08-17T03:23:46.760+0000] {logging_mixin.py:188} INFO - [2024-08-17T03:23:46.760+0000] {dagbag.py:545} INFO - Filling up the DagBag from /opt/airflow/dags/data/models/Germany/TS_model.pkl
[2024-08-17T03:23:46.769+0000] {processor.py:842} WARNING - No viable dags retrieved from /opt/airflow/dags/data/models/Germany/TS_model.pkl
[2024-08-17T03:23:46.779+0000] {processor.py:183} INFO - Processing /opt/airflow/dags/data/models/Germany/TS_model.pkl took 0.025 seconds
[2024-08-17T03:24:17.852+0000] {processor.py:161} INFO - Started process (PID=9348) to work on /opt/airflow/dags/data/models/Germany/TS_model.pkl
[2024-08-17T03:24:17.852+0000] {processor.py:830} INFO - Processing file /opt/airflow/dags/data/models/Germany/TS_model.pkl for tasks to queue
[2024-08-17T03:24:17.853+0000] {logging_mixin.py:188} INFO - [2024-08-17T03:24:17.853+0000] {dagbag.py:545} INFO - Filling up the DagBag from /opt/airflow/dags/data/models/Germany/TS_model.pkl
[2024-08-17T03:24:17.862+0000] {processor.py:842} WARNING - No viable dags retrieved from /opt/airflow/dags/data/models/Germany/TS_model.pkl
[2024-08-17T03:24:17.872+0000] {processor.py:183} INFO - Processing /opt/airflow/dags/data/models/Germany/TS_model.pkl took 0.023 seconds
[2024-08-17T03:24:48.822+0000] {processor.py:161} INFO - Started process (PID=9776) to work on /opt/airflow/dags/data/models/Germany/TS_model.pkl
[2024-08-17T03:24:48.822+0000] {processor.py:830} INFO - Processing file /opt/airflow/dags/data/models/Germany/TS_model.pkl for tasks to queue
[2024-08-17T03:24:48.823+0000] {logging_mixin.py:188} INFO - [2024-08-17T03:24:48.823+0000] {dagbag.py:545} INFO - Filling up the DagBag from /opt/airflow/dags/data/models/Germany/TS_model.pkl
[2024-08-17T03:24:48.833+0000] {processor.py:842} WARNING - No viable dags retrieved from /opt/airflow/dags/data/models/Germany/TS_model.pkl
[2024-08-17T03:24:48.842+0000] {processor.py:183} INFO - Processing /opt/airflow/dags/data/models/Germany/TS_model.pkl took 0.024 seconds
[2024-08-17T03:25:20.135+0000] {processor.py:161} INFO - Started process (PID=10233) to work on /opt/airflow/dags/data/models/Germany/TS_model.pkl
[2024-08-17T03:25:20.136+0000] {processor.py:830} INFO - Processing file /opt/airflow/dags/data/models/Germany/TS_model.pkl for tasks to queue
[2024-08-17T03:25:20.137+0000] {logging_mixin.py:188} INFO - [2024-08-17T03:25:20.136+0000] {dagbag.py:545} INFO - Filling up the DagBag from /opt/airflow/dags/data/models/Germany/TS_model.pkl
[2024-08-17T03:25:20.144+0000] {processor.py:842} WARNING - No viable dags retrieved from /opt/airflow/dags/data/models/Germany/TS_model.pkl
[2024-08-17T03:25:20.153+0000] {processor.py:183} INFO - Processing /opt/airflow/dags/data/models/Germany/TS_model.pkl took 0.022 seconds
[2024-08-17T03:25:51.826+0000] {processor.py:161} INFO - Started process (PID=10687) to work on /opt/airflow/dags/data/models/Germany/TS_model.pkl
[2024-08-17T03:25:51.826+0000] {processor.py:830} INFO - Processing file /opt/airflow/dags/data/models/Germany/TS_model.pkl for tasks to queue
[2024-08-17T03:25:51.827+0000] {logging_mixin.py:188} INFO - [2024-08-17T03:25:51.827+0000] {dagbag.py:545} INFO - Filling up the DagBag from /opt/airflow/dags/data/models/Germany/TS_model.pkl
[2024-08-17T03:25:51.838+0000] {processor.py:842} WARNING - No viable dags retrieved from /opt/airflow/dags/data/models/Germany/TS_model.pkl
[2024-08-17T03:25:51.848+0000] {processor.py:183} INFO - Processing /opt/airflow/dags/data/models/Germany/TS_model.pkl took 0.026 seconds
[2024-08-17T03:26:22.834+0000] {processor.py:161} INFO - Started process (PID=11094) to work on /opt/airflow/dags/data/models/Germany/TS_model.pkl
[2024-08-17T03:26:22.834+0000] {processor.py:830} INFO - Processing file /opt/airflow/dags/data/models/Germany/TS_model.pkl for tasks to queue
[2024-08-17T03:26:22.835+0000] {logging_mixin.py:188} INFO - [2024-08-17T03:26:22.835+0000] {dagbag.py:545} INFO - Filling up the DagBag from /opt/airflow/dags/data/models/Germany/TS_model.pkl
[2024-08-17T03:26:22.843+0000] {processor.py:842} WARNING - No viable dags retrieved from /opt/airflow/dags/data/models/Germany/TS_model.pkl
[2024-08-17T03:26:22.852+0000] {processor.py:183} INFO - Processing /opt/airflow/dags/data/models/Germany/TS_model.pkl took 0.022 seconds
[2024-08-17T03:26:53.772+0000] {processor.py:161} INFO - Started process (PID=11548) to work on /opt/airflow/dags/data/models/Germany/TS_model.pkl
[2024-08-17T03:26:53.773+0000] {processor.py:830} INFO - Processing file /opt/airflow/dags/data/models/Germany/TS_model.pkl for tasks to queue
[2024-08-17T03:26:53.773+0000] {logging_mixin.py:188} INFO - [2024-08-17T03:26:53.773+0000] {dagbag.py:545} INFO - Filling up the DagBag from /opt/airflow/dags/data/models/Germany/TS_model.pkl
[2024-08-17T03:26:53.784+0000] {processor.py:842} WARNING - No viable dags retrieved from /opt/airflow/dags/data/models/Germany/TS_model.pkl
[2024-08-17T03:26:53.792+0000] {processor.py:183} INFO - Processing /opt/airflow/dags/data/models/Germany/TS_model.pkl took 0.024 seconds
[2024-08-17T03:27:25.125+0000] {processor.py:161} INFO - Started process (PID=12002) to work on /opt/airflow/dags/data/models/Germany/TS_model.pkl
[2024-08-17T03:27:25.125+0000] {processor.py:830} INFO - Processing file /opt/airflow/dags/data/models/Germany/TS_model.pkl for tasks to queue
[2024-08-17T03:27:25.126+0000] {logging_mixin.py:188} INFO - [2024-08-17T03:27:25.126+0000] {dagbag.py:545} INFO - Filling up the DagBag from /opt/airflow/dags/data/models/Germany/TS_model.pkl
[2024-08-17T03:27:25.143+0000] {processor.py:842} WARNING - No viable dags retrieved from /opt/airflow/dags/data/models/Germany/TS_model.pkl
[2024-08-17T03:27:25.152+0000] {processor.py:183} INFO - Processing /opt/airflow/dags/data/models/Germany/TS_model.pkl took 0.031 seconds
[2024-08-17T03:27:55.998+0000] {processor.py:161} INFO - Started process (PID=12388) to work on /opt/airflow/dags/data/models/Germany/TS_model.pkl
[2024-08-17T03:27:55.999+0000] {processor.py:830} INFO - Processing file /opt/airflow/dags/data/models/Germany/TS_model.pkl for tasks to queue
[2024-08-17T03:27:56.000+0000] {logging_mixin.py:188} INFO - [2024-08-17T03:27:55.999+0000] {dagbag.py:545} INFO - Filling up the DagBag from /opt/airflow/dags/data/models/Germany/TS_model.pkl
[2024-08-17T03:27:56.007+0000] {processor.py:842} WARNING - No viable dags retrieved from /opt/airflow/dags/data/models/Germany/TS_model.pkl
[2024-08-17T03:27:56.016+0000] {processor.py:183} INFO - Processing /opt/airflow/dags/data/models/Germany/TS_model.pkl took 0.021 seconds
[2024-08-17T03:28:27.085+0000] {processor.py:161} INFO - Started process (PID=12842) to work on /opt/airflow/dags/data/models/Germany/TS_model.pkl
[2024-08-17T03:28:27.086+0000] {processor.py:830} INFO - Processing file /opt/airflow/dags/data/models/Germany/TS_model.pkl for tasks to queue
[2024-08-17T03:28:27.086+0000] {logging_mixin.py:188} INFO - [2024-08-17T03:28:27.086+0000] {dagbag.py:545} INFO - Filling up the DagBag from /opt/airflow/dags/data/models/Germany/TS_model.pkl
[2024-08-17T03:28:27.094+0000] {processor.py:842} WARNING - No viable dags retrieved from /opt/airflow/dags/data/models/Germany/TS_model.pkl
[2024-08-17T03:28:27.103+0000] {processor.py:183} INFO - Processing /opt/airflow/dags/data/models/Germany/TS_model.pkl took 0.022 seconds
[2024-08-17T03:28:59.446+0000] {processor.py:161} INFO - Started process (PID=13295) to work on /opt/airflow/dags/data/models/Germany/TS_model.pkl
[2024-08-17T03:28:59.447+0000] {processor.py:830} INFO - Processing file /opt/airflow/dags/data/models/Germany/TS_model.pkl for tasks to queue
[2024-08-17T03:28:59.447+0000] {logging_mixin.py:188} INFO - [2024-08-17T03:28:59.447+0000] {dagbag.py:545} INFO - Filling up the DagBag from /opt/airflow/dags/data/models/Germany/TS_model.pkl
[2024-08-17T03:28:59.456+0000] {processor.py:842} WARNING - No viable dags retrieved from /opt/airflow/dags/data/models/Germany/TS_model.pkl
[2024-08-17T03:28:59.465+0000] {processor.py:183} INFO - Processing /opt/airflow/dags/data/models/Germany/TS_model.pkl took 0.023 seconds
[2024-08-17T03:29:30.368+0000] {processor.py:161} INFO - Started process (PID=13711) to work on /opt/airflow/dags/data/models/Germany/TS_model.pkl
[2024-08-17T03:29:30.368+0000] {processor.py:830} INFO - Processing file /opt/airflow/dags/data/models/Germany/TS_model.pkl for tasks to queue
[2024-08-17T03:29:30.369+0000] {logging_mixin.py:188} INFO - [2024-08-17T03:29:30.369+0000] {dagbag.py:545} INFO - Filling up the DagBag from /opt/airflow/dags/data/models/Germany/TS_model.pkl
[2024-08-17T03:29:30.378+0000] {processor.py:842} WARNING - No viable dags retrieved from /opt/airflow/dags/data/models/Germany/TS_model.pkl
[2024-08-17T03:29:30.387+0000] {processor.py:183} INFO - Processing /opt/airflow/dags/data/models/Germany/TS_model.pkl took 0.022 seconds
[2024-08-17T03:30:01.506+0000] {processor.py:161} INFO - Started process (PID=14163) to work on /opt/airflow/dags/data/models/Germany/TS_model.pkl
[2024-08-17T03:30:01.506+0000] {processor.py:830} INFO - Processing file /opt/airflow/dags/data/models/Germany/TS_model.pkl for tasks to queue
[2024-08-17T03:30:01.507+0000] {logging_mixin.py:188} INFO - [2024-08-17T03:30:01.507+0000] {dagbag.py:545} INFO - Filling up the DagBag from /opt/airflow/dags/data/models/Germany/TS_model.pkl
[2024-08-17T03:30:01.514+0000] {processor.py:842} WARNING - No viable dags retrieved from /opt/airflow/dags/data/models/Germany/TS_model.pkl
[2024-08-17T03:30:01.524+0000] {processor.py:183} INFO - Processing /opt/airflow/dags/data/models/Germany/TS_model.pkl took 0.022 seconds
[2024-08-17T03:30:32.652+0000] {processor.py:161} INFO - Started process (PID=14617) to work on /opt/airflow/dags/data/models/Germany/TS_model.pkl
[2024-08-17T03:30:32.652+0000] {processor.py:830} INFO - Processing file /opt/airflow/dags/data/models/Germany/TS_model.pkl for tasks to queue
[2024-08-17T03:30:32.653+0000] {logging_mixin.py:188} INFO - [2024-08-17T03:30:32.653+0000] {dagbag.py:545} INFO - Filling up the DagBag from /opt/airflow/dags/data/models/Germany/TS_model.pkl
[2024-08-17T03:30:32.662+0000] {processor.py:842} WARNING - No viable dags retrieved from /opt/airflow/dags/data/models/Germany/TS_model.pkl
[2024-08-17T03:30:32.673+0000] {processor.py:183} INFO - Processing /opt/airflow/dags/data/models/Germany/TS_model.pkl took 0.025 seconds
[2024-08-17T03:31:03.348+0000] {processor.py:161} INFO - Started process (PID=15044) to work on /opt/airflow/dags/data/models/Germany/TS_model.pkl
[2024-08-17T03:31:03.348+0000] {processor.py:830} INFO - Processing file /opt/airflow/dags/data/models/Germany/TS_model.pkl for tasks to queue
[2024-08-17T03:31:03.349+0000] {logging_mixin.py:188} INFO - [2024-08-17T03:31:03.349+0000] {dagbag.py:545} INFO - Filling up the DagBag from /opt/airflow/dags/data/models/Germany/TS_model.pkl
[2024-08-17T03:31:03.357+0000] {processor.py:842} WARNING - No viable dags retrieved from /opt/airflow/dags/data/models/Germany/TS_model.pkl
[2024-08-17T03:31:03.367+0000] {processor.py:183} INFO - Processing /opt/airflow/dags/data/models/Germany/TS_model.pkl took 0.024 seconds
[2024-08-17T03:31:34.399+0000] {processor.py:161} INFO - Started process (PID=15499) to work on /opt/airflow/dags/data/models/Germany/TS_model.pkl
[2024-08-17T03:31:34.400+0000] {processor.py:830} INFO - Processing file /opt/airflow/dags/data/models/Germany/TS_model.pkl for tasks to queue
[2024-08-17T03:31:34.400+0000] {logging_mixin.py:188} INFO - [2024-08-17T03:31:34.400+0000] {dagbag.py:545} INFO - Filling up the DagBag from /opt/airflow/dags/data/models/Germany/TS_model.pkl
[2024-08-17T03:31:34.408+0000] {processor.py:842} WARNING - No viable dags retrieved from /opt/airflow/dags/data/models/Germany/TS_model.pkl
[2024-08-17T03:31:34.417+0000] {processor.py:183} INFO - Processing /opt/airflow/dags/data/models/Germany/TS_model.pkl took 0.023 seconds
[2024-08-17T03:32:05.434+0000] {processor.py:161} INFO - Started process (PID=15933) to work on /opt/airflow/dags/data/models/Germany/TS_model.pkl
[2024-08-17T03:32:05.435+0000] {processor.py:830} INFO - Processing file /opt/airflow/dags/data/models/Germany/TS_model.pkl for tasks to queue
[2024-08-17T03:32:05.435+0000] {logging_mixin.py:188} INFO - [2024-08-17T03:32:05.435+0000] {dagbag.py:545} INFO - Filling up the DagBag from /opt/airflow/dags/data/models/Germany/TS_model.pkl
[2024-08-17T03:32:05.443+0000] {processor.py:842} WARNING - No viable dags retrieved from /opt/airflow/dags/data/models/Germany/TS_model.pkl
[2024-08-17T03:32:05.452+0000] {processor.py:183} INFO - Processing /opt/airflow/dags/data/models/Germany/TS_model.pkl took 0.022 seconds
[2024-08-17T03:32:36.291+0000] {processor.py:161} INFO - Started process (PID=16380) to work on /opt/airflow/dags/data/models/Germany/TS_model.pkl
[2024-08-17T03:32:36.292+0000] {processor.py:830} INFO - Processing file /opt/airflow/dags/data/models/Germany/TS_model.pkl for tasks to queue
[2024-08-17T03:32:36.293+0000] {logging_mixin.py:188} INFO - [2024-08-17T03:32:36.293+0000] {dagbag.py:545} INFO - Filling up the DagBag from /opt/airflow/dags/data/models/Germany/TS_model.pkl
[2024-08-17T03:32:36.300+0000] {processor.py:842} WARNING - No viable dags retrieved from /opt/airflow/dags/data/models/Germany/TS_model.pkl
[2024-08-17T03:32:36.309+0000] {processor.py:183} INFO - Processing /opt/airflow/dags/data/models/Germany/TS_model.pkl took 0.022 seconds
[2024-08-17T03:33:06.949+0000] {processor.py:161} INFO - Started process (PID=16830) to work on /opt/airflow/dags/data/models/Germany/TS_model.pkl
[2024-08-17T03:33:06.949+0000] {processor.py:830} INFO - Processing file /opt/airflow/dags/data/models/Germany/TS_model.pkl for tasks to queue
[2024-08-17T03:33:06.950+0000] {logging_mixin.py:188} INFO - [2024-08-17T03:33:06.950+0000] {dagbag.py:545} INFO - Filling up the DagBag from /opt/airflow/dags/data/models/Germany/TS_model.pkl
[2024-08-17T03:33:06.959+0000] {processor.py:842} WARNING - No viable dags retrieved from /opt/airflow/dags/data/models/Germany/TS_model.pkl
[2024-08-17T03:33:06.968+0000] {processor.py:183} INFO - Processing /opt/airflow/dags/data/models/Germany/TS_model.pkl took 0.023 seconds
[2024-08-17T03:33:38.294+0000] {processor.py:161} INFO - Started process (PID=17258) to work on /opt/airflow/dags/data/models/Germany/TS_model.pkl
[2024-08-17T03:33:38.295+0000] {processor.py:830} INFO - Processing file /opt/airflow/dags/data/models/Germany/TS_model.pkl for tasks to queue
[2024-08-17T03:33:38.295+0000] {logging_mixin.py:188} INFO - [2024-08-17T03:33:38.295+0000] {dagbag.py:545} INFO - Filling up the DagBag from /opt/airflow/dags/data/models/Germany/TS_model.pkl
[2024-08-17T03:33:38.303+0000] {processor.py:842} WARNING - No viable dags retrieved from /opt/airflow/dags/data/models/Germany/TS_model.pkl
[2024-08-17T03:33:38.312+0000] {processor.py:183} INFO - Processing /opt/airflow/dags/data/models/Germany/TS_model.pkl took 0.022 seconds
[2024-08-17T03:34:10.531+0000] {processor.py:161} INFO - Started process (PID=17714) to work on /opt/airflow/dags/data/models/Germany/TS_model.pkl
[2024-08-17T03:34:10.532+0000] {processor.py:830} INFO - Processing file /opt/airflow/dags/data/models/Germany/TS_model.pkl for tasks to queue
[2024-08-17T03:34:10.533+0000] {logging_mixin.py:188} INFO - [2024-08-17T03:34:10.532+0000] {dagbag.py:545} INFO - Filling up the DagBag from /opt/airflow/dags/data/models/Germany/TS_model.pkl
[2024-08-17T03:34:10.543+0000] {processor.py:842} WARNING - No viable dags retrieved from /opt/airflow/dags/data/models/Germany/TS_model.pkl
[2024-08-17T03:34:10.552+0000] {processor.py:183} INFO - Processing /opt/airflow/dags/data/models/Germany/TS_model.pkl took 0.024 seconds
[2024-08-17T03:34:41.174+0000] {processor.py:161} INFO - Started process (PID=18147) to work on /opt/airflow/dags/data/models/Germany/TS_model.pkl
[2024-08-17T03:34:41.174+0000] {processor.py:830} INFO - Processing file /opt/airflow/dags/data/models/Germany/TS_model.pkl for tasks to queue
[2024-08-17T03:34:41.175+0000] {logging_mixin.py:188} INFO - [2024-08-17T03:34:41.175+0000] {dagbag.py:545} INFO - Filling up the DagBag from /opt/airflow/dags/data/models/Germany/TS_model.pkl
[2024-08-17T03:34:41.182+0000] {processor.py:842} WARNING - No viable dags retrieved from /opt/airflow/dags/data/models/Germany/TS_model.pkl
[2024-08-17T03:34:41.193+0000] {processor.py:183} INFO - Processing /opt/airflow/dags/data/models/Germany/TS_model.pkl took 0.023 seconds
[2024-08-17T03:35:12.145+0000] {processor.py:161} INFO - Started process (PID=18556) to work on /opt/airflow/dags/data/models/Germany/TS_model.pkl
[2024-08-17T03:35:12.145+0000] {processor.py:830} INFO - Processing file /opt/airflow/dags/data/models/Germany/TS_model.pkl for tasks to queue
[2024-08-17T03:35:12.146+0000] {logging_mixin.py:188} INFO - [2024-08-17T03:35:12.146+0000] {dagbag.py:545} INFO - Filling up the DagBag from /opt/airflow/dags/data/models/Germany/TS_model.pkl
[2024-08-17T03:35:12.154+0000] {processor.py:842} WARNING - No viable dags retrieved from /opt/airflow/dags/data/models/Germany/TS_model.pkl
[2024-08-17T03:35:12.163+0000] {processor.py:183} INFO - Processing /opt/airflow/dags/data/models/Germany/TS_model.pkl took 0.022 seconds
[2024-08-17T03:35:42.884+0000] {processor.py:161} INFO - Started process (PID=19008) to work on /opt/airflow/dags/data/models/Germany/TS_model.pkl
[2024-08-17T03:35:42.885+0000] {processor.py:830} INFO - Processing file /opt/airflow/dags/data/models/Germany/TS_model.pkl for tasks to queue
[2024-08-17T03:35:42.885+0000] {logging_mixin.py:188} INFO - [2024-08-17T03:35:42.885+0000] {dagbag.py:545} INFO - Filling up the DagBag from /opt/airflow/dags/data/models/Germany/TS_model.pkl
[2024-08-17T03:35:42.893+0000] {processor.py:842} WARNING - No viable dags retrieved from /opt/airflow/dags/data/models/Germany/TS_model.pkl
[2024-08-17T03:35:42.902+0000] {processor.py:183} INFO - Processing /opt/airflow/dags/data/models/Germany/TS_model.pkl took 0.022 seconds
[2024-08-17T03:36:14.410+0000] {processor.py:161} INFO - Started process (PID=19465) to work on /opt/airflow/dags/data/models/Germany/TS_model.pkl
[2024-08-17T03:36:14.411+0000] {processor.py:830} INFO - Processing file /opt/airflow/dags/data/models/Germany/TS_model.pkl for tasks to queue
[2024-08-17T03:36:14.412+0000] {logging_mixin.py:188} INFO - [2024-08-17T03:36:14.412+0000] {dagbag.py:545} INFO - Filling up the DagBag from /opt/airflow/dags/data/models/Germany/TS_model.pkl
[2024-08-17T03:36:14.421+0000] {processor.py:842} WARNING - No viable dags retrieved from /opt/airflow/dags/data/models/Germany/TS_model.pkl
[2024-08-17T03:36:14.432+0000] {processor.py:183} INFO - Processing /opt/airflow/dags/data/models/Germany/TS_model.pkl took 0.025 seconds
[2024-08-17T03:36:45.608+0000] {processor.py:161} INFO - Started process (PID=19893) to work on /opt/airflow/dags/data/models/Germany/TS_model.pkl
[2024-08-17T03:36:45.609+0000] {processor.py:830} INFO - Processing file /opt/airflow/dags/data/models/Germany/TS_model.pkl for tasks to queue
[2024-08-17T03:36:45.610+0000] {logging_mixin.py:188} INFO - [2024-08-17T03:36:45.609+0000] {dagbag.py:545} INFO - Filling up the DagBag from /opt/airflow/dags/data/models/Germany/TS_model.pkl
[2024-08-17T03:36:45.617+0000] {processor.py:842} WARNING - No viable dags retrieved from /opt/airflow/dags/data/models/Germany/TS_model.pkl
[2024-08-17T03:36:45.626+0000] {processor.py:183} INFO - Processing /opt/airflow/dags/data/models/Germany/TS_model.pkl took 0.021 seconds
[2024-08-17T03:37:16.923+0000] {processor.py:161} INFO - Started process (PID=20340) to work on /opt/airflow/dags/data/models/Germany/TS_model.pkl
[2024-08-17T03:37:16.923+0000] {processor.py:830} INFO - Processing file /opt/airflow/dags/data/models/Germany/TS_model.pkl for tasks to queue
[2024-08-17T03:37:16.924+0000] {logging_mixin.py:188} INFO - [2024-08-17T03:37:16.923+0000] {dagbag.py:545} INFO - Filling up the DagBag from /opt/airflow/dags/data/models/Germany/TS_model.pkl
[2024-08-17T03:37:16.933+0000] {processor.py:842} WARNING - No viable dags retrieved from /opt/airflow/dags/data/models/Germany/TS_model.pkl
[2024-08-17T03:37:16.942+0000] {processor.py:183} INFO - Processing /opt/airflow/dags/data/models/Germany/TS_model.pkl took 0.023 seconds
[2024-08-17T03:37:48.721+0000] {processor.py:161} INFO - Started process (PID=20799) to work on /opt/airflow/dags/data/models/Germany/TS_model.pkl
[2024-08-17T03:37:48.722+0000] {processor.py:830} INFO - Processing file /opt/airflow/dags/data/models/Germany/TS_model.pkl for tasks to queue
[2024-08-17T03:37:48.723+0000] {logging_mixin.py:188} INFO - [2024-08-17T03:37:48.722+0000] {dagbag.py:545} INFO - Filling up the DagBag from /opt/airflow/dags/data/models/Germany/TS_model.pkl
[2024-08-17T03:37:48.730+0000] {processor.py:842} WARNING - No viable dags retrieved from /opt/airflow/dags/data/models/Germany/TS_model.pkl
[2024-08-17T03:37:48.739+0000] {processor.py:183} INFO - Processing /opt/airflow/dags/data/models/Germany/TS_model.pkl took 0.022 seconds
[2024-08-17T09:22:52.048+0000] {processor.py:161} INFO - Started process (PID=306) to work on /opt/airflow/dags/data/models/Germany/TS_model.pkl
[2024-08-17T09:22:52.049+0000] {processor.py:830} INFO - Processing file /opt/airflow/dags/data/models/Germany/TS_model.pkl for tasks to queue
[2024-08-17T09:22:52.050+0000] {logging_mixin.py:188} INFO - [2024-08-17T09:22:52.050+0000] {dagbag.py:545} INFO - Filling up the DagBag from /opt/airflow/dags/data/models/Germany/TS_model.pkl
[2024-08-17T09:22:52.066+0000] {processor.py:842} WARNING - No viable dags retrieved from /opt/airflow/dags/data/models/Germany/TS_model.pkl
[2024-08-17T09:22:52.075+0000] {processor.py:183} INFO - Processing /opt/airflow/dags/data/models/Germany/TS_model.pkl took 0.031 seconds
[2024-08-17T09:23:24.406+0000] {processor.py:161} INFO - Started process (PID=736) to work on /opt/airflow/dags/data/models/Germany/TS_model.pkl
[2024-08-17T09:23:24.407+0000] {processor.py:830} INFO - Processing file /opt/airflow/dags/data/models/Germany/TS_model.pkl for tasks to queue
[2024-08-17T09:23:24.408+0000] {logging_mixin.py:188} INFO - [2024-08-17T09:23:24.408+0000] {dagbag.py:545} INFO - Filling up the DagBag from /opt/airflow/dags/data/models/Germany/TS_model.pkl
[2024-08-17T09:23:24.415+0000] {processor.py:842} WARNING - No viable dags retrieved from /opt/airflow/dags/data/models/Germany/TS_model.pkl
[2024-08-17T09:23:24.428+0000] {processor.py:183} INFO - Processing /opt/airflow/dags/data/models/Germany/TS_model.pkl took 0.025 seconds
[2024-08-17T09:23:55.838+0000] {processor.py:161} INFO - Started process (PID=1190) to work on /opt/airflow/dags/data/models/Germany/TS_model.pkl
[2024-08-17T09:23:55.839+0000] {processor.py:830} INFO - Processing file /opt/airflow/dags/data/models/Germany/TS_model.pkl for tasks to queue
[2024-08-17T09:23:55.840+0000] {logging_mixin.py:188} INFO - [2024-08-17T09:23:55.840+0000] {dagbag.py:545} INFO - Filling up the DagBag from /opt/airflow/dags/data/models/Germany/TS_model.pkl
[2024-08-17T09:23:55.849+0000] {processor.py:842} WARNING - No viable dags retrieved from /opt/airflow/dags/data/models/Germany/TS_model.pkl
[2024-08-17T09:23:55.857+0000] {processor.py:183} INFO - Processing /opt/airflow/dags/data/models/Germany/TS_model.pkl took 0.022 seconds
[2024-08-17T09:24:28.793+0000] {processor.py:161} INFO - Started process (PID=1644) to work on /opt/airflow/dags/data/models/Germany/TS_model.pkl
[2024-08-17T09:24:28.793+0000] {processor.py:830} INFO - Processing file /opt/airflow/dags/data/models/Germany/TS_model.pkl for tasks to queue
[2024-08-17T09:24:28.794+0000] {logging_mixin.py:188} INFO - [2024-08-17T09:24:28.794+0000] {dagbag.py:545} INFO - Filling up the DagBag from /opt/airflow/dags/data/models/Germany/TS_model.pkl
[2024-08-17T09:24:28.802+0000] {processor.py:842} WARNING - No viable dags retrieved from /opt/airflow/dags/data/models/Germany/TS_model.pkl
[2024-08-17T09:24:28.810+0000] {processor.py:183} INFO - Processing /opt/airflow/dags/data/models/Germany/TS_model.pkl took 0.021 seconds
[2024-08-17T09:25:00.593+0000] {processor.py:161} INFO - Started process (PID=2098) to work on /opt/airflow/dags/data/models/Germany/TS_model.pkl
[2024-08-17T09:25:00.593+0000] {processor.py:830} INFO - Processing file /opt/airflow/dags/data/models/Germany/TS_model.pkl for tasks to queue
[2024-08-17T09:25:00.595+0000] {logging_mixin.py:188} INFO - [2024-08-17T09:25:00.595+0000] {dagbag.py:545} INFO - Filling up the DagBag from /opt/airflow/dags/data/models/Germany/TS_model.pkl
[2024-08-17T09:25:00.603+0000] {processor.py:842} WARNING - No viable dags retrieved from /opt/airflow/dags/data/models/Germany/TS_model.pkl
[2024-08-17T09:25:00.612+0000] {processor.py:183} INFO - Processing /opt/airflow/dags/data/models/Germany/TS_model.pkl took 0.023 seconds
[2024-08-17T09:25:31.945+0000] {processor.py:161} INFO - Started process (PID=2526) to work on /opt/airflow/dags/data/models/Germany/TS_model.pkl
[2024-08-17T09:25:31.948+0000] {processor.py:830} INFO - Processing file /opt/airflow/dags/data/models/Germany/TS_model.pkl for tasks to queue
[2024-08-17T09:25:31.950+0000] {logging_mixin.py:188} INFO - [2024-08-17T09:25:31.950+0000] {dagbag.py:545} INFO - Filling up the DagBag from /opt/airflow/dags/data/models/Germany/TS_model.pkl
[2024-08-17T09:25:31.960+0000] {processor.py:842} WARNING - No viable dags retrieved from /opt/airflow/dags/data/models/Germany/TS_model.pkl
[2024-08-17T09:25:31.968+0000] {processor.py:183} INFO - Processing /opt/airflow/dags/data/models/Germany/TS_model.pkl took 0.026 seconds
[2024-08-17T09:26:03.124+0000] {processor.py:161} INFO - Started process (PID=2980) to work on /opt/airflow/dags/data/models/Germany/TS_model.pkl
[2024-08-17T09:26:03.125+0000] {processor.py:830} INFO - Processing file /opt/airflow/dags/data/models/Germany/TS_model.pkl for tasks to queue
[2024-08-17T09:26:03.126+0000] {logging_mixin.py:188} INFO - [2024-08-17T09:26:03.126+0000] {dagbag.py:545} INFO - Filling up the DagBag from /opt/airflow/dags/data/models/Germany/TS_model.pkl
[2024-08-17T09:26:03.133+0000] {processor.py:842} WARNING - No viable dags retrieved from /opt/airflow/dags/data/models/Germany/TS_model.pkl
[2024-08-17T09:26:03.141+0000] {processor.py:183} INFO - Processing /opt/airflow/dags/data/models/Germany/TS_model.pkl took 0.021 seconds
[2024-08-17T09:26:34.084+0000] {processor.py:161} INFO - Started process (PID=3434) to work on /opt/airflow/dags/data/models/Germany/TS_model.pkl
[2024-08-17T09:26:34.084+0000] {processor.py:830} INFO - Processing file /opt/airflow/dags/data/models/Germany/TS_model.pkl for tasks to queue
[2024-08-17T09:26:34.085+0000] {logging_mixin.py:188} INFO - [2024-08-17T09:26:34.085+0000] {dagbag.py:545} INFO - Filling up the DagBag from /opt/airflow/dags/data/models/Germany/TS_model.pkl
[2024-08-17T09:26:34.091+0000] {processor.py:842} WARNING - No viable dags retrieved from /opt/airflow/dags/data/models/Germany/TS_model.pkl
[2024-08-17T09:26:34.100+0000] {processor.py:183} INFO - Processing /opt/airflow/dags/data/models/Germany/TS_model.pkl took 0.020 seconds
[2024-08-17T09:27:04.913+0000] {processor.py:161} INFO - Started process (PID=3862) to work on /opt/airflow/dags/data/models/Germany/TS_model.pkl
[2024-08-17T09:27:04.913+0000] {processor.py:830} INFO - Processing file /opt/airflow/dags/data/models/Germany/TS_model.pkl for tasks to queue
[2024-08-17T09:27:04.914+0000] {logging_mixin.py:188} INFO - [2024-08-17T09:27:04.914+0000] {dagbag.py:545} INFO - Filling up the DagBag from /opt/airflow/dags/data/models/Germany/TS_model.pkl
[2024-08-17T09:27:04.922+0000] {processor.py:842} WARNING - No viable dags retrieved from /opt/airflow/dags/data/models/Germany/TS_model.pkl
[2024-08-17T09:27:04.933+0000] {processor.py:183} INFO - Processing /opt/airflow/dags/data/models/Germany/TS_model.pkl took 0.024 seconds
[2024-08-17T09:27:36.058+0000] {processor.py:161} INFO - Started process (PID=4317) to work on /opt/airflow/dags/data/models/Germany/TS_model.pkl
[2024-08-17T09:27:36.058+0000] {processor.py:830} INFO - Processing file /opt/airflow/dags/data/models/Germany/TS_model.pkl for tasks to queue
[2024-08-17T09:27:36.059+0000] {logging_mixin.py:188} INFO - [2024-08-17T09:27:36.059+0000] {dagbag.py:545} INFO - Filling up the DagBag from /opt/airflow/dags/data/models/Germany/TS_model.pkl
[2024-08-17T09:27:36.069+0000] {processor.py:842} WARNING - No viable dags retrieved from /opt/airflow/dags/data/models/Germany/TS_model.pkl
[2024-08-17T09:27:36.077+0000] {processor.py:183} INFO - Processing /opt/airflow/dags/data/models/Germany/TS_model.pkl took 0.023 seconds
[2024-08-17T09:28:06.980+0000] {processor.py:161} INFO - Started process (PID=4771) to work on /opt/airflow/dags/data/models/Germany/TS_model.pkl
[2024-08-17T09:28:06.981+0000] {processor.py:830} INFO - Processing file /opt/airflow/dags/data/models/Germany/TS_model.pkl for tasks to queue
[2024-08-17T09:28:06.982+0000] {logging_mixin.py:188} INFO - [2024-08-17T09:28:06.982+0000] {dagbag.py:545} INFO - Filling up the DagBag from /opt/airflow/dags/data/models/Germany/TS_model.pkl
[2024-08-17T09:28:06.990+0000] {processor.py:842} WARNING - No viable dags retrieved from /opt/airflow/dags/data/models/Germany/TS_model.pkl
[2024-08-17T09:28:06.999+0000] {processor.py:183} INFO - Processing /opt/airflow/dags/data/models/Germany/TS_model.pkl took 0.022 seconds
[2024-08-17T09:28:37.660+0000] {processor.py:161} INFO - Started process (PID=5199) to work on /opt/airflow/dags/data/models/Germany/TS_model.pkl
[2024-08-17T09:28:37.662+0000] {processor.py:830} INFO - Processing file /opt/airflow/dags/data/models/Germany/TS_model.pkl for tasks to queue
[2024-08-17T09:28:37.670+0000] {logging_mixin.py:188} INFO - [2024-08-17T09:28:37.670+0000] {dagbag.py:545} INFO - Filling up the DagBag from /opt/airflow/dags/data/models/Germany/TS_model.pkl
[2024-08-17T09:28:37.681+0000] {processor.py:842} WARNING - No viable dags retrieved from /opt/airflow/dags/data/models/Germany/TS_model.pkl
[2024-08-17T09:28:37.689+0000] {processor.py:183} INFO - Processing /opt/airflow/dags/data/models/Germany/TS_model.pkl took 0.032 seconds
[2024-08-17T09:29:09.054+0000] {processor.py:161} INFO - Started process (PID=5653) to work on /opt/airflow/dags/data/models/Germany/TS_model.pkl
[2024-08-17T09:29:09.054+0000] {processor.py:830} INFO - Processing file /opt/airflow/dags/data/models/Germany/TS_model.pkl for tasks to queue
[2024-08-17T09:29:09.055+0000] {logging_mixin.py:188} INFO - [2024-08-17T09:29:09.055+0000] {dagbag.py:545} INFO - Filling up the DagBag from /opt/airflow/dags/data/models/Germany/TS_model.pkl
[2024-08-17T09:29:09.063+0000] {processor.py:842} WARNING - No viable dags retrieved from /opt/airflow/dags/data/models/Germany/TS_model.pkl
[2024-08-17T09:29:09.072+0000] {processor.py:183} INFO - Processing /opt/airflow/dags/data/models/Germany/TS_model.pkl took 0.022 seconds
[2024-08-17T09:29:40.872+0000] {processor.py:161} INFO - Started process (PID=6107) to work on /opt/airflow/dags/data/models/Germany/TS_model.pkl
[2024-08-17T09:29:40.873+0000] {processor.py:830} INFO - Processing file /opt/airflow/dags/data/models/Germany/TS_model.pkl for tasks to queue
[2024-08-17T09:29:40.874+0000] {logging_mixin.py:188} INFO - [2024-08-17T09:29:40.874+0000] {dagbag.py:545} INFO - Filling up the DagBag from /opt/airflow/dags/data/models/Germany/TS_model.pkl
[2024-08-17T09:29:40.896+0000] {processor.py:842} WARNING - No viable dags retrieved from /opt/airflow/dags/data/models/Germany/TS_model.pkl
[2024-08-17T09:29:40.906+0000] {processor.py:183} INFO - Processing /opt/airflow/dags/data/models/Germany/TS_model.pkl took 0.038 seconds
[2024-08-17T09:30:12.279+0000] {processor.py:161} INFO - Started process (PID=6535) to work on /opt/airflow/dags/data/models/Germany/TS_model.pkl
[2024-08-17T09:30:12.279+0000] {processor.py:830} INFO - Processing file /opt/airflow/dags/data/models/Germany/TS_model.pkl for tasks to queue
[2024-08-17T09:30:12.280+0000] {logging_mixin.py:188} INFO - [2024-08-17T09:30:12.280+0000] {dagbag.py:545} INFO - Filling up the DagBag from /opt/airflow/dags/data/models/Germany/TS_model.pkl
[2024-08-17T09:30:12.288+0000] {processor.py:842} WARNING - No viable dags retrieved from /opt/airflow/dags/data/models/Germany/TS_model.pkl
[2024-08-17T09:30:12.297+0000] {processor.py:183} INFO - Processing /opt/airflow/dags/data/models/Germany/TS_model.pkl took 0.022 seconds
