[2024-08-17T03:08:58.078+0000] {processor.py:161} INFO - Started process (PID=96066) to work on /opt/airflow/dags/data/models/United Kingdom.5/TS_model.pkl
[2024-08-17T03:08:58.079+0000] {processor.py:830} INFO - Processing file /opt/airflow/dags/data/models/United Kingdom.5/TS_model.pkl for tasks to queue
[2024-08-17T03:08:58.080+0000] {logging_mixin.py:188} INFO - [2024-08-17T03:08:58.079+0000] {dagbag.py:545} INFO - Filling up the DagBag from /opt/airflow/dags/data/models/United Kingdom.5/TS_model.pkl
[2024-08-17T03:08:58.091+0000] {processor.py:842} WARNING - No viable dags retrieved from /opt/airflow/dags/data/models/United Kingdom.5/TS_model.pkl
[2024-08-17T03:08:58.101+0000] {processor.py:183} INFO - Processing /opt/airflow/dags/data/models/United Kingdom.5/TS_model.pkl took 0.028 seconds
[2024-08-17T03:09:28.848+0000] {processor.py:161} INFO - Started process (PID=96511) to work on /opt/airflow/dags/data/models/United Kingdom.5/TS_model.pkl
[2024-08-17T03:09:28.848+0000] {processor.py:830} INFO - Processing file /opt/airflow/dags/data/models/United Kingdom.5/TS_model.pkl for tasks to queue
[2024-08-17T03:09:28.849+0000] {logging_mixin.py:188} INFO - [2024-08-17T03:09:28.849+0000] {dagbag.py:545} INFO - Filling up the DagBag from /opt/airflow/dags/data/models/United Kingdom.5/TS_model.pkl
[2024-08-17T03:09:28.861+0000] {processor.py:842} WARNING - No viable dags retrieved from /opt/airflow/dags/data/models/United Kingdom.5/TS_model.pkl
[2024-08-17T03:09:28.871+0000] {processor.py:183} INFO - Processing /opt/airflow/dags/data/models/United Kingdom.5/TS_model.pkl took 0.027 seconds
[2024-08-17T03:09:59.965+0000] {processor.py:161} INFO - Started process (PID=96931) to work on /opt/airflow/dags/data/models/United Kingdom.5/TS_model.pkl
[2024-08-17T03:09:59.967+0000] {processor.py:830} INFO - Processing file /opt/airflow/dags/data/models/United Kingdom.5/TS_model.pkl for tasks to queue
[2024-08-17T03:09:59.968+0000] {logging_mixin.py:188} INFO - [2024-08-17T03:09:59.967+0000] {dagbag.py:545} INFO - Filling up the DagBag from /opt/airflow/dags/data/models/United Kingdom.5/TS_model.pkl
[2024-08-17T03:09:59.984+0000] {processor.py:842} WARNING - No viable dags retrieved from /opt/airflow/dags/data/models/United Kingdom.5/TS_model.pkl
[2024-08-17T03:09:59.994+0000] {processor.py:183} INFO - Processing /opt/airflow/dags/data/models/United Kingdom.5/TS_model.pkl took 0.034 seconds
[2024-08-17T03:10:31.361+0000] {processor.py:161} INFO - Started process (PID=97379) to work on /opt/airflow/dags/data/models/United Kingdom.5/TS_model.pkl
[2024-08-17T03:10:31.362+0000] {processor.py:830} INFO - Processing file /opt/airflow/dags/data/models/United Kingdom.5/TS_model.pkl for tasks to queue
[2024-08-17T03:10:31.363+0000] {logging_mixin.py:188} INFO - [2024-08-17T03:10:31.362+0000] {dagbag.py:545} INFO - Filling up the DagBag from /opt/airflow/dags/data/models/United Kingdom.5/TS_model.pkl
[2024-08-17T03:10:31.370+0000] {processor.py:842} WARNING - No viable dags retrieved from /opt/airflow/dags/data/models/United Kingdom.5/TS_model.pkl
[2024-08-17T03:10:31.380+0000] {processor.py:183} INFO - Processing /opt/airflow/dags/data/models/United Kingdom.5/TS_model.pkl took 0.023 seconds
[2024-08-17T03:10:47.789+0000] {processor.py:161} INFO - Started process (PID=97652) to work on /opt/airflow/dags/data/models/United Kingdom.5/TS_model.pkl
[2024-08-17T03:10:47.790+0000] {processor.py:830} INFO - Processing file /opt/airflow/dags/data/models/United Kingdom.5/TS_model.pkl for tasks to queue
[2024-08-17T03:10:47.790+0000] {logging_mixin.py:188} INFO - [2024-08-17T03:10:47.790+0000] {dagbag.py:545} INFO - Filling up the DagBag from /opt/airflow/dags/data/models/United Kingdom.5/TS_model.pkl
[2024-08-17T03:10:47.802+0000] {processor.py:842} WARNING - No viable dags retrieved from /opt/airflow/dags/data/models/United Kingdom.5/TS_model.pkl
[2024-08-17T03:10:47.814+0000] {processor.py:183} INFO - Processing /opt/airflow/dags/data/models/United Kingdom.5/TS_model.pkl took 0.029 seconds
[2024-08-17T03:11:18.701+0000] {processor.py:161} INFO - Started process (PID=98076) to work on /opt/airflow/dags/data/models/United Kingdom.5/TS_model.pkl
[2024-08-17T03:11:18.701+0000] {processor.py:830} INFO - Processing file /opt/airflow/dags/data/models/United Kingdom.5/TS_model.pkl for tasks to queue
[2024-08-17T03:11:18.702+0000] {logging_mixin.py:188} INFO - [2024-08-17T03:11:18.702+0000] {dagbag.py:545} INFO - Filling up the DagBag from /opt/airflow/dags/data/models/United Kingdom.5/TS_model.pkl
[2024-08-17T03:11:18.711+0000] {processor.py:842} WARNING - No viable dags retrieved from /opt/airflow/dags/data/models/United Kingdom.5/TS_model.pkl
[2024-08-17T03:11:18.721+0000] {processor.py:183} INFO - Processing /opt/airflow/dags/data/models/United Kingdom.5/TS_model.pkl took 0.024 seconds
[2024-08-17T03:11:49.714+0000] {processor.py:161} INFO - Started process (PID=98499) to work on /opt/airflow/dags/data/models/United Kingdom.5/TS_model.pkl
[2024-08-17T03:11:49.715+0000] {processor.py:830} INFO - Processing file /opt/airflow/dags/data/models/United Kingdom.5/TS_model.pkl for tasks to queue
[2024-08-17T03:11:49.715+0000] {logging_mixin.py:188} INFO - [2024-08-17T03:11:49.715+0000] {dagbag.py:545} INFO - Filling up the DagBag from /opt/airflow/dags/data/models/United Kingdom.5/TS_model.pkl
[2024-08-17T03:11:49.724+0000] {processor.py:842} WARNING - No viable dags retrieved from /opt/airflow/dags/data/models/United Kingdom.5/TS_model.pkl
[2024-08-17T03:11:49.734+0000] {processor.py:183} INFO - Processing /opt/airflow/dags/data/models/United Kingdom.5/TS_model.pkl took 0.024 seconds
[2024-08-17T03:12:20.594+0000] {processor.py:161} INFO - Started process (PID=98917) to work on /opt/airflow/dags/data/models/United Kingdom.5/TS_model.pkl
[2024-08-17T03:12:20.595+0000] {processor.py:830} INFO - Processing file /opt/airflow/dags/data/models/United Kingdom.5/TS_model.pkl for tasks to queue
[2024-08-17T03:12:20.595+0000] {logging_mixin.py:188} INFO - [2024-08-17T03:12:20.595+0000] {dagbag.py:545} INFO - Filling up the DagBag from /opt/airflow/dags/data/models/United Kingdom.5/TS_model.pkl
[2024-08-17T03:12:20.607+0000] {processor.py:842} WARNING - No viable dags retrieved from /opt/airflow/dags/data/models/United Kingdom.5/TS_model.pkl
[2024-08-17T03:12:20.617+0000] {processor.py:183} INFO - Processing /opt/airflow/dags/data/models/United Kingdom.5/TS_model.pkl took 0.027 seconds
[2024-08-17T03:12:51.212+0000] {processor.py:161} INFO - Started process (PID=99360) to work on /opt/airflow/dags/data/models/United Kingdom.5/TS_model.pkl
[2024-08-17T03:12:51.213+0000] {processor.py:830} INFO - Processing file /opt/airflow/dags/data/models/United Kingdom.5/TS_model.pkl for tasks to queue
[2024-08-17T03:12:51.213+0000] {logging_mixin.py:188} INFO - [2024-08-17T03:12:51.213+0000] {dagbag.py:545} INFO - Filling up the DagBag from /opt/airflow/dags/data/models/United Kingdom.5/TS_model.pkl
[2024-08-17T03:12:51.224+0000] {processor.py:842} WARNING - No viable dags retrieved from /opt/airflow/dags/data/models/United Kingdom.5/TS_model.pkl
[2024-08-17T03:12:51.235+0000] {processor.py:183} INFO - Processing /opt/airflow/dags/data/models/United Kingdom.5/TS_model.pkl took 0.028 seconds
[2024-08-17T03:13:21.740+0000] {processor.py:161} INFO - Started process (PID=99766) to work on /opt/airflow/dags/data/models/United Kingdom.5/TS_model.pkl
[2024-08-17T03:13:21.741+0000] {processor.py:830} INFO - Processing file /opt/airflow/dags/data/models/United Kingdom.5/TS_model.pkl for tasks to queue
[2024-08-17T03:13:21.742+0000] {logging_mixin.py:188} INFO - [2024-08-17T03:13:21.742+0000] {dagbag.py:545} INFO - Filling up the DagBag from /opt/airflow/dags/data/models/United Kingdom.5/TS_model.pkl
[2024-08-17T03:13:21.752+0000] {processor.py:842} WARNING - No viable dags retrieved from /opt/airflow/dags/data/models/United Kingdom.5/TS_model.pkl
[2024-08-17T03:13:21.762+0000] {processor.py:183} INFO - Processing /opt/airflow/dags/data/models/United Kingdom.5/TS_model.pkl took 0.026 seconds
[2024-08-17T03:13:57.794+0000] {processor.py:161} INFO - Started process (PID=463) to work on /opt/airflow/dags/data/models/United Kingdom.5/TS_model.pkl
[2024-08-17T03:13:57.795+0000] {processor.py:830} INFO - Processing file /opt/airflow/dags/data/models/United Kingdom.5/TS_model.pkl for tasks to queue
[2024-08-17T03:13:57.796+0000] {logging_mixin.py:188} INFO - [2024-08-17T03:13:57.796+0000] {dagbag.py:545} INFO - Filling up the DagBag from /opt/airflow/dags/data/models/United Kingdom.5/TS_model.pkl
[2024-08-17T03:13:57.806+0000] {processor.py:842} WARNING - No viable dags retrieved from /opt/airflow/dags/data/models/United Kingdom.5/TS_model.pkl
[2024-08-17T03:13:57.816+0000] {processor.py:183} INFO - Processing /opt/airflow/dags/data/models/United Kingdom.5/TS_model.pkl took 0.026 seconds
[2024-08-17T03:14:28.472+0000] {processor.py:161} INFO - Started process (PID=915) to work on /opt/airflow/dags/data/models/United Kingdom.5/TS_model.pkl
[2024-08-17T03:14:28.474+0000] {processor.py:830} INFO - Processing file /opt/airflow/dags/data/models/United Kingdom.5/TS_model.pkl for tasks to queue
[2024-08-17T03:14:28.476+0000] {logging_mixin.py:188} INFO - [2024-08-17T03:14:28.476+0000] {dagbag.py:545} INFO - Filling up the DagBag from /opt/airflow/dags/data/models/United Kingdom.5/TS_model.pkl
[2024-08-17T03:14:28.487+0000] {processor.py:842} WARNING - No viable dags retrieved from /opt/airflow/dags/data/models/United Kingdom.5/TS_model.pkl
[2024-08-17T03:14:28.497+0000] {processor.py:183} INFO - Processing /opt/airflow/dags/data/models/United Kingdom.5/TS_model.pkl took 0.028 seconds
[2024-08-17T03:14:59.066+0000] {processor.py:161} INFO - Started process (PID=1349) to work on /opt/airflow/dags/data/models/United Kingdom.5/TS_model.pkl
[2024-08-17T03:14:59.066+0000] {processor.py:830} INFO - Processing file /opt/airflow/dags/data/models/United Kingdom.5/TS_model.pkl for tasks to queue
[2024-08-17T03:14:59.067+0000] {logging_mixin.py:188} INFO - [2024-08-17T03:14:59.067+0000] {dagbag.py:545} INFO - Filling up the DagBag from /opt/airflow/dags/data/models/United Kingdom.5/TS_model.pkl
[2024-08-17T03:14:59.105+0000] {processor.py:842} WARNING - No viable dags retrieved from /opt/airflow/dags/data/models/United Kingdom.5/TS_model.pkl
[2024-08-17T03:14:59.119+0000] {processor.py:183} INFO - Processing /opt/airflow/dags/data/models/United Kingdom.5/TS_model.pkl took 0.057 seconds
[2024-08-17T03:15:30.054+0000] {processor.py:161} INFO - Started process (PID=1795) to work on /opt/airflow/dags/data/models/United Kingdom.5/TS_model.pkl
[2024-08-17T03:15:30.056+0000] {processor.py:830} INFO - Processing file /opt/airflow/dags/data/models/United Kingdom.5/TS_model.pkl for tasks to queue
[2024-08-17T03:15:30.057+0000] {logging_mixin.py:188} INFO - [2024-08-17T03:15:30.056+0000] {dagbag.py:545} INFO - Filling up the DagBag from /opt/airflow/dags/data/models/United Kingdom.5/TS_model.pkl
[2024-08-17T03:15:30.067+0000] {processor.py:842} WARNING - No viable dags retrieved from /opt/airflow/dags/data/models/United Kingdom.5/TS_model.pkl
[2024-08-17T03:15:30.076+0000] {processor.py:183} INFO - Processing /opt/airflow/dags/data/models/United Kingdom.5/TS_model.pkl took 0.026 seconds
[2024-08-17T03:16:00.877+0000] {processor.py:161} INFO - Started process (PID=2248) to work on /opt/airflow/dags/data/models/United Kingdom.5/TS_model.pkl
[2024-08-17T03:16:00.879+0000] {processor.py:830} INFO - Processing file /opt/airflow/dags/data/models/United Kingdom.5/TS_model.pkl for tasks to queue
[2024-08-17T03:16:00.880+0000] {logging_mixin.py:188} INFO - [2024-08-17T03:16:00.879+0000] {dagbag.py:545} INFO - Filling up the DagBag from /opt/airflow/dags/data/models/United Kingdom.5/TS_model.pkl
[2024-08-17T03:16:00.888+0000] {processor.py:842} WARNING - No viable dags retrieved from /opt/airflow/dags/data/models/United Kingdom.5/TS_model.pkl
[2024-08-17T03:16:00.897+0000] {processor.py:183} INFO - Processing /opt/airflow/dags/data/models/United Kingdom.5/TS_model.pkl took 0.024 seconds
[2024-08-17T03:16:31.867+0000] {processor.py:161} INFO - Started process (PID=2676) to work on /opt/airflow/dags/data/models/United Kingdom.5/TS_model.pkl
[2024-08-17T03:16:31.868+0000] {processor.py:830} INFO - Processing file /opt/airflow/dags/data/models/United Kingdom.5/TS_model.pkl for tasks to queue
[2024-08-17T03:16:31.869+0000] {logging_mixin.py:188} INFO - [2024-08-17T03:16:31.869+0000] {dagbag.py:545} INFO - Filling up the DagBag from /opt/airflow/dags/data/models/United Kingdom.5/TS_model.pkl
[2024-08-17T03:16:31.876+0000] {processor.py:842} WARNING - No viable dags retrieved from /opt/airflow/dags/data/models/United Kingdom.5/TS_model.pkl
[2024-08-17T03:16:31.886+0000] {processor.py:183} INFO - Processing /opt/airflow/dags/data/models/United Kingdom.5/TS_model.pkl took 0.022 seconds
[2024-08-17T03:17:02.719+0000] {processor.py:161} INFO - Started process (PID=3130) to work on /opt/airflow/dags/data/models/United Kingdom.5/TS_model.pkl
[2024-08-17T03:17:02.720+0000] {processor.py:830} INFO - Processing file /opt/airflow/dags/data/models/United Kingdom.5/TS_model.pkl for tasks to queue
[2024-08-17T03:17:02.720+0000] {logging_mixin.py:188} INFO - [2024-08-17T03:17:02.720+0000] {dagbag.py:545} INFO - Filling up the DagBag from /opt/airflow/dags/data/models/United Kingdom.5/TS_model.pkl
[2024-08-17T03:17:02.729+0000] {processor.py:842} WARNING - No viable dags retrieved from /opt/airflow/dags/data/models/United Kingdom.5/TS_model.pkl
[2024-08-17T03:17:02.739+0000] {processor.py:183} INFO - Processing /opt/airflow/dags/data/models/United Kingdom.5/TS_model.pkl took 0.023 seconds
[2024-08-17T03:17:33.670+0000] {processor.py:161} INFO - Started process (PID=3565) to work on /opt/airflow/dags/data/models/United Kingdom.5/TS_model.pkl
[2024-08-17T03:17:33.671+0000] {processor.py:830} INFO - Processing file /opt/airflow/dags/data/models/United Kingdom.5/TS_model.pkl for tasks to queue
[2024-08-17T03:17:33.678+0000] {logging_mixin.py:188} INFO - [2024-08-17T03:17:33.677+0000] {dagbag.py:545} INFO - Filling up the DagBag from /opt/airflow/dags/data/models/United Kingdom.5/TS_model.pkl
[2024-08-17T03:17:33.686+0000] {processor.py:842} WARNING - No viable dags retrieved from /opt/airflow/dags/data/models/United Kingdom.5/TS_model.pkl
[2024-08-17T03:17:33.695+0000] {processor.py:183} INFO - Processing /opt/airflow/dags/data/models/United Kingdom.5/TS_model.pkl took 0.030 seconds
[2024-08-17T03:18:04.335+0000] {processor.py:161} INFO - Started process (PID=4011) to work on /opt/airflow/dags/data/models/United Kingdom.5/TS_model.pkl
[2024-08-17T03:18:04.335+0000] {processor.py:830} INFO - Processing file /opt/airflow/dags/data/models/United Kingdom.5/TS_model.pkl for tasks to queue
[2024-08-17T03:18:04.336+0000] {logging_mixin.py:188} INFO - [2024-08-17T03:18:04.336+0000] {dagbag.py:545} INFO - Filling up the DagBag from /opt/airflow/dags/data/models/United Kingdom.5/TS_model.pkl
[2024-08-17T03:18:04.351+0000] {processor.py:842} WARNING - No viable dags retrieved from /opt/airflow/dags/data/models/United Kingdom.5/TS_model.pkl
[2024-08-17T03:18:04.361+0000] {processor.py:183} INFO - Processing /opt/airflow/dags/data/models/United Kingdom.5/TS_model.pkl took 0.031 seconds
[2024-08-17T03:18:35.017+0000] {processor.py:161} INFO - Started process (PID=4446) to work on /opt/airflow/dags/data/models/United Kingdom.5/TS_model.pkl
[2024-08-17T03:18:35.018+0000] {processor.py:830} INFO - Processing file /opt/airflow/dags/data/models/United Kingdom.5/TS_model.pkl for tasks to queue
[2024-08-17T03:18:35.018+0000] {logging_mixin.py:188} INFO - [2024-08-17T03:18:35.018+0000] {dagbag.py:545} INFO - Filling up the DagBag from /opt/airflow/dags/data/models/United Kingdom.5/TS_model.pkl
[2024-08-17T03:18:35.026+0000] {processor.py:842} WARNING - No viable dags retrieved from /opt/airflow/dags/data/models/United Kingdom.5/TS_model.pkl
[2024-08-17T03:18:35.035+0000] {processor.py:183} INFO - Processing /opt/airflow/dags/data/models/United Kingdom.5/TS_model.pkl took 0.021 seconds
[2024-08-17T03:19:05.477+0000] {processor.py:161} INFO - Started process (PID=4871) to work on /opt/airflow/dags/data/models/United Kingdom.5/TS_model.pkl
[2024-08-17T03:19:05.477+0000] {processor.py:830} INFO - Processing file /opt/airflow/dags/data/models/United Kingdom.5/TS_model.pkl for tasks to queue
[2024-08-17T03:19:05.478+0000] {logging_mixin.py:188} INFO - [2024-08-17T03:19:05.478+0000] {dagbag.py:545} INFO - Filling up the DagBag from /opt/airflow/dags/data/models/United Kingdom.5/TS_model.pkl
[2024-08-17T03:19:05.486+0000] {processor.py:842} WARNING - No viable dags retrieved from /opt/airflow/dags/data/models/United Kingdom.5/TS_model.pkl
[2024-08-17T03:19:05.495+0000] {processor.py:183} INFO - Processing /opt/airflow/dags/data/models/United Kingdom.5/TS_model.pkl took 0.023 seconds
[2024-08-17T03:19:36.136+0000] {processor.py:161} INFO - Started process (PID=5305) to work on /opt/airflow/dags/data/models/United Kingdom.5/TS_model.pkl
[2024-08-17T03:19:36.137+0000] {processor.py:830} INFO - Processing file /opt/airflow/dags/data/models/United Kingdom.5/TS_model.pkl for tasks to queue
[2024-08-17T03:19:36.138+0000] {logging_mixin.py:188} INFO - [2024-08-17T03:19:36.137+0000] {dagbag.py:545} INFO - Filling up the DagBag from /opt/airflow/dags/data/models/United Kingdom.5/TS_model.pkl
[2024-08-17T03:19:36.146+0000] {processor.py:842} WARNING - No viable dags retrieved from /opt/airflow/dags/data/models/United Kingdom.5/TS_model.pkl
[2024-08-17T03:19:36.165+0000] {processor.py:183} INFO - Processing /opt/airflow/dags/data/models/United Kingdom.5/TS_model.pkl took 0.032 seconds
[2024-08-17T03:20:06.485+0000] {processor.py:161} INFO - Started process (PID=5730) to work on /opt/airflow/dags/data/models/United Kingdom.5/TS_model.pkl
[2024-08-17T03:20:06.485+0000] {processor.py:830} INFO - Processing file /opt/airflow/dags/data/models/United Kingdom.5/TS_model.pkl for tasks to queue
[2024-08-17T03:20:06.486+0000] {logging_mixin.py:188} INFO - [2024-08-17T03:20:06.486+0000] {dagbag.py:545} INFO - Filling up the DagBag from /opt/airflow/dags/data/models/United Kingdom.5/TS_model.pkl
[2024-08-17T03:20:06.496+0000] {processor.py:842} WARNING - No viable dags retrieved from /opt/airflow/dags/data/models/United Kingdom.5/TS_model.pkl
[2024-08-17T03:20:06.505+0000] {processor.py:183} INFO - Processing /opt/airflow/dags/data/models/United Kingdom.5/TS_model.pkl took 0.024 seconds
[2024-08-17T03:20:37.085+0000] {processor.py:161} INFO - Started process (PID=6184) to work on /opt/airflow/dags/data/models/United Kingdom.5/TS_model.pkl
[2024-08-17T03:20:37.086+0000] {processor.py:830} INFO - Processing file /opt/airflow/dags/data/models/United Kingdom.5/TS_model.pkl for tasks to queue
[2024-08-17T03:20:37.087+0000] {logging_mixin.py:188} INFO - [2024-08-17T03:20:37.086+0000] {dagbag.py:545} INFO - Filling up the DagBag from /opt/airflow/dags/data/models/United Kingdom.5/TS_model.pkl
[2024-08-17T03:20:37.094+0000] {processor.py:842} WARNING - No viable dags retrieved from /opt/airflow/dags/data/models/United Kingdom.5/TS_model.pkl
[2024-08-17T03:20:37.104+0000] {processor.py:183} INFO - Processing /opt/airflow/dags/data/models/United Kingdom.5/TS_model.pkl took 0.023 seconds
[2024-08-17T03:21:07.935+0000] {processor.py:161} INFO - Started process (PID=6638) to work on /opt/airflow/dags/data/models/United Kingdom.5/TS_model.pkl
[2024-08-17T03:21:07.936+0000] {processor.py:830} INFO - Processing file /opt/airflow/dags/data/models/United Kingdom.5/TS_model.pkl for tasks to queue
[2024-08-17T03:21:07.936+0000] {logging_mixin.py:188} INFO - [2024-08-17T03:21:07.936+0000] {dagbag.py:545} INFO - Filling up the DagBag from /opt/airflow/dags/data/models/United Kingdom.5/TS_model.pkl
[2024-08-17T03:21:07.944+0000] {processor.py:842} WARNING - No viable dags retrieved from /opt/airflow/dags/data/models/United Kingdom.5/TS_model.pkl
[2024-08-17T03:21:07.954+0000] {processor.py:183} INFO - Processing /opt/airflow/dags/data/models/United Kingdom.5/TS_model.pkl took 0.024 seconds
[2024-08-17T03:21:38.967+0000] {processor.py:161} INFO - Started process (PID=7066) to work on /opt/airflow/dags/data/models/United Kingdom.5/TS_model.pkl
[2024-08-17T03:21:38.968+0000] {processor.py:830} INFO - Processing file /opt/airflow/dags/data/models/United Kingdom.5/TS_model.pkl for tasks to queue
[2024-08-17T03:21:38.969+0000] {logging_mixin.py:188} INFO - [2024-08-17T03:21:38.968+0000] {dagbag.py:545} INFO - Filling up the DagBag from /opt/airflow/dags/data/models/United Kingdom.5/TS_model.pkl
[2024-08-17T03:21:38.977+0000] {processor.py:842} WARNING - No viable dags retrieved from /opt/airflow/dags/data/models/United Kingdom.5/TS_model.pkl
[2024-08-17T03:21:38.987+0000] {processor.py:183} INFO - Processing /opt/airflow/dags/data/models/United Kingdom.5/TS_model.pkl took 0.024 seconds
[2024-08-17T03:22:10.007+0000] {processor.py:161} INFO - Started process (PID=7519) to work on /opt/airflow/dags/data/models/United Kingdom.5/TS_model.pkl
[2024-08-17T03:22:10.008+0000] {processor.py:830} INFO - Processing file /opt/airflow/dags/data/models/United Kingdom.5/TS_model.pkl for tasks to queue
[2024-08-17T03:22:10.008+0000] {logging_mixin.py:188} INFO - [2024-08-17T03:22:10.008+0000] {dagbag.py:545} INFO - Filling up the DagBag from /opt/airflow/dags/data/models/United Kingdom.5/TS_model.pkl
[2024-08-17T03:22:10.017+0000] {processor.py:842} WARNING - No viable dags retrieved from /opt/airflow/dags/data/models/United Kingdom.5/TS_model.pkl
[2024-08-17T03:22:10.027+0000] {processor.py:183} INFO - Processing /opt/airflow/dags/data/models/United Kingdom.5/TS_model.pkl took 0.023 seconds
[2024-08-17T03:22:40.873+0000] {processor.py:161} INFO - Started process (PID=7954) to work on /opt/airflow/dags/data/models/United Kingdom.5/TS_model.pkl
[2024-08-17T03:22:40.874+0000] {processor.py:830} INFO - Processing file /opt/airflow/dags/data/models/United Kingdom.5/TS_model.pkl for tasks to queue
[2024-08-17T03:22:40.875+0000] {logging_mixin.py:188} INFO - [2024-08-17T03:22:40.875+0000] {dagbag.py:545} INFO - Filling up the DagBag from /opt/airflow/dags/data/models/United Kingdom.5/TS_model.pkl
[2024-08-17T03:22:40.884+0000] {processor.py:842} WARNING - No viable dags retrieved from /opt/airflow/dags/data/models/United Kingdom.5/TS_model.pkl
[2024-08-17T03:22:40.895+0000] {processor.py:183} INFO - Processing /opt/airflow/dags/data/models/United Kingdom.5/TS_model.pkl took 0.025 seconds
[2024-08-17T03:23:11.543+0000] {processor.py:161} INFO - Started process (PID=8394) to work on /opt/airflow/dags/data/models/United Kingdom.5/TS_model.pkl
[2024-08-17T03:23:11.545+0000] {processor.py:830} INFO - Processing file /opt/airflow/dags/data/models/United Kingdom.5/TS_model.pkl for tasks to queue
[2024-08-17T03:23:11.560+0000] {logging_mixin.py:188} INFO - [2024-08-17T03:23:11.559+0000] {dagbag.py:545} INFO - Filling up the DagBag from /opt/airflow/dags/data/models/United Kingdom.5/TS_model.pkl
[2024-08-17T03:23:11.584+0000] {processor.py:842} WARNING - No viable dags retrieved from /opt/airflow/dags/data/models/United Kingdom.5/TS_model.pkl
[2024-08-17T03:23:11.592+0000] {processor.py:183} INFO - Processing /opt/airflow/dags/data/models/United Kingdom.5/TS_model.pkl took 0.055 seconds
[2024-08-17T03:23:41.983+0000] {processor.py:161} INFO - Started process (PID=8824) to work on /opt/airflow/dags/data/models/United Kingdom.5/TS_model.pkl
[2024-08-17T03:23:41.984+0000] {processor.py:830} INFO - Processing file /opt/airflow/dags/data/models/United Kingdom.5/TS_model.pkl for tasks to queue
[2024-08-17T03:23:41.984+0000] {logging_mixin.py:188} INFO - [2024-08-17T03:23:41.984+0000] {dagbag.py:545} INFO - Filling up the DagBag from /opt/airflow/dags/data/models/United Kingdom.5/TS_model.pkl
[2024-08-17T03:23:41.993+0000] {processor.py:842} WARNING - No viable dags retrieved from /opt/airflow/dags/data/models/United Kingdom.5/TS_model.pkl
[2024-08-17T03:23:42.002+0000] {processor.py:183} INFO - Processing /opt/airflow/dags/data/models/United Kingdom.5/TS_model.pkl took 0.023 seconds
[2024-08-17T03:24:12.654+0000] {processor.py:161} INFO - Started process (PID=9252) to work on /opt/airflow/dags/data/models/United Kingdom.5/TS_model.pkl
[2024-08-17T03:24:12.654+0000] {processor.py:830} INFO - Processing file /opt/airflow/dags/data/models/United Kingdom.5/TS_model.pkl for tasks to queue
[2024-08-17T03:24:12.655+0000] {logging_mixin.py:188} INFO - [2024-08-17T03:24:12.655+0000] {dagbag.py:545} INFO - Filling up the DagBag from /opt/airflow/dags/data/models/United Kingdom.5/TS_model.pkl
[2024-08-17T03:24:12.666+0000] {processor.py:842} WARNING - No viable dags retrieved from /opt/airflow/dags/data/models/United Kingdom.5/TS_model.pkl
[2024-08-17T03:24:12.676+0000] {processor.py:183} INFO - Processing /opt/airflow/dags/data/models/United Kingdom.5/TS_model.pkl took 0.026 seconds
[2024-08-17T03:24:44.376+0000] {processor.py:161} INFO - Started process (PID=9706) to work on /opt/airflow/dags/data/models/United Kingdom.5/TS_model.pkl
[2024-08-17T03:24:44.377+0000] {processor.py:830} INFO - Processing file /opt/airflow/dags/data/models/United Kingdom.5/TS_model.pkl for tasks to queue
[2024-08-17T03:24:44.378+0000] {logging_mixin.py:188} INFO - [2024-08-17T03:24:44.378+0000] {dagbag.py:545} INFO - Filling up the DagBag from /opt/airflow/dags/data/models/United Kingdom.5/TS_model.pkl
[2024-08-17T03:24:44.393+0000] {processor.py:842} WARNING - No viable dags retrieved from /opt/airflow/dags/data/models/United Kingdom.5/TS_model.pkl
[2024-08-17T03:24:44.404+0000] {processor.py:183} INFO - Processing /opt/airflow/dags/data/models/United Kingdom.5/TS_model.pkl took 0.031 seconds
[2024-08-17T03:25:15.054+0000] {processor.py:161} INFO - Started process (PID=10132) to work on /opt/airflow/dags/data/models/United Kingdom.5/TS_model.pkl
[2024-08-17T03:25:15.055+0000] {processor.py:830} INFO - Processing file /opt/airflow/dags/data/models/United Kingdom.5/TS_model.pkl for tasks to queue
[2024-08-17T03:25:15.056+0000] {logging_mixin.py:188} INFO - [2024-08-17T03:25:15.055+0000] {dagbag.py:545} INFO - Filling up the DagBag from /opt/airflow/dags/data/models/United Kingdom.5/TS_model.pkl
[2024-08-17T03:25:15.063+0000] {processor.py:842} WARNING - No viable dags retrieved from /opt/airflow/dags/data/models/United Kingdom.5/TS_model.pkl
[2024-08-17T03:25:15.073+0000] {processor.py:183} INFO - Processing /opt/airflow/dags/data/models/United Kingdom.5/TS_model.pkl took 0.023 seconds
[2024-08-17T03:25:45.809+0000] {processor.py:161} INFO - Started process (PID=10559) to work on /opt/airflow/dags/data/models/United Kingdom.5/TS_model.pkl
[2024-08-17T03:25:45.811+0000] {processor.py:830} INFO - Processing file /opt/airflow/dags/data/models/United Kingdom.5/TS_model.pkl for tasks to queue
[2024-08-17T03:25:45.811+0000] {logging_mixin.py:188} INFO - [2024-08-17T03:25:45.811+0000] {dagbag.py:545} INFO - Filling up the DagBag from /opt/airflow/dags/data/models/United Kingdom.5/TS_model.pkl
[2024-08-17T03:25:45.822+0000] {processor.py:842} WARNING - No viable dags retrieved from /opt/airflow/dags/data/models/United Kingdom.5/TS_model.pkl
[2024-08-17T03:25:45.832+0000] {processor.py:183} INFO - Processing /opt/airflow/dags/data/models/United Kingdom.5/TS_model.pkl took 0.026 seconds
[2024-08-17T03:26:17.199+0000] {processor.py:161} INFO - Started process (PID=11013) to work on /opt/airflow/dags/data/models/United Kingdom.5/TS_model.pkl
[2024-08-17T03:26:17.199+0000] {processor.py:830} INFO - Processing file /opt/airflow/dags/data/models/United Kingdom.5/TS_model.pkl for tasks to queue
[2024-08-17T03:26:17.200+0000] {logging_mixin.py:188} INFO - [2024-08-17T03:26:17.200+0000] {dagbag.py:545} INFO - Filling up the DagBag from /opt/airflow/dags/data/models/United Kingdom.5/TS_model.pkl
[2024-08-17T03:26:17.208+0000] {processor.py:842} WARNING - No viable dags retrieved from /opt/airflow/dags/data/models/United Kingdom.5/TS_model.pkl
[2024-08-17T03:26:17.217+0000] {processor.py:183} INFO - Processing /opt/airflow/dags/data/models/United Kingdom.5/TS_model.pkl took 0.022 seconds
[2024-08-17T03:26:47.849+0000] {processor.py:161} INFO - Started process (PID=11427) to work on /opt/airflow/dags/data/models/United Kingdom.5/TS_model.pkl
[2024-08-17T03:26:47.850+0000] {processor.py:830} INFO - Processing file /opt/airflow/dags/data/models/United Kingdom.5/TS_model.pkl for tasks to queue
[2024-08-17T03:26:47.850+0000] {logging_mixin.py:188} INFO - [2024-08-17T03:26:47.850+0000] {dagbag.py:545} INFO - Filling up the DagBag from /opt/airflow/dags/data/models/United Kingdom.5/TS_model.pkl
[2024-08-17T03:26:47.858+0000] {processor.py:842} WARNING - No viable dags retrieved from /opt/airflow/dags/data/models/United Kingdom.5/TS_model.pkl
[2024-08-17T03:26:47.867+0000] {processor.py:183} INFO - Processing /opt/airflow/dags/data/models/United Kingdom.5/TS_model.pkl took 0.022 seconds
[2024-08-17T03:27:18.304+0000] {processor.py:161} INFO - Started process (PID=11873) to work on /opt/airflow/dags/data/models/United Kingdom.5/TS_model.pkl
[2024-08-17T03:27:18.305+0000] {processor.py:830} INFO - Processing file /opt/airflow/dags/data/models/United Kingdom.5/TS_model.pkl for tasks to queue
[2024-08-17T03:27:18.306+0000] {logging_mixin.py:188} INFO - [2024-08-17T03:27:18.306+0000] {dagbag.py:545} INFO - Filling up the DagBag from /opt/airflow/dags/data/models/United Kingdom.5/TS_model.pkl
[2024-08-17T03:27:18.315+0000] {processor.py:842} WARNING - No viable dags retrieved from /opt/airflow/dags/data/models/United Kingdom.5/TS_model.pkl
[2024-08-17T03:27:18.324+0000] {processor.py:183} INFO - Processing /opt/airflow/dags/data/models/United Kingdom.5/TS_model.pkl took 0.025 seconds
[2024-08-17T03:27:49.276+0000] {processor.py:161} INFO - Started process (PID=12327) to work on /opt/airflow/dags/data/models/United Kingdom.5/TS_model.pkl
[2024-08-17T03:27:49.277+0000] {processor.py:830} INFO - Processing file /opt/airflow/dags/data/models/United Kingdom.5/TS_model.pkl for tasks to queue
[2024-08-17T03:27:49.278+0000] {logging_mixin.py:188} INFO - [2024-08-17T03:27:49.277+0000] {dagbag.py:545} INFO - Filling up the DagBag from /opt/airflow/dags/data/models/United Kingdom.5/TS_model.pkl
[2024-08-17T03:27:49.288+0000] {processor.py:842} WARNING - No viable dags retrieved from /opt/airflow/dags/data/models/United Kingdom.5/TS_model.pkl
[2024-08-17T03:27:49.298+0000] {processor.py:183} INFO - Processing /opt/airflow/dags/data/models/United Kingdom.5/TS_model.pkl took 0.026 seconds
[2024-08-17T03:28:19.875+0000] {processor.py:161} INFO - Started process (PID=12749) to work on /opt/airflow/dags/data/models/United Kingdom.5/TS_model.pkl
[2024-08-17T03:28:19.876+0000] {processor.py:830} INFO - Processing file /opt/airflow/dags/data/models/United Kingdom.5/TS_model.pkl for tasks to queue
[2024-08-17T03:28:19.881+0000] {logging_mixin.py:188} INFO - [2024-08-17T03:28:19.881+0000] {dagbag.py:545} INFO - Filling up the DagBag from /opt/airflow/dags/data/models/United Kingdom.5/TS_model.pkl
[2024-08-17T03:28:19.889+0000] {processor.py:842} WARNING - No viable dags retrieved from /opt/airflow/dags/data/models/United Kingdom.5/TS_model.pkl
[2024-08-17T03:28:19.899+0000] {processor.py:183} INFO - Processing /opt/airflow/dags/data/models/United Kingdom.5/TS_model.pkl took 0.029 seconds
[2024-08-17T03:28:56.227+0000] {processor.py:161} INFO - Started process (PID=13190) to work on /opt/airflow/dags/data/models/United Kingdom.5/TS_model.pkl
[2024-08-17T03:28:56.228+0000] {processor.py:830} INFO - Processing file /opt/airflow/dags/data/models/United Kingdom.5/TS_model.pkl for tasks to queue
[2024-08-17T03:28:56.229+0000] {logging_mixin.py:188} INFO - [2024-08-17T03:28:56.228+0000] {dagbag.py:545} INFO - Filling up the DagBag from /opt/airflow/dags/data/models/United Kingdom.5/TS_model.pkl
[2024-08-17T03:28:56.236+0000] {processor.py:842} WARNING - No viable dags retrieved from /opt/airflow/dags/data/models/United Kingdom.5/TS_model.pkl
[2024-08-17T03:28:56.247+0000] {processor.py:183} INFO - Processing /opt/airflow/dags/data/models/United Kingdom.5/TS_model.pkl took 0.024 seconds
[2024-08-17T03:29:26.938+0000] {processor.py:161} INFO - Started process (PID=13643) to work on /opt/airflow/dags/data/models/United Kingdom.5/TS_model.pkl
[2024-08-17T03:29:26.939+0000] {processor.py:830} INFO - Processing file /opt/airflow/dags/data/models/United Kingdom.5/TS_model.pkl for tasks to queue
[2024-08-17T03:29:26.940+0000] {logging_mixin.py:188} INFO - [2024-08-17T03:29:26.939+0000] {dagbag.py:545} INFO - Filling up the DagBag from /opt/airflow/dags/data/models/United Kingdom.5/TS_model.pkl
[2024-08-17T03:29:26.947+0000] {processor.py:842} WARNING - No viable dags retrieved from /opt/airflow/dags/data/models/United Kingdom.5/TS_model.pkl
[2024-08-17T03:29:26.957+0000] {processor.py:183} INFO - Processing /opt/airflow/dags/data/models/United Kingdom.5/TS_model.pkl took 0.022 seconds
[2024-08-17T03:29:57.751+0000] {processor.py:161} INFO - Started process (PID=14097) to work on /opt/airflow/dags/data/models/United Kingdom.5/TS_model.pkl
[2024-08-17T03:29:57.752+0000] {processor.py:830} INFO - Processing file /opt/airflow/dags/data/models/United Kingdom.5/TS_model.pkl for tasks to queue
[2024-08-17T03:29:57.753+0000] {logging_mixin.py:188} INFO - [2024-08-17T03:29:57.752+0000] {dagbag.py:545} INFO - Filling up the DagBag from /opt/airflow/dags/data/models/United Kingdom.5/TS_model.pkl
[2024-08-17T03:29:57.760+0000] {processor.py:842} WARNING - No viable dags retrieved from /opt/airflow/dags/data/models/United Kingdom.5/TS_model.pkl
[2024-08-17T03:29:57.769+0000] {processor.py:183} INFO - Processing /opt/airflow/dags/data/models/United Kingdom.5/TS_model.pkl took 0.022 seconds
[2024-08-17T03:30:28.429+0000] {processor.py:161} INFO - Started process (PID=14525) to work on /opt/airflow/dags/data/models/United Kingdom.5/TS_model.pkl
[2024-08-17T03:30:28.430+0000] {processor.py:830} INFO - Processing file /opt/airflow/dags/data/models/United Kingdom.5/TS_model.pkl for tasks to queue
[2024-08-17T03:30:28.431+0000] {logging_mixin.py:188} INFO - [2024-08-17T03:30:28.431+0000] {dagbag.py:545} INFO - Filling up the DagBag from /opt/airflow/dags/data/models/United Kingdom.5/TS_model.pkl
[2024-08-17T03:30:28.440+0000] {processor.py:842} WARNING - No viable dags retrieved from /opt/airflow/dags/data/models/United Kingdom.5/TS_model.pkl
[2024-08-17T03:30:28.450+0000] {processor.py:183} INFO - Processing /opt/airflow/dags/data/models/United Kingdom.5/TS_model.pkl took 0.026 seconds
[2024-08-17T03:30:59.203+0000] {processor.py:161} INFO - Started process (PID=14979) to work on /opt/airflow/dags/data/models/United Kingdom.5/TS_model.pkl
[2024-08-17T03:30:59.204+0000] {processor.py:830} INFO - Processing file /opt/airflow/dags/data/models/United Kingdom.5/TS_model.pkl for tasks to queue
[2024-08-17T03:30:59.205+0000] {logging_mixin.py:188} INFO - [2024-08-17T03:30:59.204+0000] {dagbag.py:545} INFO - Filling up the DagBag from /opt/airflow/dags/data/models/United Kingdom.5/TS_model.pkl
[2024-08-17T03:30:59.212+0000] {processor.py:842} WARNING - No viable dags retrieved from /opt/airflow/dags/data/models/United Kingdom.5/TS_model.pkl
[2024-08-17T03:30:59.222+0000] {processor.py:183} INFO - Processing /opt/airflow/dags/data/models/United Kingdom.5/TS_model.pkl took 0.022 seconds
[2024-08-17T03:31:29.827+0000] {processor.py:161} INFO - Started process (PID=15408) to work on /opt/airflow/dags/data/models/United Kingdom.5/TS_model.pkl
[2024-08-17T03:31:29.828+0000] {processor.py:830} INFO - Processing file /opt/airflow/dags/data/models/United Kingdom.5/TS_model.pkl for tasks to queue
[2024-08-17T03:31:29.828+0000] {logging_mixin.py:188} INFO - [2024-08-17T03:31:29.828+0000] {dagbag.py:545} INFO - Filling up the DagBag from /opt/airflow/dags/data/models/United Kingdom.5/TS_model.pkl
[2024-08-17T03:31:29.836+0000] {processor.py:842} WARNING - No viable dags retrieved from /opt/airflow/dags/data/models/United Kingdom.5/TS_model.pkl
[2024-08-17T03:31:29.846+0000] {processor.py:183} INFO - Processing /opt/airflow/dags/data/models/United Kingdom.5/TS_model.pkl took 0.022 seconds
[2024-08-17T03:32:00.661+0000] {processor.py:161} INFO - Started process (PID=15862) to work on /opt/airflow/dags/data/models/United Kingdom.5/TS_model.pkl
[2024-08-17T03:32:00.662+0000] {processor.py:830} INFO - Processing file /opt/airflow/dags/data/models/United Kingdom.5/TS_model.pkl for tasks to queue
[2024-08-17T03:32:00.662+0000] {logging_mixin.py:188} INFO - [2024-08-17T03:32:00.662+0000] {dagbag.py:545} INFO - Filling up the DagBag from /opt/airflow/dags/data/models/United Kingdom.5/TS_model.pkl
[2024-08-17T03:32:00.670+0000] {processor.py:842} WARNING - No viable dags retrieved from /opt/airflow/dags/data/models/United Kingdom.5/TS_model.pkl
[2024-08-17T03:32:00.679+0000] {processor.py:183} INFO - Processing /opt/airflow/dags/data/models/United Kingdom.5/TS_model.pkl took 0.022 seconds
[2024-08-17T03:32:31.493+0000] {processor.py:161} INFO - Started process (PID=16315) to work on /opt/airflow/dags/data/models/United Kingdom.5/TS_model.pkl
[2024-08-17T03:32:31.495+0000] {processor.py:830} INFO - Processing file /opt/airflow/dags/data/models/United Kingdom.5/TS_model.pkl for tasks to queue
[2024-08-17T03:32:31.495+0000] {logging_mixin.py:188} INFO - [2024-08-17T03:32:31.495+0000] {dagbag.py:545} INFO - Filling up the DagBag from /opt/airflow/dags/data/models/United Kingdom.5/TS_model.pkl
[2024-08-17T03:32:31.503+0000] {processor.py:842} WARNING - No viable dags retrieved from /opt/airflow/dags/data/models/United Kingdom.5/TS_model.pkl
[2024-08-17T03:32:31.512+0000] {processor.py:183} INFO - Processing /opt/airflow/dags/data/models/United Kingdom.5/TS_model.pkl took 0.023 seconds
[2024-08-17T03:33:01.977+0000] {processor.py:161} INFO - Started process (PID=16722) to work on /opt/airflow/dags/data/models/United Kingdom.5/TS_model.pkl
[2024-08-17T03:33:01.977+0000] {processor.py:830} INFO - Processing file /opt/airflow/dags/data/models/United Kingdom.5/TS_model.pkl for tasks to queue
[2024-08-17T03:33:01.978+0000] {logging_mixin.py:188} INFO - [2024-08-17T03:33:01.978+0000] {dagbag.py:545} INFO - Filling up the DagBag from /opt/airflow/dags/data/models/United Kingdom.5/TS_model.pkl
[2024-08-17T03:33:01.986+0000] {processor.py:842} WARNING - No viable dags retrieved from /opt/airflow/dags/data/models/United Kingdom.5/TS_model.pkl
[2024-08-17T03:33:01.995+0000] {processor.py:183} INFO - Processing /opt/airflow/dags/data/models/United Kingdom.5/TS_model.pkl took 0.022 seconds
[2024-08-17T03:33:32.901+0000] {processor.py:161} INFO - Started process (PID=17176) to work on /opt/airflow/dags/data/models/United Kingdom.5/TS_model.pkl
[2024-08-17T03:33:32.901+0000] {processor.py:830} INFO - Processing file /opt/airflow/dags/data/models/United Kingdom.5/TS_model.pkl for tasks to queue
[2024-08-17T03:33:32.902+0000] {logging_mixin.py:188} INFO - [2024-08-17T03:33:32.901+0000] {dagbag.py:545} INFO - Filling up the DagBag from /opt/airflow/dags/data/models/United Kingdom.5/TS_model.pkl
[2024-08-17T03:33:32.910+0000] {processor.py:842} WARNING - No viable dags retrieved from /opt/airflow/dags/data/models/United Kingdom.5/TS_model.pkl
[2024-08-17T03:33:32.918+0000] {processor.py:183} INFO - Processing /opt/airflow/dags/data/models/United Kingdom.5/TS_model.pkl took 0.021 seconds
[2024-08-17T03:34:04.370+0000] {processor.py:161} INFO - Started process (PID=17590) to work on /opt/airflow/dags/data/models/United Kingdom.5/TS_model.pkl
[2024-08-17T03:34:04.370+0000] {processor.py:830} INFO - Processing file /opt/airflow/dags/data/models/United Kingdom.5/TS_model.pkl for tasks to queue
[2024-08-17T03:34:04.371+0000] {logging_mixin.py:188} INFO - [2024-08-17T03:34:04.371+0000] {dagbag.py:545} INFO - Filling up the DagBag from /opt/airflow/dags/data/models/United Kingdom.5/TS_model.pkl
[2024-08-17T03:34:04.378+0000] {processor.py:842} WARNING - No viable dags retrieved from /opt/airflow/dags/data/models/United Kingdom.5/TS_model.pkl
[2024-08-17T03:34:04.389+0000] {processor.py:183} INFO - Processing /opt/airflow/dags/data/models/United Kingdom.5/TS_model.pkl took 0.023 seconds
[2024-08-17T03:34:35.115+0000] {processor.py:161} INFO - Started process (PID=18016) to work on /opt/airflow/dags/data/models/United Kingdom.5/TS_model.pkl
[2024-08-17T03:34:35.115+0000] {processor.py:830} INFO - Processing file /opt/airflow/dags/data/models/United Kingdom.5/TS_model.pkl for tasks to queue
[2024-08-17T03:34:35.116+0000] {logging_mixin.py:188} INFO - [2024-08-17T03:34:35.116+0000] {dagbag.py:545} INFO - Filling up the DagBag from /opt/airflow/dags/data/models/United Kingdom.5/TS_model.pkl
[2024-08-17T03:34:35.124+0000] {processor.py:842} WARNING - No viable dags retrieved from /opt/airflow/dags/data/models/United Kingdom.5/TS_model.pkl
[2024-08-17T03:34:35.133+0000] {processor.py:183} INFO - Processing /opt/airflow/dags/data/models/United Kingdom.5/TS_model.pkl took 0.022 seconds
[2024-08-17T03:35:06.057+0000] {processor.py:161} INFO - Started process (PID=18470) to work on /opt/airflow/dags/data/models/United Kingdom.5/TS_model.pkl
[2024-08-17T03:35:06.057+0000] {processor.py:830} INFO - Processing file /opt/airflow/dags/data/models/United Kingdom.5/TS_model.pkl for tasks to queue
[2024-08-17T03:35:06.058+0000] {logging_mixin.py:188} INFO - [2024-08-17T03:35:06.058+0000] {dagbag.py:545} INFO - Filling up the DagBag from /opt/airflow/dags/data/models/United Kingdom.5/TS_model.pkl
[2024-08-17T03:35:06.065+0000] {processor.py:842} WARNING - No viable dags retrieved from /opt/airflow/dags/data/models/United Kingdom.5/TS_model.pkl
[2024-08-17T03:35:06.075+0000] {processor.py:183} INFO - Processing /opt/airflow/dags/data/models/United Kingdom.5/TS_model.pkl took 0.022 seconds
[2024-08-17T03:35:37.263+0000] {processor.py:161} INFO - Started process (PID=18898) to work on /opt/airflow/dags/data/models/United Kingdom.5/TS_model.pkl
[2024-08-17T03:35:37.263+0000] {processor.py:830} INFO - Processing file /opt/airflow/dags/data/models/United Kingdom.5/TS_model.pkl for tasks to queue
[2024-08-17T03:35:37.264+0000] {logging_mixin.py:188} INFO - [2024-08-17T03:35:37.264+0000] {dagbag.py:545} INFO - Filling up the DagBag from /opt/airflow/dags/data/models/United Kingdom.5/TS_model.pkl
[2024-08-17T03:35:37.271+0000] {processor.py:842} WARNING - No viable dags retrieved from /opt/airflow/dags/data/models/United Kingdom.5/TS_model.pkl
[2024-08-17T03:35:37.280+0000] {processor.py:183} INFO - Processing /opt/airflow/dags/data/models/United Kingdom.5/TS_model.pkl took 0.021 seconds
[2024-08-17T03:36:08.268+0000] {processor.py:161} INFO - Started process (PID=19352) to work on /opt/airflow/dags/data/models/United Kingdom.5/TS_model.pkl
[2024-08-17T03:36:08.269+0000] {processor.py:830} INFO - Processing file /opt/airflow/dags/data/models/United Kingdom.5/TS_model.pkl for tasks to queue
[2024-08-17T03:36:08.269+0000] {logging_mixin.py:188} INFO - [2024-08-17T03:36:08.269+0000] {dagbag.py:545} INFO - Filling up the DagBag from /opt/airflow/dags/data/models/United Kingdom.5/TS_model.pkl
[2024-08-17T03:36:08.277+0000] {processor.py:842} WARNING - No viable dags retrieved from /opt/airflow/dags/data/models/United Kingdom.5/TS_model.pkl
[2024-08-17T03:36:08.286+0000] {processor.py:183} INFO - Processing /opt/airflow/dags/data/models/United Kingdom.5/TS_model.pkl took 0.022 seconds
[2024-08-17T03:36:39.272+0000] {processor.py:161} INFO - Started process (PID=19806) to work on /opt/airflow/dags/data/models/United Kingdom.5/TS_model.pkl
[2024-08-17T03:36:39.272+0000] {processor.py:830} INFO - Processing file /opt/airflow/dags/data/models/United Kingdom.5/TS_model.pkl for tasks to queue
[2024-08-17T03:36:39.273+0000] {logging_mixin.py:188} INFO - [2024-08-17T03:36:39.273+0000] {dagbag.py:545} INFO - Filling up the DagBag from /opt/airflow/dags/data/models/United Kingdom.5/TS_model.pkl
[2024-08-17T03:36:39.281+0000] {processor.py:842} WARNING - No viable dags retrieved from /opt/airflow/dags/data/models/United Kingdom.5/TS_model.pkl
[2024-08-17T03:36:39.290+0000] {processor.py:183} INFO - Processing /opt/airflow/dags/data/models/United Kingdom.5/TS_model.pkl took 0.021 seconds
[2024-08-17T03:37:10.197+0000] {processor.py:161} INFO - Started process (PID=20234) to work on /opt/airflow/dags/data/models/United Kingdom.5/TS_model.pkl
[2024-08-17T03:37:10.198+0000] {processor.py:830} INFO - Processing file /opt/airflow/dags/data/models/United Kingdom.5/TS_model.pkl for tasks to queue
[2024-08-17T03:37:10.198+0000] {logging_mixin.py:188} INFO - [2024-08-17T03:37:10.198+0000] {dagbag.py:545} INFO - Filling up the DagBag from /opt/airflow/dags/data/models/United Kingdom.5/TS_model.pkl
[2024-08-17T03:37:10.206+0000] {processor.py:842} WARNING - No viable dags retrieved from /opt/airflow/dags/data/models/United Kingdom.5/TS_model.pkl
[2024-08-17T03:37:10.215+0000] {processor.py:183} INFO - Processing /opt/airflow/dags/data/models/United Kingdom.5/TS_model.pkl took 0.021 seconds
[2024-08-17T03:37:40.951+0000] {processor.py:161} INFO - Started process (PID=20688) to work on /opt/airflow/dags/data/models/United Kingdom.5/TS_model.pkl
[2024-08-17T03:37:40.951+0000] {processor.py:830} INFO - Processing file /opt/airflow/dags/data/models/United Kingdom.5/TS_model.pkl for tasks to queue
[2024-08-17T03:37:40.952+0000] {logging_mixin.py:188} INFO - [2024-08-17T03:37:40.952+0000] {dagbag.py:545} INFO - Filling up the DagBag from /opt/airflow/dags/data/models/United Kingdom.5/TS_model.pkl
[2024-08-17T03:37:40.961+0000] {processor.py:842} WARNING - No viable dags retrieved from /opt/airflow/dags/data/models/United Kingdom.5/TS_model.pkl
[2024-08-17T03:37:40.970+0000] {processor.py:183} INFO - Processing /opt/airflow/dags/data/models/United Kingdom.5/TS_model.pkl took 0.023 seconds
[2024-08-17T09:22:47.006+0000] {processor.py:161} INFO - Started process (PID=146) to work on /opt/airflow/dags/data/models/United Kingdom.5/TS_model.pkl
[2024-08-17T09:22:47.007+0000] {processor.py:830} INFO - Processing file /opt/airflow/dags/data/models/United Kingdom.5/TS_model.pkl for tasks to queue
[2024-08-17T09:22:47.008+0000] {logging_mixin.py:188} INFO - [2024-08-17T09:22:47.008+0000] {dagbag.py:545} INFO - Filling up the DagBag from /opt/airflow/dags/data/models/United Kingdom.5/TS_model.pkl
[2024-08-17T09:22:47.015+0000] {processor.py:842} WARNING - No viable dags retrieved from /opt/airflow/dags/data/models/United Kingdom.5/TS_model.pkl
[2024-08-17T09:22:47.023+0000] {processor.py:183} INFO - Processing /opt/airflow/dags/data/models/United Kingdom.5/TS_model.pkl took 0.020 seconds
[2024-08-17T09:23:19.110+0000] {processor.py:161} INFO - Started process (PID=602) to work on /opt/airflow/dags/data/models/United Kingdom.5/TS_model.pkl
[2024-08-17T09:23:19.111+0000] {processor.py:830} INFO - Processing file /opt/airflow/dags/data/models/United Kingdom.5/TS_model.pkl for tasks to queue
[2024-08-17T09:23:19.112+0000] {logging_mixin.py:188} INFO - [2024-08-17T09:23:19.112+0000] {dagbag.py:545} INFO - Filling up the DagBag from /opt/airflow/dags/data/models/United Kingdom.5/TS_model.pkl
[2024-08-17T09:23:19.125+0000] {processor.py:842} WARNING - No viable dags retrieved from /opt/airflow/dags/data/models/United Kingdom.5/TS_model.pkl
[2024-08-17T09:23:19.134+0000] {processor.py:183} INFO - Processing /opt/airflow/dags/data/models/United Kingdom.5/TS_model.pkl took 0.028 seconds
[2024-08-17T09:23:50.565+0000] {processor.py:161} INFO - Started process (PID=1056) to work on /opt/airflow/dags/data/models/United Kingdom.5/TS_model.pkl
[2024-08-17T09:23:50.566+0000] {processor.py:830} INFO - Processing file /opt/airflow/dags/data/models/United Kingdom.5/TS_model.pkl for tasks to queue
[2024-08-17T09:23:50.567+0000] {logging_mixin.py:188} INFO - [2024-08-17T09:23:50.567+0000] {dagbag.py:545} INFO - Filling up the DagBag from /opt/airflow/dags/data/models/United Kingdom.5/TS_model.pkl
[2024-08-17T09:23:50.576+0000] {processor.py:842} WARNING - No viable dags retrieved from /opt/airflow/dags/data/models/United Kingdom.5/TS_model.pkl
[2024-08-17T09:23:50.586+0000] {processor.py:183} INFO - Processing /opt/airflow/dags/data/models/United Kingdom.5/TS_model.pkl took 0.025 seconds
[2024-08-17T09:24:22.051+0000] {processor.py:161} INFO - Started process (PID=1484) to work on /opt/airflow/dags/data/models/United Kingdom.5/TS_model.pkl
[2024-08-17T09:24:22.052+0000] {processor.py:830} INFO - Processing file /opt/airflow/dags/data/models/United Kingdom.5/TS_model.pkl for tasks to queue
[2024-08-17T09:24:22.053+0000] {logging_mixin.py:188} INFO - [2024-08-17T09:24:22.053+0000] {dagbag.py:545} INFO - Filling up the DagBag from /opt/airflow/dags/data/models/United Kingdom.5/TS_model.pkl
[2024-08-17T09:24:22.061+0000] {processor.py:842} WARNING - No viable dags retrieved from /opt/airflow/dags/data/models/United Kingdom.5/TS_model.pkl
[2024-08-17T09:24:22.169+0000] {processor.py:183} INFO - Processing /opt/airflow/dags/data/models/United Kingdom.5/TS_model.pkl took 0.121 seconds
[2024-08-17T09:24:52.670+0000] {processor.py:161} INFO - Started process (PID=1938) to work on /opt/airflow/dags/data/models/United Kingdom.5/TS_model.pkl
[2024-08-17T09:24:52.670+0000] {processor.py:830} INFO - Processing file /opt/airflow/dags/data/models/United Kingdom.5/TS_model.pkl for tasks to queue
[2024-08-17T09:24:52.672+0000] {logging_mixin.py:188} INFO - [2024-08-17T09:24:52.672+0000] {dagbag.py:545} INFO - Filling up the DagBag from /opt/airflow/dags/data/models/United Kingdom.5/TS_model.pkl
[2024-08-17T09:24:52.680+0000] {processor.py:842} WARNING - No viable dags retrieved from /opt/airflow/dags/data/models/United Kingdom.5/TS_model.pkl
[2024-08-17T09:24:52.688+0000] {processor.py:183} INFO - Processing /opt/airflow/dags/data/models/United Kingdom.5/TS_model.pkl took 0.022 seconds
[2024-08-17T09:25:23.418+0000] {processor.py:161} INFO - Started process (PID=2392) to work on /opt/airflow/dags/data/models/United Kingdom.5/TS_model.pkl
[2024-08-17T09:25:23.420+0000] {processor.py:830} INFO - Processing file /opt/airflow/dags/data/models/United Kingdom.5/TS_model.pkl for tasks to queue
[2024-08-17T09:25:23.422+0000] {logging_mixin.py:188} INFO - [2024-08-17T09:25:23.422+0000] {dagbag.py:545} INFO - Filling up the DagBag from /opt/airflow/dags/data/models/United Kingdom.5/TS_model.pkl
[2024-08-17T09:25:23.435+0000] {processor.py:842} WARNING - No viable dags retrieved from /opt/airflow/dags/data/models/United Kingdom.5/TS_model.pkl
[2024-08-17T09:25:23.443+0000] {processor.py:183} INFO - Processing /opt/airflow/dags/data/models/United Kingdom.5/TS_model.pkl took 0.028 seconds
[2024-08-17T09:25:53.853+0000] {processor.py:161} INFO - Started process (PID=2820) to work on /opt/airflow/dags/data/models/United Kingdom.5/TS_model.pkl
[2024-08-17T09:25:53.853+0000] {processor.py:830} INFO - Processing file /opt/airflow/dags/data/models/United Kingdom.5/TS_model.pkl for tasks to queue
[2024-08-17T09:25:53.855+0000] {logging_mixin.py:188} INFO - [2024-08-17T09:25:53.855+0000] {dagbag.py:545} INFO - Filling up the DagBag from /opt/airflow/dags/data/models/United Kingdom.5/TS_model.pkl
[2024-08-17T09:25:53.862+0000] {processor.py:842} WARNING - No viable dags retrieved from /opt/airflow/dags/data/models/United Kingdom.5/TS_model.pkl
[2024-08-17T09:25:53.870+0000] {processor.py:183} INFO - Processing /opt/airflow/dags/data/models/United Kingdom.5/TS_model.pkl took 0.021 seconds
[2024-08-17T09:26:24.577+0000] {processor.py:161} INFO - Started process (PID=3274) to work on /opt/airflow/dags/data/models/United Kingdom.5/TS_model.pkl
[2024-08-17T09:26:24.578+0000] {processor.py:830} INFO - Processing file /opt/airflow/dags/data/models/United Kingdom.5/TS_model.pkl for tasks to queue
[2024-08-17T09:26:24.580+0000] {logging_mixin.py:188} INFO - [2024-08-17T09:26:24.579+0000] {dagbag.py:545} INFO - Filling up the DagBag from /opt/airflow/dags/data/models/United Kingdom.5/TS_model.pkl
[2024-08-17T09:26:24.587+0000] {processor.py:842} WARNING - No viable dags retrieved from /opt/airflow/dags/data/models/United Kingdom.5/TS_model.pkl
[2024-08-17T09:26:24.595+0000] {processor.py:183} INFO - Processing /opt/airflow/dags/data/models/United Kingdom.5/TS_model.pkl took 0.021 seconds
[2024-08-17T09:26:55.293+0000] {processor.py:161} INFO - Started process (PID=3702) to work on /opt/airflow/dags/data/models/United Kingdom.5/TS_model.pkl
[2024-08-17T09:26:55.293+0000] {processor.py:830} INFO - Processing file /opt/airflow/dags/data/models/United Kingdom.5/TS_model.pkl for tasks to queue
[2024-08-17T09:26:55.295+0000] {logging_mixin.py:188} INFO - [2024-08-17T09:26:55.295+0000] {dagbag.py:545} INFO - Filling up the DagBag from /opt/airflow/dags/data/models/United Kingdom.5/TS_model.pkl
[2024-08-17T09:26:55.309+0000] {processor.py:842} WARNING - No viable dags retrieved from /opt/airflow/dags/data/models/United Kingdom.5/TS_model.pkl
[2024-08-17T09:26:55.318+0000] {processor.py:183} INFO - Processing /opt/airflow/dags/data/models/United Kingdom.5/TS_model.pkl took 0.028 seconds
[2024-08-17T09:27:26.076+0000] {processor.py:161} INFO - Started process (PID=4156) to work on /opt/airflow/dags/data/models/United Kingdom.5/TS_model.pkl
[2024-08-17T09:27:26.077+0000] {processor.py:830} INFO - Processing file /opt/airflow/dags/data/models/United Kingdom.5/TS_model.pkl for tasks to queue
[2024-08-17T09:27:26.078+0000] {logging_mixin.py:188} INFO - [2024-08-17T09:27:26.078+0000] {dagbag.py:545} INFO - Filling up the DagBag from /opt/airflow/dags/data/models/United Kingdom.5/TS_model.pkl
[2024-08-17T09:27:26.085+0000] {processor.py:842} WARNING - No viable dags retrieved from /opt/airflow/dags/data/models/United Kingdom.5/TS_model.pkl
[2024-08-17T09:27:26.094+0000] {processor.py:183} INFO - Processing /opt/airflow/dags/data/models/United Kingdom.5/TS_model.pkl took 0.021 seconds
[2024-08-17T09:27:57.066+0000] {processor.py:161} INFO - Started process (PID=4592) to work on /opt/airflow/dags/data/models/United Kingdom.5/TS_model.pkl
[2024-08-17T09:27:57.067+0000] {processor.py:830} INFO - Processing file /opt/airflow/dags/data/models/United Kingdom.5/TS_model.pkl for tasks to queue
[2024-08-17T09:27:57.068+0000] {logging_mixin.py:188} INFO - [2024-08-17T09:27:57.068+0000] {dagbag.py:545} INFO - Filling up the DagBag from /opt/airflow/dags/data/models/United Kingdom.5/TS_model.pkl
[2024-08-17T09:27:57.078+0000] {processor.py:842} WARNING - No viable dags retrieved from /opt/airflow/dags/data/models/United Kingdom.5/TS_model.pkl
[2024-08-17T09:27:57.088+0000] {processor.py:183} INFO - Processing /opt/airflow/dags/data/models/United Kingdom.5/TS_model.pkl took 0.025 seconds
[2024-08-17T09:28:27.893+0000] {processor.py:161} INFO - Started process (PID=5018) to work on /opt/airflow/dags/data/models/United Kingdom.5/TS_model.pkl
[2024-08-17T09:28:27.894+0000] {processor.py:830} INFO - Processing file /opt/airflow/dags/data/models/United Kingdom.5/TS_model.pkl for tasks to queue
[2024-08-17T09:28:27.895+0000] {logging_mixin.py:188} INFO - [2024-08-17T09:28:27.894+0000] {dagbag.py:545} INFO - Filling up the DagBag from /opt/airflow/dags/data/models/United Kingdom.5/TS_model.pkl
[2024-08-17T09:28:27.901+0000] {processor.py:842} WARNING - No viable dags retrieved from /opt/airflow/dags/data/models/United Kingdom.5/TS_model.pkl
[2024-08-17T09:28:27.910+0000] {processor.py:183} INFO - Processing /opt/airflow/dags/data/models/United Kingdom.5/TS_model.pkl took 0.020 seconds
[2024-08-17T09:28:58.824+0000] {processor.py:161} INFO - Started process (PID=5472) to work on /opt/airflow/dags/data/models/United Kingdom.5/TS_model.pkl
[2024-08-17T09:28:58.825+0000] {processor.py:830} INFO - Processing file /opt/airflow/dags/data/models/United Kingdom.5/TS_model.pkl for tasks to queue
[2024-08-17T09:28:58.826+0000] {logging_mixin.py:188} INFO - [2024-08-17T09:28:58.825+0000] {dagbag.py:545} INFO - Filling up the DagBag from /opt/airflow/dags/data/models/United Kingdom.5/TS_model.pkl
[2024-08-17T09:28:58.834+0000] {processor.py:842} WARNING - No viable dags retrieved from /opt/airflow/dags/data/models/United Kingdom.5/TS_model.pkl
[2024-08-17T09:28:58.842+0000] {processor.py:183} INFO - Processing /opt/airflow/dags/data/models/United Kingdom.5/TS_model.pkl took 0.022 seconds
[2024-08-17T09:29:29.852+0000] {processor.py:161} INFO - Started process (PID=5926) to work on /opt/airflow/dags/data/models/United Kingdom.5/TS_model.pkl
[2024-08-17T09:29:29.852+0000] {processor.py:830} INFO - Processing file /opt/airflow/dags/data/models/United Kingdom.5/TS_model.pkl for tasks to queue
[2024-08-17T09:29:29.853+0000] {logging_mixin.py:188} INFO - [2024-08-17T09:29:29.853+0000] {dagbag.py:545} INFO - Filling up the DagBag from /opt/airflow/dags/data/models/United Kingdom.5/TS_model.pkl
[2024-08-17T09:29:29.862+0000] {processor.py:842} WARNING - No viable dags retrieved from /opt/airflow/dags/data/models/United Kingdom.5/TS_model.pkl
[2024-08-17T09:29:29.872+0000] {processor.py:183} INFO - Processing /opt/airflow/dags/data/models/United Kingdom.5/TS_model.pkl took 0.024 seconds
[2024-08-17T09:30:00.528+0000] {processor.py:161} INFO - Started process (PID=6335) to work on /opt/airflow/dags/data/models/United Kingdom.5/TS_model.pkl
[2024-08-17T09:30:00.528+0000] {processor.py:830} INFO - Processing file /opt/airflow/dags/data/models/United Kingdom.5/TS_model.pkl for tasks to queue
[2024-08-17T09:30:00.529+0000] {logging_mixin.py:188} INFO - [2024-08-17T09:30:00.529+0000] {dagbag.py:545} INFO - Filling up the DagBag from /opt/airflow/dags/data/models/United Kingdom.5/TS_model.pkl
[2024-08-17T09:30:00.537+0000] {processor.py:842} WARNING - No viable dags retrieved from /opt/airflow/dags/data/models/United Kingdom.5/TS_model.pkl
[2024-08-17T09:30:00.546+0000] {processor.py:183} INFO - Processing /opt/airflow/dags/data/models/United Kingdom.5/TS_model.pkl took 0.022 seconds
