[2024-08-17T03:08:59.025+0000] {processor.py:161} INFO - Started process (PID=96085) to work on /opt/airflow/dags/data/models/Timor-Leste/TS_model.pkl
[2024-08-17T03:08:59.026+0000] {processor.py:830} INFO - Processing file /opt/airflow/dags/data/models/Timor-Leste/TS_model.pkl for tasks to queue
[2024-08-17T03:08:59.026+0000] {logging_mixin.py:188} INFO - [2024-08-17T03:08:59.026+0000] {dagbag.py:545} INFO - Filling up the DagBag from /opt/airflow/dags/data/models/Timor-Leste/TS_model.pkl
[2024-08-17T03:08:59.039+0000] {processor.py:842} WARNING - No viable dags retrieved from /opt/airflow/dags/data/models/Timor-Leste/TS_model.pkl
[2024-08-17T03:08:59.050+0000] {processor.py:183} INFO - Processing /opt/airflow/dags/data/models/Timor-Leste/TS_model.pkl took 0.029 seconds
[2024-08-17T03:09:30.400+0000] {processor.py:161} INFO - Started process (PID=96528) to work on /opt/airflow/dags/data/models/Timor-Leste/TS_model.pkl
[2024-08-17T03:09:30.400+0000] {processor.py:830} INFO - Processing file /opt/airflow/dags/data/models/Timor-Leste/TS_model.pkl for tasks to queue
[2024-08-17T03:09:30.401+0000] {logging_mixin.py:188} INFO - [2024-08-17T03:09:30.401+0000] {dagbag.py:545} INFO - Filling up the DagBag from /opt/airflow/dags/data/models/Timor-Leste/TS_model.pkl
[2024-08-17T03:09:30.414+0000] {processor.py:842} WARNING - No viable dags retrieved from /opt/airflow/dags/data/models/Timor-Leste/TS_model.pkl
[2024-08-17T03:09:30.424+0000] {processor.py:183} INFO - Processing /opt/airflow/dags/data/models/Timor-Leste/TS_model.pkl took 0.029 seconds
[2024-08-17T03:10:01.344+0000] {processor.py:161} INFO - Started process (PID=96951) to work on /opt/airflow/dags/data/models/Timor-Leste/TS_model.pkl
[2024-08-17T03:10:01.345+0000] {processor.py:830} INFO - Processing file /opt/airflow/dags/data/models/Timor-Leste/TS_model.pkl for tasks to queue
[2024-08-17T03:10:01.345+0000] {logging_mixin.py:188} INFO - [2024-08-17T03:10:01.345+0000] {dagbag.py:545} INFO - Filling up the DagBag from /opt/airflow/dags/data/models/Timor-Leste/TS_model.pkl
[2024-08-17T03:10:01.355+0000] {processor.py:842} WARNING - No viable dags retrieved from /opt/airflow/dags/data/models/Timor-Leste/TS_model.pkl
[2024-08-17T03:10:01.366+0000] {processor.py:183} INFO - Processing /opt/airflow/dags/data/models/Timor-Leste/TS_model.pkl took 0.026 seconds
[2024-08-17T03:10:32.125+0000] {processor.py:161} INFO - Started process (PID=97387) to work on /opt/airflow/dags/data/models/Timor-Leste/TS_model.pkl
[2024-08-17T03:10:32.126+0000] {processor.py:830} INFO - Processing file /opt/airflow/dags/data/models/Timor-Leste/TS_model.pkl for tasks to queue
[2024-08-17T03:10:32.127+0000] {logging_mixin.py:188} INFO - [2024-08-17T03:10:32.126+0000] {dagbag.py:545} INFO - Filling up the DagBag from /opt/airflow/dags/data/models/Timor-Leste/TS_model.pkl
[2024-08-17T03:10:32.140+0000] {processor.py:842} WARNING - No viable dags retrieved from /opt/airflow/dags/data/models/Timor-Leste/TS_model.pkl
[2024-08-17T03:10:32.151+0000] {processor.py:183} INFO - Processing /opt/airflow/dags/data/models/Timor-Leste/TS_model.pkl took 0.030 seconds
[2024-08-17T03:11:03.017+0000] {processor.py:161} INFO - Started process (PID=97830) to work on /opt/airflow/dags/data/models/Timor-Leste/TS_model.pkl
[2024-08-17T03:11:03.018+0000] {processor.py:830} INFO - Processing file /opt/airflow/dags/data/models/Timor-Leste/TS_model.pkl for tasks to queue
[2024-08-17T03:11:03.018+0000] {logging_mixin.py:188} INFO - [2024-08-17T03:11:03.018+0000] {dagbag.py:545} INFO - Filling up the DagBag from /opt/airflow/dags/data/models/Timor-Leste/TS_model.pkl
[2024-08-17T03:11:03.029+0000] {processor.py:842} WARNING - No viable dags retrieved from /opt/airflow/dags/data/models/Timor-Leste/TS_model.pkl
[2024-08-17T03:11:03.040+0000] {processor.py:183} INFO - Processing /opt/airflow/dags/data/models/Timor-Leste/TS_model.pkl took 0.027 seconds
[2024-08-17T03:11:33.684+0000] {processor.py:161} INFO - Started process (PID=98226) to work on /opt/airflow/dags/data/models/Timor-Leste/TS_model.pkl
[2024-08-17T03:11:33.684+0000] {processor.py:830} INFO - Processing file /opt/airflow/dags/data/models/Timor-Leste/TS_model.pkl for tasks to queue
[2024-08-17T03:11:33.685+0000] {logging_mixin.py:188} INFO - [2024-08-17T03:11:33.685+0000] {dagbag.py:545} INFO - Filling up the DagBag from /opt/airflow/dags/data/models/Timor-Leste/TS_model.pkl
[2024-08-17T03:11:33.693+0000] {processor.py:842} WARNING - No viable dags retrieved from /opt/airflow/dags/data/models/Timor-Leste/TS_model.pkl
[2024-08-17T03:11:33.703+0000] {processor.py:183} INFO - Processing /opt/airflow/dags/data/models/Timor-Leste/TS_model.pkl took 0.023 seconds
[2024-08-17T03:12:04.175+0000] {processor.py:161} INFO - Started process (PID=98669) to work on /opt/airflow/dags/data/models/Timor-Leste/TS_model.pkl
[2024-08-17T03:12:04.175+0000] {processor.py:830} INFO - Processing file /opt/airflow/dags/data/models/Timor-Leste/TS_model.pkl for tasks to queue
[2024-08-17T03:12:04.176+0000] {logging_mixin.py:188} INFO - [2024-08-17T03:12:04.176+0000] {dagbag.py:545} INFO - Filling up the DagBag from /opt/airflow/dags/data/models/Timor-Leste/TS_model.pkl
[2024-08-17T03:12:04.185+0000] {processor.py:842} WARNING - No viable dags retrieved from /opt/airflow/dags/data/models/Timor-Leste/TS_model.pkl
[2024-08-17T03:12:04.195+0000] {processor.py:183} INFO - Processing /opt/airflow/dags/data/models/Timor-Leste/TS_model.pkl took 0.024 seconds
[2024-08-17T03:12:35.128+0000] {processor.py:161} INFO - Started process (PID=99086) to work on /opt/airflow/dags/data/models/Timor-Leste/TS_model.pkl
[2024-08-17T03:12:35.128+0000] {processor.py:830} INFO - Processing file /opt/airflow/dags/data/models/Timor-Leste/TS_model.pkl for tasks to queue
[2024-08-17T03:12:35.129+0000] {logging_mixin.py:188} INFO - [2024-08-17T03:12:35.129+0000] {dagbag.py:545} INFO - Filling up the DagBag from /opt/airflow/dags/data/models/Timor-Leste/TS_model.pkl
[2024-08-17T03:12:35.142+0000] {processor.py:842} WARNING - No viable dags retrieved from /opt/airflow/dags/data/models/Timor-Leste/TS_model.pkl
[2024-08-17T03:12:35.152+0000] {processor.py:183} INFO - Processing /opt/airflow/dags/data/models/Timor-Leste/TS_model.pkl took 0.028 seconds
[2024-08-17T03:13:05.792+0000] {processor.py:161} INFO - Started process (PID=99529) to work on /opt/airflow/dags/data/models/Timor-Leste/TS_model.pkl
[2024-08-17T03:13:05.793+0000] {processor.py:830} INFO - Processing file /opt/airflow/dags/data/models/Timor-Leste/TS_model.pkl for tasks to queue
[2024-08-17T03:13:05.793+0000] {logging_mixin.py:188} INFO - [2024-08-17T03:13:05.793+0000] {dagbag.py:545} INFO - Filling up the DagBag from /opt/airflow/dags/data/models/Timor-Leste/TS_model.pkl
[2024-08-17T03:13:05.804+0000] {processor.py:842} WARNING - No viable dags retrieved from /opt/airflow/dags/data/models/Timor-Leste/TS_model.pkl
[2024-08-17T03:13:05.814+0000] {processor.py:183} INFO - Processing /opt/airflow/dags/data/models/Timor-Leste/TS_model.pkl took 0.026 seconds
[2024-08-17T03:13:37.034+0000] {processor.py:161} INFO - Started process (PID=99974) to work on /opt/airflow/dags/data/models/Timor-Leste/TS_model.pkl
[2024-08-17T03:13:37.034+0000] {processor.py:830} INFO - Processing file /opt/airflow/dags/data/models/Timor-Leste/TS_model.pkl for tasks to queue
[2024-08-17T03:13:37.035+0000] {logging_mixin.py:188} INFO - [2024-08-17T03:13:37.035+0000] {dagbag.py:545} INFO - Filling up the DagBag from /opt/airflow/dags/data/models/Timor-Leste/TS_model.pkl
[2024-08-17T03:13:37.048+0000] {processor.py:842} WARNING - No viable dags retrieved from /opt/airflow/dags/data/models/Timor-Leste/TS_model.pkl
[2024-08-17T03:13:37.058+0000] {processor.py:183} INFO - Processing /opt/airflow/dags/data/models/Timor-Leste/TS_model.pkl took 0.029 seconds
[2024-08-17T03:14:07.722+0000] {processor.py:161} INFO - Started process (PID=685) to work on /opt/airflow/dags/data/models/Timor-Leste/TS_model.pkl
[2024-08-17T03:14:07.723+0000] {processor.py:830} INFO - Processing file /opt/airflow/dags/data/models/Timor-Leste/TS_model.pkl for tasks to queue
[2024-08-17T03:14:07.724+0000] {logging_mixin.py:188} INFO - [2024-08-17T03:14:07.723+0000] {dagbag.py:545} INFO - Filling up the DagBag from /opt/airflow/dags/data/models/Timor-Leste/TS_model.pkl
[2024-08-17T03:14:07.736+0000] {processor.py:842} WARNING - No viable dags retrieved from /opt/airflow/dags/data/models/Timor-Leste/TS_model.pkl
[2024-08-17T03:14:07.746+0000] {processor.py:183} INFO - Processing /opt/airflow/dags/data/models/Timor-Leste/TS_model.pkl took 0.027 seconds
[2024-08-17T03:14:38.152+0000] {processor.py:161} INFO - Started process (PID=1137) to work on /opt/airflow/dags/data/models/Timor-Leste/TS_model.pkl
[2024-08-17T03:14:38.152+0000] {processor.py:830} INFO - Processing file /opt/airflow/dags/data/models/Timor-Leste/TS_model.pkl for tasks to queue
[2024-08-17T03:14:38.154+0000] {logging_mixin.py:188} INFO - [2024-08-17T03:14:38.153+0000] {dagbag.py:545} INFO - Filling up the DagBag from /opt/airflow/dags/data/models/Timor-Leste/TS_model.pkl
[2024-08-17T03:14:38.164+0000] {processor.py:842} WARNING - No viable dags retrieved from /opt/airflow/dags/data/models/Timor-Leste/TS_model.pkl
[2024-08-17T03:14:38.173+0000] {processor.py:183} INFO - Processing /opt/airflow/dags/data/models/Timor-Leste/TS_model.pkl took 0.025 seconds
[2024-08-17T03:15:09.489+0000] {processor.py:161} INFO - Started process (PID=1565) to work on /opt/airflow/dags/data/models/Timor-Leste/TS_model.pkl
[2024-08-17T03:15:09.490+0000] {processor.py:830} INFO - Processing file /opt/airflow/dags/data/models/Timor-Leste/TS_model.pkl for tasks to queue
[2024-08-17T03:15:09.491+0000] {logging_mixin.py:188} INFO - [2024-08-17T03:15:09.490+0000] {dagbag.py:545} INFO - Filling up the DagBag from /opt/airflow/dags/data/models/Timor-Leste/TS_model.pkl
[2024-08-17T03:15:09.498+0000] {processor.py:842} WARNING - No viable dags retrieved from /opt/airflow/dags/data/models/Timor-Leste/TS_model.pkl
[2024-08-17T03:15:09.507+0000] {processor.py:183} INFO - Processing /opt/airflow/dags/data/models/Timor-Leste/TS_model.pkl took 0.021 seconds
[2024-08-17T03:15:40.926+0000] {processor.py:161} INFO - Started process (PID=1998) to work on /opt/airflow/dags/data/models/Timor-Leste/TS_model.pkl
[2024-08-17T03:15:40.927+0000] {processor.py:830} INFO - Processing file /opt/airflow/dags/data/models/Timor-Leste/TS_model.pkl for tasks to queue
[2024-08-17T03:15:40.927+0000] {logging_mixin.py:188} INFO - [2024-08-17T03:15:40.927+0000] {dagbag.py:545} INFO - Filling up the DagBag from /opt/airflow/dags/data/models/Timor-Leste/TS_model.pkl
[2024-08-17T03:15:40.944+0000] {processor.py:842} WARNING - No viable dags retrieved from /opt/airflow/dags/data/models/Timor-Leste/TS_model.pkl
[2024-08-17T03:15:40.953+0000] {processor.py:183} INFO - Processing /opt/airflow/dags/data/models/Timor-Leste/TS_model.pkl took 0.031 seconds
[2024-08-17T03:16:11.872+0000] {processor.py:161} INFO - Started process (PID=2431) to work on /opt/airflow/dags/data/models/Timor-Leste/TS_model.pkl
[2024-08-17T03:16:11.872+0000] {processor.py:830} INFO - Processing file /opt/airflow/dags/data/models/Timor-Leste/TS_model.pkl for tasks to queue
[2024-08-17T03:16:11.873+0000] {logging_mixin.py:188} INFO - [2024-08-17T03:16:11.872+0000] {dagbag.py:545} INFO - Filling up the DagBag from /opt/airflow/dags/data/models/Timor-Leste/TS_model.pkl
[2024-08-17T03:16:11.881+0000] {processor.py:842} WARNING - No viable dags retrieved from /opt/airflow/dags/data/models/Timor-Leste/TS_model.pkl
[2024-08-17T03:16:11.890+0000] {processor.py:183} INFO - Processing /opt/airflow/dags/data/models/Timor-Leste/TS_model.pkl took 0.022 seconds
[2024-08-17T03:16:43.295+0000] {processor.py:161} INFO - Started process (PID=2858) to work on /opt/airflow/dags/data/models/Timor-Leste/TS_model.pkl
[2024-08-17T03:16:43.296+0000] {processor.py:830} INFO - Processing file /opt/airflow/dags/data/models/Timor-Leste/TS_model.pkl for tasks to queue
[2024-08-17T03:16:43.297+0000] {logging_mixin.py:188} INFO - [2024-08-17T03:16:43.296+0000] {dagbag.py:545} INFO - Filling up the DagBag from /opt/airflow/dags/data/models/Timor-Leste/TS_model.pkl
[2024-08-17T03:16:43.305+0000] {processor.py:842} WARNING - No viable dags retrieved from /opt/airflow/dags/data/models/Timor-Leste/TS_model.pkl
[2024-08-17T03:16:43.314+0000] {processor.py:183} INFO - Processing /opt/airflow/dags/data/models/Timor-Leste/TS_model.pkl took 0.023 seconds
[2024-08-17T03:17:13.906+0000] {processor.py:161} INFO - Started process (PID=3312) to work on /opt/airflow/dags/data/models/Timor-Leste/TS_model.pkl
[2024-08-17T03:17:13.907+0000] {processor.py:830} INFO - Processing file /opt/airflow/dags/data/models/Timor-Leste/TS_model.pkl for tasks to queue
[2024-08-17T03:17:13.907+0000] {logging_mixin.py:188} INFO - [2024-08-17T03:17:13.907+0000] {dagbag.py:545} INFO - Filling up the DagBag from /opt/airflow/dags/data/models/Timor-Leste/TS_model.pkl
[2024-08-17T03:17:13.915+0000] {processor.py:842} WARNING - No viable dags retrieved from /opt/airflow/dags/data/models/Timor-Leste/TS_model.pkl
[2024-08-17T03:17:13.924+0000] {processor.py:183} INFO - Processing /opt/airflow/dags/data/models/Timor-Leste/TS_model.pkl took 0.022 seconds
[2024-08-17T03:17:44.531+0000] {processor.py:161} INFO - Started process (PID=3726) to work on /opt/airflow/dags/data/models/Timor-Leste/TS_model.pkl
[2024-08-17T03:17:44.532+0000] {processor.py:830} INFO - Processing file /opt/airflow/dags/data/models/Timor-Leste/TS_model.pkl for tasks to queue
[2024-08-17T03:17:44.533+0000] {logging_mixin.py:188} INFO - [2024-08-17T03:17:44.533+0000] {dagbag.py:545} INFO - Filling up the DagBag from /opt/airflow/dags/data/models/Timor-Leste/TS_model.pkl
[2024-08-17T03:17:44.540+0000] {processor.py:842} WARNING - No viable dags retrieved from /opt/airflow/dags/data/models/Timor-Leste/TS_model.pkl
[2024-08-17T03:17:44.550+0000] {processor.py:183} INFO - Processing /opt/airflow/dags/data/models/Timor-Leste/TS_model.pkl took 0.023 seconds
[2024-08-17T03:18:15.108+0000] {processor.py:161} INFO - Started process (PID=4173) to work on /opt/airflow/dags/data/models/Timor-Leste/TS_model.pkl
[2024-08-17T03:18:15.110+0000] {processor.py:830} INFO - Processing file /opt/airflow/dags/data/models/Timor-Leste/TS_model.pkl for tasks to queue
[2024-08-17T03:18:15.110+0000] {logging_mixin.py:188} INFO - [2024-08-17T03:18:15.110+0000] {dagbag.py:545} INFO - Filling up the DagBag from /opt/airflow/dags/data/models/Timor-Leste/TS_model.pkl
[2024-08-17T03:18:15.131+0000] {processor.py:842} WARNING - No viable dags retrieved from /opt/airflow/dags/data/models/Timor-Leste/TS_model.pkl
[2024-08-17T03:18:15.139+0000] {processor.py:183} INFO - Processing /opt/airflow/dags/data/models/Timor-Leste/TS_model.pkl took 0.035 seconds
[2024-08-17T03:18:45.978+0000] {processor.py:161} INFO - Started process (PID=4626) to work on /opt/airflow/dags/data/models/Timor-Leste/TS_model.pkl
[2024-08-17T03:18:45.978+0000] {processor.py:830} INFO - Processing file /opt/airflow/dags/data/models/Timor-Leste/TS_model.pkl for tasks to queue
[2024-08-17T03:18:45.979+0000] {logging_mixin.py:188} INFO - [2024-08-17T03:18:45.979+0000] {dagbag.py:545} INFO - Filling up the DagBag from /opt/airflow/dags/data/models/Timor-Leste/TS_model.pkl
[2024-08-17T03:18:45.991+0000] {processor.py:842} WARNING - No viable dags retrieved from /opt/airflow/dags/data/models/Timor-Leste/TS_model.pkl
[2024-08-17T03:18:46.000+0000] {processor.py:183} INFO - Processing /opt/airflow/dags/data/models/Timor-Leste/TS_model.pkl took 0.026 seconds
[2024-08-17T03:19:16.490+0000] {processor.py:161} INFO - Started process (PID=5054) to work on /opt/airflow/dags/data/models/Timor-Leste/TS_model.pkl
[2024-08-17T03:19:16.491+0000] {processor.py:830} INFO - Processing file /opt/airflow/dags/data/models/Timor-Leste/TS_model.pkl for tasks to queue
[2024-08-17T03:19:16.493+0000] {logging_mixin.py:188} INFO - [2024-08-17T03:19:16.493+0000] {dagbag.py:545} INFO - Filling up the DagBag from /opt/airflow/dags/data/models/Timor-Leste/TS_model.pkl
[2024-08-17T03:19:16.500+0000] {processor.py:842} WARNING - No viable dags retrieved from /opt/airflow/dags/data/models/Timor-Leste/TS_model.pkl
[2024-08-17T03:19:16.510+0000] {processor.py:183} INFO - Processing /opt/airflow/dags/data/models/Timor-Leste/TS_model.pkl took 0.024 seconds
[2024-08-17T03:19:46.888+0000] {processor.py:161} INFO - Started process (PID=5505) to work on /opt/airflow/dags/data/models/Timor-Leste/TS_model.pkl
[2024-08-17T03:19:46.889+0000] {processor.py:830} INFO - Processing file /opt/airflow/dags/data/models/Timor-Leste/TS_model.pkl for tasks to queue
[2024-08-17T03:19:46.890+0000] {logging_mixin.py:188} INFO - [2024-08-17T03:19:46.889+0000] {dagbag.py:545} INFO - Filling up the DagBag from /opt/airflow/dags/data/models/Timor-Leste/TS_model.pkl
[2024-08-17T03:19:46.897+0000] {processor.py:842} WARNING - No viable dags retrieved from /opt/airflow/dags/data/models/Timor-Leste/TS_model.pkl
[2024-08-17T03:19:46.906+0000] {processor.py:183} INFO - Processing /opt/airflow/dags/data/models/Timor-Leste/TS_model.pkl took 0.022 seconds
[2024-08-17T03:20:18.155+0000] {processor.py:161} INFO - Started process (PID=5926) to work on /opt/airflow/dags/data/models/Timor-Leste/TS_model.pkl
[2024-08-17T03:20:18.156+0000] {processor.py:830} INFO - Processing file /opt/airflow/dags/data/models/Timor-Leste/TS_model.pkl for tasks to queue
[2024-08-17T03:20:18.156+0000] {logging_mixin.py:188} INFO - [2024-08-17T03:20:18.156+0000] {dagbag.py:545} INFO - Filling up the DagBag from /opt/airflow/dags/data/models/Timor-Leste/TS_model.pkl
[2024-08-17T03:20:18.164+0000] {processor.py:842} WARNING - No viable dags retrieved from /opt/airflow/dags/data/models/Timor-Leste/TS_model.pkl
[2024-08-17T03:20:18.173+0000] {processor.py:183} INFO - Processing /opt/airflow/dags/data/models/Timor-Leste/TS_model.pkl took 0.022 seconds
[2024-08-17T03:20:50.177+0000] {processor.py:161} INFO - Started process (PID=6379) to work on /opt/airflow/dags/data/models/Timor-Leste/TS_model.pkl
[2024-08-17T03:20:50.178+0000] {processor.py:830} INFO - Processing file /opt/airflow/dags/data/models/Timor-Leste/TS_model.pkl for tasks to queue
[2024-08-17T03:20:50.178+0000] {logging_mixin.py:188} INFO - [2024-08-17T03:20:50.178+0000] {dagbag.py:545} INFO - Filling up the DagBag from /opt/airflow/dags/data/models/Timor-Leste/TS_model.pkl
[2024-08-17T03:20:50.189+0000] {processor.py:842} WARNING - No viable dags retrieved from /opt/airflow/dags/data/models/Timor-Leste/TS_model.pkl
[2024-08-17T03:20:50.198+0000] {processor.py:183} INFO - Processing /opt/airflow/dags/data/models/Timor-Leste/TS_model.pkl took 0.025 seconds
[2024-08-17T03:21:20.998+0000] {processor.py:161} INFO - Started process (PID=6812) to work on /opt/airflow/dags/data/models/Timor-Leste/TS_model.pkl
[2024-08-17T03:21:20.999+0000] {processor.py:830} INFO - Processing file /opt/airflow/dags/data/models/Timor-Leste/TS_model.pkl for tasks to queue
[2024-08-17T03:21:21.000+0000] {logging_mixin.py:188} INFO - [2024-08-17T03:21:21.000+0000] {dagbag.py:545} INFO - Filling up the DagBag from /opt/airflow/dags/data/models/Timor-Leste/TS_model.pkl
[2024-08-17T03:21:21.007+0000] {processor.py:842} WARNING - No viable dags retrieved from /opt/airflow/dags/data/models/Timor-Leste/TS_model.pkl
[2024-08-17T03:21:21.017+0000] {processor.py:183} INFO - Processing /opt/airflow/dags/data/models/Timor-Leste/TS_model.pkl took 0.022 seconds
[2024-08-17T03:21:52.137+0000] {processor.py:161} INFO - Started process (PID=7240) to work on /opt/airflow/dags/data/models/Timor-Leste/TS_model.pkl
[2024-08-17T03:21:52.137+0000] {processor.py:830} INFO - Processing file /opt/airflow/dags/data/models/Timor-Leste/TS_model.pkl for tasks to queue
[2024-08-17T03:21:52.138+0000] {logging_mixin.py:188} INFO - [2024-08-17T03:21:52.138+0000] {dagbag.py:545} INFO - Filling up the DagBag from /opt/airflow/dags/data/models/Timor-Leste/TS_model.pkl
[2024-08-17T03:21:52.145+0000] {processor.py:842} WARNING - No viable dags retrieved from /opt/airflow/dags/data/models/Timor-Leste/TS_model.pkl
[2024-08-17T03:21:52.154+0000] {processor.py:183} INFO - Processing /opt/airflow/dags/data/models/Timor-Leste/TS_model.pkl took 0.021 seconds
[2024-08-17T03:22:23.118+0000] {processor.py:161} INFO - Started process (PID=7693) to work on /opt/airflow/dags/data/models/Timor-Leste/TS_model.pkl
[2024-08-17T03:22:23.119+0000] {processor.py:830} INFO - Processing file /opt/airflow/dags/data/models/Timor-Leste/TS_model.pkl for tasks to queue
[2024-08-17T03:22:23.119+0000] {logging_mixin.py:188} INFO - [2024-08-17T03:22:23.119+0000] {dagbag.py:545} INFO - Filling up the DagBag from /opt/airflow/dags/data/models/Timor-Leste/TS_model.pkl
[2024-08-17T03:22:23.127+0000] {processor.py:842} WARNING - No viable dags retrieved from /opt/airflow/dags/data/models/Timor-Leste/TS_model.pkl
[2024-08-17T03:22:23.136+0000] {processor.py:183} INFO - Processing /opt/airflow/dags/data/models/Timor-Leste/TS_model.pkl took 0.022 seconds
[2024-08-17T03:22:53.782+0000] {processor.py:161} INFO - Started process (PID=8127) to work on /opt/airflow/dags/data/models/Timor-Leste/TS_model.pkl
[2024-08-17T03:22:53.783+0000] {processor.py:830} INFO - Processing file /opt/airflow/dags/data/models/Timor-Leste/TS_model.pkl for tasks to queue
[2024-08-17T03:22:53.784+0000] {logging_mixin.py:188} INFO - [2024-08-17T03:22:53.783+0000] {dagbag.py:545} INFO - Filling up the DagBag from /opt/airflow/dags/data/models/Timor-Leste/TS_model.pkl
[2024-08-17T03:22:53.792+0000] {processor.py:842} WARNING - No viable dags retrieved from /opt/airflow/dags/data/models/Timor-Leste/TS_model.pkl
[2024-08-17T03:22:53.804+0000] {processor.py:183} INFO - Processing /opt/airflow/dags/data/models/Timor-Leste/TS_model.pkl took 0.027 seconds
[2024-08-17T03:23:24.354+0000] {processor.py:161} INFO - Started process (PID=8555) to work on /opt/airflow/dags/data/models/Timor-Leste/TS_model.pkl
[2024-08-17T03:23:24.355+0000] {processor.py:830} INFO - Processing file /opt/airflow/dags/data/models/Timor-Leste/TS_model.pkl for tasks to queue
[2024-08-17T03:23:24.355+0000] {logging_mixin.py:188} INFO - [2024-08-17T03:23:24.355+0000] {dagbag.py:545} INFO - Filling up the DagBag from /opt/airflow/dags/data/models/Timor-Leste/TS_model.pkl
[2024-08-17T03:23:24.364+0000] {processor.py:842} WARNING - No viable dags retrieved from /opt/airflow/dags/data/models/Timor-Leste/TS_model.pkl
[2024-08-17T03:23:24.373+0000] {processor.py:183} INFO - Processing /opt/airflow/dags/data/models/Timor-Leste/TS_model.pkl took 0.022 seconds
[2024-08-17T03:23:57.151+0000] {processor.py:161} INFO - Started process (PID=8970) to work on /opt/airflow/dags/data/models/Timor-Leste/TS_model.pkl
[2024-08-17T03:23:57.152+0000] {processor.py:830} INFO - Processing file /opt/airflow/dags/data/models/Timor-Leste/TS_model.pkl for tasks to queue
[2024-08-17T03:23:57.153+0000] {logging_mixin.py:188} INFO - [2024-08-17T03:23:57.153+0000] {dagbag.py:545} INFO - Filling up the DagBag from /opt/airflow/dags/data/models/Timor-Leste/TS_model.pkl
[2024-08-17T03:23:57.169+0000] {processor.py:842} WARNING - No viable dags retrieved from /opt/airflow/dags/data/models/Timor-Leste/TS_model.pkl
[2024-08-17T03:23:57.180+0000] {processor.py:183} INFO - Processing /opt/airflow/dags/data/models/Timor-Leste/TS_model.pkl took 0.033 seconds
[2024-08-17T03:24:28.386+0000] {processor.py:161} INFO - Started process (PID=9424) to work on /opt/airflow/dags/data/models/Timor-Leste/TS_model.pkl
[2024-08-17T03:24:28.387+0000] {processor.py:830} INFO - Processing file /opt/airflow/dags/data/models/Timor-Leste/TS_model.pkl for tasks to queue
[2024-08-17T03:24:28.387+0000] {logging_mixin.py:188} INFO - [2024-08-17T03:24:28.387+0000] {dagbag.py:545} INFO - Filling up the DagBag from /opt/airflow/dags/data/models/Timor-Leste/TS_model.pkl
[2024-08-17T03:24:28.397+0000] {processor.py:842} WARNING - No viable dags retrieved from /opt/airflow/dags/data/models/Timor-Leste/TS_model.pkl
[2024-08-17T03:24:28.407+0000] {processor.py:183} INFO - Processing /opt/airflow/dags/data/models/Timor-Leste/TS_model.pkl took 0.025 seconds
[2024-08-17T03:24:59.340+0000] {processor.py:161} INFO - Started process (PID=9852) to work on /opt/airflow/dags/data/models/Timor-Leste/TS_model.pkl
[2024-08-17T03:24:59.341+0000] {processor.py:830} INFO - Processing file /opt/airflow/dags/data/models/Timor-Leste/TS_model.pkl for tasks to queue
[2024-08-17T03:24:59.342+0000] {logging_mixin.py:188} INFO - [2024-08-17T03:24:59.341+0000] {dagbag.py:545} INFO - Filling up the DagBag from /opt/airflow/dags/data/models/Timor-Leste/TS_model.pkl
[2024-08-17T03:24:59.349+0000] {processor.py:842} WARNING - No viable dags retrieved from /opt/airflow/dags/data/models/Timor-Leste/TS_model.pkl
[2024-08-17T03:24:59.359+0000] {processor.py:183} INFO - Processing /opt/airflow/dags/data/models/Timor-Leste/TS_model.pkl took 0.022 seconds
[2024-08-17T03:25:30.252+0000] {processor.py:161} INFO - Started process (PID=10305) to work on /opt/airflow/dags/data/models/Timor-Leste/TS_model.pkl
[2024-08-17T03:25:30.255+0000] {processor.py:830} INFO - Processing file /opt/airflow/dags/data/models/Timor-Leste/TS_model.pkl for tasks to queue
[2024-08-17T03:25:30.255+0000] {logging_mixin.py:188} INFO - [2024-08-17T03:25:30.255+0000] {dagbag.py:545} INFO - Filling up the DagBag from /opt/airflow/dags/data/models/Timor-Leste/TS_model.pkl
[2024-08-17T03:25:30.264+0000] {processor.py:842} WARNING - No viable dags retrieved from /opt/airflow/dags/data/models/Timor-Leste/TS_model.pkl
[2024-08-17T03:25:30.273+0000] {processor.py:183} INFO - Processing /opt/airflow/dags/data/models/Timor-Leste/TS_model.pkl took 0.025 seconds
[2024-08-17T03:26:01.146+0000] {processor.py:161} INFO - Started process (PID=10740) to work on /opt/airflow/dags/data/models/Timor-Leste/TS_model.pkl
[2024-08-17T03:26:01.147+0000] {processor.py:830} INFO - Processing file /opt/airflow/dags/data/models/Timor-Leste/TS_model.pkl for tasks to queue
[2024-08-17T03:26:01.147+0000] {logging_mixin.py:188} INFO - [2024-08-17T03:26:01.147+0000] {dagbag.py:545} INFO - Filling up the DagBag from /opt/airflow/dags/data/models/Timor-Leste/TS_model.pkl
[2024-08-17T03:26:01.160+0000] {processor.py:842} WARNING - No viable dags retrieved from /opt/airflow/dags/data/models/Timor-Leste/TS_model.pkl
[2024-08-17T03:26:01.169+0000] {processor.py:183} INFO - Processing /opt/airflow/dags/data/models/Timor-Leste/TS_model.pkl took 0.027 seconds
[2024-08-17T03:26:31.717+0000] {processor.py:161} INFO - Started process (PID=11187) to work on /opt/airflow/dags/data/models/Timor-Leste/TS_model.pkl
[2024-08-17T03:26:31.718+0000] {processor.py:830} INFO - Processing file /opt/airflow/dags/data/models/Timor-Leste/TS_model.pkl for tasks to queue
[2024-08-17T03:26:31.718+0000] {logging_mixin.py:188} INFO - [2024-08-17T03:26:31.718+0000] {dagbag.py:545} INFO - Filling up the DagBag from /opt/airflow/dags/data/models/Timor-Leste/TS_model.pkl
[2024-08-17T03:26:31.728+0000] {processor.py:842} WARNING - No viable dags retrieved from /opt/airflow/dags/data/models/Timor-Leste/TS_model.pkl
[2024-08-17T03:26:31.737+0000] {processor.py:183} INFO - Processing /opt/airflow/dags/data/models/Timor-Leste/TS_model.pkl took 0.024 seconds
[2024-08-17T03:27:02.565+0000] {processor.py:161} INFO - Started process (PID=11640) to work on /opt/airflow/dags/data/models/Timor-Leste/TS_model.pkl
[2024-08-17T03:27:02.566+0000] {processor.py:830} INFO - Processing file /opt/airflow/dags/data/models/Timor-Leste/TS_model.pkl for tasks to queue
[2024-08-17T03:27:02.566+0000] {logging_mixin.py:188} INFO - [2024-08-17T03:27:02.566+0000] {dagbag.py:545} INFO - Filling up the DagBag from /opt/airflow/dags/data/models/Timor-Leste/TS_model.pkl
[2024-08-17T03:27:02.573+0000] {processor.py:842} WARNING - No viable dags retrieved from /opt/airflow/dags/data/models/Timor-Leste/TS_model.pkl
[2024-08-17T03:27:02.583+0000] {processor.py:183} INFO - Processing /opt/airflow/dags/data/models/Timor-Leste/TS_model.pkl took 0.022 seconds
[2024-08-17T03:27:33.303+0000] {processor.py:161} INFO - Started process (PID=12068) to work on /opt/airflow/dags/data/models/Timor-Leste/TS_model.pkl
[2024-08-17T03:27:33.303+0000] {processor.py:830} INFO - Processing file /opt/airflow/dags/data/models/Timor-Leste/TS_model.pkl for tasks to queue
[2024-08-17T03:27:33.304+0000] {logging_mixin.py:188} INFO - [2024-08-17T03:27:33.304+0000] {dagbag.py:545} INFO - Filling up the DagBag from /opt/airflow/dags/data/models/Timor-Leste/TS_model.pkl
[2024-08-17T03:27:33.314+0000] {processor.py:842} WARNING - No viable dags retrieved from /opt/airflow/dags/data/models/Timor-Leste/TS_model.pkl
[2024-08-17T03:27:33.323+0000] {processor.py:183} INFO - Processing /opt/airflow/dags/data/models/Timor-Leste/TS_model.pkl took 0.024 seconds
[2024-08-17T03:28:04.322+0000] {processor.py:161} INFO - Started process (PID=12522) to work on /opt/airflow/dags/data/models/Timor-Leste/TS_model.pkl
[2024-08-17T03:28:04.322+0000] {processor.py:830} INFO - Processing file /opt/airflow/dags/data/models/Timor-Leste/TS_model.pkl for tasks to queue
[2024-08-17T03:28:04.323+0000] {logging_mixin.py:188} INFO - [2024-08-17T03:28:04.323+0000] {dagbag.py:545} INFO - Filling up the DagBag from /opt/airflow/dags/data/models/Timor-Leste/TS_model.pkl
[2024-08-17T03:28:04.338+0000] {processor.py:842} WARNING - No viable dags retrieved from /opt/airflow/dags/data/models/Timor-Leste/TS_model.pkl
[2024-08-17T03:28:04.347+0000] {processor.py:183} INFO - Processing /opt/airflow/dags/data/models/Timor-Leste/TS_model.pkl took 0.030 seconds
[2024-08-17T03:28:35.084+0000] {processor.py:161} INFO - Started process (PID=12955) to work on /opt/airflow/dags/data/models/Timor-Leste/TS_model.pkl
[2024-08-17T03:28:35.085+0000] {processor.py:830} INFO - Processing file /opt/airflow/dags/data/models/Timor-Leste/TS_model.pkl for tasks to queue
[2024-08-17T03:28:35.085+0000] {logging_mixin.py:188} INFO - [2024-08-17T03:28:35.085+0000] {dagbag.py:545} INFO - Filling up the DagBag from /opt/airflow/dags/data/models/Timor-Leste/TS_model.pkl
[2024-08-17T03:28:35.095+0000] {processor.py:842} WARNING - No viable dags retrieved from /opt/airflow/dags/data/models/Timor-Leste/TS_model.pkl
[2024-08-17T03:28:35.103+0000] {processor.py:183} INFO - Processing /opt/airflow/dags/data/models/Timor-Leste/TS_model.pkl took 0.023 seconds
[2024-08-17T03:29:05.711+0000] {processor.py:161} INFO - Started process (PID=13382) to work on /opt/airflow/dags/data/models/Timor-Leste/TS_model.pkl
[2024-08-17T03:29:05.711+0000] {processor.py:830} INFO - Processing file /opt/airflow/dags/data/models/Timor-Leste/TS_model.pkl for tasks to queue
[2024-08-17T03:29:05.712+0000] {logging_mixin.py:188} INFO - [2024-08-17T03:29:05.712+0000] {dagbag.py:545} INFO - Filling up the DagBag from /opt/airflow/dags/data/models/Timor-Leste/TS_model.pkl
[2024-08-17T03:29:05.735+0000] {processor.py:842} WARNING - No viable dags retrieved from /opt/airflow/dags/data/models/Timor-Leste/TS_model.pkl
[2024-08-17T03:29:05.746+0000] {processor.py:183} INFO - Processing /opt/airflow/dags/data/models/Timor-Leste/TS_model.pkl took 0.039 seconds
[2024-08-17T03:29:36.271+0000] {processor.py:161} INFO - Started process (PID=13817) to work on /opt/airflow/dags/data/models/Timor-Leste/TS_model.pkl
[2024-08-17T03:29:36.271+0000] {processor.py:830} INFO - Processing file /opt/airflow/dags/data/models/Timor-Leste/TS_model.pkl for tasks to queue
[2024-08-17T03:29:36.272+0000] {logging_mixin.py:188} INFO - [2024-08-17T03:29:36.272+0000] {dagbag.py:545} INFO - Filling up the DagBag from /opt/airflow/dags/data/models/Timor-Leste/TS_model.pkl
[2024-08-17T03:29:36.280+0000] {processor.py:842} WARNING - No viable dags retrieved from /opt/airflow/dags/data/models/Timor-Leste/TS_model.pkl
[2024-08-17T03:29:36.289+0000] {processor.py:183} INFO - Processing /opt/airflow/dags/data/models/Timor-Leste/TS_model.pkl took 0.022 seconds
[2024-08-17T03:30:06.999+0000] {processor.py:161} INFO - Started process (PID=14243) to work on /opt/airflow/dags/data/models/Timor-Leste/TS_model.pkl
[2024-08-17T03:30:07.000+0000] {processor.py:830} INFO - Processing file /opt/airflow/dags/data/models/Timor-Leste/TS_model.pkl for tasks to queue
[2024-08-17T03:30:07.000+0000] {logging_mixin.py:188} INFO - [2024-08-17T03:30:07.000+0000] {dagbag.py:545} INFO - Filling up the DagBag from /opt/airflow/dags/data/models/Timor-Leste/TS_model.pkl
[2024-08-17T03:30:07.010+0000] {processor.py:842} WARNING - No viable dags retrieved from /opt/airflow/dags/data/models/Timor-Leste/TS_model.pkl
[2024-08-17T03:30:07.019+0000] {processor.py:183} INFO - Processing /opt/airflow/dags/data/models/Timor-Leste/TS_model.pkl took 0.023 seconds
[2024-08-17T03:30:37.794+0000] {processor.py:161} INFO - Started process (PID=14697) to work on /opt/airflow/dags/data/models/Timor-Leste/TS_model.pkl
[2024-08-17T03:30:37.795+0000] {processor.py:830} INFO - Processing file /opt/airflow/dags/data/models/Timor-Leste/TS_model.pkl for tasks to queue
[2024-08-17T03:30:37.795+0000] {logging_mixin.py:188} INFO - [2024-08-17T03:30:37.795+0000] {dagbag.py:545} INFO - Filling up the DagBag from /opt/airflow/dags/data/models/Timor-Leste/TS_model.pkl
[2024-08-17T03:30:37.805+0000] {processor.py:842} WARNING - No viable dags retrieved from /opt/airflow/dags/data/models/Timor-Leste/TS_model.pkl
[2024-08-17T03:30:37.814+0000] {processor.py:183} INFO - Processing /opt/airflow/dags/data/models/Timor-Leste/TS_model.pkl took 0.024 seconds
[2024-08-17T03:31:08.421+0000] {processor.py:161} INFO - Started process (PID=15150) to work on /opt/airflow/dags/data/models/Timor-Leste/TS_model.pkl
[2024-08-17T03:31:08.422+0000] {processor.py:830} INFO - Processing file /opt/airflow/dags/data/models/Timor-Leste/TS_model.pkl for tasks to queue
[2024-08-17T03:31:08.423+0000] {logging_mixin.py:188} INFO - [2024-08-17T03:31:08.423+0000] {dagbag.py:545} INFO - Filling up the DagBag from /opt/airflow/dags/data/models/Timor-Leste/TS_model.pkl
[2024-08-17T03:31:08.432+0000] {processor.py:842} WARNING - No viable dags retrieved from /opt/airflow/dags/data/models/Timor-Leste/TS_model.pkl
[2024-08-17T03:31:08.441+0000] {processor.py:183} INFO - Processing /opt/airflow/dags/data/models/Timor-Leste/TS_model.pkl took 0.024 seconds
[2024-08-17T03:31:38.957+0000] {processor.py:161} INFO - Started process (PID=15578) to work on /opt/airflow/dags/data/models/Timor-Leste/TS_model.pkl
[2024-08-17T03:31:38.958+0000] {processor.py:830} INFO - Processing file /opt/airflow/dags/data/models/Timor-Leste/TS_model.pkl for tasks to queue
[2024-08-17T03:31:38.958+0000] {logging_mixin.py:188} INFO - [2024-08-17T03:31:38.958+0000] {dagbag.py:545} INFO - Filling up the DagBag from /opt/airflow/dags/data/models/Timor-Leste/TS_model.pkl
[2024-08-17T03:31:38.967+0000] {processor.py:842} WARNING - No viable dags retrieved from /opt/airflow/dags/data/models/Timor-Leste/TS_model.pkl
[2024-08-17T03:31:38.976+0000] {processor.py:183} INFO - Processing /opt/airflow/dags/data/models/Timor-Leste/TS_model.pkl took 0.022 seconds
[2024-08-17T03:32:09.518+0000] {processor.py:161} INFO - Started process (PID=16010) to work on /opt/airflow/dags/data/models/Timor-Leste/TS_model.pkl
[2024-08-17T03:32:09.519+0000] {processor.py:830} INFO - Processing file /opt/airflow/dags/data/models/Timor-Leste/TS_model.pkl for tasks to queue
[2024-08-17T03:32:09.519+0000] {logging_mixin.py:188} INFO - [2024-08-17T03:32:09.519+0000] {dagbag.py:545} INFO - Filling up the DagBag from /opt/airflow/dags/data/models/Timor-Leste/TS_model.pkl
[2024-08-17T03:32:09.532+0000] {processor.py:842} WARNING - No viable dags retrieved from /opt/airflow/dags/data/models/Timor-Leste/TS_model.pkl
[2024-08-17T03:32:09.540+0000] {processor.py:183} INFO - Processing /opt/airflow/dags/data/models/Timor-Leste/TS_model.pkl took 0.026 seconds
[2024-08-17T03:32:40.339+0000] {processor.py:161} INFO - Started process (PID=16438) to work on /opt/airflow/dags/data/models/Timor-Leste/TS_model.pkl
[2024-08-17T03:32:40.339+0000] {processor.py:830} INFO - Processing file /opt/airflow/dags/data/models/Timor-Leste/TS_model.pkl for tasks to queue
[2024-08-17T03:32:40.340+0000] {logging_mixin.py:188} INFO - [2024-08-17T03:32:40.340+0000] {dagbag.py:545} INFO - Filling up the DagBag from /opt/airflow/dags/data/models/Timor-Leste/TS_model.pkl
[2024-08-17T03:32:40.348+0000] {processor.py:842} WARNING - No viable dags retrieved from /opt/airflow/dags/data/models/Timor-Leste/TS_model.pkl
[2024-08-17T03:32:40.357+0000] {processor.py:183} INFO - Processing /opt/airflow/dags/data/models/Timor-Leste/TS_model.pkl took 0.022 seconds
[2024-08-17T03:33:11.052+0000] {processor.py:161} INFO - Started process (PID=16891) to work on /opt/airflow/dags/data/models/Timor-Leste/TS_model.pkl
[2024-08-17T03:33:11.053+0000] {processor.py:830} INFO - Processing file /opt/airflow/dags/data/models/Timor-Leste/TS_model.pkl for tasks to queue
[2024-08-17T03:33:11.053+0000] {logging_mixin.py:188} INFO - [2024-08-17T03:33:11.053+0000] {dagbag.py:545} INFO - Filling up the DagBag from /opt/airflow/dags/data/models/Timor-Leste/TS_model.pkl
[2024-08-17T03:33:11.063+0000] {processor.py:842} WARNING - No viable dags retrieved from /opt/airflow/dags/data/models/Timor-Leste/TS_model.pkl
[2024-08-17T03:33:11.072+0000] {processor.py:183} INFO - Processing /opt/airflow/dags/data/models/Timor-Leste/TS_model.pkl took 0.024 seconds
[2024-08-17T03:33:41.972+0000] {processor.py:161} INFO - Started process (PID=17345) to work on /opt/airflow/dags/data/models/Timor-Leste/TS_model.pkl
[2024-08-17T03:33:41.973+0000] {processor.py:830} INFO - Processing file /opt/airflow/dags/data/models/Timor-Leste/TS_model.pkl for tasks to queue
[2024-08-17T03:33:41.974+0000] {logging_mixin.py:188} INFO - [2024-08-17T03:33:41.973+0000] {dagbag.py:545} INFO - Filling up the DagBag from /opt/airflow/dags/data/models/Timor-Leste/TS_model.pkl
[2024-08-17T03:33:41.981+0000] {processor.py:842} WARNING - No viable dags retrieved from /opt/airflow/dags/data/models/Timor-Leste/TS_model.pkl
[2024-08-17T03:33:41.990+0000] {processor.py:183} INFO - Processing /opt/airflow/dags/data/models/Timor-Leste/TS_model.pkl took 0.022 seconds
[2024-08-17T03:34:13.187+0000] {processor.py:161} INFO - Started process (PID=17767) to work on /opt/airflow/dags/data/models/Timor-Leste/TS_model.pkl
[2024-08-17T03:34:13.188+0000] {processor.py:830} INFO - Processing file /opt/airflow/dags/data/models/Timor-Leste/TS_model.pkl for tasks to queue
[2024-08-17T03:34:13.189+0000] {logging_mixin.py:188} INFO - [2024-08-17T03:34:13.188+0000] {dagbag.py:545} INFO - Filling up the DagBag from /opt/airflow/dags/data/models/Timor-Leste/TS_model.pkl
[2024-08-17T03:34:13.196+0000] {processor.py:842} WARNING - No viable dags retrieved from /opt/airflow/dags/data/models/Timor-Leste/TS_model.pkl
[2024-08-17T03:34:13.205+0000] {processor.py:183} INFO - Processing /opt/airflow/dags/data/models/Timor-Leste/TS_model.pkl took 0.022 seconds
[2024-08-17T03:34:44.685+0000] {processor.py:161} INFO - Started process (PID=18218) to work on /opt/airflow/dags/data/models/Timor-Leste/TS_model.pkl
[2024-08-17T03:34:44.686+0000] {processor.py:830} INFO - Processing file /opt/airflow/dags/data/models/Timor-Leste/TS_model.pkl for tasks to queue
[2024-08-17T03:34:44.687+0000] {logging_mixin.py:188} INFO - [2024-08-17T03:34:44.686+0000] {dagbag.py:545} INFO - Filling up the DagBag from /opt/airflow/dags/data/models/Timor-Leste/TS_model.pkl
[2024-08-17T03:34:44.694+0000] {processor.py:842} WARNING - No viable dags retrieved from /opt/airflow/dags/data/models/Timor-Leste/TS_model.pkl
[2024-08-17T03:34:44.704+0000] {processor.py:183} INFO - Processing /opt/airflow/dags/data/models/Timor-Leste/TS_model.pkl took 0.023 seconds
[2024-08-17T03:35:15.360+0000] {processor.py:161} INFO - Started process (PID=18646) to work on /opt/airflow/dags/data/models/Timor-Leste/TS_model.pkl
[2024-08-17T03:35:15.360+0000] {processor.py:830} INFO - Processing file /opt/airflow/dags/data/models/Timor-Leste/TS_model.pkl for tasks to queue
[2024-08-17T03:35:15.361+0000] {logging_mixin.py:188} INFO - [2024-08-17T03:35:15.361+0000] {dagbag.py:545} INFO - Filling up the DagBag from /opt/airflow/dags/data/models/Timor-Leste/TS_model.pkl
[2024-08-17T03:35:15.370+0000] {processor.py:842} WARNING - No viable dags retrieved from /opt/airflow/dags/data/models/Timor-Leste/TS_model.pkl
[2024-08-17T03:35:15.379+0000] {processor.py:183} INFO - Processing /opt/airflow/dags/data/models/Timor-Leste/TS_model.pkl took 0.023 seconds
[2024-08-17T03:35:45.687+0000] {processor.py:161} INFO - Started process (PID=19045) to work on /opt/airflow/dags/data/models/Timor-Leste/TS_model.pkl
[2024-08-17T03:35:45.687+0000] {processor.py:830} INFO - Processing file /opt/airflow/dags/data/models/Timor-Leste/TS_model.pkl for tasks to queue
[2024-08-17T03:35:45.688+0000] {logging_mixin.py:188} INFO - [2024-08-17T03:35:45.688+0000] {dagbag.py:545} INFO - Filling up the DagBag from /opt/airflow/dags/data/models/Timor-Leste/TS_model.pkl
[2024-08-17T03:35:45.711+0000] {processor.py:842} WARNING - No viable dags retrieved from /opt/airflow/dags/data/models/Timor-Leste/TS_model.pkl
[2024-08-17T03:35:45.721+0000] {processor.py:183} INFO - Processing /opt/airflow/dags/data/models/Timor-Leste/TS_model.pkl took 0.038 seconds
[2024-08-17T03:36:16.556+0000] {processor.py:161} INFO - Started process (PID=19497) to work on /opt/airflow/dags/data/models/Timor-Leste/TS_model.pkl
[2024-08-17T03:36:16.557+0000] {processor.py:830} INFO - Processing file /opt/airflow/dags/data/models/Timor-Leste/TS_model.pkl for tasks to queue
[2024-08-17T03:36:16.557+0000] {logging_mixin.py:188} INFO - [2024-08-17T03:36:16.557+0000] {dagbag.py:545} INFO - Filling up the DagBag from /opt/airflow/dags/data/models/Timor-Leste/TS_model.pkl
[2024-08-17T03:36:16.566+0000] {processor.py:842} WARNING - No viable dags retrieved from /opt/airflow/dags/data/models/Timor-Leste/TS_model.pkl
[2024-08-17T03:36:16.575+0000] {processor.py:183} INFO - Processing /opt/airflow/dags/data/models/Timor-Leste/TS_model.pkl took 0.023 seconds
[2024-08-17T03:36:46.920+0000] {processor.py:161} INFO - Started process (PID=19915) to work on /opt/airflow/dags/data/models/Timor-Leste/TS_model.pkl
[2024-08-17T03:36:46.921+0000] {processor.py:830} INFO - Processing file /opt/airflow/dags/data/models/Timor-Leste/TS_model.pkl for tasks to queue
[2024-08-17T03:36:46.922+0000] {logging_mixin.py:188} INFO - [2024-08-17T03:36:46.922+0000] {dagbag.py:545} INFO - Filling up the DagBag from /opt/airflow/dags/data/models/Timor-Leste/TS_model.pkl
[2024-08-17T03:36:46.931+0000] {processor.py:842} WARNING - No viable dags retrieved from /opt/airflow/dags/data/models/Timor-Leste/TS_model.pkl
[2024-08-17T03:36:46.940+0000] {processor.py:183} INFO - Processing /opt/airflow/dags/data/models/Timor-Leste/TS_model.pkl took 0.024 seconds
[2024-08-17T03:37:17.966+0000] {processor.py:161} INFO - Started process (PID=20361) to work on /opt/airflow/dags/data/models/Timor-Leste/TS_model.pkl
[2024-08-17T03:37:17.967+0000] {processor.py:830} INFO - Processing file /opt/airflow/dags/data/models/Timor-Leste/TS_model.pkl for tasks to queue
[2024-08-17T03:37:17.968+0000] {logging_mixin.py:188} INFO - [2024-08-17T03:37:17.967+0000] {dagbag.py:545} INFO - Filling up the DagBag from /opt/airflow/dags/data/models/Timor-Leste/TS_model.pkl
[2024-08-17T03:37:18.008+0000] {processor.py:842} WARNING - No viable dags retrieved from /opt/airflow/dags/data/models/Timor-Leste/TS_model.pkl
[2024-08-17T03:37:18.019+0000] {processor.py:183} INFO - Processing /opt/airflow/dags/data/models/Timor-Leste/TS_model.pkl took 0.056 seconds
[2024-08-17T03:37:48.517+0000] {processor.py:161} INFO - Started process (PID=20793) to work on /opt/airflow/dags/data/models/Timor-Leste/TS_model.pkl
[2024-08-17T03:37:48.518+0000] {processor.py:830} INFO - Processing file /opt/airflow/dags/data/models/Timor-Leste/TS_model.pkl for tasks to queue
[2024-08-17T03:37:48.518+0000] {logging_mixin.py:188} INFO - [2024-08-17T03:37:48.518+0000] {dagbag.py:545} INFO - Filling up the DagBag from /opt/airflow/dags/data/models/Timor-Leste/TS_model.pkl
[2024-08-17T03:37:48.527+0000] {processor.py:842} WARNING - No viable dags retrieved from /opt/airflow/dags/data/models/Timor-Leste/TS_model.pkl
[2024-08-17T03:37:48.535+0000] {processor.py:183} INFO - Processing /opt/airflow/dags/data/models/Timor-Leste/TS_model.pkl took 0.022 seconds
[2024-08-17T09:22:47.583+0000] {processor.py:161} INFO - Started process (PID=162) to work on /opt/airflow/dags/data/models/Timor-Leste/TS_model.pkl
[2024-08-17T09:22:47.584+0000] {processor.py:830} INFO - Processing file /opt/airflow/dags/data/models/Timor-Leste/TS_model.pkl for tasks to queue
[2024-08-17T09:22:47.585+0000] {logging_mixin.py:188} INFO - [2024-08-17T09:22:47.585+0000] {dagbag.py:545} INFO - Filling up the DagBag from /opt/airflow/dags/data/models/Timor-Leste/TS_model.pkl
[2024-08-17T09:22:47.595+0000] {processor.py:842} WARNING - No viable dags retrieved from /opt/airflow/dags/data/models/Timor-Leste/TS_model.pkl
[2024-08-17T09:22:47.604+0000] {processor.py:183} INFO - Processing /opt/airflow/dags/data/models/Timor-Leste/TS_model.pkl took 0.024 seconds
[2024-08-17T09:23:20.160+0000] {processor.py:161} INFO - Started process (PID=618) to work on /opt/airflow/dags/data/models/Timor-Leste/TS_model.pkl
[2024-08-17T09:23:20.161+0000] {processor.py:830} INFO - Processing file /opt/airflow/dags/data/models/Timor-Leste/TS_model.pkl for tasks to queue
[2024-08-17T09:23:20.162+0000] {logging_mixin.py:188} INFO - [2024-08-17T09:23:20.161+0000] {dagbag.py:545} INFO - Filling up the DagBag from /opt/airflow/dags/data/models/Timor-Leste/TS_model.pkl
[2024-08-17T09:23:20.171+0000] {processor.py:842} WARNING - No viable dags retrieved from /opt/airflow/dags/data/models/Timor-Leste/TS_model.pkl
[2024-08-17T09:23:20.179+0000] {processor.py:183} INFO - Processing /opt/airflow/dags/data/models/Timor-Leste/TS_model.pkl took 0.023 seconds
[2024-08-17T09:23:51.489+0000] {processor.py:161} INFO - Started process (PID=1072) to work on /opt/airflow/dags/data/models/Timor-Leste/TS_model.pkl
[2024-08-17T09:23:51.489+0000] {processor.py:830} INFO - Processing file /opt/airflow/dags/data/models/Timor-Leste/TS_model.pkl for tasks to queue
[2024-08-17T09:23:51.491+0000] {logging_mixin.py:188} INFO - [2024-08-17T09:23:51.491+0000] {dagbag.py:545} INFO - Filling up the DagBag from /opt/airflow/dags/data/models/Timor-Leste/TS_model.pkl
[2024-08-17T09:23:51.498+0000] {processor.py:842} WARNING - No viable dags retrieved from /opt/airflow/dags/data/models/Timor-Leste/TS_model.pkl
[2024-08-17T09:23:51.507+0000] {processor.py:183} INFO - Processing /opt/airflow/dags/data/models/Timor-Leste/TS_model.pkl took 0.021 seconds
[2024-08-17T09:24:23.810+0000] {processor.py:161} INFO - Started process (PID=1507) to work on /opt/airflow/dags/data/models/Timor-Leste/TS_model.pkl
[2024-08-17T09:24:23.910+0000] {processor.py:830} INFO - Processing file /opt/airflow/dags/data/models/Timor-Leste/TS_model.pkl for tasks to queue
[2024-08-17T09:24:23.910+0000] {logging_mixin.py:188} INFO - [2024-08-17T09:24:23.910+0000] {dagbag.py:545} INFO - Filling up the DagBag from /opt/airflow/dags/data/models/Timor-Leste/TS_model.pkl
[2024-08-17T09:24:23.918+0000] {processor.py:842} WARNING - No viable dags retrieved from /opt/airflow/dags/data/models/Timor-Leste/TS_model.pkl
[2024-08-17T09:24:23.925+0000] {processor.py:183} INFO - Processing /opt/airflow/dags/data/models/Timor-Leste/TS_model.pkl took 0.119 seconds
[2024-08-17T09:24:54.354+0000] {processor.py:161} INFO - Started process (PID=1954) to work on /opt/airflow/dags/data/models/Timor-Leste/TS_model.pkl
[2024-08-17T09:24:54.355+0000] {processor.py:830} INFO - Processing file /opt/airflow/dags/data/models/Timor-Leste/TS_model.pkl for tasks to queue
[2024-08-17T09:24:54.356+0000] {logging_mixin.py:188} INFO - [2024-08-17T09:24:54.356+0000] {dagbag.py:545} INFO - Filling up the DagBag from /opt/airflow/dags/data/models/Timor-Leste/TS_model.pkl
[2024-08-17T09:24:54.366+0000] {processor.py:842} WARNING - No viable dags retrieved from /opt/airflow/dags/data/models/Timor-Leste/TS_model.pkl
[2024-08-17T09:24:54.375+0000] {processor.py:183} INFO - Processing /opt/airflow/dags/data/models/Timor-Leste/TS_model.pkl took 0.026 seconds
[2024-08-17T09:25:25.324+0000] {processor.py:161} INFO - Started process (PID=2408) to work on /opt/airflow/dags/data/models/Timor-Leste/TS_model.pkl
[2024-08-17T09:25:25.324+0000] {processor.py:830} INFO - Processing file /opt/airflow/dags/data/models/Timor-Leste/TS_model.pkl for tasks to queue
[2024-08-17T09:25:25.325+0000] {logging_mixin.py:188} INFO - [2024-08-17T09:25:25.325+0000] {dagbag.py:545} INFO - Filling up the DagBag from /opt/airflow/dags/data/models/Timor-Leste/TS_model.pkl
[2024-08-17T09:25:25.333+0000] {processor.py:842} WARNING - No viable dags retrieved from /opt/airflow/dags/data/models/Timor-Leste/TS_model.pkl
[2024-08-17T09:25:25.342+0000] {processor.py:183} INFO - Processing /opt/airflow/dags/data/models/Timor-Leste/TS_model.pkl took 0.022 seconds
[2024-08-17T09:25:55.975+0000] {processor.py:161} INFO - Started process (PID=2836) to work on /opt/airflow/dags/data/models/Timor-Leste/TS_model.pkl
[2024-08-17T09:25:55.977+0000] {processor.py:830} INFO - Processing file /opt/airflow/dags/data/models/Timor-Leste/TS_model.pkl for tasks to queue
[2024-08-17T09:25:55.979+0000] {logging_mixin.py:188} INFO - [2024-08-17T09:25:55.979+0000] {dagbag.py:545} INFO - Filling up the DagBag from /opt/airflow/dags/data/models/Timor-Leste/TS_model.pkl
[2024-08-17T09:25:55.986+0000] {processor.py:842} WARNING - No viable dags retrieved from /opt/airflow/dags/data/models/Timor-Leste/TS_model.pkl
[2024-08-17T09:25:55.996+0000] {processor.py:183} INFO - Processing /opt/airflow/dags/data/models/Timor-Leste/TS_model.pkl took 0.025 seconds
[2024-08-17T09:26:26.518+0000] {processor.py:161} INFO - Started process (PID=3290) to work on /opt/airflow/dags/data/models/Timor-Leste/TS_model.pkl
[2024-08-17T09:26:26.520+0000] {processor.py:830} INFO - Processing file /opt/airflow/dags/data/models/Timor-Leste/TS_model.pkl for tasks to queue
[2024-08-17T09:26:26.521+0000] {logging_mixin.py:188} INFO - [2024-08-17T09:26:26.521+0000] {dagbag.py:545} INFO - Filling up the DagBag from /opt/airflow/dags/data/models/Timor-Leste/TS_model.pkl
[2024-08-17T09:26:26.540+0000] {processor.py:842} WARNING - No viable dags retrieved from /opt/airflow/dags/data/models/Timor-Leste/TS_model.pkl
[2024-08-17T09:26:26.550+0000] {processor.py:183} INFO - Processing /opt/airflow/dags/data/models/Timor-Leste/TS_model.pkl took 0.035 seconds
[2024-08-17T09:26:57.062+0000] {processor.py:161} INFO - Started process (PID=3744) to work on /opt/airflow/dags/data/models/Timor-Leste/TS_model.pkl
[2024-08-17T09:26:57.063+0000] {processor.py:830} INFO - Processing file /opt/airflow/dags/data/models/Timor-Leste/TS_model.pkl for tasks to queue
[2024-08-17T09:26:57.064+0000] {logging_mixin.py:188} INFO - [2024-08-17T09:26:57.064+0000] {dagbag.py:545} INFO - Filling up the DagBag from /opt/airflow/dags/data/models/Timor-Leste/TS_model.pkl
[2024-08-17T09:26:57.071+0000] {processor.py:842} WARNING - No viable dags retrieved from /opt/airflow/dags/data/models/Timor-Leste/TS_model.pkl
[2024-08-17T09:26:57.080+0000] {processor.py:183} INFO - Processing /opt/airflow/dags/data/models/Timor-Leste/TS_model.pkl took 0.022 seconds
[2024-08-17T09:27:27.643+0000] {processor.py:161} INFO - Started process (PID=4172) to work on /opt/airflow/dags/data/models/Timor-Leste/TS_model.pkl
[2024-08-17T09:27:27.644+0000] {processor.py:830} INFO - Processing file /opt/airflow/dags/data/models/Timor-Leste/TS_model.pkl for tasks to queue
[2024-08-17T09:27:27.645+0000] {logging_mixin.py:188} INFO - [2024-08-17T09:27:27.644+0000] {dagbag.py:545} INFO - Filling up the DagBag from /opt/airflow/dags/data/models/Timor-Leste/TS_model.pkl
[2024-08-17T09:27:27.652+0000] {processor.py:842} WARNING - No viable dags retrieved from /opt/airflow/dags/data/models/Timor-Leste/TS_model.pkl
[2024-08-17T09:27:27.661+0000] {processor.py:183} INFO - Processing /opt/airflow/dags/data/models/Timor-Leste/TS_model.pkl took 0.022 seconds
[2024-08-17T09:27:58.604+0000] {processor.py:161} INFO - Started process (PID=4627) to work on /opt/airflow/dags/data/models/Timor-Leste/TS_model.pkl
[2024-08-17T09:27:58.604+0000] {processor.py:830} INFO - Processing file /opt/airflow/dags/data/models/Timor-Leste/TS_model.pkl for tasks to queue
[2024-08-17T09:27:58.606+0000] {logging_mixin.py:188} INFO - [2024-08-17T09:27:58.605+0000] {dagbag.py:545} INFO - Filling up the DagBag from /opt/airflow/dags/data/models/Timor-Leste/TS_model.pkl
[2024-08-17T09:27:58.614+0000] {processor.py:842} WARNING - No viable dags retrieved from /opt/airflow/dags/data/models/Timor-Leste/TS_model.pkl
[2024-08-17T09:27:58.623+0000] {processor.py:183} INFO - Processing /opt/airflow/dags/data/models/Timor-Leste/TS_model.pkl took 0.024 seconds
[2024-08-17T09:28:29.639+0000] {processor.py:161} INFO - Started process (PID=5043) to work on /opt/airflow/dags/data/models/Timor-Leste/TS_model.pkl
[2024-08-17T09:28:29.640+0000] {processor.py:830} INFO - Processing file /opt/airflow/dags/data/models/Timor-Leste/TS_model.pkl for tasks to queue
[2024-08-17T09:28:29.641+0000] {logging_mixin.py:188} INFO - [2024-08-17T09:28:29.641+0000] {dagbag.py:545} INFO - Filling up the DagBag from /opt/airflow/dags/data/models/Timor-Leste/TS_model.pkl
[2024-08-17T09:28:29.649+0000] {processor.py:842} WARNING - No viable dags retrieved from /opt/airflow/dags/data/models/Timor-Leste/TS_model.pkl
[2024-08-17T09:28:29.658+0000] {processor.py:183} INFO - Processing /opt/airflow/dags/data/models/Timor-Leste/TS_model.pkl took 0.023 seconds
[2024-08-17T09:29:00.544+0000] {processor.py:161} INFO - Started process (PID=5488) to work on /opt/airflow/dags/data/models/Timor-Leste/TS_model.pkl
[2024-08-17T09:29:00.545+0000] {processor.py:830} INFO - Processing file /opt/airflow/dags/data/models/Timor-Leste/TS_model.pkl for tasks to queue
[2024-08-17T09:29:00.546+0000] {logging_mixin.py:188} INFO - [2024-08-17T09:29:00.546+0000] {dagbag.py:545} INFO - Filling up the DagBag from /opt/airflow/dags/data/models/Timor-Leste/TS_model.pkl
[2024-08-17T09:29:00.554+0000] {processor.py:842} WARNING - No viable dags retrieved from /opt/airflow/dags/data/models/Timor-Leste/TS_model.pkl
[2024-08-17T09:29:00.562+0000] {processor.py:183} INFO - Processing /opt/airflow/dags/data/models/Timor-Leste/TS_model.pkl took 0.021 seconds
[2024-08-17T09:29:31.134+0000] {processor.py:161} INFO - Started process (PID=5942) to work on /opt/airflow/dags/data/models/Timor-Leste/TS_model.pkl
[2024-08-17T09:29:31.135+0000] {processor.py:830} INFO - Processing file /opt/airflow/dags/data/models/Timor-Leste/TS_model.pkl for tasks to queue
[2024-08-17T09:29:31.136+0000] {logging_mixin.py:188} INFO - [2024-08-17T09:29:31.136+0000] {dagbag.py:545} INFO - Filling up the DagBag from /opt/airflow/dags/data/models/Timor-Leste/TS_model.pkl
[2024-08-17T09:29:31.145+0000] {processor.py:842} WARNING - No viable dags retrieved from /opt/airflow/dags/data/models/Timor-Leste/TS_model.pkl
[2024-08-17T09:29:31.153+0000] {processor.py:183} INFO - Processing /opt/airflow/dags/data/models/Timor-Leste/TS_model.pkl took 0.022 seconds
[2024-08-17T09:30:01.882+0000] {processor.py:161} INFO - Started process (PID=6351) to work on /opt/airflow/dags/data/models/Timor-Leste/TS_model.pkl
[2024-08-17T09:30:01.882+0000] {processor.py:830} INFO - Processing file /opt/airflow/dags/data/models/Timor-Leste/TS_model.pkl for tasks to queue
[2024-08-17T09:30:01.883+0000] {logging_mixin.py:188} INFO - [2024-08-17T09:30:01.883+0000] {dagbag.py:545} INFO - Filling up the DagBag from /opt/airflow/dags/data/models/Timor-Leste/TS_model.pkl
[2024-08-17T09:30:01.891+0000] {processor.py:842} WARNING - No viable dags retrieved from /opt/airflow/dags/data/models/Timor-Leste/TS_model.pkl
[2024-08-17T09:30:01.900+0000] {processor.py:183} INFO - Processing /opt/airflow/dags/data/models/Timor-Leste/TS_model.pkl took 0.021 seconds
