[2024-08-17T10:07:53.844+0000] {processor.py:161} INFO - Started process (PID=30993) to work on /opt/airflow/dags/data/models/Nicaragua/cases_TS_model.pkl
[2024-08-17T10:07:53.845+0000] {processor.py:830} INFO - Processing file /opt/airflow/dags/data/models/Nicaragua/cases_TS_model.pkl for tasks to queue
[2024-08-17T10:07:53.845+0000] {logging_mixin.py:188} INFO - [2024-08-17T10:07:53.845+0000] {dagbag.py:545} INFO - Filling up the DagBag from /opt/airflow/dags/data/models/Nicaragua/cases_TS_model.pkl
[2024-08-17T10:07:53.852+0000] {processor.py:842} WARNING - No viable dags retrieved from /opt/airflow/dags/data/models/Nicaragua/cases_TS_model.pkl
[2024-08-17T10:07:53.862+0000] {processor.py:183} INFO - Processing /opt/airflow/dags/data/models/Nicaragua/cases_TS_model.pkl took 0.021 seconds
[2024-08-17T10:08:26.497+0000] {processor.py:161} INFO - Started process (PID=31621) to work on /opt/airflow/dags/data/models/Nicaragua/cases_TS_model.pkl
[2024-08-17T10:08:26.498+0000] {processor.py:830} INFO - Processing file /opt/airflow/dags/data/models/Nicaragua/cases_TS_model.pkl for tasks to queue
[2024-08-17T10:08:26.498+0000] {logging_mixin.py:188} INFO - [2024-08-17T10:08:26.498+0000] {dagbag.py:545} INFO - Filling up the DagBag from /opt/airflow/dags/data/models/Nicaragua/cases_TS_model.pkl
[2024-08-17T10:08:26.509+0000] {processor.py:842} WARNING - No viable dags retrieved from /opt/airflow/dags/data/models/Nicaragua/cases_TS_model.pkl
[2024-08-17T10:08:26.518+0000] {processor.py:183} INFO - Processing /opt/airflow/dags/data/models/Nicaragua/cases_TS_model.pkl took 0.025 seconds
[2024-08-17T10:08:57.859+0000] {processor.py:161} INFO - Started process (PID=32196) to work on /opt/airflow/dags/data/models/Nicaragua/cases_TS_model.pkl
[2024-08-17T10:08:57.859+0000] {processor.py:830} INFO - Processing file /opt/airflow/dags/data/models/Nicaragua/cases_TS_model.pkl for tasks to queue
[2024-08-17T10:08:57.860+0000] {logging_mixin.py:188} INFO - [2024-08-17T10:08:57.860+0000] {dagbag.py:545} INFO - Filling up the DagBag from /opt/airflow/dags/data/models/Nicaragua/cases_TS_model.pkl
[2024-08-17T10:08:57.867+0000] {processor.py:842} WARNING - No viable dags retrieved from /opt/airflow/dags/data/models/Nicaragua/cases_TS_model.pkl
[2024-08-17T10:08:57.876+0000] {processor.py:183} INFO - Processing /opt/airflow/dags/data/models/Nicaragua/cases_TS_model.pkl took 0.021 seconds
[2024-08-17T10:09:29.280+0000] {processor.py:161} INFO - Started process (PID=32824) to work on /opt/airflow/dags/data/models/Nicaragua/cases_TS_model.pkl
[2024-08-17T10:09:29.281+0000] {processor.py:830} INFO - Processing file /opt/airflow/dags/data/models/Nicaragua/cases_TS_model.pkl for tasks to queue
[2024-08-17T10:09:29.282+0000] {logging_mixin.py:188} INFO - [2024-08-17T10:09:29.281+0000] {dagbag.py:545} INFO - Filling up the DagBag from /opt/airflow/dags/data/models/Nicaragua/cases_TS_model.pkl
[2024-08-17T10:09:29.295+0000] {processor.py:842} WARNING - No viable dags retrieved from /opt/airflow/dags/data/models/Nicaragua/cases_TS_model.pkl
[2024-08-17T10:09:29.305+0000] {processor.py:183} INFO - Processing /opt/airflow/dags/data/models/Nicaragua/cases_TS_model.pkl took 0.029 seconds
[2024-08-17T10:10:00.383+0000] {processor.py:161} INFO - Started process (PID=33453) to work on /opt/airflow/dags/data/models/Nicaragua/cases_TS_model.pkl
[2024-08-17T10:10:00.384+0000] {processor.py:830} INFO - Processing file /opt/airflow/dags/data/models/Nicaragua/cases_TS_model.pkl for tasks to queue
[2024-08-17T10:10:00.384+0000] {logging_mixin.py:188} INFO - [2024-08-17T10:10:00.384+0000] {dagbag.py:545} INFO - Filling up the DagBag from /opt/airflow/dags/data/models/Nicaragua/cases_TS_model.pkl
[2024-08-17T10:10:00.392+0000] {processor.py:842} WARNING - No viable dags retrieved from /opt/airflow/dags/data/models/Nicaragua/cases_TS_model.pkl
[2024-08-17T10:10:00.401+0000] {processor.py:183} INFO - Processing /opt/airflow/dags/data/models/Nicaragua/cases_TS_model.pkl took 0.021 seconds
[2024-08-17T10:10:31.988+0000] {processor.py:161} INFO - Started process (PID=34055) to work on /opt/airflow/dags/data/models/Nicaragua/cases_TS_model.pkl
[2024-08-17T10:10:31.989+0000] {processor.py:830} INFO - Processing file /opt/airflow/dags/data/models/Nicaragua/cases_TS_model.pkl for tasks to queue
[2024-08-17T10:10:31.990+0000] {logging_mixin.py:188} INFO - [2024-08-17T10:10:31.989+0000] {dagbag.py:545} INFO - Filling up the DagBag from /opt/airflow/dags/data/models/Nicaragua/cases_TS_model.pkl
[2024-08-17T10:10:32.024+0000] {processor.py:842} WARNING - No viable dags retrieved from /opt/airflow/dags/data/models/Nicaragua/cases_TS_model.pkl
[2024-08-17T10:10:32.034+0000] {processor.py:183} INFO - Processing /opt/airflow/dags/data/models/Nicaragua/cases_TS_model.pkl took 0.050 seconds
[2024-08-17T10:11:03.848+0000] {processor.py:161} INFO - Started process (PID=34683) to work on /opt/airflow/dags/data/models/Nicaragua/cases_TS_model.pkl
[2024-08-17T10:11:03.849+0000] {processor.py:830} INFO - Processing file /opt/airflow/dags/data/models/Nicaragua/cases_TS_model.pkl for tasks to queue
[2024-08-17T10:11:03.849+0000] {logging_mixin.py:188} INFO - [2024-08-17T10:11:03.849+0000] {dagbag.py:545} INFO - Filling up the DagBag from /opt/airflow/dags/data/models/Nicaragua/cases_TS_model.pkl
[2024-08-17T10:11:03.867+0000] {processor.py:842} WARNING - No viable dags retrieved from /opt/airflow/dags/data/models/Nicaragua/cases_TS_model.pkl
[2024-08-17T10:11:03.879+0000] {processor.py:183} INFO - Processing /opt/airflow/dags/data/models/Nicaragua/cases_TS_model.pkl took 0.035 seconds
[2024-08-17T10:11:34.980+0000] {processor.py:161} INFO - Started process (PID=35290) to work on /opt/airflow/dags/data/models/Nicaragua/cases_TS_model.pkl
[2024-08-17T10:11:34.980+0000] {processor.py:830} INFO - Processing file /opt/airflow/dags/data/models/Nicaragua/cases_TS_model.pkl for tasks to queue
[2024-08-17T10:11:34.982+0000] {logging_mixin.py:188} INFO - [2024-08-17T10:11:34.981+0000] {dagbag.py:545} INFO - Filling up the DagBag from /opt/airflow/dags/data/models/Nicaragua/cases_TS_model.pkl
[2024-08-17T10:11:34.995+0000] {processor.py:842} WARNING - No viable dags retrieved from /opt/airflow/dags/data/models/Nicaragua/cases_TS_model.pkl
[2024-08-17T10:11:35.005+0000] {processor.py:183} INFO - Processing /opt/airflow/dags/data/models/Nicaragua/cases_TS_model.pkl took 0.029 seconds
[2024-08-17T10:12:06.466+0000] {processor.py:161} INFO - Started process (PID=35892) to work on /opt/airflow/dags/data/models/Nicaragua/cases_TS_model.pkl
[2024-08-17T10:12:06.467+0000] {processor.py:830} INFO - Processing file /opt/airflow/dags/data/models/Nicaragua/cases_TS_model.pkl for tasks to queue
[2024-08-17T10:12:06.467+0000] {logging_mixin.py:188} INFO - [2024-08-17T10:12:06.467+0000] {dagbag.py:545} INFO - Filling up the DagBag from /opt/airflow/dags/data/models/Nicaragua/cases_TS_model.pkl
[2024-08-17T10:12:06.478+0000] {processor.py:842} WARNING - No viable dags retrieved from /opt/airflow/dags/data/models/Nicaragua/cases_TS_model.pkl
[2024-08-17T10:12:06.488+0000] {processor.py:183} INFO - Processing /opt/airflow/dags/data/models/Nicaragua/cases_TS_model.pkl took 0.026 seconds
[2024-08-17T10:12:39.258+0000] {processor.py:161} INFO - Started process (PID=36520) to work on /opt/airflow/dags/data/models/Nicaragua/cases_TS_model.pkl
[2024-08-17T10:12:39.258+0000] {processor.py:830} INFO - Processing file /opt/airflow/dags/data/models/Nicaragua/cases_TS_model.pkl for tasks to queue
[2024-08-17T10:12:39.259+0000] {logging_mixin.py:188} INFO - [2024-08-17T10:12:39.259+0000] {dagbag.py:545} INFO - Filling up the DagBag from /opt/airflow/dags/data/models/Nicaragua/cases_TS_model.pkl
[2024-08-17T10:12:39.268+0000] {processor.py:842} WARNING - No viable dags retrieved from /opt/airflow/dags/data/models/Nicaragua/cases_TS_model.pkl
[2024-08-17T10:12:39.277+0000] {processor.py:183} INFO - Processing /opt/airflow/dags/data/models/Nicaragua/cases_TS_model.pkl took 0.023 seconds
[2024-08-17T10:13:15.410+0000] {processor.py:161} INFO - Started process (PID=37162) to work on /opt/airflow/dags/data/models/Nicaragua/cases_TS_model.pkl
[2024-08-17T10:13:15.410+0000] {processor.py:830} INFO - Processing file /opt/airflow/dags/data/models/Nicaragua/cases_TS_model.pkl for tasks to queue
[2024-08-17T10:13:15.411+0000] {logging_mixin.py:188} INFO - [2024-08-17T10:13:15.411+0000] {dagbag.py:545} INFO - Filling up the DagBag from /opt/airflow/dags/data/models/Nicaragua/cases_TS_model.pkl
[2024-08-17T10:13:15.425+0000] {processor.py:842} WARNING - No viable dags retrieved from /opt/airflow/dags/data/models/Nicaragua/cases_TS_model.pkl
[2024-08-17T10:13:15.434+0000] {processor.py:183} INFO - Processing /opt/airflow/dags/data/models/Nicaragua/cases_TS_model.pkl took 0.028 seconds
[2024-08-17T10:13:50.181+0000] {processor.py:161} INFO - Started process (PID=37855) to work on /opt/airflow/dags/data/models/Nicaragua/cases_TS_model.pkl
[2024-08-17T10:13:50.182+0000] {processor.py:830} INFO - Processing file /opt/airflow/dags/data/models/Nicaragua/cases_TS_model.pkl for tasks to queue
[2024-08-17T10:13:50.183+0000] {logging_mixin.py:188} INFO - [2024-08-17T10:13:50.182+0000] {dagbag.py:545} INFO - Filling up the DagBag from /opt/airflow/dags/data/models/Nicaragua/cases_TS_model.pkl
[2024-08-17T10:13:50.189+0000] {processor.py:842} WARNING - No viable dags retrieved from /opt/airflow/dags/data/models/Nicaragua/cases_TS_model.pkl
[2024-08-17T10:13:50.199+0000] {processor.py:183} INFO - Processing /opt/airflow/dags/data/models/Nicaragua/cases_TS_model.pkl took 0.022 seconds
[2024-08-17T10:14:23.249+0000] {processor.py:161} INFO - Started process (PID=38511) to work on /opt/airflow/dags/data/models/Nicaragua/cases_TS_model.pkl
[2024-08-17T10:14:23.250+0000] {processor.py:830} INFO - Processing file /opt/airflow/dags/data/models/Nicaragua/cases_TS_model.pkl for tasks to queue
[2024-08-17T10:14:23.250+0000] {logging_mixin.py:188} INFO - [2024-08-17T10:14:23.250+0000] {dagbag.py:545} INFO - Filling up the DagBag from /opt/airflow/dags/data/models/Nicaragua/cases_TS_model.pkl
[2024-08-17T10:14:23.260+0000] {processor.py:842} WARNING - No viable dags retrieved from /opt/airflow/dags/data/models/Nicaragua/cases_TS_model.pkl
[2024-08-17T10:14:23.270+0000] {processor.py:183} INFO - Processing /opt/airflow/dags/data/models/Nicaragua/cases_TS_model.pkl took 0.024 seconds
[2024-08-17T10:14:56.689+0000] {processor.py:161} INFO - Started process (PID=39203) to work on /opt/airflow/dags/data/models/Nicaragua/cases_TS_model.pkl
[2024-08-17T10:14:56.690+0000] {processor.py:830} INFO - Processing file /opt/airflow/dags/data/models/Nicaragua/cases_TS_model.pkl for tasks to queue
[2024-08-17T10:14:56.690+0000] {logging_mixin.py:188} INFO - [2024-08-17T10:14:56.690+0000] {dagbag.py:545} INFO - Filling up the DagBag from /opt/airflow/dags/data/models/Nicaragua/cases_TS_model.pkl
[2024-08-17T10:14:56.701+0000] {processor.py:842} WARNING - No viable dags retrieved from /opt/airflow/dags/data/models/Nicaragua/cases_TS_model.pkl
[2024-08-17T10:14:56.711+0000] {processor.py:183} INFO - Processing /opt/airflow/dags/data/models/Nicaragua/cases_TS_model.pkl took 0.027 seconds
[2024-08-17T10:15:29.230+0000] {processor.py:161} INFO - Started process (PID=39848) to work on /opt/airflow/dags/data/models/Nicaragua/cases_TS_model.pkl
[2024-08-17T10:15:29.231+0000] {processor.py:830} INFO - Processing file /opt/airflow/dags/data/models/Nicaragua/cases_TS_model.pkl for tasks to queue
[2024-08-17T10:15:29.232+0000] {logging_mixin.py:188} INFO - [2024-08-17T10:15:29.232+0000] {dagbag.py:545} INFO - Filling up the DagBag from /opt/airflow/dags/data/models/Nicaragua/cases_TS_model.pkl
[2024-08-17T10:15:29.245+0000] {processor.py:842} WARNING - No viable dags retrieved from /opt/airflow/dags/data/models/Nicaragua/cases_TS_model.pkl
[2024-08-17T10:15:29.255+0000] {processor.py:183} INFO - Processing /opt/airflow/dags/data/models/Nicaragua/cases_TS_model.pkl took 0.029 seconds
[2024-08-17T10:16:01.028+0000] {processor.py:161} INFO - Started process (PID=40520) to work on /opt/airflow/dags/data/models/Nicaragua/cases_TS_model.pkl
[2024-08-17T10:16:01.029+0000] {processor.py:830} INFO - Processing file /opt/airflow/dags/data/models/Nicaragua/cases_TS_model.pkl for tasks to queue
[2024-08-17T10:16:01.029+0000] {logging_mixin.py:188} INFO - [2024-08-17T10:16:01.029+0000] {dagbag.py:545} INFO - Filling up the DagBag from /opt/airflow/dags/data/models/Nicaragua/cases_TS_model.pkl
[2024-08-17T10:16:01.040+0000] {processor.py:842} WARNING - No viable dags retrieved from /opt/airflow/dags/data/models/Nicaragua/cases_TS_model.pkl
[2024-08-17T10:16:01.049+0000] {processor.py:183} INFO - Processing /opt/airflow/dags/data/models/Nicaragua/cases_TS_model.pkl took 0.025 seconds
[2024-08-17T10:16:33.427+0000] {processor.py:161} INFO - Started process (PID=41206) to work on /opt/airflow/dags/data/models/Nicaragua/cases_TS_model.pkl
[2024-08-17T10:16:33.427+0000] {processor.py:830} INFO - Processing file /opt/airflow/dags/data/models/Nicaragua/cases_TS_model.pkl for tasks to queue
[2024-08-17T10:16:33.428+0000] {logging_mixin.py:188} INFO - [2024-08-17T10:16:33.428+0000] {dagbag.py:545} INFO - Filling up the DagBag from /opt/airflow/dags/data/models/Nicaragua/cases_TS_model.pkl
[2024-08-17T10:16:33.434+0000] {processor.py:842} WARNING - No viable dags retrieved from /opt/airflow/dags/data/models/Nicaragua/cases_TS_model.pkl
[2024-08-17T10:16:33.443+0000] {processor.py:183} INFO - Processing /opt/airflow/dags/data/models/Nicaragua/cases_TS_model.pkl took 0.020 seconds
[2024-08-17T10:17:04.983+0000] {processor.py:161} INFO - Started process (PID=41871) to work on /opt/airflow/dags/data/models/Nicaragua/cases_TS_model.pkl
[2024-08-17T10:17:04.984+0000] {processor.py:830} INFO - Processing file /opt/airflow/dags/data/models/Nicaragua/cases_TS_model.pkl for tasks to queue
[2024-08-17T10:17:04.984+0000] {logging_mixin.py:188} INFO - [2024-08-17T10:17:04.984+0000] {dagbag.py:545} INFO - Filling up the DagBag from /opt/airflow/dags/data/models/Nicaragua/cases_TS_model.pkl
[2024-08-17T10:17:04.995+0000] {processor.py:842} WARNING - No viable dags retrieved from /opt/airflow/dags/data/models/Nicaragua/cases_TS_model.pkl
[2024-08-17T10:17:05.003+0000] {processor.py:183} INFO - Processing /opt/airflow/dags/data/models/Nicaragua/cases_TS_model.pkl took 0.024 seconds
[2024-08-17T10:17:36.566+0000] {processor.py:161} INFO - Started process (PID=42564) to work on /opt/airflow/dags/data/models/Nicaragua/cases_TS_model.pkl
[2024-08-17T10:17:36.567+0000] {processor.py:830} INFO - Processing file /opt/airflow/dags/data/models/Nicaragua/cases_TS_model.pkl for tasks to queue
[2024-08-17T10:17:36.568+0000] {logging_mixin.py:188} INFO - [2024-08-17T10:17:36.567+0000] {dagbag.py:545} INFO - Filling up the DagBag from /opt/airflow/dags/data/models/Nicaragua/cases_TS_model.pkl
[2024-08-17T10:17:36.576+0000] {processor.py:842} WARNING - No viable dags retrieved from /opt/airflow/dags/data/models/Nicaragua/cases_TS_model.pkl
[2024-08-17T10:17:36.585+0000] {processor.py:183} INFO - Processing /opt/airflow/dags/data/models/Nicaragua/cases_TS_model.pkl took 0.022 seconds
[2024-08-17T10:18:11.054+0000] {processor.py:161} INFO - Started process (PID=43186) to work on /opt/airflow/dags/data/models/Nicaragua/cases_TS_model.pkl
[2024-08-17T10:18:11.055+0000] {processor.py:830} INFO - Processing file /opt/airflow/dags/data/models/Nicaragua/cases_TS_model.pkl for tasks to queue
[2024-08-17T10:18:11.056+0000] {logging_mixin.py:188} INFO - [2024-08-17T10:18:11.055+0000] {dagbag.py:545} INFO - Filling up the DagBag from /opt/airflow/dags/data/models/Nicaragua/cases_TS_model.pkl
[2024-08-17T10:18:11.063+0000] {processor.py:842} WARNING - No viable dags retrieved from /opt/airflow/dags/data/models/Nicaragua/cases_TS_model.pkl
[2024-08-17T10:18:11.072+0000] {processor.py:183} INFO - Processing /opt/airflow/dags/data/models/Nicaragua/cases_TS_model.pkl took 0.021 seconds
[2024-08-17T10:18:45.207+0000] {processor.py:161} INFO - Started process (PID=43929) to work on /opt/airflow/dags/data/models/Nicaragua/cases_TS_model.pkl
[2024-08-17T10:18:45.208+0000] {processor.py:830} INFO - Processing file /opt/airflow/dags/data/models/Nicaragua/cases_TS_model.pkl for tasks to queue
[2024-08-17T10:18:45.209+0000] {logging_mixin.py:188} INFO - [2024-08-17T10:18:45.208+0000] {dagbag.py:545} INFO - Filling up the DagBag from /opt/airflow/dags/data/models/Nicaragua/cases_TS_model.pkl
[2024-08-17T10:18:45.216+0000] {processor.py:842} WARNING - No viable dags retrieved from /opt/airflow/dags/data/models/Nicaragua/cases_TS_model.pkl
[2024-08-17T10:18:45.225+0000] {processor.py:183} INFO - Processing /opt/airflow/dags/data/models/Nicaragua/cases_TS_model.pkl took 0.021 seconds
[2024-08-17T10:19:19.002+0000] {processor.py:161} INFO - Started process (PID=44672) to work on /opt/airflow/dags/data/models/Nicaragua/cases_TS_model.pkl
[2024-08-17T10:19:19.003+0000] {processor.py:830} INFO - Processing file /opt/airflow/dags/data/models/Nicaragua/cases_TS_model.pkl for tasks to queue
[2024-08-17T10:19:19.003+0000] {logging_mixin.py:188} INFO - [2024-08-17T10:19:19.003+0000] {dagbag.py:545} INFO - Filling up the DagBag from /opt/airflow/dags/data/models/Nicaragua/cases_TS_model.pkl
[2024-08-17T10:19:19.011+0000] {processor.py:842} WARNING - No viable dags retrieved from /opt/airflow/dags/data/models/Nicaragua/cases_TS_model.pkl
[2024-08-17T10:19:19.020+0000] {processor.py:183} INFO - Processing /opt/airflow/dags/data/models/Nicaragua/cases_TS_model.pkl took 0.021 seconds
[2024-08-17T10:19:51.264+0000] {processor.py:161} INFO - Started process (PID=45368) to work on /opt/airflow/dags/data/models/Nicaragua/cases_TS_model.pkl
[2024-08-17T10:19:51.264+0000] {processor.py:830} INFO - Processing file /opt/airflow/dags/data/models/Nicaragua/cases_TS_model.pkl for tasks to queue
[2024-08-17T10:19:51.267+0000] {logging_mixin.py:188} INFO - [2024-08-17T10:19:51.266+0000] {dagbag.py:545} INFO - Filling up the DagBag from /opt/airflow/dags/data/models/Nicaragua/cases_TS_model.pkl
[2024-08-17T10:19:51.275+0000] {processor.py:842} WARNING - No viable dags retrieved from /opt/airflow/dags/data/models/Nicaragua/cases_TS_model.pkl
[2024-08-17T10:19:51.285+0000] {processor.py:183} INFO - Processing /opt/airflow/dags/data/models/Nicaragua/cases_TS_model.pkl took 0.025 seconds
[2024-08-17T10:20:23.730+0000] {processor.py:161} INFO - Started process (PID=46090) to work on /opt/airflow/dags/data/models/Nicaragua/cases_TS_model.pkl
[2024-08-17T10:20:23.731+0000] {processor.py:830} INFO - Processing file /opt/airflow/dags/data/models/Nicaragua/cases_TS_model.pkl for tasks to queue
[2024-08-17T10:20:23.731+0000] {logging_mixin.py:188} INFO - [2024-08-17T10:20:23.731+0000] {dagbag.py:545} INFO - Filling up the DagBag from /opt/airflow/dags/data/models/Nicaragua/cases_TS_model.pkl
[2024-08-17T10:20:23.743+0000] {processor.py:842} WARNING - No viable dags retrieved from /opt/airflow/dags/data/models/Nicaragua/cases_TS_model.pkl
[2024-08-17T10:20:23.753+0000] {processor.py:183} INFO - Processing /opt/airflow/dags/data/models/Nicaragua/cases_TS_model.pkl took 0.027 seconds
[2024-08-17T10:20:55.521+0000] {processor.py:161} INFO - Started process (PID=46822) to work on /opt/airflow/dags/data/models/Nicaragua/cases_TS_model.pkl
[2024-08-17T10:20:55.523+0000] {processor.py:830} INFO - Processing file /opt/airflow/dags/data/models/Nicaragua/cases_TS_model.pkl for tasks to queue
[2024-08-17T10:20:55.524+0000] {logging_mixin.py:188} INFO - [2024-08-17T10:20:55.524+0000] {dagbag.py:545} INFO - Filling up the DagBag from /opt/airflow/dags/data/models/Nicaragua/cases_TS_model.pkl
[2024-08-17T10:20:55.532+0000] {processor.py:842} WARNING - No viable dags retrieved from /opt/airflow/dags/data/models/Nicaragua/cases_TS_model.pkl
[2024-08-17T10:20:55.541+0000] {processor.py:183} INFO - Processing /opt/airflow/dags/data/models/Nicaragua/cases_TS_model.pkl took 0.023 seconds
[2024-08-17T10:21:28.095+0000] {processor.py:161} INFO - Started process (PID=47567) to work on /opt/airflow/dags/data/models/Nicaragua/cases_TS_model.pkl
[2024-08-17T10:21:28.096+0000] {processor.py:830} INFO - Processing file /opt/airflow/dags/data/models/Nicaragua/cases_TS_model.pkl for tasks to queue
[2024-08-17T10:21:28.096+0000] {logging_mixin.py:188} INFO - [2024-08-17T10:21:28.096+0000] {dagbag.py:545} INFO - Filling up the DagBag from /opt/airflow/dags/data/models/Nicaragua/cases_TS_model.pkl
[2024-08-17T10:21:28.104+0000] {processor.py:842} WARNING - No viable dags retrieved from /opt/airflow/dags/data/models/Nicaragua/cases_TS_model.pkl
[2024-08-17T10:21:28.114+0000] {processor.py:183} INFO - Processing /opt/airflow/dags/data/models/Nicaragua/cases_TS_model.pkl took 0.023 seconds
[2024-08-17T11:53:06.363+0000] {processor.py:161} INFO - Started process (PID=6186) to work on /opt/airflow/dags/data/models/Nicaragua/cases_TS_model.pkl
[2024-08-17T11:53:06.365+0000] {processor.py:830} INFO - Processing file /opt/airflow/dags/data/models/Nicaragua/cases_TS_model.pkl for tasks to queue
[2024-08-17T11:53:06.366+0000] {logging_mixin.py:188} INFO - [2024-08-17T11:53:06.366+0000] {dagbag.py:545} INFO - Filling up the DagBag from /opt/airflow/dags/data/models/Nicaragua/cases_TS_model.pkl
[2024-08-17T11:53:06.388+0000] {processor.py:842} WARNING - No viable dags retrieved from /opt/airflow/dags/data/models/Nicaragua/cases_TS_model.pkl
[2024-08-17T11:53:06.406+0000] {processor.py:183} INFO - Processing /opt/airflow/dags/data/models/Nicaragua/cases_TS_model.pkl took 0.050 seconds
[2024-08-17T11:53:11.966+0000] {processor.py:161} INFO - Started process (PID=6271) to work on /opt/airflow/dags/data/models/Nicaragua/cases_TS_model.pkl
[2024-08-17T11:53:11.967+0000] {processor.py:830} INFO - Processing file /opt/airflow/dags/data/models/Nicaragua/cases_TS_model.pkl for tasks to queue
[2024-08-17T11:53:11.969+0000] {logging_mixin.py:188} INFO - [2024-08-17T11:53:11.968+0000] {dagbag.py:545} INFO - Filling up the DagBag from /opt/airflow/dags/data/models/Nicaragua/cases_TS_model.pkl
[2024-08-17T11:53:11.993+0000] {processor.py:842} WARNING - No viable dags retrieved from /opt/airflow/dags/data/models/Nicaragua/cases_TS_model.pkl
[2024-08-17T11:53:12.012+0000] {processor.py:183} INFO - Processing /opt/airflow/dags/data/models/Nicaragua/cases_TS_model.pkl took 0.054 seconds
[2024-08-17T11:53:44.194+0000] {processor.py:161} INFO - Started process (PID=6716) to work on /opt/airflow/dags/data/models/Nicaragua/cases_TS_model.pkl
[2024-08-17T11:53:44.196+0000] {processor.py:830} INFO - Processing file /opt/airflow/dags/data/models/Nicaragua/cases_TS_model.pkl for tasks to queue
[2024-08-17T11:53:44.197+0000] {logging_mixin.py:188} INFO - [2024-08-17T11:53:44.196+0000] {dagbag.py:545} INFO - Filling up the DagBag from /opt/airflow/dags/data/models/Nicaragua/cases_TS_model.pkl
[2024-08-17T11:53:44.218+0000] {processor.py:842} WARNING - No viable dags retrieved from /opt/airflow/dags/data/models/Nicaragua/cases_TS_model.pkl
[2024-08-17T11:53:44.236+0000] {processor.py:183} INFO - Processing /opt/airflow/dags/data/models/Nicaragua/cases_TS_model.pkl took 0.048 seconds
[2024-08-17T11:54:21.624+0000] {processor.py:161} INFO - Started process (PID=7251) to work on /opt/airflow/dags/data/models/Nicaragua/cases_TS_model.pkl
[2024-08-17T11:54:21.625+0000] {processor.py:830} INFO - Processing file /opt/airflow/dags/data/models/Nicaragua/cases_TS_model.pkl for tasks to queue
[2024-08-17T11:54:21.626+0000] {logging_mixin.py:188} INFO - [2024-08-17T11:54:21.625+0000] {dagbag.py:545} INFO - Filling up the DagBag from /opt/airflow/dags/data/models/Nicaragua/cases_TS_model.pkl
[2024-08-17T11:54:21.641+0000] {processor.py:842} WARNING - No viable dags retrieved from /opt/airflow/dags/data/models/Nicaragua/cases_TS_model.pkl
[2024-08-17T11:54:21.658+0000] {processor.py:183} INFO - Processing /opt/airflow/dags/data/models/Nicaragua/cases_TS_model.pkl took 0.041 seconds
[2024-08-17T11:55:00.871+0000] {processor.py:161} INFO - Started process (PID=7872) to work on /opt/airflow/dags/data/models/Nicaragua/cases_TS_model.pkl
[2024-08-17T11:55:00.873+0000] {processor.py:830} INFO - Processing file /opt/airflow/dags/data/models/Nicaragua/cases_TS_model.pkl for tasks to queue
[2024-08-17T11:55:00.873+0000] {logging_mixin.py:188} INFO - [2024-08-17T11:55:00.873+0000] {dagbag.py:545} INFO - Filling up the DagBag from /opt/airflow/dags/data/models/Nicaragua/cases_TS_model.pkl
[2024-08-17T11:55:00.889+0000] {processor.py:842} WARNING - No viable dags retrieved from /opt/airflow/dags/data/models/Nicaragua/cases_TS_model.pkl
[2024-08-17T11:55:00.908+0000] {processor.py:183} INFO - Processing /opt/airflow/dags/data/models/Nicaragua/cases_TS_model.pkl took 0.043 seconds
[2024-08-17T11:55:33.177+0000] {processor.py:161} INFO - Started process (PID=8389) to work on /opt/airflow/dags/data/models/Nicaragua/cases_TS_model.pkl
[2024-08-17T11:55:33.178+0000] {processor.py:830} INFO - Processing file /opt/airflow/dags/data/models/Nicaragua/cases_TS_model.pkl for tasks to queue
[2024-08-17T11:55:33.179+0000] {logging_mixin.py:188} INFO - [2024-08-17T11:55:33.179+0000] {dagbag.py:545} INFO - Filling up the DagBag from /opt/airflow/dags/data/models/Nicaragua/cases_TS_model.pkl
[2024-08-17T11:55:33.195+0000] {processor.py:842} WARNING - No viable dags retrieved from /opt/airflow/dags/data/models/Nicaragua/cases_TS_model.pkl
[2024-08-17T11:55:33.212+0000] {processor.py:183} INFO - Processing /opt/airflow/dags/data/models/Nicaragua/cases_TS_model.pkl took 0.043 seconds
[2024-08-17T11:56:06.821+0000] {processor.py:161} INFO - Started process (PID=8892) to work on /opt/airflow/dags/data/models/Nicaragua/cases_TS_model.pkl
[2024-08-17T11:56:06.822+0000] {processor.py:830} INFO - Processing file /opt/airflow/dags/data/models/Nicaragua/cases_TS_model.pkl for tasks to queue
[2024-08-17T11:56:06.824+0000] {logging_mixin.py:188} INFO - [2024-08-17T11:56:06.823+0000] {dagbag.py:545} INFO - Filling up the DagBag from /opt/airflow/dags/data/models/Nicaragua/cases_TS_model.pkl
[2024-08-17T11:56:06.841+0000] {processor.py:842} WARNING - No viable dags retrieved from /opt/airflow/dags/data/models/Nicaragua/cases_TS_model.pkl
[2024-08-17T11:56:06.859+0000] {processor.py:183} INFO - Processing /opt/airflow/dags/data/models/Nicaragua/cases_TS_model.pkl took 0.045 seconds
[2024-08-17T11:56:43.266+0000] {processor.py:161} INFO - Started process (PID=9483) to work on /opt/airflow/dags/data/models/Nicaragua/cases_TS_model.pkl
[2024-08-17T11:56:43.267+0000] {processor.py:830} INFO - Processing file /opt/airflow/dags/data/models/Nicaragua/cases_TS_model.pkl for tasks to queue
[2024-08-17T11:56:43.268+0000] {logging_mixin.py:188} INFO - [2024-08-17T11:56:43.267+0000] {dagbag.py:545} INFO - Filling up the DagBag from /opt/airflow/dags/data/models/Nicaragua/cases_TS_model.pkl
[2024-08-17T11:56:43.287+0000] {processor.py:842} WARNING - No viable dags retrieved from /opt/airflow/dags/data/models/Nicaragua/cases_TS_model.pkl
[2024-08-17T11:56:43.303+0000] {processor.py:183} INFO - Processing /opt/airflow/dags/data/models/Nicaragua/cases_TS_model.pkl took 0.043 seconds
[2024-08-17T11:56:58.875+0000] {processor.py:161} INFO - Started process (PID=9708) to work on /opt/airflow/dags/data/models/Nicaragua/cases_TS_model.pkl
[2024-08-17T11:56:58.876+0000] {processor.py:830} INFO - Processing file /opt/airflow/dags/data/models/Nicaragua/cases_TS_model.pkl for tasks to queue
[2024-08-17T11:56:58.878+0000] {logging_mixin.py:188} INFO - [2024-08-17T11:56:58.877+0000] {dagbag.py:545} INFO - Filling up the DagBag from /opt/airflow/dags/data/models/Nicaragua/cases_TS_model.pkl
[2024-08-17T11:56:58.895+0000] {processor.py:842} WARNING - No viable dags retrieved from /opt/airflow/dags/data/models/Nicaragua/cases_TS_model.pkl
[2024-08-17T11:56:58.914+0000] {processor.py:183} INFO - Processing /opt/airflow/dags/data/models/Nicaragua/cases_TS_model.pkl took 0.047 seconds
[2024-08-17T11:57:31.370+0000] {processor.py:161} INFO - Started process (PID=10177) to work on /opt/airflow/dags/data/models/Nicaragua/cases_TS_model.pkl
[2024-08-17T11:57:31.371+0000] {processor.py:830} INFO - Processing file /opt/airflow/dags/data/models/Nicaragua/cases_TS_model.pkl for tasks to queue
[2024-08-17T11:57:31.372+0000] {logging_mixin.py:188} INFO - [2024-08-17T11:57:31.372+0000] {dagbag.py:545} INFO - Filling up the DagBag from /opt/airflow/dags/data/models/Nicaragua/cases_TS_model.pkl
[2024-08-17T11:57:31.392+0000] {processor.py:842} WARNING - No viable dags retrieved from /opt/airflow/dags/data/models/Nicaragua/cases_TS_model.pkl
[2024-08-17T11:57:31.406+0000] {processor.py:183} INFO - Processing /opt/airflow/dags/data/models/Nicaragua/cases_TS_model.pkl took 0.043 seconds
[2024-08-17T11:58:14.537+0000] {processor.py:161} INFO - Started process (PID=10595) to work on /opt/airflow/dags/data/models/Nicaragua/cases_TS_model.pkl
[2024-08-17T11:58:14.538+0000] {processor.py:830} INFO - Processing file /opt/airflow/dags/data/models/Nicaragua/cases_TS_model.pkl for tasks to queue
[2024-08-17T11:58:14.540+0000] {logging_mixin.py:188} INFO - [2024-08-17T11:58:14.540+0000] {dagbag.py:545} INFO - Filling up the DagBag from /opt/airflow/dags/data/models/Nicaragua/cases_TS_model.pkl
[2024-08-17T11:58:14.556+0000] {processor.py:842} WARNING - No viable dags retrieved from /opt/airflow/dags/data/models/Nicaragua/cases_TS_model.pkl
[2024-08-17T11:58:14.572+0000] {processor.py:183} INFO - Processing /opt/airflow/dags/data/models/Nicaragua/cases_TS_model.pkl took 0.043 seconds
[2024-08-17T11:58:54.655+0000] {processor.py:161} INFO - Started process (PID=11225) to work on /opt/airflow/dags/data/models/Nicaragua/cases_TS_model.pkl
[2024-08-17T11:58:54.657+0000] {processor.py:830} INFO - Processing file /opt/airflow/dags/data/models/Nicaragua/cases_TS_model.pkl for tasks to queue
[2024-08-17T11:58:54.658+0000] {logging_mixin.py:188} INFO - [2024-08-17T11:58:54.658+0000] {dagbag.py:545} INFO - Filling up the DagBag from /opt/airflow/dags/data/models/Nicaragua/cases_TS_model.pkl
[2024-08-17T11:58:54.678+0000] {processor.py:842} WARNING - No viable dags retrieved from /opt/airflow/dags/data/models/Nicaragua/cases_TS_model.pkl
[2024-08-17T11:58:54.697+0000] {processor.py:183} INFO - Processing /opt/airflow/dags/data/models/Nicaragua/cases_TS_model.pkl took 0.048 seconds
[2024-08-17T11:59:37.981+0000] {processor.py:161} INFO - Started process (PID=11866) to work on /opt/airflow/dags/data/models/Nicaragua/cases_TS_model.pkl
[2024-08-17T11:59:37.982+0000] {processor.py:830} INFO - Processing file /opt/airflow/dags/data/models/Nicaragua/cases_TS_model.pkl for tasks to queue
[2024-08-17T11:59:37.983+0000] {logging_mixin.py:188} INFO - [2024-08-17T11:59:37.983+0000] {dagbag.py:545} INFO - Filling up the DagBag from /opt/airflow/dags/data/models/Nicaragua/cases_TS_model.pkl
[2024-08-17T11:59:38.003+0000] {processor.py:842} WARNING - No viable dags retrieved from /opt/airflow/dags/data/models/Nicaragua/cases_TS_model.pkl
[2024-08-17T11:59:38.020+0000] {processor.py:183} INFO - Processing /opt/airflow/dags/data/models/Nicaragua/cases_TS_model.pkl took 0.046 seconds
[2024-08-17T12:00:15.406+0000] {processor.py:161} INFO - Started process (PID=12418) to work on /opt/airflow/dags/data/models/Nicaragua/cases_TS_model.pkl
[2024-08-17T12:00:15.408+0000] {processor.py:830} INFO - Processing file /opt/airflow/dags/data/models/Nicaragua/cases_TS_model.pkl for tasks to queue
[2024-08-17T12:00:15.409+0000] {logging_mixin.py:188} INFO - [2024-08-17T12:00:15.409+0000] {dagbag.py:545} INFO - Filling up the DagBag from /opt/airflow/dags/data/models/Nicaragua/cases_TS_model.pkl
[2024-08-17T12:00:15.425+0000] {processor.py:842} WARNING - No viable dags retrieved from /opt/airflow/dags/data/models/Nicaragua/cases_TS_model.pkl
[2024-08-17T12:00:15.444+0000] {processor.py:183} INFO - Processing /opt/airflow/dags/data/models/Nicaragua/cases_TS_model.pkl took 0.048 seconds
[2024-08-17T12:00:54.190+0000] {processor.py:161} INFO - Started process (PID=13054) to work on /opt/airflow/dags/data/models/Nicaragua/cases_TS_model.pkl
[2024-08-17T12:00:54.191+0000] {processor.py:830} INFO - Processing file /opt/airflow/dags/data/models/Nicaragua/cases_TS_model.pkl for tasks to queue
[2024-08-17T12:00:54.192+0000] {logging_mixin.py:188} INFO - [2024-08-17T12:00:54.192+0000] {dagbag.py:545} INFO - Filling up the DagBag from /opt/airflow/dags/data/models/Nicaragua/cases_TS_model.pkl
[2024-08-17T12:00:54.216+0000] {processor.py:842} WARNING - No viable dags retrieved from /opt/airflow/dags/data/models/Nicaragua/cases_TS_model.pkl
[2024-08-17T12:00:54.236+0000] {processor.py:183} INFO - Processing /opt/airflow/dags/data/models/Nicaragua/cases_TS_model.pkl took 0.054 seconds
[2024-08-17T12:01:33.363+0000] {processor.py:161} INFO - Started process (PID=13669) to work on /opt/airflow/dags/data/models/Nicaragua/cases_TS_model.pkl
[2024-08-17T12:01:33.366+0000] {processor.py:830} INFO - Processing file /opt/airflow/dags/data/models/Nicaragua/cases_TS_model.pkl for tasks to queue
[2024-08-17T12:01:33.368+0000] {logging_mixin.py:188} INFO - [2024-08-17T12:01:33.367+0000] {dagbag.py:545} INFO - Filling up the DagBag from /opt/airflow/dags/data/models/Nicaragua/cases_TS_model.pkl
[2024-08-17T12:01:33.385+0000] {processor.py:842} WARNING - No viable dags retrieved from /opt/airflow/dags/data/models/Nicaragua/cases_TS_model.pkl
[2024-08-17T12:01:33.403+0000] {processor.py:183} INFO - Processing /opt/airflow/dags/data/models/Nicaragua/cases_TS_model.pkl took 0.049 seconds
[2024-08-17T12:02:10.717+0000] {processor.py:161} INFO - Started process (PID=14231) to work on /opt/airflow/dags/data/models/Nicaragua/cases_TS_model.pkl
[2024-08-17T12:02:10.719+0000] {processor.py:830} INFO - Processing file /opt/airflow/dags/data/models/Nicaragua/cases_TS_model.pkl for tasks to queue
[2024-08-17T12:02:10.720+0000] {logging_mixin.py:188} INFO - [2024-08-17T12:02:10.719+0000] {dagbag.py:545} INFO - Filling up the DagBag from /opt/airflow/dags/data/models/Nicaragua/cases_TS_model.pkl
[2024-08-17T12:02:10.738+0000] {processor.py:842} WARNING - No viable dags retrieved from /opt/airflow/dags/data/models/Nicaragua/cases_TS_model.pkl
[2024-08-17T12:02:10.755+0000] {processor.py:183} INFO - Processing /opt/airflow/dags/data/models/Nicaragua/cases_TS_model.pkl took 0.044 seconds
[2024-08-17T12:03:14.674+0000] {processor.py:161} INFO - Started process (PID=14923) to work on /opt/airflow/dags/data/models/Nicaragua/cases_TS_model.pkl
[2024-08-17T12:03:14.675+0000] {processor.py:830} INFO - Processing file /opt/airflow/dags/data/models/Nicaragua/cases_TS_model.pkl for tasks to queue
[2024-08-17T12:03:14.677+0000] {logging_mixin.py:188} INFO - [2024-08-17T12:03:14.676+0000] {dagbag.py:545} INFO - Filling up the DagBag from /opt/airflow/dags/data/models/Nicaragua/cases_TS_model.pkl
[2024-08-17T12:03:14.696+0000] {processor.py:842} WARNING - No viable dags retrieved from /opt/airflow/dags/data/models/Nicaragua/cases_TS_model.pkl
[2024-08-17T12:03:14.712+0000] {processor.py:183} INFO - Processing /opt/airflow/dags/data/models/Nicaragua/cases_TS_model.pkl took 0.045 seconds
[2024-08-17T12:03:55.836+0000] {processor.py:161} INFO - Started process (PID=15581) to work on /opt/airflow/dags/data/models/Nicaragua/cases_TS_model.pkl
[2024-08-17T12:03:55.837+0000] {processor.py:830} INFO - Processing file /opt/airflow/dags/data/models/Nicaragua/cases_TS_model.pkl for tasks to queue
[2024-08-17T12:03:55.838+0000] {logging_mixin.py:188} INFO - [2024-08-17T12:03:55.838+0000] {dagbag.py:545} INFO - Filling up the DagBag from /opt/airflow/dags/data/models/Nicaragua/cases_TS_model.pkl
[2024-08-17T12:03:55.864+0000] {processor.py:842} WARNING - No viable dags retrieved from /opt/airflow/dags/data/models/Nicaragua/cases_TS_model.pkl
[2024-08-17T12:03:55.891+0000] {processor.py:183} INFO - Processing /opt/airflow/dags/data/models/Nicaragua/cases_TS_model.pkl took 0.064 seconds
[2024-08-17T12:04:39.400+0000] {processor.py:161} INFO - Started process (PID=16202) to work on /opt/airflow/dags/data/models/Nicaragua/cases_TS_model.pkl
[2024-08-17T12:04:39.401+0000] {processor.py:830} INFO - Processing file /opt/airflow/dags/data/models/Nicaragua/cases_TS_model.pkl for tasks to queue
[2024-08-17T12:04:39.403+0000] {logging_mixin.py:188} INFO - [2024-08-17T12:04:39.402+0000] {dagbag.py:545} INFO - Filling up the DagBag from /opt/airflow/dags/data/models/Nicaragua/cases_TS_model.pkl
[2024-08-17T12:04:39.422+0000] {processor.py:842} WARNING - No viable dags retrieved from /opt/airflow/dags/data/models/Nicaragua/cases_TS_model.pkl
[2024-08-17T12:04:39.437+0000] {processor.py:183} INFO - Processing /opt/airflow/dags/data/models/Nicaragua/cases_TS_model.pkl took 0.044 seconds
[2024-08-17T12:05:18.313+0000] {processor.py:161} INFO - Started process (PID=16780) to work on /opt/airflow/dags/data/models/Nicaragua/cases_TS_model.pkl
[2024-08-17T12:05:18.315+0000] {processor.py:830} INFO - Processing file /opt/airflow/dags/data/models/Nicaragua/cases_TS_model.pkl for tasks to queue
[2024-08-17T12:05:18.316+0000] {logging_mixin.py:188} INFO - [2024-08-17T12:05:18.316+0000] {dagbag.py:545} INFO - Filling up the DagBag from /opt/airflow/dags/data/models/Nicaragua/cases_TS_model.pkl
[2024-08-17T12:05:18.335+0000] {processor.py:842} WARNING - No viable dags retrieved from /opt/airflow/dags/data/models/Nicaragua/cases_TS_model.pkl
[2024-08-17T12:05:18.352+0000] {processor.py:183} INFO - Processing /opt/airflow/dags/data/models/Nicaragua/cases_TS_model.pkl took 0.047 seconds
[2024-08-17T12:06:00.379+0000] {processor.py:161} INFO - Started process (PID=17426) to work on /opt/airflow/dags/data/models/Nicaragua/cases_TS_model.pkl
[2024-08-17T12:06:00.381+0000] {processor.py:830} INFO - Processing file /opt/airflow/dags/data/models/Nicaragua/cases_TS_model.pkl for tasks to queue
[2024-08-17T12:06:00.382+0000] {logging_mixin.py:188} INFO - [2024-08-17T12:06:00.381+0000] {dagbag.py:545} INFO - Filling up the DagBag from /opt/airflow/dags/data/models/Nicaragua/cases_TS_model.pkl
[2024-08-17T12:06:00.398+0000] {processor.py:842} WARNING - No viable dags retrieved from /opt/airflow/dags/data/models/Nicaragua/cases_TS_model.pkl
[2024-08-17T12:06:00.417+0000] {processor.py:183} INFO - Processing /opt/airflow/dags/data/models/Nicaragua/cases_TS_model.pkl took 0.046 seconds
[2024-08-17T12:06:37.182+0000] {processor.py:161} INFO - Started process (PID=18006) to work on /opt/airflow/dags/data/models/Nicaragua/cases_TS_model.pkl
[2024-08-17T12:06:37.183+0000] {processor.py:830} INFO - Processing file /opt/airflow/dags/data/models/Nicaragua/cases_TS_model.pkl for tasks to queue
[2024-08-17T12:06:37.185+0000] {logging_mixin.py:188} INFO - [2024-08-17T12:06:37.184+0000] {dagbag.py:545} INFO - Filling up the DagBag from /opt/airflow/dags/data/models/Nicaragua/cases_TS_model.pkl
[2024-08-17T12:06:37.204+0000] {processor.py:842} WARNING - No viable dags retrieved from /opt/airflow/dags/data/models/Nicaragua/cases_TS_model.pkl
[2024-08-17T12:06:37.223+0000] {processor.py:183} INFO - Processing /opt/airflow/dags/data/models/Nicaragua/cases_TS_model.pkl took 0.049 seconds
[2024-08-17T12:07:22.917+0000] {processor.py:161} INFO - Started process (PID=18708) to work on /opt/airflow/dags/data/models/Nicaragua/cases_TS_model.pkl
[2024-08-17T12:07:22.919+0000] {processor.py:830} INFO - Processing file /opt/airflow/dags/data/models/Nicaragua/cases_TS_model.pkl for tasks to queue
[2024-08-17T12:07:22.920+0000] {logging_mixin.py:188} INFO - [2024-08-17T12:07:22.919+0000] {dagbag.py:545} INFO - Filling up the DagBag from /opt/airflow/dags/data/models/Nicaragua/cases_TS_model.pkl
[2024-08-17T12:07:22.946+0000] {processor.py:842} WARNING - No viable dags retrieved from /opt/airflow/dags/data/models/Nicaragua/cases_TS_model.pkl
[2024-08-17T12:07:22.961+0000] {processor.py:183} INFO - Processing /opt/airflow/dags/data/models/Nicaragua/cases_TS_model.pkl took 0.051 seconds
[2024-08-17T12:08:36.733+0000] {processor.py:161} INFO - Started process (PID=19440) to work on /opt/airflow/dags/data/models/Nicaragua/cases_TS_model.pkl
[2024-08-17T12:08:36.734+0000] {processor.py:830} INFO - Processing file /opt/airflow/dags/data/models/Nicaragua/cases_TS_model.pkl for tasks to queue
[2024-08-17T12:08:36.736+0000] {logging_mixin.py:188} INFO - [2024-08-17T12:08:36.735+0000] {dagbag.py:545} INFO - Filling up the DagBag from /opt/airflow/dags/data/models/Nicaragua/cases_TS_model.pkl
[2024-08-17T12:08:36.754+0000] {processor.py:842} WARNING - No viable dags retrieved from /opt/airflow/dags/data/models/Nicaragua/cases_TS_model.pkl
[2024-08-17T12:08:36.776+0000] {processor.py:183} INFO - Processing /opt/airflow/dags/data/models/Nicaragua/cases_TS_model.pkl took 0.051 seconds
[2024-08-17T12:09:23.355+0000] {processor.py:161} INFO - Started process (PID=20112) to work on /opt/airflow/dags/data/models/Nicaragua/cases_TS_model.pkl
[2024-08-17T12:09:23.357+0000] {processor.py:830} INFO - Processing file /opt/airflow/dags/data/models/Nicaragua/cases_TS_model.pkl for tasks to queue
[2024-08-17T12:09:23.358+0000] {logging_mixin.py:188} INFO - [2024-08-17T12:09:23.357+0000] {dagbag.py:545} INFO - Filling up the DagBag from /opt/airflow/dags/data/models/Nicaragua/cases_TS_model.pkl
[2024-08-17T12:09:23.375+0000] {processor.py:842} WARNING - No viable dags retrieved from /opt/airflow/dags/data/models/Nicaragua/cases_TS_model.pkl
[2024-08-17T12:09:23.394+0000] {processor.py:183} INFO - Processing /opt/airflow/dags/data/models/Nicaragua/cases_TS_model.pkl took 0.046 seconds
[2024-08-17T12:10:05.966+0000] {processor.py:161} INFO - Started process (PID=20755) to work on /opt/airflow/dags/data/models/Nicaragua/cases_TS_model.pkl
[2024-08-17T12:10:05.968+0000] {processor.py:830} INFO - Processing file /opt/airflow/dags/data/models/Nicaragua/cases_TS_model.pkl for tasks to queue
[2024-08-17T12:10:05.969+0000] {logging_mixin.py:188} INFO - [2024-08-17T12:10:05.969+0000] {dagbag.py:545} INFO - Filling up the DagBag from /opt/airflow/dags/data/models/Nicaragua/cases_TS_model.pkl
[2024-08-17T12:10:05.987+0000] {processor.py:842} WARNING - No viable dags retrieved from /opt/airflow/dags/data/models/Nicaragua/cases_TS_model.pkl
[2024-08-17T12:10:06.010+0000] {processor.py:183} INFO - Processing /opt/airflow/dags/data/models/Nicaragua/cases_TS_model.pkl took 0.052 seconds
[2024-08-17T12:10:50.713+0000] {processor.py:161} INFO - Started process (PID=21462) to work on /opt/airflow/dags/data/models/Nicaragua/cases_TS_model.pkl
[2024-08-17T12:10:50.716+0000] {processor.py:830} INFO - Processing file /opt/airflow/dags/data/models/Nicaragua/cases_TS_model.pkl for tasks to queue
[2024-08-17T12:10:50.718+0000] {logging_mixin.py:188} INFO - [2024-08-17T12:10:50.717+0000] {dagbag.py:545} INFO - Filling up the DagBag from /opt/airflow/dags/data/models/Nicaragua/cases_TS_model.pkl
[2024-08-17T12:10:50.737+0000] {processor.py:842} WARNING - No viable dags retrieved from /opt/airflow/dags/data/models/Nicaragua/cases_TS_model.pkl
[2024-08-17T12:10:50.762+0000] {processor.py:183} INFO - Processing /opt/airflow/dags/data/models/Nicaragua/cases_TS_model.pkl took 0.057 seconds
[2024-08-17T12:11:35.635+0000] {processor.py:161} INFO - Started process (PID=22086) to work on /opt/airflow/dags/data/models/Nicaragua/cases_TS_model.pkl
[2024-08-17T12:11:35.637+0000] {processor.py:830} INFO - Processing file /opt/airflow/dags/data/models/Nicaragua/cases_TS_model.pkl for tasks to queue
[2024-08-17T12:11:35.638+0000] {logging_mixin.py:188} INFO - [2024-08-17T12:11:35.638+0000] {dagbag.py:545} INFO - Filling up the DagBag from /opt/airflow/dags/data/models/Nicaragua/cases_TS_model.pkl
[2024-08-17T12:11:35.665+0000] {processor.py:842} WARNING - No viable dags retrieved from /opt/airflow/dags/data/models/Nicaragua/cases_TS_model.pkl
[2024-08-17T12:11:35.686+0000] {processor.py:183} INFO - Processing /opt/airflow/dags/data/models/Nicaragua/cases_TS_model.pkl took 0.059 seconds
[2024-08-17T12:12:21.150+0000] {processor.py:161} INFO - Started process (PID=22726) to work on /opt/airflow/dags/data/models/Nicaragua/cases_TS_model.pkl
[2024-08-17T12:12:21.151+0000] {processor.py:830} INFO - Processing file /opt/airflow/dags/data/models/Nicaragua/cases_TS_model.pkl for tasks to queue
[2024-08-17T12:12:21.153+0000] {logging_mixin.py:188} INFO - [2024-08-17T12:12:21.152+0000] {dagbag.py:545} INFO - Filling up the DagBag from /opt/airflow/dags/data/models/Nicaragua/cases_TS_model.pkl
[2024-08-17T12:12:21.176+0000] {processor.py:842} WARNING - No viable dags retrieved from /opt/airflow/dags/data/models/Nicaragua/cases_TS_model.pkl
[2024-08-17T12:12:21.193+0000] {processor.py:183} INFO - Processing /opt/airflow/dags/data/models/Nicaragua/cases_TS_model.pkl took 0.050 seconds
[2024-08-17T12:13:21.433+0000] {processor.py:161} INFO - Started process (PID=23312) to work on /opt/airflow/dags/data/models/Nicaragua/cases_TS_model.pkl
[2024-08-17T12:13:21.435+0000] {processor.py:830} INFO - Processing file /opt/airflow/dags/data/models/Nicaragua/cases_TS_model.pkl for tasks to queue
[2024-08-17T12:13:21.436+0000] {logging_mixin.py:188} INFO - [2024-08-17T12:13:21.436+0000] {dagbag.py:545} INFO - Filling up the DagBag from /opt/airflow/dags/data/models/Nicaragua/cases_TS_model.pkl
[2024-08-17T12:13:21.453+0000] {processor.py:842} WARNING - No viable dags retrieved from /opt/airflow/dags/data/models/Nicaragua/cases_TS_model.pkl
[2024-08-17T12:13:21.472+0000] {processor.py:183} INFO - Processing /opt/airflow/dags/data/models/Nicaragua/cases_TS_model.pkl took 0.046 seconds
[2024-08-17T12:13:57.361+0000] {processor.py:161} INFO - Started process (PID=23917) to work on /opt/airflow/dags/data/models/Nicaragua/cases_TS_model.pkl
[2024-08-17T12:13:57.363+0000] {processor.py:830} INFO - Processing file /opt/airflow/dags/data/models/Nicaragua/cases_TS_model.pkl for tasks to queue
[2024-08-17T12:13:57.365+0000] {logging_mixin.py:188} INFO - [2024-08-17T12:13:57.365+0000] {dagbag.py:545} INFO - Filling up the DagBag from /opt/airflow/dags/data/models/Nicaragua/cases_TS_model.pkl
[2024-08-17T12:13:57.399+0000] {processor.py:842} WARNING - No viable dags retrieved from /opt/airflow/dags/data/models/Nicaragua/cases_TS_model.pkl
[2024-08-17T12:13:57.421+0000] {processor.py:183} INFO - Processing /opt/airflow/dags/data/models/Nicaragua/cases_TS_model.pkl took 0.072 seconds
[2024-08-17T12:14:51.874+0000] {processor.py:161} INFO - Started process (PID=24668) to work on /opt/airflow/dags/data/models/Nicaragua/cases_TS_model.pkl
[2024-08-17T12:14:51.876+0000] {processor.py:830} INFO - Processing file /opt/airflow/dags/data/models/Nicaragua/cases_TS_model.pkl for tasks to queue
[2024-08-17T12:14:51.877+0000] {logging_mixin.py:188} INFO - [2024-08-17T12:14:51.877+0000] {dagbag.py:545} INFO - Filling up the DagBag from /opt/airflow/dags/data/models/Nicaragua/cases_TS_model.pkl
[2024-08-17T12:14:51.903+0000] {processor.py:842} WARNING - No viable dags retrieved from /opt/airflow/dags/data/models/Nicaragua/cases_TS_model.pkl
[2024-08-17T12:14:51.925+0000] {processor.py:183} INFO - Processing /opt/airflow/dags/data/models/Nicaragua/cases_TS_model.pkl took 0.058 seconds
[2024-08-17T12:15:36.634+0000] {processor.py:161} INFO - Started process (PID=25288) to work on /opt/airflow/dags/data/models/Nicaragua/cases_TS_model.pkl
[2024-08-17T12:15:36.636+0000] {processor.py:830} INFO - Processing file /opt/airflow/dags/data/models/Nicaragua/cases_TS_model.pkl for tasks to queue
[2024-08-17T12:15:36.637+0000] {logging_mixin.py:188} INFO - [2024-08-17T12:15:36.637+0000] {dagbag.py:545} INFO - Filling up the DagBag from /opt/airflow/dags/data/models/Nicaragua/cases_TS_model.pkl
[2024-08-17T12:15:36.662+0000] {processor.py:842} WARNING - No viable dags retrieved from /opt/airflow/dags/data/models/Nicaragua/cases_TS_model.pkl
[2024-08-17T12:15:36.689+0000] {processor.py:183} INFO - Processing /opt/airflow/dags/data/models/Nicaragua/cases_TS_model.pkl took 0.064 seconds
[2024-08-17T12:16:13.461+0000] {processor.py:161} INFO - Started process (PID=25829) to work on /opt/airflow/dags/data/models/Nicaragua/cases_TS_model.pkl
[2024-08-17T12:16:13.463+0000] {processor.py:830} INFO - Processing file /opt/airflow/dags/data/models/Nicaragua/cases_TS_model.pkl for tasks to queue
[2024-08-17T12:16:13.464+0000] {logging_mixin.py:188} INFO - [2024-08-17T12:16:13.464+0000] {dagbag.py:545} INFO - Filling up the DagBag from /opt/airflow/dags/data/models/Nicaragua/cases_TS_model.pkl
[2024-08-17T12:16:13.486+0000] {processor.py:842} WARNING - No viable dags retrieved from /opt/airflow/dags/data/models/Nicaragua/cases_TS_model.pkl
[2024-08-17T12:16:13.505+0000] {processor.py:183} INFO - Processing /opt/airflow/dags/data/models/Nicaragua/cases_TS_model.pkl took 0.052 seconds
[2024-08-17T12:16:53.568+0000] {processor.py:161} INFO - Started process (PID=26384) to work on /opt/airflow/dags/data/models/Nicaragua/cases_TS_model.pkl
[2024-08-17T12:16:53.569+0000] {processor.py:830} INFO - Processing file /opt/airflow/dags/data/models/Nicaragua/cases_TS_model.pkl for tasks to queue
[2024-08-17T12:16:53.571+0000] {logging_mixin.py:188} INFO - [2024-08-17T12:16:53.570+0000] {dagbag.py:545} INFO - Filling up the DagBag from /opt/airflow/dags/data/models/Nicaragua/cases_TS_model.pkl
[2024-08-17T12:16:53.595+0000] {processor.py:842} WARNING - No viable dags retrieved from /opt/airflow/dags/data/models/Nicaragua/cases_TS_model.pkl
[2024-08-17T12:16:53.615+0000] {processor.py:183} INFO - Processing /opt/airflow/dags/data/models/Nicaragua/cases_TS_model.pkl took 0.054 seconds
[2024-08-17T12:17:31.938+0000] {processor.py:161} INFO - Started process (PID=26953) to work on /opt/airflow/dags/data/models/Nicaragua/cases_TS_model.pkl
[2024-08-17T12:17:31.940+0000] {processor.py:830} INFO - Processing file /opt/airflow/dags/data/models/Nicaragua/cases_TS_model.pkl for tasks to queue
[2024-08-17T12:17:31.941+0000] {logging_mixin.py:188} INFO - [2024-08-17T12:17:31.941+0000] {dagbag.py:545} INFO - Filling up the DagBag from /opt/airflow/dags/data/models/Nicaragua/cases_TS_model.pkl
[2024-08-17T12:17:31.961+0000] {processor.py:842} WARNING - No viable dags retrieved from /opt/airflow/dags/data/models/Nicaragua/cases_TS_model.pkl
[2024-08-17T12:17:31.982+0000] {processor.py:183} INFO - Processing /opt/airflow/dags/data/models/Nicaragua/cases_TS_model.pkl took 0.052 seconds
[2024-08-17T12:18:43.980+0000] {processor.py:161} INFO - Started process (PID=27562) to work on /opt/airflow/dags/data/models/Nicaragua/cases_TS_model.pkl
[2024-08-17T12:18:43.982+0000] {processor.py:830} INFO - Processing file /opt/airflow/dags/data/models/Nicaragua/cases_TS_model.pkl for tasks to queue
[2024-08-17T12:18:43.983+0000] {logging_mixin.py:188} INFO - [2024-08-17T12:18:43.982+0000] {dagbag.py:545} INFO - Filling up the DagBag from /opt/airflow/dags/data/models/Nicaragua/cases_TS_model.pkl
[2024-08-17T12:18:44.007+0000] {processor.py:842} WARNING - No viable dags retrieved from /opt/airflow/dags/data/models/Nicaragua/cases_TS_model.pkl
[2024-08-17T12:18:44.027+0000] {processor.py:183} INFO - Processing /opt/airflow/dags/data/models/Nicaragua/cases_TS_model.pkl took 0.054 seconds
[2024-08-17T12:19:36.102+0000] {processor.py:161} INFO - Started process (PID=28326) to work on /opt/airflow/dags/data/models/Nicaragua/cases_TS_model.pkl
[2024-08-17T12:19:36.103+0000] {processor.py:830} INFO - Processing file /opt/airflow/dags/data/models/Nicaragua/cases_TS_model.pkl for tasks to queue
[2024-08-17T12:19:36.105+0000] {logging_mixin.py:188} INFO - [2024-08-17T12:19:36.104+0000] {dagbag.py:545} INFO - Filling up the DagBag from /opt/airflow/dags/data/models/Nicaragua/cases_TS_model.pkl
[2024-08-17T12:19:36.125+0000] {processor.py:842} WARNING - No viable dags retrieved from /opt/airflow/dags/data/models/Nicaragua/cases_TS_model.pkl
[2024-08-17T12:19:36.144+0000] {processor.py:183} INFO - Processing /opt/airflow/dags/data/models/Nicaragua/cases_TS_model.pkl took 0.050 seconds
[2024-08-17T12:20:20.931+0000] {processor.py:161} INFO - Started process (PID=28984) to work on /opt/airflow/dags/data/models/Nicaragua/cases_TS_model.pkl
[2024-08-17T12:20:20.932+0000] {processor.py:830} INFO - Processing file /opt/airflow/dags/data/models/Nicaragua/cases_TS_model.pkl for tasks to queue
[2024-08-17T12:20:20.933+0000] {logging_mixin.py:188} INFO - [2024-08-17T12:20:20.933+0000] {dagbag.py:545} INFO - Filling up the DagBag from /opt/airflow/dags/data/models/Nicaragua/cases_TS_model.pkl
[2024-08-17T12:20:20.949+0000] {processor.py:842} WARNING - No viable dags retrieved from /opt/airflow/dags/data/models/Nicaragua/cases_TS_model.pkl
[2024-08-17T12:20:20.968+0000] {processor.py:183} INFO - Processing /opt/airflow/dags/data/models/Nicaragua/cases_TS_model.pkl took 0.045 seconds
[2024-08-17T12:21:22.502+0000] {processor.py:161} INFO - Started process (PID=29765) to work on /opt/airflow/dags/data/models/Nicaragua/cases_TS_model.pkl
[2024-08-17T12:21:22.505+0000] {processor.py:830} INFO - Processing file /opt/airflow/dags/data/models/Nicaragua/cases_TS_model.pkl for tasks to queue
[2024-08-17T12:21:22.507+0000] {logging_mixin.py:188} INFO - [2024-08-17T12:21:22.506+0000] {dagbag.py:545} INFO - Filling up the DagBag from /opt/airflow/dags/data/models/Nicaragua/cases_TS_model.pkl
[2024-08-17T12:21:22.532+0000] {processor.py:842} WARNING - No viable dags retrieved from /opt/airflow/dags/data/models/Nicaragua/cases_TS_model.pkl
[2024-08-17T12:21:22.551+0000] {processor.py:183} INFO - Processing /opt/airflow/dags/data/models/Nicaragua/cases_TS_model.pkl took 0.062 seconds
[2024-08-17T12:21:56.902+0000] {processor.py:161} INFO - Started process (PID=30276) to work on /opt/airflow/dags/data/models/Nicaragua/cases_TS_model.pkl
[2024-08-17T12:21:56.904+0000] {processor.py:830} INFO - Processing file /opt/airflow/dags/data/models/Nicaragua/cases_TS_model.pkl for tasks to queue
[2024-08-17T12:21:56.905+0000] {logging_mixin.py:188} INFO - [2024-08-17T12:21:56.905+0000] {dagbag.py:545} INFO - Filling up the DagBag from /opt/airflow/dags/data/models/Nicaragua/cases_TS_model.pkl
[2024-08-17T12:21:56.926+0000] {processor.py:842} WARNING - No viable dags retrieved from /opt/airflow/dags/data/models/Nicaragua/cases_TS_model.pkl
[2024-08-17T12:21:56.946+0000] {processor.py:183} INFO - Processing /opt/airflow/dags/data/models/Nicaragua/cases_TS_model.pkl took 0.050 seconds
[2024-08-17T12:22:34.953+0000] {processor.py:161} INFO - Started process (PID=30848) to work on /opt/airflow/dags/data/models/Nicaragua/cases_TS_model.pkl
[2024-08-17T12:22:34.955+0000] {processor.py:830} INFO - Processing file /opt/airflow/dags/data/models/Nicaragua/cases_TS_model.pkl for tasks to queue
[2024-08-17T12:22:34.956+0000] {logging_mixin.py:188} INFO - [2024-08-17T12:22:34.956+0000] {dagbag.py:545} INFO - Filling up the DagBag from /opt/airflow/dags/data/models/Nicaragua/cases_TS_model.pkl
[2024-08-17T12:22:34.976+0000] {processor.py:842} WARNING - No viable dags retrieved from /opt/airflow/dags/data/models/Nicaragua/cases_TS_model.pkl
[2024-08-17T12:22:34.995+0000] {processor.py:183} INFO - Processing /opt/airflow/dags/data/models/Nicaragua/cases_TS_model.pkl took 0.051 seconds
[2024-08-17T12:23:23.869+0000] {processor.py:161} INFO - Started process (PID=31271) to work on /opt/airflow/dags/data/models/Nicaragua/cases_TS_model.pkl
[2024-08-17T12:23:23.870+0000] {processor.py:830} INFO - Processing file /opt/airflow/dags/data/models/Nicaragua/cases_TS_model.pkl for tasks to queue
[2024-08-17T12:23:23.871+0000] {logging_mixin.py:188} INFO - [2024-08-17T12:23:23.871+0000] {dagbag.py:545} INFO - Filling up the DagBag from /opt/airflow/dags/data/models/Nicaragua/cases_TS_model.pkl
[2024-08-17T12:23:23.889+0000] {processor.py:842} WARNING - No viable dags retrieved from /opt/airflow/dags/data/models/Nicaragua/cases_TS_model.pkl
[2024-08-17T12:23:23.907+0000] {processor.py:183} INFO - Processing /opt/airflow/dags/data/models/Nicaragua/cases_TS_model.pkl took 0.044 seconds
[2024-08-17T12:24:04.918+0000] {processor.py:161} INFO - Started process (PID=31948) to work on /opt/airflow/dags/data/models/Nicaragua/cases_TS_model.pkl
[2024-08-17T12:24:04.919+0000] {processor.py:830} INFO - Processing file /opt/airflow/dags/data/models/Nicaragua/cases_TS_model.pkl for tasks to queue
[2024-08-17T12:24:04.921+0000] {logging_mixin.py:188} INFO - [2024-08-17T12:24:04.920+0000] {dagbag.py:545} INFO - Filling up the DagBag from /opt/airflow/dags/data/models/Nicaragua/cases_TS_model.pkl
[2024-08-17T12:24:04.935+0000] {processor.py:842} WARNING - No viable dags retrieved from /opt/airflow/dags/data/models/Nicaragua/cases_TS_model.pkl
[2024-08-17T12:24:04.954+0000] {processor.py:183} INFO - Processing /opt/airflow/dags/data/models/Nicaragua/cases_TS_model.pkl took 0.044 seconds
[2024-08-17T12:24:51.335+0000] {processor.py:161} INFO - Started process (PID=32717) to work on /opt/airflow/dags/data/models/Nicaragua/cases_TS_model.pkl
[2024-08-17T12:24:51.336+0000] {processor.py:830} INFO - Processing file /opt/airflow/dags/data/models/Nicaragua/cases_TS_model.pkl for tasks to queue
[2024-08-17T12:24:51.337+0000] {logging_mixin.py:188} INFO - [2024-08-17T12:24:51.337+0000] {dagbag.py:545} INFO - Filling up the DagBag from /opt/airflow/dags/data/models/Nicaragua/cases_TS_model.pkl
[2024-08-17T12:24:51.358+0000] {processor.py:842} WARNING - No viable dags retrieved from /opt/airflow/dags/data/models/Nicaragua/cases_TS_model.pkl
[2024-08-17T12:24:51.375+0000] {processor.py:183} INFO - Processing /opt/airflow/dags/data/models/Nicaragua/cases_TS_model.pkl took 0.044 seconds
[2024-08-17T12:25:35.957+0000] {processor.py:161} INFO - Started process (PID=33475) to work on /opt/airflow/dags/data/models/Nicaragua/cases_TS_model.pkl
[2024-08-17T12:25:35.958+0000] {processor.py:830} INFO - Processing file /opt/airflow/dags/data/models/Nicaragua/cases_TS_model.pkl for tasks to queue
[2024-08-17T12:25:35.960+0000] {logging_mixin.py:188} INFO - [2024-08-17T12:25:35.959+0000] {dagbag.py:545} INFO - Filling up the DagBag from /opt/airflow/dags/data/models/Nicaragua/cases_TS_model.pkl
[2024-08-17T12:25:35.977+0000] {processor.py:842} WARNING - No viable dags retrieved from /opt/airflow/dags/data/models/Nicaragua/cases_TS_model.pkl
[2024-08-17T12:25:35.991+0000] {processor.py:183} INFO - Processing /opt/airflow/dags/data/models/Nicaragua/cases_TS_model.pkl took 0.041 seconds
[2024-08-17T12:26:14.831+0000] {processor.py:161} INFO - Started process (PID=34224) to work on /opt/airflow/dags/data/models/Nicaragua/cases_TS_model.pkl
[2024-08-17T12:26:14.832+0000] {processor.py:830} INFO - Processing file /opt/airflow/dags/data/models/Nicaragua/cases_TS_model.pkl for tasks to queue
[2024-08-17T12:26:14.833+0000] {logging_mixin.py:188} INFO - [2024-08-17T12:26:14.832+0000] {dagbag.py:545} INFO - Filling up the DagBag from /opt/airflow/dags/data/models/Nicaragua/cases_TS_model.pkl
[2024-08-17T12:26:14.849+0000] {processor.py:842} WARNING - No viable dags retrieved from /opt/airflow/dags/data/models/Nicaragua/cases_TS_model.pkl
[2024-08-17T12:26:14.862+0000] {processor.py:183} INFO - Processing /opt/airflow/dags/data/models/Nicaragua/cases_TS_model.pkl took 0.035 seconds
[2024-08-17T12:26:51.368+0000] {processor.py:161} INFO - Started process (PID=34879) to work on /opt/airflow/dags/data/models/Nicaragua/cases_TS_model.pkl
[2024-08-17T12:26:51.369+0000] {processor.py:830} INFO - Processing file /opt/airflow/dags/data/models/Nicaragua/cases_TS_model.pkl for tasks to queue
[2024-08-17T12:26:51.370+0000] {logging_mixin.py:188} INFO - [2024-08-17T12:26:51.370+0000] {dagbag.py:545} INFO - Filling up the DagBag from /opt/airflow/dags/data/models/Nicaragua/cases_TS_model.pkl
[2024-08-17T12:26:51.389+0000] {processor.py:842} WARNING - No viable dags retrieved from /opt/airflow/dags/data/models/Nicaragua/cases_TS_model.pkl
[2024-08-17T12:26:51.403+0000] {processor.py:183} INFO - Processing /opt/airflow/dags/data/models/Nicaragua/cases_TS_model.pkl took 0.039 seconds
[2024-08-17T12:27:26.715+0000] {processor.py:161} INFO - Started process (PID=35575) to work on /opt/airflow/dags/data/models/Nicaragua/cases_TS_model.pkl
[2024-08-17T12:27:26.716+0000] {processor.py:830} INFO - Processing file /opt/airflow/dags/data/models/Nicaragua/cases_TS_model.pkl for tasks to queue
[2024-08-17T12:27:26.717+0000] {logging_mixin.py:188} INFO - [2024-08-17T12:27:26.716+0000] {dagbag.py:545} INFO - Filling up the DagBag from /opt/airflow/dags/data/models/Nicaragua/cases_TS_model.pkl
[2024-08-17T12:27:26.730+0000] {processor.py:842} WARNING - No viable dags retrieved from /opt/airflow/dags/data/models/Nicaragua/cases_TS_model.pkl
[2024-08-17T12:27:26.745+0000] {processor.py:183} INFO - Processing /opt/airflow/dags/data/models/Nicaragua/cases_TS_model.pkl took 0.036 seconds
[2024-08-17T12:28:18.448+0000] {processor.py:161} INFO - Started process (PID=36293) to work on /opt/airflow/dags/data/models/Nicaragua/cases_TS_model.pkl
[2024-08-17T12:28:18.448+0000] {processor.py:830} INFO - Processing file /opt/airflow/dags/data/models/Nicaragua/cases_TS_model.pkl for tasks to queue
[2024-08-17T12:28:18.449+0000] {logging_mixin.py:188} INFO - [2024-08-17T12:28:18.449+0000] {dagbag.py:545} INFO - Filling up the DagBag from /opt/airflow/dags/data/models/Nicaragua/cases_TS_model.pkl
[2024-08-17T12:28:18.458+0000] {processor.py:842} WARNING - No viable dags retrieved from /opt/airflow/dags/data/models/Nicaragua/cases_TS_model.pkl
[2024-08-17T12:28:18.468+0000] {processor.py:183} INFO - Processing /opt/airflow/dags/data/models/Nicaragua/cases_TS_model.pkl took 0.024 seconds
[2024-08-17T12:28:53.282+0000] {processor.py:161} INFO - Started process (PID=37037) to work on /opt/airflow/dags/data/models/Nicaragua/cases_TS_model.pkl
[2024-08-17T12:28:53.285+0000] {processor.py:830} INFO - Processing file /opt/airflow/dags/data/models/Nicaragua/cases_TS_model.pkl for tasks to queue
[2024-08-17T12:28:53.287+0000] {logging_mixin.py:188} INFO - [2024-08-17T12:28:53.287+0000] {dagbag.py:545} INFO - Filling up the DagBag from /opt/airflow/dags/data/models/Nicaragua/cases_TS_model.pkl
[2024-08-17T12:28:53.300+0000] {processor.py:842} WARNING - No viable dags retrieved from /opt/airflow/dags/data/models/Nicaragua/cases_TS_model.pkl
[2024-08-17T12:28:53.310+0000] {processor.py:183} INFO - Processing /opt/airflow/dags/data/models/Nicaragua/cases_TS_model.pkl took 0.032 seconds
[2024-08-17T12:29:27.477+0000] {processor.py:161} INFO - Started process (PID=37782) to work on /opt/airflow/dags/data/models/Nicaragua/cases_TS_model.pkl
[2024-08-17T12:29:27.478+0000] {processor.py:830} INFO - Processing file /opt/airflow/dags/data/models/Nicaragua/cases_TS_model.pkl for tasks to queue
[2024-08-17T12:29:27.479+0000] {logging_mixin.py:188} INFO - [2024-08-17T12:29:27.479+0000] {dagbag.py:545} INFO - Filling up the DagBag from /opt/airflow/dags/data/models/Nicaragua/cases_TS_model.pkl
[2024-08-17T12:29:27.487+0000] {processor.py:842} WARNING - No viable dags retrieved from /opt/airflow/dags/data/models/Nicaragua/cases_TS_model.pkl
[2024-08-17T12:29:27.497+0000] {processor.py:183} INFO - Processing /opt/airflow/dags/data/models/Nicaragua/cases_TS_model.pkl took 0.023 seconds
[2024-08-17T12:29:59.854+0000] {processor.py:161} INFO - Started process (PID=38507) to work on /opt/airflow/dags/data/models/Nicaragua/cases_TS_model.pkl
[2024-08-17T12:29:59.855+0000] {processor.py:830} INFO - Processing file /opt/airflow/dags/data/models/Nicaragua/cases_TS_model.pkl for tasks to queue
[2024-08-17T12:29:59.856+0000] {logging_mixin.py:188} INFO - [2024-08-17T12:29:59.856+0000] {dagbag.py:545} INFO - Filling up the DagBag from /opt/airflow/dags/data/models/Nicaragua/cases_TS_model.pkl
[2024-08-17T12:29:59.865+0000] {processor.py:842} WARNING - No viable dags retrieved from /opt/airflow/dags/data/models/Nicaragua/cases_TS_model.pkl
[2024-08-17T12:29:59.875+0000] {processor.py:183} INFO - Processing /opt/airflow/dags/data/models/Nicaragua/cases_TS_model.pkl took 0.025 seconds
[2024-08-17T12:30:32.888+0000] {processor.py:161} INFO - Started process (PID=39243) to work on /opt/airflow/dags/data/models/Nicaragua/cases_TS_model.pkl
[2024-08-17T12:30:32.889+0000] {processor.py:830} INFO - Processing file /opt/airflow/dags/data/models/Nicaragua/cases_TS_model.pkl for tasks to queue
[2024-08-17T12:30:32.890+0000] {logging_mixin.py:188} INFO - [2024-08-17T12:30:32.889+0000] {dagbag.py:545} INFO - Filling up the DagBag from /opt/airflow/dags/data/models/Nicaragua/cases_TS_model.pkl
[2024-08-17T12:30:32.897+0000] {processor.py:842} WARNING - No viable dags retrieved from /opt/airflow/dags/data/models/Nicaragua/cases_TS_model.pkl
[2024-08-17T12:30:32.907+0000] {processor.py:183} INFO - Processing /opt/airflow/dags/data/models/Nicaragua/cases_TS_model.pkl took 0.022 seconds
[2024-08-17T12:31:06.208+0000] {processor.py:161} INFO - Started process (PID=39990) to work on /opt/airflow/dags/data/models/Nicaragua/cases_TS_model.pkl
[2024-08-17T12:31:06.208+0000] {processor.py:830} INFO - Processing file /opt/airflow/dags/data/models/Nicaragua/cases_TS_model.pkl for tasks to queue
[2024-08-17T12:31:06.209+0000] {logging_mixin.py:188} INFO - [2024-08-17T12:31:06.209+0000] {dagbag.py:545} INFO - Filling up the DagBag from /opt/airflow/dags/data/models/Nicaragua/cases_TS_model.pkl
[2024-08-17T12:31:06.218+0000] {processor.py:842} WARNING - No viable dags retrieved from /opt/airflow/dags/data/models/Nicaragua/cases_TS_model.pkl
[2024-08-17T12:31:06.230+0000] {processor.py:183} INFO - Processing /opt/airflow/dags/data/models/Nicaragua/cases_TS_model.pkl took 0.026 seconds
[2024-08-17T12:31:39.961+0000] {processor.py:161} INFO - Started process (PID=40736) to work on /opt/airflow/dags/data/models/Nicaragua/cases_TS_model.pkl
[2024-08-17T12:31:39.962+0000] {processor.py:830} INFO - Processing file /opt/airflow/dags/data/models/Nicaragua/cases_TS_model.pkl for tasks to queue
[2024-08-17T12:31:39.963+0000] {logging_mixin.py:188} INFO - [2024-08-17T12:31:39.963+0000] {dagbag.py:545} INFO - Filling up the DagBag from /opt/airflow/dags/data/models/Nicaragua/cases_TS_model.pkl
[2024-08-17T12:31:39.978+0000] {processor.py:842} WARNING - No viable dags retrieved from /opt/airflow/dags/data/models/Nicaragua/cases_TS_model.pkl
[2024-08-17T12:31:39.990+0000] {processor.py:183} INFO - Processing /opt/airflow/dags/data/models/Nicaragua/cases_TS_model.pkl took 0.034 seconds
[2024-08-17T12:32:15.845+0000] {processor.py:161} INFO - Started process (PID=41459) to work on /opt/airflow/dags/data/models/Nicaragua/cases_TS_model.pkl
[2024-08-17T12:32:15.846+0000] {processor.py:830} INFO - Processing file /opt/airflow/dags/data/models/Nicaragua/cases_TS_model.pkl for tasks to queue
[2024-08-17T12:32:15.847+0000] {logging_mixin.py:188} INFO - [2024-08-17T12:32:15.847+0000] {dagbag.py:545} INFO - Filling up the DagBag from /opt/airflow/dags/data/models/Nicaragua/cases_TS_model.pkl
[2024-08-17T12:32:15.893+0000] {processor.py:842} WARNING - No viable dags retrieved from /opt/airflow/dags/data/models/Nicaragua/cases_TS_model.pkl
[2024-08-17T12:32:15.903+0000] {processor.py:183} INFO - Processing /opt/airflow/dags/data/models/Nicaragua/cases_TS_model.pkl took 0.061 seconds
[2024-08-17T12:32:59.729+0000] {processor.py:161} INFO - Started process (PID=42228) to work on /opt/airflow/dags/data/models/Nicaragua/cases_TS_model.pkl
[2024-08-17T12:32:59.730+0000] {processor.py:830} INFO - Processing file /opt/airflow/dags/data/models/Nicaragua/cases_TS_model.pkl for tasks to queue
[2024-08-17T12:32:59.730+0000] {logging_mixin.py:188} INFO - [2024-08-17T12:32:59.730+0000] {dagbag.py:545} INFO - Filling up the DagBag from /opt/airflow/dags/data/models/Nicaragua/cases_TS_model.pkl
[2024-08-17T12:32:59.740+0000] {processor.py:842} WARNING - No viable dags retrieved from /opt/airflow/dags/data/models/Nicaragua/cases_TS_model.pkl
[2024-08-17T12:32:59.749+0000] {processor.py:183} INFO - Processing /opt/airflow/dags/data/models/Nicaragua/cases_TS_model.pkl took 0.023 seconds
[2024-08-17T12:33:30.888+0000] {processor.py:161} INFO - Started process (PID=42948) to work on /opt/airflow/dags/data/models/Nicaragua/cases_TS_model.pkl
[2024-08-17T12:33:30.889+0000] {processor.py:830} INFO - Processing file /opt/airflow/dags/data/models/Nicaragua/cases_TS_model.pkl for tasks to queue
[2024-08-17T12:33:30.890+0000] {logging_mixin.py:188} INFO - [2024-08-17T12:33:30.889+0000] {dagbag.py:545} INFO - Filling up the DagBag from /opt/airflow/dags/data/models/Nicaragua/cases_TS_model.pkl
[2024-08-17T12:33:30.901+0000] {processor.py:842} WARNING - No viable dags retrieved from /opt/airflow/dags/data/models/Nicaragua/cases_TS_model.pkl
[2024-08-17T12:33:30.911+0000] {processor.py:183} INFO - Processing /opt/airflow/dags/data/models/Nicaragua/cases_TS_model.pkl took 0.026 seconds
[2024-08-17T12:34:02.178+0000] {processor.py:161} INFO - Started process (PID=43673) to work on /opt/airflow/dags/data/models/Nicaragua/cases_TS_model.pkl
[2024-08-17T12:34:02.179+0000] {processor.py:830} INFO - Processing file /opt/airflow/dags/data/models/Nicaragua/cases_TS_model.pkl for tasks to queue
[2024-08-17T12:34:02.180+0000] {logging_mixin.py:188} INFO - [2024-08-17T12:34:02.179+0000] {dagbag.py:545} INFO - Filling up the DagBag from /opt/airflow/dags/data/models/Nicaragua/cases_TS_model.pkl
[2024-08-17T12:34:02.189+0000] {processor.py:842} WARNING - No viable dags retrieved from /opt/airflow/dags/data/models/Nicaragua/cases_TS_model.pkl
[2024-08-17T12:34:02.198+0000] {processor.py:183} INFO - Processing /opt/airflow/dags/data/models/Nicaragua/cases_TS_model.pkl took 0.023 seconds
[2024-08-17T12:34:34.799+0000] {processor.py:161} INFO - Started process (PID=44415) to work on /opt/airflow/dags/data/models/Nicaragua/cases_TS_model.pkl
[2024-08-17T12:34:34.800+0000] {processor.py:830} INFO - Processing file /opt/airflow/dags/data/models/Nicaragua/cases_TS_model.pkl for tasks to queue
[2024-08-17T12:34:34.801+0000] {logging_mixin.py:188} INFO - [2024-08-17T12:34:34.800+0000] {dagbag.py:545} INFO - Filling up the DagBag from /opt/airflow/dags/data/models/Nicaragua/cases_TS_model.pkl
[2024-08-17T12:34:34.809+0000] {processor.py:842} WARNING - No viable dags retrieved from /opt/airflow/dags/data/models/Nicaragua/cases_TS_model.pkl
[2024-08-17T12:34:34.819+0000] {processor.py:183} INFO - Processing /opt/airflow/dags/data/models/Nicaragua/cases_TS_model.pkl took 0.024 seconds
[2024-08-17T12:35:07.627+0000] {processor.py:161} INFO - Started process (PID=45140) to work on /opt/airflow/dags/data/models/Nicaragua/cases_TS_model.pkl
[2024-08-17T12:35:07.628+0000] {processor.py:830} INFO - Processing file /opt/airflow/dags/data/models/Nicaragua/cases_TS_model.pkl for tasks to queue
[2024-08-17T12:35:07.628+0000] {logging_mixin.py:188} INFO - [2024-08-17T12:35:07.628+0000] {dagbag.py:545} INFO - Filling up the DagBag from /opt/airflow/dags/data/models/Nicaragua/cases_TS_model.pkl
[2024-08-17T12:35:07.638+0000] {processor.py:842} WARNING - No viable dags retrieved from /opt/airflow/dags/data/models/Nicaragua/cases_TS_model.pkl
[2024-08-17T12:35:07.647+0000] {processor.py:183} INFO - Processing /opt/airflow/dags/data/models/Nicaragua/cases_TS_model.pkl took 0.024 seconds
[2024-08-17T12:35:41.039+0000] {processor.py:161} INFO - Started process (PID=45871) to work on /opt/airflow/dags/data/models/Nicaragua/cases_TS_model.pkl
[2024-08-17T12:35:41.039+0000] {processor.py:830} INFO - Processing file /opt/airflow/dags/data/models/Nicaragua/cases_TS_model.pkl for tasks to queue
[2024-08-17T12:35:41.040+0000] {logging_mixin.py:188} INFO - [2024-08-17T12:35:41.040+0000] {dagbag.py:545} INFO - Filling up the DagBag from /opt/airflow/dags/data/models/Nicaragua/cases_TS_model.pkl
[2024-08-17T12:35:41.048+0000] {processor.py:842} WARNING - No viable dags retrieved from /opt/airflow/dags/data/models/Nicaragua/cases_TS_model.pkl
[2024-08-17T12:35:41.059+0000] {processor.py:183} INFO - Processing /opt/airflow/dags/data/models/Nicaragua/cases_TS_model.pkl took 0.024 seconds
[2024-08-17T12:36:13.236+0000] {processor.py:161} INFO - Started process (PID=46596) to work on /opt/airflow/dags/data/models/Nicaragua/cases_TS_model.pkl
[2024-08-17T12:36:13.237+0000] {processor.py:830} INFO - Processing file /opt/airflow/dags/data/models/Nicaragua/cases_TS_model.pkl for tasks to queue
[2024-08-17T12:36:13.237+0000] {logging_mixin.py:188} INFO - [2024-08-17T12:36:13.237+0000] {dagbag.py:545} INFO - Filling up the DagBag from /opt/airflow/dags/data/models/Nicaragua/cases_TS_model.pkl
[2024-08-17T12:36:13.245+0000] {processor.py:842} WARNING - No viable dags retrieved from /opt/airflow/dags/data/models/Nicaragua/cases_TS_model.pkl
[2024-08-17T12:36:13.254+0000] {processor.py:183} INFO - Processing /opt/airflow/dags/data/models/Nicaragua/cases_TS_model.pkl took 0.021 seconds
[2024-08-17T12:36:45.833+0000] {processor.py:161} INFO - Started process (PID=47340) to work on /opt/airflow/dags/data/models/Nicaragua/cases_TS_model.pkl
[2024-08-17T12:36:45.834+0000] {processor.py:830} INFO - Processing file /opt/airflow/dags/data/models/Nicaragua/cases_TS_model.pkl for tasks to queue
[2024-08-17T12:36:45.835+0000] {logging_mixin.py:188} INFO - [2024-08-17T12:36:45.834+0000] {dagbag.py:545} INFO - Filling up the DagBag from /opt/airflow/dags/data/models/Nicaragua/cases_TS_model.pkl
[2024-08-17T12:36:45.841+0000] {processor.py:842} WARNING - No viable dags retrieved from /opt/airflow/dags/data/models/Nicaragua/cases_TS_model.pkl
[2024-08-17T12:36:45.850+0000] {processor.py:183} INFO - Processing /opt/airflow/dags/data/models/Nicaragua/cases_TS_model.pkl took 0.020 seconds
[2024-08-17T12:37:17.791+0000] {processor.py:161} INFO - Started process (PID=48036) to work on /opt/airflow/dags/data/models/Nicaragua/cases_TS_model.pkl
[2024-08-17T12:37:17.792+0000] {processor.py:830} INFO - Processing file /opt/airflow/dags/data/models/Nicaragua/cases_TS_model.pkl for tasks to queue
[2024-08-17T12:37:17.792+0000] {logging_mixin.py:188} INFO - [2024-08-17T12:37:17.792+0000] {dagbag.py:545} INFO - Filling up the DagBag from /opt/airflow/dags/data/models/Nicaragua/cases_TS_model.pkl
[2024-08-17T12:37:17.799+0000] {processor.py:842} WARNING - No viable dags retrieved from /opt/airflow/dags/data/models/Nicaragua/cases_TS_model.pkl
[2024-08-17T12:37:17.808+0000] {processor.py:183} INFO - Processing /opt/airflow/dags/data/models/Nicaragua/cases_TS_model.pkl took 0.020 seconds
[2024-08-17T12:38:02.106+0000] {processor.py:161} INFO - Started process (PID=48825) to work on /opt/airflow/dags/data/models/Nicaragua/cases_TS_model.pkl
[2024-08-17T12:38:02.107+0000] {processor.py:830} INFO - Processing file /opt/airflow/dags/data/models/Nicaragua/cases_TS_model.pkl for tasks to queue
[2024-08-17T12:38:02.107+0000] {logging_mixin.py:188} INFO - [2024-08-17T12:38:02.107+0000] {dagbag.py:545} INFO - Filling up the DagBag from /opt/airflow/dags/data/models/Nicaragua/cases_TS_model.pkl
[2024-08-17T12:38:02.115+0000] {processor.py:842} WARNING - No viable dags retrieved from /opt/airflow/dags/data/models/Nicaragua/cases_TS_model.pkl
[2024-08-17T12:38:02.124+0000] {processor.py:183} INFO - Processing /opt/airflow/dags/data/models/Nicaragua/cases_TS_model.pkl took 0.021 seconds
[2024-08-17T12:38:34.419+0000] {processor.py:161} INFO - Started process (PID=49568) to work on /opt/airflow/dags/data/models/Nicaragua/cases_TS_model.pkl
[2024-08-17T12:38:34.419+0000] {processor.py:830} INFO - Processing file /opt/airflow/dags/data/models/Nicaragua/cases_TS_model.pkl for tasks to queue
[2024-08-17T12:38:34.420+0000] {logging_mixin.py:188} INFO - [2024-08-17T12:38:34.420+0000] {dagbag.py:545} INFO - Filling up the DagBag from /opt/airflow/dags/data/models/Nicaragua/cases_TS_model.pkl
[2024-08-17T12:38:34.433+0000] {processor.py:842} WARNING - No viable dags retrieved from /opt/airflow/dags/data/models/Nicaragua/cases_TS_model.pkl
[2024-08-17T12:38:34.444+0000] {processor.py:183} INFO - Processing /opt/airflow/dags/data/models/Nicaragua/cases_TS_model.pkl took 0.029 seconds
[2024-08-17T12:39:06.677+0000] {processor.py:161} INFO - Started process (PID=50311) to work on /opt/airflow/dags/data/models/Nicaragua/cases_TS_model.pkl
[2024-08-17T12:39:06.678+0000] {processor.py:830} INFO - Processing file /opt/airflow/dags/data/models/Nicaragua/cases_TS_model.pkl for tasks to queue
[2024-08-17T12:39:06.679+0000] {logging_mixin.py:188} INFO - [2024-08-17T12:39:06.679+0000] {dagbag.py:545} INFO - Filling up the DagBag from /opt/airflow/dags/data/models/Nicaragua/cases_TS_model.pkl
[2024-08-17T12:39:06.687+0000] {processor.py:842} WARNING - No viable dags retrieved from /opt/airflow/dags/data/models/Nicaragua/cases_TS_model.pkl
[2024-08-17T12:39:06.697+0000] {processor.py:183} INFO - Processing /opt/airflow/dags/data/models/Nicaragua/cases_TS_model.pkl took 0.023 seconds
[2024-08-17T12:39:38.403+0000] {processor.py:161} INFO - Started process (PID=51028) to work on /opt/airflow/dags/data/models/Nicaragua/cases_TS_model.pkl
[2024-08-17T12:39:38.403+0000] {processor.py:830} INFO - Processing file /opt/airflow/dags/data/models/Nicaragua/cases_TS_model.pkl for tasks to queue
[2024-08-17T12:39:38.404+0000] {logging_mixin.py:188} INFO - [2024-08-17T12:39:38.404+0000] {dagbag.py:545} INFO - Filling up the DagBag from /opt/airflow/dags/data/models/Nicaragua/cases_TS_model.pkl
[2024-08-17T12:39:38.411+0000] {processor.py:842} WARNING - No viable dags retrieved from /opt/airflow/dags/data/models/Nicaragua/cases_TS_model.pkl
[2024-08-17T12:39:38.420+0000] {processor.py:183} INFO - Processing /opt/airflow/dags/data/models/Nicaragua/cases_TS_model.pkl took 0.020 seconds
[2024-08-17T12:40:10.296+0000] {processor.py:161} INFO - Started process (PID=51751) to work on /opt/airflow/dags/data/models/Nicaragua/cases_TS_model.pkl
[2024-08-17T12:40:10.296+0000] {processor.py:830} INFO - Processing file /opt/airflow/dags/data/models/Nicaragua/cases_TS_model.pkl for tasks to queue
[2024-08-17T12:40:10.297+0000] {logging_mixin.py:188} INFO - [2024-08-17T12:40:10.297+0000] {dagbag.py:545} INFO - Filling up the DagBag from /opt/airflow/dags/data/models/Nicaragua/cases_TS_model.pkl
[2024-08-17T12:40:10.305+0000] {processor.py:842} WARNING - No viable dags retrieved from /opt/airflow/dags/data/models/Nicaragua/cases_TS_model.pkl
[2024-08-17T12:40:10.315+0000] {processor.py:183} INFO - Processing /opt/airflow/dags/data/models/Nicaragua/cases_TS_model.pkl took 0.023 seconds
[2024-08-17T12:40:42.779+0000] {processor.py:161} INFO - Started process (PID=52472) to work on /opt/airflow/dags/data/models/Nicaragua/cases_TS_model.pkl
[2024-08-17T12:40:42.780+0000] {processor.py:830} INFO - Processing file /opt/airflow/dags/data/models/Nicaragua/cases_TS_model.pkl for tasks to queue
[2024-08-17T12:40:42.781+0000] {logging_mixin.py:188} INFO - [2024-08-17T12:40:42.780+0000] {dagbag.py:545} INFO - Filling up the DagBag from /opt/airflow/dags/data/models/Nicaragua/cases_TS_model.pkl
[2024-08-17T12:40:42.788+0000] {processor.py:842} WARNING - No viable dags retrieved from /opt/airflow/dags/data/models/Nicaragua/cases_TS_model.pkl
[2024-08-17T12:40:42.797+0000] {processor.py:183} INFO - Processing /opt/airflow/dags/data/models/Nicaragua/cases_TS_model.pkl took 0.022 seconds
[2024-08-17T12:41:13.946+0000] {processor.py:161} INFO - Started process (PID=53158) to work on /opt/airflow/dags/data/models/Nicaragua/cases_TS_model.pkl
[2024-08-17T12:41:13.947+0000] {processor.py:830} INFO - Processing file /opt/airflow/dags/data/models/Nicaragua/cases_TS_model.pkl for tasks to queue
[2024-08-17T12:41:13.948+0000] {logging_mixin.py:188} INFO - [2024-08-17T12:41:13.947+0000] {dagbag.py:545} INFO - Filling up the DagBag from /opt/airflow/dags/data/models/Nicaragua/cases_TS_model.pkl
[2024-08-17T12:41:13.955+0000] {processor.py:842} WARNING - No viable dags retrieved from /opt/airflow/dags/data/models/Nicaragua/cases_TS_model.pkl
[2024-08-17T12:41:13.964+0000] {processor.py:183} INFO - Processing /opt/airflow/dags/data/models/Nicaragua/cases_TS_model.pkl took 0.021 seconds
[2024-08-17T12:41:45.868+0000] {processor.py:161} INFO - Started process (PID=53870) to work on /opt/airflow/dags/data/models/Nicaragua/cases_TS_model.pkl
[2024-08-17T12:41:45.869+0000] {processor.py:830} INFO - Processing file /opt/airflow/dags/data/models/Nicaragua/cases_TS_model.pkl for tasks to queue
[2024-08-17T12:41:45.869+0000] {logging_mixin.py:188} INFO - [2024-08-17T12:41:45.869+0000] {dagbag.py:545} INFO - Filling up the DagBag from /opt/airflow/dags/data/models/Nicaragua/cases_TS_model.pkl
[2024-08-17T12:41:45.879+0000] {processor.py:842} WARNING - No viable dags retrieved from /opt/airflow/dags/data/models/Nicaragua/cases_TS_model.pkl
[2024-08-17T12:41:45.890+0000] {processor.py:183} INFO - Processing /opt/airflow/dags/data/models/Nicaragua/cases_TS_model.pkl took 0.026 seconds
