[2024-08-17T10:17:55.045+0000] {processor.py:161} INFO - Started process (PID=42739) to work on /opt/airflow/dags/data/models/United Kingdom.10/cases_TS_model.pkl
[2024-08-17T10:17:55.045+0000] {processor.py:830} INFO - Processing file /opt/airflow/dags/data/models/United Kingdom.10/cases_TS_model.pkl for tasks to queue
[2024-08-17T10:17:55.046+0000] {logging_mixin.py:188} INFO - [2024-08-17T10:17:55.046+0000] {dagbag.py:545} INFO - Filling up the DagBag from /opt/airflow/dags/data/models/United Kingdom.10/cases_TS_model.pkl
[2024-08-17T10:17:55.061+0000] {processor.py:842} WARNING - No viable dags retrieved from /opt/airflow/dags/data/models/United Kingdom.10/cases_TS_model.pkl
[2024-08-17T10:17:55.070+0000] {processor.py:183} INFO - Processing /opt/airflow/dags/data/models/United Kingdom.10/cases_TS_model.pkl took 0.030 seconds
[2024-08-17T10:18:26.027+0000] {processor.py:161} INFO - Started process (PID=43435) to work on /opt/airflow/dags/data/models/United Kingdom.10/cases_TS_model.pkl
[2024-08-17T10:18:26.027+0000] {processor.py:830} INFO - Processing file /opt/airflow/dags/data/models/United Kingdom.10/cases_TS_model.pkl for tasks to queue
[2024-08-17T10:18:26.028+0000] {logging_mixin.py:188} INFO - [2024-08-17T10:18:26.027+0000] {dagbag.py:545} INFO - Filling up the DagBag from /opt/airflow/dags/data/models/United Kingdom.10/cases_TS_model.pkl
[2024-08-17T10:18:26.034+0000] {processor.py:842} WARNING - No viable dags retrieved from /opt/airflow/dags/data/models/United Kingdom.10/cases_TS_model.pkl
[2024-08-17T10:18:26.043+0000] {processor.py:183} INFO - Processing /opt/airflow/dags/data/models/United Kingdom.10/cases_TS_model.pkl took 0.020 seconds
[2024-08-17T10:18:57.377+0000] {processor.py:161} INFO - Started process (PID=44177) to work on /opt/airflow/dags/data/models/United Kingdom.10/cases_TS_model.pkl
[2024-08-17T10:18:57.377+0000] {processor.py:830} INFO - Processing file /opt/airflow/dags/data/models/United Kingdom.10/cases_TS_model.pkl for tasks to queue
[2024-08-17T10:18:57.378+0000] {logging_mixin.py:188} INFO - [2024-08-17T10:18:57.378+0000] {dagbag.py:545} INFO - Filling up the DagBag from /opt/airflow/dags/data/models/United Kingdom.10/cases_TS_model.pkl
[2024-08-17T10:18:57.389+0000] {processor.py:842} WARNING - No viable dags retrieved from /opt/airflow/dags/data/models/United Kingdom.10/cases_TS_model.pkl
[2024-08-17T10:18:57.398+0000] {processor.py:183} INFO - Processing /opt/airflow/dags/data/models/United Kingdom.10/cases_TS_model.pkl took 0.024 seconds
[2024-08-17T10:19:29.202+0000] {processor.py:161} INFO - Started process (PID=44900) to work on /opt/airflow/dags/data/models/United Kingdom.10/cases_TS_model.pkl
[2024-08-17T10:19:29.203+0000] {processor.py:830} INFO - Processing file /opt/airflow/dags/data/models/United Kingdom.10/cases_TS_model.pkl for tasks to queue
[2024-08-17T10:19:29.203+0000] {logging_mixin.py:188} INFO - [2024-08-17T10:19:29.203+0000] {dagbag.py:545} INFO - Filling up the DagBag from /opt/airflow/dags/data/models/United Kingdom.10/cases_TS_model.pkl
[2024-08-17T10:19:29.211+0000] {processor.py:842} WARNING - No viable dags retrieved from /opt/airflow/dags/data/models/United Kingdom.10/cases_TS_model.pkl
[2024-08-17T10:19:29.221+0000] {processor.py:183} INFO - Processing /opt/airflow/dags/data/models/United Kingdom.10/cases_TS_model.pkl took 0.023 seconds
[2024-08-17T10:20:00.630+0000] {processor.py:161} INFO - Started process (PID=45615) to work on /opt/airflow/dags/data/models/United Kingdom.10/cases_TS_model.pkl
[2024-08-17T10:20:00.630+0000] {processor.py:830} INFO - Processing file /opt/airflow/dags/data/models/United Kingdom.10/cases_TS_model.pkl for tasks to queue
[2024-08-17T10:20:00.631+0000] {logging_mixin.py:188} INFO - [2024-08-17T10:20:00.631+0000] {dagbag.py:545} INFO - Filling up the DagBag from /opt/airflow/dags/data/models/United Kingdom.10/cases_TS_model.pkl
[2024-08-17T10:20:00.639+0000] {processor.py:842} WARNING - No viable dags retrieved from /opt/airflow/dags/data/models/United Kingdom.10/cases_TS_model.pkl
[2024-08-17T10:20:00.648+0000] {processor.py:183} INFO - Processing /opt/airflow/dags/data/models/United Kingdom.10/cases_TS_model.pkl took 0.022 seconds
[2024-08-17T10:20:33.674+0000] {processor.py:161} INFO - Started process (PID=46328) to work on /opt/airflow/dags/data/models/United Kingdom.10/cases_TS_model.pkl
[2024-08-17T10:20:33.674+0000] {processor.py:830} INFO - Processing file /opt/airflow/dags/data/models/United Kingdom.10/cases_TS_model.pkl for tasks to queue
[2024-08-17T10:20:33.675+0000] {logging_mixin.py:188} INFO - [2024-08-17T10:20:33.675+0000] {dagbag.py:545} INFO - Filling up the DagBag from /opt/airflow/dags/data/models/United Kingdom.10/cases_TS_model.pkl
[2024-08-17T10:20:33.685+0000] {processor.py:842} WARNING - No viable dags retrieved from /opt/airflow/dags/data/models/United Kingdom.10/cases_TS_model.pkl
[2024-08-17T10:20:33.694+0000] {processor.py:183} INFO - Processing /opt/airflow/dags/data/models/United Kingdom.10/cases_TS_model.pkl took 0.024 seconds
[2024-08-17T10:21:05.195+0000] {processor.py:161} INFO - Started process (PID=47068) to work on /opt/airflow/dags/data/models/United Kingdom.10/cases_TS_model.pkl
[2024-08-17T10:21:05.196+0000] {processor.py:830} INFO - Processing file /opt/airflow/dags/data/models/United Kingdom.10/cases_TS_model.pkl for tasks to queue
[2024-08-17T10:21:05.197+0000] {logging_mixin.py:188} INFO - [2024-08-17T10:21:05.196+0000] {dagbag.py:545} INFO - Filling up the DagBag from /opt/airflow/dags/data/models/United Kingdom.10/cases_TS_model.pkl
[2024-08-17T10:21:05.205+0000] {processor.py:842} WARNING - No viable dags retrieved from /opt/airflow/dags/data/models/United Kingdom.10/cases_TS_model.pkl
[2024-08-17T10:21:05.214+0000] {processor.py:183} INFO - Processing /opt/airflow/dags/data/models/United Kingdom.10/cases_TS_model.pkl took 0.022 seconds
[2024-08-17T12:18:16.381+0000] {processor.py:161} INFO - Started process (PID=27249) to work on /opt/airflow/dags/data/models/United Kingdom.10/cases_TS_model.pkl
[2024-08-17T12:18:16.383+0000] {processor.py:830} INFO - Processing file /opt/airflow/dags/data/models/United Kingdom.10/cases_TS_model.pkl for tasks to queue
[2024-08-17T12:18:16.384+0000] {logging_mixin.py:188} INFO - [2024-08-17T12:18:16.383+0000] {dagbag.py:545} INFO - Filling up the DagBag from /opt/airflow/dags/data/models/United Kingdom.10/cases_TS_model.pkl
[2024-08-17T12:18:16.411+0000] {processor.py:842} WARNING - No viable dags retrieved from /opt/airflow/dags/data/models/United Kingdom.10/cases_TS_model.pkl
[2024-08-17T12:18:16.431+0000] {processor.py:183} INFO - Processing /opt/airflow/dags/data/models/United Kingdom.10/cases_TS_model.pkl took 0.057 seconds
[2024-08-17T12:19:12.211+0000] {processor.py:161} INFO - Started process (PID=27996) to work on /opt/airflow/dags/data/models/United Kingdom.10/cases_TS_model.pkl
[2024-08-17T12:19:12.212+0000] {processor.py:830} INFO - Processing file /opt/airflow/dags/data/models/United Kingdom.10/cases_TS_model.pkl for tasks to queue
[2024-08-17T12:19:12.214+0000] {logging_mixin.py:188} INFO - [2024-08-17T12:19:12.213+0000] {dagbag.py:545} INFO - Filling up the DagBag from /opt/airflow/dags/data/models/United Kingdom.10/cases_TS_model.pkl
[2024-08-17T12:19:12.235+0000] {processor.py:842} WARNING - No viable dags retrieved from /opt/airflow/dags/data/models/United Kingdom.10/cases_TS_model.pkl
[2024-08-17T12:19:12.253+0000] {processor.py:183} INFO - Processing /opt/airflow/dags/data/models/United Kingdom.10/cases_TS_model.pkl took 0.052 seconds
[2024-08-17T12:19:55.569+0000] {processor.py:161} INFO - Started process (PID=28610) to work on /opt/airflow/dags/data/models/United Kingdom.10/cases_TS_model.pkl
[2024-08-17T12:19:55.570+0000] {processor.py:830} INFO - Processing file /opt/airflow/dags/data/models/United Kingdom.10/cases_TS_model.pkl for tasks to queue
[2024-08-17T12:19:55.571+0000] {logging_mixin.py:188} INFO - [2024-08-17T12:19:55.571+0000] {dagbag.py:545} INFO - Filling up the DagBag from /opt/airflow/dags/data/models/United Kingdom.10/cases_TS_model.pkl
[2024-08-17T12:19:55.588+0000] {processor.py:842} WARNING - No viable dags retrieved from /opt/airflow/dags/data/models/United Kingdom.10/cases_TS_model.pkl
[2024-08-17T12:19:55.608+0000] {processor.py:183} INFO - Processing /opt/airflow/dags/data/models/United Kingdom.10/cases_TS_model.pkl took 0.046 seconds
[2024-08-17T12:20:49.683+0000] {processor.py:161} INFO - Started process (PID=29264) to work on /opt/airflow/dags/data/models/United Kingdom.10/cases_TS_model.pkl
[2024-08-17T12:20:49.685+0000] {processor.py:830} INFO - Processing file /opt/airflow/dags/data/models/United Kingdom.10/cases_TS_model.pkl for tasks to queue
[2024-08-17T12:20:49.687+0000] {logging_mixin.py:188} INFO - [2024-08-17T12:20:49.687+0000] {dagbag.py:545} INFO - Filling up the DagBag from /opt/airflow/dags/data/models/United Kingdom.10/cases_TS_model.pkl
[2024-08-17T12:20:49.713+0000] {processor.py:842} WARNING - No viable dags retrieved from /opt/airflow/dags/data/models/United Kingdom.10/cases_TS_model.pkl
[2024-08-17T12:20:49.736+0000] {processor.py:183} INFO - Processing /opt/airflow/dags/data/models/United Kingdom.10/cases_TS_model.pkl took 0.060 seconds
[2024-08-17T12:21:36.545+0000] {processor.py:161} INFO - Started process (PID=29979) to work on /opt/airflow/dags/data/models/United Kingdom.10/cases_TS_model.pkl
[2024-08-17T12:21:36.546+0000] {processor.py:830} INFO - Processing file /opt/airflow/dags/data/models/United Kingdom.10/cases_TS_model.pkl for tasks to queue
[2024-08-17T12:21:36.548+0000] {logging_mixin.py:188} INFO - [2024-08-17T12:21:36.547+0000] {dagbag.py:545} INFO - Filling up the DagBag from /opt/airflow/dags/data/models/United Kingdom.10/cases_TS_model.pkl
[2024-08-17T12:21:36.568+0000] {processor.py:842} WARNING - No viable dags retrieved from /opt/airflow/dags/data/models/United Kingdom.10/cases_TS_model.pkl
[2024-08-17T12:21:36.586+0000] {processor.py:183} INFO - Processing /opt/airflow/dags/data/models/United Kingdom.10/cases_TS_model.pkl took 0.047 seconds
[2024-08-17T12:22:14.022+0000] {processor.py:161} INFO - Started process (PID=30556) to work on /opt/airflow/dags/data/models/United Kingdom.10/cases_TS_model.pkl
[2024-08-17T12:22:14.023+0000] {processor.py:830} INFO - Processing file /opt/airflow/dags/data/models/United Kingdom.10/cases_TS_model.pkl for tasks to queue
[2024-08-17T12:22:14.024+0000] {logging_mixin.py:188} INFO - [2024-08-17T12:22:14.024+0000] {dagbag.py:545} INFO - Filling up the DagBag from /opt/airflow/dags/data/models/United Kingdom.10/cases_TS_model.pkl
[2024-08-17T12:22:14.043+0000] {processor.py:842} WARNING - No viable dags retrieved from /opt/airflow/dags/data/models/United Kingdom.10/cases_TS_model.pkl
[2024-08-17T12:22:14.062+0000] {processor.py:183} INFO - Processing /opt/airflow/dags/data/models/United Kingdom.10/cases_TS_model.pkl took 0.047 seconds
[2024-08-17T12:23:16.813+0000] {processor.py:161} INFO - Started process (PID=31159) to work on /opt/airflow/dags/data/models/United Kingdom.10/cases_TS_model.pkl
[2024-08-17T12:23:16.815+0000] {processor.py:830} INFO - Processing file /opt/airflow/dags/data/models/United Kingdom.10/cases_TS_model.pkl for tasks to queue
[2024-08-17T12:23:16.816+0000] {logging_mixin.py:188} INFO - [2024-08-17T12:23:16.816+0000] {dagbag.py:545} INFO - Filling up the DagBag from /opt/airflow/dags/data/models/United Kingdom.10/cases_TS_model.pkl
[2024-08-17T12:23:16.836+0000] {processor.py:842} WARNING - No viable dags retrieved from /opt/airflow/dags/data/models/United Kingdom.10/cases_TS_model.pkl
[2024-08-17T12:23:16.855+0000] {processor.py:183} INFO - Processing /opt/airflow/dags/data/models/United Kingdom.10/cases_TS_model.pkl took 0.048 seconds
[2024-08-17T12:24:00.702+0000] {processor.py:161} INFO - Started process (PID=31859) to work on /opt/airflow/dags/data/models/United Kingdom.10/cases_TS_model.pkl
[2024-08-17T12:24:00.703+0000] {processor.py:830} INFO - Processing file /opt/airflow/dags/data/models/United Kingdom.10/cases_TS_model.pkl for tasks to queue
[2024-08-17T12:24:00.704+0000] {logging_mixin.py:188} INFO - [2024-08-17T12:24:00.704+0000] {dagbag.py:545} INFO - Filling up the DagBag from /opt/airflow/dags/data/models/United Kingdom.10/cases_TS_model.pkl
[2024-08-17T12:24:00.718+0000] {processor.py:842} WARNING - No viable dags retrieved from /opt/airflow/dags/data/models/United Kingdom.10/cases_TS_model.pkl
[2024-08-17T12:24:00.734+0000] {processor.py:183} INFO - Processing /opt/airflow/dags/data/models/United Kingdom.10/cases_TS_model.pkl took 0.039 seconds
[2024-08-17T12:24:46.069+0000] {processor.py:161} INFO - Started process (PID=32612) to work on /opt/airflow/dags/data/models/United Kingdom.10/cases_TS_model.pkl
[2024-08-17T12:24:46.070+0000] {processor.py:830} INFO - Processing file /opt/airflow/dags/data/models/United Kingdom.10/cases_TS_model.pkl for tasks to queue
[2024-08-17T12:24:46.071+0000] {logging_mixin.py:188} INFO - [2024-08-17T12:24:46.071+0000] {dagbag.py:545} INFO - Filling up the DagBag from /opt/airflow/dags/data/models/United Kingdom.10/cases_TS_model.pkl
[2024-08-17T12:24:46.090+0000] {processor.py:842} WARNING - No viable dags retrieved from /opt/airflow/dags/data/models/United Kingdom.10/cases_TS_model.pkl
[2024-08-17T12:24:46.105+0000] {processor.py:183} INFO - Processing /opt/airflow/dags/data/models/United Kingdom.10/cases_TS_model.pkl took 0.040 seconds
[2024-08-17T12:25:08.577+0000] {processor.py:161} INFO - Started process (PID=32998) to work on /opt/airflow/dags/data/models/United Kingdom.10/cases_TS_model.pkl
[2024-08-17T12:25:08.578+0000] {processor.py:830} INFO - Processing file /opt/airflow/dags/data/models/United Kingdom.10/cases_TS_model.pkl for tasks to queue
[2024-08-17T12:25:08.579+0000] {logging_mixin.py:188} INFO - [2024-08-17T12:25:08.579+0000] {dagbag.py:545} INFO - Filling up the DagBag from /opt/airflow/dags/data/models/United Kingdom.10/cases_TS_model.pkl
[2024-08-17T12:25:08.597+0000] {processor.py:842} WARNING - No viable dags retrieved from /opt/airflow/dags/data/models/United Kingdom.10/cases_TS_model.pkl
[2024-08-17T12:25:08.611+0000] {processor.py:183} INFO - Processing /opt/airflow/dags/data/models/United Kingdom.10/cases_TS_model.pkl took 0.038 seconds
[2024-08-17T12:25:47.736+0000] {processor.py:161} INFO - Started process (PID=33669) to work on /opt/airflow/dags/data/models/United Kingdom.10/cases_TS_model.pkl
[2024-08-17T12:25:47.737+0000] {processor.py:830} INFO - Processing file /opt/airflow/dags/data/models/United Kingdom.10/cases_TS_model.pkl for tasks to queue
[2024-08-17T12:25:47.738+0000] {logging_mixin.py:188} INFO - [2024-08-17T12:25:47.737+0000] {dagbag.py:545} INFO - Filling up the DagBag from /opt/airflow/dags/data/models/United Kingdom.10/cases_TS_model.pkl
[2024-08-17T12:25:47.756+0000] {processor.py:842} WARNING - No viable dags retrieved from /opt/airflow/dags/data/models/United Kingdom.10/cases_TS_model.pkl
[2024-08-17T12:25:47.772+0000] {processor.py:183} INFO - Processing /opt/airflow/dags/data/models/United Kingdom.10/cases_TS_model.pkl took 0.042 seconds
[2024-08-17T12:26:23.338+0000] {processor.py:161} INFO - Started process (PID=34374) to work on /opt/airflow/dags/data/models/United Kingdom.10/cases_TS_model.pkl
[2024-08-17T12:26:23.340+0000] {processor.py:830} INFO - Processing file /opt/airflow/dags/data/models/United Kingdom.10/cases_TS_model.pkl for tasks to queue
[2024-08-17T12:26:23.341+0000] {logging_mixin.py:188} INFO - [2024-08-17T12:26:23.341+0000] {dagbag.py:545} INFO - Filling up the DagBag from /opt/airflow/dags/data/models/United Kingdom.10/cases_TS_model.pkl
[2024-08-17T12:26:23.358+0000] {processor.py:842} WARNING - No viable dags retrieved from /opt/airflow/dags/data/models/United Kingdom.10/cases_TS_model.pkl
[2024-08-17T12:26:23.371+0000] {processor.py:183} INFO - Processing /opt/airflow/dags/data/models/United Kingdom.10/cases_TS_model.pkl took 0.038 seconds
[2024-08-17T12:27:01.477+0000] {processor.py:161} INFO - Started process (PID=35084) to work on /opt/airflow/dags/data/models/United Kingdom.10/cases_TS_model.pkl
[2024-08-17T12:27:01.478+0000] {processor.py:830} INFO - Processing file /opt/airflow/dags/data/models/United Kingdom.10/cases_TS_model.pkl for tasks to queue
[2024-08-17T12:27:01.479+0000] {logging_mixin.py:188} INFO - [2024-08-17T12:27:01.479+0000] {dagbag.py:545} INFO - Filling up the DagBag from /opt/airflow/dags/data/models/United Kingdom.10/cases_TS_model.pkl
[2024-08-17T12:27:01.489+0000] {processor.py:842} WARNING - No viable dags retrieved from /opt/airflow/dags/data/models/United Kingdom.10/cases_TS_model.pkl
[2024-08-17T12:27:01.504+0000] {processor.py:183} INFO - Processing /opt/airflow/dags/data/models/United Kingdom.10/cases_TS_model.pkl took 0.032 seconds
[2024-08-17T12:27:33.475+0000] {processor.py:161} INFO - Started process (PID=35683) to work on /opt/airflow/dags/data/models/United Kingdom.10/cases_TS_model.pkl
[2024-08-17T12:27:33.476+0000] {processor.py:830} INFO - Processing file /opt/airflow/dags/data/models/United Kingdom.10/cases_TS_model.pkl for tasks to queue
[2024-08-17T12:27:33.477+0000] {logging_mixin.py:188} INFO - [2024-08-17T12:27:33.476+0000] {dagbag.py:545} INFO - Filling up the DagBag from /opt/airflow/dags/data/models/United Kingdom.10/cases_TS_model.pkl
[2024-08-17T12:27:33.492+0000] {processor.py:842} WARNING - No viable dags retrieved from /opt/airflow/dags/data/models/United Kingdom.10/cases_TS_model.pkl
[2024-08-17T12:27:33.503+0000] {processor.py:183} INFO - Processing /opt/airflow/dags/data/models/United Kingdom.10/cases_TS_model.pkl took 0.032 seconds
[2024-08-17T12:28:15.034+0000] {processor.py:161} INFO - Started process (PID=36219) to work on /opt/airflow/dags/data/models/United Kingdom.10/cases_TS_model.pkl
[2024-08-17T12:28:15.036+0000] {processor.py:830} INFO - Processing file /opt/airflow/dags/data/models/United Kingdom.10/cases_TS_model.pkl for tasks to queue
[2024-08-17T12:28:15.037+0000] {logging_mixin.py:188} INFO - [2024-08-17T12:28:15.036+0000] {dagbag.py:545} INFO - Filling up the DagBag from /opt/airflow/dags/data/models/United Kingdom.10/cases_TS_model.pkl
[2024-08-17T12:28:15.054+0000] {processor.py:842} WARNING - No viable dags retrieved from /opt/airflow/dags/data/models/United Kingdom.10/cases_TS_model.pkl
[2024-08-17T12:28:15.069+0000] {processor.py:183} INFO - Processing /opt/airflow/dags/data/models/United Kingdom.10/cases_TS_model.pkl took 0.040 seconds
[2024-08-17T12:28:48.892+0000] {processor.py:161} INFO - Started process (PID=36966) to work on /opt/airflow/dags/data/models/United Kingdom.10/cases_TS_model.pkl
[2024-08-17T12:28:48.893+0000] {processor.py:830} INFO - Processing file /opt/airflow/dags/data/models/United Kingdom.10/cases_TS_model.pkl for tasks to queue
[2024-08-17T12:28:48.894+0000] {logging_mixin.py:188} INFO - [2024-08-17T12:28:48.893+0000] {dagbag.py:545} INFO - Filling up the DagBag from /opt/airflow/dags/data/models/United Kingdom.10/cases_TS_model.pkl
[2024-08-17T12:28:48.910+0000] {processor.py:842} WARNING - No viable dags retrieved from /opt/airflow/dags/data/models/United Kingdom.10/cases_TS_model.pkl
[2024-08-17T12:28:48.923+0000] {processor.py:183} INFO - Processing /opt/airflow/dags/data/models/United Kingdom.10/cases_TS_model.pkl took 0.035 seconds
[2024-08-17T12:29:23.818+0000] {processor.py:161} INFO - Started process (PID=37697) to work on /opt/airflow/dags/data/models/United Kingdom.10/cases_TS_model.pkl
[2024-08-17T12:29:23.819+0000] {processor.py:830} INFO - Processing file /opt/airflow/dags/data/models/United Kingdom.10/cases_TS_model.pkl for tasks to queue
[2024-08-17T12:29:23.820+0000] {logging_mixin.py:188} INFO - [2024-08-17T12:29:23.819+0000] {dagbag.py:545} INFO - Filling up the DagBag from /opt/airflow/dags/data/models/United Kingdom.10/cases_TS_model.pkl
[2024-08-17T12:29:23.831+0000] {processor.py:842} WARNING - No viable dags retrieved from /opt/airflow/dags/data/models/United Kingdom.10/cases_TS_model.pkl
[2024-08-17T12:29:23.842+0000] {processor.py:183} INFO - Processing /opt/airflow/dags/data/models/United Kingdom.10/cases_TS_model.pkl took 0.028 seconds
[2024-08-17T12:29:56.809+0000] {processor.py:161} INFO - Started process (PID=38424) to work on /opt/airflow/dags/data/models/United Kingdom.10/cases_TS_model.pkl
[2024-08-17T12:29:56.832+0000] {processor.py:830} INFO - Processing file /opt/airflow/dags/data/models/United Kingdom.10/cases_TS_model.pkl for tasks to queue
[2024-08-17T12:29:56.833+0000] {logging_mixin.py:188} INFO - [2024-08-17T12:29:56.833+0000] {dagbag.py:545} INFO - Filling up the DagBag from /opt/airflow/dags/data/models/United Kingdom.10/cases_TS_model.pkl
[2024-08-17T12:29:56.843+0000] {processor.py:842} WARNING - No viable dags retrieved from /opt/airflow/dags/data/models/United Kingdom.10/cases_TS_model.pkl
[2024-08-17T12:29:56.853+0000] {processor.py:183} INFO - Processing /opt/airflow/dags/data/models/United Kingdom.10/cases_TS_model.pkl took 0.048 seconds
[2024-08-17T12:30:29.432+0000] {processor.py:161} INFO - Started process (PID=39154) to work on /opt/airflow/dags/data/models/United Kingdom.10/cases_TS_model.pkl
[2024-08-17T12:30:29.432+0000] {processor.py:830} INFO - Processing file /opt/airflow/dags/data/models/United Kingdom.10/cases_TS_model.pkl for tasks to queue
[2024-08-17T12:30:29.433+0000] {logging_mixin.py:188} INFO - [2024-08-17T12:30:29.433+0000] {dagbag.py:545} INFO - Filling up the DagBag from /opt/airflow/dags/data/models/United Kingdom.10/cases_TS_model.pkl
[2024-08-17T12:30:29.441+0000] {processor.py:842} WARNING - No viable dags retrieved from /opt/airflow/dags/data/models/United Kingdom.10/cases_TS_model.pkl
[2024-08-17T12:30:29.451+0000] {processor.py:183} INFO - Processing /opt/airflow/dags/data/models/United Kingdom.10/cases_TS_model.pkl took 0.023 seconds
[2024-08-17T12:31:01.470+0000] {processor.py:161} INFO - Started process (PID=39892) to work on /opt/airflow/dags/data/models/United Kingdom.10/cases_TS_model.pkl
[2024-08-17T12:31:01.470+0000] {processor.py:830} INFO - Processing file /opt/airflow/dags/data/models/United Kingdom.10/cases_TS_model.pkl for tasks to queue
[2024-08-17T12:31:01.471+0000] {logging_mixin.py:188} INFO - [2024-08-17T12:31:01.471+0000] {dagbag.py:545} INFO - Filling up the DagBag from /opt/airflow/dags/data/models/United Kingdom.10/cases_TS_model.pkl
[2024-08-17T12:31:01.481+0000] {processor.py:842} WARNING - No viable dags retrieved from /opt/airflow/dags/data/models/United Kingdom.10/cases_TS_model.pkl
[2024-08-17T12:31:01.491+0000] {processor.py:183} INFO - Processing /opt/airflow/dags/data/models/United Kingdom.10/cases_TS_model.pkl took 0.025 seconds
[2024-08-17T12:31:34.548+0000] {processor.py:161} INFO - Started process (PID=40614) to work on /opt/airflow/dags/data/models/United Kingdom.10/cases_TS_model.pkl
[2024-08-17T12:31:34.548+0000] {processor.py:830} INFO - Processing file /opt/airflow/dags/data/models/United Kingdom.10/cases_TS_model.pkl for tasks to queue
[2024-08-17T12:31:34.549+0000] {logging_mixin.py:188} INFO - [2024-08-17T12:31:34.549+0000] {dagbag.py:545} INFO - Filling up the DagBag from /opt/airflow/dags/data/models/United Kingdom.10/cases_TS_model.pkl
[2024-08-17T12:31:34.557+0000] {processor.py:842} WARNING - No viable dags retrieved from /opt/airflow/dags/data/models/United Kingdom.10/cases_TS_model.pkl
[2024-08-17T12:31:34.568+0000] {processor.py:183} INFO - Processing /opt/airflow/dags/data/models/United Kingdom.10/cases_TS_model.pkl took 0.023 seconds
[2024-08-17T12:32:09.315+0000] {processor.py:161} INFO - Started process (PID=41327) to work on /opt/airflow/dags/data/models/United Kingdom.10/cases_TS_model.pkl
[2024-08-17T12:32:09.316+0000] {processor.py:830} INFO - Processing file /opt/airflow/dags/data/models/United Kingdom.10/cases_TS_model.pkl for tasks to queue
[2024-08-17T12:32:09.317+0000] {logging_mixin.py:188} INFO - [2024-08-17T12:32:09.316+0000] {dagbag.py:545} INFO - Filling up the DagBag from /opt/airflow/dags/data/models/United Kingdom.10/cases_TS_model.pkl
[2024-08-17T12:32:09.325+0000] {processor.py:842} WARNING - No viable dags retrieved from /opt/airflow/dags/data/models/United Kingdom.10/cases_TS_model.pkl
[2024-08-17T12:32:09.335+0000] {processor.py:183} INFO - Processing /opt/airflow/dags/data/models/United Kingdom.10/cases_TS_model.pkl took 0.023 seconds
[2024-08-17T12:32:40.515+0000] {processor.py:161} INFO - Started process (PID=42050) to work on /opt/airflow/dags/data/models/United Kingdom.10/cases_TS_model.pkl
[2024-08-17T12:32:40.516+0000] {processor.py:830} INFO - Processing file /opt/airflow/dags/data/models/United Kingdom.10/cases_TS_model.pkl for tasks to queue
[2024-08-17T12:32:40.517+0000] {logging_mixin.py:188} INFO - [2024-08-17T12:32:40.517+0000] {dagbag.py:545} INFO - Filling up the DagBag from /opt/airflow/dags/data/models/United Kingdom.10/cases_TS_model.pkl
[2024-08-17T12:32:40.527+0000] {processor.py:842} WARNING - No viable dags retrieved from /opt/airflow/dags/data/models/United Kingdom.10/cases_TS_model.pkl
[2024-08-17T12:32:40.536+0000] {processor.py:183} INFO - Processing /opt/airflow/dags/data/models/United Kingdom.10/cases_TS_model.pkl took 0.025 seconds
[2024-08-17T12:33:13.594+0000] {processor.py:161} INFO - Started process (PID=42635) to work on /opt/airflow/dags/data/models/United Kingdom.10/cases_TS_model.pkl
[2024-08-17T12:33:13.595+0000] {processor.py:830} INFO - Processing file /opt/airflow/dags/data/models/United Kingdom.10/cases_TS_model.pkl for tasks to queue
[2024-08-17T12:33:13.595+0000] {logging_mixin.py:188} INFO - [2024-08-17T12:33:13.595+0000] {dagbag.py:545} INFO - Filling up the DagBag from /opt/airflow/dags/data/models/United Kingdom.10/cases_TS_model.pkl
[2024-08-17T12:33:13.604+0000] {processor.py:842} WARNING - No viable dags retrieved from /opt/airflow/dags/data/models/United Kingdom.10/cases_TS_model.pkl
[2024-08-17T12:33:13.613+0000] {processor.py:183} INFO - Processing /opt/airflow/dags/data/models/United Kingdom.10/cases_TS_model.pkl took 0.023 seconds
[2024-08-17T12:33:47.754+0000] {processor.py:161} INFO - Started process (PID=43348) to work on /opt/airflow/dags/data/models/United Kingdom.10/cases_TS_model.pkl
[2024-08-17T12:33:47.754+0000] {processor.py:830} INFO - Processing file /opt/airflow/dags/data/models/United Kingdom.10/cases_TS_model.pkl for tasks to queue
[2024-08-17T12:33:47.755+0000] {logging_mixin.py:188} INFO - [2024-08-17T12:33:47.755+0000] {dagbag.py:545} INFO - Filling up the DagBag from /opt/airflow/dags/data/models/United Kingdom.10/cases_TS_model.pkl
[2024-08-17T12:33:47.763+0000] {processor.py:842} WARNING - No viable dags retrieved from /opt/airflow/dags/data/models/United Kingdom.10/cases_TS_model.pkl
[2024-08-17T12:33:47.772+0000] {processor.py:183} INFO - Processing /opt/airflow/dags/data/models/United Kingdom.10/cases_TS_model.pkl took 0.023 seconds
[2024-08-17T12:33:51.643+0000] {processor.py:161} INFO - Started process (PID=43435) to work on /opt/airflow/dags/data/models/United Kingdom.10/cases_TS_model.pkl
[2024-08-17T12:33:51.643+0000] {processor.py:830} INFO - Processing file /opt/airflow/dags/data/models/United Kingdom.10/cases_TS_model.pkl for tasks to queue
[2024-08-17T12:33:51.644+0000] {logging_mixin.py:188} INFO - [2024-08-17T12:33:51.644+0000] {dagbag.py:545} INFO - Filling up the DagBag from /opt/airflow/dags/data/models/United Kingdom.10/cases_TS_model.pkl
[2024-08-17T12:33:51.652+0000] {processor.py:842} WARNING - No viable dags retrieved from /opt/airflow/dags/data/models/United Kingdom.10/cases_TS_model.pkl
[2024-08-17T12:33:51.662+0000] {processor.py:183} INFO - Processing /opt/airflow/dags/data/models/United Kingdom.10/cases_TS_model.pkl took 0.023 seconds
[2024-08-17T12:34:24.538+0000] {processor.py:161} INFO - Started process (PID=44159) to work on /opt/airflow/dags/data/models/United Kingdom.10/cases_TS_model.pkl
[2024-08-17T12:34:24.539+0000] {processor.py:830} INFO - Processing file /opt/airflow/dags/data/models/United Kingdom.10/cases_TS_model.pkl for tasks to queue
[2024-08-17T12:34:24.540+0000] {logging_mixin.py:188} INFO - [2024-08-17T12:34:24.539+0000] {dagbag.py:545} INFO - Filling up the DagBag from /opt/airflow/dags/data/models/United Kingdom.10/cases_TS_model.pkl
[2024-08-17T12:34:24.547+0000] {processor.py:842} WARNING - No viable dags retrieved from /opt/airflow/dags/data/models/United Kingdom.10/cases_TS_model.pkl
[2024-08-17T12:34:24.556+0000] {processor.py:183} INFO - Processing /opt/airflow/dags/data/models/United Kingdom.10/cases_TS_model.pkl took 0.021 seconds
[2024-08-17T12:34:56.511+0000] {processor.py:161} INFO - Started process (PID=44855) to work on /opt/airflow/dags/data/models/United Kingdom.10/cases_TS_model.pkl
[2024-08-17T12:34:56.511+0000] {processor.py:830} INFO - Processing file /opt/airflow/dags/data/models/United Kingdom.10/cases_TS_model.pkl for tasks to queue
[2024-08-17T12:34:56.512+0000] {logging_mixin.py:188} INFO - [2024-08-17T12:34:56.512+0000] {dagbag.py:545} INFO - Filling up the DagBag from /opt/airflow/dags/data/models/United Kingdom.10/cases_TS_model.pkl
[2024-08-17T12:34:56.530+0000] {processor.py:842} WARNING - No viable dags retrieved from /opt/airflow/dags/data/models/United Kingdom.10/cases_TS_model.pkl
[2024-08-17T12:34:56.539+0000] {processor.py:183} INFO - Processing /opt/airflow/dags/data/models/United Kingdom.10/cases_TS_model.pkl took 0.032 seconds
[2024-08-17T12:35:28.372+0000] {processor.py:161} INFO - Started process (PID=45568) to work on /opt/airflow/dags/data/models/United Kingdom.10/cases_TS_model.pkl
[2024-08-17T12:35:28.372+0000] {processor.py:830} INFO - Processing file /opt/airflow/dags/data/models/United Kingdom.10/cases_TS_model.pkl for tasks to queue
[2024-08-17T12:35:28.373+0000] {logging_mixin.py:188} INFO - [2024-08-17T12:35:28.373+0000] {dagbag.py:545} INFO - Filling up the DagBag from /opt/airflow/dags/data/models/United Kingdom.10/cases_TS_model.pkl
[2024-08-17T12:35:28.380+0000] {processor.py:842} WARNING - No viable dags retrieved from /opt/airflow/dags/data/models/United Kingdom.10/cases_TS_model.pkl
[2024-08-17T12:35:28.390+0000] {processor.py:183} INFO - Processing /opt/airflow/dags/data/models/United Kingdom.10/cases_TS_model.pkl took 0.021 seconds
[2024-08-17T12:36:01.352+0000] {processor.py:161} INFO - Started process (PID=46311) to work on /opt/airflow/dags/data/models/United Kingdom.10/cases_TS_model.pkl
[2024-08-17T12:36:01.353+0000] {processor.py:830} INFO - Processing file /opt/airflow/dags/data/models/United Kingdom.10/cases_TS_model.pkl for tasks to queue
[2024-08-17T12:36:01.353+0000] {logging_mixin.py:188} INFO - [2024-08-17T12:36:01.353+0000] {dagbag.py:545} INFO - Filling up the DagBag from /opt/airflow/dags/data/models/United Kingdom.10/cases_TS_model.pkl
[2024-08-17T12:36:01.363+0000] {processor.py:842} WARNING - No viable dags retrieved from /opt/airflow/dags/data/models/United Kingdom.10/cases_TS_model.pkl
[2024-08-17T12:36:01.372+0000] {processor.py:183} INFO - Processing /opt/airflow/dags/data/models/United Kingdom.10/cases_TS_model.pkl took 0.024 seconds
[2024-08-17T12:36:33.470+0000] {processor.py:161} INFO - Started process (PID=47056) to work on /opt/airflow/dags/data/models/United Kingdom.10/cases_TS_model.pkl
[2024-08-17T12:36:33.470+0000] {processor.py:830} INFO - Processing file /opt/airflow/dags/data/models/United Kingdom.10/cases_TS_model.pkl for tasks to queue
[2024-08-17T12:36:33.471+0000] {logging_mixin.py:188} INFO - [2024-08-17T12:36:33.471+0000] {dagbag.py:545} INFO - Filling up the DagBag from /opt/airflow/dags/data/models/United Kingdom.10/cases_TS_model.pkl
[2024-08-17T12:36:33.478+0000] {processor.py:842} WARNING - No viable dags retrieved from /opt/airflow/dags/data/models/United Kingdom.10/cases_TS_model.pkl
[2024-08-17T12:36:33.488+0000] {processor.py:183} INFO - Processing /opt/airflow/dags/data/models/United Kingdom.10/cases_TS_model.pkl took 0.022 seconds
[2024-08-17T12:37:06.421+0000] {processor.py:161} INFO - Started process (PID=47763) to work on /opt/airflow/dags/data/models/United Kingdom.10/cases_TS_model.pkl
[2024-08-17T12:37:06.422+0000] {processor.py:830} INFO - Processing file /opt/airflow/dags/data/models/United Kingdom.10/cases_TS_model.pkl for tasks to queue
[2024-08-17T12:37:06.422+0000] {logging_mixin.py:188} INFO - [2024-08-17T12:37:06.422+0000] {dagbag.py:545} INFO - Filling up the DagBag from /opt/airflow/dags/data/models/United Kingdom.10/cases_TS_model.pkl
[2024-08-17T12:37:06.431+0000] {processor.py:842} WARNING - No viable dags retrieved from /opt/airflow/dags/data/models/United Kingdom.10/cases_TS_model.pkl
[2024-08-17T12:37:06.444+0000] {processor.py:183} INFO - Processing /opt/airflow/dags/data/models/United Kingdom.10/cases_TS_model.pkl took 0.026 seconds
[2024-08-17T12:37:38.722+0000] {processor.py:161} INFO - Started process (PID=48496) to work on /opt/airflow/dags/data/models/United Kingdom.10/cases_TS_model.pkl
[2024-08-17T12:37:38.725+0000] {processor.py:830} INFO - Processing file /opt/airflow/dags/data/models/United Kingdom.10/cases_TS_model.pkl for tasks to queue
[2024-08-17T12:37:38.725+0000] {logging_mixin.py:188} INFO - [2024-08-17T12:37:38.725+0000] {dagbag.py:545} INFO - Filling up the DagBag from /opt/airflow/dags/data/models/United Kingdom.10/cases_TS_model.pkl
[2024-08-17T12:37:38.735+0000] {processor.py:842} WARNING - No viable dags retrieved from /opt/airflow/dags/data/models/United Kingdom.10/cases_TS_model.pkl
[2024-08-17T12:37:38.745+0000] {processor.py:183} INFO - Processing /opt/airflow/dags/data/models/United Kingdom.10/cases_TS_model.pkl took 0.027 seconds
[2024-08-17T12:38:10.776+0000] {processor.py:161} INFO - Started process (PID=49077) to work on /opt/airflow/dags/data/models/United Kingdom.10/cases_TS_model.pkl
[2024-08-17T12:38:10.777+0000] {processor.py:830} INFO - Processing file /opt/airflow/dags/data/models/United Kingdom.10/cases_TS_model.pkl for tasks to queue
[2024-08-17T12:38:10.777+0000] {logging_mixin.py:188} INFO - [2024-08-17T12:38:10.777+0000] {dagbag.py:545} INFO - Filling up the DagBag from /opt/airflow/dags/data/models/United Kingdom.10/cases_TS_model.pkl
[2024-08-17T12:38:10.829+0000] {processor.py:842} WARNING - No viable dags retrieved from /opt/airflow/dags/data/models/United Kingdom.10/cases_TS_model.pkl
[2024-08-17T12:38:10.841+0000] {processor.py:183} INFO - Processing /opt/airflow/dags/data/models/United Kingdom.10/cases_TS_model.pkl took 0.069 seconds
[2024-08-17T12:38:43.857+0000] {processor.py:161} INFO - Started process (PID=49789) to work on /opt/airflow/dags/data/models/United Kingdom.10/cases_TS_model.pkl
[2024-08-17T12:38:43.857+0000] {processor.py:830} INFO - Processing file /opt/airflow/dags/data/models/United Kingdom.10/cases_TS_model.pkl for tasks to queue
[2024-08-17T12:38:43.858+0000] {logging_mixin.py:188} INFO - [2024-08-17T12:38:43.858+0000] {dagbag.py:545} INFO - Filling up the DagBag from /opt/airflow/dags/data/models/United Kingdom.10/cases_TS_model.pkl
[2024-08-17T12:38:43.868+0000] {processor.py:842} WARNING - No viable dags retrieved from /opt/airflow/dags/data/models/United Kingdom.10/cases_TS_model.pkl
[2024-08-17T12:38:43.877+0000] {processor.py:183} INFO - Processing /opt/airflow/dags/data/models/United Kingdom.10/cases_TS_model.pkl took 0.024 seconds
[2024-08-17T12:39:14.847+0000] {processor.py:161} INFO - Started process (PID=50464) to work on /opt/airflow/dags/data/models/United Kingdom.10/cases_TS_model.pkl
[2024-08-17T12:39:14.848+0000] {processor.py:830} INFO - Processing file /opt/airflow/dags/data/models/United Kingdom.10/cases_TS_model.pkl for tasks to queue
[2024-08-17T12:39:14.849+0000] {logging_mixin.py:188} INFO - [2024-08-17T12:39:14.849+0000] {dagbag.py:545} INFO - Filling up the DagBag from /opt/airflow/dags/data/models/United Kingdom.10/cases_TS_model.pkl
[2024-08-17T12:39:14.860+0000] {processor.py:842} WARNING - No viable dags retrieved from /opt/airflow/dags/data/models/United Kingdom.10/cases_TS_model.pkl
[2024-08-17T12:39:14.869+0000] {processor.py:183} INFO - Processing /opt/airflow/dags/data/models/United Kingdom.10/cases_TS_model.pkl took 0.025 seconds
[2024-08-17T12:39:46.656+0000] {processor.py:161} INFO - Started process (PID=51204) to work on /opt/airflow/dags/data/models/United Kingdom.10/cases_TS_model.pkl
[2024-08-17T12:39:46.656+0000] {processor.py:830} INFO - Processing file /opt/airflow/dags/data/models/United Kingdom.10/cases_TS_model.pkl for tasks to queue
[2024-08-17T12:39:46.658+0000] {logging_mixin.py:188} INFO - [2024-08-17T12:39:46.658+0000] {dagbag.py:545} INFO - Filling up the DagBag from /opt/airflow/dags/data/models/United Kingdom.10/cases_TS_model.pkl
[2024-08-17T12:39:46.669+0000] {processor.py:842} WARNING - No viable dags retrieved from /opt/airflow/dags/data/models/United Kingdom.10/cases_TS_model.pkl
[2024-08-17T12:39:46.678+0000] {processor.py:183} INFO - Processing /opt/airflow/dags/data/models/United Kingdom.10/cases_TS_model.pkl took 0.025 seconds
[2024-08-17T12:40:18.730+0000] {processor.py:161} INFO - Started process (PID=51947) to work on /opt/airflow/dags/data/models/United Kingdom.10/cases_TS_model.pkl
[2024-08-17T12:40:18.731+0000] {processor.py:830} INFO - Processing file /opt/airflow/dags/data/models/United Kingdom.10/cases_TS_model.pkl for tasks to queue
[2024-08-17T12:40:18.732+0000] {logging_mixin.py:188} INFO - [2024-08-17T12:40:18.731+0000] {dagbag.py:545} INFO - Filling up the DagBag from /opt/airflow/dags/data/models/United Kingdom.10/cases_TS_model.pkl
[2024-08-17T12:40:18.744+0000] {processor.py:842} WARNING - No viable dags retrieved from /opt/airflow/dags/data/models/United Kingdom.10/cases_TS_model.pkl
[2024-08-17T12:40:18.753+0000] {processor.py:183} INFO - Processing /opt/airflow/dags/data/models/United Kingdom.10/cases_TS_model.pkl took 0.026 seconds
[2024-08-17T12:40:49.680+0000] {processor.py:161} INFO - Started process (PID=52624) to work on /opt/airflow/dags/data/models/United Kingdom.10/cases_TS_model.pkl
[2024-08-17T12:40:49.680+0000] {processor.py:830} INFO - Processing file /opt/airflow/dags/data/models/United Kingdom.10/cases_TS_model.pkl for tasks to queue
[2024-08-17T12:40:49.681+0000] {logging_mixin.py:188} INFO - [2024-08-17T12:40:49.681+0000] {dagbag.py:545} INFO - Filling up the DagBag from /opt/airflow/dags/data/models/United Kingdom.10/cases_TS_model.pkl
[2024-08-17T12:40:49.689+0000] {processor.py:842} WARNING - No viable dags retrieved from /opt/airflow/dags/data/models/United Kingdom.10/cases_TS_model.pkl
[2024-08-17T12:40:49.699+0000] {processor.py:183} INFO - Processing /opt/airflow/dags/data/models/United Kingdom.10/cases_TS_model.pkl took 0.023 seconds
[2024-08-17T12:41:21.820+0000] {processor.py:161} INFO - Started process (PID=53349) to work on /opt/airflow/dags/data/models/United Kingdom.10/cases_TS_model.pkl
[2024-08-17T12:41:21.821+0000] {processor.py:830} INFO - Processing file /opt/airflow/dags/data/models/United Kingdom.10/cases_TS_model.pkl for tasks to queue
[2024-08-17T12:41:21.822+0000] {logging_mixin.py:188} INFO - [2024-08-17T12:41:21.821+0000] {dagbag.py:545} INFO - Filling up the DagBag from /opt/airflow/dags/data/models/United Kingdom.10/cases_TS_model.pkl
[2024-08-17T12:41:21.828+0000] {processor.py:842} WARNING - No viable dags retrieved from /opt/airflow/dags/data/models/United Kingdom.10/cases_TS_model.pkl
[2024-08-17T12:41:21.838+0000] {processor.py:183} INFO - Processing /opt/airflow/dags/data/models/United Kingdom.10/cases_TS_model.pkl took 0.021 seconds
