[2024-08-17T10:12:52.833+0000] {processor.py:161} INFO - Started process (PID=36584) to work on /opt/airflow/dags/data/models/Tuvalu/deaths_TS_model.pkl
[2024-08-17T10:12:52.833+0000] {processor.py:830} INFO - Processing file /opt/airflow/dags/data/models/Tuvalu/deaths_TS_model.pkl for tasks to queue
[2024-08-17T10:12:52.834+0000] {logging_mixin.py:188} INFO - [2024-08-17T10:12:52.834+0000] {dagbag.py:545} INFO - Filling up the DagBag from /opt/airflow/dags/data/models/Tuvalu/deaths_TS_model.pkl
[2024-08-17T10:12:52.844+0000] {processor.py:842} WARNING - No viable dags retrieved from /opt/airflow/dags/data/models/Tuvalu/deaths_TS_model.pkl
[2024-08-17T10:12:52.854+0000] {processor.py:183} INFO - Processing /opt/airflow/dags/data/models/Tuvalu/deaths_TS_model.pkl took 0.025 seconds
[2024-08-17T10:13:23.822+0000] {processor.py:161} INFO - Started process (PID=37276) to work on /opt/airflow/dags/data/models/Tuvalu/deaths_TS_model.pkl
[2024-08-17T10:13:23.823+0000] {processor.py:830} INFO - Processing file /opt/airflow/dags/data/models/Tuvalu/deaths_TS_model.pkl for tasks to queue
[2024-08-17T10:13:23.823+0000] {logging_mixin.py:188} INFO - [2024-08-17T10:13:23.823+0000] {dagbag.py:545} INFO - Filling up the DagBag from /opt/airflow/dags/data/models/Tuvalu/deaths_TS_model.pkl
[2024-08-17T10:13:23.889+0000] {processor.py:842} WARNING - No viable dags retrieved from /opt/airflow/dags/data/models/Tuvalu/deaths_TS_model.pkl
[2024-08-17T10:13:23.898+0000] {processor.py:183} INFO - Processing /opt/airflow/dags/data/models/Tuvalu/deaths_TS_model.pkl took 0.080 seconds
[2024-08-17T10:13:55.446+0000] {processor.py:161} INFO - Started process (PID=37943) to work on /opt/airflow/dags/data/models/Tuvalu/deaths_TS_model.pkl
[2024-08-17T10:13:55.447+0000] {processor.py:830} INFO - Processing file /opt/airflow/dags/data/models/Tuvalu/deaths_TS_model.pkl for tasks to queue
[2024-08-17T10:13:55.447+0000] {logging_mixin.py:188} INFO - [2024-08-17T10:13:55.447+0000] {dagbag.py:545} INFO - Filling up the DagBag from /opt/airflow/dags/data/models/Tuvalu/deaths_TS_model.pkl
[2024-08-17T10:13:55.481+0000] {processor.py:842} WARNING - No viable dags retrieved from /opt/airflow/dags/data/models/Tuvalu/deaths_TS_model.pkl
[2024-08-17T10:13:55.497+0000] {processor.py:183} INFO - Processing /opt/airflow/dags/data/models/Tuvalu/deaths_TS_model.pkl took 0.055 seconds
[2024-08-17T10:14:26.576+0000] {processor.py:161} INFO - Started process (PID=38594) to work on /opt/airflow/dags/data/models/Tuvalu/deaths_TS_model.pkl
[2024-08-17T10:14:26.577+0000] {processor.py:830} INFO - Processing file /opt/airflow/dags/data/models/Tuvalu/deaths_TS_model.pkl for tasks to queue
[2024-08-17T10:14:26.578+0000] {logging_mixin.py:188} INFO - [2024-08-17T10:14:26.578+0000] {dagbag.py:545} INFO - Filling up the DagBag from /opt/airflow/dags/data/models/Tuvalu/deaths_TS_model.pkl
[2024-08-17T10:14:26.587+0000] {processor.py:842} WARNING - No viable dags retrieved from /opt/airflow/dags/data/models/Tuvalu/deaths_TS_model.pkl
[2024-08-17T10:14:26.596+0000] {processor.py:183} INFO - Processing /opt/airflow/dags/data/models/Tuvalu/deaths_TS_model.pkl took 0.024 seconds
[2024-08-17T10:15:00.738+0000] {processor.py:161} INFO - Started process (PID=39287) to work on /opt/airflow/dags/data/models/Tuvalu/deaths_TS_model.pkl
[2024-08-17T10:15:00.739+0000] {processor.py:830} INFO - Processing file /opt/airflow/dags/data/models/Tuvalu/deaths_TS_model.pkl for tasks to queue
[2024-08-17T10:15:00.740+0000] {logging_mixin.py:188} INFO - [2024-08-17T10:15:00.740+0000] {dagbag.py:545} INFO - Filling up the DagBag from /opt/airflow/dags/data/models/Tuvalu/deaths_TS_model.pkl
[2024-08-17T10:15:00.751+0000] {processor.py:842} WARNING - No viable dags retrieved from /opt/airflow/dags/data/models/Tuvalu/deaths_TS_model.pkl
[2024-08-17T10:15:00.761+0000] {processor.py:183} INFO - Processing /opt/airflow/dags/data/models/Tuvalu/deaths_TS_model.pkl took 0.026 seconds
[2024-08-17T10:15:32.524+0000] {processor.py:161} INFO - Started process (PID=39935) to work on /opt/airflow/dags/data/models/Tuvalu/deaths_TS_model.pkl
[2024-08-17T10:15:32.525+0000] {processor.py:830} INFO - Processing file /opt/airflow/dags/data/models/Tuvalu/deaths_TS_model.pkl for tasks to queue
[2024-08-17T10:15:32.526+0000] {logging_mixin.py:188} INFO - [2024-08-17T10:15:32.526+0000] {dagbag.py:545} INFO - Filling up the DagBag from /opt/airflow/dags/data/models/Tuvalu/deaths_TS_model.pkl
[2024-08-17T10:15:32.536+0000] {processor.py:842} WARNING - No viable dags retrieved from /opt/airflow/dags/data/models/Tuvalu/deaths_TS_model.pkl
[2024-08-17T10:15:32.547+0000] {processor.py:183} INFO - Processing /opt/airflow/dags/data/models/Tuvalu/deaths_TS_model.pkl took 0.027 seconds
[2024-08-17T10:16:05.212+0000] {processor.py:161} INFO - Started process (PID=40602) to work on /opt/airflow/dags/data/models/Tuvalu/deaths_TS_model.pkl
[2024-08-17T10:16:05.212+0000] {processor.py:830} INFO - Processing file /opt/airflow/dags/data/models/Tuvalu/deaths_TS_model.pkl for tasks to queue
[2024-08-17T10:16:05.213+0000] {logging_mixin.py:188} INFO - [2024-08-17T10:16:05.213+0000] {dagbag.py:545} INFO - Filling up the DagBag from /opt/airflow/dags/data/models/Tuvalu/deaths_TS_model.pkl
[2024-08-17T10:16:05.221+0000] {processor.py:842} WARNING - No viable dags retrieved from /opt/airflow/dags/data/models/Tuvalu/deaths_TS_model.pkl
[2024-08-17T10:16:05.238+0000] {processor.py:183} INFO - Processing /opt/airflow/dags/data/models/Tuvalu/deaths_TS_model.pkl took 0.030 seconds
[2024-08-17T10:16:37.330+0000] {processor.py:161} INFO - Started process (PID=41295) to work on /opt/airflow/dags/data/models/Tuvalu/deaths_TS_model.pkl
[2024-08-17T10:16:37.330+0000] {processor.py:830} INFO - Processing file /opt/airflow/dags/data/models/Tuvalu/deaths_TS_model.pkl for tasks to queue
[2024-08-17T10:16:37.333+0000] {logging_mixin.py:188} INFO - [2024-08-17T10:16:37.332+0000] {dagbag.py:545} INFO - Filling up the DagBag from /opt/airflow/dags/data/models/Tuvalu/deaths_TS_model.pkl
[2024-08-17T10:16:37.342+0000] {processor.py:842} WARNING - No viable dags retrieved from /opt/airflow/dags/data/models/Tuvalu/deaths_TS_model.pkl
[2024-08-17T10:16:37.351+0000] {processor.py:183} INFO - Processing /opt/airflow/dags/data/models/Tuvalu/deaths_TS_model.pkl took 0.025 seconds
[2024-08-17T10:17:09.767+0000] {processor.py:161} INFO - Started process (PID=41988) to work on /opt/airflow/dags/data/models/Tuvalu/deaths_TS_model.pkl
[2024-08-17T10:17:09.768+0000] {processor.py:830} INFO - Processing file /opt/airflow/dags/data/models/Tuvalu/deaths_TS_model.pkl for tasks to queue
[2024-08-17T10:17:09.769+0000] {logging_mixin.py:188} INFO - [2024-08-17T10:17:09.769+0000] {dagbag.py:545} INFO - Filling up the DagBag from /opt/airflow/dags/data/models/Tuvalu/deaths_TS_model.pkl
[2024-08-17T10:17:09.781+0000] {processor.py:842} WARNING - No viable dags retrieved from /opt/airflow/dags/data/models/Tuvalu/deaths_TS_model.pkl
[2024-08-17T10:17:09.789+0000] {processor.py:183} INFO - Processing /opt/airflow/dags/data/models/Tuvalu/deaths_TS_model.pkl took 0.025 seconds
[2024-08-17T10:17:55.712+0000] {processor.py:161} INFO - Started process (PID=42757) to work on /opt/airflow/dags/data/models/Tuvalu/deaths_TS_model.pkl
[2024-08-17T10:17:55.712+0000] {processor.py:830} INFO - Processing file /opt/airflow/dags/data/models/Tuvalu/deaths_TS_model.pkl for tasks to queue
[2024-08-17T10:17:55.713+0000] {logging_mixin.py:188} INFO - [2024-08-17T10:17:55.712+0000] {dagbag.py:545} INFO - Filling up the DagBag from /opt/airflow/dags/data/models/Tuvalu/deaths_TS_model.pkl
[2024-08-17T10:17:55.720+0000] {processor.py:842} WARNING - No viable dags retrieved from /opt/airflow/dags/data/models/Tuvalu/deaths_TS_model.pkl
[2024-08-17T10:17:55.728+0000] {processor.py:183} INFO - Processing /opt/airflow/dags/data/models/Tuvalu/deaths_TS_model.pkl took 0.020 seconds
[2024-08-17T10:18:28.025+0000] {processor.py:161} INFO - Started process (PID=43474) to work on /opt/airflow/dags/data/models/Tuvalu/deaths_TS_model.pkl
[2024-08-17T10:18:28.026+0000] {processor.py:830} INFO - Processing file /opt/airflow/dags/data/models/Tuvalu/deaths_TS_model.pkl for tasks to queue
[2024-08-17T10:18:28.026+0000] {logging_mixin.py:188} INFO - [2024-08-17T10:18:28.026+0000] {dagbag.py:545} INFO - Filling up the DagBag from /opt/airflow/dags/data/models/Tuvalu/deaths_TS_model.pkl
[2024-08-17T10:18:28.037+0000] {processor.py:842} WARNING - No viable dags retrieved from /opt/airflow/dags/data/models/Tuvalu/deaths_TS_model.pkl
[2024-08-17T10:18:28.047+0000] {processor.py:183} INFO - Processing /opt/airflow/dags/data/models/Tuvalu/deaths_TS_model.pkl took 0.025 seconds
[2024-08-17T10:19:00.092+0000] {processor.py:161} INFO - Started process (PID=44217) to work on /opt/airflow/dags/data/models/Tuvalu/deaths_TS_model.pkl
[2024-08-17T10:19:00.092+0000] {processor.py:830} INFO - Processing file /opt/airflow/dags/data/models/Tuvalu/deaths_TS_model.pkl for tasks to queue
[2024-08-17T10:19:00.093+0000] {logging_mixin.py:188} INFO - [2024-08-17T10:19:00.093+0000] {dagbag.py:545} INFO - Filling up the DagBag from /opt/airflow/dags/data/models/Tuvalu/deaths_TS_model.pkl
[2024-08-17T10:19:00.101+0000] {processor.py:842} WARNING - No viable dags retrieved from /opt/airflow/dags/data/models/Tuvalu/deaths_TS_model.pkl
[2024-08-17T10:19:00.110+0000] {processor.py:183} INFO - Processing /opt/airflow/dags/data/models/Tuvalu/deaths_TS_model.pkl took 0.022 seconds
[2024-08-17T10:19:32.270+0000] {processor.py:161} INFO - Started process (PID=44960) to work on /opt/airflow/dags/data/models/Tuvalu/deaths_TS_model.pkl
[2024-08-17T10:19:32.270+0000] {processor.py:830} INFO - Processing file /opt/airflow/dags/data/models/Tuvalu/deaths_TS_model.pkl for tasks to queue
[2024-08-17T10:19:32.271+0000] {logging_mixin.py:188} INFO - [2024-08-17T10:19:32.271+0000] {dagbag.py:545} INFO - Filling up the DagBag from /opt/airflow/dags/data/models/Tuvalu/deaths_TS_model.pkl
[2024-08-17T10:19:32.279+0000] {processor.py:842} WARNING - No viable dags retrieved from /opt/airflow/dags/data/models/Tuvalu/deaths_TS_model.pkl
[2024-08-17T10:19:32.288+0000] {processor.py:183} INFO - Processing /opt/airflow/dags/data/models/Tuvalu/deaths_TS_model.pkl took 0.021 seconds
[2024-08-17T10:20:03.704+0000] {processor.py:161} INFO - Started process (PID=45677) to work on /opt/airflow/dags/data/models/Tuvalu/deaths_TS_model.pkl
[2024-08-17T10:20:03.704+0000] {processor.py:830} INFO - Processing file /opt/airflow/dags/data/models/Tuvalu/deaths_TS_model.pkl for tasks to queue
[2024-08-17T10:20:03.705+0000] {logging_mixin.py:188} INFO - [2024-08-17T10:20:03.704+0000] {dagbag.py:545} INFO - Filling up the DagBag from /opt/airflow/dags/data/models/Tuvalu/deaths_TS_model.pkl
[2024-08-17T10:20:03.713+0000] {processor.py:842} WARNING - No viable dags retrieved from /opt/airflow/dags/data/models/Tuvalu/deaths_TS_model.pkl
[2024-08-17T10:20:03.721+0000] {processor.py:183} INFO - Processing /opt/airflow/dags/data/models/Tuvalu/deaths_TS_model.pkl took 0.021 seconds
[2024-08-17T10:20:37.352+0000] {processor.py:161} INFO - Started process (PID=46420) to work on /opt/airflow/dags/data/models/Tuvalu/deaths_TS_model.pkl
[2024-08-17T10:20:37.352+0000] {processor.py:830} INFO - Processing file /opt/airflow/dags/data/models/Tuvalu/deaths_TS_model.pkl for tasks to queue
[2024-08-17T10:20:37.353+0000] {logging_mixin.py:188} INFO - [2024-08-17T10:20:37.353+0000] {dagbag.py:545} INFO - Filling up the DagBag from /opt/airflow/dags/data/models/Tuvalu/deaths_TS_model.pkl
[2024-08-17T10:20:37.361+0000] {processor.py:842} WARNING - No viable dags retrieved from /opt/airflow/dags/data/models/Tuvalu/deaths_TS_model.pkl
[2024-08-17T10:20:37.370+0000] {processor.py:183} INFO - Processing /opt/airflow/dags/data/models/Tuvalu/deaths_TS_model.pkl took 0.021 seconds
[2024-08-17T10:21:09.375+0000] {processor.py:161} INFO - Started process (PID=47155) to work on /opt/airflow/dags/data/models/Tuvalu/deaths_TS_model.pkl
[2024-08-17T10:21:09.376+0000] {processor.py:830} INFO - Processing file /opt/airflow/dags/data/models/Tuvalu/deaths_TS_model.pkl for tasks to queue
[2024-08-17T10:21:09.377+0000] {logging_mixin.py:188} INFO - [2024-08-17T10:21:09.377+0000] {dagbag.py:545} INFO - Filling up the DagBag from /opt/airflow/dags/data/models/Tuvalu/deaths_TS_model.pkl
[2024-08-17T10:21:09.384+0000] {processor.py:842} WARNING - No viable dags retrieved from /opt/airflow/dags/data/models/Tuvalu/deaths_TS_model.pkl
[2024-08-17T10:21:09.392+0000] {processor.py:183} INFO - Processing /opt/airflow/dags/data/models/Tuvalu/deaths_TS_model.pkl took 0.021 seconds
[2024-08-17T12:08:09.088+0000] {processor.py:161} INFO - Started process (PID=19058) to work on /opt/airflow/dags/data/models/Tuvalu/deaths_TS_model.pkl
[2024-08-17T12:08:09.090+0000] {processor.py:830} INFO - Processing file /opt/airflow/dags/data/models/Tuvalu/deaths_TS_model.pkl for tasks to queue
[2024-08-17T12:08:09.091+0000] {logging_mixin.py:188} INFO - [2024-08-17T12:08:09.091+0000] {dagbag.py:545} INFO - Filling up the DagBag from /opt/airflow/dags/data/models/Tuvalu/deaths_TS_model.pkl
[2024-08-17T12:08:09.116+0000] {processor.py:842} WARNING - No viable dags retrieved from /opt/airflow/dags/data/models/Tuvalu/deaths_TS_model.pkl
[2024-08-17T12:08:09.135+0000] {processor.py:183} INFO - Processing /opt/airflow/dags/data/models/Tuvalu/deaths_TS_model.pkl took 0.053 seconds
[2024-08-17T12:09:00.445+0000] {processor.py:161} INFO - Started process (PID=19795) to work on /opt/airflow/dags/data/models/Tuvalu/deaths_TS_model.pkl
[2024-08-17T12:09:00.448+0000] {processor.py:830} INFO - Processing file /opt/airflow/dags/data/models/Tuvalu/deaths_TS_model.pkl for tasks to queue
[2024-08-17T12:09:00.450+0000] {logging_mixin.py:188} INFO - [2024-08-17T12:09:00.450+0000] {dagbag.py:545} INFO - Filling up the DagBag from /opt/airflow/dags/data/models/Tuvalu/deaths_TS_model.pkl
[2024-08-17T12:09:00.472+0000] {processor.py:842} WARNING - No viable dags retrieved from /opt/airflow/dags/data/models/Tuvalu/deaths_TS_model.pkl
[2024-08-17T12:09:00.493+0000] {processor.py:183} INFO - Processing /opt/airflow/dags/data/models/Tuvalu/deaths_TS_model.pkl took 0.056 seconds
[2024-08-17T12:09:16.935+0000] {processor.py:161} INFO - Started process (PID=20002) to work on /opt/airflow/dags/data/models/Tuvalu/deaths_TS_model.pkl
[2024-08-17T12:09:16.937+0000] {processor.py:830} INFO - Processing file /opt/airflow/dags/data/models/Tuvalu/deaths_TS_model.pkl for tasks to queue
[2024-08-17T12:09:16.938+0000] {logging_mixin.py:188} INFO - [2024-08-17T12:09:16.938+0000] {dagbag.py:545} INFO - Filling up the DagBag from /opt/airflow/dags/data/models/Tuvalu/deaths_TS_model.pkl
[2024-08-17T12:09:16.965+0000] {processor.py:842} WARNING - No viable dags retrieved from /opt/airflow/dags/data/models/Tuvalu/deaths_TS_model.pkl
[2024-08-17T12:09:16.987+0000] {processor.py:183} INFO - Processing /opt/airflow/dags/data/models/Tuvalu/deaths_TS_model.pkl took 0.059 seconds
[2024-08-17T12:09:58.826+0000] {processor.py:161} INFO - Started process (PID=20654) to work on /opt/airflow/dags/data/models/Tuvalu/deaths_TS_model.pkl
[2024-08-17T12:09:58.827+0000] {processor.py:830} INFO - Processing file /opt/airflow/dags/data/models/Tuvalu/deaths_TS_model.pkl for tasks to queue
[2024-08-17T12:09:58.828+0000] {logging_mixin.py:188} INFO - [2024-08-17T12:09:58.828+0000] {dagbag.py:545} INFO - Filling up the DagBag from /opt/airflow/dags/data/models/Tuvalu/deaths_TS_model.pkl
[2024-08-17T12:09:58.848+0000] {processor.py:842} WARNING - No viable dags retrieved from /opt/airflow/dags/data/models/Tuvalu/deaths_TS_model.pkl
[2024-08-17T12:09:58.865+0000] {processor.py:183} INFO - Processing /opt/airflow/dags/data/models/Tuvalu/deaths_TS_model.pkl took 0.047 seconds
[2024-08-17T12:10:34.212+0000] {processor.py:161} INFO - Started process (PID=21201) to work on /opt/airflow/dags/data/models/Tuvalu/deaths_TS_model.pkl
[2024-08-17T12:10:34.213+0000] {processor.py:830} INFO - Processing file /opt/airflow/dags/data/models/Tuvalu/deaths_TS_model.pkl for tasks to queue
[2024-08-17T12:10:34.215+0000] {logging_mixin.py:188} INFO - [2024-08-17T12:10:34.214+0000] {dagbag.py:545} INFO - Filling up the DagBag from /opt/airflow/dags/data/models/Tuvalu/deaths_TS_model.pkl
[2024-08-17T12:10:34.245+0000] {processor.py:842} WARNING - No viable dags retrieved from /opt/airflow/dags/data/models/Tuvalu/deaths_TS_model.pkl
[2024-08-17T12:10:34.271+0000] {processor.py:183} INFO - Processing /opt/airflow/dags/data/models/Tuvalu/deaths_TS_model.pkl took 0.066 seconds
[2024-08-17T12:11:12.481+0000] {processor.py:161} INFO - Started process (PID=21717) to work on /opt/airflow/dags/data/models/Tuvalu/deaths_TS_model.pkl
[2024-08-17T12:11:12.483+0000] {processor.py:830} INFO - Processing file /opt/airflow/dags/data/models/Tuvalu/deaths_TS_model.pkl for tasks to queue
[2024-08-17T12:11:12.484+0000] {logging_mixin.py:188} INFO - [2024-08-17T12:11:12.483+0000] {dagbag.py:545} INFO - Filling up the DagBag from /opt/airflow/dags/data/models/Tuvalu/deaths_TS_model.pkl
[2024-08-17T12:11:12.503+0000] {processor.py:842} WARNING - No viable dags retrieved from /opt/airflow/dags/data/models/Tuvalu/deaths_TS_model.pkl
[2024-08-17T12:11:12.523+0000] {processor.py:183} INFO - Processing /opt/airflow/dags/data/models/Tuvalu/deaths_TS_model.pkl took 0.052 seconds
[2024-08-17T12:11:45.811+0000] {processor.py:161} INFO - Started process (PID=22245) to work on /opt/airflow/dags/data/models/Tuvalu/deaths_TS_model.pkl
[2024-08-17T12:11:45.812+0000] {processor.py:830} INFO - Processing file /opt/airflow/dags/data/models/Tuvalu/deaths_TS_model.pkl for tasks to queue
[2024-08-17T12:11:45.813+0000] {logging_mixin.py:188} INFO - [2024-08-17T12:11:45.813+0000] {dagbag.py:545} INFO - Filling up the DagBag from /opt/airflow/dags/data/models/Tuvalu/deaths_TS_model.pkl
[2024-08-17T12:11:45.834+0000] {processor.py:842} WARNING - No viable dags retrieved from /opt/airflow/dags/data/models/Tuvalu/deaths_TS_model.pkl
[2024-08-17T12:11:45.852+0000] {processor.py:183} INFO - Processing /opt/airflow/dags/data/models/Tuvalu/deaths_TS_model.pkl took 0.048 seconds
[2024-08-17T12:12:21.362+0000] {processor.py:161} INFO - Started process (PID=22729) to work on /opt/airflow/dags/data/models/Tuvalu/deaths_TS_model.pkl
[2024-08-17T12:12:21.364+0000] {processor.py:830} INFO - Processing file /opt/airflow/dags/data/models/Tuvalu/deaths_TS_model.pkl for tasks to queue
[2024-08-17T12:12:21.365+0000] {logging_mixin.py:188} INFO - [2024-08-17T12:12:21.365+0000] {dagbag.py:545} INFO - Filling up the DagBag from /opt/airflow/dags/data/models/Tuvalu/deaths_TS_model.pkl
[2024-08-17T12:12:21.393+0000] {processor.py:842} WARNING - No viable dags retrieved from /opt/airflow/dags/data/models/Tuvalu/deaths_TS_model.pkl
[2024-08-17T12:12:21.413+0000] {processor.py:183} INFO - Processing /opt/airflow/dags/data/models/Tuvalu/deaths_TS_model.pkl took 0.060 seconds
[2024-08-17T12:12:38.400+0000] {processor.py:161} INFO - Started process (PID=23004) to work on /opt/airflow/dags/data/models/Tuvalu/deaths_TS_model.pkl
[2024-08-17T12:12:38.402+0000] {processor.py:830} INFO - Processing file /opt/airflow/dags/data/models/Tuvalu/deaths_TS_model.pkl for tasks to queue
[2024-08-17T12:12:38.403+0000] {logging_mixin.py:188} INFO - [2024-08-17T12:12:38.403+0000] {dagbag.py:545} INFO - Filling up the DagBag from /opt/airflow/dags/data/models/Tuvalu/deaths_TS_model.pkl
[2024-08-17T12:12:38.425+0000] {processor.py:842} WARNING - No viable dags retrieved from /opt/airflow/dags/data/models/Tuvalu/deaths_TS_model.pkl
[2024-08-17T12:12:38.442+0000] {processor.py:183} INFO - Processing /opt/airflow/dags/data/models/Tuvalu/deaths_TS_model.pkl took 0.049 seconds
[2024-08-17T12:13:20.999+0000] {processor.py:161} INFO - Started process (PID=23305) to work on /opt/airflow/dags/data/models/Tuvalu/deaths_TS_model.pkl
[2024-08-17T12:13:21.000+0000] {processor.py:830} INFO - Processing file /opt/airflow/dags/data/models/Tuvalu/deaths_TS_model.pkl for tasks to queue
[2024-08-17T12:13:21.002+0000] {logging_mixin.py:188} INFO - [2024-08-17T12:13:21.001+0000] {dagbag.py:545} INFO - Filling up the DagBag from /opt/airflow/dags/data/models/Tuvalu/deaths_TS_model.pkl
[2024-08-17T12:13:21.021+0000] {processor.py:842} WARNING - No viable dags retrieved from /opt/airflow/dags/data/models/Tuvalu/deaths_TS_model.pkl
[2024-08-17T12:13:21.041+0000] {processor.py:183} INFO - Processing /opt/airflow/dags/data/models/Tuvalu/deaths_TS_model.pkl took 0.050 seconds
[2024-08-17T12:13:56.268+0000] {processor.py:161} INFO - Started process (PID=23905) to work on /opt/airflow/dags/data/models/Tuvalu/deaths_TS_model.pkl
[2024-08-17T12:13:56.270+0000] {processor.py:830} INFO - Processing file /opt/airflow/dags/data/models/Tuvalu/deaths_TS_model.pkl for tasks to queue
[2024-08-17T12:13:56.271+0000] {logging_mixin.py:188} INFO - [2024-08-17T12:13:56.270+0000] {dagbag.py:545} INFO - Filling up the DagBag from /opt/airflow/dags/data/models/Tuvalu/deaths_TS_model.pkl
[2024-08-17T12:13:56.291+0000] {processor.py:842} WARNING - No viable dags retrieved from /opt/airflow/dags/data/models/Tuvalu/deaths_TS_model.pkl
[2024-08-17T12:13:56.311+0000] {processor.py:183} INFO - Processing /opt/airflow/dags/data/models/Tuvalu/deaths_TS_model.pkl took 0.050 seconds
[2024-08-17T12:14:50.965+0000] {processor.py:161} INFO - Started process (PID=24651) to work on /opt/airflow/dags/data/models/Tuvalu/deaths_TS_model.pkl
[2024-08-17T12:14:50.966+0000] {processor.py:830} INFO - Processing file /opt/airflow/dags/data/models/Tuvalu/deaths_TS_model.pkl for tasks to queue
[2024-08-17T12:14:50.967+0000] {logging_mixin.py:188} INFO - [2024-08-17T12:14:50.966+0000] {dagbag.py:545} INFO - Filling up the DagBag from /opt/airflow/dags/data/models/Tuvalu/deaths_TS_model.pkl
[2024-08-17T12:14:50.990+0000] {processor.py:842} WARNING - No viable dags retrieved from /opt/airflow/dags/data/models/Tuvalu/deaths_TS_model.pkl
[2024-08-17T12:14:51.013+0000] {processor.py:183} INFO - Processing /opt/airflow/dags/data/models/Tuvalu/deaths_TS_model.pkl took 0.056 seconds
[2024-08-17T12:15:35.894+0000] {processor.py:161} INFO - Started process (PID=25279) to work on /opt/airflow/dags/data/models/Tuvalu/deaths_TS_model.pkl
[2024-08-17T12:15:35.896+0000] {processor.py:830} INFO - Processing file /opt/airflow/dags/data/models/Tuvalu/deaths_TS_model.pkl for tasks to queue
[2024-08-17T12:15:35.898+0000] {logging_mixin.py:188} INFO - [2024-08-17T12:15:35.897+0000] {dagbag.py:545} INFO - Filling up the DagBag from /opt/airflow/dags/data/models/Tuvalu/deaths_TS_model.pkl
[2024-08-17T12:15:35.927+0000] {processor.py:842} WARNING - No viable dags retrieved from /opt/airflow/dags/data/models/Tuvalu/deaths_TS_model.pkl
[2024-08-17T12:15:35.953+0000] {processor.py:183} INFO - Processing /opt/airflow/dags/data/models/Tuvalu/deaths_TS_model.pkl took 0.067 seconds
[2024-08-17T12:15:53.191+0000] {processor.py:161} INFO - Started process (PID=25547) to work on /opt/airflow/dags/data/models/Tuvalu/deaths_TS_model.pkl
[2024-08-17T12:15:53.193+0000] {processor.py:830} INFO - Processing file /opt/airflow/dags/data/models/Tuvalu/deaths_TS_model.pkl for tasks to queue
[2024-08-17T12:15:53.194+0000] {logging_mixin.py:188} INFO - [2024-08-17T12:15:53.194+0000] {dagbag.py:545} INFO - Filling up the DagBag from /opt/airflow/dags/data/models/Tuvalu/deaths_TS_model.pkl
[2024-08-17T12:15:53.222+0000] {processor.py:842} WARNING - No viable dags retrieved from /opt/airflow/dags/data/models/Tuvalu/deaths_TS_model.pkl
[2024-08-17T12:15:53.240+0000] {processor.py:183} INFO - Processing /opt/airflow/dags/data/models/Tuvalu/deaths_TS_model.pkl took 0.055 seconds
[2024-08-17T12:16:29.796+0000] {processor.py:161} INFO - Started process (PID=26060) to work on /opt/airflow/dags/data/models/Tuvalu/deaths_TS_model.pkl
[2024-08-17T12:16:29.797+0000] {processor.py:830} INFO - Processing file /opt/airflow/dags/data/models/Tuvalu/deaths_TS_model.pkl for tasks to queue
[2024-08-17T12:16:29.799+0000] {logging_mixin.py:188} INFO - [2024-08-17T12:16:29.798+0000] {dagbag.py:545} INFO - Filling up the DagBag from /opt/airflow/dags/data/models/Tuvalu/deaths_TS_model.pkl
[2024-08-17T12:16:29.822+0000] {processor.py:842} WARNING - No viable dags retrieved from /opt/airflow/dags/data/models/Tuvalu/deaths_TS_model.pkl
[2024-08-17T12:16:29.841+0000] {processor.py:183} INFO - Processing /opt/airflow/dags/data/models/Tuvalu/deaths_TS_model.pkl took 0.054 seconds
[2024-08-17T12:17:12.605+0000] {processor.py:161} INFO - Started process (PID=26664) to work on /opt/airflow/dags/data/models/Tuvalu/deaths_TS_model.pkl
[2024-08-17T12:17:12.606+0000] {processor.py:830} INFO - Processing file /opt/airflow/dags/data/models/Tuvalu/deaths_TS_model.pkl for tasks to queue
[2024-08-17T12:17:12.608+0000] {logging_mixin.py:188} INFO - [2024-08-17T12:17:12.607+0000] {dagbag.py:545} INFO - Filling up the DagBag from /opt/airflow/dags/data/models/Tuvalu/deaths_TS_model.pkl
[2024-08-17T12:17:12.632+0000] {processor.py:842} WARNING - No viable dags retrieved from /opt/airflow/dags/data/models/Tuvalu/deaths_TS_model.pkl
[2024-08-17T12:17:12.651+0000] {processor.py:183} INFO - Processing /opt/airflow/dags/data/models/Tuvalu/deaths_TS_model.pkl took 0.054 seconds
[2024-08-17T12:18:16.886+0000] {processor.py:161} INFO - Started process (PID=27261) to work on /opt/airflow/dags/data/models/Tuvalu/deaths_TS_model.pkl
[2024-08-17T12:18:16.888+0000] {processor.py:830} INFO - Processing file /opt/airflow/dags/data/models/Tuvalu/deaths_TS_model.pkl for tasks to queue
[2024-08-17T12:18:16.889+0000] {logging_mixin.py:188} INFO - [2024-08-17T12:18:16.888+0000] {dagbag.py:545} INFO - Filling up the DagBag from /opt/airflow/dags/data/models/Tuvalu/deaths_TS_model.pkl
[2024-08-17T12:18:16.911+0000] {processor.py:842} WARNING - No viable dags retrieved from /opt/airflow/dags/data/models/Tuvalu/deaths_TS_model.pkl
[2024-08-17T12:18:16.931+0000] {processor.py:183} INFO - Processing /opt/airflow/dags/data/models/Tuvalu/deaths_TS_model.pkl took 0.052 seconds
[2024-08-17T12:19:13.792+0000] {processor.py:161} INFO - Started process (PID=28025) to work on /opt/airflow/dags/data/models/Tuvalu/deaths_TS_model.pkl
[2024-08-17T12:19:13.794+0000] {processor.py:830} INFO - Processing file /opt/airflow/dags/data/models/Tuvalu/deaths_TS_model.pkl for tasks to queue
[2024-08-17T12:19:13.795+0000] {logging_mixin.py:188} INFO - [2024-08-17T12:19:13.794+0000] {dagbag.py:545} INFO - Filling up the DagBag from /opt/airflow/dags/data/models/Tuvalu/deaths_TS_model.pkl
[2024-08-17T12:19:13.810+0000] {processor.py:842} WARNING - No viable dags retrieved from /opt/airflow/dags/data/models/Tuvalu/deaths_TS_model.pkl
[2024-08-17T12:19:13.831+0000] {processor.py:183} INFO - Processing /opt/airflow/dags/data/models/Tuvalu/deaths_TS_model.pkl took 0.047 seconds
[2024-08-17T12:19:57.090+0000] {processor.py:161} INFO - Started process (PID=28636) to work on /opt/airflow/dags/data/models/Tuvalu/deaths_TS_model.pkl
[2024-08-17T12:19:57.091+0000] {processor.py:830} INFO - Processing file /opt/airflow/dags/data/models/Tuvalu/deaths_TS_model.pkl for tasks to queue
[2024-08-17T12:19:57.092+0000] {logging_mixin.py:188} INFO - [2024-08-17T12:19:57.092+0000] {dagbag.py:545} INFO - Filling up the DagBag from /opt/airflow/dags/data/models/Tuvalu/deaths_TS_model.pkl
[2024-08-17T12:19:57.109+0000] {processor.py:842} WARNING - No viable dags retrieved from /opt/airflow/dags/data/models/Tuvalu/deaths_TS_model.pkl
[2024-08-17T12:19:57.131+0000] {processor.py:183} INFO - Processing /opt/airflow/dags/data/models/Tuvalu/deaths_TS_model.pkl took 0.049 seconds
[2024-08-17T12:20:53.120+0000] {processor.py:161} INFO - Started process (PID=29306) to work on /opt/airflow/dags/data/models/Tuvalu/deaths_TS_model.pkl
[2024-08-17T12:20:53.122+0000] {processor.py:830} INFO - Processing file /opt/airflow/dags/data/models/Tuvalu/deaths_TS_model.pkl for tasks to queue
[2024-08-17T12:20:53.124+0000] {logging_mixin.py:188} INFO - [2024-08-17T12:20:53.124+0000] {dagbag.py:545} INFO - Filling up the DagBag from /opt/airflow/dags/data/models/Tuvalu/deaths_TS_model.pkl
[2024-08-17T12:20:53.163+0000] {processor.py:842} WARNING - No viable dags retrieved from /opt/airflow/dags/data/models/Tuvalu/deaths_TS_model.pkl
[2024-08-17T12:20:53.185+0000] {processor.py:183} INFO - Processing /opt/airflow/dags/data/models/Tuvalu/deaths_TS_model.pkl took 0.073 seconds
[2024-08-17T12:21:37.693+0000] {processor.py:161} INFO - Started process (PID=29995) to work on /opt/airflow/dags/data/models/Tuvalu/deaths_TS_model.pkl
[2024-08-17T12:21:37.695+0000] {processor.py:830} INFO - Processing file /opt/airflow/dags/data/models/Tuvalu/deaths_TS_model.pkl for tasks to queue
[2024-08-17T12:21:37.696+0000] {logging_mixin.py:188} INFO - [2024-08-17T12:21:37.696+0000] {dagbag.py:545} INFO - Filling up the DagBag from /opt/airflow/dags/data/models/Tuvalu/deaths_TS_model.pkl
[2024-08-17T12:21:37.720+0000] {processor.py:842} WARNING - No viable dags retrieved from /opt/airflow/dags/data/models/Tuvalu/deaths_TS_model.pkl
[2024-08-17T12:21:37.738+0000] {processor.py:183} INFO - Processing /opt/airflow/dags/data/models/Tuvalu/deaths_TS_model.pkl took 0.052 seconds
[2024-08-17T12:22:14.961+0000] {processor.py:161} INFO - Started process (PID=30568) to work on /opt/airflow/dags/data/models/Tuvalu/deaths_TS_model.pkl
[2024-08-17T12:22:14.962+0000] {processor.py:830} INFO - Processing file /opt/airflow/dags/data/models/Tuvalu/deaths_TS_model.pkl for tasks to queue
[2024-08-17T12:22:14.964+0000] {logging_mixin.py:188} INFO - [2024-08-17T12:22:14.963+0000] {dagbag.py:545} INFO - Filling up the DagBag from /opt/airflow/dags/data/models/Tuvalu/deaths_TS_model.pkl
[2024-08-17T12:22:14.988+0000] {processor.py:842} WARNING - No viable dags retrieved from /opt/airflow/dags/data/models/Tuvalu/deaths_TS_model.pkl
[2024-08-17T12:22:15.007+0000] {processor.py:183} INFO - Processing /opt/airflow/dags/data/models/Tuvalu/deaths_TS_model.pkl took 0.056 seconds
[2024-08-17T12:23:21.185+0000] {processor.py:161} INFO - Started process (PID=31233) to work on /opt/airflow/dags/data/models/Tuvalu/deaths_TS_model.pkl
[2024-08-17T12:23:21.186+0000] {processor.py:830} INFO - Processing file /opt/airflow/dags/data/models/Tuvalu/deaths_TS_model.pkl for tasks to queue
[2024-08-17T12:23:21.188+0000] {logging_mixin.py:188} INFO - [2024-08-17T12:23:21.187+0000] {dagbag.py:545} INFO - Filling up the DagBag from /opt/airflow/dags/data/models/Tuvalu/deaths_TS_model.pkl
[2024-08-17T12:23:21.209+0000] {processor.py:842} WARNING - No viable dags retrieved from /opt/airflow/dags/data/models/Tuvalu/deaths_TS_model.pkl
[2024-08-17T12:23:21.228+0000] {processor.py:183} INFO - Processing /opt/airflow/dags/data/models/Tuvalu/deaths_TS_model.pkl took 0.050 seconds
[2024-08-17T12:24:03.197+0000] {processor.py:161} INFO - Started process (PID=31912) to work on /opt/airflow/dags/data/models/Tuvalu/deaths_TS_model.pkl
[2024-08-17T12:24:03.198+0000] {processor.py:830} INFO - Processing file /opt/airflow/dags/data/models/Tuvalu/deaths_TS_model.pkl for tasks to queue
[2024-08-17T12:24:03.200+0000] {logging_mixin.py:188} INFO - [2024-08-17T12:24:03.199+0000] {dagbag.py:545} INFO - Filling up the DagBag from /opt/airflow/dags/data/models/Tuvalu/deaths_TS_model.pkl
[2024-08-17T12:24:03.215+0000] {processor.py:842} WARNING - No viable dags retrieved from /opt/airflow/dags/data/models/Tuvalu/deaths_TS_model.pkl
[2024-08-17T12:24:03.233+0000] {processor.py:183} INFO - Processing /opt/airflow/dags/data/models/Tuvalu/deaths_TS_model.pkl took 0.043 seconds
[2024-08-17T12:24:13.674+0000] {processor.py:161} INFO - Started process (PID=32087) to work on /opt/airflow/dags/data/models/Tuvalu/deaths_TS_model.pkl
[2024-08-17T12:24:13.675+0000] {processor.py:830} INFO - Processing file /opt/airflow/dags/data/models/Tuvalu/deaths_TS_model.pkl for tasks to queue
[2024-08-17T12:24:13.677+0000] {logging_mixin.py:188} INFO - [2024-08-17T12:24:13.676+0000] {dagbag.py:545} INFO - Filling up the DagBag from /opt/airflow/dags/data/models/Tuvalu/deaths_TS_model.pkl
[2024-08-17T12:24:13.699+0000] {processor.py:842} WARNING - No viable dags retrieved from /opt/airflow/dags/data/models/Tuvalu/deaths_TS_model.pkl
[2024-08-17T12:24:13.717+0000] {processor.py:183} INFO - Processing /opt/airflow/dags/data/models/Tuvalu/deaths_TS_model.pkl took 0.049 seconds
[2024-08-17T12:24:56.443+0000] {processor.py:161} INFO - Started process (PID=32791) to work on /opt/airflow/dags/data/models/Tuvalu/deaths_TS_model.pkl
[2024-08-17T12:24:56.444+0000] {processor.py:830} INFO - Processing file /opt/airflow/dags/data/models/Tuvalu/deaths_TS_model.pkl for tasks to queue
[2024-08-17T12:24:56.445+0000] {logging_mixin.py:188} INFO - [2024-08-17T12:24:56.445+0000] {dagbag.py:545} INFO - Filling up the DagBag from /opt/airflow/dags/data/models/Tuvalu/deaths_TS_model.pkl
[2024-08-17T12:24:56.464+0000] {processor.py:842} WARNING - No viable dags retrieved from /opt/airflow/dags/data/models/Tuvalu/deaths_TS_model.pkl
[2024-08-17T12:24:56.478+0000] {processor.py:183} INFO - Processing /opt/airflow/dags/data/models/Tuvalu/deaths_TS_model.pkl took 0.040 seconds
[2024-08-17T12:25:35.327+0000] {processor.py:161} INFO - Started process (PID=33465) to work on /opt/airflow/dags/data/models/Tuvalu/deaths_TS_model.pkl
[2024-08-17T12:25:35.328+0000] {processor.py:830} INFO - Processing file /opt/airflow/dags/data/models/Tuvalu/deaths_TS_model.pkl for tasks to queue
[2024-08-17T12:25:35.330+0000] {logging_mixin.py:188} INFO - [2024-08-17T12:25:35.329+0000] {dagbag.py:545} INFO - Filling up the DagBag from /opt/airflow/dags/data/models/Tuvalu/deaths_TS_model.pkl
[2024-08-17T12:25:35.346+0000] {processor.py:842} WARNING - No viable dags retrieved from /opt/airflow/dags/data/models/Tuvalu/deaths_TS_model.pkl
[2024-08-17T12:25:35.360+0000] {processor.py:183} INFO - Processing /opt/airflow/dags/data/models/Tuvalu/deaths_TS_model.pkl took 0.038 seconds
[2024-08-17T12:26:07.606+0000] {processor.py:161} INFO - Started process (PID=34050) to work on /opt/airflow/dags/data/models/Tuvalu/deaths_TS_model.pkl
[2024-08-17T12:26:07.607+0000] {processor.py:830} INFO - Processing file /opt/airflow/dags/data/models/Tuvalu/deaths_TS_model.pkl for tasks to queue
[2024-08-17T12:26:07.608+0000] {logging_mixin.py:188} INFO - [2024-08-17T12:26:07.608+0000] {dagbag.py:545} INFO - Filling up the DagBag from /opt/airflow/dags/data/models/Tuvalu/deaths_TS_model.pkl
[2024-08-17T12:26:07.630+0000] {processor.py:842} WARNING - No viable dags retrieved from /opt/airflow/dags/data/models/Tuvalu/deaths_TS_model.pkl
[2024-08-17T12:26:07.645+0000] {processor.py:183} INFO - Processing /opt/airflow/dags/data/models/Tuvalu/deaths_TS_model.pkl took 0.046 seconds
[2024-08-17T12:26:42.718+0000] {processor.py:161} INFO - Started process (PID=34704) to work on /opt/airflow/dags/data/models/Tuvalu/deaths_TS_model.pkl
[2024-08-17T12:26:42.719+0000] {processor.py:830} INFO - Processing file /opt/airflow/dags/data/models/Tuvalu/deaths_TS_model.pkl for tasks to queue
[2024-08-17T12:26:42.719+0000] {logging_mixin.py:188} INFO - [2024-08-17T12:26:42.719+0000] {dagbag.py:545} INFO - Filling up the DagBag from /opt/airflow/dags/data/models/Tuvalu/deaths_TS_model.pkl
[2024-08-17T12:26:42.736+0000] {processor.py:842} WARNING - No viable dags retrieved from /opt/airflow/dags/data/models/Tuvalu/deaths_TS_model.pkl
[2024-08-17T12:26:42.750+0000] {processor.py:183} INFO - Processing /opt/airflow/dags/data/models/Tuvalu/deaths_TS_model.pkl took 0.037 seconds
[2024-08-17T12:27:19.520+0000] {processor.py:161} INFO - Started process (PID=35427) to work on /opt/airflow/dags/data/models/Tuvalu/deaths_TS_model.pkl
[2024-08-17T12:27:19.521+0000] {processor.py:830} INFO - Processing file /opt/airflow/dags/data/models/Tuvalu/deaths_TS_model.pkl for tasks to queue
[2024-08-17T12:27:19.522+0000] {logging_mixin.py:188} INFO - [2024-08-17T12:27:19.521+0000] {dagbag.py:545} INFO - Filling up the DagBag from /opt/airflow/dags/data/models/Tuvalu/deaths_TS_model.pkl
[2024-08-17T12:27:19.537+0000] {processor.py:842} WARNING - No viable dags retrieved from /opt/airflow/dags/data/models/Tuvalu/deaths_TS_model.pkl
[2024-08-17T12:27:19.550+0000] {processor.py:183} INFO - Processing /opt/airflow/dags/data/models/Tuvalu/deaths_TS_model.pkl took 0.035 seconds
[2024-08-17T12:28:15.707+0000] {processor.py:161} INFO - Started process (PID=36232) to work on /opt/airflow/dags/data/models/Tuvalu/deaths_TS_model.pkl
[2024-08-17T12:28:15.708+0000] {processor.py:830} INFO - Processing file /opt/airflow/dags/data/models/Tuvalu/deaths_TS_model.pkl for tasks to queue
[2024-08-17T12:28:15.708+0000] {logging_mixin.py:188} INFO - [2024-08-17T12:28:15.708+0000] {dagbag.py:545} INFO - Filling up the DagBag from /opt/airflow/dags/data/models/Tuvalu/deaths_TS_model.pkl
[2024-08-17T12:28:15.720+0000] {processor.py:842} WARNING - No viable dags retrieved from /opt/airflow/dags/data/models/Tuvalu/deaths_TS_model.pkl
[2024-08-17T12:28:15.731+0000] {processor.py:183} INFO - Processing /opt/airflow/dags/data/models/Tuvalu/deaths_TS_model.pkl took 0.028 seconds
[2024-08-17T12:28:49.516+0000] {processor.py:161} INFO - Started process (PID=36978) to work on /opt/airflow/dags/data/models/Tuvalu/deaths_TS_model.pkl
[2024-08-17T12:28:49.517+0000] {processor.py:830} INFO - Processing file /opt/airflow/dags/data/models/Tuvalu/deaths_TS_model.pkl for tasks to queue
[2024-08-17T12:28:49.518+0000] {logging_mixin.py:188} INFO - [2024-08-17T12:28:49.518+0000] {dagbag.py:545} INFO - Filling up the DagBag from /opt/airflow/dags/data/models/Tuvalu/deaths_TS_model.pkl
[2024-08-17T12:28:49.532+0000] {processor.py:842} WARNING - No viable dags retrieved from /opt/airflow/dags/data/models/Tuvalu/deaths_TS_model.pkl
[2024-08-17T12:28:49.543+0000] {processor.py:183} INFO - Processing /opt/airflow/dags/data/models/Tuvalu/deaths_TS_model.pkl took 0.030 seconds
[2024-08-17T12:29:24.371+0000] {processor.py:161} INFO - Started process (PID=37707) to work on /opt/airflow/dags/data/models/Tuvalu/deaths_TS_model.pkl
[2024-08-17T12:29:24.372+0000] {processor.py:830} INFO - Processing file /opt/airflow/dags/data/models/Tuvalu/deaths_TS_model.pkl for tasks to queue
[2024-08-17T12:29:24.373+0000] {logging_mixin.py:188} INFO - [2024-08-17T12:29:24.372+0000] {dagbag.py:545} INFO - Filling up the DagBag from /opt/airflow/dags/data/models/Tuvalu/deaths_TS_model.pkl
[2024-08-17T12:29:24.385+0000] {processor.py:842} WARNING - No viable dags retrieved from /opt/airflow/dags/data/models/Tuvalu/deaths_TS_model.pkl
[2024-08-17T12:29:24.395+0000] {processor.py:183} INFO - Processing /opt/airflow/dags/data/models/Tuvalu/deaths_TS_model.pkl took 0.029 seconds
[2024-08-17T12:29:57.167+0000] {processor.py:161} INFO - Started process (PID=38434) to work on /opt/airflow/dags/data/models/Tuvalu/deaths_TS_model.pkl
[2024-08-17T12:29:57.168+0000] {processor.py:830} INFO - Processing file /opt/airflow/dags/data/models/Tuvalu/deaths_TS_model.pkl for tasks to queue
[2024-08-17T12:29:57.168+0000] {logging_mixin.py:188} INFO - [2024-08-17T12:29:57.168+0000] {dagbag.py:545} INFO - Filling up the DagBag from /opt/airflow/dags/data/models/Tuvalu/deaths_TS_model.pkl
[2024-08-17T12:29:57.185+0000] {processor.py:842} WARNING - No viable dags retrieved from /opt/airflow/dags/data/models/Tuvalu/deaths_TS_model.pkl
[2024-08-17T12:29:57.195+0000] {processor.py:183} INFO - Processing /opt/airflow/dags/data/models/Tuvalu/deaths_TS_model.pkl took 0.032 seconds
[2024-08-17T12:30:29.767+0000] {processor.py:161} INFO - Started process (PID=39164) to work on /opt/airflow/dags/data/models/Tuvalu/deaths_TS_model.pkl
[2024-08-17T12:30:29.768+0000] {processor.py:830} INFO - Processing file /opt/airflow/dags/data/models/Tuvalu/deaths_TS_model.pkl for tasks to queue
[2024-08-17T12:30:29.769+0000] {logging_mixin.py:188} INFO - [2024-08-17T12:30:29.768+0000] {dagbag.py:545} INFO - Filling up the DagBag from /opt/airflow/dags/data/models/Tuvalu/deaths_TS_model.pkl
[2024-08-17T12:30:29.776+0000] {processor.py:842} WARNING - No viable dags retrieved from /opt/airflow/dags/data/models/Tuvalu/deaths_TS_model.pkl
[2024-08-17T12:30:29.785+0000] {processor.py:183} INFO - Processing /opt/airflow/dags/data/models/Tuvalu/deaths_TS_model.pkl took 0.021 seconds
[2024-08-17T12:31:01.816+0000] {processor.py:161} INFO - Started process (PID=39902) to work on /opt/airflow/dags/data/models/Tuvalu/deaths_TS_model.pkl
[2024-08-17T12:31:01.817+0000] {processor.py:830} INFO - Processing file /opt/airflow/dags/data/models/Tuvalu/deaths_TS_model.pkl for tasks to queue
[2024-08-17T12:31:01.819+0000] {logging_mixin.py:188} INFO - [2024-08-17T12:31:01.818+0000] {dagbag.py:545} INFO - Filling up the DagBag from /opt/airflow/dags/data/models/Tuvalu/deaths_TS_model.pkl
[2024-08-17T12:31:01.827+0000] {processor.py:842} WARNING - No viable dags retrieved from /opt/airflow/dags/data/models/Tuvalu/deaths_TS_model.pkl
[2024-08-17T12:31:01.837+0000] {processor.py:183} INFO - Processing /opt/airflow/dags/data/models/Tuvalu/deaths_TS_model.pkl took 0.024 seconds
[2024-08-17T12:31:34.873+0000] {processor.py:161} INFO - Started process (PID=40632) to work on /opt/airflow/dags/data/models/Tuvalu/deaths_TS_model.pkl
[2024-08-17T12:31:34.874+0000] {processor.py:830} INFO - Processing file /opt/airflow/dags/data/models/Tuvalu/deaths_TS_model.pkl for tasks to queue
[2024-08-17T12:31:34.874+0000] {logging_mixin.py:188} INFO - [2024-08-17T12:31:34.874+0000] {dagbag.py:545} INFO - Filling up the DagBag from /opt/airflow/dags/data/models/Tuvalu/deaths_TS_model.pkl
[2024-08-17T12:31:34.882+0000] {processor.py:842} WARNING - No viable dags retrieved from /opt/airflow/dags/data/models/Tuvalu/deaths_TS_model.pkl
[2024-08-17T12:31:34.892+0000] {processor.py:183} INFO - Processing /opt/airflow/dags/data/models/Tuvalu/deaths_TS_model.pkl took 0.024 seconds
[2024-08-17T12:32:09.917+0000] {processor.py:161} INFO - Started process (PID=41337) to work on /opt/airflow/dags/data/models/Tuvalu/deaths_TS_model.pkl
[2024-08-17T12:32:09.918+0000] {processor.py:830} INFO - Processing file /opt/airflow/dags/data/models/Tuvalu/deaths_TS_model.pkl for tasks to queue
[2024-08-17T12:32:09.919+0000] {logging_mixin.py:188} INFO - [2024-08-17T12:32:09.919+0000] {dagbag.py:545} INFO - Filling up the DagBag from /opt/airflow/dags/data/models/Tuvalu/deaths_TS_model.pkl
[2024-08-17T12:32:09.926+0000] {processor.py:842} WARNING - No viable dags retrieved from /opt/airflow/dags/data/models/Tuvalu/deaths_TS_model.pkl
[2024-08-17T12:32:09.937+0000] {processor.py:183} INFO - Processing /opt/airflow/dags/data/models/Tuvalu/deaths_TS_model.pkl took 0.023 seconds
[2024-08-17T12:32:41.595+0000] {processor.py:161} INFO - Started process (PID=42061) to work on /opt/airflow/dags/data/models/Tuvalu/deaths_TS_model.pkl
[2024-08-17T12:32:41.595+0000] {processor.py:830} INFO - Processing file /opt/airflow/dags/data/models/Tuvalu/deaths_TS_model.pkl for tasks to queue
[2024-08-17T12:32:41.596+0000] {logging_mixin.py:188} INFO - [2024-08-17T12:32:41.596+0000] {dagbag.py:545} INFO - Filling up the DagBag from /opt/airflow/dags/data/models/Tuvalu/deaths_TS_model.pkl
[2024-08-17T12:32:41.606+0000] {processor.py:842} WARNING - No viable dags retrieved from /opt/airflow/dags/data/models/Tuvalu/deaths_TS_model.pkl
[2024-08-17T12:32:41.615+0000] {processor.py:183} INFO - Processing /opt/airflow/dags/data/models/Tuvalu/deaths_TS_model.pkl took 0.024 seconds
[2024-08-17T12:33:20.342+0000] {processor.py:161} INFO - Started process (PID=42815) to work on /opt/airflow/dags/data/models/Tuvalu/deaths_TS_model.pkl
[2024-08-17T12:33:20.343+0000] {processor.py:830} INFO - Processing file /opt/airflow/dags/data/models/Tuvalu/deaths_TS_model.pkl for tasks to queue
[2024-08-17T12:33:20.343+0000] {logging_mixin.py:188} INFO - [2024-08-17T12:33:20.343+0000] {dagbag.py:545} INFO - Filling up the DagBag from /opt/airflow/dags/data/models/Tuvalu/deaths_TS_model.pkl
[2024-08-17T12:33:20.352+0000] {processor.py:842} WARNING - No viable dags retrieved from /opt/airflow/dags/data/models/Tuvalu/deaths_TS_model.pkl
[2024-08-17T12:33:20.362+0000] {processor.py:183} INFO - Processing /opt/airflow/dags/data/models/Tuvalu/deaths_TS_model.pkl took 0.023 seconds
[2024-08-17T12:33:52.101+0000] {processor.py:161} INFO - Started process (PID=43447) to work on /opt/airflow/dags/data/models/Tuvalu/deaths_TS_model.pkl
[2024-08-17T12:33:52.102+0000] {processor.py:830} INFO - Processing file /opt/airflow/dags/data/models/Tuvalu/deaths_TS_model.pkl for tasks to queue
[2024-08-17T12:33:52.102+0000] {logging_mixin.py:188} INFO - [2024-08-17T12:33:52.102+0000] {dagbag.py:545} INFO - Filling up the DagBag from /opt/airflow/dags/data/models/Tuvalu/deaths_TS_model.pkl
[2024-08-17T12:33:52.126+0000] {processor.py:842} WARNING - No viable dags retrieved from /opt/airflow/dags/data/models/Tuvalu/deaths_TS_model.pkl
[2024-08-17T12:33:52.135+0000] {processor.py:183} INFO - Processing /opt/airflow/dags/data/models/Tuvalu/deaths_TS_model.pkl took 0.037 seconds
[2024-08-17T12:34:24.993+0000] {processor.py:161} INFO - Started process (PID=44171) to work on /opt/airflow/dags/data/models/Tuvalu/deaths_TS_model.pkl
[2024-08-17T12:34:24.994+0000] {processor.py:830} INFO - Processing file /opt/airflow/dags/data/models/Tuvalu/deaths_TS_model.pkl for tasks to queue
[2024-08-17T12:34:24.995+0000] {logging_mixin.py:188} INFO - [2024-08-17T12:34:24.995+0000] {dagbag.py:545} INFO - Filling up the DagBag from /opt/airflow/dags/data/models/Tuvalu/deaths_TS_model.pkl
[2024-08-17T12:34:25.003+0000] {processor.py:842} WARNING - No viable dags retrieved from /opt/airflow/dags/data/models/Tuvalu/deaths_TS_model.pkl
[2024-08-17T12:34:25.013+0000] {processor.py:183} INFO - Processing /opt/airflow/dags/data/models/Tuvalu/deaths_TS_model.pkl took 0.023 seconds
[2024-08-17T12:34:56.930+0000] {processor.py:161} INFO - Started process (PID=44874) to work on /opt/airflow/dags/data/models/Tuvalu/deaths_TS_model.pkl
[2024-08-17T12:34:56.937+0000] {processor.py:830} INFO - Processing file /opt/airflow/dags/data/models/Tuvalu/deaths_TS_model.pkl for tasks to queue
[2024-08-17T12:34:56.937+0000] {logging_mixin.py:188} INFO - [2024-08-17T12:34:56.937+0000] {dagbag.py:545} INFO - Filling up the DagBag from /opt/airflow/dags/data/models/Tuvalu/deaths_TS_model.pkl
[2024-08-17T12:34:56.949+0000] {processor.py:842} WARNING - No viable dags retrieved from /opt/airflow/dags/data/models/Tuvalu/deaths_TS_model.pkl
[2024-08-17T12:34:56.958+0000] {processor.py:183} INFO - Processing /opt/airflow/dags/data/models/Tuvalu/deaths_TS_model.pkl took 0.032 seconds
[2024-08-17T12:35:28.810+0000] {processor.py:161} INFO - Started process (PID=45580) to work on /opt/airflow/dags/data/models/Tuvalu/deaths_TS_model.pkl
[2024-08-17T12:35:28.810+0000] {processor.py:830} INFO - Processing file /opt/airflow/dags/data/models/Tuvalu/deaths_TS_model.pkl for tasks to queue
[2024-08-17T12:35:28.811+0000] {logging_mixin.py:188} INFO - [2024-08-17T12:35:28.810+0000] {dagbag.py:545} INFO - Filling up the DagBag from /opt/airflow/dags/data/models/Tuvalu/deaths_TS_model.pkl
[2024-08-17T12:35:28.820+0000] {processor.py:842} WARNING - No viable dags retrieved from /opt/airflow/dags/data/models/Tuvalu/deaths_TS_model.pkl
[2024-08-17T12:35:28.829+0000] {processor.py:183} INFO - Processing /opt/airflow/dags/data/models/Tuvalu/deaths_TS_model.pkl took 0.023 seconds
[2024-08-17T12:36:01.868+0000] {processor.py:161} INFO - Started process (PID=46323) to work on /opt/airflow/dags/data/models/Tuvalu/deaths_TS_model.pkl
[2024-08-17T12:36:01.868+0000] {processor.py:830} INFO - Processing file /opt/airflow/dags/data/models/Tuvalu/deaths_TS_model.pkl for tasks to queue
[2024-08-17T12:36:01.869+0000] {logging_mixin.py:188} INFO - [2024-08-17T12:36:01.869+0000] {dagbag.py:545} INFO - Filling up the DagBag from /opt/airflow/dags/data/models/Tuvalu/deaths_TS_model.pkl
[2024-08-17T12:36:01.879+0000] {processor.py:842} WARNING - No viable dags retrieved from /opt/airflow/dags/data/models/Tuvalu/deaths_TS_model.pkl
[2024-08-17T12:36:01.888+0000] {processor.py:183} INFO - Processing /opt/airflow/dags/data/models/Tuvalu/deaths_TS_model.pkl took 0.024 seconds
[2024-08-17T12:36:33.834+0000] {processor.py:161} INFO - Started process (PID=47067) to work on /opt/airflow/dags/data/models/Tuvalu/deaths_TS_model.pkl
[2024-08-17T12:36:33.834+0000] {processor.py:830} INFO - Processing file /opt/airflow/dags/data/models/Tuvalu/deaths_TS_model.pkl for tasks to queue
[2024-08-17T12:36:33.835+0000] {logging_mixin.py:188} INFO - [2024-08-17T12:36:33.835+0000] {dagbag.py:545} INFO - Filling up the DagBag from /opt/airflow/dags/data/models/Tuvalu/deaths_TS_model.pkl
[2024-08-17T12:36:33.843+0000] {processor.py:842} WARNING - No viable dags retrieved from /opt/airflow/dags/data/models/Tuvalu/deaths_TS_model.pkl
[2024-08-17T12:36:33.852+0000] {processor.py:183} INFO - Processing /opt/airflow/dags/data/models/Tuvalu/deaths_TS_model.pkl took 0.021 seconds
[2024-08-17T12:37:06.767+0000] {processor.py:161} INFO - Started process (PID=47774) to work on /opt/airflow/dags/data/models/Tuvalu/deaths_TS_model.pkl
[2024-08-17T12:37:06.768+0000] {processor.py:830} INFO - Processing file /opt/airflow/dags/data/models/Tuvalu/deaths_TS_model.pkl for tasks to queue
[2024-08-17T12:37:06.769+0000] {logging_mixin.py:188} INFO - [2024-08-17T12:37:06.768+0000] {dagbag.py:545} INFO - Filling up the DagBag from /opt/airflow/dags/data/models/Tuvalu/deaths_TS_model.pkl
[2024-08-17T12:37:06.785+0000] {processor.py:842} WARNING - No viable dags retrieved from /opt/airflow/dags/data/models/Tuvalu/deaths_TS_model.pkl
[2024-08-17T12:37:06.795+0000] {processor.py:183} INFO - Processing /opt/airflow/dags/data/models/Tuvalu/deaths_TS_model.pkl took 0.031 seconds
[2024-08-17T12:37:39.102+0000] {processor.py:161} INFO - Started process (PID=48507) to work on /opt/airflow/dags/data/models/Tuvalu/deaths_TS_model.pkl
[2024-08-17T12:37:39.103+0000] {processor.py:830} INFO - Processing file /opt/airflow/dags/data/models/Tuvalu/deaths_TS_model.pkl for tasks to queue
[2024-08-17T12:37:39.103+0000] {logging_mixin.py:188} INFO - [2024-08-17T12:37:39.103+0000] {dagbag.py:545} INFO - Filling up the DagBag from /opt/airflow/dags/data/models/Tuvalu/deaths_TS_model.pkl
[2024-08-17T12:37:39.111+0000] {processor.py:842} WARNING - No viable dags retrieved from /opt/airflow/dags/data/models/Tuvalu/deaths_TS_model.pkl
[2024-08-17T12:37:39.120+0000] {processor.py:183} INFO - Processing /opt/airflow/dags/data/models/Tuvalu/deaths_TS_model.pkl took 0.021 seconds
[2024-08-17T12:38:12.644+0000] {processor.py:161} INFO - Started process (PID=49143) to work on /opt/airflow/dags/data/models/Tuvalu/deaths_TS_model.pkl
[2024-08-17T12:38:12.644+0000] {processor.py:830} INFO - Processing file /opt/airflow/dags/data/models/Tuvalu/deaths_TS_model.pkl for tasks to queue
[2024-08-17T12:38:12.645+0000] {logging_mixin.py:188} INFO - [2024-08-17T12:38:12.644+0000] {dagbag.py:545} INFO - Filling up the DagBag from /opt/airflow/dags/data/models/Tuvalu/deaths_TS_model.pkl
[2024-08-17T12:38:12.652+0000] {processor.py:842} WARNING - No viable dags retrieved from /opt/airflow/dags/data/models/Tuvalu/deaths_TS_model.pkl
[2024-08-17T12:38:12.662+0000] {processor.py:183} INFO - Processing /opt/airflow/dags/data/models/Tuvalu/deaths_TS_model.pkl took 0.022 seconds
[2024-08-17T12:38:45.515+0000] {processor.py:161} INFO - Started process (PID=49836) to work on /opt/airflow/dags/data/models/Tuvalu/deaths_TS_model.pkl
[2024-08-17T12:38:45.516+0000] {processor.py:830} INFO - Processing file /opt/airflow/dags/data/models/Tuvalu/deaths_TS_model.pkl for tasks to queue
[2024-08-17T12:38:45.516+0000] {logging_mixin.py:188} INFO - [2024-08-17T12:38:45.516+0000] {dagbag.py:545} INFO - Filling up the DagBag from /opt/airflow/dags/data/models/Tuvalu/deaths_TS_model.pkl
[2024-08-17T12:38:45.566+0000] {processor.py:842} WARNING - No viable dags retrieved from /opt/airflow/dags/data/models/Tuvalu/deaths_TS_model.pkl
[2024-08-17T12:38:45.576+0000] {processor.py:183} INFO - Processing /opt/airflow/dags/data/models/Tuvalu/deaths_TS_model.pkl took 0.065 seconds
[2024-08-17T12:39:18.713+0000] {processor.py:161} INFO - Started process (PID=50579) to work on /opt/airflow/dags/data/models/Tuvalu/deaths_TS_model.pkl
[2024-08-17T12:39:18.714+0000] {processor.py:830} INFO - Processing file /opt/airflow/dags/data/models/Tuvalu/deaths_TS_model.pkl for tasks to queue
[2024-08-17T12:39:18.714+0000] {logging_mixin.py:188} INFO - [2024-08-17T12:39:18.714+0000] {dagbag.py:545} INFO - Filling up the DagBag from /opt/airflow/dags/data/models/Tuvalu/deaths_TS_model.pkl
[2024-08-17T12:39:18.722+0000] {processor.py:842} WARNING - No viable dags retrieved from /opt/airflow/dags/data/models/Tuvalu/deaths_TS_model.pkl
[2024-08-17T12:39:18.731+0000] {processor.py:183} INFO - Processing /opt/airflow/dags/data/models/Tuvalu/deaths_TS_model.pkl took 0.022 seconds
[2024-08-17T12:39:51.362+0000] {processor.py:161} INFO - Started process (PID=51296) to work on /opt/airflow/dags/data/models/Tuvalu/deaths_TS_model.pkl
[2024-08-17T12:39:51.362+0000] {processor.py:830} INFO - Processing file /opt/airflow/dags/data/models/Tuvalu/deaths_TS_model.pkl for tasks to queue
[2024-08-17T12:39:51.363+0000] {logging_mixin.py:188} INFO - [2024-08-17T12:39:51.363+0000] {dagbag.py:545} INFO - Filling up the DagBag from /opt/airflow/dags/data/models/Tuvalu/deaths_TS_model.pkl
[2024-08-17T12:39:51.370+0000] {processor.py:842} WARNING - No viable dags retrieved from /opt/airflow/dags/data/models/Tuvalu/deaths_TS_model.pkl
[2024-08-17T12:39:51.380+0000] {processor.py:183} INFO - Processing /opt/airflow/dags/data/models/Tuvalu/deaths_TS_model.pkl took 0.022 seconds
[2024-08-17T12:40:23.412+0000] {processor.py:161} INFO - Started process (PID=52039) to work on /opt/airflow/dags/data/models/Tuvalu/deaths_TS_model.pkl
[2024-08-17T12:40:23.413+0000] {processor.py:830} INFO - Processing file /opt/airflow/dags/data/models/Tuvalu/deaths_TS_model.pkl for tasks to queue
[2024-08-17T12:40:23.414+0000] {logging_mixin.py:188} INFO - [2024-08-17T12:40:23.413+0000] {dagbag.py:545} INFO - Filling up the DagBag from /opt/airflow/dags/data/models/Tuvalu/deaths_TS_model.pkl
[2024-08-17T12:40:23.422+0000] {processor.py:842} WARNING - No viable dags retrieved from /opt/airflow/dags/data/models/Tuvalu/deaths_TS_model.pkl
[2024-08-17T12:40:23.432+0000] {processor.py:183} INFO - Processing /opt/airflow/dags/data/models/Tuvalu/deaths_TS_model.pkl took 0.023 seconds
[2024-08-17T12:40:55.414+0000] {processor.py:161} INFO - Started process (PID=52774) to work on /opt/airflow/dags/data/models/Tuvalu/deaths_TS_model.pkl
[2024-08-17T12:40:55.415+0000] {processor.py:830} INFO - Processing file /opt/airflow/dags/data/models/Tuvalu/deaths_TS_model.pkl for tasks to queue
[2024-08-17T12:40:55.416+0000] {logging_mixin.py:188} INFO - [2024-08-17T12:40:55.416+0000] {dagbag.py:545} INFO - Filling up the DagBag from /opt/airflow/dags/data/models/Tuvalu/deaths_TS_model.pkl
[2024-08-17T12:40:55.424+0000] {processor.py:842} WARNING - No viable dags retrieved from /opt/airflow/dags/data/models/Tuvalu/deaths_TS_model.pkl
[2024-08-17T12:40:55.433+0000] {processor.py:183} INFO - Processing /opt/airflow/dags/data/models/Tuvalu/deaths_TS_model.pkl took 0.023 seconds
[2024-08-17T12:41:28.339+0000] {processor.py:161} INFO - Started process (PID=53508) to work on /opt/airflow/dags/data/models/Tuvalu/deaths_TS_model.pkl
[2024-08-17T12:41:28.339+0000] {processor.py:830} INFO - Processing file /opt/airflow/dags/data/models/Tuvalu/deaths_TS_model.pkl for tasks to queue
[2024-08-17T12:41:28.340+0000] {logging_mixin.py:188} INFO - [2024-08-17T12:41:28.340+0000] {dagbag.py:545} INFO - Filling up the DagBag from /opt/airflow/dags/data/models/Tuvalu/deaths_TS_model.pkl
[2024-08-17T12:41:28.354+0000] {processor.py:842} WARNING - No viable dags retrieved from /opt/airflow/dags/data/models/Tuvalu/deaths_TS_model.pkl
[2024-08-17T12:41:28.364+0000] {processor.py:183} INFO - Processing /opt/airflow/dags/data/models/Tuvalu/deaths_TS_model.pkl took 0.029 seconds
