[2024-08-17T03:08:58.758+0000] {processor.py:161} INFO - Started process (PID=96079) to work on /opt/airflow/dags/data/models/Tuvalu/TS_model.pkl
[2024-08-17T03:08:58.759+0000] {processor.py:830} INFO - Processing file /opt/airflow/dags/data/models/Tuvalu/TS_model.pkl for tasks to queue
[2024-08-17T03:08:58.760+0000] {logging_mixin.py:188} INFO - [2024-08-17T03:08:58.760+0000] {dagbag.py:545} INFO - Filling up the DagBag from /opt/airflow/dags/data/models/Tuvalu/TS_model.pkl
[2024-08-17T03:08:58.772+0000] {processor.py:842} WARNING - No viable dags retrieved from /opt/airflow/dags/data/models/Tuvalu/TS_model.pkl
[2024-08-17T03:08:58.783+0000] {processor.py:183} INFO - Processing /opt/airflow/dags/data/models/Tuvalu/TS_model.pkl took 0.029 seconds
[2024-08-17T03:09:29.433+0000] {processor.py:161} INFO - Started process (PID=96515) to work on /opt/airflow/dags/data/models/Tuvalu/TS_model.pkl
[2024-08-17T03:09:29.434+0000] {processor.py:830} INFO - Processing file /opt/airflow/dags/data/models/Tuvalu/TS_model.pkl for tasks to queue
[2024-08-17T03:09:29.434+0000] {logging_mixin.py:188} INFO - [2024-08-17T03:09:29.434+0000] {dagbag.py:545} INFO - Filling up the DagBag from /opt/airflow/dags/data/models/Tuvalu/TS_model.pkl
[2024-08-17T03:09:29.442+0000] {processor.py:842} WARNING - No viable dags retrieved from /opt/airflow/dags/data/models/Tuvalu/TS_model.pkl
[2024-08-17T03:09:29.452+0000] {processor.py:183} INFO - Processing /opt/airflow/dags/data/models/Tuvalu/TS_model.pkl took 0.023 seconds
[2024-08-17T03:09:59.783+0000] {processor.py:161} INFO - Started process (PID=96926) to work on /opt/airflow/dags/data/models/Tuvalu/TS_model.pkl
[2024-08-17T03:09:59.784+0000] {processor.py:830} INFO - Processing file /opt/airflow/dags/data/models/Tuvalu/TS_model.pkl for tasks to queue
[2024-08-17T03:09:59.784+0000] {logging_mixin.py:188} INFO - [2024-08-17T03:09:59.784+0000] {dagbag.py:545} INFO - Filling up the DagBag from /opt/airflow/dags/data/models/Tuvalu/TS_model.pkl
[2024-08-17T03:09:59.796+0000] {processor.py:842} WARNING - No viable dags retrieved from /opt/airflow/dags/data/models/Tuvalu/TS_model.pkl
[2024-08-17T03:09:59.805+0000] {processor.py:183} INFO - Processing /opt/airflow/dags/data/models/Tuvalu/TS_model.pkl took 0.026 seconds
[2024-08-17T03:10:30.982+0000] {processor.py:161} INFO - Started process (PID=97371) to work on /opt/airflow/dags/data/models/Tuvalu/TS_model.pkl
[2024-08-17T03:10:30.983+0000] {processor.py:830} INFO - Processing file /opt/airflow/dags/data/models/Tuvalu/TS_model.pkl for tasks to queue
[2024-08-17T03:10:30.984+0000] {logging_mixin.py:188} INFO - [2024-08-17T03:10:30.984+0000] {dagbag.py:545} INFO - Filling up the DagBag from /opt/airflow/dags/data/models/Tuvalu/TS_model.pkl
[2024-08-17T03:10:30.994+0000] {processor.py:842} WARNING - No viable dags retrieved from /opt/airflow/dags/data/models/Tuvalu/TS_model.pkl
[2024-08-17T03:10:31.003+0000] {processor.py:183} INFO - Processing /opt/airflow/dags/data/models/Tuvalu/TS_model.pkl took 0.025 seconds
[2024-08-17T03:11:01.934+0000] {processor.py:161} INFO - Started process (PID=97798) to work on /opt/airflow/dags/data/models/Tuvalu/TS_model.pkl
[2024-08-17T03:11:01.935+0000] {processor.py:830} INFO - Processing file /opt/airflow/dags/data/models/Tuvalu/TS_model.pkl for tasks to queue
[2024-08-17T03:11:01.936+0000] {logging_mixin.py:188} INFO - [2024-08-17T03:11:01.936+0000] {dagbag.py:545} INFO - Filling up the DagBag from /opt/airflow/dags/data/models/Tuvalu/TS_model.pkl
[2024-08-17T03:11:01.948+0000] {processor.py:842} WARNING - No viable dags retrieved from /opt/airflow/dags/data/models/Tuvalu/TS_model.pkl
[2024-08-17T03:11:01.958+0000] {processor.py:183} INFO - Processing /opt/airflow/dags/data/models/Tuvalu/TS_model.pkl took 0.028 seconds
[2024-08-17T03:11:32.389+0000] {processor.py:161} INFO - Started process (PID=98216) to work on /opt/airflow/dags/data/models/Tuvalu/TS_model.pkl
[2024-08-17T03:11:32.390+0000] {processor.py:830} INFO - Processing file /opt/airflow/dags/data/models/Tuvalu/TS_model.pkl for tasks to queue
[2024-08-17T03:11:32.390+0000] {logging_mixin.py:188} INFO - [2024-08-17T03:11:32.390+0000] {dagbag.py:545} INFO - Filling up the DagBag from /opt/airflow/dags/data/models/Tuvalu/TS_model.pkl
[2024-08-17T03:11:32.398+0000] {processor.py:842} WARNING - No viable dags retrieved from /opt/airflow/dags/data/models/Tuvalu/TS_model.pkl
[2024-08-17T03:11:32.408+0000] {processor.py:183} INFO - Processing /opt/airflow/dags/data/models/Tuvalu/TS_model.pkl took 0.026 seconds
[2024-08-17T03:12:03.360+0000] {processor.py:161} INFO - Started process (PID=98662) to work on /opt/airflow/dags/data/models/Tuvalu/TS_model.pkl
[2024-08-17T03:12:03.361+0000] {processor.py:830} INFO - Processing file /opt/airflow/dags/data/models/Tuvalu/TS_model.pkl for tasks to queue
[2024-08-17T03:12:03.362+0000] {logging_mixin.py:188} INFO - [2024-08-17T03:12:03.361+0000] {dagbag.py:545} INFO - Filling up the DagBag from /opt/airflow/dags/data/models/Tuvalu/TS_model.pkl
[2024-08-17T03:12:03.371+0000] {processor.py:842} WARNING - No viable dags retrieved from /opt/airflow/dags/data/models/Tuvalu/TS_model.pkl
[2024-08-17T03:12:03.381+0000] {processor.py:183} INFO - Processing /opt/airflow/dags/data/models/Tuvalu/TS_model.pkl took 0.024 seconds
[2024-08-17T03:12:34.195+0000] {processor.py:161} INFO - Started process (PID=99080) to work on /opt/airflow/dags/data/models/Tuvalu/TS_model.pkl
[2024-08-17T03:12:34.196+0000] {processor.py:830} INFO - Processing file /opt/airflow/dags/data/models/Tuvalu/TS_model.pkl for tasks to queue
[2024-08-17T03:12:34.196+0000] {logging_mixin.py:188} INFO - [2024-08-17T03:12:34.196+0000] {dagbag.py:545} INFO - Filling up the DagBag from /opt/airflow/dags/data/models/Tuvalu/TS_model.pkl
[2024-08-17T03:12:34.209+0000] {processor.py:842} WARNING - No viable dags retrieved from /opt/airflow/dags/data/models/Tuvalu/TS_model.pkl
[2024-08-17T03:12:34.220+0000] {processor.py:183} INFO - Processing /opt/airflow/dags/data/models/Tuvalu/TS_model.pkl took 0.029 seconds
[2024-08-17T03:13:04.809+0000] {processor.py:161} INFO - Started process (PID=99523) to work on /opt/airflow/dags/data/models/Tuvalu/TS_model.pkl
[2024-08-17T03:13:04.809+0000] {processor.py:830} INFO - Processing file /opt/airflow/dags/data/models/Tuvalu/TS_model.pkl for tasks to queue
[2024-08-17T03:13:04.810+0000] {logging_mixin.py:188} INFO - [2024-08-17T03:13:04.810+0000] {dagbag.py:545} INFO - Filling up the DagBag from /opt/airflow/dags/data/models/Tuvalu/TS_model.pkl
[2024-08-17T03:13:04.821+0000] {processor.py:842} WARNING - No viable dags retrieved from /opt/airflow/dags/data/models/Tuvalu/TS_model.pkl
[2024-08-17T03:13:04.832+0000] {processor.py:183} INFO - Processing /opt/airflow/dags/data/models/Tuvalu/TS_model.pkl took 0.027 seconds
[2024-08-17T03:13:36.198+0000] {processor.py:161} INFO - Started process (PID=99949) to work on /opt/airflow/dags/data/models/Tuvalu/TS_model.pkl
[2024-08-17T03:13:36.199+0000] {processor.py:830} INFO - Processing file /opt/airflow/dags/data/models/Tuvalu/TS_model.pkl for tasks to queue
[2024-08-17T03:13:36.199+0000] {logging_mixin.py:188} INFO - [2024-08-17T03:13:36.199+0000] {dagbag.py:545} INFO - Filling up the DagBag from /opt/airflow/dags/data/models/Tuvalu/TS_model.pkl
[2024-08-17T03:13:36.210+0000] {processor.py:842} WARNING - No viable dags retrieved from /opt/airflow/dags/data/models/Tuvalu/TS_model.pkl
[2024-08-17T03:13:36.221+0000] {processor.py:183} INFO - Processing /opt/airflow/dags/data/models/Tuvalu/TS_model.pkl took 0.027 seconds
[2024-08-17T03:14:06.842+0000] {processor.py:161} INFO - Started process (PID=677) to work on /opt/airflow/dags/data/models/Tuvalu/TS_model.pkl
[2024-08-17T03:14:06.843+0000] {processor.py:830} INFO - Processing file /opt/airflow/dags/data/models/Tuvalu/TS_model.pkl for tasks to queue
[2024-08-17T03:14:06.844+0000] {logging_mixin.py:188} INFO - [2024-08-17T03:14:06.844+0000] {dagbag.py:545} INFO - Filling up the DagBag from /opt/airflow/dags/data/models/Tuvalu/TS_model.pkl
[2024-08-17T03:14:06.852+0000] {processor.py:842} WARNING - No viable dags retrieved from /opt/airflow/dags/data/models/Tuvalu/TS_model.pkl
[2024-08-17T03:14:06.862+0000] {processor.py:183} INFO - Processing /opt/airflow/dags/data/models/Tuvalu/TS_model.pkl took 0.024 seconds
[2024-08-17T03:14:37.634+0000] {processor.py:161} INFO - Started process (PID=1131) to work on /opt/airflow/dags/data/models/Tuvalu/TS_model.pkl
[2024-08-17T03:14:37.634+0000] {processor.py:830} INFO - Processing file /opt/airflow/dags/data/models/Tuvalu/TS_model.pkl for tasks to queue
[2024-08-17T03:14:37.635+0000] {logging_mixin.py:188} INFO - [2024-08-17T03:14:37.635+0000] {dagbag.py:545} INFO - Filling up the DagBag from /opt/airflow/dags/data/models/Tuvalu/TS_model.pkl
[2024-08-17T03:14:37.645+0000] {processor.py:842} WARNING - No viable dags retrieved from /opt/airflow/dags/data/models/Tuvalu/TS_model.pkl
[2024-08-17T03:14:37.654+0000] {processor.py:183} INFO - Processing /opt/airflow/dags/data/models/Tuvalu/TS_model.pkl took 0.024 seconds
[2024-08-17T03:15:08.474+0000] {processor.py:161} INFO - Started process (PID=1527) to work on /opt/airflow/dags/data/models/Tuvalu/TS_model.pkl
[2024-08-17T03:15:08.474+0000] {processor.py:830} INFO - Processing file /opt/airflow/dags/data/models/Tuvalu/TS_model.pkl for tasks to queue
[2024-08-17T03:15:08.475+0000] {logging_mixin.py:188} INFO - [2024-08-17T03:15:08.475+0000] {dagbag.py:545} INFO - Filling up the DagBag from /opt/airflow/dags/data/models/Tuvalu/TS_model.pkl
[2024-08-17T03:15:08.483+0000] {processor.py:842} WARNING - No viable dags retrieved from /opt/airflow/dags/data/models/Tuvalu/TS_model.pkl
[2024-08-17T03:15:08.492+0000] {processor.py:183} INFO - Processing /opt/airflow/dags/data/models/Tuvalu/TS_model.pkl took 0.023 seconds
[2024-08-17T03:15:39.726+0000] {processor.py:161} INFO - Started process (PID=1962) to work on /opt/airflow/dags/data/models/Tuvalu/TS_model.pkl
[2024-08-17T03:15:39.727+0000] {processor.py:830} INFO - Processing file /opt/airflow/dags/data/models/Tuvalu/TS_model.pkl for tasks to queue
[2024-08-17T03:15:39.727+0000] {logging_mixin.py:188} INFO - [2024-08-17T03:15:39.727+0000] {dagbag.py:545} INFO - Filling up the DagBag from /opt/airflow/dags/data/models/Tuvalu/TS_model.pkl
[2024-08-17T03:15:39.735+0000] {processor.py:842} WARNING - No viable dags retrieved from /opt/airflow/dags/data/models/Tuvalu/TS_model.pkl
[2024-08-17T03:15:39.744+0000] {processor.py:183} INFO - Processing /opt/airflow/dags/data/models/Tuvalu/TS_model.pkl took 0.022 seconds
[2024-08-17T03:16:10.496+0000] {processor.py:161} INFO - Started process (PID=2374) to work on /opt/airflow/dags/data/models/Tuvalu/TS_model.pkl
[2024-08-17T03:16:10.497+0000] {processor.py:830} INFO - Processing file /opt/airflow/dags/data/models/Tuvalu/TS_model.pkl for tasks to queue
[2024-08-17T03:16:10.498+0000] {logging_mixin.py:188} INFO - [2024-08-17T03:16:10.498+0000] {dagbag.py:545} INFO - Filling up the DagBag from /opt/airflow/dags/data/models/Tuvalu/TS_model.pkl
[2024-08-17T03:16:10.508+0000] {processor.py:842} WARNING - No viable dags retrieved from /opt/airflow/dags/data/models/Tuvalu/TS_model.pkl
[2024-08-17T03:16:10.517+0000] {processor.py:183} INFO - Processing /opt/airflow/dags/data/models/Tuvalu/TS_model.pkl took 0.025 seconds
[2024-08-17T03:16:41.461+0000] {processor.py:161} INFO - Started process (PID=2821) to work on /opt/airflow/dags/data/models/Tuvalu/TS_model.pkl
[2024-08-17T03:16:41.461+0000] {processor.py:830} INFO - Processing file /opt/airflow/dags/data/models/Tuvalu/TS_model.pkl for tasks to queue
[2024-08-17T03:16:41.462+0000] {logging_mixin.py:188} INFO - [2024-08-17T03:16:41.462+0000] {dagbag.py:545} INFO - Filling up the DagBag from /opt/airflow/dags/data/models/Tuvalu/TS_model.pkl
[2024-08-17T03:16:41.473+0000] {processor.py:842} WARNING - No viable dags retrieved from /opt/airflow/dags/data/models/Tuvalu/TS_model.pkl
[2024-08-17T03:16:41.482+0000] {processor.py:183} INFO - Processing /opt/airflow/dags/data/models/Tuvalu/TS_model.pkl took 0.025 seconds
[2024-08-17T03:17:12.290+0000] {processor.py:161} INFO - Started process (PID=3275) to work on /opt/airflow/dags/data/models/Tuvalu/TS_model.pkl
[2024-08-17T03:17:12.291+0000] {processor.py:830} INFO - Processing file /opt/airflow/dags/data/models/Tuvalu/TS_model.pkl for tasks to queue
[2024-08-17T03:17:12.291+0000] {logging_mixin.py:188} INFO - [2024-08-17T03:17:12.291+0000] {dagbag.py:545} INFO - Filling up the DagBag from /opt/airflow/dags/data/models/Tuvalu/TS_model.pkl
[2024-08-17T03:17:12.300+0000] {processor.py:842} WARNING - No viable dags retrieved from /opt/airflow/dags/data/models/Tuvalu/TS_model.pkl
[2024-08-17T03:17:12.310+0000] {processor.py:183} INFO - Processing /opt/airflow/dags/data/models/Tuvalu/TS_model.pkl took 0.023 seconds
[2024-08-17T03:17:42.889+0000] {processor.py:161} INFO - Started process (PID=3703) to work on /opt/airflow/dags/data/models/Tuvalu/TS_model.pkl
[2024-08-17T03:17:42.889+0000] {processor.py:830} INFO - Processing file /opt/airflow/dags/data/models/Tuvalu/TS_model.pkl for tasks to queue
[2024-08-17T03:17:42.890+0000] {logging_mixin.py:188} INFO - [2024-08-17T03:17:42.890+0000] {dagbag.py:545} INFO - Filling up the DagBag from /opt/airflow/dags/data/models/Tuvalu/TS_model.pkl
[2024-08-17T03:17:42.900+0000] {processor.py:842} WARNING - No viable dags retrieved from /opt/airflow/dags/data/models/Tuvalu/TS_model.pkl
[2024-08-17T03:17:42.909+0000] {processor.py:183} INFO - Processing /opt/airflow/dags/data/models/Tuvalu/TS_model.pkl took 0.025 seconds
[2024-08-17T03:18:13.586+0000] {processor.py:161} INFO - Started process (PID=4157) to work on /opt/airflow/dags/data/models/Tuvalu/TS_model.pkl
[2024-08-17T03:18:13.587+0000] {processor.py:830} INFO - Processing file /opt/airflow/dags/data/models/Tuvalu/TS_model.pkl for tasks to queue
[2024-08-17T03:18:13.588+0000] {logging_mixin.py:188} INFO - [2024-08-17T03:18:13.588+0000] {dagbag.py:545} INFO - Filling up the DagBag from /opt/airflow/dags/data/models/Tuvalu/TS_model.pkl
[2024-08-17T03:18:13.598+0000] {processor.py:842} WARNING - No viable dags retrieved from /opt/airflow/dags/data/models/Tuvalu/TS_model.pkl
[2024-08-17T03:18:13.607+0000] {processor.py:183} INFO - Processing /opt/airflow/dags/data/models/Tuvalu/TS_model.pkl took 0.025 seconds
[2024-08-17T03:18:44.255+0000] {processor.py:161} INFO - Started process (PID=4591) to work on /opt/airflow/dags/data/models/Tuvalu/TS_model.pkl
[2024-08-17T03:18:44.255+0000] {processor.py:830} INFO - Processing file /opt/airflow/dags/data/models/Tuvalu/TS_model.pkl for tasks to queue
[2024-08-17T03:18:44.256+0000] {logging_mixin.py:188} INFO - [2024-08-17T03:18:44.256+0000] {dagbag.py:545} INFO - Filling up the DagBag from /opt/airflow/dags/data/models/Tuvalu/TS_model.pkl
[2024-08-17T03:18:44.265+0000] {processor.py:842} WARNING - No viable dags retrieved from /opt/airflow/dags/data/models/Tuvalu/TS_model.pkl
[2024-08-17T03:18:44.275+0000] {processor.py:183} INFO - Processing /opt/airflow/dags/data/models/Tuvalu/TS_model.pkl took 0.024 seconds
[2024-08-17T03:19:15.131+0000] {processor.py:161} INFO - Started process (PID=5038) to work on /opt/airflow/dags/data/models/Tuvalu/TS_model.pkl
[2024-08-17T03:19:15.131+0000] {processor.py:830} INFO - Processing file /opt/airflow/dags/data/models/Tuvalu/TS_model.pkl for tasks to queue
[2024-08-17T03:19:15.132+0000] {logging_mixin.py:188} INFO - [2024-08-17T03:19:15.132+0000] {dagbag.py:545} INFO - Filling up the DagBag from /opt/airflow/dags/data/models/Tuvalu/TS_model.pkl
[2024-08-17T03:19:15.141+0000] {processor.py:842} WARNING - No viable dags retrieved from /opt/airflow/dags/data/models/Tuvalu/TS_model.pkl
[2024-08-17T03:19:15.150+0000] {processor.py:183} INFO - Processing /opt/airflow/dags/data/models/Tuvalu/TS_model.pkl took 0.024 seconds
[2024-08-17T03:19:45.863+0000] {processor.py:161} INFO - Started process (PID=5492) to work on /opt/airflow/dags/data/models/Tuvalu/TS_model.pkl
[2024-08-17T03:19:45.864+0000] {processor.py:830} INFO - Processing file /opt/airflow/dags/data/models/Tuvalu/TS_model.pkl for tasks to queue
[2024-08-17T03:19:45.864+0000] {logging_mixin.py:188} INFO - [2024-08-17T03:19:45.864+0000] {dagbag.py:545} INFO - Filling up the DagBag from /opt/airflow/dags/data/models/Tuvalu/TS_model.pkl
[2024-08-17T03:19:45.871+0000] {processor.py:842} WARNING - No viable dags retrieved from /opt/airflow/dags/data/models/Tuvalu/TS_model.pkl
[2024-08-17T03:19:45.882+0000] {processor.py:183} INFO - Processing /opt/airflow/dags/data/models/Tuvalu/TS_model.pkl took 0.022 seconds
[2024-08-17T03:20:17.950+0000] {processor.py:161} INFO - Started process (PID=5920) to work on /opt/airflow/dags/data/models/Tuvalu/TS_model.pkl
[2024-08-17T03:20:17.951+0000] {processor.py:830} INFO - Processing file /opt/airflow/dags/data/models/Tuvalu/TS_model.pkl for tasks to queue
[2024-08-17T03:20:17.951+0000] {logging_mixin.py:188} INFO - [2024-08-17T03:20:17.951+0000] {dagbag.py:545} INFO - Filling up the DagBag from /opt/airflow/dags/data/models/Tuvalu/TS_model.pkl
[2024-08-17T03:20:17.959+0000] {processor.py:842} WARNING - No viable dags retrieved from /opt/airflow/dags/data/models/Tuvalu/TS_model.pkl
[2024-08-17T03:20:17.968+0000] {processor.py:183} INFO - Processing /opt/airflow/dags/data/models/Tuvalu/TS_model.pkl took 0.022 seconds
[2024-08-17T03:20:49.795+0000] {processor.py:161} INFO - Started process (PID=6354) to work on /opt/airflow/dags/data/models/Tuvalu/TS_model.pkl
[2024-08-17T03:20:49.796+0000] {processor.py:830} INFO - Processing file /opt/airflow/dags/data/models/Tuvalu/TS_model.pkl for tasks to queue
[2024-08-17T03:20:49.796+0000] {logging_mixin.py:188} INFO - [2024-08-17T03:20:49.796+0000] {dagbag.py:545} INFO - Filling up the DagBag from /opt/airflow/dags/data/models/Tuvalu/TS_model.pkl
[2024-08-17T03:20:49.807+0000] {processor.py:842} WARNING - No viable dags retrieved from /opt/airflow/dags/data/models/Tuvalu/TS_model.pkl
[2024-08-17T03:20:49.816+0000] {processor.py:183} INFO - Processing /opt/airflow/dags/data/models/Tuvalu/TS_model.pkl took 0.025 seconds
[2024-08-17T03:21:20.800+0000] {processor.py:161} INFO - Started process (PID=6806) to work on /opt/airflow/dags/data/models/Tuvalu/TS_model.pkl
[2024-08-17T03:21:20.801+0000] {processor.py:830} INFO - Processing file /opt/airflow/dags/data/models/Tuvalu/TS_model.pkl for tasks to queue
[2024-08-17T03:21:20.802+0000] {logging_mixin.py:188} INFO - [2024-08-17T03:21:20.802+0000] {dagbag.py:545} INFO - Filling up the DagBag from /opt/airflow/dags/data/models/Tuvalu/TS_model.pkl
[2024-08-17T03:21:20.809+0000] {processor.py:842} WARNING - No viable dags retrieved from /opt/airflow/dags/data/models/Tuvalu/TS_model.pkl
[2024-08-17T03:21:20.819+0000] {processor.py:183} INFO - Processing /opt/airflow/dags/data/models/Tuvalu/TS_model.pkl took 0.022 seconds
[2024-08-17T03:21:51.926+0000] {processor.py:161} INFO - Started process (PID=7234) to work on /opt/airflow/dags/data/models/Tuvalu/TS_model.pkl
[2024-08-17T03:21:51.926+0000] {processor.py:830} INFO - Processing file /opt/airflow/dags/data/models/Tuvalu/TS_model.pkl for tasks to queue
[2024-08-17T03:21:51.927+0000] {logging_mixin.py:188} INFO - [2024-08-17T03:21:51.927+0000] {dagbag.py:545} INFO - Filling up the DagBag from /opt/airflow/dags/data/models/Tuvalu/TS_model.pkl
[2024-08-17T03:21:51.936+0000] {processor.py:842} WARNING - No viable dags retrieved from /opt/airflow/dags/data/models/Tuvalu/TS_model.pkl
[2024-08-17T03:21:51.944+0000] {processor.py:183} INFO - Processing /opt/airflow/dags/data/models/Tuvalu/TS_model.pkl took 0.022 seconds
[2024-08-17T03:22:22.705+0000] {processor.py:161} INFO - Started process (PID=7687) to work on /opt/airflow/dags/data/models/Tuvalu/TS_model.pkl
[2024-08-17T03:22:22.706+0000] {processor.py:830} INFO - Processing file /opt/airflow/dags/data/models/Tuvalu/TS_model.pkl for tasks to queue
[2024-08-17T03:22:22.706+0000] {logging_mixin.py:188} INFO - [2024-08-17T03:22:22.706+0000] {dagbag.py:545} INFO - Filling up the DagBag from /opt/airflow/dags/data/models/Tuvalu/TS_model.pkl
[2024-08-17T03:22:22.716+0000] {processor.py:842} WARNING - No viable dags retrieved from /opt/airflow/dags/data/models/Tuvalu/TS_model.pkl
[2024-08-17T03:22:22.726+0000] {processor.py:183} INFO - Processing /opt/airflow/dags/data/models/Tuvalu/TS_model.pkl took 0.024 seconds
[2024-08-17T03:22:53.176+0000] {processor.py:161} INFO - Started process (PID=8102) to work on /opt/airflow/dags/data/models/Tuvalu/TS_model.pkl
[2024-08-17T03:22:53.177+0000] {processor.py:830} INFO - Processing file /opt/airflow/dags/data/models/Tuvalu/TS_model.pkl for tasks to queue
[2024-08-17T03:22:53.178+0000] {logging_mixin.py:188} INFO - [2024-08-17T03:22:53.178+0000] {dagbag.py:545} INFO - Filling up the DagBag from /opt/airflow/dags/data/models/Tuvalu/TS_model.pkl
[2024-08-17T03:22:53.187+0000] {processor.py:842} WARNING - No viable dags retrieved from /opt/airflow/dags/data/models/Tuvalu/TS_model.pkl
[2024-08-17T03:22:53.197+0000] {processor.py:183} INFO - Processing /opt/airflow/dags/data/models/Tuvalu/TS_model.pkl took 0.024 seconds
[2024-08-17T03:23:23.834+0000] {processor.py:161} INFO - Started process (PID=8548) to work on /opt/airflow/dags/data/models/Tuvalu/TS_model.pkl
[2024-08-17T03:23:23.835+0000] {processor.py:830} INFO - Processing file /opt/airflow/dags/data/models/Tuvalu/TS_model.pkl for tasks to queue
[2024-08-17T03:23:23.835+0000] {logging_mixin.py:188} INFO - [2024-08-17T03:23:23.835+0000] {dagbag.py:545} INFO - Filling up the DagBag from /opt/airflow/dags/data/models/Tuvalu/TS_model.pkl
[2024-08-17T03:23:23.841+0000] {processor.py:842} WARNING - No viable dags retrieved from /opt/airflow/dags/data/models/Tuvalu/TS_model.pkl
[2024-08-17T03:23:23.850+0000] {processor.py:183} INFO - Processing /opt/airflow/dags/data/models/Tuvalu/TS_model.pkl took 0.020 seconds
[2024-08-17T03:23:56.951+0000] {processor.py:161} INFO - Started process (PID=8964) to work on /opt/airflow/dags/data/models/Tuvalu/TS_model.pkl
[2024-08-17T03:23:56.951+0000] {processor.py:830} INFO - Processing file /opt/airflow/dags/data/models/Tuvalu/TS_model.pkl for tasks to queue
[2024-08-17T03:23:56.952+0000] {logging_mixin.py:188} INFO - [2024-08-17T03:23:56.952+0000] {dagbag.py:545} INFO - Filling up the DagBag from /opt/airflow/dags/data/models/Tuvalu/TS_model.pkl
[2024-08-17T03:23:56.961+0000] {processor.py:842} WARNING - No viable dags retrieved from /opt/airflow/dags/data/models/Tuvalu/TS_model.pkl
[2024-08-17T03:23:56.970+0000] {processor.py:183} INFO - Processing /opt/airflow/dags/data/models/Tuvalu/TS_model.pkl took 0.023 seconds
[2024-08-17T03:24:28.167+0000] {processor.py:161} INFO - Started process (PID=9418) to work on /opt/airflow/dags/data/models/Tuvalu/TS_model.pkl
[2024-08-17T03:24:28.168+0000] {processor.py:830} INFO - Processing file /opt/airflow/dags/data/models/Tuvalu/TS_model.pkl for tasks to queue
[2024-08-17T03:24:28.169+0000] {logging_mixin.py:188} INFO - [2024-08-17T03:24:28.168+0000] {dagbag.py:545} INFO - Filling up the DagBag from /opt/airflow/dags/data/models/Tuvalu/TS_model.pkl
[2024-08-17T03:24:28.195+0000] {processor.py:842} WARNING - No viable dags retrieved from /opt/airflow/dags/data/models/Tuvalu/TS_model.pkl
[2024-08-17T03:24:28.204+0000] {processor.py:183} INFO - Processing /opt/airflow/dags/data/models/Tuvalu/TS_model.pkl took 0.041 seconds
[2024-08-17T03:24:59.137+0000] {processor.py:161} INFO - Started process (PID=9846) to work on /opt/airflow/dags/data/models/Tuvalu/TS_model.pkl
[2024-08-17T03:24:59.138+0000] {processor.py:830} INFO - Processing file /opt/airflow/dags/data/models/Tuvalu/TS_model.pkl for tasks to queue
[2024-08-17T03:24:59.139+0000] {logging_mixin.py:188} INFO - [2024-08-17T03:24:59.138+0000] {dagbag.py:545} INFO - Filling up the DagBag from /opt/airflow/dags/data/models/Tuvalu/TS_model.pkl
[2024-08-17T03:24:59.146+0000] {processor.py:842} WARNING - No viable dags retrieved from /opt/airflow/dags/data/models/Tuvalu/TS_model.pkl
[2024-08-17T03:24:59.156+0000] {processor.py:183} INFO - Processing /opt/airflow/dags/data/models/Tuvalu/TS_model.pkl took 0.023 seconds
[2024-08-17T03:25:30.045+0000] {processor.py:161} INFO - Started process (PID=10299) to work on /opt/airflow/dags/data/models/Tuvalu/TS_model.pkl
[2024-08-17T03:25:30.045+0000] {processor.py:830} INFO - Processing file /opt/airflow/dags/data/models/Tuvalu/TS_model.pkl for tasks to queue
[2024-08-17T03:25:30.046+0000] {logging_mixin.py:188} INFO - [2024-08-17T03:25:30.046+0000] {dagbag.py:545} INFO - Filling up the DagBag from /opt/airflow/dags/data/models/Tuvalu/TS_model.pkl
[2024-08-17T03:25:30.058+0000] {processor.py:842} WARNING - No viable dags retrieved from /opt/airflow/dags/data/models/Tuvalu/TS_model.pkl
[2024-08-17T03:25:30.068+0000] {processor.py:183} INFO - Processing /opt/airflow/dags/data/models/Tuvalu/TS_model.pkl took 0.027 seconds
[2024-08-17T03:26:00.428+0000] {processor.py:161} INFO - Started process (PID=10722) to work on /opt/airflow/dags/data/models/Tuvalu/TS_model.pkl
[2024-08-17T03:26:00.428+0000] {processor.py:830} INFO - Processing file /opt/airflow/dags/data/models/Tuvalu/TS_model.pkl for tasks to queue
[2024-08-17T03:26:00.429+0000] {logging_mixin.py:188} INFO - [2024-08-17T03:26:00.428+0000] {dagbag.py:545} INFO - Filling up the DagBag from /opt/airflow/dags/data/models/Tuvalu/TS_model.pkl
[2024-08-17T03:26:00.437+0000] {processor.py:842} WARNING - No viable dags retrieved from /opt/airflow/dags/data/models/Tuvalu/TS_model.pkl
[2024-08-17T03:26:00.446+0000] {processor.py:183} INFO - Processing /opt/airflow/dags/data/models/Tuvalu/TS_model.pkl took 0.022 seconds
[2024-08-17T03:26:31.039+0000] {processor.py:161} INFO - Started process (PID=11175) to work on /opt/airflow/dags/data/models/Tuvalu/TS_model.pkl
[2024-08-17T03:26:31.040+0000] {processor.py:830} INFO - Processing file /opt/airflow/dags/data/models/Tuvalu/TS_model.pkl for tasks to queue
[2024-08-17T03:26:31.041+0000] {logging_mixin.py:188} INFO - [2024-08-17T03:26:31.041+0000] {dagbag.py:545} INFO - Filling up the DagBag from /opt/airflow/dags/data/models/Tuvalu/TS_model.pkl
[2024-08-17T03:26:31.051+0000] {processor.py:842} WARNING - No viable dags retrieved from /opt/airflow/dags/data/models/Tuvalu/TS_model.pkl
[2024-08-17T03:26:31.060+0000] {processor.py:183} INFO - Processing /opt/airflow/dags/data/models/Tuvalu/TS_model.pkl took 0.025 seconds
[2024-08-17T03:27:01.841+0000] {processor.py:161} INFO - Started process (PID=11629) to work on /opt/airflow/dags/data/models/Tuvalu/TS_model.pkl
[2024-08-17T03:27:01.842+0000] {processor.py:830} INFO - Processing file /opt/airflow/dags/data/models/Tuvalu/TS_model.pkl for tasks to queue
[2024-08-17T03:27:01.844+0000] {logging_mixin.py:188} INFO - [2024-08-17T03:27:01.843+0000] {dagbag.py:545} INFO - Filling up the DagBag from /opt/airflow/dags/data/models/Tuvalu/TS_model.pkl
[2024-08-17T03:27:01.853+0000] {processor.py:842} WARNING - No viable dags retrieved from /opt/airflow/dags/data/models/Tuvalu/TS_model.pkl
[2024-08-17T03:27:01.862+0000] {processor.py:183} INFO - Processing /opt/airflow/dags/data/models/Tuvalu/TS_model.pkl took 0.024 seconds
[2024-08-17T03:27:32.371+0000] {processor.py:161} INFO - Started process (PID=12057) to work on /opt/airflow/dags/data/models/Tuvalu/TS_model.pkl
[2024-08-17T03:27:32.372+0000] {processor.py:830} INFO - Processing file /opt/airflow/dags/data/models/Tuvalu/TS_model.pkl for tasks to queue
[2024-08-17T03:27:32.373+0000] {logging_mixin.py:188} INFO - [2024-08-17T03:27:32.373+0000] {dagbag.py:545} INFO - Filling up the DagBag from /opt/airflow/dags/data/models/Tuvalu/TS_model.pkl
[2024-08-17T03:27:32.389+0000] {processor.py:842} WARNING - No viable dags retrieved from /opt/airflow/dags/data/models/Tuvalu/TS_model.pkl
[2024-08-17T03:27:32.399+0000] {processor.py:183} INFO - Processing /opt/airflow/dags/data/models/Tuvalu/TS_model.pkl took 0.031 seconds
[2024-08-17T03:28:03.459+0000] {processor.py:161} INFO - Started process (PID=12511) to work on /opt/airflow/dags/data/models/Tuvalu/TS_model.pkl
[2024-08-17T03:28:03.460+0000] {processor.py:830} INFO - Processing file /opt/airflow/dags/data/models/Tuvalu/TS_model.pkl for tasks to queue
[2024-08-17T03:28:03.461+0000] {logging_mixin.py:188} INFO - [2024-08-17T03:28:03.460+0000] {dagbag.py:545} INFO - Filling up the DagBag from /opt/airflow/dags/data/models/Tuvalu/TS_model.pkl
[2024-08-17T03:28:03.475+0000] {processor.py:842} WARNING - No viable dags retrieved from /opt/airflow/dags/data/models/Tuvalu/TS_model.pkl
[2024-08-17T03:28:03.485+0000] {processor.py:183} INFO - Processing /opt/airflow/dags/data/models/Tuvalu/TS_model.pkl took 0.030 seconds
[2024-08-17T03:28:34.031+0000] {processor.py:161} INFO - Started process (PID=12925) to work on /opt/airflow/dags/data/models/Tuvalu/TS_model.pkl
[2024-08-17T03:28:34.032+0000] {processor.py:830} INFO - Processing file /opt/airflow/dags/data/models/Tuvalu/TS_model.pkl for tasks to queue
[2024-08-17T03:28:34.032+0000] {logging_mixin.py:188} INFO - [2024-08-17T03:28:34.032+0000] {dagbag.py:545} INFO - Filling up the DagBag from /opt/airflow/dags/data/models/Tuvalu/TS_model.pkl
[2024-08-17T03:28:34.046+0000] {processor.py:842} WARNING - No viable dags retrieved from /opt/airflow/dags/data/models/Tuvalu/TS_model.pkl
[2024-08-17T03:28:34.056+0000] {processor.py:183} INFO - Processing /opt/airflow/dags/data/models/Tuvalu/TS_model.pkl took 0.029 seconds
[2024-08-17T03:29:04.545+0000] {processor.py:161} INFO - Started process (PID=13369) to work on /opt/airflow/dags/data/models/Tuvalu/TS_model.pkl
[2024-08-17T03:29:04.546+0000] {processor.py:830} INFO - Processing file /opt/airflow/dags/data/models/Tuvalu/TS_model.pkl for tasks to queue
[2024-08-17T03:29:04.547+0000] {logging_mixin.py:188} INFO - [2024-08-17T03:29:04.546+0000] {dagbag.py:545} INFO - Filling up the DagBag from /opt/airflow/dags/data/models/Tuvalu/TS_model.pkl
[2024-08-17T03:29:04.554+0000] {processor.py:842} WARNING - No viable dags retrieved from /opt/airflow/dags/data/models/Tuvalu/TS_model.pkl
[2024-08-17T03:29:04.563+0000] {processor.py:183} INFO - Processing /opt/airflow/dags/data/models/Tuvalu/TS_model.pkl took 0.022 seconds
[2024-08-17T03:29:35.142+0000] {processor.py:161} INFO - Started process (PID=13802) to work on /opt/airflow/dags/data/models/Tuvalu/TS_model.pkl
[2024-08-17T03:29:35.143+0000] {processor.py:830} INFO - Processing file /opt/airflow/dags/data/models/Tuvalu/TS_model.pkl for tasks to queue
[2024-08-17T03:29:35.144+0000] {logging_mixin.py:188} INFO - [2024-08-17T03:29:35.143+0000] {dagbag.py:545} INFO - Filling up the DagBag from /opt/airflow/dags/data/models/Tuvalu/TS_model.pkl
[2024-08-17T03:29:35.152+0000] {processor.py:842} WARNING - No viable dags retrieved from /opt/airflow/dags/data/models/Tuvalu/TS_model.pkl
[2024-08-17T03:29:35.162+0000] {processor.py:183} INFO - Processing /opt/airflow/dags/data/models/Tuvalu/TS_model.pkl took 0.023 seconds
[2024-08-17T03:30:05.606+0000] {processor.py:161} INFO - Started process (PID=14230) to work on /opt/airflow/dags/data/models/Tuvalu/TS_model.pkl
[2024-08-17T03:30:05.607+0000] {processor.py:830} INFO - Processing file /opt/airflow/dags/data/models/Tuvalu/TS_model.pkl for tasks to queue
[2024-08-17T03:30:05.607+0000] {logging_mixin.py:188} INFO - [2024-08-17T03:30:05.607+0000] {dagbag.py:545} INFO - Filling up the DagBag from /opt/airflow/dags/data/models/Tuvalu/TS_model.pkl
[2024-08-17T03:30:05.617+0000] {processor.py:842} WARNING - No viable dags retrieved from /opt/airflow/dags/data/models/Tuvalu/TS_model.pkl
[2024-08-17T03:30:05.627+0000] {processor.py:183} INFO - Processing /opt/airflow/dags/data/models/Tuvalu/TS_model.pkl took 0.025 seconds
[2024-08-17T03:30:36.076+0000] {processor.py:161} INFO - Started process (PID=14684) to work on /opt/airflow/dags/data/models/Tuvalu/TS_model.pkl
[2024-08-17T03:30:36.077+0000] {processor.py:830} INFO - Processing file /opt/airflow/dags/data/models/Tuvalu/TS_model.pkl for tasks to queue
[2024-08-17T03:30:36.078+0000] {logging_mixin.py:188} INFO - [2024-08-17T03:30:36.077+0000] {dagbag.py:545} INFO - Filling up the DagBag from /opt/airflow/dags/data/models/Tuvalu/TS_model.pkl
[2024-08-17T03:30:36.086+0000] {processor.py:842} WARNING - No viable dags retrieved from /opt/airflow/dags/data/models/Tuvalu/TS_model.pkl
[2024-08-17T03:30:36.095+0000] {processor.py:183} INFO - Processing /opt/airflow/dags/data/models/Tuvalu/TS_model.pkl took 0.022 seconds
[2024-08-17T03:31:06.559+0000] {processor.py:161} INFO - Started process (PID=15098) to work on /opt/airflow/dags/data/models/Tuvalu/TS_model.pkl
[2024-08-17T03:31:06.560+0000] {processor.py:830} INFO - Processing file /opt/airflow/dags/data/models/Tuvalu/TS_model.pkl for tasks to queue
[2024-08-17T03:31:06.560+0000] {logging_mixin.py:188} INFO - [2024-08-17T03:31:06.560+0000] {dagbag.py:545} INFO - Filling up the DagBag from /opt/airflow/dags/data/models/Tuvalu/TS_model.pkl
[2024-08-17T03:31:06.570+0000] {processor.py:842} WARNING - No viable dags retrieved from /opt/airflow/dags/data/models/Tuvalu/TS_model.pkl
[2024-08-17T03:31:06.579+0000] {processor.py:183} INFO - Processing /opt/airflow/dags/data/models/Tuvalu/TS_model.pkl took 0.023 seconds
[2024-08-17T03:31:37.196+0000] {processor.py:161} INFO - Started process (PID=15546) to work on /opt/airflow/dags/data/models/Tuvalu/TS_model.pkl
[2024-08-17T03:31:37.197+0000] {processor.py:830} INFO - Processing file /opt/airflow/dags/data/models/Tuvalu/TS_model.pkl for tasks to queue
[2024-08-17T03:31:37.197+0000] {logging_mixin.py:188} INFO - [2024-08-17T03:31:37.197+0000] {dagbag.py:545} INFO - Filling up the DagBag from /opt/airflow/dags/data/models/Tuvalu/TS_model.pkl
[2024-08-17T03:31:37.205+0000] {processor.py:842} WARNING - No viable dags retrieved from /opt/airflow/dags/data/models/Tuvalu/TS_model.pkl
[2024-08-17T03:31:37.213+0000] {processor.py:183} INFO - Processing /opt/airflow/dags/data/models/Tuvalu/TS_model.pkl took 0.021 seconds
[2024-08-17T03:32:07.760+0000] {processor.py:161} INFO - Started process (PID=15993) to work on /opt/airflow/dags/data/models/Tuvalu/TS_model.pkl
[2024-08-17T03:32:07.761+0000] {processor.py:830} INFO - Processing file /opt/airflow/dags/data/models/Tuvalu/TS_model.pkl for tasks to queue
[2024-08-17T03:32:07.761+0000] {logging_mixin.py:188} INFO - [2024-08-17T03:32:07.761+0000] {dagbag.py:545} INFO - Filling up the DagBag from /opt/airflow/dags/data/models/Tuvalu/TS_model.pkl
[2024-08-17T03:32:07.769+0000] {processor.py:842} WARNING - No viable dags retrieved from /opt/airflow/dags/data/models/Tuvalu/TS_model.pkl
[2024-08-17T03:32:07.779+0000] {processor.py:183} INFO - Processing /opt/airflow/dags/data/models/Tuvalu/TS_model.pkl took 0.023 seconds
[2024-08-17T03:32:38.513+0000] {processor.py:161} INFO - Started process (PID=16417) to work on /opt/airflow/dags/data/models/Tuvalu/TS_model.pkl
[2024-08-17T03:32:38.514+0000] {processor.py:830} INFO - Processing file /opt/airflow/dags/data/models/Tuvalu/TS_model.pkl for tasks to queue
[2024-08-17T03:32:38.514+0000] {logging_mixin.py:188} INFO - [2024-08-17T03:32:38.514+0000] {dagbag.py:545} INFO - Filling up the DagBag from /opt/airflow/dags/data/models/Tuvalu/TS_model.pkl
[2024-08-17T03:32:38.522+0000] {processor.py:842} WARNING - No viable dags retrieved from /opt/airflow/dags/data/models/Tuvalu/TS_model.pkl
[2024-08-17T03:32:38.531+0000] {processor.py:183} INFO - Processing /opt/airflow/dags/data/models/Tuvalu/TS_model.pkl took 0.021 seconds
[2024-08-17T03:33:09.200+0000] {processor.py:161} INFO - Started process (PID=16866) to work on /opt/airflow/dags/data/models/Tuvalu/TS_model.pkl
[2024-08-17T03:33:09.202+0000] {processor.py:830} INFO - Processing file /opt/airflow/dags/data/models/Tuvalu/TS_model.pkl for tasks to queue
[2024-08-17T03:33:09.202+0000] {logging_mixin.py:188} INFO - [2024-08-17T03:33:09.202+0000] {dagbag.py:545} INFO - Filling up the DagBag from /opt/airflow/dags/data/models/Tuvalu/TS_model.pkl
[2024-08-17T03:33:09.212+0000] {processor.py:842} WARNING - No viable dags retrieved from /opt/airflow/dags/data/models/Tuvalu/TS_model.pkl
[2024-08-17T03:33:09.222+0000] {processor.py:183} INFO - Processing /opt/airflow/dags/data/models/Tuvalu/TS_model.pkl took 0.025 seconds
[2024-08-17T03:33:40.093+0000] {processor.py:161} INFO - Started process (PID=17295) to work on /opt/airflow/dags/data/models/Tuvalu/TS_model.pkl
[2024-08-17T03:33:40.093+0000] {processor.py:830} INFO - Processing file /opt/airflow/dags/data/models/Tuvalu/TS_model.pkl for tasks to queue
[2024-08-17T03:33:40.094+0000] {logging_mixin.py:188} INFO - [2024-08-17T03:33:40.094+0000] {dagbag.py:545} INFO - Filling up the DagBag from /opt/airflow/dags/data/models/Tuvalu/TS_model.pkl
[2024-08-17T03:33:40.135+0000] {processor.py:842} WARNING - No viable dags retrieved from /opt/airflow/dags/data/models/Tuvalu/TS_model.pkl
[2024-08-17T03:33:40.146+0000] {processor.py:183} INFO - Processing /opt/airflow/dags/data/models/Tuvalu/TS_model.pkl took 0.057 seconds
[2024-08-17T03:34:11.900+0000] {processor.py:161} INFO - Started process (PID=17738) to work on /opt/airflow/dags/data/models/Tuvalu/TS_model.pkl
[2024-08-17T03:34:11.900+0000] {processor.py:830} INFO - Processing file /opt/airflow/dags/data/models/Tuvalu/TS_model.pkl for tasks to queue
[2024-08-17T03:34:11.901+0000] {logging_mixin.py:188} INFO - [2024-08-17T03:34:11.901+0000] {dagbag.py:545} INFO - Filling up the DagBag from /opt/airflow/dags/data/models/Tuvalu/TS_model.pkl
[2024-08-17T03:34:11.915+0000] {processor.py:842} WARNING - No viable dags retrieved from /opt/airflow/dags/data/models/Tuvalu/TS_model.pkl
[2024-08-17T03:34:11.926+0000] {processor.py:183} INFO - Processing /opt/airflow/dags/data/models/Tuvalu/TS_model.pkl took 0.030 seconds
[2024-08-17T03:34:42.431+0000] {processor.py:161} INFO - Started process (PID=18168) to work on /opt/airflow/dags/data/models/Tuvalu/TS_model.pkl
[2024-08-17T03:34:42.432+0000] {processor.py:830} INFO - Processing file /opt/airflow/dags/data/models/Tuvalu/TS_model.pkl for tasks to queue
[2024-08-17T03:34:42.432+0000] {logging_mixin.py:188} INFO - [2024-08-17T03:34:42.432+0000] {dagbag.py:545} INFO - Filling up the DagBag from /opt/airflow/dags/data/models/Tuvalu/TS_model.pkl
[2024-08-17T03:34:42.443+0000] {processor.py:842} WARNING - No viable dags retrieved from /opt/airflow/dags/data/models/Tuvalu/TS_model.pkl
[2024-08-17T03:34:42.452+0000] {processor.py:183} INFO - Processing /opt/airflow/dags/data/models/Tuvalu/TS_model.pkl took 0.025 seconds
[2024-08-17T03:35:13.741+0000] {processor.py:161} INFO - Started process (PID=18594) to work on /opt/airflow/dags/data/models/Tuvalu/TS_model.pkl
[2024-08-17T03:35:13.742+0000] {processor.py:830} INFO - Processing file /opt/airflow/dags/data/models/Tuvalu/TS_model.pkl for tasks to queue
[2024-08-17T03:35:13.743+0000] {logging_mixin.py:188} INFO - [2024-08-17T03:35:13.742+0000] {dagbag.py:545} INFO - Filling up the DagBag from /opt/airflow/dags/data/models/Tuvalu/TS_model.pkl
[2024-08-17T03:35:13.753+0000] {processor.py:842} WARNING - No viable dags retrieved from /opt/airflow/dags/data/models/Tuvalu/TS_model.pkl
[2024-08-17T03:35:13.762+0000] {processor.py:183} INFO - Processing /opt/airflow/dags/data/models/Tuvalu/TS_model.pkl took 0.025 seconds
[2024-08-17T03:35:44.313+0000] {processor.py:161} INFO - Started process (PID=19027) to work on /opt/airflow/dags/data/models/Tuvalu/TS_model.pkl
[2024-08-17T03:35:44.314+0000] {processor.py:830} INFO - Processing file /opt/airflow/dags/data/models/Tuvalu/TS_model.pkl for tasks to queue
[2024-08-17T03:35:44.315+0000] {logging_mixin.py:188} INFO - [2024-08-17T03:35:44.315+0000] {dagbag.py:545} INFO - Filling up the DagBag from /opt/airflow/dags/data/models/Tuvalu/TS_model.pkl
[2024-08-17T03:35:44.323+0000] {processor.py:842} WARNING - No viable dags retrieved from /opt/airflow/dags/data/models/Tuvalu/TS_model.pkl
[2024-08-17T03:35:44.333+0000] {processor.py:183} INFO - Processing /opt/airflow/dags/data/models/Tuvalu/TS_model.pkl took 0.024 seconds
[2024-08-17T03:36:14.984+0000] {processor.py:161} INFO - Started process (PID=19473) to work on /opt/airflow/dags/data/models/Tuvalu/TS_model.pkl
[2024-08-17T03:36:14.984+0000] {processor.py:830} INFO - Processing file /opt/airflow/dags/data/models/Tuvalu/TS_model.pkl for tasks to queue
[2024-08-17T03:36:14.985+0000] {logging_mixin.py:188} INFO - [2024-08-17T03:36:14.985+0000] {dagbag.py:545} INFO - Filling up the DagBag from /opt/airflow/dags/data/models/Tuvalu/TS_model.pkl
[2024-08-17T03:36:14.993+0000] {processor.py:842} WARNING - No viable dags retrieved from /opt/airflow/dags/data/models/Tuvalu/TS_model.pkl
[2024-08-17T03:36:15.002+0000] {processor.py:183} INFO - Processing /opt/airflow/dags/data/models/Tuvalu/TS_model.pkl took 0.022 seconds
[2024-08-17T03:36:45.453+0000] {processor.py:161} INFO - Started process (PID=19888) to work on /opt/airflow/dags/data/models/Tuvalu/TS_model.pkl
[2024-08-17T03:36:45.453+0000] {processor.py:830} INFO - Processing file /opt/airflow/dags/data/models/Tuvalu/TS_model.pkl for tasks to queue
[2024-08-17T03:36:45.454+0000] {logging_mixin.py:188} INFO - [2024-08-17T03:36:45.454+0000] {dagbag.py:545} INFO - Filling up the DagBag from /opt/airflow/dags/data/models/Tuvalu/TS_model.pkl
[2024-08-17T03:36:45.462+0000] {processor.py:842} WARNING - No viable dags retrieved from /opt/airflow/dags/data/models/Tuvalu/TS_model.pkl
[2024-08-17T03:36:45.471+0000] {processor.py:183} INFO - Processing /opt/airflow/dags/data/models/Tuvalu/TS_model.pkl took 0.023 seconds
[2024-08-17T03:37:16.667+0000] {processor.py:161} INFO - Started process (PID=20332) to work on /opt/airflow/dags/data/models/Tuvalu/TS_model.pkl
[2024-08-17T03:37:16.668+0000] {processor.py:830} INFO - Processing file /opt/airflow/dags/data/models/Tuvalu/TS_model.pkl for tasks to queue
[2024-08-17T03:37:16.668+0000] {logging_mixin.py:188} INFO - [2024-08-17T03:37:16.668+0000] {dagbag.py:545} INFO - Filling up the DagBag from /opt/airflow/dags/data/models/Tuvalu/TS_model.pkl
[2024-08-17T03:37:16.678+0000] {processor.py:842} WARNING - No viable dags retrieved from /opt/airflow/dags/data/models/Tuvalu/TS_model.pkl
[2024-08-17T03:37:16.686+0000] {processor.py:183} INFO - Processing /opt/airflow/dags/data/models/Tuvalu/TS_model.pkl took 0.024 seconds
[2024-08-17T03:37:47.218+0000] {processor.py:161} INFO - Started process (PID=20746) to work on /opt/airflow/dags/data/models/Tuvalu/TS_model.pkl
[2024-08-17T03:37:47.218+0000] {processor.py:830} INFO - Processing file /opt/airflow/dags/data/models/Tuvalu/TS_model.pkl for tasks to queue
[2024-08-17T03:37:47.219+0000] {logging_mixin.py:188} INFO - [2024-08-17T03:37:47.219+0000] {dagbag.py:545} INFO - Filling up the DagBag from /opt/airflow/dags/data/models/Tuvalu/TS_model.pkl
[2024-08-17T03:37:47.228+0000] {processor.py:842} WARNING - No viable dags retrieved from /opt/airflow/dags/data/models/Tuvalu/TS_model.pkl
[2024-08-17T03:37:47.237+0000] {processor.py:183} INFO - Processing /opt/airflow/dags/data/models/Tuvalu/TS_model.pkl took 0.022 seconds
[2024-08-17T09:22:47.350+0000] {processor.py:161} INFO - Started process (PID=156) to work on /opt/airflow/dags/data/models/Tuvalu/TS_model.pkl
[2024-08-17T09:22:47.350+0000] {processor.py:830} INFO - Processing file /opt/airflow/dags/data/models/Tuvalu/TS_model.pkl for tasks to queue
[2024-08-17T09:22:47.352+0000] {logging_mixin.py:188} INFO - [2024-08-17T09:22:47.351+0000] {dagbag.py:545} INFO - Filling up the DagBag from /opt/airflow/dags/data/models/Tuvalu/TS_model.pkl
[2024-08-17T09:22:47.362+0000] {processor.py:842} WARNING - No viable dags retrieved from /opt/airflow/dags/data/models/Tuvalu/TS_model.pkl
[2024-08-17T09:22:47.371+0000] {processor.py:183} INFO - Processing /opt/airflow/dags/data/models/Tuvalu/TS_model.pkl took 0.025 seconds
[2024-08-17T09:23:19.487+0000] {processor.py:161} INFO - Started process (PID=612) to work on /opt/airflow/dags/data/models/Tuvalu/TS_model.pkl
[2024-08-17T09:23:19.487+0000] {processor.py:830} INFO - Processing file /opt/airflow/dags/data/models/Tuvalu/TS_model.pkl for tasks to queue
[2024-08-17T09:23:19.489+0000] {logging_mixin.py:188} INFO - [2024-08-17T09:23:19.489+0000] {dagbag.py:545} INFO - Filling up the DagBag from /opt/airflow/dags/data/models/Tuvalu/TS_model.pkl
[2024-08-17T09:23:19.496+0000] {processor.py:842} WARNING - No viable dags retrieved from /opt/airflow/dags/data/models/Tuvalu/TS_model.pkl
[2024-08-17T09:23:19.504+0000] {processor.py:183} INFO - Processing /opt/airflow/dags/data/models/Tuvalu/TS_model.pkl took 0.021 seconds
[2024-08-17T09:23:50.920+0000] {processor.py:161} INFO - Started process (PID=1066) to work on /opt/airflow/dags/data/models/Tuvalu/TS_model.pkl
[2024-08-17T09:23:50.920+0000] {processor.py:830} INFO - Processing file /opt/airflow/dags/data/models/Tuvalu/TS_model.pkl for tasks to queue
[2024-08-17T09:23:50.922+0000] {logging_mixin.py:188} INFO - [2024-08-17T09:23:50.922+0000] {dagbag.py:545} INFO - Filling up the DagBag from /opt/airflow/dags/data/models/Tuvalu/TS_model.pkl
[2024-08-17T09:23:50.939+0000] {processor.py:842} WARNING - No viable dags retrieved from /opt/airflow/dags/data/models/Tuvalu/TS_model.pkl
[2024-08-17T09:23:50.947+0000] {processor.py:183} INFO - Processing /opt/airflow/dags/data/models/Tuvalu/TS_model.pkl took 0.031 seconds
[2024-08-17T09:24:22.925+0000] {processor.py:161} INFO - Started process (PID=1501) to work on /opt/airflow/dags/data/models/Tuvalu/TS_model.pkl
[2024-08-17T09:24:22.926+0000] {processor.py:830} INFO - Processing file /opt/airflow/dags/data/models/Tuvalu/TS_model.pkl for tasks to queue
[2024-08-17T09:24:23.028+0000] {logging_mixin.py:188} INFO - [2024-08-17T09:24:23.028+0000] {dagbag.py:545} INFO - Filling up the DagBag from /opt/airflow/dags/data/models/Tuvalu/TS_model.pkl
[2024-08-17T09:24:23.037+0000] {processor.py:842} WARNING - No viable dags retrieved from /opt/airflow/dags/data/models/Tuvalu/TS_model.pkl
[2024-08-17T09:24:23.045+0000] {processor.py:183} INFO - Processing /opt/airflow/dags/data/models/Tuvalu/TS_model.pkl took 0.123 seconds
[2024-08-17T09:24:53.583+0000] {processor.py:161} INFO - Started process (PID=1948) to work on /opt/airflow/dags/data/models/Tuvalu/TS_model.pkl
[2024-08-17T09:24:53.584+0000] {processor.py:830} INFO - Processing file /opt/airflow/dags/data/models/Tuvalu/TS_model.pkl for tasks to queue
[2024-08-17T09:24:53.585+0000] {logging_mixin.py:188} INFO - [2024-08-17T09:24:53.585+0000] {dagbag.py:545} INFO - Filling up the DagBag from /opt/airflow/dags/data/models/Tuvalu/TS_model.pkl
[2024-08-17T09:24:53.593+0000] {processor.py:842} WARNING - No viable dags retrieved from /opt/airflow/dags/data/models/Tuvalu/TS_model.pkl
[2024-08-17T09:24:53.603+0000] {processor.py:183} INFO - Processing /opt/airflow/dags/data/models/Tuvalu/TS_model.pkl took 0.025 seconds
[2024-08-17T09:25:24.352+0000] {processor.py:161} INFO - Started process (PID=2402) to work on /opt/airflow/dags/data/models/Tuvalu/TS_model.pkl
[2024-08-17T09:25:24.356+0000] {processor.py:830} INFO - Processing file /opt/airflow/dags/data/models/Tuvalu/TS_model.pkl for tasks to queue
[2024-08-17T09:25:24.357+0000] {logging_mixin.py:188} INFO - [2024-08-17T09:25:24.357+0000] {dagbag.py:545} INFO - Filling up the DagBag from /opt/airflow/dags/data/models/Tuvalu/TS_model.pkl
[2024-08-17T09:25:24.367+0000] {processor.py:842} WARNING - No viable dags retrieved from /opt/airflow/dags/data/models/Tuvalu/TS_model.pkl
[2024-08-17T09:25:24.376+0000] {processor.py:183} INFO - Processing /opt/airflow/dags/data/models/Tuvalu/TS_model.pkl took 0.028 seconds
[2024-08-17T09:25:55.089+0000] {processor.py:161} INFO - Started process (PID=2830) to work on /opt/airflow/dags/data/models/Tuvalu/TS_model.pkl
[2024-08-17T09:25:55.090+0000] {processor.py:830} INFO - Processing file /opt/airflow/dags/data/models/Tuvalu/TS_model.pkl for tasks to queue
[2024-08-17T09:25:55.091+0000] {logging_mixin.py:188} INFO - [2024-08-17T09:25:55.091+0000] {dagbag.py:545} INFO - Filling up the DagBag from /opt/airflow/dags/data/models/Tuvalu/TS_model.pkl
[2024-08-17T09:25:55.101+0000] {processor.py:842} WARNING - No viable dags retrieved from /opt/airflow/dags/data/models/Tuvalu/TS_model.pkl
[2024-08-17T09:25:55.112+0000] {processor.py:183} INFO - Processing /opt/airflow/dags/data/models/Tuvalu/TS_model.pkl took 0.027 seconds
[2024-08-17T09:26:25.689+0000] {processor.py:161} INFO - Started process (PID=3284) to work on /opt/airflow/dags/data/models/Tuvalu/TS_model.pkl
[2024-08-17T09:26:25.690+0000] {processor.py:830} INFO - Processing file /opt/airflow/dags/data/models/Tuvalu/TS_model.pkl for tasks to queue
[2024-08-17T09:26:25.691+0000] {logging_mixin.py:188} INFO - [2024-08-17T09:26:25.690+0000] {dagbag.py:545} INFO - Filling up the DagBag from /opt/airflow/dags/data/models/Tuvalu/TS_model.pkl
[2024-08-17T09:26:25.699+0000] {processor.py:842} WARNING - No viable dags retrieved from /opt/airflow/dags/data/models/Tuvalu/TS_model.pkl
[2024-08-17T09:26:25.708+0000] {processor.py:183} INFO - Processing /opt/airflow/dags/data/models/Tuvalu/TS_model.pkl took 0.023 seconds
[2024-08-17T09:26:56.209+0000] {processor.py:161} INFO - Started process (PID=3719) to work on /opt/airflow/dags/data/models/Tuvalu/TS_model.pkl
[2024-08-17T09:26:56.210+0000] {processor.py:830} INFO - Processing file /opt/airflow/dags/data/models/Tuvalu/TS_model.pkl for tasks to queue
[2024-08-17T09:26:56.211+0000] {logging_mixin.py:188} INFO - [2024-08-17T09:26:56.210+0000] {dagbag.py:545} INFO - Filling up the DagBag from /opt/airflow/dags/data/models/Tuvalu/TS_model.pkl
[2024-08-17T09:26:56.218+0000] {processor.py:842} WARNING - No viable dags retrieved from /opt/airflow/dags/data/models/Tuvalu/TS_model.pkl
[2024-08-17T09:26:56.227+0000] {processor.py:183} INFO - Processing /opt/airflow/dags/data/models/Tuvalu/TS_model.pkl took 0.022 seconds
[2024-08-17T09:27:27.143+0000] {processor.py:161} INFO - Started process (PID=4166) to work on /opt/airflow/dags/data/models/Tuvalu/TS_model.pkl
[2024-08-17T09:27:27.145+0000] {processor.py:830} INFO - Processing file /opt/airflow/dags/data/models/Tuvalu/TS_model.pkl for tasks to queue
[2024-08-17T09:27:27.146+0000] {logging_mixin.py:188} INFO - [2024-08-17T09:27:27.146+0000] {dagbag.py:545} INFO - Filling up the DagBag from /opt/airflow/dags/data/models/Tuvalu/TS_model.pkl
[2024-08-17T09:27:27.155+0000] {processor.py:842} WARNING - No viable dags retrieved from /opt/airflow/dags/data/models/Tuvalu/TS_model.pkl
[2024-08-17T09:27:27.164+0000] {processor.py:183} INFO - Processing /opt/airflow/dags/data/models/Tuvalu/TS_model.pkl took 0.024 seconds
[2024-08-17T09:27:58.022+0000] {processor.py:161} INFO - Started process (PID=4621) to work on /opt/airflow/dags/data/models/Tuvalu/TS_model.pkl
[2024-08-17T09:27:58.022+0000] {processor.py:830} INFO - Processing file /opt/airflow/dags/data/models/Tuvalu/TS_model.pkl for tasks to queue
[2024-08-17T09:27:58.024+0000] {logging_mixin.py:188} INFO - [2024-08-17T09:27:58.024+0000] {dagbag.py:545} INFO - Filling up the DagBag from /opt/airflow/dags/data/models/Tuvalu/TS_model.pkl
[2024-08-17T09:27:58.034+0000] {processor.py:842} WARNING - No viable dags retrieved from /opt/airflow/dags/data/models/Tuvalu/TS_model.pkl
[2024-08-17T09:27:58.043+0000] {processor.py:183} INFO - Processing /opt/airflow/dags/data/models/Tuvalu/TS_model.pkl took 0.025 seconds
[2024-08-17T09:28:29.015+0000] {processor.py:161} INFO - Started process (PID=5030) to work on /opt/airflow/dags/data/models/Tuvalu/TS_model.pkl
[2024-08-17T09:28:29.015+0000] {processor.py:830} INFO - Processing file /opt/airflow/dags/data/models/Tuvalu/TS_model.pkl for tasks to queue
[2024-08-17T09:28:29.016+0000] {logging_mixin.py:188} INFO - [2024-08-17T09:28:29.016+0000] {dagbag.py:545} INFO - Filling up the DagBag from /opt/airflow/dags/data/models/Tuvalu/TS_model.pkl
[2024-08-17T09:28:29.032+0000] {processor.py:842} WARNING - No viable dags retrieved from /opt/airflow/dags/data/models/Tuvalu/TS_model.pkl
[2024-08-17T09:28:29.040+0000] {processor.py:183} INFO - Processing /opt/airflow/dags/data/models/Tuvalu/TS_model.pkl took 0.030 seconds
[2024-08-17T09:28:59.901+0000] {processor.py:161} INFO - Started process (PID=5482) to work on /opt/airflow/dags/data/models/Tuvalu/TS_model.pkl
[2024-08-17T09:28:59.902+0000] {processor.py:830} INFO - Processing file /opt/airflow/dags/data/models/Tuvalu/TS_model.pkl for tasks to queue
[2024-08-17T09:28:59.903+0000] {logging_mixin.py:188} INFO - [2024-08-17T09:28:59.903+0000] {dagbag.py:545} INFO - Filling up the DagBag from /opt/airflow/dags/data/models/Tuvalu/TS_model.pkl
[2024-08-17T09:28:59.910+0000] {processor.py:842} WARNING - No viable dags retrieved from /opt/airflow/dags/data/models/Tuvalu/TS_model.pkl
[2024-08-17T09:28:59.918+0000] {processor.py:183} INFO - Processing /opt/airflow/dags/data/models/Tuvalu/TS_model.pkl took 0.020 seconds
[2024-08-17T09:29:30.373+0000] {processor.py:161} INFO - Started process (PID=5936) to work on /opt/airflow/dags/data/models/Tuvalu/TS_model.pkl
[2024-08-17T09:29:30.374+0000] {processor.py:830} INFO - Processing file /opt/airflow/dags/data/models/Tuvalu/TS_model.pkl for tasks to queue
[2024-08-17T09:29:30.375+0000] {logging_mixin.py:188} INFO - [2024-08-17T09:29:30.374+0000] {dagbag.py:545} INFO - Filling up the DagBag from /opt/airflow/dags/data/models/Tuvalu/TS_model.pkl
[2024-08-17T09:29:30.383+0000] {processor.py:842} WARNING - No viable dags retrieved from /opt/airflow/dags/data/models/Tuvalu/TS_model.pkl
[2024-08-17T09:29:30.391+0000] {processor.py:183} INFO - Processing /opt/airflow/dags/data/models/Tuvalu/TS_model.pkl took 0.022 seconds
[2024-08-17T09:30:01.262+0000] {processor.py:161} INFO - Started process (PID=6345) to work on /opt/airflow/dags/data/models/Tuvalu/TS_model.pkl
[2024-08-17T09:30:01.262+0000] {processor.py:830} INFO - Processing file /opt/airflow/dags/data/models/Tuvalu/TS_model.pkl for tasks to queue
[2024-08-17T09:30:01.264+0000] {logging_mixin.py:188} INFO - [2024-08-17T09:30:01.263+0000] {dagbag.py:545} INFO - Filling up the DagBag from /opt/airflow/dags/data/models/Tuvalu/TS_model.pkl
[2024-08-17T09:30:01.271+0000] {processor.py:842} WARNING - No viable dags retrieved from /opt/airflow/dags/data/models/Tuvalu/TS_model.pkl
[2024-08-17T09:30:01.279+0000] {processor.py:183} INFO - Processing /opt/airflow/dags/data/models/Tuvalu/TS_model.pkl took 0.021 seconds
