[2024-08-17T03:08:58.283+0000] {processor.py:161} INFO - Started process (PID=96070) to work on /opt/airflow/dags/data/models/United Kingdom.13/TS_model.pkl
[2024-08-17T03:08:58.284+0000] {processor.py:830} INFO - Processing file /opt/airflow/dags/data/models/United Kingdom.13/TS_model.pkl for tasks to queue
[2024-08-17T03:08:58.285+0000] {logging_mixin.py:188} INFO - [2024-08-17T03:08:58.284+0000] {dagbag.py:545} INFO - Filling up the DagBag from /opt/airflow/dags/data/models/United Kingdom.13/TS_model.pkl
[2024-08-17T03:08:58.298+0000] {processor.py:842} WARNING - No viable dags retrieved from /opt/airflow/dags/data/models/United Kingdom.13/TS_model.pkl
[2024-08-17T03:08:58.308+0000] {processor.py:183} INFO - Processing /opt/airflow/dags/data/models/United Kingdom.13/TS_model.pkl took 0.030 seconds
[2024-08-17T03:09:29.497+0000] {processor.py:161} INFO - Started process (PID=96516) to work on /opt/airflow/dags/data/models/United Kingdom.13/TS_model.pkl
[2024-08-17T03:09:29.497+0000] {processor.py:830} INFO - Processing file /opt/airflow/dags/data/models/United Kingdom.13/TS_model.pkl for tasks to queue
[2024-08-17T03:09:29.498+0000] {logging_mixin.py:188} INFO - [2024-08-17T03:09:29.498+0000] {dagbag.py:545} INFO - Filling up the DagBag from /opt/airflow/dags/data/models/United Kingdom.13/TS_model.pkl
[2024-08-17T03:09:29.513+0000] {processor.py:842} WARNING - No viable dags retrieved from /opt/airflow/dags/data/models/United Kingdom.13/TS_model.pkl
[2024-08-17T03:09:29.524+0000] {processor.py:183} INFO - Processing /opt/airflow/dags/data/models/United Kingdom.13/TS_model.pkl took 0.032 seconds
[2024-08-17T03:10:00.509+0000] {processor.py:161} INFO - Started process (PID=96941) to work on /opt/airflow/dags/data/models/United Kingdom.13/TS_model.pkl
[2024-08-17T03:10:00.509+0000] {processor.py:830} INFO - Processing file /opt/airflow/dags/data/models/United Kingdom.13/TS_model.pkl for tasks to queue
[2024-08-17T03:10:00.510+0000] {logging_mixin.py:188} INFO - [2024-08-17T03:10:00.510+0000] {dagbag.py:545} INFO - Filling up the DagBag from /opt/airflow/dags/data/models/United Kingdom.13/TS_model.pkl
[2024-08-17T03:10:00.527+0000] {processor.py:842} WARNING - No viable dags retrieved from /opt/airflow/dags/data/models/United Kingdom.13/TS_model.pkl
[2024-08-17T03:10:00.537+0000] {processor.py:183} INFO - Processing /opt/airflow/dags/data/models/United Kingdom.13/TS_model.pkl took 0.033 seconds
[2024-08-17T03:10:30.993+0000] {processor.py:161} INFO - Started process (PID=97372) to work on /opt/airflow/dags/data/models/United Kingdom.13/TS_model.pkl
[2024-08-17T03:10:30.994+0000] {processor.py:830} INFO - Processing file /opt/airflow/dags/data/models/United Kingdom.13/TS_model.pkl for tasks to queue
[2024-08-17T03:10:30.994+0000] {logging_mixin.py:188} INFO - [2024-08-17T03:10:30.994+0000] {dagbag.py:545} INFO - Filling up the DagBag from /opt/airflow/dags/data/models/United Kingdom.13/TS_model.pkl
[2024-08-17T03:10:31.002+0000] {processor.py:842} WARNING - No viable dags retrieved from /opt/airflow/dags/data/models/United Kingdom.13/TS_model.pkl
[2024-08-17T03:10:31.012+0000] {processor.py:183} INFO - Processing /opt/airflow/dags/data/models/United Kingdom.13/TS_model.pkl took 0.023 seconds
[2024-08-17T03:11:01.998+0000] {processor.py:161} INFO - Started process (PID=97799) to work on /opt/airflow/dags/data/models/United Kingdom.13/TS_model.pkl
[2024-08-17T03:11:01.998+0000] {processor.py:830} INFO - Processing file /opt/airflow/dags/data/models/United Kingdom.13/TS_model.pkl for tasks to queue
[2024-08-17T03:11:01.999+0000] {logging_mixin.py:188} INFO - [2024-08-17T03:11:01.999+0000] {dagbag.py:545} INFO - Filling up the DagBag from /opt/airflow/dags/data/models/United Kingdom.13/TS_model.pkl
[2024-08-17T03:11:02.011+0000] {processor.py:842} WARNING - No viable dags retrieved from /opt/airflow/dags/data/models/United Kingdom.13/TS_model.pkl
[2024-08-17T03:11:02.020+0000] {processor.py:183} INFO - Processing /opt/airflow/dags/data/models/United Kingdom.13/TS_model.pkl took 0.027 seconds
[2024-08-17T03:11:32.396+0000] {processor.py:161} INFO - Started process (PID=98217) to work on /opt/airflow/dags/data/models/United Kingdom.13/TS_model.pkl
[2024-08-17T03:11:32.397+0000] {processor.py:830} INFO - Processing file /opt/airflow/dags/data/models/United Kingdom.13/TS_model.pkl for tasks to queue
[2024-08-17T03:11:32.397+0000] {logging_mixin.py:188} INFO - [2024-08-17T03:11:32.397+0000] {dagbag.py:545} INFO - Filling up the DagBag from /opt/airflow/dags/data/models/United Kingdom.13/TS_model.pkl
[2024-08-17T03:11:32.408+0000] {processor.py:842} WARNING - No viable dags retrieved from /opt/airflow/dags/data/models/United Kingdom.13/TS_model.pkl
[2024-08-17T03:11:32.418+0000] {processor.py:183} INFO - Processing /opt/airflow/dags/data/models/United Kingdom.13/TS_model.pkl took 0.025 seconds
[2024-08-17T03:12:03.371+0000] {processor.py:161} INFO - Started process (PID=98663) to work on /opt/airflow/dags/data/models/United Kingdom.13/TS_model.pkl
[2024-08-17T03:12:03.371+0000] {processor.py:830} INFO - Processing file /opt/airflow/dags/data/models/United Kingdom.13/TS_model.pkl for tasks to queue
[2024-08-17T03:12:03.372+0000] {logging_mixin.py:188} INFO - [2024-08-17T03:12:03.372+0000] {dagbag.py:545} INFO - Filling up the DagBag from /opt/airflow/dags/data/models/United Kingdom.13/TS_model.pkl
[2024-08-17T03:12:03.380+0000] {processor.py:842} WARNING - No viable dags retrieved from /opt/airflow/dags/data/models/United Kingdom.13/TS_model.pkl
[2024-08-17T03:12:03.390+0000] {processor.py:183} INFO - Processing /opt/airflow/dags/data/models/United Kingdom.13/TS_model.pkl took 0.024 seconds
[2024-08-17T03:12:10.440+0000] {processor.py:161} INFO - Started process (PID=98753) to work on /opt/airflow/dags/data/models/United Kingdom.13/TS_model.pkl
[2024-08-17T03:12:10.440+0000] {processor.py:830} INFO - Processing file /opt/airflow/dags/data/models/United Kingdom.13/TS_model.pkl for tasks to queue
[2024-08-17T03:12:10.441+0000] {logging_mixin.py:188} INFO - [2024-08-17T03:12:10.441+0000] {dagbag.py:545} INFO - Filling up the DagBag from /opt/airflow/dags/data/models/United Kingdom.13/TS_model.pkl
[2024-08-17T03:12:10.453+0000] {processor.py:842} WARNING - No viable dags retrieved from /opt/airflow/dags/data/models/United Kingdom.13/TS_model.pkl
[2024-08-17T03:12:10.463+0000] {processor.py:183} INFO - Processing /opt/airflow/dags/data/models/United Kingdom.13/TS_model.pkl took 0.027 seconds
[2024-08-17T03:12:41.149+0000] {processor.py:161} INFO - Started process (PID=99175) to work on /opt/airflow/dags/data/models/United Kingdom.13/TS_model.pkl
[2024-08-17T03:12:41.149+0000] {processor.py:830} INFO - Processing file /opt/airflow/dags/data/models/United Kingdom.13/TS_model.pkl for tasks to queue
[2024-08-17T03:12:41.150+0000] {logging_mixin.py:188} INFO - [2024-08-17T03:12:41.150+0000] {dagbag.py:545} INFO - Filling up the DagBag from /opt/airflow/dags/data/models/United Kingdom.13/TS_model.pkl
[2024-08-17T03:12:41.164+0000] {processor.py:842} WARNING - No viable dags retrieved from /opt/airflow/dags/data/models/United Kingdom.13/TS_model.pkl
[2024-08-17T03:12:41.175+0000] {processor.py:183} INFO - Processing /opt/airflow/dags/data/models/United Kingdom.13/TS_model.pkl took 0.030 seconds
[2024-08-17T03:13:12.031+0000] {processor.py:161} INFO - Started process (PID=99599) to work on /opt/airflow/dags/data/models/United Kingdom.13/TS_model.pkl
[2024-08-17T03:13:12.032+0000] {processor.py:830} INFO - Processing file /opt/airflow/dags/data/models/United Kingdom.13/TS_model.pkl for tasks to queue
[2024-08-17T03:13:12.033+0000] {logging_mixin.py:188} INFO - [2024-08-17T03:13:12.032+0000] {dagbag.py:545} INFO - Filling up the DagBag from /opt/airflow/dags/data/models/United Kingdom.13/TS_model.pkl
[2024-08-17T03:13:12.051+0000] {processor.py:842} WARNING - No viable dags retrieved from /opt/airflow/dags/data/models/United Kingdom.13/TS_model.pkl
[2024-08-17T03:13:12.060+0000] {processor.py:183} INFO - Processing /opt/airflow/dags/data/models/United Kingdom.13/TS_model.pkl took 0.035 seconds
[2024-08-17T03:13:42.528+0000] {processor.py:161} INFO - Started process (PID=338) to work on /opt/airflow/dags/data/models/United Kingdom.13/TS_model.pkl
[2024-08-17T03:13:42.529+0000] {processor.py:830} INFO - Processing file /opt/airflow/dags/data/models/United Kingdom.13/TS_model.pkl for tasks to queue
[2024-08-17T03:13:42.530+0000] {logging_mixin.py:188} INFO - [2024-08-17T03:13:42.530+0000] {dagbag.py:545} INFO - Filling up the DagBag from /opt/airflow/dags/data/models/United Kingdom.13/TS_model.pkl
[2024-08-17T03:13:42.538+0000] {processor.py:842} WARNING - No viable dags retrieved from /opt/airflow/dags/data/models/United Kingdom.13/TS_model.pkl
[2024-08-17T03:13:42.548+0000] {processor.py:183} INFO - Processing /opt/airflow/dags/data/models/United Kingdom.13/TS_model.pkl took 0.024 seconds
[2024-08-17T03:14:13.382+0000] {processor.py:161} INFO - Started process (PID=792) to work on /opt/airflow/dags/data/models/United Kingdom.13/TS_model.pkl
[2024-08-17T03:14:13.383+0000] {processor.py:830} INFO - Processing file /opt/airflow/dags/data/models/United Kingdom.13/TS_model.pkl for tasks to queue
[2024-08-17T03:14:13.384+0000] {logging_mixin.py:188} INFO - [2024-08-17T03:14:13.384+0000] {dagbag.py:545} INFO - Filling up the DagBag from /opt/airflow/dags/data/models/United Kingdom.13/TS_model.pkl
[2024-08-17T03:14:13.395+0000] {processor.py:842} WARNING - No viable dags retrieved from /opt/airflow/dags/data/models/United Kingdom.13/TS_model.pkl
[2024-08-17T03:14:13.405+0000] {processor.py:183} INFO - Processing /opt/airflow/dags/data/models/United Kingdom.13/TS_model.pkl took 0.026 seconds
[2024-08-17T03:14:43.856+0000] {processor.py:161} INFO - Started process (PID=1216) to work on /opt/airflow/dags/data/models/United Kingdom.13/TS_model.pkl
[2024-08-17T03:14:43.857+0000] {processor.py:830} INFO - Processing file /opt/airflow/dags/data/models/United Kingdom.13/TS_model.pkl for tasks to queue
[2024-08-17T03:14:43.857+0000] {logging_mixin.py:188} INFO - [2024-08-17T03:14:43.857+0000] {dagbag.py:545} INFO - Filling up the DagBag from /opt/airflow/dags/data/models/United Kingdom.13/TS_model.pkl
[2024-08-17T03:14:43.865+0000] {processor.py:842} WARNING - No viable dags retrieved from /opt/airflow/dags/data/models/United Kingdom.13/TS_model.pkl
[2024-08-17T03:14:43.874+0000] {processor.py:183} INFO - Processing /opt/airflow/dags/data/models/United Kingdom.13/TS_model.pkl took 0.022 seconds
[2024-08-17T03:15:14.619+0000] {processor.py:161} INFO - Started process (PID=1636) to work on /opt/airflow/dags/data/models/United Kingdom.13/TS_model.pkl
[2024-08-17T03:15:14.619+0000] {processor.py:830} INFO - Processing file /opt/airflow/dags/data/models/United Kingdom.13/TS_model.pkl for tasks to queue
[2024-08-17T03:15:14.620+0000] {logging_mixin.py:188} INFO - [2024-08-17T03:15:14.620+0000] {dagbag.py:545} INFO - Filling up the DagBag from /opt/airflow/dags/data/models/United Kingdom.13/TS_model.pkl
[2024-08-17T03:15:14.628+0000] {processor.py:842} WARNING - No viable dags retrieved from /opt/airflow/dags/data/models/United Kingdom.13/TS_model.pkl
[2024-08-17T03:15:14.637+0000] {processor.py:183} INFO - Processing /opt/airflow/dags/data/models/United Kingdom.13/TS_model.pkl took 0.022 seconds
[2024-08-17T03:15:45.820+0000] {processor.py:161} INFO - Started process (PID=2062) to work on /opt/airflow/dags/data/models/United Kingdom.13/TS_model.pkl
[2024-08-17T03:15:45.821+0000] {processor.py:830} INFO - Processing file /opt/airflow/dags/data/models/United Kingdom.13/TS_model.pkl for tasks to queue
[2024-08-17T03:15:45.822+0000] {logging_mixin.py:188} INFO - [2024-08-17T03:15:45.822+0000] {dagbag.py:545} INFO - Filling up the DagBag from /opt/airflow/dags/data/models/United Kingdom.13/TS_model.pkl
[2024-08-17T03:15:45.832+0000] {processor.py:842} WARNING - No viable dags retrieved from /opt/airflow/dags/data/models/United Kingdom.13/TS_model.pkl
[2024-08-17T03:15:45.842+0000] {processor.py:183} INFO - Processing /opt/airflow/dags/data/models/United Kingdom.13/TS_model.pkl took 0.025 seconds
[2024-08-17T03:16:16.176+0000] {processor.py:161} INFO - Started process (PID=2516) to work on /opt/airflow/dags/data/models/United Kingdom.13/TS_model.pkl
[2024-08-17T03:16:16.177+0000] {processor.py:830} INFO - Processing file /opt/airflow/dags/data/models/United Kingdom.13/TS_model.pkl for tasks to queue
[2024-08-17T03:16:16.177+0000] {logging_mixin.py:188} INFO - [2024-08-17T03:16:16.177+0000] {dagbag.py:545} INFO - Filling up the DagBag from /opt/airflow/dags/data/models/United Kingdom.13/TS_model.pkl
[2024-08-17T03:16:16.187+0000] {processor.py:842} WARNING - No viable dags retrieved from /opt/airflow/dags/data/models/United Kingdom.13/TS_model.pkl
[2024-08-17T03:16:16.196+0000] {processor.py:183} INFO - Processing /opt/airflow/dags/data/models/United Kingdom.13/TS_model.pkl took 0.024 seconds
[2024-08-17T03:16:47.673+0000] {processor.py:161} INFO - Started process (PID=2945) to work on /opt/airflow/dags/data/models/United Kingdom.13/TS_model.pkl
[2024-08-17T03:16:47.673+0000] {processor.py:830} INFO - Processing file /opt/airflow/dags/data/models/United Kingdom.13/TS_model.pkl for tasks to queue
[2024-08-17T03:16:47.674+0000] {logging_mixin.py:188} INFO - [2024-08-17T03:16:47.674+0000] {dagbag.py:545} INFO - Filling up the DagBag from /opt/airflow/dags/data/models/United Kingdom.13/TS_model.pkl
[2024-08-17T03:16:47.685+0000] {processor.py:842} WARNING - No viable dags retrieved from /opt/airflow/dags/data/models/United Kingdom.13/TS_model.pkl
[2024-08-17T03:16:47.695+0000] {processor.py:183} INFO - Processing /opt/airflow/dags/data/models/United Kingdom.13/TS_model.pkl took 0.025 seconds
[2024-08-17T03:17:18.703+0000] {processor.py:161} INFO - Started process (PID=3371) to work on /opt/airflow/dags/data/models/United Kingdom.13/TS_model.pkl
[2024-08-17T03:17:18.703+0000] {processor.py:830} INFO - Processing file /opt/airflow/dags/data/models/United Kingdom.13/TS_model.pkl for tasks to queue
[2024-08-17T03:17:18.704+0000] {logging_mixin.py:188} INFO - [2024-08-17T03:17:18.703+0000] {dagbag.py:545} INFO - Filling up the DagBag from /opt/airflow/dags/data/models/United Kingdom.13/TS_model.pkl
[2024-08-17T03:17:18.711+0000] {processor.py:842} WARNING - No viable dags retrieved from /opt/airflow/dags/data/models/United Kingdom.13/TS_model.pkl
[2024-08-17T03:17:18.720+0000] {processor.py:183} INFO - Processing /opt/airflow/dags/data/models/United Kingdom.13/TS_model.pkl took 0.021 seconds
[2024-08-17T03:17:49.699+0000] {processor.py:161} INFO - Started process (PID=3804) to work on /opt/airflow/dags/data/models/United Kingdom.13/TS_model.pkl
[2024-08-17T03:17:49.700+0000] {processor.py:830} INFO - Processing file /opt/airflow/dags/data/models/United Kingdom.13/TS_model.pkl for tasks to queue
[2024-08-17T03:17:49.704+0000] {logging_mixin.py:188} INFO - [2024-08-17T03:17:49.703+0000] {dagbag.py:545} INFO - Filling up the DagBag from /opt/airflow/dags/data/models/United Kingdom.13/TS_model.pkl
[2024-08-17T03:17:49.718+0000] {processor.py:842} WARNING - No viable dags retrieved from /opt/airflow/dags/data/models/United Kingdom.13/TS_model.pkl
[2024-08-17T03:17:49.727+0000] {processor.py:183} INFO - Processing /opt/airflow/dags/data/models/United Kingdom.13/TS_model.pkl took 0.033 seconds
[2024-08-17T03:18:20.925+0000] {processor.py:161} INFO - Started process (PID=4239) to work on /opt/airflow/dags/data/models/United Kingdom.13/TS_model.pkl
[2024-08-17T03:18:20.926+0000] {processor.py:830} INFO - Processing file /opt/airflow/dags/data/models/United Kingdom.13/TS_model.pkl for tasks to queue
[2024-08-17T03:18:20.927+0000] {logging_mixin.py:188} INFO - [2024-08-17T03:18:20.927+0000] {dagbag.py:545} INFO - Filling up the DagBag from /opt/airflow/dags/data/models/United Kingdom.13/TS_model.pkl
[2024-08-17T03:18:20.937+0000] {processor.py:842} WARNING - No viable dags retrieved from /opt/airflow/dags/data/models/United Kingdom.13/TS_model.pkl
[2024-08-17T03:18:20.947+0000] {processor.py:183} INFO - Processing /opt/airflow/dags/data/models/United Kingdom.13/TS_model.pkl took 0.026 seconds
[2024-08-17T03:18:56.684+0000] {processor.py:161} INFO - Started process (PID=4709) to work on /opt/airflow/dags/data/models/United Kingdom.13/TS_model.pkl
[2024-08-17T03:18:56.684+0000] {processor.py:830} INFO - Processing file /opt/airflow/dags/data/models/United Kingdom.13/TS_model.pkl for tasks to queue
[2024-08-17T03:18:56.685+0000] {logging_mixin.py:188} INFO - [2024-08-17T03:18:56.685+0000] {dagbag.py:545} INFO - Filling up the DagBag from /opt/airflow/dags/data/models/United Kingdom.13/TS_model.pkl
[2024-08-17T03:18:56.693+0000] {processor.py:842} WARNING - No viable dags retrieved from /opt/airflow/dags/data/models/United Kingdom.13/TS_model.pkl
[2024-08-17T03:18:56.702+0000] {processor.py:183} INFO - Processing /opt/airflow/dags/data/models/United Kingdom.13/TS_model.pkl took 0.022 seconds
[2024-08-17T03:19:27.417+0000] {processor.py:161} INFO - Started process (PID=5137) to work on /opt/airflow/dags/data/models/United Kingdom.13/TS_model.pkl
[2024-08-17T03:19:27.417+0000] {processor.py:830} INFO - Processing file /opt/airflow/dags/data/models/United Kingdom.13/TS_model.pkl for tasks to queue
[2024-08-17T03:19:27.418+0000] {logging_mixin.py:188} INFO - [2024-08-17T03:19:27.418+0000] {dagbag.py:545} INFO - Filling up the DagBag from /opt/airflow/dags/data/models/United Kingdom.13/TS_model.pkl
[2024-08-17T03:19:27.425+0000] {processor.py:842} WARNING - No viable dags retrieved from /opt/airflow/dags/data/models/United Kingdom.13/TS_model.pkl
[2024-08-17T03:19:27.435+0000] {processor.py:183} INFO - Processing /opt/airflow/dags/data/models/United Kingdom.13/TS_model.pkl took 0.022 seconds
[2024-08-17T03:19:58.128+0000] {processor.py:161} INFO - Started process (PID=5591) to work on /opt/airflow/dags/data/models/United Kingdom.13/TS_model.pkl
[2024-08-17T03:19:58.129+0000] {processor.py:830} INFO - Processing file /opt/airflow/dags/data/models/United Kingdom.13/TS_model.pkl for tasks to queue
[2024-08-17T03:19:58.129+0000] {logging_mixin.py:188} INFO - [2024-08-17T03:19:58.129+0000] {dagbag.py:545} INFO - Filling up the DagBag from /opt/airflow/dags/data/models/United Kingdom.13/TS_model.pkl
[2024-08-17T03:19:58.136+0000] {processor.py:842} WARNING - No viable dags retrieved from /opt/airflow/dags/data/models/United Kingdom.13/TS_model.pkl
[2024-08-17T03:19:58.146+0000] {processor.py:183} INFO - Processing /opt/airflow/dags/data/models/United Kingdom.13/TS_model.pkl took 0.021 seconds
[2024-08-17T03:20:28.761+0000] {processor.py:161} INFO - Started process (PID=6018) to work on /opt/airflow/dags/data/models/United Kingdom.13/TS_model.pkl
[2024-08-17T03:20:28.762+0000] {processor.py:830} INFO - Processing file /opt/airflow/dags/data/models/United Kingdom.13/TS_model.pkl for tasks to queue
[2024-08-17T03:20:28.762+0000] {logging_mixin.py:188} INFO - [2024-08-17T03:20:28.762+0000] {dagbag.py:545} INFO - Filling up the DagBag from /opt/airflow/dags/data/models/United Kingdom.13/TS_model.pkl
[2024-08-17T03:20:28.773+0000] {processor.py:842} WARNING - No viable dags retrieved from /opt/airflow/dags/data/models/United Kingdom.13/TS_model.pkl
[2024-08-17T03:20:28.782+0000] {processor.py:183} INFO - Processing /opt/airflow/dags/data/models/United Kingdom.13/TS_model.pkl took 0.024 seconds
[2024-08-17T03:20:59.360+0000] {processor.py:161} INFO - Started process (PID=6472) to work on /opt/airflow/dags/data/models/United Kingdom.13/TS_model.pkl
[2024-08-17T03:20:59.362+0000] {processor.py:830} INFO - Processing file /opt/airflow/dags/data/models/United Kingdom.13/TS_model.pkl for tasks to queue
[2024-08-17T03:20:59.363+0000] {logging_mixin.py:188} INFO - [2024-08-17T03:20:59.363+0000] {dagbag.py:545} INFO - Filling up the DagBag from /opt/airflow/dags/data/models/United Kingdom.13/TS_model.pkl
[2024-08-17T03:20:59.372+0000] {processor.py:842} WARNING - No viable dags retrieved from /opt/airflow/dags/data/models/United Kingdom.13/TS_model.pkl
[2024-08-17T03:20:59.382+0000] {processor.py:183} INFO - Processing /opt/airflow/dags/data/models/United Kingdom.13/TS_model.pkl took 0.025 seconds
[2024-08-17T03:21:30.005+0000] {processor.py:161} INFO - Started process (PID=6907) to work on /opt/airflow/dags/data/models/United Kingdom.13/TS_model.pkl
[2024-08-17T03:21:30.005+0000] {processor.py:830} INFO - Processing file /opt/airflow/dags/data/models/United Kingdom.13/TS_model.pkl for tasks to queue
[2024-08-17T03:21:30.006+0000] {logging_mixin.py:188} INFO - [2024-08-17T03:21:30.006+0000] {dagbag.py:545} INFO - Filling up the DagBag from /opt/airflow/dags/data/models/United Kingdom.13/TS_model.pkl
[2024-08-17T03:21:30.014+0000] {processor.py:842} WARNING - No viable dags retrieved from /opt/airflow/dags/data/models/United Kingdom.13/TS_model.pkl
[2024-08-17T03:21:30.024+0000] {processor.py:183} INFO - Processing /opt/airflow/dags/data/models/United Kingdom.13/TS_model.pkl took 0.023 seconds
[2024-08-17T03:22:00.568+0000] {processor.py:161} INFO - Started process (PID=7349) to work on /opt/airflow/dags/data/models/United Kingdom.13/TS_model.pkl
[2024-08-17T03:22:00.569+0000] {processor.py:830} INFO - Processing file /opt/airflow/dags/data/models/United Kingdom.13/TS_model.pkl for tasks to queue
[2024-08-17T03:22:00.570+0000] {logging_mixin.py:188} INFO - [2024-08-17T03:22:00.569+0000] {dagbag.py:545} INFO - Filling up the DagBag from /opt/airflow/dags/data/models/United Kingdom.13/TS_model.pkl
[2024-08-17T03:22:00.578+0000] {processor.py:842} WARNING - No viable dags retrieved from /opt/airflow/dags/data/models/United Kingdom.13/TS_model.pkl
[2024-08-17T03:22:00.588+0000] {processor.py:183} INFO - Processing /opt/airflow/dags/data/models/United Kingdom.13/TS_model.pkl took 0.024 seconds
[2024-08-17T03:22:31.204+0000] {processor.py:161} INFO - Started process (PID=7803) to work on /opt/airflow/dags/data/models/United Kingdom.13/TS_model.pkl
[2024-08-17T03:22:31.204+0000] {processor.py:830} INFO - Processing file /opt/airflow/dags/data/models/United Kingdom.13/TS_model.pkl for tasks to queue
[2024-08-17T03:22:31.205+0000] {logging_mixin.py:188} INFO - [2024-08-17T03:22:31.205+0000] {dagbag.py:545} INFO - Filling up the DagBag from /opt/airflow/dags/data/models/United Kingdom.13/TS_model.pkl
[2024-08-17T03:22:31.214+0000] {processor.py:842} WARNING - No viable dags retrieved from /opt/airflow/dags/data/models/United Kingdom.13/TS_model.pkl
[2024-08-17T03:22:31.224+0000] {processor.py:183} INFO - Processing /opt/airflow/dags/data/models/United Kingdom.13/TS_model.pkl took 0.024 seconds
[2024-08-17T03:23:02.586+0000] {processor.py:161} INFO - Started process (PID=8212) to work on /opt/airflow/dags/data/models/United Kingdom.13/TS_model.pkl
[2024-08-17T03:23:02.587+0000] {processor.py:830} INFO - Processing file /opt/airflow/dags/data/models/United Kingdom.13/TS_model.pkl for tasks to queue
[2024-08-17T03:23:02.588+0000] {logging_mixin.py:188} INFO - [2024-08-17T03:23:02.587+0000] {dagbag.py:545} INFO - Filling up the DagBag from /opt/airflow/dags/data/models/United Kingdom.13/TS_model.pkl
[2024-08-17T03:23:02.596+0000] {processor.py:842} WARNING - No viable dags retrieved from /opt/airflow/dags/data/models/United Kingdom.13/TS_model.pkl
[2024-08-17T03:23:02.604+0000] {processor.py:183} INFO - Processing /opt/airflow/dags/data/models/United Kingdom.13/TS_model.pkl took 0.021 seconds
[2024-08-17T03:23:33.524+0000] {processor.py:161} INFO - Started process (PID=8664) to work on /opt/airflow/dags/data/models/United Kingdom.13/TS_model.pkl
[2024-08-17T03:23:33.525+0000] {processor.py:830} INFO - Processing file /opt/airflow/dags/data/models/United Kingdom.13/TS_model.pkl for tasks to queue
[2024-08-17T03:23:33.526+0000] {logging_mixin.py:188} INFO - [2024-08-17T03:23:33.525+0000] {dagbag.py:545} INFO - Filling up the DagBag from /opt/airflow/dags/data/models/United Kingdom.13/TS_model.pkl
[2024-08-17T03:23:33.535+0000] {processor.py:842} WARNING - No viable dags retrieved from /opt/airflow/dags/data/models/United Kingdom.13/TS_model.pkl
[2024-08-17T03:23:33.544+0000] {processor.py:183} INFO - Processing /opt/airflow/dags/data/models/United Kingdom.13/TS_model.pkl took 0.024 seconds
[2024-08-17T03:24:04.137+0000] {processor.py:161} INFO - Started process (PID=9118) to work on /opt/airflow/dags/data/models/United Kingdom.13/TS_model.pkl
[2024-08-17T03:24:04.141+0000] {processor.py:830} INFO - Processing file /opt/airflow/dags/data/models/United Kingdom.13/TS_model.pkl for tasks to queue
[2024-08-17T03:24:04.144+0000] {logging_mixin.py:188} INFO - [2024-08-17T03:24:04.144+0000] {dagbag.py:545} INFO - Filling up the DagBag from /opt/airflow/dags/data/models/United Kingdom.13/TS_model.pkl
[2024-08-17T03:24:04.173+0000] {processor.py:842} WARNING - No viable dags retrieved from /opt/airflow/dags/data/models/United Kingdom.13/TS_model.pkl
[2024-08-17T03:24:04.185+0000] {processor.py:183} INFO - Processing /opt/airflow/dags/data/models/United Kingdom.13/TS_model.pkl took 0.053 seconds
[2024-08-17T03:24:34.696+0000] {processor.py:161} INFO - Started process (PID=9504) to work on /opt/airflow/dags/data/models/United Kingdom.13/TS_model.pkl
[2024-08-17T03:24:34.697+0000] {processor.py:830} INFO - Processing file /opt/airflow/dags/data/models/United Kingdom.13/TS_model.pkl for tasks to queue
[2024-08-17T03:24:34.697+0000] {logging_mixin.py:188} INFO - [2024-08-17T03:24:34.697+0000] {dagbag.py:545} INFO - Filling up the DagBag from /opt/airflow/dags/data/models/United Kingdom.13/TS_model.pkl
[2024-08-17T03:24:34.709+0000] {processor.py:842} WARNING - No viable dags retrieved from /opt/airflow/dags/data/models/United Kingdom.13/TS_model.pkl
[2024-08-17T03:24:34.718+0000] {processor.py:183} INFO - Processing /opt/airflow/dags/data/models/United Kingdom.13/TS_model.pkl took 0.025 seconds
[2024-08-17T03:25:05.926+0000] {processor.py:161} INFO - Started process (PID=9958) to work on /opt/airflow/dags/data/models/United Kingdom.13/TS_model.pkl
[2024-08-17T03:25:05.927+0000] {processor.py:830} INFO - Processing file /opt/airflow/dags/data/models/United Kingdom.13/TS_model.pkl for tasks to queue
[2024-08-17T03:25:05.928+0000] {logging_mixin.py:188} INFO - [2024-08-17T03:25:05.928+0000] {dagbag.py:545} INFO - Filling up the DagBag from /opt/airflow/dags/data/models/United Kingdom.13/TS_model.pkl
[2024-08-17T03:25:05.939+0000] {processor.py:842} WARNING - No viable dags retrieved from /opt/airflow/dags/data/models/United Kingdom.13/TS_model.pkl
[2024-08-17T03:25:05.948+0000] {processor.py:183} INFO - Processing /opt/airflow/dags/data/models/United Kingdom.13/TS_model.pkl took 0.026 seconds
[2024-08-17T03:25:36.943+0000] {processor.py:161} INFO - Started process (PID=10386) to work on /opt/airflow/dags/data/models/United Kingdom.13/TS_model.pkl
[2024-08-17T03:25:36.943+0000] {processor.py:830} INFO - Processing file /opt/airflow/dags/data/models/United Kingdom.13/TS_model.pkl for tasks to queue
[2024-08-17T03:25:36.945+0000] {logging_mixin.py:188} INFO - [2024-08-17T03:25:36.945+0000] {dagbag.py:545} INFO - Filling up the DagBag from /opt/airflow/dags/data/models/United Kingdom.13/TS_model.pkl
[2024-08-17T03:25:36.957+0000] {processor.py:842} WARNING - No viable dags retrieved from /opt/airflow/dags/data/models/United Kingdom.13/TS_model.pkl
[2024-08-17T03:25:36.967+0000] {processor.py:183} INFO - Processing /opt/airflow/dags/data/models/United Kingdom.13/TS_model.pkl took 0.028 seconds
[2024-08-17T03:26:07.951+0000] {processor.py:161} INFO - Started process (PID=10840) to work on /opt/airflow/dags/data/models/United Kingdom.13/TS_model.pkl
[2024-08-17T03:26:07.952+0000] {processor.py:830} INFO - Processing file /opt/airflow/dags/data/models/United Kingdom.13/TS_model.pkl for tasks to queue
[2024-08-17T03:26:07.953+0000] {logging_mixin.py:188} INFO - [2024-08-17T03:26:07.953+0000] {dagbag.py:545} INFO - Filling up the DagBag from /opt/airflow/dags/data/models/United Kingdom.13/TS_model.pkl
[2024-08-17T03:26:07.963+0000] {processor.py:842} WARNING - No viable dags retrieved from /opt/airflow/dags/data/models/United Kingdom.13/TS_model.pkl
[2024-08-17T03:26:07.973+0000] {processor.py:183} INFO - Processing /opt/airflow/dags/data/models/United Kingdom.13/TS_model.pkl took 0.026 seconds
[2024-08-17T03:26:39.228+0000] {processor.py:161} INFO - Started process (PID=11294) to work on /opt/airflow/dags/data/models/United Kingdom.13/TS_model.pkl
[2024-08-17T03:26:39.233+0000] {processor.py:830} INFO - Processing file /opt/airflow/dags/data/models/United Kingdom.13/TS_model.pkl for tasks to queue
[2024-08-17T03:26:39.235+0000] {logging_mixin.py:188} INFO - [2024-08-17T03:26:39.235+0000] {dagbag.py:545} INFO - Filling up the DagBag from /opt/airflow/dags/data/models/United Kingdom.13/TS_model.pkl
[2024-08-17T03:26:39.244+0000] {processor.py:842} WARNING - No viable dags retrieved from /opt/airflow/dags/data/models/United Kingdom.13/TS_model.pkl
[2024-08-17T03:26:39.253+0000] {processor.py:183} INFO - Processing /opt/airflow/dags/data/models/United Kingdom.13/TS_model.pkl took 0.029 seconds
[2024-08-17T03:27:10.195+0000] {processor.py:161} INFO - Started process (PID=11722) to work on /opt/airflow/dags/data/models/United Kingdom.13/TS_model.pkl
[2024-08-17T03:27:10.198+0000] {processor.py:830} INFO - Processing file /opt/airflow/dags/data/models/United Kingdom.13/TS_model.pkl for tasks to queue
[2024-08-17T03:27:10.198+0000] {logging_mixin.py:188} INFO - [2024-08-17T03:27:10.198+0000] {dagbag.py:545} INFO - Filling up the DagBag from /opt/airflow/dags/data/models/United Kingdom.13/TS_model.pkl
[2024-08-17T03:27:10.207+0000] {processor.py:842} WARNING - No viable dags retrieved from /opt/airflow/dags/data/models/United Kingdom.13/TS_model.pkl
[2024-08-17T03:27:10.216+0000] {processor.py:183} INFO - Processing /opt/airflow/dags/data/models/United Kingdom.13/TS_model.pkl took 0.025 seconds
[2024-08-17T03:27:41.028+0000] {processor.py:161} INFO - Started process (PID=12176) to work on /opt/airflow/dags/data/models/United Kingdom.13/TS_model.pkl
[2024-08-17T03:27:41.029+0000] {processor.py:830} INFO - Processing file /opt/airflow/dags/data/models/United Kingdom.13/TS_model.pkl for tasks to queue
[2024-08-17T03:27:41.029+0000] {logging_mixin.py:188} INFO - [2024-08-17T03:27:41.029+0000] {dagbag.py:545} INFO - Filling up the DagBag from /opt/airflow/dags/data/models/United Kingdom.13/TS_model.pkl
[2024-08-17T03:27:41.037+0000] {processor.py:842} WARNING - No viable dags retrieved from /opt/airflow/dags/data/models/United Kingdom.13/TS_model.pkl
[2024-08-17T03:27:41.047+0000] {processor.py:183} INFO - Processing /opt/airflow/dags/data/models/United Kingdom.13/TS_model.pkl took 0.023 seconds
[2024-08-17T03:28:12.335+0000] {processor.py:161} INFO - Started process (PID=12630) to work on /opt/airflow/dags/data/models/United Kingdom.13/TS_model.pkl
[2024-08-17T03:28:12.336+0000] {processor.py:830} INFO - Processing file /opt/airflow/dags/data/models/United Kingdom.13/TS_model.pkl for tasks to queue
[2024-08-17T03:28:12.336+0000] {logging_mixin.py:188} INFO - [2024-08-17T03:28:12.336+0000] {dagbag.py:545} INFO - Filling up the DagBag from /opt/airflow/dags/data/models/United Kingdom.13/TS_model.pkl
[2024-08-17T03:28:12.347+0000] {processor.py:842} WARNING - No viable dags retrieved from /opt/airflow/dags/data/models/United Kingdom.13/TS_model.pkl
[2024-08-17T03:28:12.357+0000] {processor.py:183} INFO - Processing /opt/airflow/dags/data/models/United Kingdom.13/TS_model.pkl took 0.025 seconds
[2024-08-17T03:28:43.276+0000] {processor.py:161} INFO - Started process (PID=13058) to work on /opt/airflow/dags/data/models/United Kingdom.13/TS_model.pkl
[2024-08-17T03:28:43.277+0000] {processor.py:830} INFO - Processing file /opt/airflow/dags/data/models/United Kingdom.13/TS_model.pkl for tasks to queue
[2024-08-17T03:28:43.277+0000] {logging_mixin.py:188} INFO - [2024-08-17T03:28:43.277+0000] {dagbag.py:545} INFO - Filling up the DagBag from /opt/airflow/dags/data/models/United Kingdom.13/TS_model.pkl
[2024-08-17T03:28:43.285+0000] {processor.py:842} WARNING - No viable dags retrieved from /opt/airflow/dags/data/models/United Kingdom.13/TS_model.pkl
[2024-08-17T03:28:43.295+0000] {processor.py:183} INFO - Processing /opt/airflow/dags/data/models/United Kingdom.13/TS_model.pkl took 0.023 seconds
[2024-08-17T03:29:14.301+0000] {processor.py:161} INFO - Started process (PID=13511) to work on /opt/airflow/dags/data/models/United Kingdom.13/TS_model.pkl
[2024-08-17T03:29:14.301+0000] {processor.py:830} INFO - Processing file /opt/airflow/dags/data/models/United Kingdom.13/TS_model.pkl for tasks to queue
[2024-08-17T03:29:14.302+0000] {logging_mixin.py:188} INFO - [2024-08-17T03:29:14.302+0000] {dagbag.py:545} INFO - Filling up the DagBag from /opt/airflow/dags/data/models/United Kingdom.13/TS_model.pkl
[2024-08-17T03:29:14.324+0000] {processor.py:842} WARNING - No viable dags retrieved from /opt/airflow/dags/data/models/United Kingdom.13/TS_model.pkl
[2024-08-17T03:29:14.333+0000] {processor.py:183} INFO - Processing /opt/airflow/dags/data/models/United Kingdom.13/TS_model.pkl took 0.036 seconds
[2024-08-17T03:29:45.660+0000] {processor.py:161} INFO - Started process (PID=13965) to work on /opt/airflow/dags/data/models/United Kingdom.13/TS_model.pkl
[2024-08-17T03:29:45.660+0000] {processor.py:830} INFO - Processing file /opt/airflow/dags/data/models/United Kingdom.13/TS_model.pkl for tasks to queue
[2024-08-17T03:29:45.661+0000] {logging_mixin.py:188} INFO - [2024-08-17T03:29:45.661+0000] {dagbag.py:545} INFO - Filling up the DagBag from /opt/airflow/dags/data/models/United Kingdom.13/TS_model.pkl
[2024-08-17T03:29:45.670+0000] {processor.py:842} WARNING - No viable dags retrieved from /opt/airflow/dags/data/models/United Kingdom.13/TS_model.pkl
[2024-08-17T03:29:45.680+0000] {processor.py:183} INFO - Processing /opt/airflow/dags/data/models/United Kingdom.13/TS_model.pkl took 0.024 seconds
[2024-08-17T03:30:16.312+0000] {processor.py:161} INFO - Started process (PID=14374) to work on /opt/airflow/dags/data/models/United Kingdom.13/TS_model.pkl
[2024-08-17T03:30:16.313+0000] {processor.py:830} INFO - Processing file /opt/airflow/dags/data/models/United Kingdom.13/TS_model.pkl for tasks to queue
[2024-08-17T03:30:16.313+0000] {logging_mixin.py:188} INFO - [2024-08-17T03:30:16.313+0000] {dagbag.py:545} INFO - Filling up the DagBag from /opt/airflow/dags/data/models/United Kingdom.13/TS_model.pkl
[2024-08-17T03:30:16.323+0000] {processor.py:842} WARNING - No viable dags retrieved from /opt/airflow/dags/data/models/United Kingdom.13/TS_model.pkl
[2024-08-17T03:30:16.331+0000] {processor.py:183} INFO - Processing /opt/airflow/dags/data/models/United Kingdom.13/TS_model.pkl took 0.022 seconds
[2024-08-17T03:30:47.621+0000] {processor.py:161} INFO - Started process (PID=14826) to work on /opt/airflow/dags/data/models/United Kingdom.13/TS_model.pkl
[2024-08-17T03:30:47.621+0000] {processor.py:830} INFO - Processing file /opt/airflow/dags/data/models/United Kingdom.13/TS_model.pkl for tasks to queue
[2024-08-17T03:30:47.622+0000] {logging_mixin.py:188} INFO - [2024-08-17T03:30:47.622+0000] {dagbag.py:545} INFO - Filling up the DagBag from /opt/airflow/dags/data/models/United Kingdom.13/TS_model.pkl
[2024-08-17T03:30:47.630+0000] {processor.py:842} WARNING - No viable dags retrieved from /opt/airflow/dags/data/models/United Kingdom.13/TS_model.pkl
[2024-08-17T03:30:47.639+0000] {processor.py:183} INFO - Processing /opt/airflow/dags/data/models/United Kingdom.13/TS_model.pkl took 0.022 seconds
[2024-08-17T03:31:18.656+0000] {processor.py:161} INFO - Started process (PID=15262) to work on /opt/airflow/dags/data/models/United Kingdom.13/TS_model.pkl
[2024-08-17T03:31:18.657+0000] {processor.py:830} INFO - Processing file /opt/airflow/dags/data/models/United Kingdom.13/TS_model.pkl for tasks to queue
[2024-08-17T03:31:18.658+0000] {logging_mixin.py:188} INFO - [2024-08-17T03:31:18.657+0000] {dagbag.py:545} INFO - Filling up the DagBag from /opt/airflow/dags/data/models/United Kingdom.13/TS_model.pkl
[2024-08-17T03:31:18.667+0000] {processor.py:842} WARNING - No viable dags retrieved from /opt/airflow/dags/data/models/United Kingdom.13/TS_model.pkl
[2024-08-17T03:31:18.677+0000] {processor.py:183} INFO - Processing /opt/airflow/dags/data/models/United Kingdom.13/TS_model.pkl took 0.024 seconds
[2024-08-17T03:31:49.890+0000] {processor.py:161} INFO - Started process (PID=15690) to work on /opt/airflow/dags/data/models/United Kingdom.13/TS_model.pkl
[2024-08-17T03:31:49.891+0000] {processor.py:830} INFO - Processing file /opt/airflow/dags/data/models/United Kingdom.13/TS_model.pkl for tasks to queue
[2024-08-17T03:31:49.891+0000] {logging_mixin.py:188} INFO - [2024-08-17T03:31:49.891+0000] {dagbag.py:545} INFO - Filling up the DagBag from /opt/airflow/dags/data/models/United Kingdom.13/TS_model.pkl
[2024-08-17T03:31:49.900+0000] {processor.py:842} WARNING - No viable dags retrieved from /opt/airflow/dags/data/models/United Kingdom.13/TS_model.pkl
[2024-08-17T03:31:49.909+0000] {processor.py:183} INFO - Processing /opt/airflow/dags/data/models/United Kingdom.13/TS_model.pkl took 0.022 seconds
[2024-08-17T03:32:20.649+0000] {processor.py:161} INFO - Started process (PID=16141) to work on /opt/airflow/dags/data/models/United Kingdom.13/TS_model.pkl
[2024-08-17T03:32:20.650+0000] {processor.py:830} INFO - Processing file /opt/airflow/dags/data/models/United Kingdom.13/TS_model.pkl for tasks to queue
[2024-08-17T03:32:20.651+0000] {logging_mixin.py:188} INFO - [2024-08-17T03:32:20.650+0000] {dagbag.py:545} INFO - Filling up the DagBag from /opt/airflow/dags/data/models/United Kingdom.13/TS_model.pkl
[2024-08-17T03:32:20.662+0000] {processor.py:842} WARNING - No viable dags retrieved from /opt/airflow/dags/data/models/United Kingdom.13/TS_model.pkl
[2024-08-17T03:32:20.672+0000] {processor.py:183} INFO - Processing /opt/airflow/dags/data/models/United Kingdom.13/TS_model.pkl took 0.026 seconds
[2024-08-17T03:32:51.421+0000] {processor.py:161} INFO - Started process (PID=16569) to work on /opt/airflow/dags/data/models/United Kingdom.13/TS_model.pkl
[2024-08-17T03:32:51.422+0000] {processor.py:830} INFO - Processing file /opt/airflow/dags/data/models/United Kingdom.13/TS_model.pkl for tasks to queue
[2024-08-17T03:32:51.423+0000] {logging_mixin.py:188} INFO - [2024-08-17T03:32:51.423+0000] {dagbag.py:545} INFO - Filling up the DagBag from /opt/airflow/dags/data/models/United Kingdom.13/TS_model.pkl
[2024-08-17T03:32:51.431+0000] {processor.py:842} WARNING - No viable dags retrieved from /opt/airflow/dags/data/models/United Kingdom.13/TS_model.pkl
[2024-08-17T03:32:51.441+0000] {processor.py:183} INFO - Processing /opt/airflow/dags/data/models/United Kingdom.13/TS_model.pkl took 0.024 seconds
[2024-08-17T03:33:22.200+0000] {processor.py:161} INFO - Started process (PID=17023) to work on /opt/airflow/dags/data/models/United Kingdom.13/TS_model.pkl
[2024-08-17T03:33:22.200+0000] {processor.py:830} INFO - Processing file /opt/airflow/dags/data/models/United Kingdom.13/TS_model.pkl for tasks to queue
[2024-08-17T03:33:22.201+0000] {logging_mixin.py:188} INFO - [2024-08-17T03:33:22.201+0000] {dagbag.py:545} INFO - Filling up the DagBag from /opt/airflow/dags/data/models/United Kingdom.13/TS_model.pkl
[2024-08-17T03:33:22.210+0000] {processor.py:842} WARNING - No viable dags retrieved from /opt/airflow/dags/data/models/United Kingdom.13/TS_model.pkl
[2024-08-17T03:33:22.220+0000] {processor.py:183} INFO - Processing /opt/airflow/dags/data/models/United Kingdom.13/TS_model.pkl took 0.024 seconds
[2024-08-17T03:33:57.828+0000] {processor.py:161} INFO - Started process (PID=17464) to work on /opt/airflow/dags/data/models/United Kingdom.13/TS_model.pkl
[2024-08-17T03:33:57.829+0000] {processor.py:830} INFO - Processing file /opt/airflow/dags/data/models/United Kingdom.13/TS_model.pkl for tasks to queue
[2024-08-17T03:33:57.830+0000] {logging_mixin.py:188} INFO - [2024-08-17T03:33:57.829+0000] {dagbag.py:545} INFO - Filling up the DagBag from /opt/airflow/dags/data/models/United Kingdom.13/TS_model.pkl
[2024-08-17T03:33:57.839+0000] {processor.py:842} WARNING - No viable dags retrieved from /opt/airflow/dags/data/models/United Kingdom.13/TS_model.pkl
[2024-08-17T03:33:57.848+0000] {processor.py:183} INFO - Processing /opt/airflow/dags/data/models/United Kingdom.13/TS_model.pkl took 0.024 seconds
[2024-08-17T03:34:28.684+0000] {processor.py:161} INFO - Started process (PID=17918) to work on /opt/airflow/dags/data/models/United Kingdom.13/TS_model.pkl
[2024-08-17T03:34:28.685+0000] {processor.py:830} INFO - Processing file /opt/airflow/dags/data/models/United Kingdom.13/TS_model.pkl for tasks to queue
[2024-08-17T03:34:28.686+0000] {logging_mixin.py:188} INFO - [2024-08-17T03:34:28.686+0000] {dagbag.py:545} INFO - Filling up the DagBag from /opt/airflow/dags/data/models/United Kingdom.13/TS_model.pkl
[2024-08-17T03:34:28.695+0000] {processor.py:842} WARNING - No viable dags retrieved from /opt/airflow/dags/data/models/United Kingdom.13/TS_model.pkl
[2024-08-17T03:34:28.704+0000] {processor.py:183} INFO - Processing /opt/airflow/dags/data/models/United Kingdom.13/TS_model.pkl took 0.024 seconds
[2024-08-17T03:34:59.403+0000] {processor.py:161} INFO - Started process (PID=18346) to work on /opt/airflow/dags/data/models/United Kingdom.13/TS_model.pkl
[2024-08-17T03:34:59.403+0000] {processor.py:830} INFO - Processing file /opt/airflow/dags/data/models/United Kingdom.13/TS_model.pkl for tasks to queue
[2024-08-17T03:34:59.404+0000] {logging_mixin.py:188} INFO - [2024-08-17T03:34:59.404+0000] {dagbag.py:545} INFO - Filling up the DagBag from /opt/airflow/dags/data/models/United Kingdom.13/TS_model.pkl
[2024-08-17T03:34:59.412+0000] {processor.py:842} WARNING - No viable dags retrieved from /opt/airflow/dags/data/models/United Kingdom.13/TS_model.pkl
[2024-08-17T03:34:59.422+0000] {processor.py:183} INFO - Processing /opt/airflow/dags/data/models/United Kingdom.13/TS_model.pkl took 0.023 seconds
[2024-08-17T03:35:29.956+0000] {processor.py:161} INFO - Started process (PID=18800) to work on /opt/airflow/dags/data/models/United Kingdom.13/TS_model.pkl
[2024-08-17T03:35:29.957+0000] {processor.py:830} INFO - Processing file /opt/airflow/dags/data/models/United Kingdom.13/TS_model.pkl for tasks to queue
[2024-08-17T03:35:29.957+0000] {logging_mixin.py:188} INFO - [2024-08-17T03:35:29.957+0000] {dagbag.py:545} INFO - Filling up the DagBag from /opt/airflow/dags/data/models/United Kingdom.13/TS_model.pkl
[2024-08-17T03:35:29.967+0000] {processor.py:842} WARNING - No viable dags retrieved from /opt/airflow/dags/data/models/United Kingdom.13/TS_model.pkl
[2024-08-17T03:35:29.976+0000] {processor.py:183} INFO - Processing /opt/airflow/dags/data/models/United Kingdom.13/TS_model.pkl took 0.024 seconds
[2024-08-17T03:36:00.679+0000] {processor.py:161} INFO - Started process (PID=19228) to work on /opt/airflow/dags/data/models/United Kingdom.13/TS_model.pkl
[2024-08-17T03:36:00.680+0000] {processor.py:830} INFO - Processing file /opt/airflow/dags/data/models/United Kingdom.13/TS_model.pkl for tasks to queue
[2024-08-17T03:36:00.680+0000] {logging_mixin.py:188} INFO - [2024-08-17T03:36:00.680+0000] {dagbag.py:545} INFO - Filling up the DagBag from /opt/airflow/dags/data/models/United Kingdom.13/TS_model.pkl
[2024-08-17T03:36:00.687+0000] {processor.py:842} WARNING - No viable dags retrieved from /opt/airflow/dags/data/models/United Kingdom.13/TS_model.pkl
[2024-08-17T03:36:00.698+0000] {processor.py:183} INFO - Processing /opt/airflow/dags/data/models/United Kingdom.13/TS_model.pkl took 0.023 seconds
[2024-08-17T03:36:31.429+0000] {processor.py:161} INFO - Started process (PID=19682) to work on /opt/airflow/dags/data/models/United Kingdom.13/TS_model.pkl
[2024-08-17T03:36:31.429+0000] {processor.py:830} INFO - Processing file /opt/airflow/dags/data/models/United Kingdom.13/TS_model.pkl for tasks to queue
[2024-08-17T03:36:31.430+0000] {logging_mixin.py:188} INFO - [2024-08-17T03:36:31.430+0000] {dagbag.py:545} INFO - Filling up the DagBag from /opt/airflow/dags/data/models/United Kingdom.13/TS_model.pkl
[2024-08-17T03:36:31.439+0000] {processor.py:842} WARNING - No viable dags retrieved from /opt/airflow/dags/data/models/United Kingdom.13/TS_model.pkl
[2024-08-17T03:36:31.450+0000] {processor.py:183} INFO - Processing /opt/airflow/dags/data/models/United Kingdom.13/TS_model.pkl took 0.025 seconds
[2024-08-17T03:37:02.195+0000] {processor.py:161} INFO - Started process (PID=20135) to work on /opt/airflow/dags/data/models/United Kingdom.13/TS_model.pkl
[2024-08-17T03:37:02.196+0000] {processor.py:830} INFO - Processing file /opt/airflow/dags/data/models/United Kingdom.13/TS_model.pkl for tasks to queue
[2024-08-17T03:37:02.197+0000] {logging_mixin.py:188} INFO - [2024-08-17T03:37:02.196+0000] {dagbag.py:545} INFO - Filling up the DagBag from /opt/airflow/dags/data/models/United Kingdom.13/TS_model.pkl
[2024-08-17T03:37:02.205+0000] {processor.py:842} WARNING - No viable dags retrieved from /opt/airflow/dags/data/models/United Kingdom.13/TS_model.pkl
[2024-08-17T03:37:02.215+0000] {processor.py:183} INFO - Processing /opt/airflow/dags/data/models/United Kingdom.13/TS_model.pkl took 0.025 seconds
[2024-08-17T03:37:32.921+0000] {processor.py:161} INFO - Started process (PID=20563) to work on /opt/airflow/dags/data/models/United Kingdom.13/TS_model.pkl
[2024-08-17T03:37:32.922+0000] {processor.py:830} INFO - Processing file /opt/airflow/dags/data/models/United Kingdom.13/TS_model.pkl for tasks to queue
[2024-08-17T03:37:32.923+0000] {logging_mixin.py:188} INFO - [2024-08-17T03:37:32.922+0000] {dagbag.py:545} INFO - Filling up the DagBag from /opt/airflow/dags/data/models/United Kingdom.13/TS_model.pkl
[2024-08-17T03:37:32.934+0000] {processor.py:842} WARNING - No viable dags retrieved from /opt/airflow/dags/data/models/United Kingdom.13/TS_model.pkl
[2024-08-17T03:37:32.944+0000] {processor.py:183} INFO - Processing /opt/airflow/dags/data/models/United Kingdom.13/TS_model.pkl took 0.026 seconds
[2024-08-17T09:22:46.787+0000] {processor.py:161} INFO - Started process (PID=138) to work on /opt/airflow/dags/data/models/United Kingdom.13/TS_model.pkl
[2024-08-17T09:22:46.788+0000] {processor.py:830} INFO - Processing file /opt/airflow/dags/data/models/United Kingdom.13/TS_model.pkl for tasks to queue
[2024-08-17T09:22:46.789+0000] {logging_mixin.py:188} INFO - [2024-08-17T09:22:46.789+0000] {dagbag.py:545} INFO - Filling up the DagBag from /opt/airflow/dags/data/models/United Kingdom.13/TS_model.pkl
[2024-08-17T09:22:46.797+0000] {processor.py:842} WARNING - No viable dags retrieved from /opt/airflow/dags/data/models/United Kingdom.13/TS_model.pkl
[2024-08-17T09:22:46.806+0000] {processor.py:183} INFO - Processing /opt/airflow/dags/data/models/United Kingdom.13/TS_model.pkl took 0.022 seconds
[2024-08-17T09:23:18.839+0000] {processor.py:161} INFO - Started process (PID=594) to work on /opt/airflow/dags/data/models/United Kingdom.13/TS_model.pkl
[2024-08-17T09:23:18.840+0000] {processor.py:830} INFO - Processing file /opt/airflow/dags/data/models/United Kingdom.13/TS_model.pkl for tasks to queue
[2024-08-17T09:23:18.841+0000] {logging_mixin.py:188} INFO - [2024-08-17T09:23:18.841+0000] {dagbag.py:545} INFO - Filling up the DagBag from /opt/airflow/dags/data/models/United Kingdom.13/TS_model.pkl
[2024-08-17T09:23:18.848+0000] {processor.py:842} WARNING - No viable dags retrieved from /opt/airflow/dags/data/models/United Kingdom.13/TS_model.pkl
[2024-08-17T09:23:18.857+0000] {processor.py:183} INFO - Processing /opt/airflow/dags/data/models/United Kingdom.13/TS_model.pkl took 0.021 seconds
[2024-08-17T09:23:49.831+0000] {processor.py:161} INFO - Started process (PID=1048) to work on /opt/airflow/dags/data/models/United Kingdom.13/TS_model.pkl
[2024-08-17T09:23:49.831+0000] {processor.py:830} INFO - Processing file /opt/airflow/dags/data/models/United Kingdom.13/TS_model.pkl for tasks to queue
[2024-08-17T09:23:49.832+0000] {logging_mixin.py:188} INFO - [2024-08-17T09:23:49.832+0000] {dagbag.py:545} INFO - Filling up the DagBag from /opt/airflow/dags/data/models/United Kingdom.13/TS_model.pkl
[2024-08-17T09:23:49.840+0000] {processor.py:842} WARNING - No viable dags retrieved from /opt/airflow/dags/data/models/United Kingdom.13/TS_model.pkl
[2024-08-17T09:23:49.849+0000] {processor.py:183} INFO - Processing /opt/airflow/dags/data/models/United Kingdom.13/TS_model.pkl took 0.022 seconds
[2024-08-17T09:24:20.903+0000] {processor.py:161} INFO - Started process (PID=1476) to work on /opt/airflow/dags/data/models/United Kingdom.13/TS_model.pkl
[2024-08-17T09:24:20.904+0000] {processor.py:830} INFO - Processing file /opt/airflow/dags/data/models/United Kingdom.13/TS_model.pkl for tasks to queue
[2024-08-17T09:24:20.905+0000] {logging_mixin.py:188} INFO - [2024-08-17T09:24:20.905+0000] {dagbag.py:545} INFO - Filling up the DagBag from /opt/airflow/dags/data/models/United Kingdom.13/TS_model.pkl
[2024-08-17T09:24:20.912+0000] {processor.py:842} WARNING - No viable dags retrieved from /opt/airflow/dags/data/models/United Kingdom.13/TS_model.pkl
[2024-08-17T09:24:21.005+0000] {processor.py:183} INFO - Processing /opt/airflow/dags/data/models/United Kingdom.13/TS_model.pkl took 0.106 seconds
[2024-08-17T09:24:51.506+0000] {processor.py:161} INFO - Started process (PID=1930) to work on /opt/airflow/dags/data/models/United Kingdom.13/TS_model.pkl
[2024-08-17T09:24:51.506+0000] {processor.py:830} INFO - Processing file /opt/airflow/dags/data/models/United Kingdom.13/TS_model.pkl for tasks to queue
[2024-08-17T09:24:51.507+0000] {logging_mixin.py:188} INFO - [2024-08-17T09:24:51.507+0000] {dagbag.py:545} INFO - Filling up the DagBag from /opt/airflow/dags/data/models/United Kingdom.13/TS_model.pkl
[2024-08-17T09:24:51.516+0000] {processor.py:842} WARNING - No viable dags retrieved from /opt/airflow/dags/data/models/United Kingdom.13/TS_model.pkl
[2024-08-17T09:24:51.525+0000] {processor.py:183} INFO - Processing /opt/airflow/dags/data/models/United Kingdom.13/TS_model.pkl took 0.022 seconds
[2024-08-17T09:25:22.435+0000] {processor.py:161} INFO - Started process (PID=2365) to work on /opt/airflow/dags/data/models/United Kingdom.13/TS_model.pkl
[2024-08-17T09:25:22.435+0000] {processor.py:830} INFO - Processing file /opt/airflow/dags/data/models/United Kingdom.13/TS_model.pkl for tasks to queue
[2024-08-17T09:25:22.436+0000] {logging_mixin.py:188} INFO - [2024-08-17T09:25:22.436+0000] {dagbag.py:545} INFO - Filling up the DagBag from /opt/airflow/dags/data/models/United Kingdom.13/TS_model.pkl
[2024-08-17T09:25:22.444+0000] {processor.py:842} WARNING - No viable dags retrieved from /opt/airflow/dags/data/models/United Kingdom.13/TS_model.pkl
[2024-08-17T09:25:22.454+0000] {processor.py:183} INFO - Processing /opt/airflow/dags/data/models/United Kingdom.13/TS_model.pkl took 0.022 seconds
[2024-08-17T09:25:52.952+0000] {processor.py:161} INFO - Started process (PID=2812) to work on /opt/airflow/dags/data/models/United Kingdom.13/TS_model.pkl
[2024-08-17T09:25:52.953+0000] {processor.py:830} INFO - Processing file /opt/airflow/dags/data/models/United Kingdom.13/TS_model.pkl for tasks to queue
[2024-08-17T09:25:52.954+0000] {logging_mixin.py:188} INFO - [2024-08-17T09:25:52.954+0000] {dagbag.py:545} INFO - Filling up the DagBag from /opt/airflow/dags/data/models/United Kingdom.13/TS_model.pkl
[2024-08-17T09:25:52.962+0000] {processor.py:842} WARNING - No viable dags retrieved from /opt/airflow/dags/data/models/United Kingdom.13/TS_model.pkl
[2024-08-17T09:25:52.971+0000] {processor.py:183} INFO - Processing /opt/airflow/dags/data/models/United Kingdom.13/TS_model.pkl took 0.022 seconds
[2024-08-17T09:26:23.740+0000] {processor.py:161} INFO - Started process (PID=3266) to work on /opt/airflow/dags/data/models/United Kingdom.13/TS_model.pkl
[2024-08-17T09:26:23.740+0000] {processor.py:830} INFO - Processing file /opt/airflow/dags/data/models/United Kingdom.13/TS_model.pkl for tasks to queue
[2024-08-17T09:26:23.741+0000] {logging_mixin.py:188} INFO - [2024-08-17T09:26:23.741+0000] {dagbag.py:545} INFO - Filling up the DagBag from /opt/airflow/dags/data/models/United Kingdom.13/TS_model.pkl
[2024-08-17T09:26:23.749+0000] {processor.py:842} WARNING - No viable dags retrieved from /opt/airflow/dags/data/models/United Kingdom.13/TS_model.pkl
[2024-08-17T09:26:23.758+0000] {processor.py:183} INFO - Processing /opt/airflow/dags/data/models/United Kingdom.13/TS_model.pkl took 0.021 seconds
[2024-08-17T09:26:54.451+0000] {processor.py:161} INFO - Started process (PID=3694) to work on /opt/airflow/dags/data/models/United Kingdom.13/TS_model.pkl
[2024-08-17T09:26:54.452+0000] {processor.py:830} INFO - Processing file /opt/airflow/dags/data/models/United Kingdom.13/TS_model.pkl for tasks to queue
[2024-08-17T09:26:54.453+0000] {logging_mixin.py:188} INFO - [2024-08-17T09:26:54.452+0000] {dagbag.py:545} INFO - Filling up the DagBag from /opt/airflow/dags/data/models/United Kingdom.13/TS_model.pkl
[2024-08-17T09:26:54.461+0000] {processor.py:842} WARNING - No viable dags retrieved from /opt/airflow/dags/data/models/United Kingdom.13/TS_model.pkl
[2024-08-17T09:26:54.472+0000] {processor.py:183} INFO - Processing /opt/airflow/dags/data/models/United Kingdom.13/TS_model.pkl took 0.024 seconds
[2024-08-17T09:27:25.169+0000] {processor.py:161} INFO - Started process (PID=4148) to work on /opt/airflow/dags/data/models/United Kingdom.13/TS_model.pkl
[2024-08-17T09:27:25.169+0000] {processor.py:830} INFO - Processing file /opt/airflow/dags/data/models/United Kingdom.13/TS_model.pkl for tasks to queue
[2024-08-17T09:27:25.170+0000] {logging_mixin.py:188} INFO - [2024-08-17T09:27:25.170+0000] {dagbag.py:545} INFO - Filling up the DagBag from /opt/airflow/dags/data/models/United Kingdom.13/TS_model.pkl
[2024-08-17T09:27:25.177+0000] {processor.py:842} WARNING - No viable dags retrieved from /opt/airflow/dags/data/models/United Kingdom.13/TS_model.pkl
[2024-08-17T09:27:25.186+0000] {processor.py:183} INFO - Processing /opt/airflow/dags/data/models/United Kingdom.13/TS_model.pkl took 0.021 seconds
[2024-08-17T09:27:56.237+0000] {processor.py:161} INFO - Started process (PID=4584) to work on /opt/airflow/dags/data/models/United Kingdom.13/TS_model.pkl
[2024-08-17T09:27:56.237+0000] {processor.py:830} INFO - Processing file /opt/airflow/dags/data/models/United Kingdom.13/TS_model.pkl for tasks to queue
[2024-08-17T09:27:56.239+0000] {logging_mixin.py:188} INFO - [2024-08-17T09:27:56.239+0000] {dagbag.py:545} INFO - Filling up the DagBag from /opt/airflow/dags/data/models/United Kingdom.13/TS_model.pkl
[2024-08-17T09:27:56.247+0000] {processor.py:842} WARNING - No viable dags retrieved from /opt/airflow/dags/data/models/United Kingdom.13/TS_model.pkl
[2024-08-17T09:27:56.257+0000] {processor.py:183} INFO - Processing /opt/airflow/dags/data/models/United Kingdom.13/TS_model.pkl took 0.024 seconds
[2024-08-17T09:28:26.950+0000] {processor.py:161} INFO - Started process (PID=5010) to work on /opt/airflow/dags/data/models/United Kingdom.13/TS_model.pkl
[2024-08-17T09:28:26.950+0000] {processor.py:830} INFO - Processing file /opt/airflow/dags/data/models/United Kingdom.13/TS_model.pkl for tasks to queue
[2024-08-17T09:28:26.951+0000] {logging_mixin.py:188} INFO - [2024-08-17T09:28:26.951+0000] {dagbag.py:545} INFO - Filling up the DagBag from /opt/airflow/dags/data/models/United Kingdom.13/TS_model.pkl
[2024-08-17T09:28:26.962+0000] {processor.py:842} WARNING - No viable dags retrieved from /opt/airflow/dags/data/models/United Kingdom.13/TS_model.pkl
[2024-08-17T09:28:26.971+0000] {processor.py:183} INFO - Processing /opt/airflow/dags/data/models/United Kingdom.13/TS_model.pkl took 0.025 seconds
[2024-08-17T09:28:57.649+0000] {processor.py:161} INFO - Started process (PID=5464) to work on /opt/airflow/dags/data/models/United Kingdom.13/TS_model.pkl
[2024-08-17T09:28:57.649+0000] {processor.py:830} INFO - Processing file /opt/airflow/dags/data/models/United Kingdom.13/TS_model.pkl for tasks to queue
[2024-08-17T09:28:57.651+0000] {logging_mixin.py:188} INFO - [2024-08-17T09:28:57.651+0000] {dagbag.py:545} INFO - Filling up the DagBag from /opt/airflow/dags/data/models/United Kingdom.13/TS_model.pkl
[2024-08-17T09:28:57.660+0000] {processor.py:842} WARNING - No viable dags retrieved from /opt/airflow/dags/data/models/United Kingdom.13/TS_model.pkl
[2024-08-17T09:28:57.669+0000] {processor.py:183} INFO - Processing /opt/airflow/dags/data/models/United Kingdom.13/TS_model.pkl took 0.023 seconds
[2024-08-17T09:29:28.656+0000] {processor.py:161} INFO - Started process (PID=5880) to work on /opt/airflow/dags/data/models/United Kingdom.13/TS_model.pkl
[2024-08-17T09:29:28.659+0000] {processor.py:830} INFO - Processing file /opt/airflow/dags/data/models/United Kingdom.13/TS_model.pkl for tasks to queue
[2024-08-17T09:29:28.672+0000] {logging_mixin.py:188} INFO - [2024-08-17T09:29:28.672+0000] {dagbag.py:545} INFO - Filling up the DagBag from /opt/airflow/dags/data/models/United Kingdom.13/TS_model.pkl
[2024-08-17T09:29:28.685+0000] {processor.py:842} WARNING - No viable dags retrieved from /opt/airflow/dags/data/models/United Kingdom.13/TS_model.pkl
[2024-08-17T09:29:28.696+0000] {processor.py:183} INFO - Processing /opt/airflow/dags/data/models/United Kingdom.13/TS_model.pkl took 0.044 seconds
[2024-08-17T09:29:59.231+0000] {processor.py:161} INFO - Started process (PID=6325) to work on /opt/airflow/dags/data/models/United Kingdom.13/TS_model.pkl
[2024-08-17T09:29:59.231+0000] {processor.py:830} INFO - Processing file /opt/airflow/dags/data/models/United Kingdom.13/TS_model.pkl for tasks to queue
[2024-08-17T09:29:59.232+0000] {logging_mixin.py:188} INFO - [2024-08-17T09:29:59.232+0000] {dagbag.py:545} INFO - Filling up the DagBag from /opt/airflow/dags/data/models/United Kingdom.13/TS_model.pkl
[2024-08-17T09:29:59.240+0000] {processor.py:842} WARNING - No viable dags retrieved from /opt/airflow/dags/data/models/United Kingdom.13/TS_model.pkl
[2024-08-17T09:29:59.249+0000] {processor.py:183} INFO - Processing /opt/airflow/dags/data/models/United Kingdom.13/TS_model.pkl took 0.021 seconds
