[2024-08-17T10:07:53.986+0000] {processor.py:161} INFO - Started process (PID=30999) to work on /opt/airflow/dags/data/models/Netherlands.3/cases_TS_model.pkl
[2024-08-17T10:07:53.987+0000] {processor.py:830} INFO - Processing file /opt/airflow/dags/data/models/Netherlands.3/cases_TS_model.pkl for tasks to queue
[2024-08-17T10:07:53.987+0000] {logging_mixin.py:188} INFO - [2024-08-17T10:07:53.987+0000] {dagbag.py:545} INFO - Filling up the DagBag from /opt/airflow/dags/data/models/Netherlands.3/cases_TS_model.pkl
[2024-08-17T10:07:53.994+0000] {processor.py:842} WARNING - No viable dags retrieved from /opt/airflow/dags/data/models/Netherlands.3/cases_TS_model.pkl
[2024-08-17T10:07:54.003+0000] {processor.py:183} INFO - Processing /opt/airflow/dags/data/models/Netherlands.3/cases_TS_model.pkl took 0.021 seconds
[2024-08-17T10:08:26.663+0000] {processor.py:161} INFO - Started process (PID=31626) to work on /opt/airflow/dags/data/models/Netherlands.3/cases_TS_model.pkl
[2024-08-17T10:08:26.664+0000] {processor.py:830} INFO - Processing file /opt/airflow/dags/data/models/Netherlands.3/cases_TS_model.pkl for tasks to queue
[2024-08-17T10:08:26.664+0000] {logging_mixin.py:188} INFO - [2024-08-17T10:08:26.664+0000] {dagbag.py:545} INFO - Filling up the DagBag from /opt/airflow/dags/data/models/Netherlands.3/cases_TS_model.pkl
[2024-08-17T10:08:26.673+0000] {processor.py:842} WARNING - No viable dags retrieved from /opt/airflow/dags/data/models/Netherlands.3/cases_TS_model.pkl
[2024-08-17T10:08:26.683+0000] {processor.py:183} INFO - Processing /opt/airflow/dags/data/models/Netherlands.3/cases_TS_model.pkl took 0.023 seconds
[2024-08-17T10:08:58.384+0000] {processor.py:161} INFO - Started process (PID=32214) to work on /opt/airflow/dags/data/models/Netherlands.3/cases_TS_model.pkl
[2024-08-17T10:08:58.384+0000] {processor.py:830} INFO - Processing file /opt/airflow/dags/data/models/Netherlands.3/cases_TS_model.pkl for tasks to queue
[2024-08-17T10:08:58.385+0000] {logging_mixin.py:188} INFO - [2024-08-17T10:08:58.385+0000] {dagbag.py:545} INFO - Filling up the DagBag from /opt/airflow/dags/data/models/Netherlands.3/cases_TS_model.pkl
[2024-08-17T10:08:58.392+0000] {processor.py:842} WARNING - No viable dags retrieved from /opt/airflow/dags/data/models/Netherlands.3/cases_TS_model.pkl
[2024-08-17T10:08:58.402+0000] {processor.py:183} INFO - Processing /opt/airflow/dags/data/models/Netherlands.3/cases_TS_model.pkl took 0.022 seconds
[2024-08-17T10:09:30.218+0000] {processor.py:161} INFO - Started process (PID=32834) to work on /opt/airflow/dags/data/models/Netherlands.3/cases_TS_model.pkl
[2024-08-17T10:09:30.219+0000] {processor.py:830} INFO - Processing file /opt/airflow/dags/data/models/Netherlands.3/cases_TS_model.pkl for tasks to queue
[2024-08-17T10:09:30.220+0000] {logging_mixin.py:188} INFO - [2024-08-17T10:09:30.219+0000] {dagbag.py:545} INFO - Filling up the DagBag from /opt/airflow/dags/data/models/Netherlands.3/cases_TS_model.pkl
[2024-08-17T10:09:30.227+0000] {processor.py:842} WARNING - No viable dags retrieved from /opt/airflow/dags/data/models/Netherlands.3/cases_TS_model.pkl
[2024-08-17T10:09:30.236+0000] {processor.py:183} INFO - Processing /opt/airflow/dags/data/models/Netherlands.3/cases_TS_model.pkl took 0.022 seconds
[2024-08-17T10:10:01.320+0000] {processor.py:161} INFO - Started process (PID=33463) to work on /opt/airflow/dags/data/models/Netherlands.3/cases_TS_model.pkl
[2024-08-17T10:10:01.321+0000] {processor.py:830} INFO - Processing file /opt/airflow/dags/data/models/Netherlands.3/cases_TS_model.pkl for tasks to queue
[2024-08-17T10:10:01.322+0000] {logging_mixin.py:188} INFO - [2024-08-17T10:10:01.322+0000] {dagbag.py:545} INFO - Filling up the DagBag from /opt/airflow/dags/data/models/Netherlands.3/cases_TS_model.pkl
[2024-08-17T10:10:01.336+0000] {processor.py:842} WARNING - No viable dags retrieved from /opt/airflow/dags/data/models/Netherlands.3/cases_TS_model.pkl
[2024-08-17T10:10:01.346+0000] {processor.py:183} INFO - Processing /opt/airflow/dags/data/models/Netherlands.3/cases_TS_model.pkl took 0.030 seconds
[2024-08-17T10:10:33.042+0000] {processor.py:161} INFO - Started process (PID=34065) to work on /opt/airflow/dags/data/models/Netherlands.3/cases_TS_model.pkl
[2024-08-17T10:10:33.042+0000] {processor.py:830} INFO - Processing file /opt/airflow/dags/data/models/Netherlands.3/cases_TS_model.pkl for tasks to queue
[2024-08-17T10:10:33.043+0000] {logging_mixin.py:188} INFO - [2024-08-17T10:10:33.043+0000] {dagbag.py:545} INFO - Filling up the DagBag from /opt/airflow/dags/data/models/Netherlands.3/cases_TS_model.pkl
[2024-08-17T10:10:33.050+0000] {processor.py:842} WARNING - No viable dags retrieved from /opt/airflow/dags/data/models/Netherlands.3/cases_TS_model.pkl
[2024-08-17T10:10:33.059+0000] {processor.py:183} INFO - Processing /opt/airflow/dags/data/models/Netherlands.3/cases_TS_model.pkl took 0.021 seconds
[2024-08-17T10:11:04.448+0000] {processor.py:161} INFO - Started process (PID=34693) to work on /opt/airflow/dags/data/models/Netherlands.3/cases_TS_model.pkl
[2024-08-17T10:11:04.449+0000] {processor.py:830} INFO - Processing file /opt/airflow/dags/data/models/Netherlands.3/cases_TS_model.pkl for tasks to queue
[2024-08-17T10:11:04.449+0000] {logging_mixin.py:188} INFO - [2024-08-17T10:11:04.449+0000] {dagbag.py:545} INFO - Filling up the DagBag from /opt/airflow/dags/data/models/Netherlands.3/cases_TS_model.pkl
[2024-08-17T10:11:04.458+0000] {processor.py:842} WARNING - No viable dags retrieved from /opt/airflow/dags/data/models/Netherlands.3/cases_TS_model.pkl
[2024-08-17T10:11:04.467+0000] {processor.py:183} INFO - Processing /opt/airflow/dags/data/models/Netherlands.3/cases_TS_model.pkl took 0.023 seconds
[2024-08-17T10:11:35.928+0000] {processor.py:161} INFO - Started process (PID=35302) to work on /opt/airflow/dags/data/models/Netherlands.3/cases_TS_model.pkl
[2024-08-17T10:11:35.929+0000] {processor.py:830} INFO - Processing file /opt/airflow/dags/data/models/Netherlands.3/cases_TS_model.pkl for tasks to queue
[2024-08-17T10:11:35.930+0000] {logging_mixin.py:188} INFO - [2024-08-17T10:11:35.930+0000] {dagbag.py:545} INFO - Filling up the DagBag from /opt/airflow/dags/data/models/Netherlands.3/cases_TS_model.pkl
[2024-08-17T10:11:35.939+0000] {processor.py:842} WARNING - No viable dags retrieved from /opt/airflow/dags/data/models/Netherlands.3/cases_TS_model.pkl
[2024-08-17T10:11:35.948+0000] {processor.py:183} INFO - Processing /opt/airflow/dags/data/models/Netherlands.3/cases_TS_model.pkl took 0.024 seconds
[2024-08-17T10:12:06.714+0000] {processor.py:161} INFO - Started process (PID=35902) to work on /opt/airflow/dags/data/models/Netherlands.3/cases_TS_model.pkl
[2024-08-17T10:12:06.715+0000] {processor.py:830} INFO - Processing file /opt/airflow/dags/data/models/Netherlands.3/cases_TS_model.pkl for tasks to queue
[2024-08-17T10:12:06.715+0000] {logging_mixin.py:188} INFO - [2024-08-17T10:12:06.715+0000] {dagbag.py:545} INFO - Filling up the DagBag from /opt/airflow/dags/data/models/Netherlands.3/cases_TS_model.pkl
[2024-08-17T10:12:06.722+0000] {processor.py:842} WARNING - No viable dags retrieved from /opt/airflow/dags/data/models/Netherlands.3/cases_TS_model.pkl
[2024-08-17T10:12:06.731+0000] {processor.py:183} INFO - Processing /opt/airflow/dags/data/models/Netherlands.3/cases_TS_model.pkl took 0.021 seconds
[2024-08-17T10:12:39.606+0000] {processor.py:161} INFO - Started process (PID=36530) to work on /opt/airflow/dags/data/models/Netherlands.3/cases_TS_model.pkl
[2024-08-17T10:12:39.606+0000] {processor.py:830} INFO - Processing file /opt/airflow/dags/data/models/Netherlands.3/cases_TS_model.pkl for tasks to queue
[2024-08-17T10:12:39.607+0000] {logging_mixin.py:188} INFO - [2024-08-17T10:12:39.607+0000] {dagbag.py:545} INFO - Filling up the DagBag from /opt/airflow/dags/data/models/Netherlands.3/cases_TS_model.pkl
[2024-08-17T10:12:39.616+0000] {processor.py:842} WARNING - No viable dags retrieved from /opt/airflow/dags/data/models/Netherlands.3/cases_TS_model.pkl
[2024-08-17T10:12:39.626+0000] {processor.py:183} INFO - Processing /opt/airflow/dags/data/models/Netherlands.3/cases_TS_model.pkl took 0.024 seconds
[2024-08-17T10:13:15.795+0000] {processor.py:161} INFO - Started process (PID=37172) to work on /opt/airflow/dags/data/models/Netherlands.3/cases_TS_model.pkl
[2024-08-17T10:13:15.796+0000] {processor.py:830} INFO - Processing file /opt/airflow/dags/data/models/Netherlands.3/cases_TS_model.pkl for tasks to queue
[2024-08-17T10:13:15.797+0000] {logging_mixin.py:188} INFO - [2024-08-17T10:13:15.796+0000] {dagbag.py:545} INFO - Filling up the DagBag from /opt/airflow/dags/data/models/Netherlands.3/cases_TS_model.pkl
[2024-08-17T10:13:15.805+0000] {processor.py:842} WARNING - No viable dags retrieved from /opt/airflow/dags/data/models/Netherlands.3/cases_TS_model.pkl
[2024-08-17T10:13:15.814+0000] {processor.py:183} INFO - Processing /opt/airflow/dags/data/models/Netherlands.3/cases_TS_model.pkl took 0.023 seconds
[2024-08-17T10:13:50.541+0000] {processor.py:161} INFO - Started process (PID=37865) to work on /opt/airflow/dags/data/models/Netherlands.3/cases_TS_model.pkl
[2024-08-17T10:13:50.542+0000] {processor.py:830} INFO - Processing file /opt/airflow/dags/data/models/Netherlands.3/cases_TS_model.pkl for tasks to queue
[2024-08-17T10:13:50.542+0000] {logging_mixin.py:188} INFO - [2024-08-17T10:13:50.542+0000] {dagbag.py:545} INFO - Filling up the DagBag from /opt/airflow/dags/data/models/Netherlands.3/cases_TS_model.pkl
[2024-08-17T10:13:50.551+0000] {processor.py:842} WARNING - No viable dags retrieved from /opt/airflow/dags/data/models/Netherlands.3/cases_TS_model.pkl
[2024-08-17T10:13:50.561+0000] {processor.py:183} INFO - Processing /opt/airflow/dags/data/models/Netherlands.3/cases_TS_model.pkl took 0.024 seconds
[2024-08-17T10:14:23.651+0000] {processor.py:161} INFO - Started process (PID=38521) to work on /opt/airflow/dags/data/models/Netherlands.3/cases_TS_model.pkl
[2024-08-17T10:14:23.652+0000] {processor.py:830} INFO - Processing file /opt/airflow/dags/data/models/Netherlands.3/cases_TS_model.pkl for tasks to queue
[2024-08-17T10:14:23.652+0000] {logging_mixin.py:188} INFO - [2024-08-17T10:14:23.652+0000] {dagbag.py:545} INFO - Filling up the DagBag from /opt/airflow/dags/data/models/Netherlands.3/cases_TS_model.pkl
[2024-08-17T10:14:23.661+0000] {processor.py:842} WARNING - No viable dags retrieved from /opt/airflow/dags/data/models/Netherlands.3/cases_TS_model.pkl
[2024-08-17T10:14:23.670+0000] {processor.py:183} INFO - Processing /opt/airflow/dags/data/models/Netherlands.3/cases_TS_model.pkl took 0.023 seconds
[2024-08-17T10:14:57.036+0000] {processor.py:161} INFO - Started process (PID=39213) to work on /opt/airflow/dags/data/models/Netherlands.3/cases_TS_model.pkl
[2024-08-17T10:14:57.036+0000] {processor.py:830} INFO - Processing file /opt/airflow/dags/data/models/Netherlands.3/cases_TS_model.pkl for tasks to queue
[2024-08-17T10:14:57.037+0000] {logging_mixin.py:188} INFO - [2024-08-17T10:14:57.037+0000] {dagbag.py:545} INFO - Filling up the DagBag from /opt/airflow/dags/data/models/Netherlands.3/cases_TS_model.pkl
[2024-08-17T10:14:57.045+0000] {processor.py:842} WARNING - No viable dags retrieved from /opt/airflow/dags/data/models/Netherlands.3/cases_TS_model.pkl
[2024-08-17T10:14:57.055+0000] {processor.py:183} INFO - Processing /opt/airflow/dags/data/models/Netherlands.3/cases_TS_model.pkl took 0.023 seconds
[2024-08-17T10:15:29.689+0000] {processor.py:161} INFO - Started process (PID=39858) to work on /opt/airflow/dags/data/models/Netherlands.3/cases_TS_model.pkl
[2024-08-17T10:15:29.689+0000] {processor.py:830} INFO - Processing file /opt/airflow/dags/data/models/Netherlands.3/cases_TS_model.pkl for tasks to queue
[2024-08-17T10:15:29.690+0000] {logging_mixin.py:188} INFO - [2024-08-17T10:15:29.690+0000] {dagbag.py:545} INFO - Filling up the DagBag from /opt/airflow/dags/data/models/Netherlands.3/cases_TS_model.pkl
[2024-08-17T10:15:29.701+0000] {processor.py:842} WARNING - No viable dags retrieved from /opt/airflow/dags/data/models/Netherlands.3/cases_TS_model.pkl
[2024-08-17T10:15:29.711+0000] {processor.py:183} INFO - Processing /opt/airflow/dags/data/models/Netherlands.3/cases_TS_model.pkl took 0.026 seconds
[2024-08-17T10:16:01.408+0000] {processor.py:161} INFO - Started process (PID=40530) to work on /opt/airflow/dags/data/models/Netherlands.3/cases_TS_model.pkl
[2024-08-17T10:16:01.409+0000] {processor.py:830} INFO - Processing file /opt/airflow/dags/data/models/Netherlands.3/cases_TS_model.pkl for tasks to queue
[2024-08-17T10:16:01.409+0000] {logging_mixin.py:188} INFO - [2024-08-17T10:16:01.409+0000] {dagbag.py:545} INFO - Filling up the DagBag from /opt/airflow/dags/data/models/Netherlands.3/cases_TS_model.pkl
[2024-08-17T10:16:01.426+0000] {processor.py:842} WARNING - No viable dags retrieved from /opt/airflow/dags/data/models/Netherlands.3/cases_TS_model.pkl
[2024-08-17T10:16:01.435+0000] {processor.py:183} INFO - Processing /opt/airflow/dags/data/models/Netherlands.3/cases_TS_model.pkl took 0.031 seconds
[2024-08-17T10:16:34.018+0000] {processor.py:161} INFO - Started process (PID=41235) to work on /opt/airflow/dags/data/models/Netherlands.3/cases_TS_model.pkl
[2024-08-17T10:16:34.018+0000] {processor.py:830} INFO - Processing file /opt/airflow/dags/data/models/Netherlands.3/cases_TS_model.pkl for tasks to queue
[2024-08-17T10:16:34.019+0000] {logging_mixin.py:188} INFO - [2024-08-17T10:16:34.019+0000] {dagbag.py:545} INFO - Filling up the DagBag from /opt/airflow/dags/data/models/Netherlands.3/cases_TS_model.pkl
[2024-08-17T10:16:34.029+0000] {processor.py:842} WARNING - No viable dags retrieved from /opt/airflow/dags/data/models/Netherlands.3/cases_TS_model.pkl
[2024-08-17T10:16:34.038+0000] {processor.py:183} INFO - Processing /opt/airflow/dags/data/models/Netherlands.3/cases_TS_model.pkl took 0.024 seconds
[2024-08-17T10:17:05.292+0000] {processor.py:161} INFO - Started process (PID=41881) to work on /opt/airflow/dags/data/models/Netherlands.3/cases_TS_model.pkl
[2024-08-17T10:17:05.293+0000] {processor.py:830} INFO - Processing file /opt/airflow/dags/data/models/Netherlands.3/cases_TS_model.pkl for tasks to queue
[2024-08-17T10:17:05.294+0000] {logging_mixin.py:188} INFO - [2024-08-17T10:17:05.294+0000] {dagbag.py:545} INFO - Filling up the DagBag from /opt/airflow/dags/data/models/Netherlands.3/cases_TS_model.pkl
[2024-08-17T10:17:05.305+0000] {processor.py:842} WARNING - No viable dags retrieved from /opt/airflow/dags/data/models/Netherlands.3/cases_TS_model.pkl
[2024-08-17T10:17:05.314+0000] {processor.py:183} INFO - Processing /opt/airflow/dags/data/models/Netherlands.3/cases_TS_model.pkl took 0.025 seconds
[2024-08-17T10:17:36.887+0000] {processor.py:161} INFO - Started process (PID=42574) to work on /opt/airflow/dags/data/models/Netherlands.3/cases_TS_model.pkl
[2024-08-17T10:17:36.888+0000] {processor.py:830} INFO - Processing file /opt/airflow/dags/data/models/Netherlands.3/cases_TS_model.pkl for tasks to queue
[2024-08-17T10:17:36.888+0000] {logging_mixin.py:188} INFO - [2024-08-17T10:17:36.888+0000] {dagbag.py:545} INFO - Filling up the DagBag from /opt/airflow/dags/data/models/Netherlands.3/cases_TS_model.pkl
[2024-08-17T10:17:36.895+0000] {processor.py:842} WARNING - No viable dags retrieved from /opt/airflow/dags/data/models/Netherlands.3/cases_TS_model.pkl
[2024-08-17T10:17:36.904+0000] {processor.py:183} INFO - Processing /opt/airflow/dags/data/models/Netherlands.3/cases_TS_model.pkl took 0.020 seconds
[2024-08-17T10:18:11.382+0000] {processor.py:161} INFO - Started process (PID=43196) to work on /opt/airflow/dags/data/models/Netherlands.3/cases_TS_model.pkl
[2024-08-17T10:18:11.382+0000] {processor.py:830} INFO - Processing file /opt/airflow/dags/data/models/Netherlands.3/cases_TS_model.pkl for tasks to queue
[2024-08-17T10:18:11.383+0000] {logging_mixin.py:188} INFO - [2024-08-17T10:18:11.383+0000] {dagbag.py:545} INFO - Filling up the DagBag from /opt/airflow/dags/data/models/Netherlands.3/cases_TS_model.pkl
[2024-08-17T10:18:11.390+0000] {processor.py:842} WARNING - No viable dags retrieved from /opt/airflow/dags/data/models/Netherlands.3/cases_TS_model.pkl
[2024-08-17T10:18:11.399+0000] {processor.py:183} INFO - Processing /opt/airflow/dags/data/models/Netherlands.3/cases_TS_model.pkl took 0.020 seconds
[2024-08-17T10:18:45.506+0000] {processor.py:161} INFO - Started process (PID=43939) to work on /opt/airflow/dags/data/models/Netherlands.3/cases_TS_model.pkl
[2024-08-17T10:18:45.507+0000] {processor.py:830} INFO - Processing file /opt/airflow/dags/data/models/Netherlands.3/cases_TS_model.pkl for tasks to queue
[2024-08-17T10:18:45.507+0000] {logging_mixin.py:188} INFO - [2024-08-17T10:18:45.507+0000] {dagbag.py:545} INFO - Filling up the DagBag from /opt/airflow/dags/data/models/Netherlands.3/cases_TS_model.pkl
[2024-08-17T10:18:45.516+0000] {processor.py:842} WARNING - No viable dags retrieved from /opt/airflow/dags/data/models/Netherlands.3/cases_TS_model.pkl
[2024-08-17T10:18:45.524+0000] {processor.py:183} INFO - Processing /opt/airflow/dags/data/models/Netherlands.3/cases_TS_model.pkl took 0.022 seconds
[2024-08-17T10:19:19.448+0000] {processor.py:161} INFO - Started process (PID=44682) to work on /opt/airflow/dags/data/models/Netherlands.3/cases_TS_model.pkl
[2024-08-17T10:19:19.449+0000] {processor.py:830} INFO - Processing file /opt/airflow/dags/data/models/Netherlands.3/cases_TS_model.pkl for tasks to queue
[2024-08-17T10:19:19.449+0000] {logging_mixin.py:188} INFO - [2024-08-17T10:19:19.449+0000] {dagbag.py:545} INFO - Filling up the DagBag from /opt/airflow/dags/data/models/Netherlands.3/cases_TS_model.pkl
[2024-08-17T10:19:19.460+0000] {processor.py:842} WARNING - No viable dags retrieved from /opt/airflow/dags/data/models/Netherlands.3/cases_TS_model.pkl
[2024-08-17T10:19:19.470+0000] {processor.py:183} INFO - Processing /opt/airflow/dags/data/models/Netherlands.3/cases_TS_model.pkl took 0.027 seconds
[2024-08-17T10:19:52.878+0000] {processor.py:161} INFO - Started process (PID=45407) to work on /opt/airflow/dags/data/models/Netherlands.3/cases_TS_model.pkl
[2024-08-17T10:19:52.879+0000] {processor.py:830} INFO - Processing file /opt/airflow/dags/data/models/Netherlands.3/cases_TS_model.pkl for tasks to queue
[2024-08-17T10:19:52.879+0000] {logging_mixin.py:188} INFO - [2024-08-17T10:19:52.879+0000] {dagbag.py:545} INFO - Filling up the DagBag from /opt/airflow/dags/data/models/Netherlands.3/cases_TS_model.pkl
[2024-08-17T10:19:52.887+0000] {processor.py:842} WARNING - No viable dags retrieved from /opt/airflow/dags/data/models/Netherlands.3/cases_TS_model.pkl
[2024-08-17T10:19:52.897+0000] {processor.py:183} INFO - Processing /opt/airflow/dags/data/models/Netherlands.3/cases_TS_model.pkl took 0.022 seconds
[2024-08-17T10:20:25.398+0000] {processor.py:161} INFO - Started process (PID=46122) to work on /opt/airflow/dags/data/models/Netherlands.3/cases_TS_model.pkl
[2024-08-17T10:20:25.404+0000] {processor.py:830} INFO - Processing file /opt/airflow/dags/data/models/Netherlands.3/cases_TS_model.pkl for tasks to queue
[2024-08-17T10:20:25.405+0000] {logging_mixin.py:188} INFO - [2024-08-17T10:20:25.405+0000] {dagbag.py:545} INFO - Filling up the DagBag from /opt/airflow/dags/data/models/Netherlands.3/cases_TS_model.pkl
[2024-08-17T10:20:25.419+0000] {processor.py:842} WARNING - No viable dags retrieved from /opt/airflow/dags/data/models/Netherlands.3/cases_TS_model.pkl
[2024-08-17T10:20:25.428+0000] {processor.py:183} INFO - Processing /opt/airflow/dags/data/models/Netherlands.3/cases_TS_model.pkl took 0.034 seconds
[2024-08-17T10:20:56.847+0000] {processor.py:161} INFO - Started process (PID=46844) to work on /opt/airflow/dags/data/models/Netherlands.3/cases_TS_model.pkl
[2024-08-17T10:20:56.848+0000] {processor.py:830} INFO - Processing file /opt/airflow/dags/data/models/Netherlands.3/cases_TS_model.pkl for tasks to queue
[2024-08-17T10:20:56.848+0000] {logging_mixin.py:188} INFO - [2024-08-17T10:20:56.848+0000] {dagbag.py:545} INFO - Filling up the DagBag from /opt/airflow/dags/data/models/Netherlands.3/cases_TS_model.pkl
[2024-08-17T10:20:56.856+0000] {processor.py:842} WARNING - No viable dags retrieved from /opt/airflow/dags/data/models/Netherlands.3/cases_TS_model.pkl
[2024-08-17T10:20:56.867+0000] {processor.py:183} INFO - Processing /opt/airflow/dags/data/models/Netherlands.3/cases_TS_model.pkl took 0.024 seconds
[2024-08-17T11:48:03.964+0000] {processor.py:161} INFO - Started process (PID=2068) to work on /opt/airflow/dags/data/models/Netherlands.3/cases_TS_model.pkl
[2024-08-17T11:48:03.965+0000] {processor.py:830} INFO - Processing file /opt/airflow/dags/data/models/Netherlands.3/cases_TS_model.pkl for tasks to queue
[2024-08-17T11:48:03.967+0000] {logging_mixin.py:188} INFO - [2024-08-17T11:48:03.966+0000] {dagbag.py:545} INFO - Filling up the DagBag from /opt/airflow/dags/data/models/Netherlands.3/cases_TS_model.pkl
[2024-08-17T11:48:03.980+0000] {processor.py:842} WARNING - No viable dags retrieved from /opt/airflow/dags/data/models/Netherlands.3/cases_TS_model.pkl
[2024-08-17T11:48:03.999+0000] {processor.py:183} INFO - Processing /opt/airflow/dags/data/models/Netherlands.3/cases_TS_model.pkl took 0.042 seconds
[2024-08-17T11:48:38.409+0000] {processor.py:161} INFO - Started process (PID=2598) to work on /opt/airflow/dags/data/models/Netherlands.3/cases_TS_model.pkl
[2024-08-17T11:48:38.410+0000] {processor.py:830} INFO - Processing file /opt/airflow/dags/data/models/Netherlands.3/cases_TS_model.pkl for tasks to queue
[2024-08-17T11:48:38.412+0000] {logging_mixin.py:188} INFO - [2024-08-17T11:48:38.411+0000] {dagbag.py:545} INFO - Filling up the DagBag from /opt/airflow/dags/data/models/Netherlands.3/cases_TS_model.pkl
[2024-08-17T11:48:38.430+0000] {processor.py:842} WARNING - No viable dags retrieved from /opt/airflow/dags/data/models/Netherlands.3/cases_TS_model.pkl
[2024-08-17T11:48:38.450+0000] {processor.py:183} INFO - Processing /opt/airflow/dags/data/models/Netherlands.3/cases_TS_model.pkl took 0.048 seconds
[2024-08-17T11:49:14.682+0000] {processor.py:161} INFO - Started process (PID=3065) to work on /opt/airflow/dags/data/models/Netherlands.3/cases_TS_model.pkl
[2024-08-17T11:49:14.683+0000] {processor.py:830} INFO - Processing file /opt/airflow/dags/data/models/Netherlands.3/cases_TS_model.pkl for tasks to queue
[2024-08-17T11:49:14.685+0000] {logging_mixin.py:188} INFO - [2024-08-17T11:49:14.685+0000] {dagbag.py:545} INFO - Filling up the DagBag from /opt/airflow/dags/data/models/Netherlands.3/cases_TS_model.pkl
[2024-08-17T11:49:14.707+0000] {processor.py:842} WARNING - No viable dags retrieved from /opt/airflow/dags/data/models/Netherlands.3/cases_TS_model.pkl
[2024-08-17T11:49:14.729+0000] {processor.py:183} INFO - Processing /opt/airflow/dags/data/models/Netherlands.3/cases_TS_model.pkl took 0.055 seconds
[2024-08-17T11:49:52.908+0000] {processor.py:161} INFO - Started process (PID=3620) to work on /opt/airflow/dags/data/models/Netherlands.3/cases_TS_model.pkl
[2024-08-17T11:49:52.910+0000] {processor.py:830} INFO - Processing file /opt/airflow/dags/data/models/Netherlands.3/cases_TS_model.pkl for tasks to queue
[2024-08-17T11:49:52.911+0000] {logging_mixin.py:188} INFO - [2024-08-17T11:49:52.911+0000] {dagbag.py:545} INFO - Filling up the DagBag from /opt/airflow/dags/data/models/Netherlands.3/cases_TS_model.pkl
[2024-08-17T11:49:52.928+0000] {processor.py:842} WARNING - No viable dags retrieved from /opt/airflow/dags/data/models/Netherlands.3/cases_TS_model.pkl
[2024-08-17T11:49:52.949+0000] {processor.py:183} INFO - Processing /opt/airflow/dags/data/models/Netherlands.3/cases_TS_model.pkl took 0.053 seconds
[2024-08-17T11:50:01.137+0000] {processor.py:161} INFO - Started process (PID=3742) to work on /opt/airflow/dags/data/models/Netherlands.3/cases_TS_model.pkl
[2024-08-17T11:50:01.138+0000] {processor.py:830} INFO - Processing file /opt/airflow/dags/data/models/Netherlands.3/cases_TS_model.pkl for tasks to queue
[2024-08-17T11:50:01.139+0000] {logging_mixin.py:188} INFO - [2024-08-17T11:50:01.139+0000] {dagbag.py:545} INFO - Filling up the DagBag from /opt/airflow/dags/data/models/Netherlands.3/cases_TS_model.pkl
[2024-08-17T11:50:01.167+0000] {processor.py:842} WARNING - No viable dags retrieved from /opt/airflow/dags/data/models/Netherlands.3/cases_TS_model.pkl
[2024-08-17T11:50:01.185+0000] {processor.py:183} INFO - Processing /opt/airflow/dags/data/models/Netherlands.3/cases_TS_model.pkl took 0.055 seconds
[2024-08-17T11:50:33.729+0000] {processor.py:161} INFO - Started process (PID=4202) to work on /opt/airflow/dags/data/models/Netherlands.3/cases_TS_model.pkl
[2024-08-17T11:50:33.730+0000] {processor.py:830} INFO - Processing file /opt/airflow/dags/data/models/Netherlands.3/cases_TS_model.pkl for tasks to queue
[2024-08-17T11:50:33.732+0000] {logging_mixin.py:188} INFO - [2024-08-17T11:50:33.731+0000] {dagbag.py:545} INFO - Filling up the DagBag from /opt/airflow/dags/data/models/Netherlands.3/cases_TS_model.pkl
[2024-08-17T11:50:33.749+0000] {processor.py:842} WARNING - No viable dags retrieved from /opt/airflow/dags/data/models/Netherlands.3/cases_TS_model.pkl
[2024-08-17T11:50:33.766+0000] {processor.py:183} INFO - Processing /opt/airflow/dags/data/models/Netherlands.3/cases_TS_model.pkl took 0.044 seconds
[2024-08-17T11:51:12.246+0000] {processor.py:161} INFO - Started process (PID=4778) to work on /opt/airflow/dags/data/models/Netherlands.3/cases_TS_model.pkl
[2024-08-17T11:51:12.247+0000] {processor.py:830} INFO - Processing file /opt/airflow/dags/data/models/Netherlands.3/cases_TS_model.pkl for tasks to queue
[2024-08-17T11:51:12.250+0000] {logging_mixin.py:188} INFO - [2024-08-17T11:51:12.250+0000] {dagbag.py:545} INFO - Filling up the DagBag from /opt/airflow/dags/data/models/Netherlands.3/cases_TS_model.pkl
[2024-08-17T11:51:12.273+0000] {processor.py:842} WARNING - No viable dags retrieved from /opt/airflow/dags/data/models/Netherlands.3/cases_TS_model.pkl
[2024-08-17T11:51:12.292+0000] {processor.py:183} INFO - Processing /opt/airflow/dags/data/models/Netherlands.3/cases_TS_model.pkl took 0.052 seconds
[2024-08-17T11:51:27.706+0000] {processor.py:161} INFO - Started process (PID=4981) to work on /opt/airflow/dags/data/models/Netherlands.3/cases_TS_model.pkl
[2024-08-17T11:51:27.708+0000] {processor.py:830} INFO - Processing file /opt/airflow/dags/data/models/Netherlands.3/cases_TS_model.pkl for tasks to queue
[2024-08-17T11:51:27.709+0000] {logging_mixin.py:188} INFO - [2024-08-17T11:51:27.709+0000] {dagbag.py:545} INFO - Filling up the DagBag from /opt/airflow/dags/data/models/Netherlands.3/cases_TS_model.pkl
[2024-08-17T11:51:27.735+0000] {processor.py:842} WARNING - No viable dags retrieved from /opt/airflow/dags/data/models/Netherlands.3/cases_TS_model.pkl
[2024-08-17T11:51:27.755+0000] {processor.py:183} INFO - Processing /opt/airflow/dags/data/models/Netherlands.3/cases_TS_model.pkl took 0.058 seconds
[2024-08-17T11:51:38.867+0000] {processor.py:161} INFO - Started process (PID=5146) to work on /opt/airflow/dags/data/models/Netherlands.3/cases_TS_model.pkl
[2024-08-17T11:51:38.869+0000] {processor.py:830} INFO - Processing file /opt/airflow/dags/data/models/Netherlands.3/cases_TS_model.pkl for tasks to queue
[2024-08-17T11:51:38.870+0000] {logging_mixin.py:188} INFO - [2024-08-17T11:51:38.870+0000] {dagbag.py:545} INFO - Filling up the DagBag from /opt/airflow/dags/data/models/Netherlands.3/cases_TS_model.pkl
[2024-08-17T11:51:38.892+0000] {processor.py:842} WARNING - No viable dags retrieved from /opt/airflow/dags/data/models/Netherlands.3/cases_TS_model.pkl
[2024-08-17T11:51:38.908+0000] {processor.py:183} INFO - Processing /opt/airflow/dags/data/models/Netherlands.3/cases_TS_model.pkl took 0.046 seconds
[2024-08-17T11:52:13.990+0000] {processor.py:161} INFO - Started process (PID=5654) to work on /opt/airflow/dags/data/models/Netherlands.3/cases_TS_model.pkl
[2024-08-17T11:52:13.991+0000] {processor.py:830} INFO - Processing file /opt/airflow/dags/data/models/Netherlands.3/cases_TS_model.pkl for tasks to queue
[2024-08-17T11:52:13.992+0000] {logging_mixin.py:188} INFO - [2024-08-17T11:52:13.992+0000] {dagbag.py:545} INFO - Filling up the DagBag from /opt/airflow/dags/data/models/Netherlands.3/cases_TS_model.pkl
[2024-08-17T11:52:14.015+0000] {processor.py:842} WARNING - No viable dags retrieved from /opt/airflow/dags/data/models/Netherlands.3/cases_TS_model.pkl
[2024-08-17T11:52:14.033+0000] {processor.py:183} INFO - Processing /opt/airflow/dags/data/models/Netherlands.3/cases_TS_model.pkl took 0.051 seconds
[2024-08-17T11:53:13.856+0000] {processor.py:161} INFO - Started process (PID=6295) to work on /opt/airflow/dags/data/models/Netherlands.3/cases_TS_model.pkl
[2024-08-17T11:53:13.857+0000] {processor.py:830} INFO - Processing file /opt/airflow/dags/data/models/Netherlands.3/cases_TS_model.pkl for tasks to queue
[2024-08-17T11:53:13.858+0000] {logging_mixin.py:188} INFO - [2024-08-17T11:53:13.857+0000] {dagbag.py:545} INFO - Filling up the DagBag from /opt/airflow/dags/data/models/Netherlands.3/cases_TS_model.pkl
[2024-08-17T11:53:13.876+0000] {processor.py:842} WARNING - No viable dags retrieved from /opt/airflow/dags/data/models/Netherlands.3/cases_TS_model.pkl
[2024-08-17T11:53:13.892+0000] {processor.py:183} INFO - Processing /opt/airflow/dags/data/models/Netherlands.3/cases_TS_model.pkl took 0.041 seconds
[2024-08-17T11:53:57.905+0000] {processor.py:161} INFO - Started process (PID=6910) to work on /opt/airflow/dags/data/models/Netherlands.3/cases_TS_model.pkl
[2024-08-17T11:53:57.906+0000] {processor.py:830} INFO - Processing file /opt/airflow/dags/data/models/Netherlands.3/cases_TS_model.pkl for tasks to queue
[2024-08-17T11:53:57.907+0000] {logging_mixin.py:188} INFO - [2024-08-17T11:53:57.907+0000] {dagbag.py:545} INFO - Filling up the DagBag from /opt/airflow/dags/data/models/Netherlands.3/cases_TS_model.pkl
[2024-08-17T11:53:57.931+0000] {processor.py:842} WARNING - No viable dags retrieved from /opt/airflow/dags/data/models/Netherlands.3/cases_TS_model.pkl
[2024-08-17T11:53:57.948+0000] {processor.py:183} INFO - Processing /opt/airflow/dags/data/models/Netherlands.3/cases_TS_model.pkl took 0.051 seconds
[2024-08-17T11:54:33.819+0000] {processor.py:161} INFO - Started process (PID=7454) to work on /opt/airflow/dags/data/models/Netherlands.3/cases_TS_model.pkl
[2024-08-17T11:54:33.820+0000] {processor.py:830} INFO - Processing file /opt/airflow/dags/data/models/Netherlands.3/cases_TS_model.pkl for tasks to queue
[2024-08-17T11:54:33.822+0000] {logging_mixin.py:188} INFO - [2024-08-17T11:54:33.821+0000] {dagbag.py:545} INFO - Filling up the DagBag from /opt/airflow/dags/data/models/Netherlands.3/cases_TS_model.pkl
[2024-08-17T11:54:33.837+0000] {processor.py:842} WARNING - No viable dags retrieved from /opt/airflow/dags/data/models/Netherlands.3/cases_TS_model.pkl
[2024-08-17T11:54:33.852+0000] {processor.py:183} INFO - Processing /opt/airflow/dags/data/models/Netherlands.3/cases_TS_model.pkl took 0.039 seconds
[2024-08-17T11:54:59.988+0000] {processor.py:161} INFO - Started process (PID=7861) to work on /opt/airflow/dags/data/models/Netherlands.3/cases_TS_model.pkl
[2024-08-17T11:54:59.989+0000] {processor.py:830} INFO - Processing file /opt/airflow/dags/data/models/Netherlands.3/cases_TS_model.pkl for tasks to queue
[2024-08-17T11:54:59.991+0000] {logging_mixin.py:188} INFO - [2024-08-17T11:54:59.991+0000] {dagbag.py:545} INFO - Filling up the DagBag from /opt/airflow/dags/data/models/Netherlands.3/cases_TS_model.pkl
[2024-08-17T11:55:00.010+0000] {processor.py:842} WARNING - No viable dags retrieved from /opt/airflow/dags/data/models/Netherlands.3/cases_TS_model.pkl
[2024-08-17T11:55:00.029+0000] {processor.py:183} INFO - Processing /opt/airflow/dags/data/models/Netherlands.3/cases_TS_model.pkl took 0.050 seconds
[2024-08-17T11:55:32.758+0000] {processor.py:161} INFO - Started process (PID=8380) to work on /opt/airflow/dags/data/models/Netherlands.3/cases_TS_model.pkl
[2024-08-17T11:55:32.759+0000] {processor.py:830} INFO - Processing file /opt/airflow/dags/data/models/Netherlands.3/cases_TS_model.pkl for tasks to queue
[2024-08-17T11:55:32.760+0000] {logging_mixin.py:188} INFO - [2024-08-17T11:55:32.760+0000] {dagbag.py:545} INFO - Filling up the DagBag from /opt/airflow/dags/data/models/Netherlands.3/cases_TS_model.pkl
[2024-08-17T11:55:32.773+0000] {processor.py:842} WARNING - No viable dags retrieved from /opt/airflow/dags/data/models/Netherlands.3/cases_TS_model.pkl
[2024-08-17T11:55:32.790+0000] {processor.py:183} INFO - Processing /opt/airflow/dags/data/models/Netherlands.3/cases_TS_model.pkl took 0.041 seconds
[2024-08-17T11:56:06.140+0000] {processor.py:161} INFO - Started process (PID=8883) to work on /opt/airflow/dags/data/models/Netherlands.3/cases_TS_model.pkl
[2024-08-17T11:56:06.142+0000] {processor.py:830} INFO - Processing file /opt/airflow/dags/data/models/Netherlands.3/cases_TS_model.pkl for tasks to queue
[2024-08-17T11:56:06.143+0000] {logging_mixin.py:188} INFO - [2024-08-17T11:56:06.143+0000] {dagbag.py:545} INFO - Filling up the DagBag from /opt/airflow/dags/data/models/Netherlands.3/cases_TS_model.pkl
[2024-08-17T11:56:06.159+0000] {processor.py:842} WARNING - No viable dags retrieved from /opt/airflow/dags/data/models/Netherlands.3/cases_TS_model.pkl
[2024-08-17T11:56:06.176+0000] {processor.py:183} INFO - Processing /opt/airflow/dags/data/models/Netherlands.3/cases_TS_model.pkl took 0.041 seconds
[2024-08-17T11:56:42.745+0000] {processor.py:161} INFO - Started process (PID=9475) to work on /opt/airflow/dags/data/models/Netherlands.3/cases_TS_model.pkl
[2024-08-17T11:56:42.747+0000] {processor.py:830} INFO - Processing file /opt/airflow/dags/data/models/Netherlands.3/cases_TS_model.pkl for tasks to queue
[2024-08-17T11:56:42.748+0000] {logging_mixin.py:188} INFO - [2024-08-17T11:56:42.748+0000] {dagbag.py:545} INFO - Filling up the DagBag from /opt/airflow/dags/data/models/Netherlands.3/cases_TS_model.pkl
[2024-08-17T11:56:42.765+0000] {processor.py:842} WARNING - No viable dags retrieved from /opt/airflow/dags/data/models/Netherlands.3/cases_TS_model.pkl
[2024-08-17T11:56:42.783+0000] {processor.py:183} INFO - Processing /opt/airflow/dags/data/models/Netherlands.3/cases_TS_model.pkl took 0.046 seconds
[2024-08-17T11:57:20.504+0000] {processor.py:161} INFO - Started process (PID=10002) to work on /opt/airflow/dags/data/models/Netherlands.3/cases_TS_model.pkl
[2024-08-17T11:57:20.506+0000] {processor.py:830} INFO - Processing file /opt/airflow/dags/data/models/Netherlands.3/cases_TS_model.pkl for tasks to queue
[2024-08-17T11:57:20.507+0000] {logging_mixin.py:188} INFO - [2024-08-17T11:57:20.507+0000] {dagbag.py:545} INFO - Filling up the DagBag from /opt/airflow/dags/data/models/Netherlands.3/cases_TS_model.pkl
[2024-08-17T11:57:20.531+0000] {processor.py:842} WARNING - No viable dags retrieved from /opt/airflow/dags/data/models/Netherlands.3/cases_TS_model.pkl
[2024-08-17T11:57:20.552+0000] {processor.py:183} INFO - Processing /opt/airflow/dags/data/models/Netherlands.3/cases_TS_model.pkl took 0.055 seconds
[2024-08-17T11:58:15.849+0000] {processor.py:161} INFO - Started process (PID=10614) to work on /opt/airflow/dags/data/models/Netherlands.3/cases_TS_model.pkl
[2024-08-17T11:58:15.850+0000] {processor.py:830} INFO - Processing file /opt/airflow/dags/data/models/Netherlands.3/cases_TS_model.pkl for tasks to queue
[2024-08-17T11:58:15.852+0000] {logging_mixin.py:188} INFO - [2024-08-17T11:58:15.851+0000] {dagbag.py:545} INFO - Filling up the DagBag from /opt/airflow/dags/data/models/Netherlands.3/cases_TS_model.pkl
[2024-08-17T11:58:15.870+0000] {processor.py:842} WARNING - No viable dags retrieved from /opt/airflow/dags/data/models/Netherlands.3/cases_TS_model.pkl
[2024-08-17T11:58:15.887+0000] {processor.py:183} INFO - Processing /opt/airflow/dags/data/models/Netherlands.3/cases_TS_model.pkl took 0.046 seconds
[2024-08-17T11:58:55.674+0000] {processor.py:161} INFO - Started process (PID=11242) to work on /opt/airflow/dags/data/models/Netherlands.3/cases_TS_model.pkl
[2024-08-17T11:58:55.675+0000] {processor.py:830} INFO - Processing file /opt/airflow/dags/data/models/Netherlands.3/cases_TS_model.pkl for tasks to queue
[2024-08-17T11:58:55.676+0000] {logging_mixin.py:188} INFO - [2024-08-17T11:58:55.676+0000] {dagbag.py:545} INFO - Filling up the DagBag from /opt/airflow/dags/data/models/Netherlands.3/cases_TS_model.pkl
[2024-08-17T11:58:55.691+0000] {processor.py:842} WARNING - No viable dags retrieved from /opt/airflow/dags/data/models/Netherlands.3/cases_TS_model.pkl
[2024-08-17T11:58:55.705+0000] {processor.py:183} INFO - Processing /opt/airflow/dags/data/models/Netherlands.3/cases_TS_model.pkl took 0.036 seconds
[2024-08-17T11:59:38.922+0000] {processor.py:161} INFO - Started process (PID=11879) to work on /opt/airflow/dags/data/models/Netherlands.3/cases_TS_model.pkl
[2024-08-17T11:59:38.924+0000] {processor.py:830} INFO - Processing file /opt/airflow/dags/data/models/Netherlands.3/cases_TS_model.pkl for tasks to queue
[2024-08-17T11:59:38.925+0000] {logging_mixin.py:188} INFO - [2024-08-17T11:59:38.925+0000] {dagbag.py:545} INFO - Filling up the DagBag from /opt/airflow/dags/data/models/Netherlands.3/cases_TS_model.pkl
[2024-08-17T11:59:38.943+0000] {processor.py:842} WARNING - No viable dags retrieved from /opt/airflow/dags/data/models/Netherlands.3/cases_TS_model.pkl
[2024-08-17T11:59:38.965+0000] {processor.py:183} INFO - Processing /opt/airflow/dags/data/models/Netherlands.3/cases_TS_model.pkl took 0.051 seconds
[2024-08-17T12:00:15.898+0000] {processor.py:161} INFO - Started process (PID=12428) to work on /opt/airflow/dags/data/models/Netherlands.3/cases_TS_model.pkl
[2024-08-17T12:00:15.900+0000] {processor.py:830} INFO - Processing file /opt/airflow/dags/data/models/Netherlands.3/cases_TS_model.pkl for tasks to queue
[2024-08-17T12:00:15.901+0000] {logging_mixin.py:188} INFO - [2024-08-17T12:00:15.900+0000] {dagbag.py:545} INFO - Filling up the DagBag from /opt/airflow/dags/data/models/Netherlands.3/cases_TS_model.pkl
[2024-08-17T12:00:15.916+0000] {processor.py:842} WARNING - No viable dags retrieved from /opt/airflow/dags/data/models/Netherlands.3/cases_TS_model.pkl
[2024-08-17T12:00:15.932+0000] {processor.py:183} INFO - Processing /opt/airflow/dags/data/models/Netherlands.3/cases_TS_model.pkl took 0.041 seconds
[2024-08-17T12:00:54.937+0000] {processor.py:161} INFO - Started process (PID=13064) to work on /opt/airflow/dags/data/models/Netherlands.3/cases_TS_model.pkl
[2024-08-17T12:00:54.938+0000] {processor.py:830} INFO - Processing file /opt/airflow/dags/data/models/Netherlands.3/cases_TS_model.pkl for tasks to queue
[2024-08-17T12:00:54.939+0000] {logging_mixin.py:188} INFO - [2024-08-17T12:00:54.939+0000] {dagbag.py:545} INFO - Filling up the DagBag from /opt/airflow/dags/data/models/Netherlands.3/cases_TS_model.pkl
[2024-08-17T12:00:54.966+0000] {processor.py:842} WARNING - No viable dags retrieved from /opt/airflow/dags/data/models/Netherlands.3/cases_TS_model.pkl
[2024-08-17T12:00:54.984+0000] {processor.py:183} INFO - Processing /opt/airflow/dags/data/models/Netherlands.3/cases_TS_model.pkl took 0.057 seconds
[2024-08-17T12:01:33.863+0000] {processor.py:161} INFO - Started process (PID=13678) to work on /opt/airflow/dags/data/models/Netherlands.3/cases_TS_model.pkl
[2024-08-17T12:01:33.863+0000] {processor.py:830} INFO - Processing file /opt/airflow/dags/data/models/Netherlands.3/cases_TS_model.pkl for tasks to queue
[2024-08-17T12:01:33.864+0000] {logging_mixin.py:188} INFO - [2024-08-17T12:01:33.864+0000] {dagbag.py:545} INFO - Filling up the DagBag from /opt/airflow/dags/data/models/Netherlands.3/cases_TS_model.pkl
[2024-08-17T12:01:33.892+0000] {processor.py:842} WARNING - No viable dags retrieved from /opt/airflow/dags/data/models/Netherlands.3/cases_TS_model.pkl
[2024-08-17T12:01:33.910+0000] {processor.py:183} INFO - Processing /opt/airflow/dags/data/models/Netherlands.3/cases_TS_model.pkl took 0.053 seconds
[2024-08-17T12:02:11.277+0000] {processor.py:161} INFO - Started process (PID=14240) to work on /opt/airflow/dags/data/models/Netherlands.3/cases_TS_model.pkl
[2024-08-17T12:02:11.279+0000] {processor.py:830} INFO - Processing file /opt/airflow/dags/data/models/Netherlands.3/cases_TS_model.pkl for tasks to queue
[2024-08-17T12:02:11.280+0000] {logging_mixin.py:188} INFO - [2024-08-17T12:02:11.279+0000] {dagbag.py:545} INFO - Filling up the DagBag from /opt/airflow/dags/data/models/Netherlands.3/cases_TS_model.pkl
[2024-08-17T12:02:11.308+0000] {processor.py:842} WARNING - No viable dags retrieved from /opt/airflow/dags/data/models/Netherlands.3/cases_TS_model.pkl
[2024-08-17T12:02:11.330+0000] {processor.py:183} INFO - Processing /opt/airflow/dags/data/models/Netherlands.3/cases_TS_model.pkl took 0.060 seconds
[2024-08-17T12:03:15.673+0000] {processor.py:161} INFO - Started process (PID=14937) to work on /opt/airflow/dags/data/models/Netherlands.3/cases_TS_model.pkl
[2024-08-17T12:03:15.674+0000] {processor.py:830} INFO - Processing file /opt/airflow/dags/data/models/Netherlands.3/cases_TS_model.pkl for tasks to queue
[2024-08-17T12:03:15.675+0000] {logging_mixin.py:188} INFO - [2024-08-17T12:03:15.675+0000] {dagbag.py:545} INFO - Filling up the DagBag from /opt/airflow/dags/data/models/Netherlands.3/cases_TS_model.pkl
[2024-08-17T12:03:15.700+0000] {processor.py:842} WARNING - No viable dags retrieved from /opt/airflow/dags/data/models/Netherlands.3/cases_TS_model.pkl
[2024-08-17T12:03:15.718+0000] {processor.py:183} INFO - Processing /opt/airflow/dags/data/models/Netherlands.3/cases_TS_model.pkl took 0.053 seconds
[2024-08-17T12:03:57.223+0000] {processor.py:161} INFO - Started process (PID=15595) to work on /opt/airflow/dags/data/models/Netherlands.3/cases_TS_model.pkl
[2024-08-17T12:03:57.225+0000] {processor.py:830} INFO - Processing file /opt/airflow/dags/data/models/Netherlands.3/cases_TS_model.pkl for tasks to queue
[2024-08-17T12:03:57.227+0000] {logging_mixin.py:188} INFO - [2024-08-17T12:03:57.226+0000] {dagbag.py:545} INFO - Filling up the DagBag from /opt/airflow/dags/data/models/Netherlands.3/cases_TS_model.pkl
[2024-08-17T12:03:57.256+0000] {processor.py:842} WARNING - No viable dags retrieved from /opt/airflow/dags/data/models/Netherlands.3/cases_TS_model.pkl
[2024-08-17T12:03:57.278+0000] {processor.py:183} INFO - Processing /opt/airflow/dags/data/models/Netherlands.3/cases_TS_model.pkl took 0.065 seconds
[2024-08-17T12:04:40.127+0000] {processor.py:161} INFO - Started process (PID=16216) to work on /opt/airflow/dags/data/models/Netherlands.3/cases_TS_model.pkl
[2024-08-17T12:04:40.129+0000] {processor.py:830} INFO - Processing file /opt/airflow/dags/data/models/Netherlands.3/cases_TS_model.pkl for tasks to queue
[2024-08-17T12:04:40.132+0000] {logging_mixin.py:188} INFO - [2024-08-17T12:04:40.131+0000] {dagbag.py:545} INFO - Filling up the DagBag from /opt/airflow/dags/data/models/Netherlands.3/cases_TS_model.pkl
[2024-08-17T12:04:40.151+0000] {processor.py:842} WARNING - No viable dags retrieved from /opt/airflow/dags/data/models/Netherlands.3/cases_TS_model.pkl
[2024-08-17T12:04:40.172+0000] {processor.py:183} INFO - Processing /opt/airflow/dags/data/models/Netherlands.3/cases_TS_model.pkl took 0.054 seconds
[2024-08-17T12:05:19.002+0000] {processor.py:161} INFO - Started process (PID=16794) to work on /opt/airflow/dags/data/models/Netherlands.3/cases_TS_model.pkl
[2024-08-17T12:05:19.003+0000] {processor.py:830} INFO - Processing file /opt/airflow/dags/data/models/Netherlands.3/cases_TS_model.pkl for tasks to queue
[2024-08-17T12:05:19.005+0000] {logging_mixin.py:188} INFO - [2024-08-17T12:05:19.004+0000] {dagbag.py:545} INFO - Filling up the DagBag from /opt/airflow/dags/data/models/Netherlands.3/cases_TS_model.pkl
[2024-08-17T12:05:19.022+0000] {processor.py:842} WARNING - No viable dags retrieved from /opt/airflow/dags/data/models/Netherlands.3/cases_TS_model.pkl
[2024-08-17T12:05:19.040+0000] {processor.py:183} INFO - Processing /opt/airflow/dags/data/models/Netherlands.3/cases_TS_model.pkl took 0.045 seconds
[2024-08-17T12:06:01.134+0000] {processor.py:161} INFO - Started process (PID=17440) to work on /opt/airflow/dags/data/models/Netherlands.3/cases_TS_model.pkl
[2024-08-17T12:06:01.136+0000] {processor.py:830} INFO - Processing file /opt/airflow/dags/data/models/Netherlands.3/cases_TS_model.pkl for tasks to queue
[2024-08-17T12:06:01.137+0000] {logging_mixin.py:188} INFO - [2024-08-17T12:06:01.137+0000] {dagbag.py:545} INFO - Filling up the DagBag from /opt/airflow/dags/data/models/Netherlands.3/cases_TS_model.pkl
[2024-08-17T12:06:01.157+0000] {processor.py:842} WARNING - No viable dags retrieved from /opt/airflow/dags/data/models/Netherlands.3/cases_TS_model.pkl
[2024-08-17T12:06:01.175+0000] {processor.py:183} INFO - Processing /opt/airflow/dags/data/models/Netherlands.3/cases_TS_model.pkl took 0.049 seconds
[2024-08-17T12:06:37.878+0000] {processor.py:161} INFO - Started process (PID=18020) to work on /opt/airflow/dags/data/models/Netherlands.3/cases_TS_model.pkl
[2024-08-17T12:06:37.879+0000] {processor.py:830} INFO - Processing file /opt/airflow/dags/data/models/Netherlands.3/cases_TS_model.pkl for tasks to queue
[2024-08-17T12:06:37.880+0000] {logging_mixin.py:188} INFO - [2024-08-17T12:06:37.879+0000] {dagbag.py:545} INFO - Filling up the DagBag from /opt/airflow/dags/data/models/Netherlands.3/cases_TS_model.pkl
[2024-08-17T12:06:37.891+0000] {processor.py:842} WARNING - No viable dags retrieved from /opt/airflow/dags/data/models/Netherlands.3/cases_TS_model.pkl
[2024-08-17T12:06:37.905+0000] {processor.py:183} INFO - Processing /opt/airflow/dags/data/models/Netherlands.3/cases_TS_model.pkl took 0.032 seconds
[2024-08-17T12:07:24.086+0000] {processor.py:161} INFO - Started process (PID=18722) to work on /opt/airflow/dags/data/models/Netherlands.3/cases_TS_model.pkl
[2024-08-17T12:07:24.087+0000] {processor.py:830} INFO - Processing file /opt/airflow/dags/data/models/Netherlands.3/cases_TS_model.pkl for tasks to queue
[2024-08-17T12:07:24.089+0000] {logging_mixin.py:188} INFO - [2024-08-17T12:07:24.088+0000] {dagbag.py:545} INFO - Filling up the DagBag from /opt/airflow/dags/data/models/Netherlands.3/cases_TS_model.pkl
[2024-08-17T12:07:24.116+0000] {processor.py:842} WARNING - No viable dags retrieved from /opt/airflow/dags/data/models/Netherlands.3/cases_TS_model.pkl
[2024-08-17T12:07:24.135+0000] {processor.py:183} INFO - Processing /opt/airflow/dags/data/models/Netherlands.3/cases_TS_model.pkl took 0.056 seconds
[2024-08-17T12:08:38.110+0000] {processor.py:161} INFO - Started process (PID=19454) to work on /opt/airflow/dags/data/models/Netherlands.3/cases_TS_model.pkl
[2024-08-17T12:08:38.111+0000] {processor.py:830} INFO - Processing file /opt/airflow/dags/data/models/Netherlands.3/cases_TS_model.pkl for tasks to queue
[2024-08-17T12:08:38.113+0000] {logging_mixin.py:188} INFO - [2024-08-17T12:08:38.112+0000] {dagbag.py:545} INFO - Filling up the DagBag from /opt/airflow/dags/data/models/Netherlands.3/cases_TS_model.pkl
[2024-08-17T12:08:38.131+0000] {processor.py:842} WARNING - No viable dags retrieved from /opt/airflow/dags/data/models/Netherlands.3/cases_TS_model.pkl
[2024-08-17T12:08:38.152+0000] {processor.py:183} INFO - Processing /opt/airflow/dags/data/models/Netherlands.3/cases_TS_model.pkl took 0.052 seconds
[2024-08-17T12:09:24.145+0000] {processor.py:161} INFO - Started process (PID=20126) to work on /opt/airflow/dags/data/models/Netherlands.3/cases_TS_model.pkl
[2024-08-17T12:09:24.146+0000] {processor.py:830} INFO - Processing file /opt/airflow/dags/data/models/Netherlands.3/cases_TS_model.pkl for tasks to queue
[2024-08-17T12:09:24.147+0000] {logging_mixin.py:188} INFO - [2024-08-17T12:09:24.147+0000] {dagbag.py:545} INFO - Filling up the DagBag from /opt/airflow/dags/data/models/Netherlands.3/cases_TS_model.pkl
[2024-08-17T12:09:24.167+0000] {processor.py:842} WARNING - No viable dags retrieved from /opt/airflow/dags/data/models/Netherlands.3/cases_TS_model.pkl
[2024-08-17T12:09:24.184+0000] {processor.py:183} INFO - Processing /opt/airflow/dags/data/models/Netherlands.3/cases_TS_model.pkl took 0.046 seconds
[2024-08-17T12:09:58.356+0000] {processor.py:161} INFO - Started process (PID=20647) to work on /opt/airflow/dags/data/models/Netherlands.3/cases_TS_model.pkl
[2024-08-17T12:09:58.358+0000] {processor.py:830} INFO - Processing file /opt/airflow/dags/data/models/Netherlands.3/cases_TS_model.pkl for tasks to queue
[2024-08-17T12:09:58.360+0000] {logging_mixin.py:188} INFO - [2024-08-17T12:09:58.359+0000] {dagbag.py:545} INFO - Filling up the DagBag from /opt/airflow/dags/data/models/Netherlands.3/cases_TS_model.pkl
[2024-08-17T12:09:58.380+0000] {processor.py:842} WARNING - No viable dags retrieved from /opt/airflow/dags/data/models/Netherlands.3/cases_TS_model.pkl
[2024-08-17T12:09:58.402+0000] {processor.py:183} INFO - Processing /opt/airflow/dags/data/models/Netherlands.3/cases_TS_model.pkl took 0.054 seconds
[2024-08-17T12:10:33.847+0000] {processor.py:161} INFO - Started process (PID=21196) to work on /opt/airflow/dags/data/models/Netherlands.3/cases_TS_model.pkl
[2024-08-17T12:10:33.849+0000] {processor.py:830} INFO - Processing file /opt/airflow/dags/data/models/Netherlands.3/cases_TS_model.pkl for tasks to queue
[2024-08-17T12:10:33.850+0000] {logging_mixin.py:188} INFO - [2024-08-17T12:10:33.850+0000] {dagbag.py:545} INFO - Filling up the DagBag from /opt/airflow/dags/data/models/Netherlands.3/cases_TS_model.pkl
[2024-08-17T12:10:33.865+0000] {processor.py:842} WARNING - No viable dags retrieved from /opt/airflow/dags/data/models/Netherlands.3/cases_TS_model.pkl
[2024-08-17T12:10:33.887+0000] {processor.py:183} INFO - Processing /opt/airflow/dags/data/models/Netherlands.3/cases_TS_model.pkl took 0.048 seconds
[2024-08-17T12:11:12.175+0000] {processor.py:161} INFO - Started process (PID=21712) to work on /opt/airflow/dags/data/models/Netherlands.3/cases_TS_model.pkl
[2024-08-17T12:11:12.176+0000] {processor.py:830} INFO - Processing file /opt/airflow/dags/data/models/Netherlands.3/cases_TS_model.pkl for tasks to queue
[2024-08-17T12:11:12.178+0000] {logging_mixin.py:188} INFO - [2024-08-17T12:11:12.177+0000] {dagbag.py:545} INFO - Filling up the DagBag from /opt/airflow/dags/data/models/Netherlands.3/cases_TS_model.pkl
[2024-08-17T12:11:12.200+0000] {processor.py:842} WARNING - No viable dags retrieved from /opt/airflow/dags/data/models/Netherlands.3/cases_TS_model.pkl
[2024-08-17T12:11:12.221+0000] {processor.py:183} INFO - Processing /opt/airflow/dags/data/models/Netherlands.3/cases_TS_model.pkl took 0.055 seconds
[2024-08-17T12:11:47.218+0000] {processor.py:161} INFO - Started process (PID=22264) to work on /opt/airflow/dags/data/models/Netherlands.3/cases_TS_model.pkl
[2024-08-17T12:11:47.220+0000] {processor.py:830} INFO - Processing file /opt/airflow/dags/data/models/Netherlands.3/cases_TS_model.pkl for tasks to queue
[2024-08-17T12:11:47.221+0000] {logging_mixin.py:188} INFO - [2024-08-17T12:11:47.220+0000] {dagbag.py:545} INFO - Filling up the DagBag from /opt/airflow/dags/data/models/Netherlands.3/cases_TS_model.pkl
[2024-08-17T12:11:47.243+0000] {processor.py:842} WARNING - No viable dags retrieved from /opt/airflow/dags/data/models/Netherlands.3/cases_TS_model.pkl
[2024-08-17T12:11:47.265+0000] {processor.py:183} INFO - Processing /opt/airflow/dags/data/models/Netherlands.3/cases_TS_model.pkl took 0.055 seconds
[2024-08-17T12:12:22.940+0000] {processor.py:161} INFO - Started process (PID=22767) to work on /opt/airflow/dags/data/models/Netherlands.3/cases_TS_model.pkl
[2024-08-17T12:12:22.943+0000] {processor.py:830} INFO - Processing file /opt/airflow/dags/data/models/Netherlands.3/cases_TS_model.pkl for tasks to queue
[2024-08-17T12:12:22.944+0000] {logging_mixin.py:188} INFO - [2024-08-17T12:12:22.944+0000] {dagbag.py:545} INFO - Filling up the DagBag from /opt/airflow/dags/data/models/Netherlands.3/cases_TS_model.pkl
[2024-08-17T12:12:22.971+0000] {processor.py:842} WARNING - No viable dags retrieved from /opt/airflow/dags/data/models/Netherlands.3/cases_TS_model.pkl
[2024-08-17T12:12:22.990+0000] {processor.py:183} INFO - Processing /opt/airflow/dags/data/models/Netherlands.3/cases_TS_model.pkl took 0.058 seconds
[2024-08-17T12:13:23.378+0000] {processor.py:161} INFO - Started process (PID=23347) to work on /opt/airflow/dags/data/models/Netherlands.3/cases_TS_model.pkl
[2024-08-17T12:13:23.379+0000] {processor.py:830} INFO - Processing file /opt/airflow/dags/data/models/Netherlands.3/cases_TS_model.pkl for tasks to queue
[2024-08-17T12:13:23.380+0000] {logging_mixin.py:188} INFO - [2024-08-17T12:13:23.380+0000] {dagbag.py:545} INFO - Filling up the DagBag from /opt/airflow/dags/data/models/Netherlands.3/cases_TS_model.pkl
[2024-08-17T12:13:23.398+0000] {processor.py:842} WARNING - No viable dags retrieved from /opt/airflow/dags/data/models/Netherlands.3/cases_TS_model.pkl
[2024-08-17T12:13:23.416+0000] {processor.py:183} INFO - Processing /opt/airflow/dags/data/models/Netherlands.3/cases_TS_model.pkl took 0.046 seconds
[2024-08-17T12:14:10.210+0000] {processor.py:161} INFO - Started process (PID=24071) to work on /opt/airflow/dags/data/models/Netherlands.3/cases_TS_model.pkl
[2024-08-17T12:14:10.211+0000] {processor.py:830} INFO - Processing file /opt/airflow/dags/data/models/Netherlands.3/cases_TS_model.pkl for tasks to queue
[2024-08-17T12:14:10.212+0000] {logging_mixin.py:188} INFO - [2024-08-17T12:14:10.212+0000] {dagbag.py:545} INFO - Filling up the DagBag from /opt/airflow/dags/data/models/Netherlands.3/cases_TS_model.pkl
[2024-08-17T12:14:10.232+0000] {processor.py:842} WARNING - No viable dags retrieved from /opt/airflow/dags/data/models/Netherlands.3/cases_TS_model.pkl
[2024-08-17T12:14:10.253+0000] {processor.py:183} INFO - Processing /opt/airflow/dags/data/models/Netherlands.3/cases_TS_model.pkl took 0.052 seconds
[2024-08-17T12:14:54.763+0000] {processor.py:161} INFO - Started process (PID=24720) to work on /opt/airflow/dags/data/models/Netherlands.3/cases_TS_model.pkl
[2024-08-17T12:14:54.764+0000] {processor.py:830} INFO - Processing file /opt/airflow/dags/data/models/Netherlands.3/cases_TS_model.pkl for tasks to queue
[2024-08-17T12:14:54.766+0000] {logging_mixin.py:188} INFO - [2024-08-17T12:14:54.765+0000] {dagbag.py:545} INFO - Filling up the DagBag from /opt/airflow/dags/data/models/Netherlands.3/cases_TS_model.pkl
[2024-08-17T12:14:54.792+0000] {processor.py:842} WARNING - No viable dags retrieved from /opt/airflow/dags/data/models/Netherlands.3/cases_TS_model.pkl
[2024-08-17T12:14:54.813+0000] {processor.py:183} INFO - Processing /opt/airflow/dags/data/models/Netherlands.3/cases_TS_model.pkl took 0.059 seconds
[2024-08-17T12:15:38.992+0000] {processor.py:161} INFO - Started process (PID=25315) to work on /opt/airflow/dags/data/models/Netherlands.3/cases_TS_model.pkl
[2024-08-17T12:15:38.994+0000] {processor.py:830} INFO - Processing file /opt/airflow/dags/data/models/Netherlands.3/cases_TS_model.pkl for tasks to queue
[2024-08-17T12:15:38.995+0000] {logging_mixin.py:188} INFO - [2024-08-17T12:15:38.995+0000] {dagbag.py:545} INFO - Filling up the DagBag from /opt/airflow/dags/data/models/Netherlands.3/cases_TS_model.pkl
[2024-08-17T12:15:39.015+0000] {processor.py:842} WARNING - No viable dags retrieved from /opt/airflow/dags/data/models/Netherlands.3/cases_TS_model.pkl
[2024-08-17T12:15:39.033+0000] {processor.py:183} INFO - Processing /opt/airflow/dags/data/models/Netherlands.3/cases_TS_model.pkl took 0.048 seconds
[2024-08-17T12:16:15.429+0000] {processor.py:161} INFO - Started process (PID=25852) to work on /opt/airflow/dags/data/models/Netherlands.3/cases_TS_model.pkl
[2024-08-17T12:16:15.430+0000] {processor.py:830} INFO - Processing file /opt/airflow/dags/data/models/Netherlands.3/cases_TS_model.pkl for tasks to queue
[2024-08-17T12:16:15.432+0000] {logging_mixin.py:188} INFO - [2024-08-17T12:16:15.431+0000] {dagbag.py:545} INFO - Filling up the DagBag from /opt/airflow/dags/data/models/Netherlands.3/cases_TS_model.pkl
[2024-08-17T12:16:15.456+0000] {processor.py:842} WARNING - No viable dags retrieved from /opt/airflow/dags/data/models/Netherlands.3/cases_TS_model.pkl
[2024-08-17T12:16:15.475+0000] {processor.py:183} INFO - Processing /opt/airflow/dags/data/models/Netherlands.3/cases_TS_model.pkl took 0.054 seconds
[2024-08-17T12:16:55.284+0000] {processor.py:161} INFO - Started process (PID=26413) to work on /opt/airflow/dags/data/models/Netherlands.3/cases_TS_model.pkl
[2024-08-17T12:16:55.285+0000] {processor.py:830} INFO - Processing file /opt/airflow/dags/data/models/Netherlands.3/cases_TS_model.pkl for tasks to queue
[2024-08-17T12:16:55.286+0000] {logging_mixin.py:188} INFO - [2024-08-17T12:16:55.286+0000] {dagbag.py:545} INFO - Filling up the DagBag from /opt/airflow/dags/data/models/Netherlands.3/cases_TS_model.pkl
[2024-08-17T12:16:55.303+0000] {processor.py:842} WARNING - No viable dags retrieved from /opt/airflow/dags/data/models/Netherlands.3/cases_TS_model.pkl
[2024-08-17T12:16:55.324+0000] {processor.py:183} INFO - Processing /opt/airflow/dags/data/models/Netherlands.3/cases_TS_model.pkl took 0.047 seconds
[2024-08-17T12:17:33.576+0000] {processor.py:161} INFO - Started process (PID=26973) to work on /opt/airflow/dags/data/models/Netherlands.3/cases_TS_model.pkl
[2024-08-17T12:17:33.578+0000] {processor.py:830} INFO - Processing file /opt/airflow/dags/data/models/Netherlands.3/cases_TS_model.pkl for tasks to queue
[2024-08-17T12:17:33.580+0000] {logging_mixin.py:188} INFO - [2024-08-17T12:17:33.580+0000] {dagbag.py:545} INFO - Filling up the DagBag from /opt/airflow/dags/data/models/Netherlands.3/cases_TS_model.pkl
[2024-08-17T12:17:33.606+0000] {processor.py:842} WARNING - No viable dags retrieved from /opt/airflow/dags/data/models/Netherlands.3/cases_TS_model.pkl
[2024-08-17T12:17:33.625+0000] {processor.py:183} INFO - Processing /opt/airflow/dags/data/models/Netherlands.3/cases_TS_model.pkl took 0.058 seconds
[2024-08-17T12:18:45.552+0000] {processor.py:161} INFO - Started process (PID=27586) to work on /opt/airflow/dags/data/models/Netherlands.3/cases_TS_model.pkl
[2024-08-17T12:18:45.553+0000] {processor.py:830} INFO - Processing file /opt/airflow/dags/data/models/Netherlands.3/cases_TS_model.pkl for tasks to queue
[2024-08-17T12:18:45.554+0000] {logging_mixin.py:188} INFO - [2024-08-17T12:18:45.554+0000] {dagbag.py:545} INFO - Filling up the DagBag from /opt/airflow/dags/data/models/Netherlands.3/cases_TS_model.pkl
[2024-08-17T12:18:45.575+0000] {processor.py:842} WARNING - No viable dags retrieved from /opt/airflow/dags/data/models/Netherlands.3/cases_TS_model.pkl
[2024-08-17T12:18:45.594+0000] {processor.py:183} INFO - Processing /opt/airflow/dags/data/models/Netherlands.3/cases_TS_model.pkl took 0.049 seconds
[2024-08-17T12:19:37.374+0000] {processor.py:161} INFO - Started process (PID=28343) to work on /opt/airflow/dags/data/models/Netherlands.3/cases_TS_model.pkl
[2024-08-17T12:19:37.376+0000] {processor.py:830} INFO - Processing file /opt/airflow/dags/data/models/Netherlands.3/cases_TS_model.pkl for tasks to queue
[2024-08-17T12:19:37.377+0000] {logging_mixin.py:188} INFO - [2024-08-17T12:19:37.377+0000] {dagbag.py:545} INFO - Filling up the DagBag from /opt/airflow/dags/data/models/Netherlands.3/cases_TS_model.pkl
[2024-08-17T12:19:37.398+0000] {processor.py:842} WARNING - No viable dags retrieved from /opt/airflow/dags/data/models/Netherlands.3/cases_TS_model.pkl
[2024-08-17T12:19:37.418+0000] {processor.py:183} INFO - Processing /opt/airflow/dags/data/models/Netherlands.3/cases_TS_model.pkl took 0.052 seconds
[2024-08-17T12:20:22.087+0000] {processor.py:161} INFO - Started process (PID=29001) to work on /opt/airflow/dags/data/models/Netherlands.3/cases_TS_model.pkl
[2024-08-17T12:20:22.090+0000] {processor.py:830} INFO - Processing file /opt/airflow/dags/data/models/Netherlands.3/cases_TS_model.pkl for tasks to queue
[2024-08-17T12:20:22.092+0000] {logging_mixin.py:188} INFO - [2024-08-17T12:20:22.091+0000] {dagbag.py:545} INFO - Filling up the DagBag from /opt/airflow/dags/data/models/Netherlands.3/cases_TS_model.pkl
[2024-08-17T12:20:22.114+0000] {processor.py:842} WARNING - No viable dags retrieved from /opt/airflow/dags/data/models/Netherlands.3/cases_TS_model.pkl
[2024-08-17T12:20:22.139+0000] {processor.py:183} INFO - Processing /opt/airflow/dags/data/models/Netherlands.3/cases_TS_model.pkl took 0.064 seconds
[2024-08-17T12:21:23.435+0000] {processor.py:161} INFO - Started process (PID=29782) to work on /opt/airflow/dags/data/models/Netherlands.3/cases_TS_model.pkl
[2024-08-17T12:21:23.436+0000] {processor.py:830} INFO - Processing file /opt/airflow/dags/data/models/Netherlands.3/cases_TS_model.pkl for tasks to queue
[2024-08-17T12:21:23.437+0000] {logging_mixin.py:188} INFO - [2024-08-17T12:21:23.437+0000] {dagbag.py:545} INFO - Filling up the DagBag from /opt/airflow/dags/data/models/Netherlands.3/cases_TS_model.pkl
[2024-08-17T12:21:23.454+0000] {processor.py:842} WARNING - No viable dags retrieved from /opt/airflow/dags/data/models/Netherlands.3/cases_TS_model.pkl
[2024-08-17T12:21:23.471+0000] {processor.py:183} INFO - Processing /opt/airflow/dags/data/models/Netherlands.3/cases_TS_model.pkl took 0.043 seconds
[2024-08-17T12:22:17.853+0000] {processor.py:161} INFO - Started process (PID=30602) to work on /opt/airflow/dags/data/models/Netherlands.3/cases_TS_model.pkl
[2024-08-17T12:22:17.854+0000] {processor.py:830} INFO - Processing file /opt/airflow/dags/data/models/Netherlands.3/cases_TS_model.pkl for tasks to queue
[2024-08-17T12:22:17.856+0000] {logging_mixin.py:188} INFO - [2024-08-17T12:22:17.855+0000] {dagbag.py:545} INFO - Filling up the DagBag from /opt/airflow/dags/data/models/Netherlands.3/cases_TS_model.pkl
[2024-08-17T12:22:17.918+0000] {processor.py:842} WARNING - No viable dags retrieved from /opt/airflow/dags/data/models/Netherlands.3/cases_TS_model.pkl
[2024-08-17T12:22:17.946+0000] {processor.py:183} INFO - Processing /opt/airflow/dags/data/models/Netherlands.3/cases_TS_model.pkl took 0.100 seconds
[2024-08-17T12:23:25.172+0000] {processor.py:161} INFO - Started process (PID=31288) to work on /opt/airflow/dags/data/models/Netherlands.3/cases_TS_model.pkl
[2024-08-17T12:23:25.173+0000] {processor.py:830} INFO - Processing file /opt/airflow/dags/data/models/Netherlands.3/cases_TS_model.pkl for tasks to queue
[2024-08-17T12:23:25.174+0000] {logging_mixin.py:188} INFO - [2024-08-17T12:23:25.174+0000] {dagbag.py:545} INFO - Filling up the DagBag from /opt/airflow/dags/data/models/Netherlands.3/cases_TS_model.pkl
[2024-08-17T12:23:25.194+0000] {processor.py:842} WARNING - No viable dags retrieved from /opt/airflow/dags/data/models/Netherlands.3/cases_TS_model.pkl
[2024-08-17T12:23:25.213+0000] {processor.py:183} INFO - Processing /opt/airflow/dags/data/models/Netherlands.3/cases_TS_model.pkl took 0.046 seconds
[2024-08-17T12:24:05.674+0000] {processor.py:161} INFO - Started process (PID=31965) to work on /opt/airflow/dags/data/models/Netherlands.3/cases_TS_model.pkl
[2024-08-17T12:24:05.675+0000] {processor.py:830} INFO - Processing file /opt/airflow/dags/data/models/Netherlands.3/cases_TS_model.pkl for tasks to queue
[2024-08-17T12:24:05.676+0000] {logging_mixin.py:188} INFO - [2024-08-17T12:24:05.676+0000] {dagbag.py:545} INFO - Filling up the DagBag from /opt/airflow/dags/data/models/Netherlands.3/cases_TS_model.pkl
[2024-08-17T12:24:05.691+0000] {processor.py:842} WARNING - No viable dags retrieved from /opt/airflow/dags/data/models/Netherlands.3/cases_TS_model.pkl
[2024-08-17T12:24:05.707+0000] {processor.py:183} INFO - Processing /opt/airflow/dags/data/models/Netherlands.3/cases_TS_model.pkl took 0.039 seconds
[2024-08-17T12:24:52.410+0000] {processor.py:161} INFO - Started process (PID=32734) to work on /opt/airflow/dags/data/models/Netherlands.3/cases_TS_model.pkl
[2024-08-17T12:24:52.411+0000] {processor.py:830} INFO - Processing file /opt/airflow/dags/data/models/Netherlands.3/cases_TS_model.pkl for tasks to queue
[2024-08-17T12:24:52.412+0000] {logging_mixin.py:188} INFO - [2024-08-17T12:24:52.412+0000] {dagbag.py:545} INFO - Filling up the DagBag from /opt/airflow/dags/data/models/Netherlands.3/cases_TS_model.pkl
[2024-08-17T12:24:52.428+0000] {processor.py:842} WARNING - No viable dags retrieved from /opt/airflow/dags/data/models/Netherlands.3/cases_TS_model.pkl
[2024-08-17T12:24:52.442+0000] {processor.py:183} INFO - Processing /opt/airflow/dags/data/models/Netherlands.3/cases_TS_model.pkl took 0.036 seconds
[2024-08-17T12:25:36.956+0000] {processor.py:161} INFO - Started process (PID=33492) to work on /opt/airflow/dags/data/models/Netherlands.3/cases_TS_model.pkl
[2024-08-17T12:25:36.956+0000] {processor.py:830} INFO - Processing file /opt/airflow/dags/data/models/Netherlands.3/cases_TS_model.pkl for tasks to queue
[2024-08-17T12:25:36.958+0000] {logging_mixin.py:188} INFO - [2024-08-17T12:25:36.957+0000] {dagbag.py:545} INFO - Filling up the DagBag from /opt/airflow/dags/data/models/Netherlands.3/cases_TS_model.pkl
[2024-08-17T12:25:36.975+0000] {processor.py:842} WARNING - No viable dags retrieved from /opt/airflow/dags/data/models/Netherlands.3/cases_TS_model.pkl
[2024-08-17T12:25:36.988+0000] {processor.py:183} INFO - Processing /opt/airflow/dags/data/models/Netherlands.3/cases_TS_model.pkl took 0.037 seconds
[2024-08-17T12:26:15.883+0000] {processor.py:161} INFO - Started process (PID=34241) to work on /opt/airflow/dags/data/models/Netherlands.3/cases_TS_model.pkl
[2024-08-17T12:26:15.884+0000] {processor.py:830} INFO - Processing file /opt/airflow/dags/data/models/Netherlands.3/cases_TS_model.pkl for tasks to queue
[2024-08-17T12:26:15.885+0000] {logging_mixin.py:188} INFO - [2024-08-17T12:26:15.884+0000] {dagbag.py:545} INFO - Filling up the DagBag from /opt/airflow/dags/data/models/Netherlands.3/cases_TS_model.pkl
[2024-08-17T12:26:15.905+0000] {processor.py:842} WARNING - No viable dags retrieved from /opt/airflow/dags/data/models/Netherlands.3/cases_TS_model.pkl
[2024-08-17T12:26:15.922+0000] {processor.py:183} INFO - Processing /opt/airflow/dags/data/models/Netherlands.3/cases_TS_model.pkl took 0.045 seconds
[2024-08-17T12:26:52.447+0000] {processor.py:161} INFO - Started process (PID=34896) to work on /opt/airflow/dags/data/models/Netherlands.3/cases_TS_model.pkl
[2024-08-17T12:26:52.448+0000] {processor.py:830} INFO - Processing file /opt/airflow/dags/data/models/Netherlands.3/cases_TS_model.pkl for tasks to queue
[2024-08-17T12:26:52.449+0000] {logging_mixin.py:188} INFO - [2024-08-17T12:26:52.449+0000] {dagbag.py:545} INFO - Filling up the DagBag from /opt/airflow/dags/data/models/Netherlands.3/cases_TS_model.pkl
[2024-08-17T12:26:52.468+0000] {processor.py:842} WARNING - No viable dags retrieved from /opt/airflow/dags/data/models/Netherlands.3/cases_TS_model.pkl
[2024-08-17T12:26:52.484+0000] {processor.py:183} INFO - Processing /opt/airflow/dags/data/models/Netherlands.3/cases_TS_model.pkl took 0.042 seconds
[2024-08-17T12:27:27.760+0000] {processor.py:161} INFO - Started process (PID=35589) to work on /opt/airflow/dags/data/models/Netherlands.3/cases_TS_model.pkl
[2024-08-17T12:27:27.760+0000] {processor.py:830} INFO - Processing file /opt/airflow/dags/data/models/Netherlands.3/cases_TS_model.pkl for tasks to queue
[2024-08-17T12:27:27.761+0000] {logging_mixin.py:188} INFO - [2024-08-17T12:27:27.761+0000] {dagbag.py:545} INFO - Filling up the DagBag from /opt/airflow/dags/data/models/Netherlands.3/cases_TS_model.pkl
[2024-08-17T12:27:27.775+0000] {processor.py:842} WARNING - No viable dags retrieved from /opt/airflow/dags/data/models/Netherlands.3/cases_TS_model.pkl
[2024-08-17T12:27:27.789+0000] {processor.py:183} INFO - Processing /opt/airflow/dags/data/models/Netherlands.3/cases_TS_model.pkl took 0.033 seconds
[2024-08-17T12:28:18.890+0000] {processor.py:161} INFO - Started process (PID=36304) to work on /opt/airflow/dags/data/models/Netherlands.3/cases_TS_model.pkl
[2024-08-17T12:28:18.891+0000] {processor.py:830} INFO - Processing file /opt/airflow/dags/data/models/Netherlands.3/cases_TS_model.pkl for tasks to queue
[2024-08-17T12:28:18.891+0000] {logging_mixin.py:188} INFO - [2024-08-17T12:28:18.891+0000] {dagbag.py:545} INFO - Filling up the DagBag from /opt/airflow/dags/data/models/Netherlands.3/cases_TS_model.pkl
[2024-08-17T12:28:18.912+0000] {processor.py:842} WARNING - No viable dags retrieved from /opt/airflow/dags/data/models/Netherlands.3/cases_TS_model.pkl
[2024-08-17T12:28:18.923+0000] {processor.py:183} INFO - Processing /opt/airflow/dags/data/models/Netherlands.3/cases_TS_model.pkl took 0.038 seconds
[2024-08-17T12:28:53.794+0000] {processor.py:161} INFO - Started process (PID=37048) to work on /opt/airflow/dags/data/models/Netherlands.3/cases_TS_model.pkl
[2024-08-17T12:28:53.795+0000] {processor.py:830} INFO - Processing file /opt/airflow/dags/data/models/Netherlands.3/cases_TS_model.pkl for tasks to queue
[2024-08-17T12:28:53.795+0000] {logging_mixin.py:188} INFO - [2024-08-17T12:28:53.795+0000] {dagbag.py:545} INFO - Filling up the DagBag from /opt/airflow/dags/data/models/Netherlands.3/cases_TS_model.pkl
[2024-08-17T12:28:53.805+0000] {processor.py:842} WARNING - No viable dags retrieved from /opt/airflow/dags/data/models/Netherlands.3/cases_TS_model.pkl
[2024-08-17T12:28:53.816+0000] {processor.py:183} INFO - Processing /opt/airflow/dags/data/models/Netherlands.3/cases_TS_model.pkl took 0.027 seconds
[2024-08-17T12:29:27.845+0000] {processor.py:161} INFO - Started process (PID=37793) to work on /opt/airflow/dags/data/models/Netherlands.3/cases_TS_model.pkl
[2024-08-17T12:29:27.848+0000] {processor.py:830} INFO - Processing file /opt/airflow/dags/data/models/Netherlands.3/cases_TS_model.pkl for tasks to queue
[2024-08-17T12:29:27.850+0000] {logging_mixin.py:188} INFO - [2024-08-17T12:29:27.850+0000] {dagbag.py:545} INFO - Filling up the DagBag from /opt/airflow/dags/data/models/Netherlands.3/cases_TS_model.pkl
[2024-08-17T12:29:27.866+0000] {processor.py:842} WARNING - No viable dags retrieved from /opt/airflow/dags/data/models/Netherlands.3/cases_TS_model.pkl
[2024-08-17T12:29:27.887+0000] {processor.py:183} INFO - Processing /opt/airflow/dags/data/models/Netherlands.3/cases_TS_model.pkl took 0.047 seconds
[2024-08-17T12:30:00.216+0000] {processor.py:161} INFO - Started process (PID=38518) to work on /opt/airflow/dags/data/models/Netherlands.3/cases_TS_model.pkl
[2024-08-17T12:30:00.217+0000] {processor.py:830} INFO - Processing file /opt/airflow/dags/data/models/Netherlands.3/cases_TS_model.pkl for tasks to queue
[2024-08-17T12:30:00.217+0000] {logging_mixin.py:188} INFO - [2024-08-17T12:30:00.217+0000] {dagbag.py:545} INFO - Filling up the DagBag from /opt/airflow/dags/data/models/Netherlands.3/cases_TS_model.pkl
[2024-08-17T12:30:00.228+0000] {processor.py:842} WARNING - No viable dags retrieved from /opt/airflow/dags/data/models/Netherlands.3/cases_TS_model.pkl
[2024-08-17T12:30:00.239+0000] {processor.py:183} INFO - Processing /opt/airflow/dags/data/models/Netherlands.3/cases_TS_model.pkl took 0.026 seconds
[2024-08-17T12:30:33.288+0000] {processor.py:161} INFO - Started process (PID=39254) to work on /opt/airflow/dags/data/models/Netherlands.3/cases_TS_model.pkl
[2024-08-17T12:30:33.292+0000] {processor.py:830} INFO - Processing file /opt/airflow/dags/data/models/Netherlands.3/cases_TS_model.pkl for tasks to queue
[2024-08-17T12:30:33.293+0000] {logging_mixin.py:188} INFO - [2024-08-17T12:30:33.292+0000] {dagbag.py:545} INFO - Filling up the DagBag from /opt/airflow/dags/data/models/Netherlands.3/cases_TS_model.pkl
[2024-08-17T12:30:33.320+0000] {processor.py:842} WARNING - No viable dags retrieved from /opt/airflow/dags/data/models/Netherlands.3/cases_TS_model.pkl
[2024-08-17T12:30:33.330+0000] {processor.py:183} INFO - Processing /opt/airflow/dags/data/models/Netherlands.3/cases_TS_model.pkl took 0.046 seconds
[2024-08-17T12:31:06.629+0000] {processor.py:161} INFO - Started process (PID=40001) to work on /opt/airflow/dags/data/models/Netherlands.3/cases_TS_model.pkl
[2024-08-17T12:31:06.630+0000] {processor.py:830} INFO - Processing file /opt/airflow/dags/data/models/Netherlands.3/cases_TS_model.pkl for tasks to queue
[2024-08-17T12:31:06.631+0000] {logging_mixin.py:188} INFO - [2024-08-17T12:31:06.630+0000] {dagbag.py:545} INFO - Filling up the DagBag from /opt/airflow/dags/data/models/Netherlands.3/cases_TS_model.pkl
[2024-08-17T12:31:06.641+0000] {processor.py:842} WARNING - No viable dags retrieved from /opt/airflow/dags/data/models/Netherlands.3/cases_TS_model.pkl
[2024-08-17T12:31:06.651+0000] {processor.py:183} INFO - Processing /opt/airflow/dags/data/models/Netherlands.3/cases_TS_model.pkl took 0.025 seconds
[2024-08-17T12:31:40.412+0000] {processor.py:161} INFO - Started process (PID=40747) to work on /opt/airflow/dags/data/models/Netherlands.3/cases_TS_model.pkl
[2024-08-17T12:31:40.412+0000] {processor.py:830} INFO - Processing file /opt/airflow/dags/data/models/Netherlands.3/cases_TS_model.pkl for tasks to queue
[2024-08-17T12:31:40.413+0000] {logging_mixin.py:188} INFO - [2024-08-17T12:31:40.413+0000] {dagbag.py:545} INFO - Filling up the DagBag from /opt/airflow/dags/data/models/Netherlands.3/cases_TS_model.pkl
[2024-08-17T12:31:40.422+0000] {processor.py:842} WARNING - No viable dags retrieved from /opt/airflow/dags/data/models/Netherlands.3/cases_TS_model.pkl
[2024-08-17T12:31:40.432+0000] {processor.py:183} INFO - Processing /opt/airflow/dags/data/models/Netherlands.3/cases_TS_model.pkl took 0.024 seconds
[2024-08-17T12:32:16.660+0000] {processor.py:161} INFO - Started process (PID=41470) to work on /opt/airflow/dags/data/models/Netherlands.3/cases_TS_model.pkl
[2024-08-17T12:32:16.660+0000] {processor.py:830} INFO - Processing file /opt/airflow/dags/data/models/Netherlands.3/cases_TS_model.pkl for tasks to queue
[2024-08-17T12:32:16.661+0000] {logging_mixin.py:188} INFO - [2024-08-17T12:32:16.661+0000] {dagbag.py:545} INFO - Filling up the DagBag from /opt/airflow/dags/data/models/Netherlands.3/cases_TS_model.pkl
[2024-08-17T12:32:16.699+0000] {processor.py:842} WARNING - No viable dags retrieved from /opt/airflow/dags/data/models/Netherlands.3/cases_TS_model.pkl
[2024-08-17T12:32:16.710+0000] {processor.py:183} INFO - Processing /opt/airflow/dags/data/models/Netherlands.3/cases_TS_model.pkl took 0.054 seconds
[2024-08-17T12:33:00.178+0000] {processor.py:161} INFO - Started process (PID=42239) to work on /opt/airflow/dags/data/models/Netherlands.3/cases_TS_model.pkl
[2024-08-17T12:33:00.178+0000] {processor.py:830} INFO - Processing file /opt/airflow/dags/data/models/Netherlands.3/cases_TS_model.pkl for tasks to queue
[2024-08-17T12:33:00.179+0000] {logging_mixin.py:188} INFO - [2024-08-17T12:33:00.179+0000] {dagbag.py:545} INFO - Filling up the DagBag from /opt/airflow/dags/data/models/Netherlands.3/cases_TS_model.pkl
[2024-08-17T12:33:00.188+0000] {processor.py:842} WARNING - No viable dags retrieved from /opt/airflow/dags/data/models/Netherlands.3/cases_TS_model.pkl
[2024-08-17T12:33:00.198+0000] {processor.py:183} INFO - Processing /opt/airflow/dags/data/models/Netherlands.3/cases_TS_model.pkl took 0.024 seconds
[2024-08-17T12:33:31.306+0000] {processor.py:161} INFO - Started process (PID=42959) to work on /opt/airflow/dags/data/models/Netherlands.3/cases_TS_model.pkl
[2024-08-17T12:33:31.306+0000] {processor.py:830} INFO - Processing file /opt/airflow/dags/data/models/Netherlands.3/cases_TS_model.pkl for tasks to queue
[2024-08-17T12:33:31.307+0000] {logging_mixin.py:188} INFO - [2024-08-17T12:33:31.307+0000] {dagbag.py:545} INFO - Filling up the DagBag from /opt/airflow/dags/data/models/Netherlands.3/cases_TS_model.pkl
[2024-08-17T12:33:31.316+0000] {processor.py:842} WARNING - No viable dags retrieved from /opt/airflow/dags/data/models/Netherlands.3/cases_TS_model.pkl
[2024-08-17T12:33:31.327+0000] {processor.py:183} INFO - Processing /opt/airflow/dags/data/models/Netherlands.3/cases_TS_model.pkl took 0.025 seconds
[2024-08-17T12:34:02.791+0000] {processor.py:161} INFO - Started process (PID=43703) to work on /opt/airflow/dags/data/models/Netherlands.3/cases_TS_model.pkl
[2024-08-17T12:34:02.791+0000] {processor.py:830} INFO - Processing file /opt/airflow/dags/data/models/Netherlands.3/cases_TS_model.pkl for tasks to queue
[2024-08-17T12:34:02.792+0000] {logging_mixin.py:188} INFO - [2024-08-17T12:34:02.792+0000] {dagbag.py:545} INFO - Filling up the DagBag from /opt/airflow/dags/data/models/Netherlands.3/cases_TS_model.pkl
[2024-08-17T12:34:02.803+0000] {processor.py:842} WARNING - No viable dags retrieved from /opt/airflow/dags/data/models/Netherlands.3/cases_TS_model.pkl
[2024-08-17T12:34:02.813+0000] {processor.py:183} INFO - Processing /opt/airflow/dags/data/models/Netherlands.3/cases_TS_model.pkl took 0.026 seconds
[2024-08-17T12:34:35.169+0000] {processor.py:161} INFO - Started process (PID=44426) to work on /opt/airflow/dags/data/models/Netherlands.3/cases_TS_model.pkl
[2024-08-17T12:34:35.170+0000] {processor.py:830} INFO - Processing file /opt/airflow/dags/data/models/Netherlands.3/cases_TS_model.pkl for tasks to queue
[2024-08-17T12:34:35.170+0000] {logging_mixin.py:188} INFO - [2024-08-17T12:34:35.170+0000] {dagbag.py:545} INFO - Filling up the DagBag from /opt/airflow/dags/data/models/Netherlands.3/cases_TS_model.pkl
[2024-08-17T12:34:35.178+0000] {processor.py:842} WARNING - No viable dags retrieved from /opt/airflow/dags/data/models/Netherlands.3/cases_TS_model.pkl
[2024-08-17T12:34:35.188+0000] {processor.py:183} INFO - Processing /opt/airflow/dags/data/models/Netherlands.3/cases_TS_model.pkl took 0.023 seconds
[2024-08-17T12:35:08.162+0000] {processor.py:161} INFO - Started process (PID=45151) to work on /opt/airflow/dags/data/models/Netherlands.3/cases_TS_model.pkl
[2024-08-17T12:35:08.163+0000] {processor.py:830} INFO - Processing file /opt/airflow/dags/data/models/Netherlands.3/cases_TS_model.pkl for tasks to queue
[2024-08-17T12:35:08.164+0000] {logging_mixin.py:188} INFO - [2024-08-17T12:35:08.163+0000] {dagbag.py:545} INFO - Filling up the DagBag from /opt/airflow/dags/data/models/Netherlands.3/cases_TS_model.pkl
[2024-08-17T12:35:08.173+0000] {processor.py:842} WARNING - No viable dags retrieved from /opt/airflow/dags/data/models/Netherlands.3/cases_TS_model.pkl
[2024-08-17T12:35:08.182+0000] {processor.py:183} INFO - Processing /opt/airflow/dags/data/models/Netherlands.3/cases_TS_model.pkl took 0.024 seconds
[2024-08-17T12:35:41.443+0000] {processor.py:161} INFO - Started process (PID=45882) to work on /opt/airflow/dags/data/models/Netherlands.3/cases_TS_model.pkl
[2024-08-17T12:35:41.446+0000] {processor.py:830} INFO - Processing file /opt/airflow/dags/data/models/Netherlands.3/cases_TS_model.pkl for tasks to queue
[2024-08-17T12:35:41.448+0000] {logging_mixin.py:188} INFO - [2024-08-17T12:35:41.447+0000] {dagbag.py:545} INFO - Filling up the DagBag from /opt/airflow/dags/data/models/Netherlands.3/cases_TS_model.pkl
[2024-08-17T12:35:41.456+0000] {processor.py:842} WARNING - No viable dags retrieved from /opt/airflow/dags/data/models/Netherlands.3/cases_TS_model.pkl
[2024-08-17T12:35:41.466+0000] {processor.py:183} INFO - Processing /opt/airflow/dags/data/models/Netherlands.3/cases_TS_model.pkl took 0.026 seconds
[2024-08-17T12:36:13.745+0000] {processor.py:161} INFO - Started process (PID=46607) to work on /opt/airflow/dags/data/models/Netherlands.3/cases_TS_model.pkl
[2024-08-17T12:36:13.747+0000] {processor.py:830} INFO - Processing file /opt/airflow/dags/data/models/Netherlands.3/cases_TS_model.pkl for tasks to queue
[2024-08-17T12:36:13.747+0000] {logging_mixin.py:188} INFO - [2024-08-17T12:36:13.747+0000] {dagbag.py:545} INFO - Filling up the DagBag from /opt/airflow/dags/data/models/Netherlands.3/cases_TS_model.pkl
[2024-08-17T12:36:13.757+0000] {processor.py:842} WARNING - No viable dags retrieved from /opt/airflow/dags/data/models/Netherlands.3/cases_TS_model.pkl
[2024-08-17T12:36:13.767+0000] {processor.py:183} INFO - Processing /opt/airflow/dags/data/models/Netherlands.3/cases_TS_model.pkl took 0.025 seconds
[2024-08-17T12:36:46.230+0000] {processor.py:161} INFO - Started process (PID=47351) to work on /opt/airflow/dags/data/models/Netherlands.3/cases_TS_model.pkl
[2024-08-17T12:36:46.231+0000] {processor.py:830} INFO - Processing file /opt/airflow/dags/data/models/Netherlands.3/cases_TS_model.pkl for tasks to queue
[2024-08-17T12:36:46.231+0000] {logging_mixin.py:188} INFO - [2024-08-17T12:36:46.231+0000] {dagbag.py:545} INFO - Filling up the DagBag from /opt/airflow/dags/data/models/Netherlands.3/cases_TS_model.pkl
[2024-08-17T12:36:46.239+0000] {processor.py:842} WARNING - No viable dags retrieved from /opt/airflow/dags/data/models/Netherlands.3/cases_TS_model.pkl
[2024-08-17T12:36:46.248+0000] {processor.py:183} INFO - Processing /opt/airflow/dags/data/models/Netherlands.3/cases_TS_model.pkl took 0.021 seconds
[2024-08-17T12:37:18.073+0000] {processor.py:161} INFO - Started process (PID=48047) to work on /opt/airflow/dags/data/models/Netherlands.3/cases_TS_model.pkl
[2024-08-17T12:37:18.075+0000] {processor.py:830} INFO - Processing file /opt/airflow/dags/data/models/Netherlands.3/cases_TS_model.pkl for tasks to queue
[2024-08-17T12:37:18.075+0000] {logging_mixin.py:188} INFO - [2024-08-17T12:37:18.075+0000] {dagbag.py:545} INFO - Filling up the DagBag from /opt/airflow/dags/data/models/Netherlands.3/cases_TS_model.pkl
[2024-08-17T12:37:18.088+0000] {processor.py:842} WARNING - No viable dags retrieved from /opt/airflow/dags/data/models/Netherlands.3/cases_TS_model.pkl
[2024-08-17T12:37:18.097+0000] {processor.py:183} INFO - Processing /opt/airflow/dags/data/models/Netherlands.3/cases_TS_model.pkl took 0.027 seconds
[2024-08-17T12:38:02.484+0000] {processor.py:161} INFO - Started process (PID=48836) to work on /opt/airflow/dags/data/models/Netherlands.3/cases_TS_model.pkl
[2024-08-17T12:38:02.485+0000] {processor.py:830} INFO - Processing file /opt/airflow/dags/data/models/Netherlands.3/cases_TS_model.pkl for tasks to queue
[2024-08-17T12:38:02.486+0000] {logging_mixin.py:188} INFO - [2024-08-17T12:38:02.485+0000] {dagbag.py:545} INFO - Filling up the DagBag from /opt/airflow/dags/data/models/Netherlands.3/cases_TS_model.pkl
[2024-08-17T12:38:02.494+0000] {processor.py:842} WARNING - No viable dags retrieved from /opt/airflow/dags/data/models/Netherlands.3/cases_TS_model.pkl
[2024-08-17T12:38:02.502+0000] {processor.py:183} INFO - Processing /opt/airflow/dags/data/models/Netherlands.3/cases_TS_model.pkl took 0.022 seconds
[2024-08-17T12:38:34.887+0000] {processor.py:161} INFO - Started process (PID=49579) to work on /opt/airflow/dags/data/models/Netherlands.3/cases_TS_model.pkl
[2024-08-17T12:38:34.888+0000] {processor.py:830} INFO - Processing file /opt/airflow/dags/data/models/Netherlands.3/cases_TS_model.pkl for tasks to queue
[2024-08-17T12:38:34.889+0000] {logging_mixin.py:188} INFO - [2024-08-17T12:38:34.888+0000] {dagbag.py:545} INFO - Filling up the DagBag from /opt/airflow/dags/data/models/Netherlands.3/cases_TS_model.pkl
[2024-08-17T12:38:34.899+0000] {processor.py:842} WARNING - No viable dags retrieved from /opt/airflow/dags/data/models/Netherlands.3/cases_TS_model.pkl
[2024-08-17T12:38:34.908+0000] {processor.py:183} INFO - Processing /opt/airflow/dags/data/models/Netherlands.3/cases_TS_model.pkl took 0.026 seconds
[2024-08-17T12:39:07.092+0000] {processor.py:161} INFO - Started process (PID=50322) to work on /opt/airflow/dags/data/models/Netherlands.3/cases_TS_model.pkl
[2024-08-17T12:39:07.093+0000] {processor.py:830} INFO - Processing file /opt/airflow/dags/data/models/Netherlands.3/cases_TS_model.pkl for tasks to queue
[2024-08-17T12:39:07.093+0000] {logging_mixin.py:188} INFO - [2024-08-17T12:39:07.093+0000] {dagbag.py:545} INFO - Filling up the DagBag from /opt/airflow/dags/data/models/Netherlands.3/cases_TS_model.pkl
[2024-08-17T12:39:07.101+0000] {processor.py:842} WARNING - No viable dags retrieved from /opt/airflow/dags/data/models/Netherlands.3/cases_TS_model.pkl
[2024-08-17T12:39:07.110+0000] {processor.py:183} INFO - Processing /opt/airflow/dags/data/models/Netherlands.3/cases_TS_model.pkl took 0.022 seconds
[2024-08-17T12:39:38.780+0000] {processor.py:161} INFO - Started process (PID=51039) to work on /opt/airflow/dags/data/models/Netherlands.3/cases_TS_model.pkl
[2024-08-17T12:39:38.781+0000] {processor.py:830} INFO - Processing file /opt/airflow/dags/data/models/Netherlands.3/cases_TS_model.pkl for tasks to queue
[2024-08-17T12:39:38.781+0000] {logging_mixin.py:188} INFO - [2024-08-17T12:39:38.781+0000] {dagbag.py:545} INFO - Filling up the DagBag from /opt/airflow/dags/data/models/Netherlands.3/cases_TS_model.pkl
[2024-08-17T12:39:38.790+0000] {processor.py:842} WARNING - No viable dags retrieved from /opt/airflow/dags/data/models/Netherlands.3/cases_TS_model.pkl
[2024-08-17T12:39:38.799+0000] {processor.py:183} INFO - Processing /opt/airflow/dags/data/models/Netherlands.3/cases_TS_model.pkl took 0.022 seconds
[2024-08-17T12:40:10.768+0000] {processor.py:161} INFO - Started process (PID=51762) to work on /opt/airflow/dags/data/models/Netherlands.3/cases_TS_model.pkl
[2024-08-17T12:40:10.769+0000] {processor.py:830} INFO - Processing file /opt/airflow/dags/data/models/Netherlands.3/cases_TS_model.pkl for tasks to queue
[2024-08-17T12:40:10.769+0000] {logging_mixin.py:188} INFO - [2024-08-17T12:40:10.769+0000] {dagbag.py:545} INFO - Filling up the DagBag from /opt/airflow/dags/data/models/Netherlands.3/cases_TS_model.pkl
[2024-08-17T12:40:10.784+0000] {processor.py:842} WARNING - No viable dags retrieved from /opt/airflow/dags/data/models/Netherlands.3/cases_TS_model.pkl
[2024-08-17T12:40:10.792+0000] {processor.py:183} INFO - Processing /opt/airflow/dags/data/models/Netherlands.3/cases_TS_model.pkl took 0.028 seconds
[2024-08-17T12:40:43.223+0000] {processor.py:161} INFO - Started process (PID=52483) to work on /opt/airflow/dags/data/models/Netherlands.3/cases_TS_model.pkl
[2024-08-17T12:40:43.224+0000] {processor.py:830} INFO - Processing file /opt/airflow/dags/data/models/Netherlands.3/cases_TS_model.pkl for tasks to queue
[2024-08-17T12:40:43.225+0000] {logging_mixin.py:188} INFO - [2024-08-17T12:40:43.225+0000] {dagbag.py:545} INFO - Filling up the DagBag from /opt/airflow/dags/data/models/Netherlands.3/cases_TS_model.pkl
[2024-08-17T12:40:43.237+0000] {processor.py:842} WARNING - No viable dags retrieved from /opt/airflow/dags/data/models/Netherlands.3/cases_TS_model.pkl
[2024-08-17T12:40:43.247+0000] {processor.py:183} INFO - Processing /opt/airflow/dags/data/models/Netherlands.3/cases_TS_model.pkl took 0.027 seconds
[2024-08-17T12:41:16.204+0000] {processor.py:161} INFO - Started process (PID=53227) to work on /opt/airflow/dags/data/models/Netherlands.3/cases_TS_model.pkl
[2024-08-17T12:41:16.205+0000] {processor.py:830} INFO - Processing file /opt/airflow/dags/data/models/Netherlands.3/cases_TS_model.pkl for tasks to queue
[2024-08-17T12:41:16.205+0000] {logging_mixin.py:188} INFO - [2024-08-17T12:41:16.205+0000] {dagbag.py:545} INFO - Filling up the DagBag from /opt/airflow/dags/data/models/Netherlands.3/cases_TS_model.pkl
[2024-08-17T12:41:16.212+0000] {processor.py:842} WARNING - No viable dags retrieved from /opt/airflow/dags/data/models/Netherlands.3/cases_TS_model.pkl
[2024-08-17T12:41:16.222+0000] {processor.py:183} INFO - Processing /opt/airflow/dags/data/models/Netherlands.3/cases_TS_model.pkl took 0.021 seconds
