[2024-08-17T10:07:53.961+0000] {processor.py:161} INFO - Started process (PID=30998) to work on /opt/airflow/dags/data/models/Netherlands.4/cases_TS_model.pkl
[2024-08-17T10:07:53.961+0000] {processor.py:830} INFO - Processing file /opt/airflow/dags/data/models/Netherlands.4/cases_TS_model.pkl for tasks to queue
[2024-08-17T10:07:53.962+0000] {logging_mixin.py:188} INFO - [2024-08-17T10:07:53.962+0000] {dagbag.py:545} INFO - Filling up the DagBag from /opt/airflow/dags/data/models/Netherlands.4/cases_TS_model.pkl
[2024-08-17T10:07:53.969+0000] {processor.py:842} WARNING - No viable dags retrieved from /opt/airflow/dags/data/models/Netherlands.4/cases_TS_model.pkl
[2024-08-17T10:07:53.977+0000] {processor.py:183} INFO - Processing /opt/airflow/dags/data/models/Netherlands.4/cases_TS_model.pkl took 0.020 seconds
[2024-08-17T10:08:26.611+0000] {processor.py:161} INFO - Started process (PID=31625) to work on /opt/airflow/dags/data/models/Netherlands.4/cases_TS_model.pkl
[2024-08-17T10:08:26.611+0000] {processor.py:830} INFO - Processing file /opt/airflow/dags/data/models/Netherlands.4/cases_TS_model.pkl for tasks to queue
[2024-08-17T10:08:26.612+0000] {logging_mixin.py:188} INFO - [2024-08-17T10:08:26.612+0000] {dagbag.py:545} INFO - Filling up the DagBag from /opt/airflow/dags/data/models/Netherlands.4/cases_TS_model.pkl
[2024-08-17T10:08:26.619+0000] {processor.py:842} WARNING - No viable dags retrieved from /opt/airflow/dags/data/models/Netherlands.4/cases_TS_model.pkl
[2024-08-17T10:08:26.628+0000] {processor.py:183} INFO - Processing /opt/airflow/dags/data/models/Netherlands.4/cases_TS_model.pkl took 0.021 seconds
[2024-08-17T10:08:58.282+0000] {processor.py:161} INFO - Started process (PID=32212) to work on /opt/airflow/dags/data/models/Netherlands.4/cases_TS_model.pkl
[2024-08-17T10:08:58.283+0000] {processor.py:830} INFO - Processing file /opt/airflow/dags/data/models/Netherlands.4/cases_TS_model.pkl for tasks to queue
[2024-08-17T10:08:58.283+0000] {logging_mixin.py:188} INFO - [2024-08-17T10:08:58.283+0000] {dagbag.py:545} INFO - Filling up the DagBag from /opt/airflow/dags/data/models/Netherlands.4/cases_TS_model.pkl
[2024-08-17T10:08:58.293+0000] {processor.py:842} WARNING - No viable dags retrieved from /opt/airflow/dags/data/models/Netherlands.4/cases_TS_model.pkl
[2024-08-17T10:08:58.303+0000] {processor.py:183} INFO - Processing /opt/airflow/dags/data/models/Netherlands.4/cases_TS_model.pkl took 0.025 seconds
[2024-08-17T10:09:30.166+0000] {processor.py:161} INFO - Started process (PID=32832) to work on /opt/airflow/dags/data/models/Netherlands.4/cases_TS_model.pkl
[2024-08-17T10:09:30.166+0000] {processor.py:830} INFO - Processing file /opt/airflow/dags/data/models/Netherlands.4/cases_TS_model.pkl for tasks to queue
[2024-08-17T10:09:30.167+0000] {logging_mixin.py:188} INFO - [2024-08-17T10:09:30.167+0000] {dagbag.py:545} INFO - Filling up the DagBag from /opt/airflow/dags/data/models/Netherlands.4/cases_TS_model.pkl
[2024-08-17T10:09:30.176+0000] {processor.py:842} WARNING - No viable dags retrieved from /opt/airflow/dags/data/models/Netherlands.4/cases_TS_model.pkl
[2024-08-17T10:09:30.186+0000] {processor.py:183} INFO - Processing /opt/airflow/dags/data/models/Netherlands.4/cases_TS_model.pkl took 0.024 seconds
[2024-08-17T10:10:01.251+0000] {processor.py:161} INFO - Started process (PID=33461) to work on /opt/airflow/dags/data/models/Netherlands.4/cases_TS_model.pkl
[2024-08-17T10:10:01.251+0000] {processor.py:830} INFO - Processing file /opt/airflow/dags/data/models/Netherlands.4/cases_TS_model.pkl for tasks to queue
[2024-08-17T10:10:01.252+0000] {logging_mixin.py:188} INFO - [2024-08-17T10:10:01.252+0000] {dagbag.py:545} INFO - Filling up the DagBag from /opt/airflow/dags/data/models/Netherlands.4/cases_TS_model.pkl
[2024-08-17T10:10:01.265+0000] {processor.py:842} WARNING - No viable dags retrieved from /opt/airflow/dags/data/models/Netherlands.4/cases_TS_model.pkl
[2024-08-17T10:10:01.275+0000] {processor.py:183} INFO - Processing /opt/airflow/dags/data/models/Netherlands.4/cases_TS_model.pkl took 0.029 seconds
[2024-08-17T10:10:32.991+0000] {processor.py:161} INFO - Started process (PID=34063) to work on /opt/airflow/dags/data/models/Netherlands.4/cases_TS_model.pkl
[2024-08-17T10:10:32.992+0000] {processor.py:830} INFO - Processing file /opt/airflow/dags/data/models/Netherlands.4/cases_TS_model.pkl for tasks to queue
[2024-08-17T10:10:32.993+0000] {logging_mixin.py:188} INFO - [2024-08-17T10:10:32.992+0000] {dagbag.py:545} INFO - Filling up the DagBag from /opt/airflow/dags/data/models/Netherlands.4/cases_TS_model.pkl
[2024-08-17T10:10:33.002+0000] {processor.py:842} WARNING - No viable dags retrieved from /opt/airflow/dags/data/models/Netherlands.4/cases_TS_model.pkl
[2024-08-17T10:10:33.011+0000] {processor.py:183} INFO - Processing /opt/airflow/dags/data/models/Netherlands.4/cases_TS_model.pkl took 0.023 seconds
[2024-08-17T10:11:04.343+0000] {processor.py:161} INFO - Started process (PID=34691) to work on /opt/airflow/dags/data/models/Netherlands.4/cases_TS_model.pkl
[2024-08-17T10:11:04.344+0000] {processor.py:830} INFO - Processing file /opt/airflow/dags/data/models/Netherlands.4/cases_TS_model.pkl for tasks to queue
[2024-08-17T10:11:04.344+0000] {logging_mixin.py:188} INFO - [2024-08-17T10:11:04.344+0000] {dagbag.py:545} INFO - Filling up the DagBag from /opt/airflow/dags/data/models/Netherlands.4/cases_TS_model.pkl
[2024-08-17T10:11:04.356+0000] {processor.py:842} WARNING - No viable dags retrieved from /opt/airflow/dags/data/models/Netherlands.4/cases_TS_model.pkl
[2024-08-17T10:11:04.366+0000] {processor.py:183} INFO - Processing /opt/airflow/dags/data/models/Netherlands.4/cases_TS_model.pkl took 0.028 seconds
[2024-08-17T10:11:35.251+0000] {processor.py:161} INFO - Started process (PID=35298) to work on /opt/airflow/dags/data/models/Netherlands.4/cases_TS_model.pkl
[2024-08-17T10:11:35.252+0000] {processor.py:830} INFO - Processing file /opt/airflow/dags/data/models/Netherlands.4/cases_TS_model.pkl for tasks to queue
[2024-08-17T10:11:35.252+0000] {logging_mixin.py:188} INFO - [2024-08-17T10:11:35.252+0000] {dagbag.py:545} INFO - Filling up the DagBag from /opt/airflow/dags/data/models/Netherlands.4/cases_TS_model.pkl
[2024-08-17T10:11:35.261+0000] {processor.py:842} WARNING - No viable dags retrieved from /opt/airflow/dags/data/models/Netherlands.4/cases_TS_model.pkl
[2024-08-17T10:11:35.270+0000] {processor.py:183} INFO - Processing /opt/airflow/dags/data/models/Netherlands.4/cases_TS_model.pkl took 0.023 seconds
[2024-08-17T10:12:06.667+0000] {processor.py:161} INFO - Started process (PID=35900) to work on /opt/airflow/dags/data/models/Netherlands.4/cases_TS_model.pkl
[2024-08-17T10:12:06.667+0000] {processor.py:830} INFO - Processing file /opt/airflow/dags/data/models/Netherlands.4/cases_TS_model.pkl for tasks to queue
[2024-08-17T10:12:06.668+0000] {logging_mixin.py:188} INFO - [2024-08-17T10:12:06.668+0000] {dagbag.py:545} INFO - Filling up the DagBag from /opt/airflow/dags/data/models/Netherlands.4/cases_TS_model.pkl
[2024-08-17T10:12:06.675+0000] {processor.py:842} WARNING - No viable dags retrieved from /opt/airflow/dags/data/models/Netherlands.4/cases_TS_model.pkl
[2024-08-17T10:12:06.684+0000] {processor.py:183} INFO - Processing /opt/airflow/dags/data/models/Netherlands.4/cases_TS_model.pkl took 0.021 seconds
[2024-08-17T10:12:39.542+0000] {processor.py:161} INFO - Started process (PID=36528) to work on /opt/airflow/dags/data/models/Netherlands.4/cases_TS_model.pkl
[2024-08-17T10:12:39.543+0000] {processor.py:830} INFO - Processing file /opt/airflow/dags/data/models/Netherlands.4/cases_TS_model.pkl for tasks to queue
[2024-08-17T10:12:39.543+0000] {logging_mixin.py:188} INFO - [2024-08-17T10:12:39.543+0000] {dagbag.py:545} INFO - Filling up the DagBag from /opt/airflow/dags/data/models/Netherlands.4/cases_TS_model.pkl
[2024-08-17T10:12:39.554+0000] {processor.py:842} WARNING - No viable dags retrieved from /opt/airflow/dags/data/models/Netherlands.4/cases_TS_model.pkl
[2024-08-17T10:12:39.563+0000] {processor.py:183} INFO - Processing /opt/airflow/dags/data/models/Netherlands.4/cases_TS_model.pkl took 0.025 seconds
[2024-08-17T10:13:15.745+0000] {processor.py:161} INFO - Started process (PID=37170) to work on /opt/airflow/dags/data/models/Netherlands.4/cases_TS_model.pkl
[2024-08-17T10:13:15.746+0000] {processor.py:830} INFO - Processing file /opt/airflow/dags/data/models/Netherlands.4/cases_TS_model.pkl for tasks to queue
[2024-08-17T10:13:15.746+0000] {logging_mixin.py:188} INFO - [2024-08-17T10:13:15.746+0000] {dagbag.py:545} INFO - Filling up the DagBag from /opt/airflow/dags/data/models/Netherlands.4/cases_TS_model.pkl
[2024-08-17T10:13:15.754+0000] {processor.py:842} WARNING - No viable dags retrieved from /opt/airflow/dags/data/models/Netherlands.4/cases_TS_model.pkl
[2024-08-17T10:13:15.764+0000] {processor.py:183} INFO - Processing /opt/airflow/dags/data/models/Netherlands.4/cases_TS_model.pkl took 0.023 seconds
[2024-08-17T10:13:50.475+0000] {processor.py:161} INFO - Started process (PID=37863) to work on /opt/airflow/dags/data/models/Netherlands.4/cases_TS_model.pkl
[2024-08-17T10:13:50.476+0000] {processor.py:830} INFO - Processing file /opt/airflow/dags/data/models/Netherlands.4/cases_TS_model.pkl for tasks to queue
[2024-08-17T10:13:50.477+0000] {logging_mixin.py:188} INFO - [2024-08-17T10:13:50.477+0000] {dagbag.py:545} INFO - Filling up the DagBag from /opt/airflow/dags/data/models/Netherlands.4/cases_TS_model.pkl
[2024-08-17T10:13:50.488+0000] {processor.py:842} WARNING - No viable dags retrieved from /opt/airflow/dags/data/models/Netherlands.4/cases_TS_model.pkl
[2024-08-17T10:13:50.498+0000] {processor.py:183} INFO - Processing /opt/airflow/dags/data/models/Netherlands.4/cases_TS_model.pkl took 0.026 seconds
[2024-08-17T10:14:23.597+0000] {processor.py:161} INFO - Started process (PID=38519) to work on /opt/airflow/dags/data/models/Netherlands.4/cases_TS_model.pkl
[2024-08-17T10:14:23.598+0000] {processor.py:830} INFO - Processing file /opt/airflow/dags/data/models/Netherlands.4/cases_TS_model.pkl for tasks to queue
[2024-08-17T10:14:23.598+0000] {logging_mixin.py:188} INFO - [2024-08-17T10:14:23.598+0000] {dagbag.py:545} INFO - Filling up the DagBag from /opt/airflow/dags/data/models/Netherlands.4/cases_TS_model.pkl
[2024-08-17T10:14:23.608+0000] {processor.py:842} WARNING - No viable dags retrieved from /opt/airflow/dags/data/models/Netherlands.4/cases_TS_model.pkl
[2024-08-17T10:14:23.618+0000] {processor.py:183} INFO - Processing /opt/airflow/dags/data/models/Netherlands.4/cases_TS_model.pkl took 0.026 seconds
[2024-08-17T10:14:56.971+0000] {processor.py:161} INFO - Started process (PID=39211) to work on /opt/airflow/dags/data/models/Netherlands.4/cases_TS_model.pkl
[2024-08-17T10:14:56.972+0000] {processor.py:830} INFO - Processing file /opt/airflow/dags/data/models/Netherlands.4/cases_TS_model.pkl for tasks to queue
[2024-08-17T10:14:56.973+0000] {logging_mixin.py:188} INFO - [2024-08-17T10:14:56.972+0000] {dagbag.py:545} INFO - Filling up the DagBag from /opt/airflow/dags/data/models/Netherlands.4/cases_TS_model.pkl
[2024-08-17T10:14:56.985+0000] {processor.py:842} WARNING - No viable dags retrieved from /opt/airflow/dags/data/models/Netherlands.4/cases_TS_model.pkl
[2024-08-17T10:14:56.994+0000] {processor.py:183} INFO - Processing /opt/airflow/dags/data/models/Netherlands.4/cases_TS_model.pkl took 0.027 seconds
[2024-08-17T10:15:29.620+0000] {processor.py:161} INFO - Started process (PID=39856) to work on /opt/airflow/dags/data/models/Netherlands.4/cases_TS_model.pkl
[2024-08-17T10:15:29.620+0000] {processor.py:830} INFO - Processing file /opt/airflow/dags/data/models/Netherlands.4/cases_TS_model.pkl for tasks to queue
[2024-08-17T10:15:29.621+0000] {logging_mixin.py:188} INFO - [2024-08-17T10:15:29.621+0000] {dagbag.py:545} INFO - Filling up the DagBag from /opt/airflow/dags/data/models/Netherlands.4/cases_TS_model.pkl
[2024-08-17T10:15:29.633+0000] {processor.py:842} WARNING - No viable dags retrieved from /opt/airflow/dags/data/models/Netherlands.4/cases_TS_model.pkl
[2024-08-17T10:15:29.643+0000] {processor.py:183} INFO - Processing /opt/airflow/dags/data/models/Netherlands.4/cases_TS_model.pkl took 0.027 seconds
[2024-08-17T10:16:01.316+0000] {processor.py:161} INFO - Started process (PID=40528) to work on /opt/airflow/dags/data/models/Netherlands.4/cases_TS_model.pkl
[2024-08-17T10:16:01.317+0000] {processor.py:830} INFO - Processing file /opt/airflow/dags/data/models/Netherlands.4/cases_TS_model.pkl for tasks to queue
[2024-08-17T10:16:01.317+0000] {logging_mixin.py:188} INFO - [2024-08-17T10:16:01.317+0000] {dagbag.py:545} INFO - Filling up the DagBag from /opt/airflow/dags/data/models/Netherlands.4/cases_TS_model.pkl
[2024-08-17T10:16:01.327+0000] {processor.py:842} WARNING - No viable dags retrieved from /opt/airflow/dags/data/models/Netherlands.4/cases_TS_model.pkl
[2024-08-17T10:16:01.336+0000] {processor.py:183} INFO - Processing /opt/airflow/dags/data/models/Netherlands.4/cases_TS_model.pkl took 0.024 seconds
[2024-08-17T10:16:33.908+0000] {processor.py:161} INFO - Started process (PID=41233) to work on /opt/airflow/dags/data/models/Netherlands.4/cases_TS_model.pkl
[2024-08-17T10:16:33.909+0000] {processor.py:830} INFO - Processing file /opt/airflow/dags/data/models/Netherlands.4/cases_TS_model.pkl for tasks to queue
[2024-08-17T10:16:33.909+0000] {logging_mixin.py:188} INFO - [2024-08-17T10:16:33.909+0000] {dagbag.py:545} INFO - Filling up the DagBag from /opt/airflow/dags/data/models/Netherlands.4/cases_TS_model.pkl
[2024-08-17T10:16:33.921+0000] {processor.py:842} WARNING - No viable dags retrieved from /opt/airflow/dags/data/models/Netherlands.4/cases_TS_model.pkl
[2024-08-17T10:16:33.931+0000] {processor.py:183} INFO - Processing /opt/airflow/dags/data/models/Netherlands.4/cases_TS_model.pkl took 0.027 seconds
[2024-08-17T10:17:05.237+0000] {processor.py:161} INFO - Started process (PID=41879) to work on /opt/airflow/dags/data/models/Netherlands.4/cases_TS_model.pkl
[2024-08-17T10:17:05.237+0000] {processor.py:830} INFO - Processing file /opt/airflow/dags/data/models/Netherlands.4/cases_TS_model.pkl for tasks to queue
[2024-08-17T10:17:05.238+0000] {logging_mixin.py:188} INFO - [2024-08-17T10:17:05.238+0000] {dagbag.py:545} INFO - Filling up the DagBag from /opt/airflow/dags/data/models/Netherlands.4/cases_TS_model.pkl
[2024-08-17T10:17:05.247+0000] {processor.py:842} WARNING - No viable dags retrieved from /opt/airflow/dags/data/models/Netherlands.4/cases_TS_model.pkl
[2024-08-17T10:17:05.257+0000] {processor.py:183} INFO - Processing /opt/airflow/dags/data/models/Netherlands.4/cases_TS_model.pkl took 0.025 seconds
[2024-08-17T10:17:36.840+0000] {processor.py:161} INFO - Started process (PID=42572) to work on /opt/airflow/dags/data/models/Netherlands.4/cases_TS_model.pkl
[2024-08-17T10:17:36.840+0000] {processor.py:830} INFO - Processing file /opt/airflow/dags/data/models/Netherlands.4/cases_TS_model.pkl for tasks to queue
[2024-08-17T10:17:36.841+0000] {logging_mixin.py:188} INFO - [2024-08-17T10:17:36.841+0000] {dagbag.py:545} INFO - Filling up the DagBag from /opt/airflow/dags/data/models/Netherlands.4/cases_TS_model.pkl
[2024-08-17T10:17:36.849+0000] {processor.py:842} WARNING - No viable dags retrieved from /opt/airflow/dags/data/models/Netherlands.4/cases_TS_model.pkl
[2024-08-17T10:17:36.858+0000] {processor.py:183} INFO - Processing /opt/airflow/dags/data/models/Netherlands.4/cases_TS_model.pkl took 0.022 seconds
[2024-08-17T10:18:11.333+0000] {processor.py:161} INFO - Started process (PID=43194) to work on /opt/airflow/dags/data/models/Netherlands.4/cases_TS_model.pkl
[2024-08-17T10:18:11.334+0000] {processor.py:830} INFO - Processing file /opt/airflow/dags/data/models/Netherlands.4/cases_TS_model.pkl for tasks to queue
[2024-08-17T10:18:11.334+0000] {logging_mixin.py:188} INFO - [2024-08-17T10:18:11.334+0000] {dagbag.py:545} INFO - Filling up the DagBag from /opt/airflow/dags/data/models/Netherlands.4/cases_TS_model.pkl
[2024-08-17T10:18:11.342+0000] {processor.py:842} WARNING - No viable dags retrieved from /opt/airflow/dags/data/models/Netherlands.4/cases_TS_model.pkl
[2024-08-17T10:18:11.352+0000] {processor.py:183} INFO - Processing /opt/airflow/dags/data/models/Netherlands.4/cases_TS_model.pkl took 0.022 seconds
[2024-08-17T10:18:45.445+0000] {processor.py:161} INFO - Started process (PID=43937) to work on /opt/airflow/dags/data/models/Netherlands.4/cases_TS_model.pkl
[2024-08-17T10:18:45.446+0000] {processor.py:830} INFO - Processing file /opt/airflow/dags/data/models/Netherlands.4/cases_TS_model.pkl for tasks to queue
[2024-08-17T10:18:45.447+0000] {logging_mixin.py:188} INFO - [2024-08-17T10:18:45.446+0000] {dagbag.py:545} INFO - Filling up the DagBag from /opt/airflow/dags/data/models/Netherlands.4/cases_TS_model.pkl
[2024-08-17T10:18:45.454+0000] {processor.py:842} WARNING - No viable dags retrieved from /opt/airflow/dags/data/models/Netherlands.4/cases_TS_model.pkl
[2024-08-17T10:18:45.462+0000] {processor.py:183} INFO - Processing /opt/airflow/dags/data/models/Netherlands.4/cases_TS_model.pkl took 0.020 seconds
[2024-08-17T10:19:19.386+0000] {processor.py:161} INFO - Started process (PID=44680) to work on /opt/airflow/dags/data/models/Netherlands.4/cases_TS_model.pkl
[2024-08-17T10:19:19.387+0000] {processor.py:830} INFO - Processing file /opt/airflow/dags/data/models/Netherlands.4/cases_TS_model.pkl for tasks to queue
[2024-08-17T10:19:19.387+0000] {logging_mixin.py:188} INFO - [2024-08-17T10:19:19.387+0000] {dagbag.py:545} INFO - Filling up the DagBag from /opt/airflow/dags/data/models/Netherlands.4/cases_TS_model.pkl
[2024-08-17T10:19:19.400+0000] {processor.py:842} WARNING - No viable dags retrieved from /opt/airflow/dags/data/models/Netherlands.4/cases_TS_model.pkl
[2024-08-17T10:19:19.409+0000] {processor.py:183} INFO - Processing /opt/airflow/dags/data/models/Netherlands.4/cases_TS_model.pkl took 0.026 seconds
[2024-08-17T10:19:52.825+0000] {processor.py:161} INFO - Started process (PID=45405) to work on /opt/airflow/dags/data/models/Netherlands.4/cases_TS_model.pkl
[2024-08-17T10:19:52.826+0000] {processor.py:830} INFO - Processing file /opt/airflow/dags/data/models/Netherlands.4/cases_TS_model.pkl for tasks to queue
[2024-08-17T10:19:52.827+0000] {logging_mixin.py:188} INFO - [2024-08-17T10:19:52.826+0000] {dagbag.py:545} INFO - Filling up the DagBag from /opt/airflow/dags/data/models/Netherlands.4/cases_TS_model.pkl
[2024-08-17T10:19:52.837+0000] {processor.py:842} WARNING - No viable dags retrieved from /opt/airflow/dags/data/models/Netherlands.4/cases_TS_model.pkl
[2024-08-17T10:19:52.848+0000] {processor.py:183} INFO - Processing /opt/airflow/dags/data/models/Netherlands.4/cases_TS_model.pkl took 0.026 seconds
[2024-08-17T10:20:25.327+0000] {processor.py:161} INFO - Started process (PID=46120) to work on /opt/airflow/dags/data/models/Netherlands.4/cases_TS_model.pkl
[2024-08-17T10:20:25.328+0000] {processor.py:830} INFO - Processing file /opt/airflow/dags/data/models/Netherlands.4/cases_TS_model.pkl for tasks to queue
[2024-08-17T10:20:25.328+0000] {logging_mixin.py:188} INFO - [2024-08-17T10:20:25.328+0000] {dagbag.py:545} INFO - Filling up the DagBag from /opt/airflow/dags/data/models/Netherlands.4/cases_TS_model.pkl
[2024-08-17T10:20:25.352+0000] {processor.py:842} WARNING - No viable dags retrieved from /opt/airflow/dags/data/models/Netherlands.4/cases_TS_model.pkl
[2024-08-17T10:20:25.363+0000] {processor.py:183} INFO - Processing /opt/airflow/dags/data/models/Netherlands.4/cases_TS_model.pkl took 0.039 seconds
[2024-08-17T10:20:56.790+0000] {processor.py:161} INFO - Started process (PID=46842) to work on /opt/airflow/dags/data/models/Netherlands.4/cases_TS_model.pkl
[2024-08-17T10:20:56.790+0000] {processor.py:830} INFO - Processing file /opt/airflow/dags/data/models/Netherlands.4/cases_TS_model.pkl for tasks to queue
[2024-08-17T10:20:56.791+0000] {logging_mixin.py:188} INFO - [2024-08-17T10:20:56.791+0000] {dagbag.py:545} INFO - Filling up the DagBag from /opt/airflow/dags/data/models/Netherlands.4/cases_TS_model.pkl
[2024-08-17T10:20:56.799+0000] {processor.py:842} WARNING - No viable dags retrieved from /opt/airflow/dags/data/models/Netherlands.4/cases_TS_model.pkl
[2024-08-17T10:20:56.808+0000] {processor.py:183} INFO - Processing /opt/airflow/dags/data/models/Netherlands.4/cases_TS_model.pkl took 0.021 seconds
[2024-08-17T11:48:03.910+0000] {processor.py:161} INFO - Started process (PID=2067) to work on /opt/airflow/dags/data/models/Netherlands.4/cases_TS_model.pkl
[2024-08-17T11:48:03.912+0000] {processor.py:830} INFO - Processing file /opt/airflow/dags/data/models/Netherlands.4/cases_TS_model.pkl for tasks to queue
[2024-08-17T11:48:03.913+0000] {logging_mixin.py:188} INFO - [2024-08-17T11:48:03.912+0000] {dagbag.py:545} INFO - Filling up the DagBag from /opt/airflow/dags/data/models/Netherlands.4/cases_TS_model.pkl
[2024-08-17T11:48:03.929+0000] {processor.py:842} WARNING - No viable dags retrieved from /opt/airflow/dags/data/models/Netherlands.4/cases_TS_model.pkl
[2024-08-17T11:48:03.947+0000] {processor.py:183} INFO - Processing /opt/airflow/dags/data/models/Netherlands.4/cases_TS_model.pkl took 0.044 seconds
[2024-08-17T11:48:38.022+0000] {processor.py:161} INFO - Started process (PID=2593) to work on /opt/airflow/dags/data/models/Netherlands.4/cases_TS_model.pkl
[2024-08-17T11:48:38.024+0000] {processor.py:830} INFO - Processing file /opt/airflow/dags/data/models/Netherlands.4/cases_TS_model.pkl for tasks to queue
[2024-08-17T11:48:38.026+0000] {logging_mixin.py:188} INFO - [2024-08-17T11:48:38.025+0000] {dagbag.py:545} INFO - Filling up the DagBag from /opt/airflow/dags/data/models/Netherlands.4/cases_TS_model.pkl
[2024-08-17T11:48:38.048+0000] {processor.py:842} WARNING - No viable dags retrieved from /opt/airflow/dags/data/models/Netherlands.4/cases_TS_model.pkl
[2024-08-17T11:48:38.066+0000] {processor.py:183} INFO - Processing /opt/airflow/dags/data/models/Netherlands.4/cases_TS_model.pkl took 0.052 seconds
[2024-08-17T11:49:14.295+0000] {processor.py:161} INFO - Started process (PID=3060) to work on /opt/airflow/dags/data/models/Netherlands.4/cases_TS_model.pkl
[2024-08-17T11:49:14.298+0000] {processor.py:830} INFO - Processing file /opt/airflow/dags/data/models/Netherlands.4/cases_TS_model.pkl for tasks to queue
[2024-08-17T11:49:14.299+0000] {logging_mixin.py:188} INFO - [2024-08-17T11:49:14.299+0000] {dagbag.py:545} INFO - Filling up the DagBag from /opt/airflow/dags/data/models/Netherlands.4/cases_TS_model.pkl
[2024-08-17T11:49:14.318+0000] {processor.py:842} WARNING - No viable dags retrieved from /opt/airflow/dags/data/models/Netherlands.4/cases_TS_model.pkl
[2024-08-17T11:49:14.337+0000] {processor.py:183} INFO - Processing /opt/airflow/dags/data/models/Netherlands.4/cases_TS_model.pkl took 0.049 seconds
[2024-08-17T11:49:52.593+0000] {processor.py:161} INFO - Started process (PID=3615) to work on /opt/airflow/dags/data/models/Netherlands.4/cases_TS_model.pkl
[2024-08-17T11:49:52.595+0000] {processor.py:830} INFO - Processing file /opt/airflow/dags/data/models/Netherlands.4/cases_TS_model.pkl for tasks to queue
[2024-08-17T11:49:52.596+0000] {logging_mixin.py:188} INFO - [2024-08-17T11:49:52.596+0000] {dagbag.py:545} INFO - Filling up the DagBag from /opt/airflow/dags/data/models/Netherlands.4/cases_TS_model.pkl
[2024-08-17T11:49:52.619+0000] {processor.py:842} WARNING - No viable dags retrieved from /opt/airflow/dags/data/models/Netherlands.4/cases_TS_model.pkl
[2024-08-17T11:49:52.642+0000] {processor.py:183} INFO - Processing /opt/airflow/dags/data/models/Netherlands.4/cases_TS_model.pkl took 0.058 seconds
[2024-08-17T11:50:22.999+0000] {processor.py:161} INFO - Started process (PID=4032) to work on /opt/airflow/dags/data/models/Netherlands.4/cases_TS_model.pkl
[2024-08-17T11:50:23.000+0000] {processor.py:830} INFO - Processing file /opt/airflow/dags/data/models/Netherlands.4/cases_TS_model.pkl for tasks to queue
[2024-08-17T11:50:23.001+0000] {logging_mixin.py:188} INFO - [2024-08-17T11:50:23.001+0000] {dagbag.py:545} INFO - Filling up the DagBag from /opt/airflow/dags/data/models/Netherlands.4/cases_TS_model.pkl
[2024-08-17T11:50:23.024+0000] {processor.py:842} WARNING - No viable dags retrieved from /opt/airflow/dags/data/models/Netherlands.4/cases_TS_model.pkl
[2024-08-17T11:50:23.042+0000] {processor.py:183} INFO - Processing /opt/airflow/dags/data/models/Netherlands.4/cases_TS_model.pkl took 0.052 seconds
[2024-08-17T11:50:54.287+0000] {processor.py:161} INFO - Started process (PID=4508) to work on /opt/airflow/dags/data/models/Netherlands.4/cases_TS_model.pkl
[2024-08-17T11:50:54.288+0000] {processor.py:830} INFO - Processing file /opt/airflow/dags/data/models/Netherlands.4/cases_TS_model.pkl for tasks to queue
[2024-08-17T11:50:54.289+0000] {logging_mixin.py:188} INFO - [2024-08-17T11:50:54.288+0000] {dagbag.py:545} INFO - Filling up the DagBag from /opt/airflow/dags/data/models/Netherlands.4/cases_TS_model.pkl
[2024-08-17T11:50:54.307+0000] {processor.py:842} WARNING - No viable dags retrieved from /opt/airflow/dags/data/models/Netherlands.4/cases_TS_model.pkl
[2024-08-17T11:50:54.322+0000] {processor.py:183} INFO - Processing /opt/airflow/dags/data/models/Netherlands.4/cases_TS_model.pkl took 0.040 seconds
[2024-08-17T11:51:28.450+0000] {processor.py:161} INFO - Started process (PID=4991) to work on /opt/airflow/dags/data/models/Netherlands.4/cases_TS_model.pkl
[2024-08-17T11:51:28.451+0000] {processor.py:830} INFO - Processing file /opt/airflow/dags/data/models/Netherlands.4/cases_TS_model.pkl for tasks to queue
[2024-08-17T11:51:28.452+0000] {logging_mixin.py:188} INFO - [2024-08-17T11:51:28.452+0000] {dagbag.py:545} INFO - Filling up the DagBag from /opt/airflow/dags/data/models/Netherlands.4/cases_TS_model.pkl
[2024-08-17T11:51:28.474+0000] {processor.py:842} WARNING - No viable dags retrieved from /opt/airflow/dags/data/models/Netherlands.4/cases_TS_model.pkl
[2024-08-17T11:51:28.492+0000] {processor.py:183} INFO - Processing /opt/airflow/dags/data/models/Netherlands.4/cases_TS_model.pkl took 0.048 seconds
[2024-08-17T11:51:52.240+0000] {processor.py:161} INFO - Started process (PID=5330) to work on /opt/airflow/dags/data/models/Netherlands.4/cases_TS_model.pkl
[2024-08-17T11:51:52.242+0000] {processor.py:830} INFO - Processing file /opt/airflow/dags/data/models/Netherlands.4/cases_TS_model.pkl for tasks to queue
[2024-08-17T11:51:52.243+0000] {logging_mixin.py:188} INFO - [2024-08-17T11:51:52.243+0000] {dagbag.py:545} INFO - Filling up the DagBag from /opt/airflow/dags/data/models/Netherlands.4/cases_TS_model.pkl
[2024-08-17T11:51:52.264+0000] {processor.py:842} WARNING - No viable dags retrieved from /opt/airflow/dags/data/models/Netherlands.4/cases_TS_model.pkl
[2024-08-17T11:51:52.282+0000] {processor.py:183} INFO - Processing /opt/airflow/dags/data/models/Netherlands.4/cases_TS_model.pkl took 0.049 seconds
[2024-08-17T11:52:05.538+0000] {processor.py:161} INFO - Started process (PID=5511) to work on /opt/airflow/dags/data/models/Netherlands.4/cases_TS_model.pkl
[2024-08-17T11:52:05.539+0000] {processor.py:830} INFO - Processing file /opt/airflow/dags/data/models/Netherlands.4/cases_TS_model.pkl for tasks to queue
[2024-08-17T11:52:05.540+0000] {logging_mixin.py:188} INFO - [2024-08-17T11:52:05.540+0000] {dagbag.py:545} INFO - Filling up the DagBag from /opt/airflow/dags/data/models/Netherlands.4/cases_TS_model.pkl
[2024-08-17T11:52:05.561+0000] {processor.py:842} WARNING - No viable dags retrieved from /opt/airflow/dags/data/models/Netherlands.4/cases_TS_model.pkl
[2024-08-17T11:52:05.582+0000] {processor.py:183} INFO - Processing /opt/airflow/dags/data/models/Netherlands.4/cases_TS_model.pkl took 0.051 seconds
[2024-08-17T11:52:42.177+0000] {processor.py:161} INFO - Started process (PID=6083) to work on /opt/airflow/dags/data/models/Netherlands.4/cases_TS_model.pkl
[2024-08-17T11:52:42.178+0000] {processor.py:830} INFO - Processing file /opt/airflow/dags/data/models/Netherlands.4/cases_TS_model.pkl for tasks to queue
[2024-08-17T11:52:42.179+0000] {logging_mixin.py:188} INFO - [2024-08-17T11:52:42.179+0000] {dagbag.py:545} INFO - Filling up the DagBag from /opt/airflow/dags/data/models/Netherlands.4/cases_TS_model.pkl
[2024-08-17T11:52:42.198+0000] {processor.py:842} WARNING - No viable dags retrieved from /opt/airflow/dags/data/models/Netherlands.4/cases_TS_model.pkl
[2024-08-17T11:52:42.219+0000] {processor.py:183} INFO - Processing /opt/airflow/dags/data/models/Netherlands.4/cases_TS_model.pkl took 0.050 seconds
[2024-08-17T11:53:46.431+0000] {processor.py:161} INFO - Started process (PID=6755) to work on /opt/airflow/dags/data/models/Netherlands.4/cases_TS_model.pkl
[2024-08-17T11:53:46.433+0000] {processor.py:830} INFO - Processing file /opt/airflow/dags/data/models/Netherlands.4/cases_TS_model.pkl for tasks to queue
[2024-08-17T11:53:46.434+0000] {logging_mixin.py:188} INFO - [2024-08-17T11:53:46.434+0000] {dagbag.py:545} INFO - Filling up the DagBag from /opt/airflow/dags/data/models/Netherlands.4/cases_TS_model.pkl
[2024-08-17T11:53:46.456+0000] {processor.py:842} WARNING - No viable dags retrieved from /opt/airflow/dags/data/models/Netherlands.4/cases_TS_model.pkl
[2024-08-17T11:53:46.477+0000] {processor.py:183} INFO - Processing /opt/airflow/dags/data/models/Netherlands.4/cases_TS_model.pkl took 0.057 seconds
[2024-08-17T11:54:22.897+0000] {processor.py:161} INFO - Started process (PID=7276) to work on /opt/airflow/dags/data/models/Netherlands.4/cases_TS_model.pkl
[2024-08-17T11:54:22.898+0000] {processor.py:830} INFO - Processing file /opt/airflow/dags/data/models/Netherlands.4/cases_TS_model.pkl for tasks to queue
[2024-08-17T11:54:22.900+0000] {logging_mixin.py:188} INFO - [2024-08-17T11:54:22.900+0000] {dagbag.py:545} INFO - Filling up the DagBag from /opt/airflow/dags/data/models/Netherlands.4/cases_TS_model.pkl
[2024-08-17T11:54:22.914+0000] {processor.py:842} WARNING - No viable dags retrieved from /opt/airflow/dags/data/models/Netherlands.4/cases_TS_model.pkl
[2024-08-17T11:54:22.928+0000] {processor.py:183} INFO - Processing /opt/airflow/dags/data/models/Netherlands.4/cases_TS_model.pkl took 0.038 seconds
[2024-08-17T11:55:02.229+0000] {processor.py:161} INFO - Started process (PID=7891) to work on /opt/airflow/dags/data/models/Netherlands.4/cases_TS_model.pkl
[2024-08-17T11:55:02.230+0000] {processor.py:830} INFO - Processing file /opt/airflow/dags/data/models/Netherlands.4/cases_TS_model.pkl for tasks to queue
[2024-08-17T11:55:02.232+0000] {logging_mixin.py:188} INFO - [2024-08-17T11:55:02.231+0000] {dagbag.py:545} INFO - Filling up the DagBag from /opt/airflow/dags/data/models/Netherlands.4/cases_TS_model.pkl
[2024-08-17T11:55:02.252+0000] {processor.py:842} WARNING - No viable dags retrieved from /opt/airflow/dags/data/models/Netherlands.4/cases_TS_model.pkl
[2024-08-17T11:55:02.267+0000] {processor.py:183} INFO - Processing /opt/airflow/dags/data/models/Netherlands.4/cases_TS_model.pkl took 0.045 seconds
[2024-08-17T11:55:25.792+0000] {processor.py:161} INFO - Started process (PID=8253) to work on /opt/airflow/dags/data/models/Netherlands.4/cases_TS_model.pkl
[2024-08-17T11:55:25.792+0000] {processor.py:830} INFO - Processing file /opt/airflow/dags/data/models/Netherlands.4/cases_TS_model.pkl for tasks to queue
[2024-08-17T11:55:25.793+0000] {logging_mixin.py:188} INFO - [2024-08-17T11:55:25.793+0000] {dagbag.py:545} INFO - Filling up the DagBag from /opt/airflow/dags/data/models/Netherlands.4/cases_TS_model.pkl
[2024-08-17T11:55:25.809+0000] {processor.py:842} WARNING - No viable dags retrieved from /opt/airflow/dags/data/models/Netherlands.4/cases_TS_model.pkl
[2024-08-17T11:55:25.822+0000] {processor.py:183} INFO - Processing /opt/airflow/dags/data/models/Netherlands.4/cases_TS_model.pkl took 0.038 seconds
[2024-08-17T11:55:57.493+0000] {processor.py:161} INFO - Started process (PID=8725) to work on /opt/airflow/dags/data/models/Netherlands.4/cases_TS_model.pkl
[2024-08-17T11:55:57.494+0000] {processor.py:830} INFO - Processing file /opt/airflow/dags/data/models/Netherlands.4/cases_TS_model.pkl for tasks to queue
[2024-08-17T11:55:57.495+0000] {logging_mixin.py:188} INFO - [2024-08-17T11:55:57.495+0000] {dagbag.py:545} INFO - Filling up the DagBag from /opt/airflow/dags/data/models/Netherlands.4/cases_TS_model.pkl
[2024-08-17T11:55:57.522+0000] {processor.py:842} WARNING - No viable dags retrieved from /opt/airflow/dags/data/models/Netherlands.4/cases_TS_model.pkl
[2024-08-17T11:55:57.541+0000] {processor.py:183} INFO - Processing /opt/airflow/dags/data/models/Netherlands.4/cases_TS_model.pkl took 0.055 seconds
[2024-08-17T11:56:34.770+0000] {processor.py:161} INFO - Started process (PID=9320) to work on /opt/airflow/dags/data/models/Netherlands.4/cases_TS_model.pkl
[2024-08-17T11:56:34.772+0000] {processor.py:830} INFO - Processing file /opt/airflow/dags/data/models/Netherlands.4/cases_TS_model.pkl for tasks to queue
[2024-08-17T11:56:34.773+0000] {logging_mixin.py:188} INFO - [2024-08-17T11:56:34.772+0000] {dagbag.py:545} INFO - Filling up the DagBag from /opt/airflow/dags/data/models/Netherlands.4/cases_TS_model.pkl
[2024-08-17T11:56:34.791+0000] {processor.py:842} WARNING - No viable dags retrieved from /opt/airflow/dags/data/models/Netherlands.4/cases_TS_model.pkl
[2024-08-17T11:56:34.806+0000] {processor.py:183} INFO - Processing /opt/airflow/dags/data/models/Netherlands.4/cases_TS_model.pkl took 0.043 seconds
[2024-08-17T11:57:09.903+0000] {processor.py:161} INFO - Started process (PID=9871) to work on /opt/airflow/dags/data/models/Netherlands.4/cases_TS_model.pkl
[2024-08-17T11:57:09.905+0000] {processor.py:830} INFO - Processing file /opt/airflow/dags/data/models/Netherlands.4/cases_TS_model.pkl for tasks to queue
[2024-08-17T11:57:09.906+0000] {logging_mixin.py:188} INFO - [2024-08-17T11:57:09.906+0000] {dagbag.py:545} INFO - Filling up the DagBag from /opt/airflow/dags/data/models/Netherlands.4/cases_TS_model.pkl
[2024-08-17T11:57:09.926+0000] {processor.py:842} WARNING - No viable dags retrieved from /opt/airflow/dags/data/models/Netherlands.4/cases_TS_model.pkl
[2024-08-17T11:57:09.944+0000] {processor.py:183} INFO - Processing /opt/airflow/dags/data/models/Netherlands.4/cases_TS_model.pkl took 0.049 seconds
[2024-08-17T11:57:43.174+0000] {processor.py:161} INFO - Started process (PID=10356) to work on /opt/airflow/dags/data/models/Netherlands.4/cases_TS_model.pkl
[2024-08-17T11:57:43.176+0000] {processor.py:830} INFO - Processing file /opt/airflow/dags/data/models/Netherlands.4/cases_TS_model.pkl for tasks to queue
[2024-08-17T11:57:43.177+0000] {logging_mixin.py:188} INFO - [2024-08-17T11:57:43.177+0000] {dagbag.py:545} INFO - Filling up the DagBag from /opt/airflow/dags/data/models/Netherlands.4/cases_TS_model.pkl
[2024-08-17T11:57:43.198+0000] {processor.py:842} WARNING - No viable dags retrieved from /opt/airflow/dags/data/models/Netherlands.4/cases_TS_model.pkl
[2024-08-17T11:57:43.218+0000] {processor.py:183} INFO - Processing /opt/airflow/dags/data/models/Netherlands.4/cases_TS_model.pkl took 0.052 seconds
[2024-08-17T11:58:45.747+0000] {processor.py:161} INFO - Started process (PID=11065) to work on /opt/airflow/dags/data/models/Netherlands.4/cases_TS_model.pkl
[2024-08-17T11:58:45.748+0000] {processor.py:830} INFO - Processing file /opt/airflow/dags/data/models/Netherlands.4/cases_TS_model.pkl for tasks to queue
[2024-08-17T11:58:45.749+0000] {logging_mixin.py:188} INFO - [2024-08-17T11:58:45.749+0000] {dagbag.py:545} INFO - Filling up the DagBag from /opt/airflow/dags/data/models/Netherlands.4/cases_TS_model.pkl
[2024-08-17T11:58:45.769+0000] {processor.py:842} WARNING - No viable dags retrieved from /opt/airflow/dags/data/models/Netherlands.4/cases_TS_model.pkl
[2024-08-17T11:58:45.789+0000] {processor.py:183} INFO - Processing /opt/airflow/dags/data/models/Netherlands.4/cases_TS_model.pkl took 0.050 seconds
[2024-08-17T11:59:26.124+0000] {processor.py:161} INFO - Started process (PID=11684) to work on /opt/airflow/dags/data/models/Netherlands.4/cases_TS_model.pkl
[2024-08-17T11:59:26.125+0000] {processor.py:830} INFO - Processing file /opt/airflow/dags/data/models/Netherlands.4/cases_TS_model.pkl for tasks to queue
[2024-08-17T11:59:26.126+0000] {logging_mixin.py:188} INFO - [2024-08-17T11:59:26.126+0000] {dagbag.py:545} INFO - Filling up the DagBag from /opt/airflow/dags/data/models/Netherlands.4/cases_TS_model.pkl
[2024-08-17T11:59:26.155+0000] {processor.py:842} WARNING - No viable dags retrieved from /opt/airflow/dags/data/models/Netherlands.4/cases_TS_model.pkl
[2024-08-17T11:59:26.173+0000] {processor.py:183} INFO - Processing /opt/airflow/dags/data/models/Netherlands.4/cases_TS_model.pkl took 0.059 seconds
[2024-08-17T12:00:02.990+0000] {processor.py:161} INFO - Started process (PID=12236) to work on /opt/airflow/dags/data/models/Netherlands.4/cases_TS_model.pkl
[2024-08-17T12:00:02.992+0000] {processor.py:830} INFO - Processing file /opt/airflow/dags/data/models/Netherlands.4/cases_TS_model.pkl for tasks to queue
[2024-08-17T12:00:02.993+0000] {logging_mixin.py:188} INFO - [2024-08-17T12:00:02.993+0000] {dagbag.py:545} INFO - Filling up the DagBag from /opt/airflow/dags/data/models/Netherlands.4/cases_TS_model.pkl
[2024-08-17T12:00:03.015+0000] {processor.py:842} WARNING - No viable dags retrieved from /opt/airflow/dags/data/models/Netherlands.4/cases_TS_model.pkl
[2024-08-17T12:00:03.029+0000] {processor.py:183} INFO - Processing /opt/airflow/dags/data/models/Netherlands.4/cases_TS_model.pkl took 0.046 seconds
[2024-08-17T12:00:40.115+0000] {processor.py:161} INFO - Started process (PID=12852) to work on /opt/airflow/dags/data/models/Netherlands.4/cases_TS_model.pkl
[2024-08-17T12:00:40.116+0000] {processor.py:830} INFO - Processing file /opt/airflow/dags/data/models/Netherlands.4/cases_TS_model.pkl for tasks to queue
[2024-08-17T12:00:40.117+0000] {logging_mixin.py:188} INFO - [2024-08-17T12:00:40.117+0000] {dagbag.py:545} INFO - Filling up the DagBag from /opt/airflow/dags/data/models/Netherlands.4/cases_TS_model.pkl
[2024-08-17T12:00:40.137+0000] {processor.py:842} WARNING - No viable dags retrieved from /opt/airflow/dags/data/models/Netherlands.4/cases_TS_model.pkl
[2024-08-17T12:00:40.157+0000] {processor.py:183} INFO - Processing /opt/airflow/dags/data/models/Netherlands.4/cases_TS_model.pkl took 0.050 seconds
[2024-08-17T12:01:15.532+0000] {processor.py:161} INFO - Started process (PID=13384) to work on /opt/airflow/dags/data/models/Netherlands.4/cases_TS_model.pkl
[2024-08-17T12:01:15.534+0000] {processor.py:830} INFO - Processing file /opt/airflow/dags/data/models/Netherlands.4/cases_TS_model.pkl for tasks to queue
[2024-08-17T12:01:15.536+0000] {logging_mixin.py:188} INFO - [2024-08-17T12:01:15.535+0000] {dagbag.py:545} INFO - Filling up the DagBag from /opt/airflow/dags/data/models/Netherlands.4/cases_TS_model.pkl
[2024-08-17T12:01:15.552+0000] {processor.py:842} WARNING - No viable dags retrieved from /opt/airflow/dags/data/models/Netherlands.4/cases_TS_model.pkl
[2024-08-17T12:01:15.567+0000] {processor.py:183} INFO - Processing /opt/airflow/dags/data/models/Netherlands.4/cases_TS_model.pkl took 0.043 seconds
[2024-08-17T12:01:51.356+0000] {processor.py:161} INFO - Started process (PID=13940) to work on /opt/airflow/dags/data/models/Netherlands.4/cases_TS_model.pkl
[2024-08-17T12:01:51.358+0000] {processor.py:830} INFO - Processing file /opt/airflow/dags/data/models/Netherlands.4/cases_TS_model.pkl for tasks to queue
[2024-08-17T12:01:51.359+0000] {logging_mixin.py:188} INFO - [2024-08-17T12:01:51.359+0000] {dagbag.py:545} INFO - Filling up the DagBag from /opt/airflow/dags/data/models/Netherlands.4/cases_TS_model.pkl
[2024-08-17T12:01:51.378+0000] {processor.py:842} WARNING - No viable dags retrieved from /opt/airflow/dags/data/models/Netherlands.4/cases_TS_model.pkl
[2024-08-17T12:01:51.394+0000] {processor.py:183} INFO - Processing /opt/airflow/dags/data/models/Netherlands.4/cases_TS_model.pkl took 0.045 seconds
[2024-08-17T12:02:35.842+0000] {processor.py:161} INFO - Started process (PID=14587) to work on /opt/airflow/dags/data/models/Netherlands.4/cases_TS_model.pkl
[2024-08-17T12:02:35.843+0000] {processor.py:830} INFO - Processing file /opt/airflow/dags/data/models/Netherlands.4/cases_TS_model.pkl for tasks to queue
[2024-08-17T12:02:35.845+0000] {logging_mixin.py:188} INFO - [2024-08-17T12:02:35.844+0000] {dagbag.py:545} INFO - Filling up the DagBag from /opt/airflow/dags/data/models/Netherlands.4/cases_TS_model.pkl
[2024-08-17T12:02:35.867+0000] {processor.py:842} WARNING - No viable dags retrieved from /opt/airflow/dags/data/models/Netherlands.4/cases_TS_model.pkl
[2024-08-17T12:02:35.887+0000] {processor.py:183} INFO - Processing /opt/airflow/dags/data/models/Netherlands.4/cases_TS_model.pkl took 0.053 seconds
[2024-08-17T12:03:15.434+0000] {processor.py:161} INFO - Started process (PID=14934) to work on /opt/airflow/dags/data/models/Netherlands.4/cases_TS_model.pkl
[2024-08-17T12:03:15.436+0000] {processor.py:830} INFO - Processing file /opt/airflow/dags/data/models/Netherlands.4/cases_TS_model.pkl for tasks to queue
[2024-08-17T12:03:15.437+0000] {logging_mixin.py:188} INFO - [2024-08-17T12:03:15.436+0000] {dagbag.py:545} INFO - Filling up the DagBag from /opt/airflow/dags/data/models/Netherlands.4/cases_TS_model.pkl
[2024-08-17T12:03:15.456+0000] {processor.py:842} WARNING - No viable dags retrieved from /opt/airflow/dags/data/models/Netherlands.4/cases_TS_model.pkl
[2024-08-17T12:03:15.474+0000] {processor.py:183} INFO - Processing /opt/airflow/dags/data/models/Netherlands.4/cases_TS_model.pkl took 0.046 seconds
[2024-08-17T12:03:56.975+0000] {processor.py:161} INFO - Started process (PID=15592) to work on /opt/airflow/dags/data/models/Netherlands.4/cases_TS_model.pkl
[2024-08-17T12:03:56.976+0000] {processor.py:830} INFO - Processing file /opt/airflow/dags/data/models/Netherlands.4/cases_TS_model.pkl for tasks to queue
[2024-08-17T12:03:56.978+0000] {logging_mixin.py:188} INFO - [2024-08-17T12:03:56.978+0000] {dagbag.py:545} INFO - Filling up the DagBag from /opt/airflow/dags/data/models/Netherlands.4/cases_TS_model.pkl
[2024-08-17T12:03:57.011+0000] {processor.py:842} WARNING - No viable dags retrieved from /opt/airflow/dags/data/models/Netherlands.4/cases_TS_model.pkl
[2024-08-17T12:03:57.030+0000] {processor.py:183} INFO - Processing /opt/airflow/dags/data/models/Netherlands.4/cases_TS_model.pkl took 0.063 seconds
[2024-08-17T12:04:39.967+0000] {processor.py:161} INFO - Started process (PID=16213) to work on /opt/airflow/dags/data/models/Netherlands.4/cases_TS_model.pkl
[2024-08-17T12:04:39.969+0000] {processor.py:830} INFO - Processing file /opt/airflow/dags/data/models/Netherlands.4/cases_TS_model.pkl for tasks to queue
[2024-08-17T12:04:39.970+0000] {logging_mixin.py:188} INFO - [2024-08-17T12:04:39.969+0000] {dagbag.py:545} INFO - Filling up the DagBag from /opt/airflow/dags/data/models/Netherlands.4/cases_TS_model.pkl
[2024-08-17T12:04:39.991+0000] {processor.py:842} WARNING - No viable dags retrieved from /opt/airflow/dags/data/models/Netherlands.4/cases_TS_model.pkl
[2024-08-17T12:04:40.009+0000] {processor.py:183} INFO - Processing /opt/airflow/dags/data/models/Netherlands.4/cases_TS_model.pkl took 0.049 seconds
[2024-08-17T12:05:18.863+0000] {processor.py:161} INFO - Started process (PID=16791) to work on /opt/airflow/dags/data/models/Netherlands.4/cases_TS_model.pkl
[2024-08-17T12:05:18.864+0000] {processor.py:830} INFO - Processing file /opt/airflow/dags/data/models/Netherlands.4/cases_TS_model.pkl for tasks to queue
[2024-08-17T12:05:18.865+0000] {logging_mixin.py:188} INFO - [2024-08-17T12:05:18.865+0000] {dagbag.py:545} INFO - Filling up the DagBag from /opt/airflow/dags/data/models/Netherlands.4/cases_TS_model.pkl
[2024-08-17T12:05:18.880+0000] {processor.py:842} WARNING - No viable dags retrieved from /opt/airflow/dags/data/models/Netherlands.4/cases_TS_model.pkl
[2024-08-17T12:05:18.897+0000] {processor.py:183} INFO - Processing /opt/airflow/dags/data/models/Netherlands.4/cases_TS_model.pkl took 0.041 seconds
[2024-08-17T12:06:00.962+0000] {processor.py:161} INFO - Started process (PID=17437) to work on /opt/airflow/dags/data/models/Netherlands.4/cases_TS_model.pkl
[2024-08-17T12:06:00.964+0000] {processor.py:830} INFO - Processing file /opt/airflow/dags/data/models/Netherlands.4/cases_TS_model.pkl for tasks to queue
[2024-08-17T12:06:00.965+0000] {logging_mixin.py:188} INFO - [2024-08-17T12:06:00.965+0000] {dagbag.py:545} INFO - Filling up the DagBag from /opt/airflow/dags/data/models/Netherlands.4/cases_TS_model.pkl
[2024-08-17T12:06:00.981+0000] {processor.py:842} WARNING - No viable dags retrieved from /opt/airflow/dags/data/models/Netherlands.4/cases_TS_model.pkl
[2024-08-17T12:06:01.000+0000] {processor.py:183} INFO - Processing /opt/airflow/dags/data/models/Netherlands.4/cases_TS_model.pkl took 0.046 seconds
[2024-08-17T12:06:37.754+0000] {processor.py:161} INFO - Started process (PID=18017) to work on /opt/airflow/dags/data/models/Netherlands.4/cases_TS_model.pkl
[2024-08-17T12:06:37.756+0000] {processor.py:830} INFO - Processing file /opt/airflow/dags/data/models/Netherlands.4/cases_TS_model.pkl for tasks to queue
[2024-08-17T12:06:37.757+0000] {logging_mixin.py:188} INFO - [2024-08-17T12:06:37.757+0000] {dagbag.py:545} INFO - Filling up the DagBag from /opt/airflow/dags/data/models/Netherlands.4/cases_TS_model.pkl
[2024-08-17T12:06:37.772+0000] {processor.py:842} WARNING - No viable dags retrieved from /opt/airflow/dags/data/models/Netherlands.4/cases_TS_model.pkl
[2024-08-17T12:06:37.786+0000] {processor.py:183} INFO - Processing /opt/airflow/dags/data/models/Netherlands.4/cases_TS_model.pkl took 0.039 seconds
[2024-08-17T12:07:23.852+0000] {processor.py:161} INFO - Started process (PID=18719) to work on /opt/airflow/dags/data/models/Netherlands.4/cases_TS_model.pkl
[2024-08-17T12:07:23.853+0000] {processor.py:830} INFO - Processing file /opt/airflow/dags/data/models/Netherlands.4/cases_TS_model.pkl for tasks to queue
[2024-08-17T12:07:23.854+0000] {logging_mixin.py:188} INFO - [2024-08-17T12:07:23.854+0000] {dagbag.py:545} INFO - Filling up the DagBag from /opt/airflow/dags/data/models/Netherlands.4/cases_TS_model.pkl
[2024-08-17T12:07:23.880+0000] {processor.py:842} WARNING - No viable dags retrieved from /opt/airflow/dags/data/models/Netherlands.4/cases_TS_model.pkl
[2024-08-17T12:07:23.899+0000] {processor.py:183} INFO - Processing /opt/airflow/dags/data/models/Netherlands.4/cases_TS_model.pkl took 0.054 seconds
[2024-08-17T12:08:37.809+0000] {processor.py:161} INFO - Started process (PID=19451) to work on /opt/airflow/dags/data/models/Netherlands.4/cases_TS_model.pkl
[2024-08-17T12:08:37.811+0000] {processor.py:830} INFO - Processing file /opt/airflow/dags/data/models/Netherlands.4/cases_TS_model.pkl for tasks to queue
[2024-08-17T12:08:37.814+0000] {logging_mixin.py:188} INFO - [2024-08-17T12:08:37.813+0000] {dagbag.py:545} INFO - Filling up the DagBag from /opt/airflow/dags/data/models/Netherlands.4/cases_TS_model.pkl
[2024-08-17T12:08:37.855+0000] {processor.py:842} WARNING - No viable dags retrieved from /opt/airflow/dags/data/models/Netherlands.4/cases_TS_model.pkl
[2024-08-17T12:08:37.890+0000] {processor.py:183} INFO - Processing /opt/airflow/dags/data/models/Netherlands.4/cases_TS_model.pkl took 0.090 seconds
[2024-08-17T12:09:23.951+0000] {processor.py:161} INFO - Started process (PID=20123) to work on /opt/airflow/dags/data/models/Netherlands.4/cases_TS_model.pkl
[2024-08-17T12:09:23.953+0000] {processor.py:830} INFO - Processing file /opt/airflow/dags/data/models/Netherlands.4/cases_TS_model.pkl for tasks to queue
[2024-08-17T12:09:23.954+0000] {logging_mixin.py:188} INFO - [2024-08-17T12:09:23.953+0000] {dagbag.py:545} INFO - Filling up the DagBag from /opt/airflow/dags/data/models/Netherlands.4/cases_TS_model.pkl
[2024-08-17T12:09:23.975+0000] {processor.py:842} WARNING - No viable dags retrieved from /opt/airflow/dags/data/models/Netherlands.4/cases_TS_model.pkl
[2024-08-17T12:09:23.995+0000] {processor.py:183} INFO - Processing /opt/airflow/dags/data/models/Netherlands.4/cases_TS_model.pkl took 0.051 seconds
[2024-08-17T12:10:06.954+0000] {processor.py:161} INFO - Started process (PID=20785) to work on /opt/airflow/dags/data/models/Netherlands.4/cases_TS_model.pkl
[2024-08-17T12:10:06.957+0000] {processor.py:830} INFO - Processing file /opt/airflow/dags/data/models/Netherlands.4/cases_TS_model.pkl for tasks to queue
[2024-08-17T12:10:06.959+0000] {logging_mixin.py:188} INFO - [2024-08-17T12:10:06.958+0000] {dagbag.py:545} INFO - Filling up the DagBag from /opt/airflow/dags/data/models/Netherlands.4/cases_TS_model.pkl
[2024-08-17T12:10:06.984+0000] {processor.py:842} WARNING - No viable dags retrieved from /opt/airflow/dags/data/models/Netherlands.4/cases_TS_model.pkl
[2024-08-17T12:10:07.010+0000] {processor.py:183} INFO - Processing /opt/airflow/dags/data/models/Netherlands.4/cases_TS_model.pkl took 0.066 seconds
[2024-08-17T12:10:45.794+0000] {processor.py:161} INFO - Started process (PID=21383) to work on /opt/airflow/dags/data/models/Netherlands.4/cases_TS_model.pkl
[2024-08-17T12:10:45.796+0000] {processor.py:830} INFO - Processing file /opt/airflow/dags/data/models/Netherlands.4/cases_TS_model.pkl for tasks to queue
[2024-08-17T12:10:45.797+0000] {logging_mixin.py:188} INFO - [2024-08-17T12:10:45.796+0000] {dagbag.py:545} INFO - Filling up the DagBag from /opt/airflow/dags/data/models/Netherlands.4/cases_TS_model.pkl
[2024-08-17T12:10:45.817+0000] {processor.py:842} WARNING - No viable dags retrieved from /opt/airflow/dags/data/models/Netherlands.4/cases_TS_model.pkl
[2024-08-17T12:10:45.836+0000] {processor.py:183} INFO - Processing /opt/airflow/dags/data/models/Netherlands.4/cases_TS_model.pkl took 0.048 seconds
[2024-08-17T12:11:30.128+0000] {processor.py:161} INFO - Started process (PID=22015) to work on /opt/airflow/dags/data/models/Netherlands.4/cases_TS_model.pkl
[2024-08-17T12:11:30.129+0000] {processor.py:830} INFO - Processing file /opt/airflow/dags/data/models/Netherlands.4/cases_TS_model.pkl for tasks to queue
[2024-08-17T12:11:30.131+0000] {logging_mixin.py:188} INFO - [2024-08-17T12:11:30.130+0000] {dagbag.py:545} INFO - Filling up the DagBag from /opt/airflow/dags/data/models/Netherlands.4/cases_TS_model.pkl
[2024-08-17T12:11:30.155+0000] {processor.py:842} WARNING - No viable dags retrieved from /opt/airflow/dags/data/models/Netherlands.4/cases_TS_model.pkl
[2024-08-17T12:11:30.175+0000] {processor.py:183} INFO - Processing /opt/airflow/dags/data/models/Netherlands.4/cases_TS_model.pkl took 0.053 seconds
[2024-08-17T12:12:04.095+0000] {processor.py:161} INFO - Started process (PID=22469) to work on /opt/airflow/dags/data/models/Netherlands.4/cases_TS_model.pkl
[2024-08-17T12:12:04.096+0000] {processor.py:830} INFO - Processing file /opt/airflow/dags/data/models/Netherlands.4/cases_TS_model.pkl for tasks to queue
[2024-08-17T12:12:04.098+0000] {logging_mixin.py:188} INFO - [2024-08-17T12:12:04.097+0000] {dagbag.py:545} INFO - Filling up the DagBag from /opt/airflow/dags/data/models/Netherlands.4/cases_TS_model.pkl
[2024-08-17T12:12:04.115+0000] {processor.py:842} WARNING - No viable dags retrieved from /opt/airflow/dags/data/models/Netherlands.4/cases_TS_model.pkl
[2024-08-17T12:12:04.134+0000] {processor.py:183} INFO - Processing /opt/airflow/dags/data/models/Netherlands.4/cases_TS_model.pkl took 0.047 seconds
[2024-08-17T12:12:39.889+0000] {processor.py:161} INFO - Started process (PID=23023) to work on /opt/airflow/dags/data/models/Netherlands.4/cases_TS_model.pkl
[2024-08-17T12:12:39.890+0000] {processor.py:830} INFO - Processing file /opt/airflow/dags/data/models/Netherlands.4/cases_TS_model.pkl for tasks to queue
[2024-08-17T12:12:39.891+0000] {logging_mixin.py:188} INFO - [2024-08-17T12:12:39.891+0000] {dagbag.py:545} INFO - Filling up the DagBag from /opt/airflow/dags/data/models/Netherlands.4/cases_TS_model.pkl
[2024-08-17T12:12:39.913+0000] {processor.py:842} WARNING - No viable dags retrieved from /opt/airflow/dags/data/models/Netherlands.4/cases_TS_model.pkl
[2024-08-17T12:12:39.933+0000] {processor.py:183} INFO - Processing /opt/airflow/dags/data/models/Netherlands.4/cases_TS_model.pkl took 0.053 seconds
[2024-08-17T12:13:22.952+0000] {processor.py:161} INFO - Started process (PID=23339) to work on /opt/airflow/dags/data/models/Netherlands.4/cases_TS_model.pkl
[2024-08-17T12:13:22.953+0000] {processor.py:830} INFO - Processing file /opt/airflow/dags/data/models/Netherlands.4/cases_TS_model.pkl for tasks to queue
[2024-08-17T12:13:22.954+0000] {logging_mixin.py:188} INFO - [2024-08-17T12:13:22.954+0000] {dagbag.py:545} INFO - Filling up the DagBag from /opt/airflow/dags/data/models/Netherlands.4/cases_TS_model.pkl
[2024-08-17T12:13:22.970+0000] {processor.py:842} WARNING - No viable dags retrieved from /opt/airflow/dags/data/models/Netherlands.4/cases_TS_model.pkl
[2024-08-17T12:13:22.985+0000] {processor.py:183} INFO - Processing /opt/airflow/dags/data/models/Netherlands.4/cases_TS_model.pkl took 0.041 seconds
[2024-08-17T12:14:09.735+0000] {processor.py:161} INFO - Started process (PID=24064) to work on /opt/airflow/dags/data/models/Netherlands.4/cases_TS_model.pkl
[2024-08-17T12:14:09.736+0000] {processor.py:830} INFO - Processing file /opt/airflow/dags/data/models/Netherlands.4/cases_TS_model.pkl for tasks to queue
[2024-08-17T12:14:09.737+0000] {logging_mixin.py:188} INFO - [2024-08-17T12:14:09.737+0000] {dagbag.py:545} INFO - Filling up the DagBag from /opt/airflow/dags/data/models/Netherlands.4/cases_TS_model.pkl
[2024-08-17T12:14:09.752+0000] {processor.py:842} WARNING - No viable dags retrieved from /opt/airflow/dags/data/models/Netherlands.4/cases_TS_model.pkl
[2024-08-17T12:14:09.770+0000] {processor.py:183} INFO - Processing /opt/airflow/dags/data/models/Netherlands.4/cases_TS_model.pkl took 0.044 seconds
[2024-08-17T12:14:54.269+0000] {processor.py:161} INFO - Started process (PID=24714) to work on /opt/airflow/dags/data/models/Netherlands.4/cases_TS_model.pkl
[2024-08-17T12:14:54.271+0000] {processor.py:830} INFO - Processing file /opt/airflow/dags/data/models/Netherlands.4/cases_TS_model.pkl for tasks to queue
[2024-08-17T12:14:54.274+0000] {logging_mixin.py:188} INFO - [2024-08-17T12:14:54.273+0000] {dagbag.py:545} INFO - Filling up the DagBag from /opt/airflow/dags/data/models/Netherlands.4/cases_TS_model.pkl
[2024-08-17T12:14:54.304+0000] {processor.py:842} WARNING - No viable dags retrieved from /opt/airflow/dags/data/models/Netherlands.4/cases_TS_model.pkl
[2024-08-17T12:14:54.325+0000] {processor.py:183} INFO - Processing /opt/airflow/dags/data/models/Netherlands.4/cases_TS_model.pkl took 0.064 seconds
[2024-08-17T12:15:38.475+0000] {processor.py:161} INFO - Started process (PID=25309) to work on /opt/airflow/dags/data/models/Netherlands.4/cases_TS_model.pkl
[2024-08-17T12:15:38.477+0000] {processor.py:830} INFO - Processing file /opt/airflow/dags/data/models/Netherlands.4/cases_TS_model.pkl for tasks to queue
[2024-08-17T12:15:38.478+0000] {logging_mixin.py:188} INFO - [2024-08-17T12:15:38.477+0000] {dagbag.py:545} INFO - Filling up the DagBag from /opt/airflow/dags/data/models/Netherlands.4/cases_TS_model.pkl
[2024-08-17T12:15:38.502+0000] {processor.py:842} WARNING - No viable dags retrieved from /opt/airflow/dags/data/models/Netherlands.4/cases_TS_model.pkl
[2024-08-17T12:15:38.525+0000] {processor.py:183} INFO - Processing /opt/airflow/dags/data/models/Netherlands.4/cases_TS_model.pkl took 0.059 seconds
[2024-08-17T12:16:15.023+0000] {processor.py:161} INFO - Started process (PID=25847) to work on /opt/airflow/dags/data/models/Netherlands.4/cases_TS_model.pkl
[2024-08-17T12:16:15.025+0000] {processor.py:830} INFO - Processing file /opt/airflow/dags/data/models/Netherlands.4/cases_TS_model.pkl for tasks to queue
[2024-08-17T12:16:15.026+0000] {logging_mixin.py:188} INFO - [2024-08-17T12:16:15.026+0000] {dagbag.py:545} INFO - Filling up the DagBag from /opt/airflow/dags/data/models/Netherlands.4/cases_TS_model.pkl
[2024-08-17T12:16:15.051+0000] {processor.py:842} WARNING - No viable dags retrieved from /opt/airflow/dags/data/models/Netherlands.4/cases_TS_model.pkl
[2024-08-17T12:16:15.075+0000] {processor.py:183} INFO - Processing /opt/airflow/dags/data/models/Netherlands.4/cases_TS_model.pkl took 0.060 seconds
[2024-08-17T12:16:54.914+0000] {processor.py:161} INFO - Started process (PID=26408) to work on /opt/airflow/dags/data/models/Netherlands.4/cases_TS_model.pkl
[2024-08-17T12:16:54.915+0000] {processor.py:830} INFO - Processing file /opt/airflow/dags/data/models/Netherlands.4/cases_TS_model.pkl for tasks to queue
[2024-08-17T12:16:54.917+0000] {logging_mixin.py:188} INFO - [2024-08-17T12:16:54.916+0000] {dagbag.py:545} INFO - Filling up the DagBag from /opt/airflow/dags/data/models/Netherlands.4/cases_TS_model.pkl
[2024-08-17T12:16:54.944+0000] {processor.py:842} WARNING - No viable dags retrieved from /opt/airflow/dags/data/models/Netherlands.4/cases_TS_model.pkl
[2024-08-17T12:16:54.970+0000] {processor.py:183} INFO - Processing /opt/airflow/dags/data/models/Netherlands.4/cases_TS_model.pkl took 0.064 seconds
[2024-08-17T12:17:33.154+0000] {processor.py:161} INFO - Started process (PID=26968) to work on /opt/airflow/dags/data/models/Netherlands.4/cases_TS_model.pkl
[2024-08-17T12:17:33.156+0000] {processor.py:830} INFO - Processing file /opt/airflow/dags/data/models/Netherlands.4/cases_TS_model.pkl for tasks to queue
[2024-08-17T12:17:33.157+0000] {logging_mixin.py:188} INFO - [2024-08-17T12:17:33.157+0000] {dagbag.py:545} INFO - Filling up the DagBag from /opt/airflow/dags/data/models/Netherlands.4/cases_TS_model.pkl
[2024-08-17T12:17:33.179+0000] {processor.py:842} WARNING - No viable dags retrieved from /opt/airflow/dags/data/models/Netherlands.4/cases_TS_model.pkl
[2024-08-17T12:17:33.197+0000] {processor.py:183} INFO - Processing /opt/airflow/dags/data/models/Netherlands.4/cases_TS_model.pkl took 0.053 seconds
[2024-08-17T12:18:45.170+0000] {processor.py:161} INFO - Started process (PID=27581) to work on /opt/airflow/dags/data/models/Netherlands.4/cases_TS_model.pkl
[2024-08-17T12:18:45.172+0000] {processor.py:830} INFO - Processing file /opt/airflow/dags/data/models/Netherlands.4/cases_TS_model.pkl for tasks to queue
[2024-08-17T12:18:45.173+0000] {logging_mixin.py:188} INFO - [2024-08-17T12:18:45.173+0000] {dagbag.py:545} INFO - Filling up the DagBag from /opt/airflow/dags/data/models/Netherlands.4/cases_TS_model.pkl
[2024-08-17T12:18:45.199+0000] {processor.py:842} WARNING - No viable dags retrieved from /opt/airflow/dags/data/models/Netherlands.4/cases_TS_model.pkl
[2024-08-17T12:18:45.219+0000] {processor.py:183} INFO - Processing /opt/airflow/dags/data/models/Netherlands.4/cases_TS_model.pkl took 0.056 seconds
[2024-08-17T12:19:37.020+0000] {processor.py:161} INFO - Started process (PID=28338) to work on /opt/airflow/dags/data/models/Netherlands.4/cases_TS_model.pkl
[2024-08-17T12:19:37.021+0000] {processor.py:830} INFO - Processing file /opt/airflow/dags/data/models/Netherlands.4/cases_TS_model.pkl for tasks to queue
[2024-08-17T12:19:37.023+0000] {logging_mixin.py:188} INFO - [2024-08-17T12:19:37.022+0000] {dagbag.py:545} INFO - Filling up the DagBag from /opt/airflow/dags/data/models/Netherlands.4/cases_TS_model.pkl
[2024-08-17T12:19:37.043+0000] {processor.py:842} WARNING - No viable dags retrieved from /opt/airflow/dags/data/models/Netherlands.4/cases_TS_model.pkl
[2024-08-17T12:19:37.061+0000] {processor.py:183} INFO - Processing /opt/airflow/dags/data/models/Netherlands.4/cases_TS_model.pkl took 0.047 seconds
[2024-08-17T12:20:21.676+0000] {processor.py:161} INFO - Started process (PID=28996) to work on /opt/airflow/dags/data/models/Netherlands.4/cases_TS_model.pkl
[2024-08-17T12:20:21.680+0000] {processor.py:830} INFO - Processing file /opt/airflow/dags/data/models/Netherlands.4/cases_TS_model.pkl for tasks to queue
[2024-08-17T12:20:21.682+0000] {logging_mixin.py:188} INFO - [2024-08-17T12:20:21.682+0000] {dagbag.py:545} INFO - Filling up the DagBag from /opt/airflow/dags/data/models/Netherlands.4/cases_TS_model.pkl
[2024-08-17T12:20:21.738+0000] {processor.py:842} WARNING - No viable dags retrieved from /opt/airflow/dags/data/models/Netherlands.4/cases_TS_model.pkl
[2024-08-17T12:20:21.761+0000] {processor.py:183} INFO - Processing /opt/airflow/dags/data/models/Netherlands.4/cases_TS_model.pkl took 0.099 seconds
[2024-08-17T12:21:23.186+0000] {processor.py:161} INFO - Started process (PID=29777) to work on /opt/airflow/dags/data/models/Netherlands.4/cases_TS_model.pkl
[2024-08-17T12:21:23.191+0000] {processor.py:830} INFO - Processing file /opt/airflow/dags/data/models/Netherlands.4/cases_TS_model.pkl for tasks to queue
[2024-08-17T12:21:23.192+0000] {logging_mixin.py:188} INFO - [2024-08-17T12:21:23.192+0000] {dagbag.py:545} INFO - Filling up the DagBag from /opt/airflow/dags/data/models/Netherlands.4/cases_TS_model.pkl
[2024-08-17T12:21:23.219+0000] {processor.py:842} WARNING - No viable dags retrieved from /opt/airflow/dags/data/models/Netherlands.4/cases_TS_model.pkl
[2024-08-17T12:21:23.236+0000] {processor.py:183} INFO - Processing /opt/airflow/dags/data/models/Netherlands.4/cases_TS_model.pkl took 0.056 seconds
[2024-08-17T12:22:17.421+0000] {processor.py:161} INFO - Started process (PID=30597) to work on /opt/airflow/dags/data/models/Netherlands.4/cases_TS_model.pkl
[2024-08-17T12:22:17.422+0000] {processor.py:830} INFO - Processing file /opt/airflow/dags/data/models/Netherlands.4/cases_TS_model.pkl for tasks to queue
[2024-08-17T12:22:17.424+0000] {logging_mixin.py:188} INFO - [2024-08-17T12:22:17.423+0000] {dagbag.py:545} INFO - Filling up the DagBag from /opt/airflow/dags/data/models/Netherlands.4/cases_TS_model.pkl
[2024-08-17T12:22:17.450+0000] {processor.py:842} WARNING - No viable dags retrieved from /opt/airflow/dags/data/models/Netherlands.4/cases_TS_model.pkl
[2024-08-17T12:22:17.475+0000] {processor.py:183} INFO - Processing /opt/airflow/dags/data/models/Netherlands.4/cases_TS_model.pkl took 0.063 seconds
[2024-08-17T12:23:24.802+0000] {processor.py:161} INFO - Started process (PID=31283) to work on /opt/airflow/dags/data/models/Netherlands.4/cases_TS_model.pkl
[2024-08-17T12:23:24.804+0000] {processor.py:830} INFO - Processing file /opt/airflow/dags/data/models/Netherlands.4/cases_TS_model.pkl for tasks to queue
[2024-08-17T12:23:24.805+0000] {logging_mixin.py:188} INFO - [2024-08-17T12:23:24.805+0000] {dagbag.py:545} INFO - Filling up the DagBag from /opt/airflow/dags/data/models/Netherlands.4/cases_TS_model.pkl
[2024-08-17T12:23:24.820+0000] {processor.py:842} WARNING - No viable dags retrieved from /opt/airflow/dags/data/models/Netherlands.4/cases_TS_model.pkl
[2024-08-17T12:23:24.839+0000] {processor.py:183} INFO - Processing /opt/airflow/dags/data/models/Netherlands.4/cases_TS_model.pkl took 0.044 seconds
[2024-08-17T12:24:05.447+0000] {processor.py:161} INFO - Started process (PID=31960) to work on /opt/airflow/dags/data/models/Netherlands.4/cases_TS_model.pkl
[2024-08-17T12:24:05.448+0000] {processor.py:830} INFO - Processing file /opt/airflow/dags/data/models/Netherlands.4/cases_TS_model.pkl for tasks to queue
[2024-08-17T12:24:05.449+0000] {logging_mixin.py:188} INFO - [2024-08-17T12:24:05.449+0000] {dagbag.py:545} INFO - Filling up the DagBag from /opt/airflow/dags/data/models/Netherlands.4/cases_TS_model.pkl
[2024-08-17T12:24:05.465+0000] {processor.py:842} WARNING - No viable dags retrieved from /opt/airflow/dags/data/models/Netherlands.4/cases_TS_model.pkl
[2024-08-17T12:24:05.482+0000] {processor.py:183} INFO - Processing /opt/airflow/dags/data/models/Netherlands.4/cases_TS_model.pkl took 0.041 seconds
[2024-08-17T12:24:52.152+0000] {processor.py:161} INFO - Started process (PID=32729) to work on /opt/airflow/dags/data/models/Netherlands.4/cases_TS_model.pkl
[2024-08-17T12:24:52.153+0000] {processor.py:830} INFO - Processing file /opt/airflow/dags/data/models/Netherlands.4/cases_TS_model.pkl for tasks to queue
[2024-08-17T12:24:52.154+0000] {logging_mixin.py:188} INFO - [2024-08-17T12:24:52.154+0000] {dagbag.py:545} INFO - Filling up the DagBag from /opt/airflow/dags/data/models/Netherlands.4/cases_TS_model.pkl
[2024-08-17T12:24:52.170+0000] {processor.py:842} WARNING - No viable dags retrieved from /opt/airflow/dags/data/models/Netherlands.4/cases_TS_model.pkl
[2024-08-17T12:24:52.184+0000] {processor.py:183} INFO - Processing /opt/airflow/dags/data/models/Netherlands.4/cases_TS_model.pkl took 0.037 seconds
[2024-08-17T12:25:36.678+0000] {processor.py:161} INFO - Started process (PID=33487) to work on /opt/airflow/dags/data/models/Netherlands.4/cases_TS_model.pkl
[2024-08-17T12:25:36.679+0000] {processor.py:830} INFO - Processing file /opt/airflow/dags/data/models/Netherlands.4/cases_TS_model.pkl for tasks to queue
[2024-08-17T12:25:36.679+0000] {logging_mixin.py:188} INFO - [2024-08-17T12:25:36.679+0000] {dagbag.py:545} INFO - Filling up the DagBag from /opt/airflow/dags/data/models/Netherlands.4/cases_TS_model.pkl
[2024-08-17T12:25:36.692+0000] {processor.py:842} WARNING - No viable dags retrieved from /opt/airflow/dags/data/models/Netherlands.4/cases_TS_model.pkl
[2024-08-17T12:25:36.707+0000] {processor.py:183} INFO - Processing /opt/airflow/dags/data/models/Netherlands.4/cases_TS_model.pkl took 0.033 seconds
[2024-08-17T12:26:15.547+0000] {processor.py:161} INFO - Started process (PID=34236) to work on /opt/airflow/dags/data/models/Netherlands.4/cases_TS_model.pkl
[2024-08-17T12:26:15.548+0000] {processor.py:830} INFO - Processing file /opt/airflow/dags/data/models/Netherlands.4/cases_TS_model.pkl for tasks to queue
[2024-08-17T12:26:15.549+0000] {logging_mixin.py:188} INFO - [2024-08-17T12:26:15.548+0000] {dagbag.py:545} INFO - Filling up the DagBag from /opt/airflow/dags/data/models/Netherlands.4/cases_TS_model.pkl
[2024-08-17T12:26:15.567+0000] {processor.py:842} WARNING - No viable dags retrieved from /opt/airflow/dags/data/models/Netherlands.4/cases_TS_model.pkl
[2024-08-17T12:26:15.582+0000] {processor.py:183} INFO - Processing /opt/airflow/dags/data/models/Netherlands.4/cases_TS_model.pkl took 0.039 seconds
[2024-08-17T12:26:52.096+0000] {processor.py:161} INFO - Started process (PID=34891) to work on /opt/airflow/dags/data/models/Netherlands.4/cases_TS_model.pkl
[2024-08-17T12:26:52.097+0000] {processor.py:830} INFO - Processing file /opt/airflow/dags/data/models/Netherlands.4/cases_TS_model.pkl for tasks to queue
[2024-08-17T12:26:52.098+0000] {logging_mixin.py:188} INFO - [2024-08-17T12:26:52.097+0000] {dagbag.py:545} INFO - Filling up the DagBag from /opt/airflow/dags/data/models/Netherlands.4/cases_TS_model.pkl
[2024-08-17T12:26:52.117+0000] {processor.py:842} WARNING - No viable dags retrieved from /opt/airflow/dags/data/models/Netherlands.4/cases_TS_model.pkl
[2024-08-17T12:26:52.131+0000] {processor.py:183} INFO - Processing /opt/airflow/dags/data/models/Netherlands.4/cases_TS_model.pkl took 0.040 seconds
[2024-08-17T12:27:27.596+0000] {processor.py:161} INFO - Started process (PID=35586) to work on /opt/airflow/dags/data/models/Netherlands.4/cases_TS_model.pkl
[2024-08-17T12:27:27.597+0000] {processor.py:830} INFO - Processing file /opt/airflow/dags/data/models/Netherlands.4/cases_TS_model.pkl for tasks to queue
[2024-08-17T12:27:27.597+0000] {logging_mixin.py:188} INFO - [2024-08-17T12:27:27.597+0000] {dagbag.py:545} INFO - Filling up the DagBag from /opt/airflow/dags/data/models/Netherlands.4/cases_TS_model.pkl
[2024-08-17T12:27:27.616+0000] {processor.py:842} WARNING - No viable dags retrieved from /opt/airflow/dags/data/models/Netherlands.4/cases_TS_model.pkl
[2024-08-17T12:27:27.632+0000] {processor.py:183} INFO - Processing /opt/airflow/dags/data/models/Netherlands.4/cases_TS_model.pkl took 0.041 seconds
[2024-08-17T12:28:18.766+0000] {processor.py:161} INFO - Started process (PID=36301) to work on /opt/airflow/dags/data/models/Netherlands.4/cases_TS_model.pkl
[2024-08-17T12:28:18.767+0000] {processor.py:830} INFO - Processing file /opt/airflow/dags/data/models/Netherlands.4/cases_TS_model.pkl for tasks to queue
[2024-08-17T12:28:18.767+0000] {logging_mixin.py:188} INFO - [2024-08-17T12:28:18.767+0000] {dagbag.py:545} INFO - Filling up the DagBag from /opt/airflow/dags/data/models/Netherlands.4/cases_TS_model.pkl
[2024-08-17T12:28:18.778+0000] {processor.py:842} WARNING - No viable dags retrieved from /opt/airflow/dags/data/models/Netherlands.4/cases_TS_model.pkl
[2024-08-17T12:28:18.789+0000] {processor.py:183} INFO - Processing /opt/airflow/dags/data/models/Netherlands.4/cases_TS_model.pkl took 0.027 seconds
[2024-08-17T12:28:53.669+0000] {processor.py:161} INFO - Started process (PID=37045) to work on /opt/airflow/dags/data/models/Netherlands.4/cases_TS_model.pkl
[2024-08-17T12:28:53.670+0000] {processor.py:830} INFO - Processing file /opt/airflow/dags/data/models/Netherlands.4/cases_TS_model.pkl for tasks to queue
[2024-08-17T12:28:53.670+0000] {logging_mixin.py:188} INFO - [2024-08-17T12:28:53.670+0000] {dagbag.py:545} INFO - Filling up the DagBag from /opt/airflow/dags/data/models/Netherlands.4/cases_TS_model.pkl
[2024-08-17T12:28:53.686+0000] {processor.py:842} WARNING - No viable dags retrieved from /opt/airflow/dags/data/models/Netherlands.4/cases_TS_model.pkl
[2024-08-17T12:28:53.696+0000] {processor.py:183} INFO - Processing /opt/airflow/dags/data/models/Netherlands.4/cases_TS_model.pkl took 0.032 seconds
[2024-08-17T12:29:27.725+0000] {processor.py:161} INFO - Started process (PID=37790) to work on /opt/airflow/dags/data/models/Netherlands.4/cases_TS_model.pkl
[2024-08-17T12:29:27.725+0000] {processor.py:830} INFO - Processing file /opt/airflow/dags/data/models/Netherlands.4/cases_TS_model.pkl for tasks to queue
[2024-08-17T12:29:27.726+0000] {logging_mixin.py:188} INFO - [2024-08-17T12:29:27.726+0000] {dagbag.py:545} INFO - Filling up the DagBag from /opt/airflow/dags/data/models/Netherlands.4/cases_TS_model.pkl
[2024-08-17T12:29:27.737+0000] {processor.py:842} WARNING - No viable dags retrieved from /opt/airflow/dags/data/models/Netherlands.4/cases_TS_model.pkl
[2024-08-17T12:29:27.747+0000] {processor.py:183} INFO - Processing /opt/airflow/dags/data/models/Netherlands.4/cases_TS_model.pkl took 0.026 seconds
[2024-08-17T12:30:00.115+0000] {processor.py:161} INFO - Started process (PID=38515) to work on /opt/airflow/dags/data/models/Netherlands.4/cases_TS_model.pkl
[2024-08-17T12:30:00.116+0000] {processor.py:830} INFO - Processing file /opt/airflow/dags/data/models/Netherlands.4/cases_TS_model.pkl for tasks to queue
[2024-08-17T12:30:00.117+0000] {logging_mixin.py:188} INFO - [2024-08-17T12:30:00.117+0000] {dagbag.py:545} INFO - Filling up the DagBag from /opt/airflow/dags/data/models/Netherlands.4/cases_TS_model.pkl
[2024-08-17T12:30:00.127+0000] {processor.py:842} WARNING - No viable dags retrieved from /opt/airflow/dags/data/models/Netherlands.4/cases_TS_model.pkl
[2024-08-17T12:30:00.137+0000] {processor.py:183} INFO - Processing /opt/airflow/dags/data/models/Netherlands.4/cases_TS_model.pkl took 0.026 seconds
[2024-08-17T12:30:33.173+0000] {processor.py:161} INFO - Started process (PID=39251) to work on /opt/airflow/dags/data/models/Netherlands.4/cases_TS_model.pkl
[2024-08-17T12:30:33.174+0000] {processor.py:830} INFO - Processing file /opt/airflow/dags/data/models/Netherlands.4/cases_TS_model.pkl for tasks to queue
[2024-08-17T12:30:33.174+0000] {logging_mixin.py:188} INFO - [2024-08-17T12:30:33.174+0000] {dagbag.py:545} INFO - Filling up the DagBag from /opt/airflow/dags/data/models/Netherlands.4/cases_TS_model.pkl
[2024-08-17T12:30:33.182+0000] {processor.py:842} WARNING - No viable dags retrieved from /opt/airflow/dags/data/models/Netherlands.4/cases_TS_model.pkl
[2024-08-17T12:30:33.192+0000] {processor.py:183} INFO - Processing /opt/airflow/dags/data/models/Netherlands.4/cases_TS_model.pkl took 0.022 seconds
[2024-08-17T12:31:06.518+0000] {processor.py:161} INFO - Started process (PID=39998) to work on /opt/airflow/dags/data/models/Netherlands.4/cases_TS_model.pkl
[2024-08-17T12:31:06.519+0000] {processor.py:830} INFO - Processing file /opt/airflow/dags/data/models/Netherlands.4/cases_TS_model.pkl for tasks to queue
[2024-08-17T12:31:06.520+0000] {logging_mixin.py:188} INFO - [2024-08-17T12:31:06.519+0000] {dagbag.py:545} INFO - Filling up the DagBag from /opt/airflow/dags/data/models/Netherlands.4/cases_TS_model.pkl
[2024-08-17T12:31:06.531+0000] {processor.py:842} WARNING - No viable dags retrieved from /opt/airflow/dags/data/models/Netherlands.4/cases_TS_model.pkl
[2024-08-17T12:31:06.541+0000] {processor.py:183} INFO - Processing /opt/airflow/dags/data/models/Netherlands.4/cases_TS_model.pkl took 0.026 seconds
[2024-08-17T12:31:40.296+0000] {processor.py:161} INFO - Started process (PID=40744) to work on /opt/airflow/dags/data/models/Netherlands.4/cases_TS_model.pkl
[2024-08-17T12:31:40.296+0000] {processor.py:830} INFO - Processing file /opt/airflow/dags/data/models/Netherlands.4/cases_TS_model.pkl for tasks to queue
[2024-08-17T12:31:40.297+0000] {logging_mixin.py:188} INFO - [2024-08-17T12:31:40.297+0000] {dagbag.py:545} INFO - Filling up the DagBag from /opt/airflow/dags/data/models/Netherlands.4/cases_TS_model.pkl
[2024-08-17T12:31:40.307+0000] {processor.py:842} WARNING - No viable dags retrieved from /opt/airflow/dags/data/models/Netherlands.4/cases_TS_model.pkl
[2024-08-17T12:31:40.317+0000] {processor.py:183} INFO - Processing /opt/airflow/dags/data/models/Netherlands.4/cases_TS_model.pkl took 0.025 seconds
[2024-08-17T12:32:16.416+0000] {processor.py:161} INFO - Started process (PID=41467) to work on /opt/airflow/dags/data/models/Netherlands.4/cases_TS_model.pkl
[2024-08-17T12:32:16.417+0000] {processor.py:830} INFO - Processing file /opt/airflow/dags/data/models/Netherlands.4/cases_TS_model.pkl for tasks to queue
[2024-08-17T12:32:16.417+0000] {logging_mixin.py:188} INFO - [2024-08-17T12:32:16.417+0000] {dagbag.py:545} INFO - Filling up the DagBag from /opt/airflow/dags/data/models/Netherlands.4/cases_TS_model.pkl
[2024-08-17T12:32:16.430+0000] {processor.py:842} WARNING - No viable dags retrieved from /opt/airflow/dags/data/models/Netherlands.4/cases_TS_model.pkl
[2024-08-17T12:32:16.441+0000] {processor.py:183} INFO - Processing /opt/airflow/dags/data/models/Netherlands.4/cases_TS_model.pkl took 0.029 seconds
[2024-08-17T12:33:00.070+0000] {processor.py:161} INFO - Started process (PID=42236) to work on /opt/airflow/dags/data/models/Netherlands.4/cases_TS_model.pkl
[2024-08-17T12:33:00.071+0000] {processor.py:830} INFO - Processing file /opt/airflow/dags/data/models/Netherlands.4/cases_TS_model.pkl for tasks to queue
[2024-08-17T12:33:00.072+0000] {logging_mixin.py:188} INFO - [2024-08-17T12:33:00.071+0000] {dagbag.py:545} INFO - Filling up the DagBag from /opt/airflow/dags/data/models/Netherlands.4/cases_TS_model.pkl
[2024-08-17T12:33:00.081+0000] {processor.py:842} WARNING - No viable dags retrieved from /opt/airflow/dags/data/models/Netherlands.4/cases_TS_model.pkl
[2024-08-17T12:33:00.092+0000] {processor.py:183} INFO - Processing /opt/airflow/dags/data/models/Netherlands.4/cases_TS_model.pkl took 0.025 seconds
[2024-08-17T12:33:31.202+0000] {processor.py:161} INFO - Started process (PID=42956) to work on /opt/airflow/dags/data/models/Netherlands.4/cases_TS_model.pkl
[2024-08-17T12:33:31.203+0000] {processor.py:830} INFO - Processing file /opt/airflow/dags/data/models/Netherlands.4/cases_TS_model.pkl for tasks to queue
[2024-08-17T12:33:31.203+0000] {logging_mixin.py:188} INFO - [2024-08-17T12:33:31.203+0000] {dagbag.py:545} INFO - Filling up the DagBag from /opt/airflow/dags/data/models/Netherlands.4/cases_TS_model.pkl
[2024-08-17T12:33:31.212+0000] {processor.py:842} WARNING - No viable dags retrieved from /opt/airflow/dags/data/models/Netherlands.4/cases_TS_model.pkl
[2024-08-17T12:33:31.222+0000] {processor.py:183} INFO - Processing /opt/airflow/dags/data/models/Netherlands.4/cases_TS_model.pkl took 0.023 seconds
[2024-08-17T12:34:02.641+0000] {processor.py:161} INFO - Started process (PID=43700) to work on /opt/airflow/dags/data/models/Netherlands.4/cases_TS_model.pkl
[2024-08-17T12:34:02.642+0000] {processor.py:830} INFO - Processing file /opt/airflow/dags/data/models/Netherlands.4/cases_TS_model.pkl for tasks to queue
[2024-08-17T12:34:02.642+0000] {logging_mixin.py:188} INFO - [2024-08-17T12:34:02.642+0000] {dagbag.py:545} INFO - Filling up the DagBag from /opt/airflow/dags/data/models/Netherlands.4/cases_TS_model.pkl
[2024-08-17T12:34:02.650+0000] {processor.py:842} WARNING - No viable dags retrieved from /opt/airflow/dags/data/models/Netherlands.4/cases_TS_model.pkl
[2024-08-17T12:34:02.659+0000] {processor.py:183} INFO - Processing /opt/airflow/dags/data/models/Netherlands.4/cases_TS_model.pkl took 0.022 seconds
[2024-08-17T12:34:35.054+0000] {processor.py:161} INFO - Started process (PID=44423) to work on /opt/airflow/dags/data/models/Netherlands.4/cases_TS_model.pkl
[2024-08-17T12:34:35.054+0000] {processor.py:830} INFO - Processing file /opt/airflow/dags/data/models/Netherlands.4/cases_TS_model.pkl for tasks to queue
[2024-08-17T12:34:35.055+0000] {logging_mixin.py:188} INFO - [2024-08-17T12:34:35.055+0000] {dagbag.py:545} INFO - Filling up the DagBag from /opt/airflow/dags/data/models/Netherlands.4/cases_TS_model.pkl
[2024-08-17T12:34:35.063+0000] {processor.py:842} WARNING - No viable dags retrieved from /opt/airflow/dags/data/models/Netherlands.4/cases_TS_model.pkl
[2024-08-17T12:34:35.072+0000] {processor.py:183} INFO - Processing /opt/airflow/dags/data/models/Netherlands.4/cases_TS_model.pkl took 0.022 seconds
[2024-08-17T12:35:07.994+0000] {processor.py:161} INFO - Started process (PID=45148) to work on /opt/airflow/dags/data/models/Netherlands.4/cases_TS_model.pkl
[2024-08-17T12:35:07.994+0000] {processor.py:830} INFO - Processing file /opt/airflow/dags/data/models/Netherlands.4/cases_TS_model.pkl for tasks to queue
[2024-08-17T12:35:07.995+0000] {logging_mixin.py:188} INFO - [2024-08-17T12:35:07.995+0000] {dagbag.py:545} INFO - Filling up the DagBag from /opt/airflow/dags/data/models/Netherlands.4/cases_TS_model.pkl
[2024-08-17T12:35:08.060+0000] {processor.py:842} WARNING - No viable dags retrieved from /opt/airflow/dags/data/models/Netherlands.4/cases_TS_model.pkl
[2024-08-17T12:35:08.070+0000] {processor.py:183} INFO - Processing /opt/airflow/dags/data/models/Netherlands.4/cases_TS_model.pkl took 0.080 seconds
[2024-08-17T12:35:41.325+0000] {processor.py:161} INFO - Started process (PID=45879) to work on /opt/airflow/dags/data/models/Netherlands.4/cases_TS_model.pkl
[2024-08-17T12:35:41.325+0000] {processor.py:830} INFO - Processing file /opt/airflow/dags/data/models/Netherlands.4/cases_TS_model.pkl for tasks to queue
[2024-08-17T12:35:41.326+0000] {logging_mixin.py:188} INFO - [2024-08-17T12:35:41.326+0000] {dagbag.py:545} INFO - Filling up the DagBag from /opt/airflow/dags/data/models/Netherlands.4/cases_TS_model.pkl
[2024-08-17T12:35:41.333+0000] {processor.py:842} WARNING - No viable dags retrieved from /opt/airflow/dags/data/models/Netherlands.4/cases_TS_model.pkl
[2024-08-17T12:35:41.344+0000] {processor.py:183} INFO - Processing /opt/airflow/dags/data/models/Netherlands.4/cases_TS_model.pkl took 0.023 seconds
[2024-08-17T12:36:13.620+0000] {processor.py:161} INFO - Started process (PID=46604) to work on /opt/airflow/dags/data/models/Netherlands.4/cases_TS_model.pkl
[2024-08-17T12:36:13.620+0000] {processor.py:830} INFO - Processing file /opt/airflow/dags/data/models/Netherlands.4/cases_TS_model.pkl for tasks to queue
[2024-08-17T12:36:13.621+0000] {logging_mixin.py:188} INFO - [2024-08-17T12:36:13.621+0000] {dagbag.py:545} INFO - Filling up the DagBag from /opt/airflow/dags/data/models/Netherlands.4/cases_TS_model.pkl
[2024-08-17T12:36:13.632+0000] {processor.py:842} WARNING - No viable dags retrieved from /opt/airflow/dags/data/models/Netherlands.4/cases_TS_model.pkl
[2024-08-17T12:36:13.641+0000] {processor.py:183} INFO - Processing /opt/airflow/dags/data/models/Netherlands.4/cases_TS_model.pkl took 0.025 seconds
[2024-08-17T12:36:46.129+0000] {processor.py:161} INFO - Started process (PID=47348) to work on /opt/airflow/dags/data/models/Netherlands.4/cases_TS_model.pkl
[2024-08-17T12:36:46.130+0000] {processor.py:830} INFO - Processing file /opt/airflow/dags/data/models/Netherlands.4/cases_TS_model.pkl for tasks to queue
[2024-08-17T12:36:46.131+0000] {logging_mixin.py:188} INFO - [2024-08-17T12:36:46.130+0000] {dagbag.py:545} INFO - Filling up the DagBag from /opt/airflow/dags/data/models/Netherlands.4/cases_TS_model.pkl
[2024-08-17T12:36:46.147+0000] {processor.py:842} WARNING - No viable dags retrieved from /opt/airflow/dags/data/models/Netherlands.4/cases_TS_model.pkl
[2024-08-17T12:36:46.156+0000] {processor.py:183} INFO - Processing /opt/airflow/dags/data/models/Netherlands.4/cases_TS_model.pkl took 0.030 seconds
[2024-08-17T12:37:17.984+0000] {processor.py:161} INFO - Started process (PID=48044) to work on /opt/airflow/dags/data/models/Netherlands.4/cases_TS_model.pkl
[2024-08-17T12:37:17.985+0000] {processor.py:830} INFO - Processing file /opt/airflow/dags/data/models/Netherlands.4/cases_TS_model.pkl for tasks to queue
[2024-08-17T12:37:17.986+0000] {logging_mixin.py:188} INFO - [2024-08-17T12:37:17.985+0000] {dagbag.py:545} INFO - Filling up the DagBag from /opt/airflow/dags/data/models/Netherlands.4/cases_TS_model.pkl
[2024-08-17T12:37:17.993+0000] {processor.py:842} WARNING - No viable dags retrieved from /opt/airflow/dags/data/models/Netherlands.4/cases_TS_model.pkl
[2024-08-17T12:37:18.004+0000] {processor.py:183} INFO - Processing /opt/airflow/dags/data/models/Netherlands.4/cases_TS_model.pkl took 0.023 seconds
[2024-08-17T12:38:02.360+0000] {processor.py:161} INFO - Started process (PID=48833) to work on /opt/airflow/dags/data/models/Netherlands.4/cases_TS_model.pkl
[2024-08-17T12:38:02.361+0000] {processor.py:830} INFO - Processing file /opt/airflow/dags/data/models/Netherlands.4/cases_TS_model.pkl for tasks to queue
[2024-08-17T12:38:02.361+0000] {logging_mixin.py:188} INFO - [2024-08-17T12:38:02.361+0000] {dagbag.py:545} INFO - Filling up the DagBag from /opt/airflow/dags/data/models/Netherlands.4/cases_TS_model.pkl
[2024-08-17T12:38:02.378+0000] {processor.py:842} WARNING - No viable dags retrieved from /opt/airflow/dags/data/models/Netherlands.4/cases_TS_model.pkl
[2024-08-17T12:38:02.387+0000] {processor.py:183} INFO - Processing /opt/airflow/dags/data/models/Netherlands.4/cases_TS_model.pkl took 0.030 seconds
[2024-08-17T12:38:34.736+0000] {processor.py:161} INFO - Started process (PID=49576) to work on /opt/airflow/dags/data/models/Netherlands.4/cases_TS_model.pkl
[2024-08-17T12:38:34.737+0000] {processor.py:830} INFO - Processing file /opt/airflow/dags/data/models/Netherlands.4/cases_TS_model.pkl for tasks to queue
[2024-08-17T12:38:34.737+0000] {logging_mixin.py:188} INFO - [2024-08-17T12:38:34.737+0000] {dagbag.py:545} INFO - Filling up the DagBag from /opt/airflow/dags/data/models/Netherlands.4/cases_TS_model.pkl
[2024-08-17T12:38:34.745+0000] {processor.py:842} WARNING - No viable dags retrieved from /opt/airflow/dags/data/models/Netherlands.4/cases_TS_model.pkl
[2024-08-17T12:38:34.754+0000] {processor.py:183} INFO - Processing /opt/airflow/dags/data/models/Netherlands.4/cases_TS_model.pkl took 0.022 seconds
[2024-08-17T12:39:06.967+0000] {processor.py:161} INFO - Started process (PID=50319) to work on /opt/airflow/dags/data/models/Netherlands.4/cases_TS_model.pkl
[2024-08-17T12:39:06.967+0000] {processor.py:830} INFO - Processing file /opt/airflow/dags/data/models/Netherlands.4/cases_TS_model.pkl for tasks to queue
[2024-08-17T12:39:06.968+0000] {logging_mixin.py:188} INFO - [2024-08-17T12:39:06.968+0000] {dagbag.py:545} INFO - Filling up the DagBag from /opt/airflow/dags/data/models/Netherlands.4/cases_TS_model.pkl
[2024-08-17T12:39:06.975+0000] {processor.py:842} WARNING - No viable dags retrieved from /opt/airflow/dags/data/models/Netherlands.4/cases_TS_model.pkl
[2024-08-17T12:39:06.984+0000] {processor.py:183} INFO - Processing /opt/airflow/dags/data/models/Netherlands.4/cases_TS_model.pkl took 0.021 seconds
[2024-08-17T12:39:38.677+0000] {processor.py:161} INFO - Started process (PID=51036) to work on /opt/airflow/dags/data/models/Netherlands.4/cases_TS_model.pkl
[2024-08-17T12:39:38.677+0000] {processor.py:830} INFO - Processing file /opt/airflow/dags/data/models/Netherlands.4/cases_TS_model.pkl for tasks to queue
[2024-08-17T12:39:38.678+0000] {logging_mixin.py:188} INFO - [2024-08-17T12:39:38.678+0000] {dagbag.py:545} INFO - Filling up the DagBag from /opt/airflow/dags/data/models/Netherlands.4/cases_TS_model.pkl
[2024-08-17T12:39:38.690+0000] {processor.py:842} WARNING - No viable dags retrieved from /opt/airflow/dags/data/models/Netherlands.4/cases_TS_model.pkl
[2024-08-17T12:39:38.698+0000] {processor.py:183} INFO - Processing /opt/airflow/dags/data/models/Netherlands.4/cases_TS_model.pkl took 0.025 seconds
[2024-08-17T12:40:10.643+0000] {processor.py:161} INFO - Started process (PID=51759) to work on /opt/airflow/dags/data/models/Netherlands.4/cases_TS_model.pkl
[2024-08-17T12:40:10.643+0000] {processor.py:830} INFO - Processing file /opt/airflow/dags/data/models/Netherlands.4/cases_TS_model.pkl for tasks to queue
[2024-08-17T12:40:10.644+0000] {logging_mixin.py:188} INFO - [2024-08-17T12:40:10.644+0000] {dagbag.py:545} INFO - Filling up the DagBag from /opt/airflow/dags/data/models/Netherlands.4/cases_TS_model.pkl
[2024-08-17T12:40:10.657+0000] {processor.py:842} WARNING - No viable dags retrieved from /opt/airflow/dags/data/models/Netherlands.4/cases_TS_model.pkl
[2024-08-17T12:40:10.666+0000] {processor.py:183} INFO - Processing /opt/airflow/dags/data/models/Netherlands.4/cases_TS_model.pkl took 0.027 seconds
[2024-08-17T12:40:43.129+0000] {processor.py:161} INFO - Started process (PID=52480) to work on /opt/airflow/dags/data/models/Netherlands.4/cases_TS_model.pkl
[2024-08-17T12:40:43.130+0000] {processor.py:830} INFO - Processing file /opt/airflow/dags/data/models/Netherlands.4/cases_TS_model.pkl for tasks to queue
[2024-08-17T12:40:43.130+0000] {logging_mixin.py:188} INFO - [2024-08-17T12:40:43.130+0000] {dagbag.py:545} INFO - Filling up the DagBag from /opt/airflow/dags/data/models/Netherlands.4/cases_TS_model.pkl
[2024-08-17T12:40:43.137+0000] {processor.py:842} WARNING - No viable dags retrieved from /opt/airflow/dags/data/models/Netherlands.4/cases_TS_model.pkl
[2024-08-17T12:40:43.146+0000] {processor.py:183} INFO - Processing /opt/airflow/dags/data/models/Netherlands.4/cases_TS_model.pkl took 0.020 seconds
[2024-08-17T12:41:16.053+0000] {processor.py:161} INFO - Started process (PID=53224) to work on /opt/airflow/dags/data/models/Netherlands.4/cases_TS_model.pkl
[2024-08-17T12:41:16.054+0000] {processor.py:830} INFO - Processing file /opt/airflow/dags/data/models/Netherlands.4/cases_TS_model.pkl for tasks to queue
[2024-08-17T12:41:16.057+0000] {logging_mixin.py:188} INFO - [2024-08-17T12:41:16.057+0000] {dagbag.py:545} INFO - Filling up the DagBag from /opt/airflow/dags/data/models/Netherlands.4/cases_TS_model.pkl
[2024-08-17T12:41:16.065+0000] {processor.py:842} WARNING - No viable dags retrieved from /opt/airflow/dags/data/models/Netherlands.4/cases_TS_model.pkl
[2024-08-17T12:41:16.075+0000] {processor.py:183} INFO - Processing /opt/airflow/dags/data/models/Netherlands.4/cases_TS_model.pkl took 0.026 seconds
