[2024-08-17T02:58:57.156+0000] {processor.py:161} INFO - Started process (PID=88652) to work on /opt/airflow/dags/data/models/Netherlands.4/TS_model.pkl
[2024-08-17T02:58:57.157+0000] {processor.py:830} INFO - Processing file /opt/airflow/dags/data/models/Netherlands.4/TS_model.pkl for tasks to queue
[2024-08-17T02:58:57.157+0000] {logging_mixin.py:188} INFO - [2024-08-17T02:58:57.157+0000] {dagbag.py:545} INFO - Filling up the DagBag from /opt/airflow/dags/data/models/Netherlands.4/TS_model.pkl
[2024-08-17T02:58:57.173+0000] {processor.py:842} WARNING - No viable dags retrieved from /opt/airflow/dags/data/models/Netherlands.4/TS_model.pkl
[2024-08-17T02:58:57.185+0000] {processor.py:183} INFO - Processing /opt/airflow/dags/data/models/Netherlands.4/TS_model.pkl took 0.033 seconds
[2024-08-17T02:59:28.442+0000] {processor.py:161} INFO - Started process (PID=89040) to work on /opt/airflow/dags/data/models/Netherlands.4/TS_model.pkl
[2024-08-17T02:59:28.442+0000] {processor.py:830} INFO - Processing file /opt/airflow/dags/data/models/Netherlands.4/TS_model.pkl for tasks to queue
[2024-08-17T02:59:28.443+0000] {logging_mixin.py:188} INFO - [2024-08-17T02:59:28.443+0000] {dagbag.py:545} INFO - Filling up the DagBag from /opt/airflow/dags/data/models/Netherlands.4/TS_model.pkl
[2024-08-17T02:59:28.452+0000] {processor.py:842} WARNING - No viable dags retrieved from /opt/airflow/dags/data/models/Netherlands.4/TS_model.pkl
[2024-08-17T02:59:28.462+0000] {processor.py:183} INFO - Processing /opt/airflow/dags/data/models/Netherlands.4/TS_model.pkl took 0.024 seconds
[2024-08-17T02:59:59.238+0000] {processor.py:161} INFO - Started process (PID=89400) to work on /opt/airflow/dags/data/models/Netherlands.4/TS_model.pkl
[2024-08-17T02:59:59.238+0000] {processor.py:830} INFO - Processing file /opt/airflow/dags/data/models/Netherlands.4/TS_model.pkl for tasks to queue
[2024-08-17T02:59:59.239+0000] {logging_mixin.py:188} INFO - [2024-08-17T02:59:59.239+0000] {dagbag.py:545} INFO - Filling up the DagBag from /opt/airflow/dags/data/models/Netherlands.4/TS_model.pkl
[2024-08-17T02:59:59.264+0000] {processor.py:842} WARNING - No viable dags retrieved from /opt/airflow/dags/data/models/Netherlands.4/TS_model.pkl
[2024-08-17T02:59:59.273+0000] {processor.py:183} INFO - Processing /opt/airflow/dags/data/models/Netherlands.4/TS_model.pkl took 0.041 seconds
[2024-08-17T03:00:29.859+0000] {processor.py:161} INFO - Started process (PID=89786) to work on /opt/airflow/dags/data/models/Netherlands.4/TS_model.pkl
[2024-08-17T03:00:29.860+0000] {processor.py:830} INFO - Processing file /opt/airflow/dags/data/models/Netherlands.4/TS_model.pkl for tasks to queue
[2024-08-17T03:00:29.861+0000] {logging_mixin.py:188} INFO - [2024-08-17T03:00:29.861+0000] {dagbag.py:545} INFO - Filling up the DagBag from /opt/airflow/dags/data/models/Netherlands.4/TS_model.pkl
[2024-08-17T03:00:29.873+0000] {processor.py:842} WARNING - No viable dags retrieved from /opt/airflow/dags/data/models/Netherlands.4/TS_model.pkl
[2024-08-17T03:00:29.883+0000] {processor.py:183} INFO - Processing /opt/airflow/dags/data/models/Netherlands.4/TS_model.pkl took 0.029 seconds
[2024-08-17T03:01:00.683+0000] {processor.py:161} INFO - Started process (PID=90146) to work on /opt/airflow/dags/data/models/Netherlands.4/TS_model.pkl
[2024-08-17T03:01:00.683+0000] {processor.py:830} INFO - Processing file /opt/airflow/dags/data/models/Netherlands.4/TS_model.pkl for tasks to queue
[2024-08-17T03:01:00.684+0000] {logging_mixin.py:188} INFO - [2024-08-17T03:01:00.684+0000] {dagbag.py:545} INFO - Filling up the DagBag from /opt/airflow/dags/data/models/Netherlands.4/TS_model.pkl
[2024-08-17T03:01:00.696+0000] {processor.py:842} WARNING - No viable dags retrieved from /opt/airflow/dags/data/models/Netherlands.4/TS_model.pkl
[2024-08-17T03:01:00.706+0000] {processor.py:183} INFO - Processing /opt/airflow/dags/data/models/Netherlands.4/TS_model.pkl took 0.028 seconds
[2024-08-17T03:01:31.290+0000] {processor.py:161} INFO - Started process (PID=90532) to work on /opt/airflow/dags/data/models/Netherlands.4/TS_model.pkl
[2024-08-17T03:01:31.291+0000] {processor.py:830} INFO - Processing file /opt/airflow/dags/data/models/Netherlands.4/TS_model.pkl for tasks to queue
[2024-08-17T03:01:31.292+0000] {logging_mixin.py:188} INFO - [2024-08-17T03:01:31.292+0000] {dagbag.py:545} INFO - Filling up the DagBag from /opt/airflow/dags/data/models/Netherlands.4/TS_model.pkl
[2024-08-17T03:01:31.303+0000] {processor.py:842} WARNING - No viable dags retrieved from /opt/airflow/dags/data/models/Netherlands.4/TS_model.pkl
[2024-08-17T03:01:31.314+0000] {processor.py:183} INFO - Processing /opt/airflow/dags/data/models/Netherlands.4/TS_model.pkl took 0.029 seconds
[2024-08-17T03:02:02.116+0000] {processor.py:161} INFO - Started process (PID=90899) to work on /opt/airflow/dags/data/models/Netherlands.4/TS_model.pkl
[2024-08-17T03:02:02.117+0000] {processor.py:830} INFO - Processing file /opt/airflow/dags/data/models/Netherlands.4/TS_model.pkl for tasks to queue
[2024-08-17T03:02:02.117+0000] {logging_mixin.py:188} INFO - [2024-08-17T03:02:02.117+0000] {dagbag.py:545} INFO - Filling up the DagBag from /opt/airflow/dags/data/models/Netherlands.4/TS_model.pkl
[2024-08-17T03:02:02.130+0000] {processor.py:842} WARNING - No viable dags retrieved from /opt/airflow/dags/data/models/Netherlands.4/TS_model.pkl
[2024-08-17T03:02:02.144+0000] {processor.py:183} INFO - Processing /opt/airflow/dags/data/models/Netherlands.4/TS_model.pkl took 0.032 seconds
[2024-08-17T03:02:33.016+0000] {processor.py:161} INFO - Started process (PID=91257) to work on /opt/airflow/dags/data/models/Netherlands.4/TS_model.pkl
[2024-08-17T03:02:33.017+0000] {processor.py:830} INFO - Processing file /opt/airflow/dags/data/models/Netherlands.4/TS_model.pkl for tasks to queue
[2024-08-17T03:02:33.017+0000] {logging_mixin.py:188} INFO - [2024-08-17T03:02:33.017+0000] {dagbag.py:545} INFO - Filling up the DagBag from /opt/airflow/dags/data/models/Netherlands.4/TS_model.pkl
[2024-08-17T03:02:33.029+0000] {processor.py:842} WARNING - No viable dags retrieved from /opt/airflow/dags/data/models/Netherlands.4/TS_model.pkl
[2024-08-17T03:02:33.040+0000] {processor.py:183} INFO - Processing /opt/airflow/dags/data/models/Netherlands.4/TS_model.pkl took 0.028 seconds
[2024-08-17T03:03:03.816+0000] {processor.py:161} INFO - Started process (PID=91644) to work on /opt/airflow/dags/data/models/Netherlands.4/TS_model.pkl
[2024-08-17T03:03:03.817+0000] {processor.py:830} INFO - Processing file /opt/airflow/dags/data/models/Netherlands.4/TS_model.pkl for tasks to queue
[2024-08-17T03:03:03.818+0000] {logging_mixin.py:188} INFO - [2024-08-17T03:03:03.818+0000] {dagbag.py:545} INFO - Filling up the DagBag from /opt/airflow/dags/data/models/Netherlands.4/TS_model.pkl
[2024-08-17T03:03:03.830+0000] {processor.py:842} WARNING - No viable dags retrieved from /opt/airflow/dags/data/models/Netherlands.4/TS_model.pkl
[2024-08-17T03:03:03.841+0000] {processor.py:183} INFO - Processing /opt/airflow/dags/data/models/Netherlands.4/TS_model.pkl took 0.029 seconds
[2024-08-17T03:03:34.711+0000] {processor.py:161} INFO - Started process (PID=92004) to work on /opt/airflow/dags/data/models/Netherlands.4/TS_model.pkl
[2024-08-17T03:03:34.712+0000] {processor.py:830} INFO - Processing file /opt/airflow/dags/data/models/Netherlands.4/TS_model.pkl for tasks to queue
[2024-08-17T03:03:34.712+0000] {logging_mixin.py:188} INFO - [2024-08-17T03:03:34.712+0000] {dagbag.py:545} INFO - Filling up the DagBag from /opt/airflow/dags/data/models/Netherlands.4/TS_model.pkl
[2024-08-17T03:03:34.726+0000] {processor.py:842} WARNING - No viable dags retrieved from /opt/airflow/dags/data/models/Netherlands.4/TS_model.pkl
[2024-08-17T03:03:34.738+0000] {processor.py:183} INFO - Processing /opt/airflow/dags/data/models/Netherlands.4/TS_model.pkl took 0.032 seconds
[2024-08-17T03:04:05.539+0000] {processor.py:161} INFO - Started process (PID=92419) to work on /opt/airflow/dags/data/models/Netherlands.4/TS_model.pkl
[2024-08-17T03:04:05.540+0000] {processor.py:830} INFO - Processing file /opt/airflow/dags/data/models/Netherlands.4/TS_model.pkl for tasks to queue
[2024-08-17T03:04:05.540+0000] {logging_mixin.py:188} INFO - [2024-08-17T03:04:05.540+0000] {dagbag.py:545} INFO - Filling up the DagBag from /opt/airflow/dags/data/models/Netherlands.4/TS_model.pkl
[2024-08-17T03:04:05.552+0000] {processor.py:842} WARNING - No viable dags retrieved from /opt/airflow/dags/data/models/Netherlands.4/TS_model.pkl
[2024-08-17T03:04:05.563+0000] {processor.py:183} INFO - Processing /opt/airflow/dags/data/models/Netherlands.4/TS_model.pkl took 0.027 seconds
[2024-08-17T03:04:37.505+0000] {processor.py:161} INFO - Started process (PID=92796) to work on /opt/airflow/dags/data/models/Netherlands.4/TS_model.pkl
[2024-08-17T03:04:37.505+0000] {processor.py:830} INFO - Processing file /opt/airflow/dags/data/models/Netherlands.4/TS_model.pkl for tasks to queue
[2024-08-17T03:04:37.506+0000] {logging_mixin.py:188} INFO - [2024-08-17T03:04:37.506+0000] {dagbag.py:545} INFO - Filling up the DagBag from /opt/airflow/dags/data/models/Netherlands.4/TS_model.pkl
[2024-08-17T03:04:37.520+0000] {processor.py:842} WARNING - No viable dags retrieved from /opt/airflow/dags/data/models/Netherlands.4/TS_model.pkl
[2024-08-17T03:04:37.532+0000] {processor.py:183} INFO - Processing /opt/airflow/dags/data/models/Netherlands.4/TS_model.pkl took 0.032 seconds
[2024-08-17T03:05:08.315+0000] {processor.py:161} INFO - Started process (PID=93201) to work on /opt/airflow/dags/data/models/Netherlands.4/TS_model.pkl
[2024-08-17T03:05:08.316+0000] {processor.py:830} INFO - Processing file /opt/airflow/dags/data/models/Netherlands.4/TS_model.pkl for tasks to queue
[2024-08-17T03:05:08.317+0000] {logging_mixin.py:188} INFO - [2024-08-17T03:05:08.317+0000] {dagbag.py:545} INFO - Filling up the DagBag from /opt/airflow/dags/data/models/Netherlands.4/TS_model.pkl
[2024-08-17T03:05:08.329+0000] {processor.py:842} WARNING - No viable dags retrieved from /opt/airflow/dags/data/models/Netherlands.4/TS_model.pkl
[2024-08-17T03:05:08.339+0000] {processor.py:183} INFO - Processing /opt/airflow/dags/data/models/Netherlands.4/TS_model.pkl took 0.028 seconds
[2024-08-17T03:05:39.025+0000] {processor.py:161} INFO - Started process (PID=93616) to work on /opt/airflow/dags/data/models/Netherlands.4/TS_model.pkl
[2024-08-17T03:05:39.026+0000] {processor.py:830} INFO - Processing file /opt/airflow/dags/data/models/Netherlands.4/TS_model.pkl for tasks to queue
[2024-08-17T03:05:39.026+0000] {logging_mixin.py:188} INFO - [2024-08-17T03:05:39.026+0000] {dagbag.py:545} INFO - Filling up the DagBag from /opt/airflow/dags/data/models/Netherlands.4/TS_model.pkl
[2024-08-17T03:05:39.038+0000] {processor.py:842} WARNING - No viable dags retrieved from /opt/airflow/dags/data/models/Netherlands.4/TS_model.pkl
[2024-08-17T03:05:39.048+0000] {processor.py:183} INFO - Processing /opt/airflow/dags/data/models/Netherlands.4/TS_model.pkl took 0.027 seconds
[2024-08-17T03:06:09.897+0000] {processor.py:161} INFO - Started process (PID=94005) to work on /opt/airflow/dags/data/models/Netherlands.4/TS_model.pkl
[2024-08-17T03:06:09.898+0000] {processor.py:830} INFO - Processing file /opt/airflow/dags/data/models/Netherlands.4/TS_model.pkl for tasks to queue
[2024-08-17T03:06:09.899+0000] {logging_mixin.py:188} INFO - [2024-08-17T03:06:09.899+0000] {dagbag.py:545} INFO - Filling up the DagBag from /opt/airflow/dags/data/models/Netherlands.4/TS_model.pkl
[2024-08-17T03:06:09.920+0000] {processor.py:842} WARNING - No viable dags retrieved from /opt/airflow/dags/data/models/Netherlands.4/TS_model.pkl
[2024-08-17T03:06:09.934+0000] {processor.py:183} INFO - Processing /opt/airflow/dags/data/models/Netherlands.4/TS_model.pkl took 0.041 seconds
[2024-08-17T03:06:40.838+0000] {processor.py:161} INFO - Started process (PID=94420) to work on /opt/airflow/dags/data/models/Netherlands.4/TS_model.pkl
[2024-08-17T03:06:40.838+0000] {processor.py:830} INFO - Processing file /opt/airflow/dags/data/models/Netherlands.4/TS_model.pkl for tasks to queue
[2024-08-17T03:06:40.839+0000] {logging_mixin.py:188} INFO - [2024-08-17T03:06:40.839+0000] {dagbag.py:545} INFO - Filling up the DagBag from /opt/airflow/dags/data/models/Netherlands.4/TS_model.pkl
[2024-08-17T03:06:40.848+0000] {processor.py:842} WARNING - No viable dags retrieved from /opt/airflow/dags/data/models/Netherlands.4/TS_model.pkl
[2024-08-17T03:06:40.858+0000] {processor.py:183} INFO - Processing /opt/airflow/dags/data/models/Netherlands.4/TS_model.pkl took 0.025 seconds
[2024-08-17T03:07:12.007+0000] {processor.py:161} INFO - Started process (PID=94809) to work on /opt/airflow/dags/data/models/Netherlands.4/TS_model.pkl
[2024-08-17T03:07:12.008+0000] {processor.py:830} INFO - Processing file /opt/airflow/dags/data/models/Netherlands.4/TS_model.pkl for tasks to queue
[2024-08-17T03:07:12.008+0000] {logging_mixin.py:188} INFO - [2024-08-17T03:07:12.008+0000] {dagbag.py:545} INFO - Filling up the DagBag from /opt/airflow/dags/data/models/Netherlands.4/TS_model.pkl
[2024-08-17T03:07:12.020+0000] {processor.py:842} WARNING - No viable dags retrieved from /opt/airflow/dags/data/models/Netherlands.4/TS_model.pkl
[2024-08-17T03:07:12.030+0000] {processor.py:183} INFO - Processing /opt/airflow/dags/data/models/Netherlands.4/TS_model.pkl took 0.027 seconds
[2024-08-17T03:07:42.586+0000] {processor.py:161} INFO - Started process (PID=95211) to work on /opt/airflow/dags/data/models/Netherlands.4/TS_model.pkl
[2024-08-17T03:07:42.587+0000] {processor.py:830} INFO - Processing file /opt/airflow/dags/data/models/Netherlands.4/TS_model.pkl for tasks to queue
[2024-08-17T03:07:42.588+0000] {logging_mixin.py:188} INFO - [2024-08-17T03:07:42.587+0000] {dagbag.py:545} INFO - Filling up the DagBag from /opt/airflow/dags/data/models/Netherlands.4/TS_model.pkl
[2024-08-17T03:07:42.596+0000] {processor.py:842} WARNING - No viable dags retrieved from /opt/airflow/dags/data/models/Netherlands.4/TS_model.pkl
[2024-08-17T03:07:42.606+0000] {processor.py:183} INFO - Processing /opt/airflow/dags/data/models/Netherlands.4/TS_model.pkl took 0.024 seconds
[2024-08-17T03:08:14.430+0000] {processor.py:161} INFO - Started process (PID=95613) to work on /opt/airflow/dags/data/models/Netherlands.4/TS_model.pkl
[2024-08-17T03:08:14.431+0000] {processor.py:830} INFO - Processing file /opt/airflow/dags/data/models/Netherlands.4/TS_model.pkl for tasks to queue
[2024-08-17T03:08:14.432+0000] {logging_mixin.py:188} INFO - [2024-08-17T03:08:14.432+0000] {dagbag.py:545} INFO - Filling up the DagBag from /opt/airflow/dags/data/models/Netherlands.4/TS_model.pkl
[2024-08-17T03:08:14.445+0000] {processor.py:842} WARNING - No viable dags retrieved from /opt/airflow/dags/data/models/Netherlands.4/TS_model.pkl
[2024-08-17T03:08:14.457+0000] {processor.py:183} INFO - Processing /opt/airflow/dags/data/models/Netherlands.4/TS_model.pkl took 0.031 seconds
[2024-08-17T03:08:46.877+0000] {processor.py:161} INFO - Started process (PID=96001) to work on /opt/airflow/dags/data/models/Netherlands.4/TS_model.pkl
[2024-08-17T03:08:46.878+0000] {processor.py:830} INFO - Processing file /opt/airflow/dags/data/models/Netherlands.4/TS_model.pkl for tasks to queue
[2024-08-17T03:08:46.878+0000] {logging_mixin.py:188} INFO - [2024-08-17T03:08:46.878+0000] {dagbag.py:545} INFO - Filling up the DagBag from /opt/airflow/dags/data/models/Netherlands.4/TS_model.pkl
[2024-08-17T03:08:46.890+0000] {processor.py:842} WARNING - No viable dags retrieved from /opt/airflow/dags/data/models/Netherlands.4/TS_model.pkl
[2024-08-17T03:08:46.901+0000] {processor.py:183} INFO - Processing /opt/airflow/dags/data/models/Netherlands.4/TS_model.pkl took 0.029 seconds
[2024-08-17T03:09:17.841+0000] {processor.py:161} INFO - Started process (PID=96425) to work on /opt/airflow/dags/data/models/Netherlands.4/TS_model.pkl
[2024-08-17T03:09:17.842+0000] {processor.py:830} INFO - Processing file /opt/airflow/dags/data/models/Netherlands.4/TS_model.pkl for tasks to queue
[2024-08-17T03:09:17.843+0000] {logging_mixin.py:188} INFO - [2024-08-17T03:09:17.843+0000] {dagbag.py:545} INFO - Filling up the DagBag from /opt/airflow/dags/data/models/Netherlands.4/TS_model.pkl
[2024-08-17T03:09:17.855+0000] {processor.py:842} WARNING - No viable dags retrieved from /opt/airflow/dags/data/models/Netherlands.4/TS_model.pkl
[2024-08-17T03:09:17.866+0000] {processor.py:183} INFO - Processing /opt/airflow/dags/data/models/Netherlands.4/TS_model.pkl took 0.028 seconds
[2024-08-17T03:09:48.890+0000] {processor.py:161} INFO - Started process (PID=96850) to work on /opt/airflow/dags/data/models/Netherlands.4/TS_model.pkl
[2024-08-17T03:09:48.890+0000] {processor.py:830} INFO - Processing file /opt/airflow/dags/data/models/Netherlands.4/TS_model.pkl for tasks to queue
[2024-08-17T03:09:48.891+0000] {logging_mixin.py:188} INFO - [2024-08-17T03:09:48.891+0000] {dagbag.py:545} INFO - Filling up the DagBag from /opt/airflow/dags/data/models/Netherlands.4/TS_model.pkl
[2024-08-17T03:09:48.901+0000] {processor.py:842} WARNING - No viable dags retrieved from /opt/airflow/dags/data/models/Netherlands.4/TS_model.pkl
[2024-08-17T03:09:48.911+0000] {processor.py:183} INFO - Processing /opt/airflow/dags/data/models/Netherlands.4/TS_model.pkl took 0.026 seconds
[2024-08-17T03:10:20.105+0000] {processor.py:161} INFO - Started process (PID=97287) to work on /opt/airflow/dags/data/models/Netherlands.4/TS_model.pkl
[2024-08-17T03:10:20.107+0000] {processor.py:830} INFO - Processing file /opt/airflow/dags/data/models/Netherlands.4/TS_model.pkl for tasks to queue
[2024-08-17T03:10:20.108+0000] {logging_mixin.py:188} INFO - [2024-08-17T03:10:20.108+0000] {dagbag.py:545} INFO - Filling up the DagBag from /opt/airflow/dags/data/models/Netherlands.4/TS_model.pkl
[2024-08-17T03:10:20.115+0000] {processor.py:842} WARNING - No viable dags retrieved from /opt/airflow/dags/data/models/Netherlands.4/TS_model.pkl
[2024-08-17T03:10:20.126+0000] {processor.py:183} INFO - Processing /opt/airflow/dags/data/models/Netherlands.4/TS_model.pkl took 0.025 seconds
[2024-08-17T03:10:50.784+0000] {processor.py:161} INFO - Started process (PID=97732) to work on /opt/airflow/dags/data/models/Netherlands.4/TS_model.pkl
[2024-08-17T03:10:50.785+0000] {processor.py:830} INFO - Processing file /opt/airflow/dags/data/models/Netherlands.4/TS_model.pkl for tasks to queue
[2024-08-17T03:10:50.785+0000] {logging_mixin.py:188} INFO - [2024-08-17T03:10:50.785+0000] {dagbag.py:545} INFO - Filling up the DagBag from /opt/airflow/dags/data/models/Netherlands.4/TS_model.pkl
[2024-08-17T03:10:50.794+0000] {processor.py:842} WARNING - No viable dags retrieved from /opt/airflow/dags/data/models/Netherlands.4/TS_model.pkl
[2024-08-17T03:10:50.803+0000] {processor.py:183} INFO - Processing /opt/airflow/dags/data/models/Netherlands.4/TS_model.pkl took 0.023 seconds
[2024-08-17T03:11:22.777+0000] {processor.py:161} INFO - Started process (PID=98150) to work on /opt/airflow/dags/data/models/Netherlands.4/TS_model.pkl
[2024-08-17T03:11:22.778+0000] {processor.py:830} INFO - Processing file /opt/airflow/dags/data/models/Netherlands.4/TS_model.pkl for tasks to queue
[2024-08-17T03:11:22.778+0000] {logging_mixin.py:188} INFO - [2024-08-17T03:11:22.778+0000] {dagbag.py:545} INFO - Filling up the DagBag from /opt/airflow/dags/data/models/Netherlands.4/TS_model.pkl
[2024-08-17T03:11:22.790+0000] {processor.py:842} WARNING - No viable dags retrieved from /opt/airflow/dags/data/models/Netherlands.4/TS_model.pkl
[2024-08-17T03:11:22.800+0000] {processor.py:183} INFO - Processing /opt/airflow/dags/data/models/Netherlands.4/TS_model.pkl took 0.026 seconds
[2024-08-17T03:11:53.949+0000] {processor.py:161} INFO - Started process (PID=98575) to work on /opt/airflow/dags/data/models/Netherlands.4/TS_model.pkl
[2024-08-17T03:11:53.949+0000] {processor.py:830} INFO - Processing file /opt/airflow/dags/data/models/Netherlands.4/TS_model.pkl for tasks to queue
[2024-08-17T03:11:53.950+0000] {logging_mixin.py:188} INFO - [2024-08-17T03:11:53.950+0000] {dagbag.py:545} INFO - Filling up the DagBag from /opt/airflow/dags/data/models/Netherlands.4/TS_model.pkl
[2024-08-17T03:11:53.959+0000] {processor.py:842} WARNING - No viable dags retrieved from /opt/airflow/dags/data/models/Netherlands.4/TS_model.pkl
[2024-08-17T03:11:53.969+0000] {processor.py:183} INFO - Processing /opt/airflow/dags/data/models/Netherlands.4/TS_model.pkl took 0.024 seconds
[2024-08-17T03:12:24.987+0000] {processor.py:161} INFO - Started process (PID=99013) to work on /opt/airflow/dags/data/models/Netherlands.4/TS_model.pkl
[2024-08-17T03:12:24.988+0000] {processor.py:830} INFO - Processing file /opt/airflow/dags/data/models/Netherlands.4/TS_model.pkl for tasks to queue
[2024-08-17T03:12:24.988+0000] {logging_mixin.py:188} INFO - [2024-08-17T03:12:24.988+0000] {dagbag.py:545} INFO - Filling up the DagBag from /opt/airflow/dags/data/models/Netherlands.4/TS_model.pkl
[2024-08-17T03:12:25.016+0000] {processor.py:842} WARNING - No viable dags retrieved from /opt/airflow/dags/data/models/Netherlands.4/TS_model.pkl
[2024-08-17T03:12:25.030+0000] {processor.py:183} INFO - Processing /opt/airflow/dags/data/models/Netherlands.4/TS_model.pkl took 0.053 seconds
[2024-08-17T03:12:55.715+0000] {processor.py:161} INFO - Started process (PID=99430) to work on /opt/airflow/dags/data/models/Netherlands.4/TS_model.pkl
[2024-08-17T03:12:55.716+0000] {processor.py:830} INFO - Processing file /opt/airflow/dags/data/models/Netherlands.4/TS_model.pkl for tasks to queue
[2024-08-17T03:12:55.717+0000] {logging_mixin.py:188} INFO - [2024-08-17T03:12:55.716+0000] {dagbag.py:545} INFO - Filling up the DagBag from /opt/airflow/dags/data/models/Netherlands.4/TS_model.pkl
[2024-08-17T03:12:55.725+0000] {processor.py:842} WARNING - No viable dags retrieved from /opt/airflow/dags/data/models/Netherlands.4/TS_model.pkl
[2024-08-17T03:12:55.736+0000] {processor.py:183} INFO - Processing /opt/airflow/dags/data/models/Netherlands.4/TS_model.pkl took 0.025 seconds
[2024-08-17T03:13:26.457+0000] {processor.py:161} INFO - Started process (PID=99869) to work on /opt/airflow/dags/data/models/Netherlands.4/TS_model.pkl
[2024-08-17T03:13:26.457+0000] {processor.py:830} INFO - Processing file /opt/airflow/dags/data/models/Netherlands.4/TS_model.pkl for tasks to queue
[2024-08-17T03:13:26.458+0000] {logging_mixin.py:188} INFO - [2024-08-17T03:13:26.458+0000] {dagbag.py:545} INFO - Filling up the DagBag from /opt/airflow/dags/data/models/Netherlands.4/TS_model.pkl
[2024-08-17T03:13:26.467+0000] {processor.py:842} WARNING - No viable dags retrieved from /opt/airflow/dags/data/models/Netherlands.4/TS_model.pkl
[2024-08-17T03:13:26.477+0000] {processor.py:183} INFO - Processing /opt/airflow/dags/data/models/Netherlands.4/TS_model.pkl took 0.024 seconds
[2024-08-17T03:13:59.070+0000] {processor.py:161} INFO - Started process (PID=483) to work on /opt/airflow/dags/data/models/Netherlands.4/TS_model.pkl
[2024-08-17T03:13:59.071+0000] {processor.py:830} INFO - Processing file /opt/airflow/dags/data/models/Netherlands.4/TS_model.pkl for tasks to queue
[2024-08-17T03:13:59.071+0000] {logging_mixin.py:188} INFO - [2024-08-17T03:13:59.071+0000] {dagbag.py:545} INFO - Filling up the DagBag from /opt/airflow/dags/data/models/Netherlands.4/TS_model.pkl
[2024-08-17T03:13:59.083+0000] {processor.py:842} WARNING - No viable dags retrieved from /opt/airflow/dags/data/models/Netherlands.4/TS_model.pkl
[2024-08-17T03:13:59.099+0000] {processor.py:183} INFO - Processing /opt/airflow/dags/data/models/Netherlands.4/TS_model.pkl took 0.033 seconds
[2024-08-17T03:14:30.153+0000] {processor.py:161} INFO - Started process (PID=935) to work on /opt/airflow/dags/data/models/Netherlands.4/TS_model.pkl
[2024-08-17T03:14:30.154+0000] {processor.py:830} INFO - Processing file /opt/airflow/dags/data/models/Netherlands.4/TS_model.pkl for tasks to queue
[2024-08-17T03:14:30.154+0000] {logging_mixin.py:188} INFO - [2024-08-17T03:14:30.154+0000] {dagbag.py:545} INFO - Filling up the DagBag from /opt/airflow/dags/data/models/Netherlands.4/TS_model.pkl
[2024-08-17T03:14:30.164+0000] {processor.py:842} WARNING - No viable dags retrieved from /opt/airflow/dags/data/models/Netherlands.4/TS_model.pkl
[2024-08-17T03:14:30.173+0000] {processor.py:183} INFO - Processing /opt/airflow/dags/data/models/Netherlands.4/TS_model.pkl took 0.024 seconds
[2024-08-17T03:15:01.047+0000] {processor.py:161} INFO - Started process (PID=1389) to work on /opt/airflow/dags/data/models/Netherlands.4/TS_model.pkl
[2024-08-17T03:15:01.047+0000] {processor.py:830} INFO - Processing file /opt/airflow/dags/data/models/Netherlands.4/TS_model.pkl for tasks to queue
[2024-08-17T03:15:01.048+0000] {logging_mixin.py:188} INFO - [2024-08-17T03:15:01.048+0000] {dagbag.py:545} INFO - Filling up the DagBag from /opt/airflow/dags/data/models/Netherlands.4/TS_model.pkl
[2024-08-17T03:15:01.056+0000] {processor.py:842} WARNING - No viable dags retrieved from /opt/airflow/dags/data/models/Netherlands.4/TS_model.pkl
[2024-08-17T03:15:01.065+0000] {processor.py:183} INFO - Processing /opt/airflow/dags/data/models/Netherlands.4/TS_model.pkl took 0.022 seconds
[2024-08-17T03:15:31.893+0000] {processor.py:161} INFO - Started process (PID=1817) to work on /opt/airflow/dags/data/models/Netherlands.4/TS_model.pkl
[2024-08-17T03:15:31.894+0000] {processor.py:830} INFO - Processing file /opt/airflow/dags/data/models/Netherlands.4/TS_model.pkl for tasks to queue
[2024-08-17T03:15:31.894+0000] {logging_mixin.py:188} INFO - [2024-08-17T03:15:31.894+0000] {dagbag.py:545} INFO - Filling up the DagBag from /opt/airflow/dags/data/models/Netherlands.4/TS_model.pkl
[2024-08-17T03:15:31.902+0000] {processor.py:842} WARNING - No viable dags retrieved from /opt/airflow/dags/data/models/Netherlands.4/TS_model.pkl
[2024-08-17T03:15:31.911+0000] {processor.py:183} INFO - Processing /opt/airflow/dags/data/models/Netherlands.4/TS_model.pkl took 0.022 seconds
[2024-08-17T03:16:02.525+0000] {processor.py:161} INFO - Started process (PID=2271) to work on /opt/airflow/dags/data/models/Netherlands.4/TS_model.pkl
[2024-08-17T03:16:02.525+0000] {processor.py:830} INFO - Processing file /opt/airflow/dags/data/models/Netherlands.4/TS_model.pkl for tasks to queue
[2024-08-17T03:16:02.526+0000] {logging_mixin.py:188} INFO - [2024-08-17T03:16:02.526+0000] {dagbag.py:545} INFO - Filling up the DagBag from /opt/airflow/dags/data/models/Netherlands.4/TS_model.pkl
[2024-08-17T03:16:02.534+0000] {processor.py:842} WARNING - No viable dags retrieved from /opt/airflow/dags/data/models/Netherlands.4/TS_model.pkl
[2024-08-17T03:16:02.543+0000] {processor.py:183} INFO - Processing /opt/airflow/dags/data/models/Netherlands.4/TS_model.pkl took 0.022 seconds
[2024-08-17T03:16:33.708+0000] {processor.py:161} INFO - Started process (PID=2706) to work on /opt/airflow/dags/data/models/Netherlands.4/TS_model.pkl
[2024-08-17T03:16:33.709+0000] {processor.py:830} INFO - Processing file /opt/airflow/dags/data/models/Netherlands.4/TS_model.pkl for tasks to queue
[2024-08-17T03:16:33.709+0000] {logging_mixin.py:188} INFO - [2024-08-17T03:16:33.709+0000] {dagbag.py:545} INFO - Filling up the DagBag from /opt/airflow/dags/data/models/Netherlands.4/TS_model.pkl
[2024-08-17T03:16:33.717+0000] {processor.py:842} WARNING - No viable dags retrieved from /opt/airflow/dags/data/models/Netherlands.4/TS_model.pkl
[2024-08-17T03:16:33.727+0000] {processor.py:183} INFO - Processing /opt/airflow/dags/data/models/Netherlands.4/TS_model.pkl took 0.022 seconds
[2024-08-17T03:17:04.423+0000] {processor.py:161} INFO - Started process (PID=3153) to work on /opt/airflow/dags/data/models/Netherlands.4/TS_model.pkl
[2024-08-17T03:17:04.436+0000] {processor.py:830} INFO - Processing file /opt/airflow/dags/data/models/Netherlands.4/TS_model.pkl for tasks to queue
[2024-08-17T03:17:04.437+0000] {logging_mixin.py:188} INFO - [2024-08-17T03:17:04.437+0000] {dagbag.py:545} INFO - Filling up the DagBag from /opt/airflow/dags/data/models/Netherlands.4/TS_model.pkl
[2024-08-17T03:17:04.445+0000] {processor.py:842} WARNING - No viable dags retrieved from /opt/airflow/dags/data/models/Netherlands.4/TS_model.pkl
[2024-08-17T03:17:04.454+0000] {processor.py:183} INFO - Processing /opt/airflow/dags/data/models/Netherlands.4/TS_model.pkl took 0.034 seconds
[2024-08-17T03:17:35.094+0000] {processor.py:161} INFO - Started process (PID=3607) to work on /opt/airflow/dags/data/models/Netherlands.4/TS_model.pkl
[2024-08-17T03:17:35.095+0000] {processor.py:830} INFO - Processing file /opt/airflow/dags/data/models/Netherlands.4/TS_model.pkl for tasks to queue
[2024-08-17T03:17:35.095+0000] {logging_mixin.py:188} INFO - [2024-08-17T03:17:35.095+0000] {dagbag.py:545} INFO - Filling up the DagBag from /opt/airflow/dags/data/models/Netherlands.4/TS_model.pkl
[2024-08-17T03:17:35.105+0000] {processor.py:842} WARNING - No viable dags retrieved from /opt/airflow/dags/data/models/Netherlands.4/TS_model.pkl
[2024-08-17T03:17:35.114+0000] {processor.py:183} INFO - Processing /opt/airflow/dags/data/models/Netherlands.4/TS_model.pkl took 0.024 seconds
[2024-08-17T03:18:05.861+0000] {processor.py:161} INFO - Started process (PID=4034) to work on /opt/airflow/dags/data/models/Netherlands.4/TS_model.pkl
[2024-08-17T03:18:05.861+0000] {processor.py:830} INFO - Processing file /opt/airflow/dags/data/models/Netherlands.4/TS_model.pkl for tasks to queue
[2024-08-17T03:18:05.862+0000] {logging_mixin.py:188} INFO - [2024-08-17T03:18:05.862+0000] {dagbag.py:545} INFO - Filling up the DagBag from /opt/airflow/dags/data/models/Netherlands.4/TS_model.pkl
[2024-08-17T03:18:05.872+0000] {processor.py:842} WARNING - No viable dags retrieved from /opt/airflow/dags/data/models/Netherlands.4/TS_model.pkl
[2024-08-17T03:18:05.883+0000] {processor.py:183} INFO - Processing /opt/airflow/dags/data/models/Netherlands.4/TS_model.pkl took 0.026 seconds
[2024-08-17T03:18:36.810+0000] {processor.py:161} INFO - Started process (PID=4488) to work on /opt/airflow/dags/data/models/Netherlands.4/TS_model.pkl
[2024-08-17T03:18:36.811+0000] {processor.py:830} INFO - Processing file /opt/airflow/dags/data/models/Netherlands.4/TS_model.pkl for tasks to queue
[2024-08-17T03:18:36.812+0000] {logging_mixin.py:188} INFO - [2024-08-17T03:18:36.812+0000] {dagbag.py:545} INFO - Filling up the DagBag from /opt/airflow/dags/data/models/Netherlands.4/TS_model.pkl
[2024-08-17T03:18:36.820+0000] {processor.py:842} WARNING - No viable dags retrieved from /opt/airflow/dags/data/models/Netherlands.4/TS_model.pkl
[2024-08-17T03:18:36.829+0000] {processor.py:183} INFO - Processing /opt/airflow/dags/data/models/Netherlands.4/TS_model.pkl took 0.023 seconds
[2024-08-17T03:19:07.424+0000] {processor.py:161} INFO - Started process (PID=4901) to work on /opt/airflow/dags/data/models/Netherlands.4/TS_model.pkl
[2024-08-17T03:19:07.425+0000] {processor.py:830} INFO - Processing file /opt/airflow/dags/data/models/Netherlands.4/TS_model.pkl for tasks to queue
[2024-08-17T03:19:07.425+0000] {logging_mixin.py:188} INFO - [2024-08-17T03:19:07.425+0000] {dagbag.py:545} INFO - Filling up the DagBag from /opt/airflow/dags/data/models/Netherlands.4/TS_model.pkl
[2024-08-17T03:19:07.433+0000] {processor.py:842} WARNING - No viable dags retrieved from /opt/airflow/dags/data/models/Netherlands.4/TS_model.pkl
[2024-08-17T03:19:07.443+0000] {processor.py:183} INFO - Processing /opt/airflow/dags/data/models/Netherlands.4/TS_model.pkl took 0.022 seconds
[2024-08-17T03:19:38.206+0000] {processor.py:161} INFO - Started process (PID=5348) to work on /opt/airflow/dags/data/models/Netherlands.4/TS_model.pkl
[2024-08-17T03:19:38.207+0000] {processor.py:830} INFO - Processing file /opt/airflow/dags/data/models/Netherlands.4/TS_model.pkl for tasks to queue
[2024-08-17T03:19:38.207+0000] {logging_mixin.py:188} INFO - [2024-08-17T03:19:38.207+0000] {dagbag.py:545} INFO - Filling up the DagBag from /opt/airflow/dags/data/models/Netherlands.4/TS_model.pkl
[2024-08-17T03:19:38.216+0000] {processor.py:842} WARNING - No viable dags retrieved from /opt/airflow/dags/data/models/Netherlands.4/TS_model.pkl
[2024-08-17T03:19:38.228+0000] {processor.py:183} INFO - Processing /opt/airflow/dags/data/models/Netherlands.4/TS_model.pkl took 0.027 seconds
[2024-08-17T03:20:09.315+0000] {processor.py:161} INFO - Started process (PID=5780) to work on /opt/airflow/dags/data/models/Netherlands.4/TS_model.pkl
[2024-08-17T03:20:09.315+0000] {processor.py:830} INFO - Processing file /opt/airflow/dags/data/models/Netherlands.4/TS_model.pkl for tasks to queue
[2024-08-17T03:20:09.316+0000] {logging_mixin.py:188} INFO - [2024-08-17T03:20:09.316+0000] {dagbag.py:545} INFO - Filling up the DagBag from /opt/airflow/dags/data/models/Netherlands.4/TS_model.pkl
[2024-08-17T03:20:09.358+0000] {processor.py:842} WARNING - No viable dags retrieved from /opt/airflow/dags/data/models/Netherlands.4/TS_model.pkl
[2024-08-17T03:20:09.368+0000] {processor.py:183} INFO - Processing /opt/airflow/dags/data/models/Netherlands.4/TS_model.pkl took 0.057 seconds
[2024-08-17T03:20:39.976+0000] {processor.py:161} INFO - Started process (PID=6206) to work on /opt/airflow/dags/data/models/Netherlands.4/TS_model.pkl
[2024-08-17T03:20:39.977+0000] {processor.py:830} INFO - Processing file /opt/airflow/dags/data/models/Netherlands.4/TS_model.pkl for tasks to queue
[2024-08-17T03:20:39.977+0000] {logging_mixin.py:188} INFO - [2024-08-17T03:20:39.977+0000] {dagbag.py:545} INFO - Filling up the DagBag from /opt/airflow/dags/data/models/Netherlands.4/TS_model.pkl
[2024-08-17T03:20:39.985+0000] {processor.py:842} WARNING - No viable dags retrieved from /opt/airflow/dags/data/models/Netherlands.4/TS_model.pkl
[2024-08-17T03:20:39.994+0000] {processor.py:183} INFO - Processing /opt/airflow/dags/data/models/Netherlands.4/TS_model.pkl took 0.022 seconds
[2024-08-17T03:21:10.976+0000] {processor.py:161} INFO - Started process (PID=6660) to work on /opt/airflow/dags/data/models/Netherlands.4/TS_model.pkl
[2024-08-17T03:21:10.977+0000] {processor.py:830} INFO - Processing file /opt/airflow/dags/data/models/Netherlands.4/TS_model.pkl for tasks to queue
[2024-08-17T03:21:10.977+0000] {logging_mixin.py:188} INFO - [2024-08-17T03:21:10.977+0000] {dagbag.py:545} INFO - Filling up the DagBag from /opt/airflow/dags/data/models/Netherlands.4/TS_model.pkl
[2024-08-17T03:21:10.987+0000] {processor.py:842} WARNING - No viable dags retrieved from /opt/airflow/dags/data/models/Netherlands.4/TS_model.pkl
[2024-08-17T03:21:10.996+0000] {processor.py:183} INFO - Processing /opt/airflow/dags/data/models/Netherlands.4/TS_model.pkl took 0.024 seconds
[2024-08-17T03:21:41.483+0000] {processor.py:161} INFO - Started process (PID=7095) to work on /opt/airflow/dags/data/models/Netherlands.4/TS_model.pkl
[2024-08-17T03:21:41.485+0000] {processor.py:830} INFO - Processing file /opt/airflow/dags/data/models/Netherlands.4/TS_model.pkl for tasks to queue
[2024-08-17T03:21:41.486+0000] {logging_mixin.py:188} INFO - [2024-08-17T03:21:41.486+0000] {dagbag.py:545} INFO - Filling up the DagBag from /opt/airflow/dags/data/models/Netherlands.4/TS_model.pkl
[2024-08-17T03:21:41.493+0000] {processor.py:842} WARNING - No viable dags retrieved from /opt/airflow/dags/data/models/Netherlands.4/TS_model.pkl
[2024-08-17T03:21:41.502+0000] {processor.py:183} INFO - Processing /opt/airflow/dags/data/models/Netherlands.4/TS_model.pkl took 0.023 seconds
[2024-08-17T03:22:12.395+0000] {processor.py:161} INFO - Started process (PID=7542) to work on /opt/airflow/dags/data/models/Netherlands.4/TS_model.pkl
[2024-08-17T03:22:12.396+0000] {processor.py:830} INFO - Processing file /opt/airflow/dags/data/models/Netherlands.4/TS_model.pkl for tasks to queue
[2024-08-17T03:22:12.397+0000] {logging_mixin.py:188} INFO - [2024-08-17T03:22:12.396+0000] {dagbag.py:545} INFO - Filling up the DagBag from /opt/airflow/dags/data/models/Netherlands.4/TS_model.pkl
[2024-08-17T03:22:12.404+0000] {processor.py:842} WARNING - No viable dags retrieved from /opt/airflow/dags/data/models/Netherlands.4/TS_model.pkl
[2024-08-17T03:22:12.413+0000] {processor.py:183} INFO - Processing /opt/airflow/dags/data/models/Netherlands.4/TS_model.pkl took 0.021 seconds
[2024-08-17T03:22:43.563+0000] {processor.py:161} INFO - Started process (PID=7997) to work on /opt/airflow/dags/data/models/Netherlands.4/TS_model.pkl
[2024-08-17T03:22:43.564+0000] {processor.py:830} INFO - Processing file /opt/airflow/dags/data/models/Netherlands.4/TS_model.pkl for tasks to queue
[2024-08-17T03:22:43.565+0000] {logging_mixin.py:188} INFO - [2024-08-17T03:22:43.564+0000] {dagbag.py:545} INFO - Filling up the DagBag from /opt/airflow/dags/data/models/Netherlands.4/TS_model.pkl
[2024-08-17T03:22:43.572+0000] {processor.py:842} WARNING - No viable dags retrieved from /opt/airflow/dags/data/models/Netherlands.4/TS_model.pkl
[2024-08-17T03:22:43.584+0000] {processor.py:183} INFO - Processing /opt/airflow/dags/data/models/Netherlands.4/TS_model.pkl took 0.024 seconds
[2024-08-17T03:23:14.546+0000] {processor.py:161} INFO - Started process (PID=8425) to work on /opt/airflow/dags/data/models/Netherlands.4/TS_model.pkl
[2024-08-17T03:23:14.546+0000] {processor.py:830} INFO - Processing file /opt/airflow/dags/data/models/Netherlands.4/TS_model.pkl for tasks to queue
[2024-08-17T03:23:14.547+0000] {logging_mixin.py:188} INFO - [2024-08-17T03:23:14.547+0000] {dagbag.py:545} INFO - Filling up the DagBag from /opt/airflow/dags/data/models/Netherlands.4/TS_model.pkl
[2024-08-17T03:23:14.554+0000] {processor.py:842} WARNING - No viable dags retrieved from /opt/airflow/dags/data/models/Netherlands.4/TS_model.pkl
[2024-08-17T03:23:14.563+0000] {processor.py:183} INFO - Processing /opt/airflow/dags/data/models/Netherlands.4/TS_model.pkl took 0.022 seconds
[2024-08-17T03:23:45.639+0000] {processor.py:161} INFO - Started process (PID=8879) to work on /opt/airflow/dags/data/models/Netherlands.4/TS_model.pkl
[2024-08-17T03:23:45.640+0000] {processor.py:830} INFO - Processing file /opt/airflow/dags/data/models/Netherlands.4/TS_model.pkl for tasks to queue
[2024-08-17T03:23:45.641+0000] {logging_mixin.py:188} INFO - [2024-08-17T03:23:45.640+0000] {dagbag.py:545} INFO - Filling up the DagBag from /opt/airflow/dags/data/models/Netherlands.4/TS_model.pkl
[2024-08-17T03:23:45.648+0000] {processor.py:842} WARNING - No viable dags retrieved from /opt/airflow/dags/data/models/Netherlands.4/TS_model.pkl
[2024-08-17T03:23:45.657+0000] {processor.py:183} INFO - Processing /opt/airflow/dags/data/models/Netherlands.4/TS_model.pkl took 0.022 seconds
[2024-08-17T03:24:16.848+0000] {processor.py:161} INFO - Started process (PID=9333) to work on /opt/airflow/dags/data/models/Netherlands.4/TS_model.pkl
[2024-08-17T03:24:16.849+0000] {processor.py:830} INFO - Processing file /opt/airflow/dags/data/models/Netherlands.4/TS_model.pkl for tasks to queue
[2024-08-17T03:24:16.849+0000] {logging_mixin.py:188} INFO - [2024-08-17T03:24:16.849+0000] {dagbag.py:545} INFO - Filling up the DagBag from /opt/airflow/dags/data/models/Netherlands.4/TS_model.pkl
[2024-08-17T03:24:16.858+0000] {processor.py:842} WARNING - No viable dags retrieved from /opt/airflow/dags/data/models/Netherlands.4/TS_model.pkl
[2024-08-17T03:24:16.867+0000] {processor.py:183} INFO - Processing /opt/airflow/dags/data/models/Netherlands.4/TS_model.pkl took 0.023 seconds
[2024-08-17T03:24:47.981+0000] {processor.py:161} INFO - Started process (PID=9761) to work on /opt/airflow/dags/data/models/Netherlands.4/TS_model.pkl
[2024-08-17T03:24:47.981+0000] {processor.py:830} INFO - Processing file /opt/airflow/dags/data/models/Netherlands.4/TS_model.pkl for tasks to queue
[2024-08-17T03:24:47.982+0000] {logging_mixin.py:188} INFO - [2024-08-17T03:24:47.982+0000] {dagbag.py:545} INFO - Filling up the DagBag from /opt/airflow/dags/data/models/Netherlands.4/TS_model.pkl
[2024-08-17T03:24:47.991+0000] {processor.py:842} WARNING - No viable dags retrieved from /opt/airflow/dags/data/models/Netherlands.4/TS_model.pkl
[2024-08-17T03:24:48.000+0000] {processor.py:183} INFO - Processing /opt/airflow/dags/data/models/Netherlands.4/TS_model.pkl took 0.023 seconds
[2024-08-17T03:25:18.884+0000] {processor.py:161} INFO - Started process (PID=10215) to work on /opt/airflow/dags/data/models/Netherlands.4/TS_model.pkl
[2024-08-17T03:25:18.885+0000] {processor.py:830} INFO - Processing file /opt/airflow/dags/data/models/Netherlands.4/TS_model.pkl for tasks to queue
[2024-08-17T03:25:18.886+0000] {logging_mixin.py:188} INFO - [2024-08-17T03:25:18.886+0000] {dagbag.py:545} INFO - Filling up the DagBag from /opt/airflow/dags/data/models/Netherlands.4/TS_model.pkl
[2024-08-17T03:25:18.893+0000] {processor.py:842} WARNING - No viable dags retrieved from /opt/airflow/dags/data/models/Netherlands.4/TS_model.pkl
[2024-08-17T03:25:18.902+0000] {processor.py:183} INFO - Processing /opt/airflow/dags/data/models/Netherlands.4/TS_model.pkl took 0.022 seconds
[2024-08-17T03:25:50.760+0000] {processor.py:161} INFO - Started process (PID=10669) to work on /opt/airflow/dags/data/models/Netherlands.4/TS_model.pkl
[2024-08-17T03:25:50.760+0000] {processor.py:830} INFO - Processing file /opt/airflow/dags/data/models/Netherlands.4/TS_model.pkl for tasks to queue
[2024-08-17T03:25:50.761+0000] {logging_mixin.py:188} INFO - [2024-08-17T03:25:50.761+0000] {dagbag.py:545} INFO - Filling up the DagBag from /opt/airflow/dags/data/models/Netherlands.4/TS_model.pkl
[2024-08-17T03:25:50.770+0000] {processor.py:842} WARNING - No viable dags retrieved from /opt/airflow/dags/data/models/Netherlands.4/TS_model.pkl
[2024-08-17T03:25:50.779+0000] {processor.py:183} INFO - Processing /opt/airflow/dags/data/models/Netherlands.4/TS_model.pkl took 0.022 seconds
[2024-08-17T03:26:21.268+0000] {processor.py:161} INFO - Started process (PID=11055) to work on /opt/airflow/dags/data/models/Netherlands.4/TS_model.pkl
[2024-08-17T03:26:21.268+0000] {processor.py:830} INFO - Processing file /opt/airflow/dags/data/models/Netherlands.4/TS_model.pkl for tasks to queue
[2024-08-17T03:26:21.269+0000] {logging_mixin.py:188} INFO - [2024-08-17T03:26:21.269+0000] {dagbag.py:545} INFO - Filling up the DagBag from /opt/airflow/dags/data/models/Netherlands.4/TS_model.pkl
[2024-08-17T03:26:21.276+0000] {processor.py:842} WARNING - No viable dags retrieved from /opt/airflow/dags/data/models/Netherlands.4/TS_model.pkl
[2024-08-17T03:26:21.286+0000] {processor.py:183} INFO - Processing /opt/airflow/dags/data/models/Netherlands.4/TS_model.pkl took 0.022 seconds
[2024-08-17T03:26:51.915+0000] {processor.py:161} INFO - Started process (PID=11509) to work on /opt/airflow/dags/data/models/Netherlands.4/TS_model.pkl
[2024-08-17T03:26:51.916+0000] {processor.py:830} INFO - Processing file /opt/airflow/dags/data/models/Netherlands.4/TS_model.pkl for tasks to queue
[2024-08-17T03:26:51.917+0000] {logging_mixin.py:188} INFO - [2024-08-17T03:26:51.917+0000] {dagbag.py:545} INFO - Filling up the DagBag from /opt/airflow/dags/data/models/Netherlands.4/TS_model.pkl
[2024-08-17T03:26:51.933+0000] {processor.py:842} WARNING - No viable dags retrieved from /opt/airflow/dags/data/models/Netherlands.4/TS_model.pkl
[2024-08-17T03:26:51.943+0000] {processor.py:183} INFO - Processing /opt/airflow/dags/data/models/Netherlands.4/TS_model.pkl took 0.032 seconds
[2024-08-17T03:27:23.284+0000] {processor.py:161} INFO - Started process (PID=11925) to work on /opt/airflow/dags/data/models/Netherlands.4/TS_model.pkl
[2024-08-17T03:27:23.284+0000] {processor.py:830} INFO - Processing file /opt/airflow/dags/data/models/Netherlands.4/TS_model.pkl for tasks to queue
[2024-08-17T03:27:23.285+0000] {logging_mixin.py:188} INFO - [2024-08-17T03:27:23.285+0000] {dagbag.py:545} INFO - Filling up the DagBag from /opt/airflow/dags/data/models/Netherlands.4/TS_model.pkl
[2024-08-17T03:27:23.293+0000] {processor.py:842} WARNING - No viable dags retrieved from /opt/airflow/dags/data/models/Netherlands.4/TS_model.pkl
[2024-08-17T03:27:23.302+0000] {processor.py:183} INFO - Processing /opt/airflow/dags/data/models/Netherlands.4/TS_model.pkl took 0.022 seconds
[2024-08-17T03:27:53.845+0000] {processor.py:161} INFO - Started process (PID=12370) to work on /opt/airflow/dags/data/models/Netherlands.4/TS_model.pkl
[2024-08-17T03:27:53.846+0000] {processor.py:830} INFO - Processing file /opt/airflow/dags/data/models/Netherlands.4/TS_model.pkl for tasks to queue
[2024-08-17T03:27:53.847+0000] {logging_mixin.py:188} INFO - [2024-08-17T03:27:53.846+0000] {dagbag.py:545} INFO - Filling up the DagBag from /opt/airflow/dags/data/models/Netherlands.4/TS_model.pkl
[2024-08-17T03:27:53.858+0000] {processor.py:842} WARNING - No viable dags retrieved from /opt/airflow/dags/data/models/Netherlands.4/TS_model.pkl
[2024-08-17T03:27:53.867+0000] {processor.py:183} INFO - Processing /opt/airflow/dags/data/models/Netherlands.4/TS_model.pkl took 0.026 seconds
[2024-08-17T03:28:24.481+0000] {processor.py:161} INFO - Started process (PID=12824) to work on /opt/airflow/dags/data/models/Netherlands.4/TS_model.pkl
[2024-08-17T03:28:24.482+0000] {processor.py:830} INFO - Processing file /opt/airflow/dags/data/models/Netherlands.4/TS_model.pkl for tasks to queue
[2024-08-17T03:28:24.482+0000] {logging_mixin.py:188} INFO - [2024-08-17T03:28:24.482+0000] {dagbag.py:545} INFO - Filling up the DagBag from /opt/airflow/dags/data/models/Netherlands.4/TS_model.pkl
[2024-08-17T03:28:24.491+0000] {processor.py:842} WARNING - No viable dags retrieved from /opt/airflow/dags/data/models/Netherlands.4/TS_model.pkl
[2024-08-17T03:28:24.501+0000] {processor.py:183} INFO - Processing /opt/airflow/dags/data/models/Netherlands.4/TS_model.pkl took 0.024 seconds
[2024-08-17T03:28:56.998+0000] {processor.py:161} INFO - Started process (PID=13213) to work on /opt/airflow/dags/data/models/Netherlands.4/TS_model.pkl
[2024-08-17T03:28:56.998+0000] {processor.py:830} INFO - Processing file /opt/airflow/dags/data/models/Netherlands.4/TS_model.pkl for tasks to queue
[2024-08-17T03:28:56.999+0000] {logging_mixin.py:188} INFO - [2024-08-17T03:28:56.999+0000] {dagbag.py:545} INFO - Filling up the DagBag from /opt/airflow/dags/data/models/Netherlands.4/TS_model.pkl
[2024-08-17T03:28:57.009+0000] {processor.py:842} WARNING - No viable dags retrieved from /opt/airflow/dags/data/models/Netherlands.4/TS_model.pkl
[2024-08-17T03:28:57.017+0000] {processor.py:183} INFO - Processing /opt/airflow/dags/data/models/Netherlands.4/TS_model.pkl took 0.024 seconds
[2024-08-17T03:29:28.029+0000] {processor.py:161} INFO - Started process (PID=13666) to work on /opt/airflow/dags/data/models/Netherlands.4/TS_model.pkl
[2024-08-17T03:29:28.036+0000] {processor.py:830} INFO - Processing file /opt/airflow/dags/data/models/Netherlands.4/TS_model.pkl for tasks to queue
[2024-08-17T03:29:28.037+0000] {logging_mixin.py:188} INFO - [2024-08-17T03:29:28.037+0000] {dagbag.py:545} INFO - Filling up the DagBag from /opt/airflow/dags/data/models/Netherlands.4/TS_model.pkl
[2024-08-17T03:29:28.051+0000] {processor.py:842} WARNING - No viable dags retrieved from /opt/airflow/dags/data/models/Netherlands.4/TS_model.pkl
[2024-08-17T03:29:28.060+0000] {processor.py:183} INFO - Processing /opt/airflow/dags/data/models/Netherlands.4/TS_model.pkl took 0.035 seconds
[2024-08-17T03:29:59.179+0000] {processor.py:161} INFO - Started process (PID=14120) to work on /opt/airflow/dags/data/models/Netherlands.4/TS_model.pkl
[2024-08-17T03:29:59.180+0000] {processor.py:830} INFO - Processing file /opt/airflow/dags/data/models/Netherlands.4/TS_model.pkl for tasks to queue
[2024-08-17T03:29:59.180+0000] {logging_mixin.py:188} INFO - [2024-08-17T03:29:59.180+0000] {dagbag.py:545} INFO - Filling up the DagBag from /opt/airflow/dags/data/models/Netherlands.4/TS_model.pkl
[2024-08-17T03:29:59.189+0000] {processor.py:842} WARNING - No viable dags retrieved from /opt/airflow/dags/data/models/Netherlands.4/TS_model.pkl
[2024-08-17T03:29:59.198+0000] {processor.py:183} INFO - Processing /opt/airflow/dags/data/models/Netherlands.4/TS_model.pkl took 0.023 seconds
[2024-08-17T03:30:30.037+0000] {processor.py:161} INFO - Started process (PID=14548) to work on /opt/airflow/dags/data/models/Netherlands.4/TS_model.pkl
[2024-08-17T03:30:30.038+0000] {processor.py:830} INFO - Processing file /opt/airflow/dags/data/models/Netherlands.4/TS_model.pkl for tasks to queue
[2024-08-17T03:30:30.038+0000] {logging_mixin.py:188} INFO - [2024-08-17T03:30:30.038+0000] {dagbag.py:545} INFO - Filling up the DagBag from /opt/airflow/dags/data/models/Netherlands.4/TS_model.pkl
[2024-08-17T03:30:30.048+0000] {processor.py:842} WARNING - No viable dags retrieved from /opt/airflow/dags/data/models/Netherlands.4/TS_model.pkl
[2024-08-17T03:30:30.058+0000] {processor.py:183} INFO - Processing /opt/airflow/dags/data/models/Netherlands.4/TS_model.pkl took 0.025 seconds
[2024-08-17T03:31:00.966+0000] {processor.py:161} INFO - Started process (PID=15002) to work on /opt/airflow/dags/data/models/Netherlands.4/TS_model.pkl
[2024-08-17T03:31:00.967+0000] {processor.py:830} INFO - Processing file /opt/airflow/dags/data/models/Netherlands.4/TS_model.pkl for tasks to queue
[2024-08-17T03:31:00.968+0000] {logging_mixin.py:188} INFO - [2024-08-17T03:31:00.968+0000] {dagbag.py:545} INFO - Filling up the DagBag from /opt/airflow/dags/data/models/Netherlands.4/TS_model.pkl
[2024-08-17T03:31:00.976+0000] {processor.py:842} WARNING - No viable dags retrieved from /opt/airflow/dags/data/models/Netherlands.4/TS_model.pkl
[2024-08-17T03:31:00.985+0000] {processor.py:183} INFO - Processing /opt/airflow/dags/data/models/Netherlands.4/TS_model.pkl took 0.023 seconds
[2024-08-17T03:31:31.930+0000] {processor.py:161} INFO - Started process (PID=15457) to work on /opt/airflow/dags/data/models/Netherlands.4/TS_model.pkl
[2024-08-17T03:31:31.932+0000] {processor.py:830} INFO - Processing file /opt/airflow/dags/data/models/Netherlands.4/TS_model.pkl for tasks to queue
[2024-08-17T03:31:31.932+0000] {logging_mixin.py:188} INFO - [2024-08-17T03:31:31.932+0000] {dagbag.py:545} INFO - Filling up the DagBag from /opt/airflow/dags/data/models/Netherlands.4/TS_model.pkl
[2024-08-17T03:31:31.940+0000] {processor.py:842} WARNING - No viable dags retrieved from /opt/airflow/dags/data/models/Netherlands.4/TS_model.pkl
[2024-08-17T03:31:31.950+0000] {processor.py:183} INFO - Processing /opt/airflow/dags/data/models/Netherlands.4/TS_model.pkl took 0.024 seconds
[2024-08-17T03:32:02.543+0000] {processor.py:161} INFO - Started process (PID=15885) to work on /opt/airflow/dags/data/models/Netherlands.4/TS_model.pkl
[2024-08-17T03:32:02.545+0000] {processor.py:830} INFO - Processing file /opt/airflow/dags/data/models/Netherlands.4/TS_model.pkl for tasks to queue
[2024-08-17T03:32:02.546+0000] {logging_mixin.py:188} INFO - [2024-08-17T03:32:02.546+0000] {dagbag.py:545} INFO - Filling up the DagBag from /opt/airflow/dags/data/models/Netherlands.4/TS_model.pkl
[2024-08-17T03:32:02.562+0000] {processor.py:842} WARNING - No viable dags retrieved from /opt/airflow/dags/data/models/Netherlands.4/TS_model.pkl
[2024-08-17T03:32:02.571+0000] {processor.py:183} INFO - Processing /opt/airflow/dags/data/models/Netherlands.4/TS_model.pkl took 0.033 seconds
[2024-08-17T03:32:33.183+0000] {processor.py:161} INFO - Started process (PID=16338) to work on /opt/airflow/dags/data/models/Netherlands.4/TS_model.pkl
[2024-08-17T03:32:33.184+0000] {processor.py:830} INFO - Processing file /opt/airflow/dags/data/models/Netherlands.4/TS_model.pkl for tasks to queue
[2024-08-17T03:32:33.185+0000] {logging_mixin.py:188} INFO - [2024-08-17T03:32:33.184+0000] {dagbag.py:545} INFO - Filling up the DagBag from /opt/airflow/dags/data/models/Netherlands.4/TS_model.pkl
[2024-08-17T03:32:33.195+0000] {processor.py:842} WARNING - No viable dags retrieved from /opt/airflow/dags/data/models/Netherlands.4/TS_model.pkl
[2024-08-17T03:32:33.204+0000] {processor.py:183} INFO - Processing /opt/airflow/dags/data/models/Netherlands.4/TS_model.pkl took 0.025 seconds
[2024-08-17T03:33:04.683+0000] {processor.py:161} INFO - Started process (PID=16773) to work on /opt/airflow/dags/data/models/Netherlands.4/TS_model.pkl
[2024-08-17T03:33:04.684+0000] {processor.py:830} INFO - Processing file /opt/airflow/dags/data/models/Netherlands.4/TS_model.pkl for tasks to queue
[2024-08-17T03:33:04.684+0000] {logging_mixin.py:188} INFO - [2024-08-17T03:33:04.684+0000] {dagbag.py:545} INFO - Filling up the DagBag from /opt/airflow/dags/data/models/Netherlands.4/TS_model.pkl
[2024-08-17T03:33:04.693+0000] {processor.py:842} WARNING - No viable dags retrieved from /opt/airflow/dags/data/models/Netherlands.4/TS_model.pkl
[2024-08-17T03:33:04.702+0000] {processor.py:183} INFO - Processing /opt/airflow/dags/data/models/Netherlands.4/TS_model.pkl took 0.023 seconds
[2024-08-17T03:33:35.390+0000] {processor.py:161} INFO - Started process (PID=17199) to work on /opt/airflow/dags/data/models/Netherlands.4/TS_model.pkl
[2024-08-17T03:33:35.390+0000] {processor.py:830} INFO - Processing file /opt/airflow/dags/data/models/Netherlands.4/TS_model.pkl for tasks to queue
[2024-08-17T03:33:35.391+0000] {logging_mixin.py:188} INFO - [2024-08-17T03:33:35.391+0000] {dagbag.py:545} INFO - Filling up the DagBag from /opt/airflow/dags/data/models/Netherlands.4/TS_model.pkl
[2024-08-17T03:33:35.398+0000] {processor.py:842} WARNING - No viable dags retrieved from /opt/airflow/dags/data/models/Netherlands.4/TS_model.pkl
[2024-08-17T03:33:35.408+0000] {processor.py:183} INFO - Processing /opt/airflow/dags/data/models/Netherlands.4/TS_model.pkl took 0.022 seconds
[2024-08-17T03:34:06.554+0000] {processor.py:161} INFO - Started process (PID=17653) to work on /opt/airflow/dags/data/models/Netherlands.4/TS_model.pkl
[2024-08-17T03:34:06.555+0000] {processor.py:830} INFO - Processing file /opt/airflow/dags/data/models/Netherlands.4/TS_model.pkl for tasks to queue
[2024-08-17T03:34:06.556+0000] {logging_mixin.py:188} INFO - [2024-08-17T03:34:06.556+0000] {dagbag.py:545} INFO - Filling up the DagBag from /opt/airflow/dags/data/models/Netherlands.4/TS_model.pkl
[2024-08-17T03:34:06.584+0000] {processor.py:842} WARNING - No viable dags retrieved from /opt/airflow/dags/data/models/Netherlands.4/TS_model.pkl
[2024-08-17T03:34:06.594+0000] {processor.py:183} INFO - Processing /opt/airflow/dags/data/models/Netherlands.4/TS_model.pkl took 0.043 seconds
[2024-08-17T03:34:38.367+0000] {processor.py:161} INFO - Started process (PID=18062) to work on /opt/airflow/dags/data/models/Netherlands.4/TS_model.pkl
[2024-08-17T03:34:38.368+0000] {processor.py:830} INFO - Processing file /opt/airflow/dags/data/models/Netherlands.4/TS_model.pkl for tasks to queue
[2024-08-17T03:34:38.368+0000] {logging_mixin.py:188} INFO - [2024-08-17T03:34:38.368+0000] {dagbag.py:545} INFO - Filling up the DagBag from /opt/airflow/dags/data/models/Netherlands.4/TS_model.pkl
[2024-08-17T03:34:38.376+0000] {processor.py:842} WARNING - No viable dags retrieved from /opt/airflow/dags/data/models/Netherlands.4/TS_model.pkl
[2024-08-17T03:34:38.385+0000] {processor.py:183} INFO - Processing /opt/airflow/dags/data/models/Netherlands.4/TS_model.pkl took 0.022 seconds
[2024-08-17T03:35:09.442+0000] {processor.py:161} INFO - Started process (PID=18514) to work on /opt/airflow/dags/data/models/Netherlands.4/TS_model.pkl
[2024-08-17T03:35:09.443+0000] {processor.py:830} INFO - Processing file /opt/airflow/dags/data/models/Netherlands.4/TS_model.pkl for tasks to queue
[2024-08-17T03:35:09.443+0000] {logging_mixin.py:188} INFO - [2024-08-17T03:35:09.443+0000] {dagbag.py:545} INFO - Filling up the DagBag from /opt/airflow/dags/data/models/Netherlands.4/TS_model.pkl
[2024-08-17T03:35:09.450+0000] {processor.py:842} WARNING - No viable dags retrieved from /opt/airflow/dags/data/models/Netherlands.4/TS_model.pkl
[2024-08-17T03:35:09.459+0000] {processor.py:183} INFO - Processing /opt/airflow/dags/data/models/Netherlands.4/TS_model.pkl took 0.020 seconds
[2024-08-17T03:35:40.636+0000] {processor.py:161} INFO - Started process (PID=18968) to work on /opt/airflow/dags/data/models/Netherlands.4/TS_model.pkl
[2024-08-17T03:35:40.637+0000] {processor.py:830} INFO - Processing file /opt/airflow/dags/data/models/Netherlands.4/TS_model.pkl for tasks to queue
[2024-08-17T03:35:40.638+0000] {logging_mixin.py:188} INFO - [2024-08-17T03:35:40.637+0000] {dagbag.py:545} INFO - Filling up the DagBag from /opt/airflow/dags/data/models/Netherlands.4/TS_model.pkl
[2024-08-17T03:35:40.645+0000] {processor.py:842} WARNING - No viable dags retrieved from /opt/airflow/dags/data/models/Netherlands.4/TS_model.pkl
[2024-08-17T03:35:40.654+0000] {processor.py:183} INFO - Processing /opt/airflow/dags/data/models/Netherlands.4/TS_model.pkl took 0.022 seconds
[2024-08-17T03:36:11.590+0000] {processor.py:161} INFO - Started process (PID=19375) to work on /opt/airflow/dags/data/models/Netherlands.4/TS_model.pkl
[2024-08-17T03:36:11.590+0000] {processor.py:830} INFO - Processing file /opt/airflow/dags/data/models/Netherlands.4/TS_model.pkl for tasks to queue
[2024-08-17T03:36:11.591+0000] {logging_mixin.py:188} INFO - [2024-08-17T03:36:11.591+0000] {dagbag.py:545} INFO - Filling up the DagBag from /opt/airflow/dags/data/models/Netherlands.4/TS_model.pkl
[2024-08-17T03:36:11.600+0000] {processor.py:842} WARNING - No viable dags retrieved from /opt/airflow/dags/data/models/Netherlands.4/TS_model.pkl
[2024-08-17T03:36:11.609+0000] {processor.py:183} INFO - Processing /opt/airflow/dags/data/models/Netherlands.4/TS_model.pkl took 0.023 seconds
[2024-08-17T03:36:42.579+0000] {processor.py:161} INFO - Started process (PID=19829) to work on /opt/airflow/dags/data/models/Netherlands.4/TS_model.pkl
[2024-08-17T03:36:42.580+0000] {processor.py:830} INFO - Processing file /opt/airflow/dags/data/models/Netherlands.4/TS_model.pkl for tasks to queue
[2024-08-17T03:36:42.580+0000] {logging_mixin.py:188} INFO - [2024-08-17T03:36:42.580+0000] {dagbag.py:545} INFO - Filling up the DagBag from /opt/airflow/dags/data/models/Netherlands.4/TS_model.pkl
[2024-08-17T03:36:42.589+0000] {processor.py:842} WARNING - No viable dags retrieved from /opt/airflow/dags/data/models/Netherlands.4/TS_model.pkl
[2024-08-17T03:36:42.599+0000] {processor.py:183} INFO - Processing /opt/airflow/dags/data/models/Netherlands.4/TS_model.pkl took 0.024 seconds
[2024-08-17T03:37:13.521+0000] {processor.py:161} INFO - Started process (PID=20283) to work on /opt/airflow/dags/data/models/Netherlands.4/TS_model.pkl
[2024-08-17T03:37:13.522+0000] {processor.py:830} INFO - Processing file /opt/airflow/dags/data/models/Netherlands.4/TS_model.pkl for tasks to queue
[2024-08-17T03:37:13.522+0000] {logging_mixin.py:188} INFO - [2024-08-17T03:37:13.522+0000] {dagbag.py:545} INFO - Filling up the DagBag from /opt/airflow/dags/data/models/Netherlands.4/TS_model.pkl
[2024-08-17T03:37:13.532+0000] {processor.py:842} WARNING - No viable dags retrieved from /opt/airflow/dags/data/models/Netherlands.4/TS_model.pkl
[2024-08-17T03:37:13.540+0000] {processor.py:183} INFO - Processing /opt/airflow/dags/data/models/Netherlands.4/TS_model.pkl took 0.023 seconds
[2024-08-17T03:37:44.690+0000] {processor.py:161} INFO - Started process (PID=20711) to work on /opt/airflow/dags/data/models/Netherlands.4/TS_model.pkl
[2024-08-17T03:37:44.691+0000] {processor.py:830} INFO - Processing file /opt/airflow/dags/data/models/Netherlands.4/TS_model.pkl for tasks to queue
[2024-08-17T03:37:44.691+0000] {logging_mixin.py:188} INFO - [2024-08-17T03:37:44.691+0000] {dagbag.py:545} INFO - Filling up the DagBag from /opt/airflow/dags/data/models/Netherlands.4/TS_model.pkl
[2024-08-17T03:37:44.699+0000] {processor.py:842} WARNING - No viable dags retrieved from /opt/airflow/dags/data/models/Netherlands.4/TS_model.pkl
[2024-08-17T03:37:44.708+0000] {processor.py:183} INFO - Processing /opt/airflow/dags/data/models/Netherlands.4/TS_model.pkl took 0.022 seconds
[2024-08-17T09:22:49.429+0000] {processor.py:161} INFO - Started process (PID=222) to work on /opt/airflow/dags/data/models/Netherlands.4/TS_model.pkl
[2024-08-17T09:22:49.430+0000] {processor.py:830} INFO - Processing file /opt/airflow/dags/data/models/Netherlands.4/TS_model.pkl for tasks to queue
[2024-08-17T09:22:49.432+0000] {logging_mixin.py:188} INFO - [2024-08-17T09:22:49.431+0000] {dagbag.py:545} INFO - Filling up the DagBag from /opt/airflow/dags/data/models/Netherlands.4/TS_model.pkl
[2024-08-17T09:22:49.445+0000] {processor.py:842} WARNING - No viable dags retrieved from /opt/airflow/dags/data/models/Netherlands.4/TS_model.pkl
[2024-08-17T09:22:49.454+0000] {processor.py:183} INFO - Processing /opt/airflow/dags/data/models/Netherlands.4/TS_model.pkl took 0.029 seconds
[2024-08-17T09:23:21.806+0000] {processor.py:161} INFO - Started process (PID=671) to work on /opt/airflow/dags/data/models/Netherlands.4/TS_model.pkl
[2024-08-17T09:23:21.807+0000] {processor.py:830} INFO - Processing file /opt/airflow/dags/data/models/Netherlands.4/TS_model.pkl for tasks to queue
[2024-08-17T09:23:21.808+0000] {logging_mixin.py:188} INFO - [2024-08-17T09:23:21.808+0000] {dagbag.py:545} INFO - Filling up the DagBag from /opt/airflow/dags/data/models/Netherlands.4/TS_model.pkl
[2024-08-17T09:23:21.816+0000] {processor.py:842} WARNING - No viable dags retrieved from /opt/airflow/dags/data/models/Netherlands.4/TS_model.pkl
[2024-08-17T09:23:21.824+0000] {processor.py:183} INFO - Processing /opt/airflow/dags/data/models/Netherlands.4/TS_model.pkl took 0.021 seconds
[2024-08-17T09:23:53.663+0000] {processor.py:161} INFO - Started process (PID=1125) to work on /opt/airflow/dags/data/models/Netherlands.4/TS_model.pkl
[2024-08-17T09:23:53.663+0000] {processor.py:830} INFO - Processing file /opt/airflow/dags/data/models/Netherlands.4/TS_model.pkl for tasks to queue
[2024-08-17T09:23:53.664+0000] {logging_mixin.py:188} INFO - [2024-08-17T09:23:53.664+0000] {dagbag.py:545} INFO - Filling up the DagBag from /opt/airflow/dags/data/models/Netherlands.4/TS_model.pkl
[2024-08-17T09:23:53.675+0000] {processor.py:842} WARNING - No viable dags retrieved from /opt/airflow/dags/data/models/Netherlands.4/TS_model.pkl
[2024-08-17T09:23:53.683+0000] {processor.py:183} INFO - Processing /opt/airflow/dags/data/models/Netherlands.4/TS_model.pkl took 0.024 seconds
[2024-08-17T09:24:26.622+0000] {processor.py:161} INFO - Started process (PID=1579) to work on /opt/airflow/dags/data/models/Netherlands.4/TS_model.pkl
[2024-08-17T09:24:26.623+0000] {processor.py:830} INFO - Processing file /opt/airflow/dags/data/models/Netherlands.4/TS_model.pkl for tasks to queue
[2024-08-17T09:24:26.624+0000] {logging_mixin.py:188} INFO - [2024-08-17T09:24:26.623+0000] {dagbag.py:545} INFO - Filling up the DagBag from /opt/airflow/dags/data/models/Netherlands.4/TS_model.pkl
[2024-08-17T09:24:26.635+0000] {processor.py:842} WARNING - No viable dags retrieved from /opt/airflow/dags/data/models/Netherlands.4/TS_model.pkl
[2024-08-17T09:24:26.645+0000] {processor.py:183} INFO - Processing /opt/airflow/dags/data/models/Netherlands.4/TS_model.pkl took 0.027 seconds
[2024-08-17T09:24:57.629+0000] {processor.py:161} INFO - Started process (PID=2007) to work on /opt/airflow/dags/data/models/Netherlands.4/TS_model.pkl
[2024-08-17T09:24:57.629+0000] {processor.py:830} INFO - Processing file /opt/airflow/dags/data/models/Netherlands.4/TS_model.pkl for tasks to queue
[2024-08-17T09:24:57.630+0000] {logging_mixin.py:188} INFO - [2024-08-17T09:24:57.630+0000] {dagbag.py:545} INFO - Filling up the DagBag from /opt/airflow/dags/data/models/Netherlands.4/TS_model.pkl
[2024-08-17T09:24:57.638+0000] {processor.py:842} WARNING - No viable dags retrieved from /opt/airflow/dags/data/models/Netherlands.4/TS_model.pkl
[2024-08-17T09:24:57.646+0000] {processor.py:183} INFO - Processing /opt/airflow/dags/data/models/Netherlands.4/TS_model.pkl took 0.021 seconds
[2024-08-17T09:25:28.613+0000] {processor.py:161} INFO - Started process (PID=2461) to work on /opt/airflow/dags/data/models/Netherlands.4/TS_model.pkl
[2024-08-17T09:25:28.613+0000] {processor.py:830} INFO - Processing file /opt/airflow/dags/data/models/Netherlands.4/TS_model.pkl for tasks to queue
[2024-08-17T09:25:28.614+0000] {logging_mixin.py:188} INFO - [2024-08-17T09:25:28.614+0000] {dagbag.py:545} INFO - Filling up the DagBag from /opt/airflow/dags/data/models/Netherlands.4/TS_model.pkl
[2024-08-17T09:25:28.622+0000] {processor.py:842} WARNING - No viable dags retrieved from /opt/airflow/dags/data/models/Netherlands.4/TS_model.pkl
[2024-08-17T09:25:28.631+0000] {processor.py:183} INFO - Processing /opt/airflow/dags/data/models/Netherlands.4/TS_model.pkl took 0.022 seconds
[2024-08-17T09:25:59.529+0000] {processor.py:161} INFO - Started process (PID=2915) to work on /opt/airflow/dags/data/models/Netherlands.4/TS_model.pkl
[2024-08-17T09:25:59.533+0000] {processor.py:830} INFO - Processing file /opt/airflow/dags/data/models/Netherlands.4/TS_model.pkl for tasks to queue
[2024-08-17T09:25:59.534+0000] {logging_mixin.py:188} INFO - [2024-08-17T09:25:59.534+0000] {dagbag.py:545} INFO - Filling up the DagBag from /opt/airflow/dags/data/models/Netherlands.4/TS_model.pkl
[2024-08-17T09:25:59.547+0000] {processor.py:842} WARNING - No viable dags retrieved from /opt/airflow/dags/data/models/Netherlands.4/TS_model.pkl
[2024-08-17T09:25:59.556+0000] {processor.py:183} INFO - Processing /opt/airflow/dags/data/models/Netherlands.4/TS_model.pkl took 0.030 seconds
[2024-08-17T09:26:30.324+0000] {processor.py:161} INFO - Started process (PID=3343) to work on /opt/airflow/dags/data/models/Netherlands.4/TS_model.pkl
[2024-08-17T09:26:30.325+0000] {processor.py:830} INFO - Processing file /opt/airflow/dags/data/models/Netherlands.4/TS_model.pkl for tasks to queue
[2024-08-17T09:26:30.329+0000] {logging_mixin.py:188} INFO - [2024-08-17T09:26:30.329+0000] {dagbag.py:545} INFO - Filling up the DagBag from /opt/airflow/dags/data/models/Netherlands.4/TS_model.pkl
[2024-08-17T09:26:30.336+0000] {processor.py:842} WARNING - No viable dags retrieved from /opt/airflow/dags/data/models/Netherlands.4/TS_model.pkl
[2024-08-17T09:26:30.345+0000] {processor.py:183} INFO - Processing /opt/airflow/dags/data/models/Netherlands.4/TS_model.pkl took 0.024 seconds
[2024-08-17T09:27:01.039+0000] {processor.py:161} INFO - Started process (PID=3797) to work on /opt/airflow/dags/data/models/Netherlands.4/TS_model.pkl
[2024-08-17T09:27:01.040+0000] {processor.py:830} INFO - Processing file /opt/airflow/dags/data/models/Netherlands.4/TS_model.pkl for tasks to queue
[2024-08-17T09:27:01.041+0000] {logging_mixin.py:188} INFO - [2024-08-17T09:27:01.041+0000] {dagbag.py:545} INFO - Filling up the DagBag from /opt/airflow/dags/data/models/Netherlands.4/TS_model.pkl
[2024-08-17T09:27:01.048+0000] {processor.py:842} WARNING - No viable dags retrieved from /opt/airflow/dags/data/models/Netherlands.4/TS_model.pkl
[2024-08-17T09:27:01.057+0000] {processor.py:183} INFO - Processing /opt/airflow/dags/data/models/Netherlands.4/TS_model.pkl took 0.021 seconds
[2024-08-17T09:27:31.846+0000] {processor.py:161} INFO - Started process (PID=4252) to work on /opt/airflow/dags/data/models/Netherlands.4/TS_model.pkl
[2024-08-17T09:27:31.847+0000] {processor.py:830} INFO - Processing file /opt/airflow/dags/data/models/Netherlands.4/TS_model.pkl for tasks to queue
[2024-08-17T09:27:31.849+0000] {logging_mixin.py:188} INFO - [2024-08-17T09:27:31.849+0000] {dagbag.py:545} INFO - Filling up the DagBag from /opt/airflow/dags/data/models/Netherlands.4/TS_model.pkl
[2024-08-17T09:27:31.864+0000] {processor.py:842} WARNING - No viable dags retrieved from /opt/airflow/dags/data/models/Netherlands.4/TS_model.pkl
[2024-08-17T09:27:31.872+0000] {processor.py:183} INFO - Processing /opt/airflow/dags/data/models/Netherlands.4/TS_model.pkl took 0.029 seconds
[2024-08-17T09:28:02.597+0000] {processor.py:161} INFO - Started process (PID=4680) to work on /opt/airflow/dags/data/models/Netherlands.4/TS_model.pkl
[2024-08-17T09:28:02.597+0000] {processor.py:830} INFO - Processing file /opt/airflow/dags/data/models/Netherlands.4/TS_model.pkl for tasks to queue
[2024-08-17T09:28:02.598+0000] {logging_mixin.py:188} INFO - [2024-08-17T09:28:02.598+0000] {dagbag.py:545} INFO - Filling up the DagBag from /opt/airflow/dags/data/models/Netherlands.4/TS_model.pkl
[2024-08-17T09:28:02.612+0000] {processor.py:842} WARNING - No viable dags retrieved from /opt/airflow/dags/data/models/Netherlands.4/TS_model.pkl
[2024-08-17T09:28:02.620+0000] {processor.py:183} INFO - Processing /opt/airflow/dags/data/models/Netherlands.4/TS_model.pkl took 0.027 seconds
[2024-08-17T09:28:33.666+0000] {processor.py:161} INFO - Started process (PID=5134) to work on /opt/airflow/dags/data/models/Netherlands.4/TS_model.pkl
[2024-08-17T09:28:33.666+0000] {processor.py:830} INFO - Processing file /opt/airflow/dags/data/models/Netherlands.4/TS_model.pkl for tasks to queue
[2024-08-17T09:28:33.668+0000] {logging_mixin.py:188} INFO - [2024-08-17T09:28:33.667+0000] {dagbag.py:545} INFO - Filling up the DagBag from /opt/airflow/dags/data/models/Netherlands.4/TS_model.pkl
[2024-08-17T09:28:33.675+0000] {processor.py:842} WARNING - No viable dags retrieved from /opt/airflow/dags/data/models/Netherlands.4/TS_model.pkl
[2024-08-17T09:28:33.685+0000] {processor.py:183} INFO - Processing /opt/airflow/dags/data/models/Netherlands.4/TS_model.pkl took 0.022 seconds
[2024-08-17T09:29:05.772+0000] {processor.py:161} INFO - Started process (PID=5588) to work on /opt/airflow/dags/data/models/Netherlands.4/TS_model.pkl
[2024-08-17T09:29:05.772+0000] {processor.py:830} INFO - Processing file /opt/airflow/dags/data/models/Netherlands.4/TS_model.pkl for tasks to queue
[2024-08-17T09:29:05.773+0000] {logging_mixin.py:188} INFO - [2024-08-17T09:29:05.773+0000] {dagbag.py:545} INFO - Filling up the DagBag from /opt/airflow/dags/data/models/Netherlands.4/TS_model.pkl
[2024-08-17T09:29:05.781+0000] {processor.py:842} WARNING - No viable dags retrieved from /opt/airflow/dags/data/models/Netherlands.4/TS_model.pkl
[2024-08-17T09:29:05.790+0000] {processor.py:183} INFO - Processing /opt/airflow/dags/data/models/Netherlands.4/TS_model.pkl took 0.022 seconds
[2024-08-17T09:29:37.773+0000] {processor.py:161} INFO - Started process (PID=6016) to work on /opt/airflow/dags/data/models/Netherlands.4/TS_model.pkl
[2024-08-17T09:29:37.773+0000] {processor.py:830} INFO - Processing file /opt/airflow/dags/data/models/Netherlands.4/TS_model.pkl for tasks to queue
[2024-08-17T09:29:37.775+0000] {logging_mixin.py:188} INFO - [2024-08-17T09:29:37.775+0000] {dagbag.py:545} INFO - Filling up the DagBag from /opt/airflow/dags/data/models/Netherlands.4/TS_model.pkl
[2024-08-17T09:29:37.784+0000] {processor.py:842} WARNING - No viable dags retrieved from /opt/airflow/dags/data/models/Netherlands.4/TS_model.pkl
[2024-08-17T09:29:37.792+0000] {processor.py:183} INFO - Processing /opt/airflow/dags/data/models/Netherlands.4/TS_model.pkl took 0.022 seconds
[2024-08-17T09:30:08.584+0000] {processor.py:161} INFO - Started process (PID=6451) to work on /opt/airflow/dags/data/models/Netherlands.4/TS_model.pkl
[2024-08-17T09:30:08.585+0000] {processor.py:830} INFO - Processing file /opt/airflow/dags/data/models/Netherlands.4/TS_model.pkl for tasks to queue
[2024-08-17T09:30:08.586+0000] {logging_mixin.py:188} INFO - [2024-08-17T09:30:08.585+0000] {dagbag.py:545} INFO - Filling up the DagBag from /opt/airflow/dags/data/models/Netherlands.4/TS_model.pkl
[2024-08-17T09:30:08.593+0000] {processor.py:842} WARNING - No viable dags retrieved from /opt/airflow/dags/data/models/Netherlands.4/TS_model.pkl
[2024-08-17T09:30:08.602+0000] {processor.py:183} INFO - Processing /opt/airflow/dags/data/models/Netherlands.4/TS_model.pkl took 0.021 seconds
