[2024-08-17T02:53:54.660+0000] {processor.py:161} INFO - Started process (PID=85315) to work on /opt/airflow/dags/data/models/Kuwait/TS_model.pkl
[2024-08-17T02:53:54.661+0000] {processor.py:830} INFO - Processing file /opt/airflow/dags/data/models/Kuwait/TS_model.pkl for tasks to queue
[2024-08-17T02:53:54.661+0000] {logging_mixin.py:188} INFO - [2024-08-17T02:53:54.661+0000] {dagbag.py:545} INFO - Filling up the DagBag from /opt/airflow/dags/data/models/Kuwait/TS_model.pkl
[2024-08-17T02:53:54.672+0000] {processor.py:842} WARNING - No viable dags retrieved from /opt/airflow/dags/data/models/Kuwait/TS_model.pkl
[2024-08-17T02:53:54.681+0000] {processor.py:183} INFO - Processing /opt/airflow/dags/data/models/Kuwait/TS_model.pkl took 0.026 seconds
[2024-08-17T02:54:25.717+0000] {processor.py:161} INFO - Started process (PID=85647) to work on /opt/airflow/dags/data/models/Kuwait/TS_model.pkl
[2024-08-17T02:54:25.717+0000] {processor.py:830} INFO - Processing file /opt/airflow/dags/data/models/Kuwait/TS_model.pkl for tasks to queue
[2024-08-17T02:54:25.718+0000] {logging_mixin.py:188} INFO - [2024-08-17T02:54:25.718+0000] {dagbag.py:545} INFO - Filling up the DagBag from /opt/airflow/dags/data/models/Kuwait/TS_model.pkl
[2024-08-17T02:54:25.728+0000] {processor.py:842} WARNING - No viable dags retrieved from /opt/airflow/dags/data/models/Kuwait/TS_model.pkl
[2024-08-17T02:54:25.738+0000] {processor.py:183} INFO - Processing /opt/airflow/dags/data/models/Kuwait/TS_model.pkl took 0.026 seconds
[2024-08-17T02:54:56.484+0000] {processor.py:161} INFO - Started process (PID=86005) to work on /opt/airflow/dags/data/models/Kuwait/TS_model.pkl
[2024-08-17T02:54:56.484+0000] {processor.py:830} INFO - Processing file /opt/airflow/dags/data/models/Kuwait/TS_model.pkl for tasks to queue
[2024-08-17T02:54:56.485+0000] {logging_mixin.py:188} INFO - [2024-08-17T02:54:56.485+0000] {dagbag.py:545} INFO - Filling up the DagBag from /opt/airflow/dags/data/models/Kuwait/TS_model.pkl
[2024-08-17T02:54:56.499+0000] {processor.py:842} WARNING - No viable dags retrieved from /opt/airflow/dags/data/models/Kuwait/TS_model.pkl
[2024-08-17T02:54:56.511+0000] {processor.py:183} INFO - Processing /opt/airflow/dags/data/models/Kuwait/TS_model.pkl took 0.032 seconds
[2024-08-17T02:55:27.380+0000] {processor.py:161} INFO - Started process (PID=86344) to work on /opt/airflow/dags/data/models/Kuwait/TS_model.pkl
[2024-08-17T02:55:27.381+0000] {processor.py:830} INFO - Processing file /opt/airflow/dags/data/models/Kuwait/TS_model.pkl for tasks to queue
[2024-08-17T02:55:27.382+0000] {logging_mixin.py:188} INFO - [2024-08-17T02:55:27.382+0000] {dagbag.py:545} INFO - Filling up the DagBag from /opt/airflow/dags/data/models/Kuwait/TS_model.pkl
[2024-08-17T02:55:27.392+0000] {processor.py:842} WARNING - No viable dags retrieved from /opt/airflow/dags/data/models/Kuwait/TS_model.pkl
[2024-08-17T02:55:27.403+0000] {processor.py:183} INFO - Processing /opt/airflow/dags/data/models/Kuwait/TS_model.pkl took 0.027 seconds
[2024-08-17T02:55:58.139+0000] {processor.py:161} INFO - Started process (PID=86695) to work on /opt/airflow/dags/data/models/Kuwait/TS_model.pkl
[2024-08-17T02:55:58.139+0000] {processor.py:830} INFO - Processing file /opt/airflow/dags/data/models/Kuwait/TS_model.pkl for tasks to queue
[2024-08-17T02:55:58.140+0000] {logging_mixin.py:188} INFO - [2024-08-17T02:55:58.140+0000] {dagbag.py:545} INFO - Filling up the DagBag from /opt/airflow/dags/data/models/Kuwait/TS_model.pkl
[2024-08-17T02:55:58.150+0000] {processor.py:842} WARNING - No viable dags retrieved from /opt/airflow/dags/data/models/Kuwait/TS_model.pkl
[2024-08-17T02:55:58.160+0000] {processor.py:183} INFO - Processing /opt/airflow/dags/data/models/Kuwait/TS_model.pkl took 0.025 seconds
[2024-08-17T02:56:29.084+0000] {processor.py:161} INFO - Started process (PID=87055) to work on /opt/airflow/dags/data/models/Kuwait/TS_model.pkl
[2024-08-17T02:56:29.085+0000] {processor.py:830} INFO - Processing file /opt/airflow/dags/data/models/Kuwait/TS_model.pkl for tasks to queue
[2024-08-17T02:56:29.086+0000] {logging_mixin.py:188} INFO - [2024-08-17T02:56:29.085+0000] {dagbag.py:545} INFO - Filling up the DagBag from /opt/airflow/dags/data/models/Kuwait/TS_model.pkl
[2024-08-17T02:56:29.098+0000] {processor.py:842} WARNING - No viable dags retrieved from /opt/airflow/dags/data/models/Kuwait/TS_model.pkl
[2024-08-17T02:56:29.109+0000] {processor.py:183} INFO - Processing /opt/airflow/dags/data/models/Kuwait/TS_model.pkl took 0.028 seconds
[2024-08-17T02:57:00.141+0000] {processor.py:161} INFO - Started process (PID=87387) to work on /opt/airflow/dags/data/models/Kuwait/TS_model.pkl
[2024-08-17T02:57:00.142+0000] {processor.py:830} INFO - Processing file /opt/airflow/dags/data/models/Kuwait/TS_model.pkl for tasks to queue
[2024-08-17T02:57:00.143+0000] {logging_mixin.py:188} INFO - [2024-08-17T02:57:00.142+0000] {dagbag.py:545} INFO - Filling up the DagBag from /opt/airflow/dags/data/models/Kuwait/TS_model.pkl
[2024-08-17T02:57:00.155+0000] {processor.py:842} WARNING - No viable dags retrieved from /opt/airflow/dags/data/models/Kuwait/TS_model.pkl
[2024-08-17T02:57:00.166+0000] {processor.py:183} INFO - Processing /opt/airflow/dags/data/models/Kuwait/TS_model.pkl took 0.030 seconds
[2024-08-17T02:57:30.907+0000] {processor.py:161} INFO - Started process (PID=87724) to work on /opt/airflow/dags/data/models/Kuwait/TS_model.pkl
[2024-08-17T02:57:30.908+0000] {processor.py:830} INFO - Processing file /opt/airflow/dags/data/models/Kuwait/TS_model.pkl for tasks to queue
[2024-08-17T02:57:30.909+0000] {logging_mixin.py:188} INFO - [2024-08-17T02:57:30.908+0000] {dagbag.py:545} INFO - Filling up the DagBag from /opt/airflow/dags/data/models/Kuwait/TS_model.pkl
[2024-08-17T02:57:30.923+0000] {processor.py:842} WARNING - No viable dags retrieved from /opt/airflow/dags/data/models/Kuwait/TS_model.pkl
[2024-08-17T02:57:30.933+0000] {processor.py:183} INFO - Processing /opt/airflow/dags/data/models/Kuwait/TS_model.pkl took 0.031 seconds
[2024-08-17T02:58:01.857+0000] {processor.py:161} INFO - Started process (PID=88056) to work on /opt/airflow/dags/data/models/Kuwait/TS_model.pkl
[2024-08-17T02:58:01.858+0000] {processor.py:830} INFO - Processing file /opt/airflow/dags/data/models/Kuwait/TS_model.pkl for tasks to queue
[2024-08-17T02:58:01.859+0000] {logging_mixin.py:188} INFO - [2024-08-17T02:58:01.859+0000] {dagbag.py:545} INFO - Filling up the DagBag from /opt/airflow/dags/data/models/Kuwait/TS_model.pkl
[2024-08-17T02:58:01.873+0000] {processor.py:842} WARNING - No viable dags retrieved from /opt/airflow/dags/data/models/Kuwait/TS_model.pkl
[2024-08-17T02:58:01.883+0000] {processor.py:183} INFO - Processing /opt/airflow/dags/data/models/Kuwait/TS_model.pkl took 0.031 seconds
[2024-08-17T02:58:32.560+0000] {processor.py:161} INFO - Started process (PID=88415) to work on /opt/airflow/dags/data/models/Kuwait/TS_model.pkl
[2024-08-17T02:58:32.561+0000] {processor.py:830} INFO - Processing file /opt/airflow/dags/data/models/Kuwait/TS_model.pkl for tasks to queue
[2024-08-17T02:58:32.562+0000] {logging_mixin.py:188} INFO - [2024-08-17T02:58:32.562+0000] {dagbag.py:545} INFO - Filling up the DagBag from /opt/airflow/dags/data/models/Kuwait/TS_model.pkl
[2024-08-17T02:58:32.576+0000] {processor.py:842} WARNING - No viable dags retrieved from /opt/airflow/dags/data/models/Kuwait/TS_model.pkl
[2024-08-17T02:58:32.588+0000] {processor.py:183} INFO - Processing /opt/airflow/dags/data/models/Kuwait/TS_model.pkl took 0.031 seconds
[2024-08-17T02:59:03.795+0000] {processor.py:161} INFO - Started process (PID=88803) to work on /opt/airflow/dags/data/models/Kuwait/TS_model.pkl
[2024-08-17T02:59:03.796+0000] {processor.py:830} INFO - Processing file /opt/airflow/dags/data/models/Kuwait/TS_model.pkl for tasks to queue
[2024-08-17T02:59:03.797+0000] {logging_mixin.py:188} INFO - [2024-08-17T02:59:03.796+0000] {dagbag.py:545} INFO - Filling up the DagBag from /opt/airflow/dags/data/models/Kuwait/TS_model.pkl
[2024-08-17T02:59:03.810+0000] {processor.py:842} WARNING - No viable dags retrieved from /opt/airflow/dags/data/models/Kuwait/TS_model.pkl
[2024-08-17T02:59:03.821+0000] {processor.py:183} INFO - Processing /opt/airflow/dags/data/models/Kuwait/TS_model.pkl took 0.029 seconds
[2024-08-17T02:59:34.879+0000] {processor.py:161} INFO - Started process (PID=89145) to work on /opt/airflow/dags/data/models/Kuwait/TS_model.pkl
[2024-08-17T02:59:34.880+0000] {processor.py:830} INFO - Processing file /opt/airflow/dags/data/models/Kuwait/TS_model.pkl for tasks to queue
[2024-08-17T02:59:34.881+0000] {logging_mixin.py:188} INFO - [2024-08-17T02:59:34.881+0000] {dagbag.py:545} INFO - Filling up the DagBag from /opt/airflow/dags/data/models/Kuwait/TS_model.pkl
[2024-08-17T02:59:34.889+0000] {processor.py:842} WARNING - No viable dags retrieved from /opt/airflow/dags/data/models/Kuwait/TS_model.pkl
[2024-08-17T02:59:34.900+0000] {processor.py:183} INFO - Processing /opt/airflow/dags/data/models/Kuwait/TS_model.pkl took 0.025 seconds
[2024-08-17T03:00:05.640+0000] {processor.py:161} INFO - Started process (PID=89529) to work on /opt/airflow/dags/data/models/Kuwait/TS_model.pkl
[2024-08-17T03:00:05.640+0000] {processor.py:830} INFO - Processing file /opt/airflow/dags/data/models/Kuwait/TS_model.pkl for tasks to queue
[2024-08-17T03:00:05.641+0000] {logging_mixin.py:188} INFO - [2024-08-17T03:00:05.641+0000] {dagbag.py:545} INFO - Filling up the DagBag from /opt/airflow/dags/data/models/Kuwait/TS_model.pkl
[2024-08-17T03:00:05.654+0000] {processor.py:842} WARNING - No viable dags retrieved from /opt/airflow/dags/data/models/Kuwait/TS_model.pkl
[2024-08-17T03:00:05.664+0000] {processor.py:183} INFO - Processing /opt/airflow/dags/data/models/Kuwait/TS_model.pkl took 0.029 seconds
[2024-08-17T03:00:36.709+0000] {processor.py:161} INFO - Started process (PID=89889) to work on /opt/airflow/dags/data/models/Kuwait/TS_model.pkl
[2024-08-17T03:00:36.710+0000] {processor.py:830} INFO - Processing file /opt/airflow/dags/data/models/Kuwait/TS_model.pkl for tasks to queue
[2024-08-17T03:00:36.710+0000] {logging_mixin.py:188} INFO - [2024-08-17T03:00:36.710+0000] {dagbag.py:545} INFO - Filling up the DagBag from /opt/airflow/dags/data/models/Kuwait/TS_model.pkl
[2024-08-17T03:00:36.718+0000] {processor.py:842} WARNING - No viable dags retrieved from /opt/airflow/dags/data/models/Kuwait/TS_model.pkl
[2024-08-17T03:00:36.729+0000] {processor.py:183} INFO - Processing /opt/airflow/dags/data/models/Kuwait/TS_model.pkl took 0.024 seconds
[2024-08-17T03:01:08.049+0000] {processor.py:161} INFO - Started process (PID=90255) to work on /opt/airflow/dags/data/models/Kuwait/TS_model.pkl
[2024-08-17T03:01:08.050+0000] {processor.py:830} INFO - Processing file /opt/airflow/dags/data/models/Kuwait/TS_model.pkl for tasks to queue
[2024-08-17T03:01:08.051+0000] {logging_mixin.py:188} INFO - [2024-08-17T03:01:08.050+0000] {dagbag.py:545} INFO - Filling up the DagBag from /opt/airflow/dags/data/models/Kuwait/TS_model.pkl
[2024-08-17T03:01:08.064+0000] {processor.py:842} WARNING - No viable dags retrieved from /opt/airflow/dags/data/models/Kuwait/TS_model.pkl
[2024-08-17T03:01:08.074+0000] {processor.py:183} INFO - Processing /opt/airflow/dags/data/models/Kuwait/TS_model.pkl took 0.028 seconds
[2024-08-17T03:01:39.240+0000] {processor.py:161} INFO - Started process (PID=90641) to work on /opt/airflow/dags/data/models/Kuwait/TS_model.pkl
[2024-08-17T03:01:39.241+0000] {processor.py:830} INFO - Processing file /opt/airflow/dags/data/models/Kuwait/TS_model.pkl for tasks to queue
[2024-08-17T03:01:39.241+0000] {logging_mixin.py:188} INFO - [2024-08-17T03:01:39.241+0000] {dagbag.py:545} INFO - Filling up the DagBag from /opt/airflow/dags/data/models/Kuwait/TS_model.pkl
[2024-08-17T03:01:39.254+0000] {processor.py:842} WARNING - No viable dags retrieved from /opt/airflow/dags/data/models/Kuwait/TS_model.pkl
[2024-08-17T03:01:39.265+0000] {processor.py:183} INFO - Processing /opt/airflow/dags/data/models/Kuwait/TS_model.pkl took 0.030 seconds
[2024-08-17T03:02:11.001+0000] {processor.py:161} INFO - Started process (PID=91002) to work on /opt/airflow/dags/data/models/Kuwait/TS_model.pkl
[2024-08-17T03:02:11.001+0000] {processor.py:830} INFO - Processing file /opt/airflow/dags/data/models/Kuwait/TS_model.pkl for tasks to queue
[2024-08-17T03:02:11.002+0000] {logging_mixin.py:188} INFO - [2024-08-17T03:02:11.002+0000] {dagbag.py:545} INFO - Filling up the DagBag from /opt/airflow/dags/data/models/Kuwait/TS_model.pkl
[2024-08-17T03:02:11.014+0000] {processor.py:842} WARNING - No viable dags retrieved from /opt/airflow/dags/data/models/Kuwait/TS_model.pkl
[2024-08-17T03:02:11.025+0000] {processor.py:183} INFO - Processing /opt/airflow/dags/data/models/Kuwait/TS_model.pkl took 0.028 seconds
[2024-08-17T03:02:42.323+0000] {processor.py:161} INFO - Started process (PID=91389) to work on /opt/airflow/dags/data/models/Kuwait/TS_model.pkl
[2024-08-17T03:02:42.324+0000] {processor.py:830} INFO - Processing file /opt/airflow/dags/data/models/Kuwait/TS_model.pkl for tasks to queue
[2024-08-17T03:02:42.324+0000] {logging_mixin.py:188} INFO - [2024-08-17T03:02:42.324+0000] {dagbag.py:545} INFO - Filling up the DagBag from /opt/airflow/dags/data/models/Kuwait/TS_model.pkl
[2024-08-17T03:02:42.333+0000] {processor.py:842} WARNING - No viable dags retrieved from /opt/airflow/dags/data/models/Kuwait/TS_model.pkl
[2024-08-17T03:02:42.342+0000] {processor.py:183} INFO - Processing /opt/airflow/dags/data/models/Kuwait/TS_model.pkl took 0.024 seconds
[2024-08-17T03:03:13.559+0000] {processor.py:161} INFO - Started process (PID=91756) to work on /opt/airflow/dags/data/models/Kuwait/TS_model.pkl
[2024-08-17T03:03:13.560+0000] {processor.py:830} INFO - Processing file /opt/airflow/dags/data/models/Kuwait/TS_model.pkl for tasks to queue
[2024-08-17T03:03:13.560+0000] {logging_mixin.py:188} INFO - [2024-08-17T03:03:13.560+0000] {dagbag.py:545} INFO - Filling up the DagBag from /opt/airflow/dags/data/models/Kuwait/TS_model.pkl
[2024-08-17T03:03:13.570+0000] {processor.py:842} WARNING - No viable dags retrieved from /opt/airflow/dags/data/models/Kuwait/TS_model.pkl
[2024-08-17T03:03:13.580+0000] {processor.py:183} INFO - Processing /opt/airflow/dags/data/models/Kuwait/TS_model.pkl took 0.026 seconds
[2024-08-17T03:03:44.733+0000] {processor.py:161} INFO - Started process (PID=92114) to work on /opt/airflow/dags/data/models/Kuwait/TS_model.pkl
[2024-08-17T03:03:44.734+0000] {processor.py:830} INFO - Processing file /opt/airflow/dags/data/models/Kuwait/TS_model.pkl for tasks to queue
[2024-08-17T03:03:44.735+0000] {logging_mixin.py:188} INFO - [2024-08-17T03:03:44.735+0000] {dagbag.py:545} INFO - Filling up the DagBag from /opt/airflow/dags/data/models/Kuwait/TS_model.pkl
[2024-08-17T03:03:44.750+0000] {processor.py:842} WARNING - No viable dags retrieved from /opt/airflow/dags/data/models/Kuwait/TS_model.pkl
[2024-08-17T03:03:44.760+0000] {processor.py:183} INFO - Processing /opt/airflow/dags/data/models/Kuwait/TS_model.pkl took 0.033 seconds
[2024-08-17T03:04:15.689+0000] {processor.py:161} INFO - Started process (PID=92511) to work on /opt/airflow/dags/data/models/Kuwait/TS_model.pkl
[2024-08-17T03:04:15.690+0000] {processor.py:830} INFO - Processing file /opt/airflow/dags/data/models/Kuwait/TS_model.pkl for tasks to queue
[2024-08-17T03:04:15.691+0000] {logging_mixin.py:188} INFO - [2024-08-17T03:04:15.691+0000] {dagbag.py:545} INFO - Filling up the DagBag from /opt/airflow/dags/data/models/Kuwait/TS_model.pkl
[2024-08-17T03:04:15.704+0000] {processor.py:842} WARNING - No viable dags retrieved from /opt/airflow/dags/data/models/Kuwait/TS_model.pkl
[2024-08-17T03:04:15.715+0000] {processor.py:183} INFO - Processing /opt/airflow/dags/data/models/Kuwait/TS_model.pkl took 0.029 seconds
[2024-08-17T03:04:46.324+0000] {processor.py:161} INFO - Started process (PID=92898) to work on /opt/airflow/dags/data/models/Kuwait/TS_model.pkl
[2024-08-17T03:04:46.325+0000] {processor.py:830} INFO - Processing file /opt/airflow/dags/data/models/Kuwait/TS_model.pkl for tasks to queue
[2024-08-17T03:04:46.325+0000] {logging_mixin.py:188} INFO - [2024-08-17T03:04:46.325+0000] {dagbag.py:545} INFO - Filling up the DagBag from /opt/airflow/dags/data/models/Kuwait/TS_model.pkl
[2024-08-17T03:04:46.337+0000] {processor.py:842} WARNING - No viable dags retrieved from /opt/airflow/dags/data/models/Kuwait/TS_model.pkl
[2024-08-17T03:04:46.348+0000] {processor.py:183} INFO - Processing /opt/airflow/dags/data/models/Kuwait/TS_model.pkl took 0.028 seconds
[2024-08-17T03:05:17.107+0000] {processor.py:161} INFO - Started process (PID=93313) to work on /opt/airflow/dags/data/models/Kuwait/TS_model.pkl
[2024-08-17T03:05:17.107+0000] {processor.py:830} INFO - Processing file /opt/airflow/dags/data/models/Kuwait/TS_model.pkl for tasks to queue
[2024-08-17T03:05:17.108+0000] {logging_mixin.py:188} INFO - [2024-08-17T03:05:17.108+0000] {dagbag.py:545} INFO - Filling up the DagBag from /opt/airflow/dags/data/models/Kuwait/TS_model.pkl
[2024-08-17T03:05:17.120+0000] {processor.py:842} WARNING - No viable dags retrieved from /opt/airflow/dags/data/models/Kuwait/TS_model.pkl
[2024-08-17T03:05:17.130+0000] {processor.py:183} INFO - Processing /opt/airflow/dags/data/models/Kuwait/TS_model.pkl took 0.027 seconds
[2024-08-17T03:05:47.753+0000] {processor.py:161} INFO - Started process (PID=93703) to work on /opt/airflow/dags/data/models/Kuwait/TS_model.pkl
[2024-08-17T03:05:47.753+0000] {processor.py:830} INFO - Processing file /opt/airflow/dags/data/models/Kuwait/TS_model.pkl for tasks to queue
[2024-08-17T03:05:47.754+0000] {logging_mixin.py:188} INFO - [2024-08-17T03:05:47.754+0000] {dagbag.py:545} INFO - Filling up the DagBag from /opt/airflow/dags/data/models/Kuwait/TS_model.pkl
[2024-08-17T03:05:47.766+0000] {processor.py:842} WARNING - No viable dags retrieved from /opt/airflow/dags/data/models/Kuwait/TS_model.pkl
[2024-08-17T03:05:47.777+0000] {processor.py:183} INFO - Processing /opt/airflow/dags/data/models/Kuwait/TS_model.pkl took 0.029 seconds
[2024-08-17T03:06:18.562+0000] {processor.py:161} INFO - Started process (PID=94119) to work on /opt/airflow/dags/data/models/Kuwait/TS_model.pkl
[2024-08-17T03:06:18.563+0000] {processor.py:830} INFO - Processing file /opt/airflow/dags/data/models/Kuwait/TS_model.pkl for tasks to queue
[2024-08-17T03:06:18.564+0000] {logging_mixin.py:188} INFO - [2024-08-17T03:06:18.563+0000] {dagbag.py:545} INFO - Filling up the DagBag from /opt/airflow/dags/data/models/Kuwait/TS_model.pkl
[2024-08-17T03:06:18.575+0000] {processor.py:842} WARNING - No viable dags retrieved from /opt/airflow/dags/data/models/Kuwait/TS_model.pkl
[2024-08-17T03:06:18.586+0000] {processor.py:183} INFO - Processing /opt/airflow/dags/data/models/Kuwait/TS_model.pkl took 0.027 seconds
[2024-08-17T03:06:49.461+0000] {processor.py:161} INFO - Started process (PID=94496) to work on /opt/airflow/dags/data/models/Kuwait/TS_model.pkl
[2024-08-17T03:06:49.462+0000] {processor.py:830} INFO - Processing file /opt/airflow/dags/data/models/Kuwait/TS_model.pkl for tasks to queue
[2024-08-17T03:06:49.463+0000] {logging_mixin.py:188} INFO - [2024-08-17T03:06:49.463+0000] {dagbag.py:545} INFO - Filling up the DagBag from /opt/airflow/dags/data/models/Kuwait/TS_model.pkl
[2024-08-17T03:06:49.474+0000] {processor.py:842} WARNING - No viable dags retrieved from /opt/airflow/dags/data/models/Kuwait/TS_model.pkl
[2024-08-17T03:06:49.484+0000] {processor.py:183} INFO - Processing /opt/airflow/dags/data/models/Kuwait/TS_model.pkl took 0.027 seconds
[2024-08-17T03:07:20.293+0000] {processor.py:161} INFO - Started process (PID=94903) to work on /opt/airflow/dags/data/models/Kuwait/TS_model.pkl
[2024-08-17T03:07:20.294+0000] {processor.py:830} INFO - Processing file /opt/airflow/dags/data/models/Kuwait/TS_model.pkl for tasks to queue
[2024-08-17T03:07:20.294+0000] {logging_mixin.py:188} INFO - [2024-08-17T03:07:20.294+0000] {dagbag.py:545} INFO - Filling up the DagBag from /opt/airflow/dags/data/models/Kuwait/TS_model.pkl
[2024-08-17T03:07:20.307+0000] {processor.py:842} WARNING - No viable dags retrieved from /opt/airflow/dags/data/models/Kuwait/TS_model.pkl
[2024-08-17T03:07:20.316+0000] {processor.py:183} INFO - Processing /opt/airflow/dags/data/models/Kuwait/TS_model.pkl took 0.027 seconds
[2024-08-17T03:07:50.861+0000] {processor.py:161} INFO - Started process (PID=95317) to work on /opt/airflow/dags/data/models/Kuwait/TS_model.pkl
[2024-08-17T03:07:50.862+0000] {processor.py:830} INFO - Processing file /opt/airflow/dags/data/models/Kuwait/TS_model.pkl for tasks to queue
[2024-08-17T03:07:50.863+0000] {logging_mixin.py:188} INFO - [2024-08-17T03:07:50.862+0000] {dagbag.py:545} INFO - Filling up the DagBag from /opt/airflow/dags/data/models/Kuwait/TS_model.pkl
[2024-08-17T03:07:50.873+0000] {processor.py:842} WARNING - No viable dags retrieved from /opt/airflow/dags/data/models/Kuwait/TS_model.pkl
[2024-08-17T03:07:50.884+0000] {processor.py:183} INFO - Processing /opt/airflow/dags/data/models/Kuwait/TS_model.pkl took 0.026 seconds
[2024-08-17T03:08:21.934+0000] {processor.py:161} INFO - Started process (PID=95705) to work on /opt/airflow/dags/data/models/Kuwait/TS_model.pkl
[2024-08-17T03:08:21.935+0000] {processor.py:830} INFO - Processing file /opt/airflow/dags/data/models/Kuwait/TS_model.pkl for tasks to queue
[2024-08-17T03:08:21.936+0000] {logging_mixin.py:188} INFO - [2024-08-17T03:08:21.936+0000] {dagbag.py:545} INFO - Filling up the DagBag from /opt/airflow/dags/data/models/Kuwait/TS_model.pkl
[2024-08-17T03:08:21.951+0000] {processor.py:842} WARNING - No viable dags retrieved from /opt/airflow/dags/data/models/Kuwait/TS_model.pkl
[2024-08-17T03:08:21.963+0000] {processor.py:183} INFO - Processing /opt/airflow/dags/data/models/Kuwait/TS_model.pkl took 0.034 seconds
[2024-08-17T03:09:02.362+0000] {processor.py:161} INFO - Started process (PID=96175) to work on /opt/airflow/dags/data/models/Kuwait/TS_model.pkl
[2024-08-17T03:09:02.363+0000] {processor.py:830} INFO - Processing file /opt/airflow/dags/data/models/Kuwait/TS_model.pkl for tasks to queue
[2024-08-17T03:09:02.364+0000] {logging_mixin.py:188} INFO - [2024-08-17T03:09:02.363+0000] {dagbag.py:545} INFO - Filling up the DagBag from /opt/airflow/dags/data/models/Kuwait/TS_model.pkl
[2024-08-17T03:09:02.377+0000] {processor.py:842} WARNING - No viable dags retrieved from /opt/airflow/dags/data/models/Kuwait/TS_model.pkl
[2024-08-17T03:09:02.390+0000] {processor.py:183} INFO - Processing /opt/airflow/dags/data/models/Kuwait/TS_model.pkl took 0.033 seconds
[2024-08-17T03:09:34.119+0000] {processor.py:161} INFO - Started process (PID=96592) to work on /opt/airflow/dags/data/models/Kuwait/TS_model.pkl
[2024-08-17T03:09:34.120+0000] {processor.py:830} INFO - Processing file /opt/airflow/dags/data/models/Kuwait/TS_model.pkl for tasks to queue
[2024-08-17T03:09:34.120+0000] {logging_mixin.py:188} INFO - [2024-08-17T03:09:34.120+0000] {dagbag.py:545} INFO - Filling up the DagBag from /opt/airflow/dags/data/models/Kuwait/TS_model.pkl
[2024-08-17T03:09:34.133+0000] {processor.py:842} WARNING - No viable dags retrieved from /opt/airflow/dags/data/models/Kuwait/TS_model.pkl
[2024-08-17T03:09:34.145+0000] {processor.py:183} INFO - Processing /opt/airflow/dags/data/models/Kuwait/TS_model.pkl took 0.030 seconds
[2024-08-17T03:10:05.690+0000] {processor.py:161} INFO - Started process (PID=97035) to work on /opt/airflow/dags/data/models/Kuwait/TS_model.pkl
[2024-08-17T03:10:05.692+0000] {processor.py:830} INFO - Processing file /opt/airflow/dags/data/models/Kuwait/TS_model.pkl for tasks to queue
[2024-08-17T03:10:05.692+0000] {logging_mixin.py:188} INFO - [2024-08-17T03:10:05.692+0000] {dagbag.py:545} INFO - Filling up the DagBag from /opt/airflow/dags/data/models/Kuwait/TS_model.pkl
[2024-08-17T03:10:05.703+0000] {processor.py:842} WARNING - No viable dags retrieved from /opt/airflow/dags/data/models/Kuwait/TS_model.pkl
[2024-08-17T03:10:05.713+0000] {processor.py:183} INFO - Processing /opt/airflow/dags/data/models/Kuwait/TS_model.pkl took 0.028 seconds
[2024-08-17T03:10:36.803+0000] {processor.py:161} INFO - Started process (PID=97458) to work on /opt/airflow/dags/data/models/Kuwait/TS_model.pkl
[2024-08-17T03:10:36.804+0000] {processor.py:830} INFO - Processing file /opt/airflow/dags/data/models/Kuwait/TS_model.pkl for tasks to queue
[2024-08-17T03:10:36.804+0000] {logging_mixin.py:188} INFO - [2024-08-17T03:10:36.804+0000] {dagbag.py:545} INFO - Filling up the DagBag from /opt/airflow/dags/data/models/Kuwait/TS_model.pkl
[2024-08-17T03:10:36.818+0000] {processor.py:842} WARNING - No viable dags retrieved from /opt/airflow/dags/data/models/Kuwait/TS_model.pkl
[2024-08-17T03:10:36.829+0000] {processor.py:183} INFO - Processing /opt/airflow/dags/data/models/Kuwait/TS_model.pkl took 0.029 seconds
[2024-08-17T03:11:07.979+0000] {processor.py:161} INFO - Started process (PID=97895) to work on /opt/airflow/dags/data/models/Kuwait/TS_model.pkl
[2024-08-17T03:11:07.980+0000] {processor.py:830} INFO - Processing file /opt/airflow/dags/data/models/Kuwait/TS_model.pkl for tasks to queue
[2024-08-17T03:11:07.980+0000] {logging_mixin.py:188} INFO - [2024-08-17T03:11:07.980+0000] {dagbag.py:545} INFO - Filling up the DagBag from /opt/airflow/dags/data/models/Kuwait/TS_model.pkl
[2024-08-17T03:11:07.991+0000] {processor.py:842} WARNING - No viable dags retrieved from /opt/airflow/dags/data/models/Kuwait/TS_model.pkl
[2024-08-17T03:11:08.001+0000] {processor.py:183} INFO - Processing /opt/airflow/dags/data/models/Kuwait/TS_model.pkl took 0.026 seconds
[2024-08-17T03:11:38.819+0000] {processor.py:161} INFO - Started process (PID=98338) to work on /opt/airflow/dags/data/models/Kuwait/TS_model.pkl
[2024-08-17T03:11:38.819+0000] {processor.py:830} INFO - Processing file /opt/airflow/dags/data/models/Kuwait/TS_model.pkl for tasks to queue
[2024-08-17T03:11:38.820+0000] {logging_mixin.py:188} INFO - [2024-08-17T03:11:38.820+0000] {dagbag.py:545} INFO - Filling up the DagBag from /opt/airflow/dags/data/models/Kuwait/TS_model.pkl
[2024-08-17T03:11:38.838+0000] {processor.py:842} WARNING - No viable dags retrieved from /opt/airflow/dags/data/models/Kuwait/TS_model.pkl
[2024-08-17T03:11:38.848+0000] {processor.py:183} INFO - Processing /opt/airflow/dags/data/models/Kuwait/TS_model.pkl took 0.033 seconds
[2024-08-17T03:12:10.701+0000] {processor.py:161} INFO - Started process (PID=98757) to work on /opt/airflow/dags/data/models/Kuwait/TS_model.pkl
[2024-08-17T03:12:10.703+0000] {processor.py:830} INFO - Processing file /opt/airflow/dags/data/models/Kuwait/TS_model.pkl for tasks to queue
[2024-08-17T03:12:10.703+0000] {logging_mixin.py:188} INFO - [2024-08-17T03:12:10.703+0000] {dagbag.py:545} INFO - Filling up the DagBag from /opt/airflow/dags/data/models/Kuwait/TS_model.pkl
[2024-08-17T03:12:10.714+0000] {processor.py:842} WARNING - No viable dags retrieved from /opt/airflow/dags/data/models/Kuwait/TS_model.pkl
[2024-08-17T03:12:10.725+0000] {processor.py:183} INFO - Processing /opt/airflow/dags/data/models/Kuwait/TS_model.pkl took 0.029 seconds
[2024-08-17T03:12:41.268+0000] {processor.py:161} INFO - Started process (PID=99179) to work on /opt/airflow/dags/data/models/Kuwait/TS_model.pkl
[2024-08-17T03:12:41.269+0000] {processor.py:830} INFO - Processing file /opt/airflow/dags/data/models/Kuwait/TS_model.pkl for tasks to queue
[2024-08-17T03:12:41.270+0000] {logging_mixin.py:188} INFO - [2024-08-17T03:12:41.269+0000] {dagbag.py:545} INFO - Filling up the DagBag from /opt/airflow/dags/data/models/Kuwait/TS_model.pkl
[2024-08-17T03:12:41.278+0000] {processor.py:842} WARNING - No viable dags retrieved from /opt/airflow/dags/data/models/Kuwait/TS_model.pkl
[2024-08-17T03:12:41.289+0000] {processor.py:183} INFO - Processing /opt/airflow/dags/data/models/Kuwait/TS_model.pkl took 0.025 seconds
[2024-08-17T03:13:12.165+0000] {processor.py:161} INFO - Started process (PID=99603) to work on /opt/airflow/dags/data/models/Kuwait/TS_model.pkl
[2024-08-17T03:13:12.165+0000] {processor.py:830} INFO - Processing file /opt/airflow/dags/data/models/Kuwait/TS_model.pkl for tasks to queue
[2024-08-17T03:13:12.166+0000] {logging_mixin.py:188} INFO - [2024-08-17T03:13:12.166+0000] {dagbag.py:545} INFO - Filling up the DagBag from /opt/airflow/dags/data/models/Kuwait/TS_model.pkl
[2024-08-17T03:13:12.177+0000] {processor.py:842} WARNING - No viable dags retrieved from /opt/airflow/dags/data/models/Kuwait/TS_model.pkl
[2024-08-17T03:13:12.187+0000] {processor.py:183} INFO - Processing /opt/airflow/dags/data/models/Kuwait/TS_model.pkl took 0.028 seconds
[2024-08-17T03:13:42.729+0000] {processor.py:161} INFO - Started process (PID=342) to work on /opt/airflow/dags/data/models/Kuwait/TS_model.pkl
[2024-08-17T03:13:42.730+0000] {processor.py:830} INFO - Processing file /opt/airflow/dags/data/models/Kuwait/TS_model.pkl for tasks to queue
[2024-08-17T03:13:42.731+0000] {logging_mixin.py:188} INFO - [2024-08-17T03:13:42.730+0000] {dagbag.py:545} INFO - Filling up the DagBag from /opt/airflow/dags/data/models/Kuwait/TS_model.pkl
[2024-08-17T03:13:42.740+0000] {processor.py:842} WARNING - No viable dags retrieved from /opt/airflow/dags/data/models/Kuwait/TS_model.pkl
[2024-08-17T03:13:42.750+0000] {processor.py:183} INFO - Processing /opt/airflow/dags/data/models/Kuwait/TS_model.pkl took 0.026 seconds
[2024-08-17T03:14:13.499+0000] {processor.py:161} INFO - Started process (PID=796) to work on /opt/airflow/dags/data/models/Kuwait/TS_model.pkl
[2024-08-17T03:14:13.500+0000] {processor.py:830} INFO - Processing file /opt/airflow/dags/data/models/Kuwait/TS_model.pkl for tasks to queue
[2024-08-17T03:14:13.500+0000] {logging_mixin.py:188} INFO - [2024-08-17T03:14:13.500+0000] {dagbag.py:545} INFO - Filling up the DagBag from /opt/airflow/dags/data/models/Kuwait/TS_model.pkl
[2024-08-17T03:14:13.512+0000] {processor.py:842} WARNING - No viable dags retrieved from /opt/airflow/dags/data/models/Kuwait/TS_model.pkl
[2024-08-17T03:14:13.521+0000] {processor.py:183} INFO - Processing /opt/airflow/dags/data/models/Kuwait/TS_model.pkl took 0.026 seconds
[2024-08-17T03:14:44.390+0000] {processor.py:161} INFO - Started process (PID=1224) to work on /opt/airflow/dags/data/models/Kuwait/TS_model.pkl
[2024-08-17T03:14:44.391+0000] {processor.py:830} INFO - Processing file /opt/airflow/dags/data/models/Kuwait/TS_model.pkl for tasks to queue
[2024-08-17T03:14:44.392+0000] {logging_mixin.py:188} INFO - [2024-08-17T03:14:44.392+0000] {dagbag.py:545} INFO - Filling up the DagBag from /opt/airflow/dags/data/models/Kuwait/TS_model.pkl
[2024-08-17T03:14:44.403+0000] {processor.py:842} WARNING - No viable dags retrieved from /opt/airflow/dags/data/models/Kuwait/TS_model.pkl
[2024-08-17T03:14:44.412+0000] {processor.py:183} INFO - Processing /opt/airflow/dags/data/models/Kuwait/TS_model.pkl took 0.026 seconds
[2024-08-17T03:15:16.218+0000] {processor.py:161} INFO - Started process (PID=1682) to work on /opt/airflow/dags/data/models/Kuwait/TS_model.pkl
[2024-08-17T03:15:16.218+0000] {processor.py:830} INFO - Processing file /opt/airflow/dags/data/models/Kuwait/TS_model.pkl for tasks to queue
[2024-08-17T03:15:16.219+0000] {logging_mixin.py:188} INFO - [2024-08-17T03:15:16.219+0000] {dagbag.py:545} INFO - Filling up the DagBag from /opt/airflow/dags/data/models/Kuwait/TS_model.pkl
[2024-08-17T03:15:16.231+0000] {processor.py:842} WARNING - No viable dags retrieved from /opt/airflow/dags/data/models/Kuwait/TS_model.pkl
[2024-08-17T03:15:16.241+0000] {processor.py:183} INFO - Processing /opt/airflow/dags/data/models/Kuwait/TS_model.pkl took 0.027 seconds
[2024-08-17T03:15:47.065+0000] {processor.py:161} INFO - Started process (PID=2091) to work on /opt/airflow/dags/data/models/Kuwait/TS_model.pkl
[2024-08-17T03:15:47.066+0000] {processor.py:830} INFO - Processing file /opt/airflow/dags/data/models/Kuwait/TS_model.pkl for tasks to queue
[2024-08-17T03:15:47.066+0000] {logging_mixin.py:188} INFO - [2024-08-17T03:15:47.066+0000] {dagbag.py:545} INFO - Filling up the DagBag from /opt/airflow/dags/data/models/Kuwait/TS_model.pkl
[2024-08-17T03:15:47.091+0000] {processor.py:842} WARNING - No viable dags retrieved from /opt/airflow/dags/data/models/Kuwait/TS_model.pkl
[2024-08-17T03:15:47.101+0000] {processor.py:183} INFO - Processing /opt/airflow/dags/data/models/Kuwait/TS_model.pkl took 0.039 seconds
[2024-08-17T03:16:17.948+0000] {processor.py:161} INFO - Started process (PID=2538) to work on /opt/airflow/dags/data/models/Kuwait/TS_model.pkl
[2024-08-17T03:16:17.949+0000] {processor.py:830} INFO - Processing file /opt/airflow/dags/data/models/Kuwait/TS_model.pkl for tasks to queue
[2024-08-17T03:16:17.950+0000] {logging_mixin.py:188} INFO - [2024-08-17T03:16:17.949+0000] {dagbag.py:545} INFO - Filling up the DagBag from /opt/airflow/dags/data/models/Kuwait/TS_model.pkl
[2024-08-17T03:16:17.958+0000] {processor.py:842} WARNING - No viable dags retrieved from /opt/airflow/dags/data/models/Kuwait/TS_model.pkl
[2024-08-17T03:16:17.967+0000] {processor.py:183} INFO - Processing /opt/airflow/dags/data/models/Kuwait/TS_model.pkl took 0.022 seconds
[2024-08-17T03:16:49.394+0000] {processor.py:161} INFO - Started process (PID=2992) to work on /opt/airflow/dags/data/models/Kuwait/TS_model.pkl
[2024-08-17T03:16:49.395+0000] {processor.py:830} INFO - Processing file /opt/airflow/dags/data/models/Kuwait/TS_model.pkl for tasks to queue
[2024-08-17T03:16:49.398+0000] {logging_mixin.py:188} INFO - [2024-08-17T03:16:49.397+0000] {dagbag.py:545} INFO - Filling up the DagBag from /opt/airflow/dags/data/models/Kuwait/TS_model.pkl
[2024-08-17T03:16:49.418+0000] {processor.py:842} WARNING - No viable dags retrieved from /opt/airflow/dags/data/models/Kuwait/TS_model.pkl
[2024-08-17T03:16:49.428+0000] {processor.py:183} INFO - Processing /opt/airflow/dags/data/models/Kuwait/TS_model.pkl took 0.038 seconds
[2024-08-17T03:17:21.393+0000] {processor.py:161} INFO - Started process (PID=3408) to work on /opt/airflow/dags/data/models/Kuwait/TS_model.pkl
[2024-08-17T03:17:21.393+0000] {processor.py:830} INFO - Processing file /opt/airflow/dags/data/models/Kuwait/TS_model.pkl for tasks to queue
[2024-08-17T03:17:21.394+0000] {logging_mixin.py:188} INFO - [2024-08-17T03:17:21.394+0000] {dagbag.py:545} INFO - Filling up the DagBag from /opt/airflow/dags/data/models/Kuwait/TS_model.pkl
[2024-08-17T03:17:21.405+0000] {processor.py:842} WARNING - No viable dags retrieved from /opt/airflow/dags/data/models/Kuwait/TS_model.pkl
[2024-08-17T03:17:21.415+0000] {processor.py:183} INFO - Processing /opt/airflow/dags/data/models/Kuwait/TS_model.pkl took 0.027 seconds
[2024-08-17T03:17:52.382+0000] {processor.py:161} INFO - Started process (PID=3853) to work on /opt/airflow/dags/data/models/Kuwait/TS_model.pkl
[2024-08-17T03:17:52.383+0000] {processor.py:830} INFO - Processing file /opt/airflow/dags/data/models/Kuwait/TS_model.pkl for tasks to queue
[2024-08-17T03:17:52.383+0000] {logging_mixin.py:188} INFO - [2024-08-17T03:17:52.383+0000] {dagbag.py:545} INFO - Filling up the DagBag from /opt/airflow/dags/data/models/Kuwait/TS_model.pkl
[2024-08-17T03:17:52.392+0000] {processor.py:842} WARNING - No viable dags retrieved from /opt/airflow/dags/data/models/Kuwait/TS_model.pkl
[2024-08-17T03:17:52.401+0000] {processor.py:183} INFO - Processing /opt/airflow/dags/data/models/Kuwait/TS_model.pkl took 0.022 seconds
[2024-08-17T03:18:23.124+0000] {processor.py:161} INFO - Started process (PID=4307) to work on /opt/airflow/dags/data/models/Kuwait/TS_model.pkl
[2024-08-17T03:18:23.124+0000] {processor.py:830} INFO - Processing file /opt/airflow/dags/data/models/Kuwait/TS_model.pkl for tasks to queue
[2024-08-17T03:18:23.125+0000] {logging_mixin.py:188} INFO - [2024-08-17T03:18:23.125+0000] {dagbag.py:545} INFO - Filling up the DagBag from /opt/airflow/dags/data/models/Kuwait/TS_model.pkl
[2024-08-17T03:18:23.132+0000] {processor.py:842} WARNING - No viable dags retrieved from /opt/airflow/dags/data/models/Kuwait/TS_model.pkl
[2024-08-17T03:18:23.141+0000] {processor.py:183} INFO - Processing /opt/airflow/dags/data/models/Kuwait/TS_model.pkl took 0.021 seconds
[2024-08-17T03:18:57.920+0000] {processor.py:161} INFO - Started process (PID=4740) to work on /opt/airflow/dags/data/models/Kuwait/TS_model.pkl
[2024-08-17T03:18:57.920+0000] {processor.py:830} INFO - Processing file /opt/airflow/dags/data/models/Kuwait/TS_model.pkl for tasks to queue
[2024-08-17T03:18:57.921+0000] {logging_mixin.py:188} INFO - [2024-08-17T03:18:57.920+0000] {dagbag.py:545} INFO - Filling up the DagBag from /opt/airflow/dags/data/models/Kuwait/TS_model.pkl
[2024-08-17T03:18:57.929+0000] {processor.py:842} WARNING - No viable dags retrieved from /opt/airflow/dags/data/models/Kuwait/TS_model.pkl
[2024-08-17T03:18:57.938+0000] {processor.py:183} INFO - Processing /opt/airflow/dags/data/models/Kuwait/TS_model.pkl took 0.022 seconds
[2024-08-17T03:19:29.127+0000] {processor.py:161} INFO - Started process (PID=5168) to work on /opt/airflow/dags/data/models/Kuwait/TS_model.pkl
[2024-08-17T03:19:29.127+0000] {processor.py:830} INFO - Processing file /opt/airflow/dags/data/models/Kuwait/TS_model.pkl for tasks to queue
[2024-08-17T03:19:29.128+0000] {logging_mixin.py:188} INFO - [2024-08-17T03:19:29.128+0000] {dagbag.py:545} INFO - Filling up the DagBag from /opt/airflow/dags/data/models/Kuwait/TS_model.pkl
[2024-08-17T03:19:29.136+0000] {processor.py:842} WARNING - No viable dags retrieved from /opt/airflow/dags/data/models/Kuwait/TS_model.pkl
[2024-08-17T03:19:29.145+0000] {processor.py:183} INFO - Processing /opt/airflow/dags/data/models/Kuwait/TS_model.pkl took 0.022 seconds
[2024-08-17T03:20:00.082+0000] {processor.py:161} INFO - Started process (PID=5622) to work on /opt/airflow/dags/data/models/Kuwait/TS_model.pkl
[2024-08-17T03:20:00.082+0000] {processor.py:830} INFO - Processing file /opt/airflow/dags/data/models/Kuwait/TS_model.pkl for tasks to queue
[2024-08-17T03:20:00.083+0000] {logging_mixin.py:188} INFO - [2024-08-17T03:20:00.083+0000] {dagbag.py:545} INFO - Filling up the DagBag from /opt/airflow/dags/data/models/Kuwait/TS_model.pkl
[2024-08-17T03:20:00.091+0000] {processor.py:842} WARNING - No viable dags retrieved from /opt/airflow/dags/data/models/Kuwait/TS_model.pkl
[2024-08-17T03:20:00.099+0000] {processor.py:183} INFO - Processing /opt/airflow/dags/data/models/Kuwait/TS_model.pkl took 0.021 seconds
[2024-08-17T03:20:30.749+0000] {processor.py:161} INFO - Started process (PID=6057) to work on /opt/airflow/dags/data/models/Kuwait/TS_model.pkl
[2024-08-17T03:20:30.749+0000] {processor.py:830} INFO - Processing file /opt/airflow/dags/data/models/Kuwait/TS_model.pkl for tasks to queue
[2024-08-17T03:20:30.750+0000] {logging_mixin.py:188} INFO - [2024-08-17T03:20:30.750+0000] {dagbag.py:545} INFO - Filling up the DagBag from /opt/airflow/dags/data/models/Kuwait/TS_model.pkl
[2024-08-17T03:20:30.759+0000] {processor.py:842} WARNING - No viable dags retrieved from /opt/airflow/dags/data/models/Kuwait/TS_model.pkl
[2024-08-17T03:20:30.769+0000] {processor.py:183} INFO - Processing /opt/airflow/dags/data/models/Kuwait/TS_model.pkl took 0.023 seconds
[2024-08-17T03:21:01.617+0000] {processor.py:161} INFO - Started process (PID=6504) to work on /opt/airflow/dags/data/models/Kuwait/TS_model.pkl
[2024-08-17T03:21:01.618+0000] {processor.py:830} INFO - Processing file /opt/airflow/dags/data/models/Kuwait/TS_model.pkl for tasks to queue
[2024-08-17T03:21:01.618+0000] {logging_mixin.py:188} INFO - [2024-08-17T03:21:01.618+0000] {dagbag.py:545} INFO - Filling up the DagBag from /opt/airflow/dags/data/models/Kuwait/TS_model.pkl
[2024-08-17T03:21:01.627+0000] {processor.py:842} WARNING - No viable dags retrieved from /opt/airflow/dags/data/models/Kuwait/TS_model.pkl
[2024-08-17T03:21:01.636+0000] {processor.py:183} INFO - Processing /opt/airflow/dags/data/models/Kuwait/TS_model.pkl took 0.022 seconds
[2024-08-17T03:21:32.372+0000] {processor.py:161} INFO - Started process (PID=6958) to work on /opt/airflow/dags/data/models/Kuwait/TS_model.pkl
[2024-08-17T03:21:32.373+0000] {processor.py:830} INFO - Processing file /opt/airflow/dags/data/models/Kuwait/TS_model.pkl for tasks to queue
[2024-08-17T03:21:32.373+0000] {logging_mixin.py:188} INFO - [2024-08-17T03:21:32.373+0000] {dagbag.py:545} INFO - Filling up the DagBag from /opt/airflow/dags/data/models/Kuwait/TS_model.pkl
[2024-08-17T03:21:32.384+0000] {processor.py:842} WARNING - No viable dags retrieved from /opt/airflow/dags/data/models/Kuwait/TS_model.pkl
[2024-08-17T03:21:32.394+0000] {processor.py:183} INFO - Processing /opt/airflow/dags/data/models/Kuwait/TS_model.pkl took 0.025 seconds
[2024-08-17T03:22:03.060+0000] {processor.py:161} INFO - Started process (PID=7386) to work on /opt/airflow/dags/data/models/Kuwait/TS_model.pkl
[2024-08-17T03:22:03.060+0000] {processor.py:830} INFO - Processing file /opt/airflow/dags/data/models/Kuwait/TS_model.pkl for tasks to queue
[2024-08-17T03:22:03.062+0000] {logging_mixin.py:188} INFO - [2024-08-17T03:22:03.062+0000] {dagbag.py:545} INFO - Filling up the DagBag from /opt/airflow/dags/data/models/Kuwait/TS_model.pkl
[2024-08-17T03:22:03.073+0000] {processor.py:842} WARNING - No viable dags retrieved from /opt/airflow/dags/data/models/Kuwait/TS_model.pkl
[2024-08-17T03:22:03.082+0000] {processor.py:183} INFO - Processing /opt/airflow/dags/data/models/Kuwait/TS_model.pkl took 0.026 seconds
[2024-08-17T03:22:33.767+0000] {processor.py:161} INFO - Started process (PID=7840) to work on /opt/airflow/dags/data/models/Kuwait/TS_model.pkl
[2024-08-17T03:22:33.768+0000] {processor.py:830} INFO - Processing file /opt/airflow/dags/data/models/Kuwait/TS_model.pkl for tasks to queue
[2024-08-17T03:22:33.769+0000] {logging_mixin.py:188} INFO - [2024-08-17T03:22:33.768+0000] {dagbag.py:545} INFO - Filling up the DagBag from /opt/airflow/dags/data/models/Kuwait/TS_model.pkl
[2024-08-17T03:22:33.776+0000] {processor.py:842} WARNING - No viable dags retrieved from /opt/airflow/dags/data/models/Kuwait/TS_model.pkl
[2024-08-17T03:22:33.786+0000] {processor.py:183} INFO - Processing /opt/airflow/dags/data/models/Kuwait/TS_model.pkl took 0.022 seconds
[2024-08-17T03:23:04.908+0000] {processor.py:161} INFO - Started process (PID=8276) to work on /opt/airflow/dags/data/models/Kuwait/TS_model.pkl
[2024-08-17T03:23:04.909+0000] {processor.py:830} INFO - Processing file /opt/airflow/dags/data/models/Kuwait/TS_model.pkl for tasks to queue
[2024-08-17T03:23:04.910+0000] {logging_mixin.py:188} INFO - [2024-08-17T03:23:04.910+0000] {dagbag.py:545} INFO - Filling up the DagBag from /opt/airflow/dags/data/models/Kuwait/TS_model.pkl
[2024-08-17T03:23:04.918+0000] {processor.py:842} WARNING - No viable dags retrieved from /opt/airflow/dags/data/models/Kuwait/TS_model.pkl
[2024-08-17T03:23:04.927+0000] {processor.py:183} INFO - Processing /opt/airflow/dags/data/models/Kuwait/TS_model.pkl took 0.023 seconds
[2024-08-17T03:23:36.595+0000] {processor.py:161} INFO - Started process (PID=8722) to work on /opt/airflow/dags/data/models/Kuwait/TS_model.pkl
[2024-08-17T03:23:36.596+0000] {processor.py:830} INFO - Processing file /opt/airflow/dags/data/models/Kuwait/TS_model.pkl for tasks to queue
[2024-08-17T03:23:36.597+0000] {logging_mixin.py:188} INFO - [2024-08-17T03:23:36.596+0000] {dagbag.py:545} INFO - Filling up the DagBag from /opt/airflow/dags/data/models/Kuwait/TS_model.pkl
[2024-08-17T03:23:36.604+0000] {processor.py:842} WARNING - No viable dags retrieved from /opt/airflow/dags/data/models/Kuwait/TS_model.pkl
[2024-08-17T03:23:36.614+0000] {processor.py:183} INFO - Processing /opt/airflow/dags/data/models/Kuwait/TS_model.pkl took 0.022 seconds
[2024-08-17T03:24:07.517+0000] {processor.py:161} INFO - Started process (PID=9155) to work on /opt/airflow/dags/data/models/Kuwait/TS_model.pkl
[2024-08-17T03:24:07.518+0000] {processor.py:830} INFO - Processing file /opt/airflow/dags/data/models/Kuwait/TS_model.pkl for tasks to queue
[2024-08-17T03:24:07.519+0000] {logging_mixin.py:188} INFO - [2024-08-17T03:24:07.518+0000] {dagbag.py:545} INFO - Filling up the DagBag from /opt/airflow/dags/data/models/Kuwait/TS_model.pkl
[2024-08-17T03:24:07.531+0000] {processor.py:842} WARNING - No viable dags retrieved from /opt/airflow/dags/data/models/Kuwait/TS_model.pkl
[2024-08-17T03:24:07.541+0000] {processor.py:183} INFO - Processing /opt/airflow/dags/data/models/Kuwait/TS_model.pkl took 0.028 seconds
[2024-08-17T03:24:38.694+0000] {processor.py:161} INFO - Started process (PID=9590) to work on /opt/airflow/dags/data/models/Kuwait/TS_model.pkl
[2024-08-17T03:24:38.694+0000] {processor.py:830} INFO - Processing file /opt/airflow/dags/data/models/Kuwait/TS_model.pkl for tasks to queue
[2024-08-17T03:24:38.695+0000] {logging_mixin.py:188} INFO - [2024-08-17T03:24:38.695+0000] {dagbag.py:545} INFO - Filling up the DagBag from /opt/airflow/dags/data/models/Kuwait/TS_model.pkl
[2024-08-17T03:24:38.703+0000] {processor.py:842} WARNING - No viable dags retrieved from /opt/airflow/dags/data/models/Kuwait/TS_model.pkl
[2024-08-17T03:24:38.713+0000] {processor.py:183} INFO - Processing /opt/airflow/dags/data/models/Kuwait/TS_model.pkl took 0.023 seconds
[2024-08-17T03:25:10.136+0000] {processor.py:161} INFO - Started process (PID=10037) to work on /opt/airflow/dags/data/models/Kuwait/TS_model.pkl
[2024-08-17T03:25:10.138+0000] {processor.py:830} INFO - Processing file /opt/airflow/dags/data/models/Kuwait/TS_model.pkl for tasks to queue
[2024-08-17T03:25:10.139+0000] {logging_mixin.py:188} INFO - [2024-08-17T03:25:10.139+0000] {dagbag.py:545} INFO - Filling up the DagBag from /opt/airflow/dags/data/models/Kuwait/TS_model.pkl
[2024-08-17T03:25:10.147+0000] {processor.py:842} WARNING - No viable dags retrieved from /opt/airflow/dags/data/models/Kuwait/TS_model.pkl
[2024-08-17T03:25:10.156+0000] {processor.py:183} INFO - Processing /opt/airflow/dags/data/models/Kuwait/TS_model.pkl took 0.024 seconds
[2024-08-17T03:25:40.898+0000] {processor.py:161} INFO - Started process (PID=10470) to work on /opt/airflow/dags/data/models/Kuwait/TS_model.pkl
[2024-08-17T03:25:40.899+0000] {processor.py:830} INFO - Processing file /opt/airflow/dags/data/models/Kuwait/TS_model.pkl for tasks to queue
[2024-08-17T03:25:40.899+0000] {logging_mixin.py:188} INFO - [2024-08-17T03:25:40.899+0000] {dagbag.py:545} INFO - Filling up the DagBag from /opt/airflow/dags/data/models/Kuwait/TS_model.pkl
[2024-08-17T03:25:40.908+0000] {processor.py:842} WARNING - No viable dags retrieved from /opt/airflow/dags/data/models/Kuwait/TS_model.pkl
[2024-08-17T03:25:40.918+0000] {processor.py:183} INFO - Processing /opt/airflow/dags/data/models/Kuwait/TS_model.pkl took 0.024 seconds
[2024-08-17T03:26:11.511+0000] {processor.py:161} INFO - Started process (PID=10898) to work on /opt/airflow/dags/data/models/Kuwait/TS_model.pkl
[2024-08-17T03:26:11.511+0000] {processor.py:830} INFO - Processing file /opt/airflow/dags/data/models/Kuwait/TS_model.pkl for tasks to queue
[2024-08-17T03:26:11.512+0000] {logging_mixin.py:188} INFO - [2024-08-17T03:26:11.511+0000] {dagbag.py:545} INFO - Filling up the DagBag from /opt/airflow/dags/data/models/Kuwait/TS_model.pkl
[2024-08-17T03:26:11.520+0000] {processor.py:842} WARNING - No viable dags retrieved from /opt/airflow/dags/data/models/Kuwait/TS_model.pkl
[2024-08-17T03:26:11.529+0000] {processor.py:183} INFO - Processing /opt/airflow/dags/data/models/Kuwait/TS_model.pkl took 0.022 seconds
[2024-08-17T03:26:42.497+0000] {processor.py:161} INFO - Started process (PID=11352) to work on /opt/airflow/dags/data/models/Kuwait/TS_model.pkl
[2024-08-17T03:26:42.497+0000] {processor.py:830} INFO - Processing file /opt/airflow/dags/data/models/Kuwait/TS_model.pkl for tasks to queue
[2024-08-17T03:26:42.498+0000] {logging_mixin.py:188} INFO - [2024-08-17T03:26:42.498+0000] {dagbag.py:545} INFO - Filling up the DagBag from /opt/airflow/dags/data/models/Kuwait/TS_model.pkl
[2024-08-17T03:26:42.505+0000] {processor.py:842} WARNING - No viable dags retrieved from /opt/airflow/dags/data/models/Kuwait/TS_model.pkl
[2024-08-17T03:26:42.514+0000] {processor.py:183} INFO - Processing /opt/airflow/dags/data/models/Kuwait/TS_model.pkl took 0.021 seconds
[2024-08-17T03:27:13.530+0000] {processor.py:161} INFO - Started process (PID=11788) to work on /opt/airflow/dags/data/models/Kuwait/TS_model.pkl
[2024-08-17T03:27:13.530+0000] {processor.py:830} INFO - Processing file /opt/airflow/dags/data/models/Kuwait/TS_model.pkl for tasks to queue
[2024-08-17T03:27:13.531+0000] {logging_mixin.py:188} INFO - [2024-08-17T03:27:13.531+0000] {dagbag.py:545} INFO - Filling up the DagBag from /opt/airflow/dags/data/models/Kuwait/TS_model.pkl
[2024-08-17T03:27:13.538+0000] {processor.py:842} WARNING - No viable dags retrieved from /opt/airflow/dags/data/models/Kuwait/TS_model.pkl
[2024-08-17T03:27:13.548+0000] {processor.py:183} INFO - Processing /opt/airflow/dags/data/models/Kuwait/TS_model.pkl took 0.022 seconds
[2024-08-17T03:27:44.154+0000] {processor.py:161} INFO - Started process (PID=12216) to work on /opt/airflow/dags/data/models/Kuwait/TS_model.pkl
[2024-08-17T03:27:44.155+0000] {processor.py:830} INFO - Processing file /opt/airflow/dags/data/models/Kuwait/TS_model.pkl for tasks to queue
[2024-08-17T03:27:44.156+0000] {logging_mixin.py:188} INFO - [2024-08-17T03:27:44.155+0000] {dagbag.py:545} INFO - Filling up the DagBag from /opt/airflow/dags/data/models/Kuwait/TS_model.pkl
[2024-08-17T03:27:44.165+0000] {processor.py:842} WARNING - No viable dags retrieved from /opt/airflow/dags/data/models/Kuwait/TS_model.pkl
[2024-08-17T03:27:44.173+0000] {processor.py:183} INFO - Processing /opt/airflow/dags/data/models/Kuwait/TS_model.pkl took 0.023 seconds
[2024-08-17T03:28:15.705+0000] {processor.py:161} INFO - Started process (PID=12670) to work on /opt/airflow/dags/data/models/Kuwait/TS_model.pkl
[2024-08-17T03:28:15.706+0000] {processor.py:830} INFO - Processing file /opt/airflow/dags/data/models/Kuwait/TS_model.pkl for tasks to queue
[2024-08-17T03:28:15.707+0000] {logging_mixin.py:188} INFO - [2024-08-17T03:28:15.706+0000] {dagbag.py:545} INFO - Filling up the DagBag from /opt/airflow/dags/data/models/Kuwait/TS_model.pkl
[2024-08-17T03:28:15.718+0000] {processor.py:842} WARNING - No viable dags retrieved from /opt/airflow/dags/data/models/Kuwait/TS_model.pkl
[2024-08-17T03:28:15.728+0000] {processor.py:183} INFO - Processing /opt/airflow/dags/data/models/Kuwait/TS_model.pkl took 0.026 seconds
[2024-08-17T03:28:46.316+0000] {processor.py:161} INFO - Started process (PID=13105) to work on /opt/airflow/dags/data/models/Kuwait/TS_model.pkl
[2024-08-17T03:28:46.317+0000] {processor.py:830} INFO - Processing file /opt/airflow/dags/data/models/Kuwait/TS_model.pkl for tasks to queue
[2024-08-17T03:28:46.321+0000] {logging_mixin.py:188} INFO - [2024-08-17T03:28:46.321+0000] {dagbag.py:545} INFO - Filling up the DagBag from /opt/airflow/dags/data/models/Kuwait/TS_model.pkl
[2024-08-17T03:28:46.333+0000] {processor.py:842} WARNING - No viable dags retrieved from /opt/airflow/dags/data/models/Kuwait/TS_model.pkl
[2024-08-17T03:28:46.342+0000] {processor.py:183} INFO - Processing /opt/airflow/dags/data/models/Kuwait/TS_model.pkl took 0.029 seconds
[2024-08-17T03:29:17.277+0000] {processor.py:161} INFO - Started process (PID=13554) to work on /opt/airflow/dags/data/models/Kuwait/TS_model.pkl
[2024-08-17T03:29:17.277+0000] {processor.py:830} INFO - Processing file /opt/airflow/dags/data/models/Kuwait/TS_model.pkl for tasks to queue
[2024-08-17T03:29:17.278+0000] {logging_mixin.py:188} INFO - [2024-08-17T03:29:17.278+0000] {dagbag.py:545} INFO - Filling up the DagBag from /opt/airflow/dags/data/models/Kuwait/TS_model.pkl
[2024-08-17T03:29:17.287+0000] {processor.py:842} WARNING - No viable dags retrieved from /opt/airflow/dags/data/models/Kuwait/TS_model.pkl
[2024-08-17T03:29:17.296+0000] {processor.py:183} INFO - Processing /opt/airflow/dags/data/models/Kuwait/TS_model.pkl took 0.023 seconds
[2024-08-17T03:29:48.211+0000] {processor.py:161} INFO - Started process (PID=14009) to work on /opt/airflow/dags/data/models/Kuwait/TS_model.pkl
[2024-08-17T03:29:48.212+0000] {processor.py:830} INFO - Processing file /opt/airflow/dags/data/models/Kuwait/TS_model.pkl for tasks to queue
[2024-08-17T03:29:48.213+0000] {logging_mixin.py:188} INFO - [2024-08-17T03:29:48.212+0000] {dagbag.py:545} INFO - Filling up the DagBag from /opt/airflow/dags/data/models/Kuwait/TS_model.pkl
[2024-08-17T03:29:48.222+0000] {processor.py:842} WARNING - No viable dags retrieved from /opt/airflow/dags/data/models/Kuwait/TS_model.pkl
[2024-08-17T03:29:48.232+0000] {processor.py:183} INFO - Processing /opt/airflow/dags/data/models/Kuwait/TS_model.pkl took 0.024 seconds
[2024-08-17T03:30:18.943+0000] {processor.py:161} INFO - Started process (PID=14436) to work on /opt/airflow/dags/data/models/Kuwait/TS_model.pkl
[2024-08-17T03:30:18.943+0000] {processor.py:830} INFO - Processing file /opt/airflow/dags/data/models/Kuwait/TS_model.pkl for tasks to queue
[2024-08-17T03:30:18.944+0000] {logging_mixin.py:188} INFO - [2024-08-17T03:30:18.944+0000] {dagbag.py:545} INFO - Filling up the DagBag from /opt/airflow/dags/data/models/Kuwait/TS_model.pkl
[2024-08-17T03:30:18.953+0000] {processor.py:842} WARNING - No viable dags retrieved from /opt/airflow/dags/data/models/Kuwait/TS_model.pkl
[2024-08-17T03:30:18.962+0000] {processor.py:183} INFO - Processing /opt/airflow/dags/data/models/Kuwait/TS_model.pkl took 0.022 seconds
[2024-08-17T03:30:51.231+0000] {processor.py:161} INFO - Started process (PID=14892) to work on /opt/airflow/dags/data/models/Kuwait/TS_model.pkl
[2024-08-17T03:30:51.232+0000] {processor.py:830} INFO - Processing file /opt/airflow/dags/data/models/Kuwait/TS_model.pkl for tasks to queue
[2024-08-17T03:30:51.233+0000] {logging_mixin.py:188} INFO - [2024-08-17T03:30:51.233+0000] {dagbag.py:545} INFO - Filling up the DagBag from /opt/airflow/dags/data/models/Kuwait/TS_model.pkl
[2024-08-17T03:30:51.240+0000] {processor.py:842} WARNING - No viable dags retrieved from /opt/airflow/dags/data/models/Kuwait/TS_model.pkl
[2024-08-17T03:30:51.249+0000] {processor.py:183} INFO - Processing /opt/airflow/dags/data/models/Kuwait/TS_model.pkl took 0.021 seconds
[2024-08-17T03:31:22.159+0000] {processor.py:161} INFO - Started process (PID=15326) to work on /opt/airflow/dags/data/models/Kuwait/TS_model.pkl
[2024-08-17T03:31:22.161+0000] {processor.py:830} INFO - Processing file /opt/airflow/dags/data/models/Kuwait/TS_model.pkl for tasks to queue
[2024-08-17T03:31:22.161+0000] {logging_mixin.py:188} INFO - [2024-08-17T03:31:22.161+0000] {dagbag.py:545} INFO - Filling up the DagBag from /opt/airflow/dags/data/models/Kuwait/TS_model.pkl
[2024-08-17T03:31:22.170+0000] {processor.py:842} WARNING - No viable dags retrieved from /opt/airflow/dags/data/models/Kuwait/TS_model.pkl
[2024-08-17T03:31:22.180+0000] {processor.py:183} INFO - Processing /opt/airflow/dags/data/models/Kuwait/TS_model.pkl took 0.025 seconds
[2024-08-17T03:31:53.138+0000] {processor.py:161} INFO - Started process (PID=15754) to work on /opt/airflow/dags/data/models/Kuwait/TS_model.pkl
[2024-08-17T03:31:53.138+0000] {processor.py:830} INFO - Processing file /opt/airflow/dags/data/models/Kuwait/TS_model.pkl for tasks to queue
[2024-08-17T03:31:53.139+0000] {logging_mixin.py:188} INFO - [2024-08-17T03:31:53.139+0000] {dagbag.py:545} INFO - Filling up the DagBag from /opt/airflow/dags/data/models/Kuwait/TS_model.pkl
[2024-08-17T03:31:53.152+0000] {processor.py:842} WARNING - No viable dags retrieved from /opt/airflow/dags/data/models/Kuwait/TS_model.pkl
[2024-08-17T03:31:53.161+0000] {processor.py:183} INFO - Processing /opt/airflow/dags/data/models/Kuwait/TS_model.pkl took 0.027 seconds
[2024-08-17T03:32:24.213+0000] {processor.py:161} INFO - Started process (PID=16207) to work on /opt/airflow/dags/data/models/Kuwait/TS_model.pkl
[2024-08-17T03:32:24.213+0000] {processor.py:830} INFO - Processing file /opt/airflow/dags/data/models/Kuwait/TS_model.pkl for tasks to queue
[2024-08-17T03:32:24.214+0000] {logging_mixin.py:188} INFO - [2024-08-17T03:32:24.214+0000] {dagbag.py:545} INFO - Filling up the DagBag from /opt/airflow/dags/data/models/Kuwait/TS_model.pkl
[2024-08-17T03:32:24.222+0000] {processor.py:842} WARNING - No viable dags retrieved from /opt/airflow/dags/data/models/Kuwait/TS_model.pkl
[2024-08-17T03:32:24.231+0000] {processor.py:183} INFO - Processing /opt/airflow/dags/data/models/Kuwait/TS_model.pkl took 0.022 seconds
[2024-08-17T03:32:54.918+0000] {processor.py:161} INFO - Started process (PID=16640) to work on /opt/airflow/dags/data/models/Kuwait/TS_model.pkl
[2024-08-17T03:32:54.919+0000] {processor.py:830} INFO - Processing file /opt/airflow/dags/data/models/Kuwait/TS_model.pkl for tasks to queue
[2024-08-17T03:32:54.920+0000] {logging_mixin.py:188} INFO - [2024-08-17T03:32:54.920+0000] {dagbag.py:545} INFO - Filling up the DagBag from /opt/airflow/dags/data/models/Kuwait/TS_model.pkl
[2024-08-17T03:32:54.927+0000] {processor.py:842} WARNING - No viable dags retrieved from /opt/airflow/dags/data/models/Kuwait/TS_model.pkl
[2024-08-17T03:32:54.937+0000] {processor.py:183} INFO - Processing /opt/airflow/dags/data/models/Kuwait/TS_model.pkl took 0.022 seconds
[2024-08-17T03:33:25.566+0000] {processor.py:161} INFO - Started process (PID=17068) to work on /opt/airflow/dags/data/models/Kuwait/TS_model.pkl
[2024-08-17T03:33:25.567+0000] {processor.py:830} INFO - Processing file /opt/airflow/dags/data/models/Kuwait/TS_model.pkl for tasks to queue
[2024-08-17T03:33:25.568+0000] {logging_mixin.py:188} INFO - [2024-08-17T03:33:25.567+0000] {dagbag.py:545} INFO - Filling up the DagBag from /opt/airflow/dags/data/models/Kuwait/TS_model.pkl
[2024-08-17T03:33:25.578+0000] {processor.py:842} WARNING - No viable dags retrieved from /opt/airflow/dags/data/models/Kuwait/TS_model.pkl
[2024-08-17T03:33:25.587+0000] {processor.py:183} INFO - Processing /opt/airflow/dags/data/models/Kuwait/TS_model.pkl took 0.024 seconds
[2024-08-17T03:33:59.436+0000] {processor.py:161} INFO - Started process (PID=17508) to work on /opt/airflow/dags/data/models/Kuwait/TS_model.pkl
[2024-08-17T03:33:59.437+0000] {processor.py:830} INFO - Processing file /opt/airflow/dags/data/models/Kuwait/TS_model.pkl for tasks to queue
[2024-08-17T03:33:59.438+0000] {logging_mixin.py:188} INFO - [2024-08-17T03:33:59.437+0000] {dagbag.py:545} INFO - Filling up the DagBag from /opt/airflow/dags/data/models/Kuwait/TS_model.pkl
[2024-08-17T03:33:59.445+0000] {processor.py:842} WARNING - No viable dags retrieved from /opt/airflow/dags/data/models/Kuwait/TS_model.pkl
[2024-08-17T03:33:59.455+0000] {processor.py:183} INFO - Processing /opt/airflow/dags/data/models/Kuwait/TS_model.pkl took 0.022 seconds
[2024-08-17T03:34:30.883+0000] {processor.py:161} INFO - Started process (PID=17962) to work on /opt/airflow/dags/data/models/Kuwait/TS_model.pkl
[2024-08-17T03:34:30.884+0000] {processor.py:830} INFO - Processing file /opt/airflow/dags/data/models/Kuwait/TS_model.pkl for tasks to queue
[2024-08-17T03:34:30.885+0000] {logging_mixin.py:188} INFO - [2024-08-17T03:34:30.885+0000] {dagbag.py:545} INFO - Filling up the DagBag from /opt/airflow/dags/data/models/Kuwait/TS_model.pkl
[2024-08-17T03:34:30.894+0000] {processor.py:842} WARNING - No viable dags retrieved from /opt/airflow/dags/data/models/Kuwait/TS_model.pkl
[2024-08-17T03:34:30.903+0000] {processor.py:183} INFO - Processing /opt/airflow/dags/data/models/Kuwait/TS_model.pkl took 0.023 seconds
[2024-08-17T03:35:02.242+0000] {processor.py:161} INFO - Started process (PID=18397) to work on /opt/airflow/dags/data/models/Kuwait/TS_model.pkl
[2024-08-17T03:35:02.243+0000] {processor.py:830} INFO - Processing file /opt/airflow/dags/data/models/Kuwait/TS_model.pkl for tasks to queue
[2024-08-17T03:35:02.244+0000] {logging_mixin.py:188} INFO - [2024-08-17T03:35:02.244+0000] {dagbag.py:545} INFO - Filling up the DagBag from /opt/airflow/dags/data/models/Kuwait/TS_model.pkl
[2024-08-17T03:35:02.255+0000] {processor.py:842} WARNING - No viable dags retrieved from /opt/airflow/dags/data/models/Kuwait/TS_model.pkl
[2024-08-17T03:35:02.264+0000] {processor.py:183} INFO - Processing /opt/airflow/dags/data/models/Kuwait/TS_model.pkl took 0.026 seconds
[2024-08-17T03:35:33.236+0000] {processor.py:161} INFO - Started process (PID=18844) to work on /opt/airflow/dags/data/models/Kuwait/TS_model.pkl
[2024-08-17T03:35:33.237+0000] {processor.py:830} INFO - Processing file /opt/airflow/dags/data/models/Kuwait/TS_model.pkl for tasks to queue
[2024-08-17T03:35:33.237+0000] {logging_mixin.py:188} INFO - [2024-08-17T03:35:33.237+0000] {dagbag.py:545} INFO - Filling up the DagBag from /opt/airflow/dags/data/models/Kuwait/TS_model.pkl
[2024-08-17T03:35:33.249+0000] {processor.py:842} WARNING - No viable dags retrieved from /opt/airflow/dags/data/models/Kuwait/TS_model.pkl
[2024-08-17T03:35:33.259+0000] {processor.py:183} INFO - Processing /opt/airflow/dags/data/models/Kuwait/TS_model.pkl took 0.028 seconds
[2024-08-17T03:36:03.947+0000] {processor.py:161} INFO - Started process (PID=19298) to work on /opt/airflow/dags/data/models/Kuwait/TS_model.pkl
[2024-08-17T03:36:03.947+0000] {processor.py:830} INFO - Processing file /opt/airflow/dags/data/models/Kuwait/TS_model.pkl for tasks to queue
[2024-08-17T03:36:03.948+0000] {logging_mixin.py:188} INFO - [2024-08-17T03:36:03.948+0000] {dagbag.py:545} INFO - Filling up the DagBag from /opt/airflow/dags/data/models/Kuwait/TS_model.pkl
[2024-08-17T03:36:03.954+0000] {processor.py:842} WARNING - No viable dags retrieved from /opt/airflow/dags/data/models/Kuwait/TS_model.pkl
[2024-08-17T03:36:03.963+0000] {processor.py:183} INFO - Processing /opt/airflow/dags/data/models/Kuwait/TS_model.pkl took 0.021 seconds
[2024-08-17T03:36:34.621+0000] {processor.py:161} INFO - Started process (PID=19726) to work on /opt/airflow/dags/data/models/Kuwait/TS_model.pkl
[2024-08-17T03:36:34.622+0000] {processor.py:830} INFO - Processing file /opt/airflow/dags/data/models/Kuwait/TS_model.pkl for tasks to queue
[2024-08-17T03:36:34.622+0000] {logging_mixin.py:188} INFO - [2024-08-17T03:36:34.622+0000] {dagbag.py:545} INFO - Filling up the DagBag from /opt/airflow/dags/data/models/Kuwait/TS_model.pkl
[2024-08-17T03:36:34.632+0000] {processor.py:842} WARNING - No viable dags retrieved from /opt/airflow/dags/data/models/Kuwait/TS_model.pkl
[2024-08-17T03:36:34.641+0000] {processor.py:183} INFO - Processing /opt/airflow/dags/data/models/Kuwait/TS_model.pkl took 0.024 seconds
[2024-08-17T03:37:05.300+0000] {processor.py:161} INFO - Started process (PID=20180) to work on /opt/airflow/dags/data/models/Kuwait/TS_model.pkl
[2024-08-17T03:37:05.301+0000] {processor.py:830} INFO - Processing file /opt/airflow/dags/data/models/Kuwait/TS_model.pkl for tasks to queue
[2024-08-17T03:37:05.301+0000] {logging_mixin.py:188} INFO - [2024-08-17T03:37:05.301+0000] {dagbag.py:545} INFO - Filling up the DagBag from /opt/airflow/dags/data/models/Kuwait/TS_model.pkl
[2024-08-17T03:37:05.309+0000] {processor.py:842} WARNING - No viable dags retrieved from /opt/airflow/dags/data/models/Kuwait/TS_model.pkl
[2024-08-17T03:37:05.319+0000] {processor.py:183} INFO - Processing /opt/airflow/dags/data/models/Kuwait/TS_model.pkl took 0.022 seconds
[2024-08-17T03:37:36.114+0000] {processor.py:161} INFO - Started process (PID=20634) to work on /opt/airflow/dags/data/models/Kuwait/TS_model.pkl
[2024-08-17T03:37:36.114+0000] {processor.py:830} INFO - Processing file /opt/airflow/dags/data/models/Kuwait/TS_model.pkl for tasks to queue
[2024-08-17T03:37:36.115+0000] {logging_mixin.py:188} INFO - [2024-08-17T03:37:36.114+0000] {dagbag.py:545} INFO - Filling up the DagBag from /opt/airflow/dags/data/models/Kuwait/TS_model.pkl
[2024-08-17T03:37:36.125+0000] {processor.py:842} WARNING - No viable dags retrieved from /opt/airflow/dags/data/models/Kuwait/TS_model.pkl
[2024-08-17T03:37:36.134+0000] {processor.py:183} INFO - Processing /opt/airflow/dags/data/models/Kuwait/TS_model.pkl took 0.025 seconds
[2024-08-17T09:22:50.968+0000] {processor.py:161} INFO - Started process (PID=277) to work on /opt/airflow/dags/data/models/Kuwait/TS_model.pkl
[2024-08-17T09:22:50.969+0000] {processor.py:830} INFO - Processing file /opt/airflow/dags/data/models/Kuwait/TS_model.pkl for tasks to queue
[2024-08-17T09:22:50.970+0000] {logging_mixin.py:188} INFO - [2024-08-17T09:22:50.970+0000] {dagbag.py:545} INFO - Filling up the DagBag from /opt/airflow/dags/data/models/Kuwait/TS_model.pkl
[2024-08-17T09:22:50.979+0000] {processor.py:842} WARNING - No viable dags retrieved from /opt/airflow/dags/data/models/Kuwait/TS_model.pkl
[2024-08-17T09:22:50.989+0000] {processor.py:183} INFO - Processing /opt/airflow/dags/data/models/Kuwait/TS_model.pkl took 0.024 seconds
[2024-08-17T09:23:23.243+0000] {processor.py:161} INFO - Started process (PID=707) to work on /opt/airflow/dags/data/models/Kuwait/TS_model.pkl
[2024-08-17T09:23:23.244+0000] {processor.py:830} INFO - Processing file /opt/airflow/dags/data/models/Kuwait/TS_model.pkl for tasks to queue
[2024-08-17T09:23:23.245+0000] {logging_mixin.py:188} INFO - [2024-08-17T09:23:23.245+0000] {dagbag.py:545} INFO - Filling up the DagBag from /opt/airflow/dags/data/models/Kuwait/TS_model.pkl
[2024-08-17T09:23:23.254+0000] {processor.py:842} WARNING - No viable dags retrieved from /opt/airflow/dags/data/models/Kuwait/TS_model.pkl
[2024-08-17T09:23:23.261+0000] {processor.py:183} INFO - Processing /opt/airflow/dags/data/models/Kuwait/TS_model.pkl took 0.022 seconds
[2024-08-17T09:23:54.903+0000] {processor.py:161} INFO - Started process (PID=1161) to work on /opt/airflow/dags/data/models/Kuwait/TS_model.pkl
[2024-08-17T09:23:54.904+0000] {processor.py:830} INFO - Processing file /opt/airflow/dags/data/models/Kuwait/TS_model.pkl for tasks to queue
[2024-08-17T09:23:54.905+0000] {logging_mixin.py:188} INFO - [2024-08-17T09:23:54.905+0000] {dagbag.py:545} INFO - Filling up the DagBag from /opt/airflow/dags/data/models/Kuwait/TS_model.pkl
[2024-08-17T09:23:54.911+0000] {processor.py:842} WARNING - No viable dags retrieved from /opt/airflow/dags/data/models/Kuwait/TS_model.pkl
[2024-08-17T09:23:54.920+0000] {processor.py:183} INFO - Processing /opt/airflow/dags/data/models/Kuwait/TS_model.pkl took 0.021 seconds
[2024-08-17T09:24:27.815+0000] {processor.py:161} INFO - Started process (PID=1615) to work on /opt/airflow/dags/data/models/Kuwait/TS_model.pkl
[2024-08-17T09:24:27.816+0000] {processor.py:830} INFO - Processing file /opt/airflow/dags/data/models/Kuwait/TS_model.pkl for tasks to queue
[2024-08-17T09:24:27.817+0000] {logging_mixin.py:188} INFO - [2024-08-17T09:24:27.817+0000] {dagbag.py:545} INFO - Filling up the DagBag from /opt/airflow/dags/data/models/Kuwait/TS_model.pkl
[2024-08-17T09:24:27.824+0000] {processor.py:842} WARNING - No viable dags retrieved from /opt/airflow/dags/data/models/Kuwait/TS_model.pkl
[2024-08-17T09:24:27.832+0000] {processor.py:183} INFO - Processing /opt/airflow/dags/data/models/Kuwait/TS_model.pkl took 0.020 seconds
[2024-08-17T09:24:59.311+0000] {processor.py:161} INFO - Started process (PID=2069) to work on /opt/airflow/dags/data/models/Kuwait/TS_model.pkl
[2024-08-17T09:24:59.311+0000] {processor.py:830} INFO - Processing file /opt/airflow/dags/data/models/Kuwait/TS_model.pkl for tasks to queue
[2024-08-17T09:24:59.312+0000] {logging_mixin.py:188} INFO - [2024-08-17T09:24:59.312+0000] {dagbag.py:545} INFO - Filling up the DagBag from /opt/airflow/dags/data/models/Kuwait/TS_model.pkl
[2024-08-17T09:24:59.322+0000] {processor.py:842} WARNING - No viable dags retrieved from /opt/airflow/dags/data/models/Kuwait/TS_model.pkl
[2024-08-17T09:24:59.331+0000] {processor.py:183} INFO - Processing /opt/airflow/dags/data/models/Kuwait/TS_model.pkl took 0.024 seconds
[2024-08-17T09:25:30.588+0000] {processor.py:161} INFO - Started process (PID=2497) to work on /opt/airflow/dags/data/models/Kuwait/TS_model.pkl
[2024-08-17T09:25:30.589+0000] {processor.py:830} INFO - Processing file /opt/airflow/dags/data/models/Kuwait/TS_model.pkl for tasks to queue
[2024-08-17T09:25:30.590+0000] {logging_mixin.py:188} INFO - [2024-08-17T09:25:30.590+0000] {dagbag.py:545} INFO - Filling up the DagBag from /opt/airflow/dags/data/models/Kuwait/TS_model.pkl
[2024-08-17T09:25:30.597+0000] {processor.py:842} WARNING - No viable dags retrieved from /opt/airflow/dags/data/models/Kuwait/TS_model.pkl
[2024-08-17T09:25:30.605+0000] {processor.py:183} INFO - Processing /opt/airflow/dags/data/models/Kuwait/TS_model.pkl took 0.020 seconds
[2024-08-17T09:26:01.486+0000] {processor.py:161} INFO - Started process (PID=2951) to work on /opt/airflow/dags/data/models/Kuwait/TS_model.pkl
[2024-08-17T09:26:01.487+0000] {processor.py:830} INFO - Processing file /opt/airflow/dags/data/models/Kuwait/TS_model.pkl for tasks to queue
[2024-08-17T09:26:01.488+0000] {logging_mixin.py:188} INFO - [2024-08-17T09:26:01.488+0000] {dagbag.py:545} INFO - Filling up the DagBag from /opt/airflow/dags/data/models/Kuwait/TS_model.pkl
[2024-08-17T09:26:01.495+0000] {processor.py:842} WARNING - No viable dags retrieved from /opt/airflow/dags/data/models/Kuwait/TS_model.pkl
[2024-08-17T09:26:01.504+0000] {processor.py:183} INFO - Processing /opt/airflow/dags/data/models/Kuwait/TS_model.pkl took 0.021 seconds
[2024-08-17T09:26:32.280+0000] {processor.py:161} INFO - Started process (PID=3386) to work on /opt/airflow/dags/data/models/Kuwait/TS_model.pkl
[2024-08-17T09:26:32.281+0000] {processor.py:830} INFO - Processing file /opt/airflow/dags/data/models/Kuwait/TS_model.pkl for tasks to queue
[2024-08-17T09:26:32.283+0000] {logging_mixin.py:188} INFO - [2024-08-17T09:26:32.282+0000] {dagbag.py:545} INFO - Filling up the DagBag from /opt/airflow/dags/data/models/Kuwait/TS_model.pkl
[2024-08-17T09:26:32.297+0000] {processor.py:842} WARNING - No viable dags retrieved from /opt/airflow/dags/data/models/Kuwait/TS_model.pkl
[2024-08-17T09:26:32.306+0000] {processor.py:183} INFO - Processing /opt/airflow/dags/data/models/Kuwait/TS_model.pkl took 0.030 seconds
[2024-08-17T09:27:03.078+0000] {processor.py:161} INFO - Started process (PID=3833) to work on /opt/airflow/dags/data/models/Kuwait/TS_model.pkl
[2024-08-17T09:27:03.079+0000] {processor.py:830} INFO - Processing file /opt/airflow/dags/data/models/Kuwait/TS_model.pkl for tasks to queue
[2024-08-17T09:27:03.080+0000] {logging_mixin.py:188} INFO - [2024-08-17T09:27:03.080+0000] {dagbag.py:545} INFO - Filling up the DagBag from /opt/airflow/dags/data/models/Kuwait/TS_model.pkl
[2024-08-17T09:27:03.089+0000] {processor.py:842} WARNING - No viable dags retrieved from /opt/airflow/dags/data/models/Kuwait/TS_model.pkl
[2024-08-17T09:27:03.099+0000] {processor.py:183} INFO - Processing /opt/airflow/dags/data/models/Kuwait/TS_model.pkl took 0.024 seconds
[2024-08-17T09:27:34.113+0000] {processor.py:161} INFO - Started process (PID=4288) to work on /opt/airflow/dags/data/models/Kuwait/TS_model.pkl
[2024-08-17T09:27:34.113+0000] {processor.py:830} INFO - Processing file /opt/airflow/dags/data/models/Kuwait/TS_model.pkl for tasks to queue
[2024-08-17T09:27:34.114+0000] {logging_mixin.py:188} INFO - [2024-08-17T09:27:34.114+0000] {dagbag.py:545} INFO - Filling up the DagBag from /opt/airflow/dags/data/models/Kuwait/TS_model.pkl
[2024-08-17T09:27:34.121+0000] {processor.py:842} WARNING - No viable dags retrieved from /opt/airflow/dags/data/models/Kuwait/TS_model.pkl
[2024-08-17T09:27:34.129+0000] {processor.py:183} INFO - Processing /opt/airflow/dags/data/models/Kuwait/TS_model.pkl took 0.020 seconds
[2024-08-17T09:28:04.835+0000] {processor.py:161} INFO - Started process (PID=4716) to work on /opt/airflow/dags/data/models/Kuwait/TS_model.pkl
[2024-08-17T09:28:04.836+0000] {processor.py:830} INFO - Processing file /opt/airflow/dags/data/models/Kuwait/TS_model.pkl for tasks to queue
[2024-08-17T09:28:04.837+0000] {logging_mixin.py:188} INFO - [2024-08-17T09:28:04.837+0000] {dagbag.py:545} INFO - Filling up the DagBag from /opt/airflow/dags/data/models/Kuwait/TS_model.pkl
[2024-08-17T09:28:04.848+0000] {processor.py:842} WARNING - No viable dags retrieved from /opt/airflow/dags/data/models/Kuwait/TS_model.pkl
[2024-08-17T09:28:04.857+0000] {processor.py:183} INFO - Processing /opt/airflow/dags/data/models/Kuwait/TS_model.pkl took 0.025 seconds
[2024-08-17T09:28:36.029+0000] {processor.py:161} INFO - Started process (PID=5170) to work on /opt/airflow/dags/data/models/Kuwait/TS_model.pkl
[2024-08-17T09:28:36.029+0000] {processor.py:830} INFO - Processing file /opt/airflow/dags/data/models/Kuwait/TS_model.pkl for tasks to queue
[2024-08-17T09:28:36.030+0000] {logging_mixin.py:188} INFO - [2024-08-17T09:28:36.030+0000] {dagbag.py:545} INFO - Filling up the DagBag from /opt/airflow/dags/data/models/Kuwait/TS_model.pkl
[2024-08-17T09:28:36.040+0000] {processor.py:842} WARNING - No viable dags retrieved from /opt/airflow/dags/data/models/Kuwait/TS_model.pkl
[2024-08-17T09:28:36.050+0000] {processor.py:183} INFO - Processing /opt/airflow/dags/data/models/Kuwait/TS_model.pkl took 0.025 seconds
[2024-08-17T09:29:07.462+0000] {processor.py:161} INFO - Started process (PID=5624) to work on /opt/airflow/dags/data/models/Kuwait/TS_model.pkl
[2024-08-17T09:29:07.462+0000] {processor.py:830} INFO - Processing file /opt/airflow/dags/data/models/Kuwait/TS_model.pkl for tasks to queue
[2024-08-17T09:29:07.463+0000] {logging_mixin.py:188} INFO - [2024-08-17T09:29:07.463+0000] {dagbag.py:545} INFO - Filling up the DagBag from /opt/airflow/dags/data/models/Kuwait/TS_model.pkl
[2024-08-17T09:29:07.471+0000] {processor.py:842} WARNING - No viable dags retrieved from /opt/airflow/dags/data/models/Kuwait/TS_model.pkl
[2024-08-17T09:29:07.479+0000] {processor.py:183} INFO - Processing /opt/airflow/dags/data/models/Kuwait/TS_model.pkl took 0.021 seconds
[2024-08-17T09:29:39.422+0000] {processor.py:161} INFO - Started process (PID=6059) to work on /opt/airflow/dags/data/models/Kuwait/TS_model.pkl
[2024-08-17T09:29:39.423+0000] {processor.py:830} INFO - Processing file /opt/airflow/dags/data/models/Kuwait/TS_model.pkl for tasks to queue
[2024-08-17T09:29:39.424+0000] {logging_mixin.py:188} INFO - [2024-08-17T09:29:39.424+0000] {dagbag.py:545} INFO - Filling up the DagBag from /opt/airflow/dags/data/models/Kuwait/TS_model.pkl
[2024-08-17T09:29:39.435+0000] {processor.py:842} WARNING - No viable dags retrieved from /opt/airflow/dags/data/models/Kuwait/TS_model.pkl
[2024-08-17T09:29:39.444+0000] {processor.py:183} INFO - Processing /opt/airflow/dags/data/models/Kuwait/TS_model.pkl took 0.026 seconds
[2024-08-17T09:30:11.146+0000] {processor.py:161} INFO - Started process (PID=6506) to work on /opt/airflow/dags/data/models/Kuwait/TS_model.pkl
[2024-08-17T09:30:11.146+0000] {processor.py:830} INFO - Processing file /opt/airflow/dags/data/models/Kuwait/TS_model.pkl for tasks to queue
[2024-08-17T09:30:11.148+0000] {logging_mixin.py:188} INFO - [2024-08-17T09:30:11.147+0000] {dagbag.py:545} INFO - Filling up the DagBag from /opt/airflow/dags/data/models/Kuwait/TS_model.pkl
[2024-08-17T09:30:11.166+0000] {processor.py:842} WARNING - No viable dags retrieved from /opt/airflow/dags/data/models/Kuwait/TS_model.pkl
[2024-08-17T09:30:11.174+0000] {processor.py:183} INFO - Processing /opt/airflow/dags/data/models/Kuwait/TS_model.pkl took 0.031 seconds
