[2024-08-17T10:12:53.671+0000] {processor.py:161} INFO - Started process (PID=36606) to work on /opt/airflow/dags/data/models/Syria/deaths_TS_model.pkl
[2024-08-17T10:12:53.671+0000] {processor.py:830} INFO - Processing file /opt/airflow/dags/data/models/Syria/deaths_TS_model.pkl for tasks to queue
[2024-08-17T10:12:53.672+0000] {logging_mixin.py:188} INFO - [2024-08-17T10:12:53.672+0000] {dagbag.py:545} INFO - Filling up the DagBag from /opt/airflow/dags/data/models/Syria/deaths_TS_model.pkl
[2024-08-17T10:12:53.682+0000] {processor.py:842} WARNING - No viable dags retrieved from /opt/airflow/dags/data/models/Syria/deaths_TS_model.pkl
[2024-08-17T10:12:53.692+0000] {processor.py:183} INFO - Processing /opt/airflow/dags/data/models/Syria/deaths_TS_model.pkl took 0.025 seconds
[2024-08-17T10:13:25.640+0000] {processor.py:161} INFO - Started process (PID=37302) to work on /opt/airflow/dags/data/models/Syria/deaths_TS_model.pkl
[2024-08-17T10:13:25.640+0000] {processor.py:830} INFO - Processing file /opt/airflow/dags/data/models/Syria/deaths_TS_model.pkl for tasks to queue
[2024-08-17T10:13:25.641+0000] {logging_mixin.py:188} INFO - [2024-08-17T10:13:25.641+0000] {dagbag.py:545} INFO - Filling up the DagBag from /opt/airflow/dags/data/models/Syria/deaths_TS_model.pkl
[2024-08-17T10:13:25.658+0000] {processor.py:842} WARNING - No viable dags retrieved from /opt/airflow/dags/data/models/Syria/deaths_TS_model.pkl
[2024-08-17T10:13:25.668+0000] {processor.py:183} INFO - Processing /opt/airflow/dags/data/models/Syria/deaths_TS_model.pkl took 0.032 seconds
[2024-08-17T10:13:58.001+0000] {processor.py:161} INFO - Started process (PID=38000) to work on /opt/airflow/dags/data/models/Syria/deaths_TS_model.pkl
[2024-08-17T10:13:58.002+0000] {processor.py:830} INFO - Processing file /opt/airflow/dags/data/models/Syria/deaths_TS_model.pkl for tasks to queue
[2024-08-17T10:13:58.002+0000] {logging_mixin.py:188} INFO - [2024-08-17T10:13:58.002+0000] {dagbag.py:545} INFO - Filling up the DagBag from /opt/airflow/dags/data/models/Syria/deaths_TS_model.pkl
[2024-08-17T10:13:58.010+0000] {processor.py:842} WARNING - No viable dags retrieved from /opt/airflow/dags/data/models/Syria/deaths_TS_model.pkl
[2024-08-17T10:13:58.019+0000] {processor.py:183} INFO - Processing /opt/airflow/dags/data/models/Syria/deaths_TS_model.pkl took 0.023 seconds
[2024-08-17T10:14:29.841+0000] {processor.py:161} INFO - Started process (PID=38667) to work on /opt/airflow/dags/data/models/Syria/deaths_TS_model.pkl
[2024-08-17T10:14:29.842+0000] {processor.py:830} INFO - Processing file /opt/airflow/dags/data/models/Syria/deaths_TS_model.pkl for tasks to queue
[2024-08-17T10:14:29.842+0000] {logging_mixin.py:188} INFO - [2024-08-17T10:14:29.842+0000] {dagbag.py:545} INFO - Filling up the DagBag from /opt/airflow/dags/data/models/Syria/deaths_TS_model.pkl
[2024-08-17T10:14:29.855+0000] {processor.py:842} WARNING - No viable dags retrieved from /opt/airflow/dags/data/models/Syria/deaths_TS_model.pkl
[2024-08-17T10:14:29.865+0000] {processor.py:183} INFO - Processing /opt/airflow/dags/data/models/Syria/deaths_TS_model.pkl took 0.027 seconds
[2024-08-17T10:15:03.256+0000] {processor.py:161} INFO - Started process (PID=39360) to work on /opt/airflow/dags/data/models/Syria/deaths_TS_model.pkl
[2024-08-17T10:15:03.256+0000] {processor.py:830} INFO - Processing file /opt/airflow/dags/data/models/Syria/deaths_TS_model.pkl for tasks to queue
[2024-08-17T10:15:03.257+0000] {logging_mixin.py:188} INFO - [2024-08-17T10:15:03.257+0000] {dagbag.py:545} INFO - Filling up the DagBag from /opt/airflow/dags/data/models/Syria/deaths_TS_model.pkl
[2024-08-17T10:15:03.268+0000] {processor.py:842} WARNING - No viable dags retrieved from /opt/airflow/dags/data/models/Syria/deaths_TS_model.pkl
[2024-08-17T10:15:03.278+0000] {processor.py:183} INFO - Processing /opt/airflow/dags/data/models/Syria/deaths_TS_model.pkl took 0.026 seconds
[2024-08-17T10:15:35.878+0000] {processor.py:161} INFO - Started process (PID=40002) to work on /opt/airflow/dags/data/models/Syria/deaths_TS_model.pkl
[2024-08-17T10:15:35.879+0000] {processor.py:830} INFO - Processing file /opt/airflow/dags/data/models/Syria/deaths_TS_model.pkl for tasks to queue
[2024-08-17T10:15:35.879+0000] {logging_mixin.py:188} INFO - [2024-08-17T10:15:35.879+0000] {dagbag.py:545} INFO - Filling up the DagBag from /opt/airflow/dags/data/models/Syria/deaths_TS_model.pkl
[2024-08-17T10:15:35.888+0000] {processor.py:842} WARNING - No viable dags retrieved from /opt/airflow/dags/data/models/Syria/deaths_TS_model.pkl
[2024-08-17T10:15:35.897+0000] {processor.py:183} INFO - Processing /opt/airflow/dags/data/models/Syria/deaths_TS_model.pkl took 0.023 seconds
[2024-08-17T10:16:07.645+0000] {processor.py:161} INFO - Started process (PID=40658) to work on /opt/airflow/dags/data/models/Syria/deaths_TS_model.pkl
[2024-08-17T10:16:07.645+0000] {processor.py:830} INFO - Processing file /opt/airflow/dags/data/models/Syria/deaths_TS_model.pkl for tasks to queue
[2024-08-17T10:16:07.646+0000] {logging_mixin.py:188} INFO - [2024-08-17T10:16:07.646+0000] {dagbag.py:545} INFO - Filling up the DagBag from /opt/airflow/dags/data/models/Syria/deaths_TS_model.pkl
[2024-08-17T10:16:07.657+0000] {processor.py:842} WARNING - No viable dags retrieved from /opt/airflow/dags/data/models/Syria/deaths_TS_model.pkl
[2024-08-17T10:16:07.666+0000] {processor.py:183} INFO - Processing /opt/airflow/dags/data/models/Syria/deaths_TS_model.pkl took 0.025 seconds
[2024-08-17T10:16:39.492+0000] {processor.py:161} INFO - Started process (PID=41336) to work on /opt/airflow/dags/data/models/Syria/deaths_TS_model.pkl
[2024-08-17T10:16:39.493+0000] {processor.py:830} INFO - Processing file /opt/airflow/dags/data/models/Syria/deaths_TS_model.pkl for tasks to queue
[2024-08-17T10:16:39.493+0000] {logging_mixin.py:188} INFO - [2024-08-17T10:16:39.493+0000] {dagbag.py:545} INFO - Filling up the DagBag from /opt/airflow/dags/data/models/Syria/deaths_TS_model.pkl
[2024-08-17T10:16:39.508+0000] {processor.py:842} WARNING - No viable dags retrieved from /opt/airflow/dags/data/models/Syria/deaths_TS_model.pkl
[2024-08-17T10:16:39.518+0000] {processor.py:183} INFO - Processing /opt/airflow/dags/data/models/Syria/deaths_TS_model.pkl took 0.030 seconds
[2024-08-17T10:17:11.502+0000] {processor.py:161} INFO - Started process (PID=42028) to work on /opt/airflow/dags/data/models/Syria/deaths_TS_model.pkl
[2024-08-17T10:17:11.502+0000] {processor.py:830} INFO - Processing file /opt/airflow/dags/data/models/Syria/deaths_TS_model.pkl for tasks to queue
[2024-08-17T10:17:11.503+0000] {logging_mixin.py:188} INFO - [2024-08-17T10:17:11.503+0000] {dagbag.py:545} INFO - Filling up the DagBag from /opt/airflow/dags/data/models/Syria/deaths_TS_model.pkl
[2024-08-17T10:17:11.510+0000] {processor.py:842} WARNING - No viable dags retrieved from /opt/airflow/dags/data/models/Syria/deaths_TS_model.pkl
[2024-08-17T10:17:11.519+0000] {processor.py:183} INFO - Processing /opt/airflow/dags/data/models/Syria/deaths_TS_model.pkl took 0.021 seconds
[2024-08-17T10:17:58.427+0000] {processor.py:161} INFO - Started process (PID=42798) to work on /opt/airflow/dags/data/models/Syria/deaths_TS_model.pkl
[2024-08-17T10:17:58.428+0000] {processor.py:830} INFO - Processing file /opt/airflow/dags/data/models/Syria/deaths_TS_model.pkl for tasks to queue
[2024-08-17T10:17:58.428+0000] {logging_mixin.py:188} INFO - [2024-08-17T10:17:58.428+0000] {dagbag.py:545} INFO - Filling up the DagBag from /opt/airflow/dags/data/models/Syria/deaths_TS_model.pkl
[2024-08-17T10:17:58.435+0000] {processor.py:842} WARNING - No viable dags retrieved from /opt/airflow/dags/data/models/Syria/deaths_TS_model.pkl
[2024-08-17T10:17:58.444+0000] {processor.py:183} INFO - Processing /opt/airflow/dags/data/models/Syria/deaths_TS_model.pkl took 0.021 seconds
[2024-08-17T10:18:30.042+0000] {processor.py:161} INFO - Started process (PID=43519) to work on /opt/airflow/dags/data/models/Syria/deaths_TS_model.pkl
[2024-08-17T10:18:30.043+0000] {processor.py:830} INFO - Processing file /opt/airflow/dags/data/models/Syria/deaths_TS_model.pkl for tasks to queue
[2024-08-17T10:18:30.043+0000] {logging_mixin.py:188} INFO - [2024-08-17T10:18:30.043+0000] {dagbag.py:545} INFO - Filling up the DagBag from /opt/airflow/dags/data/models/Syria/deaths_TS_model.pkl
[2024-08-17T10:18:30.053+0000] {processor.py:842} WARNING - No viable dags retrieved from /opt/airflow/dags/data/models/Syria/deaths_TS_model.pkl
[2024-08-17T10:18:30.064+0000] {processor.py:183} INFO - Processing /opt/airflow/dags/data/models/Syria/deaths_TS_model.pkl took 0.025 seconds
[2024-08-17T10:19:02.045+0000] {processor.py:161} INFO - Started process (PID=44255) to work on /opt/airflow/dags/data/models/Syria/deaths_TS_model.pkl
[2024-08-17T10:19:02.046+0000] {processor.py:830} INFO - Processing file /opt/airflow/dags/data/models/Syria/deaths_TS_model.pkl for tasks to queue
[2024-08-17T10:19:02.047+0000] {logging_mixin.py:188} INFO - [2024-08-17T10:19:02.046+0000] {dagbag.py:545} INFO - Filling up the DagBag from /opt/airflow/dags/data/models/Syria/deaths_TS_model.pkl
[2024-08-17T10:19:02.062+0000] {processor.py:842} WARNING - No viable dags retrieved from /opt/airflow/dags/data/models/Syria/deaths_TS_model.pkl
[2024-08-17T10:19:02.071+0000] {processor.py:183} INFO - Processing /opt/airflow/dags/data/models/Syria/deaths_TS_model.pkl took 0.029 seconds
[2024-08-17T10:19:34.181+0000] {processor.py:161} INFO - Started process (PID=44997) to work on /opt/airflow/dags/data/models/Syria/deaths_TS_model.pkl
[2024-08-17T10:19:34.181+0000] {processor.py:830} INFO - Processing file /opt/airflow/dags/data/models/Syria/deaths_TS_model.pkl for tasks to queue
[2024-08-17T10:19:34.182+0000] {logging_mixin.py:188} INFO - [2024-08-17T10:19:34.181+0000] {dagbag.py:545} INFO - Filling up the DagBag from /opt/airflow/dags/data/models/Syria/deaths_TS_model.pkl
[2024-08-17T10:19:34.189+0000] {processor.py:842} WARNING - No viable dags retrieved from /opt/airflow/dags/data/models/Syria/deaths_TS_model.pkl
[2024-08-17T10:19:34.197+0000] {processor.py:183} INFO - Processing /opt/airflow/dags/data/models/Syria/deaths_TS_model.pkl took 0.020 seconds
[2024-08-17T10:20:06.163+0000] {processor.py:161} INFO - Started process (PID=45740) to work on /opt/airflow/dags/data/models/Syria/deaths_TS_model.pkl
[2024-08-17T10:20:06.164+0000] {processor.py:830} INFO - Processing file /opt/airflow/dags/data/models/Syria/deaths_TS_model.pkl for tasks to queue
[2024-08-17T10:20:06.165+0000] {logging_mixin.py:188} INFO - [2024-08-17T10:20:06.165+0000] {dagbag.py:545} INFO - Filling up the DagBag from /opt/airflow/dags/data/models/Syria/deaths_TS_model.pkl
[2024-08-17T10:20:06.174+0000] {processor.py:842} WARNING - No viable dags retrieved from /opt/airflow/dags/data/models/Syria/deaths_TS_model.pkl
[2024-08-17T10:20:06.185+0000] {processor.py:183} INFO - Processing /opt/airflow/dags/data/models/Syria/deaths_TS_model.pkl took 0.026 seconds
[2024-08-17T10:20:39.421+0000] {processor.py:161} INFO - Started process (PID=46466) to work on /opt/airflow/dags/data/models/Syria/deaths_TS_model.pkl
[2024-08-17T10:20:39.421+0000] {processor.py:830} INFO - Processing file /opt/airflow/dags/data/models/Syria/deaths_TS_model.pkl for tasks to queue
[2024-08-17T10:20:39.422+0000] {logging_mixin.py:188} INFO - [2024-08-17T10:20:39.422+0000] {dagbag.py:545} INFO - Filling up the DagBag from /opt/airflow/dags/data/models/Syria/deaths_TS_model.pkl
[2024-08-17T10:20:39.433+0000] {processor.py:842} WARNING - No viable dags retrieved from /opt/airflow/dags/data/models/Syria/deaths_TS_model.pkl
[2024-08-17T10:20:39.442+0000] {processor.py:183} INFO - Processing /opt/airflow/dags/data/models/Syria/deaths_TS_model.pkl took 0.025 seconds
[2024-08-17T10:21:10.827+0000] {processor.py:161} INFO - Started process (PID=47185) to work on /opt/airflow/dags/data/models/Syria/deaths_TS_model.pkl
[2024-08-17T10:21:10.828+0000] {processor.py:830} INFO - Processing file /opt/airflow/dags/data/models/Syria/deaths_TS_model.pkl for tasks to queue
[2024-08-17T10:21:10.829+0000] {logging_mixin.py:188} INFO - [2024-08-17T10:21:10.828+0000] {dagbag.py:545} INFO - Filling up the DagBag from /opt/airflow/dags/data/models/Syria/deaths_TS_model.pkl
[2024-08-17T10:21:10.836+0000] {processor.py:842} WARNING - No viable dags retrieved from /opt/airflow/dags/data/models/Syria/deaths_TS_model.pkl
[2024-08-17T10:21:10.845+0000] {processor.py:183} INFO - Processing /opt/airflow/dags/data/models/Syria/deaths_TS_model.pkl took 0.021 seconds
[2024-08-17T12:03:10.961+0000] {processor.py:161} INFO - Started process (PID=14871) to work on /opt/airflow/dags/data/models/Syria/deaths_TS_model.pkl
[2024-08-17T12:03:10.962+0000] {processor.py:830} INFO - Processing file /opt/airflow/dags/data/models/Syria/deaths_TS_model.pkl for tasks to queue
[2024-08-17T12:03:10.963+0000] {logging_mixin.py:188} INFO - [2024-08-17T12:03:10.963+0000] {dagbag.py:545} INFO - Filling up the DagBag from /opt/airflow/dags/data/models/Syria/deaths_TS_model.pkl
[2024-08-17T12:03:10.983+0000] {processor.py:842} WARNING - No viable dags retrieved from /opt/airflow/dags/data/models/Syria/deaths_TS_model.pkl
[2024-08-17T12:03:11.001+0000] {processor.py:183} INFO - Processing /opt/airflow/dags/data/models/Syria/deaths_TS_model.pkl took 0.048 seconds
[2024-08-17T12:03:52.190+0000] {processor.py:161} INFO - Started process (PID=15536) to work on /opt/airflow/dags/data/models/Syria/deaths_TS_model.pkl
[2024-08-17T12:03:52.192+0000] {processor.py:830} INFO - Processing file /opt/airflow/dags/data/models/Syria/deaths_TS_model.pkl for tasks to queue
[2024-08-17T12:03:52.193+0000] {logging_mixin.py:188} INFO - [2024-08-17T12:03:52.193+0000] {dagbag.py:545} INFO - Filling up the DagBag from /opt/airflow/dags/data/models/Syria/deaths_TS_model.pkl
[2024-08-17T12:03:52.212+0000] {processor.py:842} WARNING - No viable dags retrieved from /opt/airflow/dags/data/models/Syria/deaths_TS_model.pkl
[2024-08-17T12:03:52.232+0000] {processor.py:183} INFO - Processing /opt/airflow/dags/data/models/Syria/deaths_TS_model.pkl took 0.050 seconds
[2024-08-17T12:04:36.759+0000] {processor.py:161} INFO - Started process (PID=16155) to work on /opt/airflow/dags/data/models/Syria/deaths_TS_model.pkl
[2024-08-17T12:04:36.761+0000] {processor.py:830} INFO - Processing file /opt/airflow/dags/data/models/Syria/deaths_TS_model.pkl for tasks to queue
[2024-08-17T12:04:36.763+0000] {logging_mixin.py:188} INFO - [2024-08-17T12:04:36.763+0000] {dagbag.py:545} INFO - Filling up the DagBag from /opt/airflow/dags/data/models/Syria/deaths_TS_model.pkl
[2024-08-17T12:04:36.789+0000] {processor.py:842} WARNING - No viable dags retrieved from /opt/airflow/dags/data/models/Syria/deaths_TS_model.pkl
[2024-08-17T12:04:36.810+0000] {processor.py:183} INFO - Processing /opt/airflow/dags/data/models/Syria/deaths_TS_model.pkl took 0.060 seconds
[2024-08-17T12:04:58.667+0000] {processor.py:161} INFO - Started process (PID=16511) to work on /opt/airflow/dags/data/models/Syria/deaths_TS_model.pkl
[2024-08-17T12:04:58.669+0000] {processor.py:830} INFO - Processing file /opt/airflow/dags/data/models/Syria/deaths_TS_model.pkl for tasks to queue
[2024-08-17T12:04:58.670+0000] {logging_mixin.py:188} INFO - [2024-08-17T12:04:58.669+0000] {dagbag.py:545} INFO - Filling up the DagBag from /opt/airflow/dags/data/models/Syria/deaths_TS_model.pkl
[2024-08-17T12:04:58.695+0000] {processor.py:842} WARNING - No viable dags retrieved from /opt/airflow/dags/data/models/Syria/deaths_TS_model.pkl
[2024-08-17T12:04:58.714+0000] {processor.py:183} INFO - Processing /opt/airflow/dags/data/models/Syria/deaths_TS_model.pkl took 0.055 seconds
[2024-08-17T12:05:41.691+0000] {processor.py:161} INFO - Started process (PID=17153) to work on /opt/airflow/dags/data/models/Syria/deaths_TS_model.pkl
[2024-08-17T12:05:41.692+0000] {processor.py:830} INFO - Processing file /opt/airflow/dags/data/models/Syria/deaths_TS_model.pkl for tasks to queue
[2024-08-17T12:05:41.693+0000] {logging_mixin.py:188} INFO - [2024-08-17T12:05:41.692+0000] {dagbag.py:545} INFO - Filling up the DagBag from /opt/airflow/dags/data/models/Syria/deaths_TS_model.pkl
[2024-08-17T12:05:41.716+0000] {processor.py:842} WARNING - No viable dags retrieved from /opt/airflow/dags/data/models/Syria/deaths_TS_model.pkl
[2024-08-17T12:05:41.732+0000] {processor.py:183} INFO - Processing /opt/airflow/dags/data/models/Syria/deaths_TS_model.pkl took 0.049 seconds
[2024-08-17T12:06:20.850+0000] {processor.py:161} INFO - Started process (PID=17715) to work on /opt/airflow/dags/data/models/Syria/deaths_TS_model.pkl
[2024-08-17T12:06:20.851+0000] {processor.py:830} INFO - Processing file /opt/airflow/dags/data/models/Syria/deaths_TS_model.pkl for tasks to queue
[2024-08-17T12:06:20.852+0000] {logging_mixin.py:188} INFO - [2024-08-17T12:06:20.852+0000] {dagbag.py:545} INFO - Filling up the DagBag from /opt/airflow/dags/data/models/Syria/deaths_TS_model.pkl
[2024-08-17T12:06:20.865+0000] {processor.py:842} WARNING - No viable dags retrieved from /opt/airflow/dags/data/models/Syria/deaths_TS_model.pkl
[2024-08-17T12:06:20.881+0000] {processor.py:183} INFO - Processing /opt/airflow/dags/data/models/Syria/deaths_TS_model.pkl took 0.036 seconds
[2024-08-17T12:06:55.273+0000] {processor.py:161} INFO - Started process (PID=18283) to work on /opt/airflow/dags/data/models/Syria/deaths_TS_model.pkl
[2024-08-17T12:06:55.275+0000] {processor.py:830} INFO - Processing file /opt/airflow/dags/data/models/Syria/deaths_TS_model.pkl for tasks to queue
[2024-08-17T12:06:55.277+0000] {logging_mixin.py:188} INFO - [2024-08-17T12:06:55.276+0000] {dagbag.py:545} INFO - Filling up the DagBag from /opt/airflow/dags/data/models/Syria/deaths_TS_model.pkl
[2024-08-17T12:06:55.301+0000] {processor.py:842} WARNING - No viable dags retrieved from /opt/airflow/dags/data/models/Syria/deaths_TS_model.pkl
[2024-08-17T12:06:55.322+0000] {processor.py:183} INFO - Processing /opt/airflow/dags/data/models/Syria/deaths_TS_model.pkl took 0.058 seconds
[2024-08-17T12:07:17.620+0000] {processor.py:161} INFO - Started process (PID=18610) to work on /opt/airflow/dags/data/models/Syria/deaths_TS_model.pkl
[2024-08-17T12:07:17.621+0000] {processor.py:830} INFO - Processing file /opt/airflow/dags/data/models/Syria/deaths_TS_model.pkl for tasks to queue
[2024-08-17T12:07:17.624+0000] {logging_mixin.py:188} INFO - [2024-08-17T12:07:17.623+0000] {dagbag.py:545} INFO - Filling up the DagBag from /opt/airflow/dags/data/models/Syria/deaths_TS_model.pkl
[2024-08-17T12:07:17.653+0000] {processor.py:842} WARNING - No viable dags retrieved from /opt/airflow/dags/data/models/Syria/deaths_TS_model.pkl
[2024-08-17T12:07:17.671+0000] {processor.py:183} INFO - Processing /opt/airflow/dags/data/models/Syria/deaths_TS_model.pkl took 0.058 seconds
[2024-08-17T12:08:28.242+0000] {processor.py:161} INFO - Started process (PID=19320) to work on /opt/airflow/dags/data/models/Syria/deaths_TS_model.pkl
[2024-08-17T12:08:28.243+0000] {processor.py:830} INFO - Processing file /opt/airflow/dags/data/models/Syria/deaths_TS_model.pkl for tasks to queue
[2024-08-17T12:08:28.245+0000] {logging_mixin.py:188} INFO - [2024-08-17T12:08:28.244+0000] {dagbag.py:545} INFO - Filling up the DagBag from /opt/airflow/dags/data/models/Syria/deaths_TS_model.pkl
[2024-08-17T12:08:28.272+0000] {processor.py:842} WARNING - No viable dags retrieved from /opt/airflow/dags/data/models/Syria/deaths_TS_model.pkl
[2024-08-17T12:08:28.294+0000] {processor.py:183} INFO - Processing /opt/airflow/dags/data/models/Syria/deaths_TS_model.pkl took 0.060 seconds
[2024-08-17T12:09:17.462+0000] {processor.py:161} INFO - Started process (PID=20011) to work on /opt/airflow/dags/data/models/Syria/deaths_TS_model.pkl
[2024-08-17T12:09:17.463+0000] {processor.py:830} INFO - Processing file /opt/airflow/dags/data/models/Syria/deaths_TS_model.pkl for tasks to queue
[2024-08-17T12:09:17.464+0000] {logging_mixin.py:188} INFO - [2024-08-17T12:09:17.464+0000] {dagbag.py:545} INFO - Filling up the DagBag from /opt/airflow/dags/data/models/Syria/deaths_TS_model.pkl
[2024-08-17T12:09:17.481+0000] {processor.py:842} WARNING - No viable dags retrieved from /opt/airflow/dags/data/models/Syria/deaths_TS_model.pkl
[2024-08-17T12:09:17.499+0000] {processor.py:183} INFO - Processing /opt/airflow/dags/data/models/Syria/deaths_TS_model.pkl took 0.047 seconds
[2024-08-17T12:09:59.351+0000] {processor.py:161} INFO - Started process (PID=20661) to work on /opt/airflow/dags/data/models/Syria/deaths_TS_model.pkl
[2024-08-17T12:09:59.352+0000] {processor.py:830} INFO - Processing file /opt/airflow/dags/data/models/Syria/deaths_TS_model.pkl for tasks to queue
[2024-08-17T12:09:59.354+0000] {logging_mixin.py:188} INFO - [2024-08-17T12:09:59.353+0000] {dagbag.py:545} INFO - Filling up the DagBag from /opt/airflow/dags/data/models/Syria/deaths_TS_model.pkl
[2024-08-17T12:09:59.376+0000] {processor.py:842} WARNING - No viable dags retrieved from /opt/airflow/dags/data/models/Syria/deaths_TS_model.pkl
[2024-08-17T12:09:59.399+0000] {processor.py:183} INFO - Processing /opt/airflow/dags/data/models/Syria/deaths_TS_model.pkl took 0.056 seconds
[2024-08-17T12:10:34.821+0000] {processor.py:161} INFO - Started process (PID=21207) to work on /opt/airflow/dags/data/models/Syria/deaths_TS_model.pkl
[2024-08-17T12:10:34.822+0000] {processor.py:830} INFO - Processing file /opt/airflow/dags/data/models/Syria/deaths_TS_model.pkl for tasks to queue
[2024-08-17T12:10:34.823+0000] {logging_mixin.py:188} INFO - [2024-08-17T12:10:34.823+0000] {dagbag.py:545} INFO - Filling up the DagBag from /opt/airflow/dags/data/models/Syria/deaths_TS_model.pkl
[2024-08-17T12:10:34.843+0000] {processor.py:842} WARNING - No viable dags retrieved from /opt/airflow/dags/data/models/Syria/deaths_TS_model.pkl
[2024-08-17T12:10:34.864+0000] {processor.py:183} INFO - Processing /opt/airflow/dags/data/models/Syria/deaths_TS_model.pkl took 0.051 seconds
[2024-08-17T12:11:11.133+0000] {processor.py:161} INFO - Started process (PID=21691) to work on /opt/airflow/dags/data/models/Syria/deaths_TS_model.pkl
[2024-08-17T12:11:11.134+0000] {processor.py:830} INFO - Processing file /opt/airflow/dags/data/models/Syria/deaths_TS_model.pkl for tasks to queue
[2024-08-17T12:11:11.136+0000] {logging_mixin.py:188} INFO - [2024-08-17T12:11:11.135+0000] {dagbag.py:545} INFO - Filling up the DagBag from /opt/airflow/dags/data/models/Syria/deaths_TS_model.pkl
[2024-08-17T12:11:11.157+0000] {processor.py:842} WARNING - No viable dags retrieved from /opt/airflow/dags/data/models/Syria/deaths_TS_model.pkl
[2024-08-17T12:11:11.175+0000] {processor.py:183} INFO - Processing /opt/airflow/dags/data/models/Syria/deaths_TS_model.pkl took 0.048 seconds
[2024-08-17T12:11:46.326+0000] {processor.py:161} INFO - Started process (PID=22252) to work on /opt/airflow/dags/data/models/Syria/deaths_TS_model.pkl
[2024-08-17T12:11:46.327+0000] {processor.py:830} INFO - Processing file /opt/airflow/dags/data/models/Syria/deaths_TS_model.pkl for tasks to queue
[2024-08-17T12:11:46.328+0000] {logging_mixin.py:188} INFO - [2024-08-17T12:11:46.328+0000] {dagbag.py:545} INFO - Filling up the DagBag from /opt/airflow/dags/data/models/Syria/deaths_TS_model.pkl
[2024-08-17T12:11:46.350+0000] {processor.py:842} WARNING - No viable dags retrieved from /opt/airflow/dags/data/models/Syria/deaths_TS_model.pkl
[2024-08-17T12:11:46.370+0000] {processor.py:183} INFO - Processing /opt/airflow/dags/data/models/Syria/deaths_TS_model.pkl took 0.052 seconds
[2024-08-17T12:12:21.959+0000] {processor.py:161} INFO - Started process (PID=22736) to work on /opt/airflow/dags/data/models/Syria/deaths_TS_model.pkl
[2024-08-17T12:12:21.960+0000] {processor.py:830} INFO - Processing file /opt/airflow/dags/data/models/Syria/deaths_TS_model.pkl for tasks to queue
[2024-08-17T12:12:21.961+0000] {logging_mixin.py:188} INFO - [2024-08-17T12:12:21.961+0000] {dagbag.py:545} INFO - Filling up the DagBag from /opt/airflow/dags/data/models/Syria/deaths_TS_model.pkl
[2024-08-17T12:12:21.980+0000] {processor.py:842} WARNING - No viable dags retrieved from /opt/airflow/dags/data/models/Syria/deaths_TS_model.pkl
[2024-08-17T12:12:22.002+0000] {processor.py:183} INFO - Processing /opt/airflow/dags/data/models/Syria/deaths_TS_model.pkl took 0.050 seconds
[2024-08-17T12:13:20.841+0000] {processor.py:161} INFO - Started process (PID=23302) to work on /opt/airflow/dags/data/models/Syria/deaths_TS_model.pkl
[2024-08-17T12:13:20.842+0000] {processor.py:830} INFO - Processing file /opt/airflow/dags/data/models/Syria/deaths_TS_model.pkl for tasks to queue
[2024-08-17T12:13:20.844+0000] {logging_mixin.py:188} INFO - [2024-08-17T12:13:20.843+0000] {dagbag.py:545} INFO - Filling up the DagBag from /opt/airflow/dags/data/models/Syria/deaths_TS_model.pkl
[2024-08-17T12:13:20.858+0000] {processor.py:842} WARNING - No viable dags retrieved from /opt/airflow/dags/data/models/Syria/deaths_TS_model.pkl
[2024-08-17T12:13:20.881+0000] {processor.py:183} INFO - Processing /opt/airflow/dags/data/models/Syria/deaths_TS_model.pkl took 0.050 seconds
[2024-08-17T12:13:56.023+0000] {processor.py:161} INFO - Started process (PID=23902) to work on /opt/airflow/dags/data/models/Syria/deaths_TS_model.pkl
[2024-08-17T12:13:56.024+0000] {processor.py:830} INFO - Processing file /opt/airflow/dags/data/models/Syria/deaths_TS_model.pkl for tasks to queue
[2024-08-17T12:13:56.035+0000] {logging_mixin.py:188} INFO - [2024-08-17T12:13:56.035+0000] {dagbag.py:545} INFO - Filling up the DagBag from /opt/airflow/dags/data/models/Syria/deaths_TS_model.pkl
[2024-08-17T12:13:56.056+0000] {processor.py:842} WARNING - No viable dags retrieved from /opt/airflow/dags/data/models/Syria/deaths_TS_model.pkl
[2024-08-17T12:13:56.077+0000] {processor.py:183} INFO - Processing /opt/airflow/dags/data/models/Syria/deaths_TS_model.pkl took 0.064 seconds
[2024-08-17T12:14:29.771+0000] {processor.py:161} INFO - Started process (PID=24352) to work on /opt/airflow/dags/data/models/Syria/deaths_TS_model.pkl
[2024-08-17T12:14:29.773+0000] {processor.py:830} INFO - Processing file /opt/airflow/dags/data/models/Syria/deaths_TS_model.pkl for tasks to queue
[2024-08-17T12:14:29.775+0000] {logging_mixin.py:188} INFO - [2024-08-17T12:14:29.774+0000] {dagbag.py:545} INFO - Filling up the DagBag from /opt/airflow/dags/data/models/Syria/deaths_TS_model.pkl
[2024-08-17T12:14:29.811+0000] {processor.py:842} WARNING - No viable dags retrieved from /opt/airflow/dags/data/models/Syria/deaths_TS_model.pkl
[2024-08-17T12:14:29.832+0000] {processor.py:183} INFO - Processing /opt/airflow/dags/data/models/Syria/deaths_TS_model.pkl took 0.070 seconds
[2024-08-17T12:15:14.223+0000] {processor.py:161} INFO - Started process (PID=24963) to work on /opt/airflow/dags/data/models/Syria/deaths_TS_model.pkl
[2024-08-17T12:15:14.225+0000] {processor.py:830} INFO - Processing file /opt/airflow/dags/data/models/Syria/deaths_TS_model.pkl for tasks to queue
[2024-08-17T12:15:14.226+0000] {logging_mixin.py:188} INFO - [2024-08-17T12:15:14.226+0000] {dagbag.py:545} INFO - Filling up the DagBag from /opt/airflow/dags/data/models/Syria/deaths_TS_model.pkl
[2024-08-17T12:15:14.246+0000] {processor.py:842} WARNING - No viable dags retrieved from /opt/airflow/dags/data/models/Syria/deaths_TS_model.pkl
[2024-08-17T12:15:14.265+0000] {processor.py:183} INFO - Processing /opt/airflow/dags/data/models/Syria/deaths_TS_model.pkl took 0.050 seconds
[2024-08-17T12:15:55.530+0000] {processor.py:161} INFO - Started process (PID=25576) to work on /opt/airflow/dags/data/models/Syria/deaths_TS_model.pkl
[2024-08-17T12:15:55.531+0000] {processor.py:830} INFO - Processing file /opt/airflow/dags/data/models/Syria/deaths_TS_model.pkl for tasks to queue
[2024-08-17T12:15:55.533+0000] {logging_mixin.py:188} INFO - [2024-08-17T12:15:55.532+0000] {dagbag.py:545} INFO - Filling up the DagBag from /opt/airflow/dags/data/models/Syria/deaths_TS_model.pkl
[2024-08-17T12:15:55.557+0000] {processor.py:842} WARNING - No viable dags retrieved from /opt/airflow/dags/data/models/Syria/deaths_TS_model.pkl
[2024-08-17T12:15:55.577+0000] {processor.py:183} INFO - Processing /opt/airflow/dags/data/models/Syria/deaths_TS_model.pkl took 0.055 seconds
[2024-08-17T12:16:31.902+0000] {processor.py:161} INFO - Started process (PID=26085) to work on /opt/airflow/dags/data/models/Syria/deaths_TS_model.pkl
[2024-08-17T12:16:31.903+0000] {processor.py:830} INFO - Processing file /opt/airflow/dags/data/models/Syria/deaths_TS_model.pkl for tasks to queue
[2024-08-17T12:16:31.904+0000] {logging_mixin.py:188} INFO - [2024-08-17T12:16:31.904+0000] {dagbag.py:545} INFO - Filling up the DagBag from /opt/airflow/dags/data/models/Syria/deaths_TS_model.pkl
[2024-08-17T12:16:31.925+0000] {processor.py:842} WARNING - No viable dags retrieved from /opt/airflow/dags/data/models/Syria/deaths_TS_model.pkl
[2024-08-17T12:16:31.947+0000] {processor.py:183} INFO - Processing /opt/airflow/dags/data/models/Syria/deaths_TS_model.pkl took 0.053 seconds
[2024-08-17T12:17:14.440+0000] {processor.py:161} INFO - Started process (PID=26686) to work on /opt/airflow/dags/data/models/Syria/deaths_TS_model.pkl
[2024-08-17T12:17:14.442+0000] {processor.py:830} INFO - Processing file /opt/airflow/dags/data/models/Syria/deaths_TS_model.pkl for tasks to queue
[2024-08-17T12:17:14.443+0000] {logging_mixin.py:188} INFO - [2024-08-17T12:17:14.443+0000] {dagbag.py:545} INFO - Filling up the DagBag from /opt/airflow/dags/data/models/Syria/deaths_TS_model.pkl
[2024-08-17T12:17:14.497+0000] {processor.py:842} WARNING - No viable dags retrieved from /opt/airflow/dags/data/models/Syria/deaths_TS_model.pkl
[2024-08-17T12:17:14.513+0000] {processor.py:183} INFO - Processing /opt/airflow/dags/data/models/Syria/deaths_TS_model.pkl took 0.083 seconds
[2024-08-17T12:18:20.254+0000] {processor.py:161} INFO - Started process (PID=27314) to work on /opt/airflow/dags/data/models/Syria/deaths_TS_model.pkl
[2024-08-17T12:18:20.256+0000] {processor.py:830} INFO - Processing file /opt/airflow/dags/data/models/Syria/deaths_TS_model.pkl for tasks to queue
[2024-08-17T12:18:20.257+0000] {logging_mixin.py:188} INFO - [2024-08-17T12:18:20.257+0000] {dagbag.py:545} INFO - Filling up the DagBag from /opt/airflow/dags/data/models/Syria/deaths_TS_model.pkl
[2024-08-17T12:18:20.282+0000] {processor.py:842} WARNING - No viable dags retrieved from /opt/airflow/dags/data/models/Syria/deaths_TS_model.pkl
[2024-08-17T12:18:20.301+0000] {processor.py:183} INFO - Processing /opt/airflow/dags/data/models/Syria/deaths_TS_model.pkl took 0.055 seconds
[2024-08-17T12:19:17.003+0000] {processor.py:161} INFO - Started process (PID=28082) to work on /opt/airflow/dags/data/models/Syria/deaths_TS_model.pkl
[2024-08-17T12:19:17.004+0000] {processor.py:830} INFO - Processing file /opt/airflow/dags/data/models/Syria/deaths_TS_model.pkl for tasks to queue
[2024-08-17T12:19:17.006+0000] {logging_mixin.py:188} INFO - [2024-08-17T12:19:17.005+0000] {dagbag.py:545} INFO - Filling up the DagBag from /opt/airflow/dags/data/models/Syria/deaths_TS_model.pkl
[2024-08-17T12:19:17.028+0000] {processor.py:842} WARNING - No viable dags retrieved from /opt/airflow/dags/data/models/Syria/deaths_TS_model.pkl
[2024-08-17T12:19:17.048+0000] {processor.py:183} INFO - Processing /opt/airflow/dags/data/models/Syria/deaths_TS_model.pkl took 0.053 seconds
[2024-08-17T12:19:55.115+0000] {processor.py:161} INFO - Started process (PID=28602) to work on /opt/airflow/dags/data/models/Syria/deaths_TS_model.pkl
[2024-08-17T12:19:55.116+0000] {processor.py:830} INFO - Processing file /opt/airflow/dags/data/models/Syria/deaths_TS_model.pkl for tasks to queue
[2024-08-17T12:19:55.117+0000] {logging_mixin.py:188} INFO - [2024-08-17T12:19:55.117+0000] {dagbag.py:545} INFO - Filling up the DagBag from /opt/airflow/dags/data/models/Syria/deaths_TS_model.pkl
[2024-08-17T12:19:55.143+0000] {processor.py:842} WARNING - No viable dags retrieved from /opt/airflow/dags/data/models/Syria/deaths_TS_model.pkl
[2024-08-17T12:19:55.159+0000] {processor.py:183} INFO - Processing /opt/airflow/dags/data/models/Syria/deaths_TS_model.pkl took 0.052 seconds
[2024-08-17T12:20:49.075+0000] {processor.py:161} INFO - Started process (PID=29257) to work on /opt/airflow/dags/data/models/Syria/deaths_TS_model.pkl
[2024-08-17T12:20:49.077+0000] {processor.py:830} INFO - Processing file /opt/airflow/dags/data/models/Syria/deaths_TS_model.pkl for tasks to queue
[2024-08-17T12:20:49.078+0000] {logging_mixin.py:188} INFO - [2024-08-17T12:20:49.077+0000] {dagbag.py:545} INFO - Filling up the DagBag from /opt/airflow/dags/data/models/Syria/deaths_TS_model.pkl
[2024-08-17T12:20:49.101+0000] {processor.py:842} WARNING - No viable dags retrieved from /opt/airflow/dags/data/models/Syria/deaths_TS_model.pkl
[2024-08-17T12:20:49.121+0000] {processor.py:183} INFO - Processing /opt/airflow/dags/data/models/Syria/deaths_TS_model.pkl took 0.052 seconds
[2024-08-17T12:21:36.049+0000] {processor.py:161} INFO - Started process (PID=29972) to work on /opt/airflow/dags/data/models/Syria/deaths_TS_model.pkl
[2024-08-17T12:21:36.050+0000] {processor.py:830} INFO - Processing file /opt/airflow/dags/data/models/Syria/deaths_TS_model.pkl for tasks to queue
[2024-08-17T12:21:36.051+0000] {logging_mixin.py:188} INFO - [2024-08-17T12:21:36.050+0000] {dagbag.py:545} INFO - Filling up the DagBag from /opt/airflow/dags/data/models/Syria/deaths_TS_model.pkl
[2024-08-17T12:21:36.070+0000] {processor.py:842} WARNING - No viable dags retrieved from /opt/airflow/dags/data/models/Syria/deaths_TS_model.pkl
[2024-08-17T12:21:36.087+0000] {processor.py:183} INFO - Processing /opt/airflow/dags/data/models/Syria/deaths_TS_model.pkl took 0.046 seconds
[2024-08-17T12:22:13.567+0000] {processor.py:161} INFO - Started process (PID=30550) to work on /opt/airflow/dags/data/models/Syria/deaths_TS_model.pkl
[2024-08-17T12:22:13.569+0000] {processor.py:830} INFO - Processing file /opt/airflow/dags/data/models/Syria/deaths_TS_model.pkl for tasks to queue
[2024-08-17T12:22:13.571+0000] {logging_mixin.py:188} INFO - [2024-08-17T12:22:13.570+0000] {dagbag.py:545} INFO - Filling up the DagBag from /opt/airflow/dags/data/models/Syria/deaths_TS_model.pkl
[2024-08-17T12:22:13.588+0000] {processor.py:842} WARNING - No viable dags retrieved from /opt/airflow/dags/data/models/Syria/deaths_TS_model.pkl
[2024-08-17T12:22:13.607+0000] {processor.py:183} INFO - Processing /opt/airflow/dags/data/models/Syria/deaths_TS_model.pkl took 0.047 seconds
[2024-08-17T12:23:19.852+0000] {processor.py:161} INFO - Started process (PID=31216) to work on /opt/airflow/dags/data/models/Syria/deaths_TS_model.pkl
[2024-08-17T12:23:19.853+0000] {processor.py:830} INFO - Processing file /opt/airflow/dags/data/models/Syria/deaths_TS_model.pkl for tasks to queue
[2024-08-17T12:23:19.854+0000] {logging_mixin.py:188} INFO - [2024-08-17T12:23:19.853+0000] {dagbag.py:545} INFO - Filling up the DagBag from /opt/airflow/dags/data/models/Syria/deaths_TS_model.pkl
[2024-08-17T12:23:19.873+0000] {processor.py:842} WARNING - No viable dags retrieved from /opt/airflow/dags/data/models/Syria/deaths_TS_model.pkl
[2024-08-17T12:23:19.891+0000] {processor.py:183} INFO - Processing /opt/airflow/dags/data/models/Syria/deaths_TS_model.pkl took 0.045 seconds
[2024-08-17T12:24:02.456+0000] {processor.py:161} INFO - Started process (PID=31896) to work on /opt/airflow/dags/data/models/Syria/deaths_TS_model.pkl
[2024-08-17T12:24:02.457+0000] {processor.py:830} INFO - Processing file /opt/airflow/dags/data/models/Syria/deaths_TS_model.pkl for tasks to queue
[2024-08-17T12:24:02.458+0000] {logging_mixin.py:188} INFO - [2024-08-17T12:24:02.458+0000] {dagbag.py:545} INFO - Filling up the DagBag from /opt/airflow/dags/data/models/Syria/deaths_TS_model.pkl
[2024-08-17T12:24:02.470+0000] {processor.py:842} WARNING - No viable dags retrieved from /opt/airflow/dags/data/models/Syria/deaths_TS_model.pkl
[2024-08-17T12:24:02.484+0000] {processor.py:183} INFO - Processing /opt/airflow/dags/data/models/Syria/deaths_TS_model.pkl took 0.034 seconds
[2024-08-17T12:24:47.977+0000] {processor.py:161} INFO - Started process (PID=32641) to work on /opt/airflow/dags/data/models/Syria/deaths_TS_model.pkl
[2024-08-17T12:24:47.979+0000] {processor.py:830} INFO - Processing file /opt/airflow/dags/data/models/Syria/deaths_TS_model.pkl for tasks to queue
[2024-08-17T12:24:47.980+0000] {logging_mixin.py:188} INFO - [2024-08-17T12:24:47.979+0000] {dagbag.py:545} INFO - Filling up the DagBag from /opt/airflow/dags/data/models/Syria/deaths_TS_model.pkl
[2024-08-17T12:24:48.000+0000] {processor.py:842} WARNING - No viable dags retrieved from /opt/airflow/dags/data/models/Syria/deaths_TS_model.pkl
[2024-08-17T12:24:48.017+0000] {processor.py:183} INFO - Processing /opt/airflow/dags/data/models/Syria/deaths_TS_model.pkl took 0.047 seconds
[2024-08-17T12:25:25.880+0000] {processor.py:161} INFO - Started process (PID=33287) to work on /opt/airflow/dags/data/models/Syria/deaths_TS_model.pkl
[2024-08-17T12:25:25.881+0000] {processor.py:830} INFO - Processing file /opt/airflow/dags/data/models/Syria/deaths_TS_model.pkl for tasks to queue
[2024-08-17T12:25:25.882+0000] {logging_mixin.py:188} INFO - [2024-08-17T12:25:25.881+0000] {dagbag.py:545} INFO - Filling up the DagBag from /opt/airflow/dags/data/models/Syria/deaths_TS_model.pkl
[2024-08-17T12:25:25.899+0000] {processor.py:842} WARNING - No viable dags retrieved from /opt/airflow/dags/data/models/Syria/deaths_TS_model.pkl
[2024-08-17T12:25:25.915+0000] {processor.py:183} INFO - Processing /opt/airflow/dags/data/models/Syria/deaths_TS_model.pkl took 0.040 seconds
[2024-08-17T12:26:07.875+0000] {processor.py:161} INFO - Started process (PID=34054) to work on /opt/airflow/dags/data/models/Syria/deaths_TS_model.pkl
[2024-08-17T12:26:07.876+0000] {processor.py:830} INFO - Processing file /opt/airflow/dags/data/models/Syria/deaths_TS_model.pkl for tasks to queue
[2024-08-17T12:26:07.877+0000] {logging_mixin.py:188} INFO - [2024-08-17T12:26:07.877+0000] {dagbag.py:545} INFO - Filling up the DagBag from /opt/airflow/dags/data/models/Syria/deaths_TS_model.pkl
[2024-08-17T12:26:07.894+0000] {processor.py:842} WARNING - No viable dags retrieved from /opt/airflow/dags/data/models/Syria/deaths_TS_model.pkl
[2024-08-17T12:26:07.908+0000] {processor.py:183} INFO - Processing /opt/airflow/dags/data/models/Syria/deaths_TS_model.pkl took 0.037 seconds
[2024-08-17T12:26:43.827+0000] {processor.py:161} INFO - Started process (PID=34722) to work on /opt/airflow/dags/data/models/Syria/deaths_TS_model.pkl
[2024-08-17T12:26:43.828+0000] {processor.py:830} INFO - Processing file /opt/airflow/dags/data/models/Syria/deaths_TS_model.pkl for tasks to queue
[2024-08-17T12:26:43.829+0000] {logging_mixin.py:188} INFO - [2024-08-17T12:26:43.829+0000] {dagbag.py:545} INFO - Filling up the DagBag from /opt/airflow/dags/data/models/Syria/deaths_TS_model.pkl
[2024-08-17T12:26:43.840+0000] {processor.py:842} WARNING - No viable dags retrieved from /opt/airflow/dags/data/models/Syria/deaths_TS_model.pkl
[2024-08-17T12:26:43.853+0000] {processor.py:183} INFO - Processing /opt/airflow/dags/data/models/Syria/deaths_TS_model.pkl took 0.030 seconds
[2024-08-17T12:27:20.401+0000] {processor.py:161} INFO - Started process (PID=35443) to work on /opt/airflow/dags/data/models/Syria/deaths_TS_model.pkl
[2024-08-17T12:27:20.402+0000] {processor.py:830} INFO - Processing file /opt/airflow/dags/data/models/Syria/deaths_TS_model.pkl for tasks to queue
[2024-08-17T12:27:20.403+0000] {logging_mixin.py:188} INFO - [2024-08-17T12:27:20.403+0000] {dagbag.py:545} INFO - Filling up the DagBag from /opt/airflow/dags/data/models/Syria/deaths_TS_model.pkl
[2024-08-17T12:27:20.418+0000] {processor.py:842} WARNING - No viable dags retrieved from /opt/airflow/dags/data/models/Syria/deaths_TS_model.pkl
[2024-08-17T12:27:20.429+0000] {processor.py:183} INFO - Processing /opt/airflow/dags/data/models/Syria/deaths_TS_model.pkl took 0.033 seconds
[2024-08-17T12:28:16.397+0000] {processor.py:161} INFO - Started process (PID=36247) to work on /opt/airflow/dags/data/models/Syria/deaths_TS_model.pkl
[2024-08-17T12:28:16.398+0000] {processor.py:830} INFO - Processing file /opt/airflow/dags/data/models/Syria/deaths_TS_model.pkl for tasks to queue
[2024-08-17T12:28:16.399+0000] {logging_mixin.py:188} INFO - [2024-08-17T12:28:16.399+0000] {dagbag.py:545} INFO - Filling up the DagBag from /opt/airflow/dags/data/models/Syria/deaths_TS_model.pkl
[2024-08-17T12:28:16.412+0000] {processor.py:842} WARNING - No viable dags retrieved from /opt/airflow/dags/data/models/Syria/deaths_TS_model.pkl
[2024-08-17T12:28:16.423+0000] {processor.py:183} INFO - Processing /opt/airflow/dags/data/models/Syria/deaths_TS_model.pkl took 0.030 seconds
[2024-08-17T12:28:50.243+0000] {processor.py:161} INFO - Started process (PID=36993) to work on /opt/airflow/dags/data/models/Syria/deaths_TS_model.pkl
[2024-08-17T12:28:50.243+0000] {processor.py:830} INFO - Processing file /opt/airflow/dags/data/models/Syria/deaths_TS_model.pkl for tasks to queue
[2024-08-17T12:28:50.244+0000] {logging_mixin.py:188} INFO - [2024-08-17T12:28:50.244+0000] {dagbag.py:545} INFO - Filling up the DagBag from /opt/airflow/dags/data/models/Syria/deaths_TS_model.pkl
[2024-08-17T12:28:50.258+0000] {processor.py:842} WARNING - No viable dags retrieved from /opt/airflow/dags/data/models/Syria/deaths_TS_model.pkl
[2024-08-17T12:28:50.270+0000] {processor.py:183} INFO - Processing /opt/airflow/dags/data/models/Syria/deaths_TS_model.pkl took 0.032 seconds
[2024-08-17T12:29:25.256+0000] {processor.py:161} INFO - Started process (PID=37741) to work on /opt/airflow/dags/data/models/Syria/deaths_TS_model.pkl
[2024-08-17T12:29:25.258+0000] {processor.py:830} INFO - Processing file /opt/airflow/dags/data/models/Syria/deaths_TS_model.pkl for tasks to queue
[2024-08-17T12:29:25.259+0000] {logging_mixin.py:188} INFO - [2024-08-17T12:29:25.259+0000] {dagbag.py:545} INFO - Filling up the DagBag from /opt/airflow/dags/data/models/Syria/deaths_TS_model.pkl
[2024-08-17T12:29:25.278+0000] {processor.py:842} WARNING - No viable dags retrieved from /opt/airflow/dags/data/models/Syria/deaths_TS_model.pkl
[2024-08-17T12:29:25.292+0000] {processor.py:183} INFO - Processing /opt/airflow/dags/data/models/Syria/deaths_TS_model.pkl took 0.042 seconds
[2024-08-17T12:29:57.823+0000] {processor.py:161} INFO - Started process (PID=38449) to work on /opt/airflow/dags/data/models/Syria/deaths_TS_model.pkl
[2024-08-17T12:29:57.823+0000] {processor.py:830} INFO - Processing file /opt/airflow/dags/data/models/Syria/deaths_TS_model.pkl for tasks to queue
[2024-08-17T12:29:57.824+0000] {logging_mixin.py:188} INFO - [2024-08-17T12:29:57.824+0000] {dagbag.py:545} INFO - Filling up the DagBag from /opt/airflow/dags/data/models/Syria/deaths_TS_model.pkl
[2024-08-17T12:29:57.835+0000] {processor.py:842} WARNING - No viable dags retrieved from /opt/airflow/dags/data/models/Syria/deaths_TS_model.pkl
[2024-08-17T12:29:57.845+0000] {processor.py:183} INFO - Processing /opt/airflow/dags/data/models/Syria/deaths_TS_model.pkl took 0.026 seconds
[2024-08-17T12:30:30.178+0000] {processor.py:161} INFO - Started process (PID=39179) to work on /opt/airflow/dags/data/models/Syria/deaths_TS_model.pkl
[2024-08-17T12:30:30.180+0000] {processor.py:830} INFO - Processing file /opt/airflow/dags/data/models/Syria/deaths_TS_model.pkl for tasks to queue
[2024-08-17T12:30:30.180+0000] {logging_mixin.py:188} INFO - [2024-08-17T12:30:30.180+0000] {dagbag.py:545} INFO - Filling up the DagBag from /opt/airflow/dags/data/models/Syria/deaths_TS_model.pkl
[2024-08-17T12:30:30.191+0000] {processor.py:842} WARNING - No viable dags retrieved from /opt/airflow/dags/data/models/Syria/deaths_TS_model.pkl
[2024-08-17T12:30:30.200+0000] {processor.py:183} INFO - Processing /opt/airflow/dags/data/models/Syria/deaths_TS_model.pkl took 0.026 seconds
[2024-08-17T12:31:02.230+0000] {processor.py:161} INFO - Started process (PID=39917) to work on /opt/airflow/dags/data/models/Syria/deaths_TS_model.pkl
[2024-08-17T12:31:02.231+0000] {processor.py:830} INFO - Processing file /opt/airflow/dags/data/models/Syria/deaths_TS_model.pkl for tasks to queue
[2024-08-17T12:31:02.232+0000] {logging_mixin.py:188} INFO - [2024-08-17T12:31:02.232+0000] {dagbag.py:545} INFO - Filling up the DagBag from /opt/airflow/dags/data/models/Syria/deaths_TS_model.pkl
[2024-08-17T12:31:02.238+0000] {processor.py:842} WARNING - No viable dags retrieved from /opt/airflow/dags/data/models/Syria/deaths_TS_model.pkl
[2024-08-17T12:31:02.247+0000] {processor.py:183} INFO - Processing /opt/airflow/dags/data/models/Syria/deaths_TS_model.pkl took 0.021 seconds
[2024-08-17T12:31:35.276+0000] {processor.py:161} INFO - Started process (PID=40646) to work on /opt/airflow/dags/data/models/Syria/deaths_TS_model.pkl
[2024-08-17T12:31:35.277+0000] {processor.py:830} INFO - Processing file /opt/airflow/dags/data/models/Syria/deaths_TS_model.pkl for tasks to queue
[2024-08-17T12:31:35.277+0000] {logging_mixin.py:188} INFO - [2024-08-17T12:31:35.277+0000] {dagbag.py:545} INFO - Filling up the DagBag from /opt/airflow/dags/data/models/Syria/deaths_TS_model.pkl
[2024-08-17T12:31:35.285+0000] {processor.py:842} WARNING - No viable dags retrieved from /opt/airflow/dags/data/models/Syria/deaths_TS_model.pkl
[2024-08-17T12:31:35.297+0000] {processor.py:183} INFO - Processing /opt/airflow/dags/data/models/Syria/deaths_TS_model.pkl took 0.025 seconds
[2024-08-17T12:32:10.629+0000] {processor.py:161} INFO - Started process (PID=41348) to work on /opt/airflow/dags/data/models/Syria/deaths_TS_model.pkl
[2024-08-17T12:32:10.630+0000] {processor.py:830} INFO - Processing file /opt/airflow/dags/data/models/Syria/deaths_TS_model.pkl for tasks to queue
[2024-08-17T12:32:10.630+0000] {logging_mixin.py:188} INFO - [2024-08-17T12:32:10.630+0000] {dagbag.py:545} INFO - Filling up the DagBag from /opt/airflow/dags/data/models/Syria/deaths_TS_model.pkl
[2024-08-17T12:32:10.641+0000] {processor.py:842} WARNING - No viable dags retrieved from /opt/airflow/dags/data/models/Syria/deaths_TS_model.pkl
[2024-08-17T12:32:10.651+0000] {processor.py:183} INFO - Processing /opt/airflow/dags/data/models/Syria/deaths_TS_model.pkl took 0.026 seconds
[2024-08-17T12:32:42.631+0000] {processor.py:161} INFO - Started process (PID=42073) to work on /opt/airflow/dags/data/models/Syria/deaths_TS_model.pkl
[2024-08-17T12:32:42.632+0000] {processor.py:830} INFO - Processing file /opt/airflow/dags/data/models/Syria/deaths_TS_model.pkl for tasks to queue
[2024-08-17T12:32:42.632+0000] {logging_mixin.py:188} INFO - [2024-08-17T12:32:42.632+0000] {dagbag.py:545} INFO - Filling up the DagBag from /opt/airflow/dags/data/models/Syria/deaths_TS_model.pkl
[2024-08-17T12:32:42.641+0000] {processor.py:842} WARNING - No viable dags retrieved from /opt/airflow/dags/data/models/Syria/deaths_TS_model.pkl
[2024-08-17T12:32:42.650+0000] {processor.py:183} INFO - Processing /opt/airflow/dags/data/models/Syria/deaths_TS_model.pkl took 0.022 seconds
[2024-08-17T12:33:20.702+0000] {processor.py:161} INFO - Started process (PID=42825) to work on /opt/airflow/dags/data/models/Syria/deaths_TS_model.pkl
[2024-08-17T12:33:20.703+0000] {processor.py:830} INFO - Processing file /opt/airflow/dags/data/models/Syria/deaths_TS_model.pkl for tasks to queue
[2024-08-17T12:33:20.704+0000] {logging_mixin.py:188} INFO - [2024-08-17T12:33:20.704+0000] {dagbag.py:545} INFO - Filling up the DagBag from /opt/airflow/dags/data/models/Syria/deaths_TS_model.pkl
[2024-08-17T12:33:20.714+0000] {processor.py:842} WARNING - No viable dags retrieved from /opt/airflow/dags/data/models/Syria/deaths_TS_model.pkl
[2024-08-17T12:33:20.724+0000] {processor.py:183} INFO - Processing /opt/airflow/dags/data/models/Syria/deaths_TS_model.pkl took 0.026 seconds
[2024-08-17T12:33:52.458+0000] {processor.py:161} INFO - Started process (PID=43457) to work on /opt/airflow/dags/data/models/Syria/deaths_TS_model.pkl
[2024-08-17T12:33:52.459+0000] {processor.py:830} INFO - Processing file /opt/airflow/dags/data/models/Syria/deaths_TS_model.pkl for tasks to queue
[2024-08-17T12:33:52.459+0000] {logging_mixin.py:188} INFO - [2024-08-17T12:33:52.459+0000] {dagbag.py:545} INFO - Filling up the DagBag from /opt/airflow/dags/data/models/Syria/deaths_TS_model.pkl
[2024-08-17T12:33:52.467+0000] {processor.py:842} WARNING - No viable dags retrieved from /opt/airflow/dags/data/models/Syria/deaths_TS_model.pkl
[2024-08-17T12:33:52.477+0000] {processor.py:183} INFO - Processing /opt/airflow/dags/data/models/Syria/deaths_TS_model.pkl took 0.022 seconds
[2024-08-17T12:34:25.422+0000] {processor.py:161} INFO - Started process (PID=44181) to work on /opt/airflow/dags/data/models/Syria/deaths_TS_model.pkl
[2024-08-17T12:34:25.423+0000] {processor.py:830} INFO - Processing file /opt/airflow/dags/data/models/Syria/deaths_TS_model.pkl for tasks to queue
[2024-08-17T12:34:25.424+0000] {logging_mixin.py:188} INFO - [2024-08-17T12:34:25.424+0000] {dagbag.py:545} INFO - Filling up the DagBag from /opt/airflow/dags/data/models/Syria/deaths_TS_model.pkl
[2024-08-17T12:34:25.436+0000] {processor.py:842} WARNING - No viable dags retrieved from /opt/airflow/dags/data/models/Syria/deaths_TS_model.pkl
[2024-08-17T12:34:25.447+0000] {processor.py:183} INFO - Processing /opt/airflow/dags/data/models/Syria/deaths_TS_model.pkl took 0.029 seconds
[2024-08-17T12:34:57.308+0000] {processor.py:161} INFO - Started process (PID=44884) to work on /opt/airflow/dags/data/models/Syria/deaths_TS_model.pkl
[2024-08-17T12:34:57.312+0000] {processor.py:830} INFO - Processing file /opt/airflow/dags/data/models/Syria/deaths_TS_model.pkl for tasks to queue
[2024-08-17T12:34:57.313+0000] {logging_mixin.py:188} INFO - [2024-08-17T12:34:57.313+0000] {dagbag.py:545} INFO - Filling up the DagBag from /opt/airflow/dags/data/models/Syria/deaths_TS_model.pkl
[2024-08-17T12:34:57.328+0000] {processor.py:842} WARNING - No viable dags retrieved from /opt/airflow/dags/data/models/Syria/deaths_TS_model.pkl
[2024-08-17T12:34:57.337+0000] {processor.py:183} INFO - Processing /opt/airflow/dags/data/models/Syria/deaths_TS_model.pkl took 0.032 seconds
[2024-08-17T12:35:29.199+0000] {processor.py:161} INFO - Started process (PID=45590) to work on /opt/airflow/dags/data/models/Syria/deaths_TS_model.pkl
[2024-08-17T12:35:29.200+0000] {processor.py:830} INFO - Processing file /opt/airflow/dags/data/models/Syria/deaths_TS_model.pkl for tasks to queue
[2024-08-17T12:35:29.201+0000] {logging_mixin.py:188} INFO - [2024-08-17T12:35:29.200+0000] {dagbag.py:545} INFO - Filling up the DagBag from /opt/airflow/dags/data/models/Syria/deaths_TS_model.pkl
[2024-08-17T12:35:29.212+0000] {processor.py:842} WARNING - No viable dags retrieved from /opt/airflow/dags/data/models/Syria/deaths_TS_model.pkl
[2024-08-17T12:35:29.221+0000] {processor.py:183} INFO - Processing /opt/airflow/dags/data/models/Syria/deaths_TS_model.pkl took 0.026 seconds
[2024-08-17T12:36:02.209+0000] {processor.py:161} INFO - Started process (PID=46333) to work on /opt/airflow/dags/data/models/Syria/deaths_TS_model.pkl
[2024-08-17T12:36:02.210+0000] {processor.py:830} INFO - Processing file /opt/airflow/dags/data/models/Syria/deaths_TS_model.pkl for tasks to queue
[2024-08-17T12:36:02.210+0000] {logging_mixin.py:188} INFO - [2024-08-17T12:36:02.210+0000] {dagbag.py:545} INFO - Filling up the DagBag from /opt/airflow/dags/data/models/Syria/deaths_TS_model.pkl
[2024-08-17T12:36:02.221+0000] {processor.py:842} WARNING - No viable dags retrieved from /opt/airflow/dags/data/models/Syria/deaths_TS_model.pkl
[2024-08-17T12:36:02.230+0000] {processor.py:183} INFO - Processing /opt/airflow/dags/data/models/Syria/deaths_TS_model.pkl took 0.025 seconds
[2024-08-17T12:36:34.178+0000] {processor.py:161} INFO - Started process (PID=47077) to work on /opt/airflow/dags/data/models/Syria/deaths_TS_model.pkl
[2024-08-17T12:36:34.178+0000] {processor.py:830} INFO - Processing file /opt/airflow/dags/data/models/Syria/deaths_TS_model.pkl for tasks to queue
[2024-08-17T12:36:34.179+0000] {logging_mixin.py:188} INFO - [2024-08-17T12:36:34.179+0000] {dagbag.py:545} INFO - Filling up the DagBag from /opt/airflow/dags/data/models/Syria/deaths_TS_model.pkl
[2024-08-17T12:36:34.193+0000] {processor.py:842} WARNING - No viable dags retrieved from /opt/airflow/dags/data/models/Syria/deaths_TS_model.pkl
[2024-08-17T12:36:34.201+0000] {processor.py:183} INFO - Processing /opt/airflow/dags/data/models/Syria/deaths_TS_model.pkl took 0.027 seconds
[2024-08-17T12:37:07.085+0000] {processor.py:161} INFO - Started process (PID=47791) to work on /opt/airflow/dags/data/models/Syria/deaths_TS_model.pkl
[2024-08-17T12:37:07.086+0000] {processor.py:830} INFO - Processing file /opt/airflow/dags/data/models/Syria/deaths_TS_model.pkl for tasks to queue
[2024-08-17T12:37:07.086+0000] {logging_mixin.py:188} INFO - [2024-08-17T12:37:07.086+0000] {dagbag.py:545} INFO - Filling up the DagBag from /opt/airflow/dags/data/models/Syria/deaths_TS_model.pkl
[2024-08-17T12:37:07.095+0000] {processor.py:842} WARNING - No viable dags retrieved from /opt/airflow/dags/data/models/Syria/deaths_TS_model.pkl
[2024-08-17T12:37:07.106+0000] {processor.py:183} INFO - Processing /opt/airflow/dags/data/models/Syria/deaths_TS_model.pkl took 0.024 seconds
[2024-08-17T12:37:39.431+0000] {processor.py:161} INFO - Started process (PID=48517) to work on /opt/airflow/dags/data/models/Syria/deaths_TS_model.pkl
[2024-08-17T12:37:39.431+0000] {processor.py:830} INFO - Processing file /opt/airflow/dags/data/models/Syria/deaths_TS_model.pkl for tasks to queue
[2024-08-17T12:37:39.433+0000] {logging_mixin.py:188} INFO - [2024-08-17T12:37:39.433+0000] {dagbag.py:545} INFO - Filling up the DagBag from /opt/airflow/dags/data/models/Syria/deaths_TS_model.pkl
[2024-08-17T12:37:39.440+0000] {processor.py:842} WARNING - No viable dags retrieved from /opt/airflow/dags/data/models/Syria/deaths_TS_model.pkl
[2024-08-17T12:37:39.450+0000] {processor.py:183} INFO - Processing /opt/airflow/dags/data/models/Syria/deaths_TS_model.pkl took 0.023 seconds
[2024-08-17T12:38:13.075+0000] {processor.py:161} INFO - Started process (PID=49160) to work on /opt/airflow/dags/data/models/Syria/deaths_TS_model.pkl
[2024-08-17T12:38:13.075+0000] {processor.py:830} INFO - Processing file /opt/airflow/dags/data/models/Syria/deaths_TS_model.pkl for tasks to queue
[2024-08-17T12:38:13.076+0000] {logging_mixin.py:188} INFO - [2024-08-17T12:38:13.076+0000] {dagbag.py:545} INFO - Filling up the DagBag from /opt/airflow/dags/data/models/Syria/deaths_TS_model.pkl
[2024-08-17T12:38:13.085+0000] {processor.py:842} WARNING - No viable dags retrieved from /opt/airflow/dags/data/models/Syria/deaths_TS_model.pkl
[2024-08-17T12:38:13.094+0000] {processor.py:183} INFO - Processing /opt/airflow/dags/data/models/Syria/deaths_TS_model.pkl took 0.023 seconds
[2024-08-17T12:38:46.053+0000] {processor.py:161} INFO - Started process (PID=49853) to work on /opt/airflow/dags/data/models/Syria/deaths_TS_model.pkl
[2024-08-17T12:38:46.054+0000] {processor.py:830} INFO - Processing file /opt/airflow/dags/data/models/Syria/deaths_TS_model.pkl for tasks to queue
[2024-08-17T12:38:46.054+0000] {logging_mixin.py:188} INFO - [2024-08-17T12:38:46.054+0000] {dagbag.py:545} INFO - Filling up the DagBag from /opt/airflow/dags/data/models/Syria/deaths_TS_model.pkl
[2024-08-17T12:38:46.062+0000] {processor.py:842} WARNING - No viable dags retrieved from /opt/airflow/dags/data/models/Syria/deaths_TS_model.pkl
[2024-08-17T12:38:46.071+0000] {processor.py:183} INFO - Processing /opt/airflow/dags/data/models/Syria/deaths_TS_model.pkl took 0.022 seconds
[2024-08-17T12:39:19.209+0000] {processor.py:161} INFO - Started process (PID=50596) to work on /opt/airflow/dags/data/models/Syria/deaths_TS_model.pkl
[2024-08-17T12:39:19.210+0000] {processor.py:830} INFO - Processing file /opt/airflow/dags/data/models/Syria/deaths_TS_model.pkl for tasks to queue
[2024-08-17T12:39:19.210+0000] {logging_mixin.py:188} INFO - [2024-08-17T12:39:19.210+0000] {dagbag.py:545} INFO - Filling up the DagBag from /opt/airflow/dags/data/models/Syria/deaths_TS_model.pkl
[2024-08-17T12:39:19.222+0000] {processor.py:842} WARNING - No viable dags retrieved from /opt/airflow/dags/data/models/Syria/deaths_TS_model.pkl
[2024-08-17T12:39:19.232+0000] {processor.py:183} INFO - Processing /opt/airflow/dags/data/models/Syria/deaths_TS_model.pkl took 0.026 seconds
[2024-08-17T12:39:51.857+0000] {processor.py:161} INFO - Started process (PID=51321) to work on /opt/airflow/dags/data/models/Syria/deaths_TS_model.pkl
[2024-08-17T12:39:51.857+0000] {processor.py:830} INFO - Processing file /opt/airflow/dags/data/models/Syria/deaths_TS_model.pkl for tasks to queue
[2024-08-17T12:39:51.858+0000] {logging_mixin.py:188} INFO - [2024-08-17T12:39:51.858+0000] {dagbag.py:545} INFO - Filling up the DagBag from /opt/airflow/dags/data/models/Syria/deaths_TS_model.pkl
[2024-08-17T12:39:51.865+0000] {processor.py:842} WARNING - No viable dags retrieved from /opt/airflow/dags/data/models/Syria/deaths_TS_model.pkl
[2024-08-17T12:39:51.874+0000] {processor.py:183} INFO - Processing /opt/airflow/dags/data/models/Syria/deaths_TS_model.pkl took 0.021 seconds
[2024-08-17T12:40:24.909+0000] {processor.py:161} INFO - Started process (PID=52057) to work on /opt/airflow/dags/data/models/Syria/deaths_TS_model.pkl
[2024-08-17T12:40:24.910+0000] {processor.py:830} INFO - Processing file /opt/airflow/dags/data/models/Syria/deaths_TS_model.pkl for tasks to queue
[2024-08-17T12:40:24.910+0000] {logging_mixin.py:188} INFO - [2024-08-17T12:40:24.910+0000] {dagbag.py:545} INFO - Filling up the DagBag from /opt/airflow/dags/data/models/Syria/deaths_TS_model.pkl
[2024-08-17T12:40:24.917+0000] {processor.py:842} WARNING - No viable dags retrieved from /opt/airflow/dags/data/models/Syria/deaths_TS_model.pkl
[2024-08-17T12:40:24.931+0000] {processor.py:183} INFO - Processing /opt/airflow/dags/data/models/Syria/deaths_TS_model.pkl took 0.025 seconds
[2024-08-17T12:40:56.894+0000] {processor.py:161} INFO - Started process (PID=52799) to work on /opt/airflow/dags/data/models/Syria/deaths_TS_model.pkl
[2024-08-17T12:40:56.895+0000] {processor.py:830} INFO - Processing file /opt/airflow/dags/data/models/Syria/deaths_TS_model.pkl for tasks to queue
[2024-08-17T12:40:56.895+0000] {logging_mixin.py:188} INFO - [2024-08-17T12:40:56.895+0000] {dagbag.py:545} INFO - Filling up the DagBag from /opt/airflow/dags/data/models/Syria/deaths_TS_model.pkl
[2024-08-17T12:40:56.904+0000] {processor.py:842} WARNING - No viable dags retrieved from /opt/airflow/dags/data/models/Syria/deaths_TS_model.pkl
[2024-08-17T12:40:56.914+0000] {processor.py:183} INFO - Processing /opt/airflow/dags/data/models/Syria/deaths_TS_model.pkl took 0.024 seconds
[2024-08-17T12:41:30.358+0000] {processor.py:161} INFO - Started process (PID=53541) to work on /opt/airflow/dags/data/models/Syria/deaths_TS_model.pkl
[2024-08-17T12:41:30.359+0000] {processor.py:830} INFO - Processing file /opt/airflow/dags/data/models/Syria/deaths_TS_model.pkl for tasks to queue
[2024-08-17T12:41:30.360+0000] {logging_mixin.py:188} INFO - [2024-08-17T12:41:30.360+0000] {dagbag.py:545} INFO - Filling up the DagBag from /opt/airflow/dags/data/models/Syria/deaths_TS_model.pkl
[2024-08-17T12:41:30.368+0000] {processor.py:842} WARNING - No viable dags retrieved from /opt/airflow/dags/data/models/Syria/deaths_TS_model.pkl
[2024-08-17T12:41:30.378+0000] {processor.py:183} INFO - Processing /opt/airflow/dags/data/models/Syria/deaths_TS_model.pkl took 0.024 seconds
