[2024-08-17T10:17:54.502+0000] {processor.py:161} INFO - Started process (PID=42709) to work on /opt/airflow/dags/data/models/United Kingdom.3/cases_TS_model.pkl
[2024-08-17T10:17:54.502+0000] {processor.py:830} INFO - Processing file /opt/airflow/dags/data/models/United Kingdom.3/cases_TS_model.pkl for tasks to queue
[2024-08-17T10:17:54.503+0000] {logging_mixin.py:188} INFO - [2024-08-17T10:17:54.503+0000] {dagbag.py:545} INFO - Filling up the DagBag from /opt/airflow/dags/data/models/United Kingdom.3/cases_TS_model.pkl
[2024-08-17T10:17:54.516+0000] {processor.py:842} WARNING - No viable dags retrieved from /opt/airflow/dags/data/models/United Kingdom.3/cases_TS_model.pkl
[2024-08-17T10:17:54.526+0000] {processor.py:183} INFO - Processing /opt/airflow/dags/data/models/United Kingdom.3/cases_TS_model.pkl took 0.029 seconds
[2024-08-17T10:18:26.408+0000] {processor.py:161} INFO - Started process (PID=43447) to work on /opt/airflow/dags/data/models/United Kingdom.3/cases_TS_model.pkl
[2024-08-17T10:18:26.409+0000] {processor.py:830} INFO - Processing file /opt/airflow/dags/data/models/United Kingdom.3/cases_TS_model.pkl for tasks to queue
[2024-08-17T10:18:26.409+0000] {logging_mixin.py:188} INFO - [2024-08-17T10:18:26.409+0000] {dagbag.py:545} INFO - Filling up the DagBag from /opt/airflow/dags/data/models/United Kingdom.3/cases_TS_model.pkl
[2024-08-17T10:18:26.418+0000] {processor.py:842} WARNING - No viable dags retrieved from /opt/airflow/dags/data/models/United Kingdom.3/cases_TS_model.pkl
[2024-08-17T10:18:26.426+0000] {processor.py:183} INFO - Processing /opt/airflow/dags/data/models/United Kingdom.3/cases_TS_model.pkl took 0.021 seconds
[2024-08-17T10:18:57.780+0000] {processor.py:161} INFO - Started process (PID=44190) to work on /opt/airflow/dags/data/models/United Kingdom.3/cases_TS_model.pkl
[2024-08-17T10:18:57.780+0000] {processor.py:830} INFO - Processing file /opt/airflow/dags/data/models/United Kingdom.3/cases_TS_model.pkl for tasks to queue
[2024-08-17T10:18:57.782+0000] {logging_mixin.py:188} INFO - [2024-08-17T10:18:57.781+0000] {dagbag.py:545} INFO - Filling up the DagBag from /opt/airflow/dags/data/models/United Kingdom.3/cases_TS_model.pkl
[2024-08-17T10:18:57.791+0000] {processor.py:842} WARNING - No viable dags retrieved from /opt/airflow/dags/data/models/United Kingdom.3/cases_TS_model.pkl
[2024-08-17T10:18:57.799+0000] {processor.py:183} INFO - Processing /opt/airflow/dags/data/models/United Kingdom.3/cases_TS_model.pkl took 0.023 seconds
[2024-08-17T10:19:30.383+0000] {processor.py:161} INFO - Started process (PID=44933) to work on /opt/airflow/dags/data/models/United Kingdom.3/cases_TS_model.pkl
[2024-08-17T10:19:30.383+0000] {processor.py:830} INFO - Processing file /opt/airflow/dags/data/models/United Kingdom.3/cases_TS_model.pkl for tasks to queue
[2024-08-17T10:19:30.385+0000] {logging_mixin.py:188} INFO - [2024-08-17T10:19:30.385+0000] {dagbag.py:545} INFO - Filling up the DagBag from /opt/airflow/dags/data/models/United Kingdom.3/cases_TS_model.pkl
[2024-08-17T10:19:30.394+0000] {processor.py:842} WARNING - No viable dags retrieved from /opt/airflow/dags/data/models/United Kingdom.3/cases_TS_model.pkl
[2024-08-17T10:19:30.428+0000] {processor.py:183} INFO - Processing /opt/airflow/dags/data/models/United Kingdom.3/cases_TS_model.pkl took 0.049 seconds
[2024-08-17T10:20:01.918+0000] {processor.py:161} INFO - Started process (PID=45631) to work on /opt/airflow/dags/data/models/United Kingdom.3/cases_TS_model.pkl
[2024-08-17T10:20:01.919+0000] {processor.py:830} INFO - Processing file /opt/airflow/dags/data/models/United Kingdom.3/cases_TS_model.pkl for tasks to queue
[2024-08-17T10:20:01.919+0000] {logging_mixin.py:188} INFO - [2024-08-17T10:20:01.919+0000] {dagbag.py:545} INFO - Filling up the DagBag from /opt/airflow/dags/data/models/United Kingdom.3/cases_TS_model.pkl
[2024-08-17T10:20:01.930+0000] {processor.py:842} WARNING - No viable dags retrieved from /opt/airflow/dags/data/models/United Kingdom.3/cases_TS_model.pkl
[2024-08-17T10:20:01.939+0000] {processor.py:183} INFO - Processing /opt/airflow/dags/data/models/United Kingdom.3/cases_TS_model.pkl took 0.025 seconds
[2024-08-17T10:20:36.344+0000] {processor.py:161} INFO - Started process (PID=46393) to work on /opt/airflow/dags/data/models/United Kingdom.3/cases_TS_model.pkl
[2024-08-17T10:20:36.345+0000] {processor.py:830} INFO - Processing file /opt/airflow/dags/data/models/United Kingdom.3/cases_TS_model.pkl for tasks to queue
[2024-08-17T10:20:36.345+0000] {logging_mixin.py:188} INFO - [2024-08-17T10:20:36.345+0000] {dagbag.py:545} INFO - Filling up the DagBag from /opt/airflow/dags/data/models/United Kingdom.3/cases_TS_model.pkl
[2024-08-17T10:20:36.353+0000] {processor.py:842} WARNING - No viable dags retrieved from /opt/airflow/dags/data/models/United Kingdom.3/cases_TS_model.pkl
[2024-08-17T10:20:36.361+0000] {processor.py:183} INFO - Processing /opt/airflow/dags/data/models/United Kingdom.3/cases_TS_model.pkl took 0.021 seconds
[2024-08-17T10:21:08.524+0000] {processor.py:161} INFO - Started process (PID=47128) to work on /opt/airflow/dags/data/models/United Kingdom.3/cases_TS_model.pkl
[2024-08-17T10:21:08.525+0000] {processor.py:830} INFO - Processing file /opt/airflow/dags/data/models/United Kingdom.3/cases_TS_model.pkl for tasks to queue
[2024-08-17T10:21:08.525+0000] {logging_mixin.py:188} INFO - [2024-08-17T10:21:08.525+0000] {dagbag.py:545} INFO - Filling up the DagBag from /opt/airflow/dags/data/models/United Kingdom.3/cases_TS_model.pkl
[2024-08-17T10:21:08.533+0000] {processor.py:842} WARNING - No viable dags retrieved from /opt/airflow/dags/data/models/United Kingdom.3/cases_TS_model.pkl
[2024-08-17T10:21:08.543+0000] {processor.py:183} INFO - Processing /opt/airflow/dags/data/models/United Kingdom.3/cases_TS_model.pkl took 0.022 seconds
[2024-08-17T12:18:15.969+0000] {processor.py:161} INFO - Started process (PID=27244) to work on /opt/airflow/dags/data/models/United Kingdom.3/cases_TS_model.pkl
[2024-08-17T12:18:15.971+0000] {processor.py:830} INFO - Processing file /opt/airflow/dags/data/models/United Kingdom.3/cases_TS_model.pkl for tasks to queue
[2024-08-17T12:18:15.973+0000] {logging_mixin.py:188} INFO - [2024-08-17T12:18:15.972+0000] {dagbag.py:545} INFO - Filling up the DagBag from /opt/airflow/dags/data/models/United Kingdom.3/cases_TS_model.pkl
[2024-08-17T12:18:15.995+0000] {processor.py:842} WARNING - No viable dags retrieved from /opt/airflow/dags/data/models/United Kingdom.3/cases_TS_model.pkl
[2024-08-17T12:18:16.014+0000] {processor.py:183} INFO - Processing /opt/airflow/dags/data/models/United Kingdom.3/cases_TS_model.pkl took 0.053 seconds
[2024-08-17T12:19:12.615+0000] {processor.py:161} INFO - Started process (PID=28003) to work on /opt/airflow/dags/data/models/United Kingdom.3/cases_TS_model.pkl
[2024-08-17T12:19:12.616+0000] {processor.py:830} INFO - Processing file /opt/airflow/dags/data/models/United Kingdom.3/cases_TS_model.pkl for tasks to queue
[2024-08-17T12:19:12.618+0000] {logging_mixin.py:188} INFO - [2024-08-17T12:19:12.617+0000] {dagbag.py:545} INFO - Filling up the DagBag from /opt/airflow/dags/data/models/United Kingdom.3/cases_TS_model.pkl
[2024-08-17T12:19:12.639+0000] {processor.py:842} WARNING - No viable dags retrieved from /opt/airflow/dags/data/models/United Kingdom.3/cases_TS_model.pkl
[2024-08-17T12:19:12.657+0000] {processor.py:183} INFO - Processing /opt/airflow/dags/data/models/United Kingdom.3/cases_TS_model.pkl took 0.050 seconds
[2024-08-17T12:19:55.831+0000] {processor.py:161} INFO - Started process (PID=28615) to work on /opt/airflow/dags/data/models/United Kingdom.3/cases_TS_model.pkl
[2024-08-17T12:19:55.833+0000] {processor.py:830} INFO - Processing file /opt/airflow/dags/data/models/United Kingdom.3/cases_TS_model.pkl for tasks to queue
[2024-08-17T12:19:55.835+0000] {logging_mixin.py:188} INFO - [2024-08-17T12:19:55.834+0000] {dagbag.py:545} INFO - Filling up the DagBag from /opt/airflow/dags/data/models/United Kingdom.3/cases_TS_model.pkl
[2024-08-17T12:19:55.852+0000] {processor.py:842} WARNING - No viable dags retrieved from /opt/airflow/dags/data/models/United Kingdom.3/cases_TS_model.pkl
[2024-08-17T12:19:55.873+0000] {processor.py:183} INFO - Processing /opt/airflow/dags/data/models/United Kingdom.3/cases_TS_model.pkl took 0.050 seconds
[2024-08-17T12:20:50.204+0000] {processor.py:161} INFO - Started process (PID=29288) to work on /opt/airflow/dags/data/models/United Kingdom.3/cases_TS_model.pkl
[2024-08-17T12:20:50.206+0000] {processor.py:830} INFO - Processing file /opt/airflow/dags/data/models/United Kingdom.3/cases_TS_model.pkl for tasks to queue
[2024-08-17T12:20:50.207+0000] {logging_mixin.py:188} INFO - [2024-08-17T12:20:50.207+0000] {dagbag.py:545} INFO - Filling up the DagBag from /opt/airflow/dags/data/models/United Kingdom.3/cases_TS_model.pkl
[2024-08-17T12:20:50.242+0000] {processor.py:842} WARNING - No viable dags retrieved from /opt/airflow/dags/data/models/United Kingdom.3/cases_TS_model.pkl
[2024-08-17T12:20:50.263+0000] {processor.py:183} INFO - Processing /opt/airflow/dags/data/models/United Kingdom.3/cases_TS_model.pkl took 0.068 seconds
[2024-08-17T12:21:36.918+0000] {processor.py:161} INFO - Started process (PID=29984) to work on /opt/airflow/dags/data/models/United Kingdom.3/cases_TS_model.pkl
[2024-08-17T12:21:36.919+0000] {processor.py:830} INFO - Processing file /opt/airflow/dags/data/models/United Kingdom.3/cases_TS_model.pkl for tasks to queue
[2024-08-17T12:21:36.921+0000] {logging_mixin.py:188} INFO - [2024-08-17T12:21:36.920+0000] {dagbag.py:545} INFO - Filling up the DagBag from /opt/airflow/dags/data/models/United Kingdom.3/cases_TS_model.pkl
[2024-08-17T12:21:36.944+0000] {processor.py:842} WARNING - No viable dags retrieved from /opt/airflow/dags/data/models/United Kingdom.3/cases_TS_model.pkl
[2024-08-17T12:21:36.962+0000] {processor.py:183} INFO - Processing /opt/airflow/dags/data/models/United Kingdom.3/cases_TS_model.pkl took 0.050 seconds
[2024-08-17T12:22:14.230+0000] {processor.py:161} INFO - Started process (PID=30559) to work on /opt/airflow/dags/data/models/United Kingdom.3/cases_TS_model.pkl
[2024-08-17T12:22:14.231+0000] {processor.py:830} INFO - Processing file /opt/airflow/dags/data/models/United Kingdom.3/cases_TS_model.pkl for tasks to queue
[2024-08-17T12:22:14.232+0000] {logging_mixin.py:188} INFO - [2024-08-17T12:22:14.231+0000] {dagbag.py:545} INFO - Filling up the DagBag from /opt/airflow/dags/data/models/United Kingdom.3/cases_TS_model.pkl
[2024-08-17T12:22:14.250+0000] {processor.py:842} WARNING - No viable dags retrieved from /opt/airflow/dags/data/models/United Kingdom.3/cases_TS_model.pkl
[2024-08-17T12:22:14.268+0000] {processor.py:183} INFO - Processing /opt/airflow/dags/data/models/United Kingdom.3/cases_TS_model.pkl took 0.045 seconds
[2024-08-17T12:23:16.589+0000] {processor.py:161} INFO - Started process (PID=31149) to work on /opt/airflow/dags/data/models/United Kingdom.3/cases_TS_model.pkl
[2024-08-17T12:23:16.590+0000] {processor.py:830} INFO - Processing file /opt/airflow/dags/data/models/United Kingdom.3/cases_TS_model.pkl for tasks to queue
[2024-08-17T12:23:16.591+0000] {logging_mixin.py:188} INFO - [2024-08-17T12:23:16.591+0000] {dagbag.py:545} INFO - Filling up the DagBag from /opt/airflow/dags/data/models/United Kingdom.3/cases_TS_model.pkl
[2024-08-17T12:23:16.610+0000] {processor.py:842} WARNING - No viable dags retrieved from /opt/airflow/dags/data/models/United Kingdom.3/cases_TS_model.pkl
[2024-08-17T12:23:16.634+0000] {processor.py:183} INFO - Processing /opt/airflow/dags/data/models/United Kingdom.3/cases_TS_model.pkl took 0.051 seconds
[2024-08-17T12:23:59.521+0000] {processor.py:161} INFO - Started process (PID=31835) to work on /opt/airflow/dags/data/models/United Kingdom.3/cases_TS_model.pkl
[2024-08-17T12:23:59.522+0000] {processor.py:830} INFO - Processing file /opt/airflow/dags/data/models/United Kingdom.3/cases_TS_model.pkl for tasks to queue
[2024-08-17T12:23:59.523+0000] {logging_mixin.py:188} INFO - [2024-08-17T12:23:59.523+0000] {dagbag.py:545} INFO - Filling up the DagBag from /opt/airflow/dags/data/models/United Kingdom.3/cases_TS_model.pkl
[2024-08-17T12:23:59.540+0000] {processor.py:842} WARNING - No viable dags retrieved from /opt/airflow/dags/data/models/United Kingdom.3/cases_TS_model.pkl
[2024-08-17T12:23:59.557+0000] {processor.py:183} INFO - Processing /opt/airflow/dags/data/models/United Kingdom.3/cases_TS_model.pkl took 0.044 seconds
[2024-08-17T12:24:44.634+0000] {processor.py:161} INFO - Started process (PID=32591) to work on /opt/airflow/dags/data/models/United Kingdom.3/cases_TS_model.pkl
[2024-08-17T12:24:44.635+0000] {processor.py:830} INFO - Processing file /opt/airflow/dags/data/models/United Kingdom.3/cases_TS_model.pkl for tasks to queue
[2024-08-17T12:24:44.636+0000] {logging_mixin.py:188} INFO - [2024-08-17T12:24:44.636+0000] {dagbag.py:545} INFO - Filling up the DagBag from /opt/airflow/dags/data/models/United Kingdom.3/cases_TS_model.pkl
[2024-08-17T12:24:44.653+0000] {processor.py:842} WARNING - No viable dags retrieved from /opt/airflow/dags/data/models/United Kingdom.3/cases_TS_model.pkl
[2024-08-17T12:24:44.670+0000] {processor.py:183} INFO - Processing /opt/airflow/dags/data/models/United Kingdom.3/cases_TS_model.pkl took 0.041 seconds
[2024-08-17T12:25:23.317+0000] {processor.py:161} INFO - Started process (PID=33247) to work on /opt/airflow/dags/data/models/United Kingdom.3/cases_TS_model.pkl
[2024-08-17T12:25:23.319+0000] {processor.py:830} INFO - Processing file /opt/airflow/dags/data/models/United Kingdom.3/cases_TS_model.pkl for tasks to queue
[2024-08-17T12:25:23.320+0000] {logging_mixin.py:188} INFO - [2024-08-17T12:25:23.320+0000] {dagbag.py:545} INFO - Filling up the DagBag from /opt/airflow/dags/data/models/United Kingdom.3/cases_TS_model.pkl
[2024-08-17T12:25:23.339+0000] {processor.py:842} WARNING - No viable dags retrieved from /opt/airflow/dags/data/models/United Kingdom.3/cases_TS_model.pkl
[2024-08-17T12:25:23.352+0000] {processor.py:183} INFO - Processing /opt/airflow/dags/data/models/United Kingdom.3/cases_TS_model.pkl took 0.040 seconds
[2024-08-17T12:25:58.856+0000] {processor.py:161} INFO - Started process (PID=33924) to work on /opt/airflow/dags/data/models/United Kingdom.3/cases_TS_model.pkl
[2024-08-17T12:25:58.857+0000] {processor.py:830} INFO - Processing file /opt/airflow/dags/data/models/United Kingdom.3/cases_TS_model.pkl for tasks to queue
[2024-08-17T12:25:58.858+0000] {logging_mixin.py:188} INFO - [2024-08-17T12:25:58.857+0000] {dagbag.py:545} INFO - Filling up the DagBag from /opt/airflow/dags/data/models/United Kingdom.3/cases_TS_model.pkl
[2024-08-17T12:25:58.876+0000] {processor.py:842} WARNING - No viable dags retrieved from /opt/airflow/dags/data/models/United Kingdom.3/cases_TS_model.pkl
[2024-08-17T12:25:58.892+0000] {processor.py:183} INFO - Processing /opt/airflow/dags/data/models/United Kingdom.3/cases_TS_model.pkl took 0.041 seconds
[2024-08-17T12:26:32.914+0000] {processor.py:161} INFO - Started process (PID=34533) to work on /opt/airflow/dags/data/models/United Kingdom.3/cases_TS_model.pkl
[2024-08-17T12:26:32.915+0000] {processor.py:830} INFO - Processing file /opt/airflow/dags/data/models/United Kingdom.3/cases_TS_model.pkl for tasks to queue
[2024-08-17T12:26:32.916+0000] {logging_mixin.py:188} INFO - [2024-08-17T12:26:32.916+0000] {dagbag.py:545} INFO - Filling up the DagBag from /opt/airflow/dags/data/models/United Kingdom.3/cases_TS_model.pkl
[2024-08-17T12:26:32.931+0000] {processor.py:842} WARNING - No viable dags retrieved from /opt/airflow/dags/data/models/United Kingdom.3/cases_TS_model.pkl
[2024-08-17T12:26:32.945+0000] {processor.py:183} INFO - Processing /opt/airflow/dags/data/models/United Kingdom.3/cases_TS_model.pkl took 0.036 seconds
[2024-08-17T12:27:11.442+0000] {processor.py:161} INFO - Started process (PID=35276) to work on /opt/airflow/dags/data/models/United Kingdom.3/cases_TS_model.pkl
[2024-08-17T12:27:11.443+0000] {processor.py:830} INFO - Processing file /opt/airflow/dags/data/models/United Kingdom.3/cases_TS_model.pkl for tasks to queue
[2024-08-17T12:27:11.444+0000] {logging_mixin.py:188} INFO - [2024-08-17T12:27:11.443+0000] {dagbag.py:545} INFO - Filling up the DagBag from /opt/airflow/dags/data/models/United Kingdom.3/cases_TS_model.pkl
[2024-08-17T12:27:11.454+0000] {processor.py:842} WARNING - No viable dags retrieved from /opt/airflow/dags/data/models/United Kingdom.3/cases_TS_model.pkl
[2024-08-17T12:27:11.467+0000] {processor.py:183} INFO - Processing /opt/airflow/dags/data/models/United Kingdom.3/cases_TS_model.pkl took 0.030 seconds
[2024-08-17T12:28:06.043+0000] {processor.py:161} INFO - Started process (PID=36041) to work on /opt/airflow/dags/data/models/United Kingdom.3/cases_TS_model.pkl
[2024-08-17T12:28:06.044+0000] {processor.py:830} INFO - Processing file /opt/airflow/dags/data/models/United Kingdom.3/cases_TS_model.pkl for tasks to queue
[2024-08-17T12:28:06.044+0000] {logging_mixin.py:188} INFO - [2024-08-17T12:28:06.044+0000] {dagbag.py:545} INFO - Filling up the DagBag from /opt/airflow/dags/data/models/United Kingdom.3/cases_TS_model.pkl
[2024-08-17T12:28:06.057+0000] {processor.py:842} WARNING - No viable dags retrieved from /opt/airflow/dags/data/models/United Kingdom.3/cases_TS_model.pkl
[2024-08-17T12:28:06.069+0000] {processor.py:183} INFO - Processing /opt/airflow/dags/data/models/United Kingdom.3/cases_TS_model.pkl took 0.030 seconds
[2024-08-17T12:28:40.488+0000] {processor.py:161} INFO - Started process (PID=36789) to work on /opt/airflow/dags/data/models/United Kingdom.3/cases_TS_model.pkl
[2024-08-17T12:28:40.489+0000] {processor.py:830} INFO - Processing file /opt/airflow/dags/data/models/United Kingdom.3/cases_TS_model.pkl for tasks to queue
[2024-08-17T12:28:40.490+0000] {logging_mixin.py:188} INFO - [2024-08-17T12:28:40.489+0000] {dagbag.py:545} INFO - Filling up the DagBag from /opt/airflow/dags/data/models/United Kingdom.3/cases_TS_model.pkl
[2024-08-17T12:28:40.502+0000] {processor.py:842} WARNING - No viable dags retrieved from /opt/airflow/dags/data/models/United Kingdom.3/cases_TS_model.pkl
[2024-08-17T12:28:40.513+0000] {processor.py:183} INFO - Processing /opt/airflow/dags/data/models/United Kingdom.3/cases_TS_model.pkl took 0.029 seconds
[2024-08-17T12:29:14.720+0000] {processor.py:161} INFO - Started process (PID=37500) to work on /opt/airflow/dags/data/models/United Kingdom.3/cases_TS_model.pkl
[2024-08-17T12:29:14.721+0000] {processor.py:830} INFO - Processing file /opt/airflow/dags/data/models/United Kingdom.3/cases_TS_model.pkl for tasks to queue
[2024-08-17T12:29:14.722+0000] {logging_mixin.py:188} INFO - [2024-08-17T12:29:14.721+0000] {dagbag.py:545} INFO - Filling up the DagBag from /opt/airflow/dags/data/models/United Kingdom.3/cases_TS_model.pkl
[2024-08-17T12:29:14.736+0000] {processor.py:842} WARNING - No viable dags retrieved from /opt/airflow/dags/data/models/United Kingdom.3/cases_TS_model.pkl
[2024-08-17T12:29:14.748+0000] {processor.py:183} INFO - Processing /opt/airflow/dags/data/models/United Kingdom.3/cases_TS_model.pkl took 0.032 seconds
[2024-08-17T12:29:47.010+0000] {processor.py:161} INFO - Started process (PID=38178) to work on /opt/airflow/dags/data/models/United Kingdom.3/cases_TS_model.pkl
[2024-08-17T12:29:47.011+0000] {processor.py:830} INFO - Processing file /opt/airflow/dags/data/models/United Kingdom.3/cases_TS_model.pkl for tasks to queue
[2024-08-17T12:29:47.012+0000] {logging_mixin.py:188} INFO - [2024-08-17T12:29:47.011+0000] {dagbag.py:545} INFO - Filling up the DagBag from /opt/airflow/dags/data/models/United Kingdom.3/cases_TS_model.pkl
[2024-08-17T12:29:47.022+0000] {processor.py:842} WARNING - No viable dags retrieved from /opt/airflow/dags/data/models/United Kingdom.3/cases_TS_model.pkl
[2024-08-17T12:29:47.033+0000] {processor.py:183} INFO - Processing /opt/airflow/dags/data/models/United Kingdom.3/cases_TS_model.pkl took 0.027 seconds
[2024-08-17T12:30:19.801+0000] {processor.py:161} INFO - Started process (PID=38906) to work on /opt/airflow/dags/data/models/United Kingdom.3/cases_TS_model.pkl
[2024-08-17T12:30:19.801+0000] {processor.py:830} INFO - Processing file /opt/airflow/dags/data/models/United Kingdom.3/cases_TS_model.pkl for tasks to queue
[2024-08-17T12:30:19.802+0000] {logging_mixin.py:188} INFO - [2024-08-17T12:30:19.802+0000] {dagbag.py:545} INFO - Filling up the DagBag from /opt/airflow/dags/data/models/United Kingdom.3/cases_TS_model.pkl
[2024-08-17T12:30:19.813+0000] {processor.py:842} WARNING - No viable dags retrieved from /opt/airflow/dags/data/models/United Kingdom.3/cases_TS_model.pkl
[2024-08-17T12:30:19.823+0000] {processor.py:183} INFO - Processing /opt/airflow/dags/data/models/United Kingdom.3/cases_TS_model.pkl took 0.027 seconds
[2024-08-17T12:30:50.753+0000] {processor.py:161} INFO - Started process (PID=39632) to work on /opt/airflow/dags/data/models/United Kingdom.3/cases_TS_model.pkl
[2024-08-17T12:30:50.754+0000] {processor.py:830} INFO - Processing file /opt/airflow/dags/data/models/United Kingdom.3/cases_TS_model.pkl for tasks to queue
[2024-08-17T12:30:50.755+0000] {logging_mixin.py:188} INFO - [2024-08-17T12:30:50.755+0000] {dagbag.py:545} INFO - Filling up the DagBag from /opt/airflow/dags/data/models/United Kingdom.3/cases_TS_model.pkl
[2024-08-17T12:30:50.765+0000] {processor.py:842} WARNING - No viable dags retrieved from /opt/airflow/dags/data/models/United Kingdom.3/cases_TS_model.pkl
[2024-08-17T12:30:50.776+0000] {processor.py:183} INFO - Processing /opt/airflow/dags/data/models/United Kingdom.3/cases_TS_model.pkl took 0.027 seconds
[2024-08-17T12:31:23.598+0000] {processor.py:161} INFO - Started process (PID=40356) to work on /opt/airflow/dags/data/models/United Kingdom.3/cases_TS_model.pkl
[2024-08-17T12:31:23.598+0000] {processor.py:830} INFO - Processing file /opt/airflow/dags/data/models/United Kingdom.3/cases_TS_model.pkl for tasks to queue
[2024-08-17T12:31:23.599+0000] {logging_mixin.py:188} INFO - [2024-08-17T12:31:23.599+0000] {dagbag.py:545} INFO - Filling up the DagBag from /opt/airflow/dags/data/models/United Kingdom.3/cases_TS_model.pkl
[2024-08-17T12:31:23.613+0000] {processor.py:842} WARNING - No viable dags retrieved from /opt/airflow/dags/data/models/United Kingdom.3/cases_TS_model.pkl
[2024-08-17T12:31:23.624+0000] {processor.py:183} INFO - Processing /opt/airflow/dags/data/models/United Kingdom.3/cases_TS_model.pkl took 0.030 seconds
[2024-08-17T12:31:55.141+0000] {processor.py:161} INFO - Started process (PID=41081) to work on /opt/airflow/dags/data/models/United Kingdom.3/cases_TS_model.pkl
[2024-08-17T12:31:55.142+0000] {processor.py:830} INFO - Processing file /opt/airflow/dags/data/models/United Kingdom.3/cases_TS_model.pkl for tasks to queue
[2024-08-17T12:31:55.142+0000] {logging_mixin.py:188} INFO - [2024-08-17T12:31:55.142+0000] {dagbag.py:545} INFO - Filling up the DagBag from /opt/airflow/dags/data/models/United Kingdom.3/cases_TS_model.pkl
[2024-08-17T12:31:55.160+0000] {processor.py:842} WARNING - No viable dags retrieved from /opt/airflow/dags/data/models/United Kingdom.3/cases_TS_model.pkl
[2024-08-17T12:31:55.172+0000] {processor.py:183} INFO - Processing /opt/airflow/dags/data/models/United Kingdom.3/cases_TS_model.pkl took 0.035 seconds
[2024-08-17T12:32:30.793+0000] {processor.py:161} INFO - Started process (PID=41827) to work on /opt/airflow/dags/data/models/United Kingdom.3/cases_TS_model.pkl
[2024-08-17T12:32:30.793+0000] {processor.py:830} INFO - Processing file /opt/airflow/dags/data/models/United Kingdom.3/cases_TS_model.pkl for tasks to queue
[2024-08-17T12:32:30.794+0000] {logging_mixin.py:188} INFO - [2024-08-17T12:32:30.794+0000] {dagbag.py:545} INFO - Filling up the DagBag from /opt/airflow/dags/data/models/United Kingdom.3/cases_TS_model.pkl
[2024-08-17T12:32:30.804+0000] {processor.py:842} WARNING - No viable dags retrieved from /opt/airflow/dags/data/models/United Kingdom.3/cases_TS_model.pkl
[2024-08-17T12:32:30.813+0000] {processor.py:183} INFO - Processing /opt/airflow/dags/data/models/United Kingdom.3/cases_TS_model.pkl took 0.024 seconds
[2024-08-17T12:32:40.172+0000] {processor.py:161} INFO - Started process (PID=42040) to work on /opt/airflow/dags/data/models/United Kingdom.3/cases_TS_model.pkl
[2024-08-17T12:32:40.172+0000] {processor.py:830} INFO - Processing file /opt/airflow/dags/data/models/United Kingdom.3/cases_TS_model.pkl for tasks to queue
[2024-08-17T12:32:40.173+0000] {logging_mixin.py:188} INFO - [2024-08-17T12:32:40.173+0000] {dagbag.py:545} INFO - Filling up the DagBag from /opt/airflow/dags/data/models/United Kingdom.3/cases_TS_model.pkl
[2024-08-17T12:32:40.183+0000] {processor.py:842} WARNING - No viable dags retrieved from /opt/airflow/dags/data/models/United Kingdom.3/cases_TS_model.pkl
[2024-08-17T12:32:40.192+0000] {processor.py:183} INFO - Processing /opt/airflow/dags/data/models/United Kingdom.3/cases_TS_model.pkl took 0.024 seconds
[2024-08-17T12:33:12.299+0000] {processor.py:161} INFO - Started process (PID=42599) to work on /opt/airflow/dags/data/models/United Kingdom.3/cases_TS_model.pkl
[2024-08-17T12:33:12.300+0000] {processor.py:830} INFO - Processing file /opt/airflow/dags/data/models/United Kingdom.3/cases_TS_model.pkl for tasks to queue
[2024-08-17T12:33:12.301+0000] {logging_mixin.py:188} INFO - [2024-08-17T12:33:12.300+0000] {dagbag.py:545} INFO - Filling up the DagBag from /opt/airflow/dags/data/models/United Kingdom.3/cases_TS_model.pkl
[2024-08-17T12:33:12.309+0000] {processor.py:842} WARNING - No viable dags retrieved from /opt/airflow/dags/data/models/United Kingdom.3/cases_TS_model.pkl
[2024-08-17T12:33:12.319+0000] {processor.py:183} INFO - Processing /opt/airflow/dags/data/models/United Kingdom.3/cases_TS_model.pkl took 0.024 seconds
[2024-08-17T12:33:46.332+0000] {processor.py:161} INFO - Started process (PID=43293) to work on /opt/airflow/dags/data/models/United Kingdom.3/cases_TS_model.pkl
[2024-08-17T12:33:46.333+0000] {processor.py:830} INFO - Processing file /opt/airflow/dags/data/models/United Kingdom.3/cases_TS_model.pkl for tasks to queue
[2024-08-17T12:33:46.333+0000] {logging_mixin.py:188} INFO - [2024-08-17T12:33:46.333+0000] {dagbag.py:545} INFO - Filling up the DagBag from /opt/airflow/dags/data/models/United Kingdom.3/cases_TS_model.pkl
[2024-08-17T12:33:46.347+0000] {processor.py:842} WARNING - No viable dags retrieved from /opt/airflow/dags/data/models/United Kingdom.3/cases_TS_model.pkl
[2024-08-17T12:33:46.356+0000] {processor.py:183} INFO - Processing /opt/airflow/dags/data/models/United Kingdom.3/cases_TS_model.pkl took 0.028 seconds
[2024-08-17T12:34:18.143+0000] {processor.py:161} INFO - Started process (PID=43998) to work on /opt/airflow/dags/data/models/United Kingdom.3/cases_TS_model.pkl
[2024-08-17T12:34:18.144+0000] {processor.py:830} INFO - Processing file /opt/airflow/dags/data/models/United Kingdom.3/cases_TS_model.pkl for tasks to queue
[2024-08-17T12:34:18.144+0000] {logging_mixin.py:188} INFO - [2024-08-17T12:34:18.144+0000] {dagbag.py:545} INFO - Filling up the DagBag from /opt/airflow/dags/data/models/United Kingdom.3/cases_TS_model.pkl
[2024-08-17T12:34:18.153+0000] {processor.py:842} WARNING - No viable dags retrieved from /opt/airflow/dags/data/models/United Kingdom.3/cases_TS_model.pkl
[2024-08-17T12:34:18.163+0000] {processor.py:183} INFO - Processing /opt/airflow/dags/data/models/United Kingdom.3/cases_TS_model.pkl took 0.023 seconds
[2024-08-17T12:34:51.578+0000] {processor.py:161} INFO - Started process (PID=44741) to work on /opt/airflow/dags/data/models/United Kingdom.3/cases_TS_model.pkl
[2024-08-17T12:34:51.579+0000] {processor.py:830} INFO - Processing file /opt/airflow/dags/data/models/United Kingdom.3/cases_TS_model.pkl for tasks to queue
[2024-08-17T12:34:51.579+0000] {logging_mixin.py:188} INFO - [2024-08-17T12:34:51.579+0000] {dagbag.py:545} INFO - Filling up the DagBag from /opt/airflow/dags/data/models/United Kingdom.3/cases_TS_model.pkl
[2024-08-17T12:34:51.588+0000] {processor.py:842} WARNING - No viable dags retrieved from /opt/airflow/dags/data/models/United Kingdom.3/cases_TS_model.pkl
[2024-08-17T12:34:51.598+0000] {processor.py:183} INFO - Processing /opt/airflow/dags/data/models/United Kingdom.3/cases_TS_model.pkl took 0.023 seconds
[2024-08-17T12:35:23.775+0000] {processor.py:161} INFO - Started process (PID=45475) to work on /opt/airflow/dags/data/models/United Kingdom.3/cases_TS_model.pkl
[2024-08-17T12:35:23.776+0000] {processor.py:830} INFO - Processing file /opt/airflow/dags/data/models/United Kingdom.3/cases_TS_model.pkl for tasks to queue
[2024-08-17T12:35:23.777+0000] {logging_mixin.py:188} INFO - [2024-08-17T12:35:23.776+0000] {dagbag.py:545} INFO - Filling up the DagBag from /opt/airflow/dags/data/models/United Kingdom.3/cases_TS_model.pkl
[2024-08-17T12:35:23.786+0000] {processor.py:842} WARNING - No viable dags retrieved from /opt/airflow/dags/data/models/United Kingdom.3/cases_TS_model.pkl
[2024-08-17T12:35:23.796+0000] {processor.py:183} INFO - Processing /opt/airflow/dags/data/models/United Kingdom.3/cases_TS_model.pkl took 0.024 seconds
[2024-08-17T12:35:56.380+0000] {processor.py:161} INFO - Started process (PID=46200) to work on /opt/airflow/dags/data/models/United Kingdom.3/cases_TS_model.pkl
[2024-08-17T12:35:56.381+0000] {processor.py:830} INFO - Processing file /opt/airflow/dags/data/models/United Kingdom.3/cases_TS_model.pkl for tasks to queue
[2024-08-17T12:35:56.381+0000] {logging_mixin.py:188} INFO - [2024-08-17T12:35:56.381+0000] {dagbag.py:545} INFO - Filling up the DagBag from /opt/airflow/dags/data/models/United Kingdom.3/cases_TS_model.pkl
[2024-08-17T12:35:56.396+0000] {processor.py:842} WARNING - No viable dags retrieved from /opt/airflow/dags/data/models/United Kingdom.3/cases_TS_model.pkl
[2024-08-17T12:35:56.406+0000] {processor.py:183} INFO - Processing /opt/airflow/dags/data/models/United Kingdom.3/cases_TS_model.pkl took 0.029 seconds
[2024-08-17T12:36:28.867+0000] {processor.py:161} INFO - Started process (PID=46933) to work on /opt/airflow/dags/data/models/United Kingdom.3/cases_TS_model.pkl
[2024-08-17T12:36:28.868+0000] {processor.py:830} INFO - Processing file /opt/airflow/dags/data/models/United Kingdom.3/cases_TS_model.pkl for tasks to queue
[2024-08-17T12:36:28.868+0000] {logging_mixin.py:188} INFO - [2024-08-17T12:36:28.868+0000] {dagbag.py:545} INFO - Filling up the DagBag from /opt/airflow/dags/data/models/United Kingdom.3/cases_TS_model.pkl
[2024-08-17T12:36:28.876+0000] {processor.py:842} WARNING - No viable dags retrieved from /opt/airflow/dags/data/models/United Kingdom.3/cases_TS_model.pkl
[2024-08-17T12:36:28.885+0000] {processor.py:183} INFO - Processing /opt/airflow/dags/data/models/United Kingdom.3/cases_TS_model.pkl took 0.021 seconds
[2024-08-17T12:36:59.882+0000] {processor.py:161} INFO - Started process (PID=47613) to work on /opt/airflow/dags/data/models/United Kingdom.3/cases_TS_model.pkl
[2024-08-17T12:36:59.883+0000] {processor.py:830} INFO - Processing file /opt/airflow/dags/data/models/United Kingdom.3/cases_TS_model.pkl for tasks to queue
[2024-08-17T12:36:59.883+0000] {logging_mixin.py:188} INFO - [2024-08-17T12:36:59.883+0000] {dagbag.py:545} INFO - Filling up the DagBag from /opt/airflow/dags/data/models/United Kingdom.3/cases_TS_model.pkl
[2024-08-17T12:36:59.891+0000] {processor.py:842} WARNING - No viable dags retrieved from /opt/airflow/dags/data/models/United Kingdom.3/cases_TS_model.pkl
[2024-08-17T12:36:59.900+0000] {processor.py:183} INFO - Processing /opt/airflow/dags/data/models/United Kingdom.3/cases_TS_model.pkl took 0.021 seconds
[2024-08-17T12:37:30.639+0000] {processor.py:161} INFO - Started process (PID=48331) to work on /opt/airflow/dags/data/models/United Kingdom.3/cases_TS_model.pkl
[2024-08-17T12:37:30.640+0000] {processor.py:830} INFO - Processing file /opt/airflow/dags/data/models/United Kingdom.3/cases_TS_model.pkl for tasks to queue
[2024-08-17T12:37:30.640+0000] {logging_mixin.py:188} INFO - [2024-08-17T12:37:30.640+0000] {dagbag.py:545} INFO - Filling up the DagBag from /opt/airflow/dags/data/models/United Kingdom.3/cases_TS_model.pkl
[2024-08-17T12:37:30.649+0000] {processor.py:842} WARNING - No viable dags retrieved from /opt/airflow/dags/data/models/United Kingdom.3/cases_TS_model.pkl
[2024-08-17T12:37:30.659+0000] {processor.py:183} INFO - Processing /opt/airflow/dags/data/models/United Kingdom.3/cases_TS_model.pkl took 0.023 seconds
[2024-08-17T12:38:11.025+0000] {processor.py:161} INFO - Started process (PID=49099) to work on /opt/airflow/dags/data/models/United Kingdom.3/cases_TS_model.pkl
[2024-08-17T12:38:11.026+0000] {processor.py:830} INFO - Processing file /opt/airflow/dags/data/models/United Kingdom.3/cases_TS_model.pkl for tasks to queue
[2024-08-17T12:38:11.027+0000] {logging_mixin.py:188} INFO - [2024-08-17T12:38:11.026+0000] {dagbag.py:545} INFO - Filling up the DagBag from /opt/airflow/dags/data/models/United Kingdom.3/cases_TS_model.pkl
[2024-08-17T12:38:11.035+0000] {processor.py:842} WARNING - No viable dags retrieved from /opt/airflow/dags/data/models/United Kingdom.3/cases_TS_model.pkl
[2024-08-17T12:38:11.044+0000] {processor.py:183} INFO - Processing /opt/airflow/dags/data/models/United Kingdom.3/cases_TS_model.pkl took 0.022 seconds
[2024-08-17T12:38:43.963+0000] {processor.py:161} INFO - Started process (PID=49792) to work on /opt/airflow/dags/data/models/United Kingdom.3/cases_TS_model.pkl
[2024-08-17T12:38:43.963+0000] {processor.py:830} INFO - Processing file /opt/airflow/dags/data/models/United Kingdom.3/cases_TS_model.pkl for tasks to queue
[2024-08-17T12:38:43.964+0000] {logging_mixin.py:188} INFO - [2024-08-17T12:38:43.964+0000] {dagbag.py:545} INFO - Filling up the DagBag from /opt/airflow/dags/data/models/United Kingdom.3/cases_TS_model.pkl
[2024-08-17T12:38:43.970+0000] {processor.py:842} WARNING - No viable dags retrieved from /opt/airflow/dags/data/models/United Kingdom.3/cases_TS_model.pkl
[2024-08-17T12:38:43.979+0000] {processor.py:183} INFO - Processing /opt/airflow/dags/data/models/United Kingdom.3/cases_TS_model.pkl took 0.020 seconds
[2024-08-17T12:39:14.950+0000] {processor.py:161} INFO - Started process (PID=50467) to work on /opt/airflow/dags/data/models/United Kingdom.3/cases_TS_model.pkl
[2024-08-17T12:39:14.950+0000] {processor.py:830} INFO - Processing file /opt/airflow/dags/data/models/United Kingdom.3/cases_TS_model.pkl for tasks to queue
[2024-08-17T12:39:14.951+0000] {logging_mixin.py:188} INFO - [2024-08-17T12:39:14.951+0000] {dagbag.py:545} INFO - Filling up the DagBag from /opt/airflow/dags/data/models/United Kingdom.3/cases_TS_model.pkl
[2024-08-17T12:39:14.961+0000] {processor.py:842} WARNING - No viable dags retrieved from /opt/airflow/dags/data/models/United Kingdom.3/cases_TS_model.pkl
[2024-08-17T12:39:14.970+0000] {processor.py:183} INFO - Processing /opt/airflow/dags/data/models/United Kingdom.3/cases_TS_model.pkl took 0.024 seconds
[2024-08-17T12:39:46.778+0000] {processor.py:161} INFO - Started process (PID=51207) to work on /opt/airflow/dags/data/models/United Kingdom.3/cases_TS_model.pkl
[2024-08-17T12:39:46.779+0000] {processor.py:830} INFO - Processing file /opt/airflow/dags/data/models/United Kingdom.3/cases_TS_model.pkl for tasks to queue
[2024-08-17T12:39:46.780+0000] {logging_mixin.py:188} INFO - [2024-08-17T12:39:46.779+0000] {dagbag.py:545} INFO - Filling up the DagBag from /opt/airflow/dags/data/models/United Kingdom.3/cases_TS_model.pkl
[2024-08-17T12:39:46.790+0000] {processor.py:842} WARNING - No viable dags retrieved from /opt/airflow/dags/data/models/United Kingdom.3/cases_TS_model.pkl
[2024-08-17T12:39:46.799+0000] {processor.py:183} INFO - Processing /opt/airflow/dags/data/models/United Kingdom.3/cases_TS_model.pkl took 0.024 seconds
[2024-08-17T12:40:18.831+0000] {processor.py:161} INFO - Started process (PID=51950) to work on /opt/airflow/dags/data/models/United Kingdom.3/cases_TS_model.pkl
[2024-08-17T12:40:18.832+0000] {processor.py:830} INFO - Processing file /opt/airflow/dags/data/models/United Kingdom.3/cases_TS_model.pkl for tasks to queue
[2024-08-17T12:40:18.833+0000] {logging_mixin.py:188} INFO - [2024-08-17T12:40:18.833+0000] {dagbag.py:545} INFO - Filling up the DagBag from /opt/airflow/dags/data/models/United Kingdom.3/cases_TS_model.pkl
[2024-08-17T12:40:18.842+0000] {processor.py:842} WARNING - No viable dags retrieved from /opt/airflow/dags/data/models/United Kingdom.3/cases_TS_model.pkl
[2024-08-17T12:40:18.850+0000] {processor.py:183} INFO - Processing /opt/airflow/dags/data/models/United Kingdom.3/cases_TS_model.pkl took 0.022 seconds
[2024-08-17T12:40:49.791+0000] {processor.py:161} INFO - Started process (PID=52627) to work on /opt/airflow/dags/data/models/United Kingdom.3/cases_TS_model.pkl
[2024-08-17T12:40:49.792+0000] {processor.py:830} INFO - Processing file /opt/airflow/dags/data/models/United Kingdom.3/cases_TS_model.pkl for tasks to queue
[2024-08-17T12:40:49.792+0000] {logging_mixin.py:188} INFO - [2024-08-17T12:40:49.792+0000] {dagbag.py:545} INFO - Filling up the DagBag from /opt/airflow/dags/data/models/United Kingdom.3/cases_TS_model.pkl
[2024-08-17T12:40:49.800+0000] {processor.py:842} WARNING - No viable dags retrieved from /opt/airflow/dags/data/models/United Kingdom.3/cases_TS_model.pkl
[2024-08-17T12:40:49.809+0000] {processor.py:183} INFO - Processing /opt/airflow/dags/data/models/United Kingdom.3/cases_TS_model.pkl took 0.021 seconds
[2024-08-17T12:41:21.911+0000] {processor.py:161} INFO - Started process (PID=53352) to work on /opt/airflow/dags/data/models/United Kingdom.3/cases_TS_model.pkl
[2024-08-17T12:41:21.911+0000] {processor.py:830} INFO - Processing file /opt/airflow/dags/data/models/United Kingdom.3/cases_TS_model.pkl for tasks to queue
[2024-08-17T12:41:21.912+0000] {logging_mixin.py:188} INFO - [2024-08-17T12:41:21.912+0000] {dagbag.py:545} INFO - Filling up the DagBag from /opt/airflow/dags/data/models/United Kingdom.3/cases_TS_model.pkl
[2024-08-17T12:41:21.919+0000] {processor.py:842} WARNING - No viable dags retrieved from /opt/airflow/dags/data/models/United Kingdom.3/cases_TS_model.pkl
[2024-08-17T12:41:21.928+0000] {processor.py:183} INFO - Processing /opt/airflow/dags/data/models/United Kingdom.3/cases_TS_model.pkl took 0.022 seconds
