[2024-08-17T03:08:58.158+0000] {processor.py:161} INFO - Started process (PID=96068) to work on /opt/airflow/dags/data/models/United Kingdom.3/TS_model.pkl
[2024-08-17T03:08:58.159+0000] {processor.py:830} INFO - Processing file /opt/airflow/dags/data/models/United Kingdom.3/TS_model.pkl for tasks to queue
[2024-08-17T03:08:58.160+0000] {logging_mixin.py:188} INFO - [2024-08-17T03:08:58.159+0000] {dagbag.py:545} INFO - Filling up the DagBag from /opt/airflow/dags/data/models/United Kingdom.3/TS_model.pkl
[2024-08-17T03:08:58.173+0000] {processor.py:842} WARNING - No viable dags retrieved from /opt/airflow/dags/data/models/United Kingdom.3/TS_model.pkl
[2024-08-17T03:08:58.184+0000] {processor.py:183} INFO - Processing /opt/airflow/dags/data/models/United Kingdom.3/TS_model.pkl took 0.030 seconds
[2024-08-17T03:09:28.965+0000] {processor.py:161} INFO - Started process (PID=96513) to work on /opt/airflow/dags/data/models/United Kingdom.3/TS_model.pkl
[2024-08-17T03:09:28.965+0000] {processor.py:830} INFO - Processing file /opt/airflow/dags/data/models/United Kingdom.3/TS_model.pkl for tasks to queue
[2024-08-17T03:09:28.966+0000] {logging_mixin.py:188} INFO - [2024-08-17T03:09:28.966+0000] {dagbag.py:545} INFO - Filling up the DagBag from /opt/airflow/dags/data/models/United Kingdom.3/TS_model.pkl
[2024-08-17T03:09:28.980+0000] {processor.py:842} WARNING - No viable dags retrieved from /opt/airflow/dags/data/models/United Kingdom.3/TS_model.pkl
[2024-08-17T03:09:28.989+0000] {processor.py:183} INFO - Processing /opt/airflow/dags/data/models/United Kingdom.3/TS_model.pkl took 0.029 seconds
[2024-08-17T03:10:00.051+0000] {processor.py:161} INFO - Started process (PID=96933) to work on /opt/airflow/dags/data/models/United Kingdom.3/TS_model.pkl
[2024-08-17T03:10:00.051+0000] {processor.py:830} INFO - Processing file /opt/airflow/dags/data/models/United Kingdom.3/TS_model.pkl for tasks to queue
[2024-08-17T03:10:00.052+0000] {logging_mixin.py:188} INFO - [2024-08-17T03:10:00.052+0000] {dagbag.py:545} INFO - Filling up the DagBag from /opt/airflow/dags/data/models/United Kingdom.3/TS_model.pkl
[2024-08-17T03:10:00.065+0000] {processor.py:842} WARNING - No viable dags retrieved from /opt/airflow/dags/data/models/United Kingdom.3/TS_model.pkl
[2024-08-17T03:10:00.075+0000] {processor.py:183} INFO - Processing /opt/airflow/dags/data/models/United Kingdom.3/TS_model.pkl took 0.028 seconds
[2024-08-17T03:10:26.832+0000] {processor.py:161} INFO - Started process (PID=97348) to work on /opt/airflow/dags/data/models/United Kingdom.3/TS_model.pkl
[2024-08-17T03:10:26.834+0000] {processor.py:830} INFO - Processing file /opt/airflow/dags/data/models/United Kingdom.3/TS_model.pkl for tasks to queue
[2024-08-17T03:10:26.834+0000] {logging_mixin.py:188} INFO - [2024-08-17T03:10:26.834+0000] {dagbag.py:545} INFO - Filling up the DagBag from /opt/airflow/dags/data/models/United Kingdom.3/TS_model.pkl
[2024-08-17T03:10:26.845+0000] {processor.py:842} WARNING - No viable dags retrieved from /opt/airflow/dags/data/models/United Kingdom.3/TS_model.pkl
[2024-08-17T03:10:26.862+0000] {processor.py:183} INFO - Processing /opt/airflow/dags/data/models/United Kingdom.3/TS_model.pkl took 0.033 seconds
[2024-08-17T03:10:57.898+0000] {processor.py:161} INFO - Started process (PID=97768) to work on /opt/airflow/dags/data/models/United Kingdom.3/TS_model.pkl
[2024-08-17T03:10:57.899+0000] {processor.py:830} INFO - Processing file /opt/airflow/dags/data/models/United Kingdom.3/TS_model.pkl for tasks to queue
[2024-08-17T03:10:57.900+0000] {logging_mixin.py:188} INFO - [2024-08-17T03:10:57.899+0000] {dagbag.py:545} INFO - Filling up the DagBag from /opt/airflow/dags/data/models/United Kingdom.3/TS_model.pkl
[2024-08-17T03:10:57.910+0000] {processor.py:842} WARNING - No viable dags retrieved from /opt/airflow/dags/data/models/United Kingdom.3/TS_model.pkl
[2024-08-17T03:10:57.920+0000] {processor.py:183} INFO - Processing /opt/airflow/dags/data/models/United Kingdom.3/TS_model.pkl took 0.025 seconds
[2024-08-17T03:11:28.451+0000] {processor.py:161} INFO - Started process (PID=98213) to work on /opt/airflow/dags/data/models/United Kingdom.3/TS_model.pkl
[2024-08-17T03:11:28.451+0000] {processor.py:830} INFO - Processing file /opt/airflow/dags/data/models/United Kingdom.3/TS_model.pkl for tasks to queue
[2024-08-17T03:11:28.453+0000] {logging_mixin.py:188} INFO - [2024-08-17T03:11:28.452+0000] {dagbag.py:545} INFO - Filling up the DagBag from /opt/airflow/dags/data/models/United Kingdom.3/TS_model.pkl
[2024-08-17T03:11:28.462+0000] {processor.py:842} WARNING - No viable dags retrieved from /opt/airflow/dags/data/models/United Kingdom.3/TS_model.pkl
[2024-08-17T03:11:28.472+0000] {processor.py:183} INFO - Processing /opt/airflow/dags/data/models/United Kingdom.3/TS_model.pkl took 0.024 seconds
[2024-08-17T03:11:59.450+0000] {processor.py:161} INFO - Started process (PID=98632) to work on /opt/airflow/dags/data/models/United Kingdom.3/TS_model.pkl
[2024-08-17T03:11:59.451+0000] {processor.py:830} INFO - Processing file /opt/airflow/dags/data/models/United Kingdom.3/TS_model.pkl for tasks to queue
[2024-08-17T03:11:59.453+0000] {logging_mixin.py:188} INFO - [2024-08-17T03:11:59.452+0000] {dagbag.py:545} INFO - Filling up the DagBag from /opt/airflow/dags/data/models/United Kingdom.3/TS_model.pkl
[2024-08-17T03:11:59.462+0000] {processor.py:842} WARNING - No viable dags retrieved from /opt/airflow/dags/data/models/United Kingdom.3/TS_model.pkl
[2024-08-17T03:11:59.474+0000] {processor.py:183} INFO - Processing /opt/airflow/dags/data/models/United Kingdom.3/TS_model.pkl took 0.028 seconds
[2024-08-17T03:12:30.272+0000] {processor.py:161} INFO - Started process (PID=99076) to work on /opt/airflow/dags/data/models/United Kingdom.3/TS_model.pkl
[2024-08-17T03:12:30.273+0000] {processor.py:830} INFO - Processing file /opt/airflow/dags/data/models/United Kingdom.3/TS_model.pkl for tasks to queue
[2024-08-17T03:12:30.273+0000] {logging_mixin.py:188} INFO - [2024-08-17T03:12:30.273+0000] {dagbag.py:545} INFO - Filling up the DagBag from /opt/airflow/dags/data/models/United Kingdom.3/TS_model.pkl
[2024-08-17T03:12:30.287+0000] {processor.py:842} WARNING - No viable dags retrieved from /opt/airflow/dags/data/models/United Kingdom.3/TS_model.pkl
[2024-08-17T03:12:30.296+0000] {processor.py:183} INFO - Processing /opt/airflow/dags/data/models/United Kingdom.3/TS_model.pkl took 0.028 seconds
[2024-08-17T03:13:01.129+0000] {processor.py:161} INFO - Started process (PID=99500) to work on /opt/airflow/dags/data/models/United Kingdom.3/TS_model.pkl
[2024-08-17T03:13:01.130+0000] {processor.py:830} INFO - Processing file /opt/airflow/dags/data/models/United Kingdom.3/TS_model.pkl for tasks to queue
[2024-08-17T03:13:01.131+0000] {logging_mixin.py:188} INFO - [2024-08-17T03:13:01.131+0000] {dagbag.py:545} INFO - Filling up the DagBag from /opt/airflow/dags/data/models/United Kingdom.3/TS_model.pkl
[2024-08-17T03:13:01.142+0000] {processor.py:842} WARNING - No viable dags retrieved from /opt/airflow/dags/data/models/United Kingdom.3/TS_model.pkl
[2024-08-17T03:13:01.153+0000] {processor.py:183} INFO - Processing /opt/airflow/dags/data/models/United Kingdom.3/TS_model.pkl took 0.028 seconds
[2024-08-17T03:13:32.400+0000] {processor.py:161} INFO - Started process (PID=99917) to work on /opt/airflow/dags/data/models/United Kingdom.3/TS_model.pkl
[2024-08-17T03:13:32.401+0000] {processor.py:830} INFO - Processing file /opt/airflow/dags/data/models/United Kingdom.3/TS_model.pkl for tasks to queue
[2024-08-17T03:13:32.402+0000] {logging_mixin.py:188} INFO - [2024-08-17T03:13:32.402+0000] {dagbag.py:545} INFO - Filling up the DagBag from /opt/airflow/dags/data/models/United Kingdom.3/TS_model.pkl
[2024-08-17T03:13:32.410+0000] {processor.py:842} WARNING - No viable dags retrieved from /opt/airflow/dags/data/models/United Kingdom.3/TS_model.pkl
[2024-08-17T03:13:32.420+0000] {processor.py:183} INFO - Processing /opt/airflow/dags/data/models/United Kingdom.3/TS_model.pkl took 0.023 seconds
[2024-08-17T03:14:03.217+0000] {processor.py:161} INFO - Started process (PID=634) to work on /opt/airflow/dags/data/models/United Kingdom.3/TS_model.pkl
[2024-08-17T03:14:03.218+0000] {processor.py:830} INFO - Processing file /opt/airflow/dags/data/models/United Kingdom.3/TS_model.pkl for tasks to queue
[2024-08-17T03:14:03.218+0000] {logging_mixin.py:188} INFO - [2024-08-17T03:14:03.218+0000] {dagbag.py:545} INFO - Filling up the DagBag from /opt/airflow/dags/data/models/United Kingdom.3/TS_model.pkl
[2024-08-17T03:14:03.224+0000] {processor.py:842} WARNING - No viable dags retrieved from /opt/airflow/dags/data/models/United Kingdom.3/TS_model.pkl
[2024-08-17T03:14:03.234+0000] {processor.py:183} INFO - Processing /opt/airflow/dags/data/models/United Kingdom.3/TS_model.pkl took 0.021 seconds
[2024-08-17T03:14:34.454+0000] {processor.py:161} INFO - Started process (PID=1020) to work on /opt/airflow/dags/data/models/United Kingdom.3/TS_model.pkl
[2024-08-17T03:14:34.455+0000] {processor.py:830} INFO - Processing file /opt/airflow/dags/data/models/United Kingdom.3/TS_model.pkl for tasks to queue
[2024-08-17T03:14:34.456+0000] {logging_mixin.py:188} INFO - [2024-08-17T03:14:34.455+0000] {dagbag.py:545} INFO - Filling up the DagBag from /opt/airflow/dags/data/models/United Kingdom.3/TS_model.pkl
[2024-08-17T03:14:34.465+0000] {processor.py:842} WARNING - No viable dags retrieved from /opt/airflow/dags/data/models/United Kingdom.3/TS_model.pkl
[2024-08-17T03:14:34.474+0000] {processor.py:183} INFO - Processing /opt/airflow/dags/data/models/United Kingdom.3/TS_model.pkl took 0.023 seconds
[2024-08-17T03:15:04.951+0000] {processor.py:161} INFO - Started process (PID=1450) to work on /opt/airflow/dags/data/models/United Kingdom.3/TS_model.pkl
[2024-08-17T03:15:04.952+0000] {processor.py:830} INFO - Processing file /opt/airflow/dags/data/models/United Kingdom.3/TS_model.pkl for tasks to queue
[2024-08-17T03:15:04.952+0000] {logging_mixin.py:188} INFO - [2024-08-17T03:15:04.952+0000] {dagbag.py:545} INFO - Filling up the DagBag from /opt/airflow/dags/data/models/United Kingdom.3/TS_model.pkl
[2024-08-17T03:15:04.961+0000] {processor.py:842} WARNING - No viable dags retrieved from /opt/airflow/dags/data/models/United Kingdom.3/TS_model.pkl
[2024-08-17T03:15:04.970+0000] {processor.py:183} INFO - Processing /opt/airflow/dags/data/models/United Kingdom.3/TS_model.pkl took 0.023 seconds
[2024-08-17T03:15:36.006+0000] {processor.py:161} INFO - Started process (PID=1902) to work on /opt/airflow/dags/data/models/United Kingdom.3/TS_model.pkl
[2024-08-17T03:15:36.009+0000] {processor.py:830} INFO - Processing file /opt/airflow/dags/data/models/United Kingdom.3/TS_model.pkl for tasks to queue
[2024-08-17T03:15:36.010+0000] {logging_mixin.py:188} INFO - [2024-08-17T03:15:36.010+0000] {dagbag.py:545} INFO - Filling up the DagBag from /opt/airflow/dags/data/models/United Kingdom.3/TS_model.pkl
[2024-08-17T03:15:36.027+0000] {processor.py:842} WARNING - No viable dags retrieved from /opt/airflow/dags/data/models/United Kingdom.3/TS_model.pkl
[2024-08-17T03:15:36.037+0000] {processor.py:183} INFO - Processing /opt/airflow/dags/data/models/United Kingdom.3/TS_model.pkl took 0.034 seconds
[2024-08-17T03:16:06.602+0000] {processor.py:161} INFO - Started process (PID=2327) to work on /opt/airflow/dags/data/models/United Kingdom.3/TS_model.pkl
[2024-08-17T03:16:06.602+0000] {processor.py:830} INFO - Processing file /opt/airflow/dags/data/models/United Kingdom.3/TS_model.pkl for tasks to queue
[2024-08-17T03:16:06.603+0000] {logging_mixin.py:188} INFO - [2024-08-17T03:16:06.603+0000] {dagbag.py:545} INFO - Filling up the DagBag from /opt/airflow/dags/data/models/United Kingdom.3/TS_model.pkl
[2024-08-17T03:16:06.612+0000] {processor.py:842} WARNING - No viable dags retrieved from /opt/airflow/dags/data/models/United Kingdom.3/TS_model.pkl
[2024-08-17T03:16:06.621+0000] {processor.py:183} INFO - Processing /opt/airflow/dags/data/models/United Kingdom.3/TS_model.pkl took 0.023 seconds
[2024-08-17T03:16:37.367+0000] {processor.py:161} INFO - Started process (PID=2780) to work on /opt/airflow/dags/data/models/United Kingdom.3/TS_model.pkl
[2024-08-17T03:16:37.367+0000] {processor.py:830} INFO - Processing file /opt/airflow/dags/data/models/United Kingdom.3/TS_model.pkl for tasks to queue
[2024-08-17T03:16:37.368+0000] {logging_mixin.py:188} INFO - [2024-08-17T03:16:37.368+0000] {dagbag.py:545} INFO - Filling up the DagBag from /opt/airflow/dags/data/models/United Kingdom.3/TS_model.pkl
[2024-08-17T03:16:37.376+0000] {processor.py:842} WARNING - No viable dags retrieved from /opt/airflow/dags/data/models/United Kingdom.3/TS_model.pkl
[2024-08-17T03:16:37.385+0000] {processor.py:183} INFO - Processing /opt/airflow/dags/data/models/United Kingdom.3/TS_model.pkl took 0.022 seconds
[2024-08-17T03:17:08.088+0000] {processor.py:161} INFO - Started process (PID=3208) to work on /opt/airflow/dags/data/models/United Kingdom.3/TS_model.pkl
[2024-08-17T03:17:08.089+0000] {processor.py:830} INFO - Processing file /opt/airflow/dags/data/models/United Kingdom.3/TS_model.pkl for tasks to queue
[2024-08-17T03:17:08.089+0000] {logging_mixin.py:188} INFO - [2024-08-17T03:17:08.089+0000] {dagbag.py:545} INFO - Filling up the DagBag from /opt/airflow/dags/data/models/United Kingdom.3/TS_model.pkl
[2024-08-17T03:17:08.100+0000] {processor.py:842} WARNING - No viable dags retrieved from /opt/airflow/dags/data/models/United Kingdom.3/TS_model.pkl
[2024-08-17T03:17:08.110+0000] {processor.py:183} INFO - Processing /opt/airflow/dags/data/models/United Kingdom.3/TS_model.pkl took 0.026 seconds
[2024-08-17T03:17:38.860+0000] {processor.py:161} INFO - Started process (PID=3662) to work on /opt/airflow/dags/data/models/United Kingdom.3/TS_model.pkl
[2024-08-17T03:17:38.861+0000] {processor.py:830} INFO - Processing file /opt/airflow/dags/data/models/United Kingdom.3/TS_model.pkl for tasks to queue
[2024-08-17T03:17:38.862+0000] {logging_mixin.py:188} INFO - [2024-08-17T03:17:38.861+0000] {dagbag.py:545} INFO - Filling up the DagBag from /opt/airflow/dags/data/models/United Kingdom.3/TS_model.pkl
[2024-08-17T03:17:38.870+0000] {processor.py:842} WARNING - No viable dags retrieved from /opt/airflow/dags/data/models/United Kingdom.3/TS_model.pkl
[2024-08-17T03:17:38.878+0000] {processor.py:183} INFO - Processing /opt/airflow/dags/data/models/United Kingdom.3/TS_model.pkl took 0.022 seconds
[2024-08-17T03:18:09.603+0000] {processor.py:161} INFO - Started process (PID=4112) to work on /opt/airflow/dags/data/models/United Kingdom.3/TS_model.pkl
[2024-08-17T03:18:09.604+0000] {processor.py:830} INFO - Processing file /opt/airflow/dags/data/models/United Kingdom.3/TS_model.pkl for tasks to queue
[2024-08-17T03:18:09.605+0000] {logging_mixin.py:188} INFO - [2024-08-17T03:18:09.604+0000] {dagbag.py:545} INFO - Filling up the DagBag from /opt/airflow/dags/data/models/United Kingdom.3/TS_model.pkl
[2024-08-17T03:18:09.614+0000] {processor.py:842} WARNING - No viable dags retrieved from /opt/airflow/dags/data/models/United Kingdom.3/TS_model.pkl
[2024-08-17T03:18:09.625+0000] {processor.py:183} INFO - Processing /opt/airflow/dags/data/models/United Kingdom.3/TS_model.pkl took 0.025 seconds
[2024-08-17T03:18:40.027+0000] {processor.py:161} INFO - Started process (PID=4538) to work on /opt/airflow/dags/data/models/United Kingdom.3/TS_model.pkl
[2024-08-17T03:18:40.028+0000] {processor.py:830} INFO - Processing file /opt/airflow/dags/data/models/United Kingdom.3/TS_model.pkl for tasks to queue
[2024-08-17T03:18:40.028+0000] {logging_mixin.py:188} INFO - [2024-08-17T03:18:40.028+0000] {dagbag.py:545} INFO - Filling up the DagBag from /opt/airflow/dags/data/models/United Kingdom.3/TS_model.pkl
[2024-08-17T03:18:40.037+0000] {processor.py:842} WARNING - No viable dags retrieved from /opt/airflow/dags/data/models/United Kingdom.3/TS_model.pkl
[2024-08-17T03:18:40.047+0000] {processor.py:183} INFO - Processing /opt/airflow/dags/data/models/United Kingdom.3/TS_model.pkl took 0.024 seconds
[2024-08-17T03:19:11.059+0000] {processor.py:161} INFO - Started process (PID=4982) to work on /opt/airflow/dags/data/models/United Kingdom.3/TS_model.pkl
[2024-08-17T03:19:11.060+0000] {processor.py:830} INFO - Processing file /opt/airflow/dags/data/models/United Kingdom.3/TS_model.pkl for tasks to queue
[2024-08-17T03:19:11.061+0000] {logging_mixin.py:188} INFO - [2024-08-17T03:19:11.060+0000] {dagbag.py:545} INFO - Filling up the DagBag from /opt/airflow/dags/data/models/United Kingdom.3/TS_model.pkl
[2024-08-17T03:19:11.069+0000] {processor.py:842} WARNING - No viable dags retrieved from /opt/airflow/dags/data/models/United Kingdom.3/TS_model.pkl
[2024-08-17T03:19:11.078+0000] {processor.py:183} INFO - Processing /opt/airflow/dags/data/models/United Kingdom.3/TS_model.pkl took 0.023 seconds
[2024-08-17T03:19:41.466+0000] {processor.py:161} INFO - Started process (PID=5386) to work on /opt/airflow/dags/data/models/United Kingdom.3/TS_model.pkl
[2024-08-17T03:19:41.467+0000] {processor.py:830} INFO - Processing file /opt/airflow/dags/data/models/United Kingdom.3/TS_model.pkl for tasks to queue
[2024-08-17T03:19:41.467+0000] {logging_mixin.py:188} INFO - [2024-08-17T03:19:41.467+0000] {dagbag.py:545} INFO - Filling up the DagBag from /opt/airflow/dags/data/models/United Kingdom.3/TS_model.pkl
[2024-08-17T03:19:41.477+0000] {processor.py:842} WARNING - No viable dags retrieved from /opt/airflow/dags/data/models/United Kingdom.3/TS_model.pkl
[2024-08-17T03:19:41.485+0000] {processor.py:183} INFO - Processing /opt/airflow/dags/data/models/United Kingdom.3/TS_model.pkl took 0.023 seconds
[2024-08-17T03:20:12.093+0000] {processor.py:161} INFO - Started process (PID=5839) to work on /opt/airflow/dags/data/models/United Kingdom.3/TS_model.pkl
[2024-08-17T03:20:12.093+0000] {processor.py:830} INFO - Processing file /opt/airflow/dags/data/models/United Kingdom.3/TS_model.pkl for tasks to queue
[2024-08-17T03:20:12.094+0000] {logging_mixin.py:188} INFO - [2024-08-17T03:20:12.094+0000] {dagbag.py:545} INFO - Filling up the DagBag from /opt/airflow/dags/data/models/United Kingdom.3/TS_model.pkl
[2024-08-17T03:20:12.101+0000] {processor.py:842} WARNING - No viable dags retrieved from /opt/airflow/dags/data/models/United Kingdom.3/TS_model.pkl
[2024-08-17T03:20:12.110+0000] {processor.py:183} INFO - Processing /opt/airflow/dags/data/models/United Kingdom.3/TS_model.pkl took 0.021 seconds
[2024-08-17T03:20:43.241+0000] {processor.py:161} INFO - Started process (PID=6274) to work on /opt/airflow/dags/data/models/United Kingdom.3/TS_model.pkl
[2024-08-17T03:20:43.241+0000] {processor.py:830} INFO - Processing file /opt/airflow/dags/data/models/United Kingdom.3/TS_model.pkl for tasks to queue
[2024-08-17T03:20:43.242+0000] {logging_mixin.py:188} INFO - [2024-08-17T03:20:43.242+0000] {dagbag.py:545} INFO - Filling up the DagBag from /opt/airflow/dags/data/models/United Kingdom.3/TS_model.pkl
[2024-08-17T03:20:43.250+0000] {processor.py:842} WARNING - No viable dags retrieved from /opt/airflow/dags/data/models/United Kingdom.3/TS_model.pkl
[2024-08-17T03:20:43.259+0000] {processor.py:183} INFO - Processing /opt/airflow/dags/data/models/United Kingdom.3/TS_model.pkl took 0.022 seconds
[2024-08-17T03:21:13.833+0000] {processor.py:161} INFO - Started process (PID=6700) to work on /opt/airflow/dags/data/models/United Kingdom.3/TS_model.pkl
[2024-08-17T03:21:13.834+0000] {processor.py:830} INFO - Processing file /opt/airflow/dags/data/models/United Kingdom.3/TS_model.pkl for tasks to queue
[2024-08-17T03:21:13.835+0000] {logging_mixin.py:188} INFO - [2024-08-17T03:21:13.835+0000] {dagbag.py:545} INFO - Filling up the DagBag from /opt/airflow/dags/data/models/United Kingdom.3/TS_model.pkl
[2024-08-17T03:21:13.843+0000] {processor.py:842} WARNING - No viable dags retrieved from /opt/airflow/dags/data/models/United Kingdom.3/TS_model.pkl
[2024-08-17T03:21:13.852+0000] {processor.py:183} INFO - Processing /opt/airflow/dags/data/models/United Kingdom.3/TS_model.pkl took 0.023 seconds
[2024-08-17T03:21:44.407+0000] {processor.py:161} INFO - Started process (PID=7153) to work on /opt/airflow/dags/data/models/United Kingdom.3/TS_model.pkl
[2024-08-17T03:21:44.408+0000] {processor.py:830} INFO - Processing file /opt/airflow/dags/data/models/United Kingdom.3/TS_model.pkl for tasks to queue
[2024-08-17T03:21:44.408+0000] {logging_mixin.py:188} INFO - [2024-08-17T03:21:44.408+0000] {dagbag.py:545} INFO - Filling up the DagBag from /opt/airflow/dags/data/models/United Kingdom.3/TS_model.pkl
[2024-08-17T03:21:44.416+0000] {processor.py:842} WARNING - No viable dags retrieved from /opt/airflow/dags/data/models/United Kingdom.3/TS_model.pkl
[2024-08-17T03:21:44.425+0000] {processor.py:183} INFO - Processing /opt/airflow/dags/data/models/United Kingdom.3/TS_model.pkl took 0.021 seconds
[2024-08-17T03:22:15.273+0000] {processor.py:161} INFO - Started process (PID=7581) to work on /opt/airflow/dags/data/models/United Kingdom.3/TS_model.pkl
[2024-08-17T03:22:15.273+0000] {processor.py:830} INFO - Processing file /opt/airflow/dags/data/models/United Kingdom.3/TS_model.pkl for tasks to queue
[2024-08-17T03:22:15.274+0000] {logging_mixin.py:188} INFO - [2024-08-17T03:22:15.274+0000] {dagbag.py:545} INFO - Filling up the DagBag from /opt/airflow/dags/data/models/United Kingdom.3/TS_model.pkl
[2024-08-17T03:22:15.283+0000] {processor.py:842} WARNING - No viable dags retrieved from /opt/airflow/dags/data/models/United Kingdom.3/TS_model.pkl
[2024-08-17T03:22:15.291+0000] {processor.py:183} INFO - Processing /opt/airflow/dags/data/models/United Kingdom.3/TS_model.pkl took 0.022 seconds
[2024-08-17T03:22:45.987+0000] {processor.py:161} INFO - Started process (PID=8036) to work on /opt/airflow/dags/data/models/United Kingdom.3/TS_model.pkl
[2024-08-17T03:22:45.987+0000] {processor.py:830} INFO - Processing file /opt/airflow/dags/data/models/United Kingdom.3/TS_model.pkl for tasks to queue
[2024-08-17T03:22:45.988+0000] {logging_mixin.py:188} INFO - [2024-08-17T03:22:45.988+0000] {dagbag.py:545} INFO - Filling up the DagBag from /opt/airflow/dags/data/models/United Kingdom.3/TS_model.pkl
[2024-08-17T03:22:46.001+0000] {processor.py:842} WARNING - No viable dags retrieved from /opt/airflow/dags/data/models/United Kingdom.3/TS_model.pkl
[2024-08-17T03:22:46.010+0000] {processor.py:183} INFO - Processing /opt/airflow/dags/data/models/United Kingdom.3/TS_model.pkl took 0.027 seconds
[2024-08-17T03:23:16.581+0000] {processor.py:161} INFO - Started process (PID=8463) to work on /opt/airflow/dags/data/models/United Kingdom.3/TS_model.pkl
[2024-08-17T03:23:16.581+0000] {processor.py:830} INFO - Processing file /opt/airflow/dags/data/models/United Kingdom.3/TS_model.pkl for tasks to queue
[2024-08-17T03:23:16.582+0000] {logging_mixin.py:188} INFO - [2024-08-17T03:23:16.582+0000] {dagbag.py:545} INFO - Filling up the DagBag from /opt/airflow/dags/data/models/United Kingdom.3/TS_model.pkl
[2024-08-17T03:23:16.590+0000] {processor.py:842} WARNING - No viable dags retrieved from /opt/airflow/dags/data/models/United Kingdom.3/TS_model.pkl
[2024-08-17T03:23:16.600+0000] {processor.py:183} INFO - Processing /opt/airflow/dags/data/models/United Kingdom.3/TS_model.pkl took 0.023 seconds
[2024-08-17T03:23:47.553+0000] {processor.py:161} INFO - Started process (PID=8909) to work on /opt/airflow/dags/data/models/United Kingdom.3/TS_model.pkl
[2024-08-17T03:23:47.554+0000] {processor.py:830} INFO - Processing file /opt/airflow/dags/data/models/United Kingdom.3/TS_model.pkl for tasks to queue
[2024-08-17T03:23:47.554+0000] {logging_mixin.py:188} INFO - [2024-08-17T03:23:47.554+0000] {dagbag.py:545} INFO - Filling up the DagBag from /opt/airflow/dags/data/models/United Kingdom.3/TS_model.pkl
[2024-08-17T03:23:47.564+0000] {processor.py:842} WARNING - No viable dags retrieved from /opt/airflow/dags/data/models/United Kingdom.3/TS_model.pkl
[2024-08-17T03:23:47.574+0000] {processor.py:183} INFO - Processing /opt/airflow/dags/data/models/United Kingdom.3/TS_model.pkl took 0.025 seconds
[2024-08-17T03:24:18.641+0000] {processor.py:161} INFO - Started process (PID=9363) to work on /opt/airflow/dags/data/models/United Kingdom.3/TS_model.pkl
[2024-08-17T03:24:18.642+0000] {processor.py:830} INFO - Processing file /opt/airflow/dags/data/models/United Kingdom.3/TS_model.pkl for tasks to queue
[2024-08-17T03:24:18.643+0000] {logging_mixin.py:188} INFO - [2024-08-17T03:24:18.643+0000] {dagbag.py:545} INFO - Filling up the DagBag from /opt/airflow/dags/data/models/United Kingdom.3/TS_model.pkl
[2024-08-17T03:24:18.653+0000] {processor.py:842} WARNING - No viable dags retrieved from /opt/airflow/dags/data/models/United Kingdom.3/TS_model.pkl
[2024-08-17T03:24:18.664+0000] {processor.py:183} INFO - Processing /opt/airflow/dags/data/models/United Kingdom.3/TS_model.pkl took 0.027 seconds
[2024-08-17T03:24:49.615+0000] {processor.py:161} INFO - Started process (PID=9790) to work on /opt/airflow/dags/data/models/United Kingdom.3/TS_model.pkl
[2024-08-17T03:24:49.616+0000] {processor.py:830} INFO - Processing file /opt/airflow/dags/data/models/United Kingdom.3/TS_model.pkl for tasks to queue
[2024-08-17T03:24:49.617+0000] {logging_mixin.py:188} INFO - [2024-08-17T03:24:49.616+0000] {dagbag.py:545} INFO - Filling up the DagBag from /opt/airflow/dags/data/models/United Kingdom.3/TS_model.pkl
[2024-08-17T03:24:49.625+0000] {processor.py:842} WARNING - No viable dags retrieved from /opt/airflow/dags/data/models/United Kingdom.3/TS_model.pkl
[2024-08-17T03:24:49.634+0000] {processor.py:183} INFO - Processing /opt/airflow/dags/data/models/United Kingdom.3/TS_model.pkl took 0.022 seconds
[2024-08-17T03:25:20.091+0000] {processor.py:161} INFO - Started process (PID=10232) to work on /opt/airflow/dags/data/models/United Kingdom.3/TS_model.pkl
[2024-08-17T03:25:20.092+0000] {processor.py:830} INFO - Processing file /opt/airflow/dags/data/models/United Kingdom.3/TS_model.pkl for tasks to queue
[2024-08-17T03:25:20.092+0000] {logging_mixin.py:188} INFO - [2024-08-17T03:25:20.092+0000] {dagbag.py:545} INFO - Filling up the DagBag from /opt/airflow/dags/data/models/United Kingdom.3/TS_model.pkl
[2024-08-17T03:25:20.102+0000] {processor.py:842} WARNING - No viable dags retrieved from /opt/airflow/dags/data/models/United Kingdom.3/TS_model.pkl
[2024-08-17T03:25:20.112+0000] {processor.py:183} INFO - Processing /opt/airflow/dags/data/models/United Kingdom.3/TS_model.pkl took 0.024 seconds
[2024-08-17T03:25:51.761+0000] {processor.py:161} INFO - Started process (PID=10686) to work on /opt/airflow/dags/data/models/United Kingdom.3/TS_model.pkl
[2024-08-17T03:25:51.762+0000] {processor.py:830} INFO - Processing file /opt/airflow/dags/data/models/United Kingdom.3/TS_model.pkl for tasks to queue
[2024-08-17T03:25:51.763+0000] {logging_mixin.py:188} INFO - [2024-08-17T03:25:51.762+0000] {dagbag.py:545} INFO - Filling up the DagBag from /opt/airflow/dags/data/models/United Kingdom.3/TS_model.pkl
[2024-08-17T03:25:51.773+0000] {processor.py:842} WARNING - No viable dags retrieved from /opt/airflow/dags/data/models/United Kingdom.3/TS_model.pkl
[2024-08-17T03:25:51.783+0000] {processor.py:183} INFO - Processing /opt/airflow/dags/data/models/United Kingdom.3/TS_model.pkl took 0.025 seconds
[2024-08-17T03:26:22.333+0000] {processor.py:161} INFO - Started process (PID=11079) to work on /opt/airflow/dags/data/models/United Kingdom.3/TS_model.pkl
[2024-08-17T03:26:22.334+0000] {processor.py:830} INFO - Processing file /opt/airflow/dags/data/models/United Kingdom.3/TS_model.pkl for tasks to queue
[2024-08-17T03:26:22.334+0000] {logging_mixin.py:188} INFO - [2024-08-17T03:26:22.334+0000] {dagbag.py:545} INFO - Filling up the DagBag from /opt/airflow/dags/data/models/United Kingdom.3/TS_model.pkl
[2024-08-17T03:26:22.342+0000] {processor.py:842} WARNING - No viable dags retrieved from /opt/airflow/dags/data/models/United Kingdom.3/TS_model.pkl
[2024-08-17T03:26:22.351+0000] {processor.py:183} INFO - Processing /opt/airflow/dags/data/models/United Kingdom.3/TS_model.pkl took 0.022 seconds
[2024-08-17T03:26:53.256+0000] {processor.py:161} INFO - Started process (PID=11533) to work on /opt/airflow/dags/data/models/United Kingdom.3/TS_model.pkl
[2024-08-17T03:26:53.257+0000] {processor.py:830} INFO - Processing file /opt/airflow/dags/data/models/United Kingdom.3/TS_model.pkl for tasks to queue
[2024-08-17T03:26:53.257+0000] {logging_mixin.py:188} INFO - [2024-08-17T03:26:53.257+0000] {dagbag.py:545} INFO - Filling up the DagBag from /opt/airflow/dags/data/models/United Kingdom.3/TS_model.pkl
[2024-08-17T03:26:53.269+0000] {processor.py:842} WARNING - No viable dags retrieved from /opt/airflow/dags/data/models/United Kingdom.3/TS_model.pkl
[2024-08-17T03:26:53.280+0000] {processor.py:183} INFO - Processing /opt/airflow/dags/data/models/United Kingdom.3/TS_model.pkl took 0.027 seconds
[2024-08-17T03:27:23.769+0000] {processor.py:161} INFO - Started process (PID=11947) to work on /opt/airflow/dags/data/models/United Kingdom.3/TS_model.pkl
[2024-08-17T03:27:23.769+0000] {processor.py:830} INFO - Processing file /opt/airflow/dags/data/models/United Kingdom.3/TS_model.pkl for tasks to queue
[2024-08-17T03:27:23.770+0000] {logging_mixin.py:188} INFO - [2024-08-17T03:27:23.770+0000] {dagbag.py:545} INFO - Filling up the DagBag from /opt/airflow/dags/data/models/United Kingdom.3/TS_model.pkl
[2024-08-17T03:27:23.779+0000] {processor.py:842} WARNING - No viable dags retrieved from /opt/airflow/dags/data/models/United Kingdom.3/TS_model.pkl
[2024-08-17T03:27:23.789+0000] {processor.py:183} INFO - Processing /opt/airflow/dags/data/models/United Kingdom.3/TS_model.pkl took 0.024 seconds
[2024-08-17T03:27:54.223+0000] {processor.py:161} INFO - Started process (PID=12373) to work on /opt/airflow/dags/data/models/United Kingdom.3/TS_model.pkl
[2024-08-17T03:27:54.224+0000] {processor.py:830} INFO - Processing file /opt/airflow/dags/data/models/United Kingdom.3/TS_model.pkl for tasks to queue
[2024-08-17T03:27:54.224+0000] {logging_mixin.py:188} INFO - [2024-08-17T03:27:54.224+0000] {dagbag.py:545} INFO - Filling up the DagBag from /opt/airflow/dags/data/models/United Kingdom.3/TS_model.pkl
[2024-08-17T03:27:54.234+0000] {processor.py:842} WARNING - No viable dags retrieved from /opt/airflow/dags/data/models/United Kingdom.3/TS_model.pkl
[2024-08-17T03:27:54.243+0000] {processor.py:183} INFO - Processing /opt/airflow/dags/data/models/United Kingdom.3/TS_model.pkl took 0.023 seconds
[2024-08-17T03:28:24.873+0000] {processor.py:161} INFO - Started process (PID=12827) to work on /opt/airflow/dags/data/models/United Kingdom.3/TS_model.pkl
[2024-08-17T03:28:24.874+0000] {processor.py:830} INFO - Processing file /opt/airflow/dags/data/models/United Kingdom.3/TS_model.pkl for tasks to queue
[2024-08-17T03:28:24.875+0000] {logging_mixin.py:188} INFO - [2024-08-17T03:28:24.875+0000] {dagbag.py:545} INFO - Filling up the DagBag from /opt/airflow/dags/data/models/United Kingdom.3/TS_model.pkl
[2024-08-17T03:28:24.888+0000] {processor.py:842} WARNING - No viable dags retrieved from /opt/airflow/dags/data/models/United Kingdom.3/TS_model.pkl
[2024-08-17T03:28:24.897+0000] {processor.py:183} INFO - Processing /opt/airflow/dags/data/models/United Kingdom.3/TS_model.pkl took 0.027 seconds
[2024-08-17T03:28:56.280+0000] {processor.py:161} INFO - Started process (PID=13191) to work on /opt/airflow/dags/data/models/United Kingdom.3/TS_model.pkl
[2024-08-17T03:28:56.280+0000] {processor.py:830} INFO - Processing file /opt/airflow/dags/data/models/United Kingdom.3/TS_model.pkl for tasks to queue
[2024-08-17T03:28:56.281+0000] {logging_mixin.py:188} INFO - [2024-08-17T03:28:56.281+0000] {dagbag.py:545} INFO - Filling up the DagBag from /opt/airflow/dags/data/models/United Kingdom.3/TS_model.pkl
[2024-08-17T03:28:56.290+0000] {processor.py:842} WARNING - No viable dags retrieved from /opt/airflow/dags/data/models/United Kingdom.3/TS_model.pkl
[2024-08-17T03:28:56.300+0000] {processor.py:183} INFO - Processing /opt/airflow/dags/data/models/United Kingdom.3/TS_model.pkl took 0.024 seconds
[2024-08-17T03:29:26.988+0000] {processor.py:161} INFO - Started process (PID=13644) to work on /opt/airflow/dags/data/models/United Kingdom.3/TS_model.pkl
[2024-08-17T03:29:26.988+0000] {processor.py:830} INFO - Processing file /opt/airflow/dags/data/models/United Kingdom.3/TS_model.pkl for tasks to queue
[2024-08-17T03:29:26.989+0000] {logging_mixin.py:188} INFO - [2024-08-17T03:29:26.989+0000] {dagbag.py:545} INFO - Filling up the DagBag from /opt/airflow/dags/data/models/United Kingdom.3/TS_model.pkl
[2024-08-17T03:29:26.997+0000] {processor.py:842} WARNING - No viable dags retrieved from /opt/airflow/dags/data/models/United Kingdom.3/TS_model.pkl
[2024-08-17T03:29:27.007+0000] {processor.py:183} INFO - Processing /opt/airflow/dags/data/models/United Kingdom.3/TS_model.pkl took 0.023 seconds
[2024-08-17T03:29:57.803+0000] {processor.py:161} INFO - Started process (PID=14098) to work on /opt/airflow/dags/data/models/United Kingdom.3/TS_model.pkl
[2024-08-17T03:29:57.804+0000] {processor.py:830} INFO - Processing file /opt/airflow/dags/data/models/United Kingdom.3/TS_model.pkl for tasks to queue
[2024-08-17T03:29:57.805+0000] {logging_mixin.py:188} INFO - [2024-08-17T03:29:57.805+0000] {dagbag.py:545} INFO - Filling up the DagBag from /opt/airflow/dags/data/models/United Kingdom.3/TS_model.pkl
[2024-08-17T03:29:57.815+0000] {processor.py:842} WARNING - No viable dags retrieved from /opt/airflow/dags/data/models/United Kingdom.3/TS_model.pkl
[2024-08-17T03:29:57.826+0000] {processor.py:183} INFO - Processing /opt/airflow/dags/data/models/United Kingdom.3/TS_model.pkl took 0.028 seconds
[2024-08-17T03:30:28.444+0000] {processor.py:161} INFO - Started process (PID=14526) to work on /opt/airflow/dags/data/models/United Kingdom.3/TS_model.pkl
[2024-08-17T03:30:28.445+0000] {processor.py:830} INFO - Processing file /opt/airflow/dags/data/models/United Kingdom.3/TS_model.pkl for tasks to queue
[2024-08-17T03:30:28.445+0000] {logging_mixin.py:188} INFO - [2024-08-17T03:30:28.445+0000] {dagbag.py:545} INFO - Filling up the DagBag from /opt/airflow/dags/data/models/United Kingdom.3/TS_model.pkl
[2024-08-17T03:30:28.454+0000] {processor.py:842} WARNING - No viable dags retrieved from /opt/airflow/dags/data/models/United Kingdom.3/TS_model.pkl
[2024-08-17T03:30:28.463+0000] {processor.py:183} INFO - Processing /opt/airflow/dags/data/models/United Kingdom.3/TS_model.pkl took 0.023 seconds
[2024-08-17T03:30:59.253+0000] {processor.py:161} INFO - Started process (PID=14980) to work on /opt/airflow/dags/data/models/United Kingdom.3/TS_model.pkl
[2024-08-17T03:30:59.254+0000] {processor.py:830} INFO - Processing file /opt/airflow/dags/data/models/United Kingdom.3/TS_model.pkl for tasks to queue
[2024-08-17T03:30:59.254+0000] {logging_mixin.py:188} INFO - [2024-08-17T03:30:59.254+0000] {dagbag.py:545} INFO - Filling up the DagBag from /opt/airflow/dags/data/models/United Kingdom.3/TS_model.pkl
[2024-08-17T03:30:59.263+0000] {processor.py:842} WARNING - No viable dags retrieved from /opt/airflow/dags/data/models/United Kingdom.3/TS_model.pkl
[2024-08-17T03:30:59.273+0000] {processor.py:183} INFO - Processing /opt/airflow/dags/data/models/United Kingdom.3/TS_model.pkl took 0.023 seconds
[2024-08-17T03:31:29.847+0000] {processor.py:161} INFO - Started process (PID=15409) to work on /opt/airflow/dags/data/models/United Kingdom.3/TS_model.pkl
[2024-08-17T03:31:29.848+0000] {processor.py:830} INFO - Processing file /opt/airflow/dags/data/models/United Kingdom.3/TS_model.pkl for tasks to queue
[2024-08-17T03:31:29.848+0000] {logging_mixin.py:188} INFO - [2024-08-17T03:31:29.848+0000] {dagbag.py:545} INFO - Filling up the DagBag from /opt/airflow/dags/data/models/United Kingdom.3/TS_model.pkl
[2024-08-17T03:31:29.856+0000] {processor.py:842} WARNING - No viable dags retrieved from /opt/airflow/dags/data/models/United Kingdom.3/TS_model.pkl
[2024-08-17T03:31:29.865+0000] {processor.py:183} INFO - Processing /opt/airflow/dags/data/models/United Kingdom.3/TS_model.pkl took 0.022 seconds
[2024-08-17T03:32:00.709+0000] {processor.py:161} INFO - Started process (PID=15863) to work on /opt/airflow/dags/data/models/United Kingdom.3/TS_model.pkl
[2024-08-17T03:32:00.711+0000] {processor.py:830} INFO - Processing file /opt/airflow/dags/data/models/United Kingdom.3/TS_model.pkl for tasks to queue
[2024-08-17T03:32:00.712+0000] {logging_mixin.py:188} INFO - [2024-08-17T03:32:00.711+0000] {dagbag.py:545} INFO - Filling up the DagBag from /opt/airflow/dags/data/models/United Kingdom.3/TS_model.pkl
[2024-08-17T03:32:00.719+0000] {processor.py:842} WARNING - No viable dags retrieved from /opt/airflow/dags/data/models/United Kingdom.3/TS_model.pkl
[2024-08-17T03:32:00.729+0000] {processor.py:183} INFO - Processing /opt/airflow/dags/data/models/United Kingdom.3/TS_model.pkl took 0.024 seconds
[2024-08-17T03:32:31.545+0000] {processor.py:161} INFO - Started process (PID=16316) to work on /opt/airflow/dags/data/models/United Kingdom.3/TS_model.pkl
[2024-08-17T03:32:31.546+0000] {processor.py:830} INFO - Processing file /opt/airflow/dags/data/models/United Kingdom.3/TS_model.pkl for tasks to queue
[2024-08-17T03:32:31.546+0000] {logging_mixin.py:188} INFO - [2024-08-17T03:32:31.546+0000] {dagbag.py:545} INFO - Filling up the DagBag from /opt/airflow/dags/data/models/United Kingdom.3/TS_model.pkl
[2024-08-17T03:32:31.563+0000] {processor.py:842} WARNING - No viable dags retrieved from /opt/airflow/dags/data/models/United Kingdom.3/TS_model.pkl
[2024-08-17T03:32:31.572+0000] {processor.py:183} INFO - Processing /opt/airflow/dags/data/models/United Kingdom.3/TS_model.pkl took 0.031 seconds
[2024-08-17T03:33:02.026+0000] {processor.py:161} INFO - Started process (PID=16723) to work on /opt/airflow/dags/data/models/United Kingdom.3/TS_model.pkl
[2024-08-17T03:33:02.027+0000] {processor.py:830} INFO - Processing file /opt/airflow/dags/data/models/United Kingdom.3/TS_model.pkl for tasks to queue
[2024-08-17T03:33:02.027+0000] {logging_mixin.py:188} INFO - [2024-08-17T03:33:02.027+0000] {dagbag.py:545} INFO - Filling up the DagBag from /opt/airflow/dags/data/models/United Kingdom.3/TS_model.pkl
[2024-08-17T03:33:02.035+0000] {processor.py:842} WARNING - No viable dags retrieved from /opt/airflow/dags/data/models/United Kingdom.3/TS_model.pkl
[2024-08-17T03:33:02.044+0000] {processor.py:183} INFO - Processing /opt/airflow/dags/data/models/United Kingdom.3/TS_model.pkl took 0.022 seconds
[2024-08-17T03:33:32.939+0000] {processor.py:161} INFO - Started process (PID=17177) to work on /opt/airflow/dags/data/models/United Kingdom.3/TS_model.pkl
[2024-08-17T03:33:32.941+0000] {processor.py:830} INFO - Processing file /opt/airflow/dags/data/models/United Kingdom.3/TS_model.pkl for tasks to queue
[2024-08-17T03:33:32.955+0000] {logging_mixin.py:188} INFO - [2024-08-17T03:33:32.954+0000] {dagbag.py:545} INFO - Filling up the DagBag from /opt/airflow/dags/data/models/United Kingdom.3/TS_model.pkl
[2024-08-17T03:33:32.962+0000] {processor.py:842} WARNING - No viable dags retrieved from /opt/airflow/dags/data/models/United Kingdom.3/TS_model.pkl
[2024-08-17T03:33:32.971+0000] {processor.py:183} INFO - Processing /opt/airflow/dags/data/models/United Kingdom.3/TS_model.pkl took 0.036 seconds
[2024-08-17T03:34:04.419+0000] {processor.py:161} INFO - Started process (PID=17591) to work on /opt/airflow/dags/data/models/United Kingdom.3/TS_model.pkl
[2024-08-17T03:34:04.420+0000] {processor.py:830} INFO - Processing file /opt/airflow/dags/data/models/United Kingdom.3/TS_model.pkl for tasks to queue
[2024-08-17T03:34:04.421+0000] {logging_mixin.py:188} INFO - [2024-08-17T03:34:04.421+0000] {dagbag.py:545} INFO - Filling up the DagBag from /opt/airflow/dags/data/models/United Kingdom.3/TS_model.pkl
[2024-08-17T03:34:04.429+0000] {processor.py:842} WARNING - No viable dags retrieved from /opt/airflow/dags/data/models/United Kingdom.3/TS_model.pkl
[2024-08-17T03:34:04.438+0000] {processor.py:183} INFO - Processing /opt/airflow/dags/data/models/United Kingdom.3/TS_model.pkl took 0.023 seconds
[2024-08-17T03:34:35.163+0000] {processor.py:161} INFO - Started process (PID=18017) to work on /opt/airflow/dags/data/models/United Kingdom.3/TS_model.pkl
[2024-08-17T03:34:35.165+0000] {processor.py:830} INFO - Processing file /opt/airflow/dags/data/models/United Kingdom.3/TS_model.pkl for tasks to queue
[2024-08-17T03:34:35.165+0000] {logging_mixin.py:188} INFO - [2024-08-17T03:34:35.165+0000] {dagbag.py:545} INFO - Filling up the DagBag from /opt/airflow/dags/data/models/United Kingdom.3/TS_model.pkl
[2024-08-17T03:34:35.174+0000] {processor.py:842} WARNING - No viable dags retrieved from /opt/airflow/dags/data/models/United Kingdom.3/TS_model.pkl
[2024-08-17T03:34:35.183+0000] {processor.py:183} INFO - Processing /opt/airflow/dags/data/models/United Kingdom.3/TS_model.pkl took 0.024 seconds
[2024-08-17T03:35:06.083+0000] {processor.py:161} INFO - Started process (PID=18471) to work on /opt/airflow/dags/data/models/United Kingdom.3/TS_model.pkl
[2024-08-17T03:35:06.084+0000] {processor.py:830} INFO - Processing file /opt/airflow/dags/data/models/United Kingdom.3/TS_model.pkl for tasks to queue
[2024-08-17T03:35:06.085+0000] {logging_mixin.py:188} INFO - [2024-08-17T03:35:06.084+0000] {dagbag.py:545} INFO - Filling up the DagBag from /opt/airflow/dags/data/models/United Kingdom.3/TS_model.pkl
[2024-08-17T03:35:06.091+0000] {processor.py:842} WARNING - No viable dags retrieved from /opt/airflow/dags/data/models/United Kingdom.3/TS_model.pkl
[2024-08-17T03:35:06.100+0000] {processor.py:183} INFO - Processing /opt/airflow/dags/data/models/United Kingdom.3/TS_model.pkl took 0.021 seconds
[2024-08-17T03:35:37.311+0000] {processor.py:161} INFO - Started process (PID=18899) to work on /opt/airflow/dags/data/models/United Kingdom.3/TS_model.pkl
[2024-08-17T03:35:37.312+0000] {processor.py:830} INFO - Processing file /opt/airflow/dags/data/models/United Kingdom.3/TS_model.pkl for tasks to queue
[2024-08-17T03:35:37.312+0000] {logging_mixin.py:188} INFO - [2024-08-17T03:35:37.312+0000] {dagbag.py:545} INFO - Filling up the DagBag from /opt/airflow/dags/data/models/United Kingdom.3/TS_model.pkl
[2024-08-17T03:35:37.321+0000] {processor.py:842} WARNING - No viable dags retrieved from /opt/airflow/dags/data/models/United Kingdom.3/TS_model.pkl
[2024-08-17T03:35:37.330+0000] {processor.py:183} INFO - Processing /opt/airflow/dags/data/models/United Kingdom.3/TS_model.pkl took 0.022 seconds
[2024-08-17T03:36:08.319+0000] {processor.py:161} INFO - Started process (PID=19353) to work on /opt/airflow/dags/data/models/United Kingdom.3/TS_model.pkl
[2024-08-17T03:36:08.319+0000] {processor.py:830} INFO - Processing file /opt/airflow/dags/data/models/United Kingdom.3/TS_model.pkl for tasks to queue
[2024-08-17T03:36:08.320+0000] {logging_mixin.py:188} INFO - [2024-08-17T03:36:08.320+0000] {dagbag.py:545} INFO - Filling up the DagBag from /opt/airflow/dags/data/models/United Kingdom.3/TS_model.pkl
[2024-08-17T03:36:08.328+0000] {processor.py:842} WARNING - No viable dags retrieved from /opt/airflow/dags/data/models/United Kingdom.3/TS_model.pkl
[2024-08-17T03:36:08.338+0000] {processor.py:183} INFO - Processing /opt/airflow/dags/data/models/United Kingdom.3/TS_model.pkl took 0.023 seconds
[2024-08-17T03:36:39.319+0000] {processor.py:161} INFO - Started process (PID=19807) to work on /opt/airflow/dags/data/models/United Kingdom.3/TS_model.pkl
[2024-08-17T03:36:39.320+0000] {processor.py:830} INFO - Processing file /opt/airflow/dags/data/models/United Kingdom.3/TS_model.pkl for tasks to queue
[2024-08-17T03:36:39.321+0000] {logging_mixin.py:188} INFO - [2024-08-17T03:36:39.320+0000] {dagbag.py:545} INFO - Filling up the DagBag from /opt/airflow/dags/data/models/United Kingdom.3/TS_model.pkl
[2024-08-17T03:36:39.330+0000] {processor.py:842} WARNING - No viable dags retrieved from /opt/airflow/dags/data/models/United Kingdom.3/TS_model.pkl
[2024-08-17T03:36:39.339+0000] {processor.py:183} INFO - Processing /opt/airflow/dags/data/models/United Kingdom.3/TS_model.pkl took 0.023 seconds
[2024-08-17T03:37:10.246+0000] {processor.py:161} INFO - Started process (PID=20235) to work on /opt/airflow/dags/data/models/United Kingdom.3/TS_model.pkl
[2024-08-17T03:37:10.247+0000] {processor.py:830} INFO - Processing file /opt/airflow/dags/data/models/United Kingdom.3/TS_model.pkl for tasks to queue
[2024-08-17T03:37:10.248+0000] {logging_mixin.py:188} INFO - [2024-08-17T03:37:10.248+0000] {dagbag.py:545} INFO - Filling up the DagBag from /opt/airflow/dags/data/models/United Kingdom.3/TS_model.pkl
[2024-08-17T03:37:10.256+0000] {processor.py:842} WARNING - No viable dags retrieved from /opt/airflow/dags/data/models/United Kingdom.3/TS_model.pkl
[2024-08-17T03:37:10.265+0000] {processor.py:183} INFO - Processing /opt/airflow/dags/data/models/United Kingdom.3/TS_model.pkl took 0.023 seconds
[2024-08-17T03:37:41.000+0000] {processor.py:161} INFO - Started process (PID=20689) to work on /opt/airflow/dags/data/models/United Kingdom.3/TS_model.pkl
[2024-08-17T03:37:41.000+0000] {processor.py:830} INFO - Processing file /opt/airflow/dags/data/models/United Kingdom.3/TS_model.pkl for tasks to queue
[2024-08-17T03:37:41.001+0000] {logging_mixin.py:188} INFO - [2024-08-17T03:37:41.001+0000] {dagbag.py:545} INFO - Filling up the DagBag from /opt/airflow/dags/data/models/United Kingdom.3/TS_model.pkl
[2024-08-17T03:37:41.010+0000] {processor.py:842} WARNING - No viable dags retrieved from /opt/airflow/dags/data/models/United Kingdom.3/TS_model.pkl
[2024-08-17T03:37:41.019+0000] {processor.py:183} INFO - Processing /opt/airflow/dags/data/models/United Kingdom.3/TS_model.pkl took 0.024 seconds
[2024-08-17T09:22:47.061+0000] {processor.py:161} INFO - Started process (PID=148) to work on /opt/airflow/dags/data/models/United Kingdom.3/TS_model.pkl
[2024-08-17T09:22:47.062+0000] {processor.py:830} INFO - Processing file /opt/airflow/dags/data/models/United Kingdom.3/TS_model.pkl for tasks to queue
[2024-08-17T09:22:47.063+0000] {logging_mixin.py:188} INFO - [2024-08-17T09:22:47.063+0000] {dagbag.py:545} INFO - Filling up the DagBag from /opt/airflow/dags/data/models/United Kingdom.3/TS_model.pkl
[2024-08-17T09:22:47.071+0000] {processor.py:842} WARNING - No viable dags retrieved from /opt/airflow/dags/data/models/United Kingdom.3/TS_model.pkl
[2024-08-17T09:22:47.079+0000] {processor.py:183} INFO - Processing /opt/airflow/dags/data/models/United Kingdom.3/TS_model.pkl took 0.021 seconds
[2024-08-17T09:23:19.216+0000] {processor.py:161} INFO - Started process (PID=604) to work on /opt/airflow/dags/data/models/United Kingdom.3/TS_model.pkl
[2024-08-17T09:23:19.216+0000] {processor.py:830} INFO - Processing file /opt/airflow/dags/data/models/United Kingdom.3/TS_model.pkl for tasks to queue
[2024-08-17T09:23:19.219+0000] {logging_mixin.py:188} INFO - [2024-08-17T09:23:19.219+0000] {dagbag.py:545} INFO - Filling up the DagBag from /opt/airflow/dags/data/models/United Kingdom.3/TS_model.pkl
[2024-08-17T09:23:19.232+0000] {processor.py:842} WARNING - No viable dags retrieved from /opt/airflow/dags/data/models/United Kingdom.3/TS_model.pkl
[2024-08-17T09:23:19.241+0000] {processor.py:183} INFO - Processing /opt/airflow/dags/data/models/United Kingdom.3/TS_model.pkl took 0.029 seconds
[2024-08-17T09:23:50.617+0000] {processor.py:161} INFO - Started process (PID=1058) to work on /opt/airflow/dags/data/models/United Kingdom.3/TS_model.pkl
[2024-08-17T09:23:50.618+0000] {processor.py:830} INFO - Processing file /opt/airflow/dags/data/models/United Kingdom.3/TS_model.pkl for tasks to queue
[2024-08-17T09:23:50.619+0000] {logging_mixin.py:188} INFO - [2024-08-17T09:23:50.619+0000] {dagbag.py:545} INFO - Filling up the DagBag from /opt/airflow/dags/data/models/United Kingdom.3/TS_model.pkl
[2024-08-17T09:23:50.628+0000] {processor.py:842} WARNING - No viable dags retrieved from /opt/airflow/dags/data/models/United Kingdom.3/TS_model.pkl
[2024-08-17T09:23:50.637+0000] {processor.py:183} INFO - Processing /opt/airflow/dags/data/models/United Kingdom.3/TS_model.pkl took 0.023 seconds
[2024-08-17T09:24:22.201+0000] {processor.py:161} INFO - Started process (PID=1486) to work on /opt/airflow/dags/data/models/United Kingdom.3/TS_model.pkl
[2024-08-17T09:24:22.202+0000] {processor.py:830} INFO - Processing file /opt/airflow/dags/data/models/United Kingdom.3/TS_model.pkl for tasks to queue
[2024-08-17T09:24:22.203+0000] {logging_mixin.py:188} INFO - [2024-08-17T09:24:22.203+0000] {dagbag.py:545} INFO - Filling up the DagBag from /opt/airflow/dags/data/models/United Kingdom.3/TS_model.pkl
[2024-08-17T09:24:22.210+0000] {processor.py:842} WARNING - No viable dags retrieved from /opt/airflow/dags/data/models/United Kingdom.3/TS_model.pkl
[2024-08-17T09:24:22.306+0000] {processor.py:183} INFO - Processing /opt/airflow/dags/data/models/United Kingdom.3/TS_model.pkl took 0.108 seconds
[2024-08-17T09:24:52.718+0000] {processor.py:161} INFO - Started process (PID=1940) to work on /opt/airflow/dags/data/models/United Kingdom.3/TS_model.pkl
[2024-08-17T09:24:52.719+0000] {processor.py:830} INFO - Processing file /opt/airflow/dags/data/models/United Kingdom.3/TS_model.pkl for tasks to queue
[2024-08-17T09:24:52.720+0000] {logging_mixin.py:188} INFO - [2024-08-17T09:24:52.720+0000] {dagbag.py:545} INFO - Filling up the DagBag from /opt/airflow/dags/data/models/United Kingdom.3/TS_model.pkl
[2024-08-17T09:24:52.727+0000] {processor.py:842} WARNING - No viable dags retrieved from /opt/airflow/dags/data/models/United Kingdom.3/TS_model.pkl
[2024-08-17T09:24:52.736+0000] {processor.py:183} INFO - Processing /opt/airflow/dags/data/models/United Kingdom.3/TS_model.pkl took 0.021 seconds
[2024-08-17T09:25:23.472+0000] {processor.py:161} INFO - Started process (PID=2394) to work on /opt/airflow/dags/data/models/United Kingdom.3/TS_model.pkl
[2024-08-17T09:25:23.473+0000] {processor.py:830} INFO - Processing file /opt/airflow/dags/data/models/United Kingdom.3/TS_model.pkl for tasks to queue
[2024-08-17T09:25:23.475+0000] {logging_mixin.py:188} INFO - [2024-08-17T09:25:23.475+0000] {dagbag.py:545} INFO - Filling up the DagBag from /opt/airflow/dags/data/models/United Kingdom.3/TS_model.pkl
[2024-08-17T09:25:23.484+0000] {processor.py:842} WARNING - No viable dags retrieved from /opt/airflow/dags/data/models/United Kingdom.3/TS_model.pkl
[2024-08-17T09:25:23.493+0000] {processor.py:183} INFO - Processing /opt/airflow/dags/data/models/United Kingdom.3/TS_model.pkl took 0.024 seconds
[2024-08-17T09:25:54.196+0000] {processor.py:161} INFO - Started process (PID=2822) to work on /opt/airflow/dags/data/models/United Kingdom.3/TS_model.pkl
[2024-08-17T09:25:54.197+0000] {processor.py:830} INFO - Processing file /opt/airflow/dags/data/models/United Kingdom.3/TS_model.pkl for tasks to queue
[2024-08-17T09:25:54.198+0000] {logging_mixin.py:188} INFO - [2024-08-17T09:25:54.198+0000] {dagbag.py:545} INFO - Filling up the DagBag from /opt/airflow/dags/data/models/United Kingdom.3/TS_model.pkl
[2024-08-17T09:25:54.206+0000] {processor.py:842} WARNING - No viable dags retrieved from /opt/airflow/dags/data/models/United Kingdom.3/TS_model.pkl
[2024-08-17T09:25:54.216+0000] {processor.py:183} INFO - Processing /opt/airflow/dags/data/models/United Kingdom.3/TS_model.pkl took 0.024 seconds
[2024-08-17T09:26:24.902+0000] {processor.py:161} INFO - Started process (PID=3276) to work on /opt/airflow/dags/data/models/United Kingdom.3/TS_model.pkl
[2024-08-17T09:26:24.904+0000] {processor.py:830} INFO - Processing file /opt/airflow/dags/data/models/United Kingdom.3/TS_model.pkl for tasks to queue
[2024-08-17T09:26:24.905+0000] {logging_mixin.py:188} INFO - [2024-08-17T09:26:24.905+0000] {dagbag.py:545} INFO - Filling up the DagBag from /opt/airflow/dags/data/models/United Kingdom.3/TS_model.pkl
[2024-08-17T09:26:24.915+0000] {processor.py:842} WARNING - No viable dags retrieved from /opt/airflow/dags/data/models/United Kingdom.3/TS_model.pkl
[2024-08-17T09:26:24.923+0000] {processor.py:183} INFO - Processing /opt/airflow/dags/data/models/United Kingdom.3/TS_model.pkl took 0.024 seconds
[2024-08-17T09:26:55.344+0000] {processor.py:161} INFO - Started process (PID=3711) to work on /opt/airflow/dags/data/models/United Kingdom.3/TS_model.pkl
[2024-08-17T09:26:55.344+0000] {processor.py:830} INFO - Processing file /opt/airflow/dags/data/models/United Kingdom.3/TS_model.pkl for tasks to queue
[2024-08-17T09:26:55.346+0000] {logging_mixin.py:188} INFO - [2024-08-17T09:26:55.346+0000] {dagbag.py:545} INFO - Filling up the DagBag from /opt/airflow/dags/data/models/United Kingdom.3/TS_model.pkl
[2024-08-17T09:26:55.352+0000] {processor.py:842} WARNING - No viable dags retrieved from /opt/airflow/dags/data/models/United Kingdom.3/TS_model.pkl
[2024-08-17T09:26:55.361+0000] {processor.py:183} INFO - Processing /opt/airflow/dags/data/models/United Kingdom.3/TS_model.pkl took 0.021 seconds
[2024-08-17T09:27:26.134+0000] {processor.py:161} INFO - Started process (PID=4158) to work on /opt/airflow/dags/data/models/United Kingdom.3/TS_model.pkl
[2024-08-17T09:27:26.135+0000] {processor.py:830} INFO - Processing file /opt/airflow/dags/data/models/United Kingdom.3/TS_model.pkl for tasks to queue
[2024-08-17T09:27:26.136+0000] {logging_mixin.py:188} INFO - [2024-08-17T09:27:26.136+0000] {dagbag.py:545} INFO - Filling up the DagBag from /opt/airflow/dags/data/models/United Kingdom.3/TS_model.pkl
[2024-08-17T09:27:26.146+0000] {processor.py:842} WARNING - No viable dags retrieved from /opt/airflow/dags/data/models/United Kingdom.3/TS_model.pkl
[2024-08-17T09:27:26.154+0000] {processor.py:183} INFO - Processing /opt/airflow/dags/data/models/United Kingdom.3/TS_model.pkl took 0.023 seconds
[2024-08-17T09:27:57.184+0000] {processor.py:161} INFO - Started process (PID=4594) to work on /opt/airflow/dags/data/models/United Kingdom.3/TS_model.pkl
[2024-08-17T09:27:57.193+0000] {processor.py:830} INFO - Processing file /opt/airflow/dags/data/models/United Kingdom.3/TS_model.pkl for tasks to queue
[2024-08-17T09:27:57.199+0000] {logging_mixin.py:188} INFO - [2024-08-17T09:27:57.198+0000] {dagbag.py:545} INFO - Filling up the DagBag from /opt/airflow/dags/data/models/United Kingdom.3/TS_model.pkl
[2024-08-17T09:27:57.241+0000] {processor.py:842} WARNING - No viable dags retrieved from /opt/airflow/dags/data/models/United Kingdom.3/TS_model.pkl
[2024-08-17T09:27:57.254+0000] {processor.py:183} INFO - Processing /opt/airflow/dags/data/models/United Kingdom.3/TS_model.pkl took 0.073 seconds
[2024-08-17T09:28:27.992+0000] {processor.py:161} INFO - Started process (PID=5020) to work on /opt/airflow/dags/data/models/United Kingdom.3/TS_model.pkl
[2024-08-17T09:28:27.992+0000] {processor.py:830} INFO - Processing file /opt/airflow/dags/data/models/United Kingdom.3/TS_model.pkl for tasks to queue
[2024-08-17T09:28:27.993+0000] {logging_mixin.py:188} INFO - [2024-08-17T09:28:27.993+0000] {dagbag.py:545} INFO - Filling up the DagBag from /opt/airflow/dags/data/models/United Kingdom.3/TS_model.pkl
[2024-08-17T09:28:28.012+0000] {processor.py:842} WARNING - No viable dags retrieved from /opt/airflow/dags/data/models/United Kingdom.3/TS_model.pkl
[2024-08-17T09:28:28.023+0000] {processor.py:183} INFO - Processing /opt/airflow/dags/data/models/United Kingdom.3/TS_model.pkl took 0.035 seconds
[2024-08-17T09:28:58.906+0000] {processor.py:161} INFO - Started process (PID=5474) to work on /opt/airflow/dags/data/models/United Kingdom.3/TS_model.pkl
[2024-08-17T09:28:58.909+0000] {processor.py:830} INFO - Processing file /opt/airflow/dags/data/models/United Kingdom.3/TS_model.pkl for tasks to queue
[2024-08-17T09:28:58.910+0000] {logging_mixin.py:188} INFO - [2024-08-17T09:28:58.910+0000] {dagbag.py:545} INFO - Filling up the DagBag from /opt/airflow/dags/data/models/United Kingdom.3/TS_model.pkl
[2024-08-17T09:28:58.965+0000] {processor.py:842} WARNING - No viable dags retrieved from /opt/airflow/dags/data/models/United Kingdom.3/TS_model.pkl
[2024-08-17T09:28:58.974+0000] {processor.py:183} INFO - Processing /opt/airflow/dags/data/models/United Kingdom.3/TS_model.pkl took 0.072 seconds
[2024-08-17T09:29:29.900+0000] {processor.py:161} INFO - Started process (PID=5928) to work on /opt/airflow/dags/data/models/United Kingdom.3/TS_model.pkl
[2024-08-17T09:29:29.900+0000] {processor.py:830} INFO - Processing file /opt/airflow/dags/data/models/United Kingdom.3/TS_model.pkl for tasks to queue
[2024-08-17T09:29:29.902+0000] {logging_mixin.py:188} INFO - [2024-08-17T09:29:29.902+0000] {dagbag.py:545} INFO - Filling up the DagBag from /opt/airflow/dags/data/models/United Kingdom.3/TS_model.pkl
[2024-08-17T09:29:29.909+0000] {processor.py:842} WARNING - No viable dags retrieved from /opt/airflow/dags/data/models/United Kingdom.3/TS_model.pkl
[2024-08-17T09:29:29.917+0000] {processor.py:183} INFO - Processing /opt/airflow/dags/data/models/United Kingdom.3/TS_model.pkl took 0.020 seconds
[2024-08-17T09:30:00.616+0000] {processor.py:161} INFO - Started process (PID=6337) to work on /opt/airflow/dags/data/models/United Kingdom.3/TS_model.pkl
[2024-08-17T09:30:00.617+0000] {processor.py:830} INFO - Processing file /opt/airflow/dags/data/models/United Kingdom.3/TS_model.pkl for tasks to queue
[2024-08-17T09:30:00.618+0000] {logging_mixin.py:188} INFO - [2024-08-17T09:30:00.617+0000] {dagbag.py:545} INFO - Filling up the DagBag from /opt/airflow/dags/data/models/United Kingdom.3/TS_model.pkl
[2024-08-17T09:30:00.625+0000] {processor.py:842} WARNING - No viable dags retrieved from /opt/airflow/dags/data/models/United Kingdom.3/TS_model.pkl
[2024-08-17T09:30:00.634+0000] {processor.py:183} INFO - Processing /opt/airflow/dags/data/models/United Kingdom.3/TS_model.pkl took 0.021 seconds
