[2024-08-17T02:48:53.342+0000] {processor.py:161} INFO - Started process (PID=82251) to work on /opt/airflow/dags/data/models/Italy/TS_model.pkl
[2024-08-17T02:48:53.343+0000] {processor.py:830} INFO - Processing file /opt/airflow/dags/data/models/Italy/TS_model.pkl for tasks to queue
[2024-08-17T02:48:53.344+0000] {logging_mixin.py:188} INFO - [2024-08-17T02:48:53.344+0000] {dagbag.py:545} INFO - Filling up the DagBag from /opt/airflow/dags/data/models/Italy/TS_model.pkl
[2024-08-17T02:48:53.357+0000] {processor.py:842} WARNING - No viable dags retrieved from /opt/airflow/dags/data/models/Italy/TS_model.pkl
[2024-08-17T02:48:53.367+0000] {processor.py:183} INFO - Processing /opt/airflow/dags/data/models/Italy/TS_model.pkl took 0.029 seconds
[2024-08-17T02:49:23.931+0000] {processor.py:161} INFO - Started process (PID=82554) to work on /opt/airflow/dags/data/models/Italy/TS_model.pkl
[2024-08-17T02:49:23.932+0000] {processor.py:830} INFO - Processing file /opt/airflow/dags/data/models/Italy/TS_model.pkl for tasks to queue
[2024-08-17T02:49:23.932+0000] {logging_mixin.py:188} INFO - [2024-08-17T02:49:23.932+0000] {dagbag.py:545} INFO - Filling up the DagBag from /opt/airflow/dags/data/models/Italy/TS_model.pkl
[2024-08-17T02:49:23.945+0000] {processor.py:842} WARNING - No viable dags retrieved from /opt/airflow/dags/data/models/Italy/TS_model.pkl
[2024-08-17T02:49:23.956+0000] {processor.py:183} INFO - Processing /opt/airflow/dags/data/models/Italy/TS_model.pkl took 0.029 seconds
[2024-08-17T02:49:54.469+0000] {processor.py:161} INFO - Started process (PID=82882) to work on /opt/airflow/dags/data/models/Italy/TS_model.pkl
[2024-08-17T02:49:54.470+0000] {processor.py:830} INFO - Processing file /opt/airflow/dags/data/models/Italy/TS_model.pkl for tasks to queue
[2024-08-17T02:49:54.471+0000] {logging_mixin.py:188} INFO - [2024-08-17T02:49:54.471+0000] {dagbag.py:545} INFO - Filling up the DagBag from /opt/airflow/dags/data/models/Italy/TS_model.pkl
[2024-08-17T02:49:54.482+0000] {processor.py:842} WARNING - No viable dags retrieved from /opt/airflow/dags/data/models/Italy/TS_model.pkl
[2024-08-17T02:49:54.507+0000] {processor.py:183} INFO - Processing /opt/airflow/dags/data/models/Italy/TS_model.pkl took 0.041 seconds
[2024-08-17T02:50:25.220+0000] {processor.py:161} INFO - Started process (PID=83185) to work on /opt/airflow/dags/data/models/Italy/TS_model.pkl
[2024-08-17T02:50:25.221+0000] {processor.py:830} INFO - Processing file /opt/airflow/dags/data/models/Italy/TS_model.pkl for tasks to queue
[2024-08-17T02:50:25.222+0000] {logging_mixin.py:188} INFO - [2024-08-17T02:50:25.222+0000] {dagbag.py:545} INFO - Filling up the DagBag from /opt/airflow/dags/data/models/Italy/TS_model.pkl
[2024-08-17T02:50:25.233+0000] {processor.py:842} WARNING - No viable dags retrieved from /opt/airflow/dags/data/models/Italy/TS_model.pkl
[2024-08-17T02:50:25.243+0000] {processor.py:183} INFO - Processing /opt/airflow/dags/data/models/Italy/TS_model.pkl took 0.026 seconds
[2024-08-17T02:50:56.383+0000] {processor.py:161} INFO - Started process (PID=83514) to work on /opt/airflow/dags/data/models/Italy/TS_model.pkl
[2024-08-17T02:50:56.384+0000] {processor.py:830} INFO - Processing file /opt/airflow/dags/data/models/Italy/TS_model.pkl for tasks to queue
[2024-08-17T02:50:56.385+0000] {logging_mixin.py:188} INFO - [2024-08-17T02:50:56.384+0000] {dagbag.py:545} INFO - Filling up the DagBag from /opt/airflow/dags/data/models/Italy/TS_model.pkl
[2024-08-17T02:50:56.393+0000] {processor.py:842} WARNING - No viable dags retrieved from /opt/airflow/dags/data/models/Italy/TS_model.pkl
[2024-08-17T02:50:56.404+0000] {processor.py:183} INFO - Processing /opt/airflow/dags/data/models/Italy/TS_model.pkl took 0.025 seconds
[2024-08-17T02:51:27.129+0000] {processor.py:161} INFO - Started process (PID=83817) to work on /opt/airflow/dags/data/models/Italy/TS_model.pkl
[2024-08-17T02:51:27.130+0000] {processor.py:830} INFO - Processing file /opt/airflow/dags/data/models/Italy/TS_model.pkl for tasks to queue
[2024-08-17T02:51:27.131+0000] {logging_mixin.py:188} INFO - [2024-08-17T02:51:27.130+0000] {dagbag.py:545} INFO - Filling up the DagBag from /opt/airflow/dags/data/models/Italy/TS_model.pkl
[2024-08-17T02:51:27.139+0000] {processor.py:842} WARNING - No viable dags retrieved from /opt/airflow/dags/data/models/Italy/TS_model.pkl
[2024-08-17T02:51:27.149+0000] {processor.py:183} INFO - Processing /opt/airflow/dags/data/models/Italy/TS_model.pkl took 0.024 seconds
[2024-08-17T02:51:58.206+0000] {processor.py:161} INFO - Started process (PID=84127) to work on /opt/airflow/dags/data/models/Italy/TS_model.pkl
[2024-08-17T02:51:58.207+0000] {processor.py:830} INFO - Processing file /opt/airflow/dags/data/models/Italy/TS_model.pkl for tasks to queue
[2024-08-17T02:51:58.208+0000] {logging_mixin.py:188} INFO - [2024-08-17T02:51:58.208+0000] {dagbag.py:545} INFO - Filling up the DagBag from /opt/airflow/dags/data/models/Italy/TS_model.pkl
[2024-08-17T02:51:58.219+0000] {processor.py:842} WARNING - No viable dags retrieved from /opt/airflow/dags/data/models/Italy/TS_model.pkl
[2024-08-17T02:51:58.229+0000] {processor.py:183} INFO - Processing /opt/airflow/dags/data/models/Italy/TS_model.pkl took 0.026 seconds
[2024-08-17T02:52:28.943+0000] {processor.py:161} INFO - Started process (PID=84454) to work on /opt/airflow/dags/data/models/Italy/TS_model.pkl
[2024-08-17T02:52:28.944+0000] {processor.py:830} INFO - Processing file /opt/airflow/dags/data/models/Italy/TS_model.pkl for tasks to queue
[2024-08-17T02:52:28.944+0000] {logging_mixin.py:188} INFO - [2024-08-17T02:52:28.944+0000] {dagbag.py:545} INFO - Filling up the DagBag from /opt/airflow/dags/data/models/Italy/TS_model.pkl
[2024-08-17T02:52:28.954+0000] {processor.py:842} WARNING - No viable dags retrieved from /opt/airflow/dags/data/models/Italy/TS_model.pkl
[2024-08-17T02:52:28.965+0000] {processor.py:183} INFO - Processing /opt/airflow/dags/data/models/Italy/TS_model.pkl took 0.027 seconds
[2024-08-17T02:52:59.374+0000] {processor.py:161} INFO - Started process (PID=84757) to work on /opt/airflow/dags/data/models/Italy/TS_model.pkl
[2024-08-17T02:52:59.375+0000] {processor.py:830} INFO - Processing file /opt/airflow/dags/data/models/Italy/TS_model.pkl for tasks to queue
[2024-08-17T02:52:59.376+0000] {logging_mixin.py:188} INFO - [2024-08-17T02:52:59.375+0000] {dagbag.py:545} INFO - Filling up the DagBag from /opt/airflow/dags/data/models/Italy/TS_model.pkl
[2024-08-17T02:52:59.387+0000] {processor.py:842} WARNING - No viable dags retrieved from /opt/airflow/dags/data/models/Italy/TS_model.pkl
[2024-08-17T02:52:59.396+0000] {processor.py:183} INFO - Processing /opt/airflow/dags/data/models/Italy/TS_model.pkl took 0.027 seconds
[2024-08-17T02:53:30.082+0000] {processor.py:161} INFO - Started process (PID=85086) to work on /opt/airflow/dags/data/models/Italy/TS_model.pkl
[2024-08-17T02:53:30.083+0000] {processor.py:830} INFO - Processing file /opt/airflow/dags/data/models/Italy/TS_model.pkl for tasks to queue
[2024-08-17T02:53:30.083+0000] {logging_mixin.py:188} INFO - [2024-08-17T02:53:30.083+0000] {dagbag.py:545} INFO - Filling up the DagBag from /opt/airflow/dags/data/models/Italy/TS_model.pkl
[2024-08-17T02:53:30.098+0000] {processor.py:842} WARNING - No viable dags retrieved from /opt/airflow/dags/data/models/Italy/TS_model.pkl
[2024-08-17T02:53:30.109+0000] {processor.py:183} INFO - Processing /opt/airflow/dags/data/models/Italy/TS_model.pkl took 0.032 seconds
[2024-08-17T02:54:00.818+0000] {processor.py:161} INFO - Started process (PID=85400) to work on /opt/airflow/dags/data/models/Italy/TS_model.pkl
[2024-08-17T02:54:00.818+0000] {processor.py:830} INFO - Processing file /opt/airflow/dags/data/models/Italy/TS_model.pkl for tasks to queue
[2024-08-17T02:54:00.819+0000] {logging_mixin.py:188} INFO - [2024-08-17T02:54:00.819+0000] {dagbag.py:545} INFO - Filling up the DagBag from /opt/airflow/dags/data/models/Italy/TS_model.pkl
[2024-08-17T02:54:00.829+0000] {processor.py:842} WARNING - No viable dags retrieved from /opt/airflow/dags/data/models/Italy/TS_model.pkl
[2024-08-17T02:54:00.840+0000] {processor.py:183} INFO - Processing /opt/airflow/dags/data/models/Italy/TS_model.pkl took 0.026 seconds
[2024-08-17T02:54:31.351+0000] {processor.py:161} INFO - Started process (PID=85757) to work on /opt/airflow/dags/data/models/Italy/TS_model.pkl
[2024-08-17T02:54:31.352+0000] {processor.py:830} INFO - Processing file /opt/airflow/dags/data/models/Italy/TS_model.pkl for tasks to queue
[2024-08-17T02:54:31.353+0000] {logging_mixin.py:188} INFO - [2024-08-17T02:54:31.353+0000] {dagbag.py:545} INFO - Filling up the DagBag from /opt/airflow/dags/data/models/Italy/TS_model.pkl
[2024-08-17T02:54:31.362+0000] {processor.py:842} WARNING - No viable dags retrieved from /opt/airflow/dags/data/models/Italy/TS_model.pkl
[2024-08-17T02:54:31.372+0000] {processor.py:183} INFO - Processing /opt/airflow/dags/data/models/Italy/TS_model.pkl took 0.025 seconds
[2024-08-17T02:55:02.290+0000] {processor.py:161} INFO - Started process (PID=86090) to work on /opt/airflow/dags/data/models/Italy/TS_model.pkl
[2024-08-17T02:55:02.291+0000] {processor.py:830} INFO - Processing file /opt/airflow/dags/data/models/Italy/TS_model.pkl for tasks to queue
[2024-08-17T02:55:02.292+0000] {logging_mixin.py:188} INFO - [2024-08-17T02:55:02.292+0000] {dagbag.py:545} INFO - Filling up the DagBag from /opt/airflow/dags/data/models/Italy/TS_model.pkl
[2024-08-17T02:55:02.305+0000] {processor.py:842} WARNING - No viable dags retrieved from /opt/airflow/dags/data/models/Italy/TS_model.pkl
[2024-08-17T02:55:02.315+0000] {processor.py:183} INFO - Processing /opt/airflow/dags/data/models/Italy/TS_model.pkl took 0.029 seconds
[2024-08-17T02:55:33.017+0000] {processor.py:161} INFO - Started process (PID=86445) to work on /opt/airflow/dags/data/models/Italy/TS_model.pkl
[2024-08-17T02:55:33.018+0000] {processor.py:830} INFO - Processing file /opt/airflow/dags/data/models/Italy/TS_model.pkl for tasks to queue
[2024-08-17T02:55:33.018+0000] {logging_mixin.py:188} INFO - [2024-08-17T02:55:33.018+0000] {dagbag.py:545} INFO - Filling up the DagBag from /opt/airflow/dags/data/models/Italy/TS_model.pkl
[2024-08-17T02:55:33.030+0000] {processor.py:842} WARNING - No viable dags retrieved from /opt/airflow/dags/data/models/Italy/TS_model.pkl
[2024-08-17T02:55:33.039+0000] {processor.py:183} INFO - Processing /opt/airflow/dags/data/models/Italy/TS_model.pkl took 0.027 seconds
[2024-08-17T02:56:04.018+0000] {processor.py:161} INFO - Started process (PID=86803) to work on /opt/airflow/dags/data/models/Italy/TS_model.pkl
[2024-08-17T02:56:04.018+0000] {processor.py:830} INFO - Processing file /opt/airflow/dags/data/models/Italy/TS_model.pkl for tasks to queue
[2024-08-17T02:56:04.019+0000] {logging_mixin.py:188} INFO - [2024-08-17T02:56:04.019+0000] {dagbag.py:545} INFO - Filling up the DagBag from /opt/airflow/dags/data/models/Italy/TS_model.pkl
[2024-08-17T02:56:04.032+0000] {processor.py:842} WARNING - No viable dags retrieved from /opt/airflow/dags/data/models/Italy/TS_model.pkl
[2024-08-17T02:56:04.042+0000] {processor.py:183} INFO - Processing /opt/airflow/dags/data/models/Italy/TS_model.pkl took 0.029 seconds
[2024-08-17T02:56:34.812+0000] {processor.py:161} INFO - Started process (PID=87135) to work on /opt/airflow/dags/data/models/Italy/TS_model.pkl
[2024-08-17T02:56:34.813+0000] {processor.py:830} INFO - Processing file /opt/airflow/dags/data/models/Italy/TS_model.pkl for tasks to queue
[2024-08-17T02:56:34.814+0000] {logging_mixin.py:188} INFO - [2024-08-17T02:56:34.813+0000] {dagbag.py:545} INFO - Filling up the DagBag from /opt/airflow/dags/data/models/Italy/TS_model.pkl
[2024-08-17T02:56:34.825+0000] {processor.py:842} WARNING - No viable dags retrieved from /opt/airflow/dags/data/models/Italy/TS_model.pkl
[2024-08-17T02:56:34.835+0000] {processor.py:183} INFO - Processing /opt/airflow/dags/data/models/Italy/TS_model.pkl took 0.027 seconds
[2024-08-17T02:57:05.445+0000] {processor.py:161} INFO - Started process (PID=87491) to work on /opt/airflow/dags/data/models/Italy/TS_model.pkl
[2024-08-17T02:57:05.446+0000] {processor.py:830} INFO - Processing file /opt/airflow/dags/data/models/Italy/TS_model.pkl for tasks to queue
[2024-08-17T02:57:05.446+0000] {logging_mixin.py:188} INFO - [2024-08-17T02:57:05.446+0000] {dagbag.py:545} INFO - Filling up the DagBag from /opt/airflow/dags/data/models/Italy/TS_model.pkl
[2024-08-17T02:57:05.454+0000] {processor.py:842} WARNING - No viable dags retrieved from /opt/airflow/dags/data/models/Italy/TS_model.pkl
[2024-08-17T02:57:05.465+0000] {processor.py:183} INFO - Processing /opt/airflow/dags/data/models/Italy/TS_model.pkl took 0.024 seconds
[2024-08-17T02:57:36.711+0000] {processor.py:161} INFO - Started process (PID=87823) to work on /opt/airflow/dags/data/models/Italy/TS_model.pkl
[2024-08-17T02:57:36.712+0000] {processor.py:830} INFO - Processing file /opt/airflow/dags/data/models/Italy/TS_model.pkl for tasks to queue
[2024-08-17T02:57:36.712+0000] {logging_mixin.py:188} INFO - [2024-08-17T02:57:36.712+0000] {dagbag.py:545} INFO - Filling up the DagBag from /opt/airflow/dags/data/models/Italy/TS_model.pkl
[2024-08-17T02:57:36.724+0000] {processor.py:842} WARNING - No viable dags retrieved from /opt/airflow/dags/data/models/Italy/TS_model.pkl
[2024-08-17T02:57:36.734+0000] {processor.py:183} INFO - Processing /opt/airflow/dags/data/models/Italy/TS_model.pkl took 0.027 seconds
[2024-08-17T02:58:07.771+0000] {processor.py:161} INFO - Started process (PID=88166) to work on /opt/airflow/dags/data/models/Italy/TS_model.pkl
[2024-08-17T02:58:07.772+0000] {processor.py:830} INFO - Processing file /opt/airflow/dags/data/models/Italy/TS_model.pkl for tasks to queue
[2024-08-17T02:58:07.773+0000] {logging_mixin.py:188} INFO - [2024-08-17T02:58:07.773+0000] {dagbag.py:545} INFO - Filling up the DagBag from /opt/airflow/dags/data/models/Italy/TS_model.pkl
[2024-08-17T02:58:07.784+0000] {processor.py:842} WARNING - No viable dags retrieved from /opt/airflow/dags/data/models/Italy/TS_model.pkl
[2024-08-17T02:58:07.795+0000] {processor.py:183} INFO - Processing /opt/airflow/dags/data/models/Italy/TS_model.pkl took 0.028 seconds
[2024-08-17T02:58:38.583+0000] {processor.py:161} INFO - Started process (PID=88485) to work on /opt/airflow/dags/data/models/Italy/TS_model.pkl
[2024-08-17T02:58:38.584+0000] {processor.py:830} INFO - Processing file /opt/airflow/dags/data/models/Italy/TS_model.pkl for tasks to queue
[2024-08-17T02:58:38.585+0000] {logging_mixin.py:188} INFO - [2024-08-17T02:58:38.584+0000] {dagbag.py:545} INFO - Filling up the DagBag from /opt/airflow/dags/data/models/Italy/TS_model.pkl
[2024-08-17T02:58:38.596+0000] {processor.py:842} WARNING - No viable dags retrieved from /opt/airflow/dags/data/models/Italy/TS_model.pkl
[2024-08-17T02:58:38.606+0000] {processor.py:183} INFO - Processing /opt/airflow/dags/data/models/Italy/TS_model.pkl took 0.028 seconds
[2024-08-17T02:59:09.659+0000] {processor.py:161} INFO - Started process (PID=88861) to work on /opt/airflow/dags/data/models/Italy/TS_model.pkl
[2024-08-17T02:59:09.659+0000] {processor.py:830} INFO - Processing file /opt/airflow/dags/data/models/Italy/TS_model.pkl for tasks to queue
[2024-08-17T02:59:09.660+0000] {logging_mixin.py:188} INFO - [2024-08-17T02:59:09.660+0000] {dagbag.py:545} INFO - Filling up the DagBag from /opt/airflow/dags/data/models/Italy/TS_model.pkl
[2024-08-17T02:59:09.674+0000] {processor.py:842} WARNING - No viable dags retrieved from /opt/airflow/dags/data/models/Italy/TS_model.pkl
[2024-08-17T02:59:09.685+0000] {processor.py:183} INFO - Processing /opt/airflow/dags/data/models/Italy/TS_model.pkl took 0.031 seconds
[2024-08-17T02:59:40.139+0000] {processor.py:161} INFO - Started process (PID=89243) to work on /opt/airflow/dags/data/models/Italy/TS_model.pkl
[2024-08-17T02:59:40.140+0000] {processor.py:830} INFO - Processing file /opt/airflow/dags/data/models/Italy/TS_model.pkl for tasks to queue
[2024-08-17T02:59:40.141+0000] {logging_mixin.py:188} INFO - [2024-08-17T02:59:40.141+0000] {dagbag.py:545} INFO - Filling up the DagBag from /opt/airflow/dags/data/models/Italy/TS_model.pkl
[2024-08-17T02:59:40.152+0000] {processor.py:842} WARNING - No viable dags retrieved from /opt/airflow/dags/data/models/Italy/TS_model.pkl
[2024-08-17T02:59:40.162+0000] {processor.py:183} INFO - Processing /opt/airflow/dags/data/models/Italy/TS_model.pkl took 0.027 seconds
[2024-08-17T03:00:11.127+0000] {processor.py:161} INFO - Started process (PID=89602) to work on /opt/airflow/dags/data/models/Italy/TS_model.pkl
[2024-08-17T03:00:11.128+0000] {processor.py:830} INFO - Processing file /opt/airflow/dags/data/models/Italy/TS_model.pkl for tasks to queue
[2024-08-17T03:00:11.129+0000] {logging_mixin.py:188} INFO - [2024-08-17T03:00:11.128+0000] {dagbag.py:545} INFO - Filling up the DagBag from /opt/airflow/dags/data/models/Italy/TS_model.pkl
[2024-08-17T03:00:11.141+0000] {processor.py:842} WARNING - No viable dags retrieved from /opt/airflow/dags/data/models/Italy/TS_model.pkl
[2024-08-17T03:00:11.152+0000] {processor.py:183} INFO - Processing /opt/airflow/dags/data/models/Italy/TS_model.pkl took 0.029 seconds
[2024-08-17T03:00:41.907+0000] {processor.py:161} INFO - Started process (PID=89965) to work on /opt/airflow/dags/data/models/Italy/TS_model.pkl
[2024-08-17T03:00:41.908+0000] {processor.py:830} INFO - Processing file /opt/airflow/dags/data/models/Italy/TS_model.pkl for tasks to queue
[2024-08-17T03:00:41.909+0000] {logging_mixin.py:188} INFO - [2024-08-17T03:00:41.908+0000] {dagbag.py:545} INFO - Filling up the DagBag from /opt/airflow/dags/data/models/Italy/TS_model.pkl
[2024-08-17T03:00:41.921+0000] {processor.py:842} WARNING - No viable dags retrieved from /opt/airflow/dags/data/models/Italy/TS_model.pkl
[2024-08-17T03:00:41.931+0000] {processor.py:183} INFO - Processing /opt/airflow/dags/data/models/Italy/TS_model.pkl took 0.028 seconds
[2024-08-17T03:01:12.611+0000] {processor.py:161} INFO - Started process (PID=90324) to work on /opt/airflow/dags/data/models/Italy/TS_model.pkl
[2024-08-17T03:01:12.612+0000] {processor.py:830} INFO - Processing file /opt/airflow/dags/data/models/Italy/TS_model.pkl for tasks to queue
[2024-08-17T03:01:12.612+0000] {logging_mixin.py:188} INFO - [2024-08-17T03:01:12.612+0000] {dagbag.py:545} INFO - Filling up the DagBag from /opt/airflow/dags/data/models/Italy/TS_model.pkl
[2024-08-17T03:01:12.623+0000] {processor.py:842} WARNING - No viable dags retrieved from /opt/airflow/dags/data/models/Italy/TS_model.pkl
[2024-08-17T03:01:12.633+0000] {processor.py:183} INFO - Processing /opt/airflow/dags/data/models/Italy/TS_model.pkl took 0.026 seconds
[2024-08-17T03:01:43.237+0000] {processor.py:161} INFO - Started process (PID=90710) to work on /opt/airflow/dags/data/models/Italy/TS_model.pkl
[2024-08-17T03:01:43.237+0000] {processor.py:830} INFO - Processing file /opt/airflow/dags/data/models/Italy/TS_model.pkl for tasks to queue
[2024-08-17T03:01:43.238+0000] {logging_mixin.py:188} INFO - [2024-08-17T03:01:43.238+0000] {dagbag.py:545} INFO - Filling up the DagBag from /opt/airflow/dags/data/models/Italy/TS_model.pkl
[2024-08-17T03:01:43.251+0000] {processor.py:842} WARNING - No viable dags retrieved from /opt/airflow/dags/data/models/Italy/TS_model.pkl
[2024-08-17T03:01:43.264+0000] {processor.py:183} INFO - Processing /opt/airflow/dags/data/models/Italy/TS_model.pkl took 0.032 seconds
[2024-08-17T03:02:14.572+0000] {processor.py:161} INFO - Started process (PID=91096) to work on /opt/airflow/dags/data/models/Italy/TS_model.pkl
[2024-08-17T03:02:14.574+0000] {processor.py:830} INFO - Processing file /opt/airflow/dags/data/models/Italy/TS_model.pkl for tasks to queue
[2024-08-17T03:02:14.575+0000] {logging_mixin.py:188} INFO - [2024-08-17T03:02:14.574+0000] {dagbag.py:545} INFO - Filling up the DagBag from /opt/airflow/dags/data/models/Italy/TS_model.pkl
[2024-08-17T03:02:14.588+0000] {processor.py:842} WARNING - No viable dags retrieved from /opt/airflow/dags/data/models/Italy/TS_model.pkl
[2024-08-17T03:02:14.599+0000] {processor.py:183} INFO - Processing /opt/airflow/dags/data/models/Italy/TS_model.pkl took 0.033 seconds
[2024-08-17T03:02:45.801+0000] {processor.py:161} INFO - Started process (PID=91457) to work on /opt/airflow/dags/data/models/Italy/TS_model.pkl
[2024-08-17T03:02:45.802+0000] {processor.py:830} INFO - Processing file /opt/airflow/dags/data/models/Italy/TS_model.pkl for tasks to queue
[2024-08-17T03:02:45.803+0000] {logging_mixin.py:188} INFO - [2024-08-17T03:02:45.803+0000] {dagbag.py:545} INFO - Filling up the DagBag from /opt/airflow/dags/data/models/Italy/TS_model.pkl
[2024-08-17T03:02:45.816+0000] {processor.py:842} WARNING - No viable dags retrieved from /opt/airflow/dags/data/models/Italy/TS_model.pkl
[2024-08-17T03:02:45.828+0000] {processor.py:183} INFO - Processing /opt/airflow/dags/data/models/Italy/TS_model.pkl took 0.031 seconds
[2024-08-17T03:03:16.655+0000] {processor.py:161} INFO - Started process (PID=91833) to work on /opt/airflow/dags/data/models/Italy/TS_model.pkl
[2024-08-17T03:03:16.656+0000] {processor.py:830} INFO - Processing file /opt/airflow/dags/data/models/Italy/TS_model.pkl for tasks to queue
[2024-08-17T03:03:16.657+0000] {logging_mixin.py:188} INFO - [2024-08-17T03:03:16.657+0000] {dagbag.py:545} INFO - Filling up the DagBag from /opt/airflow/dags/data/models/Italy/TS_model.pkl
[2024-08-17T03:03:16.667+0000] {processor.py:842} WARNING - No viable dags retrieved from /opt/airflow/dags/data/models/Italy/TS_model.pkl
[2024-08-17T03:03:16.677+0000] {processor.py:183} INFO - Processing /opt/airflow/dags/data/models/Italy/TS_model.pkl took 0.025 seconds
[2024-08-17T03:03:48.688+0000] {processor.py:161} INFO - Started process (PID=92194) to work on /opt/airflow/dags/data/models/Italy/TS_model.pkl
[2024-08-17T03:03:48.688+0000] {processor.py:830} INFO - Processing file /opt/airflow/dags/data/models/Italy/TS_model.pkl for tasks to queue
[2024-08-17T03:03:48.689+0000] {logging_mixin.py:188} INFO - [2024-08-17T03:03:48.689+0000] {dagbag.py:545} INFO - Filling up the DagBag from /opt/airflow/dags/data/models/Italy/TS_model.pkl
[2024-08-17T03:03:48.702+0000] {processor.py:842} WARNING - No viable dags retrieved from /opt/airflow/dags/data/models/Italy/TS_model.pkl
[2024-08-17T03:03:48.712+0000] {processor.py:183} INFO - Processing /opt/airflow/dags/data/models/Italy/TS_model.pkl took 0.028 seconds
[2024-08-17T03:04:19.471+0000] {processor.py:161} INFO - Started process (PID=92586) to work on /opt/airflow/dags/data/models/Italy/TS_model.pkl
[2024-08-17T03:04:19.471+0000] {processor.py:830} INFO - Processing file /opt/airflow/dags/data/models/Italy/TS_model.pkl for tasks to queue
[2024-08-17T03:04:19.472+0000] {logging_mixin.py:188} INFO - [2024-08-17T03:04:19.471+0000] {dagbag.py:545} INFO - Filling up the DagBag from /opt/airflow/dags/data/models/Italy/TS_model.pkl
[2024-08-17T03:04:19.482+0000] {processor.py:842} WARNING - No viable dags retrieved from /opt/airflow/dags/data/models/Italy/TS_model.pkl
[2024-08-17T03:04:19.492+0000] {processor.py:183} INFO - Processing /opt/airflow/dags/data/models/Italy/TS_model.pkl took 0.025 seconds
[2024-08-17T03:04:50.395+0000] {processor.py:161} INFO - Started process (PID=92981) to work on /opt/airflow/dags/data/models/Italy/TS_model.pkl
[2024-08-17T03:04:50.396+0000] {processor.py:830} INFO - Processing file /opt/airflow/dags/data/models/Italy/TS_model.pkl for tasks to queue
[2024-08-17T03:04:50.397+0000] {logging_mixin.py:188} INFO - [2024-08-17T03:04:50.397+0000] {dagbag.py:545} INFO - Filling up the DagBag from /opt/airflow/dags/data/models/Italy/TS_model.pkl
[2024-08-17T03:04:50.408+0000] {processor.py:842} WARNING - No viable dags retrieved from /opt/airflow/dags/data/models/Italy/TS_model.pkl
[2024-08-17T03:04:50.418+0000] {processor.py:183} INFO - Processing /opt/airflow/dags/data/models/Italy/TS_model.pkl took 0.027 seconds
[2024-08-17T03:05:21.204+0000] {processor.py:161} INFO - Started process (PID=93349) to work on /opt/airflow/dags/data/models/Italy/TS_model.pkl
[2024-08-17T03:05:21.204+0000] {processor.py:830} INFO - Processing file /opt/airflow/dags/data/models/Italy/TS_model.pkl for tasks to queue
[2024-08-17T03:05:21.205+0000] {logging_mixin.py:188} INFO - [2024-08-17T03:05:21.205+0000] {dagbag.py:545} INFO - Filling up the DagBag from /opt/airflow/dags/data/models/Italy/TS_model.pkl
[2024-08-17T03:05:21.215+0000] {processor.py:842} WARNING - No viable dags retrieved from /opt/airflow/dags/data/models/Italy/TS_model.pkl
[2024-08-17T03:05:21.225+0000] {processor.py:183} INFO - Processing /opt/airflow/dags/data/models/Italy/TS_model.pkl took 0.025 seconds
[2024-08-17T03:05:51.895+0000] {processor.py:161} INFO - Started process (PID=93766) to work on /opt/airflow/dags/data/models/Italy/TS_model.pkl
[2024-08-17T03:05:51.896+0000] {processor.py:830} INFO - Processing file /opt/airflow/dags/data/models/Italy/TS_model.pkl for tasks to queue
[2024-08-17T03:05:51.896+0000] {logging_mixin.py:188} INFO - [2024-08-17T03:05:51.896+0000] {dagbag.py:545} INFO - Filling up the DagBag from /opt/airflow/dags/data/models/Italy/TS_model.pkl
[2024-08-17T03:05:51.905+0000] {processor.py:842} WARNING - No viable dags retrieved from /opt/airflow/dags/data/models/Italy/TS_model.pkl
[2024-08-17T03:05:51.916+0000] {processor.py:183} INFO - Processing /opt/airflow/dags/data/models/Italy/TS_model.pkl took 0.025 seconds
[2024-08-17T03:06:22.738+0000] {processor.py:161} INFO - Started process (PID=94156) to work on /opt/airflow/dags/data/models/Italy/TS_model.pkl
[2024-08-17T03:06:22.739+0000] {processor.py:830} INFO - Processing file /opt/airflow/dags/data/models/Italy/TS_model.pkl for tasks to queue
[2024-08-17T03:06:22.740+0000] {logging_mixin.py:188} INFO - [2024-08-17T03:06:22.739+0000] {dagbag.py:545} INFO - Filling up the DagBag from /opt/airflow/dags/data/models/Italy/TS_model.pkl
[2024-08-17T03:06:22.749+0000] {processor.py:842} WARNING - No viable dags retrieved from /opt/airflow/dags/data/models/Italy/TS_model.pkl
[2024-08-17T03:06:22.760+0000] {processor.py:183} INFO - Processing /opt/airflow/dags/data/models/Italy/TS_model.pkl took 0.025 seconds
[2024-08-17T03:06:53.340+0000] {processor.py:161} INFO - Started process (PID=94573) to work on /opt/airflow/dags/data/models/Italy/TS_model.pkl
[2024-08-17T03:06:53.340+0000] {processor.py:830} INFO - Processing file /opt/airflow/dags/data/models/Italy/TS_model.pkl for tasks to queue
[2024-08-17T03:06:53.341+0000] {logging_mixin.py:188} INFO - [2024-08-17T03:06:53.341+0000] {dagbag.py:545} INFO - Filling up the DagBag from /opt/airflow/dags/data/models/Italy/TS_model.pkl
[2024-08-17T03:06:53.350+0000] {processor.py:842} WARNING - No viable dags retrieved from /opt/airflow/dags/data/models/Italy/TS_model.pkl
[2024-08-17T03:06:53.361+0000] {processor.py:183} INFO - Processing /opt/airflow/dags/data/models/Italy/TS_model.pkl took 0.025 seconds
[2024-08-17T03:07:24.363+0000] {processor.py:161} INFO - Started process (PID=94942) to work on /opt/airflow/dags/data/models/Italy/TS_model.pkl
[2024-08-17T03:07:24.364+0000] {processor.py:830} INFO - Processing file /opt/airflow/dags/data/models/Italy/TS_model.pkl for tasks to queue
[2024-08-17T03:07:24.364+0000] {logging_mixin.py:188} INFO - [2024-08-17T03:07:24.364+0000] {dagbag.py:545} INFO - Filling up the DagBag from /opt/airflow/dags/data/models/Italy/TS_model.pkl
[2024-08-17T03:07:24.375+0000] {processor.py:842} WARNING - No viable dags retrieved from /opt/airflow/dags/data/models/Italy/TS_model.pkl
[2024-08-17T03:07:24.385+0000] {processor.py:183} INFO - Processing /opt/airflow/dags/data/models/Italy/TS_model.pkl took 0.025 seconds
[2024-08-17T03:07:55.011+0000] {processor.py:161} INFO - Started process (PID=95354) to work on /opt/airflow/dags/data/models/Italy/TS_model.pkl
[2024-08-17T03:07:55.012+0000] {processor.py:830} INFO - Processing file /opt/airflow/dags/data/models/Italy/TS_model.pkl for tasks to queue
[2024-08-17T03:07:55.012+0000] {logging_mixin.py:188} INFO - [2024-08-17T03:07:55.012+0000] {dagbag.py:545} INFO - Filling up the DagBag from /opt/airflow/dags/data/models/Italy/TS_model.pkl
[2024-08-17T03:07:55.025+0000] {processor.py:842} WARNING - No viable dags retrieved from /opt/airflow/dags/data/models/Italy/TS_model.pkl
[2024-08-17T03:07:55.035+0000] {processor.py:183} INFO - Processing /opt/airflow/dags/data/models/Italy/TS_model.pkl took 0.028 seconds
[2024-08-17T03:08:26.117+0000] {processor.py:161} INFO - Started process (PID=95768) to work on /opt/airflow/dags/data/models/Italy/TS_model.pkl
[2024-08-17T03:08:26.118+0000] {processor.py:830} INFO - Processing file /opt/airflow/dags/data/models/Italy/TS_model.pkl for tasks to queue
[2024-08-17T03:08:26.118+0000] {logging_mixin.py:188} INFO - [2024-08-17T03:08:26.118+0000] {dagbag.py:545} INFO - Filling up the DagBag from /opt/airflow/dags/data/models/Italy/TS_model.pkl
[2024-08-17T03:08:26.130+0000] {processor.py:842} WARNING - No viable dags retrieved from /opt/airflow/dags/data/models/Italy/TS_model.pkl
[2024-08-17T03:08:26.140+0000] {processor.py:183} INFO - Processing /opt/airflow/dags/data/models/Italy/TS_model.pkl took 0.028 seconds
[2024-08-17T03:09:02.680+0000] {processor.py:161} INFO - Started process (PID=96182) to work on /opt/airflow/dags/data/models/Italy/TS_model.pkl
[2024-08-17T03:09:02.681+0000] {processor.py:830} INFO - Processing file /opt/airflow/dags/data/models/Italy/TS_model.pkl for tasks to queue
[2024-08-17T03:09:02.682+0000] {logging_mixin.py:188} INFO - [2024-08-17T03:09:02.682+0000] {dagbag.py:545} INFO - Filling up the DagBag from /opt/airflow/dags/data/models/Italy/TS_model.pkl
[2024-08-17T03:09:02.693+0000] {processor.py:842} WARNING - No viable dags retrieved from /opt/airflow/dags/data/models/Italy/TS_model.pkl
[2024-08-17T03:09:02.703+0000] {processor.py:183} INFO - Processing /opt/airflow/dags/data/models/Italy/TS_model.pkl took 0.027 seconds
[2024-08-17T03:09:34.977+0000] {processor.py:161} INFO - Started process (PID=96600) to work on /opt/airflow/dags/data/models/Italy/TS_model.pkl
[2024-08-17T03:09:34.978+0000] {processor.py:830} INFO - Processing file /opt/airflow/dags/data/models/Italy/TS_model.pkl for tasks to queue
[2024-08-17T03:09:34.978+0000] {logging_mixin.py:188} INFO - [2024-08-17T03:09:34.978+0000] {dagbag.py:545} INFO - Filling up the DagBag from /opt/airflow/dags/data/models/Italy/TS_model.pkl
[2024-08-17T03:09:34.991+0000] {processor.py:842} WARNING - No viable dags retrieved from /opt/airflow/dags/data/models/Italy/TS_model.pkl
[2024-08-17T03:09:35.003+0000] {processor.py:183} INFO - Processing /opt/airflow/dags/data/models/Italy/TS_model.pkl took 0.031 seconds
[2024-08-17T03:10:05.986+0000] {processor.py:161} INFO - Started process (PID=97042) to work on /opt/airflow/dags/data/models/Italy/TS_model.pkl
[2024-08-17T03:10:05.987+0000] {processor.py:830} INFO - Processing file /opt/airflow/dags/data/models/Italy/TS_model.pkl for tasks to queue
[2024-08-17T03:10:05.987+0000] {logging_mixin.py:188} INFO - [2024-08-17T03:10:05.987+0000] {dagbag.py:545} INFO - Filling up the DagBag from /opt/airflow/dags/data/models/Italy/TS_model.pkl
[2024-08-17T03:10:05.997+0000] {processor.py:842} WARNING - No viable dags retrieved from /opt/airflow/dags/data/models/Italy/TS_model.pkl
[2024-08-17T03:10:06.008+0000] {processor.py:183} INFO - Processing /opt/airflow/dags/data/models/Italy/TS_model.pkl took 0.026 seconds
[2024-08-17T03:10:37.712+0000] {processor.py:161} INFO - Started process (PID=97486) to work on /opt/airflow/dags/data/models/Italy/TS_model.pkl
[2024-08-17T03:10:37.713+0000] {processor.py:830} INFO - Processing file /opt/airflow/dags/data/models/Italy/TS_model.pkl for tasks to queue
[2024-08-17T03:10:37.714+0000] {logging_mixin.py:188} INFO - [2024-08-17T03:10:37.714+0000] {dagbag.py:545} INFO - Filling up the DagBag from /opt/airflow/dags/data/models/Italy/TS_model.pkl
[2024-08-17T03:10:37.727+0000] {processor.py:842} WARNING - No viable dags retrieved from /opt/airflow/dags/data/models/Italy/TS_model.pkl
[2024-08-17T03:10:37.737+0000] {processor.py:183} INFO - Processing /opt/airflow/dags/data/models/Italy/TS_model.pkl took 0.028 seconds
[2024-08-17T03:11:08.648+0000] {processor.py:161} INFO - Started process (PID=97903) to work on /opt/airflow/dags/data/models/Italy/TS_model.pkl
[2024-08-17T03:11:08.649+0000] {processor.py:830} INFO - Processing file /opt/airflow/dags/data/models/Italy/TS_model.pkl for tasks to queue
[2024-08-17T03:11:08.650+0000] {logging_mixin.py:188} INFO - [2024-08-17T03:11:08.650+0000] {dagbag.py:545} INFO - Filling up the DagBag from /opt/airflow/dags/data/models/Italy/TS_model.pkl
[2024-08-17T03:11:08.659+0000] {processor.py:842} WARNING - No viable dags retrieved from /opt/airflow/dags/data/models/Italy/TS_model.pkl
[2024-08-17T03:11:08.668+0000] {processor.py:183} INFO - Processing /opt/airflow/dags/data/models/Italy/TS_model.pkl took 0.024 seconds
[2024-08-17T03:11:39.426+0000] {processor.py:161} INFO - Started process (PID=98346) to work on /opt/airflow/dags/data/models/Italy/TS_model.pkl
[2024-08-17T03:11:39.429+0000] {processor.py:830} INFO - Processing file /opt/airflow/dags/data/models/Italy/TS_model.pkl for tasks to queue
[2024-08-17T03:11:39.429+0000] {logging_mixin.py:188} INFO - [2024-08-17T03:11:39.429+0000] {dagbag.py:545} INFO - Filling up the DagBag from /opt/airflow/dags/data/models/Italy/TS_model.pkl
[2024-08-17T03:11:39.438+0000] {processor.py:842} WARNING - No viable dags retrieved from /opt/airflow/dags/data/models/Italy/TS_model.pkl
[2024-08-17T03:11:39.449+0000] {processor.py:183} INFO - Processing /opt/airflow/dags/data/models/Italy/TS_model.pkl took 0.026 seconds
[2024-08-17T03:12:10.978+0000] {processor.py:161} INFO - Started process (PID=98764) to work on /opt/airflow/dags/data/models/Italy/TS_model.pkl
[2024-08-17T03:12:10.978+0000] {processor.py:830} INFO - Processing file /opt/airflow/dags/data/models/Italy/TS_model.pkl for tasks to queue
[2024-08-17T03:12:10.979+0000] {logging_mixin.py:188} INFO - [2024-08-17T03:12:10.979+0000] {dagbag.py:545} INFO - Filling up the DagBag from /opt/airflow/dags/data/models/Italy/TS_model.pkl
[2024-08-17T03:12:10.992+0000] {processor.py:842} WARNING - No viable dags retrieved from /opt/airflow/dags/data/models/Italy/TS_model.pkl
[2024-08-17T03:12:11.002+0000] {processor.py:183} INFO - Processing /opt/airflow/dags/data/models/Italy/TS_model.pkl took 0.028 seconds
[2024-08-17T03:12:41.990+0000] {processor.py:161} INFO - Started process (PID=99188) to work on /opt/airflow/dags/data/models/Italy/TS_model.pkl
[2024-08-17T03:12:41.991+0000] {processor.py:830} INFO - Processing file /opt/airflow/dags/data/models/Italy/TS_model.pkl for tasks to queue
[2024-08-17T03:12:41.992+0000] {logging_mixin.py:188} INFO - [2024-08-17T03:12:41.992+0000] {dagbag.py:545} INFO - Filling up the DagBag from /opt/airflow/dags/data/models/Italy/TS_model.pkl
[2024-08-17T03:12:42.003+0000] {processor.py:842} WARNING - No viable dags retrieved from /opt/airflow/dags/data/models/Italy/TS_model.pkl
[2024-08-17T03:12:42.013+0000] {processor.py:183} INFO - Processing /opt/airflow/dags/data/models/Italy/TS_model.pkl took 0.026 seconds
[2024-08-17T03:13:12.962+0000] {processor.py:161} INFO - Started process (PID=99629) to work on /opt/airflow/dags/data/models/Italy/TS_model.pkl
[2024-08-17T03:13:12.963+0000] {processor.py:830} INFO - Processing file /opt/airflow/dags/data/models/Italy/TS_model.pkl for tasks to queue
[2024-08-17T03:13:12.964+0000] {logging_mixin.py:188} INFO - [2024-08-17T03:13:12.964+0000] {dagbag.py:545} INFO - Filling up the DagBag from /opt/airflow/dags/data/models/Italy/TS_model.pkl
[2024-08-17T03:13:12.973+0000] {processor.py:842} WARNING - No viable dags retrieved from /opt/airflow/dags/data/models/Italy/TS_model.pkl
[2024-08-17T03:13:12.983+0000] {processor.py:183} INFO - Processing /opt/airflow/dags/data/models/Italy/TS_model.pkl took 0.025 seconds
[2024-08-17T03:13:43.701+0000] {processor.py:161} INFO - Started process (PID=349) to work on /opt/airflow/dags/data/models/Italy/TS_model.pkl
[2024-08-17T03:13:43.702+0000] {processor.py:830} INFO - Processing file /opt/airflow/dags/data/models/Italy/TS_model.pkl for tasks to queue
[2024-08-17T03:13:43.703+0000] {logging_mixin.py:188} INFO - [2024-08-17T03:13:43.702+0000] {dagbag.py:545} INFO - Filling up the DagBag from /opt/airflow/dags/data/models/Italy/TS_model.pkl
[2024-08-17T03:13:43.712+0000] {processor.py:842} WARNING - No viable dags retrieved from /opt/airflow/dags/data/models/Italy/TS_model.pkl
[2024-08-17T03:13:43.721+0000] {processor.py:183} INFO - Processing /opt/airflow/dags/data/models/Italy/TS_model.pkl took 0.024 seconds
[2024-08-17T03:14:14.381+0000] {processor.py:161} INFO - Started process (PID=804) to work on /opt/airflow/dags/data/models/Italy/TS_model.pkl
[2024-08-17T03:14:14.382+0000] {processor.py:830} INFO - Processing file /opt/airflow/dags/data/models/Italy/TS_model.pkl for tasks to queue
[2024-08-17T03:14:14.383+0000] {logging_mixin.py:188} INFO - [2024-08-17T03:14:14.383+0000] {dagbag.py:545} INFO - Filling up the DagBag from /opt/airflow/dags/data/models/Italy/TS_model.pkl
[2024-08-17T03:14:14.394+0000] {processor.py:842} WARNING - No viable dags retrieved from /opt/airflow/dags/data/models/Italy/TS_model.pkl
[2024-08-17T03:14:14.404+0000] {processor.py:183} INFO - Processing /opt/airflow/dags/data/models/Italy/TS_model.pkl took 0.026 seconds
[2024-08-17T03:14:44.935+0000] {processor.py:161} INFO - Started process (PID=1232) to work on /opt/airflow/dags/data/models/Italy/TS_model.pkl
[2024-08-17T03:14:44.935+0000] {processor.py:830} INFO - Processing file /opt/airflow/dags/data/models/Italy/TS_model.pkl for tasks to queue
[2024-08-17T03:14:44.936+0000] {logging_mixin.py:188} INFO - [2024-08-17T03:14:44.936+0000] {dagbag.py:545} INFO - Filling up the DagBag from /opt/airflow/dags/data/models/Italy/TS_model.pkl
[2024-08-17T03:14:44.954+0000] {processor.py:842} WARNING - No viable dags retrieved from /opt/airflow/dags/data/models/Italy/TS_model.pkl
[2024-08-17T03:14:44.965+0000] {processor.py:183} INFO - Processing /opt/airflow/dags/data/models/Italy/TS_model.pkl took 0.034 seconds
[2024-08-17T03:15:16.449+0000] {processor.py:161} INFO - Started process (PID=1689) to work on /opt/airflow/dags/data/models/Italy/TS_model.pkl
[2024-08-17T03:15:16.450+0000] {processor.py:830} INFO - Processing file /opt/airflow/dags/data/models/Italy/TS_model.pkl for tasks to queue
[2024-08-17T03:15:16.450+0000] {logging_mixin.py:188} INFO - [2024-08-17T03:15:16.450+0000] {dagbag.py:545} INFO - Filling up the DagBag from /opt/airflow/dags/data/models/Italy/TS_model.pkl
[2024-08-17T03:15:16.458+0000] {processor.py:842} WARNING - No viable dags retrieved from /opt/airflow/dags/data/models/Italy/TS_model.pkl
[2024-08-17T03:15:16.466+0000] {processor.py:183} INFO - Processing /opt/airflow/dags/data/models/Italy/TS_model.pkl took 0.021 seconds
[2024-08-17T03:15:49.298+0000] {processor.py:161} INFO - Started process (PID=2150) to work on /opt/airflow/dags/data/models/Italy/TS_model.pkl
[2024-08-17T03:15:49.299+0000] {processor.py:830} INFO - Processing file /opt/airflow/dags/data/models/Italy/TS_model.pkl for tasks to queue
[2024-08-17T03:15:49.299+0000] {logging_mixin.py:188} INFO - [2024-08-17T03:15:49.299+0000] {dagbag.py:545} INFO - Filling up the DagBag from /opt/airflow/dags/data/models/Italy/TS_model.pkl
[2024-08-17T03:15:49.310+0000] {processor.py:842} WARNING - No viable dags retrieved from /opt/airflow/dags/data/models/Italy/TS_model.pkl
[2024-08-17T03:15:49.319+0000] {processor.py:183} INFO - Processing /opt/airflow/dags/data/models/Italy/TS_model.pkl took 0.024 seconds
[2024-08-17T03:16:20.276+0000] {processor.py:161} INFO - Started process (PID=2557) to work on /opt/airflow/dags/data/models/Italy/TS_model.pkl
[2024-08-17T03:16:20.277+0000] {processor.py:830} INFO - Processing file /opt/airflow/dags/data/models/Italy/TS_model.pkl for tasks to queue
[2024-08-17T03:16:20.277+0000] {logging_mixin.py:188} INFO - [2024-08-17T03:16:20.277+0000] {dagbag.py:545} INFO - Filling up the DagBag from /opt/airflow/dags/data/models/Italy/TS_model.pkl
[2024-08-17T03:16:20.287+0000] {processor.py:842} WARNING - No viable dags retrieved from /opt/airflow/dags/data/models/Italy/TS_model.pkl
[2024-08-17T03:16:20.298+0000] {processor.py:183} INFO - Processing /opt/airflow/dags/data/models/Italy/TS_model.pkl took 0.025 seconds
[2024-08-17T03:16:51.202+0000] {processor.py:161} INFO - Started process (PID=3011) to work on /opt/airflow/dags/data/models/Italy/TS_model.pkl
[2024-08-17T03:16:51.203+0000] {processor.py:830} INFO - Processing file /opt/airflow/dags/data/models/Italy/TS_model.pkl for tasks to queue
[2024-08-17T03:16:51.204+0000] {logging_mixin.py:188} INFO - [2024-08-17T03:16:51.203+0000] {dagbag.py:545} INFO - Filling up the DagBag from /opt/airflow/dags/data/models/Italy/TS_model.pkl
[2024-08-17T03:16:51.210+0000] {processor.py:842} WARNING - No viable dags retrieved from /opt/airflow/dags/data/models/Italy/TS_model.pkl
[2024-08-17T03:16:51.220+0000] {processor.py:183} INFO - Processing /opt/airflow/dags/data/models/Italy/TS_model.pkl took 0.022 seconds
[2024-08-17T03:17:22.815+0000] {processor.py:161} INFO - Started process (PID=3467) to work on /opt/airflow/dags/data/models/Italy/TS_model.pkl
[2024-08-17T03:17:22.816+0000] {processor.py:830} INFO - Processing file /opt/airflow/dags/data/models/Italy/TS_model.pkl for tasks to queue
[2024-08-17T03:17:22.817+0000] {logging_mixin.py:188} INFO - [2024-08-17T03:17:22.817+0000] {dagbag.py:545} INFO - Filling up the DagBag from /opt/airflow/dags/data/models/Italy/TS_model.pkl
[2024-08-17T03:17:22.824+0000] {processor.py:842} WARNING - No viable dags retrieved from /opt/airflow/dags/data/models/Italy/TS_model.pkl
[2024-08-17T03:17:22.833+0000] {processor.py:183} INFO - Processing /opt/airflow/dags/data/models/Italy/TS_model.pkl took 0.022 seconds
[2024-08-17T03:17:53.665+0000] {processor.py:161} INFO - Started process (PID=3876) to work on /opt/airflow/dags/data/models/Italy/TS_model.pkl
[2024-08-17T03:17:53.666+0000] {processor.py:830} INFO - Processing file /opt/airflow/dags/data/models/Italy/TS_model.pkl for tasks to queue
[2024-08-17T03:17:53.666+0000] {logging_mixin.py:188} INFO - [2024-08-17T03:17:53.666+0000] {dagbag.py:545} INFO - Filling up the DagBag from /opt/airflow/dags/data/models/Italy/TS_model.pkl
[2024-08-17T03:17:53.675+0000] {processor.py:842} WARNING - No viable dags retrieved from /opt/airflow/dags/data/models/Italy/TS_model.pkl
[2024-08-17T03:17:53.685+0000] {processor.py:183} INFO - Processing /opt/airflow/dags/data/models/Italy/TS_model.pkl took 0.023 seconds
[2024-08-17T03:18:24.469+0000] {processor.py:161} INFO - Started process (PID=4328) to work on /opt/airflow/dags/data/models/Italy/TS_model.pkl
[2024-08-17T03:18:24.472+0000] {processor.py:830} INFO - Processing file /opt/airflow/dags/data/models/Italy/TS_model.pkl for tasks to queue
[2024-08-17T03:18:24.473+0000] {logging_mixin.py:188} INFO - [2024-08-17T03:18:24.473+0000] {dagbag.py:545} INFO - Filling up the DagBag from /opt/airflow/dags/data/models/Italy/TS_model.pkl
[2024-08-17T03:18:24.485+0000] {processor.py:842} WARNING - No viable dags retrieved from /opt/airflow/dags/data/models/Italy/TS_model.pkl
[2024-08-17T03:18:24.497+0000] {processor.py:183} INFO - Processing /opt/airflow/dags/data/models/Italy/TS_model.pkl took 0.031 seconds
[2024-08-17T03:18:58.130+0000] {processor.py:161} INFO - Started process (PID=4747) to work on /opt/airflow/dags/data/models/Italy/TS_model.pkl
[2024-08-17T03:18:58.130+0000] {processor.py:830} INFO - Processing file /opt/airflow/dags/data/models/Italy/TS_model.pkl for tasks to queue
[2024-08-17T03:18:58.131+0000] {logging_mixin.py:188} INFO - [2024-08-17T03:18:58.130+0000] {dagbag.py:545} INFO - Filling up the DagBag from /opt/airflow/dags/data/models/Italy/TS_model.pkl
[2024-08-17T03:18:58.138+0000] {processor.py:842} WARNING - No viable dags retrieved from /opt/airflow/dags/data/models/Italy/TS_model.pkl
[2024-08-17T03:18:58.147+0000] {processor.py:183} INFO - Processing /opt/airflow/dags/data/models/Italy/TS_model.pkl took 0.022 seconds
[2024-08-17T03:19:29.341+0000] {processor.py:161} INFO - Started process (PID=5175) to work on /opt/airflow/dags/data/models/Italy/TS_model.pkl
[2024-08-17T03:19:29.341+0000] {processor.py:830} INFO - Processing file /opt/airflow/dags/data/models/Italy/TS_model.pkl for tasks to queue
[2024-08-17T03:19:29.342+0000] {logging_mixin.py:188} INFO - [2024-08-17T03:19:29.342+0000] {dagbag.py:545} INFO - Filling up the DagBag from /opt/airflow/dags/data/models/Italy/TS_model.pkl
[2024-08-17T03:19:29.351+0000] {processor.py:842} WARNING - No viable dags retrieved from /opt/airflow/dags/data/models/Italy/TS_model.pkl
[2024-08-17T03:19:29.360+0000] {processor.py:183} INFO - Processing /opt/airflow/dags/data/models/Italy/TS_model.pkl took 0.024 seconds
[2024-08-17T03:20:00.324+0000] {processor.py:161} INFO - Started process (PID=5629) to work on /opt/airflow/dags/data/models/Italy/TS_model.pkl
[2024-08-17T03:20:00.324+0000] {processor.py:830} INFO - Processing file /opt/airflow/dags/data/models/Italy/TS_model.pkl for tasks to queue
[2024-08-17T03:20:00.325+0000] {logging_mixin.py:188} INFO - [2024-08-17T03:20:00.325+0000] {dagbag.py:545} INFO - Filling up the DagBag from /opt/airflow/dags/data/models/Italy/TS_model.pkl
[2024-08-17T03:20:00.336+0000] {processor.py:842} WARNING - No viable dags retrieved from /opt/airflow/dags/data/models/Italy/TS_model.pkl
[2024-08-17T03:20:00.345+0000] {processor.py:183} INFO - Processing /opt/airflow/dags/data/models/Italy/TS_model.pkl took 0.026 seconds
[2024-08-17T03:20:30.971+0000] {processor.py:161} INFO - Started process (PID=6064) to work on /opt/airflow/dags/data/models/Italy/TS_model.pkl
[2024-08-17T03:20:30.972+0000] {processor.py:830} INFO - Processing file /opt/airflow/dags/data/models/Italy/TS_model.pkl for tasks to queue
[2024-08-17T03:20:30.973+0000] {logging_mixin.py:188} INFO - [2024-08-17T03:20:30.972+0000] {dagbag.py:545} INFO - Filling up the DagBag from /opt/airflow/dags/data/models/Italy/TS_model.pkl
[2024-08-17T03:20:30.980+0000] {processor.py:842} WARNING - No viable dags retrieved from /opt/airflow/dags/data/models/Italy/TS_model.pkl
[2024-08-17T03:20:30.990+0000] {processor.py:183} INFO - Processing /opt/airflow/dags/data/models/Italy/TS_model.pkl took 0.022 seconds
[2024-08-17T03:21:01.865+0000] {processor.py:161} INFO - Started process (PID=6511) to work on /opt/airflow/dags/data/models/Italy/TS_model.pkl
[2024-08-17T03:21:01.866+0000] {processor.py:830} INFO - Processing file /opt/airflow/dags/data/models/Italy/TS_model.pkl for tasks to queue
[2024-08-17T03:21:01.867+0000] {logging_mixin.py:188} INFO - [2024-08-17T03:21:01.866+0000] {dagbag.py:545} INFO - Filling up the DagBag from /opt/airflow/dags/data/models/Italy/TS_model.pkl
[2024-08-17T03:21:01.874+0000] {processor.py:842} WARNING - No viable dags retrieved from /opt/airflow/dags/data/models/Italy/TS_model.pkl
[2024-08-17T03:21:01.883+0000] {processor.py:183} INFO - Processing /opt/airflow/dags/data/models/Italy/TS_model.pkl took 0.021 seconds
[2024-08-17T03:21:32.624+0000] {processor.py:161} INFO - Started process (PID=6965) to work on /opt/airflow/dags/data/models/Italy/TS_model.pkl
[2024-08-17T03:21:32.625+0000] {processor.py:830} INFO - Processing file /opt/airflow/dags/data/models/Italy/TS_model.pkl for tasks to queue
[2024-08-17T03:21:32.626+0000] {logging_mixin.py:188} INFO - [2024-08-17T03:21:32.625+0000] {dagbag.py:545} INFO - Filling up the DagBag from /opt/airflow/dags/data/models/Italy/TS_model.pkl
[2024-08-17T03:21:32.633+0000] {processor.py:842} WARNING - No viable dags retrieved from /opt/airflow/dags/data/models/Italy/TS_model.pkl
[2024-08-17T03:21:32.642+0000] {processor.py:183} INFO - Processing /opt/airflow/dags/data/models/Italy/TS_model.pkl took 0.021 seconds
[2024-08-17T03:22:03.297+0000] {processor.py:161} INFO - Started process (PID=7393) to work on /opt/airflow/dags/data/models/Italy/TS_model.pkl
[2024-08-17T03:22:03.298+0000] {processor.py:830} INFO - Processing file /opt/airflow/dags/data/models/Italy/TS_model.pkl for tasks to queue
[2024-08-17T03:22:03.299+0000] {logging_mixin.py:188} INFO - [2024-08-17T03:22:03.298+0000] {dagbag.py:545} INFO - Filling up the DagBag from /opt/airflow/dags/data/models/Italy/TS_model.pkl
[2024-08-17T03:22:03.308+0000] {processor.py:842} WARNING - No viable dags retrieved from /opt/airflow/dags/data/models/Italy/TS_model.pkl
[2024-08-17T03:22:03.317+0000] {processor.py:183} INFO - Processing /opt/airflow/dags/data/models/Italy/TS_model.pkl took 0.024 seconds
[2024-08-17T03:22:33.974+0000] {processor.py:161} INFO - Started process (PID=7847) to work on /opt/airflow/dags/data/models/Italy/TS_model.pkl
[2024-08-17T03:22:33.974+0000] {processor.py:830} INFO - Processing file /opt/airflow/dags/data/models/Italy/TS_model.pkl for tasks to queue
[2024-08-17T03:22:33.975+0000] {logging_mixin.py:188} INFO - [2024-08-17T03:22:33.975+0000] {dagbag.py:545} INFO - Filling up the DagBag from /opt/airflow/dags/data/models/Italy/TS_model.pkl
[2024-08-17T03:22:33.984+0000] {processor.py:842} WARNING - No viable dags retrieved from /opt/airflow/dags/data/models/Italy/TS_model.pkl
[2024-08-17T03:22:33.993+0000] {processor.py:183} INFO - Processing /opt/airflow/dags/data/models/Italy/TS_model.pkl took 0.022 seconds
[2024-08-17T03:23:05.159+0000] {processor.py:161} INFO - Started process (PID=8302) to work on /opt/airflow/dags/data/models/Italy/TS_model.pkl
[2024-08-17T03:23:05.161+0000] {processor.py:830} INFO - Processing file /opt/airflow/dags/data/models/Italy/TS_model.pkl for tasks to queue
[2024-08-17T03:23:05.162+0000] {logging_mixin.py:188} INFO - [2024-08-17T03:23:05.162+0000] {dagbag.py:545} INFO - Filling up the DagBag from /opt/airflow/dags/data/models/Italy/TS_model.pkl
[2024-08-17T03:23:05.172+0000] {processor.py:842} WARNING - No viable dags retrieved from /opt/airflow/dags/data/models/Italy/TS_model.pkl
[2024-08-17T03:23:05.184+0000] {processor.py:183} INFO - Processing /opt/airflow/dags/data/models/Italy/TS_model.pkl took 0.030 seconds
[2024-08-17T03:23:36.814+0000] {processor.py:161} INFO - Started process (PID=8729) to work on /opt/airflow/dags/data/models/Italy/TS_model.pkl
[2024-08-17T03:23:36.814+0000] {processor.py:830} INFO - Processing file /opt/airflow/dags/data/models/Italy/TS_model.pkl for tasks to queue
[2024-08-17T03:23:36.815+0000] {logging_mixin.py:188} INFO - [2024-08-17T03:23:36.815+0000] {dagbag.py:545} INFO - Filling up the DagBag from /opt/airflow/dags/data/models/Italy/TS_model.pkl
[2024-08-17T03:23:36.821+0000] {processor.py:842} WARNING - No viable dags retrieved from /opt/airflow/dags/data/models/Italy/TS_model.pkl
[2024-08-17T03:23:36.831+0000] {processor.py:183} INFO - Processing /opt/airflow/dags/data/models/Italy/TS_model.pkl took 0.021 seconds
[2024-08-17T03:24:07.774+0000] {processor.py:161} INFO - Started process (PID=9162) to work on /opt/airflow/dags/data/models/Italy/TS_model.pkl
[2024-08-17T03:24:07.775+0000] {processor.py:830} INFO - Processing file /opt/airflow/dags/data/models/Italy/TS_model.pkl for tasks to queue
[2024-08-17T03:24:07.776+0000] {logging_mixin.py:188} INFO - [2024-08-17T03:24:07.775+0000] {dagbag.py:545} INFO - Filling up the DagBag from /opt/airflow/dags/data/models/Italy/TS_model.pkl
[2024-08-17T03:24:07.784+0000] {processor.py:842} WARNING - No viable dags retrieved from /opt/airflow/dags/data/models/Italy/TS_model.pkl
[2024-08-17T03:24:07.794+0000] {processor.py:183} INFO - Processing /opt/airflow/dags/data/models/Italy/TS_model.pkl took 0.024 seconds
[2024-08-17T03:24:38.940+0000] {processor.py:161} INFO - Started process (PID=9597) to work on /opt/airflow/dags/data/models/Italy/TS_model.pkl
[2024-08-17T03:24:38.940+0000] {processor.py:830} INFO - Processing file /opt/airflow/dags/data/models/Italy/TS_model.pkl for tasks to queue
[2024-08-17T03:24:38.941+0000] {logging_mixin.py:188} INFO - [2024-08-17T03:24:38.941+0000] {dagbag.py:545} INFO - Filling up the DagBag from /opt/airflow/dags/data/models/Italy/TS_model.pkl
[2024-08-17T03:24:38.949+0000] {processor.py:842} WARNING - No viable dags retrieved from /opt/airflow/dags/data/models/Italy/TS_model.pkl
[2024-08-17T03:24:38.959+0000] {processor.py:183} INFO - Processing /opt/airflow/dags/data/models/Italy/TS_model.pkl took 0.024 seconds
[2024-08-17T03:25:10.362+0000] {processor.py:161} INFO - Started process (PID=10044) to work on /opt/airflow/dags/data/models/Italy/TS_model.pkl
[2024-08-17T03:25:10.363+0000] {processor.py:830} INFO - Processing file /opt/airflow/dags/data/models/Italy/TS_model.pkl for tasks to queue
[2024-08-17T03:25:10.363+0000] {logging_mixin.py:188} INFO - [2024-08-17T03:25:10.363+0000] {dagbag.py:545} INFO - Filling up the DagBag from /opt/airflow/dags/data/models/Italy/TS_model.pkl
[2024-08-17T03:25:10.371+0000] {processor.py:842} WARNING - No viable dags retrieved from /opt/airflow/dags/data/models/Italy/TS_model.pkl
[2024-08-17T03:25:10.380+0000] {processor.py:183} INFO - Processing /opt/airflow/dags/data/models/Italy/TS_model.pkl took 0.022 seconds
[2024-08-17T03:25:41.575+0000] {processor.py:161} INFO - Started process (PID=10482) to work on /opt/airflow/dags/data/models/Italy/TS_model.pkl
[2024-08-17T03:25:41.577+0000] {processor.py:830} INFO - Processing file /opt/airflow/dags/data/models/Italy/TS_model.pkl for tasks to queue
[2024-08-17T03:25:41.577+0000] {logging_mixin.py:188} INFO - [2024-08-17T03:25:41.577+0000] {dagbag.py:545} INFO - Filling up the DagBag from /opt/airflow/dags/data/models/Italy/TS_model.pkl
[2024-08-17T03:25:41.587+0000] {processor.py:842} WARNING - No viable dags retrieved from /opt/airflow/dags/data/models/Italy/TS_model.pkl
[2024-08-17T03:25:41.597+0000] {processor.py:183} INFO - Processing /opt/airflow/dags/data/models/Italy/TS_model.pkl took 0.026 seconds
[2024-08-17T03:26:12.526+0000] {processor.py:161} INFO - Started process (PID=10917) to work on /opt/airflow/dags/data/models/Italy/TS_model.pkl
[2024-08-17T03:26:12.527+0000] {processor.py:830} INFO - Processing file /opt/airflow/dags/data/models/Italy/TS_model.pkl for tasks to queue
[2024-08-17T03:26:12.528+0000] {logging_mixin.py:188} INFO - [2024-08-17T03:26:12.527+0000] {dagbag.py:545} INFO - Filling up the DagBag from /opt/airflow/dags/data/models/Italy/TS_model.pkl
[2024-08-17T03:26:12.536+0000] {processor.py:842} WARNING - No viable dags retrieved from /opt/airflow/dags/data/models/Italy/TS_model.pkl
[2024-08-17T03:26:12.546+0000] {processor.py:183} INFO - Processing /opt/airflow/dags/data/models/Italy/TS_model.pkl took 0.024 seconds
[2024-08-17T03:26:43.456+0000] {processor.py:161} INFO - Started process (PID=11364) to work on /opt/airflow/dags/data/models/Italy/TS_model.pkl
[2024-08-17T03:26:43.456+0000] {processor.py:830} INFO - Processing file /opt/airflow/dags/data/models/Italy/TS_model.pkl for tasks to queue
[2024-08-17T03:26:43.457+0000] {logging_mixin.py:188} INFO - [2024-08-17T03:26:43.457+0000] {dagbag.py:545} INFO - Filling up the DagBag from /opt/airflow/dags/data/models/Italy/TS_model.pkl
[2024-08-17T03:26:43.476+0000] {processor.py:842} WARNING - No viable dags retrieved from /opt/airflow/dags/data/models/Italy/TS_model.pkl
[2024-08-17T03:26:43.486+0000] {processor.py:183} INFO - Processing /opt/airflow/dags/data/models/Italy/TS_model.pkl took 0.034 seconds
[2024-08-17T03:27:14.901+0000] {processor.py:161} INFO - Started process (PID=11819) to work on /opt/airflow/dags/data/models/Italy/TS_model.pkl
[2024-08-17T03:27:14.902+0000] {processor.py:830} INFO - Processing file /opt/airflow/dags/data/models/Italy/TS_model.pkl for tasks to queue
[2024-08-17T03:27:14.903+0000] {logging_mixin.py:188} INFO - [2024-08-17T03:27:14.902+0000] {dagbag.py:545} INFO - Filling up the DagBag from /opt/airflow/dags/data/models/Italy/TS_model.pkl
[2024-08-17T03:27:14.914+0000] {processor.py:842} WARNING - No viable dags retrieved from /opt/airflow/dags/data/models/Italy/TS_model.pkl
[2024-08-17T03:27:14.924+0000] {processor.py:183} INFO - Processing /opt/airflow/dags/data/models/Italy/TS_model.pkl took 0.027 seconds
[2024-08-17T03:27:45.677+0000] {processor.py:161} INFO - Started process (PID=12226) to work on /opt/airflow/dags/data/models/Italy/TS_model.pkl
[2024-08-17T03:27:45.678+0000] {processor.py:830} INFO - Processing file /opt/airflow/dags/data/models/Italy/TS_model.pkl for tasks to queue
[2024-08-17T03:27:45.679+0000] {logging_mixin.py:188} INFO - [2024-08-17T03:27:45.679+0000] {dagbag.py:545} INFO - Filling up the DagBag from /opt/airflow/dags/data/models/Italy/TS_model.pkl
[2024-08-17T03:27:45.686+0000] {processor.py:842} WARNING - No viable dags retrieved from /opt/airflow/dags/data/models/Italy/TS_model.pkl
[2024-08-17T03:27:45.695+0000] {processor.py:183} INFO - Processing /opt/airflow/dags/data/models/Italy/TS_model.pkl took 0.022 seconds
[2024-08-17T03:28:16.352+0000] {processor.py:161} INFO - Started process (PID=12680) to work on /opt/airflow/dags/data/models/Italy/TS_model.pkl
[2024-08-17T03:28:16.353+0000] {processor.py:830} INFO - Processing file /opt/airflow/dags/data/models/Italy/TS_model.pkl for tasks to queue
[2024-08-17T03:28:16.354+0000] {logging_mixin.py:188} INFO - [2024-08-17T03:28:16.354+0000] {dagbag.py:545} INFO - Filling up the DagBag from /opt/airflow/dags/data/models/Italy/TS_model.pkl
[2024-08-17T03:28:16.368+0000] {processor.py:842} WARNING - No viable dags retrieved from /opt/airflow/dags/data/models/Italy/TS_model.pkl
[2024-08-17T03:28:16.378+0000] {processor.py:183} INFO - Processing /opt/airflow/dags/data/models/Italy/TS_model.pkl took 0.030 seconds
[2024-08-17T03:28:47.401+0000] {processor.py:161} INFO - Started process (PID=13137) to work on /opt/airflow/dags/data/models/Italy/TS_model.pkl
[2024-08-17T03:28:47.402+0000] {processor.py:830} INFO - Processing file /opt/airflow/dags/data/models/Italy/TS_model.pkl for tasks to queue
[2024-08-17T03:28:47.403+0000] {logging_mixin.py:188} INFO - [2024-08-17T03:28:47.402+0000] {dagbag.py:545} INFO - Filling up the DagBag from /opt/airflow/dags/data/models/Italy/TS_model.pkl
[2024-08-17T03:28:47.418+0000] {processor.py:842} WARNING - No viable dags retrieved from /opt/airflow/dags/data/models/Italy/TS_model.pkl
[2024-08-17T03:28:47.428+0000] {processor.py:183} INFO - Processing /opt/airflow/dags/data/models/Italy/TS_model.pkl took 0.030 seconds
[2024-08-17T03:29:18.273+0000] {processor.py:161} INFO - Started process (PID=13564) to work on /opt/airflow/dags/data/models/Italy/TS_model.pkl
[2024-08-17T03:29:18.274+0000] {processor.py:830} INFO - Processing file /opt/airflow/dags/data/models/Italy/TS_model.pkl for tasks to queue
[2024-08-17T03:29:18.275+0000] {logging_mixin.py:188} INFO - [2024-08-17T03:29:18.274+0000] {dagbag.py:545} INFO - Filling up the DagBag from /opt/airflow/dags/data/models/Italy/TS_model.pkl
[2024-08-17T03:29:18.282+0000] {processor.py:842} WARNING - No viable dags retrieved from /opt/airflow/dags/data/models/Italy/TS_model.pkl
[2024-08-17T03:29:18.292+0000] {processor.py:183} INFO - Processing /opt/airflow/dags/data/models/Italy/TS_model.pkl took 0.022 seconds
[2024-08-17T03:29:48.817+0000] {processor.py:161} INFO - Started process (PID=14018) to work on /opt/airflow/dags/data/models/Italy/TS_model.pkl
[2024-08-17T03:29:48.818+0000] {processor.py:830} INFO - Processing file /opt/airflow/dags/data/models/Italy/TS_model.pkl for tasks to queue
[2024-08-17T03:29:48.819+0000] {logging_mixin.py:188} INFO - [2024-08-17T03:29:48.818+0000] {dagbag.py:545} INFO - Filling up the DagBag from /opt/airflow/dags/data/models/Italy/TS_model.pkl
[2024-08-17T03:29:48.828+0000] {processor.py:842} WARNING - No viable dags retrieved from /opt/airflow/dags/data/models/Italy/TS_model.pkl
[2024-08-17T03:29:48.837+0000] {processor.py:183} INFO - Processing /opt/airflow/dags/data/models/Italy/TS_model.pkl took 0.023 seconds
[2024-08-17T03:30:19.615+0000] {processor.py:161} INFO - Started process (PID=14453) to work on /opt/airflow/dags/data/models/Italy/TS_model.pkl
[2024-08-17T03:30:19.615+0000] {processor.py:830} INFO - Processing file /opt/airflow/dags/data/models/Italy/TS_model.pkl for tasks to queue
[2024-08-17T03:30:19.616+0000] {logging_mixin.py:188} INFO - [2024-08-17T03:30:19.616+0000] {dagbag.py:545} INFO - Filling up the DagBag from /opt/airflow/dags/data/models/Italy/TS_model.pkl
[2024-08-17T03:30:19.625+0000] {processor.py:842} WARNING - No viable dags retrieved from /opt/airflow/dags/data/models/Italy/TS_model.pkl
[2024-08-17T03:30:19.636+0000] {processor.py:183} INFO - Processing /opt/airflow/dags/data/models/Italy/TS_model.pkl took 0.025 seconds
[2024-08-17T03:30:51.391+0000] {processor.py:161} INFO - Started process (PID=14899) to work on /opt/airflow/dags/data/models/Italy/TS_model.pkl
[2024-08-17T03:30:51.391+0000] {processor.py:830} INFO - Processing file /opt/airflow/dags/data/models/Italy/TS_model.pkl for tasks to queue
[2024-08-17T03:30:51.392+0000] {logging_mixin.py:188} INFO - [2024-08-17T03:30:51.392+0000] {dagbag.py:545} INFO - Filling up the DagBag from /opt/airflow/dags/data/models/Italy/TS_model.pkl
[2024-08-17T03:30:51.399+0000] {processor.py:842} WARNING - No viable dags retrieved from /opt/airflow/dags/data/models/Italy/TS_model.pkl
[2024-08-17T03:30:51.408+0000] {processor.py:183} INFO - Processing /opt/airflow/dags/data/models/Italy/TS_model.pkl took 0.021 seconds
[2024-08-17T03:31:22.410+0000] {processor.py:161} INFO - Started process (PID=15333) to work on /opt/airflow/dags/data/models/Italy/TS_model.pkl
[2024-08-17T03:31:22.411+0000] {processor.py:830} INFO - Processing file /opt/airflow/dags/data/models/Italy/TS_model.pkl for tasks to queue
[2024-08-17T03:31:22.411+0000] {logging_mixin.py:188} INFO - [2024-08-17T03:31:22.411+0000] {dagbag.py:545} INFO - Filling up the DagBag from /opt/airflow/dags/data/models/Italy/TS_model.pkl
[2024-08-17T03:31:22.421+0000] {processor.py:842} WARNING - No viable dags retrieved from /opt/airflow/dags/data/models/Italy/TS_model.pkl
[2024-08-17T03:31:22.430+0000] {processor.py:183} INFO - Processing /opt/airflow/dags/data/models/Italy/TS_model.pkl took 0.023 seconds
[2024-08-17T03:31:53.354+0000] {processor.py:161} INFO - Started process (PID=15761) to work on /opt/airflow/dags/data/models/Italy/TS_model.pkl
[2024-08-17T03:31:53.354+0000] {processor.py:830} INFO - Processing file /opt/airflow/dags/data/models/Italy/TS_model.pkl for tasks to queue
[2024-08-17T03:31:53.355+0000] {logging_mixin.py:188} INFO - [2024-08-17T03:31:53.355+0000] {dagbag.py:545} INFO - Filling up the DagBag from /opt/airflow/dags/data/models/Italy/TS_model.pkl
[2024-08-17T03:31:53.366+0000] {processor.py:842} WARNING - No viable dags retrieved from /opt/airflow/dags/data/models/Italy/TS_model.pkl
[2024-08-17T03:31:53.375+0000] {processor.py:183} INFO - Processing /opt/airflow/dags/data/models/Italy/TS_model.pkl took 0.025 seconds
[2024-08-17T03:32:24.535+0000] {processor.py:161} INFO - Started process (PID=16214) to work on /opt/airflow/dags/data/models/Italy/TS_model.pkl
[2024-08-17T03:32:24.536+0000] {processor.py:830} INFO - Processing file /opt/airflow/dags/data/models/Italy/TS_model.pkl for tasks to queue
[2024-08-17T03:32:24.537+0000] {logging_mixin.py:188} INFO - [2024-08-17T03:32:24.536+0000] {dagbag.py:545} INFO - Filling up the DagBag from /opt/airflow/dags/data/models/Italy/TS_model.pkl
[2024-08-17T03:32:24.545+0000] {processor.py:842} WARNING - No viable dags retrieved from /opt/airflow/dags/data/models/Italy/TS_model.pkl
[2024-08-17T03:32:24.553+0000] {processor.py:183} INFO - Processing /opt/airflow/dags/data/models/Italy/TS_model.pkl took 0.022 seconds
[2024-08-17T03:32:55.622+0000] {processor.py:161} INFO - Started process (PID=16652) to work on /opt/airflow/dags/data/models/Italy/TS_model.pkl
[2024-08-17T03:32:55.623+0000] {processor.py:830} INFO - Processing file /opt/airflow/dags/data/models/Italy/TS_model.pkl for tasks to queue
[2024-08-17T03:32:55.623+0000] {logging_mixin.py:188} INFO - [2024-08-17T03:32:55.623+0000] {dagbag.py:545} INFO - Filling up the DagBag from /opt/airflow/dags/data/models/Italy/TS_model.pkl
[2024-08-17T03:32:55.631+0000] {processor.py:842} WARNING - No viable dags retrieved from /opt/airflow/dags/data/models/Italy/TS_model.pkl
[2024-08-17T03:32:55.640+0000] {processor.py:183} INFO - Processing /opt/airflow/dags/data/models/Italy/TS_model.pkl took 0.021 seconds
[2024-08-17T03:33:26.543+0000] {processor.py:161} INFO - Started process (PID=17080) to work on /opt/airflow/dags/data/models/Italy/TS_model.pkl
[2024-08-17T03:33:26.544+0000] {processor.py:830} INFO - Processing file /opt/airflow/dags/data/models/Italy/TS_model.pkl for tasks to queue
[2024-08-17T03:33:26.545+0000] {logging_mixin.py:188} INFO - [2024-08-17T03:33:26.544+0000] {dagbag.py:545} INFO - Filling up the DagBag from /opt/airflow/dags/data/models/Italy/TS_model.pkl
[2024-08-17T03:33:26.557+0000] {processor.py:842} WARNING - No viable dags retrieved from /opt/airflow/dags/data/models/Italy/TS_model.pkl
[2024-08-17T03:33:26.569+0000] {processor.py:183} INFO - Processing /opt/airflow/dags/data/models/Italy/TS_model.pkl took 0.030 seconds
[2024-08-17T03:33:59.756+0000] {processor.py:161} INFO - Started process (PID=17515) to work on /opt/airflow/dags/data/models/Italy/TS_model.pkl
[2024-08-17T03:33:59.757+0000] {processor.py:830} INFO - Processing file /opt/airflow/dags/data/models/Italy/TS_model.pkl for tasks to queue
[2024-08-17T03:33:59.757+0000] {logging_mixin.py:188} INFO - [2024-08-17T03:33:59.757+0000] {dagbag.py:545} INFO - Filling up the DagBag from /opt/airflow/dags/data/models/Italy/TS_model.pkl
[2024-08-17T03:33:59.772+0000] {processor.py:842} WARNING - No viable dags retrieved from /opt/airflow/dags/data/models/Italy/TS_model.pkl
[2024-08-17T03:33:59.782+0000] {processor.py:183} INFO - Processing /opt/airflow/dags/data/models/Italy/TS_model.pkl took 0.029 seconds
[2024-08-17T03:34:31.116+0000] {processor.py:161} INFO - Started process (PID=17969) to work on /opt/airflow/dags/data/models/Italy/TS_model.pkl
[2024-08-17T03:34:31.117+0000] {processor.py:830} INFO - Processing file /opt/airflow/dags/data/models/Italy/TS_model.pkl for tasks to queue
[2024-08-17T03:34:31.118+0000] {logging_mixin.py:188} INFO - [2024-08-17T03:34:31.118+0000] {dagbag.py:545} INFO - Filling up the DagBag from /opt/airflow/dags/data/models/Italy/TS_model.pkl
[2024-08-17T03:34:31.131+0000] {processor.py:842} WARNING - No viable dags retrieved from /opt/airflow/dags/data/models/Italy/TS_model.pkl
[2024-08-17T03:34:31.140+0000] {processor.py:183} INFO - Processing /opt/airflow/dags/data/models/Italy/TS_model.pkl took 0.027 seconds
[2024-08-17T03:35:02.494+0000] {processor.py:161} INFO - Started process (PID=18404) to work on /opt/airflow/dags/data/models/Italy/TS_model.pkl
[2024-08-17T03:35:02.494+0000] {processor.py:830} INFO - Processing file /opt/airflow/dags/data/models/Italy/TS_model.pkl for tasks to queue
[2024-08-17T03:35:02.495+0000] {logging_mixin.py:188} INFO - [2024-08-17T03:35:02.495+0000] {dagbag.py:545} INFO - Filling up the DagBag from /opt/airflow/dags/data/models/Italy/TS_model.pkl
[2024-08-17T03:35:02.504+0000] {processor.py:842} WARNING - No viable dags retrieved from /opt/airflow/dags/data/models/Italy/TS_model.pkl
[2024-08-17T03:35:02.514+0000] {processor.py:183} INFO - Processing /opt/airflow/dags/data/models/Italy/TS_model.pkl took 0.024 seconds
[2024-08-17T03:35:33.492+0000] {processor.py:161} INFO - Started process (PID=18851) to work on /opt/airflow/dags/data/models/Italy/TS_model.pkl
[2024-08-17T03:35:33.493+0000] {processor.py:830} INFO - Processing file /opt/airflow/dags/data/models/Italy/TS_model.pkl for tasks to queue
[2024-08-17T03:35:33.493+0000] {logging_mixin.py:188} INFO - [2024-08-17T03:35:33.493+0000] {dagbag.py:545} INFO - Filling up the DagBag from /opt/airflow/dags/data/models/Italy/TS_model.pkl
[2024-08-17T03:35:33.503+0000] {processor.py:842} WARNING - No viable dags retrieved from /opt/airflow/dags/data/models/Italy/TS_model.pkl
[2024-08-17T03:35:33.513+0000] {processor.py:183} INFO - Processing /opt/airflow/dags/data/models/Italy/TS_model.pkl took 0.024 seconds
[2024-08-17T03:36:04.120+0000] {processor.py:161} INFO - Started process (PID=19305) to work on /opt/airflow/dags/data/models/Italy/TS_model.pkl
[2024-08-17T03:36:04.120+0000] {processor.py:830} INFO - Processing file /opt/airflow/dags/data/models/Italy/TS_model.pkl for tasks to queue
[2024-08-17T03:36:04.121+0000] {logging_mixin.py:188} INFO - [2024-08-17T03:36:04.120+0000] {dagbag.py:545} INFO - Filling up the DagBag from /opt/airflow/dags/data/models/Italy/TS_model.pkl
[2024-08-17T03:36:04.128+0000] {processor.py:842} WARNING - No viable dags retrieved from /opt/airflow/dags/data/models/Italy/TS_model.pkl
[2024-08-17T03:36:04.137+0000] {processor.py:183} INFO - Processing /opt/airflow/dags/data/models/Italy/TS_model.pkl took 0.022 seconds
[2024-08-17T03:36:35.194+0000] {processor.py:161} INFO - Started process (PID=19733) to work on /opt/airflow/dags/data/models/Italy/TS_model.pkl
[2024-08-17T03:36:35.195+0000] {processor.py:830} INFO - Processing file /opt/airflow/dags/data/models/Italy/TS_model.pkl for tasks to queue
[2024-08-17T03:36:35.196+0000] {logging_mixin.py:188} INFO - [2024-08-17T03:36:35.195+0000] {dagbag.py:545} INFO - Filling up the DagBag from /opt/airflow/dags/data/models/Italy/TS_model.pkl
[2024-08-17T03:36:35.204+0000] {processor.py:842} WARNING - No viable dags retrieved from /opt/airflow/dags/data/models/Italy/TS_model.pkl
[2024-08-17T03:36:35.213+0000] {processor.py:183} INFO - Processing /opt/airflow/dags/data/models/Italy/TS_model.pkl took 0.022 seconds
[2024-08-17T03:37:05.904+0000] {processor.py:161} INFO - Started process (PID=20187) to work on /opt/airflow/dags/data/models/Italy/TS_model.pkl
[2024-08-17T03:37:05.905+0000] {processor.py:830} INFO - Processing file /opt/airflow/dags/data/models/Italy/TS_model.pkl for tasks to queue
[2024-08-17T03:37:05.905+0000] {logging_mixin.py:188} INFO - [2024-08-17T03:37:05.905+0000] {dagbag.py:545} INFO - Filling up the DagBag from /opt/airflow/dags/data/models/Italy/TS_model.pkl
[2024-08-17T03:37:05.915+0000] {processor.py:842} WARNING - No viable dags retrieved from /opt/airflow/dags/data/models/Italy/TS_model.pkl
[2024-08-17T03:37:05.925+0000] {processor.py:183} INFO - Processing /opt/airflow/dags/data/models/Italy/TS_model.pkl took 0.025 seconds
[2024-08-17T03:37:36.720+0000] {processor.py:161} INFO - Started process (PID=20641) to work on /opt/airflow/dags/data/models/Italy/TS_model.pkl
[2024-08-17T03:37:36.721+0000] {processor.py:830} INFO - Processing file /opt/airflow/dags/data/models/Italy/TS_model.pkl for tasks to queue
[2024-08-17T03:37:36.723+0000] {logging_mixin.py:188} INFO - [2024-08-17T03:37:36.723+0000] {dagbag.py:545} INFO - Filling up the DagBag from /opt/airflow/dags/data/models/Italy/TS_model.pkl
[2024-08-17T03:37:36.732+0000] {processor.py:842} WARNING - No viable dags retrieved from /opt/airflow/dags/data/models/Italy/TS_model.pkl
[2024-08-17T03:37:36.741+0000] {processor.py:183} INFO - Processing /opt/airflow/dags/data/models/Italy/TS_model.pkl took 0.025 seconds
[2024-08-17T09:22:51.348+0000] {processor.py:161} INFO - Started process (PID=287) to work on /opt/airflow/dags/data/models/Italy/TS_model.pkl
[2024-08-17T09:22:51.349+0000] {processor.py:830} INFO - Processing file /opt/airflow/dags/data/models/Italy/TS_model.pkl for tasks to queue
[2024-08-17T09:22:51.350+0000] {logging_mixin.py:188} INFO - [2024-08-17T09:22:51.350+0000] {dagbag.py:545} INFO - Filling up the DagBag from /opt/airflow/dags/data/models/Italy/TS_model.pkl
[2024-08-17T09:22:51.357+0000] {processor.py:842} WARNING - No viable dags retrieved from /opt/airflow/dags/data/models/Italy/TS_model.pkl
[2024-08-17T09:22:51.367+0000] {processor.py:183} INFO - Processing /opt/airflow/dags/data/models/Italy/TS_model.pkl took 0.023 seconds
[2024-08-17T09:23:23.470+0000] {processor.py:161} INFO - Started process (PID=717) to work on /opt/airflow/dags/data/models/Italy/TS_model.pkl
[2024-08-17T09:23:23.471+0000] {processor.py:830} INFO - Processing file /opt/airflow/dags/data/models/Italy/TS_model.pkl for tasks to queue
[2024-08-17T09:23:23.472+0000] {logging_mixin.py:188} INFO - [2024-08-17T09:23:23.472+0000] {dagbag.py:545} INFO - Filling up the DagBag from /opt/airflow/dags/data/models/Italy/TS_model.pkl
[2024-08-17T09:23:23.480+0000] {processor.py:842} WARNING - No viable dags retrieved from /opt/airflow/dags/data/models/Italy/TS_model.pkl
[2024-08-17T09:23:23.488+0000] {processor.py:183} INFO - Processing /opt/airflow/dags/data/models/Italy/TS_model.pkl took 0.021 seconds
[2024-08-17T09:23:55.124+0000] {processor.py:161} INFO - Started process (PID=1171) to work on /opt/airflow/dags/data/models/Italy/TS_model.pkl
[2024-08-17T09:23:55.124+0000] {processor.py:830} INFO - Processing file /opt/airflow/dags/data/models/Italy/TS_model.pkl for tasks to queue
[2024-08-17T09:23:55.125+0000] {logging_mixin.py:188} INFO - [2024-08-17T09:23:55.125+0000] {dagbag.py:545} INFO - Filling up the DagBag from /opt/airflow/dags/data/models/Italy/TS_model.pkl
[2024-08-17T09:23:55.132+0000] {processor.py:842} WARNING - No viable dags retrieved from /opt/airflow/dags/data/models/Italy/TS_model.pkl
[2024-08-17T09:23:55.141+0000] {processor.py:183} INFO - Processing /opt/airflow/dags/data/models/Italy/TS_model.pkl took 0.022 seconds
[2024-08-17T09:24:28.199+0000] {processor.py:161} INFO - Started process (PID=1625) to work on /opt/airflow/dags/data/models/Italy/TS_model.pkl
[2024-08-17T09:24:28.200+0000] {processor.py:830} INFO - Processing file /opt/airflow/dags/data/models/Italy/TS_model.pkl for tasks to queue
[2024-08-17T09:24:28.201+0000] {logging_mixin.py:188} INFO - [2024-08-17T09:24:28.201+0000] {dagbag.py:545} INFO - Filling up the DagBag from /opt/airflow/dags/data/models/Italy/TS_model.pkl
[2024-08-17T09:24:28.209+0000] {processor.py:842} WARNING - No viable dags retrieved from /opt/airflow/dags/data/models/Italy/TS_model.pkl
[2024-08-17T09:24:28.218+0000] {processor.py:183} INFO - Processing /opt/airflow/dags/data/models/Italy/TS_model.pkl took 0.022 seconds
[2024-08-17T09:24:59.928+0000] {processor.py:161} INFO - Started process (PID=2079) to work on /opt/airflow/dags/data/models/Italy/TS_model.pkl
[2024-08-17T09:24:59.929+0000] {processor.py:830} INFO - Processing file /opt/airflow/dags/data/models/Italy/TS_model.pkl for tasks to queue
[2024-08-17T09:24:59.930+0000] {logging_mixin.py:188} INFO - [2024-08-17T09:24:59.930+0000] {dagbag.py:545} INFO - Filling up the DagBag from /opt/airflow/dags/data/models/Italy/TS_model.pkl
[2024-08-17T09:24:59.938+0000] {processor.py:842} WARNING - No viable dags retrieved from /opt/airflow/dags/data/models/Italy/TS_model.pkl
[2024-08-17T09:24:59.948+0000] {processor.py:183} INFO - Processing /opt/airflow/dags/data/models/Italy/TS_model.pkl took 0.023 seconds
[2024-08-17T09:25:30.943+0000] {processor.py:161} INFO - Started process (PID=2507) to work on /opt/airflow/dags/data/models/Italy/TS_model.pkl
[2024-08-17T09:25:30.944+0000] {processor.py:830} INFO - Processing file /opt/airflow/dags/data/models/Italy/TS_model.pkl for tasks to queue
[2024-08-17T09:25:30.945+0000] {logging_mixin.py:188} INFO - [2024-08-17T09:25:30.945+0000] {dagbag.py:545} INFO - Filling up the DagBag from /opt/airflow/dags/data/models/Italy/TS_model.pkl
[2024-08-17T09:25:30.954+0000] {processor.py:842} WARNING - No viable dags retrieved from /opt/airflow/dags/data/models/Italy/TS_model.pkl
[2024-08-17T09:25:30.963+0000] {processor.py:183} INFO - Processing /opt/airflow/dags/data/models/Italy/TS_model.pkl took 0.023 seconds
[2024-08-17T09:26:02.107+0000] {processor.py:161} INFO - Started process (PID=2961) to work on /opt/airflow/dags/data/models/Italy/TS_model.pkl
[2024-08-17T09:26:02.108+0000] {processor.py:830} INFO - Processing file /opt/airflow/dags/data/models/Italy/TS_model.pkl for tasks to queue
[2024-08-17T09:26:02.109+0000] {logging_mixin.py:188} INFO - [2024-08-17T09:26:02.108+0000] {dagbag.py:545} INFO - Filling up the DagBag from /opt/airflow/dags/data/models/Italy/TS_model.pkl
[2024-08-17T09:26:02.117+0000] {processor.py:842} WARNING - No viable dags retrieved from /opt/airflow/dags/data/models/Italy/TS_model.pkl
[2024-08-17T09:26:02.129+0000] {processor.py:183} INFO - Processing /opt/airflow/dags/data/models/Italy/TS_model.pkl took 0.025 seconds
[2024-08-17T09:26:33.143+0000] {processor.py:161} INFO - Started process (PID=3415) to work on /opt/airflow/dags/data/models/Italy/TS_model.pkl
[2024-08-17T09:26:33.144+0000] {processor.py:830} INFO - Processing file /opt/airflow/dags/data/models/Italy/TS_model.pkl for tasks to queue
[2024-08-17T09:26:33.145+0000] {logging_mixin.py:188} INFO - [2024-08-17T09:26:33.145+0000] {dagbag.py:545} INFO - Filling up the DagBag from /opt/airflow/dags/data/models/Italy/TS_model.pkl
[2024-08-17T09:26:33.154+0000] {processor.py:842} WARNING - No viable dags retrieved from /opt/airflow/dags/data/models/Italy/TS_model.pkl
[2024-08-17T09:26:33.165+0000] {processor.py:183} INFO - Processing /opt/airflow/dags/data/models/Italy/TS_model.pkl took 0.025 seconds
[2024-08-17T09:27:03.972+0000] {processor.py:161} INFO - Started process (PID=3843) to work on /opt/airflow/dags/data/models/Italy/TS_model.pkl
[2024-08-17T09:27:03.972+0000] {processor.py:830} INFO - Processing file /opt/airflow/dags/data/models/Italy/TS_model.pkl for tasks to queue
[2024-08-17T09:27:03.974+0000] {logging_mixin.py:188} INFO - [2024-08-17T09:27:03.973+0000] {dagbag.py:545} INFO - Filling up the DagBag from /opt/airflow/dags/data/models/Italy/TS_model.pkl
[2024-08-17T09:27:03.981+0000] {processor.py:842} WARNING - No viable dags retrieved from /opt/airflow/dags/data/models/Italy/TS_model.pkl
[2024-08-17T09:27:03.989+0000] {processor.py:183} INFO - Processing /opt/airflow/dags/data/models/Italy/TS_model.pkl took 0.021 seconds
[2024-08-17T09:27:34.689+0000] {processor.py:161} INFO - Started process (PID=4298) to work on /opt/airflow/dags/data/models/Italy/TS_model.pkl
[2024-08-17T09:27:34.690+0000] {processor.py:830} INFO - Processing file /opt/airflow/dags/data/models/Italy/TS_model.pkl for tasks to queue
[2024-08-17T09:27:34.691+0000] {logging_mixin.py:188} INFO - [2024-08-17T09:27:34.691+0000] {dagbag.py:545} INFO - Filling up the DagBag from /opt/airflow/dags/data/models/Italy/TS_model.pkl
[2024-08-17T09:27:34.700+0000] {processor.py:842} WARNING - No viable dags retrieved from /opt/airflow/dags/data/models/Italy/TS_model.pkl
[2024-08-17T09:27:34.709+0000] {processor.py:183} INFO - Processing /opt/airflow/dags/data/models/Italy/TS_model.pkl took 0.024 seconds
[2024-08-17T09:28:05.518+0000] {processor.py:161} INFO - Started process (PID=4726) to work on /opt/airflow/dags/data/models/Italy/TS_model.pkl
[2024-08-17T09:28:05.519+0000] {processor.py:830} INFO - Processing file /opt/airflow/dags/data/models/Italy/TS_model.pkl for tasks to queue
[2024-08-17T09:28:05.520+0000] {logging_mixin.py:188} INFO - [2024-08-17T09:28:05.520+0000] {dagbag.py:545} INFO - Filling up the DagBag from /opt/airflow/dags/data/models/Italy/TS_model.pkl
[2024-08-17T09:28:05.529+0000] {processor.py:842} WARNING - No viable dags retrieved from /opt/airflow/dags/data/models/Italy/TS_model.pkl
[2024-08-17T09:28:05.538+0000] {processor.py:183} INFO - Processing /opt/airflow/dags/data/models/Italy/TS_model.pkl took 0.023 seconds
[2024-08-17T09:28:36.708+0000] {processor.py:161} INFO - Started process (PID=5180) to work on /opt/airflow/dags/data/models/Italy/TS_model.pkl
[2024-08-17T09:28:36.708+0000] {processor.py:830} INFO - Processing file /opt/airflow/dags/data/models/Italy/TS_model.pkl for tasks to queue
[2024-08-17T09:28:36.710+0000] {logging_mixin.py:188} INFO - [2024-08-17T09:28:36.710+0000] {dagbag.py:545} INFO - Filling up the DagBag from /opt/airflow/dags/data/models/Italy/TS_model.pkl
[2024-08-17T09:28:36.722+0000] {processor.py:842} WARNING - No viable dags retrieved from /opt/airflow/dags/data/models/Italy/TS_model.pkl
[2024-08-17T09:28:36.730+0000] {processor.py:183} INFO - Processing /opt/airflow/dags/data/models/Italy/TS_model.pkl took 0.026 seconds
[2024-08-17T09:29:08.057+0000] {processor.py:161} INFO - Started process (PID=5634) to work on /opt/airflow/dags/data/models/Italy/TS_model.pkl
[2024-08-17T09:29:08.058+0000] {processor.py:830} INFO - Processing file /opt/airflow/dags/data/models/Italy/TS_model.pkl for tasks to queue
[2024-08-17T09:29:08.059+0000] {logging_mixin.py:188} INFO - [2024-08-17T09:29:08.058+0000] {dagbag.py:545} INFO - Filling up the DagBag from /opt/airflow/dags/data/models/Italy/TS_model.pkl
[2024-08-17T09:29:08.066+0000] {processor.py:842} WARNING - No viable dags retrieved from /opt/airflow/dags/data/models/Italy/TS_model.pkl
[2024-08-17T09:29:08.074+0000] {processor.py:183} INFO - Processing /opt/airflow/dags/data/models/Italy/TS_model.pkl took 0.020 seconds
[2024-08-17T09:29:39.935+0000] {processor.py:161} INFO - Started process (PID=6069) to work on /opt/airflow/dags/data/models/Italy/TS_model.pkl
[2024-08-17T09:29:39.937+0000] {processor.py:830} INFO - Processing file /opt/airflow/dags/data/models/Italy/TS_model.pkl for tasks to queue
[2024-08-17T09:29:39.938+0000] {logging_mixin.py:188} INFO - [2024-08-17T09:29:39.938+0000] {dagbag.py:545} INFO - Filling up the DagBag from /opt/airflow/dags/data/models/Italy/TS_model.pkl
[2024-08-17T09:29:39.951+0000] {processor.py:842} WARNING - No viable dags retrieved from /opt/airflow/dags/data/models/Italy/TS_model.pkl
[2024-08-17T09:29:39.960+0000] {processor.py:183} INFO - Processing /opt/airflow/dags/data/models/Italy/TS_model.pkl took 0.028 seconds
[2024-08-17T09:30:11.489+0000] {processor.py:161} INFO - Started process (PID=6516) to work on /opt/airflow/dags/data/models/Italy/TS_model.pkl
[2024-08-17T09:30:11.489+0000] {processor.py:830} INFO - Processing file /opt/airflow/dags/data/models/Italy/TS_model.pkl for tasks to queue
[2024-08-17T09:30:11.490+0000] {logging_mixin.py:188} INFO - [2024-08-17T09:30:11.490+0000] {dagbag.py:545} INFO - Filling up the DagBag from /opt/airflow/dags/data/models/Italy/TS_model.pkl
[2024-08-17T09:30:11.496+0000] {processor.py:842} WARNING - No viable dags retrieved from /opt/airflow/dags/data/models/Italy/TS_model.pkl
[2024-08-17T09:30:11.505+0000] {processor.py:183} INFO - Processing /opt/airflow/dags/data/models/Italy/TS_model.pkl took 0.020 seconds
