[2024-08-17T10:12:52.763+0000] {processor.py:161} INFO - Started process (PID=36582) to work on /opt/airflow/dags/data/models/Ukraine/deaths_TS_model.pkl
[2024-08-17T10:12:52.764+0000] {processor.py:830} INFO - Processing file /opt/airflow/dags/data/models/Ukraine/deaths_TS_model.pkl for tasks to queue
[2024-08-17T10:12:52.764+0000] {logging_mixin.py:188} INFO - [2024-08-17T10:12:52.764+0000] {dagbag.py:545} INFO - Filling up the DagBag from /opt/airflow/dags/data/models/Ukraine/deaths_TS_model.pkl
[2024-08-17T10:12:52.775+0000] {processor.py:842} WARNING - No viable dags retrieved from /opt/airflow/dags/data/models/Ukraine/deaths_TS_model.pkl
[2024-08-17T10:12:52.786+0000] {processor.py:183} INFO - Processing /opt/airflow/dags/data/models/Ukraine/deaths_TS_model.pkl took 0.027 seconds
[2024-08-17T10:13:23.667+0000] {processor.py:161} INFO - Started process (PID=37273) to work on /opt/airflow/dags/data/models/Ukraine/deaths_TS_model.pkl
[2024-08-17T10:13:23.668+0000] {processor.py:830} INFO - Processing file /opt/airflow/dags/data/models/Ukraine/deaths_TS_model.pkl for tasks to queue
[2024-08-17T10:13:23.668+0000] {logging_mixin.py:188} INFO - [2024-08-17T10:13:23.668+0000] {dagbag.py:545} INFO - Filling up the DagBag from /opt/airflow/dags/data/models/Ukraine/deaths_TS_model.pkl
[2024-08-17T10:13:23.678+0000] {processor.py:842} WARNING - No viable dags retrieved from /opt/airflow/dags/data/models/Ukraine/deaths_TS_model.pkl
[2024-08-17T10:13:23.687+0000] {processor.py:183} INFO - Processing /opt/airflow/dags/data/models/Ukraine/deaths_TS_model.pkl took 0.024 seconds
[2024-08-17T10:13:55.326+0000] {processor.py:161} INFO - Started process (PID=37940) to work on /opt/airflow/dags/data/models/Ukraine/deaths_TS_model.pkl
[2024-08-17T10:13:55.326+0000] {processor.py:830} INFO - Processing file /opt/airflow/dags/data/models/Ukraine/deaths_TS_model.pkl for tasks to queue
[2024-08-17T10:13:55.327+0000] {logging_mixin.py:188} INFO - [2024-08-17T10:13:55.327+0000] {dagbag.py:545} INFO - Filling up the DagBag from /opt/airflow/dags/data/models/Ukraine/deaths_TS_model.pkl
[2024-08-17T10:13:55.338+0000] {processor.py:842} WARNING - No viable dags retrieved from /opt/airflow/dags/data/models/Ukraine/deaths_TS_model.pkl
[2024-08-17T10:13:55.347+0000] {processor.py:183} INFO - Processing /opt/airflow/dags/data/models/Ukraine/deaths_TS_model.pkl took 0.025 seconds
[2024-08-17T10:14:26.511+0000] {processor.py:161} INFO - Started process (PID=38591) to work on /opt/airflow/dags/data/models/Ukraine/deaths_TS_model.pkl
[2024-08-17T10:14:26.512+0000] {processor.py:830} INFO - Processing file /opt/airflow/dags/data/models/Ukraine/deaths_TS_model.pkl for tasks to queue
[2024-08-17T10:14:26.513+0000] {logging_mixin.py:188} INFO - [2024-08-17T10:14:26.512+0000] {dagbag.py:545} INFO - Filling up the DagBag from /opt/airflow/dags/data/models/Ukraine/deaths_TS_model.pkl
[2024-08-17T10:14:26.520+0000] {processor.py:842} WARNING - No viable dags retrieved from /opt/airflow/dags/data/models/Ukraine/deaths_TS_model.pkl
[2024-08-17T10:14:26.528+0000] {processor.py:183} INFO - Processing /opt/airflow/dags/data/models/Ukraine/deaths_TS_model.pkl took 0.021 seconds
[2024-08-17T10:15:00.512+0000] {processor.py:161} INFO - Started process (PID=39281) to work on /opt/airflow/dags/data/models/Ukraine/deaths_TS_model.pkl
[2024-08-17T10:15:00.514+0000] {processor.py:830} INFO - Processing file /opt/airflow/dags/data/models/Ukraine/deaths_TS_model.pkl for tasks to queue
[2024-08-17T10:15:00.515+0000] {logging_mixin.py:188} INFO - [2024-08-17T10:15:00.515+0000] {dagbag.py:545} INFO - Filling up the DagBag from /opt/airflow/dags/data/models/Ukraine/deaths_TS_model.pkl
[2024-08-17T10:15:00.526+0000] {processor.py:842} WARNING - No viable dags retrieved from /opt/airflow/dags/data/models/Ukraine/deaths_TS_model.pkl
[2024-08-17T10:15:00.536+0000] {processor.py:183} INFO - Processing /opt/airflow/dags/data/models/Ukraine/deaths_TS_model.pkl took 0.029 seconds
[2024-08-17T10:15:32.277+0000] {processor.py:161} INFO - Started process (PID=39929) to work on /opt/airflow/dags/data/models/Ukraine/deaths_TS_model.pkl
[2024-08-17T10:15:32.278+0000] {processor.py:830} INFO - Processing file /opt/airflow/dags/data/models/Ukraine/deaths_TS_model.pkl for tasks to queue
[2024-08-17T10:15:32.279+0000] {logging_mixin.py:188} INFO - [2024-08-17T10:15:32.278+0000] {dagbag.py:545} INFO - Filling up the DagBag from /opt/airflow/dags/data/models/Ukraine/deaths_TS_model.pkl
[2024-08-17T10:15:32.296+0000] {processor.py:842} WARNING - No viable dags retrieved from /opt/airflow/dags/data/models/Ukraine/deaths_TS_model.pkl
[2024-08-17T10:15:32.308+0000] {processor.py:183} INFO - Processing /opt/airflow/dags/data/models/Ukraine/deaths_TS_model.pkl took 0.035 seconds
[2024-08-17T10:16:05.005+0000] {processor.py:161} INFO - Started process (PID=40596) to work on /opt/airflow/dags/data/models/Ukraine/deaths_TS_model.pkl
[2024-08-17T10:16:05.006+0000] {processor.py:830} INFO - Processing file /opt/airflow/dags/data/models/Ukraine/deaths_TS_model.pkl for tasks to queue
[2024-08-17T10:16:05.006+0000] {logging_mixin.py:188} INFO - [2024-08-17T10:16:05.006+0000] {dagbag.py:545} INFO - Filling up the DagBag from /opt/airflow/dags/data/models/Ukraine/deaths_TS_model.pkl
[2024-08-17T10:16:05.017+0000] {processor.py:842} WARNING - No viable dags retrieved from /opt/airflow/dags/data/models/Ukraine/deaths_TS_model.pkl
[2024-08-17T10:16:05.026+0000] {processor.py:183} INFO - Processing /opt/airflow/dags/data/models/Ukraine/deaths_TS_model.pkl took 0.024 seconds
[2024-08-17T10:16:37.150+0000] {processor.py:161} INFO - Started process (PID=41289) to work on /opt/airflow/dags/data/models/Ukraine/deaths_TS_model.pkl
[2024-08-17T10:16:37.150+0000] {processor.py:830} INFO - Processing file /opt/airflow/dags/data/models/Ukraine/deaths_TS_model.pkl for tasks to queue
[2024-08-17T10:16:37.151+0000] {logging_mixin.py:188} INFO - [2024-08-17T10:16:37.151+0000] {dagbag.py:545} INFO - Filling up the DagBag from /opt/airflow/dags/data/models/Ukraine/deaths_TS_model.pkl
[2024-08-17T10:16:37.161+0000] {processor.py:842} WARNING - No viable dags retrieved from /opt/airflow/dags/data/models/Ukraine/deaths_TS_model.pkl
[2024-08-17T10:16:37.170+0000] {processor.py:183} INFO - Processing /opt/airflow/dags/data/models/Ukraine/deaths_TS_model.pkl took 0.024 seconds
[2024-08-17T10:17:09.524+0000] {processor.py:161} INFO - Started process (PID=41982) to work on /opt/airflow/dags/data/models/Ukraine/deaths_TS_model.pkl
[2024-08-17T10:17:09.525+0000] {processor.py:830} INFO - Processing file /opt/airflow/dags/data/models/Ukraine/deaths_TS_model.pkl for tasks to queue
[2024-08-17T10:17:09.526+0000] {logging_mixin.py:188} INFO - [2024-08-17T10:17:09.525+0000] {dagbag.py:545} INFO - Filling up the DagBag from /opt/airflow/dags/data/models/Ukraine/deaths_TS_model.pkl
[2024-08-17T10:17:09.536+0000] {processor.py:842} WARNING - No viable dags retrieved from /opt/airflow/dags/data/models/Ukraine/deaths_TS_model.pkl
[2024-08-17T10:17:09.544+0000] {processor.py:183} INFO - Processing /opt/airflow/dags/data/models/Ukraine/deaths_TS_model.pkl took 0.023 seconds
[2024-08-17T10:17:55.505+0000] {processor.py:161} INFO - Started process (PID=42751) to work on /opt/airflow/dags/data/models/Ukraine/deaths_TS_model.pkl
[2024-08-17T10:17:55.505+0000] {processor.py:830} INFO - Processing file /opt/airflow/dags/data/models/Ukraine/deaths_TS_model.pkl for tasks to queue
[2024-08-17T10:17:55.506+0000] {logging_mixin.py:188} INFO - [2024-08-17T10:17:55.506+0000] {dagbag.py:545} INFO - Filling up the DagBag from /opt/airflow/dags/data/models/Ukraine/deaths_TS_model.pkl
[2024-08-17T10:17:55.514+0000] {processor.py:842} WARNING - No viable dags retrieved from /opt/airflow/dags/data/models/Ukraine/deaths_TS_model.pkl
[2024-08-17T10:17:55.523+0000] {processor.py:183} INFO - Processing /opt/airflow/dags/data/models/Ukraine/deaths_TS_model.pkl took 0.022 seconds
[2024-08-17T10:18:27.832+0000] {processor.py:161} INFO - Started process (PID=43468) to work on /opt/airflow/dags/data/models/Ukraine/deaths_TS_model.pkl
[2024-08-17T10:18:27.834+0000] {processor.py:830} INFO - Processing file /opt/airflow/dags/data/models/Ukraine/deaths_TS_model.pkl for tasks to queue
[2024-08-17T10:18:27.834+0000] {logging_mixin.py:188} INFO - [2024-08-17T10:18:27.834+0000] {dagbag.py:545} INFO - Filling up the DagBag from /opt/airflow/dags/data/models/Ukraine/deaths_TS_model.pkl
[2024-08-17T10:18:27.842+0000] {processor.py:842} WARNING - No viable dags retrieved from /opt/airflow/dags/data/models/Ukraine/deaths_TS_model.pkl
[2024-08-17T10:18:27.851+0000] {processor.py:183} INFO - Processing /opt/airflow/dags/data/models/Ukraine/deaths_TS_model.pkl took 0.022 seconds
[2024-08-17T10:18:59.305+0000] {processor.py:161} INFO - Started process (PID=44211) to work on /opt/airflow/dags/data/models/Ukraine/deaths_TS_model.pkl
[2024-08-17T10:18:59.305+0000] {processor.py:830} INFO - Processing file /opt/airflow/dags/data/models/Ukraine/deaths_TS_model.pkl for tasks to queue
[2024-08-17T10:18:59.306+0000] {logging_mixin.py:188} INFO - [2024-08-17T10:18:59.306+0000] {dagbag.py:545} INFO - Filling up the DagBag from /opt/airflow/dags/data/models/Ukraine/deaths_TS_model.pkl
[2024-08-17T10:18:59.320+0000] {processor.py:842} WARNING - No viable dags retrieved from /opt/airflow/dags/data/models/Ukraine/deaths_TS_model.pkl
[2024-08-17T10:18:59.331+0000] {processor.py:183} INFO - Processing /opt/airflow/dags/data/models/Ukraine/deaths_TS_model.pkl took 0.030 seconds
[2024-08-17T10:19:31.254+0000] {processor.py:161} INFO - Started process (PID=44954) to work on /opt/airflow/dags/data/models/Ukraine/deaths_TS_model.pkl
[2024-08-17T10:19:31.254+0000] {processor.py:830} INFO - Processing file /opt/airflow/dags/data/models/Ukraine/deaths_TS_model.pkl for tasks to queue
[2024-08-17T10:19:31.255+0000] {logging_mixin.py:188} INFO - [2024-08-17T10:19:31.255+0000] {dagbag.py:545} INFO - Filling up the DagBag from /opt/airflow/dags/data/models/Ukraine/deaths_TS_model.pkl
[2024-08-17T10:19:31.267+0000] {processor.py:842} WARNING - No viable dags retrieved from /opt/airflow/dags/data/models/Ukraine/deaths_TS_model.pkl
[2024-08-17T10:19:31.277+0000] {processor.py:183} INFO - Processing /opt/airflow/dags/data/models/Ukraine/deaths_TS_model.pkl took 0.027 seconds
[2024-08-17T10:20:03.572+0000] {processor.py:161} INFO - Started process (PID=45671) to work on /opt/airflow/dags/data/models/Ukraine/deaths_TS_model.pkl
[2024-08-17T10:20:03.572+0000] {processor.py:830} INFO - Processing file /opt/airflow/dags/data/models/Ukraine/deaths_TS_model.pkl for tasks to queue
[2024-08-17T10:20:03.573+0000] {logging_mixin.py:188} INFO - [2024-08-17T10:20:03.573+0000] {dagbag.py:545} INFO - Filling up the DagBag from /opt/airflow/dags/data/models/Ukraine/deaths_TS_model.pkl
[2024-08-17T10:20:03.580+0000] {processor.py:842} WARNING - No viable dags retrieved from /opt/airflow/dags/data/models/Ukraine/deaths_TS_model.pkl
[2024-08-17T10:20:03.589+0000] {processor.py:183} INFO - Processing /opt/airflow/dags/data/models/Ukraine/deaths_TS_model.pkl took 0.021 seconds
[2024-08-17T10:20:37.134+0000] {processor.py:161} INFO - Started process (PID=46414) to work on /opt/airflow/dags/data/models/Ukraine/deaths_TS_model.pkl
[2024-08-17T10:20:37.135+0000] {processor.py:830} INFO - Processing file /opt/airflow/dags/data/models/Ukraine/deaths_TS_model.pkl for tasks to queue
[2024-08-17T10:20:37.136+0000] {logging_mixin.py:188} INFO - [2024-08-17T10:20:37.135+0000] {dagbag.py:545} INFO - Filling up the DagBag from /opt/airflow/dags/data/models/Ukraine/deaths_TS_model.pkl
[2024-08-17T10:20:37.144+0000] {processor.py:842} WARNING - No viable dags retrieved from /opt/airflow/dags/data/models/Ukraine/deaths_TS_model.pkl
[2024-08-17T10:20:37.154+0000] {processor.py:183} INFO - Processing /opt/airflow/dags/data/models/Ukraine/deaths_TS_model.pkl took 0.023 seconds
[2024-08-17T10:21:09.204+0000] {processor.py:161} INFO - Started process (PID=47149) to work on /opt/airflow/dags/data/models/Ukraine/deaths_TS_model.pkl
[2024-08-17T10:21:09.207+0000] {processor.py:830} INFO - Processing file /opt/airflow/dags/data/models/Ukraine/deaths_TS_model.pkl for tasks to queue
[2024-08-17T10:21:09.208+0000] {logging_mixin.py:188} INFO - [2024-08-17T10:21:09.207+0000] {dagbag.py:545} INFO - Filling up the DagBag from /opt/airflow/dags/data/models/Ukraine/deaths_TS_model.pkl
[2024-08-17T10:21:09.218+0000] {processor.py:842} WARNING - No viable dags retrieved from /opt/airflow/dags/data/models/Ukraine/deaths_TS_model.pkl
[2024-08-17T10:21:09.229+0000] {processor.py:183} INFO - Processing /opt/airflow/dags/data/models/Ukraine/deaths_TS_model.pkl took 0.029 seconds
[2024-08-17T12:08:08.892+0000] {processor.py:161} INFO - Started process (PID=19056) to work on /opt/airflow/dags/data/models/Ukraine/deaths_TS_model.pkl
[2024-08-17T12:08:08.893+0000] {processor.py:830} INFO - Processing file /opt/airflow/dags/data/models/Ukraine/deaths_TS_model.pkl for tasks to queue
[2024-08-17T12:08:08.895+0000] {logging_mixin.py:188} INFO - [2024-08-17T12:08:08.894+0000] {dagbag.py:545} INFO - Filling up the DagBag from /opt/airflow/dags/data/models/Ukraine/deaths_TS_model.pkl
[2024-08-17T12:08:08.917+0000] {processor.py:842} WARNING - No viable dags retrieved from /opt/airflow/dags/data/models/Ukraine/deaths_TS_model.pkl
[2024-08-17T12:08:08.936+0000] {processor.py:183} INFO - Processing /opt/airflow/dags/data/models/Ukraine/deaths_TS_model.pkl took 0.051 seconds
[2024-08-17T12:08:59.703+0000] {processor.py:161} INFO - Started process (PID=19787) to work on /opt/airflow/dags/data/models/Ukraine/deaths_TS_model.pkl
[2024-08-17T12:08:59.704+0000] {processor.py:830} INFO - Processing file /opt/airflow/dags/data/models/Ukraine/deaths_TS_model.pkl for tasks to queue
[2024-08-17T12:08:59.705+0000] {logging_mixin.py:188} INFO - [2024-08-17T12:08:59.705+0000] {dagbag.py:545} INFO - Filling up the DagBag from /opt/airflow/dags/data/models/Ukraine/deaths_TS_model.pkl
[2024-08-17T12:08:59.727+0000] {processor.py:842} WARNING - No viable dags retrieved from /opt/airflow/dags/data/models/Ukraine/deaths_TS_model.pkl
[2024-08-17T12:08:59.747+0000] {processor.py:183} INFO - Processing /opt/airflow/dags/data/models/Ukraine/deaths_TS_model.pkl took 0.053 seconds
[2024-08-17T12:09:46.250+0000] {processor.py:161} INFO - Started process (PID=20478) to work on /opt/airflow/dags/data/models/Ukraine/deaths_TS_model.pkl
[2024-08-17T12:09:46.251+0000] {processor.py:830} INFO - Processing file /opt/airflow/dags/data/models/Ukraine/deaths_TS_model.pkl for tasks to queue
[2024-08-17T12:09:46.253+0000] {logging_mixin.py:188} INFO - [2024-08-17T12:09:46.253+0000] {dagbag.py:545} INFO - Filling up the DagBag from /opt/airflow/dags/data/models/Ukraine/deaths_TS_model.pkl
[2024-08-17T12:09:46.275+0000] {processor.py:842} WARNING - No viable dags retrieved from /opt/airflow/dags/data/models/Ukraine/deaths_TS_model.pkl
[2024-08-17T12:09:46.294+0000] {processor.py:183} INFO - Processing /opt/airflow/dags/data/models/Ukraine/deaths_TS_model.pkl took 0.056 seconds
[2024-08-17T12:10:33.223+0000] {processor.py:161} INFO - Started process (PID=21169) to work on /opt/airflow/dags/data/models/Ukraine/deaths_TS_model.pkl
[2024-08-17T12:10:33.225+0000] {processor.py:830} INFO - Processing file /opt/airflow/dags/data/models/Ukraine/deaths_TS_model.pkl for tasks to queue
[2024-08-17T12:10:33.226+0000] {logging_mixin.py:188} INFO - [2024-08-17T12:10:33.225+0000] {dagbag.py:545} INFO - Filling up the DagBag from /opt/airflow/dags/data/models/Ukraine/deaths_TS_model.pkl
[2024-08-17T12:10:33.260+0000] {processor.py:842} WARNING - No viable dags retrieved from /opt/airflow/dags/data/models/Ukraine/deaths_TS_model.pkl
[2024-08-17T12:10:33.282+0000] {processor.py:183} INFO - Processing /opt/airflow/dags/data/models/Ukraine/deaths_TS_model.pkl took 0.066 seconds
[2024-08-17T12:11:11.716+0000] {processor.py:161} INFO - Started process (PID=21699) to work on /opt/airflow/dags/data/models/Ukraine/deaths_TS_model.pkl
[2024-08-17T12:11:11.717+0000] {processor.py:830} INFO - Processing file /opt/airflow/dags/data/models/Ukraine/deaths_TS_model.pkl for tasks to queue
[2024-08-17T12:11:11.718+0000] {logging_mixin.py:188} INFO - [2024-08-17T12:11:11.718+0000] {dagbag.py:545} INFO - Filling up the DagBag from /opt/airflow/dags/data/models/Ukraine/deaths_TS_model.pkl
[2024-08-17T12:11:11.739+0000] {processor.py:842} WARNING - No viable dags retrieved from /opt/airflow/dags/data/models/Ukraine/deaths_TS_model.pkl
[2024-08-17T12:11:11.757+0000] {processor.py:183} INFO - Processing /opt/airflow/dags/data/models/Ukraine/deaths_TS_model.pkl took 0.048 seconds
[2024-08-17T12:11:46.852+0000] {processor.py:161} INFO - Started process (PID=22259) to work on /opt/airflow/dags/data/models/Ukraine/deaths_TS_model.pkl
[2024-08-17T12:11:46.854+0000] {processor.py:830} INFO - Processing file /opt/airflow/dags/data/models/Ukraine/deaths_TS_model.pkl for tasks to queue
[2024-08-17T12:11:46.855+0000] {logging_mixin.py:188} INFO - [2024-08-17T12:11:46.855+0000] {dagbag.py:545} INFO - Filling up the DagBag from /opt/airflow/dags/data/models/Ukraine/deaths_TS_model.pkl
[2024-08-17T12:11:46.873+0000] {processor.py:842} WARNING - No viable dags retrieved from /opt/airflow/dags/data/models/Ukraine/deaths_TS_model.pkl
[2024-08-17T12:11:46.892+0000] {processor.py:183} INFO - Processing /opt/airflow/dags/data/models/Ukraine/deaths_TS_model.pkl took 0.046 seconds
[2024-08-17T12:12:22.504+0000] {processor.py:161} INFO - Started process (PID=22762) to work on /opt/airflow/dags/data/models/Ukraine/deaths_TS_model.pkl
[2024-08-17T12:12:22.505+0000] {processor.py:830} INFO - Processing file /opt/airflow/dags/data/models/Ukraine/deaths_TS_model.pkl for tasks to queue
[2024-08-17T12:12:22.506+0000] {logging_mixin.py:188} INFO - [2024-08-17T12:12:22.506+0000] {dagbag.py:545} INFO - Filling up the DagBag from /opt/airflow/dags/data/models/Ukraine/deaths_TS_model.pkl
[2024-08-17T12:12:22.522+0000] {processor.py:842} WARNING - No viable dags retrieved from /opt/airflow/dags/data/models/Ukraine/deaths_TS_model.pkl
[2024-08-17T12:12:22.539+0000] {processor.py:183} INFO - Processing /opt/airflow/dags/data/models/Ukraine/deaths_TS_model.pkl took 0.041 seconds
[2024-08-17T12:13:22.772+0000] {processor.py:161} INFO - Started process (PID=23336) to work on /opt/airflow/dags/data/models/Ukraine/deaths_TS_model.pkl
[2024-08-17T12:13:22.773+0000] {processor.py:830} INFO - Processing file /opt/airflow/dags/data/models/Ukraine/deaths_TS_model.pkl for tasks to queue
[2024-08-17T12:13:22.775+0000] {logging_mixin.py:188} INFO - [2024-08-17T12:13:22.775+0000] {dagbag.py:545} INFO - Filling up the DagBag from /opt/airflow/dags/data/models/Ukraine/deaths_TS_model.pkl
[2024-08-17T12:13:22.796+0000] {processor.py:842} WARNING - No viable dags retrieved from /opt/airflow/dags/data/models/Ukraine/deaths_TS_model.pkl
[2024-08-17T12:13:22.817+0000] {processor.py:183} INFO - Processing /opt/airflow/dags/data/models/Ukraine/deaths_TS_model.pkl took 0.054 seconds
[2024-08-17T12:13:54.236+0000] {processor.py:161} INFO - Started process (PID=23872) to work on /opt/airflow/dags/data/models/Ukraine/deaths_TS_model.pkl
[2024-08-17T12:13:54.237+0000] {processor.py:830} INFO - Processing file /opt/airflow/dags/data/models/Ukraine/deaths_TS_model.pkl for tasks to queue
[2024-08-17T12:13:54.239+0000] {logging_mixin.py:188} INFO - [2024-08-17T12:13:54.238+0000] {dagbag.py:545} INFO - Filling up the DagBag from /opt/airflow/dags/data/models/Ukraine/deaths_TS_model.pkl
[2024-08-17T12:13:54.262+0000] {processor.py:842} WARNING - No viable dags retrieved from /opt/airflow/dags/data/models/Ukraine/deaths_TS_model.pkl
[2024-08-17T12:13:54.284+0000] {processor.py:183} INFO - Processing /opt/airflow/dags/data/models/Ukraine/deaths_TS_model.pkl took 0.055 seconds
[2024-08-17T12:14:09.521+0000] {processor.py:161} INFO - Started process (PID=24060) to work on /opt/airflow/dags/data/models/Ukraine/deaths_TS_model.pkl
[2024-08-17T12:14:09.522+0000] {processor.py:830} INFO - Processing file /opt/airflow/dags/data/models/Ukraine/deaths_TS_model.pkl for tasks to queue
[2024-08-17T12:14:09.523+0000] {logging_mixin.py:188} INFO - [2024-08-17T12:14:09.523+0000] {dagbag.py:545} INFO - Filling up the DagBag from /opt/airflow/dags/data/models/Ukraine/deaths_TS_model.pkl
[2024-08-17T12:14:09.539+0000] {processor.py:842} WARNING - No viable dags retrieved from /opt/airflow/dags/data/models/Ukraine/deaths_TS_model.pkl
[2024-08-17T12:14:09.561+0000] {processor.py:183} INFO - Processing /opt/airflow/dags/data/models/Ukraine/deaths_TS_model.pkl took 0.048 seconds
[2024-08-17T12:14:50.803+0000] {processor.py:161} INFO - Started process (PID=24649) to work on /opt/airflow/dags/data/models/Ukraine/deaths_TS_model.pkl
[2024-08-17T12:14:50.805+0000] {processor.py:830} INFO - Processing file /opt/airflow/dags/data/models/Ukraine/deaths_TS_model.pkl for tasks to queue
[2024-08-17T12:14:50.807+0000] {logging_mixin.py:188} INFO - [2024-08-17T12:14:50.806+0000] {dagbag.py:545} INFO - Filling up the DagBag from /opt/airflow/dags/data/models/Ukraine/deaths_TS_model.pkl
[2024-08-17T12:14:50.830+0000] {processor.py:842} WARNING - No viable dags retrieved from /opt/airflow/dags/data/models/Ukraine/deaths_TS_model.pkl
[2024-08-17T12:14:50.854+0000] {processor.py:183} INFO - Processing /opt/airflow/dags/data/models/Ukraine/deaths_TS_model.pkl took 0.058 seconds
[2024-08-17T12:15:35.766+0000] {processor.py:161} INFO - Started process (PID=25277) to work on /opt/airflow/dags/data/models/Ukraine/deaths_TS_model.pkl
[2024-08-17T12:15:35.767+0000] {processor.py:830} INFO - Processing file /opt/airflow/dags/data/models/Ukraine/deaths_TS_model.pkl for tasks to queue
[2024-08-17T12:15:35.769+0000] {logging_mixin.py:188} INFO - [2024-08-17T12:15:35.768+0000] {dagbag.py:545} INFO - Filling up the DagBag from /opt/airflow/dags/data/models/Ukraine/deaths_TS_model.pkl
[2024-08-17T12:15:35.790+0000] {processor.py:842} WARNING - No viable dags retrieved from /opt/airflow/dags/data/models/Ukraine/deaths_TS_model.pkl
[2024-08-17T12:15:35.810+0000] {processor.py:183} INFO - Processing /opt/airflow/dags/data/models/Ukraine/deaths_TS_model.pkl took 0.051 seconds
[2024-08-17T12:16:12.746+0000] {processor.py:161} INFO - Started process (PID=25813) to work on /opt/airflow/dags/data/models/Ukraine/deaths_TS_model.pkl
[2024-08-17T12:16:12.748+0000] {processor.py:830} INFO - Processing file /opt/airflow/dags/data/models/Ukraine/deaths_TS_model.pkl for tasks to queue
[2024-08-17T12:16:12.749+0000] {logging_mixin.py:188} INFO - [2024-08-17T12:16:12.749+0000] {dagbag.py:545} INFO - Filling up the DagBag from /opt/airflow/dags/data/models/Ukraine/deaths_TS_model.pkl
[2024-08-17T12:16:12.771+0000] {processor.py:842} WARNING - No viable dags retrieved from /opt/airflow/dags/data/models/Ukraine/deaths_TS_model.pkl
[2024-08-17T12:16:12.791+0000] {processor.py:183} INFO - Processing /opt/airflow/dags/data/models/Ukraine/deaths_TS_model.pkl took 0.053 seconds
[2024-08-17T12:16:52.964+0000] {processor.py:161} INFO - Started process (PID=26376) to work on /opt/airflow/dags/data/models/Ukraine/deaths_TS_model.pkl
[2024-08-17T12:16:52.966+0000] {processor.py:830} INFO - Processing file /opt/airflow/dags/data/models/Ukraine/deaths_TS_model.pkl for tasks to queue
[2024-08-17T12:16:52.968+0000] {logging_mixin.py:188} INFO - [2024-08-17T12:16:52.967+0000] {dagbag.py:545} INFO - Filling up the DagBag from /opt/airflow/dags/data/models/Ukraine/deaths_TS_model.pkl
[2024-08-17T12:16:52.990+0000] {processor.py:842} WARNING - No viable dags retrieved from /opt/airflow/dags/data/models/Ukraine/deaths_TS_model.pkl
[2024-08-17T12:16:53.006+0000] {processor.py:183} INFO - Processing /opt/airflow/dags/data/models/Ukraine/deaths_TS_model.pkl took 0.051 seconds
[2024-08-17T12:17:11.970+0000] {processor.py:161} INFO - Started process (PID=26656) to work on /opt/airflow/dags/data/models/Ukraine/deaths_TS_model.pkl
[2024-08-17T12:17:11.973+0000] {processor.py:830} INFO - Processing file /opt/airflow/dags/data/models/Ukraine/deaths_TS_model.pkl for tasks to queue
[2024-08-17T12:17:11.975+0000] {logging_mixin.py:188} INFO - [2024-08-17T12:17:11.975+0000] {dagbag.py:545} INFO - Filling up the DagBag from /opt/airflow/dags/data/models/Ukraine/deaths_TS_model.pkl
[2024-08-17T12:17:12.005+0000] {processor.py:842} WARNING - No viable dags retrieved from /opt/airflow/dags/data/models/Ukraine/deaths_TS_model.pkl
[2024-08-17T12:17:12.027+0000] {processor.py:183} INFO - Processing /opt/airflow/dags/data/models/Ukraine/deaths_TS_model.pkl took 0.065 seconds
[2024-08-17T12:18:17.527+0000] {processor.py:161} INFO - Started process (PID=27268) to work on /opt/airflow/dags/data/models/Ukraine/deaths_TS_model.pkl
[2024-08-17T12:18:17.529+0000] {processor.py:830} INFO - Processing file /opt/airflow/dags/data/models/Ukraine/deaths_TS_model.pkl for tasks to queue
[2024-08-17T12:18:17.531+0000] {logging_mixin.py:188} INFO - [2024-08-17T12:18:17.530+0000] {dagbag.py:545} INFO - Filling up the DagBag from /opt/airflow/dags/data/models/Ukraine/deaths_TS_model.pkl
[2024-08-17T12:18:17.556+0000] {processor.py:842} WARNING - No viable dags retrieved from /opt/airflow/dags/data/models/Ukraine/deaths_TS_model.pkl
[2024-08-17T12:18:17.578+0000] {processor.py:183} INFO - Processing /opt/airflow/dags/data/models/Ukraine/deaths_TS_model.pkl took 0.060 seconds
[2024-08-17T12:19:12.431+0000] {processor.py:161} INFO - Started process (PID=28000) to work on /opt/airflow/dags/data/models/Ukraine/deaths_TS_model.pkl
[2024-08-17T12:19:12.433+0000] {processor.py:830} INFO - Processing file /opt/airflow/dags/data/models/Ukraine/deaths_TS_model.pkl for tasks to queue
[2024-08-17T12:19:12.434+0000] {logging_mixin.py:188} INFO - [2024-08-17T12:19:12.434+0000] {dagbag.py:545} INFO - Filling up the DagBag from /opt/airflow/dags/data/models/Ukraine/deaths_TS_model.pkl
[2024-08-17T12:19:12.462+0000] {processor.py:842} WARNING - No viable dags retrieved from /opt/airflow/dags/data/models/Ukraine/deaths_TS_model.pkl
[2024-08-17T12:19:12.481+0000] {processor.py:183} INFO - Processing /opt/airflow/dags/data/models/Ukraine/deaths_TS_model.pkl took 0.057 seconds
[2024-08-17T12:19:55.728+0000] {processor.py:161} INFO - Started process (PID=28613) to work on /opt/airflow/dags/data/models/Ukraine/deaths_TS_model.pkl
[2024-08-17T12:19:55.730+0000] {processor.py:830} INFO - Processing file /opt/airflow/dags/data/models/Ukraine/deaths_TS_model.pkl for tasks to queue
[2024-08-17T12:19:55.731+0000] {logging_mixin.py:188} INFO - [2024-08-17T12:19:55.731+0000] {dagbag.py:545} INFO - Filling up the DagBag from /opt/airflow/dags/data/models/Ukraine/deaths_TS_model.pkl
[2024-08-17T12:19:55.746+0000] {processor.py:842} WARNING - No viable dags retrieved from /opt/airflow/dags/data/models/Ukraine/deaths_TS_model.pkl
[2024-08-17T12:19:55.767+0000] {processor.py:183} INFO - Processing /opt/airflow/dags/data/models/Ukraine/deaths_TS_model.pkl took 0.047 seconds
[2024-08-17T12:20:49.958+0000] {processor.py:161} INFO - Started process (PID=29286) to work on /opt/airflow/dags/data/models/Ukraine/deaths_TS_model.pkl
[2024-08-17T12:20:49.959+0000] {processor.py:830} INFO - Processing file /opt/airflow/dags/data/models/Ukraine/deaths_TS_model.pkl for tasks to queue
[2024-08-17T12:20:49.961+0000] {logging_mixin.py:188} INFO - [2024-08-17T12:20:49.960+0000] {dagbag.py:545} INFO - Filling up the DagBag from /opt/airflow/dags/data/models/Ukraine/deaths_TS_model.pkl
[2024-08-17T12:20:49.978+0000] {processor.py:842} WARNING - No viable dags retrieved from /opt/airflow/dags/data/models/Ukraine/deaths_TS_model.pkl
[2024-08-17T12:20:49.997+0000] {processor.py:183} INFO - Processing /opt/airflow/dags/data/models/Ukraine/deaths_TS_model.pkl took 0.046 seconds
[2024-08-17T12:21:36.781+0000] {processor.py:161} INFO - Started process (PID=29982) to work on /opt/airflow/dags/data/models/Ukraine/deaths_TS_model.pkl
[2024-08-17T12:21:36.782+0000] {processor.py:830} INFO - Processing file /opt/airflow/dags/data/models/Ukraine/deaths_TS_model.pkl for tasks to queue
[2024-08-17T12:21:36.784+0000] {logging_mixin.py:188} INFO - [2024-08-17T12:21:36.783+0000] {dagbag.py:545} INFO - Filling up the DagBag from /opt/airflow/dags/data/models/Ukraine/deaths_TS_model.pkl
[2024-08-17T12:21:36.805+0000] {processor.py:842} WARNING - No viable dags retrieved from /opt/airflow/dags/data/models/Ukraine/deaths_TS_model.pkl
[2024-08-17T12:21:36.824+0000] {processor.py:183} INFO - Processing /opt/airflow/dags/data/models/Ukraine/deaths_TS_model.pkl took 0.051 seconds
[2024-08-17T12:22:14.129+0000] {processor.py:161} INFO - Started process (PID=30558) to work on /opt/airflow/dags/data/models/Ukraine/deaths_TS_model.pkl
[2024-08-17T12:22:14.131+0000] {processor.py:830} INFO - Processing file /opt/airflow/dags/data/models/Ukraine/deaths_TS_model.pkl for tasks to queue
[2024-08-17T12:22:14.132+0000] {logging_mixin.py:188} INFO - [2024-08-17T12:22:14.131+0000] {dagbag.py:545} INFO - Filling up the DagBag from /opt/airflow/dags/data/models/Ukraine/deaths_TS_model.pkl
[2024-08-17T12:22:14.151+0000] {processor.py:842} WARNING - No viable dags retrieved from /opt/airflow/dags/data/models/Ukraine/deaths_TS_model.pkl
[2024-08-17T12:22:14.169+0000] {processor.py:183} INFO - Processing /opt/airflow/dags/data/models/Ukraine/deaths_TS_model.pkl took 0.047 seconds
[2024-08-17T12:23:20.497+0000] {processor.py:161} INFO - Started process (PID=31224) to work on /opt/airflow/dags/data/models/Ukraine/deaths_TS_model.pkl
[2024-08-17T12:23:20.498+0000] {processor.py:830} INFO - Processing file /opt/airflow/dags/data/models/Ukraine/deaths_TS_model.pkl for tasks to queue
[2024-08-17T12:23:20.500+0000] {logging_mixin.py:188} INFO - [2024-08-17T12:23:20.500+0000] {dagbag.py:545} INFO - Filling up the DagBag from /opt/airflow/dags/data/models/Ukraine/deaths_TS_model.pkl
[2024-08-17T12:23:20.522+0000] {processor.py:842} WARNING - No viable dags retrieved from /opt/airflow/dags/data/models/Ukraine/deaths_TS_model.pkl
[2024-08-17T12:23:20.541+0000] {processor.py:183} INFO - Processing /opt/airflow/dags/data/models/Ukraine/deaths_TS_model.pkl took 0.053 seconds
[2024-08-17T12:24:02.761+0000] {processor.py:161} INFO - Started process (PID=31903) to work on /opt/airflow/dags/data/models/Ukraine/deaths_TS_model.pkl
[2024-08-17T12:24:02.762+0000] {processor.py:830} INFO - Processing file /opt/airflow/dags/data/models/Ukraine/deaths_TS_model.pkl for tasks to queue
[2024-08-17T12:24:02.763+0000] {logging_mixin.py:188} INFO - [2024-08-17T12:24:02.763+0000] {dagbag.py:545} INFO - Filling up the DagBag from /opt/airflow/dags/data/models/Ukraine/deaths_TS_model.pkl
[2024-08-17T12:24:02.777+0000] {processor.py:842} WARNING - No viable dags retrieved from /opt/airflow/dags/data/models/Ukraine/deaths_TS_model.pkl
[2024-08-17T12:24:02.794+0000] {processor.py:183} INFO - Processing /opt/airflow/dags/data/models/Ukraine/deaths_TS_model.pkl took 0.037 seconds
[2024-08-17T12:24:48.466+0000] {processor.py:161} INFO - Started process (PID=32648) to work on /opt/airflow/dags/data/models/Ukraine/deaths_TS_model.pkl
[2024-08-17T12:24:48.467+0000] {processor.py:830} INFO - Processing file /opt/airflow/dags/data/models/Ukraine/deaths_TS_model.pkl for tasks to queue
[2024-08-17T12:24:48.468+0000] {logging_mixin.py:188} INFO - [2024-08-17T12:24:48.467+0000] {dagbag.py:545} INFO - Filling up the DagBag from /opt/airflow/dags/data/models/Ukraine/deaths_TS_model.pkl
[2024-08-17T12:24:48.485+0000] {processor.py:842} WARNING - No viable dags retrieved from /opt/airflow/dags/data/models/Ukraine/deaths_TS_model.pkl
[2024-08-17T12:24:48.498+0000] {processor.py:183} INFO - Processing /opt/airflow/dags/data/models/Ukraine/deaths_TS_model.pkl took 0.038 seconds
[2024-08-17T12:25:22.161+0000] {processor.py:161} INFO - Started process (PID=33227) to work on /opt/airflow/dags/data/models/Ukraine/deaths_TS_model.pkl
[2024-08-17T12:25:22.162+0000] {processor.py:830} INFO - Processing file /opt/airflow/dags/data/models/Ukraine/deaths_TS_model.pkl for tasks to queue
[2024-08-17T12:25:22.163+0000] {logging_mixin.py:188} INFO - [2024-08-17T12:25:22.163+0000] {dagbag.py:545} INFO - Filling up the DagBag from /opt/airflow/dags/data/models/Ukraine/deaths_TS_model.pkl
[2024-08-17T12:25:22.180+0000] {processor.py:842} WARNING - No viable dags retrieved from /opt/airflow/dags/data/models/Ukraine/deaths_TS_model.pkl
[2024-08-17T12:25:22.194+0000] {processor.py:183} INFO - Processing /opt/airflow/dags/data/models/Ukraine/deaths_TS_model.pkl took 0.038 seconds
[2024-08-17T12:25:57.481+0000] {processor.py:161} INFO - Started process (PID=33890) to work on /opt/airflow/dags/data/models/Ukraine/deaths_TS_model.pkl
[2024-08-17T12:25:57.482+0000] {processor.py:830} INFO - Processing file /opt/airflow/dags/data/models/Ukraine/deaths_TS_model.pkl for tasks to queue
[2024-08-17T12:25:57.483+0000] {logging_mixin.py:188} INFO - [2024-08-17T12:25:57.483+0000] {dagbag.py:545} INFO - Filling up the DagBag from /opt/airflow/dags/data/models/Ukraine/deaths_TS_model.pkl
[2024-08-17T12:25:57.499+0000] {processor.py:842} WARNING - No viable dags retrieved from /opt/airflow/dags/data/models/Ukraine/deaths_TS_model.pkl
[2024-08-17T12:25:57.516+0000] {processor.py:183} INFO - Processing /opt/airflow/dags/data/models/Ukraine/deaths_TS_model.pkl took 0.039 seconds
[2024-08-17T12:26:31.763+0000] {processor.py:161} INFO - Started process (PID=34494) to work on /opt/airflow/dags/data/models/Ukraine/deaths_TS_model.pkl
[2024-08-17T12:26:31.764+0000] {processor.py:830} INFO - Processing file /opt/airflow/dags/data/models/Ukraine/deaths_TS_model.pkl for tasks to queue
[2024-08-17T12:26:31.765+0000] {logging_mixin.py:188} INFO - [2024-08-17T12:26:31.765+0000] {dagbag.py:545} INFO - Filling up the DagBag from /opt/airflow/dags/data/models/Ukraine/deaths_TS_model.pkl
[2024-08-17T12:26:31.781+0000] {processor.py:842} WARNING - No viable dags retrieved from /opt/airflow/dags/data/models/Ukraine/deaths_TS_model.pkl
[2024-08-17T12:26:31.795+0000] {processor.py:183} INFO - Processing /opt/airflow/dags/data/models/Ukraine/deaths_TS_model.pkl took 0.038 seconds
[2024-08-17T12:27:11.060+0000] {processor.py:161} INFO - Started process (PID=35266) to work on /opt/airflow/dags/data/models/Ukraine/deaths_TS_model.pkl
[2024-08-17T12:27:11.061+0000] {processor.py:830} INFO - Processing file /opt/airflow/dags/data/models/Ukraine/deaths_TS_model.pkl for tasks to queue
[2024-08-17T12:27:11.062+0000] {logging_mixin.py:188} INFO - [2024-08-17T12:27:11.062+0000] {dagbag.py:545} INFO - Filling up the DagBag from /opt/airflow/dags/data/models/Ukraine/deaths_TS_model.pkl
[2024-08-17T12:27:11.078+0000] {processor.py:842} WARNING - No viable dags retrieved from /opt/airflow/dags/data/models/Ukraine/deaths_TS_model.pkl
[2024-08-17T12:27:11.096+0000] {processor.py:183} INFO - Processing /opt/airflow/dags/data/models/Ukraine/deaths_TS_model.pkl took 0.041 seconds
[2024-08-17T12:28:05.630+0000] {processor.py:161} INFO - Started process (PID=36032) to work on /opt/airflow/dags/data/models/Ukraine/deaths_TS_model.pkl
[2024-08-17T12:28:05.631+0000] {processor.py:830} INFO - Processing file /opt/airflow/dags/data/models/Ukraine/deaths_TS_model.pkl for tasks to queue
[2024-08-17T12:28:05.632+0000] {logging_mixin.py:188} INFO - [2024-08-17T12:28:05.632+0000] {dagbag.py:545} INFO - Filling up the DagBag from /opt/airflow/dags/data/models/Ukraine/deaths_TS_model.pkl
[2024-08-17T12:28:05.648+0000] {processor.py:842} WARNING - No viable dags retrieved from /opt/airflow/dags/data/models/Ukraine/deaths_TS_model.pkl
[2024-08-17T12:28:05.659+0000] {processor.py:183} INFO - Processing /opt/airflow/dags/data/models/Ukraine/deaths_TS_model.pkl took 0.033 seconds
[2024-08-17T12:28:40.197+0000] {processor.py:161} INFO - Started process (PID=36781) to work on /opt/airflow/dags/data/models/Ukraine/deaths_TS_model.pkl
[2024-08-17T12:28:40.198+0000] {processor.py:830} INFO - Processing file /opt/airflow/dags/data/models/Ukraine/deaths_TS_model.pkl for tasks to queue
[2024-08-17T12:28:40.199+0000] {logging_mixin.py:188} INFO - [2024-08-17T12:28:40.199+0000] {dagbag.py:545} INFO - Filling up the DagBag from /opt/airflow/dags/data/models/Ukraine/deaths_TS_model.pkl
[2024-08-17T12:28:40.214+0000] {processor.py:842} WARNING - No viable dags retrieved from /opt/airflow/dags/data/models/Ukraine/deaths_TS_model.pkl
[2024-08-17T12:28:40.224+0000] {processor.py:183} INFO - Processing /opt/airflow/dags/data/models/Ukraine/deaths_TS_model.pkl took 0.031 seconds
[2024-08-17T12:29:14.364+0000] {processor.py:161} INFO - Started process (PID=37493) to work on /opt/airflow/dags/data/models/Ukraine/deaths_TS_model.pkl
[2024-08-17T12:29:14.365+0000] {processor.py:830} INFO - Processing file /opt/airflow/dags/data/models/Ukraine/deaths_TS_model.pkl for tasks to queue
[2024-08-17T12:29:14.366+0000] {logging_mixin.py:188} INFO - [2024-08-17T12:29:14.365+0000] {dagbag.py:545} INFO - Filling up the DagBag from /opt/airflow/dags/data/models/Ukraine/deaths_TS_model.pkl
[2024-08-17T12:29:14.378+0000] {processor.py:842} WARNING - No viable dags retrieved from /opt/airflow/dags/data/models/Ukraine/deaths_TS_model.pkl
[2024-08-17T12:29:14.389+0000] {processor.py:183} INFO - Processing /opt/airflow/dags/data/models/Ukraine/deaths_TS_model.pkl took 0.029 seconds
[2024-08-17T12:29:46.750+0000] {processor.py:161} INFO - Started process (PID=38171) to work on /opt/airflow/dags/data/models/Ukraine/deaths_TS_model.pkl
[2024-08-17T12:29:46.751+0000] {processor.py:830} INFO - Processing file /opt/airflow/dags/data/models/Ukraine/deaths_TS_model.pkl for tasks to queue
[2024-08-17T12:29:46.751+0000] {logging_mixin.py:188} INFO - [2024-08-17T12:29:46.751+0000] {dagbag.py:545} INFO - Filling up the DagBag from /opt/airflow/dags/data/models/Ukraine/deaths_TS_model.pkl
[2024-08-17T12:29:46.762+0000] {processor.py:842} WARNING - No viable dags retrieved from /opt/airflow/dags/data/models/Ukraine/deaths_TS_model.pkl
[2024-08-17T12:29:46.772+0000] {processor.py:183} INFO - Processing /opt/airflow/dags/data/models/Ukraine/deaths_TS_model.pkl took 0.026 seconds
[2024-08-17T12:30:18.178+0000] {processor.py:161} INFO - Started process (PID=38877) to work on /opt/airflow/dags/data/models/Ukraine/deaths_TS_model.pkl
[2024-08-17T12:30:18.179+0000] {processor.py:830} INFO - Processing file /opt/airflow/dags/data/models/Ukraine/deaths_TS_model.pkl for tasks to queue
[2024-08-17T12:30:18.180+0000] {logging_mixin.py:188} INFO - [2024-08-17T12:30:18.180+0000] {dagbag.py:545} INFO - Filling up the DagBag from /opt/airflow/dags/data/models/Ukraine/deaths_TS_model.pkl
[2024-08-17T12:30:18.189+0000] {processor.py:842} WARNING - No viable dags retrieved from /opt/airflow/dags/data/models/Ukraine/deaths_TS_model.pkl
[2024-08-17T12:30:18.199+0000] {processor.py:183} INFO - Processing /opt/airflow/dags/data/models/Ukraine/deaths_TS_model.pkl took 0.025 seconds
[2024-08-17T12:30:49.782+0000] {processor.py:161} INFO - Started process (PID=39622) to work on /opt/airflow/dags/data/models/Ukraine/deaths_TS_model.pkl
[2024-08-17T12:30:49.782+0000] {processor.py:830} INFO - Processing file /opt/airflow/dags/data/models/Ukraine/deaths_TS_model.pkl for tasks to queue
[2024-08-17T12:30:49.783+0000] {logging_mixin.py:188} INFO - [2024-08-17T12:30:49.783+0000] {dagbag.py:545} INFO - Filling up the DagBag from /opt/airflow/dags/data/models/Ukraine/deaths_TS_model.pkl
[2024-08-17T12:30:49.791+0000] {processor.py:842} WARNING - No viable dags retrieved from /opt/airflow/dags/data/models/Ukraine/deaths_TS_model.pkl
[2024-08-17T12:30:49.800+0000] {processor.py:183} INFO - Processing /opt/airflow/dags/data/models/Ukraine/deaths_TS_model.pkl took 0.022 seconds
[2024-08-17T12:31:23.301+0000] {processor.py:161} INFO - Started process (PID=40349) to work on /opt/airflow/dags/data/models/Ukraine/deaths_TS_model.pkl
[2024-08-17T12:31:23.302+0000] {processor.py:830} INFO - Processing file /opt/airflow/dags/data/models/Ukraine/deaths_TS_model.pkl for tasks to queue
[2024-08-17T12:31:23.303+0000] {logging_mixin.py:188} INFO - [2024-08-17T12:31:23.303+0000] {dagbag.py:545} INFO - Filling up the DagBag from /opt/airflow/dags/data/models/Ukraine/deaths_TS_model.pkl
[2024-08-17T12:31:23.311+0000] {processor.py:842} WARNING - No viable dags retrieved from /opt/airflow/dags/data/models/Ukraine/deaths_TS_model.pkl
[2024-08-17T12:31:23.321+0000] {processor.py:183} INFO - Processing /opt/airflow/dags/data/models/Ukraine/deaths_TS_model.pkl took 0.024 seconds
[2024-08-17T12:31:54.817+0000] {processor.py:161} INFO - Started process (PID=41074) to work on /opt/airflow/dags/data/models/Ukraine/deaths_TS_model.pkl
[2024-08-17T12:31:54.817+0000] {processor.py:830} INFO - Processing file /opt/airflow/dags/data/models/Ukraine/deaths_TS_model.pkl for tasks to queue
[2024-08-17T12:31:54.818+0000] {logging_mixin.py:188} INFO - [2024-08-17T12:31:54.818+0000] {dagbag.py:545} INFO - Filling up the DagBag from /opt/airflow/dags/data/models/Ukraine/deaths_TS_model.pkl
[2024-08-17T12:31:54.830+0000] {processor.py:842} WARNING - No viable dags retrieved from /opt/airflow/dags/data/models/Ukraine/deaths_TS_model.pkl
[2024-08-17T12:31:54.839+0000] {processor.py:183} INFO - Processing /opt/airflow/dags/data/models/Ukraine/deaths_TS_model.pkl took 0.026 seconds
[2024-08-17T12:32:30.532+0000] {processor.py:161} INFO - Started process (PID=41820) to work on /opt/airflow/dags/data/models/Ukraine/deaths_TS_model.pkl
[2024-08-17T12:32:30.533+0000] {processor.py:830} INFO - Processing file /opt/airflow/dags/data/models/Ukraine/deaths_TS_model.pkl for tasks to queue
[2024-08-17T12:32:30.533+0000] {logging_mixin.py:188} INFO - [2024-08-17T12:32:30.533+0000] {dagbag.py:545} INFO - Filling up the DagBag from /opt/airflow/dags/data/models/Ukraine/deaths_TS_model.pkl
[2024-08-17T12:32:30.547+0000] {processor.py:842} WARNING - No viable dags retrieved from /opt/airflow/dags/data/models/Ukraine/deaths_TS_model.pkl
[2024-08-17T12:32:30.558+0000] {processor.py:183} INFO - Processing /opt/airflow/dags/data/models/Ukraine/deaths_TS_model.pkl took 0.030 seconds
[2024-08-17T12:33:02.473+0000] {processor.py:161} INFO - Started process (PID=42289) to work on /opt/airflow/dags/data/models/Ukraine/deaths_TS_model.pkl
[2024-08-17T12:33:02.475+0000] {processor.py:830} INFO - Processing file /opt/airflow/dags/data/models/Ukraine/deaths_TS_model.pkl for tasks to queue
[2024-08-17T12:33:02.476+0000] {logging_mixin.py:188} INFO - [2024-08-17T12:33:02.475+0000] {dagbag.py:545} INFO - Filling up the DagBag from /opt/airflow/dags/data/models/Ukraine/deaths_TS_model.pkl
[2024-08-17T12:33:02.485+0000] {processor.py:842} WARNING - No viable dags retrieved from /opt/airflow/dags/data/models/Ukraine/deaths_TS_model.pkl
[2024-08-17T12:33:02.495+0000] {processor.py:183} INFO - Processing /opt/airflow/dags/data/models/Ukraine/deaths_TS_model.pkl took 0.025 seconds
[2024-08-17T12:33:34.137+0000] {processor.py:161} INFO - Started process (PID=43016) to work on /opt/airflow/dags/data/models/Ukraine/deaths_TS_model.pkl
[2024-08-17T12:33:34.138+0000] {processor.py:830} INFO - Processing file /opt/airflow/dags/data/models/Ukraine/deaths_TS_model.pkl for tasks to queue
[2024-08-17T12:33:34.139+0000] {logging_mixin.py:188} INFO - [2024-08-17T12:33:34.138+0000] {dagbag.py:545} INFO - Filling up the DagBag from /opt/airflow/dags/data/models/Ukraine/deaths_TS_model.pkl
[2024-08-17T12:33:34.147+0000] {processor.py:842} WARNING - No viable dags retrieved from /opt/airflow/dags/data/models/Ukraine/deaths_TS_model.pkl
[2024-08-17T12:33:34.155+0000] {processor.py:183} INFO - Processing /opt/airflow/dags/data/models/Ukraine/deaths_TS_model.pkl took 0.022 seconds
[2024-08-17T12:34:05.944+0000] {processor.py:161} INFO - Started process (PID=43752) to work on /opt/airflow/dags/data/models/Ukraine/deaths_TS_model.pkl
[2024-08-17T12:34:05.945+0000] {processor.py:830} INFO - Processing file /opt/airflow/dags/data/models/Ukraine/deaths_TS_model.pkl for tasks to queue
[2024-08-17T12:34:05.945+0000] {logging_mixin.py:188} INFO - [2024-08-17T12:34:05.945+0000] {dagbag.py:545} INFO - Filling up the DagBag from /opt/airflow/dags/data/models/Ukraine/deaths_TS_model.pkl
[2024-08-17T12:34:05.956+0000] {processor.py:842} WARNING - No viable dags retrieved from /opt/airflow/dags/data/models/Ukraine/deaths_TS_model.pkl
[2024-08-17T12:34:05.966+0000] {processor.py:183} INFO - Processing /opt/airflow/dags/data/models/Ukraine/deaths_TS_model.pkl took 0.026 seconds
[2024-08-17T12:34:39.088+0000] {processor.py:161} INFO - Started process (PID=44494) to work on /opt/airflow/dags/data/models/Ukraine/deaths_TS_model.pkl
[2024-08-17T12:34:39.089+0000] {processor.py:830} INFO - Processing file /opt/airflow/dags/data/models/Ukraine/deaths_TS_model.pkl for tasks to queue
[2024-08-17T12:34:39.089+0000] {logging_mixin.py:188} INFO - [2024-08-17T12:34:39.089+0000] {dagbag.py:545} INFO - Filling up the DagBag from /opt/airflow/dags/data/models/Ukraine/deaths_TS_model.pkl
[2024-08-17T12:34:39.101+0000] {processor.py:842} WARNING - No viable dags retrieved from /opt/airflow/dags/data/models/Ukraine/deaths_TS_model.pkl
[2024-08-17T12:34:39.112+0000] {processor.py:183} INFO - Processing /opt/airflow/dags/data/models/Ukraine/deaths_TS_model.pkl took 0.028 seconds
[2024-08-17T12:35:11.135+0000] {processor.py:161} INFO - Started process (PID=45216) to work on /opt/airflow/dags/data/models/Ukraine/deaths_TS_model.pkl
[2024-08-17T12:35:11.135+0000] {processor.py:830} INFO - Processing file /opt/airflow/dags/data/models/Ukraine/deaths_TS_model.pkl for tasks to queue
[2024-08-17T12:35:11.136+0000] {logging_mixin.py:188} INFO - [2024-08-17T12:35:11.136+0000] {dagbag.py:545} INFO - Filling up the DagBag from /opt/airflow/dags/data/models/Ukraine/deaths_TS_model.pkl
[2024-08-17T12:35:11.146+0000] {processor.py:842} WARNING - No viable dags retrieved from /opt/airflow/dags/data/models/Ukraine/deaths_TS_model.pkl
[2024-08-17T12:35:11.156+0000] {processor.py:183} INFO - Processing /opt/airflow/dags/data/models/Ukraine/deaths_TS_model.pkl took 0.025 seconds
[2024-08-17T12:35:43.243+0000] {processor.py:161} INFO - Started process (PID=45919) to work on /opt/airflow/dags/data/models/Ukraine/deaths_TS_model.pkl
[2024-08-17T12:35:43.243+0000] {processor.py:830} INFO - Processing file /opt/airflow/dags/data/models/Ukraine/deaths_TS_model.pkl for tasks to queue
[2024-08-17T12:35:43.244+0000] {logging_mixin.py:188} INFO - [2024-08-17T12:35:43.244+0000] {dagbag.py:545} INFO - Filling up the DagBag from /opt/airflow/dags/data/models/Ukraine/deaths_TS_model.pkl
[2024-08-17T12:35:43.251+0000] {processor.py:842} WARNING - No viable dags retrieved from /opt/airflow/dags/data/models/Ukraine/deaths_TS_model.pkl
[2024-08-17T12:35:43.261+0000] {processor.py:183} INFO - Processing /opt/airflow/dags/data/models/Ukraine/deaths_TS_model.pkl took 0.022 seconds
[2024-08-17T12:36:15.916+0000] {processor.py:161} INFO - Started process (PID=46637) to work on /opt/airflow/dags/data/models/Ukraine/deaths_TS_model.pkl
[2024-08-17T12:36:15.917+0000] {processor.py:830} INFO - Processing file /opt/airflow/dags/data/models/Ukraine/deaths_TS_model.pkl for tasks to queue
[2024-08-17T12:36:15.918+0000] {logging_mixin.py:188} INFO - [2024-08-17T12:36:15.917+0000] {dagbag.py:545} INFO - Filling up the DagBag from /opt/airflow/dags/data/models/Ukraine/deaths_TS_model.pkl
[2024-08-17T12:36:15.925+0000] {processor.py:842} WARNING - No viable dags retrieved from /opt/airflow/dags/data/models/Ukraine/deaths_TS_model.pkl
[2024-08-17T12:36:15.935+0000] {processor.py:183} INFO - Processing /opt/airflow/dags/data/models/Ukraine/deaths_TS_model.pkl took 0.022 seconds
[2024-08-17T12:36:47.128+0000] {processor.py:161} INFO - Started process (PID=47360) to work on /opt/airflow/dags/data/models/Ukraine/deaths_TS_model.pkl
[2024-08-17T12:36:47.128+0000] {processor.py:830} INFO - Processing file /opt/airflow/dags/data/models/Ukraine/deaths_TS_model.pkl for tasks to queue
[2024-08-17T12:36:47.129+0000] {logging_mixin.py:188} INFO - [2024-08-17T12:36:47.128+0000] {dagbag.py:545} INFO - Filling up the DagBag from /opt/airflow/dags/data/models/Ukraine/deaths_TS_model.pkl
[2024-08-17T12:36:47.136+0000] {processor.py:842} WARNING - No viable dags retrieved from /opt/airflow/dags/data/models/Ukraine/deaths_TS_model.pkl
[2024-08-17T12:36:47.145+0000] {processor.py:183} INFO - Processing /opt/airflow/dags/data/models/Ukraine/deaths_TS_model.pkl took 0.021 seconds
[2024-08-17T12:37:19.172+0000] {processor.py:161} INFO - Started process (PID=48084) to work on /opt/airflow/dags/data/models/Ukraine/deaths_TS_model.pkl
[2024-08-17T12:37:19.173+0000] {processor.py:830} INFO - Processing file /opt/airflow/dags/data/models/Ukraine/deaths_TS_model.pkl for tasks to queue
[2024-08-17T12:37:19.173+0000] {logging_mixin.py:188} INFO - [2024-08-17T12:37:19.173+0000] {dagbag.py:545} INFO - Filling up the DagBag from /opt/airflow/dags/data/models/Ukraine/deaths_TS_model.pkl
[2024-08-17T12:37:19.180+0000] {processor.py:842} WARNING - No viable dags retrieved from /opt/airflow/dags/data/models/Ukraine/deaths_TS_model.pkl
[2024-08-17T12:37:19.189+0000] {processor.py:183} INFO - Processing /opt/airflow/dags/data/models/Ukraine/deaths_TS_model.pkl took 0.020 seconds
[2024-08-17T12:38:01.865+0000] {processor.py:161} INFO - Started process (PID=48818) to work on /opt/airflow/dags/data/models/Ukraine/deaths_TS_model.pkl
[2024-08-17T12:38:01.865+0000] {processor.py:830} INFO - Processing file /opt/airflow/dags/data/models/Ukraine/deaths_TS_model.pkl for tasks to queue
[2024-08-17T12:38:01.866+0000] {logging_mixin.py:188} INFO - [2024-08-17T12:38:01.866+0000] {dagbag.py:545} INFO - Filling up the DagBag from /opt/airflow/dags/data/models/Ukraine/deaths_TS_model.pkl
[2024-08-17T12:38:01.875+0000] {processor.py:842} WARNING - No viable dags retrieved from /opt/airflow/dags/data/models/Ukraine/deaths_TS_model.pkl
[2024-08-17T12:38:01.885+0000] {processor.py:183} INFO - Processing /opt/airflow/dags/data/models/Ukraine/deaths_TS_model.pkl took 0.024 seconds
[2024-08-17T12:38:34.120+0000] {processor.py:161} INFO - Started process (PID=49561) to work on /opt/airflow/dags/data/models/Ukraine/deaths_TS_model.pkl
[2024-08-17T12:38:34.121+0000] {processor.py:830} INFO - Processing file /opt/airflow/dags/data/models/Ukraine/deaths_TS_model.pkl for tasks to queue
[2024-08-17T12:38:34.122+0000] {logging_mixin.py:188} INFO - [2024-08-17T12:38:34.122+0000] {dagbag.py:545} INFO - Filling up the DagBag from /opt/airflow/dags/data/models/Ukraine/deaths_TS_model.pkl
[2024-08-17T12:38:34.129+0000] {processor.py:842} WARNING - No viable dags retrieved from /opt/airflow/dags/data/models/Ukraine/deaths_TS_model.pkl
[2024-08-17T12:38:34.138+0000] {processor.py:183} INFO - Processing /opt/airflow/dags/data/models/Ukraine/deaths_TS_model.pkl took 0.021 seconds
[2024-08-17T12:39:05.724+0000] {processor.py:161} INFO - Started process (PID=50285) to work on /opt/airflow/dags/data/models/Ukraine/deaths_TS_model.pkl
[2024-08-17T12:39:05.725+0000] {processor.py:830} INFO - Processing file /opt/airflow/dags/data/models/Ukraine/deaths_TS_model.pkl for tasks to queue
[2024-08-17T12:39:05.726+0000] {logging_mixin.py:188} INFO - [2024-08-17T12:39:05.725+0000] {dagbag.py:545} INFO - Filling up the DagBag from /opt/airflow/dags/data/models/Ukraine/deaths_TS_model.pkl
[2024-08-17T12:39:05.734+0000] {processor.py:842} WARNING - No viable dags retrieved from /opt/airflow/dags/data/models/Ukraine/deaths_TS_model.pkl
[2024-08-17T12:39:05.744+0000] {processor.py:183} INFO - Processing /opt/airflow/dags/data/models/Ukraine/deaths_TS_model.pkl took 0.023 seconds
[2024-08-17T12:39:37.350+0000] {processor.py:161} INFO - Started process (PID=51000) to work on /opt/airflow/dags/data/models/Ukraine/deaths_TS_model.pkl
[2024-08-17T12:39:37.351+0000] {processor.py:830} INFO - Processing file /opt/airflow/dags/data/models/Ukraine/deaths_TS_model.pkl for tasks to queue
[2024-08-17T12:39:37.351+0000] {logging_mixin.py:188} INFO - [2024-08-17T12:39:37.351+0000] {dagbag.py:545} INFO - Filling up the DagBag from /opt/airflow/dags/data/models/Ukraine/deaths_TS_model.pkl
[2024-08-17T12:39:37.359+0000] {processor.py:842} WARNING - No viable dags retrieved from /opt/airflow/dags/data/models/Ukraine/deaths_TS_model.pkl
[2024-08-17T12:39:37.368+0000] {processor.py:183} INFO - Processing /opt/airflow/dags/data/models/Ukraine/deaths_TS_model.pkl took 0.021 seconds
[2024-08-17T12:40:09.176+0000] {processor.py:161} INFO - Started process (PID=51724) to work on /opt/airflow/dags/data/models/Ukraine/deaths_TS_model.pkl
[2024-08-17T12:40:09.177+0000] {processor.py:830} INFO - Processing file /opt/airflow/dags/data/models/Ukraine/deaths_TS_model.pkl for tasks to queue
[2024-08-17T12:40:09.177+0000] {logging_mixin.py:188} INFO - [2024-08-17T12:40:09.177+0000] {dagbag.py:545} INFO - Filling up the DagBag from /opt/airflow/dags/data/models/Ukraine/deaths_TS_model.pkl
[2024-08-17T12:40:09.188+0000] {processor.py:842} WARNING - No viable dags retrieved from /opt/airflow/dags/data/models/Ukraine/deaths_TS_model.pkl
[2024-08-17T12:40:09.199+0000] {processor.py:183} INFO - Processing /opt/airflow/dags/data/models/Ukraine/deaths_TS_model.pkl took 0.027 seconds
[2024-08-17T12:40:42.519+0000] {processor.py:161} INFO - Started process (PID=52465) to work on /opt/airflow/dags/data/models/Ukraine/deaths_TS_model.pkl
[2024-08-17T12:40:42.520+0000] {processor.py:830} INFO - Processing file /opt/airflow/dags/data/models/Ukraine/deaths_TS_model.pkl for tasks to queue
[2024-08-17T12:40:42.521+0000] {logging_mixin.py:188} INFO - [2024-08-17T12:40:42.520+0000] {dagbag.py:545} INFO - Filling up the DagBag from /opt/airflow/dags/data/models/Ukraine/deaths_TS_model.pkl
[2024-08-17T12:40:42.529+0000] {processor.py:842} WARNING - No viable dags retrieved from /opt/airflow/dags/data/models/Ukraine/deaths_TS_model.pkl
[2024-08-17T12:40:42.539+0000] {processor.py:183} INFO - Processing /opt/airflow/dags/data/models/Ukraine/deaths_TS_model.pkl took 0.023 seconds
[2024-08-17T12:41:13.644+0000] {processor.py:161} INFO - Started process (PID=53151) to work on /opt/airflow/dags/data/models/Ukraine/deaths_TS_model.pkl
[2024-08-17T12:41:13.644+0000] {processor.py:830} INFO - Processing file /opt/airflow/dags/data/models/Ukraine/deaths_TS_model.pkl for tasks to queue
[2024-08-17T12:41:13.645+0000] {logging_mixin.py:188} INFO - [2024-08-17T12:41:13.645+0000] {dagbag.py:545} INFO - Filling up the DagBag from /opt/airflow/dags/data/models/Ukraine/deaths_TS_model.pkl
[2024-08-17T12:41:13.655+0000] {processor.py:842} WARNING - No viable dags retrieved from /opt/airflow/dags/data/models/Ukraine/deaths_TS_model.pkl
[2024-08-17T12:41:13.664+0000] {processor.py:183} INFO - Processing /opt/airflow/dags/data/models/Ukraine/deaths_TS_model.pkl took 0.024 seconds
[2024-08-17T12:41:45.506+0000] {processor.py:161} INFO - Started process (PID=53863) to work on /opt/airflow/dags/data/models/Ukraine/deaths_TS_model.pkl
[2024-08-17T12:41:45.507+0000] {processor.py:830} INFO - Processing file /opt/airflow/dags/data/models/Ukraine/deaths_TS_model.pkl for tasks to queue
[2024-08-17T12:41:45.507+0000] {logging_mixin.py:188} INFO - [2024-08-17T12:41:45.507+0000] {dagbag.py:545} INFO - Filling up the DagBag from /opt/airflow/dags/data/models/Ukraine/deaths_TS_model.pkl
[2024-08-17T12:41:45.516+0000] {processor.py:842} WARNING - No viable dags retrieved from /opt/airflow/dags/data/models/Ukraine/deaths_TS_model.pkl
[2024-08-17T12:41:45.527+0000] {processor.py:183} INFO - Processing /opt/airflow/dags/data/models/Ukraine/deaths_TS_model.pkl took 0.024 seconds
