[2024-08-17T10:12:53.054+0000] {processor.py:161} INFO - Started process (PID=36590) to work on /opt/airflow/dags/data/models/Trinidad and Tobago/deaths_TS_model.pkl
[2024-08-17T10:12:53.055+0000] {processor.py:830} INFO - Processing file /opt/airflow/dags/data/models/Trinidad and Tobago/deaths_TS_model.pkl for tasks to queue
[2024-08-17T10:12:53.055+0000] {logging_mixin.py:188} INFO - [2024-08-17T10:12:53.055+0000] {dagbag.py:545} INFO - Filling up the DagBag from /opt/airflow/dags/data/models/Trinidad and Tobago/deaths_TS_model.pkl
[2024-08-17T10:12:53.064+0000] {processor.py:842} WARNING - No viable dags retrieved from /opt/airflow/dags/data/models/Trinidad and Tobago/deaths_TS_model.pkl
[2024-08-17T10:12:53.075+0000] {processor.py:183} INFO - Processing /opt/airflow/dags/data/models/Trinidad and Tobago/deaths_TS_model.pkl took 0.025 seconds
[2024-08-17T10:13:25.177+0000] {processor.py:161} INFO - Started process (PID=37291) to work on /opt/airflow/dags/data/models/Trinidad and Tobago/deaths_TS_model.pkl
[2024-08-17T10:13:25.177+0000] {processor.py:830} INFO - Processing file /opt/airflow/dags/data/models/Trinidad and Tobago/deaths_TS_model.pkl for tasks to queue
[2024-08-17T10:13:25.178+0000] {logging_mixin.py:188} INFO - [2024-08-17T10:13:25.178+0000] {dagbag.py:545} INFO - Filling up the DagBag from /opt/airflow/dags/data/models/Trinidad and Tobago/deaths_TS_model.pkl
[2024-08-17T10:13:25.188+0000] {processor.py:842} WARNING - No viable dags retrieved from /opt/airflow/dags/data/models/Trinidad and Tobago/deaths_TS_model.pkl
[2024-08-17T10:13:25.198+0000] {processor.py:183} INFO - Processing /opt/airflow/dags/data/models/Trinidad and Tobago/deaths_TS_model.pkl took 0.025 seconds
[2024-08-17T10:13:56.719+0000] {processor.py:161} INFO - Started process (PID=37965) to work on /opt/airflow/dags/data/models/Trinidad and Tobago/deaths_TS_model.pkl
[2024-08-17T10:13:56.720+0000] {processor.py:830} INFO - Processing file /opt/airflow/dags/data/models/Trinidad and Tobago/deaths_TS_model.pkl for tasks to queue
[2024-08-17T10:13:56.720+0000] {logging_mixin.py:188} INFO - [2024-08-17T10:13:56.720+0000] {dagbag.py:545} INFO - Filling up the DagBag from /opt/airflow/dags/data/models/Trinidad and Tobago/deaths_TS_model.pkl
[2024-08-17T10:13:56.729+0000] {processor.py:842} WARNING - No viable dags retrieved from /opt/airflow/dags/data/models/Trinidad and Tobago/deaths_TS_model.pkl
[2024-08-17T10:13:56.739+0000] {processor.py:183} INFO - Processing /opt/airflow/dags/data/models/Trinidad and Tobago/deaths_TS_model.pkl took 0.023 seconds
[2024-08-17T10:14:28.505+0000] {processor.py:161} INFO - Started process (PID=38651) to work on /opt/airflow/dags/data/models/Trinidad and Tobago/deaths_TS_model.pkl
[2024-08-17T10:14:28.506+0000] {processor.py:830} INFO - Processing file /opt/airflow/dags/data/models/Trinidad and Tobago/deaths_TS_model.pkl for tasks to queue
[2024-08-17T10:14:28.506+0000] {logging_mixin.py:188} INFO - [2024-08-17T10:14:28.506+0000] {dagbag.py:545} INFO - Filling up the DagBag from /opt/airflow/dags/data/models/Trinidad and Tobago/deaths_TS_model.pkl
[2024-08-17T10:14:28.516+0000] {processor.py:842} WARNING - No viable dags retrieved from /opt/airflow/dags/data/models/Trinidad and Tobago/deaths_TS_model.pkl
[2024-08-17T10:14:28.526+0000] {processor.py:183} INFO - Processing /opt/airflow/dags/data/models/Trinidad and Tobago/deaths_TS_model.pkl took 0.025 seconds
[2024-08-17T10:15:00.970+0000] {processor.py:161} INFO - Started process (PID=39293) to work on /opt/airflow/dags/data/models/Trinidad and Tobago/deaths_TS_model.pkl
[2024-08-17T10:15:00.970+0000] {processor.py:830} INFO - Processing file /opt/airflow/dags/data/models/Trinidad and Tobago/deaths_TS_model.pkl for tasks to queue
[2024-08-17T10:15:00.971+0000] {logging_mixin.py:188} INFO - [2024-08-17T10:15:00.971+0000] {dagbag.py:545} INFO - Filling up the DagBag from /opt/airflow/dags/data/models/Trinidad and Tobago/deaths_TS_model.pkl
[2024-08-17T10:15:00.983+0000] {processor.py:842} WARNING - No viable dags retrieved from /opt/airflow/dags/data/models/Trinidad and Tobago/deaths_TS_model.pkl
[2024-08-17T10:15:00.992+0000] {processor.py:183} INFO - Processing /opt/airflow/dags/data/models/Trinidad and Tobago/deaths_TS_model.pkl took 0.026 seconds
[2024-08-17T10:15:32.778+0000] {processor.py:161} INFO - Started process (PID=39941) to work on /opt/airflow/dags/data/models/Trinidad and Tobago/deaths_TS_model.pkl
[2024-08-17T10:15:32.778+0000] {processor.py:830} INFO - Processing file /opt/airflow/dags/data/models/Trinidad and Tobago/deaths_TS_model.pkl for tasks to queue
[2024-08-17T10:15:32.779+0000] {logging_mixin.py:188} INFO - [2024-08-17T10:15:32.779+0000] {dagbag.py:545} INFO - Filling up the DagBag from /opt/airflow/dags/data/models/Trinidad and Tobago/deaths_TS_model.pkl
[2024-08-17T10:15:32.792+0000] {processor.py:842} WARNING - No viable dags retrieved from /opt/airflow/dags/data/models/Trinidad and Tobago/deaths_TS_model.pkl
[2024-08-17T10:15:32.801+0000] {processor.py:183} INFO - Processing /opt/airflow/dags/data/models/Trinidad and Tobago/deaths_TS_model.pkl took 0.028 seconds
[2024-08-17T10:16:05.412+0000] {processor.py:161} INFO - Started process (PID=40608) to work on /opt/airflow/dags/data/models/Trinidad and Tobago/deaths_TS_model.pkl
[2024-08-17T10:16:05.412+0000] {processor.py:830} INFO - Processing file /opt/airflow/dags/data/models/Trinidad and Tobago/deaths_TS_model.pkl for tasks to queue
[2024-08-17T10:16:05.413+0000] {logging_mixin.py:188} INFO - [2024-08-17T10:16:05.413+0000] {dagbag.py:545} INFO - Filling up the DagBag from /opt/airflow/dags/data/models/Trinidad and Tobago/deaths_TS_model.pkl
[2024-08-17T10:16:05.422+0000] {processor.py:842} WARNING - No viable dags retrieved from /opt/airflow/dags/data/models/Trinidad and Tobago/deaths_TS_model.pkl
[2024-08-17T10:16:05.431+0000] {processor.py:183} INFO - Processing /opt/airflow/dags/data/models/Trinidad and Tobago/deaths_TS_model.pkl took 0.022 seconds
[2024-08-17T10:16:37.552+0000] {processor.py:161} INFO - Started process (PID=41301) to work on /opt/airflow/dags/data/models/Trinidad and Tobago/deaths_TS_model.pkl
[2024-08-17T10:16:37.553+0000] {processor.py:830} INFO - Processing file /opt/airflow/dags/data/models/Trinidad and Tobago/deaths_TS_model.pkl for tasks to queue
[2024-08-17T10:16:37.554+0000] {logging_mixin.py:188} INFO - [2024-08-17T10:16:37.553+0000] {dagbag.py:545} INFO - Filling up the DagBag from /opt/airflow/dags/data/models/Trinidad and Tobago/deaths_TS_model.pkl
[2024-08-17T10:16:37.565+0000] {processor.py:842} WARNING - No viable dags retrieved from /opt/airflow/dags/data/models/Trinidad and Tobago/deaths_TS_model.pkl
[2024-08-17T10:16:37.574+0000] {processor.py:183} INFO - Processing /opt/airflow/dags/data/models/Trinidad and Tobago/deaths_TS_model.pkl took 0.026 seconds
[2024-08-17T10:17:09.910+0000] {processor.py:161} INFO - Started process (PID=41994) to work on /opt/airflow/dags/data/models/Trinidad and Tobago/deaths_TS_model.pkl
[2024-08-17T10:17:09.910+0000] {processor.py:830} INFO - Processing file /opt/airflow/dags/data/models/Trinidad and Tobago/deaths_TS_model.pkl for tasks to queue
[2024-08-17T10:17:09.911+0000] {logging_mixin.py:188} INFO - [2024-08-17T10:17:09.911+0000] {dagbag.py:545} INFO - Filling up the DagBag from /opt/airflow/dags/data/models/Trinidad and Tobago/deaths_TS_model.pkl
[2024-08-17T10:17:09.918+0000] {processor.py:842} WARNING - No viable dags retrieved from /opt/airflow/dags/data/models/Trinidad and Tobago/deaths_TS_model.pkl
[2024-08-17T10:17:09.927+0000] {processor.py:183} INFO - Processing /opt/airflow/dags/data/models/Trinidad and Tobago/deaths_TS_model.pkl took 0.021 seconds
[2024-08-17T10:17:55.911+0000] {processor.py:161} INFO - Started process (PID=42763) to work on /opt/airflow/dags/data/models/Trinidad and Tobago/deaths_TS_model.pkl
[2024-08-17T10:17:55.911+0000] {processor.py:830} INFO - Processing file /opt/airflow/dags/data/models/Trinidad and Tobago/deaths_TS_model.pkl for tasks to queue
[2024-08-17T10:17:55.912+0000] {logging_mixin.py:188} INFO - [2024-08-17T10:17:55.912+0000] {dagbag.py:545} INFO - Filling up the DagBag from /opt/airflow/dags/data/models/Trinidad and Tobago/deaths_TS_model.pkl
[2024-08-17T10:17:55.920+0000] {processor.py:842} WARNING - No viable dags retrieved from /opt/airflow/dags/data/models/Trinidad and Tobago/deaths_TS_model.pkl
[2024-08-17T10:17:55.929+0000] {processor.py:183} INFO - Processing /opt/airflow/dags/data/models/Trinidad and Tobago/deaths_TS_model.pkl took 0.022 seconds
[2024-08-17T10:18:28.215+0000] {processor.py:161} INFO - Started process (PID=43480) to work on /opt/airflow/dags/data/models/Trinidad and Tobago/deaths_TS_model.pkl
[2024-08-17T10:18:28.216+0000] {processor.py:830} INFO - Processing file /opt/airflow/dags/data/models/Trinidad and Tobago/deaths_TS_model.pkl for tasks to queue
[2024-08-17T10:18:28.217+0000] {logging_mixin.py:188} INFO - [2024-08-17T10:18:28.217+0000] {dagbag.py:545} INFO - Filling up the DagBag from /opt/airflow/dags/data/models/Trinidad and Tobago/deaths_TS_model.pkl
[2024-08-17T10:18:28.231+0000] {processor.py:842} WARNING - No viable dags retrieved from /opt/airflow/dags/data/models/Trinidad and Tobago/deaths_TS_model.pkl
[2024-08-17T10:18:28.242+0000] {processor.py:183} INFO - Processing /opt/airflow/dags/data/models/Trinidad and Tobago/deaths_TS_model.pkl took 0.031 seconds
[2024-08-17T10:19:00.311+0000] {processor.py:161} INFO - Started process (PID=44223) to work on /opt/airflow/dags/data/models/Trinidad and Tobago/deaths_TS_model.pkl
[2024-08-17T10:19:00.311+0000] {processor.py:830} INFO - Processing file /opt/airflow/dags/data/models/Trinidad and Tobago/deaths_TS_model.pkl for tasks to queue
[2024-08-17T10:19:00.312+0000] {logging_mixin.py:188} INFO - [2024-08-17T10:19:00.312+0000] {dagbag.py:545} INFO - Filling up the DagBag from /opt/airflow/dags/data/models/Trinidad and Tobago/deaths_TS_model.pkl
[2024-08-17T10:19:00.324+0000] {processor.py:842} WARNING - No viable dags retrieved from /opt/airflow/dags/data/models/Trinidad and Tobago/deaths_TS_model.pkl
[2024-08-17T10:19:00.333+0000] {processor.py:183} INFO - Processing /opt/airflow/dags/data/models/Trinidad and Tobago/deaths_TS_model.pkl took 0.026 seconds
[2024-08-17T10:19:32.465+0000] {processor.py:161} INFO - Started process (PID=44966) to work on /opt/airflow/dags/data/models/Trinidad and Tobago/deaths_TS_model.pkl
[2024-08-17T10:19:32.466+0000] {processor.py:830} INFO - Processing file /opt/airflow/dags/data/models/Trinidad and Tobago/deaths_TS_model.pkl for tasks to queue
[2024-08-17T10:19:32.466+0000] {logging_mixin.py:188} INFO - [2024-08-17T10:19:32.466+0000] {dagbag.py:545} INFO - Filling up the DagBag from /opt/airflow/dags/data/models/Trinidad and Tobago/deaths_TS_model.pkl
[2024-08-17T10:19:32.488+0000] {processor.py:842} WARNING - No viable dags retrieved from /opt/airflow/dags/data/models/Trinidad and Tobago/deaths_TS_model.pkl
[2024-08-17T10:19:32.496+0000] {processor.py:183} INFO - Processing /opt/airflow/dags/data/models/Trinidad and Tobago/deaths_TS_model.pkl took 0.034 seconds
[2024-08-17T10:20:03.844+0000] {processor.py:161} INFO - Started process (PID=45683) to work on /opt/airflow/dags/data/models/Trinidad and Tobago/deaths_TS_model.pkl
[2024-08-17T10:20:03.844+0000] {processor.py:830} INFO - Processing file /opt/airflow/dags/data/models/Trinidad and Tobago/deaths_TS_model.pkl for tasks to queue
[2024-08-17T10:20:03.845+0000] {logging_mixin.py:188} INFO - [2024-08-17T10:20:03.845+0000] {dagbag.py:545} INFO - Filling up the DagBag from /opt/airflow/dags/data/models/Trinidad and Tobago/deaths_TS_model.pkl
[2024-08-17T10:20:03.851+0000] {processor.py:842} WARNING - No viable dags retrieved from /opt/airflow/dags/data/models/Trinidad and Tobago/deaths_TS_model.pkl
[2024-08-17T10:20:03.859+0000] {processor.py:183} INFO - Processing /opt/airflow/dags/data/models/Trinidad and Tobago/deaths_TS_model.pkl took 0.019 seconds
[2024-08-17T10:20:37.552+0000] {processor.py:161} INFO - Started process (PID=46426) to work on /opt/airflow/dags/data/models/Trinidad and Tobago/deaths_TS_model.pkl
[2024-08-17T10:20:37.552+0000] {processor.py:830} INFO - Processing file /opt/airflow/dags/data/models/Trinidad and Tobago/deaths_TS_model.pkl for tasks to queue
[2024-08-17T10:20:37.553+0000] {logging_mixin.py:188} INFO - [2024-08-17T10:20:37.553+0000] {dagbag.py:545} INFO - Filling up the DagBag from /opt/airflow/dags/data/models/Trinidad and Tobago/deaths_TS_model.pkl
[2024-08-17T10:20:37.561+0000] {processor.py:842} WARNING - No viable dags retrieved from /opt/airflow/dags/data/models/Trinidad and Tobago/deaths_TS_model.pkl
[2024-08-17T10:20:37.569+0000] {processor.py:183} INFO - Processing /opt/airflow/dags/data/models/Trinidad and Tobago/deaths_TS_model.pkl took 0.021 seconds
[2024-08-17T10:21:09.516+0000] {processor.py:161} INFO - Started process (PID=47161) to work on /opt/airflow/dags/data/models/Trinidad and Tobago/deaths_TS_model.pkl
[2024-08-17T10:21:09.516+0000] {processor.py:830} INFO - Processing file /opt/airflow/dags/data/models/Trinidad and Tobago/deaths_TS_model.pkl for tasks to queue
[2024-08-17T10:21:09.517+0000] {logging_mixin.py:188} INFO - [2024-08-17T10:21:09.517+0000] {dagbag.py:545} INFO - Filling up the DagBag from /opt/airflow/dags/data/models/Trinidad and Tobago/deaths_TS_model.pkl
[2024-08-17T10:21:09.523+0000] {processor.py:842} WARNING - No viable dags retrieved from /opt/airflow/dags/data/models/Trinidad and Tobago/deaths_TS_model.pkl
[2024-08-17T10:21:09.532+0000] {processor.py:183} INFO - Processing /opt/airflow/dags/data/models/Trinidad and Tobago/deaths_TS_model.pkl took 0.019 seconds
[2024-08-17T12:08:09.316+0000] {processor.py:161} INFO - Started process (PID=19061) to work on /opt/airflow/dags/data/models/Trinidad and Tobago/deaths_TS_model.pkl
[2024-08-17T12:08:09.317+0000] {processor.py:830} INFO - Processing file /opt/airflow/dags/data/models/Trinidad and Tobago/deaths_TS_model.pkl for tasks to queue
[2024-08-17T12:08:09.319+0000] {logging_mixin.py:188} INFO - [2024-08-17T12:08:09.319+0000] {dagbag.py:545} INFO - Filling up the DagBag from /opt/airflow/dags/data/models/Trinidad and Tobago/deaths_TS_model.pkl
[2024-08-17T12:08:09.340+0000] {processor.py:842} WARNING - No viable dags retrieved from /opt/airflow/dags/data/models/Trinidad and Tobago/deaths_TS_model.pkl
[2024-08-17T12:08:09.360+0000] {processor.py:183} INFO - Processing /opt/airflow/dags/data/models/Trinidad and Tobago/deaths_TS_model.pkl took 0.051 seconds
[2024-08-17T12:08:58.903+0000] {processor.py:161} INFO - Started process (PID=19777) to work on /opt/airflow/dags/data/models/Trinidad and Tobago/deaths_TS_model.pkl
[2024-08-17T12:08:58.905+0000] {processor.py:830} INFO - Processing file /opt/airflow/dags/data/models/Trinidad and Tobago/deaths_TS_model.pkl for tasks to queue
[2024-08-17T12:08:58.906+0000] {logging_mixin.py:188} INFO - [2024-08-17T12:08:58.906+0000] {dagbag.py:545} INFO - Filling up the DagBag from /opt/airflow/dags/data/models/Trinidad and Tobago/deaths_TS_model.pkl
[2024-08-17T12:08:58.927+0000] {processor.py:842} WARNING - No viable dags retrieved from /opt/airflow/dags/data/models/Trinidad and Tobago/deaths_TS_model.pkl
[2024-08-17T12:08:58.947+0000] {processor.py:183} INFO - Processing /opt/airflow/dags/data/models/Trinidad and Tobago/deaths_TS_model.pkl took 0.052 seconds
[2024-08-17T12:09:45.565+0000] {processor.py:161} INFO - Started process (PID=20470) to work on /opt/airflow/dags/data/models/Trinidad and Tobago/deaths_TS_model.pkl
[2024-08-17T12:09:45.568+0000] {processor.py:830} INFO - Processing file /opt/airflow/dags/data/models/Trinidad and Tobago/deaths_TS_model.pkl for tasks to queue
[2024-08-17T12:09:45.569+0000] {logging_mixin.py:188} INFO - [2024-08-17T12:09:45.569+0000] {dagbag.py:545} INFO - Filling up the DagBag from /opt/airflow/dags/data/models/Trinidad and Tobago/deaths_TS_model.pkl
[2024-08-17T12:09:45.594+0000] {processor.py:842} WARNING - No viable dags retrieved from /opt/airflow/dags/data/models/Trinidad and Tobago/deaths_TS_model.pkl
[2024-08-17T12:09:45.618+0000] {processor.py:183} INFO - Processing /opt/airflow/dags/data/models/Trinidad and Tobago/deaths_TS_model.pkl took 0.062 seconds
[2024-08-17T12:10:33.129+0000] {processor.py:161} INFO - Started process (PID=21168) to work on /opt/airflow/dags/data/models/Trinidad and Tobago/deaths_TS_model.pkl
[2024-08-17T12:10:33.130+0000] {processor.py:830} INFO - Processing file /opt/airflow/dags/data/models/Trinidad and Tobago/deaths_TS_model.pkl for tasks to queue
[2024-08-17T12:10:33.131+0000] {logging_mixin.py:188} INFO - [2024-08-17T12:10:33.131+0000] {dagbag.py:545} INFO - Filling up the DagBag from /opt/airflow/dags/data/models/Trinidad and Tobago/deaths_TS_model.pkl
[2024-08-17T12:10:33.151+0000] {processor.py:842} WARNING - No viable dags retrieved from /opt/airflow/dags/data/models/Trinidad and Tobago/deaths_TS_model.pkl
[2024-08-17T12:10:33.170+0000] {processor.py:183} INFO - Processing /opt/airflow/dags/data/models/Trinidad and Tobago/deaths_TS_model.pkl took 0.049 seconds
[2024-08-17T12:11:11.696+0000] {processor.py:161} INFO - Started process (PID=21698) to work on /opt/airflow/dags/data/models/Trinidad and Tobago/deaths_TS_model.pkl
[2024-08-17T12:11:11.697+0000] {processor.py:830} INFO - Processing file /opt/airflow/dags/data/models/Trinidad and Tobago/deaths_TS_model.pkl for tasks to queue
[2024-08-17T12:11:11.699+0000] {logging_mixin.py:188} INFO - [2024-08-17T12:11:11.698+0000] {dagbag.py:545} INFO - Filling up the DagBag from /opt/airflow/dags/data/models/Trinidad and Tobago/deaths_TS_model.pkl
[2024-08-17T12:11:11.719+0000] {processor.py:842} WARNING - No viable dags retrieved from /opt/airflow/dags/data/models/Trinidad and Tobago/deaths_TS_model.pkl
[2024-08-17T12:11:11.737+0000] {processor.py:183} INFO - Processing /opt/airflow/dags/data/models/Trinidad and Tobago/deaths_TS_model.pkl took 0.049 seconds
[2024-08-17T12:11:29.004+0000] {processor.py:161} INFO - Started process (PID=22000) to work on /opt/airflow/dags/data/models/Trinidad and Tobago/deaths_TS_model.pkl
[2024-08-17T12:11:29.005+0000] {processor.py:830} INFO - Processing file /opt/airflow/dags/data/models/Trinidad and Tobago/deaths_TS_model.pkl for tasks to queue
[2024-08-17T12:11:29.006+0000] {logging_mixin.py:188} INFO - [2024-08-17T12:11:29.006+0000] {dagbag.py:545} INFO - Filling up the DagBag from /opt/airflow/dags/data/models/Trinidad and Tobago/deaths_TS_model.pkl
[2024-08-17T12:11:29.028+0000] {processor.py:842} WARNING - No viable dags retrieved from /opt/airflow/dags/data/models/Trinidad and Tobago/deaths_TS_model.pkl
[2024-08-17T12:11:29.047+0000] {processor.py:183} INFO - Processing /opt/airflow/dags/data/models/Trinidad and Tobago/deaths_TS_model.pkl took 0.051 seconds
[2024-08-17T12:12:03.158+0000] {processor.py:161} INFO - Started process (PID=22457) to work on /opt/airflow/dags/data/models/Trinidad and Tobago/deaths_TS_model.pkl
[2024-08-17T12:12:03.159+0000] {processor.py:830} INFO - Processing file /opt/airflow/dags/data/models/Trinidad and Tobago/deaths_TS_model.pkl for tasks to queue
[2024-08-17T12:12:03.161+0000] {logging_mixin.py:188} INFO - [2024-08-17T12:12:03.160+0000] {dagbag.py:545} INFO - Filling up the DagBag from /opt/airflow/dags/data/models/Trinidad and Tobago/deaths_TS_model.pkl
[2024-08-17T12:12:03.182+0000] {processor.py:842} WARNING - No viable dags retrieved from /opt/airflow/dags/data/models/Trinidad and Tobago/deaths_TS_model.pkl
[2024-08-17T12:12:03.202+0000] {processor.py:183} INFO - Processing /opt/airflow/dags/data/models/Trinidad and Tobago/deaths_TS_model.pkl took 0.053 seconds
[2024-08-17T12:12:39.101+0000] {processor.py:161} INFO - Started process (PID=23013) to work on /opt/airflow/dags/data/models/Trinidad and Tobago/deaths_TS_model.pkl
[2024-08-17T12:12:39.102+0000] {processor.py:830} INFO - Processing file /opt/airflow/dags/data/models/Trinidad and Tobago/deaths_TS_model.pkl for tasks to queue
[2024-08-17T12:12:39.105+0000] {logging_mixin.py:188} INFO - [2024-08-17T12:12:39.104+0000] {dagbag.py:545} INFO - Filling up the DagBag from /opt/airflow/dags/data/models/Trinidad and Tobago/deaths_TS_model.pkl
[2024-08-17T12:12:39.133+0000] {processor.py:842} WARNING - No viable dags retrieved from /opt/airflow/dags/data/models/Trinidad and Tobago/deaths_TS_model.pkl
[2024-08-17T12:12:39.158+0000] {processor.py:183} INFO - Processing /opt/airflow/dags/data/models/Trinidad and Tobago/deaths_TS_model.pkl took 0.066 seconds
[2024-08-17T12:13:21.798+0000] {processor.py:161} INFO - Started process (PID=23319) to work on /opt/airflow/dags/data/models/Trinidad and Tobago/deaths_TS_model.pkl
[2024-08-17T12:13:21.799+0000] {processor.py:830} INFO - Processing file /opt/airflow/dags/data/models/Trinidad and Tobago/deaths_TS_model.pkl for tasks to queue
[2024-08-17T12:13:21.800+0000] {logging_mixin.py:188} INFO - [2024-08-17T12:13:21.800+0000] {dagbag.py:545} INFO - Filling up the DagBag from /opt/airflow/dags/data/models/Trinidad and Tobago/deaths_TS_model.pkl
[2024-08-17T12:13:21.819+0000] {processor.py:842} WARNING - No viable dags retrieved from /opt/airflow/dags/data/models/Trinidad and Tobago/deaths_TS_model.pkl
[2024-08-17T12:13:21.838+0000] {processor.py:183} INFO - Processing /opt/airflow/dags/data/models/Trinidad and Tobago/deaths_TS_model.pkl took 0.046 seconds
[2024-08-17T12:13:58.423+0000] {processor.py:161} INFO - Started process (PID=23948) to work on /opt/airflow/dags/data/models/Trinidad and Tobago/deaths_TS_model.pkl
[2024-08-17T12:13:58.425+0000] {processor.py:830} INFO - Processing file /opt/airflow/dags/data/models/Trinidad and Tobago/deaths_TS_model.pkl for tasks to queue
[2024-08-17T12:13:58.427+0000] {logging_mixin.py:188} INFO - [2024-08-17T12:13:58.426+0000] {dagbag.py:545} INFO - Filling up the DagBag from /opt/airflow/dags/data/models/Trinidad and Tobago/deaths_TS_model.pkl
[2024-08-17T12:13:58.451+0000] {processor.py:842} WARNING - No viable dags retrieved from /opt/airflow/dags/data/models/Trinidad and Tobago/deaths_TS_model.pkl
[2024-08-17T12:13:58.470+0000] {processor.py:183} INFO - Processing /opt/airflow/dags/data/models/Trinidad and Tobago/deaths_TS_model.pkl took 0.055 seconds
[2024-08-17T12:14:27.582+0000] {processor.py:161} INFO - Started process (PID=24326) to work on /opt/airflow/dags/data/models/Trinidad and Tobago/deaths_TS_model.pkl
[2024-08-17T12:14:27.584+0000] {processor.py:830} INFO - Processing file /opt/airflow/dags/data/models/Trinidad and Tobago/deaths_TS_model.pkl for tasks to queue
[2024-08-17T12:14:27.585+0000] {logging_mixin.py:188} INFO - [2024-08-17T12:14:27.584+0000] {dagbag.py:545} INFO - Filling up the DagBag from /opt/airflow/dags/data/models/Trinidad and Tobago/deaths_TS_model.pkl
[2024-08-17T12:14:27.602+0000] {processor.py:842} WARNING - No viable dags retrieved from /opt/airflow/dags/data/models/Trinidad and Tobago/deaths_TS_model.pkl
[2024-08-17T12:14:27.620+0000] {processor.py:183} INFO - Processing /opt/airflow/dags/data/models/Trinidad and Tobago/deaths_TS_model.pkl took 0.045 seconds
[2024-08-17T12:15:12.321+0000] {processor.py:161} INFO - Started process (PID=24940) to work on /opt/airflow/dags/data/models/Trinidad and Tobago/deaths_TS_model.pkl
[2024-08-17T12:15:12.322+0000] {processor.py:830} INFO - Processing file /opt/airflow/dags/data/models/Trinidad and Tobago/deaths_TS_model.pkl for tasks to queue
[2024-08-17T12:15:12.323+0000] {logging_mixin.py:188} INFO - [2024-08-17T12:15:12.323+0000] {dagbag.py:545} INFO - Filling up the DagBag from /opt/airflow/dags/data/models/Trinidad and Tobago/deaths_TS_model.pkl
[2024-08-17T12:15:12.341+0000] {processor.py:842} WARNING - No viable dags retrieved from /opt/airflow/dags/data/models/Trinidad and Tobago/deaths_TS_model.pkl
[2024-08-17T12:15:12.358+0000] {processor.py:183} INFO - Processing /opt/airflow/dags/data/models/Trinidad and Tobago/deaths_TS_model.pkl took 0.044 seconds
[2024-08-17T12:15:53.794+0000] {processor.py:161} INFO - Started process (PID=25555) to work on /opt/airflow/dags/data/models/Trinidad and Tobago/deaths_TS_model.pkl
[2024-08-17T12:15:53.795+0000] {processor.py:830} INFO - Processing file /opt/airflow/dags/data/models/Trinidad and Tobago/deaths_TS_model.pkl for tasks to queue
[2024-08-17T12:15:53.796+0000] {logging_mixin.py:188} INFO - [2024-08-17T12:15:53.796+0000] {dagbag.py:545} INFO - Filling up the DagBag from /opt/airflow/dags/data/models/Trinidad and Tobago/deaths_TS_model.pkl
[2024-08-17T12:15:53.817+0000] {processor.py:842} WARNING - No viable dags retrieved from /opt/airflow/dags/data/models/Trinidad and Tobago/deaths_TS_model.pkl
[2024-08-17T12:15:53.836+0000] {processor.py:183} INFO - Processing /opt/airflow/dags/data/models/Trinidad and Tobago/deaths_TS_model.pkl took 0.049 seconds
[2024-08-17T12:16:29.513+0000] {processor.py:161} INFO - Started process (PID=26056) to work on /opt/airflow/dags/data/models/Trinidad and Tobago/deaths_TS_model.pkl
[2024-08-17T12:16:29.514+0000] {processor.py:830} INFO - Processing file /opt/airflow/dags/data/models/Trinidad and Tobago/deaths_TS_model.pkl for tasks to queue
[2024-08-17T12:16:29.515+0000] {logging_mixin.py:188} INFO - [2024-08-17T12:16:29.515+0000] {dagbag.py:545} INFO - Filling up the DagBag from /opt/airflow/dags/data/models/Trinidad and Tobago/deaths_TS_model.pkl
[2024-08-17T12:16:29.546+0000] {processor.py:842} WARNING - No viable dags retrieved from /opt/airflow/dags/data/models/Trinidad and Tobago/deaths_TS_model.pkl
[2024-08-17T12:16:29.568+0000] {processor.py:183} INFO - Processing /opt/airflow/dags/data/models/Trinidad and Tobago/deaths_TS_model.pkl took 0.063 seconds
[2024-08-17T12:17:12.244+0000] {processor.py:161} INFO - Started process (PID=26660) to work on /opt/airflow/dags/data/models/Trinidad and Tobago/deaths_TS_model.pkl
[2024-08-17T12:17:12.245+0000] {processor.py:830} INFO - Processing file /opt/airflow/dags/data/models/Trinidad and Tobago/deaths_TS_model.pkl for tasks to queue
[2024-08-17T12:17:12.247+0000] {logging_mixin.py:188} INFO - [2024-08-17T12:17:12.246+0000] {dagbag.py:545} INFO - Filling up the DagBag from /opt/airflow/dags/data/models/Trinidad and Tobago/deaths_TS_model.pkl
[2024-08-17T12:17:12.275+0000] {processor.py:842} WARNING - No viable dags retrieved from /opt/airflow/dags/data/models/Trinidad and Tobago/deaths_TS_model.pkl
[2024-08-17T12:17:12.295+0000] {processor.py:183} INFO - Processing /opt/airflow/dags/data/models/Trinidad and Tobago/deaths_TS_model.pkl took 0.059 seconds
[2024-08-17T12:18:17.923+0000] {processor.py:161} INFO - Started process (PID=27272) to work on /opt/airflow/dags/data/models/Trinidad and Tobago/deaths_TS_model.pkl
[2024-08-17T12:18:17.924+0000] {processor.py:830} INFO - Processing file /opt/airflow/dags/data/models/Trinidad and Tobago/deaths_TS_model.pkl for tasks to queue
[2024-08-17T12:18:17.926+0000] {logging_mixin.py:188} INFO - [2024-08-17T12:18:17.925+0000] {dagbag.py:545} INFO - Filling up the DagBag from /opt/airflow/dags/data/models/Trinidad and Tobago/deaths_TS_model.pkl
[2024-08-17T12:18:17.950+0000] {processor.py:842} WARNING - No viable dags retrieved from /opt/airflow/dags/data/models/Trinidad and Tobago/deaths_TS_model.pkl
[2024-08-17T12:18:17.971+0000] {processor.py:183} INFO - Processing /opt/airflow/dags/data/models/Trinidad and Tobago/deaths_TS_model.pkl took 0.055 seconds
[2024-08-17T12:19:15.350+0000] {processor.py:161} INFO - Started process (PID=28062) to work on /opt/airflow/dags/data/models/Trinidad and Tobago/deaths_TS_model.pkl
[2024-08-17T12:19:15.352+0000] {processor.py:830} INFO - Processing file /opt/airflow/dags/data/models/Trinidad and Tobago/deaths_TS_model.pkl for tasks to queue
[2024-08-17T12:19:15.353+0000] {logging_mixin.py:188} INFO - [2024-08-17T12:19:15.353+0000] {dagbag.py:545} INFO - Filling up the DagBag from /opt/airflow/dags/data/models/Trinidad and Tobago/deaths_TS_model.pkl
[2024-08-17T12:19:15.377+0000] {processor.py:842} WARNING - No viable dags retrieved from /opt/airflow/dags/data/models/Trinidad and Tobago/deaths_TS_model.pkl
[2024-08-17T12:19:15.397+0000] {processor.py:183} INFO - Processing /opt/airflow/dags/data/models/Trinidad and Tobago/deaths_TS_model.pkl took 0.054 seconds
[2024-08-17T12:19:57.988+0000] {processor.py:161} INFO - Started process (PID=28650) to work on /opt/airflow/dags/data/models/Trinidad and Tobago/deaths_TS_model.pkl
[2024-08-17T12:19:57.989+0000] {processor.py:830} INFO - Processing file /opt/airflow/dags/data/models/Trinidad and Tobago/deaths_TS_model.pkl for tasks to queue
[2024-08-17T12:19:57.990+0000] {logging_mixin.py:188} INFO - [2024-08-17T12:19:57.990+0000] {dagbag.py:545} INFO - Filling up the DagBag from /opt/airflow/dags/data/models/Trinidad and Tobago/deaths_TS_model.pkl
[2024-08-17T12:19:58.010+0000] {processor.py:842} WARNING - No viable dags retrieved from /opt/airflow/dags/data/models/Trinidad and Tobago/deaths_TS_model.pkl
[2024-08-17T12:19:58.029+0000] {processor.py:183} INFO - Processing /opt/airflow/dags/data/models/Trinidad and Tobago/deaths_TS_model.pkl took 0.055 seconds
[2024-08-17T12:20:53.762+0000] {processor.py:161} INFO - Started process (PID=29314) to work on /opt/airflow/dags/data/models/Trinidad and Tobago/deaths_TS_model.pkl
[2024-08-17T12:20:53.764+0000] {processor.py:830} INFO - Processing file /opt/airflow/dags/data/models/Trinidad and Tobago/deaths_TS_model.pkl for tasks to queue
[2024-08-17T12:20:53.765+0000] {logging_mixin.py:188} INFO - [2024-08-17T12:20:53.765+0000] {dagbag.py:545} INFO - Filling up the DagBag from /opt/airflow/dags/data/models/Trinidad and Tobago/deaths_TS_model.pkl
[2024-08-17T12:20:53.785+0000] {processor.py:842} WARNING - No viable dags retrieved from /opt/airflow/dags/data/models/Trinidad and Tobago/deaths_TS_model.pkl
[2024-08-17T12:20:53.801+0000] {processor.py:183} INFO - Processing /opt/airflow/dags/data/models/Trinidad and Tobago/deaths_TS_model.pkl took 0.045 seconds
[2024-08-17T12:21:38.146+0000] {processor.py:161} INFO - Started process (PID=30002) to work on /opt/airflow/dags/data/models/Trinidad and Tobago/deaths_TS_model.pkl
[2024-08-17T12:21:38.147+0000] {processor.py:830} INFO - Processing file /opt/airflow/dags/data/models/Trinidad and Tobago/deaths_TS_model.pkl for tasks to queue
[2024-08-17T12:21:38.148+0000] {logging_mixin.py:188} INFO - [2024-08-17T12:21:38.147+0000] {dagbag.py:545} INFO - Filling up the DagBag from /opt/airflow/dags/data/models/Trinidad and Tobago/deaths_TS_model.pkl
[2024-08-17T12:21:38.168+0000] {processor.py:842} WARNING - No viable dags retrieved from /opt/airflow/dags/data/models/Trinidad and Tobago/deaths_TS_model.pkl
[2024-08-17T12:21:38.183+0000] {processor.py:183} INFO - Processing /opt/airflow/dags/data/models/Trinidad and Tobago/deaths_TS_model.pkl took 0.042 seconds
[2024-08-17T12:22:15.434+0000] {processor.py:161} INFO - Started process (PID=30575) to work on /opt/airflow/dags/data/models/Trinidad and Tobago/deaths_TS_model.pkl
[2024-08-17T12:22:15.435+0000] {processor.py:830} INFO - Processing file /opt/airflow/dags/data/models/Trinidad and Tobago/deaths_TS_model.pkl for tasks to queue
[2024-08-17T12:22:15.438+0000] {logging_mixin.py:188} INFO - [2024-08-17T12:22:15.437+0000] {dagbag.py:545} INFO - Filling up the DagBag from /opt/airflow/dags/data/models/Trinidad and Tobago/deaths_TS_model.pkl
[2024-08-17T12:22:15.460+0000] {processor.py:842} WARNING - No viable dags retrieved from /opt/airflow/dags/data/models/Trinidad and Tobago/deaths_TS_model.pkl
[2024-08-17T12:22:15.478+0000] {processor.py:183} INFO - Processing /opt/airflow/dags/data/models/Trinidad and Tobago/deaths_TS_model.pkl took 0.050 seconds
[2024-08-17T12:23:15.602+0000] {processor.py:161} INFO - Started process (PID=31136) to work on /opt/airflow/dags/data/models/Trinidad and Tobago/deaths_TS_model.pkl
[2024-08-17T12:23:15.603+0000] {processor.py:830} INFO - Processing file /opt/airflow/dags/data/models/Trinidad and Tobago/deaths_TS_model.pkl for tasks to queue
[2024-08-17T12:23:15.605+0000] {logging_mixin.py:188} INFO - [2024-08-17T12:23:15.604+0000] {dagbag.py:545} INFO - Filling up the DagBag from /opt/airflow/dags/data/models/Trinidad and Tobago/deaths_TS_model.pkl
[2024-08-17T12:23:15.625+0000] {processor.py:842} WARNING - No viable dags retrieved from /opt/airflow/dags/data/models/Trinidad and Tobago/deaths_TS_model.pkl
[2024-08-17T12:23:15.642+0000] {processor.py:183} INFO - Processing /opt/airflow/dags/data/models/Trinidad and Tobago/deaths_TS_model.pkl took 0.045 seconds
[2024-08-17T12:24:00.078+0000] {processor.py:161} INFO - Started process (PID=31846) to work on /opt/airflow/dags/data/models/Trinidad and Tobago/deaths_TS_model.pkl
[2024-08-17T12:24:00.079+0000] {processor.py:830} INFO - Processing file /opt/airflow/dags/data/models/Trinidad and Tobago/deaths_TS_model.pkl for tasks to queue
[2024-08-17T12:24:00.080+0000] {logging_mixin.py:188} INFO - [2024-08-17T12:24:00.080+0000] {dagbag.py:545} INFO - Filling up the DagBag from /opt/airflow/dags/data/models/Trinidad and Tobago/deaths_TS_model.pkl
[2024-08-17T12:24:00.099+0000] {processor.py:842} WARNING - No viable dags retrieved from /opt/airflow/dags/data/models/Trinidad and Tobago/deaths_TS_model.pkl
[2024-08-17T12:24:00.117+0000] {processor.py:183} INFO - Processing /opt/airflow/dags/data/models/Trinidad and Tobago/deaths_TS_model.pkl took 0.045 seconds
[2024-08-17T12:24:45.275+0000] {processor.py:161} INFO - Started process (PID=32600) to work on /opt/airflow/dags/data/models/Trinidad and Tobago/deaths_TS_model.pkl
[2024-08-17T12:24:45.276+0000] {processor.py:830} INFO - Processing file /opt/airflow/dags/data/models/Trinidad and Tobago/deaths_TS_model.pkl for tasks to queue
[2024-08-17T12:24:45.277+0000] {logging_mixin.py:188} INFO - [2024-08-17T12:24:45.277+0000] {dagbag.py:545} INFO - Filling up the DagBag from /opt/airflow/dags/data/models/Trinidad and Tobago/deaths_TS_model.pkl
[2024-08-17T12:24:45.296+0000] {processor.py:842} WARNING - No viable dags retrieved from /opt/airflow/dags/data/models/Trinidad and Tobago/deaths_TS_model.pkl
[2024-08-17T12:24:45.310+0000] {processor.py:183} INFO - Processing /opt/airflow/dags/data/models/Trinidad and Tobago/deaths_TS_model.pkl took 0.042 seconds
[2024-08-17T12:25:23.887+0000] {processor.py:161} INFO - Started process (PID=33255) to work on /opt/airflow/dags/data/models/Trinidad and Tobago/deaths_TS_model.pkl
[2024-08-17T12:25:23.888+0000] {processor.py:830} INFO - Processing file /opt/airflow/dags/data/models/Trinidad and Tobago/deaths_TS_model.pkl for tasks to queue
[2024-08-17T12:25:23.890+0000] {logging_mixin.py:188} INFO - [2024-08-17T12:25:23.889+0000] {dagbag.py:545} INFO - Filling up the DagBag from /opt/airflow/dags/data/models/Trinidad and Tobago/deaths_TS_model.pkl
[2024-08-17T12:25:23.912+0000] {processor.py:842} WARNING - No viable dags retrieved from /opt/airflow/dags/data/models/Trinidad and Tobago/deaths_TS_model.pkl
[2024-08-17T12:25:23.926+0000] {processor.py:183} INFO - Processing /opt/airflow/dags/data/models/Trinidad and Tobago/deaths_TS_model.pkl took 0.046 seconds
[2024-08-17T12:25:59.386+0000] {processor.py:161} INFO - Started process (PID=33930) to work on /opt/airflow/dags/data/models/Trinidad and Tobago/deaths_TS_model.pkl
[2024-08-17T12:25:59.387+0000] {processor.py:830} INFO - Processing file /opt/airflow/dags/data/models/Trinidad and Tobago/deaths_TS_model.pkl for tasks to queue
[2024-08-17T12:25:59.388+0000] {logging_mixin.py:188} INFO - [2024-08-17T12:25:59.388+0000] {dagbag.py:545} INFO - Filling up the DagBag from /opt/airflow/dags/data/models/Trinidad and Tobago/deaths_TS_model.pkl
[2024-08-17T12:25:59.402+0000] {processor.py:842} WARNING - No viable dags retrieved from /opt/airflow/dags/data/models/Trinidad and Tobago/deaths_TS_model.pkl
[2024-08-17T12:25:59.418+0000] {processor.py:183} INFO - Processing /opt/airflow/dags/data/models/Trinidad and Tobago/deaths_TS_model.pkl took 0.038 seconds
[2024-08-17T12:26:33.185+0000] {processor.py:161} INFO - Started process (PID=34538) to work on /opt/airflow/dags/data/models/Trinidad and Tobago/deaths_TS_model.pkl
[2024-08-17T12:26:33.187+0000] {processor.py:830} INFO - Processing file /opt/airflow/dags/data/models/Trinidad and Tobago/deaths_TS_model.pkl for tasks to queue
[2024-08-17T12:26:33.188+0000] {logging_mixin.py:188} INFO - [2024-08-17T12:26:33.188+0000] {dagbag.py:545} INFO - Filling up the DagBag from /opt/airflow/dags/data/models/Trinidad and Tobago/deaths_TS_model.pkl
[2024-08-17T12:26:33.206+0000] {processor.py:842} WARNING - No viable dags retrieved from /opt/airflow/dags/data/models/Trinidad and Tobago/deaths_TS_model.pkl
[2024-08-17T12:26:33.223+0000] {processor.py:183} INFO - Processing /opt/airflow/dags/data/models/Trinidad and Tobago/deaths_TS_model.pkl took 0.043 seconds
[2024-08-17T12:27:11.624+0000] {processor.py:161} INFO - Started process (PID=35281) to work on /opt/airflow/dags/data/models/Trinidad and Tobago/deaths_TS_model.pkl
[2024-08-17T12:27:11.625+0000] {processor.py:830} INFO - Processing file /opt/airflow/dags/data/models/Trinidad and Tobago/deaths_TS_model.pkl for tasks to queue
[2024-08-17T12:27:11.626+0000] {logging_mixin.py:188} INFO - [2024-08-17T12:27:11.626+0000] {dagbag.py:545} INFO - Filling up the DagBag from /opt/airflow/dags/data/models/Trinidad and Tobago/deaths_TS_model.pkl
[2024-08-17T12:27:11.638+0000] {processor.py:842} WARNING - No viable dags retrieved from /opt/airflow/dags/data/models/Trinidad and Tobago/deaths_TS_model.pkl
[2024-08-17T12:27:11.650+0000] {processor.py:183} INFO - Processing /opt/airflow/dags/data/models/Trinidad and Tobago/deaths_TS_model.pkl took 0.032 seconds
[2024-08-17T12:28:06.232+0000] {processor.py:161} INFO - Started process (PID=36045) to work on /opt/airflow/dags/data/models/Trinidad and Tobago/deaths_TS_model.pkl
[2024-08-17T12:28:06.232+0000] {processor.py:830} INFO - Processing file /opt/airflow/dags/data/models/Trinidad and Tobago/deaths_TS_model.pkl for tasks to queue
[2024-08-17T12:28:06.233+0000] {logging_mixin.py:188} INFO - [2024-08-17T12:28:06.233+0000] {dagbag.py:545} INFO - Filling up the DagBag from /opt/airflow/dags/data/models/Trinidad and Tobago/deaths_TS_model.pkl
[2024-08-17T12:28:06.245+0000] {processor.py:842} WARNING - No viable dags retrieved from /opt/airflow/dags/data/models/Trinidad and Tobago/deaths_TS_model.pkl
[2024-08-17T12:28:06.256+0000] {processor.py:183} INFO - Processing /opt/airflow/dags/data/models/Trinidad and Tobago/deaths_TS_model.pkl took 0.028 seconds
[2024-08-17T12:28:40.679+0000] {processor.py:161} INFO - Started process (PID=36793) to work on /opt/airflow/dags/data/models/Trinidad and Tobago/deaths_TS_model.pkl
[2024-08-17T12:28:40.680+0000] {processor.py:830} INFO - Processing file /opt/airflow/dags/data/models/Trinidad and Tobago/deaths_TS_model.pkl for tasks to queue
[2024-08-17T12:28:40.680+0000] {logging_mixin.py:188} INFO - [2024-08-17T12:28:40.680+0000] {dagbag.py:545} INFO - Filling up the DagBag from /opt/airflow/dags/data/models/Trinidad and Tobago/deaths_TS_model.pkl
[2024-08-17T12:28:40.690+0000] {processor.py:842} WARNING - No viable dags retrieved from /opt/airflow/dags/data/models/Trinidad and Tobago/deaths_TS_model.pkl
[2024-08-17T12:28:40.701+0000] {processor.py:183} INFO - Processing /opt/airflow/dags/data/models/Trinidad and Tobago/deaths_TS_model.pkl took 0.027 seconds
[2024-08-17T12:29:14.860+0000] {processor.py:161} INFO - Started process (PID=37504) to work on /opt/airflow/dags/data/models/Trinidad and Tobago/deaths_TS_model.pkl
[2024-08-17T12:29:14.861+0000] {processor.py:830} INFO - Processing file /opt/airflow/dags/data/models/Trinidad and Tobago/deaths_TS_model.pkl for tasks to queue
[2024-08-17T12:29:14.862+0000] {logging_mixin.py:188} INFO - [2024-08-17T12:29:14.861+0000] {dagbag.py:545} INFO - Filling up the DagBag from /opt/airflow/dags/data/models/Trinidad and Tobago/deaths_TS_model.pkl
[2024-08-17T12:29:14.877+0000] {processor.py:842} WARNING - No viable dags retrieved from /opt/airflow/dags/data/models/Trinidad and Tobago/deaths_TS_model.pkl
[2024-08-17T12:29:14.887+0000] {processor.py:183} INFO - Processing /opt/airflow/dags/data/models/Trinidad and Tobago/deaths_TS_model.pkl took 0.030 seconds
[2024-08-17T12:29:47.170+0000] {processor.py:161} INFO - Started process (PID=38182) to work on /opt/airflow/dags/data/models/Trinidad and Tobago/deaths_TS_model.pkl
[2024-08-17T12:29:47.171+0000] {processor.py:830} INFO - Processing file /opt/airflow/dags/data/models/Trinidad and Tobago/deaths_TS_model.pkl for tasks to queue
[2024-08-17T12:29:47.172+0000] {logging_mixin.py:188} INFO - [2024-08-17T12:29:47.172+0000] {dagbag.py:545} INFO - Filling up the DagBag from /opt/airflow/dags/data/models/Trinidad and Tobago/deaths_TS_model.pkl
[2024-08-17T12:29:47.189+0000] {processor.py:842} WARNING - No viable dags retrieved from /opt/airflow/dags/data/models/Trinidad and Tobago/deaths_TS_model.pkl
[2024-08-17T12:29:47.199+0000] {processor.py:183} INFO - Processing /opt/airflow/dags/data/models/Trinidad and Tobago/deaths_TS_model.pkl took 0.033 seconds
[2024-08-17T12:30:20.035+0000] {processor.py:161} INFO - Started process (PID=38910) to work on /opt/airflow/dags/data/models/Trinidad and Tobago/deaths_TS_model.pkl
[2024-08-17T12:30:20.035+0000] {processor.py:830} INFO - Processing file /opt/airflow/dags/data/models/Trinidad and Tobago/deaths_TS_model.pkl for tasks to queue
[2024-08-17T12:30:20.036+0000] {logging_mixin.py:188} INFO - [2024-08-17T12:30:20.036+0000] {dagbag.py:545} INFO - Filling up the DagBag from /opt/airflow/dags/data/models/Trinidad and Tobago/deaths_TS_model.pkl
[2024-08-17T12:30:20.046+0000] {processor.py:842} WARNING - No viable dags retrieved from /opt/airflow/dags/data/models/Trinidad and Tobago/deaths_TS_model.pkl
[2024-08-17T12:30:20.056+0000] {processor.py:183} INFO - Processing /opt/airflow/dags/data/models/Trinidad and Tobago/deaths_TS_model.pkl took 0.025 seconds
[2024-08-17T12:30:51.493+0000] {processor.py:161} INFO - Started process (PID=39636) to work on /opt/airflow/dags/data/models/Trinidad and Tobago/deaths_TS_model.pkl
[2024-08-17T12:30:51.494+0000] {processor.py:830} INFO - Processing file /opt/airflow/dags/data/models/Trinidad and Tobago/deaths_TS_model.pkl for tasks to queue
[2024-08-17T12:30:51.494+0000] {logging_mixin.py:188} INFO - [2024-08-17T12:30:51.494+0000] {dagbag.py:545} INFO - Filling up the DagBag from /opt/airflow/dags/data/models/Trinidad and Tobago/deaths_TS_model.pkl
[2024-08-17T12:30:51.503+0000] {processor.py:842} WARNING - No viable dags retrieved from /opt/airflow/dags/data/models/Trinidad and Tobago/deaths_TS_model.pkl
[2024-08-17T12:30:51.513+0000] {processor.py:183} INFO - Processing /opt/airflow/dags/data/models/Trinidad and Tobago/deaths_TS_model.pkl took 0.024 seconds
[2024-08-17T12:31:23.724+0000] {processor.py:161} INFO - Started process (PID=40360) to work on /opt/airflow/dags/data/models/Trinidad and Tobago/deaths_TS_model.pkl
[2024-08-17T12:31:23.725+0000] {processor.py:830} INFO - Processing file /opt/airflow/dags/data/models/Trinidad and Tobago/deaths_TS_model.pkl for tasks to queue
[2024-08-17T12:31:23.726+0000] {logging_mixin.py:188} INFO - [2024-08-17T12:31:23.725+0000] {dagbag.py:545} INFO - Filling up the DagBag from /opt/airflow/dags/data/models/Trinidad and Tobago/deaths_TS_model.pkl
[2024-08-17T12:31:23.735+0000] {processor.py:842} WARNING - No viable dags retrieved from /opt/airflow/dags/data/models/Trinidad and Tobago/deaths_TS_model.pkl
[2024-08-17T12:31:23.746+0000] {processor.py:183} INFO - Processing /opt/airflow/dags/data/models/Trinidad and Tobago/deaths_TS_model.pkl took 0.025 seconds
[2024-08-17T12:31:55.352+0000] {processor.py:161} INFO - Started process (PID=41085) to work on /opt/airflow/dags/data/models/Trinidad and Tobago/deaths_TS_model.pkl
[2024-08-17T12:31:55.353+0000] {processor.py:830} INFO - Processing file /opt/airflow/dags/data/models/Trinidad and Tobago/deaths_TS_model.pkl for tasks to queue
[2024-08-17T12:31:55.354+0000] {logging_mixin.py:188} INFO - [2024-08-17T12:31:55.354+0000] {dagbag.py:545} INFO - Filling up the DagBag from /opt/airflow/dags/data/models/Trinidad and Tobago/deaths_TS_model.pkl
[2024-08-17T12:31:55.367+0000] {processor.py:842} WARNING - No viable dags retrieved from /opt/airflow/dags/data/models/Trinidad and Tobago/deaths_TS_model.pkl
[2024-08-17T12:31:55.377+0000] {processor.py:183} INFO - Processing /opt/airflow/dags/data/models/Trinidad and Tobago/deaths_TS_model.pkl took 0.029 seconds
[2024-08-17T12:32:30.895+0000] {processor.py:161} INFO - Started process (PID=41830) to work on /opt/airflow/dags/data/models/Trinidad and Tobago/deaths_TS_model.pkl
[2024-08-17T12:32:30.895+0000] {processor.py:830} INFO - Processing file /opt/airflow/dags/data/models/Trinidad and Tobago/deaths_TS_model.pkl for tasks to queue
[2024-08-17T12:32:30.896+0000] {logging_mixin.py:188} INFO - [2024-08-17T12:32:30.896+0000] {dagbag.py:545} INFO - Filling up the DagBag from /opt/airflow/dags/data/models/Trinidad and Tobago/deaths_TS_model.pkl
[2024-08-17T12:32:30.908+0000] {processor.py:842} WARNING - No viable dags retrieved from /opt/airflow/dags/data/models/Trinidad and Tobago/deaths_TS_model.pkl
[2024-08-17T12:32:30.917+0000] {processor.py:183} INFO - Processing /opt/airflow/dags/data/models/Trinidad and Tobago/deaths_TS_model.pkl took 0.026 seconds
[2024-08-17T12:33:13.835+0000] {processor.py:161} INFO - Started process (PID=42645) to work on /opt/airflow/dags/data/models/Trinidad and Tobago/deaths_TS_model.pkl
[2024-08-17T12:33:13.836+0000] {processor.py:830} INFO - Processing file /opt/airflow/dags/data/models/Trinidad and Tobago/deaths_TS_model.pkl for tasks to queue
[2024-08-17T12:33:13.840+0000] {logging_mixin.py:188} INFO - [2024-08-17T12:33:13.840+0000] {dagbag.py:545} INFO - Filling up the DagBag from /opt/airflow/dags/data/models/Trinidad and Tobago/deaths_TS_model.pkl
[2024-08-17T12:33:13.853+0000] {processor.py:842} WARNING - No viable dags retrieved from /opt/airflow/dags/data/models/Trinidad and Tobago/deaths_TS_model.pkl
[2024-08-17T12:33:13.864+0000] {processor.py:183} INFO - Processing /opt/airflow/dags/data/models/Trinidad and Tobago/deaths_TS_model.pkl took 0.032 seconds
[2024-08-17T12:33:48.023+0000] {processor.py:161} INFO - Started process (PID=43355) to work on /opt/airflow/dags/data/models/Trinidad and Tobago/deaths_TS_model.pkl
[2024-08-17T12:33:48.024+0000] {processor.py:830} INFO - Processing file /opt/airflow/dags/data/models/Trinidad and Tobago/deaths_TS_model.pkl for tasks to queue
[2024-08-17T12:33:48.025+0000] {logging_mixin.py:188} INFO - [2024-08-17T12:33:48.025+0000] {dagbag.py:545} INFO - Filling up the DagBag from /opt/airflow/dags/data/models/Trinidad and Tobago/deaths_TS_model.pkl
[2024-08-17T12:33:48.037+0000] {processor.py:842} WARNING - No viable dags retrieved from /opt/airflow/dags/data/models/Trinidad and Tobago/deaths_TS_model.pkl
[2024-08-17T12:33:48.048+0000] {processor.py:183} INFO - Processing /opt/airflow/dags/data/models/Trinidad and Tobago/deaths_TS_model.pkl took 0.030 seconds
[2024-08-17T12:34:21.616+0000] {processor.py:161} INFO - Started process (PID=44078) to work on /opt/airflow/dags/data/models/Trinidad and Tobago/deaths_TS_model.pkl
[2024-08-17T12:34:21.617+0000] {processor.py:830} INFO - Processing file /opt/airflow/dags/data/models/Trinidad and Tobago/deaths_TS_model.pkl for tasks to queue
[2024-08-17T12:34:21.617+0000] {logging_mixin.py:188} INFO - [2024-08-17T12:34:21.617+0000] {dagbag.py:545} INFO - Filling up the DagBag from /opt/airflow/dags/data/models/Trinidad and Tobago/deaths_TS_model.pkl
[2024-08-17T12:34:21.627+0000] {processor.py:842} WARNING - No viable dags retrieved from /opt/airflow/dags/data/models/Trinidad and Tobago/deaths_TS_model.pkl
[2024-08-17T12:34:21.638+0000] {processor.py:183} INFO - Processing /opt/airflow/dags/data/models/Trinidad and Tobago/deaths_TS_model.pkl took 0.026 seconds
[2024-08-17T12:34:54.582+0000] {processor.py:161} INFO - Started process (PID=44814) to work on /opt/airflow/dags/data/models/Trinidad and Tobago/deaths_TS_model.pkl
[2024-08-17T12:34:54.582+0000] {processor.py:830} INFO - Processing file /opt/airflow/dags/data/models/Trinidad and Tobago/deaths_TS_model.pkl for tasks to queue
[2024-08-17T12:34:54.583+0000] {logging_mixin.py:188} INFO - [2024-08-17T12:34:54.583+0000] {dagbag.py:545} INFO - Filling up the DagBag from /opt/airflow/dags/data/models/Trinidad and Tobago/deaths_TS_model.pkl
[2024-08-17T12:34:54.592+0000] {processor.py:842} WARNING - No viable dags retrieved from /opt/airflow/dags/data/models/Trinidad and Tobago/deaths_TS_model.pkl
[2024-08-17T12:34:54.601+0000] {processor.py:183} INFO - Processing /opt/airflow/dags/data/models/Trinidad and Tobago/deaths_TS_model.pkl took 0.024 seconds
[2024-08-17T12:35:26.629+0000] {processor.py:161} INFO - Started process (PID=45540) to work on /opt/airflow/dags/data/models/Trinidad and Tobago/deaths_TS_model.pkl
[2024-08-17T12:35:26.630+0000] {processor.py:830} INFO - Processing file /opt/airflow/dags/data/models/Trinidad and Tobago/deaths_TS_model.pkl for tasks to queue
[2024-08-17T12:35:26.630+0000] {logging_mixin.py:188} INFO - [2024-08-17T12:35:26.630+0000] {dagbag.py:545} INFO - Filling up the DagBag from /opt/airflow/dags/data/models/Trinidad and Tobago/deaths_TS_model.pkl
[2024-08-17T12:35:26.639+0000] {processor.py:842} WARNING - No viable dags retrieved from /opt/airflow/dags/data/models/Trinidad and Tobago/deaths_TS_model.pkl
[2024-08-17T12:35:26.648+0000] {processor.py:183} INFO - Processing /opt/airflow/dags/data/models/Trinidad and Tobago/deaths_TS_model.pkl took 0.023 seconds
[2024-08-17T12:35:59.618+0000] {processor.py:161} INFO - Started process (PID=46283) to work on /opt/airflow/dags/data/models/Trinidad and Tobago/deaths_TS_model.pkl
[2024-08-17T12:35:59.618+0000] {processor.py:830} INFO - Processing file /opt/airflow/dags/data/models/Trinidad and Tobago/deaths_TS_model.pkl for tasks to queue
[2024-08-17T12:35:59.619+0000] {logging_mixin.py:188} INFO - [2024-08-17T12:35:59.619+0000] {dagbag.py:545} INFO - Filling up the DagBag from /opt/airflow/dags/data/models/Trinidad and Tobago/deaths_TS_model.pkl
[2024-08-17T12:35:59.630+0000] {processor.py:842} WARNING - No viable dags retrieved from /opt/airflow/dags/data/models/Trinidad and Tobago/deaths_TS_model.pkl
[2024-08-17T12:35:59.640+0000] {processor.py:183} INFO - Processing /opt/airflow/dags/data/models/Trinidad and Tobago/deaths_TS_model.pkl took 0.026 seconds
[2024-08-17T12:36:31.906+0000] {processor.py:161} INFO - Started process (PID=47010) to work on /opt/airflow/dags/data/models/Trinidad and Tobago/deaths_TS_model.pkl
[2024-08-17T12:36:31.907+0000] {processor.py:830} INFO - Processing file /opt/airflow/dags/data/models/Trinidad and Tobago/deaths_TS_model.pkl for tasks to queue
[2024-08-17T12:36:31.907+0000] {logging_mixin.py:188} INFO - [2024-08-17T12:36:31.907+0000] {dagbag.py:545} INFO - Filling up the DagBag from /opt/airflow/dags/data/models/Trinidad and Tobago/deaths_TS_model.pkl
[2024-08-17T12:36:31.914+0000] {processor.py:842} WARNING - No viable dags retrieved from /opt/airflow/dags/data/models/Trinidad and Tobago/deaths_TS_model.pkl
[2024-08-17T12:36:31.922+0000] {processor.py:183} INFO - Processing /opt/airflow/dags/data/models/Trinidad and Tobago/deaths_TS_model.pkl took 0.020 seconds
[2024-08-17T12:37:03.901+0000] {processor.py:161} INFO - Started process (PID=47715) to work on /opt/airflow/dags/data/models/Trinidad and Tobago/deaths_TS_model.pkl
[2024-08-17T12:37:03.901+0000] {processor.py:830} INFO - Processing file /opt/airflow/dags/data/models/Trinidad and Tobago/deaths_TS_model.pkl for tasks to queue
[2024-08-17T12:37:03.902+0000] {logging_mixin.py:188} INFO - [2024-08-17T12:37:03.902+0000] {dagbag.py:545} INFO - Filling up the DagBag from /opt/airflow/dags/data/models/Trinidad and Tobago/deaths_TS_model.pkl
[2024-08-17T12:37:03.909+0000] {processor.py:842} WARNING - No viable dags retrieved from /opt/airflow/dags/data/models/Trinidad and Tobago/deaths_TS_model.pkl
[2024-08-17T12:37:03.918+0000] {processor.py:183} INFO - Processing /opt/airflow/dags/data/models/Trinidad and Tobago/deaths_TS_model.pkl took 0.021 seconds
[2024-08-17T12:37:36.734+0000] {processor.py:161} INFO - Started process (PID=48458) to work on /opt/airflow/dags/data/models/Trinidad and Tobago/deaths_TS_model.pkl
[2024-08-17T12:37:36.736+0000] {processor.py:830} INFO - Processing file /opt/airflow/dags/data/models/Trinidad and Tobago/deaths_TS_model.pkl for tasks to queue
[2024-08-17T12:37:36.740+0000] {logging_mixin.py:188} INFO - [2024-08-17T12:37:36.740+0000] {dagbag.py:545} INFO - Filling up the DagBag from /opt/airflow/dags/data/models/Trinidad and Tobago/deaths_TS_model.pkl
[2024-08-17T12:37:36.753+0000] {processor.py:842} WARNING - No viable dags retrieved from /opt/airflow/dags/data/models/Trinidad and Tobago/deaths_TS_model.pkl
[2024-08-17T12:37:36.761+0000] {processor.py:183} INFO - Processing /opt/airflow/dags/data/models/Trinidad and Tobago/deaths_TS_model.pkl took 0.031 seconds
[2024-08-17T12:38:12.690+0000] {processor.py:161} INFO - Started process (PID=49145) to work on /opt/airflow/dags/data/models/Trinidad and Tobago/deaths_TS_model.pkl
[2024-08-17T12:38:12.691+0000] {processor.py:830} INFO - Processing file /opt/airflow/dags/data/models/Trinidad and Tobago/deaths_TS_model.pkl for tasks to queue
[2024-08-17T12:38:12.692+0000] {logging_mixin.py:188} INFO - [2024-08-17T12:38:12.692+0000] {dagbag.py:545} INFO - Filling up the DagBag from /opt/airflow/dags/data/models/Trinidad and Tobago/deaths_TS_model.pkl
[2024-08-17T12:38:12.699+0000] {processor.py:842} WARNING - No viable dags retrieved from /opt/airflow/dags/data/models/Trinidad and Tobago/deaths_TS_model.pkl
[2024-08-17T12:38:12.708+0000] {processor.py:183} INFO - Processing /opt/airflow/dags/data/models/Trinidad and Tobago/deaths_TS_model.pkl took 0.021 seconds
[2024-08-17T12:38:45.604+0000] {processor.py:161} INFO - Started process (PID=49838) to work on /opt/airflow/dags/data/models/Trinidad and Tobago/deaths_TS_model.pkl
[2024-08-17T12:38:45.605+0000] {processor.py:830} INFO - Processing file /opt/airflow/dags/data/models/Trinidad and Tobago/deaths_TS_model.pkl for tasks to queue
[2024-08-17T12:38:45.606+0000] {logging_mixin.py:188} INFO - [2024-08-17T12:38:45.606+0000] {dagbag.py:545} INFO - Filling up the DagBag from /opt/airflow/dags/data/models/Trinidad and Tobago/deaths_TS_model.pkl
[2024-08-17T12:38:45.614+0000] {processor.py:842} WARNING - No viable dags retrieved from /opt/airflow/dags/data/models/Trinidad and Tobago/deaths_TS_model.pkl
[2024-08-17T12:38:45.623+0000] {processor.py:183} INFO - Processing /opt/airflow/dags/data/models/Trinidad and Tobago/deaths_TS_model.pkl took 0.022 seconds
[2024-08-17T12:39:18.759+0000] {processor.py:161} INFO - Started process (PID=50581) to work on /opt/airflow/dags/data/models/Trinidad and Tobago/deaths_TS_model.pkl
[2024-08-17T12:39:18.759+0000] {processor.py:830} INFO - Processing file /opt/airflow/dags/data/models/Trinidad and Tobago/deaths_TS_model.pkl for tasks to queue
[2024-08-17T12:39:18.760+0000] {logging_mixin.py:188} INFO - [2024-08-17T12:39:18.760+0000] {dagbag.py:545} INFO - Filling up the DagBag from /opt/airflow/dags/data/models/Trinidad and Tobago/deaths_TS_model.pkl
[2024-08-17T12:39:18.767+0000] {processor.py:842} WARNING - No viable dags retrieved from /opt/airflow/dags/data/models/Trinidad and Tobago/deaths_TS_model.pkl
[2024-08-17T12:39:18.775+0000] {processor.py:183} INFO - Processing /opt/airflow/dags/data/models/Trinidad and Tobago/deaths_TS_model.pkl took 0.020 seconds
[2024-08-17T12:39:51.409+0000] {processor.py:161} INFO - Started process (PID=51298) to work on /opt/airflow/dags/data/models/Trinidad and Tobago/deaths_TS_model.pkl
[2024-08-17T12:39:51.410+0000] {processor.py:830} INFO - Processing file /opt/airflow/dags/data/models/Trinidad and Tobago/deaths_TS_model.pkl for tasks to queue
[2024-08-17T12:39:51.410+0000] {logging_mixin.py:188} INFO - [2024-08-17T12:39:51.410+0000] {dagbag.py:545} INFO - Filling up the DagBag from /opt/airflow/dags/data/models/Trinidad and Tobago/deaths_TS_model.pkl
[2024-08-17T12:39:51.417+0000] {processor.py:842} WARNING - No viable dags retrieved from /opt/airflow/dags/data/models/Trinidad and Tobago/deaths_TS_model.pkl
[2024-08-17T12:39:51.426+0000] {processor.py:183} INFO - Processing /opt/airflow/dags/data/models/Trinidad and Tobago/deaths_TS_model.pkl took 0.020 seconds
[2024-08-17T12:40:23.508+0000] {processor.py:161} INFO - Started process (PID=52041) to work on /opt/airflow/dags/data/models/Trinidad and Tobago/deaths_TS_model.pkl
[2024-08-17T12:40:23.509+0000] {processor.py:830} INFO - Processing file /opt/airflow/dags/data/models/Trinidad and Tobago/deaths_TS_model.pkl for tasks to queue
[2024-08-17T12:40:23.510+0000] {logging_mixin.py:188} INFO - [2024-08-17T12:40:23.509+0000] {dagbag.py:545} INFO - Filling up the DagBag from /opt/airflow/dags/data/models/Trinidad and Tobago/deaths_TS_model.pkl
[2024-08-17T12:40:23.520+0000] {processor.py:842} WARNING - No viable dags retrieved from /opt/airflow/dags/data/models/Trinidad and Tobago/deaths_TS_model.pkl
[2024-08-17T12:40:23.530+0000] {processor.py:183} INFO - Processing /opt/airflow/dags/data/models/Trinidad and Tobago/deaths_TS_model.pkl took 0.025 seconds
[2024-08-17T12:40:55.468+0000] {processor.py:161} INFO - Started process (PID=52776) to work on /opt/airflow/dags/data/models/Trinidad and Tobago/deaths_TS_model.pkl
[2024-08-17T12:40:55.468+0000] {processor.py:830} INFO - Processing file /opt/airflow/dags/data/models/Trinidad and Tobago/deaths_TS_model.pkl for tasks to queue
[2024-08-17T12:40:55.469+0000] {logging_mixin.py:188} INFO - [2024-08-17T12:40:55.469+0000] {dagbag.py:545} INFO - Filling up the DagBag from /opt/airflow/dags/data/models/Trinidad and Tobago/deaths_TS_model.pkl
[2024-08-17T12:40:55.476+0000] {processor.py:842} WARNING - No viable dags retrieved from /opt/airflow/dags/data/models/Trinidad and Tobago/deaths_TS_model.pkl
[2024-08-17T12:40:55.485+0000] {processor.py:183} INFO - Processing /opt/airflow/dags/data/models/Trinidad and Tobago/deaths_TS_model.pkl took 0.021 seconds
[2024-08-17T12:41:28.450+0000] {processor.py:161} INFO - Started process (PID=53510) to work on /opt/airflow/dags/data/models/Trinidad and Tobago/deaths_TS_model.pkl
[2024-08-17T12:41:28.451+0000] {processor.py:830} INFO - Processing file /opt/airflow/dags/data/models/Trinidad and Tobago/deaths_TS_model.pkl for tasks to queue
[2024-08-17T12:41:28.451+0000] {logging_mixin.py:188} INFO - [2024-08-17T12:41:28.451+0000] {dagbag.py:545} INFO - Filling up the DagBag from /opt/airflow/dags/data/models/Trinidad and Tobago/deaths_TS_model.pkl
[2024-08-17T12:41:28.459+0000] {processor.py:842} WARNING - No viable dags retrieved from /opt/airflow/dags/data/models/Trinidad and Tobago/deaths_TS_model.pkl
[2024-08-17T12:41:28.469+0000] {processor.py:183} INFO - Processing /opt/airflow/dags/data/models/Trinidad and Tobago/deaths_TS_model.pkl took 0.022 seconds
