[2024-08-17T10:02:50.066+0000] {processor.py:161} INFO - Started process (PID=25804) to work on /opt/airflow/dags/data/models/New Zealand/deaths_TS_model.pkl
[2024-08-17T10:02:50.067+0000] {processor.py:830} INFO - Processing file /opt/airflow/dags/data/models/New Zealand/deaths_TS_model.pkl for tasks to queue
[2024-08-17T10:02:50.067+0000] {logging_mixin.py:188} INFO - [2024-08-17T10:02:50.067+0000] {dagbag.py:545} INFO - Filling up the DagBag from /opt/airflow/dags/data/models/New Zealand/deaths_TS_model.pkl
[2024-08-17T10:02:50.085+0000] {processor.py:842} WARNING - No viable dags retrieved from /opt/airflow/dags/data/models/New Zealand/deaths_TS_model.pkl
[2024-08-17T10:02:50.095+0000] {processor.py:183} INFO - Processing /opt/airflow/dags/data/models/New Zealand/deaths_TS_model.pkl took 0.033 seconds
[2024-08-17T10:03:20.657+0000] {processor.py:161} INFO - Started process (PID=26359) to work on /opt/airflow/dags/data/models/New Zealand/deaths_TS_model.pkl
[2024-08-17T10:03:20.658+0000] {processor.py:830} INFO - Processing file /opt/airflow/dags/data/models/New Zealand/deaths_TS_model.pkl for tasks to queue
[2024-08-17T10:03:20.666+0000] {logging_mixin.py:188} INFO - [2024-08-17T10:03:20.666+0000] {dagbag.py:545} INFO - Filling up the DagBag from /opt/airflow/dags/data/models/New Zealand/deaths_TS_model.pkl
[2024-08-17T10:03:20.678+0000] {processor.py:842} WARNING - No viable dags retrieved from /opt/airflow/dags/data/models/New Zealand/deaths_TS_model.pkl
[2024-08-17T10:03:20.689+0000] {processor.py:183} INFO - Processing /opt/airflow/dags/data/models/New Zealand/deaths_TS_model.pkl took 0.036 seconds
[2024-08-17T10:03:52.340+0000] {processor.py:161} INFO - Started process (PID=26923) to work on /opt/airflow/dags/data/models/New Zealand/deaths_TS_model.pkl
[2024-08-17T10:03:52.341+0000] {processor.py:830} INFO - Processing file /opt/airflow/dags/data/models/New Zealand/deaths_TS_model.pkl for tasks to queue
[2024-08-17T10:03:52.342+0000] {logging_mixin.py:188} INFO - [2024-08-17T10:03:52.341+0000] {dagbag.py:545} INFO - Filling up the DagBag from /opt/airflow/dags/data/models/New Zealand/deaths_TS_model.pkl
[2024-08-17T10:03:52.354+0000] {processor.py:842} WARNING - No viable dags retrieved from /opt/airflow/dags/data/models/New Zealand/deaths_TS_model.pkl
[2024-08-17T10:03:52.365+0000] {processor.py:183} INFO - Processing /opt/airflow/dags/data/models/New Zealand/deaths_TS_model.pkl took 0.028 seconds
[2024-08-17T10:04:23.446+0000] {processor.py:161} INFO - Started process (PID=27460) to work on /opt/airflow/dags/data/models/New Zealand/deaths_TS_model.pkl
[2024-08-17T10:04:23.447+0000] {processor.py:830} INFO - Processing file /opt/airflow/dags/data/models/New Zealand/deaths_TS_model.pkl for tasks to queue
[2024-08-17T10:04:23.448+0000] {logging_mixin.py:188} INFO - [2024-08-17T10:04:23.448+0000] {dagbag.py:545} INFO - Filling up the DagBag from /opt/airflow/dags/data/models/New Zealand/deaths_TS_model.pkl
[2024-08-17T10:04:23.459+0000] {processor.py:842} WARNING - No viable dags retrieved from /opt/airflow/dags/data/models/New Zealand/deaths_TS_model.pkl
[2024-08-17T10:04:23.470+0000] {processor.py:183} INFO - Processing /opt/airflow/dags/data/models/New Zealand/deaths_TS_model.pkl took 0.027 seconds
[2024-08-17T10:04:54.302+0000] {processor.py:161} INFO - Started process (PID=28023) to work on /opt/airflow/dags/data/models/New Zealand/deaths_TS_model.pkl
[2024-08-17T10:04:54.302+0000] {processor.py:830} INFO - Processing file /opt/airflow/dags/data/models/New Zealand/deaths_TS_model.pkl for tasks to queue
[2024-08-17T10:04:54.303+0000] {logging_mixin.py:188} INFO - [2024-08-17T10:04:54.303+0000] {dagbag.py:545} INFO - Filling up the DagBag from /opt/airflow/dags/data/models/New Zealand/deaths_TS_model.pkl
[2024-08-17T10:04:54.316+0000] {processor.py:842} WARNING - No viable dags retrieved from /opt/airflow/dags/data/models/New Zealand/deaths_TS_model.pkl
[2024-08-17T10:04:54.326+0000] {processor.py:183} INFO - Processing /opt/airflow/dags/data/models/New Zealand/deaths_TS_model.pkl took 0.030 seconds
[2024-08-17T10:05:25.835+0000] {processor.py:161} INFO - Started process (PID=28567) to work on /opt/airflow/dags/data/models/New Zealand/deaths_TS_model.pkl
[2024-08-17T10:05:25.835+0000] {processor.py:830} INFO - Processing file /opt/airflow/dags/data/models/New Zealand/deaths_TS_model.pkl for tasks to queue
[2024-08-17T10:05:25.836+0000] {logging_mixin.py:188} INFO - [2024-08-17T10:05:25.836+0000] {dagbag.py:545} INFO - Filling up the DagBag from /opt/airflow/dags/data/models/New Zealand/deaths_TS_model.pkl
[2024-08-17T10:05:25.849+0000] {processor.py:842} WARNING - No viable dags retrieved from /opt/airflow/dags/data/models/New Zealand/deaths_TS_model.pkl
[2024-08-17T10:05:25.859+0000] {processor.py:183} INFO - Processing /opt/airflow/dags/data/models/New Zealand/deaths_TS_model.pkl took 0.029 seconds
[2024-08-17T10:05:57.050+0000] {processor.py:161} INFO - Started process (PID=29102) to work on /opt/airflow/dags/data/models/New Zealand/deaths_TS_model.pkl
[2024-08-17T10:05:57.051+0000] {processor.py:830} INFO - Processing file /opt/airflow/dags/data/models/New Zealand/deaths_TS_model.pkl for tasks to queue
[2024-08-17T10:05:57.052+0000] {logging_mixin.py:188} INFO - [2024-08-17T10:05:57.051+0000] {dagbag.py:545} INFO - Filling up the DagBag from /opt/airflow/dags/data/models/New Zealand/deaths_TS_model.pkl
[2024-08-17T10:05:57.063+0000] {processor.py:842} WARNING - No viable dags retrieved from /opt/airflow/dags/data/models/New Zealand/deaths_TS_model.pkl
[2024-08-17T10:05:57.072+0000] {processor.py:183} INFO - Processing /opt/airflow/dags/data/models/New Zealand/deaths_TS_model.pkl took 0.027 seconds
[2024-08-17T10:06:27.843+0000] {processor.py:161} INFO - Started process (PID=29644) to work on /opt/airflow/dags/data/models/New Zealand/deaths_TS_model.pkl
[2024-08-17T10:06:27.843+0000] {processor.py:830} INFO - Processing file /opt/airflow/dags/data/models/New Zealand/deaths_TS_model.pkl for tasks to queue
[2024-08-17T10:06:27.844+0000] {logging_mixin.py:188} INFO - [2024-08-17T10:06:27.844+0000] {dagbag.py:545} INFO - Filling up the DagBag from /opt/airflow/dags/data/models/New Zealand/deaths_TS_model.pkl
[2024-08-17T10:06:27.853+0000] {processor.py:842} WARNING - No viable dags retrieved from /opt/airflow/dags/data/models/New Zealand/deaths_TS_model.pkl
[2024-08-17T10:06:27.864+0000] {processor.py:183} INFO - Processing /opt/airflow/dags/data/models/New Zealand/deaths_TS_model.pkl took 0.025 seconds
[2024-08-17T10:06:58.950+0000] {processor.py:161} INFO - Started process (PID=30181) to work on /opt/airflow/dags/data/models/New Zealand/deaths_TS_model.pkl
[2024-08-17T10:06:58.951+0000] {processor.py:830} INFO - Processing file /opt/airflow/dags/data/models/New Zealand/deaths_TS_model.pkl for tasks to queue
[2024-08-17T10:06:58.951+0000] {logging_mixin.py:188} INFO - [2024-08-17T10:06:58.951+0000] {dagbag.py:545} INFO - Filling up the DagBag from /opt/airflow/dags/data/models/New Zealand/deaths_TS_model.pkl
[2024-08-17T10:06:58.960+0000] {processor.py:842} WARNING - No viable dags retrieved from /opt/airflow/dags/data/models/New Zealand/deaths_TS_model.pkl
[2024-08-17T10:06:58.968+0000] {processor.py:183} INFO - Processing /opt/airflow/dags/data/models/New Zealand/deaths_TS_model.pkl took 0.022 seconds
[2024-08-17T10:07:30.186+0000] {processor.py:161} INFO - Started process (PID=30744) to work on /opt/airflow/dags/data/models/New Zealand/deaths_TS_model.pkl
[2024-08-17T10:07:30.187+0000] {processor.py:830} INFO - Processing file /opt/airflow/dags/data/models/New Zealand/deaths_TS_model.pkl for tasks to queue
[2024-08-17T10:07:30.187+0000] {logging_mixin.py:188} INFO - [2024-08-17T10:07:30.187+0000] {dagbag.py:545} INFO - Filling up the DagBag from /opt/airflow/dags/data/models/New Zealand/deaths_TS_model.pkl
[2024-08-17T10:07:30.195+0000] {processor.py:842} WARNING - No viable dags retrieved from /opt/airflow/dags/data/models/New Zealand/deaths_TS_model.pkl
[2024-08-17T10:07:30.205+0000] {processor.py:183} INFO - Processing /opt/airflow/dags/data/models/New Zealand/deaths_TS_model.pkl took 0.022 seconds
[2024-08-17T10:08:05.435+0000] {processor.py:161} INFO - Started process (PID=31328) to work on /opt/airflow/dags/data/models/New Zealand/deaths_TS_model.pkl
[2024-08-17T10:08:05.436+0000] {processor.py:830} INFO - Processing file /opt/airflow/dags/data/models/New Zealand/deaths_TS_model.pkl for tasks to queue
[2024-08-17T10:08:05.436+0000] {logging_mixin.py:188} INFO - [2024-08-17T10:08:05.436+0000] {dagbag.py:545} INFO - Filling up the DagBag from /opt/airflow/dags/data/models/New Zealand/deaths_TS_model.pkl
[2024-08-17T10:08:05.446+0000] {processor.py:842} WARNING - No viable dags retrieved from /opt/airflow/dags/data/models/New Zealand/deaths_TS_model.pkl
[2024-08-17T10:08:05.456+0000] {processor.py:183} INFO - Processing /opt/airflow/dags/data/models/New Zealand/deaths_TS_model.pkl took 0.024 seconds
[2024-08-17T10:08:40.044+0000] {processor.py:161} INFO - Started process (PID=31935) to work on /opt/airflow/dags/data/models/New Zealand/deaths_TS_model.pkl
[2024-08-17T10:08:40.044+0000] {processor.py:830} INFO - Processing file /opt/airflow/dags/data/models/New Zealand/deaths_TS_model.pkl for tasks to queue
[2024-08-17T10:08:40.045+0000] {logging_mixin.py:188} INFO - [2024-08-17T10:08:40.045+0000] {dagbag.py:545} INFO - Filling up the DagBag from /opt/airflow/dags/data/models/New Zealand/deaths_TS_model.pkl
[2024-08-17T10:08:40.069+0000] {processor.py:842} WARNING - No viable dags retrieved from /opt/airflow/dags/data/models/New Zealand/deaths_TS_model.pkl
[2024-08-17T10:08:40.079+0000] {processor.py:183} INFO - Processing /opt/airflow/dags/data/models/New Zealand/deaths_TS_model.pkl took 0.038 seconds
[2024-08-17T10:09:11.100+0000] {processor.py:161} INFO - Started process (PID=32488) to work on /opt/airflow/dags/data/models/New Zealand/deaths_TS_model.pkl
[2024-08-17T10:09:11.101+0000] {processor.py:830} INFO - Processing file /opt/airflow/dags/data/models/New Zealand/deaths_TS_model.pkl for tasks to queue
[2024-08-17T10:09:11.101+0000] {logging_mixin.py:188} INFO - [2024-08-17T10:09:11.101+0000] {dagbag.py:545} INFO - Filling up the DagBag from /opt/airflow/dags/data/models/New Zealand/deaths_TS_model.pkl
[2024-08-17T10:09:11.133+0000] {processor.py:842} WARNING - No viable dags retrieved from /opt/airflow/dags/data/models/New Zealand/deaths_TS_model.pkl
[2024-08-17T10:09:11.143+0000] {processor.py:183} INFO - Processing /opt/airflow/dags/data/models/New Zealand/deaths_TS_model.pkl took 0.047 seconds
[2024-08-17T10:09:43.555+0000] {processor.py:161} INFO - Started process (PID=33102) to work on /opt/airflow/dags/data/models/New Zealand/deaths_TS_model.pkl
[2024-08-17T10:09:43.556+0000] {processor.py:830} INFO - Processing file /opt/airflow/dags/data/models/New Zealand/deaths_TS_model.pkl for tasks to queue
[2024-08-17T10:09:43.556+0000] {logging_mixin.py:188} INFO - [2024-08-17T10:09:43.556+0000] {dagbag.py:545} INFO - Filling up the DagBag from /opt/airflow/dags/data/models/New Zealand/deaths_TS_model.pkl
[2024-08-17T10:09:43.566+0000] {processor.py:842} WARNING - No viable dags retrieved from /opt/airflow/dags/data/models/New Zealand/deaths_TS_model.pkl
[2024-08-17T10:09:43.575+0000] {processor.py:183} INFO - Processing /opt/airflow/dags/data/models/New Zealand/deaths_TS_model.pkl took 0.024 seconds
[2024-08-17T10:10:14.925+0000] {processor.py:161} INFO - Started process (PID=33716) to work on /opt/airflow/dags/data/models/New Zealand/deaths_TS_model.pkl
[2024-08-17T10:10:14.926+0000] {processor.py:830} INFO - Processing file /opt/airflow/dags/data/models/New Zealand/deaths_TS_model.pkl for tasks to queue
[2024-08-17T10:10:14.926+0000] {logging_mixin.py:188} INFO - [2024-08-17T10:10:14.926+0000] {dagbag.py:545} INFO - Filling up the DagBag from /opt/airflow/dags/data/models/New Zealand/deaths_TS_model.pkl
[2024-08-17T10:10:14.934+0000] {processor.py:842} WARNING - No viable dags retrieved from /opt/airflow/dags/data/models/New Zealand/deaths_TS_model.pkl
[2024-08-17T10:10:14.943+0000] {processor.py:183} INFO - Processing /opt/airflow/dags/data/models/New Zealand/deaths_TS_model.pkl took 0.022 seconds
[2024-08-17T10:10:47.375+0000] {processor.py:161} INFO - Started process (PID=34344) to work on /opt/airflow/dags/data/models/New Zealand/deaths_TS_model.pkl
[2024-08-17T10:10:47.375+0000] {processor.py:830} INFO - Processing file /opt/airflow/dags/data/models/New Zealand/deaths_TS_model.pkl for tasks to queue
[2024-08-17T10:10:47.376+0000] {logging_mixin.py:188} INFO - [2024-08-17T10:10:47.376+0000] {dagbag.py:545} INFO - Filling up the DagBag from /opt/airflow/dags/data/models/New Zealand/deaths_TS_model.pkl
[2024-08-17T10:10:47.389+0000] {processor.py:842} WARNING - No viable dags retrieved from /opt/airflow/dags/data/models/New Zealand/deaths_TS_model.pkl
[2024-08-17T10:10:47.399+0000] {processor.py:183} INFO - Processing /opt/airflow/dags/data/models/New Zealand/deaths_TS_model.pkl took 0.028 seconds
[2024-08-17T10:11:18.198+0000] {processor.py:161} INFO - Started process (PID=34923) to work on /opt/airflow/dags/data/models/New Zealand/deaths_TS_model.pkl
[2024-08-17T10:11:18.198+0000] {processor.py:830} INFO - Processing file /opt/airflow/dags/data/models/New Zealand/deaths_TS_model.pkl for tasks to queue
[2024-08-17T10:11:18.199+0000] {logging_mixin.py:188} INFO - [2024-08-17T10:11:18.199+0000] {dagbag.py:545} INFO - Filling up the DagBag from /opt/airflow/dags/data/models/New Zealand/deaths_TS_model.pkl
[2024-08-17T10:11:18.209+0000] {processor.py:842} WARNING - No viable dags retrieved from /opt/airflow/dags/data/models/New Zealand/deaths_TS_model.pkl
[2024-08-17T10:11:18.220+0000] {processor.py:183} INFO - Processing /opt/airflow/dags/data/models/New Zealand/deaths_TS_model.pkl took 0.027 seconds
[2024-08-17T10:11:49.333+0000] {processor.py:161} INFO - Started process (PID=35527) to work on /opt/airflow/dags/data/models/New Zealand/deaths_TS_model.pkl
[2024-08-17T10:11:49.334+0000] {processor.py:830} INFO - Processing file /opt/airflow/dags/data/models/New Zealand/deaths_TS_model.pkl for tasks to queue
[2024-08-17T10:11:49.336+0000] {logging_mixin.py:188} INFO - [2024-08-17T10:11:49.335+0000] {dagbag.py:545} INFO - Filling up the DagBag from /opt/airflow/dags/data/models/New Zealand/deaths_TS_model.pkl
[2024-08-17T10:11:49.360+0000] {processor.py:842} WARNING - No viable dags retrieved from /opt/airflow/dags/data/models/New Zealand/deaths_TS_model.pkl
[2024-08-17T10:11:49.371+0000] {processor.py:183} INFO - Processing /opt/airflow/dags/data/models/New Zealand/deaths_TS_model.pkl took 0.043 seconds
[2024-08-17T10:12:20.523+0000] {processor.py:161} INFO - Started process (PID=36115) to work on /opt/airflow/dags/data/models/New Zealand/deaths_TS_model.pkl
[2024-08-17T10:12:20.523+0000] {processor.py:830} INFO - Processing file /opt/airflow/dags/data/models/New Zealand/deaths_TS_model.pkl for tasks to queue
[2024-08-17T10:12:20.524+0000] {logging_mixin.py:188} INFO - [2024-08-17T10:12:20.524+0000] {dagbag.py:545} INFO - Filling up the DagBag from /opt/airflow/dags/data/models/New Zealand/deaths_TS_model.pkl
[2024-08-17T10:12:20.533+0000] {processor.py:842} WARNING - No viable dags retrieved from /opt/airflow/dags/data/models/New Zealand/deaths_TS_model.pkl
[2024-08-17T10:12:20.543+0000] {processor.py:183} INFO - Processing /opt/airflow/dags/data/models/New Zealand/deaths_TS_model.pkl took 0.025 seconds
[2024-08-17T10:12:56.274+0000] {processor.py:161} INFO - Started process (PID=36660) to work on /opt/airflow/dags/data/models/New Zealand/deaths_TS_model.pkl
[2024-08-17T10:12:56.275+0000] {processor.py:830} INFO - Processing file /opt/airflow/dags/data/models/New Zealand/deaths_TS_model.pkl for tasks to queue
[2024-08-17T10:12:56.276+0000] {logging_mixin.py:188} INFO - [2024-08-17T10:12:56.276+0000] {dagbag.py:545} INFO - Filling up the DagBag from /opt/airflow/dags/data/models/New Zealand/deaths_TS_model.pkl
[2024-08-17T10:12:56.287+0000] {processor.py:842} WARNING - No viable dags retrieved from /opt/airflow/dags/data/models/New Zealand/deaths_TS_model.pkl
[2024-08-17T10:12:56.296+0000] {processor.py:183} INFO - Processing /opt/airflow/dags/data/models/New Zealand/deaths_TS_model.pkl took 0.025 seconds
[2024-08-17T10:13:28.430+0000] {processor.py:161} INFO - Started process (PID=37346) to work on /opt/airflow/dags/data/models/New Zealand/deaths_TS_model.pkl
[2024-08-17T10:13:28.431+0000] {processor.py:830} INFO - Processing file /opt/airflow/dags/data/models/New Zealand/deaths_TS_model.pkl for tasks to queue
[2024-08-17T10:13:28.432+0000] {logging_mixin.py:188} INFO - [2024-08-17T10:13:28.432+0000] {dagbag.py:545} INFO - Filling up the DagBag from /opt/airflow/dags/data/models/New Zealand/deaths_TS_model.pkl
[2024-08-17T10:13:28.438+0000] {processor.py:842} WARNING - No viable dags retrieved from /opt/airflow/dags/data/models/New Zealand/deaths_TS_model.pkl
[2024-08-17T10:13:28.447+0000] {processor.py:183} INFO - Processing /opt/airflow/dags/data/models/New Zealand/deaths_TS_model.pkl took 0.021 seconds
[2024-08-17T10:13:59.761+0000] {processor.py:161} INFO - Started process (PID=38029) to work on /opt/airflow/dags/data/models/New Zealand/deaths_TS_model.pkl
[2024-08-17T10:13:59.761+0000] {processor.py:830} INFO - Processing file /opt/airflow/dags/data/models/New Zealand/deaths_TS_model.pkl for tasks to queue
[2024-08-17T10:13:59.762+0000] {logging_mixin.py:188} INFO - [2024-08-17T10:13:59.762+0000] {dagbag.py:545} INFO - Filling up the DagBag from /opt/airflow/dags/data/models/New Zealand/deaths_TS_model.pkl
[2024-08-17T10:13:59.771+0000] {processor.py:842} WARNING - No viable dags retrieved from /opt/airflow/dags/data/models/New Zealand/deaths_TS_model.pkl
[2024-08-17T10:13:59.781+0000] {processor.py:183} INFO - Processing /opt/airflow/dags/data/models/New Zealand/deaths_TS_model.pkl took 0.024 seconds
[2024-08-17T10:14:31.845+0000] {processor.py:161} INFO - Started process (PID=38703) to work on /opt/airflow/dags/data/models/New Zealand/deaths_TS_model.pkl
[2024-08-17T10:14:31.846+0000] {processor.py:830} INFO - Processing file /opt/airflow/dags/data/models/New Zealand/deaths_TS_model.pkl for tasks to queue
[2024-08-17T10:14:31.847+0000] {logging_mixin.py:188} INFO - [2024-08-17T10:14:31.847+0000] {dagbag.py:545} INFO - Filling up the DagBag from /opt/airflow/dags/data/models/New Zealand/deaths_TS_model.pkl
[2024-08-17T10:14:31.858+0000] {processor.py:842} WARNING - No viable dags retrieved from /opt/airflow/dags/data/models/New Zealand/deaths_TS_model.pkl
[2024-08-17T10:14:31.868+0000] {processor.py:183} INFO - Processing /opt/airflow/dags/data/models/New Zealand/deaths_TS_model.pkl took 0.027 seconds
[2024-08-17T10:15:04.410+0000] {processor.py:161} INFO - Started process (PID=39389) to work on /opt/airflow/dags/data/models/New Zealand/deaths_TS_model.pkl
[2024-08-17T10:15:04.410+0000] {processor.py:830} INFO - Processing file /opt/airflow/dags/data/models/New Zealand/deaths_TS_model.pkl for tasks to queue
[2024-08-17T10:15:04.411+0000] {logging_mixin.py:188} INFO - [2024-08-17T10:15:04.411+0000] {dagbag.py:545} INFO - Filling up the DagBag from /opt/airflow/dags/data/models/New Zealand/deaths_TS_model.pkl
[2024-08-17T10:15:04.421+0000] {processor.py:842} WARNING - No viable dags retrieved from /opt/airflow/dags/data/models/New Zealand/deaths_TS_model.pkl
[2024-08-17T10:15:04.430+0000] {processor.py:183} INFO - Processing /opt/airflow/dags/data/models/New Zealand/deaths_TS_model.pkl took 0.024 seconds
[2024-08-17T10:15:36.984+0000] {processor.py:161} INFO - Started process (PID=40031) to work on /opt/airflow/dags/data/models/New Zealand/deaths_TS_model.pkl
[2024-08-17T10:15:36.984+0000] {processor.py:830} INFO - Processing file /opt/airflow/dags/data/models/New Zealand/deaths_TS_model.pkl for tasks to queue
[2024-08-17T10:15:36.985+0000] {logging_mixin.py:188} INFO - [2024-08-17T10:15:36.985+0000] {dagbag.py:545} INFO - Filling up the DagBag from /opt/airflow/dags/data/models/New Zealand/deaths_TS_model.pkl
[2024-08-17T10:15:37.000+0000] {processor.py:842} WARNING - No viable dags retrieved from /opt/airflow/dags/data/models/New Zealand/deaths_TS_model.pkl
[2024-08-17T10:15:37.011+0000] {processor.py:183} INFO - Processing /opt/airflow/dags/data/models/New Zealand/deaths_TS_model.pkl took 0.032 seconds
[2024-08-17T10:16:09.826+0000] {processor.py:161} INFO - Started process (PID=40724) to work on /opt/airflow/dags/data/models/New Zealand/deaths_TS_model.pkl
[2024-08-17T10:16:09.830+0000] {processor.py:830} INFO - Processing file /opt/airflow/dags/data/models/New Zealand/deaths_TS_model.pkl for tasks to queue
[2024-08-17T10:16:09.830+0000] {logging_mixin.py:188} INFO - [2024-08-17T10:16:09.830+0000] {dagbag.py:545} INFO - Filling up the DagBag from /opt/airflow/dags/data/models/New Zealand/deaths_TS_model.pkl
[2024-08-17T10:16:09.840+0000] {processor.py:842} WARNING - No viable dags retrieved from /opt/airflow/dags/data/models/New Zealand/deaths_TS_model.pkl
[2024-08-17T10:16:09.849+0000] {processor.py:183} INFO - Processing /opt/airflow/dags/data/models/New Zealand/deaths_TS_model.pkl took 0.026 seconds
[2024-08-17T10:16:41.673+0000] {processor.py:161} INFO - Started process (PID=41377) to work on /opt/airflow/dags/data/models/New Zealand/deaths_TS_model.pkl
[2024-08-17T10:16:41.674+0000] {processor.py:830} INFO - Processing file /opt/airflow/dags/data/models/New Zealand/deaths_TS_model.pkl for tasks to queue
[2024-08-17T10:16:41.674+0000] {logging_mixin.py:188} INFO - [2024-08-17T10:16:41.674+0000] {dagbag.py:545} INFO - Filling up the DagBag from /opt/airflow/dags/data/models/New Zealand/deaths_TS_model.pkl
[2024-08-17T10:16:41.686+0000] {processor.py:842} WARNING - No viable dags retrieved from /opt/airflow/dags/data/models/New Zealand/deaths_TS_model.pkl
[2024-08-17T10:16:41.695+0000] {processor.py:183} INFO - Processing /opt/airflow/dags/data/models/New Zealand/deaths_TS_model.pkl took 0.026 seconds
[2024-08-17T10:17:13.560+0000] {processor.py:161} INFO - Started process (PID=42069) to work on /opt/airflow/dags/data/models/New Zealand/deaths_TS_model.pkl
[2024-08-17T10:17:13.561+0000] {processor.py:830} INFO - Processing file /opt/airflow/dags/data/models/New Zealand/deaths_TS_model.pkl for tasks to queue
[2024-08-17T10:17:13.561+0000] {logging_mixin.py:188} INFO - [2024-08-17T10:17:13.561+0000] {dagbag.py:545} INFO - Filling up the DagBag from /opt/airflow/dags/data/models/New Zealand/deaths_TS_model.pkl
[2024-08-17T10:17:13.573+0000] {processor.py:842} WARNING - No viable dags retrieved from /opt/airflow/dags/data/models/New Zealand/deaths_TS_model.pkl
[2024-08-17T10:17:13.582+0000] {processor.py:183} INFO - Processing /opt/airflow/dags/data/models/New Zealand/deaths_TS_model.pkl took 0.026 seconds
[2024-08-17T10:18:00.154+0000] {processor.py:161} INFO - Started process (PID=42851) to work on /opt/airflow/dags/data/models/New Zealand/deaths_TS_model.pkl
[2024-08-17T10:18:00.155+0000] {processor.py:830} INFO - Processing file /opt/airflow/dags/data/models/New Zealand/deaths_TS_model.pkl for tasks to queue
[2024-08-17T10:18:00.155+0000] {logging_mixin.py:188} INFO - [2024-08-17T10:18:00.155+0000] {dagbag.py:545} INFO - Filling up the DagBag from /opt/airflow/dags/data/models/New Zealand/deaths_TS_model.pkl
[2024-08-17T10:18:00.166+0000] {processor.py:842} WARNING - No viable dags retrieved from /opt/airflow/dags/data/models/New Zealand/deaths_TS_model.pkl
[2024-08-17T10:18:00.177+0000] {processor.py:183} INFO - Processing /opt/airflow/dags/data/models/New Zealand/deaths_TS_model.pkl took 0.026 seconds
[2024-08-17T10:18:32.611+0000] {processor.py:161} INFO - Started process (PID=43575) to work on /opt/airflow/dags/data/models/New Zealand/deaths_TS_model.pkl
[2024-08-17T10:18:32.611+0000] {processor.py:830} INFO - Processing file /opt/airflow/dags/data/models/New Zealand/deaths_TS_model.pkl for tasks to queue
[2024-08-17T10:18:32.612+0000] {logging_mixin.py:188} INFO - [2024-08-17T10:18:32.612+0000] {dagbag.py:545} INFO - Filling up the DagBag from /opt/airflow/dags/data/models/New Zealand/deaths_TS_model.pkl
[2024-08-17T10:18:32.621+0000] {processor.py:842} WARNING - No viable dags retrieved from /opt/airflow/dags/data/models/New Zealand/deaths_TS_model.pkl
[2024-08-17T10:18:32.630+0000] {processor.py:183} INFO - Processing /opt/airflow/dags/data/models/New Zealand/deaths_TS_model.pkl took 0.022 seconds
[2024-08-17T10:19:04.549+0000] {processor.py:161} INFO - Started process (PID=44290) to work on /opt/airflow/dags/data/models/New Zealand/deaths_TS_model.pkl
[2024-08-17T10:19:04.549+0000] {processor.py:830} INFO - Processing file /opt/airflow/dags/data/models/New Zealand/deaths_TS_model.pkl for tasks to queue
[2024-08-17T10:19:04.550+0000] {logging_mixin.py:188} INFO - [2024-08-17T10:19:04.550+0000] {dagbag.py:545} INFO - Filling up the DagBag from /opt/airflow/dags/data/models/New Zealand/deaths_TS_model.pkl
[2024-08-17T10:19:04.558+0000] {processor.py:842} WARNING - No viable dags retrieved from /opt/airflow/dags/data/models/New Zealand/deaths_TS_model.pkl
[2024-08-17T10:19:04.567+0000] {processor.py:183} INFO - Processing /opt/airflow/dags/data/models/New Zealand/deaths_TS_model.pkl took 0.023 seconds
[2024-08-17T10:19:36.483+0000] {processor.py:161} INFO - Started process (PID=45033) to work on /opt/airflow/dags/data/models/New Zealand/deaths_TS_model.pkl
[2024-08-17T10:19:36.484+0000] {processor.py:830} INFO - Processing file /opt/airflow/dags/data/models/New Zealand/deaths_TS_model.pkl for tasks to queue
[2024-08-17T10:19:36.485+0000] {logging_mixin.py:188} INFO - [2024-08-17T10:19:36.485+0000] {dagbag.py:545} INFO - Filling up the DagBag from /opt/airflow/dags/data/models/New Zealand/deaths_TS_model.pkl
[2024-08-17T10:19:36.497+0000] {processor.py:842} WARNING - No viable dags retrieved from /opt/airflow/dags/data/models/New Zealand/deaths_TS_model.pkl
[2024-08-17T10:19:36.506+0000] {processor.py:183} INFO - Processing /opt/airflow/dags/data/models/New Zealand/deaths_TS_model.pkl took 0.026 seconds
[2024-08-17T10:20:08.026+0000] {processor.py:161} INFO - Started process (PID=45776) to work on /opt/airflow/dags/data/models/New Zealand/deaths_TS_model.pkl
[2024-08-17T10:20:08.026+0000] {processor.py:830} INFO - Processing file /opt/airflow/dags/data/models/New Zealand/deaths_TS_model.pkl for tasks to queue
[2024-08-17T10:20:08.027+0000] {logging_mixin.py:188} INFO - [2024-08-17T10:20:08.027+0000] {dagbag.py:545} INFO - Filling up the DagBag from /opt/airflow/dags/data/models/New Zealand/deaths_TS_model.pkl
[2024-08-17T10:20:08.063+0000] {processor.py:842} WARNING - No viable dags retrieved from /opt/airflow/dags/data/models/New Zealand/deaths_TS_model.pkl
[2024-08-17T10:20:08.071+0000] {processor.py:183} INFO - Processing /opt/airflow/dags/data/models/New Zealand/deaths_TS_model.pkl took 0.049 seconds
[2024-08-17T10:20:41.212+0000] {processor.py:161} INFO - Started process (PID=46538) to work on /opt/airflow/dags/data/models/New Zealand/deaths_TS_model.pkl
[2024-08-17T10:20:41.213+0000] {processor.py:830} INFO - Processing file /opt/airflow/dags/data/models/New Zealand/deaths_TS_model.pkl for tasks to queue
[2024-08-17T10:20:41.215+0000] {logging_mixin.py:188} INFO - [2024-08-17T10:20:41.215+0000] {dagbag.py:545} INFO - Filling up the DagBag from /opt/airflow/dags/data/models/New Zealand/deaths_TS_model.pkl
[2024-08-17T10:20:41.232+0000] {processor.py:842} WARNING - No viable dags retrieved from /opt/airflow/dags/data/models/New Zealand/deaths_TS_model.pkl
[2024-08-17T10:20:41.242+0000] {processor.py:183} INFO - Processing /opt/airflow/dags/data/models/New Zealand/deaths_TS_model.pkl took 0.035 seconds
[2024-08-17T10:21:13.025+0000] {processor.py:161} INFO - Started process (PID=47234) to work on /opt/airflow/dags/data/models/New Zealand/deaths_TS_model.pkl
[2024-08-17T10:21:13.028+0000] {processor.py:830} INFO - Processing file /opt/airflow/dags/data/models/New Zealand/deaths_TS_model.pkl for tasks to queue
[2024-08-17T10:21:13.028+0000] {logging_mixin.py:188} INFO - [2024-08-17T10:21:13.028+0000] {dagbag.py:545} INFO - Filling up the DagBag from /opt/airflow/dags/data/models/New Zealand/deaths_TS_model.pkl
[2024-08-17T10:21:13.037+0000] {processor.py:842} WARNING - No viable dags retrieved from /opt/airflow/dags/data/models/New Zealand/deaths_TS_model.pkl
[2024-08-17T10:21:13.046+0000] {processor.py:183} INFO - Processing /opt/airflow/dags/data/models/New Zealand/deaths_TS_model.pkl took 0.025 seconds
[2024-08-17T11:43:03.552+0000] {processor.py:161} INFO - Started process (PID=97479) to work on /opt/airflow/dags/data/models/New Zealand/deaths_TS_model.pkl
[2024-08-17T11:43:03.554+0000] {processor.py:830} INFO - Processing file /opt/airflow/dags/data/models/New Zealand/deaths_TS_model.pkl for tasks to queue
[2024-08-17T11:43:03.555+0000] {logging_mixin.py:188} INFO - [2024-08-17T11:43:03.555+0000] {dagbag.py:545} INFO - Filling up the DagBag from /opt/airflow/dags/data/models/New Zealand/deaths_TS_model.pkl
[2024-08-17T11:43:03.576+0000] {processor.py:842} WARNING - No viable dags retrieved from /opt/airflow/dags/data/models/New Zealand/deaths_TS_model.pkl
[2024-08-17T11:43:03.597+0000] {processor.py:183} INFO - Processing /opt/airflow/dags/data/models/New Zealand/deaths_TS_model.pkl took 0.051 seconds
[2024-08-17T11:43:44.438+0000] {processor.py:161} INFO - Started process (PID=98088) to work on /opt/airflow/dags/data/models/New Zealand/deaths_TS_model.pkl
[2024-08-17T11:43:44.439+0000] {processor.py:830} INFO - Processing file /opt/airflow/dags/data/models/New Zealand/deaths_TS_model.pkl for tasks to queue
[2024-08-17T11:43:44.441+0000] {logging_mixin.py:188} INFO - [2024-08-17T11:43:44.440+0000] {dagbag.py:545} INFO - Filling up the DagBag from /opt/airflow/dags/data/models/New Zealand/deaths_TS_model.pkl
[2024-08-17T11:43:44.467+0000] {processor.py:842} WARNING - No viable dags retrieved from /opt/airflow/dags/data/models/New Zealand/deaths_TS_model.pkl
[2024-08-17T11:43:44.489+0000] {processor.py:183} INFO - Processing /opt/airflow/dags/data/models/New Zealand/deaths_TS_model.pkl took 0.061 seconds
[2024-08-17T11:44:20.753+0000] {processor.py:161} INFO - Started process (PID=98616) to work on /opt/airflow/dags/data/models/New Zealand/deaths_TS_model.pkl
[2024-08-17T11:44:20.754+0000] {processor.py:830} INFO - Processing file /opt/airflow/dags/data/models/New Zealand/deaths_TS_model.pkl for tasks to queue
[2024-08-17T11:44:20.756+0000] {logging_mixin.py:188} INFO - [2024-08-17T11:44:20.755+0000] {dagbag.py:545} INFO - Filling up the DagBag from /opt/airflow/dags/data/models/New Zealand/deaths_TS_model.pkl
[2024-08-17T11:44:20.770+0000] {processor.py:842} WARNING - No viable dags retrieved from /opt/airflow/dags/data/models/New Zealand/deaths_TS_model.pkl
[2024-08-17T11:44:20.789+0000] {processor.py:183} INFO - Processing /opt/airflow/dags/data/models/New Zealand/deaths_TS_model.pkl took 0.043 seconds
[2024-08-17T11:44:57.508+0000] {processor.py:161} INFO - Started process (PID=99192) to work on /opt/airflow/dags/data/models/New Zealand/deaths_TS_model.pkl
[2024-08-17T11:44:57.511+0000] {processor.py:830} INFO - Processing file /opt/airflow/dags/data/models/New Zealand/deaths_TS_model.pkl for tasks to queue
[2024-08-17T11:44:57.512+0000] {logging_mixin.py:188} INFO - [2024-08-17T11:44:57.511+0000] {dagbag.py:545} INFO - Filling up the DagBag from /opt/airflow/dags/data/models/New Zealand/deaths_TS_model.pkl
[2024-08-17T11:44:57.544+0000] {processor.py:842} WARNING - No viable dags retrieved from /opt/airflow/dags/data/models/New Zealand/deaths_TS_model.pkl
[2024-08-17T11:44:57.561+0000] {processor.py:183} INFO - Processing /opt/airflow/dags/data/models/New Zealand/deaths_TS_model.pkl took 0.059 seconds
[2024-08-17T11:45:33.710+0000] {processor.py:161} INFO - Started process (PID=99765) to work on /opt/airflow/dags/data/models/New Zealand/deaths_TS_model.pkl
[2024-08-17T11:45:33.712+0000] {processor.py:830} INFO - Processing file /opt/airflow/dags/data/models/New Zealand/deaths_TS_model.pkl for tasks to queue
[2024-08-17T11:45:33.713+0000] {logging_mixin.py:188} INFO - [2024-08-17T11:45:33.712+0000] {dagbag.py:545} INFO - Filling up the DagBag from /opt/airflow/dags/data/models/New Zealand/deaths_TS_model.pkl
[2024-08-17T11:45:33.740+0000] {processor.py:842} WARNING - No viable dags retrieved from /opt/airflow/dags/data/models/New Zealand/deaths_TS_model.pkl
[2024-08-17T11:45:33.758+0000] {processor.py:183} INFO - Processing /opt/airflow/dags/data/models/New Zealand/deaths_TS_model.pkl took 0.055 seconds
[2024-08-17T11:45:54.284+0000] {processor.py:161} INFO - Started process (PID=349) to work on /opt/airflow/dags/data/models/New Zealand/deaths_TS_model.pkl
[2024-08-17T11:45:54.285+0000] {processor.py:830} INFO - Processing file /opt/airflow/dags/data/models/New Zealand/deaths_TS_model.pkl for tasks to queue
[2024-08-17T11:45:54.287+0000] {logging_mixin.py:188} INFO - [2024-08-17T11:45:54.286+0000] {dagbag.py:545} INFO - Filling up the DagBag from /opt/airflow/dags/data/models/New Zealand/deaths_TS_model.pkl
[2024-08-17T11:45:54.301+0000] {processor.py:842} WARNING - No viable dags retrieved from /opt/airflow/dags/data/models/New Zealand/deaths_TS_model.pkl
[2024-08-17T11:45:54.318+0000] {processor.py:183} INFO - Processing /opt/airflow/dags/data/models/New Zealand/deaths_TS_model.pkl took 0.041 seconds
[2024-08-17T11:46:31.068+0000] {processor.py:161} INFO - Started process (PID=905) to work on /opt/airflow/dags/data/models/New Zealand/deaths_TS_model.pkl
[2024-08-17T11:46:31.069+0000] {processor.py:830} INFO - Processing file /opt/airflow/dags/data/models/New Zealand/deaths_TS_model.pkl for tasks to queue
[2024-08-17T11:46:31.070+0000] {logging_mixin.py:188} INFO - [2024-08-17T11:46:31.070+0000] {dagbag.py:545} INFO - Filling up the DagBag from /opt/airflow/dags/data/models/New Zealand/deaths_TS_model.pkl
[2024-08-17T11:46:31.086+0000] {processor.py:842} WARNING - No viable dags retrieved from /opt/airflow/dags/data/models/New Zealand/deaths_TS_model.pkl
[2024-08-17T11:46:31.108+0000] {processor.py:183} INFO - Processing /opt/airflow/dags/data/models/New Zealand/deaths_TS_model.pkl took 0.047 seconds
[2024-08-17T11:46:38.957+0000] {processor.py:161} INFO - Started process (PID=1028) to work on /opt/airflow/dags/data/models/New Zealand/deaths_TS_model.pkl
[2024-08-17T11:46:38.958+0000] {processor.py:830} INFO - Processing file /opt/airflow/dags/data/models/New Zealand/deaths_TS_model.pkl for tasks to queue
[2024-08-17T11:46:38.959+0000] {logging_mixin.py:188} INFO - [2024-08-17T11:46:38.959+0000] {dagbag.py:545} INFO - Filling up the DagBag from /opt/airflow/dags/data/models/New Zealand/deaths_TS_model.pkl
[2024-08-17T11:46:38.980+0000] {processor.py:842} WARNING - No viable dags retrieved from /opt/airflow/dags/data/models/New Zealand/deaths_TS_model.pkl
[2024-08-17T11:46:38.993+0000] {processor.py:183} INFO - Processing /opt/airflow/dags/data/models/New Zealand/deaths_TS_model.pkl took 0.043 seconds
[2024-08-17T11:47:16.374+0000] {processor.py:161} INFO - Started process (PID=1562) to work on /opt/airflow/dags/data/models/New Zealand/deaths_TS_model.pkl
[2024-08-17T11:47:16.375+0000] {processor.py:830} INFO - Processing file /opt/airflow/dags/data/models/New Zealand/deaths_TS_model.pkl for tasks to queue
[2024-08-17T11:47:16.376+0000] {logging_mixin.py:188} INFO - [2024-08-17T11:47:16.376+0000] {dagbag.py:545} INFO - Filling up the DagBag from /opt/airflow/dags/data/models/New Zealand/deaths_TS_model.pkl
[2024-08-17T11:47:16.399+0000] {processor.py:842} WARNING - No viable dags retrieved from /opt/airflow/dags/data/models/New Zealand/deaths_TS_model.pkl
[2024-08-17T11:47:16.416+0000] {processor.py:183} INFO - Processing /opt/airflow/dags/data/models/New Zealand/deaths_TS_model.pkl took 0.048 seconds
[2024-08-17T11:48:12.900+0000] {processor.py:161} INFO - Started process (PID=2207) to work on /opt/airflow/dags/data/models/New Zealand/deaths_TS_model.pkl
[2024-08-17T11:48:12.902+0000] {processor.py:830} INFO - Processing file /opt/airflow/dags/data/models/New Zealand/deaths_TS_model.pkl for tasks to queue
[2024-08-17T11:48:12.904+0000] {logging_mixin.py:188} INFO - [2024-08-17T11:48:12.903+0000] {dagbag.py:545} INFO - Filling up the DagBag from /opt/airflow/dags/data/models/New Zealand/deaths_TS_model.pkl
[2024-08-17T11:48:12.924+0000] {processor.py:842} WARNING - No viable dags retrieved from /opt/airflow/dags/data/models/New Zealand/deaths_TS_model.pkl
[2024-08-17T11:48:12.949+0000] {processor.py:183} INFO - Processing /opt/airflow/dags/data/models/New Zealand/deaths_TS_model.pkl took 0.055 seconds
[2024-08-17T11:48:49.193+0000] {processor.py:161} INFO - Started process (PID=2729) to work on /opt/airflow/dags/data/models/New Zealand/deaths_TS_model.pkl
[2024-08-17T11:48:49.194+0000] {processor.py:830} INFO - Processing file /opt/airflow/dags/data/models/New Zealand/deaths_TS_model.pkl for tasks to queue
[2024-08-17T11:48:49.195+0000] {logging_mixin.py:188} INFO - [2024-08-17T11:48:49.195+0000] {dagbag.py:545} INFO - Filling up the DagBag from /opt/airflow/dags/data/models/New Zealand/deaths_TS_model.pkl
[2024-08-17T11:48:49.214+0000] {processor.py:842} WARNING - No viable dags retrieved from /opt/airflow/dags/data/models/New Zealand/deaths_TS_model.pkl
[2024-08-17T11:48:49.233+0000] {processor.py:183} INFO - Processing /opt/airflow/dags/data/models/New Zealand/deaths_TS_model.pkl took 0.048 seconds
[2024-08-17T11:49:29.149+0000] {processor.py:161} INFO - Started process (PID=3268) to work on /opt/airflow/dags/data/models/New Zealand/deaths_TS_model.pkl
[2024-08-17T11:49:29.150+0000] {processor.py:830} INFO - Processing file /opt/airflow/dags/data/models/New Zealand/deaths_TS_model.pkl for tasks to queue
[2024-08-17T11:49:29.152+0000] {logging_mixin.py:188} INFO - [2024-08-17T11:49:29.152+0000] {dagbag.py:545} INFO - Filling up the DagBag from /opt/airflow/dags/data/models/New Zealand/deaths_TS_model.pkl
[2024-08-17T11:49:29.171+0000] {processor.py:842} WARNING - No viable dags retrieved from /opt/airflow/dags/data/models/New Zealand/deaths_TS_model.pkl
[2024-08-17T11:49:29.190+0000] {processor.py:183} INFO - Processing /opt/airflow/dags/data/models/New Zealand/deaths_TS_model.pkl took 0.048 seconds
[2024-08-17T11:50:03.301+0000] {processor.py:161} INFO - Started process (PID=3771) to work on /opt/airflow/dags/data/models/New Zealand/deaths_TS_model.pkl
[2024-08-17T11:50:03.303+0000] {processor.py:830} INFO - Processing file /opt/airflow/dags/data/models/New Zealand/deaths_TS_model.pkl for tasks to queue
[2024-08-17T11:50:03.304+0000] {logging_mixin.py:188} INFO - [2024-08-17T11:50:03.304+0000] {dagbag.py:545} INFO - Filling up the DagBag from /opt/airflow/dags/data/models/New Zealand/deaths_TS_model.pkl
[2024-08-17T11:50:03.326+0000] {processor.py:842} WARNING - No viable dags retrieved from /opt/airflow/dags/data/models/New Zealand/deaths_TS_model.pkl
[2024-08-17T11:50:03.346+0000] {processor.py:183} INFO - Processing /opt/airflow/dags/data/models/New Zealand/deaths_TS_model.pkl took 0.053 seconds
[2024-08-17T11:50:45.886+0000] {processor.py:161} INFO - Started process (PID=4378) to work on /opt/airflow/dags/data/models/New Zealand/deaths_TS_model.pkl
[2024-08-17T11:50:45.888+0000] {processor.py:830} INFO - Processing file /opt/airflow/dags/data/models/New Zealand/deaths_TS_model.pkl for tasks to queue
[2024-08-17T11:50:45.898+0000] {logging_mixin.py:188} INFO - [2024-08-17T11:50:45.897+0000] {dagbag.py:545} INFO - Filling up the DagBag from /opt/airflow/dags/data/models/New Zealand/deaths_TS_model.pkl
[2024-08-17T11:50:45.923+0000] {processor.py:842} WARNING - No viable dags retrieved from /opt/airflow/dags/data/models/New Zealand/deaths_TS_model.pkl
[2024-08-17T11:50:45.943+0000] {processor.py:183} INFO - Processing /opt/airflow/dags/data/models/New Zealand/deaths_TS_model.pkl took 0.063 seconds
[2024-08-17T11:51:23.529+0000] {processor.py:161} INFO - Started process (PID=4940) to work on /opt/airflow/dags/data/models/New Zealand/deaths_TS_model.pkl
[2024-08-17T11:51:23.530+0000] {processor.py:830} INFO - Processing file /opt/airflow/dags/data/models/New Zealand/deaths_TS_model.pkl for tasks to queue
[2024-08-17T11:51:23.532+0000] {logging_mixin.py:188} INFO - [2024-08-17T11:51:23.531+0000] {dagbag.py:545} INFO - Filling up the DagBag from /opt/airflow/dags/data/models/New Zealand/deaths_TS_model.pkl
[2024-08-17T11:51:23.554+0000] {processor.py:842} WARNING - No viable dags retrieved from /opt/airflow/dags/data/models/New Zealand/deaths_TS_model.pkl
[2024-08-17T11:51:23.573+0000] {processor.py:183} INFO - Processing /opt/airflow/dags/data/models/New Zealand/deaths_TS_model.pkl took 0.053 seconds
[2024-08-17T11:51:52.378+0000] {processor.py:161} INFO - Started process (PID=5332) to work on /opt/airflow/dags/data/models/New Zealand/deaths_TS_model.pkl
[2024-08-17T11:51:52.379+0000] {processor.py:830} INFO - Processing file /opt/airflow/dags/data/models/New Zealand/deaths_TS_model.pkl for tasks to queue
[2024-08-17T11:51:52.380+0000] {logging_mixin.py:188} INFO - [2024-08-17T11:51:52.380+0000] {dagbag.py:545} INFO - Filling up the DagBag from /opt/airflow/dags/data/models/New Zealand/deaths_TS_model.pkl
[2024-08-17T11:51:52.401+0000] {processor.py:842} WARNING - No viable dags retrieved from /opt/airflow/dags/data/models/New Zealand/deaths_TS_model.pkl
[2024-08-17T11:51:52.418+0000] {processor.py:183} INFO - Processing /opt/airflow/dags/data/models/New Zealand/deaths_TS_model.pkl took 0.049 seconds
[2024-08-17T11:52:24.945+0000] {processor.py:161} INFO - Started process (PID=5801) to work on /opt/airflow/dags/data/models/New Zealand/deaths_TS_model.pkl
[2024-08-17T11:52:24.947+0000] {processor.py:830} INFO - Processing file /opt/airflow/dags/data/models/New Zealand/deaths_TS_model.pkl for tasks to queue
[2024-08-17T11:52:24.948+0000] {logging_mixin.py:188} INFO - [2024-08-17T11:52:24.947+0000] {dagbag.py:545} INFO - Filling up the DagBag from /opt/airflow/dags/data/models/New Zealand/deaths_TS_model.pkl
[2024-08-17T11:52:24.966+0000] {processor.py:842} WARNING - No viable dags retrieved from /opt/airflow/dags/data/models/New Zealand/deaths_TS_model.pkl
[2024-08-17T11:52:24.983+0000] {processor.py:183} INFO - Processing /opt/airflow/dags/data/models/New Zealand/deaths_TS_model.pkl took 0.045 seconds
[2024-08-17T11:53:12.838+0000] {processor.py:161} INFO - Started process (PID=6281) to work on /opt/airflow/dags/data/models/New Zealand/deaths_TS_model.pkl
[2024-08-17T11:53:12.840+0000] {processor.py:830} INFO - Processing file /opt/airflow/dags/data/models/New Zealand/deaths_TS_model.pkl for tasks to queue
[2024-08-17T11:53:12.841+0000] {logging_mixin.py:188} INFO - [2024-08-17T11:53:12.840+0000] {dagbag.py:545} INFO - Filling up the DagBag from /opt/airflow/dags/data/models/New Zealand/deaths_TS_model.pkl
[2024-08-17T11:53:12.861+0000] {processor.py:842} WARNING - No viable dags retrieved from /opt/airflow/dags/data/models/New Zealand/deaths_TS_model.pkl
[2024-08-17T11:53:12.881+0000] {processor.py:183} INFO - Processing /opt/airflow/dags/data/models/New Zealand/deaths_TS_model.pkl took 0.049 seconds
[2024-08-17T11:53:44.420+0000] {processor.py:161} INFO - Started process (PID=6720) to work on /opt/airflow/dags/data/models/New Zealand/deaths_TS_model.pkl
[2024-08-17T11:53:44.421+0000] {processor.py:830} INFO - Processing file /opt/airflow/dags/data/models/New Zealand/deaths_TS_model.pkl for tasks to queue
[2024-08-17T11:53:44.423+0000] {logging_mixin.py:188} INFO - [2024-08-17T11:53:44.422+0000] {dagbag.py:545} INFO - Filling up the DagBag from /opt/airflow/dags/data/models/New Zealand/deaths_TS_model.pkl
[2024-08-17T11:53:44.441+0000] {processor.py:842} WARNING - No viable dags retrieved from /opt/airflow/dags/data/models/New Zealand/deaths_TS_model.pkl
[2024-08-17T11:53:44.475+0000] {processor.py:183} INFO - Processing /opt/airflow/dags/data/models/New Zealand/deaths_TS_model.pkl took 0.063 seconds
[2024-08-17T11:54:21.764+0000] {processor.py:161} INFO - Started process (PID=7254) to work on /opt/airflow/dags/data/models/New Zealand/deaths_TS_model.pkl
[2024-08-17T11:54:21.766+0000] {processor.py:830} INFO - Processing file /opt/airflow/dags/data/models/New Zealand/deaths_TS_model.pkl for tasks to queue
[2024-08-17T11:54:21.767+0000] {logging_mixin.py:188} INFO - [2024-08-17T11:54:21.767+0000] {dagbag.py:545} INFO - Filling up the DagBag from /opt/airflow/dags/data/models/New Zealand/deaths_TS_model.pkl
[2024-08-17T11:54:21.791+0000] {processor.py:842} WARNING - No viable dags retrieved from /opt/airflow/dags/data/models/New Zealand/deaths_TS_model.pkl
[2024-08-17T11:54:21.815+0000] {processor.py:183} INFO - Processing /opt/airflow/dags/data/models/New Zealand/deaths_TS_model.pkl took 0.056 seconds
[2024-08-17T11:55:00.979+0000] {processor.py:161} INFO - Started process (PID=7874) to work on /opt/airflow/dags/data/models/New Zealand/deaths_TS_model.pkl
[2024-08-17T11:55:00.980+0000] {processor.py:830} INFO - Processing file /opt/airflow/dags/data/models/New Zealand/deaths_TS_model.pkl for tasks to queue
[2024-08-17T11:55:00.981+0000] {logging_mixin.py:188} INFO - [2024-08-17T11:55:00.981+0000] {dagbag.py:545} INFO - Filling up the DagBag from /opt/airflow/dags/data/models/New Zealand/deaths_TS_model.pkl
[2024-08-17T11:55:01.003+0000] {processor.py:842} WARNING - No viable dags retrieved from /opt/airflow/dags/data/models/New Zealand/deaths_TS_model.pkl
[2024-08-17T11:55:01.019+0000] {processor.py:183} INFO - Processing /opt/airflow/dags/data/models/New Zealand/deaths_TS_model.pkl took 0.047 seconds
[2024-08-17T11:55:33.279+0000] {processor.py:161} INFO - Started process (PID=8391) to work on /opt/airflow/dags/data/models/New Zealand/deaths_TS_model.pkl
[2024-08-17T11:55:33.281+0000] {processor.py:830} INFO - Processing file /opt/airflow/dags/data/models/New Zealand/deaths_TS_model.pkl for tasks to queue
[2024-08-17T11:55:33.282+0000] {logging_mixin.py:188} INFO - [2024-08-17T11:55:33.282+0000] {dagbag.py:545} INFO - Filling up the DagBag from /opt/airflow/dags/data/models/New Zealand/deaths_TS_model.pkl
[2024-08-17T11:55:33.296+0000] {processor.py:842} WARNING - No viable dags retrieved from /opt/airflow/dags/data/models/New Zealand/deaths_TS_model.pkl
[2024-08-17T11:55:33.318+0000] {processor.py:183} INFO - Processing /opt/airflow/dags/data/models/New Zealand/deaths_TS_model.pkl took 0.045 seconds
[2024-08-17T11:56:06.951+0000] {processor.py:161} INFO - Started process (PID=8894) to work on /opt/airflow/dags/data/models/New Zealand/deaths_TS_model.pkl
[2024-08-17T11:56:06.952+0000] {processor.py:830} INFO - Processing file /opt/airflow/dags/data/models/New Zealand/deaths_TS_model.pkl for tasks to queue
[2024-08-17T11:56:06.953+0000] {logging_mixin.py:188} INFO - [2024-08-17T11:56:06.953+0000] {dagbag.py:545} INFO - Filling up the DagBag from /opt/airflow/dags/data/models/New Zealand/deaths_TS_model.pkl
[2024-08-17T11:56:06.970+0000] {processor.py:842} WARNING - No viable dags retrieved from /opt/airflow/dags/data/models/New Zealand/deaths_TS_model.pkl
[2024-08-17T11:56:06.985+0000] {processor.py:183} INFO - Processing /opt/airflow/dags/data/models/New Zealand/deaths_TS_model.pkl took 0.040 seconds
[2024-08-17T11:56:43.391+0000] {processor.py:161} INFO - Started process (PID=9485) to work on /opt/airflow/dags/data/models/New Zealand/deaths_TS_model.pkl
[2024-08-17T11:56:43.393+0000] {processor.py:830} INFO - Processing file /opt/airflow/dags/data/models/New Zealand/deaths_TS_model.pkl for tasks to queue
[2024-08-17T11:56:43.394+0000] {logging_mixin.py:188} INFO - [2024-08-17T11:56:43.393+0000] {dagbag.py:545} INFO - Filling up the DagBag from /opt/airflow/dags/data/models/New Zealand/deaths_TS_model.pkl
[2024-08-17T11:56:43.418+0000] {processor.py:842} WARNING - No viable dags retrieved from /opt/airflow/dags/data/models/New Zealand/deaths_TS_model.pkl
[2024-08-17T11:56:43.435+0000] {processor.py:183} INFO - Processing /opt/airflow/dags/data/models/New Zealand/deaths_TS_model.pkl took 0.050 seconds
[2024-08-17T11:57:21.023+0000] {processor.py:161} INFO - Started process (PID=10010) to work on /opt/airflow/dags/data/models/New Zealand/deaths_TS_model.pkl
[2024-08-17T11:57:21.024+0000] {processor.py:830} INFO - Processing file /opt/airflow/dags/data/models/New Zealand/deaths_TS_model.pkl for tasks to queue
[2024-08-17T11:57:21.025+0000] {logging_mixin.py:188} INFO - [2024-08-17T11:57:21.025+0000] {dagbag.py:545} INFO - Filling up the DagBag from /opt/airflow/dags/data/models/New Zealand/deaths_TS_model.pkl
[2024-08-17T11:57:21.041+0000] {processor.py:842} WARNING - No viable dags retrieved from /opt/airflow/dags/data/models/New Zealand/deaths_TS_model.pkl
[2024-08-17T11:57:21.055+0000] {processor.py:183} INFO - Processing /opt/airflow/dags/data/models/New Zealand/deaths_TS_model.pkl took 0.040 seconds
[2024-08-17T11:58:13.607+0000] {processor.py:161} INFO - Started process (PID=10562) to work on /opt/airflow/dags/data/models/New Zealand/deaths_TS_model.pkl
[2024-08-17T11:58:13.608+0000] {processor.py:830} INFO - Processing file /opt/airflow/dags/data/models/New Zealand/deaths_TS_model.pkl for tasks to queue
[2024-08-17T11:58:13.610+0000] {logging_mixin.py:188} INFO - [2024-08-17T11:58:13.609+0000] {dagbag.py:545} INFO - Filling up the DagBag from /opt/airflow/dags/data/models/New Zealand/deaths_TS_model.pkl
[2024-08-17T11:58:13.631+0000] {processor.py:842} WARNING - No viable dags retrieved from /opt/airflow/dags/data/models/New Zealand/deaths_TS_model.pkl
[2024-08-17T11:58:13.651+0000] {processor.py:183} INFO - Processing /opt/airflow/dags/data/models/New Zealand/deaths_TS_model.pkl took 0.052 seconds
[2024-08-17T11:58:53.875+0000] {processor.py:161} INFO - Started process (PID=11194) to work on /opt/airflow/dags/data/models/New Zealand/deaths_TS_model.pkl
[2024-08-17T11:58:53.877+0000] {processor.py:830} INFO - Processing file /opt/airflow/dags/data/models/New Zealand/deaths_TS_model.pkl for tasks to queue
[2024-08-17T11:58:53.879+0000] {logging_mixin.py:188} INFO - [2024-08-17T11:58:53.878+0000] {dagbag.py:545} INFO - Filling up the DagBag from /opt/airflow/dags/data/models/New Zealand/deaths_TS_model.pkl
[2024-08-17T11:58:53.896+0000] {processor.py:842} WARNING - No viable dags retrieved from /opt/airflow/dags/data/models/New Zealand/deaths_TS_model.pkl
[2024-08-17T11:58:53.916+0000] {processor.py:183} INFO - Processing /opt/airflow/dags/data/models/New Zealand/deaths_TS_model.pkl took 0.049 seconds
[2024-08-17T11:59:37.253+0000] {processor.py:161} INFO - Started process (PID=11855) to work on /opt/airflow/dags/data/models/New Zealand/deaths_TS_model.pkl
[2024-08-17T11:59:37.254+0000] {processor.py:830} INFO - Processing file /opt/airflow/dags/data/models/New Zealand/deaths_TS_model.pkl for tasks to queue
[2024-08-17T11:59:37.255+0000] {logging_mixin.py:188} INFO - [2024-08-17T11:59:37.255+0000] {dagbag.py:545} INFO - Filling up the DagBag from /opt/airflow/dags/data/models/New Zealand/deaths_TS_model.pkl
[2024-08-17T11:59:37.271+0000] {processor.py:842} WARNING - No viable dags retrieved from /opt/airflow/dags/data/models/New Zealand/deaths_TS_model.pkl
[2024-08-17T11:59:37.289+0000] {processor.py:183} INFO - Processing /opt/airflow/dags/data/models/New Zealand/deaths_TS_model.pkl took 0.042 seconds
[2024-08-17T12:00:14.813+0000] {processor.py:161} INFO - Started process (PID=12408) to work on /opt/airflow/dags/data/models/New Zealand/deaths_TS_model.pkl
[2024-08-17T12:00:14.814+0000] {processor.py:830} INFO - Processing file /opt/airflow/dags/data/models/New Zealand/deaths_TS_model.pkl for tasks to queue
[2024-08-17T12:00:14.816+0000] {logging_mixin.py:188} INFO - [2024-08-17T12:00:14.815+0000] {dagbag.py:545} INFO - Filling up the DagBag from /opt/airflow/dags/data/models/New Zealand/deaths_TS_model.pkl
[2024-08-17T12:00:14.839+0000] {processor.py:842} WARNING - No viable dags retrieved from /opt/airflow/dags/data/models/New Zealand/deaths_TS_model.pkl
[2024-08-17T12:00:14.860+0000] {processor.py:183} INFO - Processing /opt/airflow/dags/data/models/New Zealand/deaths_TS_model.pkl took 0.055 seconds
[2024-08-17T12:00:53.569+0000] {processor.py:161} INFO - Started process (PID=13027) to work on /opt/airflow/dags/data/models/New Zealand/deaths_TS_model.pkl
[2024-08-17T12:00:53.571+0000] {processor.py:830} INFO - Processing file /opt/airflow/dags/data/models/New Zealand/deaths_TS_model.pkl for tasks to queue
[2024-08-17T12:00:53.572+0000] {logging_mixin.py:188} INFO - [2024-08-17T12:00:53.571+0000] {dagbag.py:545} INFO - Filling up the DagBag from /opt/airflow/dags/data/models/New Zealand/deaths_TS_model.pkl
[2024-08-17T12:00:53.592+0000] {processor.py:842} WARNING - No viable dags retrieved from /opt/airflow/dags/data/models/New Zealand/deaths_TS_model.pkl
[2024-08-17T12:00:53.612+0000] {processor.py:183} INFO - Processing /opt/airflow/dags/data/models/New Zealand/deaths_TS_model.pkl took 0.048 seconds
[2024-08-17T12:01:33.020+0000] {processor.py:161} INFO - Started process (PID=13662) to work on /opt/airflow/dags/data/models/New Zealand/deaths_TS_model.pkl
[2024-08-17T12:01:33.021+0000] {processor.py:830} INFO - Processing file /opt/airflow/dags/data/models/New Zealand/deaths_TS_model.pkl for tasks to queue
[2024-08-17T12:01:33.022+0000] {logging_mixin.py:188} INFO - [2024-08-17T12:01:33.022+0000] {dagbag.py:545} INFO - Filling up the DagBag from /opt/airflow/dags/data/models/New Zealand/deaths_TS_model.pkl
[2024-08-17T12:01:33.036+0000] {processor.py:842} WARNING - No viable dags retrieved from /opt/airflow/dags/data/models/New Zealand/deaths_TS_model.pkl
[2024-08-17T12:01:33.054+0000] {processor.py:183} INFO - Processing /opt/airflow/dags/data/models/New Zealand/deaths_TS_model.pkl took 0.039 seconds
[2024-08-17T12:02:10.294+0000] {processor.py:161} INFO - Started process (PID=14225) to work on /opt/airflow/dags/data/models/New Zealand/deaths_TS_model.pkl
[2024-08-17T12:02:10.295+0000] {processor.py:830} INFO - Processing file /opt/airflow/dags/data/models/New Zealand/deaths_TS_model.pkl for tasks to queue
[2024-08-17T12:02:10.297+0000] {logging_mixin.py:188} INFO - [2024-08-17T12:02:10.296+0000] {dagbag.py:545} INFO - Filling up the DagBag from /opt/airflow/dags/data/models/New Zealand/deaths_TS_model.pkl
[2024-08-17T12:02:10.314+0000] {processor.py:842} WARNING - No viable dags retrieved from /opt/airflow/dags/data/models/New Zealand/deaths_TS_model.pkl
[2024-08-17T12:02:10.329+0000] {processor.py:183} INFO - Processing /opt/airflow/dags/data/models/New Zealand/deaths_TS_model.pkl took 0.043 seconds
[2024-08-17T12:03:14.216+0000] {processor.py:161} INFO - Started process (PID=14916) to work on /opt/airflow/dags/data/models/New Zealand/deaths_TS_model.pkl
[2024-08-17T12:03:14.217+0000] {processor.py:830} INFO - Processing file /opt/airflow/dags/data/models/New Zealand/deaths_TS_model.pkl for tasks to queue
[2024-08-17T12:03:14.219+0000] {logging_mixin.py:188} INFO - [2024-08-17T12:03:14.218+0000] {dagbag.py:545} INFO - Filling up the DagBag from /opt/airflow/dags/data/models/New Zealand/deaths_TS_model.pkl
[2024-08-17T12:03:14.234+0000] {processor.py:842} WARNING - No viable dags retrieved from /opt/airflow/dags/data/models/New Zealand/deaths_TS_model.pkl
[2024-08-17T12:03:14.247+0000] {processor.py:183} INFO - Processing /opt/airflow/dags/data/models/New Zealand/deaths_TS_model.pkl took 0.038 seconds
[2024-08-17T12:03:55.237+0000] {processor.py:161} INFO - Started process (PID=15574) to work on /opt/airflow/dags/data/models/New Zealand/deaths_TS_model.pkl
[2024-08-17T12:03:55.238+0000] {processor.py:830} INFO - Processing file /opt/airflow/dags/data/models/New Zealand/deaths_TS_model.pkl for tasks to queue
[2024-08-17T12:03:55.239+0000] {logging_mixin.py:188} INFO - [2024-08-17T12:03:55.239+0000] {dagbag.py:545} INFO - Filling up the DagBag from /opt/airflow/dags/data/models/New Zealand/deaths_TS_model.pkl
[2024-08-17T12:03:55.263+0000] {processor.py:842} WARNING - No viable dags retrieved from /opt/airflow/dags/data/models/New Zealand/deaths_TS_model.pkl
[2024-08-17T12:03:55.291+0000] {processor.py:183} INFO - Processing /opt/airflow/dags/data/models/New Zealand/deaths_TS_model.pkl took 0.061 seconds
[2024-08-17T12:04:39.024+0000] {processor.py:161} INFO - Started process (PID=16188) to work on /opt/airflow/dags/data/models/New Zealand/deaths_TS_model.pkl
[2024-08-17T12:04:39.025+0000] {processor.py:830} INFO - Processing file /opt/airflow/dags/data/models/New Zealand/deaths_TS_model.pkl for tasks to queue
[2024-08-17T12:04:39.027+0000] {logging_mixin.py:188} INFO - [2024-08-17T12:04:39.026+0000] {dagbag.py:545} INFO - Filling up the DagBag from /opt/airflow/dags/data/models/New Zealand/deaths_TS_model.pkl
[2024-08-17T12:04:39.056+0000] {processor.py:842} WARNING - No viable dags retrieved from /opt/airflow/dags/data/models/New Zealand/deaths_TS_model.pkl
[2024-08-17T12:04:39.076+0000] {processor.py:183} INFO - Processing /opt/airflow/dags/data/models/New Zealand/deaths_TS_model.pkl took 0.059 seconds
[2024-08-17T12:05:17.861+0000] {processor.py:161} INFO - Started process (PID=16773) to work on /opt/airflow/dags/data/models/New Zealand/deaths_TS_model.pkl
[2024-08-17T12:05:17.863+0000] {processor.py:830} INFO - Processing file /opt/airflow/dags/data/models/New Zealand/deaths_TS_model.pkl for tasks to queue
[2024-08-17T12:05:17.864+0000] {logging_mixin.py:188} INFO - [2024-08-17T12:05:17.864+0000] {dagbag.py:545} INFO - Filling up the DagBag from /opt/airflow/dags/data/models/New Zealand/deaths_TS_model.pkl
[2024-08-17T12:05:17.888+0000] {processor.py:842} WARNING - No viable dags retrieved from /opt/airflow/dags/data/models/New Zealand/deaths_TS_model.pkl
[2024-08-17T12:05:17.908+0000] {processor.py:183} INFO - Processing /opt/airflow/dags/data/models/New Zealand/deaths_TS_model.pkl took 0.056 seconds
[2024-08-17T12:06:00.007+0000] {processor.py:161} INFO - Started process (PID=17413) to work on /opt/airflow/dags/data/models/New Zealand/deaths_TS_model.pkl
[2024-08-17T12:06:00.020+0000] {processor.py:830} INFO - Processing file /opt/airflow/dags/data/models/New Zealand/deaths_TS_model.pkl for tasks to queue
[2024-08-17T12:06:00.021+0000] {logging_mixin.py:188} INFO - [2024-08-17T12:06:00.021+0000] {dagbag.py:545} INFO - Filling up the DagBag from /opt/airflow/dags/data/models/New Zealand/deaths_TS_model.pkl
[2024-08-17T12:06:00.038+0000] {processor.py:842} WARNING - No viable dags retrieved from /opt/airflow/dags/data/models/New Zealand/deaths_TS_model.pkl
[2024-08-17T12:06:00.058+0000] {processor.py:183} INFO - Processing /opt/airflow/dags/data/models/New Zealand/deaths_TS_model.pkl took 0.058 seconds
[2024-08-17T12:06:36.790+0000] {processor.py:161} INFO - Started process (PID=17999) to work on /opt/airflow/dags/data/models/New Zealand/deaths_TS_model.pkl
[2024-08-17T12:06:36.791+0000] {processor.py:830} INFO - Processing file /opt/airflow/dags/data/models/New Zealand/deaths_TS_model.pkl for tasks to queue
[2024-08-17T12:06:36.792+0000] {logging_mixin.py:188} INFO - [2024-08-17T12:06:36.792+0000] {dagbag.py:545} INFO - Filling up the DagBag from /opt/airflow/dags/data/models/New Zealand/deaths_TS_model.pkl
[2024-08-17T12:06:36.810+0000] {processor.py:842} WARNING - No viable dags retrieved from /opt/airflow/dags/data/models/New Zealand/deaths_TS_model.pkl
[2024-08-17T12:06:36.834+0000] {processor.py:183} INFO - Processing /opt/airflow/dags/data/models/New Zealand/deaths_TS_model.pkl took 0.052 seconds
[2024-08-17T12:07:22.407+0000] {processor.py:161} INFO - Started process (PID=18682) to work on /opt/airflow/dags/data/models/New Zealand/deaths_TS_model.pkl
[2024-08-17T12:07:22.409+0000] {processor.py:830} INFO - Processing file /opt/airflow/dags/data/models/New Zealand/deaths_TS_model.pkl for tasks to queue
[2024-08-17T12:07:22.410+0000] {logging_mixin.py:188} INFO - [2024-08-17T12:07:22.410+0000] {dagbag.py:545} INFO - Filling up the DagBag from /opt/airflow/dags/data/models/New Zealand/deaths_TS_model.pkl
[2024-08-17T12:07:22.456+0000] {processor.py:842} WARNING - No viable dags retrieved from /opt/airflow/dags/data/models/New Zealand/deaths_TS_model.pkl
[2024-08-17T12:07:22.474+0000] {processor.py:183} INFO - Processing /opt/airflow/dags/data/models/New Zealand/deaths_TS_model.pkl took 0.074 seconds
[2024-08-17T12:08:36.246+0000] {processor.py:161} INFO - Started process (PID=19433) to work on /opt/airflow/dags/data/models/New Zealand/deaths_TS_model.pkl
[2024-08-17T12:08:36.247+0000] {processor.py:830} INFO - Processing file /opt/airflow/dags/data/models/New Zealand/deaths_TS_model.pkl for tasks to queue
[2024-08-17T12:08:36.249+0000] {logging_mixin.py:188} INFO - [2024-08-17T12:08:36.248+0000] {dagbag.py:545} INFO - Filling up the DagBag from /opt/airflow/dags/data/models/New Zealand/deaths_TS_model.pkl
[2024-08-17T12:08:36.272+0000] {processor.py:842} WARNING - No viable dags retrieved from /opt/airflow/dags/data/models/New Zealand/deaths_TS_model.pkl
[2024-08-17T12:08:36.291+0000] {processor.py:183} INFO - Processing /opt/airflow/dags/data/models/New Zealand/deaths_TS_model.pkl took 0.052 seconds
[2024-08-17T12:09:22.881+0000] {processor.py:161} INFO - Started process (PID=20098) to work on /opt/airflow/dags/data/models/New Zealand/deaths_TS_model.pkl
[2024-08-17T12:09:22.883+0000] {processor.py:830} INFO - Processing file /opt/airflow/dags/data/models/New Zealand/deaths_TS_model.pkl for tasks to queue
[2024-08-17T12:09:22.884+0000] {logging_mixin.py:188} INFO - [2024-08-17T12:09:22.884+0000] {dagbag.py:545} INFO - Filling up the DagBag from /opt/airflow/dags/data/models/New Zealand/deaths_TS_model.pkl
[2024-08-17T12:09:22.904+0000] {processor.py:842} WARNING - No viable dags retrieved from /opt/airflow/dags/data/models/New Zealand/deaths_TS_model.pkl
[2024-08-17T12:09:22.923+0000] {processor.py:183} INFO - Processing /opt/airflow/dags/data/models/New Zealand/deaths_TS_model.pkl took 0.049 seconds
[2024-08-17T12:10:05.602+0000] {processor.py:161} INFO - Started process (PID=20748) to work on /opt/airflow/dags/data/models/New Zealand/deaths_TS_model.pkl
[2024-08-17T12:10:05.604+0000] {processor.py:830} INFO - Processing file /opt/airflow/dags/data/models/New Zealand/deaths_TS_model.pkl for tasks to queue
[2024-08-17T12:10:05.604+0000] {logging_mixin.py:188} INFO - [2024-08-17T12:10:05.604+0000] {dagbag.py:545} INFO - Filling up the DagBag from /opt/airflow/dags/data/models/New Zealand/deaths_TS_model.pkl
[2024-08-17T12:10:05.620+0000] {processor.py:842} WARNING - No viable dags retrieved from /opt/airflow/dags/data/models/New Zealand/deaths_TS_model.pkl
[2024-08-17T12:10:05.640+0000] {processor.py:183} INFO - Processing /opt/airflow/dags/data/models/New Zealand/deaths_TS_model.pkl took 0.045 seconds
[2024-08-17T12:10:50.058+0000] {processor.py:161} INFO - Started process (PID=21455) to work on /opt/airflow/dags/data/models/New Zealand/deaths_TS_model.pkl
[2024-08-17T12:10:50.060+0000] {processor.py:830} INFO - Processing file /opt/airflow/dags/data/models/New Zealand/deaths_TS_model.pkl for tasks to queue
[2024-08-17T12:10:50.062+0000] {logging_mixin.py:188} INFO - [2024-08-17T12:10:50.061+0000] {dagbag.py:545} INFO - Filling up the DagBag from /opt/airflow/dags/data/models/New Zealand/deaths_TS_model.pkl
[2024-08-17T12:10:50.084+0000] {processor.py:842} WARNING - No viable dags retrieved from /opt/airflow/dags/data/models/New Zealand/deaths_TS_model.pkl
[2024-08-17T12:10:50.106+0000] {processor.py:183} INFO - Processing /opt/airflow/dags/data/models/New Zealand/deaths_TS_model.pkl took 0.057 seconds
[2024-08-17T12:11:35.172+0000] {processor.py:161} INFO - Started process (PID=22079) to work on /opt/airflow/dags/data/models/New Zealand/deaths_TS_model.pkl
[2024-08-17T12:11:35.174+0000] {processor.py:830} INFO - Processing file /opt/airflow/dags/data/models/New Zealand/deaths_TS_model.pkl for tasks to queue
[2024-08-17T12:11:35.175+0000] {logging_mixin.py:188} INFO - [2024-08-17T12:11:35.175+0000] {dagbag.py:545} INFO - Filling up the DagBag from /opt/airflow/dags/data/models/New Zealand/deaths_TS_model.pkl
[2024-08-17T12:11:35.197+0000] {processor.py:842} WARNING - No viable dags retrieved from /opt/airflow/dags/data/models/New Zealand/deaths_TS_model.pkl
[2024-08-17T12:11:35.215+0000] {processor.py:183} INFO - Processing /opt/airflow/dags/data/models/New Zealand/deaths_TS_model.pkl took 0.052 seconds
[2024-08-17T12:12:28.380+0000] {processor.py:161} INFO - Started process (PID=22840) to work on /opt/airflow/dags/data/models/New Zealand/deaths_TS_model.pkl
[2024-08-17T12:12:28.382+0000] {processor.py:830} INFO - Processing file /opt/airflow/dags/data/models/New Zealand/deaths_TS_model.pkl for tasks to queue
[2024-08-17T12:12:28.383+0000] {logging_mixin.py:188} INFO - [2024-08-17T12:12:28.383+0000] {dagbag.py:545} INFO - Filling up the DagBag from /opt/airflow/dags/data/models/New Zealand/deaths_TS_model.pkl
[2024-08-17T12:12:28.407+0000] {processor.py:842} WARNING - No viable dags retrieved from /opt/airflow/dags/data/models/New Zealand/deaths_TS_model.pkl
[2024-08-17T12:12:28.428+0000] {processor.py:183} INFO - Processing /opt/airflow/dags/data/models/New Zealand/deaths_TS_model.pkl took 0.056 seconds
[2024-08-17T12:13:29.519+0000] {processor.py:161} INFO - Started process (PID=23441) to work on /opt/airflow/dags/data/models/New Zealand/deaths_TS_model.pkl
[2024-08-17T12:13:29.520+0000] {processor.py:830} INFO - Processing file /opt/airflow/dags/data/models/New Zealand/deaths_TS_model.pkl for tasks to queue
[2024-08-17T12:13:29.523+0000] {logging_mixin.py:188} INFO - [2024-08-17T12:13:29.522+0000] {dagbag.py:545} INFO - Filling up the DagBag from /opt/airflow/dags/data/models/New Zealand/deaths_TS_model.pkl
[2024-08-17T12:13:29.534+0000] {processor.py:842} WARNING - No viable dags retrieved from /opt/airflow/dags/data/models/New Zealand/deaths_TS_model.pkl
[2024-08-17T12:13:29.555+0000] {processor.py:183} INFO - Processing /opt/airflow/dags/data/models/New Zealand/deaths_TS_model.pkl took 0.043 seconds
[2024-08-17T12:14:15.939+0000] {processor.py:161} INFO - Started process (PID=24171) to work on /opt/airflow/dags/data/models/New Zealand/deaths_TS_model.pkl
[2024-08-17T12:14:15.941+0000] {processor.py:830} INFO - Processing file /opt/airflow/dags/data/models/New Zealand/deaths_TS_model.pkl for tasks to queue
[2024-08-17T12:14:15.942+0000] {logging_mixin.py:188} INFO - [2024-08-17T12:14:15.942+0000] {dagbag.py:545} INFO - Filling up the DagBag from /opt/airflow/dags/data/models/New Zealand/deaths_TS_model.pkl
[2024-08-17T12:14:15.958+0000] {processor.py:842} WARNING - No viable dags retrieved from /opt/airflow/dags/data/models/New Zealand/deaths_TS_model.pkl
[2024-08-17T12:14:15.978+0000] {processor.py:183} INFO - Processing /opt/airflow/dags/data/models/New Zealand/deaths_TS_model.pkl took 0.046 seconds
[2024-08-17T12:15:00.386+0000] {processor.py:161} INFO - Started process (PID=24798) to work on /opt/airflow/dags/data/models/New Zealand/deaths_TS_model.pkl
[2024-08-17T12:15:00.387+0000] {processor.py:830} INFO - Processing file /opt/airflow/dags/data/models/New Zealand/deaths_TS_model.pkl for tasks to queue
[2024-08-17T12:15:00.389+0000] {logging_mixin.py:188} INFO - [2024-08-17T12:15:00.388+0000] {dagbag.py:545} INFO - Filling up the DagBag from /opt/airflow/dags/data/models/New Zealand/deaths_TS_model.pkl
[2024-08-17T12:15:00.409+0000] {processor.py:842} WARNING - No viable dags retrieved from /opt/airflow/dags/data/models/New Zealand/deaths_TS_model.pkl
[2024-08-17T12:15:00.428+0000] {processor.py:183} INFO - Processing /opt/airflow/dags/data/models/New Zealand/deaths_TS_model.pkl took 0.049 seconds
[2024-08-17T12:15:43.639+0000] {processor.py:161} INFO - Started process (PID=25389) to work on /opt/airflow/dags/data/models/New Zealand/deaths_TS_model.pkl
[2024-08-17T12:15:43.641+0000] {processor.py:830} INFO - Processing file /opt/airflow/dags/data/models/New Zealand/deaths_TS_model.pkl for tasks to queue
[2024-08-17T12:15:43.643+0000] {logging_mixin.py:188} INFO - [2024-08-17T12:15:43.643+0000] {dagbag.py:545} INFO - Filling up the DagBag from /opt/airflow/dags/data/models/New Zealand/deaths_TS_model.pkl
[2024-08-17T12:15:43.660+0000] {processor.py:842} WARNING - No viable dags retrieved from /opt/airflow/dags/data/models/New Zealand/deaths_TS_model.pkl
[2024-08-17T12:15:43.678+0000] {processor.py:183} INFO - Processing /opt/airflow/dags/data/models/New Zealand/deaths_TS_model.pkl took 0.045 seconds
[2024-08-17T12:16:38.225+0000] {processor.py:161} INFO - Started process (PID=26155) to work on /opt/airflow/dags/data/models/New Zealand/deaths_TS_model.pkl
[2024-08-17T12:16:38.226+0000] {processor.py:830} INFO - Processing file /opt/airflow/dags/data/models/New Zealand/deaths_TS_model.pkl for tasks to queue
[2024-08-17T12:16:38.229+0000] {logging_mixin.py:188} INFO - [2024-08-17T12:16:38.228+0000] {dagbag.py:545} INFO - Filling up the DagBag from /opt/airflow/dags/data/models/New Zealand/deaths_TS_model.pkl
[2024-08-17T12:16:38.261+0000] {processor.py:842} WARNING - No viable dags retrieved from /opt/airflow/dags/data/models/New Zealand/deaths_TS_model.pkl
[2024-08-17T12:16:38.281+0000] {processor.py:183} INFO - Processing /opt/airflow/dags/data/models/New Zealand/deaths_TS_model.pkl took 0.064 seconds
[2024-08-17T12:17:18.791+0000] {processor.py:161} INFO - Started process (PID=26754) to work on /opt/airflow/dags/data/models/New Zealand/deaths_TS_model.pkl
[2024-08-17T12:17:18.792+0000] {processor.py:830} INFO - Processing file /opt/airflow/dags/data/models/New Zealand/deaths_TS_model.pkl for tasks to queue
[2024-08-17T12:17:18.793+0000] {logging_mixin.py:188} INFO - [2024-08-17T12:17:18.793+0000] {dagbag.py:545} INFO - Filling up the DagBag from /opt/airflow/dags/data/models/New Zealand/deaths_TS_model.pkl
[2024-08-17T12:17:18.809+0000] {processor.py:842} WARNING - No viable dags retrieved from /opt/airflow/dags/data/models/New Zealand/deaths_TS_model.pkl
[2024-08-17T12:17:18.825+0000] {processor.py:183} INFO - Processing /opt/airflow/dags/data/models/New Zealand/deaths_TS_model.pkl took 0.043 seconds
[2024-08-17T12:18:50.345+0000] {processor.py:161} INFO - Started process (PID=27658) to work on /opt/airflow/dags/data/models/New Zealand/deaths_TS_model.pkl
[2024-08-17T12:18:50.346+0000] {processor.py:830} INFO - Processing file /opt/airflow/dags/data/models/New Zealand/deaths_TS_model.pkl for tasks to queue
[2024-08-17T12:18:50.347+0000] {logging_mixin.py:188} INFO - [2024-08-17T12:18:50.347+0000] {dagbag.py:545} INFO - Filling up the DagBag from /opt/airflow/dags/data/models/New Zealand/deaths_TS_model.pkl
[2024-08-17T12:18:50.386+0000] {processor.py:842} WARNING - No viable dags retrieved from /opt/airflow/dags/data/models/New Zealand/deaths_TS_model.pkl
[2024-08-17T12:18:50.407+0000] {processor.py:183} INFO - Processing /opt/airflow/dags/data/models/New Zealand/deaths_TS_model.pkl took 0.069 seconds
[2024-08-17T12:19:41.467+0000] {processor.py:161} INFO - Started process (PID=28420) to work on /opt/airflow/dags/data/models/New Zealand/deaths_TS_model.pkl
[2024-08-17T12:19:41.468+0000] {processor.py:830} INFO - Processing file /opt/airflow/dags/data/models/New Zealand/deaths_TS_model.pkl for tasks to queue
[2024-08-17T12:19:41.470+0000] {logging_mixin.py:188} INFO - [2024-08-17T12:19:41.469+0000] {dagbag.py:545} INFO - Filling up the DagBag from /opt/airflow/dags/data/models/New Zealand/deaths_TS_model.pkl
[2024-08-17T12:19:41.488+0000] {processor.py:842} WARNING - No viable dags retrieved from /opt/airflow/dags/data/models/New Zealand/deaths_TS_model.pkl
[2024-08-17T12:19:41.508+0000] {processor.py:183} INFO - Processing /opt/airflow/dags/data/models/New Zealand/deaths_TS_model.pkl took 0.048 seconds
[2024-08-17T12:20:32.480+0000] {processor.py:161} INFO - Started process (PID=29070) to work on /opt/airflow/dags/data/models/New Zealand/deaths_TS_model.pkl
[2024-08-17T12:20:32.482+0000] {processor.py:830} INFO - Processing file /opt/airflow/dags/data/models/New Zealand/deaths_TS_model.pkl for tasks to queue
[2024-08-17T12:20:32.483+0000] {logging_mixin.py:188} INFO - [2024-08-17T12:20:32.483+0000] {dagbag.py:545} INFO - Filling up the DagBag from /opt/airflow/dags/data/models/New Zealand/deaths_TS_model.pkl
[2024-08-17T12:20:32.524+0000] {processor.py:842} WARNING - No viable dags retrieved from /opt/airflow/dags/data/models/New Zealand/deaths_TS_model.pkl
[2024-08-17T12:20:32.542+0000] {processor.py:183} INFO - Processing /opt/airflow/dags/data/models/New Zealand/deaths_TS_model.pkl took 0.073 seconds
[2024-08-17T12:21:26.032+0000] {processor.py:161} INFO - Started process (PID=29831) to work on /opt/airflow/dags/data/models/New Zealand/deaths_TS_model.pkl
[2024-08-17T12:21:26.034+0000] {processor.py:830} INFO - Processing file /opt/airflow/dags/data/models/New Zealand/deaths_TS_model.pkl for tasks to queue
[2024-08-17T12:21:26.035+0000] {logging_mixin.py:188} INFO - [2024-08-17T12:21:26.035+0000] {dagbag.py:545} INFO - Filling up the DagBag from /opt/airflow/dags/data/models/New Zealand/deaths_TS_model.pkl
[2024-08-17T12:21:26.050+0000] {processor.py:842} WARNING - No viable dags retrieved from /opt/airflow/dags/data/models/New Zealand/deaths_TS_model.pkl
[2024-08-17T12:21:26.070+0000] {processor.py:183} INFO - Processing /opt/airflow/dags/data/models/New Zealand/deaths_TS_model.pkl took 0.046 seconds
[2024-08-17T12:22:23.126+0000] {processor.py:161} INFO - Started process (PID=30672) to work on /opt/airflow/dags/data/models/New Zealand/deaths_TS_model.pkl
[2024-08-17T12:22:23.128+0000] {processor.py:830} INFO - Processing file /opt/airflow/dags/data/models/New Zealand/deaths_TS_model.pkl for tasks to queue
[2024-08-17T12:22:23.130+0000] {logging_mixin.py:188} INFO - [2024-08-17T12:22:23.129+0000] {dagbag.py:545} INFO - Filling up the DagBag from /opt/airflow/dags/data/models/New Zealand/deaths_TS_model.pkl
[2024-08-17T12:22:23.153+0000] {processor.py:842} WARNING - No viable dags retrieved from /opt/airflow/dags/data/models/New Zealand/deaths_TS_model.pkl
[2024-08-17T12:22:23.175+0000] {processor.py:183} INFO - Processing /opt/airflow/dags/data/models/New Zealand/deaths_TS_model.pkl took 0.056 seconds
[2024-08-17T12:23:29.605+0000] {processor.py:161} INFO - Started process (PID=31348) to work on /opt/airflow/dags/data/models/New Zealand/deaths_TS_model.pkl
[2024-08-17T12:23:29.606+0000] {processor.py:830} INFO - Processing file /opt/airflow/dags/data/models/New Zealand/deaths_TS_model.pkl for tasks to queue
[2024-08-17T12:23:29.607+0000] {logging_mixin.py:188} INFO - [2024-08-17T12:23:29.607+0000] {dagbag.py:545} INFO - Filling up the DagBag from /opt/airflow/dags/data/models/New Zealand/deaths_TS_model.pkl
[2024-08-17T12:23:29.629+0000] {processor.py:842} WARNING - No viable dags retrieved from /opt/airflow/dags/data/models/New Zealand/deaths_TS_model.pkl
[2024-08-17T12:23:29.648+0000] {processor.py:183} INFO - Processing /opt/airflow/dags/data/models/New Zealand/deaths_TS_model.pkl took 0.051 seconds
[2024-08-17T12:24:16.177+0000] {processor.py:161} INFO - Started process (PID=32123) to work on /opt/airflow/dags/data/models/New Zealand/deaths_TS_model.pkl
[2024-08-17T12:24:16.178+0000] {processor.py:830} INFO - Processing file /opt/airflow/dags/data/models/New Zealand/deaths_TS_model.pkl for tasks to queue
[2024-08-17T12:24:16.179+0000] {logging_mixin.py:188} INFO - [2024-08-17T12:24:16.179+0000] {dagbag.py:545} INFO - Filling up the DagBag from /opt/airflow/dags/data/models/New Zealand/deaths_TS_model.pkl
[2024-08-17T12:24:16.200+0000] {processor.py:842} WARNING - No viable dags retrieved from /opt/airflow/dags/data/models/New Zealand/deaths_TS_model.pkl
[2024-08-17T12:24:16.216+0000] {processor.py:183} INFO - Processing /opt/airflow/dags/data/models/New Zealand/deaths_TS_model.pkl took 0.046 seconds
[2024-08-17T12:24:59.157+0000] {processor.py:161} INFO - Started process (PID=32845) to work on /opt/airflow/dags/data/models/New Zealand/deaths_TS_model.pkl
[2024-08-17T12:24:59.158+0000] {processor.py:830} INFO - Processing file /opt/airflow/dags/data/models/New Zealand/deaths_TS_model.pkl for tasks to queue
[2024-08-17T12:24:59.159+0000] {logging_mixin.py:188} INFO - [2024-08-17T12:24:59.159+0000] {dagbag.py:545} INFO - Filling up the DagBag from /opt/airflow/dags/data/models/New Zealand/deaths_TS_model.pkl
[2024-08-17T12:24:59.178+0000] {processor.py:842} WARNING - No viable dags retrieved from /opt/airflow/dags/data/models/New Zealand/deaths_TS_model.pkl
[2024-08-17T12:24:59.193+0000] {processor.py:183} INFO - Processing /opt/airflow/dags/data/models/New Zealand/deaths_TS_model.pkl took 0.043 seconds
[2024-08-17T12:25:40.171+0000] {processor.py:161} INFO - Started process (PID=33546) to work on /opt/airflow/dags/data/models/New Zealand/deaths_TS_model.pkl
[2024-08-17T12:25:40.172+0000] {processor.py:830} INFO - Processing file /opt/airflow/dags/data/models/New Zealand/deaths_TS_model.pkl for tasks to queue
[2024-08-17T12:25:40.173+0000] {logging_mixin.py:188} INFO - [2024-08-17T12:25:40.173+0000] {dagbag.py:545} INFO - Filling up the DagBag from /opt/airflow/dags/data/models/New Zealand/deaths_TS_model.pkl
[2024-08-17T12:25:40.188+0000] {processor.py:842} WARNING - No viable dags retrieved from /opt/airflow/dags/data/models/New Zealand/deaths_TS_model.pkl
[2024-08-17T12:25:40.201+0000] {processor.py:183} INFO - Processing /opt/airflow/dags/data/models/New Zealand/deaths_TS_model.pkl took 0.034 seconds
[2024-08-17T12:26:18.936+0000] {processor.py:161} INFO - Started process (PID=34293) to work on /opt/airflow/dags/data/models/New Zealand/deaths_TS_model.pkl
[2024-08-17T12:26:18.937+0000] {processor.py:830} INFO - Processing file /opt/airflow/dags/data/models/New Zealand/deaths_TS_model.pkl for tasks to queue
[2024-08-17T12:26:18.938+0000] {logging_mixin.py:188} INFO - [2024-08-17T12:26:18.938+0000] {dagbag.py:545} INFO - Filling up the DagBag from /opt/airflow/dags/data/models/New Zealand/deaths_TS_model.pkl
[2024-08-17T12:26:18.957+0000] {processor.py:842} WARNING - No viable dags retrieved from /opt/airflow/dags/data/models/New Zealand/deaths_TS_model.pkl
[2024-08-17T12:26:18.973+0000] {processor.py:183} INFO - Processing /opt/airflow/dags/data/models/New Zealand/deaths_TS_model.pkl took 0.042 seconds
[2024-08-17T12:26:55.293+0000] {processor.py:161} INFO - Started process (PID=34946) to work on /opt/airflow/dags/data/models/New Zealand/deaths_TS_model.pkl
[2024-08-17T12:26:55.294+0000] {processor.py:830} INFO - Processing file /opt/airflow/dags/data/models/New Zealand/deaths_TS_model.pkl for tasks to queue
[2024-08-17T12:26:55.295+0000] {logging_mixin.py:188} INFO - [2024-08-17T12:26:55.295+0000] {dagbag.py:545} INFO - Filling up the DagBag from /opt/airflow/dags/data/models/New Zealand/deaths_TS_model.pkl
[2024-08-17T12:26:55.308+0000] {processor.py:842} WARNING - No viable dags retrieved from /opt/airflow/dags/data/models/New Zealand/deaths_TS_model.pkl
[2024-08-17T12:26:55.320+0000] {processor.py:183} INFO - Processing /opt/airflow/dags/data/models/New Zealand/deaths_TS_model.pkl took 0.032 seconds
[2024-08-17T12:27:34.874+0000] {processor.py:161} INFO - Started process (PID=35716) to work on /opt/airflow/dags/data/models/New Zealand/deaths_TS_model.pkl
[2024-08-17T12:27:34.875+0000] {processor.py:830} INFO - Processing file /opt/airflow/dags/data/models/New Zealand/deaths_TS_model.pkl for tasks to queue
[2024-08-17T12:27:34.876+0000] {logging_mixin.py:188} INFO - [2024-08-17T12:27:34.876+0000] {dagbag.py:545} INFO - Filling up the DagBag from /opt/airflow/dags/data/models/New Zealand/deaths_TS_model.pkl
[2024-08-17T12:27:34.891+0000] {processor.py:842} WARNING - No viable dags retrieved from /opt/airflow/dags/data/models/New Zealand/deaths_TS_model.pkl
[2024-08-17T12:27:34.904+0000] {processor.py:183} INFO - Processing /opt/airflow/dags/data/models/New Zealand/deaths_TS_model.pkl took 0.033 seconds
[2024-08-17T12:28:21.199+0000] {processor.py:161} INFO - Started process (PID=36354) to work on /opt/airflow/dags/data/models/New Zealand/deaths_TS_model.pkl
[2024-08-17T12:28:21.200+0000] {processor.py:830} INFO - Processing file /opt/airflow/dags/data/models/New Zealand/deaths_TS_model.pkl for tasks to queue
[2024-08-17T12:28:21.201+0000] {logging_mixin.py:188} INFO - [2024-08-17T12:28:21.201+0000] {dagbag.py:545} INFO - Filling up the DagBag from /opt/airflow/dags/data/models/New Zealand/deaths_TS_model.pkl
[2024-08-17T12:28:21.214+0000] {processor.py:842} WARNING - No viable dags retrieved from /opt/airflow/dags/data/models/New Zealand/deaths_TS_model.pkl
[2024-08-17T12:28:21.225+0000] {processor.py:183} INFO - Processing /opt/airflow/dags/data/models/New Zealand/deaths_TS_model.pkl took 0.030 seconds
[2024-08-17T12:28:56.889+0000] {processor.py:161} INFO - Started process (PID=37099) to work on /opt/airflow/dags/data/models/New Zealand/deaths_TS_model.pkl
[2024-08-17T12:28:56.890+0000] {processor.py:830} INFO - Processing file /opt/airflow/dags/data/models/New Zealand/deaths_TS_model.pkl for tasks to queue
[2024-08-17T12:28:56.891+0000] {logging_mixin.py:188} INFO - [2024-08-17T12:28:56.890+0000] {dagbag.py:545} INFO - Filling up the DagBag from /opt/airflow/dags/data/models/New Zealand/deaths_TS_model.pkl
[2024-08-17T12:28:56.901+0000] {processor.py:842} WARNING - No viable dags retrieved from /opt/airflow/dags/data/models/New Zealand/deaths_TS_model.pkl
[2024-08-17T12:28:56.911+0000] {processor.py:183} INFO - Processing /opt/airflow/dags/data/models/New Zealand/deaths_TS_model.pkl took 0.025 seconds
[2024-08-17T12:29:30.196+0000] {processor.py:161} INFO - Started process (PID=37843) to work on /opt/airflow/dags/data/models/New Zealand/deaths_TS_model.pkl
[2024-08-17T12:29:30.197+0000] {processor.py:830} INFO - Processing file /opt/airflow/dags/data/models/New Zealand/deaths_TS_model.pkl for tasks to queue
[2024-08-17T12:29:30.198+0000] {logging_mixin.py:188} INFO - [2024-08-17T12:29:30.197+0000] {dagbag.py:545} INFO - Filling up the DagBag from /opt/airflow/dags/data/models/New Zealand/deaths_TS_model.pkl
[2024-08-17T12:29:30.208+0000] {processor.py:842} WARNING - No viable dags retrieved from /opt/airflow/dags/data/models/New Zealand/deaths_TS_model.pkl
[2024-08-17T12:29:30.219+0000] {processor.py:183} INFO - Processing /opt/airflow/dags/data/models/New Zealand/deaths_TS_model.pkl took 0.027 seconds
[2024-08-17T12:30:02.824+0000] {processor.py:161} INFO - Started process (PID=38588) to work on /opt/airflow/dags/data/models/New Zealand/deaths_TS_model.pkl
[2024-08-17T12:30:02.825+0000] {processor.py:830} INFO - Processing file /opt/airflow/dags/data/models/New Zealand/deaths_TS_model.pkl for tasks to queue
[2024-08-17T12:30:02.826+0000] {logging_mixin.py:188} INFO - [2024-08-17T12:30:02.825+0000] {dagbag.py:545} INFO - Filling up the DagBag from /opt/airflow/dags/data/models/New Zealand/deaths_TS_model.pkl
[2024-08-17T12:30:02.836+0000] {processor.py:842} WARNING - No viable dags retrieved from /opt/airflow/dags/data/models/New Zealand/deaths_TS_model.pkl
[2024-08-17T12:30:02.847+0000] {processor.py:183} INFO - Processing /opt/airflow/dags/data/models/New Zealand/deaths_TS_model.pkl took 0.026 seconds
[2024-08-17T12:30:35.726+0000] {processor.py:161} INFO - Started process (PID=39315) to work on /opt/airflow/dags/data/models/New Zealand/deaths_TS_model.pkl
[2024-08-17T12:30:35.727+0000] {processor.py:830} INFO - Processing file /opt/airflow/dags/data/models/New Zealand/deaths_TS_model.pkl for tasks to queue
[2024-08-17T12:30:35.728+0000] {logging_mixin.py:188} INFO - [2024-08-17T12:30:35.727+0000] {dagbag.py:545} INFO - Filling up the DagBag from /opt/airflow/dags/data/models/New Zealand/deaths_TS_model.pkl
[2024-08-17T12:30:35.737+0000] {processor.py:842} WARNING - No viable dags retrieved from /opt/airflow/dags/data/models/New Zealand/deaths_TS_model.pkl
[2024-08-17T12:30:35.747+0000] {processor.py:183} INFO - Processing /opt/airflow/dags/data/models/New Zealand/deaths_TS_model.pkl took 0.025 seconds
[2024-08-17T12:31:09.012+0000] {processor.py:161} INFO - Started process (PID=40054) to work on /opt/airflow/dags/data/models/New Zealand/deaths_TS_model.pkl
[2024-08-17T12:31:09.012+0000] {processor.py:830} INFO - Processing file /opt/airflow/dags/data/models/New Zealand/deaths_TS_model.pkl for tasks to queue
[2024-08-17T12:31:09.013+0000] {logging_mixin.py:188} INFO - [2024-08-17T12:31:09.013+0000] {dagbag.py:545} INFO - Filling up the DagBag from /opt/airflow/dags/data/models/New Zealand/deaths_TS_model.pkl
[2024-08-17T12:31:09.022+0000] {processor.py:842} WARNING - No viable dags retrieved from /opt/airflow/dags/data/models/New Zealand/deaths_TS_model.pkl
[2024-08-17T12:31:09.031+0000] {processor.py:183} INFO - Processing /opt/airflow/dags/data/models/New Zealand/deaths_TS_model.pkl took 0.023 seconds
[2024-08-17T12:31:43.518+0000] {processor.py:161} INFO - Started process (PID=40803) to work on /opt/airflow/dags/data/models/New Zealand/deaths_TS_model.pkl
[2024-08-17T12:31:43.518+0000] {processor.py:830} INFO - Processing file /opt/airflow/dags/data/models/New Zealand/deaths_TS_model.pkl for tasks to queue
[2024-08-17T12:31:43.519+0000] {logging_mixin.py:188} INFO - [2024-08-17T12:31:43.519+0000] {dagbag.py:545} INFO - Filling up the DagBag from /opt/airflow/dags/data/models/New Zealand/deaths_TS_model.pkl
[2024-08-17T12:31:43.530+0000] {processor.py:842} WARNING - No viable dags retrieved from /opt/airflow/dags/data/models/New Zealand/deaths_TS_model.pkl
[2024-08-17T12:31:43.540+0000] {processor.py:183} INFO - Processing /opt/airflow/dags/data/models/New Zealand/deaths_TS_model.pkl took 0.026 seconds
[2024-08-17T12:32:18.551+0000] {processor.py:161} INFO - Started process (PID=41520) to work on /opt/airflow/dags/data/models/New Zealand/deaths_TS_model.pkl
[2024-08-17T12:32:18.552+0000] {processor.py:830} INFO - Processing file /opt/airflow/dags/data/models/New Zealand/deaths_TS_model.pkl for tasks to queue
[2024-08-17T12:32:18.552+0000] {logging_mixin.py:188} INFO - [2024-08-17T12:32:18.552+0000] {dagbag.py:545} INFO - Filling up the DagBag from /opt/airflow/dags/data/models/New Zealand/deaths_TS_model.pkl
[2024-08-17T12:32:18.561+0000] {processor.py:842} WARNING - No viable dags retrieved from /opt/airflow/dags/data/models/New Zealand/deaths_TS_model.pkl
[2024-08-17T12:32:18.570+0000] {processor.py:183} INFO - Processing /opt/airflow/dags/data/models/New Zealand/deaths_TS_model.pkl took 0.023 seconds
[2024-08-17T12:33:03.675+0000] {processor.py:161} INFO - Started process (PID=42327) to work on /opt/airflow/dags/data/models/New Zealand/deaths_TS_model.pkl
[2024-08-17T12:33:03.676+0000] {processor.py:830} INFO - Processing file /opt/airflow/dags/data/models/New Zealand/deaths_TS_model.pkl for tasks to queue
[2024-08-17T12:33:03.676+0000] {logging_mixin.py:188} INFO - [2024-08-17T12:33:03.676+0000] {dagbag.py:545} INFO - Filling up the DagBag from /opt/airflow/dags/data/models/New Zealand/deaths_TS_model.pkl
[2024-08-17T12:33:03.685+0000] {processor.py:842} WARNING - No viable dags retrieved from /opt/airflow/dags/data/models/New Zealand/deaths_TS_model.pkl
[2024-08-17T12:33:03.694+0000] {processor.py:183} INFO - Processing /opt/airflow/dags/data/models/New Zealand/deaths_TS_model.pkl took 0.023 seconds
[2024-08-17T12:33:36.190+0000] {processor.py:161} INFO - Started process (PID=43072) to work on /opt/airflow/dags/data/models/New Zealand/deaths_TS_model.pkl
[2024-08-17T12:33:36.191+0000] {processor.py:830} INFO - Processing file /opt/airflow/dags/data/models/New Zealand/deaths_TS_model.pkl for tasks to queue
[2024-08-17T12:33:36.191+0000] {logging_mixin.py:188} INFO - [2024-08-17T12:33:36.191+0000] {dagbag.py:545} INFO - Filling up the DagBag from /opt/airflow/dags/data/models/New Zealand/deaths_TS_model.pkl
[2024-08-17T12:33:36.199+0000] {processor.py:842} WARNING - No viable dags retrieved from /opt/airflow/dags/data/models/New Zealand/deaths_TS_model.pkl
[2024-08-17T12:33:36.210+0000] {processor.py:183} INFO - Processing /opt/airflow/dags/data/models/New Zealand/deaths_TS_model.pkl took 0.024 seconds
[2024-08-17T12:34:08.707+0000] {processor.py:161} INFO - Started process (PID=43789) to work on /opt/airflow/dags/data/models/New Zealand/deaths_TS_model.pkl
[2024-08-17T12:34:08.708+0000] {processor.py:830} INFO - Processing file /opt/airflow/dags/data/models/New Zealand/deaths_TS_model.pkl for tasks to queue
[2024-08-17T12:34:08.708+0000] {logging_mixin.py:188} INFO - [2024-08-17T12:34:08.708+0000] {dagbag.py:545} INFO - Filling up the DagBag from /opt/airflow/dags/data/models/New Zealand/deaths_TS_model.pkl
[2024-08-17T12:34:08.723+0000] {processor.py:842} WARNING - No viable dags retrieved from /opt/airflow/dags/data/models/New Zealand/deaths_TS_model.pkl
[2024-08-17T12:34:08.732+0000] {processor.py:183} INFO - Processing /opt/airflow/dags/data/models/New Zealand/deaths_TS_model.pkl took 0.029 seconds
[2024-08-17T12:34:41.565+0000] {processor.py:161} INFO - Started process (PID=44532) to work on /opt/airflow/dags/data/models/New Zealand/deaths_TS_model.pkl
[2024-08-17T12:34:41.566+0000] {processor.py:830} INFO - Processing file /opt/airflow/dags/data/models/New Zealand/deaths_TS_model.pkl for tasks to queue
[2024-08-17T12:34:41.567+0000] {logging_mixin.py:188} INFO - [2024-08-17T12:34:41.566+0000] {dagbag.py:545} INFO - Filling up the DagBag from /opt/airflow/dags/data/models/New Zealand/deaths_TS_model.pkl
[2024-08-17T12:34:41.579+0000] {processor.py:842} WARNING - No viable dags retrieved from /opt/airflow/dags/data/models/New Zealand/deaths_TS_model.pkl
[2024-08-17T12:34:41.588+0000] {processor.py:183} INFO - Processing /opt/airflow/dags/data/models/New Zealand/deaths_TS_model.pkl took 0.027 seconds
[2024-08-17T12:35:13.883+0000] {processor.py:161} INFO - Started process (PID=45275) to work on /opt/airflow/dags/data/models/New Zealand/deaths_TS_model.pkl
[2024-08-17T12:35:13.884+0000] {processor.py:830} INFO - Processing file /opt/airflow/dags/data/models/New Zealand/deaths_TS_model.pkl for tasks to queue
[2024-08-17T12:35:13.885+0000] {logging_mixin.py:188} INFO - [2024-08-17T12:35:13.884+0000] {dagbag.py:545} INFO - Filling up the DagBag from /opt/airflow/dags/data/models/New Zealand/deaths_TS_model.pkl
[2024-08-17T12:35:13.895+0000] {processor.py:842} WARNING - No viable dags retrieved from /opt/airflow/dags/data/models/New Zealand/deaths_TS_model.pkl
[2024-08-17T12:35:13.905+0000] {processor.py:183} INFO - Processing /opt/airflow/dags/data/models/New Zealand/deaths_TS_model.pkl took 0.025 seconds
[2024-08-17T12:35:45.704+0000] {processor.py:161} INFO - Started process (PID=45997) to work on /opt/airflow/dags/data/models/New Zealand/deaths_TS_model.pkl
[2024-08-17T12:35:45.705+0000] {processor.py:830} INFO - Processing file /opt/airflow/dags/data/models/New Zealand/deaths_TS_model.pkl for tasks to queue
[2024-08-17T12:35:45.706+0000] {logging_mixin.py:188} INFO - [2024-08-17T12:35:45.705+0000] {dagbag.py:545} INFO - Filling up the DagBag from /opt/airflow/dags/data/models/New Zealand/deaths_TS_model.pkl
[2024-08-17T12:35:45.712+0000] {processor.py:842} WARNING - No viable dags retrieved from /opt/airflow/dags/data/models/New Zealand/deaths_TS_model.pkl
[2024-08-17T12:35:45.721+0000] {processor.py:183} INFO - Processing /opt/airflow/dags/data/models/New Zealand/deaths_TS_model.pkl took 0.021 seconds
[2024-08-17T12:36:19.572+0000] {processor.py:161} INFO - Started process (PID=46718) to work on /opt/airflow/dags/data/models/New Zealand/deaths_TS_model.pkl
[2024-08-17T12:36:19.573+0000] {processor.py:830} INFO - Processing file /opt/airflow/dags/data/models/New Zealand/deaths_TS_model.pkl for tasks to queue
[2024-08-17T12:36:19.573+0000] {logging_mixin.py:188} INFO - [2024-08-17T12:36:19.573+0000] {dagbag.py:545} INFO - Filling up the DagBag from /opt/airflow/dags/data/models/New Zealand/deaths_TS_model.pkl
[2024-08-17T12:36:19.582+0000] {processor.py:842} WARNING - No viable dags retrieved from /opt/airflow/dags/data/models/New Zealand/deaths_TS_model.pkl
[2024-08-17T12:36:19.592+0000] {processor.py:183} INFO - Processing /opt/airflow/dags/data/models/New Zealand/deaths_TS_model.pkl took 0.023 seconds
[2024-08-17T12:36:51.552+0000] {processor.py:161} INFO - Started process (PID=47447) to work on /opt/airflow/dags/data/models/New Zealand/deaths_TS_model.pkl
[2024-08-17T12:36:51.553+0000] {processor.py:830} INFO - Processing file /opt/airflow/dags/data/models/New Zealand/deaths_TS_model.pkl for tasks to queue
[2024-08-17T12:36:51.553+0000] {logging_mixin.py:188} INFO - [2024-08-17T12:36:51.553+0000] {dagbag.py:545} INFO - Filling up the DagBag from /opt/airflow/dags/data/models/New Zealand/deaths_TS_model.pkl
[2024-08-17T12:36:51.564+0000] {processor.py:842} WARNING - No viable dags retrieved from /opt/airflow/dags/data/models/New Zealand/deaths_TS_model.pkl
[2024-08-17T12:36:51.573+0000] {processor.py:183} INFO - Processing /opt/airflow/dags/data/models/New Zealand/deaths_TS_model.pkl took 0.024 seconds
[2024-08-17T12:37:23.466+0000] {processor.py:161} INFO - Started process (PID=48171) to work on /opt/airflow/dags/data/models/New Zealand/deaths_TS_model.pkl
[2024-08-17T12:37:23.467+0000] {processor.py:830} INFO - Processing file /opt/airflow/dags/data/models/New Zealand/deaths_TS_model.pkl for tasks to queue
[2024-08-17T12:37:23.468+0000] {logging_mixin.py:188} INFO - [2024-08-17T12:37:23.468+0000] {dagbag.py:545} INFO - Filling up the DagBag from /opt/airflow/dags/data/models/New Zealand/deaths_TS_model.pkl
[2024-08-17T12:37:23.476+0000] {processor.py:842} WARNING - No viable dags retrieved from /opt/airflow/dags/data/models/New Zealand/deaths_TS_model.pkl
[2024-08-17T12:37:23.485+0000] {processor.py:183} INFO - Processing /opt/airflow/dags/data/models/New Zealand/deaths_TS_model.pkl took 0.023 seconds
[2024-08-17T12:38:03.973+0000] {processor.py:161} INFO - Started process (PID=48886) to work on /opt/airflow/dags/data/models/New Zealand/deaths_TS_model.pkl
[2024-08-17T12:38:03.974+0000] {processor.py:830} INFO - Processing file /opt/airflow/dags/data/models/New Zealand/deaths_TS_model.pkl for tasks to queue
[2024-08-17T12:38:03.974+0000] {logging_mixin.py:188} INFO - [2024-08-17T12:38:03.974+0000] {dagbag.py:545} INFO - Filling up the DagBag from /opt/airflow/dags/data/models/New Zealand/deaths_TS_model.pkl
[2024-08-17T12:38:03.982+0000] {processor.py:842} WARNING - No viable dags retrieved from /opt/airflow/dags/data/models/New Zealand/deaths_TS_model.pkl
[2024-08-17T12:38:03.992+0000] {processor.py:183} INFO - Processing /opt/airflow/dags/data/models/New Zealand/deaths_TS_model.pkl took 0.023 seconds
[2024-08-17T12:38:37.667+0000] {processor.py:161} INFO - Started process (PID=49629) to work on /opt/airflow/dags/data/models/New Zealand/deaths_TS_model.pkl
[2024-08-17T12:38:37.667+0000] {processor.py:830} INFO - Processing file /opt/airflow/dags/data/models/New Zealand/deaths_TS_model.pkl for tasks to queue
[2024-08-17T12:38:37.668+0000] {logging_mixin.py:188} INFO - [2024-08-17T12:38:37.668+0000] {dagbag.py:545} INFO - Filling up the DagBag from /opt/airflow/dags/data/models/New Zealand/deaths_TS_model.pkl
[2024-08-17T12:38:37.677+0000] {processor.py:842} WARNING - No viable dags retrieved from /opt/airflow/dags/data/models/New Zealand/deaths_TS_model.pkl
[2024-08-17T12:38:37.685+0000] {processor.py:183} INFO - Processing /opt/airflow/dags/data/models/New Zealand/deaths_TS_model.pkl took 0.022 seconds
[2024-08-17T12:39:10.210+0000] {processor.py:161} INFO - Started process (PID=50372) to work on /opt/airflow/dags/data/models/New Zealand/deaths_TS_model.pkl
[2024-08-17T12:39:10.211+0000] {processor.py:830} INFO - Processing file /opt/airflow/dags/data/models/New Zealand/deaths_TS_model.pkl for tasks to queue
[2024-08-17T12:39:10.211+0000] {logging_mixin.py:188} INFO - [2024-08-17T12:39:10.211+0000] {dagbag.py:545} INFO - Filling up the DagBag from /opt/airflow/dags/data/models/New Zealand/deaths_TS_model.pkl
[2024-08-17T12:39:10.219+0000] {processor.py:842} WARNING - No viable dags retrieved from /opt/airflow/dags/data/models/New Zealand/deaths_TS_model.pkl
[2024-08-17T12:39:10.227+0000] {processor.py:183} INFO - Processing /opt/airflow/dags/data/models/New Zealand/deaths_TS_model.pkl took 0.021 seconds
[2024-08-17T12:39:41.829+0000] {processor.py:161} INFO - Started process (PID=51115) to work on /opt/airflow/dags/data/models/New Zealand/deaths_TS_model.pkl
[2024-08-17T12:39:41.830+0000] {processor.py:830} INFO - Processing file /opt/airflow/dags/data/models/New Zealand/deaths_TS_model.pkl for tasks to queue
[2024-08-17T12:39:41.830+0000] {logging_mixin.py:188} INFO - [2024-08-17T12:39:41.830+0000] {dagbag.py:545} INFO - Filling up the DagBag from /opt/airflow/dags/data/models/New Zealand/deaths_TS_model.pkl
[2024-08-17T12:39:41.838+0000] {processor.py:842} WARNING - No viable dags retrieved from /opt/airflow/dags/data/models/New Zealand/deaths_TS_model.pkl
[2024-08-17T12:39:41.846+0000] {processor.py:183} INFO - Processing /opt/airflow/dags/data/models/New Zealand/deaths_TS_model.pkl took 0.020 seconds
[2024-08-17T12:40:13.807+0000] {processor.py:161} INFO - Started process (PID=51833) to work on /opt/airflow/dags/data/models/New Zealand/deaths_TS_model.pkl
[2024-08-17T12:40:13.808+0000] {processor.py:830} INFO - Processing file /opt/airflow/dags/data/models/New Zealand/deaths_TS_model.pkl for tasks to queue
[2024-08-17T12:40:13.808+0000] {logging_mixin.py:188} INFO - [2024-08-17T12:40:13.808+0000] {dagbag.py:545} INFO - Filling up the DagBag from /opt/airflow/dags/data/models/New Zealand/deaths_TS_model.pkl
[2024-08-17T12:40:13.817+0000] {processor.py:842} WARNING - No viable dags retrieved from /opt/airflow/dags/data/models/New Zealand/deaths_TS_model.pkl
[2024-08-17T12:40:13.826+0000] {processor.py:183} INFO - Processing /opt/airflow/dags/data/models/New Zealand/deaths_TS_model.pkl took 0.023 seconds
[2024-08-17T12:40:47.251+0000] {processor.py:161} INFO - Started process (PID=52576) to work on /opt/airflow/dags/data/models/New Zealand/deaths_TS_model.pkl
[2024-08-17T12:40:47.251+0000] {processor.py:830} INFO - Processing file /opt/airflow/dags/data/models/New Zealand/deaths_TS_model.pkl for tasks to queue
[2024-08-17T12:40:47.252+0000] {logging_mixin.py:188} INFO - [2024-08-17T12:40:47.252+0000] {dagbag.py:545} INFO - Filling up the DagBag from /opt/airflow/dags/data/models/New Zealand/deaths_TS_model.pkl
[2024-08-17T12:40:47.269+0000] {processor.py:842} WARNING - No viable dags retrieved from /opt/airflow/dags/data/models/New Zealand/deaths_TS_model.pkl
[2024-08-17T12:40:47.279+0000] {processor.py:183} INFO - Processing /opt/airflow/dags/data/models/New Zealand/deaths_TS_model.pkl took 0.032 seconds
[2024-08-17T12:41:19.151+0000] {processor.py:161} INFO - Started process (PID=53280) to work on /opt/airflow/dags/data/models/New Zealand/deaths_TS_model.pkl
[2024-08-17T12:41:19.151+0000] {processor.py:830} INFO - Processing file /opt/airflow/dags/data/models/New Zealand/deaths_TS_model.pkl for tasks to queue
[2024-08-17T12:41:19.152+0000] {logging_mixin.py:188} INFO - [2024-08-17T12:41:19.152+0000] {dagbag.py:545} INFO - Filling up the DagBag from /opt/airflow/dags/data/models/New Zealand/deaths_TS_model.pkl
[2024-08-17T12:41:19.160+0000] {processor.py:842} WARNING - No viable dags retrieved from /opt/airflow/dags/data/models/New Zealand/deaths_TS_model.pkl
[2024-08-17T12:41:19.170+0000] {processor.py:183} INFO - Processing /opt/airflow/dags/data/models/New Zealand/deaths_TS_model.pkl took 0.023 seconds
