[2024-08-17T02:58:57.034+0000] {processor.py:161} INFO - Started process (PID=88650) to work on /opt/airflow/dags/data/models/New Zealand/TS_model.pkl
[2024-08-17T02:58:57.035+0000] {processor.py:830} INFO - Processing file /opt/airflow/dags/data/models/New Zealand/TS_model.pkl for tasks to queue
[2024-08-17T02:58:57.036+0000] {logging_mixin.py:188} INFO - [2024-08-17T02:58:57.035+0000] {dagbag.py:545} INFO - Filling up the DagBag from /opt/airflow/dags/data/models/New Zealand/TS_model.pkl
[2024-08-17T02:58:57.045+0000] {processor.py:842} WARNING - No viable dags retrieved from /opt/airflow/dags/data/models/New Zealand/TS_model.pkl
[2024-08-17T02:58:57.055+0000] {processor.py:183} INFO - Processing /opt/airflow/dags/data/models/New Zealand/TS_model.pkl took 0.025 seconds
[2024-08-17T02:59:28.071+0000] {processor.py:161} INFO - Started process (PID=89038) to work on /opt/airflow/dags/data/models/New Zealand/TS_model.pkl
[2024-08-17T02:59:28.072+0000] {processor.py:830} INFO - Processing file /opt/airflow/dags/data/models/New Zealand/TS_model.pkl for tasks to queue
[2024-08-17T02:59:28.072+0000] {logging_mixin.py:188} INFO - [2024-08-17T02:59:28.072+0000] {dagbag.py:545} INFO - Filling up the DagBag from /opt/airflow/dags/data/models/New Zealand/TS_model.pkl
[2024-08-17T02:59:28.085+0000] {processor.py:842} WARNING - No viable dags retrieved from /opt/airflow/dags/data/models/New Zealand/TS_model.pkl
[2024-08-17T02:59:28.096+0000] {processor.py:183} INFO - Processing /opt/airflow/dags/data/models/New Zealand/TS_model.pkl took 0.028 seconds
[2024-08-17T02:59:59.223+0000] {processor.py:161} INFO - Started process (PID=89399) to work on /opt/airflow/dags/data/models/New Zealand/TS_model.pkl
[2024-08-17T02:59:59.223+0000] {processor.py:830} INFO - Processing file /opt/airflow/dags/data/models/New Zealand/TS_model.pkl for tasks to queue
[2024-08-17T02:59:59.224+0000] {logging_mixin.py:188} INFO - [2024-08-17T02:59:59.224+0000] {dagbag.py:545} INFO - Filling up the DagBag from /opt/airflow/dags/data/models/New Zealand/TS_model.pkl
[2024-08-17T02:59:59.239+0000] {processor.py:842} WARNING - No viable dags retrieved from /opt/airflow/dags/data/models/New Zealand/TS_model.pkl
[2024-08-17T02:59:59.249+0000] {processor.py:183} INFO - Processing /opt/airflow/dags/data/models/New Zealand/TS_model.pkl took 0.031 seconds
[2024-08-17T03:00:29.845+0000] {processor.py:161} INFO - Started process (PID=89785) to work on /opt/airflow/dags/data/models/New Zealand/TS_model.pkl
[2024-08-17T03:00:29.846+0000] {processor.py:830} INFO - Processing file /opt/airflow/dags/data/models/New Zealand/TS_model.pkl for tasks to queue
[2024-08-17T03:00:29.847+0000] {logging_mixin.py:188} INFO - [2024-08-17T03:00:29.846+0000] {dagbag.py:545} INFO - Filling up the DagBag from /opt/airflow/dags/data/models/New Zealand/TS_model.pkl
[2024-08-17T03:00:29.861+0000] {processor.py:842} WARNING - No viable dags retrieved from /opt/airflow/dags/data/models/New Zealand/TS_model.pkl
[2024-08-17T03:00:29.872+0000] {processor.py:183} INFO - Processing /opt/airflow/dags/data/models/New Zealand/TS_model.pkl took 0.032 seconds
[2024-08-17T03:01:00.374+0000] {processor.py:161} INFO - Started process (PID=90145) to work on /opt/airflow/dags/data/models/New Zealand/TS_model.pkl
[2024-08-17T03:01:00.375+0000] {processor.py:830} INFO - Processing file /opt/airflow/dags/data/models/New Zealand/TS_model.pkl for tasks to queue
[2024-08-17T03:01:00.376+0000] {logging_mixin.py:188} INFO - [2024-08-17T03:01:00.376+0000] {dagbag.py:545} INFO - Filling up the DagBag from /opt/airflow/dags/data/models/New Zealand/TS_model.pkl
[2024-08-17T03:01:00.383+0000] {processor.py:842} WARNING - No viable dags retrieved from /opt/airflow/dags/data/models/New Zealand/TS_model.pkl
[2024-08-17T03:01:00.394+0000] {processor.py:183} INFO - Processing /opt/airflow/dags/data/models/New Zealand/TS_model.pkl took 0.024 seconds
[2024-08-17T03:01:31.267+0000] {processor.py:161} INFO - Started process (PID=90531) to work on /opt/airflow/dags/data/models/New Zealand/TS_model.pkl
[2024-08-17T03:01:31.268+0000] {processor.py:830} INFO - Processing file /opt/airflow/dags/data/models/New Zealand/TS_model.pkl for tasks to queue
[2024-08-17T03:01:31.269+0000] {logging_mixin.py:188} INFO - [2024-08-17T03:01:31.268+0000] {dagbag.py:545} INFO - Filling up the DagBag from /opt/airflow/dags/data/models/New Zealand/TS_model.pkl
[2024-08-17T03:01:31.280+0000] {processor.py:842} WARNING - No viable dags retrieved from /opt/airflow/dags/data/models/New Zealand/TS_model.pkl
[2024-08-17T03:01:31.291+0000] {processor.py:183} INFO - Processing /opt/airflow/dags/data/models/New Zealand/TS_model.pkl took 0.028 seconds
[2024-08-17T03:02:02.055+0000] {processor.py:161} INFO - Started process (PID=90898) to work on /opt/airflow/dags/data/models/New Zealand/TS_model.pkl
[2024-08-17T03:02:02.055+0000] {processor.py:830} INFO - Processing file /opt/airflow/dags/data/models/New Zealand/TS_model.pkl for tasks to queue
[2024-08-17T03:02:02.056+0000] {logging_mixin.py:188} INFO - [2024-08-17T03:02:02.056+0000] {dagbag.py:545} INFO - Filling up the DagBag from /opt/airflow/dags/data/models/New Zealand/TS_model.pkl
[2024-08-17T03:02:02.068+0000] {processor.py:842} WARNING - No viable dags retrieved from /opt/airflow/dags/data/models/New Zealand/TS_model.pkl
[2024-08-17T03:02:02.079+0000] {processor.py:183} INFO - Processing /opt/airflow/dags/data/models/New Zealand/TS_model.pkl took 0.028 seconds
[2024-08-17T03:02:32.655+0000] {processor.py:161} INFO - Started process (PID=91256) to work on /opt/airflow/dags/data/models/New Zealand/TS_model.pkl
[2024-08-17T03:02:32.656+0000] {processor.py:830} INFO - Processing file /opt/airflow/dags/data/models/New Zealand/TS_model.pkl for tasks to queue
[2024-08-17T03:02:32.656+0000] {logging_mixin.py:188} INFO - [2024-08-17T03:02:32.656+0000] {dagbag.py:545} INFO - Filling up the DagBag from /opt/airflow/dags/data/models/New Zealand/TS_model.pkl
[2024-08-17T03:02:32.667+0000] {processor.py:842} WARNING - No viable dags retrieved from /opt/airflow/dags/data/models/New Zealand/TS_model.pkl
[2024-08-17T03:02:32.677+0000] {processor.py:183} INFO - Processing /opt/airflow/dags/data/models/New Zealand/TS_model.pkl took 0.027 seconds
[2024-08-17T03:03:03.803+0000] {processor.py:161} INFO - Started process (PID=91643) to work on /opt/airflow/dags/data/models/New Zealand/TS_model.pkl
[2024-08-17T03:03:03.803+0000] {processor.py:830} INFO - Processing file /opt/airflow/dags/data/models/New Zealand/TS_model.pkl for tasks to queue
[2024-08-17T03:03:03.804+0000] {logging_mixin.py:188} INFO - [2024-08-17T03:03:03.804+0000] {dagbag.py:545} INFO - Filling up the DagBag from /opt/airflow/dags/data/models/New Zealand/TS_model.pkl
[2024-08-17T03:03:03.816+0000] {processor.py:842} WARNING - No viable dags retrieved from /opt/airflow/dags/data/models/New Zealand/TS_model.pkl
[2024-08-17T03:03:03.827+0000] {processor.py:183} INFO - Processing /opt/airflow/dags/data/models/New Zealand/TS_model.pkl took 0.030 seconds
[2024-08-17T03:03:34.697+0000] {processor.py:161} INFO - Started process (PID=92003) to work on /opt/airflow/dags/data/models/New Zealand/TS_model.pkl
[2024-08-17T03:03:34.698+0000] {processor.py:830} INFO - Processing file /opt/airflow/dags/data/models/New Zealand/TS_model.pkl for tasks to queue
[2024-08-17T03:03:34.699+0000] {logging_mixin.py:188} INFO - [2024-08-17T03:03:34.699+0000] {dagbag.py:545} INFO - Filling up the DagBag from /opt/airflow/dags/data/models/New Zealand/TS_model.pkl
[2024-08-17T03:03:34.715+0000] {processor.py:842} WARNING - No viable dags retrieved from /opt/airflow/dags/data/models/New Zealand/TS_model.pkl
[2024-08-17T03:03:34.727+0000] {processor.py:183} INFO - Processing /opt/airflow/dags/data/models/New Zealand/TS_model.pkl took 0.035 seconds
[2024-08-17T03:04:05.238+0000] {processor.py:161} INFO - Started process (PID=92418) to work on /opt/airflow/dags/data/models/New Zealand/TS_model.pkl
[2024-08-17T03:04:05.239+0000] {processor.py:830} INFO - Processing file /opt/airflow/dags/data/models/New Zealand/TS_model.pkl for tasks to queue
[2024-08-17T03:04:05.239+0000] {logging_mixin.py:188} INFO - [2024-08-17T03:04:05.239+0000] {dagbag.py:545} INFO - Filling up the DagBag from /opt/airflow/dags/data/models/New Zealand/TS_model.pkl
[2024-08-17T03:04:05.247+0000] {processor.py:842} WARNING - No viable dags retrieved from /opt/airflow/dags/data/models/New Zealand/TS_model.pkl
[2024-08-17T03:04:05.257+0000] {processor.py:183} INFO - Processing /opt/airflow/dags/data/models/New Zealand/TS_model.pkl took 0.023 seconds
[2024-08-17T03:04:37.434+0000] {processor.py:161} INFO - Started process (PID=92795) to work on /opt/airflow/dags/data/models/New Zealand/TS_model.pkl
[2024-08-17T03:04:37.435+0000] {processor.py:830} INFO - Processing file /opt/airflow/dags/data/models/New Zealand/TS_model.pkl for tasks to queue
[2024-08-17T03:04:37.436+0000] {logging_mixin.py:188} INFO - [2024-08-17T03:04:37.436+0000] {dagbag.py:545} INFO - Filling up the DagBag from /opt/airflow/dags/data/models/New Zealand/TS_model.pkl
[2024-08-17T03:04:37.451+0000] {processor.py:842} WARNING - No viable dags retrieved from /opt/airflow/dags/data/models/New Zealand/TS_model.pkl
[2024-08-17T03:04:37.463+0000] {processor.py:183} INFO - Processing /opt/airflow/dags/data/models/New Zealand/TS_model.pkl took 0.034 seconds
[2024-08-17T03:05:08.227+0000] {processor.py:161} INFO - Started process (PID=93200) to work on /opt/airflow/dags/data/models/New Zealand/TS_model.pkl
[2024-08-17T03:05:08.228+0000] {processor.py:830} INFO - Processing file /opt/airflow/dags/data/models/New Zealand/TS_model.pkl for tasks to queue
[2024-08-17T03:05:08.229+0000] {logging_mixin.py:188} INFO - [2024-08-17T03:05:08.228+0000] {dagbag.py:545} INFO - Filling up the DagBag from /opt/airflow/dags/data/models/New Zealand/TS_model.pkl
[2024-08-17T03:05:08.239+0000] {processor.py:842} WARNING - No viable dags retrieved from /opt/airflow/dags/data/models/New Zealand/TS_model.pkl
[2024-08-17T03:05:08.250+0000] {processor.py:183} INFO - Processing /opt/airflow/dags/data/models/New Zealand/TS_model.pkl took 0.027 seconds
[2024-08-17T03:05:38.963+0000] {processor.py:161} INFO - Started process (PID=93615) to work on /opt/airflow/dags/data/models/New Zealand/TS_model.pkl
[2024-08-17T03:05:38.964+0000] {processor.py:830} INFO - Processing file /opt/airflow/dags/data/models/New Zealand/TS_model.pkl for tasks to queue
[2024-08-17T03:05:38.965+0000] {logging_mixin.py:188} INFO - [2024-08-17T03:05:38.965+0000] {dagbag.py:545} INFO - Filling up the DagBag from /opt/airflow/dags/data/models/New Zealand/TS_model.pkl
[2024-08-17T03:05:38.977+0000] {processor.py:842} WARNING - No viable dags retrieved from /opt/airflow/dags/data/models/New Zealand/TS_model.pkl
[2024-08-17T03:05:38.986+0000] {processor.py:183} INFO - Processing /opt/airflow/dags/data/models/New Zealand/TS_model.pkl took 0.027 seconds
[2024-08-17T03:06:09.876+0000] {processor.py:161} INFO - Started process (PID=94004) to work on /opt/airflow/dags/data/models/New Zealand/TS_model.pkl
[2024-08-17T03:06:09.877+0000] {processor.py:830} INFO - Processing file /opt/airflow/dags/data/models/New Zealand/TS_model.pkl for tasks to queue
[2024-08-17T03:06:09.878+0000] {logging_mixin.py:188} INFO - [2024-08-17T03:06:09.877+0000] {dagbag.py:545} INFO - Filling up the DagBag from /opt/airflow/dags/data/models/New Zealand/TS_model.pkl
[2024-08-17T03:06:09.894+0000] {processor.py:842} WARNING - No viable dags retrieved from /opt/airflow/dags/data/models/New Zealand/TS_model.pkl
[2024-08-17T03:06:09.906+0000] {processor.py:183} INFO - Processing /opt/airflow/dags/data/models/New Zealand/TS_model.pkl took 0.036 seconds
[2024-08-17T03:06:40.828+0000] {processor.py:161} INFO - Started process (PID=94419) to work on /opt/airflow/dags/data/models/New Zealand/TS_model.pkl
[2024-08-17T03:06:40.828+0000] {processor.py:830} INFO - Processing file /opt/airflow/dags/data/models/New Zealand/TS_model.pkl for tasks to queue
[2024-08-17T03:06:40.829+0000] {logging_mixin.py:188} INFO - [2024-08-17T03:06:40.829+0000] {dagbag.py:545} INFO - Filling up the DagBag from /opt/airflow/dags/data/models/New Zealand/TS_model.pkl
[2024-08-17T03:06:40.839+0000] {processor.py:842} WARNING - No viable dags retrieved from /opt/airflow/dags/data/models/New Zealand/TS_model.pkl
[2024-08-17T03:06:40.849+0000] {processor.py:183} INFO - Processing /opt/airflow/dags/data/models/New Zealand/TS_model.pkl took 0.025 seconds
[2024-08-17T03:07:11.994+0000] {processor.py:161} INFO - Started process (PID=94808) to work on /opt/airflow/dags/data/models/New Zealand/TS_model.pkl
[2024-08-17T03:07:11.995+0000] {processor.py:830} INFO - Processing file /opt/airflow/dags/data/models/New Zealand/TS_model.pkl for tasks to queue
[2024-08-17T03:07:11.995+0000] {logging_mixin.py:188} INFO - [2024-08-17T03:07:11.995+0000] {dagbag.py:545} INFO - Filling up the DagBag from /opt/airflow/dags/data/models/New Zealand/TS_model.pkl
[2024-08-17T03:07:12.006+0000] {processor.py:842} WARNING - No viable dags retrieved from /opt/airflow/dags/data/models/New Zealand/TS_model.pkl
[2024-08-17T03:07:12.017+0000] {processor.py:183} INFO - Processing /opt/airflow/dags/data/models/New Zealand/TS_model.pkl took 0.027 seconds
[2024-08-17T03:07:42.532+0000] {processor.py:161} INFO - Started process (PID=95210) to work on /opt/airflow/dags/data/models/New Zealand/TS_model.pkl
[2024-08-17T03:07:42.532+0000] {processor.py:830} INFO - Processing file /opt/airflow/dags/data/models/New Zealand/TS_model.pkl for tasks to queue
[2024-08-17T03:07:42.533+0000] {logging_mixin.py:188} INFO - [2024-08-17T03:07:42.533+0000] {dagbag.py:545} INFO - Filling up the DagBag from /opt/airflow/dags/data/models/New Zealand/TS_model.pkl
[2024-08-17T03:07:42.543+0000] {processor.py:842} WARNING - No viable dags retrieved from /opt/airflow/dags/data/models/New Zealand/TS_model.pkl
[2024-08-17T03:07:42.553+0000] {processor.py:183} INFO - Processing /opt/airflow/dags/data/models/New Zealand/TS_model.pkl took 0.025 seconds
[2024-08-17T03:08:14.367+0000] {processor.py:161} INFO - Started process (PID=95612) to work on /opt/airflow/dags/data/models/New Zealand/TS_model.pkl
[2024-08-17T03:08:14.368+0000] {processor.py:830} INFO - Processing file /opt/airflow/dags/data/models/New Zealand/TS_model.pkl for tasks to queue
[2024-08-17T03:08:14.368+0000] {logging_mixin.py:188} INFO - [2024-08-17T03:08:14.368+0000] {dagbag.py:545} INFO - Filling up the DagBag from /opt/airflow/dags/data/models/New Zealand/TS_model.pkl
[2024-08-17T03:08:14.379+0000] {processor.py:842} WARNING - No viable dags retrieved from /opt/airflow/dags/data/models/New Zealand/TS_model.pkl
[2024-08-17T03:08:14.390+0000] {processor.py:183} INFO - Processing /opt/airflow/dags/data/models/New Zealand/TS_model.pkl took 0.028 seconds
[2024-08-17T03:08:46.810+0000] {processor.py:161} INFO - Started process (PID=96000) to work on /opt/airflow/dags/data/models/New Zealand/TS_model.pkl
[2024-08-17T03:08:46.811+0000] {processor.py:830} INFO - Processing file /opt/airflow/dags/data/models/New Zealand/TS_model.pkl for tasks to queue
[2024-08-17T03:08:46.811+0000] {logging_mixin.py:188} INFO - [2024-08-17T03:08:46.811+0000] {dagbag.py:545} INFO - Filling up the DagBag from /opt/airflow/dags/data/models/New Zealand/TS_model.pkl
[2024-08-17T03:08:46.827+0000] {processor.py:842} WARNING - No viable dags retrieved from /opt/airflow/dags/data/models/New Zealand/TS_model.pkl
[2024-08-17T03:08:46.839+0000] {processor.py:183} INFO - Processing /opt/airflow/dags/data/models/New Zealand/TS_model.pkl took 0.033 seconds
[2024-08-17T03:09:17.830+0000] {processor.py:161} INFO - Started process (PID=96424) to work on /opt/airflow/dags/data/models/New Zealand/TS_model.pkl
[2024-08-17T03:09:17.830+0000] {processor.py:830} INFO - Processing file /opt/airflow/dags/data/models/New Zealand/TS_model.pkl for tasks to queue
[2024-08-17T03:09:17.831+0000] {logging_mixin.py:188} INFO - [2024-08-17T03:09:17.831+0000] {dagbag.py:545} INFO - Filling up the DagBag from /opt/airflow/dags/data/models/New Zealand/TS_model.pkl
[2024-08-17T03:09:17.842+0000] {processor.py:842} WARNING - No viable dags retrieved from /opt/airflow/dags/data/models/New Zealand/TS_model.pkl
[2024-08-17T03:09:17.853+0000] {processor.py:183} INFO - Processing /opt/airflow/dags/data/models/New Zealand/TS_model.pkl took 0.027 seconds
[2024-08-17T03:09:48.878+0000] {processor.py:161} INFO - Started process (PID=96849) to work on /opt/airflow/dags/data/models/New Zealand/TS_model.pkl
[2024-08-17T03:09:48.878+0000] {processor.py:830} INFO - Processing file /opt/airflow/dags/data/models/New Zealand/TS_model.pkl for tasks to queue
[2024-08-17T03:09:48.879+0000] {logging_mixin.py:188} INFO - [2024-08-17T03:09:48.879+0000] {dagbag.py:545} INFO - Filling up the DagBag from /opt/airflow/dags/data/models/New Zealand/TS_model.pkl
[2024-08-17T03:09:48.888+0000] {processor.py:842} WARNING - No viable dags retrieved from /opt/airflow/dags/data/models/New Zealand/TS_model.pkl
[2024-08-17T03:09:48.898+0000] {processor.py:183} INFO - Processing /opt/airflow/dags/data/models/New Zealand/TS_model.pkl took 0.026 seconds
[2024-08-17T03:10:20.094+0000] {processor.py:161} INFO - Started process (PID=97286) to work on /opt/airflow/dags/data/models/New Zealand/TS_model.pkl
[2024-08-17T03:10:20.094+0000] {processor.py:830} INFO - Processing file /opt/airflow/dags/data/models/New Zealand/TS_model.pkl for tasks to queue
[2024-08-17T03:10:20.095+0000] {logging_mixin.py:188} INFO - [2024-08-17T03:10:20.095+0000] {dagbag.py:545} INFO - Filling up the DagBag from /opt/airflow/dags/data/models/New Zealand/TS_model.pkl
[2024-08-17T03:10:20.103+0000] {processor.py:842} WARNING - No viable dags retrieved from /opt/airflow/dags/data/models/New Zealand/TS_model.pkl
[2024-08-17T03:10:20.115+0000] {processor.py:183} INFO - Processing /opt/airflow/dags/data/models/New Zealand/TS_model.pkl took 0.025 seconds
[2024-08-17T03:10:50.744+0000] {processor.py:161} INFO - Started process (PID=97731) to work on /opt/airflow/dags/data/models/New Zealand/TS_model.pkl
[2024-08-17T03:10:50.745+0000] {processor.py:830} INFO - Processing file /opt/airflow/dags/data/models/New Zealand/TS_model.pkl for tasks to queue
[2024-08-17T03:10:50.746+0000] {logging_mixin.py:188} INFO - [2024-08-17T03:10:50.746+0000] {dagbag.py:545} INFO - Filling up the DagBag from /opt/airflow/dags/data/models/New Zealand/TS_model.pkl
[2024-08-17T03:10:50.754+0000] {processor.py:842} WARNING - No viable dags retrieved from /opt/airflow/dags/data/models/New Zealand/TS_model.pkl
[2024-08-17T03:10:50.764+0000] {processor.py:183} INFO - Processing /opt/airflow/dags/data/models/New Zealand/TS_model.pkl took 0.023 seconds
[2024-08-17T03:11:22.726+0000] {processor.py:161} INFO - Started process (PID=98149) to work on /opt/airflow/dags/data/models/New Zealand/TS_model.pkl
[2024-08-17T03:11:22.727+0000] {processor.py:830} INFO - Processing file /opt/airflow/dags/data/models/New Zealand/TS_model.pkl for tasks to queue
[2024-08-17T03:11:22.727+0000] {logging_mixin.py:188} INFO - [2024-08-17T03:11:22.727+0000] {dagbag.py:545} INFO - Filling up the DagBag from /opt/airflow/dags/data/models/New Zealand/TS_model.pkl
[2024-08-17T03:11:22.740+0000] {processor.py:842} WARNING - No viable dags retrieved from /opt/airflow/dags/data/models/New Zealand/TS_model.pkl
[2024-08-17T03:11:22.750+0000] {processor.py:183} INFO - Processing /opt/airflow/dags/data/models/New Zealand/TS_model.pkl took 0.028 seconds
[2024-08-17T03:11:53.902+0000] {processor.py:161} INFO - Started process (PID=98574) to work on /opt/airflow/dags/data/models/New Zealand/TS_model.pkl
[2024-08-17T03:11:53.902+0000] {processor.py:830} INFO - Processing file /opt/airflow/dags/data/models/New Zealand/TS_model.pkl for tasks to queue
[2024-08-17T03:11:53.903+0000] {logging_mixin.py:188} INFO - [2024-08-17T03:11:53.903+0000] {dagbag.py:545} INFO - Filling up the DagBag from /opt/airflow/dags/data/models/New Zealand/TS_model.pkl
[2024-08-17T03:11:53.910+0000] {processor.py:842} WARNING - No viable dags retrieved from /opt/airflow/dags/data/models/New Zealand/TS_model.pkl
[2024-08-17T03:11:53.920+0000] {processor.py:183} INFO - Processing /opt/airflow/dags/data/models/New Zealand/TS_model.pkl took 0.023 seconds
[2024-08-17T03:12:24.878+0000] {processor.py:161} INFO - Started process (PID=98993) to work on /opt/airflow/dags/data/models/New Zealand/TS_model.pkl
[2024-08-17T03:12:24.879+0000] {processor.py:830} INFO - Processing file /opt/airflow/dags/data/models/New Zealand/TS_model.pkl for tasks to queue
[2024-08-17T03:12:24.880+0000] {logging_mixin.py:188} INFO - [2024-08-17T03:12:24.880+0000] {dagbag.py:545} INFO - Filling up the DagBag from /opt/airflow/dags/data/models/New Zealand/TS_model.pkl
[2024-08-17T03:12:24.891+0000] {processor.py:842} WARNING - No viable dags retrieved from /opt/airflow/dags/data/models/New Zealand/TS_model.pkl
[2024-08-17T03:12:24.903+0000] {processor.py:183} INFO - Processing /opt/airflow/dags/data/models/New Zealand/TS_model.pkl took 0.028 seconds
[2024-08-17T03:12:55.670+0000] {processor.py:161} INFO - Started process (PID=99429) to work on /opt/airflow/dags/data/models/New Zealand/TS_model.pkl
[2024-08-17T03:12:55.671+0000] {processor.py:830} INFO - Processing file /opt/airflow/dags/data/models/New Zealand/TS_model.pkl for tasks to queue
[2024-08-17T03:12:55.671+0000] {logging_mixin.py:188} INFO - [2024-08-17T03:12:55.671+0000] {dagbag.py:545} INFO - Filling up the DagBag from /opt/airflow/dags/data/models/New Zealand/TS_model.pkl
[2024-08-17T03:12:55.682+0000] {processor.py:842} WARNING - No viable dags retrieved from /opt/airflow/dags/data/models/New Zealand/TS_model.pkl
[2024-08-17T03:12:55.692+0000] {processor.py:183} INFO - Processing /opt/airflow/dags/data/models/New Zealand/TS_model.pkl took 0.026 seconds
[2024-08-17T03:13:26.414+0000] {processor.py:161} INFO - Started process (PID=99868) to work on /opt/airflow/dags/data/models/New Zealand/TS_model.pkl
[2024-08-17T03:13:26.415+0000] {processor.py:830} INFO - Processing file /opt/airflow/dags/data/models/New Zealand/TS_model.pkl for tasks to queue
[2024-08-17T03:13:26.415+0000] {logging_mixin.py:188} INFO - [2024-08-17T03:13:26.415+0000] {dagbag.py:545} INFO - Filling up the DagBag from /opt/airflow/dags/data/models/New Zealand/TS_model.pkl
[2024-08-17T03:13:26.423+0000] {processor.py:842} WARNING - No viable dags retrieved from /opt/airflow/dags/data/models/New Zealand/TS_model.pkl
[2024-08-17T03:13:26.434+0000] {processor.py:183} INFO - Processing /opt/airflow/dags/data/models/New Zealand/TS_model.pkl took 0.024 seconds
[2024-08-17T03:13:59.010+0000] {processor.py:161} INFO - Started process (PID=482) to work on /opt/airflow/dags/data/models/New Zealand/TS_model.pkl
[2024-08-17T03:13:59.010+0000] {processor.py:830} INFO - Processing file /opt/airflow/dags/data/models/New Zealand/TS_model.pkl for tasks to queue
[2024-08-17T03:13:59.011+0000] {logging_mixin.py:188} INFO - [2024-08-17T03:13:59.011+0000] {dagbag.py:545} INFO - Filling up the DagBag from /opt/airflow/dags/data/models/New Zealand/TS_model.pkl
[2024-08-17T03:13:59.023+0000] {processor.py:842} WARNING - No viable dags retrieved from /opt/airflow/dags/data/models/New Zealand/TS_model.pkl
[2024-08-17T03:13:59.033+0000] {processor.py:183} INFO - Processing /opt/airflow/dags/data/models/New Zealand/TS_model.pkl took 0.028 seconds
[2024-08-17T03:14:30.100+0000] {processor.py:161} INFO - Started process (PID=934) to work on /opt/airflow/dags/data/models/New Zealand/TS_model.pkl
[2024-08-17T03:14:30.101+0000] {processor.py:830} INFO - Processing file /opt/airflow/dags/data/models/New Zealand/TS_model.pkl for tasks to queue
[2024-08-17T03:14:30.101+0000] {logging_mixin.py:188} INFO - [2024-08-17T03:14:30.101+0000] {dagbag.py:545} INFO - Filling up the DagBag from /opt/airflow/dags/data/models/New Zealand/TS_model.pkl
[2024-08-17T03:14:30.112+0000] {processor.py:842} WARNING - No viable dags retrieved from /opt/airflow/dags/data/models/New Zealand/TS_model.pkl
[2024-08-17T03:14:30.121+0000] {processor.py:183} INFO - Processing /opt/airflow/dags/data/models/New Zealand/TS_model.pkl took 0.025 seconds
[2024-08-17T03:15:01.004+0000] {processor.py:161} INFO - Started process (PID=1388) to work on /opt/airflow/dags/data/models/New Zealand/TS_model.pkl
[2024-08-17T03:15:01.004+0000] {processor.py:830} INFO - Processing file /opt/airflow/dags/data/models/New Zealand/TS_model.pkl for tasks to queue
[2024-08-17T03:15:01.005+0000] {logging_mixin.py:188} INFO - [2024-08-17T03:15:01.005+0000] {dagbag.py:545} INFO - Filling up the DagBag from /opt/airflow/dags/data/models/New Zealand/TS_model.pkl
[2024-08-17T03:15:01.017+0000] {processor.py:842} WARNING - No viable dags retrieved from /opt/airflow/dags/data/models/New Zealand/TS_model.pkl
[2024-08-17T03:15:01.026+0000] {processor.py:183} INFO - Processing /opt/airflow/dags/data/models/New Zealand/TS_model.pkl took 0.026 seconds
[2024-08-17T03:15:31.853+0000] {processor.py:161} INFO - Started process (PID=1816) to work on /opt/airflow/dags/data/models/New Zealand/TS_model.pkl
[2024-08-17T03:15:31.855+0000] {processor.py:830} INFO - Processing file /opt/airflow/dags/data/models/New Zealand/TS_model.pkl for tasks to queue
[2024-08-17T03:15:31.855+0000] {logging_mixin.py:188} INFO - [2024-08-17T03:15:31.855+0000] {dagbag.py:545} INFO - Filling up the DagBag from /opt/airflow/dags/data/models/New Zealand/TS_model.pkl
[2024-08-17T03:15:31.864+0000] {processor.py:842} WARNING - No viable dags retrieved from /opt/airflow/dags/data/models/New Zealand/TS_model.pkl
[2024-08-17T03:15:31.873+0000] {processor.py:183} INFO - Processing /opt/airflow/dags/data/models/New Zealand/TS_model.pkl took 0.023 seconds
[2024-08-17T03:16:02.513+0000] {processor.py:161} INFO - Started process (PID=2270) to work on /opt/airflow/dags/data/models/New Zealand/TS_model.pkl
[2024-08-17T03:16:02.514+0000] {processor.py:830} INFO - Processing file /opt/airflow/dags/data/models/New Zealand/TS_model.pkl for tasks to queue
[2024-08-17T03:16:02.515+0000] {logging_mixin.py:188} INFO - [2024-08-17T03:16:02.514+0000] {dagbag.py:545} INFO - Filling up the DagBag from /opt/airflow/dags/data/models/New Zealand/TS_model.pkl
[2024-08-17T03:16:02.525+0000] {processor.py:842} WARNING - No viable dags retrieved from /opt/airflow/dags/data/models/New Zealand/TS_model.pkl
[2024-08-17T03:16:02.534+0000] {processor.py:183} INFO - Processing /opt/airflow/dags/data/models/New Zealand/TS_model.pkl took 0.024 seconds
[2024-08-17T03:16:33.416+0000] {processor.py:161} INFO - Started process (PID=2698) to work on /opt/airflow/dags/data/models/New Zealand/TS_model.pkl
[2024-08-17T03:16:33.417+0000] {processor.py:830} INFO - Processing file /opt/airflow/dags/data/models/New Zealand/TS_model.pkl for tasks to queue
[2024-08-17T03:16:33.418+0000] {logging_mixin.py:188} INFO - [2024-08-17T03:16:33.418+0000] {dagbag.py:545} INFO - Filling up the DagBag from /opt/airflow/dags/data/models/New Zealand/TS_model.pkl
[2024-08-17T03:16:33.426+0000] {processor.py:842} WARNING - No viable dags retrieved from /opt/airflow/dags/data/models/New Zealand/TS_model.pkl
[2024-08-17T03:16:33.435+0000] {processor.py:183} INFO - Processing /opt/airflow/dags/data/models/New Zealand/TS_model.pkl took 0.023 seconds
[2024-08-17T03:17:04.412+0000] {processor.py:161} INFO - Started process (PID=3152) to work on /opt/airflow/dags/data/models/New Zealand/TS_model.pkl
[2024-08-17T03:17:04.413+0000] {processor.py:830} INFO - Processing file /opt/airflow/dags/data/models/New Zealand/TS_model.pkl for tasks to queue
[2024-08-17T03:17:04.413+0000] {logging_mixin.py:188} INFO - [2024-08-17T03:17:04.413+0000] {dagbag.py:545} INFO - Filling up the DagBag from /opt/airflow/dags/data/models/New Zealand/TS_model.pkl
[2024-08-17T03:17:04.440+0000] {processor.py:842} WARNING - No viable dags retrieved from /opt/airflow/dags/data/models/New Zealand/TS_model.pkl
[2024-08-17T03:17:04.450+0000] {processor.py:183} INFO - Processing /opt/airflow/dags/data/models/New Zealand/TS_model.pkl took 0.041 seconds
[2024-08-17T03:17:35.048+0000] {processor.py:161} INFO - Started process (PID=3606) to work on /opt/airflow/dags/data/models/New Zealand/TS_model.pkl
[2024-08-17T03:17:35.049+0000] {processor.py:830} INFO - Processing file /opt/airflow/dags/data/models/New Zealand/TS_model.pkl for tasks to queue
[2024-08-17T03:17:35.049+0000] {logging_mixin.py:188} INFO - [2024-08-17T03:17:35.049+0000] {dagbag.py:545} INFO - Filling up the DagBag from /opt/airflow/dags/data/models/New Zealand/TS_model.pkl
[2024-08-17T03:17:35.057+0000] {processor.py:842} WARNING - No viable dags retrieved from /opt/airflow/dags/data/models/New Zealand/TS_model.pkl
[2024-08-17T03:17:35.066+0000] {processor.py:183} INFO - Processing /opt/airflow/dags/data/models/New Zealand/TS_model.pkl took 0.021 seconds
[2024-08-17T03:18:05.805+0000] {processor.py:161} INFO - Started process (PID=4033) to work on /opt/airflow/dags/data/models/New Zealand/TS_model.pkl
[2024-08-17T03:18:05.806+0000] {processor.py:830} INFO - Processing file /opt/airflow/dags/data/models/New Zealand/TS_model.pkl for tasks to queue
[2024-08-17T03:18:05.807+0000] {logging_mixin.py:188} INFO - [2024-08-17T03:18:05.806+0000] {dagbag.py:545} INFO - Filling up the DagBag from /opt/airflow/dags/data/models/New Zealand/TS_model.pkl
[2024-08-17T03:18:05.819+0000] {processor.py:842} WARNING - No viable dags retrieved from /opt/airflow/dags/data/models/New Zealand/TS_model.pkl
[2024-08-17T03:18:05.829+0000] {processor.py:183} INFO - Processing /opt/airflow/dags/data/models/New Zealand/TS_model.pkl took 0.027 seconds
[2024-08-17T03:18:36.764+0000] {processor.py:161} INFO - Started process (PID=4487) to work on /opt/airflow/dags/data/models/New Zealand/TS_model.pkl
[2024-08-17T03:18:36.765+0000] {processor.py:830} INFO - Processing file /opt/airflow/dags/data/models/New Zealand/TS_model.pkl for tasks to queue
[2024-08-17T03:18:36.765+0000] {logging_mixin.py:188} INFO - [2024-08-17T03:18:36.765+0000] {dagbag.py:545} INFO - Filling up the DagBag from /opt/airflow/dags/data/models/New Zealand/TS_model.pkl
[2024-08-17T03:18:36.773+0000] {processor.py:842} WARNING - No viable dags retrieved from /opt/airflow/dags/data/models/New Zealand/TS_model.pkl
[2024-08-17T03:18:36.783+0000] {processor.py:183} INFO - Processing /opt/airflow/dags/data/models/New Zealand/TS_model.pkl took 0.023 seconds
[2024-08-17T03:19:07.370+0000] {processor.py:161} INFO - Started process (PID=4900) to work on /opt/airflow/dags/data/models/New Zealand/TS_model.pkl
[2024-08-17T03:19:07.371+0000] {processor.py:830} INFO - Processing file /opt/airflow/dags/data/models/New Zealand/TS_model.pkl for tasks to queue
[2024-08-17T03:19:07.371+0000] {logging_mixin.py:188} INFO - [2024-08-17T03:19:07.371+0000] {dagbag.py:545} INFO - Filling up the DagBag from /opt/airflow/dags/data/models/New Zealand/TS_model.pkl
[2024-08-17T03:19:07.380+0000] {processor.py:842} WARNING - No viable dags retrieved from /opt/airflow/dags/data/models/New Zealand/TS_model.pkl
[2024-08-17T03:19:07.390+0000] {processor.py:183} INFO - Processing /opt/airflow/dags/data/models/New Zealand/TS_model.pkl took 0.023 seconds
[2024-08-17T03:19:38.148+0000] {processor.py:161} INFO - Started process (PID=5347) to work on /opt/airflow/dags/data/models/New Zealand/TS_model.pkl
[2024-08-17T03:19:38.149+0000] {processor.py:830} INFO - Processing file /opt/airflow/dags/data/models/New Zealand/TS_model.pkl for tasks to queue
[2024-08-17T03:19:38.149+0000] {logging_mixin.py:188} INFO - [2024-08-17T03:19:38.149+0000] {dagbag.py:545} INFO - Filling up the DagBag from /opt/airflow/dags/data/models/New Zealand/TS_model.pkl
[2024-08-17T03:19:38.159+0000] {processor.py:842} WARNING - No viable dags retrieved from /opt/airflow/dags/data/models/New Zealand/TS_model.pkl
[2024-08-17T03:19:38.170+0000] {processor.py:183} INFO - Processing /opt/airflow/dags/data/models/New Zealand/TS_model.pkl took 0.028 seconds
[2024-08-17T03:20:09.270+0000] {processor.py:161} INFO - Started process (PID=5779) to work on /opt/airflow/dags/data/models/New Zealand/TS_model.pkl
[2024-08-17T03:20:09.271+0000] {processor.py:830} INFO - Processing file /opt/airflow/dags/data/models/New Zealand/TS_model.pkl for tasks to queue
[2024-08-17T03:20:09.272+0000] {logging_mixin.py:188} INFO - [2024-08-17T03:20:09.272+0000] {dagbag.py:545} INFO - Filling up the DagBag from /opt/airflow/dags/data/models/New Zealand/TS_model.pkl
[2024-08-17T03:20:09.279+0000] {processor.py:842} WARNING - No viable dags retrieved from /opt/airflow/dags/data/models/New Zealand/TS_model.pkl
[2024-08-17T03:20:09.288+0000] {processor.py:183} INFO - Processing /opt/airflow/dags/data/models/New Zealand/TS_model.pkl took 0.021 seconds
[2024-08-17T03:20:39.965+0000] {processor.py:161} INFO - Started process (PID=6205) to work on /opt/airflow/dags/data/models/New Zealand/TS_model.pkl
[2024-08-17T03:20:39.966+0000] {processor.py:830} INFO - Processing file /opt/airflow/dags/data/models/New Zealand/TS_model.pkl for tasks to queue
[2024-08-17T03:20:39.966+0000] {logging_mixin.py:188} INFO - [2024-08-17T03:20:39.966+0000] {dagbag.py:545} INFO - Filling up the DagBag from /opt/airflow/dags/data/models/New Zealand/TS_model.pkl
[2024-08-17T03:20:39.975+0000] {processor.py:842} WARNING - No viable dags retrieved from /opt/airflow/dags/data/models/New Zealand/TS_model.pkl
[2024-08-17T03:20:39.984+0000] {processor.py:183} INFO - Processing /opt/airflow/dags/data/models/New Zealand/TS_model.pkl took 0.023 seconds
[2024-08-17T03:21:10.675+0000] {processor.py:161} INFO - Started process (PID=6659) to work on /opt/airflow/dags/data/models/New Zealand/TS_model.pkl
[2024-08-17T03:21:10.676+0000] {processor.py:830} INFO - Processing file /opt/airflow/dags/data/models/New Zealand/TS_model.pkl for tasks to queue
[2024-08-17T03:21:10.676+0000] {logging_mixin.py:188} INFO - [2024-08-17T03:21:10.676+0000] {dagbag.py:545} INFO - Filling up the DagBag from /opt/airflow/dags/data/models/New Zealand/TS_model.pkl
[2024-08-17T03:21:10.686+0000] {processor.py:842} WARNING - No viable dags retrieved from /opt/airflow/dags/data/models/New Zealand/TS_model.pkl
[2024-08-17T03:21:10.695+0000] {processor.py:183} INFO - Processing /opt/airflow/dags/data/models/New Zealand/TS_model.pkl took 0.024 seconds
[2024-08-17T03:21:41.424+0000] {processor.py:161} INFO - Started process (PID=7087) to work on /opt/airflow/dags/data/models/New Zealand/TS_model.pkl
[2024-08-17T03:21:41.424+0000] {processor.py:830} INFO - Processing file /opt/airflow/dags/data/models/New Zealand/TS_model.pkl for tasks to queue
[2024-08-17T03:21:41.425+0000] {logging_mixin.py:188} INFO - [2024-08-17T03:21:41.425+0000] {dagbag.py:545} INFO - Filling up the DagBag from /opt/airflow/dags/data/models/New Zealand/TS_model.pkl
[2024-08-17T03:21:41.437+0000] {processor.py:842} WARNING - No viable dags retrieved from /opt/airflow/dags/data/models/New Zealand/TS_model.pkl
[2024-08-17T03:21:41.445+0000] {processor.py:183} INFO - Processing /opt/airflow/dags/data/models/New Zealand/TS_model.pkl took 0.025 seconds
[2024-08-17T03:22:12.353+0000] {processor.py:161} INFO - Started process (PID=7541) to work on /opt/airflow/dags/data/models/New Zealand/TS_model.pkl
[2024-08-17T03:22:12.354+0000] {processor.py:830} INFO - Processing file /opt/airflow/dags/data/models/New Zealand/TS_model.pkl for tasks to queue
[2024-08-17T03:22:12.355+0000] {logging_mixin.py:188} INFO - [2024-08-17T03:22:12.354+0000] {dagbag.py:545} INFO - Filling up the DagBag from /opt/airflow/dags/data/models/New Zealand/TS_model.pkl
[2024-08-17T03:22:12.361+0000] {processor.py:842} WARNING - No viable dags retrieved from /opt/airflow/dags/data/models/New Zealand/TS_model.pkl
[2024-08-17T03:22:12.371+0000] {processor.py:183} INFO - Processing /opt/airflow/dags/data/models/New Zealand/TS_model.pkl took 0.021 seconds
[2024-08-17T03:22:43.525+0000] {processor.py:161} INFO - Started process (PID=7996) to work on /opt/airflow/dags/data/models/New Zealand/TS_model.pkl
[2024-08-17T03:22:43.526+0000] {processor.py:830} INFO - Processing file /opt/airflow/dags/data/models/New Zealand/TS_model.pkl for tasks to queue
[2024-08-17T03:22:43.526+0000] {logging_mixin.py:188} INFO - [2024-08-17T03:22:43.526+0000] {dagbag.py:545} INFO - Filling up the DagBag from /opt/airflow/dags/data/models/New Zealand/TS_model.pkl
[2024-08-17T03:22:43.536+0000] {processor.py:842} WARNING - No viable dags retrieved from /opt/airflow/dags/data/models/New Zealand/TS_model.pkl
[2024-08-17T03:22:43.544+0000] {processor.py:183} INFO - Processing /opt/airflow/dags/data/models/New Zealand/TS_model.pkl took 0.023 seconds
[2024-08-17T03:23:14.504+0000] {processor.py:161} INFO - Started process (PID=8424) to work on /opt/airflow/dags/data/models/New Zealand/TS_model.pkl
[2024-08-17T03:23:14.505+0000] {processor.py:830} INFO - Processing file /opt/airflow/dags/data/models/New Zealand/TS_model.pkl for tasks to queue
[2024-08-17T03:23:14.505+0000] {logging_mixin.py:188} INFO - [2024-08-17T03:23:14.505+0000] {dagbag.py:545} INFO - Filling up the DagBag from /opt/airflow/dags/data/models/New Zealand/TS_model.pkl
[2024-08-17T03:23:14.514+0000] {processor.py:842} WARNING - No viable dags retrieved from /opt/airflow/dags/data/models/New Zealand/TS_model.pkl
[2024-08-17T03:23:14.523+0000] {processor.py:183} INFO - Processing /opt/airflow/dags/data/models/New Zealand/TS_model.pkl took 0.023 seconds
[2024-08-17T03:23:45.599+0000] {processor.py:161} INFO - Started process (PID=8878) to work on /opt/airflow/dags/data/models/New Zealand/TS_model.pkl
[2024-08-17T03:23:45.599+0000] {processor.py:830} INFO - Processing file /opt/airflow/dags/data/models/New Zealand/TS_model.pkl for tasks to queue
[2024-08-17T03:23:45.600+0000] {logging_mixin.py:188} INFO - [2024-08-17T03:23:45.600+0000] {dagbag.py:545} INFO - Filling up the DagBag from /opt/airflow/dags/data/models/New Zealand/TS_model.pkl
[2024-08-17T03:23:45.612+0000] {processor.py:842} WARNING - No viable dags retrieved from /opt/airflow/dags/data/models/New Zealand/TS_model.pkl
[2024-08-17T03:23:45.621+0000] {processor.py:183} INFO - Processing /opt/airflow/dags/data/models/New Zealand/TS_model.pkl took 0.026 seconds
[2024-08-17T03:24:16.808+0000] {processor.py:161} INFO - Started process (PID=9332) to work on /opt/airflow/dags/data/models/New Zealand/TS_model.pkl
[2024-08-17T03:24:16.809+0000] {processor.py:830} INFO - Processing file /opt/airflow/dags/data/models/New Zealand/TS_model.pkl for tasks to queue
[2024-08-17T03:24:16.810+0000] {logging_mixin.py:188} INFO - [2024-08-17T03:24:16.809+0000] {dagbag.py:545} INFO - Filling up the DagBag from /opt/airflow/dags/data/models/New Zealand/TS_model.pkl
[2024-08-17T03:24:16.818+0000] {processor.py:842} WARNING - No viable dags retrieved from /opt/airflow/dags/data/models/New Zealand/TS_model.pkl
[2024-08-17T03:24:16.828+0000] {processor.py:183} INFO - Processing /opt/airflow/dags/data/models/New Zealand/TS_model.pkl took 0.024 seconds
[2024-08-17T03:24:47.941+0000] {processor.py:161} INFO - Started process (PID=9760) to work on /opt/airflow/dags/data/models/New Zealand/TS_model.pkl
[2024-08-17T03:24:47.941+0000] {processor.py:830} INFO - Processing file /opt/airflow/dags/data/models/New Zealand/TS_model.pkl for tasks to queue
[2024-08-17T03:24:47.942+0000] {logging_mixin.py:188} INFO - [2024-08-17T03:24:47.942+0000] {dagbag.py:545} INFO - Filling up the DagBag from /opt/airflow/dags/data/models/New Zealand/TS_model.pkl
[2024-08-17T03:24:47.950+0000] {processor.py:842} WARNING - No viable dags retrieved from /opt/airflow/dags/data/models/New Zealand/TS_model.pkl
[2024-08-17T03:24:47.959+0000] {processor.py:183} INFO - Processing /opt/airflow/dags/data/models/New Zealand/TS_model.pkl took 0.022 seconds
[2024-08-17T03:25:18.846+0000] {processor.py:161} INFO - Started process (PID=10214) to work on /opt/airflow/dags/data/models/New Zealand/TS_model.pkl
[2024-08-17T03:25:18.846+0000] {processor.py:830} INFO - Processing file /opt/airflow/dags/data/models/New Zealand/TS_model.pkl for tasks to queue
[2024-08-17T03:25:18.847+0000] {logging_mixin.py:188} INFO - [2024-08-17T03:25:18.847+0000] {dagbag.py:545} INFO - Filling up the DagBag from /opt/airflow/dags/data/models/New Zealand/TS_model.pkl
[2024-08-17T03:25:18.855+0000] {processor.py:842} WARNING - No viable dags retrieved from /opt/airflow/dags/data/models/New Zealand/TS_model.pkl
[2024-08-17T03:25:18.864+0000] {processor.py:183} INFO - Processing /opt/airflow/dags/data/models/New Zealand/TS_model.pkl took 0.022 seconds
[2024-08-17T03:25:50.713+0000] {processor.py:161} INFO - Started process (PID=10668) to work on /opt/airflow/dags/data/models/New Zealand/TS_model.pkl
[2024-08-17T03:25:50.713+0000] {processor.py:830} INFO - Processing file /opt/airflow/dags/data/models/New Zealand/TS_model.pkl for tasks to queue
[2024-08-17T03:25:50.714+0000] {logging_mixin.py:188} INFO - [2024-08-17T03:25:50.713+0000] {dagbag.py:545} INFO - Filling up the DagBag from /opt/airflow/dags/data/models/New Zealand/TS_model.pkl
[2024-08-17T03:25:50.722+0000] {processor.py:842} WARNING - No viable dags retrieved from /opt/airflow/dags/data/models/New Zealand/TS_model.pkl
[2024-08-17T03:25:50.731+0000] {processor.py:183} INFO - Processing /opt/airflow/dags/data/models/New Zealand/TS_model.pkl took 0.022 seconds
[2024-08-17T03:26:21.229+0000] {processor.py:161} INFO - Started process (PID=11054) to work on /opt/airflow/dags/data/models/New Zealand/TS_model.pkl
[2024-08-17T03:26:21.230+0000] {processor.py:830} INFO - Processing file /opt/airflow/dags/data/models/New Zealand/TS_model.pkl for tasks to queue
[2024-08-17T03:26:21.231+0000] {logging_mixin.py:188} INFO - [2024-08-17T03:26:21.230+0000] {dagbag.py:545} INFO - Filling up the DagBag from /opt/airflow/dags/data/models/New Zealand/TS_model.pkl
[2024-08-17T03:26:21.240+0000] {processor.py:842} WARNING - No viable dags retrieved from /opt/airflow/dags/data/models/New Zealand/TS_model.pkl
[2024-08-17T03:26:21.250+0000] {processor.py:183} INFO - Processing /opt/airflow/dags/data/models/New Zealand/TS_model.pkl took 0.024 seconds
[2024-08-17T03:26:51.840+0000] {processor.py:161} INFO - Started process (PID=11508) to work on /opt/airflow/dags/data/models/New Zealand/TS_model.pkl
[2024-08-17T03:26:51.841+0000] {processor.py:830} INFO - Processing file /opt/airflow/dags/data/models/New Zealand/TS_model.pkl for tasks to queue
[2024-08-17T03:26:51.842+0000] {logging_mixin.py:188} INFO - [2024-08-17T03:26:51.841+0000] {dagbag.py:545} INFO - Filling up the DagBag from /opt/airflow/dags/data/models/New Zealand/TS_model.pkl
[2024-08-17T03:26:51.851+0000] {processor.py:842} WARNING - No viable dags retrieved from /opt/airflow/dags/data/models/New Zealand/TS_model.pkl
[2024-08-17T03:26:51.861+0000] {processor.py:183} INFO - Processing /opt/airflow/dags/data/models/New Zealand/TS_model.pkl took 0.024 seconds
[2024-08-17T03:27:23.234+0000] {processor.py:161} INFO - Started process (PID=11924) to work on /opt/airflow/dags/data/models/New Zealand/TS_model.pkl
[2024-08-17T03:27:23.234+0000] {processor.py:830} INFO - Processing file /opt/airflow/dags/data/models/New Zealand/TS_model.pkl for tasks to queue
[2024-08-17T03:27:23.235+0000] {logging_mixin.py:188} INFO - [2024-08-17T03:27:23.235+0000] {dagbag.py:545} INFO - Filling up the DagBag from /opt/airflow/dags/data/models/New Zealand/TS_model.pkl
[2024-08-17T03:27:23.243+0000] {processor.py:842} WARNING - No viable dags retrieved from /opt/airflow/dags/data/models/New Zealand/TS_model.pkl
[2024-08-17T03:27:23.253+0000] {processor.py:183} INFO - Processing /opt/airflow/dags/data/models/New Zealand/TS_model.pkl took 0.022 seconds
[2024-08-17T03:27:53.787+0000] {processor.py:161} INFO - Started process (PID=12369) to work on /opt/airflow/dags/data/models/New Zealand/TS_model.pkl
[2024-08-17T03:27:53.788+0000] {processor.py:830} INFO - Processing file /opt/airflow/dags/data/models/New Zealand/TS_model.pkl for tasks to queue
[2024-08-17T03:27:53.788+0000] {logging_mixin.py:188} INFO - [2024-08-17T03:27:53.788+0000] {dagbag.py:545} INFO - Filling up the DagBag from /opt/airflow/dags/data/models/New Zealand/TS_model.pkl
[2024-08-17T03:27:53.800+0000] {processor.py:842} WARNING - No viable dags retrieved from /opt/airflow/dags/data/models/New Zealand/TS_model.pkl
[2024-08-17T03:27:53.811+0000] {processor.py:183} INFO - Processing /opt/airflow/dags/data/models/New Zealand/TS_model.pkl took 0.028 seconds
[2024-08-17T03:28:24.465+0000] {processor.py:161} INFO - Started process (PID=12823) to work on /opt/airflow/dags/data/models/New Zealand/TS_model.pkl
[2024-08-17T03:28:24.466+0000] {processor.py:830} INFO - Processing file /opt/airflow/dags/data/models/New Zealand/TS_model.pkl for tasks to queue
[2024-08-17T03:28:24.466+0000] {logging_mixin.py:188} INFO - [2024-08-17T03:28:24.466+0000] {dagbag.py:545} INFO - Filling up the DagBag from /opt/airflow/dags/data/models/New Zealand/TS_model.pkl
[2024-08-17T03:28:24.475+0000] {processor.py:842} WARNING - No viable dags retrieved from /opt/airflow/dags/data/models/New Zealand/TS_model.pkl
[2024-08-17T03:28:24.484+0000] {processor.py:183} INFO - Processing /opt/airflow/dags/data/models/New Zealand/TS_model.pkl took 0.023 seconds
[2024-08-17T03:28:56.985+0000] {processor.py:161} INFO - Started process (PID=13212) to work on /opt/airflow/dags/data/models/New Zealand/TS_model.pkl
[2024-08-17T03:28:56.987+0000] {processor.py:830} INFO - Processing file /opt/airflow/dags/data/models/New Zealand/TS_model.pkl for tasks to queue
[2024-08-17T03:28:56.988+0000] {logging_mixin.py:188} INFO - [2024-08-17T03:28:56.988+0000] {dagbag.py:545} INFO - Filling up the DagBag from /opt/airflow/dags/data/models/New Zealand/TS_model.pkl
[2024-08-17T03:28:56.999+0000] {processor.py:842} WARNING - No viable dags retrieved from /opt/airflow/dags/data/models/New Zealand/TS_model.pkl
[2024-08-17T03:28:57.009+0000] {processor.py:183} INFO - Processing /opt/airflow/dags/data/models/New Zealand/TS_model.pkl took 0.029 seconds
[2024-08-17T03:29:28.020+0000] {processor.py:161} INFO - Started process (PID=13665) to work on /opt/airflow/dags/data/models/New Zealand/TS_model.pkl
[2024-08-17T03:29:28.021+0000] {processor.py:830} INFO - Processing file /opt/airflow/dags/data/models/New Zealand/TS_model.pkl for tasks to queue
[2024-08-17T03:29:28.022+0000] {logging_mixin.py:188} INFO - [2024-08-17T03:29:28.021+0000] {dagbag.py:545} INFO - Filling up the DagBag from /opt/airflow/dags/data/models/New Zealand/TS_model.pkl
[2024-08-17T03:29:28.038+0000] {processor.py:842} WARNING - No viable dags retrieved from /opt/airflow/dags/data/models/New Zealand/TS_model.pkl
[2024-08-17T03:29:28.047+0000] {processor.py:183} INFO - Processing /opt/airflow/dags/data/models/New Zealand/TS_model.pkl took 0.031 seconds
[2024-08-17T03:29:59.136+0000] {processor.py:161} INFO - Started process (PID=14119) to work on /opt/airflow/dags/data/models/New Zealand/TS_model.pkl
[2024-08-17T03:29:59.137+0000] {processor.py:830} INFO - Processing file /opt/airflow/dags/data/models/New Zealand/TS_model.pkl for tasks to queue
[2024-08-17T03:29:59.138+0000] {logging_mixin.py:188} INFO - [2024-08-17T03:29:59.137+0000] {dagbag.py:545} INFO - Filling up the DagBag from /opt/airflow/dags/data/models/New Zealand/TS_model.pkl
[2024-08-17T03:29:59.146+0000] {processor.py:842} WARNING - No viable dags retrieved from /opt/airflow/dags/data/models/New Zealand/TS_model.pkl
[2024-08-17T03:29:59.156+0000] {processor.py:183} INFO - Processing /opt/airflow/dags/data/models/New Zealand/TS_model.pkl took 0.024 seconds
[2024-08-17T03:30:30.026+0000] {processor.py:161} INFO - Started process (PID=14547) to work on /opt/airflow/dags/data/models/New Zealand/TS_model.pkl
[2024-08-17T03:30:30.027+0000] {processor.py:830} INFO - Processing file /opt/airflow/dags/data/models/New Zealand/TS_model.pkl for tasks to queue
[2024-08-17T03:30:30.027+0000] {logging_mixin.py:188} INFO - [2024-08-17T03:30:30.027+0000] {dagbag.py:545} INFO - Filling up the DagBag from /opt/airflow/dags/data/models/New Zealand/TS_model.pkl
[2024-08-17T03:30:30.036+0000] {processor.py:842} WARNING - No viable dags retrieved from /opt/airflow/dags/data/models/New Zealand/TS_model.pkl
[2024-08-17T03:30:30.046+0000] {processor.py:183} INFO - Processing /opt/airflow/dags/data/models/New Zealand/TS_model.pkl took 0.024 seconds
[2024-08-17T03:31:00.922+0000] {processor.py:161} INFO - Started process (PID=15001) to work on /opt/airflow/dags/data/models/New Zealand/TS_model.pkl
[2024-08-17T03:31:00.922+0000] {processor.py:830} INFO - Processing file /opt/airflow/dags/data/models/New Zealand/TS_model.pkl for tasks to queue
[2024-08-17T03:31:00.923+0000] {logging_mixin.py:188} INFO - [2024-08-17T03:31:00.923+0000] {dagbag.py:545} INFO - Filling up the DagBag from /opt/airflow/dags/data/models/New Zealand/TS_model.pkl
[2024-08-17T03:31:00.932+0000] {processor.py:842} WARNING - No viable dags retrieved from /opt/airflow/dags/data/models/New Zealand/TS_model.pkl
[2024-08-17T03:31:00.941+0000] {processor.py:183} INFO - Processing /opt/airflow/dags/data/models/New Zealand/TS_model.pkl took 0.023 seconds
[2024-08-17T03:31:31.592+0000] {processor.py:161} INFO - Started process (PID=15456) to work on /opt/airflow/dags/data/models/New Zealand/TS_model.pkl
[2024-08-17T03:31:31.593+0000] {processor.py:830} INFO - Processing file /opt/airflow/dags/data/models/New Zealand/TS_model.pkl for tasks to queue
[2024-08-17T03:31:31.594+0000] {logging_mixin.py:188} INFO - [2024-08-17T03:31:31.593+0000] {dagbag.py:545} INFO - Filling up the DagBag from /opt/airflow/dags/data/models/New Zealand/TS_model.pkl
[2024-08-17T03:31:31.604+0000] {processor.py:842} WARNING - No viable dags retrieved from /opt/airflow/dags/data/models/New Zealand/TS_model.pkl
[2024-08-17T03:31:31.614+0000] {processor.py:183} INFO - Processing /opt/airflow/dags/data/models/New Zealand/TS_model.pkl took 0.025 seconds
[2024-08-17T03:32:02.226+0000] {processor.py:161} INFO - Started process (PID=15884) to work on /opt/airflow/dags/data/models/New Zealand/TS_model.pkl
[2024-08-17T03:32:02.227+0000] {processor.py:830} INFO - Processing file /opt/airflow/dags/data/models/New Zealand/TS_model.pkl for tasks to queue
[2024-08-17T03:32:02.228+0000] {logging_mixin.py:188} INFO - [2024-08-17T03:32:02.228+0000] {dagbag.py:545} INFO - Filling up the DagBag from /opt/airflow/dags/data/models/New Zealand/TS_model.pkl
[2024-08-17T03:32:02.236+0000] {processor.py:842} WARNING - No viable dags retrieved from /opt/airflow/dags/data/models/New Zealand/TS_model.pkl
[2024-08-17T03:32:02.246+0000] {processor.py:183} INFO - Processing /opt/airflow/dags/data/models/New Zealand/TS_model.pkl took 0.024 seconds
[2024-08-17T03:32:32.874+0000] {processor.py:161} INFO - Started process (PID=16337) to work on /opt/airflow/dags/data/models/New Zealand/TS_model.pkl
[2024-08-17T03:32:32.876+0000] {processor.py:830} INFO - Processing file /opt/airflow/dags/data/models/New Zealand/TS_model.pkl for tasks to queue
[2024-08-17T03:32:32.876+0000] {logging_mixin.py:188} INFO - [2024-08-17T03:32:32.876+0000] {dagbag.py:545} INFO - Filling up the DagBag from /opt/airflow/dags/data/models/New Zealand/TS_model.pkl
[2024-08-17T03:32:32.884+0000] {processor.py:842} WARNING - No viable dags retrieved from /opt/airflow/dags/data/models/New Zealand/TS_model.pkl
[2024-08-17T03:32:32.894+0000] {processor.py:183} INFO - Processing /opt/airflow/dags/data/models/New Zealand/TS_model.pkl took 0.023 seconds
[2024-08-17T03:33:04.363+0000] {processor.py:161} INFO - Started process (PID=16772) to work on /opt/airflow/dags/data/models/New Zealand/TS_model.pkl
[2024-08-17T03:33:04.363+0000] {processor.py:830} INFO - Processing file /opt/airflow/dags/data/models/New Zealand/TS_model.pkl for tasks to queue
[2024-08-17T03:33:04.364+0000] {logging_mixin.py:188} INFO - [2024-08-17T03:33:04.364+0000] {dagbag.py:545} INFO - Filling up the DagBag from /opt/airflow/dags/data/models/New Zealand/TS_model.pkl
[2024-08-17T03:33:04.373+0000] {processor.py:842} WARNING - No viable dags retrieved from /opt/airflow/dags/data/models/New Zealand/TS_model.pkl
[2024-08-17T03:33:04.383+0000] {processor.py:183} INFO - Processing /opt/airflow/dags/data/models/New Zealand/TS_model.pkl took 0.024 seconds
[2024-08-17T03:33:35.380+0000] {processor.py:161} INFO - Started process (PID=17198) to work on /opt/airflow/dags/data/models/New Zealand/TS_model.pkl
[2024-08-17T03:33:35.381+0000] {processor.py:830} INFO - Processing file /opt/airflow/dags/data/models/New Zealand/TS_model.pkl for tasks to queue
[2024-08-17T03:33:35.382+0000] {logging_mixin.py:188} INFO - [2024-08-17T03:33:35.381+0000] {dagbag.py:545} INFO - Filling up the DagBag from /opt/airflow/dags/data/models/New Zealand/TS_model.pkl
[2024-08-17T03:33:35.392+0000] {processor.py:842} WARNING - No viable dags retrieved from /opt/airflow/dags/data/models/New Zealand/TS_model.pkl
[2024-08-17T03:33:35.401+0000] {processor.py:183} INFO - Processing /opt/airflow/dags/data/models/New Zealand/TS_model.pkl took 0.025 seconds
[2024-08-17T03:34:06.542+0000] {processor.py:161} INFO - Started process (PID=17652) to work on /opt/airflow/dags/data/models/New Zealand/TS_model.pkl
[2024-08-17T03:34:06.543+0000] {processor.py:830} INFO - Processing file /opt/airflow/dags/data/models/New Zealand/TS_model.pkl for tasks to queue
[2024-08-17T03:34:06.544+0000] {logging_mixin.py:188} INFO - [2024-08-17T03:34:06.543+0000] {dagbag.py:545} INFO - Filling up the DagBag from /opt/airflow/dags/data/models/New Zealand/TS_model.pkl
[2024-08-17T03:34:06.553+0000] {processor.py:842} WARNING - No viable dags retrieved from /opt/airflow/dags/data/models/New Zealand/TS_model.pkl
[2024-08-17T03:34:06.564+0000] {processor.py:183} INFO - Processing /opt/airflow/dags/data/models/New Zealand/TS_model.pkl took 0.026 seconds
[2024-08-17T03:34:38.323+0000] {processor.py:161} INFO - Started process (PID=18061) to work on /opt/airflow/dags/data/models/New Zealand/TS_model.pkl
[2024-08-17T03:34:38.323+0000] {processor.py:830} INFO - Processing file /opt/airflow/dags/data/models/New Zealand/TS_model.pkl for tasks to queue
[2024-08-17T03:34:38.324+0000] {logging_mixin.py:188} INFO - [2024-08-17T03:34:38.324+0000] {dagbag.py:545} INFO - Filling up the DagBag from /opt/airflow/dags/data/models/New Zealand/TS_model.pkl
[2024-08-17T03:34:38.331+0000] {processor.py:842} WARNING - No viable dags retrieved from /opt/airflow/dags/data/models/New Zealand/TS_model.pkl
[2024-08-17T03:34:38.340+0000] {processor.py:183} INFO - Processing /opt/airflow/dags/data/models/New Zealand/TS_model.pkl took 0.021 seconds
[2024-08-17T03:35:09.391+0000] {processor.py:161} INFO - Started process (PID=18513) to work on /opt/airflow/dags/data/models/New Zealand/TS_model.pkl
[2024-08-17T03:35:09.392+0000] {processor.py:830} INFO - Processing file /opt/airflow/dags/data/models/New Zealand/TS_model.pkl for tasks to queue
[2024-08-17T03:35:09.416+0000] {logging_mixin.py:188} INFO - [2024-08-17T03:35:09.416+0000] {dagbag.py:545} INFO - Filling up the DagBag from /opt/airflow/dags/data/models/New Zealand/TS_model.pkl
[2024-08-17T03:35:09.424+0000] {processor.py:842} WARNING - No viable dags retrieved from /opt/airflow/dags/data/models/New Zealand/TS_model.pkl
[2024-08-17T03:35:09.433+0000] {processor.py:183} INFO - Processing /opt/airflow/dags/data/models/New Zealand/TS_model.pkl took 0.046 seconds
[2024-08-17T03:35:40.598+0000] {processor.py:161} INFO - Started process (PID=18967) to work on /opt/airflow/dags/data/models/New Zealand/TS_model.pkl
[2024-08-17T03:35:40.598+0000] {processor.py:830} INFO - Processing file /opt/airflow/dags/data/models/New Zealand/TS_model.pkl for tasks to queue
[2024-08-17T03:35:40.599+0000] {logging_mixin.py:188} INFO - [2024-08-17T03:35:40.599+0000] {dagbag.py:545} INFO - Filling up the DagBag from /opt/airflow/dags/data/models/New Zealand/TS_model.pkl
[2024-08-17T03:35:40.607+0000] {processor.py:842} WARNING - No viable dags retrieved from /opt/airflow/dags/data/models/New Zealand/TS_model.pkl
[2024-08-17T03:35:40.616+0000] {processor.py:183} INFO - Processing /opt/airflow/dags/data/models/New Zealand/TS_model.pkl took 0.022 seconds
[2024-08-17T03:36:11.551+0000] {processor.py:161} INFO - Started process (PID=19374) to work on /opt/airflow/dags/data/models/New Zealand/TS_model.pkl
[2024-08-17T03:36:11.551+0000] {processor.py:830} INFO - Processing file /opt/airflow/dags/data/models/New Zealand/TS_model.pkl for tasks to queue
[2024-08-17T03:36:11.552+0000] {logging_mixin.py:188} INFO - [2024-08-17T03:36:11.552+0000] {dagbag.py:545} INFO - Filling up the DagBag from /opt/airflow/dags/data/models/New Zealand/TS_model.pkl
[2024-08-17T03:36:11.560+0000] {processor.py:842} WARNING - No viable dags retrieved from /opt/airflow/dags/data/models/New Zealand/TS_model.pkl
[2024-08-17T03:36:11.569+0000] {processor.py:183} INFO - Processing /opt/airflow/dags/data/models/New Zealand/TS_model.pkl took 0.022 seconds
[2024-08-17T03:36:42.528+0000] {processor.py:161} INFO - Started process (PID=19828) to work on /opt/airflow/dags/data/models/New Zealand/TS_model.pkl
[2024-08-17T03:36:42.529+0000] {processor.py:830} INFO - Processing file /opt/airflow/dags/data/models/New Zealand/TS_model.pkl for tasks to queue
[2024-08-17T03:36:42.529+0000] {logging_mixin.py:188} INFO - [2024-08-17T03:36:42.529+0000] {dagbag.py:545} INFO - Filling up the DagBag from /opt/airflow/dags/data/models/New Zealand/TS_model.pkl
[2024-08-17T03:36:42.537+0000] {processor.py:842} WARNING - No viable dags retrieved from /opt/airflow/dags/data/models/New Zealand/TS_model.pkl
[2024-08-17T03:36:42.548+0000] {processor.py:183} INFO - Processing /opt/airflow/dags/data/models/New Zealand/TS_model.pkl took 0.024 seconds
[2024-08-17T03:37:13.482+0000] {processor.py:161} INFO - Started process (PID=20282) to work on /opt/airflow/dags/data/models/New Zealand/TS_model.pkl
[2024-08-17T03:37:13.483+0000] {processor.py:830} INFO - Processing file /opt/airflow/dags/data/models/New Zealand/TS_model.pkl for tasks to queue
[2024-08-17T03:37:13.484+0000] {logging_mixin.py:188} INFO - [2024-08-17T03:37:13.483+0000] {dagbag.py:545} INFO - Filling up the DagBag from /opt/airflow/dags/data/models/New Zealand/TS_model.pkl
[2024-08-17T03:37:13.493+0000] {processor.py:842} WARNING - No viable dags retrieved from /opt/airflow/dags/data/models/New Zealand/TS_model.pkl
[2024-08-17T03:37:13.502+0000] {processor.py:183} INFO - Processing /opt/airflow/dags/data/models/New Zealand/TS_model.pkl took 0.024 seconds
[2024-08-17T03:37:44.650+0000] {processor.py:161} INFO - Started process (PID=20710) to work on /opt/airflow/dags/data/models/New Zealand/TS_model.pkl
[2024-08-17T03:37:44.650+0000] {processor.py:830} INFO - Processing file /opt/airflow/dags/data/models/New Zealand/TS_model.pkl for tasks to queue
[2024-08-17T03:37:44.651+0000] {logging_mixin.py:188} INFO - [2024-08-17T03:37:44.651+0000] {dagbag.py:545} INFO - Filling up the DagBag from /opt/airflow/dags/data/models/New Zealand/TS_model.pkl
[2024-08-17T03:37:44.660+0000] {processor.py:842} WARNING - No viable dags retrieved from /opt/airflow/dags/data/models/New Zealand/TS_model.pkl
[2024-08-17T03:37:44.669+0000] {processor.py:183} INFO - Processing /opt/airflow/dags/data/models/New Zealand/TS_model.pkl took 0.023 seconds
[2024-08-17T09:22:49.418+0000] {processor.py:161} INFO - Started process (PID=221) to work on /opt/airflow/dags/data/models/New Zealand/TS_model.pkl
[2024-08-17T09:22:49.419+0000] {processor.py:830} INFO - Processing file /opt/airflow/dags/data/models/New Zealand/TS_model.pkl for tasks to queue
[2024-08-17T09:22:49.420+0000] {logging_mixin.py:188} INFO - [2024-08-17T09:22:49.420+0000] {dagbag.py:545} INFO - Filling up the DagBag from /opt/airflow/dags/data/models/New Zealand/TS_model.pkl
[2024-08-17T09:22:49.431+0000] {processor.py:842} WARNING - No viable dags retrieved from /opt/airflow/dags/data/models/New Zealand/TS_model.pkl
[2024-08-17T09:22:49.441+0000] {processor.py:183} INFO - Processing /opt/airflow/dags/data/models/New Zealand/TS_model.pkl took 0.026 seconds
[2024-08-17T09:23:21.788+0000] {processor.py:161} INFO - Started process (PID=670) to work on /opt/airflow/dags/data/models/New Zealand/TS_model.pkl
[2024-08-17T09:23:21.789+0000] {processor.py:830} INFO - Processing file /opt/airflow/dags/data/models/New Zealand/TS_model.pkl for tasks to queue
[2024-08-17T09:23:21.790+0000] {logging_mixin.py:188} INFO - [2024-08-17T09:23:21.789+0000] {dagbag.py:545} INFO - Filling up the DagBag from /opt/airflow/dags/data/models/New Zealand/TS_model.pkl
[2024-08-17T09:23:21.796+0000] {processor.py:842} WARNING - No viable dags retrieved from /opt/airflow/dags/data/models/New Zealand/TS_model.pkl
[2024-08-17T09:23:21.805+0000] {processor.py:183} INFO - Processing /opt/airflow/dags/data/models/New Zealand/TS_model.pkl took 0.020 seconds
[2024-08-17T09:23:53.648+0000] {processor.py:161} INFO - Started process (PID=1124) to work on /opt/airflow/dags/data/models/New Zealand/TS_model.pkl
[2024-08-17T09:23:53.649+0000] {processor.py:830} INFO - Processing file /opt/airflow/dags/data/models/New Zealand/TS_model.pkl for tasks to queue
[2024-08-17T09:23:53.650+0000] {logging_mixin.py:188} INFO - [2024-08-17T09:23:53.650+0000] {dagbag.py:545} INFO - Filling up the DagBag from /opt/airflow/dags/data/models/New Zealand/TS_model.pkl
[2024-08-17T09:23:53.659+0000] {processor.py:842} WARNING - No viable dags retrieved from /opt/airflow/dags/data/models/New Zealand/TS_model.pkl
[2024-08-17T09:23:53.668+0000] {processor.py:183} INFO - Processing /opt/airflow/dags/data/models/New Zealand/TS_model.pkl took 0.023 seconds
[2024-08-17T09:24:26.571+0000] {processor.py:161} INFO - Started process (PID=1578) to work on /opt/airflow/dags/data/models/New Zealand/TS_model.pkl
[2024-08-17T09:24:26.571+0000] {processor.py:830} INFO - Processing file /opt/airflow/dags/data/models/New Zealand/TS_model.pkl for tasks to queue
[2024-08-17T09:24:26.572+0000] {logging_mixin.py:188} INFO - [2024-08-17T09:24:26.572+0000] {dagbag.py:545} INFO - Filling up the DagBag from /opt/airflow/dags/data/models/New Zealand/TS_model.pkl
[2024-08-17T09:24:26.584+0000] {processor.py:842} WARNING - No viable dags retrieved from /opt/airflow/dags/data/models/New Zealand/TS_model.pkl
[2024-08-17T09:24:26.593+0000] {processor.py:183} INFO - Processing /opt/airflow/dags/data/models/New Zealand/TS_model.pkl took 0.026 seconds
[2024-08-17T09:24:57.595+0000] {processor.py:161} INFO - Started process (PID=2006) to work on /opt/airflow/dags/data/models/New Zealand/TS_model.pkl
[2024-08-17T09:24:57.596+0000] {processor.py:830} INFO - Processing file /opt/airflow/dags/data/models/New Zealand/TS_model.pkl for tasks to queue
[2024-08-17T09:24:57.597+0000] {logging_mixin.py:188} INFO - [2024-08-17T09:24:57.597+0000] {dagbag.py:545} INFO - Filling up the DagBag from /opt/airflow/dags/data/models/New Zealand/TS_model.pkl
[2024-08-17T09:24:57.605+0000] {processor.py:842} WARNING - No viable dags retrieved from /opt/airflow/dags/data/models/New Zealand/TS_model.pkl
[2024-08-17T09:24:57.613+0000] {processor.py:183} INFO - Processing /opt/airflow/dags/data/models/New Zealand/TS_model.pkl took 0.022 seconds
[2024-08-17T09:25:28.576+0000] {processor.py:161} INFO - Started process (PID=2460) to work on /opt/airflow/dags/data/models/New Zealand/TS_model.pkl
[2024-08-17T09:25:28.576+0000] {processor.py:830} INFO - Processing file /opt/airflow/dags/data/models/New Zealand/TS_model.pkl for tasks to queue
[2024-08-17T09:25:28.578+0000] {logging_mixin.py:188} INFO - [2024-08-17T09:25:28.577+0000] {dagbag.py:545} INFO - Filling up the DagBag from /opt/airflow/dags/data/models/New Zealand/TS_model.pkl
[2024-08-17T09:25:28.585+0000] {processor.py:842} WARNING - No viable dags retrieved from /opt/airflow/dags/data/models/New Zealand/TS_model.pkl
[2024-08-17T09:25:28.594+0000] {processor.py:183} INFO - Processing /opt/airflow/dags/data/models/New Zealand/TS_model.pkl took 0.022 seconds
[2024-08-17T09:25:59.479+0000] {processor.py:161} INFO - Started process (PID=2914) to work on /opt/airflow/dags/data/models/New Zealand/TS_model.pkl
[2024-08-17T09:25:59.479+0000] {processor.py:830} INFO - Processing file /opt/airflow/dags/data/models/New Zealand/TS_model.pkl for tasks to queue
[2024-08-17T09:25:59.481+0000] {logging_mixin.py:188} INFO - [2024-08-17T09:25:59.481+0000] {dagbag.py:545} INFO - Filling up the DagBag from /opt/airflow/dags/data/models/New Zealand/TS_model.pkl
[2024-08-17T09:25:59.488+0000] {processor.py:842} WARNING - No viable dags retrieved from /opt/airflow/dags/data/models/New Zealand/TS_model.pkl
[2024-08-17T09:25:59.498+0000] {processor.py:183} INFO - Processing /opt/airflow/dags/data/models/New Zealand/TS_model.pkl took 0.024 seconds
[2024-08-17T09:26:30.280+0000] {processor.py:161} INFO - Started process (PID=3342) to work on /opt/airflow/dags/data/models/New Zealand/TS_model.pkl
[2024-08-17T09:26:30.281+0000] {processor.py:830} INFO - Processing file /opt/airflow/dags/data/models/New Zealand/TS_model.pkl for tasks to queue
[2024-08-17T09:26:30.282+0000] {logging_mixin.py:188} INFO - [2024-08-17T09:26:30.281+0000] {dagbag.py:545} INFO - Filling up the DagBag from /opt/airflow/dags/data/models/New Zealand/TS_model.pkl
[2024-08-17T09:26:30.289+0000] {processor.py:842} WARNING - No viable dags retrieved from /opt/airflow/dags/data/models/New Zealand/TS_model.pkl
[2024-08-17T09:26:30.297+0000] {processor.py:183} INFO - Processing /opt/airflow/dags/data/models/New Zealand/TS_model.pkl took 0.020 seconds
[2024-08-17T09:27:01.020+0000] {processor.py:161} INFO - Started process (PID=3796) to work on /opt/airflow/dags/data/models/New Zealand/TS_model.pkl
[2024-08-17T09:27:01.021+0000] {processor.py:830} INFO - Processing file /opt/airflow/dags/data/models/New Zealand/TS_model.pkl for tasks to queue
[2024-08-17T09:27:01.022+0000] {logging_mixin.py:188} INFO - [2024-08-17T09:27:01.022+0000] {dagbag.py:545} INFO - Filling up the DagBag from /opt/airflow/dags/data/models/New Zealand/TS_model.pkl
[2024-08-17T09:27:01.029+0000] {processor.py:842} WARNING - No viable dags retrieved from /opt/airflow/dags/data/models/New Zealand/TS_model.pkl
[2024-08-17T09:27:01.037+0000] {processor.py:183} INFO - Processing /opt/airflow/dags/data/models/New Zealand/TS_model.pkl took 0.020 seconds
[2024-08-17T09:27:31.829+0000] {processor.py:161} INFO - Started process (PID=4251) to work on /opt/airflow/dags/data/models/New Zealand/TS_model.pkl
[2024-08-17T09:27:31.835+0000] {processor.py:830} INFO - Processing file /opt/airflow/dags/data/models/New Zealand/TS_model.pkl for tasks to queue
[2024-08-17T09:27:31.839+0000] {logging_mixin.py:188} INFO - [2024-08-17T09:27:31.839+0000] {dagbag.py:545} INFO - Filling up the DagBag from /opt/airflow/dags/data/models/New Zealand/TS_model.pkl
[2024-08-17T09:27:31.847+0000] {processor.py:842} WARNING - No viable dags retrieved from /opt/airflow/dags/data/models/New Zealand/TS_model.pkl
[2024-08-17T09:27:31.857+0000] {processor.py:183} INFO - Processing /opt/airflow/dags/data/models/New Zealand/TS_model.pkl took 0.031 seconds
[2024-08-17T09:28:02.546+0000] {processor.py:161} INFO - Started process (PID=4679) to work on /opt/airflow/dags/data/models/New Zealand/TS_model.pkl
[2024-08-17T09:28:02.551+0000] {processor.py:830} INFO - Processing file /opt/airflow/dags/data/models/New Zealand/TS_model.pkl for tasks to queue
[2024-08-17T09:28:02.552+0000] {logging_mixin.py:188} INFO - [2024-08-17T09:28:02.552+0000] {dagbag.py:545} INFO - Filling up the DagBag from /opt/airflow/dags/data/models/New Zealand/TS_model.pkl
[2024-08-17T09:28:02.560+0000] {processor.py:842} WARNING - No viable dags retrieved from /opt/airflow/dags/data/models/New Zealand/TS_model.pkl
[2024-08-17T09:28:02.568+0000] {processor.py:183} INFO - Processing /opt/airflow/dags/data/models/New Zealand/TS_model.pkl took 0.026 seconds
[2024-08-17T09:28:33.583+0000] {processor.py:161} INFO - Started process (PID=5133) to work on /opt/airflow/dags/data/models/New Zealand/TS_model.pkl
[2024-08-17T09:28:33.606+0000] {processor.py:830} INFO - Processing file /opt/airflow/dags/data/models/New Zealand/TS_model.pkl for tasks to queue
[2024-08-17T09:28:33.607+0000] {logging_mixin.py:188} INFO - [2024-08-17T09:28:33.607+0000] {dagbag.py:545} INFO - Filling up the DagBag from /opt/airflow/dags/data/models/New Zealand/TS_model.pkl
[2024-08-17T09:28:33.626+0000] {processor.py:842} WARNING - No viable dags retrieved from /opt/airflow/dags/data/models/New Zealand/TS_model.pkl
[2024-08-17T09:28:33.636+0000] {processor.py:183} INFO - Processing /opt/airflow/dags/data/models/New Zealand/TS_model.pkl took 0.057 seconds
[2024-08-17T09:29:05.732+0000] {processor.py:161} INFO - Started process (PID=5587) to work on /opt/airflow/dags/data/models/New Zealand/TS_model.pkl
[2024-08-17T09:29:05.733+0000] {processor.py:830} INFO - Processing file /opt/airflow/dags/data/models/New Zealand/TS_model.pkl for tasks to queue
[2024-08-17T09:29:05.734+0000] {logging_mixin.py:188} INFO - [2024-08-17T09:29:05.734+0000] {dagbag.py:545} INFO - Filling up the DagBag from /opt/airflow/dags/data/models/New Zealand/TS_model.pkl
[2024-08-17T09:29:05.742+0000] {processor.py:842} WARNING - No viable dags retrieved from /opt/airflow/dags/data/models/New Zealand/TS_model.pkl
[2024-08-17T09:29:05.751+0000] {processor.py:183} INFO - Processing /opt/airflow/dags/data/models/New Zealand/TS_model.pkl took 0.022 seconds
[2024-08-17T09:29:37.758+0000] {processor.py:161} INFO - Started process (PID=6015) to work on /opt/airflow/dags/data/models/New Zealand/TS_model.pkl
[2024-08-17T09:29:37.759+0000] {processor.py:830} INFO - Processing file /opt/airflow/dags/data/models/New Zealand/TS_model.pkl for tasks to queue
[2024-08-17T09:29:37.761+0000] {logging_mixin.py:188} INFO - [2024-08-17T09:29:37.761+0000] {dagbag.py:545} INFO - Filling up the DagBag from /opt/airflow/dags/data/models/New Zealand/TS_model.pkl
[2024-08-17T09:29:37.769+0000] {processor.py:842} WARNING - No viable dags retrieved from /opt/airflow/dags/data/models/New Zealand/TS_model.pkl
[2024-08-17T09:29:37.777+0000] {processor.py:183} INFO - Processing /opt/airflow/dags/data/models/New Zealand/TS_model.pkl took 0.023 seconds
[2024-08-17T09:30:08.531+0000] {processor.py:161} INFO - Started process (PID=6450) to work on /opt/airflow/dags/data/models/New Zealand/TS_model.pkl
[2024-08-17T09:30:08.532+0000] {processor.py:830} INFO - Processing file /opt/airflow/dags/data/models/New Zealand/TS_model.pkl for tasks to queue
[2024-08-17T09:30:08.533+0000] {logging_mixin.py:188} INFO - [2024-08-17T09:30:08.533+0000] {dagbag.py:545} INFO - Filling up the DagBag from /opt/airflow/dags/data/models/New Zealand/TS_model.pkl
[2024-08-17T09:30:08.549+0000] {processor.py:842} WARNING - No viable dags retrieved from /opt/airflow/dags/data/models/New Zealand/TS_model.pkl
[2024-08-17T09:30:08.558+0000] {processor.py:183} INFO - Processing /opt/airflow/dags/data/models/New Zealand/TS_model.pkl took 0.033 seconds
