[2024-08-17T10:12:54.652+0000] {processor.py:161} INFO - Started process (PID=36628) to work on /opt/airflow/dags/data/models/Solomon Islands/deaths_TS_model.pkl
[2024-08-17T10:12:54.652+0000] {processor.py:830} INFO - Processing file /opt/airflow/dags/data/models/Solomon Islands/deaths_TS_model.pkl for tasks to queue
[2024-08-17T10:12:54.653+0000] {logging_mixin.py:188} INFO - [2024-08-17T10:12:54.653+0000] {dagbag.py:545} INFO - Filling up the DagBag from /opt/airflow/dags/data/models/Solomon Islands/deaths_TS_model.pkl
[2024-08-17T10:12:54.665+0000] {processor.py:842} WARNING - No viable dags retrieved from /opt/airflow/dags/data/models/Solomon Islands/deaths_TS_model.pkl
[2024-08-17T10:12:54.675+0000] {processor.py:183} INFO - Processing /opt/airflow/dags/data/models/Solomon Islands/deaths_TS_model.pkl took 0.027 seconds
[2024-08-17T10:13:27.264+0000] {processor.py:161} INFO - Started process (PID=37329) to work on /opt/airflow/dags/data/models/Solomon Islands/deaths_TS_model.pkl
[2024-08-17T10:13:27.265+0000] {processor.py:830} INFO - Processing file /opt/airflow/dags/data/models/Solomon Islands/deaths_TS_model.pkl for tasks to queue
[2024-08-17T10:13:27.266+0000] {logging_mixin.py:188} INFO - [2024-08-17T10:13:27.265+0000] {dagbag.py:545} INFO - Filling up the DagBag from /opt/airflow/dags/data/models/Solomon Islands/deaths_TS_model.pkl
[2024-08-17T10:13:27.282+0000] {processor.py:842} WARNING - No viable dags retrieved from /opt/airflow/dags/data/models/Solomon Islands/deaths_TS_model.pkl
[2024-08-17T10:13:27.292+0000] {processor.py:183} INFO - Processing /opt/airflow/dags/data/models/Solomon Islands/deaths_TS_model.pkl took 0.032 seconds
[2024-08-17T10:13:59.492+0000] {processor.py:161} INFO - Started process (PID=38022) to work on /opt/airflow/dags/data/models/Solomon Islands/deaths_TS_model.pkl
[2024-08-17T10:13:59.493+0000] {processor.py:830} INFO - Processing file /opt/airflow/dags/data/models/Solomon Islands/deaths_TS_model.pkl for tasks to queue
[2024-08-17T10:13:59.494+0000] {logging_mixin.py:188} INFO - [2024-08-17T10:13:59.493+0000] {dagbag.py:545} INFO - Filling up the DagBag from /opt/airflow/dags/data/models/Solomon Islands/deaths_TS_model.pkl
[2024-08-17T10:13:59.504+0000] {processor.py:842} WARNING - No viable dags retrieved from /opt/airflow/dags/data/models/Solomon Islands/deaths_TS_model.pkl
[2024-08-17T10:13:59.513+0000] {processor.py:183} INFO - Processing /opt/airflow/dags/data/models/Solomon Islands/deaths_TS_model.pkl took 0.024 seconds
[2024-08-17T10:14:31.508+0000] {processor.py:161} INFO - Started process (PID=38696) to work on /opt/airflow/dags/data/models/Solomon Islands/deaths_TS_model.pkl
[2024-08-17T10:14:31.509+0000] {processor.py:830} INFO - Processing file /opt/airflow/dags/data/models/Solomon Islands/deaths_TS_model.pkl for tasks to queue
[2024-08-17T10:14:31.509+0000] {logging_mixin.py:188} INFO - [2024-08-17T10:14:31.509+0000] {dagbag.py:545} INFO - Filling up the DagBag from /opt/airflow/dags/data/models/Solomon Islands/deaths_TS_model.pkl
[2024-08-17T10:14:31.524+0000] {processor.py:842} WARNING - No viable dags retrieved from /opt/airflow/dags/data/models/Solomon Islands/deaths_TS_model.pkl
[2024-08-17T10:14:31.535+0000] {processor.py:183} INFO - Processing /opt/airflow/dags/data/models/Solomon Islands/deaths_TS_model.pkl took 0.032 seconds
[2024-08-17T10:15:04.077+0000] {processor.py:161} INFO - Started process (PID=39382) to work on /opt/airflow/dags/data/models/Solomon Islands/deaths_TS_model.pkl
[2024-08-17T10:15:04.078+0000] {processor.py:830} INFO - Processing file /opt/airflow/dags/data/models/Solomon Islands/deaths_TS_model.pkl for tasks to queue
[2024-08-17T10:15:04.079+0000] {logging_mixin.py:188} INFO - [2024-08-17T10:15:04.079+0000] {dagbag.py:545} INFO - Filling up the DagBag from /opt/airflow/dags/data/models/Solomon Islands/deaths_TS_model.pkl
[2024-08-17T10:15:04.093+0000] {processor.py:842} WARNING - No viable dags retrieved from /opt/airflow/dags/data/models/Solomon Islands/deaths_TS_model.pkl
[2024-08-17T10:15:04.104+0000] {processor.py:183} INFO - Processing /opt/airflow/dags/data/models/Solomon Islands/deaths_TS_model.pkl took 0.031 seconds
[2024-08-17T10:15:36.736+0000] {processor.py:161} INFO - Started process (PID=40024) to work on /opt/airflow/dags/data/models/Solomon Islands/deaths_TS_model.pkl
[2024-08-17T10:15:36.736+0000] {processor.py:830} INFO - Processing file /opt/airflow/dags/data/models/Solomon Islands/deaths_TS_model.pkl for tasks to queue
[2024-08-17T10:15:36.737+0000] {logging_mixin.py:188} INFO - [2024-08-17T10:15:36.737+0000] {dagbag.py:545} INFO - Filling up the DagBag from /opt/airflow/dags/data/models/Solomon Islands/deaths_TS_model.pkl
[2024-08-17T10:15:36.748+0000] {processor.py:842} WARNING - No viable dags retrieved from /opt/airflow/dags/data/models/Solomon Islands/deaths_TS_model.pkl
[2024-08-17T10:15:36.758+0000] {processor.py:183} INFO - Processing /opt/airflow/dags/data/models/Solomon Islands/deaths_TS_model.pkl took 0.026 seconds
[2024-08-17T10:16:09.584+0000] {processor.py:161} INFO - Started process (PID=40717) to work on /opt/airflow/dags/data/models/Solomon Islands/deaths_TS_model.pkl
[2024-08-17T10:16:09.584+0000] {processor.py:830} INFO - Processing file /opt/airflow/dags/data/models/Solomon Islands/deaths_TS_model.pkl for tasks to queue
[2024-08-17T10:16:09.585+0000] {logging_mixin.py:188} INFO - [2024-08-17T10:16:09.585+0000] {dagbag.py:545} INFO - Filling up the DagBag from /opt/airflow/dags/data/models/Solomon Islands/deaths_TS_model.pkl
[2024-08-17T10:16:09.594+0000] {processor.py:842} WARNING - No viable dags retrieved from /opt/airflow/dags/data/models/Solomon Islands/deaths_TS_model.pkl
[2024-08-17T10:16:09.603+0000] {processor.py:183} INFO - Processing /opt/airflow/dags/data/models/Solomon Islands/deaths_TS_model.pkl took 0.023 seconds
[2024-08-17T10:16:41.416+0000] {processor.py:161} INFO - Started process (PID=41370) to work on /opt/airflow/dags/data/models/Solomon Islands/deaths_TS_model.pkl
[2024-08-17T10:16:41.416+0000] {processor.py:830} INFO - Processing file /opt/airflow/dags/data/models/Solomon Islands/deaths_TS_model.pkl for tasks to queue
[2024-08-17T10:16:41.417+0000] {logging_mixin.py:188} INFO - [2024-08-17T10:16:41.417+0000] {dagbag.py:545} INFO - Filling up the DagBag from /opt/airflow/dags/data/models/Solomon Islands/deaths_TS_model.pkl
[2024-08-17T10:16:41.426+0000] {processor.py:842} WARNING - No viable dags retrieved from /opt/airflow/dags/data/models/Solomon Islands/deaths_TS_model.pkl
[2024-08-17T10:16:41.435+0000] {processor.py:183} INFO - Processing /opt/airflow/dags/data/models/Solomon Islands/deaths_TS_model.pkl took 0.022 seconds
[2024-08-17T10:17:13.330+0000] {processor.py:161} INFO - Started process (PID=42062) to work on /opt/airflow/dags/data/models/Solomon Islands/deaths_TS_model.pkl
[2024-08-17T10:17:13.330+0000] {processor.py:830} INFO - Processing file /opt/airflow/dags/data/models/Solomon Islands/deaths_TS_model.pkl for tasks to queue
[2024-08-17T10:17:13.331+0000] {logging_mixin.py:188} INFO - [2024-08-17T10:17:13.331+0000] {dagbag.py:545} INFO - Filling up the DagBag from /opt/airflow/dags/data/models/Solomon Islands/deaths_TS_model.pkl
[2024-08-17T10:17:13.339+0000] {processor.py:842} WARNING - No viable dags retrieved from /opt/airflow/dags/data/models/Solomon Islands/deaths_TS_model.pkl
[2024-08-17T10:17:13.348+0000] {processor.py:183} INFO - Processing /opt/airflow/dags/data/models/Solomon Islands/deaths_TS_model.pkl took 0.022 seconds
[2024-08-17T10:17:59.616+0000] {processor.py:161} INFO - Started process (PID=42839) to work on /opt/airflow/dags/data/models/Solomon Islands/deaths_TS_model.pkl
[2024-08-17T10:17:59.617+0000] {processor.py:830} INFO - Processing file /opt/airflow/dags/data/models/Solomon Islands/deaths_TS_model.pkl for tasks to queue
[2024-08-17T10:17:59.617+0000] {logging_mixin.py:188} INFO - [2024-08-17T10:17:59.617+0000] {dagbag.py:545} INFO - Filling up the DagBag from /opt/airflow/dags/data/models/Solomon Islands/deaths_TS_model.pkl
[2024-08-17T10:17:59.633+0000] {processor.py:842} WARNING - No viable dags retrieved from /opt/airflow/dags/data/models/Solomon Islands/deaths_TS_model.pkl
[2024-08-17T10:17:59.642+0000] {processor.py:183} INFO - Processing /opt/airflow/dags/data/models/Solomon Islands/deaths_TS_model.pkl took 0.030 seconds
[2024-08-17T10:18:32.004+0000] {processor.py:161} INFO - Started process (PID=43563) to work on /opt/airflow/dags/data/models/Solomon Islands/deaths_TS_model.pkl
[2024-08-17T10:18:32.004+0000] {processor.py:830} INFO - Processing file /opt/airflow/dags/data/models/Solomon Islands/deaths_TS_model.pkl for tasks to queue
[2024-08-17T10:18:32.005+0000] {logging_mixin.py:188} INFO - [2024-08-17T10:18:32.004+0000] {dagbag.py:545} INFO - Filling up the DagBag from /opt/airflow/dags/data/models/Solomon Islands/deaths_TS_model.pkl
[2024-08-17T10:18:32.012+0000] {processor.py:842} WARNING - No viable dags retrieved from /opt/airflow/dags/data/models/Solomon Islands/deaths_TS_model.pkl
[2024-08-17T10:18:32.021+0000] {processor.py:183} INFO - Processing /opt/airflow/dags/data/models/Solomon Islands/deaths_TS_model.pkl took 0.021 seconds
[2024-08-17T10:19:03.411+0000] {processor.py:161} INFO - Started process (PID=44278) to work on /opt/airflow/dags/data/models/Solomon Islands/deaths_TS_model.pkl
[2024-08-17T10:19:03.411+0000] {processor.py:830} INFO - Processing file /opt/airflow/dags/data/models/Solomon Islands/deaths_TS_model.pkl for tasks to queue
[2024-08-17T10:19:03.412+0000] {logging_mixin.py:188} INFO - [2024-08-17T10:19:03.412+0000] {dagbag.py:545} INFO - Filling up the DagBag from /opt/airflow/dags/data/models/Solomon Islands/deaths_TS_model.pkl
[2024-08-17T10:19:03.421+0000] {processor.py:842} WARNING - No viable dags retrieved from /opt/airflow/dags/data/models/Solomon Islands/deaths_TS_model.pkl
[2024-08-17T10:19:03.429+0000] {processor.py:183} INFO - Processing /opt/airflow/dags/data/models/Solomon Islands/deaths_TS_model.pkl took 0.022 seconds
[2024-08-17T10:19:35.642+0000] {processor.py:161} INFO - Started process (PID=45021) to work on /opt/airflow/dags/data/models/Solomon Islands/deaths_TS_model.pkl
[2024-08-17T10:19:35.643+0000] {processor.py:830} INFO - Processing file /opt/airflow/dags/data/models/Solomon Islands/deaths_TS_model.pkl for tasks to queue
[2024-08-17T10:19:35.643+0000] {logging_mixin.py:188} INFO - [2024-08-17T10:19:35.643+0000] {dagbag.py:545} INFO - Filling up the DagBag from /opt/airflow/dags/data/models/Solomon Islands/deaths_TS_model.pkl
[2024-08-17T10:19:35.650+0000] {processor.py:842} WARNING - No viable dags retrieved from /opt/airflow/dags/data/models/Solomon Islands/deaths_TS_model.pkl
[2024-08-17T10:19:35.659+0000] {processor.py:183} INFO - Processing /opt/airflow/dags/data/models/Solomon Islands/deaths_TS_model.pkl took 0.020 seconds
[2024-08-17T10:20:07.596+0000] {processor.py:161} INFO - Started process (PID=45764) to work on /opt/airflow/dags/data/models/Solomon Islands/deaths_TS_model.pkl
[2024-08-17T10:20:07.596+0000] {processor.py:830} INFO - Processing file /opt/airflow/dags/data/models/Solomon Islands/deaths_TS_model.pkl for tasks to queue
[2024-08-17T10:20:07.597+0000] {logging_mixin.py:188} INFO - [2024-08-17T10:20:07.597+0000] {dagbag.py:545} INFO - Filling up the DagBag from /opt/airflow/dags/data/models/Solomon Islands/deaths_TS_model.pkl
[2024-08-17T10:20:07.604+0000] {processor.py:842} WARNING - No viable dags retrieved from /opt/airflow/dags/data/models/Solomon Islands/deaths_TS_model.pkl
[2024-08-17T10:20:07.613+0000] {processor.py:183} INFO - Processing /opt/airflow/dags/data/models/Solomon Islands/deaths_TS_model.pkl took 0.021 seconds
[2024-08-17T10:20:40.735+0000] {processor.py:161} INFO - Started process (PID=46526) to work on /opt/airflow/dags/data/models/Solomon Islands/deaths_TS_model.pkl
[2024-08-17T10:20:40.736+0000] {processor.py:830} INFO - Processing file /opt/airflow/dags/data/models/Solomon Islands/deaths_TS_model.pkl for tasks to queue
[2024-08-17T10:20:40.737+0000] {logging_mixin.py:188} INFO - [2024-08-17T10:20:40.736+0000] {dagbag.py:545} INFO - Filling up the DagBag from /opt/airflow/dags/data/models/Solomon Islands/deaths_TS_model.pkl
[2024-08-17T10:20:40.752+0000] {processor.py:842} WARNING - No viable dags retrieved from /opt/airflow/dags/data/models/Solomon Islands/deaths_TS_model.pkl
[2024-08-17T10:20:40.763+0000] {processor.py:183} INFO - Processing /opt/airflow/dags/data/models/Solomon Islands/deaths_TS_model.pkl took 0.032 seconds
[2024-08-17T10:21:12.693+0000] {processor.py:161} INFO - Started process (PID=47222) to work on /opt/airflow/dags/data/models/Solomon Islands/deaths_TS_model.pkl
[2024-08-17T10:21:12.694+0000] {processor.py:830} INFO - Processing file /opt/airflow/dags/data/models/Solomon Islands/deaths_TS_model.pkl for tasks to queue
[2024-08-17T10:21:12.694+0000] {logging_mixin.py:188} INFO - [2024-08-17T10:21:12.694+0000] {dagbag.py:545} INFO - Filling up the DagBag from /opt/airflow/dags/data/models/Solomon Islands/deaths_TS_model.pkl
[2024-08-17T10:21:12.701+0000] {processor.py:842} WARNING - No viable dags retrieved from /opt/airflow/dags/data/models/Solomon Islands/deaths_TS_model.pkl
[2024-08-17T10:21:12.711+0000] {processor.py:183} INFO - Processing /opt/airflow/dags/data/models/Solomon Islands/deaths_TS_model.pkl took 0.021 seconds
[2024-08-17T11:58:04.947+0000] {processor.py:161} INFO - Started process (PID=10444) to work on /opt/airflow/dags/data/models/Solomon Islands/deaths_TS_model.pkl
[2024-08-17T11:58:04.948+0000] {processor.py:830} INFO - Processing file /opt/airflow/dags/data/models/Solomon Islands/deaths_TS_model.pkl for tasks to queue
[2024-08-17T11:58:04.949+0000] {logging_mixin.py:188} INFO - [2024-08-17T11:58:04.948+0000] {dagbag.py:545} INFO - Filling up the DagBag from /opt/airflow/dags/data/models/Solomon Islands/deaths_TS_model.pkl
[2024-08-17T11:58:04.968+0000] {processor.py:842} WARNING - No viable dags retrieved from /opt/airflow/dags/data/models/Solomon Islands/deaths_TS_model.pkl
[2024-08-17T11:58:04.983+0000] {processor.py:183} INFO - Processing /opt/airflow/dags/data/models/Solomon Islands/deaths_TS_model.pkl took 0.042 seconds
[2024-08-17T11:58:44.833+0000] {processor.py:161} INFO - Started process (PID=11054) to work on /opt/airflow/dags/data/models/Solomon Islands/deaths_TS_model.pkl
[2024-08-17T11:58:44.835+0000] {processor.py:830} INFO - Processing file /opt/airflow/dags/data/models/Solomon Islands/deaths_TS_model.pkl for tasks to queue
[2024-08-17T11:58:44.836+0000] {logging_mixin.py:188} INFO - [2024-08-17T11:58:44.836+0000] {dagbag.py:545} INFO - Filling up the DagBag from /opt/airflow/dags/data/models/Solomon Islands/deaths_TS_model.pkl
[2024-08-17T11:58:44.862+0000] {processor.py:842} WARNING - No viable dags retrieved from /opt/airflow/dags/data/models/Solomon Islands/deaths_TS_model.pkl
[2024-08-17T11:58:44.884+0000] {processor.py:183} INFO - Processing /opt/airflow/dags/data/models/Solomon Islands/deaths_TS_model.pkl took 0.059 seconds
[2024-08-17T11:59:25.311+0000] {processor.py:161} INFO - Started process (PID=11674) to work on /opt/airflow/dags/data/models/Solomon Islands/deaths_TS_model.pkl
[2024-08-17T11:59:25.312+0000] {processor.py:830} INFO - Processing file /opt/airflow/dags/data/models/Solomon Islands/deaths_TS_model.pkl for tasks to queue
[2024-08-17T11:59:25.313+0000] {logging_mixin.py:188} INFO - [2024-08-17T11:59:25.313+0000] {dagbag.py:545} INFO - Filling up the DagBag from /opt/airflow/dags/data/models/Solomon Islands/deaths_TS_model.pkl
[2024-08-17T11:59:25.332+0000] {processor.py:842} WARNING - No viable dags retrieved from /opt/airflow/dags/data/models/Solomon Islands/deaths_TS_model.pkl
[2024-08-17T11:59:25.353+0000] {processor.py:183} INFO - Processing /opt/airflow/dags/data/models/Solomon Islands/deaths_TS_model.pkl took 0.049 seconds
[2024-08-17T12:00:02.391+0000] {processor.py:161} INFO - Started process (PID=12228) to work on /opt/airflow/dags/data/models/Solomon Islands/deaths_TS_model.pkl
[2024-08-17T12:00:02.392+0000] {processor.py:830} INFO - Processing file /opt/airflow/dags/data/models/Solomon Islands/deaths_TS_model.pkl for tasks to queue
[2024-08-17T12:00:02.393+0000] {logging_mixin.py:188} INFO - [2024-08-17T12:00:02.393+0000] {dagbag.py:545} INFO - Filling up the DagBag from /opt/airflow/dags/data/models/Solomon Islands/deaths_TS_model.pkl
[2024-08-17T12:00:02.413+0000] {processor.py:842} WARNING - No viable dags retrieved from /opt/airflow/dags/data/models/Solomon Islands/deaths_TS_model.pkl
[2024-08-17T12:00:02.433+0000] {processor.py:183} INFO - Processing /opt/airflow/dags/data/models/Solomon Islands/deaths_TS_model.pkl took 0.050 seconds
[2024-08-17T12:00:37.956+0000] {processor.py:161} INFO - Started process (PID=12816) to work on /opt/airflow/dags/data/models/Solomon Islands/deaths_TS_model.pkl
[2024-08-17T12:00:37.957+0000] {processor.py:830} INFO - Processing file /opt/airflow/dags/data/models/Solomon Islands/deaths_TS_model.pkl for tasks to queue
[2024-08-17T12:00:37.958+0000] {logging_mixin.py:188} INFO - [2024-08-17T12:00:37.958+0000] {dagbag.py:545} INFO - Filling up the DagBag from /opt/airflow/dags/data/models/Solomon Islands/deaths_TS_model.pkl
[2024-08-17T12:00:37.978+0000] {processor.py:842} WARNING - No viable dags retrieved from /opt/airflow/dags/data/models/Solomon Islands/deaths_TS_model.pkl
[2024-08-17T12:00:37.997+0000] {processor.py:183} INFO - Processing /opt/airflow/dags/data/models/Solomon Islands/deaths_TS_model.pkl took 0.048 seconds
[2024-08-17T12:01:14.440+0000] {processor.py:161} INFO - Started process (PID=13362) to work on /opt/airflow/dags/data/models/Solomon Islands/deaths_TS_model.pkl
[2024-08-17T12:01:14.441+0000] {processor.py:830} INFO - Processing file /opt/airflow/dags/data/models/Solomon Islands/deaths_TS_model.pkl for tasks to queue
[2024-08-17T12:01:14.442+0000] {logging_mixin.py:188} INFO - [2024-08-17T12:01:14.442+0000] {dagbag.py:545} INFO - Filling up the DagBag from /opt/airflow/dags/data/models/Solomon Islands/deaths_TS_model.pkl
[2024-08-17T12:01:14.457+0000] {processor.py:842} WARNING - No viable dags retrieved from /opt/airflow/dags/data/models/Solomon Islands/deaths_TS_model.pkl
[2024-08-17T12:01:14.476+0000] {processor.py:183} INFO - Processing /opt/airflow/dags/data/models/Solomon Islands/deaths_TS_model.pkl took 0.044 seconds
[2024-08-17T12:01:40.673+0000] {processor.py:161} INFO - Started process (PID=13787) to work on /opt/airflow/dags/data/models/Solomon Islands/deaths_TS_model.pkl
[2024-08-17T12:01:40.674+0000] {processor.py:830} INFO - Processing file /opt/airflow/dags/data/models/Solomon Islands/deaths_TS_model.pkl for tasks to queue
[2024-08-17T12:01:40.676+0000] {logging_mixin.py:188} INFO - [2024-08-17T12:01:40.675+0000] {dagbag.py:545} INFO - Filling up the DagBag from /opt/airflow/dags/data/models/Solomon Islands/deaths_TS_model.pkl
[2024-08-17T12:01:40.695+0000] {processor.py:842} WARNING - No viable dags retrieved from /opt/airflow/dags/data/models/Solomon Islands/deaths_TS_model.pkl
[2024-08-17T12:01:40.716+0000] {processor.py:183} INFO - Processing /opt/airflow/dags/data/models/Solomon Islands/deaths_TS_model.pkl took 0.051 seconds
[2024-08-17T12:02:22.847+0000] {processor.py:161} INFO - Started process (PID=14403) to work on /opt/airflow/dags/data/models/Solomon Islands/deaths_TS_model.pkl
[2024-08-17T12:02:22.848+0000] {processor.py:830} INFO - Processing file /opt/airflow/dags/data/models/Solomon Islands/deaths_TS_model.pkl for tasks to queue
[2024-08-17T12:02:22.849+0000] {logging_mixin.py:188} INFO - [2024-08-17T12:02:22.849+0000] {dagbag.py:545} INFO - Filling up the DagBag from /opt/airflow/dags/data/models/Solomon Islands/deaths_TS_model.pkl
[2024-08-17T12:02:22.872+0000] {processor.py:842} WARNING - No viable dags retrieved from /opt/airflow/dags/data/models/Solomon Islands/deaths_TS_model.pkl
[2024-08-17T12:02:22.889+0000] {processor.py:183} INFO - Processing /opt/airflow/dags/data/models/Solomon Islands/deaths_TS_model.pkl took 0.049 seconds
[2024-08-17T12:03:10.438+0000] {processor.py:161} INFO - Started process (PID=14864) to work on /opt/airflow/dags/data/models/Solomon Islands/deaths_TS_model.pkl
[2024-08-17T12:03:10.439+0000] {processor.py:830} INFO - Processing file /opt/airflow/dags/data/models/Solomon Islands/deaths_TS_model.pkl for tasks to queue
[2024-08-17T12:03:10.441+0000] {logging_mixin.py:188} INFO - [2024-08-17T12:03:10.440+0000] {dagbag.py:545} INFO - Filling up the DagBag from /opt/airflow/dags/data/models/Solomon Islands/deaths_TS_model.pkl
[2024-08-17T12:03:10.474+0000] {processor.py:842} WARNING - No viable dags retrieved from /opt/airflow/dags/data/models/Solomon Islands/deaths_TS_model.pkl
[2024-08-17T12:03:10.491+0000] {processor.py:183} INFO - Processing /opt/airflow/dags/data/models/Solomon Islands/deaths_TS_model.pkl took 0.059 seconds
[2024-08-17T12:03:51.923+0000] {processor.py:161} INFO - Started process (PID=15531) to work on /opt/airflow/dags/data/models/Solomon Islands/deaths_TS_model.pkl
[2024-08-17T12:03:51.925+0000] {processor.py:830} INFO - Processing file /opt/airflow/dags/data/models/Solomon Islands/deaths_TS_model.pkl for tasks to queue
[2024-08-17T12:03:51.926+0000] {logging_mixin.py:188} INFO - [2024-08-17T12:03:51.926+0000] {dagbag.py:545} INFO - Filling up the DagBag from /opt/airflow/dags/data/models/Solomon Islands/deaths_TS_model.pkl
[2024-08-17T12:03:51.942+0000] {processor.py:842} WARNING - No viable dags retrieved from /opt/airflow/dags/data/models/Solomon Islands/deaths_TS_model.pkl
[2024-08-17T12:03:51.960+0000] {processor.py:183} INFO - Processing /opt/airflow/dags/data/models/Solomon Islands/deaths_TS_model.pkl took 0.043 seconds
[2024-08-17T12:04:34.160+0000] {processor.py:161} INFO - Started process (PID=16123) to work on /opt/airflow/dags/data/models/Solomon Islands/deaths_TS_model.pkl
[2024-08-17T12:04:34.162+0000] {processor.py:830} INFO - Processing file /opt/airflow/dags/data/models/Solomon Islands/deaths_TS_model.pkl for tasks to queue
[2024-08-17T12:04:34.165+0000] {logging_mixin.py:188} INFO - [2024-08-17T12:04:34.165+0000] {dagbag.py:545} INFO - Filling up the DagBag from /opt/airflow/dags/data/models/Solomon Islands/deaths_TS_model.pkl
[2024-08-17T12:04:34.190+0000] {processor.py:842} WARNING - No viable dags retrieved from /opt/airflow/dags/data/models/Solomon Islands/deaths_TS_model.pkl
[2024-08-17T12:04:34.210+0000] {processor.py:183} INFO - Processing /opt/airflow/dags/data/models/Solomon Islands/deaths_TS_model.pkl took 0.059 seconds
[2024-08-17T12:05:13.678+0000] {processor.py:161} INFO - Started process (PID=16719) to work on /opt/airflow/dags/data/models/Solomon Islands/deaths_TS_model.pkl
[2024-08-17T12:05:13.679+0000] {processor.py:830} INFO - Processing file /opt/airflow/dags/data/models/Solomon Islands/deaths_TS_model.pkl for tasks to queue
[2024-08-17T12:05:13.681+0000] {logging_mixin.py:188} INFO - [2024-08-17T12:05:13.680+0000] {dagbag.py:545} INFO - Filling up the DagBag from /opt/airflow/dags/data/models/Solomon Islands/deaths_TS_model.pkl
[2024-08-17T12:05:13.703+0000] {processor.py:842} WARNING - No viable dags retrieved from /opt/airflow/dags/data/models/Solomon Islands/deaths_TS_model.pkl
[2024-08-17T12:05:13.720+0000] {processor.py:183} INFO - Processing /opt/airflow/dags/data/models/Solomon Islands/deaths_TS_model.pkl took 0.049 seconds
[2024-08-17T12:05:57.256+0000] {processor.py:161} INFO - Started process (PID=17366) to work on /opt/airflow/dags/data/models/Solomon Islands/deaths_TS_model.pkl
[2024-08-17T12:05:57.258+0000] {processor.py:830} INFO - Processing file /opt/airflow/dags/data/models/Solomon Islands/deaths_TS_model.pkl for tasks to queue
[2024-08-17T12:05:57.260+0000] {logging_mixin.py:188} INFO - [2024-08-17T12:05:57.259+0000] {dagbag.py:545} INFO - Filling up the DagBag from /opt/airflow/dags/data/models/Solomon Islands/deaths_TS_model.pkl
[2024-08-17T12:05:57.288+0000] {processor.py:842} WARNING - No viable dags retrieved from /opt/airflow/dags/data/models/Solomon Islands/deaths_TS_model.pkl
[2024-08-17T12:05:57.312+0000] {processor.py:183} INFO - Processing /opt/airflow/dags/data/models/Solomon Islands/deaths_TS_model.pkl took 0.062 seconds
[2024-08-17T12:06:34.184+0000] {processor.py:161} INFO - Started process (PID=17955) to work on /opt/airflow/dags/data/models/Solomon Islands/deaths_TS_model.pkl
[2024-08-17T12:06:34.186+0000] {processor.py:830} INFO - Processing file /opt/airflow/dags/data/models/Solomon Islands/deaths_TS_model.pkl for tasks to queue
[2024-08-17T12:06:34.187+0000] {logging_mixin.py:188} INFO - [2024-08-17T12:06:34.186+0000] {dagbag.py:545} INFO - Filling up the DagBag from /opt/airflow/dags/data/models/Solomon Islands/deaths_TS_model.pkl
[2024-08-17T12:06:34.212+0000] {processor.py:842} WARNING - No viable dags retrieved from /opt/airflow/dags/data/models/Solomon Islands/deaths_TS_model.pkl
[2024-08-17T12:06:34.230+0000] {processor.py:183} INFO - Processing /opt/airflow/dags/data/models/Solomon Islands/deaths_TS_model.pkl took 0.053 seconds
[2024-08-17T12:06:44.162+0000] {processor.py:161} INFO - Started process (PID=18133) to work on /opt/airflow/dags/data/models/Solomon Islands/deaths_TS_model.pkl
[2024-08-17T12:06:44.163+0000] {processor.py:830} INFO - Processing file /opt/airflow/dags/data/models/Solomon Islands/deaths_TS_model.pkl for tasks to queue
[2024-08-17T12:06:44.164+0000] {logging_mixin.py:188} INFO - [2024-08-17T12:06:44.164+0000] {dagbag.py:545} INFO - Filling up the DagBag from /opt/airflow/dags/data/models/Solomon Islands/deaths_TS_model.pkl
[2024-08-17T12:06:44.202+0000] {processor.py:842} WARNING - No viable dags retrieved from /opt/airflow/dags/data/models/Solomon Islands/deaths_TS_model.pkl
[2024-08-17T12:06:44.220+0000] {processor.py:183} INFO - Processing /opt/airflow/dags/data/models/Solomon Islands/deaths_TS_model.pkl took 0.067 seconds
[2024-08-17T12:07:17.833+0000] {processor.py:161} INFO - Started process (PID=18612) to work on /opt/airflow/dags/data/models/Solomon Islands/deaths_TS_model.pkl
[2024-08-17T12:07:17.834+0000] {processor.py:830} INFO - Processing file /opt/airflow/dags/data/models/Solomon Islands/deaths_TS_model.pkl for tasks to queue
[2024-08-17T12:07:17.836+0000] {logging_mixin.py:188} INFO - [2024-08-17T12:07:17.835+0000] {dagbag.py:545} INFO - Filling up the DagBag from /opt/airflow/dags/data/models/Solomon Islands/deaths_TS_model.pkl
[2024-08-17T12:07:17.862+0000] {processor.py:842} WARNING - No viable dags retrieved from /opt/airflow/dags/data/models/Solomon Islands/deaths_TS_model.pkl
[2024-08-17T12:07:17.882+0000] {processor.py:183} INFO - Processing /opt/airflow/dags/data/models/Solomon Islands/deaths_TS_model.pkl took 0.057 seconds
[2024-08-17T12:08:28.503+0000] {processor.py:161} INFO - Started process (PID=19323) to work on /opt/airflow/dags/data/models/Solomon Islands/deaths_TS_model.pkl
[2024-08-17T12:08:28.505+0000] {processor.py:830} INFO - Processing file /opt/airflow/dags/data/models/Solomon Islands/deaths_TS_model.pkl for tasks to queue
[2024-08-17T12:08:28.508+0000] {logging_mixin.py:188} INFO - [2024-08-17T12:08:28.507+0000] {dagbag.py:545} INFO - Filling up the DagBag from /opt/airflow/dags/data/models/Solomon Islands/deaths_TS_model.pkl
[2024-08-17T12:08:28.543+0000] {processor.py:842} WARNING - No viable dags retrieved from /opt/airflow/dags/data/models/Solomon Islands/deaths_TS_model.pkl
[2024-08-17T12:08:28.566+0000] {processor.py:183} INFO - Processing /opt/airflow/dags/data/models/Solomon Islands/deaths_TS_model.pkl took 0.073 seconds
[2024-08-17T12:09:17.639+0000] {processor.py:161} INFO - Started process (PID=20014) to work on /opt/airflow/dags/data/models/Solomon Islands/deaths_TS_model.pkl
[2024-08-17T12:09:17.641+0000] {processor.py:830} INFO - Processing file /opt/airflow/dags/data/models/Solomon Islands/deaths_TS_model.pkl for tasks to queue
[2024-08-17T12:09:17.643+0000] {logging_mixin.py:188} INFO - [2024-08-17T12:09:17.642+0000] {dagbag.py:545} INFO - Filling up the DagBag from /opt/airflow/dags/data/models/Solomon Islands/deaths_TS_model.pkl
[2024-08-17T12:09:17.672+0000] {processor.py:842} WARNING - No viable dags retrieved from /opt/airflow/dags/data/models/Solomon Islands/deaths_TS_model.pkl
[2024-08-17T12:09:17.693+0000] {processor.py:183} INFO - Processing /opt/airflow/dags/data/models/Solomon Islands/deaths_TS_model.pkl took 0.064 seconds
[2024-08-17T12:09:59.498+0000] {processor.py:161} INFO - Started process (PID=20663) to work on /opt/airflow/dags/data/models/Solomon Islands/deaths_TS_model.pkl
[2024-08-17T12:09:59.499+0000] {processor.py:830} INFO - Processing file /opt/airflow/dags/data/models/Solomon Islands/deaths_TS_model.pkl for tasks to queue
[2024-08-17T12:09:59.502+0000] {logging_mixin.py:188} INFO - [2024-08-17T12:09:59.500+0000] {dagbag.py:545} INFO - Filling up the DagBag from /opt/airflow/dags/data/models/Solomon Islands/deaths_TS_model.pkl
[2024-08-17T12:09:59.525+0000] {processor.py:842} WARNING - No viable dags retrieved from /opt/airflow/dags/data/models/Solomon Islands/deaths_TS_model.pkl
[2024-08-17T12:09:59.546+0000] {processor.py:183} INFO - Processing /opt/airflow/dags/data/models/Solomon Islands/deaths_TS_model.pkl took 0.056 seconds
[2024-08-17T12:10:35.017+0000] {processor.py:161} INFO - Started process (PID=21209) to work on /opt/airflow/dags/data/models/Solomon Islands/deaths_TS_model.pkl
[2024-08-17T12:10:35.018+0000] {processor.py:830} INFO - Processing file /opt/airflow/dags/data/models/Solomon Islands/deaths_TS_model.pkl for tasks to queue
[2024-08-17T12:10:35.019+0000] {logging_mixin.py:188} INFO - [2024-08-17T12:10:35.019+0000] {dagbag.py:545} INFO - Filling up the DagBag from /opt/airflow/dags/data/models/Solomon Islands/deaths_TS_model.pkl
[2024-08-17T12:10:35.048+0000] {processor.py:842} WARNING - No viable dags retrieved from /opt/airflow/dags/data/models/Solomon Islands/deaths_TS_model.pkl
[2024-08-17T12:10:35.067+0000] {processor.py:183} INFO - Processing /opt/airflow/dags/data/models/Solomon Islands/deaths_TS_model.pkl took 0.056 seconds
[2024-08-17T12:11:12.815+0000] {processor.py:161} INFO - Started process (PID=21723) to work on /opt/airflow/dags/data/models/Solomon Islands/deaths_TS_model.pkl
[2024-08-17T12:11:12.816+0000] {processor.py:830} INFO - Processing file /opt/airflow/dags/data/models/Solomon Islands/deaths_TS_model.pkl for tasks to queue
[2024-08-17T12:11:12.818+0000] {logging_mixin.py:188} INFO - [2024-08-17T12:11:12.817+0000] {dagbag.py:545} INFO - Filling up the DagBag from /opt/airflow/dags/data/models/Solomon Islands/deaths_TS_model.pkl
[2024-08-17T12:11:12.839+0000] {processor.py:842} WARNING - No viable dags retrieved from /opt/airflow/dags/data/models/Solomon Islands/deaths_TS_model.pkl
[2024-08-17T12:11:12.862+0000] {processor.py:183} INFO - Processing /opt/airflow/dags/data/models/Solomon Islands/deaths_TS_model.pkl took 0.055 seconds
[2024-08-17T12:11:47.968+0000] {processor.py:161} INFO - Started process (PID=22274) to work on /opt/airflow/dags/data/models/Solomon Islands/deaths_TS_model.pkl
[2024-08-17T12:11:47.970+0000] {processor.py:830} INFO - Processing file /opt/airflow/dags/data/models/Solomon Islands/deaths_TS_model.pkl for tasks to queue
[2024-08-17T12:11:47.971+0000] {logging_mixin.py:188} INFO - [2024-08-17T12:11:47.971+0000] {dagbag.py:545} INFO - Filling up the DagBag from /opt/airflow/dags/data/models/Solomon Islands/deaths_TS_model.pkl
[2024-08-17T12:11:47.994+0000] {processor.py:842} WARNING - No viable dags retrieved from /opt/airflow/dags/data/models/Solomon Islands/deaths_TS_model.pkl
[2024-08-17T12:11:48.014+0000] {processor.py:183} INFO - Processing /opt/airflow/dags/data/models/Solomon Islands/deaths_TS_model.pkl took 0.053 seconds
[2024-08-17T12:12:23.665+0000] {processor.py:161} INFO - Started process (PID=22777) to work on /opt/airflow/dags/data/models/Solomon Islands/deaths_TS_model.pkl
[2024-08-17T12:12:23.666+0000] {processor.py:830} INFO - Processing file /opt/airflow/dags/data/models/Solomon Islands/deaths_TS_model.pkl for tasks to queue
[2024-08-17T12:12:23.667+0000] {logging_mixin.py:188} INFO - [2024-08-17T12:12:23.667+0000] {dagbag.py:545} INFO - Filling up the DagBag from /opt/airflow/dags/data/models/Solomon Islands/deaths_TS_model.pkl
[2024-08-17T12:12:23.681+0000] {processor.py:842} WARNING - No viable dags retrieved from /opt/airflow/dags/data/models/Solomon Islands/deaths_TS_model.pkl
[2024-08-17T12:12:23.702+0000] {processor.py:183} INFO - Processing /opt/airflow/dags/data/models/Solomon Islands/deaths_TS_model.pkl took 0.042 seconds
[2024-08-17T12:13:24.278+0000] {processor.py:161} INFO - Started process (PID=23361) to work on /opt/airflow/dags/data/models/Solomon Islands/deaths_TS_model.pkl
[2024-08-17T12:13:24.279+0000] {processor.py:830} INFO - Processing file /opt/airflow/dags/data/models/Solomon Islands/deaths_TS_model.pkl for tasks to queue
[2024-08-17T12:13:24.280+0000] {logging_mixin.py:188} INFO - [2024-08-17T12:13:24.280+0000] {dagbag.py:545} INFO - Filling up the DagBag from /opt/airflow/dags/data/models/Solomon Islands/deaths_TS_model.pkl
[2024-08-17T12:13:24.303+0000] {processor.py:842} WARNING - No viable dags retrieved from /opt/airflow/dags/data/models/Solomon Islands/deaths_TS_model.pkl
[2024-08-17T12:13:24.323+0000] {processor.py:183} INFO - Processing /opt/airflow/dags/data/models/Solomon Islands/deaths_TS_model.pkl took 0.052 seconds
[2024-08-17T12:14:10.922+0000] {processor.py:161} INFO - Started process (PID=24083) to work on /opt/airflow/dags/data/models/Solomon Islands/deaths_TS_model.pkl
[2024-08-17T12:14:10.923+0000] {processor.py:830} INFO - Processing file /opt/airflow/dags/data/models/Solomon Islands/deaths_TS_model.pkl for tasks to queue
[2024-08-17T12:14:10.924+0000] {logging_mixin.py:188} INFO - [2024-08-17T12:14:10.924+0000] {dagbag.py:545} INFO - Filling up the DagBag from /opt/airflow/dags/data/models/Solomon Islands/deaths_TS_model.pkl
[2024-08-17T12:14:10.956+0000] {processor.py:842} WARNING - No viable dags retrieved from /opt/airflow/dags/data/models/Solomon Islands/deaths_TS_model.pkl
[2024-08-17T12:14:10.994+0000] {processor.py:183} INFO - Processing /opt/airflow/dags/data/models/Solomon Islands/deaths_TS_model.pkl took 0.079 seconds
[2024-08-17T12:14:50.101+0000] {processor.py:161} INFO - Started process (PID=24642) to work on /opt/airflow/dags/data/models/Solomon Islands/deaths_TS_model.pkl
[2024-08-17T12:14:50.104+0000] {processor.py:830} INFO - Processing file /opt/airflow/dags/data/models/Solomon Islands/deaths_TS_model.pkl for tasks to queue
[2024-08-17T12:14:50.106+0000] {logging_mixin.py:188} INFO - [2024-08-17T12:14:50.105+0000] {dagbag.py:545} INFO - Filling up the DagBag from /opt/airflow/dags/data/models/Solomon Islands/deaths_TS_model.pkl
[2024-08-17T12:14:50.147+0000] {processor.py:842} WARNING - No viable dags retrieved from /opt/airflow/dags/data/models/Solomon Islands/deaths_TS_model.pkl
[2024-08-17T12:14:50.166+0000] {processor.py:183} INFO - Processing /opt/airflow/dags/data/models/Solomon Islands/deaths_TS_model.pkl took 0.074 seconds
[2024-08-17T12:15:35.105+0000] {processor.py:161} INFO - Started process (PID=25270) to work on /opt/airflow/dags/data/models/Solomon Islands/deaths_TS_model.pkl
[2024-08-17T12:15:35.107+0000] {processor.py:830} INFO - Processing file /opt/airflow/dags/data/models/Solomon Islands/deaths_TS_model.pkl for tasks to queue
[2024-08-17T12:15:35.108+0000] {logging_mixin.py:188} INFO - [2024-08-17T12:15:35.108+0000] {dagbag.py:545} INFO - Filling up the DagBag from /opt/airflow/dags/data/models/Solomon Islands/deaths_TS_model.pkl
[2024-08-17T12:15:35.129+0000] {processor.py:842} WARNING - No viable dags retrieved from /opt/airflow/dags/data/models/Solomon Islands/deaths_TS_model.pkl
[2024-08-17T12:15:35.146+0000] {processor.py:183} INFO - Processing /opt/airflow/dags/data/models/Solomon Islands/deaths_TS_model.pkl took 0.048 seconds
[2024-08-17T12:16:12.341+0000] {processor.py:161} INFO - Started process (PID=25808) to work on /opt/airflow/dags/data/models/Solomon Islands/deaths_TS_model.pkl
[2024-08-17T12:16:12.343+0000] {processor.py:830} INFO - Processing file /opt/airflow/dags/data/models/Solomon Islands/deaths_TS_model.pkl for tasks to queue
[2024-08-17T12:16:12.344+0000] {logging_mixin.py:188} INFO - [2024-08-17T12:16:12.344+0000] {dagbag.py:545} INFO - Filling up the DagBag from /opt/airflow/dags/data/models/Solomon Islands/deaths_TS_model.pkl
[2024-08-17T12:16:12.363+0000] {processor.py:842} WARNING - No viable dags retrieved from /opt/airflow/dags/data/models/Solomon Islands/deaths_TS_model.pkl
[2024-08-17T12:16:12.378+0000] {processor.py:183} INFO - Processing /opt/airflow/dags/data/models/Solomon Islands/deaths_TS_model.pkl took 0.042 seconds
[2024-08-17T12:16:52.609+0000] {processor.py:161} INFO - Started process (PID=26371) to work on /opt/airflow/dags/data/models/Solomon Islands/deaths_TS_model.pkl
[2024-08-17T12:16:52.611+0000] {processor.py:830} INFO - Processing file /opt/airflow/dags/data/models/Solomon Islands/deaths_TS_model.pkl for tasks to queue
[2024-08-17T12:16:52.612+0000] {logging_mixin.py:188} INFO - [2024-08-17T12:16:52.612+0000] {dagbag.py:545} INFO - Filling up the DagBag from /opt/airflow/dags/data/models/Solomon Islands/deaths_TS_model.pkl
[2024-08-17T12:16:52.633+0000] {processor.py:842} WARNING - No viable dags retrieved from /opt/airflow/dags/data/models/Solomon Islands/deaths_TS_model.pkl
[2024-08-17T12:16:52.652+0000] {processor.py:183} INFO - Processing /opt/airflow/dags/data/models/Solomon Islands/deaths_TS_model.pkl took 0.050 seconds
[2024-08-17T12:17:31.288+0000] {processor.py:161} INFO - Started process (PID=26944) to work on /opt/airflow/dags/data/models/Solomon Islands/deaths_TS_model.pkl
[2024-08-17T12:17:31.289+0000] {processor.py:830} INFO - Processing file /opt/airflow/dags/data/models/Solomon Islands/deaths_TS_model.pkl for tasks to queue
[2024-08-17T12:17:31.291+0000] {logging_mixin.py:188} INFO - [2024-08-17T12:17:31.290+0000] {dagbag.py:545} INFO - Filling up the DagBag from /opt/airflow/dags/data/models/Solomon Islands/deaths_TS_model.pkl
[2024-08-17T12:17:31.307+0000] {processor.py:842} WARNING - No viable dags retrieved from /opt/airflow/dags/data/models/Solomon Islands/deaths_TS_model.pkl
[2024-08-17T12:17:31.325+0000] {processor.py:183} INFO - Processing /opt/airflow/dags/data/models/Solomon Islands/deaths_TS_model.pkl took 0.044 seconds
[2024-08-17T12:18:43.161+0000] {processor.py:161} INFO - Started process (PID=27554) to work on /opt/airflow/dags/data/models/Solomon Islands/deaths_TS_model.pkl
[2024-08-17T12:18:43.162+0000] {processor.py:830} INFO - Processing file /opt/airflow/dags/data/models/Solomon Islands/deaths_TS_model.pkl for tasks to queue
[2024-08-17T12:18:43.163+0000] {logging_mixin.py:188} INFO - [2024-08-17T12:18:43.163+0000] {dagbag.py:545} INFO - Filling up the DagBag from /opt/airflow/dags/data/models/Solomon Islands/deaths_TS_model.pkl
[2024-08-17T12:18:43.185+0000] {processor.py:842} WARNING - No viable dags retrieved from /opt/airflow/dags/data/models/Solomon Islands/deaths_TS_model.pkl
[2024-08-17T12:18:43.204+0000] {processor.py:183} INFO - Processing /opt/airflow/dags/data/models/Solomon Islands/deaths_TS_model.pkl took 0.051 seconds
[2024-08-17T12:19:35.508+0000] {processor.py:161} INFO - Started process (PID=28319) to work on /opt/airflow/dags/data/models/Solomon Islands/deaths_TS_model.pkl
[2024-08-17T12:19:35.509+0000] {processor.py:830} INFO - Processing file /opt/airflow/dags/data/models/Solomon Islands/deaths_TS_model.pkl for tasks to queue
[2024-08-17T12:19:35.511+0000] {logging_mixin.py:188} INFO - [2024-08-17T12:19:35.510+0000] {dagbag.py:545} INFO - Filling up the DagBag from /opt/airflow/dags/data/models/Solomon Islands/deaths_TS_model.pkl
[2024-08-17T12:19:35.533+0000] {processor.py:842} WARNING - No viable dags retrieved from /opt/airflow/dags/data/models/Solomon Islands/deaths_TS_model.pkl
[2024-08-17T12:19:35.552+0000] {processor.py:183} INFO - Processing /opt/airflow/dags/data/models/Solomon Islands/deaths_TS_model.pkl took 0.052 seconds
[2024-08-17T12:20:20.544+0000] {processor.py:161} INFO - Started process (PID=28977) to work on /opt/airflow/dags/data/models/Solomon Islands/deaths_TS_model.pkl
[2024-08-17T12:20:20.545+0000] {processor.py:830} INFO - Processing file /opt/airflow/dags/data/models/Solomon Islands/deaths_TS_model.pkl for tasks to queue
[2024-08-17T12:20:20.547+0000] {logging_mixin.py:188} INFO - [2024-08-17T12:20:20.546+0000] {dagbag.py:545} INFO - Filling up the DagBag from /opt/airflow/dags/data/models/Solomon Islands/deaths_TS_model.pkl
[2024-08-17T12:20:20.566+0000] {processor.py:842} WARNING - No viable dags retrieved from /opt/airflow/dags/data/models/Solomon Islands/deaths_TS_model.pkl
[2024-08-17T12:20:20.584+0000] {processor.py:183} INFO - Processing /opt/airflow/dags/data/models/Solomon Islands/deaths_TS_model.pkl took 0.049 seconds
[2024-08-17T12:21:21.802+0000] {processor.py:161} INFO - Started process (PID=29758) to work on /opt/airflow/dags/data/models/Solomon Islands/deaths_TS_model.pkl
[2024-08-17T12:21:21.803+0000] {processor.py:830} INFO - Processing file /opt/airflow/dags/data/models/Solomon Islands/deaths_TS_model.pkl for tasks to queue
[2024-08-17T12:21:21.804+0000] {logging_mixin.py:188} INFO - [2024-08-17T12:21:21.804+0000] {dagbag.py:545} INFO - Filling up the DagBag from /opt/airflow/dags/data/models/Solomon Islands/deaths_TS_model.pkl
[2024-08-17T12:21:21.825+0000] {processor.py:842} WARNING - No viable dags retrieved from /opt/airflow/dags/data/models/Solomon Islands/deaths_TS_model.pkl
[2024-08-17T12:21:21.843+0000] {processor.py:183} INFO - Processing /opt/airflow/dags/data/models/Solomon Islands/deaths_TS_model.pkl took 0.282 seconds
[2024-08-17T12:21:56.578+0000] {processor.py:161} INFO - Started process (PID=30270) to work on /opt/airflow/dags/data/models/Solomon Islands/deaths_TS_model.pkl
[2024-08-17T12:21:56.580+0000] {processor.py:830} INFO - Processing file /opt/airflow/dags/data/models/Solomon Islands/deaths_TS_model.pkl for tasks to queue
[2024-08-17T12:21:56.581+0000] {logging_mixin.py:188} INFO - [2024-08-17T12:21:56.580+0000] {dagbag.py:545} INFO - Filling up the DagBag from /opt/airflow/dags/data/models/Solomon Islands/deaths_TS_model.pkl
[2024-08-17T12:21:56.597+0000] {processor.py:842} WARNING - No viable dags retrieved from /opt/airflow/dags/data/models/Solomon Islands/deaths_TS_model.pkl
[2024-08-17T12:21:56.617+0000] {processor.py:183} INFO - Processing /opt/airflow/dags/data/models/Solomon Islands/deaths_TS_model.pkl took 0.047 seconds
[2024-08-17T12:22:34.552+0000] {processor.py:161} INFO - Started process (PID=30842) to work on /opt/airflow/dags/data/models/Solomon Islands/deaths_TS_model.pkl
[2024-08-17T12:22:34.553+0000] {processor.py:830} INFO - Processing file /opt/airflow/dags/data/models/Solomon Islands/deaths_TS_model.pkl for tasks to queue
[2024-08-17T12:22:34.554+0000] {logging_mixin.py:188} INFO - [2024-08-17T12:22:34.554+0000] {dagbag.py:545} INFO - Filling up the DagBag from /opt/airflow/dags/data/models/Solomon Islands/deaths_TS_model.pkl
[2024-08-17T12:22:34.576+0000] {processor.py:842} WARNING - No viable dags retrieved from /opt/airflow/dags/data/models/Solomon Islands/deaths_TS_model.pkl
[2024-08-17T12:22:34.592+0000] {processor.py:183} INFO - Processing /opt/airflow/dags/data/models/Solomon Islands/deaths_TS_model.pkl took 0.048 seconds
[2024-08-17T12:23:22.920+0000] {processor.py:161} INFO - Started process (PID=31258) to work on /opt/airflow/dags/data/models/Solomon Islands/deaths_TS_model.pkl
[2024-08-17T12:23:22.921+0000] {processor.py:830} INFO - Processing file /opt/airflow/dags/data/models/Solomon Islands/deaths_TS_model.pkl for tasks to queue
[2024-08-17T12:23:22.922+0000] {logging_mixin.py:188} INFO - [2024-08-17T12:23:22.922+0000] {dagbag.py:545} INFO - Filling up the DagBag from /opt/airflow/dags/data/models/Solomon Islands/deaths_TS_model.pkl
[2024-08-17T12:23:22.942+0000] {processor.py:842} WARNING - No viable dags retrieved from /opt/airflow/dags/data/models/Solomon Islands/deaths_TS_model.pkl
[2024-08-17T12:23:22.959+0000] {processor.py:183} INFO - Processing /opt/airflow/dags/data/models/Solomon Islands/deaths_TS_model.pkl took 0.045 seconds
[2024-08-17T12:24:04.298+0000] {processor.py:161} INFO - Started process (PID=31935) to work on /opt/airflow/dags/data/models/Solomon Islands/deaths_TS_model.pkl
[2024-08-17T12:24:04.300+0000] {processor.py:830} INFO - Processing file /opt/airflow/dags/data/models/Solomon Islands/deaths_TS_model.pkl for tasks to queue
[2024-08-17T12:24:04.301+0000] {logging_mixin.py:188} INFO - [2024-08-17T12:24:04.301+0000] {dagbag.py:545} INFO - Filling up the DagBag from /opt/airflow/dags/data/models/Solomon Islands/deaths_TS_model.pkl
[2024-08-17T12:24:04.316+0000] {processor.py:842} WARNING - No viable dags retrieved from /opt/airflow/dags/data/models/Solomon Islands/deaths_TS_model.pkl
[2024-08-17T12:24:04.335+0000] {processor.py:183} INFO - Processing /opt/airflow/dags/data/models/Solomon Islands/deaths_TS_model.pkl took 0.044 seconds
[2024-08-17T12:24:50.414+0000] {processor.py:161} INFO - Started process (PID=32685) to work on /opt/airflow/dags/data/models/Solomon Islands/deaths_TS_model.pkl
[2024-08-17T12:24:50.415+0000] {processor.py:830} INFO - Processing file /opt/airflow/dags/data/models/Solomon Islands/deaths_TS_model.pkl for tasks to queue
[2024-08-17T12:24:50.415+0000] {logging_mixin.py:188} INFO - [2024-08-17T12:24:50.415+0000] {dagbag.py:545} INFO - Filling up the DagBag from /opt/airflow/dags/data/models/Solomon Islands/deaths_TS_model.pkl
[2024-08-17T12:24:50.431+0000] {processor.py:842} WARNING - No viable dags retrieved from /opt/airflow/dags/data/models/Solomon Islands/deaths_TS_model.pkl
[2024-08-17T12:24:50.445+0000] {processor.py:183} INFO - Processing /opt/airflow/dags/data/models/Solomon Islands/deaths_TS_model.pkl took 0.036 seconds
[2024-08-17T12:25:28.166+0000] {processor.py:161} INFO - Started process (PID=33329) to work on /opt/airflow/dags/data/models/Solomon Islands/deaths_TS_model.pkl
[2024-08-17T12:25:28.168+0000] {processor.py:830} INFO - Processing file /opt/airflow/dags/data/models/Solomon Islands/deaths_TS_model.pkl for tasks to queue
[2024-08-17T12:25:28.170+0000] {logging_mixin.py:188} INFO - [2024-08-17T12:25:28.169+0000] {dagbag.py:545} INFO - Filling up the DagBag from /opt/airflow/dags/data/models/Solomon Islands/deaths_TS_model.pkl
[2024-08-17T12:25:28.190+0000] {processor.py:842} WARNING - No viable dags retrieved from /opt/airflow/dags/data/models/Solomon Islands/deaths_TS_model.pkl
[2024-08-17T12:25:28.203+0000] {processor.py:183} INFO - Processing /opt/airflow/dags/data/models/Solomon Islands/deaths_TS_model.pkl took 0.043 seconds
[2024-08-17T12:26:09.510+0000] {processor.py:161} INFO - Started process (PID=34107) to work on /opt/airflow/dags/data/models/Solomon Islands/deaths_TS_model.pkl
[2024-08-17T12:26:09.511+0000] {processor.py:830} INFO - Processing file /opt/airflow/dags/data/models/Solomon Islands/deaths_TS_model.pkl for tasks to queue
[2024-08-17T12:26:09.511+0000] {logging_mixin.py:188} INFO - [2024-08-17T12:26:09.511+0000] {dagbag.py:545} INFO - Filling up the DagBag from /opt/airflow/dags/data/models/Solomon Islands/deaths_TS_model.pkl
[2024-08-17T12:26:09.526+0000] {processor.py:842} WARNING - No viable dags retrieved from /opt/airflow/dags/data/models/Solomon Islands/deaths_TS_model.pkl
[2024-08-17T12:26:09.541+0000] {processor.py:183} INFO - Processing /opt/airflow/dags/data/models/Solomon Islands/deaths_TS_model.pkl took 0.038 seconds
[2024-08-17T12:26:45.217+0000] {processor.py:161} INFO - Started process (PID=34763) to work on /opt/airflow/dags/data/models/Solomon Islands/deaths_TS_model.pkl
[2024-08-17T12:26:45.218+0000] {processor.py:830} INFO - Processing file /opt/airflow/dags/data/models/Solomon Islands/deaths_TS_model.pkl for tasks to queue
[2024-08-17T12:26:45.219+0000] {logging_mixin.py:188} INFO - [2024-08-17T12:26:45.219+0000] {dagbag.py:545} INFO - Filling up the DagBag from /opt/airflow/dags/data/models/Solomon Islands/deaths_TS_model.pkl
[2024-08-17T12:26:45.234+0000] {processor.py:842} WARNING - No viable dags retrieved from /opt/airflow/dags/data/models/Solomon Islands/deaths_TS_model.pkl
[2024-08-17T12:26:45.248+0000] {processor.py:183} INFO - Processing /opt/airflow/dags/data/models/Solomon Islands/deaths_TS_model.pkl took 0.037 seconds
[2024-08-17T12:27:22.189+0000] {processor.py:161} INFO - Started process (PID=35484) to work on /opt/airflow/dags/data/models/Solomon Islands/deaths_TS_model.pkl
[2024-08-17T12:27:22.190+0000] {processor.py:830} INFO - Processing file /opt/airflow/dags/data/models/Solomon Islands/deaths_TS_model.pkl for tasks to queue
[2024-08-17T12:27:22.191+0000] {logging_mixin.py:188} INFO - [2024-08-17T12:27:22.190+0000] {dagbag.py:545} INFO - Filling up the DagBag from /opt/airflow/dags/data/models/Solomon Islands/deaths_TS_model.pkl
[2024-08-17T12:27:22.204+0000] {processor.py:842} WARNING - No viable dags retrieved from /opt/airflow/dags/data/models/Solomon Islands/deaths_TS_model.pkl
[2024-08-17T12:27:22.216+0000] {processor.py:183} INFO - Processing /opt/airflow/dags/data/models/Solomon Islands/deaths_TS_model.pkl took 0.032 seconds
[2024-08-17T12:28:17.978+0000] {processor.py:161} INFO - Started process (PID=36281) to work on /opt/airflow/dags/data/models/Solomon Islands/deaths_TS_model.pkl
[2024-08-17T12:28:17.978+0000] {processor.py:830} INFO - Processing file /opt/airflow/dags/data/models/Solomon Islands/deaths_TS_model.pkl for tasks to queue
[2024-08-17T12:28:17.979+0000] {logging_mixin.py:188} INFO - [2024-08-17T12:28:17.979+0000] {dagbag.py:545} INFO - Filling up the DagBag from /opt/airflow/dags/data/models/Solomon Islands/deaths_TS_model.pkl
[2024-08-17T12:28:17.989+0000] {processor.py:842} WARNING - No viable dags retrieved from /opt/airflow/dags/data/models/Solomon Islands/deaths_TS_model.pkl
[2024-08-17T12:28:17.998+0000] {processor.py:183} INFO - Processing /opt/airflow/dags/data/models/Solomon Islands/deaths_TS_model.pkl took 0.024 seconds
[2024-08-17T12:28:52.871+0000] {processor.py:161} INFO - Started process (PID=37028) to work on /opt/airflow/dags/data/models/Solomon Islands/deaths_TS_model.pkl
[2024-08-17T12:28:52.872+0000] {processor.py:830} INFO - Processing file /opt/airflow/dags/data/models/Solomon Islands/deaths_TS_model.pkl for tasks to queue
[2024-08-17T12:28:52.873+0000] {logging_mixin.py:188} INFO - [2024-08-17T12:28:52.872+0000] {dagbag.py:545} INFO - Filling up the DagBag from /opt/airflow/dags/data/models/Solomon Islands/deaths_TS_model.pkl
[2024-08-17T12:28:52.885+0000] {processor.py:842} WARNING - No viable dags retrieved from /opt/airflow/dags/data/models/Solomon Islands/deaths_TS_model.pkl
[2024-08-17T12:28:52.896+0000] {processor.py:183} INFO - Processing /opt/airflow/dags/data/models/Solomon Islands/deaths_TS_model.pkl took 0.029 seconds
[2024-08-17T12:29:27.259+0000] {processor.py:161} INFO - Started process (PID=37774) to work on /opt/airflow/dags/data/models/Solomon Islands/deaths_TS_model.pkl
[2024-08-17T12:29:27.260+0000] {processor.py:830} INFO - Processing file /opt/airflow/dags/data/models/Solomon Islands/deaths_TS_model.pkl for tasks to queue
[2024-08-17T12:29:27.261+0000] {logging_mixin.py:188} INFO - [2024-08-17T12:29:27.260+0000] {dagbag.py:545} INFO - Filling up the DagBag from /opt/airflow/dags/data/models/Solomon Islands/deaths_TS_model.pkl
[2024-08-17T12:29:27.273+0000] {processor.py:842} WARNING - No viable dags retrieved from /opt/airflow/dags/data/models/Solomon Islands/deaths_TS_model.pkl
[2024-08-17T12:29:27.283+0000] {processor.py:183} INFO - Processing /opt/airflow/dags/data/models/Solomon Islands/deaths_TS_model.pkl took 0.027 seconds
[2024-08-17T12:29:59.641+0000] {processor.py:161} INFO - Started process (PID=38499) to work on /opt/airflow/dags/data/models/Solomon Islands/deaths_TS_model.pkl
[2024-08-17T12:29:59.642+0000] {processor.py:830} INFO - Processing file /opt/airflow/dags/data/models/Solomon Islands/deaths_TS_model.pkl for tasks to queue
[2024-08-17T12:29:59.643+0000] {logging_mixin.py:188} INFO - [2024-08-17T12:29:59.642+0000] {dagbag.py:545} INFO - Filling up the DagBag from /opt/airflow/dags/data/models/Solomon Islands/deaths_TS_model.pkl
[2024-08-17T12:29:59.651+0000] {processor.py:842} WARNING - No viable dags retrieved from /opt/airflow/dags/data/models/Solomon Islands/deaths_TS_model.pkl
[2024-08-17T12:29:59.660+0000] {processor.py:183} INFO - Processing /opt/airflow/dags/data/models/Solomon Islands/deaths_TS_model.pkl took 0.023 seconds
[2024-08-17T12:30:32.612+0000] {processor.py:161} INFO - Started process (PID=39235) to work on /opt/airflow/dags/data/models/Solomon Islands/deaths_TS_model.pkl
[2024-08-17T12:30:32.612+0000] {processor.py:830} INFO - Processing file /opt/airflow/dags/data/models/Solomon Islands/deaths_TS_model.pkl for tasks to queue
[2024-08-17T12:30:32.613+0000] {logging_mixin.py:188} INFO - [2024-08-17T12:30:32.613+0000] {dagbag.py:545} INFO - Filling up the DagBag from /opt/airflow/dags/data/models/Solomon Islands/deaths_TS_model.pkl
[2024-08-17T12:30:32.621+0000] {processor.py:842} WARNING - No viable dags retrieved from /opt/airflow/dags/data/models/Solomon Islands/deaths_TS_model.pkl
[2024-08-17T12:30:32.631+0000] {processor.py:183} INFO - Processing /opt/airflow/dags/data/models/Solomon Islands/deaths_TS_model.pkl took 0.022 seconds
[2024-08-17T12:31:04.138+0000] {processor.py:161} INFO - Started process (PID=39954) to work on /opt/airflow/dags/data/models/Solomon Islands/deaths_TS_model.pkl
[2024-08-17T12:31:04.139+0000] {processor.py:830} INFO - Processing file /opt/airflow/dags/data/models/Solomon Islands/deaths_TS_model.pkl for tasks to queue
[2024-08-17T12:31:04.139+0000] {logging_mixin.py:188} INFO - [2024-08-17T12:31:04.139+0000] {dagbag.py:545} INFO - Filling up the DagBag from /opt/airflow/dags/data/models/Solomon Islands/deaths_TS_model.pkl
[2024-08-17T12:31:04.152+0000] {processor.py:842} WARNING - No viable dags retrieved from /opt/airflow/dags/data/models/Solomon Islands/deaths_TS_model.pkl
[2024-08-17T12:31:04.161+0000] {processor.py:183} INFO - Processing /opt/airflow/dags/data/models/Solomon Islands/deaths_TS_model.pkl took 0.027 seconds
[2024-08-17T12:31:37.381+0000] {processor.py:161} INFO - Started process (PID=40698) to work on /opt/airflow/dags/data/models/Solomon Islands/deaths_TS_model.pkl
[2024-08-17T12:31:37.382+0000] {processor.py:830} INFO - Processing file /opt/airflow/dags/data/models/Solomon Islands/deaths_TS_model.pkl for tasks to queue
[2024-08-17T12:31:37.383+0000] {logging_mixin.py:188} INFO - [2024-08-17T12:31:37.383+0000] {dagbag.py:545} INFO - Filling up the DagBag from /opt/airflow/dags/data/models/Solomon Islands/deaths_TS_model.pkl
[2024-08-17T12:31:37.395+0000] {processor.py:842} WARNING - No viable dags retrieved from /opt/airflow/dags/data/models/Solomon Islands/deaths_TS_model.pkl
[2024-08-17T12:31:37.405+0000] {processor.py:183} INFO - Processing /opt/airflow/dags/data/models/Solomon Islands/deaths_TS_model.pkl took 0.027 seconds
[2024-08-17T12:32:15.352+0000] {processor.py:161} INFO - Started process (PID=41451) to work on /opt/airflow/dags/data/models/Solomon Islands/deaths_TS_model.pkl
[2024-08-17T12:32:15.353+0000] {processor.py:830} INFO - Processing file /opt/airflow/dags/data/models/Solomon Islands/deaths_TS_model.pkl for tasks to queue
[2024-08-17T12:32:15.354+0000] {logging_mixin.py:188} INFO - [2024-08-17T12:32:15.354+0000] {dagbag.py:545} INFO - Filling up the DagBag from /opt/airflow/dags/data/models/Solomon Islands/deaths_TS_model.pkl
[2024-08-17T12:32:15.363+0000] {processor.py:842} WARNING - No viable dags retrieved from /opt/airflow/dags/data/models/Solomon Islands/deaths_TS_model.pkl
[2024-08-17T12:32:15.374+0000] {processor.py:183} INFO - Processing /opt/airflow/dags/data/models/Solomon Islands/deaths_TS_model.pkl took 0.026 seconds
[2024-08-17T12:32:47.058+0000] {processor.py:161} INFO - Started process (PID=42175) to work on /opt/airflow/dags/data/models/Solomon Islands/deaths_TS_model.pkl
[2024-08-17T12:32:47.059+0000] {processor.py:830} INFO - Processing file /opt/airflow/dags/data/models/Solomon Islands/deaths_TS_model.pkl for tasks to queue
[2024-08-17T12:32:47.059+0000] {logging_mixin.py:188} INFO - [2024-08-17T12:32:47.059+0000] {dagbag.py:545} INFO - Filling up the DagBag from /opt/airflow/dags/data/models/Solomon Islands/deaths_TS_model.pkl
[2024-08-17T12:32:47.072+0000] {processor.py:842} WARNING - No viable dags retrieved from /opt/airflow/dags/data/models/Solomon Islands/deaths_TS_model.pkl
[2024-08-17T12:32:47.081+0000] {processor.py:183} INFO - Processing /opt/airflow/dags/data/models/Solomon Islands/deaths_TS_model.pkl took 0.027 seconds
[2024-08-17T12:33:21.523+0000] {processor.py:161} INFO - Started process (PID=42846) to work on /opt/airflow/dags/data/models/Solomon Islands/deaths_TS_model.pkl
[2024-08-17T12:33:21.524+0000] {processor.py:830} INFO - Processing file /opt/airflow/dags/data/models/Solomon Islands/deaths_TS_model.pkl for tasks to queue
[2024-08-17T12:33:21.525+0000] {logging_mixin.py:188} INFO - [2024-08-17T12:33:21.525+0000] {dagbag.py:545} INFO - Filling up the DagBag from /opt/airflow/dags/data/models/Solomon Islands/deaths_TS_model.pkl
[2024-08-17T12:33:21.537+0000] {processor.py:842} WARNING - No viable dags retrieved from /opt/airflow/dags/data/models/Solomon Islands/deaths_TS_model.pkl
[2024-08-17T12:33:21.548+0000] {processor.py:183} INFO - Processing /opt/airflow/dags/data/models/Solomon Islands/deaths_TS_model.pkl took 0.029 seconds
[2024-08-17T12:33:57.438+0000] {processor.py:161} INFO - Started process (PID=43590) to work on /opt/airflow/dags/data/models/Solomon Islands/deaths_TS_model.pkl
[2024-08-17T12:33:57.439+0000] {processor.py:830} INFO - Processing file /opt/airflow/dags/data/models/Solomon Islands/deaths_TS_model.pkl for tasks to queue
[2024-08-17T12:33:57.440+0000] {logging_mixin.py:188} INFO - [2024-08-17T12:33:57.439+0000] {dagbag.py:545} INFO - Filling up the DagBag from /opt/airflow/dags/data/models/Solomon Islands/deaths_TS_model.pkl
[2024-08-17T12:33:57.454+0000] {processor.py:842} WARNING - No viable dags retrieved from /opt/airflow/dags/data/models/Solomon Islands/deaths_TS_model.pkl
[2024-08-17T12:33:57.463+0000] {processor.py:183} INFO - Processing /opt/airflow/dags/data/models/Solomon Islands/deaths_TS_model.pkl took 0.028 seconds
[2024-08-17T12:34:31.407+0000] {processor.py:161} INFO - Started process (PID=44333) to work on /opt/airflow/dags/data/models/Solomon Islands/deaths_TS_model.pkl
[2024-08-17T12:34:31.414+0000] {processor.py:830} INFO - Processing file /opt/airflow/dags/data/models/Solomon Islands/deaths_TS_model.pkl for tasks to queue
[2024-08-17T12:34:31.415+0000] {logging_mixin.py:188} INFO - [2024-08-17T12:34:31.415+0000] {dagbag.py:545} INFO - Filling up the DagBag from /opt/airflow/dags/data/models/Solomon Islands/deaths_TS_model.pkl
[2024-08-17T12:34:31.423+0000] {processor.py:842} WARNING - No viable dags retrieved from /opt/airflow/dags/data/models/Solomon Islands/deaths_TS_model.pkl
[2024-08-17T12:34:31.432+0000] {processor.py:183} INFO - Processing /opt/airflow/dags/data/models/Solomon Islands/deaths_TS_model.pkl took 0.029 seconds
[2024-08-17T12:35:02.274+0000] {processor.py:161} INFO - Started process (PID=45003) to work on /opt/airflow/dags/data/models/Solomon Islands/deaths_TS_model.pkl
[2024-08-17T12:35:02.275+0000] {processor.py:830} INFO - Processing file /opt/airflow/dags/data/models/Solomon Islands/deaths_TS_model.pkl for tasks to queue
[2024-08-17T12:35:02.276+0000] {logging_mixin.py:188} INFO - [2024-08-17T12:35:02.275+0000] {dagbag.py:545} INFO - Filling up the DagBag from /opt/airflow/dags/data/models/Solomon Islands/deaths_TS_model.pkl
[2024-08-17T12:35:02.282+0000] {processor.py:842} WARNING - No viable dags retrieved from /opt/airflow/dags/data/models/Solomon Islands/deaths_TS_model.pkl
[2024-08-17T12:35:02.291+0000] {processor.py:183} INFO - Processing /opt/airflow/dags/data/models/Solomon Islands/deaths_TS_model.pkl took 0.020 seconds
[2024-08-17T12:35:34.808+0000] {processor.py:161} INFO - Started process (PID=45726) to work on /opt/airflow/dags/data/models/Solomon Islands/deaths_TS_model.pkl
[2024-08-17T12:35:34.810+0000] {processor.py:830} INFO - Processing file /opt/airflow/dags/data/models/Solomon Islands/deaths_TS_model.pkl for tasks to queue
[2024-08-17T12:35:34.811+0000] {logging_mixin.py:188} INFO - [2024-08-17T12:35:34.811+0000] {dagbag.py:545} INFO - Filling up the DagBag from /opt/airflow/dags/data/models/Solomon Islands/deaths_TS_model.pkl
[2024-08-17T12:35:34.827+0000] {processor.py:842} WARNING - No viable dags retrieved from /opt/airflow/dags/data/models/Solomon Islands/deaths_TS_model.pkl
[2024-08-17T12:35:34.837+0000] {processor.py:183} INFO - Processing /opt/airflow/dags/data/models/Solomon Islands/deaths_TS_model.pkl took 0.032 seconds
[2024-08-17T12:36:08.136+0000] {processor.py:161} INFO - Started process (PID=46450) to work on /opt/airflow/dags/data/models/Solomon Islands/deaths_TS_model.pkl
[2024-08-17T12:36:08.137+0000] {processor.py:830} INFO - Processing file /opt/airflow/dags/data/models/Solomon Islands/deaths_TS_model.pkl for tasks to queue
[2024-08-17T12:36:08.137+0000] {logging_mixin.py:188} INFO - [2024-08-17T12:36:08.137+0000] {dagbag.py:545} INFO - Filling up the DagBag from /opt/airflow/dags/data/models/Solomon Islands/deaths_TS_model.pkl
[2024-08-17T12:36:08.147+0000] {processor.py:842} WARNING - No viable dags retrieved from /opt/airflow/dags/data/models/Solomon Islands/deaths_TS_model.pkl
[2024-08-17T12:36:08.156+0000] {processor.py:183} INFO - Processing /opt/airflow/dags/data/models/Solomon Islands/deaths_TS_model.pkl took 0.025 seconds
[2024-08-17T12:36:39.921+0000] {processor.py:161} INFO - Started process (PID=47174) to work on /opt/airflow/dags/data/models/Solomon Islands/deaths_TS_model.pkl
[2024-08-17T12:36:39.921+0000] {processor.py:830} INFO - Processing file /opt/airflow/dags/data/models/Solomon Islands/deaths_TS_model.pkl for tasks to queue
[2024-08-17T12:36:39.922+0000] {logging_mixin.py:188} INFO - [2024-08-17T12:36:39.922+0000] {dagbag.py:545} INFO - Filling up the DagBag from /opt/airflow/dags/data/models/Solomon Islands/deaths_TS_model.pkl
[2024-08-17T12:36:39.942+0000] {processor.py:842} WARNING - No viable dags retrieved from /opt/airflow/dags/data/models/Solomon Islands/deaths_TS_model.pkl
[2024-08-17T12:36:39.950+0000] {processor.py:183} INFO - Processing /opt/airflow/dags/data/models/Solomon Islands/deaths_TS_model.pkl took 0.033 seconds
[2024-08-17T12:37:11.702+0000] {processor.py:161} INFO - Started process (PID=47903) to work on /opt/airflow/dags/data/models/Solomon Islands/deaths_TS_model.pkl
[2024-08-17T12:37:11.703+0000] {processor.py:830} INFO - Processing file /opt/airflow/dags/data/models/Solomon Islands/deaths_TS_model.pkl for tasks to queue
[2024-08-17T12:37:11.704+0000] {logging_mixin.py:188} INFO - [2024-08-17T12:37:11.703+0000] {dagbag.py:545} INFO - Filling up the DagBag from /opt/airflow/dags/data/models/Solomon Islands/deaths_TS_model.pkl
[2024-08-17T12:37:11.711+0000] {processor.py:842} WARNING - No viable dags retrieved from /opt/airflow/dags/data/models/Solomon Islands/deaths_TS_model.pkl
[2024-08-17T12:37:11.720+0000] {processor.py:183} INFO - Processing /opt/airflow/dags/data/models/Solomon Islands/deaths_TS_model.pkl took 0.022 seconds
[2024-08-17T12:37:44.150+0000] {processor.py:161} INFO - Started process (PID=48635) to work on /opt/airflow/dags/data/models/Solomon Islands/deaths_TS_model.pkl
[2024-08-17T12:37:44.151+0000] {processor.py:830} INFO - Processing file /opt/airflow/dags/data/models/Solomon Islands/deaths_TS_model.pkl for tasks to queue
[2024-08-17T12:37:44.152+0000] {logging_mixin.py:188} INFO - [2024-08-17T12:37:44.152+0000] {dagbag.py:545} INFO - Filling up the DagBag from /opt/airflow/dags/data/models/Solomon Islands/deaths_TS_model.pkl
[2024-08-17T12:37:44.161+0000] {processor.py:842} WARNING - No viable dags retrieved from /opt/airflow/dags/data/models/Solomon Islands/deaths_TS_model.pkl
[2024-08-17T12:37:44.169+0000] {processor.py:183} INFO - Processing /opt/airflow/dags/data/models/Solomon Islands/deaths_TS_model.pkl took 0.023 seconds
[2024-08-17T12:38:17.041+0000] {processor.py:161} INFO - Started process (PID=49265) to work on /opt/airflow/dags/data/models/Solomon Islands/deaths_TS_model.pkl
[2024-08-17T12:38:17.042+0000] {processor.py:830} INFO - Processing file /opt/airflow/dags/data/models/Solomon Islands/deaths_TS_model.pkl for tasks to queue
[2024-08-17T12:38:17.043+0000] {logging_mixin.py:188} INFO - [2024-08-17T12:38:17.042+0000] {dagbag.py:545} INFO - Filling up the DagBag from /opt/airflow/dags/data/models/Solomon Islands/deaths_TS_model.pkl
[2024-08-17T12:38:17.051+0000] {processor.py:842} WARNING - No viable dags retrieved from /opt/airflow/dags/data/models/Solomon Islands/deaths_TS_model.pkl
[2024-08-17T12:38:17.060+0000] {processor.py:183} INFO - Processing /opt/airflow/dags/data/models/Solomon Islands/deaths_TS_model.pkl took 0.024 seconds
[2024-08-17T12:38:52.328+0000] {processor.py:161} INFO - Started process (PID=50006) to work on /opt/airflow/dags/data/models/Solomon Islands/deaths_TS_model.pkl
[2024-08-17T12:38:52.331+0000] {processor.py:830} INFO - Processing file /opt/airflow/dags/data/models/Solomon Islands/deaths_TS_model.pkl for tasks to queue
[2024-08-17T12:38:52.332+0000] {logging_mixin.py:188} INFO - [2024-08-17T12:38:52.332+0000] {dagbag.py:545} INFO - Filling up the DagBag from /opt/airflow/dags/data/models/Solomon Islands/deaths_TS_model.pkl
[2024-08-17T12:38:52.348+0000] {processor.py:842} WARNING - No viable dags retrieved from /opt/airflow/dags/data/models/Solomon Islands/deaths_TS_model.pkl
[2024-08-17T12:38:52.356+0000] {processor.py:183} INFO - Processing /opt/airflow/dags/data/models/Solomon Islands/deaths_TS_model.pkl took 0.031 seconds
[2024-08-17T12:39:23.615+0000] {processor.py:161} INFO - Started process (PID=50684) to work on /opt/airflow/dags/data/models/Solomon Islands/deaths_TS_model.pkl
[2024-08-17T12:39:23.615+0000] {processor.py:830} INFO - Processing file /opt/airflow/dags/data/models/Solomon Islands/deaths_TS_model.pkl for tasks to queue
[2024-08-17T12:39:23.616+0000] {logging_mixin.py:188} INFO - [2024-08-17T12:39:23.616+0000] {dagbag.py:545} INFO - Filling up the DagBag from /opt/airflow/dags/data/models/Solomon Islands/deaths_TS_model.pkl
[2024-08-17T12:39:23.656+0000] {processor.py:842} WARNING - No viable dags retrieved from /opt/airflow/dags/data/models/Solomon Islands/deaths_TS_model.pkl
[2024-08-17T12:39:23.666+0000] {processor.py:183} INFO - Processing /opt/airflow/dags/data/models/Solomon Islands/deaths_TS_model.pkl took 0.055 seconds
[2024-08-17T12:39:54.674+0000] {processor.py:161} INFO - Started process (PID=51386) to work on /opt/airflow/dags/data/models/Solomon Islands/deaths_TS_model.pkl
[2024-08-17T12:39:54.675+0000] {processor.py:830} INFO - Processing file /opt/airflow/dags/data/models/Solomon Islands/deaths_TS_model.pkl for tasks to queue
[2024-08-17T12:39:54.675+0000] {logging_mixin.py:188} INFO - [2024-08-17T12:39:54.675+0000] {dagbag.py:545} INFO - Filling up the DagBag from /opt/airflow/dags/data/models/Solomon Islands/deaths_TS_model.pkl
[2024-08-17T12:39:54.686+0000] {processor.py:842} WARNING - No viable dags retrieved from /opt/airflow/dags/data/models/Solomon Islands/deaths_TS_model.pkl
[2024-08-17T12:39:54.695+0000] {processor.py:183} INFO - Processing /opt/airflow/dags/data/models/Solomon Islands/deaths_TS_model.pkl took 0.025 seconds
[2024-08-17T12:40:26.574+0000] {processor.py:161} INFO - Started process (PID=52092) to work on /opt/airflow/dags/data/models/Solomon Islands/deaths_TS_model.pkl
[2024-08-17T12:40:26.577+0000] {processor.py:830} INFO - Processing file /opt/airflow/dags/data/models/Solomon Islands/deaths_TS_model.pkl for tasks to queue
[2024-08-17T12:40:26.578+0000] {logging_mixin.py:188} INFO - [2024-08-17T12:40:26.578+0000] {dagbag.py:545} INFO - Filling up the DagBag from /opt/airflow/dags/data/models/Solomon Islands/deaths_TS_model.pkl
[2024-08-17T12:40:26.595+0000] {processor.py:842} WARNING - No viable dags retrieved from /opt/airflow/dags/data/models/Solomon Islands/deaths_TS_model.pkl
[2024-08-17T12:40:26.605+0000] {processor.py:183} INFO - Processing /opt/airflow/dags/data/models/Solomon Islands/deaths_TS_model.pkl took 0.038 seconds
[2024-08-17T12:40:58.883+0000] {processor.py:161} INFO - Started process (PID=52834) to work on /opt/airflow/dags/data/models/Solomon Islands/deaths_TS_model.pkl
[2024-08-17T12:40:58.884+0000] {processor.py:830} INFO - Processing file /opt/airflow/dags/data/models/Solomon Islands/deaths_TS_model.pkl for tasks to queue
[2024-08-17T12:40:58.885+0000] {logging_mixin.py:188} INFO - [2024-08-17T12:40:58.885+0000] {dagbag.py:545} INFO - Filling up the DagBag from /opt/airflow/dags/data/models/Solomon Islands/deaths_TS_model.pkl
[2024-08-17T12:40:58.897+0000] {processor.py:842} WARNING - No viable dags retrieved from /opt/airflow/dags/data/models/Solomon Islands/deaths_TS_model.pkl
[2024-08-17T12:40:58.907+0000] {processor.py:183} INFO - Processing /opt/airflow/dags/data/models/Solomon Islands/deaths_TS_model.pkl took 0.028 seconds
[2024-08-17T12:41:31.107+0000] {processor.py:161} INFO - Started process (PID=53562) to work on /opt/airflow/dags/data/models/Solomon Islands/deaths_TS_model.pkl
[2024-08-17T12:41:31.108+0000] {processor.py:830} INFO - Processing file /opt/airflow/dags/data/models/Solomon Islands/deaths_TS_model.pkl for tasks to queue
[2024-08-17T12:41:31.108+0000] {logging_mixin.py:188} INFO - [2024-08-17T12:41:31.108+0000] {dagbag.py:545} INFO - Filling up the DagBag from /opt/airflow/dags/data/models/Solomon Islands/deaths_TS_model.pkl
[2024-08-17T12:41:31.117+0000] {processor.py:842} WARNING - No viable dags retrieved from /opt/airflow/dags/data/models/Solomon Islands/deaths_TS_model.pkl
[2024-08-17T12:41:31.128+0000] {processor.py:183} INFO - Processing /opt/airflow/dags/data/models/Solomon Islands/deaths_TS_model.pkl took 0.025 seconds
