[2024-08-17T10:07:53.129+0000] {processor.py:161} INFO - Started process (PID=30973) to work on /opt/airflow/dags/data/models/Paraguay/cases_TS_model.pkl
[2024-08-17T10:07:53.129+0000] {processor.py:830} INFO - Processing file /opt/airflow/dags/data/models/Paraguay/cases_TS_model.pkl for tasks to queue
[2024-08-17T10:07:53.130+0000] {logging_mixin.py:188} INFO - [2024-08-17T10:07:53.130+0000] {dagbag.py:545} INFO - Filling up the DagBag from /opt/airflow/dags/data/models/Paraguay/cases_TS_model.pkl
[2024-08-17T10:07:53.143+0000] {processor.py:842} WARNING - No viable dags retrieved from /opt/airflow/dags/data/models/Paraguay/cases_TS_model.pkl
[2024-08-17T10:07:53.152+0000] {processor.py:183} INFO - Processing /opt/airflow/dags/data/models/Paraguay/cases_TS_model.pkl took 0.027 seconds
[2024-08-17T10:08:25.088+0000] {processor.py:161} INFO - Started process (PID=31593) to work on /opt/airflow/dags/data/models/Paraguay/cases_TS_model.pkl
[2024-08-17T10:08:25.089+0000] {processor.py:830} INFO - Processing file /opt/airflow/dags/data/models/Paraguay/cases_TS_model.pkl for tasks to queue
[2024-08-17T10:08:25.089+0000] {logging_mixin.py:188} INFO - [2024-08-17T10:08:25.089+0000] {dagbag.py:545} INFO - Filling up the DagBag from /opt/airflow/dags/data/models/Paraguay/cases_TS_model.pkl
[2024-08-17T10:08:25.105+0000] {processor.py:842} WARNING - No viable dags retrieved from /opt/airflow/dags/data/models/Paraguay/cases_TS_model.pkl
[2024-08-17T10:08:25.114+0000] {processor.py:183} INFO - Processing /opt/airflow/dags/data/models/Paraguay/cases_TS_model.pkl took 0.029 seconds
[2024-08-17T10:08:56.334+0000] {processor.py:161} INFO - Started process (PID=32174) to work on /opt/airflow/dags/data/models/Paraguay/cases_TS_model.pkl
[2024-08-17T10:08:56.335+0000] {processor.py:830} INFO - Processing file /opt/airflow/dags/data/models/Paraguay/cases_TS_model.pkl for tasks to queue
[2024-08-17T10:08:56.335+0000] {logging_mixin.py:188} INFO - [2024-08-17T10:08:56.335+0000] {dagbag.py:545} INFO - Filling up the DagBag from /opt/airflow/dags/data/models/Paraguay/cases_TS_model.pkl
[2024-08-17T10:08:56.348+0000] {processor.py:842} WARNING - No viable dags retrieved from /opt/airflow/dags/data/models/Paraguay/cases_TS_model.pkl
[2024-08-17T10:08:56.358+0000] {processor.py:183} INFO - Processing /opt/airflow/dags/data/models/Paraguay/cases_TS_model.pkl took 0.029 seconds
[2024-08-17T10:09:27.216+0000] {processor.py:161} INFO - Started process (PID=32804) to work on /opt/airflow/dags/data/models/Paraguay/cases_TS_model.pkl
[2024-08-17T10:09:27.217+0000] {processor.py:830} INFO - Processing file /opt/airflow/dags/data/models/Paraguay/cases_TS_model.pkl for tasks to queue
[2024-08-17T10:09:27.217+0000] {logging_mixin.py:188} INFO - [2024-08-17T10:09:27.217+0000] {dagbag.py:545} INFO - Filling up the DagBag from /opt/airflow/dags/data/models/Paraguay/cases_TS_model.pkl
[2024-08-17T10:09:27.236+0000] {processor.py:842} WARNING - No viable dags retrieved from /opt/airflow/dags/data/models/Paraguay/cases_TS_model.pkl
[2024-08-17T10:09:27.246+0000] {processor.py:183} INFO - Processing /opt/airflow/dags/data/models/Paraguay/cases_TS_model.pkl took 0.033 seconds
[2024-08-17T10:09:58.963+0000] {processor.py:161} INFO - Started process (PID=33433) to work on /opt/airflow/dags/data/models/Paraguay/cases_TS_model.pkl
[2024-08-17T10:09:58.963+0000] {processor.py:830} INFO - Processing file /opt/airflow/dags/data/models/Paraguay/cases_TS_model.pkl for tasks to queue
[2024-08-17T10:09:58.964+0000] {logging_mixin.py:188} INFO - [2024-08-17T10:09:58.964+0000] {dagbag.py:545} INFO - Filling up the DagBag from /opt/airflow/dags/data/models/Paraguay/cases_TS_model.pkl
[2024-08-17T10:09:58.975+0000] {processor.py:842} WARNING - No viable dags retrieved from /opt/airflow/dags/data/models/Paraguay/cases_TS_model.pkl
[2024-08-17T10:09:58.984+0000] {processor.py:183} INFO - Processing /opt/airflow/dags/data/models/Paraguay/cases_TS_model.pkl took 0.025 seconds
[2024-08-17T10:10:30.405+0000] {processor.py:161} INFO - Started process (PID=34035) to work on /opt/airflow/dags/data/models/Paraguay/cases_TS_model.pkl
[2024-08-17T10:10:30.405+0000] {processor.py:830} INFO - Processing file /opt/airflow/dags/data/models/Paraguay/cases_TS_model.pkl for tasks to queue
[2024-08-17T10:10:30.406+0000] {logging_mixin.py:188} INFO - [2024-08-17T10:10:30.406+0000] {dagbag.py:545} INFO - Filling up the DagBag from /opt/airflow/dags/data/models/Paraguay/cases_TS_model.pkl
[2024-08-17T10:10:30.419+0000] {processor.py:842} WARNING - No viable dags retrieved from /opt/airflow/dags/data/models/Paraguay/cases_TS_model.pkl
[2024-08-17T10:10:30.428+0000] {processor.py:183} INFO - Processing /opt/airflow/dags/data/models/Paraguay/cases_TS_model.pkl took 0.027 seconds
[2024-08-17T10:11:01.747+0000] {processor.py:161} INFO - Started process (PID=34642) to work on /opt/airflow/dags/data/models/Paraguay/cases_TS_model.pkl
[2024-08-17T10:11:01.747+0000] {processor.py:830} INFO - Processing file /opt/airflow/dags/data/models/Paraguay/cases_TS_model.pkl for tasks to queue
[2024-08-17T10:11:01.748+0000] {logging_mixin.py:188} INFO - [2024-08-17T10:11:01.748+0000] {dagbag.py:545} INFO - Filling up the DagBag from /opt/airflow/dags/data/models/Paraguay/cases_TS_model.pkl
[2024-08-17T10:11:01.758+0000] {processor.py:842} WARNING - No viable dags retrieved from /opt/airflow/dags/data/models/Paraguay/cases_TS_model.pkl
[2024-08-17T10:11:01.767+0000] {processor.py:183} INFO - Processing /opt/airflow/dags/data/models/Paraguay/cases_TS_model.pkl took 0.025 seconds
[2024-08-17T10:11:33.103+0000] {processor.py:161} INFO - Started process (PID=35251) to work on /opt/airflow/dags/data/models/Paraguay/cases_TS_model.pkl
[2024-08-17T10:11:33.103+0000] {processor.py:830} INFO - Processing file /opt/airflow/dags/data/models/Paraguay/cases_TS_model.pkl for tasks to queue
[2024-08-17T10:11:33.104+0000] {logging_mixin.py:188} INFO - [2024-08-17T10:11:33.104+0000] {dagbag.py:545} INFO - Filling up the DagBag from /opt/airflow/dags/data/models/Paraguay/cases_TS_model.pkl
[2024-08-17T10:11:33.114+0000] {processor.py:842} WARNING - No viable dags retrieved from /opt/airflow/dags/data/models/Paraguay/cases_TS_model.pkl
[2024-08-17T10:11:33.124+0000] {processor.py:183} INFO - Processing /opt/airflow/dags/data/models/Paraguay/cases_TS_model.pkl took 0.025 seconds
[2024-08-17T10:12:04.732+0000] {processor.py:161} INFO - Started process (PID=35872) to work on /opt/airflow/dags/data/models/Paraguay/cases_TS_model.pkl
[2024-08-17T10:12:04.733+0000] {processor.py:830} INFO - Processing file /opt/airflow/dags/data/models/Paraguay/cases_TS_model.pkl for tasks to queue
[2024-08-17T10:12:04.733+0000] {logging_mixin.py:188} INFO - [2024-08-17T10:12:04.733+0000] {dagbag.py:545} INFO - Filling up the DagBag from /opt/airflow/dags/data/models/Paraguay/cases_TS_model.pkl
[2024-08-17T10:12:04.741+0000] {processor.py:842} WARNING - No viable dags retrieved from /opt/airflow/dags/data/models/Paraguay/cases_TS_model.pkl
[2024-08-17T10:12:04.750+0000] {processor.py:183} INFO - Processing /opt/airflow/dags/data/models/Paraguay/cases_TS_model.pkl took 0.021 seconds
[2024-08-17T10:12:37.314+0000] {processor.py:161} INFO - Started process (PID=36479) to work on /opt/airflow/dags/data/models/Paraguay/cases_TS_model.pkl
[2024-08-17T10:12:37.315+0000] {processor.py:830} INFO - Processing file /opt/airflow/dags/data/models/Paraguay/cases_TS_model.pkl for tasks to queue
[2024-08-17T10:12:37.315+0000] {logging_mixin.py:188} INFO - [2024-08-17T10:12:37.315+0000] {dagbag.py:545} INFO - Filling up the DagBag from /opt/airflow/dags/data/models/Paraguay/cases_TS_model.pkl
[2024-08-17T10:12:37.326+0000] {processor.py:842} WARNING - No viable dags retrieved from /opt/airflow/dags/data/models/Paraguay/cases_TS_model.pkl
[2024-08-17T10:12:37.336+0000] {processor.py:183} INFO - Processing /opt/airflow/dags/data/models/Paraguay/cases_TS_model.pkl took 0.025 seconds
[2024-08-17T10:13:14.658+0000] {processor.py:161} INFO - Started process (PID=37142) to work on /opt/airflow/dags/data/models/Paraguay/cases_TS_model.pkl
[2024-08-17T10:13:14.658+0000] {processor.py:830} INFO - Processing file /opt/airflow/dags/data/models/Paraguay/cases_TS_model.pkl for tasks to queue
[2024-08-17T10:13:14.659+0000] {logging_mixin.py:188} INFO - [2024-08-17T10:13:14.659+0000] {dagbag.py:545} INFO - Filling up the DagBag from /opt/airflow/dags/data/models/Paraguay/cases_TS_model.pkl
[2024-08-17T10:13:14.668+0000] {processor.py:842} WARNING - No viable dags retrieved from /opt/airflow/dags/data/models/Paraguay/cases_TS_model.pkl
[2024-08-17T10:13:14.678+0000] {processor.py:183} INFO - Processing /opt/airflow/dags/data/models/Paraguay/cases_TS_model.pkl took 0.024 seconds
[2024-08-17T10:13:46.567+0000] {processor.py:161} INFO - Started process (PID=37753) to work on /opt/airflow/dags/data/models/Paraguay/cases_TS_model.pkl
[2024-08-17T10:13:46.568+0000] {processor.py:830} INFO - Processing file /opt/airflow/dags/data/models/Paraguay/cases_TS_model.pkl for tasks to queue
[2024-08-17T10:13:46.569+0000] {logging_mixin.py:188} INFO - [2024-08-17T10:13:46.569+0000] {dagbag.py:545} INFO - Filling up the DagBag from /opt/airflow/dags/data/models/Paraguay/cases_TS_model.pkl
[2024-08-17T10:13:46.580+0000] {processor.py:842} WARNING - No viable dags retrieved from /opt/airflow/dags/data/models/Paraguay/cases_TS_model.pkl
[2024-08-17T10:13:46.589+0000] {processor.py:183} INFO - Processing /opt/airflow/dags/data/models/Paraguay/cases_TS_model.pkl took 0.027 seconds
[2024-08-17T10:14:19.900+0000] {processor.py:161} INFO - Started process (PID=38426) to work on /opt/airflow/dags/data/models/Paraguay/cases_TS_model.pkl
[2024-08-17T10:14:19.901+0000] {processor.py:830} INFO - Processing file /opt/airflow/dags/data/models/Paraguay/cases_TS_model.pkl for tasks to queue
[2024-08-17T10:14:19.902+0000] {logging_mixin.py:188} INFO - [2024-08-17T10:14:19.902+0000] {dagbag.py:545} INFO - Filling up the DagBag from /opt/airflow/dags/data/models/Paraguay/cases_TS_model.pkl
[2024-08-17T10:14:19.927+0000] {processor.py:842} WARNING - No viable dags retrieved from /opt/airflow/dags/data/models/Paraguay/cases_TS_model.pkl
[2024-08-17T10:14:19.937+0000] {processor.py:183} INFO - Processing /opt/airflow/dags/data/models/Paraguay/cases_TS_model.pkl took 0.040 seconds
[2024-08-17T10:14:53.549+0000] {processor.py:161} INFO - Started process (PID=39112) to work on /opt/airflow/dags/data/models/Paraguay/cases_TS_model.pkl
[2024-08-17T10:14:53.550+0000] {processor.py:830} INFO - Processing file /opt/airflow/dags/data/models/Paraguay/cases_TS_model.pkl for tasks to queue
[2024-08-17T10:14:53.550+0000] {logging_mixin.py:188} INFO - [2024-08-17T10:14:53.550+0000] {dagbag.py:545} INFO - Filling up the DagBag from /opt/airflow/dags/data/models/Paraguay/cases_TS_model.pkl
[2024-08-17T10:14:53.560+0000] {processor.py:842} WARNING - No viable dags retrieved from /opt/airflow/dags/data/models/Paraguay/cases_TS_model.pkl
[2024-08-17T10:14:53.569+0000] {processor.py:183} INFO - Processing /opt/airflow/dags/data/models/Paraguay/cases_TS_model.pkl took 0.023 seconds
[2024-08-17T10:15:25.522+0000] {processor.py:161} INFO - Started process (PID=39784) to work on /opt/airflow/dags/data/models/Paraguay/cases_TS_model.pkl
[2024-08-17T10:15:25.523+0000] {processor.py:830} INFO - Processing file /opt/airflow/dags/data/models/Paraguay/cases_TS_model.pkl for tasks to queue
[2024-08-17T10:15:25.524+0000] {logging_mixin.py:188} INFO - [2024-08-17T10:15:25.524+0000] {dagbag.py:545} INFO - Filling up the DagBag from /opt/airflow/dags/data/models/Paraguay/cases_TS_model.pkl
[2024-08-17T10:15:25.533+0000] {processor.py:842} WARNING - No viable dags retrieved from /opt/airflow/dags/data/models/Paraguay/cases_TS_model.pkl
[2024-08-17T10:15:25.543+0000] {processor.py:183} INFO - Processing /opt/airflow/dags/data/models/Paraguay/cases_TS_model.pkl took 0.024 seconds
[2024-08-17T10:15:58.637+0000] {processor.py:161} INFO - Started process (PID=40476) to work on /opt/airflow/dags/data/models/Paraguay/cases_TS_model.pkl
[2024-08-17T10:15:58.637+0000] {processor.py:830} INFO - Processing file /opt/airflow/dags/data/models/Paraguay/cases_TS_model.pkl for tasks to queue
[2024-08-17T10:15:58.638+0000] {logging_mixin.py:188} INFO - [2024-08-17T10:15:58.638+0000] {dagbag.py:545} INFO - Filling up the DagBag from /opt/airflow/dags/data/models/Paraguay/cases_TS_model.pkl
[2024-08-17T10:15:58.646+0000] {processor.py:842} WARNING - No viable dags retrieved from /opt/airflow/dags/data/models/Paraguay/cases_TS_model.pkl
[2024-08-17T10:15:58.656+0000] {processor.py:183} INFO - Processing /opt/airflow/dags/data/models/Paraguay/cases_TS_model.pkl took 0.023 seconds
[2024-08-17T10:16:30.858+0000] {processor.py:161} INFO - Started process (PID=41150) to work on /opt/airflow/dags/data/models/Paraguay/cases_TS_model.pkl
[2024-08-17T10:16:30.860+0000] {processor.py:830} INFO - Processing file /opt/airflow/dags/data/models/Paraguay/cases_TS_model.pkl for tasks to queue
[2024-08-17T10:16:30.861+0000] {logging_mixin.py:188} INFO - [2024-08-17T10:16:30.861+0000] {dagbag.py:545} INFO - Filling up the DagBag from /opt/airflow/dags/data/models/Paraguay/cases_TS_model.pkl
[2024-08-17T10:16:30.874+0000] {processor.py:842} WARNING - No viable dags retrieved from /opt/airflow/dags/data/models/Paraguay/cases_TS_model.pkl
[2024-08-17T10:16:30.884+0000] {processor.py:183} INFO - Processing /opt/airflow/dags/data/models/Paraguay/cases_TS_model.pkl took 0.030 seconds
[2024-08-17T10:17:02.605+0000] {processor.py:161} INFO - Started process (PID=41836) to work on /opt/airflow/dags/data/models/Paraguay/cases_TS_model.pkl
[2024-08-17T10:17:02.605+0000] {processor.py:830} INFO - Processing file /opt/airflow/dags/data/models/Paraguay/cases_TS_model.pkl for tasks to queue
[2024-08-17T10:17:02.606+0000] {logging_mixin.py:188} INFO - [2024-08-17T10:17:02.606+0000] {dagbag.py:545} INFO - Filling up the DagBag from /opt/airflow/dags/data/models/Paraguay/cases_TS_model.pkl
[2024-08-17T10:17:02.613+0000] {processor.py:842} WARNING - No viable dags retrieved from /opt/airflow/dags/data/models/Paraguay/cases_TS_model.pkl
[2024-08-17T10:17:02.623+0000] {processor.py:183} INFO - Processing /opt/airflow/dags/data/models/Paraguay/cases_TS_model.pkl took 0.022 seconds
[2024-08-17T10:17:34.186+0000] {processor.py:161} INFO - Started process (PID=42528) to work on /opt/airflow/dags/data/models/Paraguay/cases_TS_model.pkl
[2024-08-17T10:17:34.186+0000] {processor.py:830} INFO - Processing file /opt/airflow/dags/data/models/Paraguay/cases_TS_model.pkl for tasks to queue
[2024-08-17T10:17:34.187+0000] {logging_mixin.py:188} INFO - [2024-08-17T10:17:34.187+0000] {dagbag.py:545} INFO - Filling up the DagBag from /opt/airflow/dags/data/models/Paraguay/cases_TS_model.pkl
[2024-08-17T10:17:34.195+0000] {processor.py:842} WARNING - No viable dags retrieved from /opt/airflow/dags/data/models/Paraguay/cases_TS_model.pkl
[2024-08-17T10:17:34.204+0000] {processor.py:183} INFO - Processing /opt/airflow/dags/data/models/Paraguay/cases_TS_model.pkl took 0.021 seconds
[2024-08-17T10:18:10.336+0000] {processor.py:161} INFO - Started process (PID=43166) to work on /opt/airflow/dags/data/models/Paraguay/cases_TS_model.pkl
[2024-08-17T10:18:10.336+0000] {processor.py:830} INFO - Processing file /opt/airflow/dags/data/models/Paraguay/cases_TS_model.pkl for tasks to queue
[2024-08-17T10:18:10.337+0000] {logging_mixin.py:188} INFO - [2024-08-17T10:18:10.337+0000] {dagbag.py:545} INFO - Filling up the DagBag from /opt/airflow/dags/data/models/Paraguay/cases_TS_model.pkl
[2024-08-17T10:18:10.344+0000] {processor.py:842} WARNING - No viable dags retrieved from /opt/airflow/dags/data/models/Paraguay/cases_TS_model.pkl
[2024-08-17T10:18:10.353+0000] {processor.py:183} INFO - Processing /opt/airflow/dags/data/models/Paraguay/cases_TS_model.pkl took 0.020 seconds
[2024-08-17T10:18:44.483+0000] {processor.py:161} INFO - Started process (PID=43909) to work on /opt/airflow/dags/data/models/Paraguay/cases_TS_model.pkl
[2024-08-17T10:18:44.483+0000] {processor.py:830} INFO - Processing file /opt/airflow/dags/data/models/Paraguay/cases_TS_model.pkl for tasks to queue
[2024-08-17T10:18:44.484+0000] {logging_mixin.py:188} INFO - [2024-08-17T10:18:44.484+0000] {dagbag.py:545} INFO - Filling up the DagBag from /opt/airflow/dags/data/models/Paraguay/cases_TS_model.pkl
[2024-08-17T10:18:44.498+0000] {processor.py:842} WARNING - No viable dags retrieved from /opt/airflow/dags/data/models/Paraguay/cases_TS_model.pkl
[2024-08-17T10:18:44.506+0000] {processor.py:183} INFO - Processing /opt/airflow/dags/data/models/Paraguay/cases_TS_model.pkl took 0.027 seconds
[2024-08-17T10:19:18.264+0000] {processor.py:161} INFO - Started process (PID=44652) to work on /opt/airflow/dags/data/models/Paraguay/cases_TS_model.pkl
[2024-08-17T10:19:18.266+0000] {processor.py:830} INFO - Processing file /opt/airflow/dags/data/models/Paraguay/cases_TS_model.pkl for tasks to queue
[2024-08-17T10:19:18.267+0000] {logging_mixin.py:188} INFO - [2024-08-17T10:19:18.266+0000] {dagbag.py:545} INFO - Filling up the DagBag from /opt/airflow/dags/data/models/Paraguay/cases_TS_model.pkl
[2024-08-17T10:19:18.276+0000] {processor.py:842} WARNING - No viable dags retrieved from /opt/airflow/dags/data/models/Paraguay/cases_TS_model.pkl
[2024-08-17T10:19:18.285+0000] {processor.py:183} INFO - Processing /opt/airflow/dags/data/models/Paraguay/cases_TS_model.pkl took 0.025 seconds
[2024-08-17T10:19:50.530+0000] {processor.py:161} INFO - Started process (PID=45348) to work on /opt/airflow/dags/data/models/Paraguay/cases_TS_model.pkl
[2024-08-17T10:19:50.531+0000] {processor.py:830} INFO - Processing file /opt/airflow/dags/data/models/Paraguay/cases_TS_model.pkl for tasks to queue
[2024-08-17T10:19:50.531+0000] {logging_mixin.py:188} INFO - [2024-08-17T10:19:50.531+0000] {dagbag.py:545} INFO - Filling up the DagBag from /opt/airflow/dags/data/models/Paraguay/cases_TS_model.pkl
[2024-08-17T10:19:50.553+0000] {processor.py:842} WARNING - No viable dags retrieved from /opt/airflow/dags/data/models/Paraguay/cases_TS_model.pkl
[2024-08-17T10:19:50.562+0000] {processor.py:183} INFO - Processing /opt/airflow/dags/data/models/Paraguay/cases_TS_model.pkl took 0.037 seconds
[2024-08-17T10:20:23.003+0000] {processor.py:161} INFO - Started process (PID=46070) to work on /opt/airflow/dags/data/models/Paraguay/cases_TS_model.pkl
[2024-08-17T10:20:23.004+0000] {processor.py:830} INFO - Processing file /opt/airflow/dags/data/models/Paraguay/cases_TS_model.pkl for tasks to queue
[2024-08-17T10:20:23.004+0000] {logging_mixin.py:188} INFO - [2024-08-17T10:20:23.004+0000] {dagbag.py:545} INFO - Filling up the DagBag from /opt/airflow/dags/data/models/Paraguay/cases_TS_model.pkl
[2024-08-17T10:20:23.016+0000] {processor.py:842} WARNING - No viable dags retrieved from /opt/airflow/dags/data/models/Paraguay/cases_TS_model.pkl
[2024-08-17T10:20:23.025+0000] {processor.py:183} INFO - Processing /opt/airflow/dags/data/models/Paraguay/cases_TS_model.pkl took 0.026 seconds
[2024-08-17T10:20:54.931+0000] {processor.py:161} INFO - Started process (PID=46802) to work on /opt/airflow/dags/data/models/Paraguay/cases_TS_model.pkl
[2024-08-17T10:20:54.932+0000] {processor.py:830} INFO - Processing file /opt/airflow/dags/data/models/Paraguay/cases_TS_model.pkl for tasks to queue
[2024-08-17T10:20:54.932+0000] {logging_mixin.py:188} INFO - [2024-08-17T10:20:54.932+0000] {dagbag.py:545} INFO - Filling up the DagBag from /opt/airflow/dags/data/models/Paraguay/cases_TS_model.pkl
[2024-08-17T10:20:54.939+0000] {processor.py:842} WARNING - No viable dags retrieved from /opt/airflow/dags/data/models/Paraguay/cases_TS_model.pkl
[2024-08-17T10:20:54.949+0000] {processor.py:183} INFO - Processing /opt/airflow/dags/data/models/Paraguay/cases_TS_model.pkl took 0.021 seconds
[2024-08-17T10:21:26.001+0000] {processor.py:161} INFO - Started process (PID=47509) to work on /opt/airflow/dags/data/models/Paraguay/cases_TS_model.pkl
[2024-08-17T10:21:26.002+0000] {processor.py:830} INFO - Processing file /opt/airflow/dags/data/models/Paraguay/cases_TS_model.pkl for tasks to queue
[2024-08-17T10:21:26.002+0000] {logging_mixin.py:188} INFO - [2024-08-17T10:21:26.002+0000] {dagbag.py:545} INFO - Filling up the DagBag from /opt/airflow/dags/data/models/Paraguay/cases_TS_model.pkl
[2024-08-17T10:21:26.010+0000] {processor.py:842} WARNING - No viable dags retrieved from /opt/airflow/dags/data/models/Paraguay/cases_TS_model.pkl
[2024-08-17T10:21:26.019+0000] {processor.py:183} INFO - Processing /opt/airflow/dags/data/models/Paraguay/cases_TS_model.pkl took 0.022 seconds
[2024-08-17T11:58:06.467+0000] {processor.py:161} INFO - Started process (PID=10464) to work on /opt/airflow/dags/data/models/Paraguay/cases_TS_model.pkl
[2024-08-17T11:58:06.468+0000] {processor.py:830} INFO - Processing file /opt/airflow/dags/data/models/Paraguay/cases_TS_model.pkl for tasks to queue
[2024-08-17T11:58:06.469+0000] {logging_mixin.py:188} INFO - [2024-08-17T11:58:06.469+0000] {dagbag.py:545} INFO - Filling up the DagBag from /opt/airflow/dags/data/models/Paraguay/cases_TS_model.pkl
[2024-08-17T11:58:06.492+0000] {processor.py:842} WARNING - No viable dags retrieved from /opt/airflow/dags/data/models/Paraguay/cases_TS_model.pkl
[2024-08-17T11:58:06.514+0000] {processor.py:183} INFO - Processing /opt/airflow/dags/data/models/Paraguay/cases_TS_model.pkl took 0.056 seconds
[2024-08-17T11:58:44.005+0000] {processor.py:161} INFO - Started process (PID=11042) to work on /opt/airflow/dags/data/models/Paraguay/cases_TS_model.pkl
[2024-08-17T11:58:44.007+0000] {processor.py:830} INFO - Processing file /opt/airflow/dags/data/models/Paraguay/cases_TS_model.pkl for tasks to queue
[2024-08-17T11:58:44.008+0000] {logging_mixin.py:188} INFO - [2024-08-17T11:58:44.007+0000] {dagbag.py:545} INFO - Filling up the DagBag from /opt/airflow/dags/data/models/Paraguay/cases_TS_model.pkl
[2024-08-17T11:58:44.028+0000] {processor.py:842} WARNING - No viable dags retrieved from /opt/airflow/dags/data/models/Paraguay/cases_TS_model.pkl
[2024-08-17T11:58:44.044+0000] {processor.py:183} INFO - Processing /opt/airflow/dags/data/models/Paraguay/cases_TS_model.pkl took 0.046 seconds
[2024-08-17T11:59:24.840+0000] {processor.py:161} INFO - Started process (PID=11667) to work on /opt/airflow/dags/data/models/Paraguay/cases_TS_model.pkl
[2024-08-17T11:59:24.841+0000] {processor.py:830} INFO - Processing file /opt/airflow/dags/data/models/Paraguay/cases_TS_model.pkl for tasks to queue
[2024-08-17T11:59:24.842+0000] {logging_mixin.py:188} INFO - [2024-08-17T11:59:24.842+0000] {dagbag.py:545} INFO - Filling up the DagBag from /opt/airflow/dags/data/models/Paraguay/cases_TS_model.pkl
[2024-08-17T11:59:24.862+0000] {processor.py:842} WARNING - No viable dags retrieved from /opt/airflow/dags/data/models/Paraguay/cases_TS_model.pkl
[2024-08-17T11:59:24.881+0000] {processor.py:183} INFO - Processing /opt/airflow/dags/data/models/Paraguay/cases_TS_model.pkl took 0.048 seconds
[2024-08-17T12:00:01.942+0000] {processor.py:161} INFO - Started process (PID=12222) to work on /opt/airflow/dags/data/models/Paraguay/cases_TS_model.pkl
[2024-08-17T12:00:01.944+0000] {processor.py:830} INFO - Processing file /opt/airflow/dags/data/models/Paraguay/cases_TS_model.pkl for tasks to queue
[2024-08-17T12:00:01.946+0000] {logging_mixin.py:188} INFO - [2024-08-17T12:00:01.945+0000] {dagbag.py:545} INFO - Filling up the DagBag from /opt/airflow/dags/data/models/Paraguay/cases_TS_model.pkl
[2024-08-17T12:00:01.968+0000] {processor.py:842} WARNING - No viable dags retrieved from /opt/airflow/dags/data/models/Paraguay/cases_TS_model.pkl
[2024-08-17T12:00:01.986+0000] {processor.py:183} INFO - Processing /opt/airflow/dags/data/models/Paraguay/cases_TS_model.pkl took 0.052 seconds
[2024-08-17T12:00:39.406+0000] {processor.py:161} INFO - Started process (PID=12842) to work on /opt/airflow/dags/data/models/Paraguay/cases_TS_model.pkl
[2024-08-17T12:00:39.407+0000] {processor.py:830} INFO - Processing file /opt/airflow/dags/data/models/Paraguay/cases_TS_model.pkl for tasks to queue
[2024-08-17T12:00:39.408+0000] {logging_mixin.py:188} INFO - [2024-08-17T12:00:39.408+0000] {dagbag.py:545} INFO - Filling up the DagBag from /opt/airflow/dags/data/models/Paraguay/cases_TS_model.pkl
[2024-08-17T12:00:39.424+0000] {processor.py:842} WARNING - No viable dags retrieved from /opt/airflow/dags/data/models/Paraguay/cases_TS_model.pkl
[2024-08-17T12:00:39.442+0000] {processor.py:183} INFO - Processing /opt/airflow/dags/data/models/Paraguay/cases_TS_model.pkl took 0.044 seconds
[2024-08-17T12:00:52.233+0000] {processor.py:161} INFO - Started process (PID=13009) to work on /opt/airflow/dags/data/models/Paraguay/cases_TS_model.pkl
[2024-08-17T12:00:52.235+0000] {processor.py:830} INFO - Processing file /opt/airflow/dags/data/models/Paraguay/cases_TS_model.pkl for tasks to queue
[2024-08-17T12:00:52.236+0000] {logging_mixin.py:188} INFO - [2024-08-17T12:00:52.236+0000] {dagbag.py:545} INFO - Filling up the DagBag from /opt/airflow/dags/data/models/Paraguay/cases_TS_model.pkl
[2024-08-17T12:00:52.256+0000] {processor.py:842} WARNING - No viable dags retrieved from /opt/airflow/dags/data/models/Paraguay/cases_TS_model.pkl
[2024-08-17T12:00:52.276+0000] {processor.py:183} INFO - Processing /opt/airflow/dags/data/models/Paraguay/cases_TS_model.pkl took 0.050 seconds
[2024-08-17T12:01:23.924+0000] {processor.py:161} INFO - Started process (PID=13545) to work on /opt/airflow/dags/data/models/Paraguay/cases_TS_model.pkl
[2024-08-17T12:01:23.925+0000] {processor.py:830} INFO - Processing file /opt/airflow/dags/data/models/Paraguay/cases_TS_model.pkl for tasks to queue
[2024-08-17T12:01:23.926+0000] {logging_mixin.py:188} INFO - [2024-08-17T12:01:23.926+0000] {dagbag.py:545} INFO - Filling up the DagBag from /opt/airflow/dags/data/models/Paraguay/cases_TS_model.pkl
[2024-08-17T12:01:23.946+0000] {processor.py:842} WARNING - No viable dags retrieved from /opt/airflow/dags/data/models/Paraguay/cases_TS_model.pkl
[2024-08-17T12:01:23.966+0000] {processor.py:183} INFO - Processing /opt/airflow/dags/data/models/Paraguay/cases_TS_model.pkl took 0.051 seconds
[2024-08-17T12:02:01.053+0000] {processor.py:161} INFO - Started process (PID=14107) to work on /opt/airflow/dags/data/models/Paraguay/cases_TS_model.pkl
[2024-08-17T12:02:01.055+0000] {processor.py:830} INFO - Processing file /opt/airflow/dags/data/models/Paraguay/cases_TS_model.pkl for tasks to queue
[2024-08-17T12:02:01.056+0000] {logging_mixin.py:188} INFO - [2024-08-17T12:02:01.055+0000] {dagbag.py:545} INFO - Filling up the DagBag from /opt/airflow/dags/data/models/Paraguay/cases_TS_model.pkl
[2024-08-17T12:02:01.084+0000] {processor.py:842} WARNING - No viable dags retrieved from /opt/airflow/dags/data/models/Paraguay/cases_TS_model.pkl
[2024-08-17T12:02:01.102+0000] {processor.py:183} INFO - Processing /opt/airflow/dags/data/models/Paraguay/cases_TS_model.pkl took 0.057 seconds
[2024-08-17T12:02:35.084+0000] {processor.py:161} INFO - Started process (PID=14578) to work on /opt/airflow/dags/data/models/Paraguay/cases_TS_model.pkl
[2024-08-17T12:02:35.085+0000] {processor.py:830} INFO - Processing file /opt/airflow/dags/data/models/Paraguay/cases_TS_model.pkl for tasks to queue
[2024-08-17T12:02:35.087+0000] {logging_mixin.py:188} INFO - [2024-08-17T12:02:35.086+0000] {dagbag.py:545} INFO - Filling up the DagBag from /opt/airflow/dags/data/models/Paraguay/cases_TS_model.pkl
[2024-08-17T12:02:35.108+0000] {processor.py:842} WARNING - No viable dags retrieved from /opt/airflow/dags/data/models/Paraguay/cases_TS_model.pkl
[2024-08-17T12:02:35.128+0000] {processor.py:183} INFO - Processing /opt/airflow/dags/data/models/Paraguay/cases_TS_model.pkl took 0.051 seconds
[2024-08-17T12:03:11.582+0000] {processor.py:161} INFO - Started process (PID=14880) to work on /opt/airflow/dags/data/models/Paraguay/cases_TS_model.pkl
[2024-08-17T12:03:11.583+0000] {processor.py:830} INFO - Processing file /opt/airflow/dags/data/models/Paraguay/cases_TS_model.pkl for tasks to queue
[2024-08-17T12:03:11.585+0000] {logging_mixin.py:188} INFO - [2024-08-17T12:03:11.584+0000] {dagbag.py:545} INFO - Filling up the DagBag from /opt/airflow/dags/data/models/Paraguay/cases_TS_model.pkl
[2024-08-17T12:03:11.605+0000] {processor.py:842} WARNING - No viable dags retrieved from /opt/airflow/dags/data/models/Paraguay/cases_TS_model.pkl
[2024-08-17T12:03:11.624+0000] {processor.py:183} INFO - Processing /opt/airflow/dags/data/models/Paraguay/cases_TS_model.pkl took 0.050 seconds
[2024-08-17T12:03:52.803+0000] {processor.py:161} INFO - Started process (PID=15545) to work on /opt/airflow/dags/data/models/Paraguay/cases_TS_model.pkl
[2024-08-17T12:03:52.804+0000] {processor.py:830} INFO - Processing file /opt/airflow/dags/data/models/Paraguay/cases_TS_model.pkl for tasks to queue
[2024-08-17T12:03:52.807+0000] {logging_mixin.py:188} INFO - [2024-08-17T12:03:52.806+0000] {dagbag.py:545} INFO - Filling up the DagBag from /opt/airflow/dags/data/models/Paraguay/cases_TS_model.pkl
[2024-08-17T12:03:52.830+0000] {processor.py:842} WARNING - No viable dags retrieved from /opt/airflow/dags/data/models/Paraguay/cases_TS_model.pkl
[2024-08-17T12:03:52.849+0000] {processor.py:183} INFO - Processing /opt/airflow/dags/data/models/Paraguay/cases_TS_model.pkl took 0.054 seconds
[2024-08-17T12:04:37.279+0000] {processor.py:161} INFO - Started process (PID=16162) to work on /opt/airflow/dags/data/models/Paraguay/cases_TS_model.pkl
[2024-08-17T12:04:37.280+0000] {processor.py:830} INFO - Processing file /opt/airflow/dags/data/models/Paraguay/cases_TS_model.pkl for tasks to queue
[2024-08-17T12:04:37.281+0000] {logging_mixin.py:188} INFO - [2024-08-17T12:04:37.281+0000] {dagbag.py:545} INFO - Filling up the DagBag from /opt/airflow/dags/data/models/Paraguay/cases_TS_model.pkl
[2024-08-17T12:04:37.301+0000] {processor.py:842} WARNING - No viable dags retrieved from /opt/airflow/dags/data/models/Paraguay/cases_TS_model.pkl
[2024-08-17T12:04:37.316+0000] {processor.py:183} INFO - Processing /opt/airflow/dags/data/models/Paraguay/cases_TS_model.pkl took 0.044 seconds
[2024-08-17T12:05:16.016+0000] {processor.py:161} INFO - Started process (PID=16749) to work on /opt/airflow/dags/data/models/Paraguay/cases_TS_model.pkl
[2024-08-17T12:05:16.018+0000] {processor.py:830} INFO - Processing file /opt/airflow/dags/data/models/Paraguay/cases_TS_model.pkl for tasks to queue
[2024-08-17T12:05:16.019+0000] {logging_mixin.py:188} INFO - [2024-08-17T12:05:16.018+0000] {dagbag.py:545} INFO - Filling up the DagBag from /opt/airflow/dags/data/models/Paraguay/cases_TS_model.pkl
[2024-08-17T12:05:16.036+0000] {processor.py:842} WARNING - No viable dags retrieved from /opt/airflow/dags/data/models/Paraguay/cases_TS_model.pkl
[2024-08-17T12:05:16.053+0000] {processor.py:183} INFO - Processing /opt/airflow/dags/data/models/Paraguay/cases_TS_model.pkl took 0.042 seconds
[2024-08-17T12:05:58.875+0000] {processor.py:161} INFO - Started process (PID=17391) to work on /opt/airflow/dags/data/models/Paraguay/cases_TS_model.pkl
[2024-08-17T12:05:58.876+0000] {processor.py:830} INFO - Processing file /opt/airflow/dags/data/models/Paraguay/cases_TS_model.pkl for tasks to queue
[2024-08-17T12:05:58.877+0000] {logging_mixin.py:188} INFO - [2024-08-17T12:05:58.877+0000] {dagbag.py:545} INFO - Filling up the DagBag from /opt/airflow/dags/data/models/Paraguay/cases_TS_model.pkl
[2024-08-17T12:05:58.895+0000] {processor.py:842} WARNING - No viable dags retrieved from /opt/airflow/dags/data/models/Paraguay/cases_TS_model.pkl
[2024-08-17T12:05:58.913+0000] {processor.py:183} INFO - Processing /opt/airflow/dags/data/models/Paraguay/cases_TS_model.pkl took 0.046 seconds
[2024-08-17T12:06:35.696+0000] {processor.py:161} INFO - Started process (PID=17978) to work on /opt/airflow/dags/data/models/Paraguay/cases_TS_model.pkl
[2024-08-17T12:06:35.698+0000] {processor.py:830} INFO - Processing file /opt/airflow/dags/data/models/Paraguay/cases_TS_model.pkl for tasks to queue
[2024-08-17T12:06:35.699+0000] {logging_mixin.py:188} INFO - [2024-08-17T12:06:35.699+0000] {dagbag.py:545} INFO - Filling up the DagBag from /opt/airflow/dags/data/models/Paraguay/cases_TS_model.pkl
[2024-08-17T12:06:35.714+0000] {processor.py:842} WARNING - No viable dags retrieved from /opt/airflow/dags/data/models/Paraguay/cases_TS_model.pkl
[2024-08-17T12:06:35.735+0000] {processor.py:183} INFO - Processing /opt/airflow/dags/data/models/Paraguay/cases_TS_model.pkl took 0.046 seconds
[2024-08-17T12:07:20.890+0000] {processor.py:161} INFO - Started process (PID=18661) to work on /opt/airflow/dags/data/models/Paraguay/cases_TS_model.pkl
[2024-08-17T12:07:20.897+0000] {processor.py:830} INFO - Processing file /opt/airflow/dags/data/models/Paraguay/cases_TS_model.pkl for tasks to queue
[2024-08-17T12:07:20.900+0000] {logging_mixin.py:188} INFO - [2024-08-17T12:07:20.899+0000] {dagbag.py:545} INFO - Filling up the DagBag from /opt/airflow/dags/data/models/Paraguay/cases_TS_model.pkl
[2024-08-17T12:07:20.928+0000] {processor.py:842} WARNING - No viable dags retrieved from /opt/airflow/dags/data/models/Paraguay/cases_TS_model.pkl
[2024-08-17T12:07:20.950+0000] {processor.py:183} INFO - Processing /opt/airflow/dags/data/models/Paraguay/cases_TS_model.pkl took 0.068 seconds
[2024-08-17T12:08:34.580+0000] {processor.py:161} INFO - Started process (PID=19412) to work on /opt/airflow/dags/data/models/Paraguay/cases_TS_model.pkl
[2024-08-17T12:08:34.581+0000] {processor.py:830} INFO - Processing file /opt/airflow/dags/data/models/Paraguay/cases_TS_model.pkl for tasks to queue
[2024-08-17T12:08:34.582+0000] {logging_mixin.py:188} INFO - [2024-08-17T12:08:34.582+0000] {dagbag.py:545} INFO - Filling up the DagBag from /opt/airflow/dags/data/models/Paraguay/cases_TS_model.pkl
[2024-08-17T12:08:34.607+0000] {processor.py:842} WARNING - No viable dags retrieved from /opt/airflow/dags/data/models/Paraguay/cases_TS_model.pkl
[2024-08-17T12:08:34.626+0000] {processor.py:183} INFO - Processing /opt/airflow/dags/data/models/Paraguay/cases_TS_model.pkl took 0.054 seconds
[2024-08-17T12:09:21.151+0000] {processor.py:161} INFO - Started process (PID=20077) to work on /opt/airflow/dags/data/models/Paraguay/cases_TS_model.pkl
[2024-08-17T12:09:21.152+0000] {processor.py:830} INFO - Processing file /opt/airflow/dags/data/models/Paraguay/cases_TS_model.pkl for tasks to queue
[2024-08-17T12:09:21.154+0000] {logging_mixin.py:188} INFO - [2024-08-17T12:09:21.154+0000] {dagbag.py:545} INFO - Filling up the DagBag from /opt/airflow/dags/data/models/Paraguay/cases_TS_model.pkl
[2024-08-17T12:09:21.189+0000] {processor.py:842} WARNING - No viable dags retrieved from /opt/airflow/dags/data/models/Paraguay/cases_TS_model.pkl
[2024-08-17T12:09:21.223+0000] {processor.py:183} INFO - Processing /opt/airflow/dags/data/models/Paraguay/cases_TS_model.pkl took 0.080 seconds
[2024-08-17T12:10:04.026+0000] {processor.py:161} INFO - Started process (PID=20720) to work on /opt/airflow/dags/data/models/Paraguay/cases_TS_model.pkl
[2024-08-17T12:10:04.028+0000] {processor.py:830} INFO - Processing file /opt/airflow/dags/data/models/Paraguay/cases_TS_model.pkl for tasks to queue
[2024-08-17T12:10:04.029+0000] {logging_mixin.py:188} INFO - [2024-08-17T12:10:04.029+0000] {dagbag.py:545} INFO - Filling up the DagBag from /opt/airflow/dags/data/models/Paraguay/cases_TS_model.pkl
[2024-08-17T12:10:04.055+0000] {processor.py:842} WARNING - No viable dags retrieved from /opt/airflow/dags/data/models/Paraguay/cases_TS_model.pkl
[2024-08-17T12:10:04.077+0000] {processor.py:183} INFO - Processing /opt/airflow/dags/data/models/Paraguay/cases_TS_model.pkl took 0.060 seconds
[2024-08-17T12:10:48.390+0000] {processor.py:161} INFO - Started process (PID=21434) to work on /opt/airflow/dags/data/models/Paraguay/cases_TS_model.pkl
[2024-08-17T12:10:48.391+0000] {processor.py:830} INFO - Processing file /opt/airflow/dags/data/models/Paraguay/cases_TS_model.pkl for tasks to queue
[2024-08-17T12:10:48.393+0000] {logging_mixin.py:188} INFO - [2024-08-17T12:10:48.392+0000] {dagbag.py:545} INFO - Filling up the DagBag from /opt/airflow/dags/data/models/Paraguay/cases_TS_model.pkl
[2024-08-17T12:10:48.412+0000] {processor.py:842} WARNING - No viable dags retrieved from /opt/airflow/dags/data/models/Paraguay/cases_TS_model.pkl
[2024-08-17T12:10:48.432+0000] {processor.py:183} INFO - Processing /opt/airflow/dags/data/models/Paraguay/cases_TS_model.pkl took 0.050 seconds
[2024-08-17T12:11:33.429+0000] {processor.py:161} INFO - Started process (PID=22058) to work on /opt/airflow/dags/data/models/Paraguay/cases_TS_model.pkl
[2024-08-17T12:11:33.431+0000] {processor.py:830} INFO - Processing file /opt/airflow/dags/data/models/Paraguay/cases_TS_model.pkl for tasks to queue
[2024-08-17T12:11:33.433+0000] {logging_mixin.py:188} INFO - [2024-08-17T12:11:33.432+0000] {dagbag.py:545} INFO - Filling up the DagBag from /opt/airflow/dags/data/models/Paraguay/cases_TS_model.pkl
[2024-08-17T12:11:33.456+0000] {processor.py:842} WARNING - No viable dags retrieved from /opt/airflow/dags/data/models/Paraguay/cases_TS_model.pkl
[2024-08-17T12:11:33.479+0000] {processor.py:183} INFO - Processing /opt/airflow/dags/data/models/Paraguay/cases_TS_model.pkl took 0.057 seconds
[2024-08-17T12:12:26.799+0000] {processor.py:161} INFO - Started process (PID=22819) to work on /opt/airflow/dags/data/models/Paraguay/cases_TS_model.pkl
[2024-08-17T12:12:26.801+0000] {processor.py:830} INFO - Processing file /opt/airflow/dags/data/models/Paraguay/cases_TS_model.pkl for tasks to queue
[2024-08-17T12:12:26.802+0000] {logging_mixin.py:188} INFO - [2024-08-17T12:12:26.801+0000] {dagbag.py:545} INFO - Filling up the DagBag from /opt/airflow/dags/data/models/Paraguay/cases_TS_model.pkl
[2024-08-17T12:12:26.824+0000] {processor.py:842} WARNING - No viable dags retrieved from /opt/airflow/dags/data/models/Paraguay/cases_TS_model.pkl
[2024-08-17T12:12:26.841+0000] {processor.py:183} INFO - Processing /opt/airflow/dags/data/models/Paraguay/cases_TS_model.pkl took 0.049 seconds
[2024-08-17T12:13:28.235+0000] {processor.py:161} INFO - Started process (PID=23420) to work on /opt/airflow/dags/data/models/Paraguay/cases_TS_model.pkl
[2024-08-17T12:13:28.237+0000] {processor.py:830} INFO - Processing file /opt/airflow/dags/data/models/Paraguay/cases_TS_model.pkl for tasks to queue
[2024-08-17T12:13:28.238+0000] {logging_mixin.py:188} INFO - [2024-08-17T12:13:28.238+0000] {dagbag.py:545} INFO - Filling up the DagBag from /opt/airflow/dags/data/models/Paraguay/cases_TS_model.pkl
[2024-08-17T12:13:28.263+0000] {processor.py:842} WARNING - No viable dags retrieved from /opt/airflow/dags/data/models/Paraguay/cases_TS_model.pkl
[2024-08-17T12:13:28.286+0000] {processor.py:183} INFO - Processing /opt/airflow/dags/data/models/Paraguay/cases_TS_model.pkl took 0.060 seconds
[2024-08-17T12:14:14.877+0000] {processor.py:161} INFO - Started process (PID=24152) to work on /opt/airflow/dags/data/models/Paraguay/cases_TS_model.pkl
[2024-08-17T12:14:14.879+0000] {processor.py:830} INFO - Processing file /opt/airflow/dags/data/models/Paraguay/cases_TS_model.pkl for tasks to queue
[2024-08-17T12:14:14.880+0000] {logging_mixin.py:188} INFO - [2024-08-17T12:14:14.880+0000] {dagbag.py:545} INFO - Filling up the DagBag from /opt/airflow/dags/data/models/Paraguay/cases_TS_model.pkl
[2024-08-17T12:14:14.900+0000] {processor.py:842} WARNING - No viable dags retrieved from /opt/airflow/dags/data/models/Paraguay/cases_TS_model.pkl
[2024-08-17T12:14:14.922+0000] {processor.py:183} INFO - Processing /opt/airflow/dags/data/models/Paraguay/cases_TS_model.pkl took 0.053 seconds
[2024-08-17T12:14:58.947+0000] {processor.py:161} INFO - Started process (PID=24780) to work on /opt/airflow/dags/data/models/Paraguay/cases_TS_model.pkl
[2024-08-17T12:14:58.948+0000] {processor.py:830} INFO - Processing file /opt/airflow/dags/data/models/Paraguay/cases_TS_model.pkl for tasks to queue
[2024-08-17T12:14:58.950+0000] {logging_mixin.py:188} INFO - [2024-08-17T12:14:58.949+0000] {dagbag.py:545} INFO - Filling up the DagBag from /opt/airflow/dags/data/models/Paraguay/cases_TS_model.pkl
[2024-08-17T12:14:58.969+0000] {processor.py:842} WARNING - No viable dags retrieved from /opt/airflow/dags/data/models/Paraguay/cases_TS_model.pkl
[2024-08-17T12:14:58.989+0000] {processor.py:183} INFO - Processing /opt/airflow/dags/data/models/Paraguay/cases_TS_model.pkl took 0.050 seconds
[2024-08-17T12:15:42.756+0000] {processor.py:161} INFO - Started process (PID=25373) to work on /opt/airflow/dags/data/models/Paraguay/cases_TS_model.pkl
[2024-08-17T12:15:42.757+0000] {processor.py:830} INFO - Processing file /opt/airflow/dags/data/models/Paraguay/cases_TS_model.pkl for tasks to queue
[2024-08-17T12:15:42.758+0000] {logging_mixin.py:188} INFO - [2024-08-17T12:15:42.758+0000] {dagbag.py:545} INFO - Filling up the DagBag from /opt/airflow/dags/data/models/Paraguay/cases_TS_model.pkl
[2024-08-17T12:15:42.776+0000] {processor.py:842} WARNING - No viable dags retrieved from /opt/airflow/dags/data/models/Paraguay/cases_TS_model.pkl
[2024-08-17T12:15:42.794+0000] {processor.py:183} INFO - Processing /opt/airflow/dags/data/models/Paraguay/cases_TS_model.pkl took 0.044 seconds
[2024-08-17T12:16:36.723+0000] {processor.py:161} INFO - Started process (PID=26140) to work on /opt/airflow/dags/data/models/Paraguay/cases_TS_model.pkl
[2024-08-17T12:16:36.724+0000] {processor.py:830} INFO - Processing file /opt/airflow/dags/data/models/Paraguay/cases_TS_model.pkl for tasks to queue
[2024-08-17T12:16:36.726+0000] {logging_mixin.py:188} INFO - [2024-08-17T12:16:36.725+0000] {dagbag.py:545} INFO - Filling up the DagBag from /opt/airflow/dags/data/models/Paraguay/cases_TS_model.pkl
[2024-08-17T12:16:36.744+0000] {processor.py:842} WARNING - No viable dags retrieved from /opt/airflow/dags/data/models/Paraguay/cases_TS_model.pkl
[2024-08-17T12:16:36.774+0000] {processor.py:183} INFO - Processing /opt/airflow/dags/data/models/Paraguay/cases_TS_model.pkl took 0.059 seconds
[2024-08-17T12:17:11.703+0000] {processor.py:161} INFO - Started process (PID=26653) to work on /opt/airflow/dags/data/models/Paraguay/cases_TS_model.pkl
[2024-08-17T12:17:11.707+0000] {processor.py:830} INFO - Processing file /opt/airflow/dags/data/models/Paraguay/cases_TS_model.pkl for tasks to queue
[2024-08-17T12:17:11.711+0000] {logging_mixin.py:188} INFO - [2024-08-17T12:17:11.710+0000] {dagbag.py:545} INFO - Filling up the DagBag from /opt/airflow/dags/data/models/Paraguay/cases_TS_model.pkl
[2024-08-17T12:17:11.732+0000] {processor.py:842} WARNING - No viable dags retrieved from /opt/airflow/dags/data/models/Paraguay/cases_TS_model.pkl
[2024-08-17T12:17:11.751+0000] {processor.py:183} INFO - Processing /opt/airflow/dags/data/models/Paraguay/cases_TS_model.pkl took 0.056 seconds
[2024-08-17T12:18:17.330+0000] {processor.py:161} INFO - Started process (PID=27266) to work on /opt/airflow/dags/data/models/Paraguay/cases_TS_model.pkl
[2024-08-17T12:18:17.332+0000] {processor.py:830} INFO - Processing file /opt/airflow/dags/data/models/Paraguay/cases_TS_model.pkl for tasks to queue
[2024-08-17T12:18:17.336+0000] {logging_mixin.py:188} INFO - [2024-08-17T12:18:17.335+0000] {dagbag.py:545} INFO - Filling up the DagBag from /opt/airflow/dags/data/models/Paraguay/cases_TS_model.pkl
[2024-08-17T12:18:17.373+0000] {processor.py:842} WARNING - No viable dags retrieved from /opt/airflow/dags/data/models/Paraguay/cases_TS_model.pkl
[2024-08-17T12:18:17.397+0000] {processor.py:183} INFO - Processing /opt/airflow/dags/data/models/Paraguay/cases_TS_model.pkl took 0.074 seconds
[2024-08-17T12:19:14.556+0000] {processor.py:161} INFO - Started process (PID=28053) to work on /opt/airflow/dags/data/models/Paraguay/cases_TS_model.pkl
[2024-08-17T12:19:14.557+0000] {processor.py:830} INFO - Processing file /opt/airflow/dags/data/models/Paraguay/cases_TS_model.pkl for tasks to queue
[2024-08-17T12:19:14.559+0000] {logging_mixin.py:188} INFO - [2024-08-17T12:19:14.558+0000] {dagbag.py:545} INFO - Filling up the DagBag from /opt/airflow/dags/data/models/Paraguay/cases_TS_model.pkl
[2024-08-17T12:19:14.580+0000] {processor.py:842} WARNING - No viable dags retrieved from /opt/airflow/dags/data/models/Paraguay/cases_TS_model.pkl
[2024-08-17T12:19:14.603+0000] {processor.py:183} INFO - Processing /opt/airflow/dags/data/models/Paraguay/cases_TS_model.pkl took 0.054 seconds
[2024-08-17T12:19:57.531+0000] {processor.py:161} INFO - Started process (PID=28644) to work on /opt/airflow/dags/data/models/Paraguay/cases_TS_model.pkl
[2024-08-17T12:19:57.533+0000] {processor.py:830} INFO - Processing file /opt/airflow/dags/data/models/Paraguay/cases_TS_model.pkl for tasks to queue
[2024-08-17T12:19:57.534+0000] {logging_mixin.py:188} INFO - [2024-08-17T12:19:57.534+0000] {dagbag.py:545} INFO - Filling up the DagBag from /opt/airflow/dags/data/models/Paraguay/cases_TS_model.pkl
[2024-08-17T12:19:57.556+0000] {processor.py:842} WARNING - No viable dags retrieved from /opt/airflow/dags/data/models/Paraguay/cases_TS_model.pkl
[2024-08-17T12:19:57.577+0000] {processor.py:183} INFO - Processing /opt/airflow/dags/data/models/Paraguay/cases_TS_model.pkl took 0.053 seconds
[2024-08-17T12:20:53.626+0000] {processor.py:161} INFO - Started process (PID=29312) to work on /opt/airflow/dags/data/models/Paraguay/cases_TS_model.pkl
[2024-08-17T12:20:53.627+0000] {processor.py:830} INFO - Processing file /opt/airflow/dags/data/models/Paraguay/cases_TS_model.pkl for tasks to queue
[2024-08-17T12:20:53.628+0000] {logging_mixin.py:188} INFO - [2024-08-17T12:20:53.628+0000] {dagbag.py:545} INFO - Filling up the DagBag from /opt/airflow/dags/data/models/Paraguay/cases_TS_model.pkl
[2024-08-17T12:20:53.651+0000] {processor.py:842} WARNING - No viable dags retrieved from /opt/airflow/dags/data/models/Paraguay/cases_TS_model.pkl
[2024-08-17T12:20:53.668+0000] {processor.py:183} INFO - Processing /opt/airflow/dags/data/models/Paraguay/cases_TS_model.pkl took 0.049 seconds
[2024-08-17T12:21:38.045+0000] {processor.py:161} INFO - Started process (PID=30000) to work on /opt/airflow/dags/data/models/Paraguay/cases_TS_model.pkl
[2024-08-17T12:21:38.047+0000] {processor.py:830} INFO - Processing file /opt/airflow/dags/data/models/Paraguay/cases_TS_model.pkl for tasks to queue
[2024-08-17T12:21:38.048+0000] {logging_mixin.py:188} INFO - [2024-08-17T12:21:38.048+0000] {dagbag.py:545} INFO - Filling up the DagBag from /opt/airflow/dags/data/models/Paraguay/cases_TS_model.pkl
[2024-08-17T12:21:38.068+0000] {processor.py:842} WARNING - No viable dags retrieved from /opt/airflow/dags/data/models/Paraguay/cases_TS_model.pkl
[2024-08-17T12:21:38.085+0000] {processor.py:183} INFO - Processing /opt/airflow/dags/data/models/Paraguay/cases_TS_model.pkl took 0.047 seconds
[2024-08-17T12:22:15.305+0000] {processor.py:161} INFO - Started process (PID=30573) to work on /opt/airflow/dags/data/models/Paraguay/cases_TS_model.pkl
[2024-08-17T12:22:15.306+0000] {processor.py:830} INFO - Processing file /opt/airflow/dags/data/models/Paraguay/cases_TS_model.pkl for tasks to queue
[2024-08-17T12:22:15.307+0000] {logging_mixin.py:188} INFO - [2024-08-17T12:22:15.307+0000] {dagbag.py:545} INFO - Filling up the DagBag from /opt/airflow/dags/data/models/Paraguay/cases_TS_model.pkl
[2024-08-17T12:22:15.327+0000] {processor.py:842} WARNING - No viable dags retrieved from /opt/airflow/dags/data/models/Paraguay/cases_TS_model.pkl
[2024-08-17T12:22:15.345+0000] {processor.py:183} INFO - Processing /opt/airflow/dags/data/models/Paraguay/cases_TS_model.pkl took 0.047 seconds
[2024-08-17T12:23:21.649+0000] {processor.py:161} INFO - Started process (PID=31239) to work on /opt/airflow/dags/data/models/Paraguay/cases_TS_model.pkl
[2024-08-17T12:23:21.650+0000] {processor.py:830} INFO - Processing file /opt/airflow/dags/data/models/Paraguay/cases_TS_model.pkl for tasks to queue
[2024-08-17T12:23:21.652+0000] {logging_mixin.py:188} INFO - [2024-08-17T12:23:21.651+0000] {dagbag.py:545} INFO - Filling up the DagBag from /opt/airflow/dags/data/models/Paraguay/cases_TS_model.pkl
[2024-08-17T12:23:21.673+0000] {processor.py:842} WARNING - No viable dags retrieved from /opt/airflow/dags/data/models/Paraguay/cases_TS_model.pkl
[2024-08-17T12:23:21.693+0000] {processor.py:183} INFO - Processing /opt/airflow/dags/data/models/Paraguay/cases_TS_model.pkl took 0.051 seconds
[2024-08-17T12:24:03.454+0000] {processor.py:161} INFO - Started process (PID=31917) to work on /opt/airflow/dags/data/models/Paraguay/cases_TS_model.pkl
[2024-08-17T12:24:03.455+0000] {processor.py:830} INFO - Processing file /opt/airflow/dags/data/models/Paraguay/cases_TS_model.pkl for tasks to queue
[2024-08-17T12:24:03.456+0000] {logging_mixin.py:188} INFO - [2024-08-17T12:24:03.456+0000] {dagbag.py:545} INFO - Filling up the DagBag from /opt/airflow/dags/data/models/Paraguay/cases_TS_model.pkl
[2024-08-17T12:24:03.473+0000] {processor.py:842} WARNING - No viable dags retrieved from /opt/airflow/dags/data/models/Paraguay/cases_TS_model.pkl
[2024-08-17T12:24:03.493+0000] {processor.py:183} INFO - Processing /opt/airflow/dags/data/models/Paraguay/cases_TS_model.pkl took 0.046 seconds
[2024-08-17T12:24:49.282+0000] {processor.py:161} INFO - Started process (PID=32660) to work on /opt/airflow/dags/data/models/Paraguay/cases_TS_model.pkl
[2024-08-17T12:24:49.283+0000] {processor.py:830} INFO - Processing file /opt/airflow/dags/data/models/Paraguay/cases_TS_model.pkl for tasks to queue
[2024-08-17T12:24:49.284+0000] {logging_mixin.py:188} INFO - [2024-08-17T12:24:49.284+0000] {dagbag.py:545} INFO - Filling up the DagBag from /opt/airflow/dags/data/models/Paraguay/cases_TS_model.pkl
[2024-08-17T12:24:49.301+0000] {processor.py:842} WARNING - No viable dags retrieved from /opt/airflow/dags/data/models/Paraguay/cases_TS_model.pkl
[2024-08-17T12:24:49.315+0000] {processor.py:183} INFO - Processing /opt/airflow/dags/data/models/Paraguay/cases_TS_model.pkl took 0.038 seconds
[2024-08-17T12:25:26.930+0000] {processor.py:161} INFO - Started process (PID=33304) to work on /opt/airflow/dags/data/models/Paraguay/cases_TS_model.pkl
[2024-08-17T12:25:26.931+0000] {processor.py:830} INFO - Processing file /opt/airflow/dags/data/models/Paraguay/cases_TS_model.pkl for tasks to queue
[2024-08-17T12:25:26.932+0000] {logging_mixin.py:188} INFO - [2024-08-17T12:25:26.932+0000] {dagbag.py:545} INFO - Filling up the DagBag from /opt/airflow/dags/data/models/Paraguay/cases_TS_model.pkl
[2024-08-17T12:25:26.951+0000] {processor.py:842} WARNING - No viable dags retrieved from /opt/airflow/dags/data/models/Paraguay/cases_TS_model.pkl
[2024-08-17T12:25:26.967+0000] {processor.py:183} INFO - Processing /opt/airflow/dags/data/models/Paraguay/cases_TS_model.pkl took 0.044 seconds
[2024-08-17T12:26:08.664+0000] {processor.py:161} INFO - Started process (PID=34089) to work on /opt/airflow/dags/data/models/Paraguay/cases_TS_model.pkl
[2024-08-17T12:26:08.666+0000] {processor.py:830} INFO - Processing file /opt/airflow/dags/data/models/Paraguay/cases_TS_model.pkl for tasks to queue
[2024-08-17T12:26:08.667+0000] {logging_mixin.py:188} INFO - [2024-08-17T12:26:08.667+0000] {dagbag.py:545} INFO - Filling up the DagBag from /opt/airflow/dags/data/models/Paraguay/cases_TS_model.pkl
[2024-08-17T12:26:08.686+0000] {processor.py:842} WARNING - No viable dags retrieved from /opt/airflow/dags/data/models/Paraguay/cases_TS_model.pkl
[2024-08-17T12:26:08.704+0000] {processor.py:183} INFO - Processing /opt/airflow/dags/data/models/Paraguay/cases_TS_model.pkl took 0.045 seconds
[2024-08-17T12:26:44.455+0000] {processor.py:161} INFO - Started process (PID=34745) to work on /opt/airflow/dags/data/models/Paraguay/cases_TS_model.pkl
[2024-08-17T12:26:44.456+0000] {processor.py:830} INFO - Processing file /opt/airflow/dags/data/models/Paraguay/cases_TS_model.pkl for tasks to queue
[2024-08-17T12:26:44.457+0000] {logging_mixin.py:188} INFO - [2024-08-17T12:26:44.457+0000] {dagbag.py:545} INFO - Filling up the DagBag from /opt/airflow/dags/data/models/Paraguay/cases_TS_model.pkl
[2024-08-17T12:26:44.471+0000] {processor.py:842} WARNING - No viable dags retrieved from /opt/airflow/dags/data/models/Paraguay/cases_TS_model.pkl
[2024-08-17T12:26:44.488+0000] {processor.py:183} INFO - Processing /opt/airflow/dags/data/models/Paraguay/cases_TS_model.pkl took 0.038 seconds
[2024-08-17T12:27:21.272+0000] {processor.py:161} INFO - Started process (PID=35459) to work on /opt/airflow/dags/data/models/Paraguay/cases_TS_model.pkl
[2024-08-17T12:27:21.273+0000] {processor.py:830} INFO - Processing file /opt/airflow/dags/data/models/Paraguay/cases_TS_model.pkl for tasks to queue
[2024-08-17T12:27:21.274+0000] {logging_mixin.py:188} INFO - [2024-08-17T12:27:21.273+0000] {dagbag.py:545} INFO - Filling up the DagBag from /opt/airflow/dags/data/models/Paraguay/cases_TS_model.pkl
[2024-08-17T12:27:21.285+0000] {processor.py:842} WARNING - No viable dags retrieved from /opt/airflow/dags/data/models/Paraguay/cases_TS_model.pkl
[2024-08-17T12:27:21.296+0000] {processor.py:183} INFO - Processing /opt/airflow/dags/data/models/Paraguay/cases_TS_model.pkl took 0.029 seconds
[2024-08-17T12:28:17.150+0000] {processor.py:161} INFO - Started process (PID=36263) to work on /opt/airflow/dags/data/models/Paraguay/cases_TS_model.pkl
[2024-08-17T12:28:17.150+0000] {processor.py:830} INFO - Processing file /opt/airflow/dags/data/models/Paraguay/cases_TS_model.pkl for tasks to queue
[2024-08-17T12:28:17.151+0000] {logging_mixin.py:188} INFO - [2024-08-17T12:28:17.151+0000] {dagbag.py:545} INFO - Filling up the DagBag from /opt/airflow/dags/data/models/Paraguay/cases_TS_model.pkl
[2024-08-17T12:28:17.161+0000] {processor.py:842} WARNING - No viable dags retrieved from /opt/airflow/dags/data/models/Paraguay/cases_TS_model.pkl
[2024-08-17T12:28:17.171+0000] {processor.py:183} INFO - Processing /opt/airflow/dags/data/models/Paraguay/cases_TS_model.pkl took 0.025 seconds
[2024-08-17T12:28:51.954+0000] {processor.py:161} INFO - Started process (PID=37010) to work on /opt/airflow/dags/data/models/Paraguay/cases_TS_model.pkl
[2024-08-17T12:28:51.955+0000] {processor.py:830} INFO - Processing file /opt/airflow/dags/data/models/Paraguay/cases_TS_model.pkl for tasks to queue
[2024-08-17T12:28:51.956+0000] {logging_mixin.py:188} INFO - [2024-08-17T12:28:51.956+0000] {dagbag.py:545} INFO - Filling up the DagBag from /opt/airflow/dags/data/models/Paraguay/cases_TS_model.pkl
[2024-08-17T12:28:51.970+0000] {processor.py:842} WARNING - No viable dags retrieved from /opt/airflow/dags/data/models/Paraguay/cases_TS_model.pkl
[2024-08-17T12:28:51.982+0000] {processor.py:183} INFO - Processing /opt/airflow/dags/data/models/Paraguay/cases_TS_model.pkl took 0.032 seconds
[2024-08-17T12:29:26.013+0000] {processor.py:161} INFO - Started process (PID=37757) to work on /opt/airflow/dags/data/models/Paraguay/cases_TS_model.pkl
[2024-08-17T12:29:26.014+0000] {processor.py:830} INFO - Processing file /opt/airflow/dags/data/models/Paraguay/cases_TS_model.pkl for tasks to queue
[2024-08-17T12:29:26.014+0000] {logging_mixin.py:188} INFO - [2024-08-17T12:29:26.014+0000] {dagbag.py:545} INFO - Filling up the DagBag from /opt/airflow/dags/data/models/Paraguay/cases_TS_model.pkl
[2024-08-17T12:29:26.027+0000] {processor.py:842} WARNING - No viable dags retrieved from /opt/airflow/dags/data/models/Paraguay/cases_TS_model.pkl
[2024-08-17T12:29:26.038+0000] {processor.py:183} INFO - Processing /opt/airflow/dags/data/models/Paraguay/cases_TS_model.pkl took 0.029 seconds
[2024-08-17T12:29:59.259+0000] {processor.py:161} INFO - Started process (PID=38479) to work on /opt/airflow/dags/data/models/Paraguay/cases_TS_model.pkl
[2024-08-17T12:29:59.259+0000] {processor.py:830} INFO - Processing file /opt/airflow/dags/data/models/Paraguay/cases_TS_model.pkl for tasks to queue
[2024-08-17T12:29:59.260+0000] {logging_mixin.py:188} INFO - [2024-08-17T12:29:59.260+0000] {dagbag.py:545} INFO - Filling up the DagBag from /opt/airflow/dags/data/models/Paraguay/cases_TS_model.pkl
[2024-08-17T12:29:59.268+0000] {processor.py:842} WARNING - No viable dags retrieved from /opt/airflow/dags/data/models/Paraguay/cases_TS_model.pkl
[2024-08-17T12:29:59.279+0000] {processor.py:183} INFO - Processing /opt/airflow/dags/data/models/Paraguay/cases_TS_model.pkl took 0.024 seconds
[2024-08-17T12:30:32.331+0000] {processor.py:161} INFO - Started process (PID=39224) to work on /opt/airflow/dags/data/models/Paraguay/cases_TS_model.pkl
[2024-08-17T12:30:32.332+0000] {processor.py:830} INFO - Processing file /opt/airflow/dags/data/models/Paraguay/cases_TS_model.pkl for tasks to queue
[2024-08-17T12:30:32.332+0000] {logging_mixin.py:188} INFO - [2024-08-17T12:30:32.332+0000] {dagbag.py:545} INFO - Filling up the DagBag from /opt/airflow/dags/data/models/Paraguay/cases_TS_model.pkl
[2024-08-17T12:30:32.350+0000] {processor.py:842} WARNING - No viable dags retrieved from /opt/airflow/dags/data/models/Paraguay/cases_TS_model.pkl
[2024-08-17T12:30:32.359+0000] {processor.py:183} INFO - Processing /opt/airflow/dags/data/models/Paraguay/cases_TS_model.pkl took 0.032 seconds
[2024-08-17T12:31:03.671+0000] {processor.py:161} INFO - Started process (PID=39943) to work on /opt/airflow/dags/data/models/Paraguay/cases_TS_model.pkl
[2024-08-17T12:31:03.672+0000] {processor.py:830} INFO - Processing file /opt/airflow/dags/data/models/Paraguay/cases_TS_model.pkl for tasks to queue
[2024-08-17T12:31:03.673+0000] {logging_mixin.py:188} INFO - [2024-08-17T12:31:03.673+0000] {dagbag.py:545} INFO - Filling up the DagBag from /opt/airflow/dags/data/models/Paraguay/cases_TS_model.pkl
[2024-08-17T12:31:03.680+0000] {processor.py:842} WARNING - No viable dags retrieved from /opt/airflow/dags/data/models/Paraguay/cases_TS_model.pkl
[2024-08-17T12:31:03.689+0000] {processor.py:183} INFO - Processing /opt/airflow/dags/data/models/Paraguay/cases_TS_model.pkl took 0.021 seconds
[2024-08-17T12:31:36.921+0000] {processor.py:161} INFO - Started process (PID=40687) to work on /opt/airflow/dags/data/models/Paraguay/cases_TS_model.pkl
[2024-08-17T12:31:36.922+0000] {processor.py:830} INFO - Processing file /opt/airflow/dags/data/models/Paraguay/cases_TS_model.pkl for tasks to queue
[2024-08-17T12:31:36.923+0000] {logging_mixin.py:188} INFO - [2024-08-17T12:31:36.923+0000] {dagbag.py:545} INFO - Filling up the DagBag from /opt/airflow/dags/data/models/Paraguay/cases_TS_model.pkl
[2024-08-17T12:31:36.935+0000] {processor.py:842} WARNING - No viable dags retrieved from /opt/airflow/dags/data/models/Paraguay/cases_TS_model.pkl
[2024-08-17T12:31:36.945+0000] {processor.py:183} INFO - Processing /opt/airflow/dags/data/models/Paraguay/cases_TS_model.pkl took 0.028 seconds
[2024-08-17T12:32:11.301+0000] {processor.py:161} INFO - Started process (PID=41365) to work on /opt/airflow/dags/data/models/Paraguay/cases_TS_model.pkl
[2024-08-17T12:32:11.301+0000] {processor.py:830} INFO - Processing file /opt/airflow/dags/data/models/Paraguay/cases_TS_model.pkl for tasks to queue
[2024-08-17T12:32:11.302+0000] {logging_mixin.py:188} INFO - [2024-08-17T12:32:11.302+0000] {dagbag.py:545} INFO - Filling up the DagBag from /opt/airflow/dags/data/models/Paraguay/cases_TS_model.pkl
[2024-08-17T12:32:11.312+0000] {processor.py:842} WARNING - No viable dags retrieved from /opt/airflow/dags/data/models/Paraguay/cases_TS_model.pkl
[2024-08-17T12:32:11.322+0000] {processor.py:183} INFO - Processing /opt/airflow/dags/data/models/Paraguay/cases_TS_model.pkl took 0.026 seconds
[2024-08-17T12:32:43.145+0000] {processor.py:161} INFO - Started process (PID=42083) to work on /opt/airflow/dags/data/models/Paraguay/cases_TS_model.pkl
[2024-08-17T12:32:43.145+0000] {processor.py:830} INFO - Processing file /opt/airflow/dags/data/models/Paraguay/cases_TS_model.pkl for tasks to queue
[2024-08-17T12:32:43.146+0000] {logging_mixin.py:188} INFO - [2024-08-17T12:32:43.146+0000] {dagbag.py:545} INFO - Filling up the DagBag from /opt/airflow/dags/data/models/Paraguay/cases_TS_model.pkl
[2024-08-17T12:32:43.154+0000] {processor.py:842} WARNING - No viable dags retrieved from /opt/airflow/dags/data/models/Paraguay/cases_TS_model.pkl
[2024-08-17T12:32:43.163+0000] {processor.py:183} INFO - Processing /opt/airflow/dags/data/models/Paraguay/cases_TS_model.pkl took 0.022 seconds
[2024-08-17T12:33:21.088+0000] {processor.py:161} INFO - Started process (PID=42835) to work on /opt/airflow/dags/data/models/Paraguay/cases_TS_model.pkl
[2024-08-17T12:33:21.089+0000] {processor.py:830} INFO - Processing file /opt/airflow/dags/data/models/Paraguay/cases_TS_model.pkl for tasks to queue
[2024-08-17T12:33:21.089+0000] {logging_mixin.py:188} INFO - [2024-08-17T12:33:21.089+0000] {dagbag.py:545} INFO - Filling up the DagBag from /opt/airflow/dags/data/models/Paraguay/cases_TS_model.pkl
[2024-08-17T12:33:21.101+0000] {processor.py:842} WARNING - No viable dags retrieved from /opt/airflow/dags/data/models/Paraguay/cases_TS_model.pkl
[2024-08-17T12:33:21.112+0000] {processor.py:183} INFO - Processing /opt/airflow/dags/data/models/Paraguay/cases_TS_model.pkl took 0.027 seconds
[2024-08-17T12:33:57.039+0000] {processor.py:161} INFO - Started process (PID=43579) to work on /opt/airflow/dags/data/models/Paraguay/cases_TS_model.pkl
[2024-08-17T12:33:57.040+0000] {processor.py:830} INFO - Processing file /opt/airflow/dags/data/models/Paraguay/cases_TS_model.pkl for tasks to queue
[2024-08-17T12:33:57.041+0000] {logging_mixin.py:188} INFO - [2024-08-17T12:33:57.040+0000] {dagbag.py:545} INFO - Filling up the DagBag from /opt/airflow/dags/data/models/Paraguay/cases_TS_model.pkl
[2024-08-17T12:33:57.049+0000] {processor.py:842} WARNING - No viable dags retrieved from /opt/airflow/dags/data/models/Paraguay/cases_TS_model.pkl
[2024-08-17T12:33:57.060+0000] {processor.py:183} INFO - Processing /opt/airflow/dags/data/models/Paraguay/cases_TS_model.pkl took 0.025 seconds
[2024-08-17T12:34:27.906+0000] {processor.py:161} INFO - Started process (PID=44240) to work on /opt/airflow/dags/data/models/Paraguay/cases_TS_model.pkl
[2024-08-17T12:34:27.907+0000] {processor.py:830} INFO - Processing file /opt/airflow/dags/data/models/Paraguay/cases_TS_model.pkl for tasks to queue
[2024-08-17T12:34:27.908+0000] {logging_mixin.py:188} INFO - [2024-08-17T12:34:27.908+0000] {dagbag.py:545} INFO - Filling up the DagBag from /opt/airflow/dags/data/models/Paraguay/cases_TS_model.pkl
[2024-08-17T12:34:27.921+0000] {processor.py:842} WARNING - No viable dags retrieved from /opt/airflow/dags/data/models/Paraguay/cases_TS_model.pkl
[2024-08-17T12:34:27.932+0000] {processor.py:183} INFO - Processing /opt/airflow/dags/data/models/Paraguay/cases_TS_model.pkl took 0.030 seconds
[2024-08-17T12:34:59.285+0000] {processor.py:161} INFO - Started process (PID=44940) to work on /opt/airflow/dags/data/models/Paraguay/cases_TS_model.pkl
[2024-08-17T12:34:59.286+0000] {processor.py:830} INFO - Processing file /opt/airflow/dags/data/models/Paraguay/cases_TS_model.pkl for tasks to queue
[2024-08-17T12:34:59.287+0000] {logging_mixin.py:188} INFO - [2024-08-17T12:34:59.286+0000] {dagbag.py:545} INFO - Filling up the DagBag from /opt/airflow/dags/data/models/Paraguay/cases_TS_model.pkl
[2024-08-17T12:34:59.296+0000] {processor.py:842} WARNING - No viable dags retrieved from /opt/airflow/dags/data/models/Paraguay/cases_TS_model.pkl
[2024-08-17T12:34:59.307+0000] {processor.py:183} INFO - Processing /opt/airflow/dags/data/models/Paraguay/cases_TS_model.pkl took 0.025 seconds
[2024-08-17T12:35:31.474+0000] {processor.py:161} INFO - Started process (PID=45635) to work on /opt/airflow/dags/data/models/Paraguay/cases_TS_model.pkl
[2024-08-17T12:35:31.477+0000] {processor.py:830} INFO - Processing file /opt/airflow/dags/data/models/Paraguay/cases_TS_model.pkl for tasks to queue
[2024-08-17T12:35:31.481+0000] {logging_mixin.py:188} INFO - [2024-08-17T12:35:31.481+0000] {dagbag.py:545} INFO - Filling up the DagBag from /opt/airflow/dags/data/models/Paraguay/cases_TS_model.pkl
[2024-08-17T12:35:31.493+0000] {processor.py:842} WARNING - No viable dags retrieved from /opt/airflow/dags/data/models/Paraguay/cases_TS_model.pkl
[2024-08-17T12:35:31.508+0000] {processor.py:183} INFO - Processing /opt/airflow/dags/data/models/Paraguay/cases_TS_model.pkl took 0.038 seconds
[2024-08-17T12:36:04.819+0000] {processor.py:161} INFO - Started process (PID=46378) to work on /opt/airflow/dags/data/models/Paraguay/cases_TS_model.pkl
[2024-08-17T12:36:04.820+0000] {processor.py:830} INFO - Processing file /opt/airflow/dags/data/models/Paraguay/cases_TS_model.pkl for tasks to queue
[2024-08-17T12:36:04.824+0000] {logging_mixin.py:188} INFO - [2024-08-17T12:36:04.824+0000] {dagbag.py:545} INFO - Filling up the DagBag from /opt/airflow/dags/data/models/Paraguay/cases_TS_model.pkl
[2024-08-17T12:36:04.897+0000] {processor.py:842} WARNING - No viable dags retrieved from /opt/airflow/dags/data/models/Paraguay/cases_TS_model.pkl
[2024-08-17T12:36:04.910+0000] {processor.py:183} INFO - Processing /opt/airflow/dags/data/models/Paraguay/cases_TS_model.pkl took 0.094 seconds
[2024-08-17T12:36:37.256+0000] {processor.py:161} INFO - Started process (PID=47123) to work on /opt/airflow/dags/data/models/Paraguay/cases_TS_model.pkl
[2024-08-17T12:36:37.256+0000] {processor.py:830} INFO - Processing file /opt/airflow/dags/data/models/Paraguay/cases_TS_model.pkl for tasks to queue
[2024-08-17T12:36:37.257+0000] {logging_mixin.py:188} INFO - [2024-08-17T12:36:37.257+0000] {dagbag.py:545} INFO - Filling up the DagBag from /opt/airflow/dags/data/models/Paraguay/cases_TS_model.pkl
[2024-08-17T12:36:37.264+0000] {processor.py:842} WARNING - No viable dags retrieved from /opt/airflow/dags/data/models/Paraguay/cases_TS_model.pkl
[2024-08-17T12:36:37.278+0000] {processor.py:183} INFO - Processing /opt/airflow/dags/data/models/Paraguay/cases_TS_model.pkl took 0.026 seconds
[2024-08-17T12:37:08.981+0000] {processor.py:161} INFO - Started process (PID=47844) to work on /opt/airflow/dags/data/models/Paraguay/cases_TS_model.pkl
[2024-08-17T12:37:08.982+0000] {processor.py:830} INFO - Processing file /opt/airflow/dags/data/models/Paraguay/cases_TS_model.pkl for tasks to queue
[2024-08-17T12:37:08.982+0000] {logging_mixin.py:188} INFO - [2024-08-17T12:37:08.982+0000] {dagbag.py:545} INFO - Filling up the DagBag from /opt/airflow/dags/data/models/Paraguay/cases_TS_model.pkl
[2024-08-17T12:37:08.990+0000] {processor.py:842} WARNING - No viable dags retrieved from /opt/airflow/dags/data/models/Paraguay/cases_TS_model.pkl
[2024-08-17T12:37:08.999+0000] {processor.py:183} INFO - Processing /opt/airflow/dags/data/models/Paraguay/cases_TS_model.pkl took 0.021 seconds
[2024-08-17T12:37:41.040+0000] {processor.py:161} INFO - Started process (PID=48547) to work on /opt/airflow/dags/data/models/Paraguay/cases_TS_model.pkl
[2024-08-17T12:37:41.041+0000] {processor.py:830} INFO - Processing file /opt/airflow/dags/data/models/Paraguay/cases_TS_model.pkl for tasks to queue
[2024-08-17T12:37:41.042+0000] {logging_mixin.py:188} INFO - [2024-08-17T12:37:41.041+0000] {dagbag.py:545} INFO - Filling up the DagBag from /opt/airflow/dags/data/models/Paraguay/cases_TS_model.pkl
[2024-08-17T12:37:41.052+0000] {processor.py:842} WARNING - No viable dags retrieved from /opt/airflow/dags/data/models/Paraguay/cases_TS_model.pkl
[2024-08-17T12:37:41.061+0000] {processor.py:183} INFO - Processing /opt/airflow/dags/data/models/Paraguay/cases_TS_model.pkl took 0.024 seconds
[2024-08-17T12:38:16.490+0000] {processor.py:161} INFO - Started process (PID=49254) to work on /opt/airflow/dags/data/models/Paraguay/cases_TS_model.pkl
[2024-08-17T12:38:16.507+0000] {processor.py:830} INFO - Processing file /opt/airflow/dags/data/models/Paraguay/cases_TS_model.pkl for tasks to queue
[2024-08-17T12:38:16.509+0000] {logging_mixin.py:188} INFO - [2024-08-17T12:38:16.508+0000] {dagbag.py:545} INFO - Filling up the DagBag from /opt/airflow/dags/data/models/Paraguay/cases_TS_model.pkl
[2024-08-17T12:38:16.520+0000] {processor.py:842} WARNING - No viable dags retrieved from /opt/airflow/dags/data/models/Paraguay/cases_TS_model.pkl
[2024-08-17T12:38:16.529+0000] {processor.py:183} INFO - Processing /opt/airflow/dags/data/models/Paraguay/cases_TS_model.pkl took 0.042 seconds
[2024-08-17T12:38:48.146+0000] {processor.py:161} INFO - Started process (PID=49913) to work on /opt/airflow/dags/data/models/Paraguay/cases_TS_model.pkl
[2024-08-17T12:38:48.147+0000] {processor.py:830} INFO - Processing file /opt/airflow/dags/data/models/Paraguay/cases_TS_model.pkl for tasks to queue
[2024-08-17T12:38:48.147+0000] {logging_mixin.py:188} INFO - [2024-08-17T12:38:48.147+0000] {dagbag.py:545} INFO - Filling up the DagBag from /opt/airflow/dags/data/models/Paraguay/cases_TS_model.pkl
[2024-08-17T12:38:48.162+0000] {processor.py:842} WARNING - No viable dags retrieved from /opt/airflow/dags/data/models/Paraguay/cases_TS_model.pkl
[2024-08-17T12:38:48.172+0000] {processor.py:183} INFO - Processing /opt/airflow/dags/data/models/Paraguay/cases_TS_model.pkl took 0.030 seconds
[2024-08-17T12:39:20.533+0000] {processor.py:161} INFO - Started process (PID=50614) to work on /opt/airflow/dags/data/models/Paraguay/cases_TS_model.pkl
[2024-08-17T12:39:20.534+0000] {processor.py:830} INFO - Processing file /opt/airflow/dags/data/models/Paraguay/cases_TS_model.pkl for tasks to queue
[2024-08-17T12:39:20.534+0000] {logging_mixin.py:188} INFO - [2024-08-17T12:39:20.534+0000] {dagbag.py:545} INFO - Filling up the DagBag from /opt/airflow/dags/data/models/Paraguay/cases_TS_model.pkl
[2024-08-17T12:39:20.546+0000] {processor.py:842} WARNING - No viable dags retrieved from /opt/airflow/dags/data/models/Paraguay/cases_TS_model.pkl
[2024-08-17T12:39:20.555+0000] {processor.py:183} INFO - Processing /opt/airflow/dags/data/models/Paraguay/cases_TS_model.pkl took 0.026 seconds
[2024-08-17T12:39:53.188+0000] {processor.py:161} INFO - Started process (PID=51358) to work on /opt/airflow/dags/data/models/Paraguay/cases_TS_model.pkl
[2024-08-17T12:39:53.188+0000] {processor.py:830} INFO - Processing file /opt/airflow/dags/data/models/Paraguay/cases_TS_model.pkl for tasks to queue
[2024-08-17T12:39:53.189+0000] {logging_mixin.py:188} INFO - [2024-08-17T12:39:53.189+0000] {dagbag.py:545} INFO - Filling up the DagBag from /opt/airflow/dags/data/models/Paraguay/cases_TS_model.pkl
[2024-08-17T12:39:53.197+0000] {processor.py:842} WARNING - No viable dags retrieved from /opt/airflow/dags/data/models/Paraguay/cases_TS_model.pkl
[2024-08-17T12:39:53.206+0000] {processor.py:183} INFO - Processing /opt/airflow/dags/data/models/Paraguay/cases_TS_model.pkl took 0.022 seconds
[2024-08-17T12:40:25.142+0000] {processor.py:161} INFO - Started process (PID=52067) to work on /opt/airflow/dags/data/models/Paraguay/cases_TS_model.pkl
[2024-08-17T12:40:25.143+0000] {processor.py:830} INFO - Processing file /opt/airflow/dags/data/models/Paraguay/cases_TS_model.pkl for tasks to queue
[2024-08-17T12:40:25.144+0000] {logging_mixin.py:188} INFO - [2024-08-17T12:40:25.144+0000] {dagbag.py:545} INFO - Filling up the DagBag from /opt/airflow/dags/data/models/Paraguay/cases_TS_model.pkl
[2024-08-17T12:40:25.158+0000] {processor.py:842} WARNING - No viable dags retrieved from /opt/airflow/dags/data/models/Paraguay/cases_TS_model.pkl
[2024-08-17T12:40:25.169+0000] {processor.py:183} INFO - Processing /opt/airflow/dags/data/models/Paraguay/cases_TS_model.pkl took 0.031 seconds
[2024-08-17T12:40:57.275+0000] {processor.py:161} INFO - Started process (PID=52809) to work on /opt/airflow/dags/data/models/Paraguay/cases_TS_model.pkl
[2024-08-17T12:40:57.275+0000] {processor.py:830} INFO - Processing file /opt/airflow/dags/data/models/Paraguay/cases_TS_model.pkl for tasks to queue
[2024-08-17T12:40:57.276+0000] {logging_mixin.py:188} INFO - [2024-08-17T12:40:57.275+0000] {dagbag.py:545} INFO - Filling up the DagBag from /opt/airflow/dags/data/models/Paraguay/cases_TS_model.pkl
[2024-08-17T12:40:57.283+0000] {processor.py:842} WARNING - No viable dags retrieved from /opt/airflow/dags/data/models/Paraguay/cases_TS_model.pkl
[2024-08-17T12:40:57.292+0000] {processor.py:183} INFO - Processing /opt/airflow/dags/data/models/Paraguay/cases_TS_model.pkl took 0.021 seconds
[2024-08-17T12:41:30.710+0000] {processor.py:161} INFO - Started process (PID=53551) to work on /opt/airflow/dags/data/models/Paraguay/cases_TS_model.pkl
[2024-08-17T12:41:30.710+0000] {processor.py:830} INFO - Processing file /opt/airflow/dags/data/models/Paraguay/cases_TS_model.pkl for tasks to queue
[2024-08-17T12:41:30.711+0000] {logging_mixin.py:188} INFO - [2024-08-17T12:41:30.711+0000] {dagbag.py:545} INFO - Filling up the DagBag from /opt/airflow/dags/data/models/Paraguay/cases_TS_model.pkl
[2024-08-17T12:41:30.728+0000] {processor.py:842} WARNING - No viable dags retrieved from /opt/airflow/dags/data/models/Paraguay/cases_TS_model.pkl
[2024-08-17T12:41:30.738+0000] {processor.py:183} INFO - Processing /opt/airflow/dags/data/models/Paraguay/cases_TS_model.pkl took 0.032 seconds
