[2024-08-17T10:12:53.846+0000] {processor.py:161} INFO - Started process (PID=36611) to work on /opt/airflow/dags/data/models/Sweden/cases_TS_model.pkl
[2024-08-17T10:12:53.847+0000] {processor.py:830} INFO - Processing file /opt/airflow/dags/data/models/Sweden/cases_TS_model.pkl for tasks to queue
[2024-08-17T10:12:53.848+0000] {logging_mixin.py:188} INFO - [2024-08-17T10:12:53.848+0000] {dagbag.py:545} INFO - Filling up the DagBag from /opt/airflow/dags/data/models/Sweden/cases_TS_model.pkl
[2024-08-17T10:12:53.859+0000] {processor.py:842} WARNING - No viable dags retrieved from /opt/airflow/dags/data/models/Sweden/cases_TS_model.pkl
[2024-08-17T10:12:53.869+0000] {processor.py:183} INFO - Processing /opt/airflow/dags/data/models/Sweden/cases_TS_model.pkl took 0.027 seconds
[2024-08-17T10:13:25.386+0000] {processor.py:161} INFO - Started process (PID=37296) to work on /opt/airflow/dags/data/models/Sweden/cases_TS_model.pkl
[2024-08-17T10:13:25.387+0000] {processor.py:830} INFO - Processing file /opt/airflow/dags/data/models/Sweden/cases_TS_model.pkl for tasks to queue
[2024-08-17T10:13:25.388+0000] {logging_mixin.py:188} INFO - [2024-08-17T10:13:25.388+0000] {dagbag.py:545} INFO - Filling up the DagBag from /opt/airflow/dags/data/models/Sweden/cases_TS_model.pkl
[2024-08-17T10:13:25.410+0000] {processor.py:842} WARNING - No viable dags retrieved from /opt/airflow/dags/data/models/Sweden/cases_TS_model.pkl
[2024-08-17T10:13:25.419+0000] {processor.py:183} INFO - Processing /opt/airflow/dags/data/models/Sweden/cases_TS_model.pkl took 0.038 seconds
[2024-08-17T10:13:57.011+0000] {processor.py:161} INFO - Started process (PID=37989) to work on /opt/airflow/dags/data/models/Sweden/cases_TS_model.pkl
[2024-08-17T10:13:57.011+0000] {processor.py:830} INFO - Processing file /opt/airflow/dags/data/models/Sweden/cases_TS_model.pkl for tasks to queue
[2024-08-17T10:13:57.012+0000] {logging_mixin.py:188} INFO - [2024-08-17T10:13:57.012+0000] {dagbag.py:545} INFO - Filling up the DagBag from /opt/airflow/dags/data/models/Sweden/cases_TS_model.pkl
[2024-08-17T10:13:57.023+0000] {processor.py:842} WARNING - No viable dags retrieved from /opt/airflow/dags/data/models/Sweden/cases_TS_model.pkl
[2024-08-17T10:13:57.035+0000] {processor.py:183} INFO - Processing /opt/airflow/dags/data/models/Sweden/cases_TS_model.pkl took 0.028 seconds
[2024-08-17T10:14:28.683+0000] {processor.py:161} INFO - Started process (PID=38656) to work on /opt/airflow/dags/data/models/Sweden/cases_TS_model.pkl
[2024-08-17T10:14:28.684+0000] {processor.py:830} INFO - Processing file /opt/airflow/dags/data/models/Sweden/cases_TS_model.pkl for tasks to queue
[2024-08-17T10:14:28.685+0000] {logging_mixin.py:188} INFO - [2024-08-17T10:14:28.684+0000] {dagbag.py:545} INFO - Filling up the DagBag from /opt/airflow/dags/data/models/Sweden/cases_TS_model.pkl
[2024-08-17T10:14:28.695+0000] {processor.py:842} WARNING - No viable dags retrieved from /opt/airflow/dags/data/models/Sweden/cases_TS_model.pkl
[2024-08-17T10:14:28.704+0000] {processor.py:183} INFO - Processing /opt/airflow/dags/data/models/Sweden/cases_TS_model.pkl took 0.025 seconds
[2024-08-17T10:15:01.129+0000] {processor.py:161} INFO - Started process (PID=39298) to work on /opt/airflow/dags/data/models/Sweden/cases_TS_model.pkl
[2024-08-17T10:15:01.130+0000] {processor.py:830} INFO - Processing file /opt/airflow/dags/data/models/Sweden/cases_TS_model.pkl for tasks to queue
[2024-08-17T10:15:01.130+0000] {logging_mixin.py:188} INFO - [2024-08-17T10:15:01.130+0000] {dagbag.py:545} INFO - Filling up the DagBag from /opt/airflow/dags/data/models/Sweden/cases_TS_model.pkl
[2024-08-17T10:15:01.138+0000] {processor.py:842} WARNING - No viable dags retrieved from /opt/airflow/dags/data/models/Sweden/cases_TS_model.pkl
[2024-08-17T10:15:01.148+0000] {processor.py:183} INFO - Processing /opt/airflow/dags/data/models/Sweden/cases_TS_model.pkl took 0.022 seconds
[2024-08-17T10:15:35.481+0000] {processor.py:161} INFO - Started process (PID=39991) to work on /opt/airflow/dags/data/models/Sweden/cases_TS_model.pkl
[2024-08-17T10:15:35.482+0000] {processor.py:830} INFO - Processing file /opt/airflow/dags/data/models/Sweden/cases_TS_model.pkl for tasks to queue
[2024-08-17T10:15:35.482+0000] {logging_mixin.py:188} INFO - [2024-08-17T10:15:35.482+0000] {dagbag.py:545} INFO - Filling up the DagBag from /opt/airflow/dags/data/models/Sweden/cases_TS_model.pkl
[2024-08-17T10:15:35.491+0000] {processor.py:842} WARNING - No viable dags retrieved from /opt/airflow/dags/data/models/Sweden/cases_TS_model.pkl
[2024-08-17T10:15:35.501+0000] {processor.py:183} INFO - Processing /opt/airflow/dags/data/models/Sweden/cases_TS_model.pkl took 0.025 seconds
[2024-08-17T10:16:07.218+0000] {processor.py:161} INFO - Started process (PID=40647) to work on /opt/airflow/dags/data/models/Sweden/cases_TS_model.pkl
[2024-08-17T10:16:07.218+0000] {processor.py:830} INFO - Processing file /opt/airflow/dags/data/models/Sweden/cases_TS_model.pkl for tasks to queue
[2024-08-17T10:16:07.219+0000] {logging_mixin.py:188} INFO - [2024-08-17T10:16:07.219+0000] {dagbag.py:545} INFO - Filling up the DagBag from /opt/airflow/dags/data/models/Sweden/cases_TS_model.pkl
[2024-08-17T10:16:07.233+0000] {processor.py:842} WARNING - No viable dags retrieved from /opt/airflow/dags/data/models/Sweden/cases_TS_model.pkl
[2024-08-17T10:16:07.243+0000] {processor.py:183} INFO - Processing /opt/airflow/dags/data/models/Sweden/cases_TS_model.pkl took 0.030 seconds
[2024-08-17T10:16:39.074+0000] {processor.py:161} INFO - Started process (PID=41325) to work on /opt/airflow/dags/data/models/Sweden/cases_TS_model.pkl
[2024-08-17T10:16:39.074+0000] {processor.py:830} INFO - Processing file /opt/airflow/dags/data/models/Sweden/cases_TS_model.pkl for tasks to queue
[2024-08-17T10:16:39.075+0000] {logging_mixin.py:188} INFO - [2024-08-17T10:16:39.075+0000] {dagbag.py:545} INFO - Filling up the DagBag from /opt/airflow/dags/data/models/Sweden/cases_TS_model.pkl
[2024-08-17T10:16:39.087+0000] {processor.py:842} WARNING - No viable dags retrieved from /opt/airflow/dags/data/models/Sweden/cases_TS_model.pkl
[2024-08-17T10:16:39.097+0000] {processor.py:183} INFO - Processing /opt/airflow/dags/data/models/Sweden/cases_TS_model.pkl took 0.027 seconds
[2024-08-17T10:17:11.150+0000] {processor.py:161} INFO - Started process (PID=42017) to work on /opt/airflow/dags/data/models/Sweden/cases_TS_model.pkl
[2024-08-17T10:17:11.151+0000] {processor.py:830} INFO - Processing file /opt/airflow/dags/data/models/Sweden/cases_TS_model.pkl for tasks to queue
[2024-08-17T10:17:11.152+0000] {logging_mixin.py:188} INFO - [2024-08-17T10:17:11.151+0000] {dagbag.py:545} INFO - Filling up the DagBag from /opt/airflow/dags/data/models/Sweden/cases_TS_model.pkl
[2024-08-17T10:17:11.161+0000] {processor.py:842} WARNING - No viable dags retrieved from /opt/airflow/dags/data/models/Sweden/cases_TS_model.pkl
[2024-08-17T10:17:11.170+0000] {processor.py:183} INFO - Processing /opt/airflow/dags/data/models/Sweden/cases_TS_model.pkl took 0.023 seconds
[2024-08-17T10:17:57.869+0000] {processor.py:161} INFO - Started process (PID=42787) to work on /opt/airflow/dags/data/models/Sweden/cases_TS_model.pkl
[2024-08-17T10:17:57.870+0000] {processor.py:830} INFO - Processing file /opt/airflow/dags/data/models/Sweden/cases_TS_model.pkl for tasks to queue
[2024-08-17T10:17:57.870+0000] {logging_mixin.py:188} INFO - [2024-08-17T10:17:57.870+0000] {dagbag.py:545} INFO - Filling up the DagBag from /opt/airflow/dags/data/models/Sweden/cases_TS_model.pkl
[2024-08-17T10:17:57.881+0000] {processor.py:842} WARNING - No viable dags retrieved from /opt/airflow/dags/data/models/Sweden/cases_TS_model.pkl
[2024-08-17T10:17:57.891+0000] {processor.py:183} INFO - Processing /opt/airflow/dags/data/models/Sweden/cases_TS_model.pkl took 0.027 seconds
[2024-08-17T10:18:29.631+0000] {processor.py:161} INFO - Started process (PID=43508) to work on /opt/airflow/dags/data/models/Sweden/cases_TS_model.pkl
[2024-08-17T10:18:29.631+0000] {processor.py:830} INFO - Processing file /opt/airflow/dags/data/models/Sweden/cases_TS_model.pkl for tasks to queue
[2024-08-17T10:18:29.632+0000] {logging_mixin.py:188} INFO - [2024-08-17T10:18:29.632+0000] {dagbag.py:545} INFO - Filling up the DagBag from /opt/airflow/dags/data/models/Sweden/cases_TS_model.pkl
[2024-08-17T10:18:29.642+0000] {processor.py:842} WARNING - No viable dags retrieved from /opt/airflow/dags/data/models/Sweden/cases_TS_model.pkl
[2024-08-17T10:18:29.654+0000] {processor.py:183} INFO - Processing /opt/airflow/dags/data/models/Sweden/cases_TS_model.pkl took 0.027 seconds
[2024-08-17T10:19:01.599+0000] {processor.py:161} INFO - Started process (PID=44244) to work on /opt/airflow/dags/data/models/Sweden/cases_TS_model.pkl
[2024-08-17T10:19:01.599+0000] {processor.py:830} INFO - Processing file /opt/airflow/dags/data/models/Sweden/cases_TS_model.pkl for tasks to queue
[2024-08-17T10:19:01.600+0000] {logging_mixin.py:188} INFO - [2024-08-17T10:19:01.600+0000] {dagbag.py:545} INFO - Filling up the DagBag from /opt/airflow/dags/data/models/Sweden/cases_TS_model.pkl
[2024-08-17T10:19:01.608+0000] {processor.py:842} WARNING - No viable dags retrieved from /opt/airflow/dags/data/models/Sweden/cases_TS_model.pkl
[2024-08-17T10:19:01.617+0000] {processor.py:183} INFO - Processing /opt/airflow/dags/data/models/Sweden/cases_TS_model.pkl took 0.022 seconds
[2024-08-17T10:19:33.842+0000] {processor.py:161} INFO - Started process (PID=44986) to work on /opt/airflow/dags/data/models/Sweden/cases_TS_model.pkl
[2024-08-17T10:19:33.843+0000] {processor.py:830} INFO - Processing file /opt/airflow/dags/data/models/Sweden/cases_TS_model.pkl for tasks to queue
[2024-08-17T10:19:33.844+0000] {logging_mixin.py:188} INFO - [2024-08-17T10:19:33.843+0000] {dagbag.py:545} INFO - Filling up the DagBag from /opt/airflow/dags/data/models/Sweden/cases_TS_model.pkl
[2024-08-17T10:19:33.857+0000] {processor.py:842} WARNING - No viable dags retrieved from /opt/airflow/dags/data/models/Sweden/cases_TS_model.pkl
[2024-08-17T10:19:33.866+0000] {processor.py:183} INFO - Processing /opt/airflow/dags/data/models/Sweden/cases_TS_model.pkl took 0.027 seconds
[2024-08-17T10:20:04.753+0000] {processor.py:161} INFO - Started process (PID=45700) to work on /opt/airflow/dags/data/models/Sweden/cases_TS_model.pkl
[2024-08-17T10:20:04.753+0000] {processor.py:830} INFO - Processing file /opt/airflow/dags/data/models/Sweden/cases_TS_model.pkl for tasks to queue
[2024-08-17T10:20:04.754+0000] {logging_mixin.py:188} INFO - [2024-08-17T10:20:04.754+0000] {dagbag.py:545} INFO - Filling up the DagBag from /opt/airflow/dags/data/models/Sweden/cases_TS_model.pkl
[2024-08-17T10:20:04.762+0000] {processor.py:842} WARNING - No viable dags retrieved from /opt/airflow/dags/data/models/Sweden/cases_TS_model.pkl
[2024-08-17T10:20:04.771+0000] {processor.py:183} INFO - Processing /opt/airflow/dags/data/models/Sweden/cases_TS_model.pkl took 0.022 seconds
[2024-08-17T10:20:37.742+0000] {processor.py:161} INFO - Started process (PID=46431) to work on /opt/airflow/dags/data/models/Sweden/cases_TS_model.pkl
[2024-08-17T10:20:37.743+0000] {processor.py:830} INFO - Processing file /opt/airflow/dags/data/models/Sweden/cases_TS_model.pkl for tasks to queue
[2024-08-17T10:20:37.744+0000] {logging_mixin.py:188} INFO - [2024-08-17T10:20:37.743+0000] {dagbag.py:545} INFO - Filling up the DagBag from /opt/airflow/dags/data/models/Sweden/cases_TS_model.pkl
[2024-08-17T10:20:37.758+0000] {processor.py:842} WARNING - No viable dags retrieved from /opt/airflow/dags/data/models/Sweden/cases_TS_model.pkl
[2024-08-17T10:20:37.768+0000] {processor.py:183} INFO - Processing /opt/airflow/dags/data/models/Sweden/cases_TS_model.pkl took 0.029 seconds
[2024-08-17T10:21:10.463+0000] {processor.py:161} INFO - Started process (PID=47174) to work on /opt/airflow/dags/data/models/Sweden/cases_TS_model.pkl
[2024-08-17T10:21:10.464+0000] {processor.py:830} INFO - Processing file /opt/airflow/dags/data/models/Sweden/cases_TS_model.pkl for tasks to queue
[2024-08-17T10:21:10.464+0000] {logging_mixin.py:188} INFO - [2024-08-17T10:21:10.464+0000] {dagbag.py:545} INFO - Filling up the DagBag from /opt/airflow/dags/data/models/Sweden/cases_TS_model.pkl
[2024-08-17T10:21:10.473+0000] {processor.py:842} WARNING - No viable dags retrieved from /opt/airflow/dags/data/models/Sweden/cases_TS_model.pkl
[2024-08-17T10:21:10.482+0000] {processor.py:183} INFO - Processing /opt/airflow/dags/data/models/Sweden/cases_TS_model.pkl took 0.023 seconds
[2024-08-17T12:08:09.991+0000] {processor.py:161} INFO - Started process (PID=19071) to work on /opt/airflow/dags/data/models/Sweden/cases_TS_model.pkl
[2024-08-17T12:08:09.993+0000] {processor.py:830} INFO - Processing file /opt/airflow/dags/data/models/Sweden/cases_TS_model.pkl for tasks to queue
[2024-08-17T12:08:09.994+0000] {logging_mixin.py:188} INFO - [2024-08-17T12:08:09.994+0000] {dagbag.py:545} INFO - Filling up the DagBag from /opt/airflow/dags/data/models/Sweden/cases_TS_model.pkl
[2024-08-17T12:08:10.017+0000] {processor.py:842} WARNING - No viable dags retrieved from /opt/airflow/dags/data/models/Sweden/cases_TS_model.pkl
[2024-08-17T12:08:10.036+0000] {processor.py:183} INFO - Processing /opt/airflow/dags/data/models/Sweden/cases_TS_model.pkl took 0.052 seconds
[2024-08-17T12:08:58.330+0000] {processor.py:161} INFO - Started process (PID=19770) to work on /opt/airflow/dags/data/models/Sweden/cases_TS_model.pkl
[2024-08-17T12:08:58.332+0000] {processor.py:830} INFO - Processing file /opt/airflow/dags/data/models/Sweden/cases_TS_model.pkl for tasks to queue
[2024-08-17T12:08:58.333+0000] {logging_mixin.py:188} INFO - [2024-08-17T12:08:58.332+0000] {dagbag.py:545} INFO - Filling up the DagBag from /opt/airflow/dags/data/models/Sweden/cases_TS_model.pkl
[2024-08-17T12:08:58.355+0000] {processor.py:842} WARNING - No viable dags retrieved from /opt/airflow/dags/data/models/Sweden/cases_TS_model.pkl
[2024-08-17T12:08:58.373+0000] {processor.py:183} INFO - Processing /opt/airflow/dags/data/models/Sweden/cases_TS_model.pkl took 0.050 seconds
[2024-08-17T12:09:30.844+0000] {processor.py:161} INFO - Started process (PID=20249) to work on /opt/airflow/dags/data/models/Sweden/cases_TS_model.pkl
[2024-08-17T12:09:30.845+0000] {processor.py:830} INFO - Processing file /opt/airflow/dags/data/models/Sweden/cases_TS_model.pkl for tasks to queue
[2024-08-17T12:09:30.848+0000] {logging_mixin.py:188} INFO - [2024-08-17T12:09:30.848+0000] {dagbag.py:545} INFO - Filling up the DagBag from /opt/airflow/dags/data/models/Sweden/cases_TS_model.pkl
[2024-08-17T12:09:30.872+0000] {processor.py:842} WARNING - No viable dags retrieved from /opt/airflow/dags/data/models/Sweden/cases_TS_model.pkl
[2024-08-17T12:09:30.895+0000] {processor.py:183} INFO - Processing /opt/airflow/dags/data/models/Sweden/cases_TS_model.pkl took 0.059 seconds
[2024-08-17T12:10:18.117+0000] {processor.py:161} INFO - Started process (PID=20893) to work on /opt/airflow/dags/data/models/Sweden/cases_TS_model.pkl
[2024-08-17T12:10:18.118+0000] {processor.py:830} INFO - Processing file /opt/airflow/dags/data/models/Sweden/cases_TS_model.pkl for tasks to queue
[2024-08-17T12:10:18.119+0000] {logging_mixin.py:188} INFO - [2024-08-17T12:10:18.119+0000] {dagbag.py:545} INFO - Filling up the DagBag from /opt/airflow/dags/data/models/Sweden/cases_TS_model.pkl
[2024-08-17T12:10:18.141+0000] {processor.py:842} WARNING - No viable dags retrieved from /opt/airflow/dags/data/models/Sweden/cases_TS_model.pkl
[2024-08-17T12:10:18.160+0000] {processor.py:183} INFO - Processing /opt/airflow/dags/data/models/Sweden/cases_TS_model.pkl took 0.050 seconds
[2024-08-17T12:10:57.021+0000] {processor.py:161} INFO - Started process (PID=21529) to work on /opt/airflow/dags/data/models/Sweden/cases_TS_model.pkl
[2024-08-17T12:10:57.022+0000] {processor.py:830} INFO - Processing file /opt/airflow/dags/data/models/Sweden/cases_TS_model.pkl for tasks to queue
[2024-08-17T12:10:57.023+0000] {logging_mixin.py:188} INFO - [2024-08-17T12:10:57.023+0000] {dagbag.py:545} INFO - Filling up the DagBag from /opt/airflow/dags/data/models/Sweden/cases_TS_model.pkl
[2024-08-17T12:10:57.042+0000] {processor.py:842} WARNING - No viable dags retrieved from /opt/airflow/dags/data/models/Sweden/cases_TS_model.pkl
[2024-08-17T12:10:57.061+0000] {processor.py:183} INFO - Processing /opt/airflow/dags/data/models/Sweden/cases_TS_model.pkl took 0.048 seconds
[2024-08-17T12:11:30.947+0000] {processor.py:161} INFO - Started process (PID=22025) to work on /opt/airflow/dags/data/models/Sweden/cases_TS_model.pkl
[2024-08-17T12:11:30.948+0000] {processor.py:830} INFO - Processing file /opt/airflow/dags/data/models/Sweden/cases_TS_model.pkl for tasks to queue
[2024-08-17T12:11:30.950+0000] {logging_mixin.py:188} INFO - [2024-08-17T12:11:30.949+0000] {dagbag.py:545} INFO - Filling up the DagBag from /opt/airflow/dags/data/models/Sweden/cases_TS_model.pkl
[2024-08-17T12:11:30.969+0000] {processor.py:842} WARNING - No viable dags retrieved from /opt/airflow/dags/data/models/Sweden/cases_TS_model.pkl
[2024-08-17T12:11:30.988+0000] {processor.py:183} INFO - Processing /opt/airflow/dags/data/models/Sweden/cases_TS_model.pkl took 0.046 seconds
[2024-08-17T12:12:04.909+0000] {processor.py:161} INFO - Started process (PID=22479) to work on /opt/airflow/dags/data/models/Sweden/cases_TS_model.pkl
[2024-08-17T12:12:04.910+0000] {processor.py:830} INFO - Processing file /opt/airflow/dags/data/models/Sweden/cases_TS_model.pkl for tasks to queue
[2024-08-17T12:12:04.912+0000] {logging_mixin.py:188} INFO - [2024-08-17T12:12:04.911+0000] {dagbag.py:545} INFO - Filling up the DagBag from /opt/airflow/dags/data/models/Sweden/cases_TS_model.pkl
[2024-08-17T12:12:04.933+0000] {processor.py:842} WARNING - No viable dags retrieved from /opt/airflow/dags/data/models/Sweden/cases_TS_model.pkl
[2024-08-17T12:12:04.953+0000] {processor.py:183} INFO - Processing /opt/airflow/dags/data/models/Sweden/cases_TS_model.pkl took 0.054 seconds
[2024-08-17T12:12:40.608+0000] {processor.py:161} INFO - Started process (PID=23032) to work on /opt/airflow/dags/data/models/Sweden/cases_TS_model.pkl
[2024-08-17T12:12:40.609+0000] {processor.py:830} INFO - Processing file /opt/airflow/dags/data/models/Sweden/cases_TS_model.pkl for tasks to queue
[2024-08-17T12:12:40.610+0000] {logging_mixin.py:188} INFO - [2024-08-17T12:12:40.610+0000] {dagbag.py:545} INFO - Filling up the DagBag from /opt/airflow/dags/data/models/Sweden/cases_TS_model.pkl
[2024-08-17T12:12:40.632+0000] {processor.py:842} WARNING - No viable dags retrieved from /opt/airflow/dags/data/models/Sweden/cases_TS_model.pkl
[2024-08-17T12:12:40.647+0000] {processor.py:183} INFO - Processing /opt/airflow/dags/data/models/Sweden/cases_TS_model.pkl took 0.048 seconds
[2024-08-17T12:13:23.822+0000] {processor.py:161} INFO - Started process (PID=23355) to work on /opt/airflow/dags/data/models/Sweden/cases_TS_model.pkl
[2024-08-17T12:13:23.823+0000] {processor.py:830} INFO - Processing file /opt/airflow/dags/data/models/Sweden/cases_TS_model.pkl for tasks to queue
[2024-08-17T12:13:23.825+0000] {logging_mixin.py:188} INFO - [2024-08-17T12:13:23.824+0000] {dagbag.py:545} INFO - Filling up the DagBag from /opt/airflow/dags/data/models/Sweden/cases_TS_model.pkl
[2024-08-17T12:13:23.847+0000] {processor.py:842} WARNING - No viable dags retrieved from /opt/airflow/dags/data/models/Sweden/cases_TS_model.pkl
[2024-08-17T12:13:23.865+0000] {processor.py:183} INFO - Processing /opt/airflow/dags/data/models/Sweden/cases_TS_model.pkl took 0.050 seconds
[2024-08-17T12:13:54.121+0000] {processor.py:161} INFO - Started process (PID=23870) to work on /opt/airflow/dags/data/models/Sweden/cases_TS_model.pkl
[2024-08-17T12:13:54.122+0000] {processor.py:830} INFO - Processing file /opt/airflow/dags/data/models/Sweden/cases_TS_model.pkl for tasks to queue
[2024-08-17T12:13:54.124+0000] {logging_mixin.py:188} INFO - [2024-08-17T12:13:54.123+0000] {dagbag.py:545} INFO - Filling up the DagBag from /opt/airflow/dags/data/models/Sweden/cases_TS_model.pkl
[2024-08-17T12:13:54.144+0000] {processor.py:842} WARNING - No viable dags retrieved from /opt/airflow/dags/data/models/Sweden/cases_TS_model.pkl
[2024-08-17T12:13:54.162+0000] {processor.py:183} INFO - Processing /opt/airflow/dags/data/models/Sweden/cases_TS_model.pkl took 0.049 seconds
[2024-08-17T12:14:28.003+0000] {processor.py:161} INFO - Started process (PID=24331) to work on /opt/airflow/dags/data/models/Sweden/cases_TS_model.pkl
[2024-08-17T12:14:28.005+0000] {processor.py:830} INFO - Processing file /opt/airflow/dags/data/models/Sweden/cases_TS_model.pkl for tasks to queue
[2024-08-17T12:14:28.006+0000] {logging_mixin.py:188} INFO - [2024-08-17T12:14:28.006+0000] {dagbag.py:545} INFO - Filling up the DagBag from /opt/airflow/dags/data/models/Sweden/cases_TS_model.pkl
[2024-08-17T12:14:28.026+0000] {processor.py:842} WARNING - No viable dags retrieved from /opt/airflow/dags/data/models/Sweden/cases_TS_model.pkl
[2024-08-17T12:14:28.045+0000] {processor.py:183} INFO - Processing /opt/airflow/dags/data/models/Sweden/cases_TS_model.pkl took 0.049 seconds
[2024-08-17T12:15:12.778+0000] {processor.py:161} INFO - Started process (PID=24945) to work on /opt/airflow/dags/data/models/Sweden/cases_TS_model.pkl
[2024-08-17T12:15:12.780+0000] {processor.py:830} INFO - Processing file /opt/airflow/dags/data/models/Sweden/cases_TS_model.pkl for tasks to queue
[2024-08-17T12:15:12.781+0000] {logging_mixin.py:188} INFO - [2024-08-17T12:15:12.781+0000] {dagbag.py:545} INFO - Filling up the DagBag from /opt/airflow/dags/data/models/Sweden/cases_TS_model.pkl
[2024-08-17T12:15:12.814+0000] {processor.py:842} WARNING - No viable dags retrieved from /opt/airflow/dags/data/models/Sweden/cases_TS_model.pkl
[2024-08-17T12:15:12.832+0000] {processor.py:183} INFO - Processing /opt/airflow/dags/data/models/Sweden/cases_TS_model.pkl took 0.061 seconds
[2024-08-17T12:15:54.263+0000] {processor.py:161} INFO - Started process (PID=25560) to work on /opt/airflow/dags/data/models/Sweden/cases_TS_model.pkl
[2024-08-17T12:15:54.265+0000] {processor.py:830} INFO - Processing file /opt/airflow/dags/data/models/Sweden/cases_TS_model.pkl for tasks to queue
[2024-08-17T12:15:54.268+0000] {logging_mixin.py:188} INFO - [2024-08-17T12:15:54.267+0000] {dagbag.py:545} INFO - Filling up the DagBag from /opt/airflow/dags/data/models/Sweden/cases_TS_model.pkl
[2024-08-17T12:15:54.299+0000] {processor.py:842} WARNING - No viable dags retrieved from /opt/airflow/dags/data/models/Sweden/cases_TS_model.pkl
[2024-08-17T12:15:54.319+0000] {processor.py:183} INFO - Processing /opt/airflow/dags/data/models/Sweden/cases_TS_model.pkl took 0.065 seconds
[2024-08-17T12:16:30.794+0000] {processor.py:161} INFO - Started process (PID=26071) to work on /opt/airflow/dags/data/models/Sweden/cases_TS_model.pkl
[2024-08-17T12:16:30.796+0000] {processor.py:830} INFO - Processing file /opt/airflow/dags/data/models/Sweden/cases_TS_model.pkl for tasks to queue
[2024-08-17T12:16:30.797+0000] {logging_mixin.py:188} INFO - [2024-08-17T12:16:30.797+0000] {dagbag.py:545} INFO - Filling up the DagBag from /opt/airflow/dags/data/models/Sweden/cases_TS_model.pkl
[2024-08-17T12:16:30.818+0000] {processor.py:842} WARNING - No viable dags retrieved from /opt/airflow/dags/data/models/Sweden/cases_TS_model.pkl
[2024-08-17T12:16:30.840+0000] {processor.py:183} INFO - Processing /opt/airflow/dags/data/models/Sweden/cases_TS_model.pkl took 0.054 seconds
[2024-08-17T12:17:13.495+0000] {processor.py:161} INFO - Started process (PID=26675) to work on /opt/airflow/dags/data/models/Sweden/cases_TS_model.pkl
[2024-08-17T12:17:13.497+0000] {processor.py:830} INFO - Processing file /opt/airflow/dags/data/models/Sweden/cases_TS_model.pkl for tasks to queue
[2024-08-17T12:17:13.498+0000] {logging_mixin.py:188} INFO - [2024-08-17T12:17:13.497+0000] {dagbag.py:545} INFO - Filling up the DagBag from /opt/airflow/dags/data/models/Sweden/cases_TS_model.pkl
[2024-08-17T12:17:13.517+0000] {processor.py:842} WARNING - No viable dags retrieved from /opt/airflow/dags/data/models/Sweden/cases_TS_model.pkl
[2024-08-17T12:17:13.537+0000] {processor.py:183} INFO - Processing /opt/airflow/dags/data/models/Sweden/cases_TS_model.pkl took 0.051 seconds
[2024-08-17T12:18:19.322+0000] {processor.py:161} INFO - Started process (PID=27304) to work on /opt/airflow/dags/data/models/Sweden/cases_TS_model.pkl
[2024-08-17T12:18:19.323+0000] {processor.py:830} INFO - Processing file /opt/airflow/dags/data/models/Sweden/cases_TS_model.pkl for tasks to queue
[2024-08-17T12:18:19.325+0000] {logging_mixin.py:188} INFO - [2024-08-17T12:18:19.324+0000] {dagbag.py:545} INFO - Filling up the DagBag from /opt/airflow/dags/data/models/Sweden/cases_TS_model.pkl
[2024-08-17T12:18:19.381+0000] {processor.py:842} WARNING - No viable dags retrieved from /opt/airflow/dags/data/models/Sweden/cases_TS_model.pkl
[2024-08-17T12:18:19.405+0000] {processor.py:183} INFO - Processing /opt/airflow/dags/data/models/Sweden/cases_TS_model.pkl took 0.091 seconds
[2024-08-17T12:19:16.235+0000] {processor.py:161} INFO - Started process (PID=28073) to work on /opt/airflow/dags/data/models/Sweden/cases_TS_model.pkl
[2024-08-17T12:19:16.236+0000] {processor.py:830} INFO - Processing file /opt/airflow/dags/data/models/Sweden/cases_TS_model.pkl for tasks to queue
[2024-08-17T12:19:16.238+0000] {logging_mixin.py:188} INFO - [2024-08-17T12:19:16.237+0000] {dagbag.py:545} INFO - Filling up the DagBag from /opt/airflow/dags/data/models/Sweden/cases_TS_model.pkl
[2024-08-17T12:19:16.259+0000] {processor.py:842} WARNING - No viable dags retrieved from /opt/airflow/dags/data/models/Sweden/cases_TS_model.pkl
[2024-08-17T12:19:16.278+0000] {processor.py:183} INFO - Processing /opt/airflow/dags/data/models/Sweden/cases_TS_model.pkl took 0.051 seconds
[2024-08-17T12:19:58.556+0000] {processor.py:161} INFO - Started process (PID=28658) to work on /opt/airflow/dags/data/models/Sweden/cases_TS_model.pkl
[2024-08-17T12:19:58.557+0000] {processor.py:830} INFO - Processing file /opt/airflow/dags/data/models/Sweden/cases_TS_model.pkl for tasks to queue
[2024-08-17T12:19:58.558+0000] {logging_mixin.py:188} INFO - [2024-08-17T12:19:58.558+0000] {dagbag.py:545} INFO - Filling up the DagBag from /opt/airflow/dags/data/models/Sweden/cases_TS_model.pkl
[2024-08-17T12:19:58.577+0000] {processor.py:842} WARNING - No viable dags retrieved from /opt/airflow/dags/data/models/Sweden/cases_TS_model.pkl
[2024-08-17T12:19:58.598+0000] {processor.py:183} INFO - Processing /opt/airflow/dags/data/models/Sweden/cases_TS_model.pkl took 0.050 seconds
[2024-08-17T12:20:54.377+0000] {processor.py:161} INFO - Started process (PID=29322) to work on /opt/airflow/dags/data/models/Sweden/cases_TS_model.pkl
[2024-08-17T12:20:54.379+0000] {processor.py:830} INFO - Processing file /opt/airflow/dags/data/models/Sweden/cases_TS_model.pkl for tasks to queue
[2024-08-17T12:20:54.380+0000] {logging_mixin.py:188} INFO - [2024-08-17T12:20:54.380+0000] {dagbag.py:545} INFO - Filling up the DagBag from /opt/airflow/dags/data/models/Sweden/cases_TS_model.pkl
[2024-08-17T12:20:54.416+0000] {processor.py:842} WARNING - No viable dags retrieved from /opt/airflow/dags/data/models/Sweden/cases_TS_model.pkl
[2024-08-17T12:20:54.436+0000] {processor.py:183} INFO - Processing /opt/airflow/dags/data/models/Sweden/cases_TS_model.pkl took 0.067 seconds
[2024-08-17T12:21:38.523+0000] {processor.py:161} INFO - Started process (PID=30010) to work on /opt/airflow/dags/data/models/Sweden/cases_TS_model.pkl
[2024-08-17T12:21:38.524+0000] {processor.py:830} INFO - Processing file /opt/airflow/dags/data/models/Sweden/cases_TS_model.pkl for tasks to queue
[2024-08-17T12:21:38.525+0000] {logging_mixin.py:188} INFO - [2024-08-17T12:21:38.525+0000] {dagbag.py:545} INFO - Filling up the DagBag from /opt/airflow/dags/data/models/Sweden/cases_TS_model.pkl
[2024-08-17T12:21:38.542+0000] {processor.py:842} WARNING - No viable dags retrieved from /opt/airflow/dags/data/models/Sweden/cases_TS_model.pkl
[2024-08-17T12:21:38.558+0000] {processor.py:183} INFO - Processing /opt/airflow/dags/data/models/Sweden/cases_TS_model.pkl took 0.043 seconds
[2024-08-17T12:22:16.037+0000] {processor.py:161} INFO - Started process (PID=30581) to work on /opt/airflow/dags/data/models/Sweden/cases_TS_model.pkl
[2024-08-17T12:22:16.039+0000] {processor.py:830} INFO - Processing file /opt/airflow/dags/data/models/Sweden/cases_TS_model.pkl for tasks to queue
[2024-08-17T12:22:16.041+0000] {logging_mixin.py:188} INFO - [2024-08-17T12:22:16.040+0000] {dagbag.py:545} INFO - Filling up the DagBag from /opt/airflow/dags/data/models/Sweden/cases_TS_model.pkl
[2024-08-17T12:22:16.063+0000] {processor.py:842} WARNING - No viable dags retrieved from /opt/airflow/dags/data/models/Sweden/cases_TS_model.pkl
[2024-08-17T12:22:16.083+0000] {processor.py:183} INFO - Processing /opt/airflow/dags/data/models/Sweden/cases_TS_model.pkl took 0.055 seconds
[2024-08-17T12:23:23.113+0000] {processor.py:161} INFO - Started process (PID=31260) to work on /opt/airflow/dags/data/models/Sweden/cases_TS_model.pkl
[2024-08-17T12:23:23.114+0000] {processor.py:830} INFO - Processing file /opt/airflow/dags/data/models/Sweden/cases_TS_model.pkl for tasks to queue
[2024-08-17T12:23:23.115+0000] {logging_mixin.py:188} INFO - [2024-08-17T12:23:23.115+0000] {dagbag.py:545} INFO - Filling up the DagBag from /opt/airflow/dags/data/models/Sweden/cases_TS_model.pkl
[2024-08-17T12:23:23.144+0000] {processor.py:842} WARNING - No viable dags retrieved from /opt/airflow/dags/data/models/Sweden/cases_TS_model.pkl
[2024-08-17T12:23:23.162+0000] {processor.py:183} INFO - Processing /opt/airflow/dags/data/models/Sweden/cases_TS_model.pkl took 0.056 seconds
[2024-08-17T12:24:04.397+0000] {processor.py:161} INFO - Started process (PID=31937) to work on /opt/airflow/dags/data/models/Sweden/cases_TS_model.pkl
[2024-08-17T12:24:04.398+0000] {processor.py:830} INFO - Processing file /opt/airflow/dags/data/models/Sweden/cases_TS_model.pkl for tasks to queue
[2024-08-17T12:24:04.399+0000] {logging_mixin.py:188} INFO - [2024-08-17T12:24:04.399+0000] {dagbag.py:545} INFO - Filling up the DagBag from /opt/airflow/dags/data/models/Sweden/cases_TS_model.pkl
[2024-08-17T12:24:04.416+0000] {processor.py:842} WARNING - No viable dags retrieved from /opt/airflow/dags/data/models/Sweden/cases_TS_model.pkl
[2024-08-17T12:24:04.435+0000] {processor.py:183} INFO - Processing /opt/airflow/dags/data/models/Sweden/cases_TS_model.pkl took 0.045 seconds
[2024-08-17T12:24:50.518+0000] {processor.py:161} INFO - Started process (PID=32687) to work on /opt/airflow/dags/data/models/Sweden/cases_TS_model.pkl
[2024-08-17T12:24:50.519+0000] {processor.py:830} INFO - Processing file /opt/airflow/dags/data/models/Sweden/cases_TS_model.pkl for tasks to queue
[2024-08-17T12:24:50.519+0000] {logging_mixin.py:188} INFO - [2024-08-17T12:24:50.519+0000] {dagbag.py:545} INFO - Filling up the DagBag from /opt/airflow/dags/data/models/Sweden/cases_TS_model.pkl
[2024-08-17T12:24:50.537+0000] {processor.py:842} WARNING - No viable dags retrieved from /opt/airflow/dags/data/models/Sweden/cases_TS_model.pkl
[2024-08-17T12:24:50.551+0000] {processor.py:183} INFO - Processing /opt/airflow/dags/data/models/Sweden/cases_TS_model.pkl took 0.037 seconds
[2024-08-17T12:25:28.337+0000] {processor.py:161} INFO - Started process (PID=33331) to work on /opt/airflow/dags/data/models/Sweden/cases_TS_model.pkl
[2024-08-17T12:25:28.338+0000] {processor.py:830} INFO - Processing file /opt/airflow/dags/data/models/Sweden/cases_TS_model.pkl for tasks to queue
[2024-08-17T12:25:28.339+0000] {logging_mixin.py:188} INFO - [2024-08-17T12:25:28.339+0000] {dagbag.py:545} INFO - Filling up the DagBag from /opt/airflow/dags/data/models/Sweden/cases_TS_model.pkl
[2024-08-17T12:25:28.358+0000] {processor.py:842} WARNING - No viable dags retrieved from /opt/airflow/dags/data/models/Sweden/cases_TS_model.pkl
[2024-08-17T12:25:28.374+0000] {processor.py:183} INFO - Processing /opt/airflow/dags/data/models/Sweden/cases_TS_model.pkl took 0.042 seconds
[2024-08-17T12:26:09.594+0000] {processor.py:161} INFO - Started process (PID=34109) to work on /opt/airflow/dags/data/models/Sweden/cases_TS_model.pkl
[2024-08-17T12:26:09.595+0000] {processor.py:830} INFO - Processing file /opt/airflow/dags/data/models/Sweden/cases_TS_model.pkl for tasks to queue
[2024-08-17T12:26:09.596+0000] {logging_mixin.py:188} INFO - [2024-08-17T12:26:09.596+0000] {dagbag.py:545} INFO - Filling up the DagBag from /opt/airflow/dags/data/models/Sweden/cases_TS_model.pkl
[2024-08-17T12:26:09.607+0000] {processor.py:842} WARNING - No viable dags retrieved from /opt/airflow/dags/data/models/Sweden/cases_TS_model.pkl
[2024-08-17T12:26:09.624+0000] {processor.py:183} INFO - Processing /opt/airflow/dags/data/models/Sweden/cases_TS_model.pkl took 0.037 seconds
[2024-08-17T12:26:45.309+0000] {processor.py:161} INFO - Started process (PID=34765) to work on /opt/airflow/dags/data/models/Sweden/cases_TS_model.pkl
[2024-08-17T12:26:45.310+0000] {processor.py:830} INFO - Processing file /opt/airflow/dags/data/models/Sweden/cases_TS_model.pkl for tasks to queue
[2024-08-17T12:26:45.311+0000] {logging_mixin.py:188} INFO - [2024-08-17T12:26:45.311+0000] {dagbag.py:545} INFO - Filling up the DagBag from /opt/airflow/dags/data/models/Sweden/cases_TS_model.pkl
[2024-08-17T12:26:45.326+0000] {processor.py:842} WARNING - No viable dags retrieved from /opt/airflow/dags/data/models/Sweden/cases_TS_model.pkl
[2024-08-17T12:26:45.343+0000] {processor.py:183} INFO - Processing /opt/airflow/dags/data/models/Sweden/cases_TS_model.pkl took 0.041 seconds
[2024-08-17T12:27:22.279+0000] {processor.py:161} INFO - Started process (PID=35486) to work on /opt/airflow/dags/data/models/Sweden/cases_TS_model.pkl
[2024-08-17T12:27:22.279+0000] {processor.py:830} INFO - Processing file /opt/airflow/dags/data/models/Sweden/cases_TS_model.pkl for tasks to queue
[2024-08-17T12:27:22.280+0000] {logging_mixin.py:188} INFO - [2024-08-17T12:27:22.280+0000] {dagbag.py:545} INFO - Filling up the DagBag from /opt/airflow/dags/data/models/Sweden/cases_TS_model.pkl
[2024-08-17T12:27:22.295+0000] {processor.py:842} WARNING - No viable dags retrieved from /opt/airflow/dags/data/models/Sweden/cases_TS_model.pkl
[2024-08-17T12:27:22.308+0000] {processor.py:183} INFO - Processing /opt/airflow/dags/data/models/Sweden/cases_TS_model.pkl took 0.034 seconds
[2024-08-17T12:28:18.051+0000] {processor.py:161} INFO - Started process (PID=36283) to work on /opt/airflow/dags/data/models/Sweden/cases_TS_model.pkl
[2024-08-17T12:28:18.052+0000] {processor.py:830} INFO - Processing file /opt/airflow/dags/data/models/Sweden/cases_TS_model.pkl for tasks to queue
[2024-08-17T12:28:18.053+0000] {logging_mixin.py:188} INFO - [2024-08-17T12:28:18.052+0000] {dagbag.py:545} INFO - Filling up the DagBag from /opt/airflow/dags/data/models/Sweden/cases_TS_model.pkl
[2024-08-17T12:28:18.064+0000] {processor.py:842} WARNING - No viable dags retrieved from /opt/airflow/dags/data/models/Sweden/cases_TS_model.pkl
[2024-08-17T12:28:18.075+0000] {processor.py:183} INFO - Processing /opt/airflow/dags/data/models/Sweden/cases_TS_model.pkl took 0.028 seconds
[2024-08-17T12:28:52.960+0000] {processor.py:161} INFO - Started process (PID=37030) to work on /opt/airflow/dags/data/models/Sweden/cases_TS_model.pkl
[2024-08-17T12:28:52.961+0000] {processor.py:830} INFO - Processing file /opt/airflow/dags/data/models/Sweden/cases_TS_model.pkl for tasks to queue
[2024-08-17T12:28:52.961+0000] {logging_mixin.py:188} INFO - [2024-08-17T12:28:52.961+0000] {dagbag.py:545} INFO - Filling up the DagBag from /opt/airflow/dags/data/models/Sweden/cases_TS_model.pkl
[2024-08-17T12:28:52.976+0000] {processor.py:842} WARNING - No viable dags retrieved from /opt/airflow/dags/data/models/Sweden/cases_TS_model.pkl
[2024-08-17T12:28:52.988+0000] {processor.py:183} INFO - Processing /opt/airflow/dags/data/models/Sweden/cases_TS_model.pkl took 0.032 seconds
[2024-08-17T12:29:02.503+0000] {processor.py:161} INFO - Started process (PID=37222) to work on /opt/airflow/dags/data/models/Sweden/cases_TS_model.pkl
[2024-08-17T12:29:02.504+0000] {processor.py:830} INFO - Processing file /opt/airflow/dags/data/models/Sweden/cases_TS_model.pkl for tasks to queue
[2024-08-17T12:29:02.505+0000] {logging_mixin.py:188} INFO - [2024-08-17T12:29:02.504+0000] {dagbag.py:545} INFO - Filling up the DagBag from /opt/airflow/dags/data/models/Sweden/cases_TS_model.pkl
[2024-08-17T12:29:02.517+0000] {processor.py:842} WARNING - No viable dags retrieved from /opt/airflow/dags/data/models/Sweden/cases_TS_model.pkl
[2024-08-17T12:29:02.529+0000] {processor.py:183} INFO - Processing /opt/airflow/dags/data/models/Sweden/cases_TS_model.pkl took 0.030 seconds
[2024-08-17T12:29:35.728+0000] {processor.py:161} INFO - Started process (PID=37941) to work on /opt/airflow/dags/data/models/Sweden/cases_TS_model.pkl
[2024-08-17T12:29:35.728+0000] {processor.py:830} INFO - Processing file /opt/airflow/dags/data/models/Sweden/cases_TS_model.pkl for tasks to queue
[2024-08-17T12:29:35.729+0000] {logging_mixin.py:188} INFO - [2024-08-17T12:29:35.729+0000] {dagbag.py:545} INFO - Filling up the DagBag from /opt/airflow/dags/data/models/Sweden/cases_TS_model.pkl
[2024-08-17T12:29:35.741+0000] {processor.py:842} WARNING - No viable dags retrieved from /opt/airflow/dags/data/models/Sweden/cases_TS_model.pkl
[2024-08-17T12:29:35.751+0000] {processor.py:183} INFO - Processing /opt/airflow/dags/data/models/Sweden/cases_TS_model.pkl took 0.027 seconds
[2024-08-17T12:30:06.609+0000] {processor.py:161} INFO - Started process (PID=38648) to work on /opt/airflow/dags/data/models/Sweden/cases_TS_model.pkl
[2024-08-17T12:30:06.609+0000] {processor.py:830} INFO - Processing file /opt/airflow/dags/data/models/Sweden/cases_TS_model.pkl for tasks to queue
[2024-08-17T12:30:06.610+0000] {logging_mixin.py:188} INFO - [2024-08-17T12:30:06.610+0000] {dagbag.py:545} INFO - Filling up the DagBag from /opt/airflow/dags/data/models/Sweden/cases_TS_model.pkl
[2024-08-17T12:30:06.618+0000] {processor.py:842} WARNING - No viable dags retrieved from /opt/airflow/dags/data/models/Sweden/cases_TS_model.pkl
[2024-08-17T12:30:06.628+0000] {processor.py:183} INFO - Processing /opt/airflow/dags/data/models/Sweden/cases_TS_model.pkl took 0.023 seconds
[2024-08-17T12:30:39.299+0000] {processor.py:161} INFO - Started process (PID=39394) to work on /opt/airflow/dags/data/models/Sweden/cases_TS_model.pkl
[2024-08-17T12:30:39.300+0000] {processor.py:830} INFO - Processing file /opt/airflow/dags/data/models/Sweden/cases_TS_model.pkl for tasks to queue
[2024-08-17T12:30:39.301+0000] {logging_mixin.py:188} INFO - [2024-08-17T12:30:39.301+0000] {dagbag.py:545} INFO - Filling up the DagBag from /opt/airflow/dags/data/models/Sweden/cases_TS_model.pkl
[2024-08-17T12:30:39.308+0000] {processor.py:842} WARNING - No viable dags retrieved from /opt/airflow/dags/data/models/Sweden/cases_TS_model.pkl
[2024-08-17T12:30:39.317+0000] {processor.py:183} INFO - Processing /opt/airflow/dags/data/models/Sweden/cases_TS_model.pkl took 0.022 seconds
[2024-08-17T12:31:10.847+0000] {processor.py:161} INFO - Started process (PID=40092) to work on /opt/airflow/dags/data/models/Sweden/cases_TS_model.pkl
[2024-08-17T12:31:10.848+0000] {processor.py:830} INFO - Processing file /opt/airflow/dags/data/models/Sweden/cases_TS_model.pkl for tasks to queue
[2024-08-17T12:31:10.849+0000] {logging_mixin.py:188} INFO - [2024-08-17T12:31:10.848+0000] {dagbag.py:545} INFO - Filling up the DagBag from /opt/airflow/dags/data/models/Sweden/cases_TS_model.pkl
[2024-08-17T12:31:10.856+0000] {processor.py:842} WARNING - No viable dags retrieved from /opt/airflow/dags/data/models/Sweden/cases_TS_model.pkl
[2024-08-17T12:31:10.865+0000] {processor.py:183} INFO - Processing /opt/airflow/dags/data/models/Sweden/cases_TS_model.pkl took 0.022 seconds
[2024-08-17T12:31:43.299+0000] {processor.py:161} INFO - Started process (PID=40796) to work on /opt/airflow/dags/data/models/Sweden/cases_TS_model.pkl
[2024-08-17T12:31:43.300+0000] {processor.py:830} INFO - Processing file /opt/airflow/dags/data/models/Sweden/cases_TS_model.pkl for tasks to queue
[2024-08-17T12:31:43.301+0000] {logging_mixin.py:188} INFO - [2024-08-17T12:31:43.301+0000] {dagbag.py:545} INFO - Filling up the DagBag from /opt/airflow/dags/data/models/Sweden/cases_TS_model.pkl
[2024-08-17T12:31:43.313+0000] {processor.py:842} WARNING - No viable dags retrieved from /opt/airflow/dags/data/models/Sweden/cases_TS_model.pkl
[2024-08-17T12:31:43.323+0000] {processor.py:183} INFO - Processing /opt/airflow/dags/data/models/Sweden/cases_TS_model.pkl took 0.028 seconds
[2024-08-17T12:32:14.969+0000] {processor.py:161} INFO - Started process (PID=41442) to work on /opt/airflow/dags/data/models/Sweden/cases_TS_model.pkl
[2024-08-17T12:32:14.973+0000] {processor.py:830} INFO - Processing file /opt/airflow/dags/data/models/Sweden/cases_TS_model.pkl for tasks to queue
[2024-08-17T12:32:14.973+0000] {logging_mixin.py:188} INFO - [2024-08-17T12:32:14.973+0000] {dagbag.py:545} INFO - Filling up the DagBag from /opt/airflow/dags/data/models/Sweden/cases_TS_model.pkl
[2024-08-17T12:32:14.980+0000] {processor.py:842} WARNING - No viable dags retrieved from /opt/airflow/dags/data/models/Sweden/cases_TS_model.pkl
[2024-08-17T12:32:14.991+0000] {processor.py:183} INFO - Processing /opt/airflow/dags/data/models/Sweden/cases_TS_model.pkl took 0.025 seconds
[2024-08-17T12:32:46.740+0000] {processor.py:161} INFO - Started process (PID=42166) to work on /opt/airflow/dags/data/models/Sweden/cases_TS_model.pkl
[2024-08-17T12:32:46.741+0000] {processor.py:830} INFO - Processing file /opt/airflow/dags/data/models/Sweden/cases_TS_model.pkl for tasks to queue
[2024-08-17T12:32:46.741+0000] {logging_mixin.py:188} INFO - [2024-08-17T12:32:46.741+0000] {dagbag.py:545} INFO - Filling up the DagBag from /opt/airflow/dags/data/models/Sweden/cases_TS_model.pkl
[2024-08-17T12:32:46.750+0000] {processor.py:842} WARNING - No viable dags retrieved from /opt/airflow/dags/data/models/Sweden/cases_TS_model.pkl
[2024-08-17T12:32:46.759+0000] {processor.py:183} INFO - Processing /opt/airflow/dags/data/models/Sweden/cases_TS_model.pkl took 0.024 seconds
[2024-08-17T12:33:20.327+0000] {processor.py:161} INFO - Started process (PID=42814) to work on /opt/airflow/dags/data/models/Sweden/cases_TS_model.pkl
[2024-08-17T12:33:20.328+0000] {processor.py:830} INFO - Processing file /opt/airflow/dags/data/models/Sweden/cases_TS_model.pkl for tasks to queue
[2024-08-17T12:33:20.330+0000] {logging_mixin.py:188} INFO - [2024-08-17T12:33:20.329+0000] {dagbag.py:545} INFO - Filling up the DagBag from /opt/airflow/dags/data/models/Sweden/cases_TS_model.pkl
[2024-08-17T12:33:20.343+0000] {processor.py:842} WARNING - No viable dags retrieved from /opt/airflow/dags/data/models/Sweden/cases_TS_model.pkl
[2024-08-17T12:33:20.352+0000] {processor.py:183} INFO - Processing /opt/airflow/dags/data/models/Sweden/cases_TS_model.pkl took 0.030 seconds
[2024-08-17T12:33:52.041+0000] {processor.py:161} INFO - Started process (PID=43446) to work on /opt/airflow/dags/data/models/Sweden/cases_TS_model.pkl
[2024-08-17T12:33:52.042+0000] {processor.py:830} INFO - Processing file /opt/airflow/dags/data/models/Sweden/cases_TS_model.pkl for tasks to queue
[2024-08-17T12:33:52.043+0000] {logging_mixin.py:188} INFO - [2024-08-17T12:33:52.042+0000] {dagbag.py:545} INFO - Filling up the DagBag from /opt/airflow/dags/data/models/Sweden/cases_TS_model.pkl
[2024-08-17T12:33:52.055+0000] {processor.py:842} WARNING - No viable dags retrieved from /opt/airflow/dags/data/models/Sweden/cases_TS_model.pkl
[2024-08-17T12:33:52.064+0000] {processor.py:183} INFO - Processing /opt/airflow/dags/data/models/Sweden/cases_TS_model.pkl took 0.026 seconds
[2024-08-17T12:34:24.949+0000] {processor.py:161} INFO - Started process (PID=44170) to work on /opt/airflow/dags/data/models/Sweden/cases_TS_model.pkl
[2024-08-17T12:34:24.950+0000] {processor.py:830} INFO - Processing file /opt/airflow/dags/data/models/Sweden/cases_TS_model.pkl for tasks to queue
[2024-08-17T12:34:24.950+0000] {logging_mixin.py:188} INFO - [2024-08-17T12:34:24.950+0000] {dagbag.py:545} INFO - Filling up the DagBag from /opt/airflow/dags/data/models/Sweden/cases_TS_model.pkl
[2024-08-17T12:34:24.964+0000] {processor.py:842} WARNING - No viable dags retrieved from /opt/airflow/dags/data/models/Sweden/cases_TS_model.pkl
[2024-08-17T12:34:24.973+0000] {processor.py:183} INFO - Processing /opt/airflow/dags/data/models/Sweden/cases_TS_model.pkl took 0.028 seconds
[2024-08-17T12:34:56.916+0000] {processor.py:161} INFO - Started process (PID=44873) to work on /opt/airflow/dags/data/models/Sweden/cases_TS_model.pkl
[2024-08-17T12:34:56.917+0000] {processor.py:830} INFO - Processing file /opt/airflow/dags/data/models/Sweden/cases_TS_model.pkl for tasks to queue
[2024-08-17T12:34:56.918+0000] {logging_mixin.py:188} INFO - [2024-08-17T12:34:56.917+0000] {dagbag.py:545} INFO - Filling up the DagBag from /opt/airflow/dags/data/models/Sweden/cases_TS_model.pkl
[2024-08-17T12:34:56.929+0000] {processor.py:842} WARNING - No viable dags retrieved from /opt/airflow/dags/data/models/Sweden/cases_TS_model.pkl
[2024-08-17T12:34:56.946+0000] {processor.py:183} INFO - Processing /opt/airflow/dags/data/models/Sweden/cases_TS_model.pkl took 0.034 seconds
[2024-08-17T12:35:28.766+0000] {processor.py:161} INFO - Started process (PID=45579) to work on /opt/airflow/dags/data/models/Sweden/cases_TS_model.pkl
[2024-08-17T12:35:28.766+0000] {processor.py:830} INFO - Processing file /opt/airflow/dags/data/models/Sweden/cases_TS_model.pkl for tasks to queue
[2024-08-17T12:35:28.767+0000] {logging_mixin.py:188} INFO - [2024-08-17T12:35:28.767+0000] {dagbag.py:545} INFO - Filling up the DagBag from /opt/airflow/dags/data/models/Sweden/cases_TS_model.pkl
[2024-08-17T12:35:28.778+0000] {processor.py:842} WARNING - No viable dags retrieved from /opt/airflow/dags/data/models/Sweden/cases_TS_model.pkl
[2024-08-17T12:35:28.787+0000] {processor.py:183} INFO - Processing /opt/airflow/dags/data/models/Sweden/cases_TS_model.pkl took 0.025 seconds
[2024-08-17T12:36:01.803+0000] {processor.py:161} INFO - Started process (PID=46322) to work on /opt/airflow/dags/data/models/Sweden/cases_TS_model.pkl
[2024-08-17T12:36:01.804+0000] {processor.py:830} INFO - Processing file /opt/airflow/dags/data/models/Sweden/cases_TS_model.pkl for tasks to queue
[2024-08-17T12:36:01.805+0000] {logging_mixin.py:188} INFO - [2024-08-17T12:36:01.805+0000] {dagbag.py:545} INFO - Filling up the DagBag from /opt/airflow/dags/data/models/Sweden/cases_TS_model.pkl
[2024-08-17T12:36:01.819+0000] {processor.py:842} WARNING - No viable dags retrieved from /opt/airflow/dags/data/models/Sweden/cases_TS_model.pkl
[2024-08-17T12:36:01.829+0000] {processor.py:183} INFO - Processing /opt/airflow/dags/data/models/Sweden/cases_TS_model.pkl took 0.030 seconds
[2024-08-17T12:36:33.819+0000] {processor.py:161} INFO - Started process (PID=47066) to work on /opt/airflow/dags/data/models/Sweden/cases_TS_model.pkl
[2024-08-17T12:36:33.820+0000] {processor.py:830} INFO - Processing file /opt/airflow/dags/data/models/Sweden/cases_TS_model.pkl for tasks to queue
[2024-08-17T12:36:33.820+0000] {logging_mixin.py:188} INFO - [2024-08-17T12:36:33.820+0000] {dagbag.py:545} INFO - Filling up the DagBag from /opt/airflow/dags/data/models/Sweden/cases_TS_model.pkl
[2024-08-17T12:36:33.830+0000] {processor.py:842} WARNING - No viable dags retrieved from /opt/airflow/dags/data/models/Sweden/cases_TS_model.pkl
[2024-08-17T12:36:33.843+0000] {processor.py:183} INFO - Processing /opt/airflow/dags/data/models/Sweden/cases_TS_model.pkl took 0.027 seconds
[2024-08-17T12:37:06.722+0000] {processor.py:161} INFO - Started process (PID=47773) to work on /opt/airflow/dags/data/models/Sweden/cases_TS_model.pkl
[2024-08-17T12:37:06.722+0000] {processor.py:830} INFO - Processing file /opt/airflow/dags/data/models/Sweden/cases_TS_model.pkl for tasks to queue
[2024-08-17T12:37:06.723+0000] {logging_mixin.py:188} INFO - [2024-08-17T12:37:06.723+0000] {dagbag.py:545} INFO - Filling up the DagBag from /opt/airflow/dags/data/models/Sweden/cases_TS_model.pkl
[2024-08-17T12:37:06.730+0000] {processor.py:842} WARNING - No viable dags retrieved from /opt/airflow/dags/data/models/Sweden/cases_TS_model.pkl
[2024-08-17T12:37:06.739+0000] {processor.py:183} INFO - Processing /opt/airflow/dags/data/models/Sweden/cases_TS_model.pkl took 0.020 seconds
[2024-08-17T12:37:39.064+0000] {processor.py:161} INFO - Started process (PID=48506) to work on /opt/airflow/dags/data/models/Sweden/cases_TS_model.pkl
[2024-08-17T12:37:39.064+0000] {processor.py:830} INFO - Processing file /opt/airflow/dags/data/models/Sweden/cases_TS_model.pkl for tasks to queue
[2024-08-17T12:37:39.065+0000] {logging_mixin.py:188} INFO - [2024-08-17T12:37:39.065+0000] {dagbag.py:545} INFO - Filling up the DagBag from /opt/airflow/dags/data/models/Sweden/cases_TS_model.pkl
[2024-08-17T12:37:39.073+0000] {processor.py:842} WARNING - No viable dags retrieved from /opt/airflow/dags/data/models/Sweden/cases_TS_model.pkl
[2024-08-17T12:37:39.082+0000] {processor.py:183} INFO - Processing /opt/airflow/dags/data/models/Sweden/cases_TS_model.pkl took 0.022 seconds
[2024-08-17T12:38:11.832+0000] {processor.py:161} INFO - Started process (PID=49117) to work on /opt/airflow/dags/data/models/Sweden/cases_TS_model.pkl
[2024-08-17T12:38:11.833+0000] {processor.py:830} INFO - Processing file /opt/airflow/dags/data/models/Sweden/cases_TS_model.pkl for tasks to queue
[2024-08-17T12:38:11.834+0000] {logging_mixin.py:188} INFO - [2024-08-17T12:38:11.834+0000] {dagbag.py:545} INFO - Filling up the DagBag from /opt/airflow/dags/data/models/Sweden/cases_TS_model.pkl
[2024-08-17T12:38:11.844+0000] {processor.py:842} WARNING - No viable dags retrieved from /opt/airflow/dags/data/models/Sweden/cases_TS_model.pkl
[2024-08-17T12:38:11.853+0000] {processor.py:183} INFO - Processing /opt/airflow/dags/data/models/Sweden/cases_TS_model.pkl took 0.024 seconds
[2024-08-17T12:38:44.625+0000] {processor.py:161} INFO - Started process (PID=49810) to work on /opt/airflow/dags/data/models/Sweden/cases_TS_model.pkl
[2024-08-17T12:38:44.625+0000] {processor.py:830} INFO - Processing file /opt/airflow/dags/data/models/Sweden/cases_TS_model.pkl for tasks to queue
[2024-08-17T12:38:44.626+0000] {logging_mixin.py:188} INFO - [2024-08-17T12:38:44.625+0000] {dagbag.py:545} INFO - Filling up the DagBag from /opt/airflow/dags/data/models/Sweden/cases_TS_model.pkl
[2024-08-17T12:38:44.633+0000] {processor.py:842} WARNING - No viable dags retrieved from /opt/airflow/dags/data/models/Sweden/cases_TS_model.pkl
[2024-08-17T12:38:44.642+0000] {processor.py:183} INFO - Processing /opt/airflow/dags/data/models/Sweden/cases_TS_model.pkl took 0.021 seconds
[2024-08-17T12:39:17.798+0000] {processor.py:161} INFO - Started process (PID=50553) to work on /opt/airflow/dags/data/models/Sweden/cases_TS_model.pkl
[2024-08-17T12:39:17.800+0000] {processor.py:830} INFO - Processing file /opt/airflow/dags/data/models/Sweden/cases_TS_model.pkl for tasks to queue
[2024-08-17T12:39:17.802+0000] {logging_mixin.py:188} INFO - [2024-08-17T12:39:17.802+0000] {dagbag.py:545} INFO - Filling up the DagBag from /opt/airflow/dags/data/models/Sweden/cases_TS_model.pkl
[2024-08-17T12:39:17.812+0000] {processor.py:842} WARNING - No viable dags retrieved from /opt/airflow/dags/data/models/Sweden/cases_TS_model.pkl
[2024-08-17T12:39:17.821+0000] {processor.py:183} INFO - Processing /opt/airflow/dags/data/models/Sweden/cases_TS_model.pkl took 0.027 seconds
[2024-08-17T12:39:50.185+0000] {processor.py:161} INFO - Started process (PID=51270) to work on /opt/airflow/dags/data/models/Sweden/cases_TS_model.pkl
[2024-08-17T12:39:50.186+0000] {processor.py:830} INFO - Processing file /opt/airflow/dags/data/models/Sweden/cases_TS_model.pkl for tasks to queue
[2024-08-17T12:39:50.187+0000] {logging_mixin.py:188} INFO - [2024-08-17T12:39:50.186+0000] {dagbag.py:545} INFO - Filling up the DagBag from /opt/airflow/dags/data/models/Sweden/cases_TS_model.pkl
[2024-08-17T12:39:50.203+0000] {processor.py:842} WARNING - No viable dags retrieved from /opt/airflow/dags/data/models/Sweden/cases_TS_model.pkl
[2024-08-17T12:39:50.212+0000] {processor.py:183} INFO - Processing /opt/airflow/dags/data/models/Sweden/cases_TS_model.pkl took 0.030 seconds
[2024-08-17T12:40:22.408+0000] {processor.py:161} INFO - Started process (PID=52013) to work on /opt/airflow/dags/data/models/Sweden/cases_TS_model.pkl
[2024-08-17T12:40:22.408+0000] {processor.py:830} INFO - Processing file /opt/airflow/dags/data/models/Sweden/cases_TS_model.pkl for tasks to queue
[2024-08-17T12:40:22.409+0000] {logging_mixin.py:188} INFO - [2024-08-17T12:40:22.409+0000] {dagbag.py:545} INFO - Filling up the DagBag from /opt/airflow/dags/data/models/Sweden/cases_TS_model.pkl
[2024-08-17T12:40:22.418+0000] {processor.py:842} WARNING - No viable dags retrieved from /opt/airflow/dags/data/models/Sweden/cases_TS_model.pkl
[2024-08-17T12:40:22.427+0000] {processor.py:183} INFO - Processing /opt/airflow/dags/data/models/Sweden/cases_TS_model.pkl took 0.023 seconds
[2024-08-17T12:40:54.640+0000] {processor.py:161} INFO - Started process (PID=52748) to work on /opt/airflow/dags/data/models/Sweden/cases_TS_model.pkl
[2024-08-17T12:40:54.641+0000] {processor.py:830} INFO - Processing file /opt/airflow/dags/data/models/Sweden/cases_TS_model.pkl for tasks to queue
[2024-08-17T12:40:54.642+0000] {logging_mixin.py:188} INFO - [2024-08-17T12:40:54.641+0000] {dagbag.py:545} INFO - Filling up the DagBag from /opt/airflow/dags/data/models/Sweden/cases_TS_model.pkl
[2024-08-17T12:40:54.661+0000] {processor.py:842} WARNING - No viable dags retrieved from /opt/airflow/dags/data/models/Sweden/cases_TS_model.pkl
[2024-08-17T12:40:54.670+0000] {processor.py:183} INFO - Processing /opt/airflow/dags/data/models/Sweden/cases_TS_model.pkl took 0.034 seconds
[2024-08-17T12:41:27.151+0000] {processor.py:161} INFO - Started process (PID=53463) to work on /opt/airflow/dags/data/models/Sweden/cases_TS_model.pkl
[2024-08-17T12:41:27.152+0000] {processor.py:830} INFO - Processing file /opt/airflow/dags/data/models/Sweden/cases_TS_model.pkl for tasks to queue
[2024-08-17T12:41:27.152+0000] {logging_mixin.py:188} INFO - [2024-08-17T12:41:27.152+0000] {dagbag.py:545} INFO - Filling up the DagBag from /opt/airflow/dags/data/models/Sweden/cases_TS_model.pkl
[2024-08-17T12:41:27.159+0000] {processor.py:842} WARNING - No viable dags retrieved from /opt/airflow/dags/data/models/Sweden/cases_TS_model.pkl
[2024-08-17T12:41:27.169+0000] {processor.py:183} INFO - Processing /opt/airflow/dags/data/models/Sweden/cases_TS_model.pkl took 0.022 seconds
