[2024-08-17T03:03:55.776+0000] {processor.py:161} INFO - Started process (PID=92226) to work on /opt/airflow/dags/data/models/Sweden/TS_model.pkl
[2024-08-17T03:03:55.777+0000] {processor.py:830} INFO - Processing file /opt/airflow/dags/data/models/Sweden/TS_model.pkl for tasks to queue
[2024-08-17T03:03:55.778+0000] {logging_mixin.py:188} INFO - [2024-08-17T03:03:55.778+0000] {dagbag.py:545} INFO - Filling up the DagBag from /opt/airflow/dags/data/models/Sweden/TS_model.pkl
[2024-08-17T03:03:55.790+0000] {processor.py:842} WARNING - No viable dags retrieved from /opt/airflow/dags/data/models/Sweden/TS_model.pkl
[2024-08-17T03:03:55.801+0000] {processor.py:183} INFO - Processing /opt/airflow/dags/data/models/Sweden/TS_model.pkl took 0.028 seconds
[2024-08-17T03:04:26.635+0000] {processor.py:161} INFO - Started process (PID=92642) to work on /opt/airflow/dags/data/models/Sweden/TS_model.pkl
[2024-08-17T03:04:26.636+0000] {processor.py:830} INFO - Processing file /opt/airflow/dags/data/models/Sweden/TS_model.pkl for tasks to queue
[2024-08-17T03:04:26.637+0000] {logging_mixin.py:188} INFO - [2024-08-17T03:04:26.636+0000] {dagbag.py:545} INFO - Filling up the DagBag from /opt/airflow/dags/data/models/Sweden/TS_model.pkl
[2024-08-17T03:04:26.650+0000] {processor.py:842} WARNING - No viable dags retrieved from /opt/airflow/dags/data/models/Sweden/TS_model.pkl
[2024-08-17T03:04:26.660+0000] {processor.py:183} INFO - Processing /opt/airflow/dags/data/models/Sweden/TS_model.pkl took 0.030 seconds
[2024-08-17T03:04:57.208+0000] {processor.py:161} INFO - Started process (PID=93033) to work on /opt/airflow/dags/data/models/Sweden/TS_model.pkl
[2024-08-17T03:04:57.209+0000] {processor.py:830} INFO - Processing file /opt/airflow/dags/data/models/Sweden/TS_model.pkl for tasks to queue
[2024-08-17T03:04:57.210+0000] {logging_mixin.py:188} INFO - [2024-08-17T03:04:57.209+0000] {dagbag.py:545} INFO - Filling up the DagBag from /opt/airflow/dags/data/models/Sweden/TS_model.pkl
[2024-08-17T03:04:57.223+0000] {processor.py:842} WARNING - No viable dags retrieved from /opt/airflow/dags/data/models/Sweden/TS_model.pkl
[2024-08-17T03:04:57.233+0000] {processor.py:183} INFO - Processing /opt/airflow/dags/data/models/Sweden/TS_model.pkl took 0.029 seconds
[2024-08-17T03:05:27.996+0000] {processor.py:161} INFO - Started process (PID=93448) to work on /opt/airflow/dags/data/models/Sweden/TS_model.pkl
[2024-08-17T03:05:27.997+0000] {processor.py:830} INFO - Processing file /opt/airflow/dags/data/models/Sweden/TS_model.pkl for tasks to queue
[2024-08-17T03:05:27.998+0000] {logging_mixin.py:188} INFO - [2024-08-17T03:05:27.997+0000] {dagbag.py:545} INFO - Filling up the DagBag from /opt/airflow/dags/data/models/Sweden/TS_model.pkl
[2024-08-17T03:05:28.008+0000] {processor.py:842} WARNING - No viable dags retrieved from /opt/airflow/dags/data/models/Sweden/TS_model.pkl
[2024-08-17T03:05:28.019+0000] {processor.py:183} INFO - Processing /opt/airflow/dags/data/models/Sweden/TS_model.pkl took 0.026 seconds
[2024-08-17T03:05:59.337+0000] {processor.py:161} INFO - Started process (PID=93840) to work on /opt/airflow/dags/data/models/Sweden/TS_model.pkl
[2024-08-17T03:05:59.338+0000] {processor.py:830} INFO - Processing file /opt/airflow/dags/data/models/Sweden/TS_model.pkl for tasks to queue
[2024-08-17T03:05:59.340+0000] {logging_mixin.py:188} INFO - [2024-08-17T03:05:59.339+0000] {dagbag.py:545} INFO - Filling up the DagBag from /opt/airflow/dags/data/models/Sweden/TS_model.pkl
[2024-08-17T03:05:59.349+0000] {processor.py:842} WARNING - No viable dags retrieved from /opt/airflow/dags/data/models/Sweden/TS_model.pkl
[2024-08-17T03:05:59.359+0000] {processor.py:183} INFO - Processing /opt/airflow/dags/data/models/Sweden/TS_model.pkl took 0.026 seconds
[2024-08-17T03:06:22.157+0000] {processor.py:161} INFO - Started process (PID=94151) to work on /opt/airflow/dags/data/models/Sweden/TS_model.pkl
[2024-08-17T03:06:22.158+0000] {processor.py:830} INFO - Processing file /opt/airflow/dags/data/models/Sweden/TS_model.pkl for tasks to queue
[2024-08-17T03:06:22.159+0000] {logging_mixin.py:188} INFO - [2024-08-17T03:06:22.158+0000] {dagbag.py:545} INFO - Filling up the DagBag from /opt/airflow/dags/data/models/Sweden/TS_model.pkl
[2024-08-17T03:06:22.173+0000] {processor.py:842} WARNING - No viable dags retrieved from /opt/airflow/dags/data/models/Sweden/TS_model.pkl
[2024-08-17T03:06:22.183+0000] {processor.py:183} INFO - Processing /opt/airflow/dags/data/models/Sweden/TS_model.pkl took 0.031 seconds
[2024-08-17T03:06:52.937+0000] {processor.py:161} INFO - Started process (PID=94568) to work on /opt/airflow/dags/data/models/Sweden/TS_model.pkl
[2024-08-17T03:06:52.938+0000] {processor.py:830} INFO - Processing file /opt/airflow/dags/data/models/Sweden/TS_model.pkl for tasks to queue
[2024-08-17T03:06:52.939+0000] {logging_mixin.py:188} INFO - [2024-08-17T03:06:52.938+0000] {dagbag.py:545} INFO - Filling up the DagBag from /opt/airflow/dags/data/models/Sweden/TS_model.pkl
[2024-08-17T03:06:52.947+0000] {processor.py:842} WARNING - No viable dags retrieved from /opt/airflow/dags/data/models/Sweden/TS_model.pkl
[2024-08-17T03:06:52.957+0000] {processor.py:183} INFO - Processing /opt/airflow/dags/data/models/Sweden/TS_model.pkl took 0.025 seconds
[2024-08-17T03:07:23.381+0000] {processor.py:161} INFO - Started process (PID=94931) to work on /opt/airflow/dags/data/models/Sweden/TS_model.pkl
[2024-08-17T03:07:23.381+0000] {processor.py:830} INFO - Processing file /opt/airflow/dags/data/models/Sweden/TS_model.pkl for tasks to queue
[2024-08-17T03:07:23.382+0000] {logging_mixin.py:188} INFO - [2024-08-17T03:07:23.382+0000] {dagbag.py:545} INFO - Filling up the DagBag from /opt/airflow/dags/data/models/Sweden/TS_model.pkl
[2024-08-17T03:07:23.393+0000] {processor.py:842} WARNING - No viable dags retrieved from /opt/airflow/dags/data/models/Sweden/TS_model.pkl
[2024-08-17T03:07:23.403+0000] {processor.py:183} INFO - Processing /opt/airflow/dags/data/models/Sweden/TS_model.pkl took 0.026 seconds
[2024-08-17T03:07:54.129+0000] {processor.py:161} INFO - Started process (PID=95343) to work on /opt/airflow/dags/data/models/Sweden/TS_model.pkl
[2024-08-17T03:07:54.130+0000] {processor.py:830} INFO - Processing file /opt/airflow/dags/data/models/Sweden/TS_model.pkl for tasks to queue
[2024-08-17T03:07:54.130+0000] {logging_mixin.py:188} INFO - [2024-08-17T03:07:54.130+0000] {dagbag.py:545} INFO - Filling up the DagBag from /opt/airflow/dags/data/models/Sweden/TS_model.pkl
[2024-08-17T03:07:54.144+0000] {processor.py:842} WARNING - No viable dags retrieved from /opt/airflow/dags/data/models/Sweden/TS_model.pkl
[2024-08-17T03:07:54.154+0000] {processor.py:183} INFO - Processing /opt/airflow/dags/data/models/Sweden/TS_model.pkl took 0.030 seconds
[2024-08-17T03:08:24.467+0000] {processor.py:161} INFO - Started process (PID=95728) to work on /opt/airflow/dags/data/models/Sweden/TS_model.pkl
[2024-08-17T03:08:24.468+0000] {processor.py:830} INFO - Processing file /opt/airflow/dags/data/models/Sweden/TS_model.pkl for tasks to queue
[2024-08-17T03:08:24.469+0000] {logging_mixin.py:188} INFO - [2024-08-17T03:08:24.468+0000] {dagbag.py:545} INFO - Filling up the DagBag from /opt/airflow/dags/data/models/Sweden/TS_model.pkl
[2024-08-17T03:08:24.477+0000] {processor.py:842} WARNING - No viable dags retrieved from /opt/airflow/dags/data/models/Sweden/TS_model.pkl
[2024-08-17T03:08:24.487+0000] {processor.py:183} INFO - Processing /opt/airflow/dags/data/models/Sweden/TS_model.pkl took 0.024 seconds
[2024-08-17T03:09:01.016+0000] {processor.py:161} INFO - Started process (PID=96127) to work on /opt/airflow/dags/data/models/Sweden/TS_model.pkl
[2024-08-17T03:09:01.017+0000] {processor.py:830} INFO - Processing file /opt/airflow/dags/data/models/Sweden/TS_model.pkl for tasks to queue
[2024-08-17T03:09:01.018+0000] {logging_mixin.py:188} INFO - [2024-08-17T03:09:01.018+0000] {dagbag.py:545} INFO - Filling up the DagBag from /opt/airflow/dags/data/models/Sweden/TS_model.pkl
[2024-08-17T03:09:01.029+0000] {processor.py:842} WARNING - No viable dags retrieved from /opt/airflow/dags/data/models/Sweden/TS_model.pkl
[2024-08-17T03:09:01.039+0000] {processor.py:183} INFO - Processing /opt/airflow/dags/data/models/Sweden/TS_model.pkl took 0.026 seconds
[2024-08-17T03:09:31.790+0000] {processor.py:161} INFO - Started process (PID=96551) to work on /opt/airflow/dags/data/models/Sweden/TS_model.pkl
[2024-08-17T03:09:31.791+0000] {processor.py:830} INFO - Processing file /opt/airflow/dags/data/models/Sweden/TS_model.pkl for tasks to queue
[2024-08-17T03:09:31.792+0000] {logging_mixin.py:188} INFO - [2024-08-17T03:09:31.791+0000] {dagbag.py:545} INFO - Filling up the DagBag from /opt/airflow/dags/data/models/Sweden/TS_model.pkl
[2024-08-17T03:09:31.814+0000] {processor.py:842} WARNING - No viable dags retrieved from /opt/airflow/dags/data/models/Sweden/TS_model.pkl
[2024-08-17T03:09:31.824+0000] {processor.py:183} INFO - Processing /opt/airflow/dags/data/models/Sweden/TS_model.pkl took 0.037 seconds
[2024-08-17T03:10:02.344+0000] {processor.py:161} INFO - Started process (PID=96983) to work on /opt/airflow/dags/data/models/Sweden/TS_model.pkl
[2024-08-17T03:10:02.344+0000] {processor.py:830} INFO - Processing file /opt/airflow/dags/data/models/Sweden/TS_model.pkl for tasks to queue
[2024-08-17T03:10:02.345+0000] {logging_mixin.py:188} INFO - [2024-08-17T03:10:02.345+0000] {dagbag.py:545} INFO - Filling up the DagBag from /opt/airflow/dags/data/models/Sweden/TS_model.pkl
[2024-08-17T03:10:02.355+0000] {processor.py:842} WARNING - No viable dags retrieved from /opt/airflow/dags/data/models/Sweden/TS_model.pkl
[2024-08-17T03:10:02.366+0000] {processor.py:183} INFO - Processing /opt/airflow/dags/data/models/Sweden/TS_model.pkl took 0.027 seconds
[2024-08-17T03:10:33.317+0000] {processor.py:161} INFO - Started process (PID=97400) to work on /opt/airflow/dags/data/models/Sweden/TS_model.pkl
[2024-08-17T03:10:33.318+0000] {processor.py:830} INFO - Processing file /opt/airflow/dags/data/models/Sweden/TS_model.pkl for tasks to queue
[2024-08-17T03:10:33.318+0000] {logging_mixin.py:188} INFO - [2024-08-17T03:10:33.318+0000] {dagbag.py:545} INFO - Filling up the DagBag from /opt/airflow/dags/data/models/Sweden/TS_model.pkl
[2024-08-17T03:10:33.332+0000] {processor.py:842} WARNING - No viable dags retrieved from /opt/airflow/dags/data/models/Sweden/TS_model.pkl
[2024-08-17T03:10:33.344+0000] {processor.py:183} INFO - Processing /opt/airflow/dags/data/models/Sweden/TS_model.pkl took 0.032 seconds
[2024-08-17T03:11:04.118+0000] {processor.py:161} INFO - Started process (PID=97843) to work on /opt/airflow/dags/data/models/Sweden/TS_model.pkl
[2024-08-17T03:11:04.118+0000] {processor.py:830} INFO - Processing file /opt/airflow/dags/data/models/Sweden/TS_model.pkl for tasks to queue
[2024-08-17T03:11:04.119+0000] {logging_mixin.py:188} INFO - [2024-08-17T03:11:04.119+0000] {dagbag.py:545} INFO - Filling up the DagBag from /opt/airflow/dags/data/models/Sweden/TS_model.pkl
[2024-08-17T03:11:04.129+0000] {processor.py:842} WARNING - No viable dags retrieved from /opt/airflow/dags/data/models/Sweden/TS_model.pkl
[2024-08-17T03:11:04.140+0000] {processor.py:183} INFO - Processing /opt/airflow/dags/data/models/Sweden/TS_model.pkl took 0.027 seconds
[2024-08-17T03:11:34.921+0000] {processor.py:161} INFO - Started process (PID=98240) to work on /opt/airflow/dags/data/models/Sweden/TS_model.pkl
[2024-08-17T03:11:34.922+0000] {processor.py:830} INFO - Processing file /opt/airflow/dags/data/models/Sweden/TS_model.pkl for tasks to queue
[2024-08-17T03:11:34.922+0000] {logging_mixin.py:188} INFO - [2024-08-17T03:11:34.922+0000] {dagbag.py:545} INFO - Filling up the DagBag from /opt/airflow/dags/data/models/Sweden/TS_model.pkl
[2024-08-17T03:11:34.931+0000] {processor.py:842} WARNING - No viable dags retrieved from /opt/airflow/dags/data/models/Sweden/TS_model.pkl
[2024-08-17T03:11:34.941+0000] {processor.py:183} INFO - Processing /opt/airflow/dags/data/models/Sweden/TS_model.pkl took 0.024 seconds
[2024-08-17T03:12:05.492+0000] {processor.py:161} INFO - Started process (PID=98681) to work on /opt/airflow/dags/data/models/Sweden/TS_model.pkl
[2024-08-17T03:12:05.493+0000] {processor.py:830} INFO - Processing file /opt/airflow/dags/data/models/Sweden/TS_model.pkl for tasks to queue
[2024-08-17T03:12:05.493+0000] {logging_mixin.py:188} INFO - [2024-08-17T03:12:05.493+0000] {dagbag.py:545} INFO - Filling up the DagBag from /opt/airflow/dags/data/models/Sweden/TS_model.pkl
[2024-08-17T03:12:05.503+0000] {processor.py:842} WARNING - No viable dags retrieved from /opt/airflow/dags/data/models/Sweden/TS_model.pkl
[2024-08-17T03:12:05.514+0000] {processor.py:183} INFO - Processing /opt/airflow/dags/data/models/Sweden/TS_model.pkl took 0.027 seconds
[2024-08-17T03:12:36.446+0000] {processor.py:161} INFO - Started process (PID=99104) to work on /opt/airflow/dags/data/models/Sweden/TS_model.pkl
[2024-08-17T03:12:36.446+0000] {processor.py:830} INFO - Processing file /opt/airflow/dags/data/models/Sweden/TS_model.pkl for tasks to queue
[2024-08-17T03:12:36.447+0000] {logging_mixin.py:188} INFO - [2024-08-17T03:12:36.447+0000] {dagbag.py:545} INFO - Filling up the DagBag from /opt/airflow/dags/data/models/Sweden/TS_model.pkl
[2024-08-17T03:12:36.460+0000] {processor.py:842} WARNING - No viable dags retrieved from /opt/airflow/dags/data/models/Sweden/TS_model.pkl
[2024-08-17T03:12:36.470+0000] {processor.py:183} INFO - Processing /opt/airflow/dags/data/models/Sweden/TS_model.pkl took 0.028 seconds
[2024-08-17T03:13:07.134+0000] {processor.py:161} INFO - Started process (PID=99540) to work on /opt/airflow/dags/data/models/Sweden/TS_model.pkl
[2024-08-17T03:13:07.135+0000] {processor.py:830} INFO - Processing file /opt/airflow/dags/data/models/Sweden/TS_model.pkl for tasks to queue
[2024-08-17T03:13:07.135+0000] {logging_mixin.py:188} INFO - [2024-08-17T03:13:07.135+0000] {dagbag.py:545} INFO - Filling up the DagBag from /opt/airflow/dags/data/models/Sweden/TS_model.pkl
[2024-08-17T03:13:07.143+0000] {processor.py:842} WARNING - No viable dags retrieved from /opt/airflow/dags/data/models/Sweden/TS_model.pkl
[2024-08-17T03:13:07.154+0000] {processor.py:183} INFO - Processing /opt/airflow/dags/data/models/Sweden/TS_model.pkl took 0.024 seconds
[2024-08-17T03:13:37.743+0000] {processor.py:161} INFO - Started process (PID=99984) to work on /opt/airflow/dags/data/models/Sweden/TS_model.pkl
[2024-08-17T03:13:37.744+0000] {processor.py:830} INFO - Processing file /opt/airflow/dags/data/models/Sweden/TS_model.pkl for tasks to queue
[2024-08-17T03:13:37.745+0000] {logging_mixin.py:188} INFO - [2024-08-17T03:13:37.744+0000] {dagbag.py:545} INFO - Filling up the DagBag from /opt/airflow/dags/data/models/Sweden/TS_model.pkl
[2024-08-17T03:13:37.754+0000] {processor.py:842} WARNING - No viable dags retrieved from /opt/airflow/dags/data/models/Sweden/TS_model.pkl
[2024-08-17T03:13:37.764+0000] {processor.py:183} INFO - Processing /opt/airflow/dags/data/models/Sweden/TS_model.pkl took 0.025 seconds
[2024-08-17T03:14:08.434+0000] {processor.py:161} INFO - Started process (PID=694) to work on /opt/airflow/dags/data/models/Sweden/TS_model.pkl
[2024-08-17T03:14:08.435+0000] {processor.py:830} INFO - Processing file /opt/airflow/dags/data/models/Sweden/TS_model.pkl for tasks to queue
[2024-08-17T03:14:08.435+0000] {logging_mixin.py:188} INFO - [2024-08-17T03:14:08.435+0000] {dagbag.py:545} INFO - Filling up the DagBag from /opt/airflow/dags/data/models/Sweden/TS_model.pkl
[2024-08-17T03:14:08.443+0000] {processor.py:842} WARNING - No viable dags retrieved from /opt/airflow/dags/data/models/Sweden/TS_model.pkl
[2024-08-17T03:14:08.455+0000] {processor.py:183} INFO - Processing /opt/airflow/dags/data/models/Sweden/TS_model.pkl took 0.025 seconds
[2024-08-17T03:14:39.029+0000] {processor.py:161} INFO - Started process (PID=1146) to work on /opt/airflow/dags/data/models/Sweden/TS_model.pkl
[2024-08-17T03:14:39.031+0000] {processor.py:830} INFO - Processing file /opt/airflow/dags/data/models/Sweden/TS_model.pkl for tasks to queue
[2024-08-17T03:14:39.031+0000] {logging_mixin.py:188} INFO - [2024-08-17T03:14:39.031+0000] {dagbag.py:545} INFO - Filling up the DagBag from /opt/airflow/dags/data/models/Sweden/TS_model.pkl
[2024-08-17T03:14:39.039+0000] {processor.py:842} WARNING - No viable dags retrieved from /opt/airflow/dags/data/models/Sweden/TS_model.pkl
[2024-08-17T03:14:39.049+0000] {processor.py:183} INFO - Processing /opt/airflow/dags/data/models/Sweden/TS_model.pkl took 0.023 seconds
[2024-08-17T03:15:10.128+0000] {processor.py:161} INFO - Started process (PID=1574) to work on /opt/airflow/dags/data/models/Sweden/TS_model.pkl
[2024-08-17T03:15:10.130+0000] {processor.py:830} INFO - Processing file /opt/airflow/dags/data/models/Sweden/TS_model.pkl for tasks to queue
[2024-08-17T03:15:10.130+0000] {logging_mixin.py:188} INFO - [2024-08-17T03:15:10.130+0000] {dagbag.py:545} INFO - Filling up the DagBag from /opt/airflow/dags/data/models/Sweden/TS_model.pkl
[2024-08-17T03:15:10.143+0000] {processor.py:842} WARNING - No viable dags retrieved from /opt/airflow/dags/data/models/Sweden/TS_model.pkl
[2024-08-17T03:15:10.152+0000] {processor.py:183} INFO - Processing /opt/airflow/dags/data/models/Sweden/TS_model.pkl took 0.028 seconds
[2024-08-17T03:15:41.134+0000] {processor.py:161} INFO - Started process (PID=2004) to work on /opt/airflow/dags/data/models/Sweden/TS_model.pkl
[2024-08-17T03:15:41.135+0000] {processor.py:830} INFO - Processing file /opt/airflow/dags/data/models/Sweden/TS_model.pkl for tasks to queue
[2024-08-17T03:15:41.136+0000] {logging_mixin.py:188} INFO - [2024-08-17T03:15:41.136+0000] {dagbag.py:545} INFO - Filling up the DagBag from /opt/airflow/dags/data/models/Sweden/TS_model.pkl
[2024-08-17T03:15:41.147+0000] {processor.py:842} WARNING - No viable dags retrieved from /opt/airflow/dags/data/models/Sweden/TS_model.pkl
[2024-08-17T03:15:41.156+0000] {processor.py:183} INFO - Processing /opt/airflow/dags/data/models/Sweden/TS_model.pkl took 0.027 seconds
[2024-08-17T03:16:12.095+0000] {processor.py:161} INFO - Started process (PID=2437) to work on /opt/airflow/dags/data/models/Sweden/TS_model.pkl
[2024-08-17T03:16:12.095+0000] {processor.py:830} INFO - Processing file /opt/airflow/dags/data/models/Sweden/TS_model.pkl for tasks to queue
[2024-08-17T03:16:12.096+0000] {logging_mixin.py:188} INFO - [2024-08-17T03:16:12.096+0000] {dagbag.py:545} INFO - Filling up the DagBag from /opt/airflow/dags/data/models/Sweden/TS_model.pkl
[2024-08-17T03:16:12.106+0000] {processor.py:842} WARNING - No viable dags retrieved from /opt/airflow/dags/data/models/Sweden/TS_model.pkl
[2024-08-17T03:16:12.115+0000] {processor.py:183} INFO - Processing /opt/airflow/dags/data/models/Sweden/TS_model.pkl took 0.024 seconds
[2024-08-17T03:16:43.488+0000] {processor.py:161} INFO - Started process (PID=2864) to work on /opt/airflow/dags/data/models/Sweden/TS_model.pkl
[2024-08-17T03:16:43.489+0000] {processor.py:830} INFO - Processing file /opt/airflow/dags/data/models/Sweden/TS_model.pkl for tasks to queue
[2024-08-17T03:16:43.489+0000] {logging_mixin.py:188} INFO - [2024-08-17T03:16:43.489+0000] {dagbag.py:545} INFO - Filling up the DagBag from /opt/airflow/dags/data/models/Sweden/TS_model.pkl
[2024-08-17T03:16:43.496+0000] {processor.py:842} WARNING - No viable dags retrieved from /opt/airflow/dags/data/models/Sweden/TS_model.pkl
[2024-08-17T03:16:43.505+0000] {processor.py:183} INFO - Processing /opt/airflow/dags/data/models/Sweden/TS_model.pkl took 0.021 seconds
[2024-08-17T03:17:14.415+0000] {processor.py:161} INFO - Started process (PID=3318) to work on /opt/airflow/dags/data/models/Sweden/TS_model.pkl
[2024-08-17T03:17:14.416+0000] {processor.py:830} INFO - Processing file /opt/airflow/dags/data/models/Sweden/TS_model.pkl for tasks to queue
[2024-08-17T03:17:14.417+0000] {logging_mixin.py:188} INFO - [2024-08-17T03:17:14.416+0000] {dagbag.py:545} INFO - Filling up the DagBag from /opt/airflow/dags/data/models/Sweden/TS_model.pkl
[2024-08-17T03:17:14.424+0000] {processor.py:842} WARNING - No viable dags retrieved from /opt/airflow/dags/data/models/Sweden/TS_model.pkl
[2024-08-17T03:17:14.434+0000] {processor.py:183} INFO - Processing /opt/airflow/dags/data/models/Sweden/TS_model.pkl took 0.023 seconds
[2024-08-17T03:17:45.039+0000] {processor.py:161} INFO - Started process (PID=3732) to work on /opt/airflow/dags/data/models/Sweden/TS_model.pkl
[2024-08-17T03:17:45.040+0000] {processor.py:830} INFO - Processing file /opt/airflow/dags/data/models/Sweden/TS_model.pkl for tasks to queue
[2024-08-17T03:17:45.040+0000] {logging_mixin.py:188} INFO - [2024-08-17T03:17:45.040+0000] {dagbag.py:545} INFO - Filling up the DagBag from /opt/airflow/dags/data/models/Sweden/TS_model.pkl
[2024-08-17T03:17:45.051+0000] {processor.py:842} WARNING - No viable dags retrieved from /opt/airflow/dags/data/models/Sweden/TS_model.pkl
[2024-08-17T03:17:45.060+0000] {processor.py:183} INFO - Processing /opt/airflow/dags/data/models/Sweden/TS_model.pkl took 0.026 seconds
[2024-08-17T03:18:15.580+0000] {processor.py:161} INFO - Started process (PID=4179) to work on /opt/airflow/dags/data/models/Sweden/TS_model.pkl
[2024-08-17T03:18:15.580+0000] {processor.py:830} INFO - Processing file /opt/airflow/dags/data/models/Sweden/TS_model.pkl for tasks to queue
[2024-08-17T03:18:15.581+0000] {logging_mixin.py:188} INFO - [2024-08-17T03:18:15.581+0000] {dagbag.py:545} INFO - Filling up the DagBag from /opt/airflow/dags/data/models/Sweden/TS_model.pkl
[2024-08-17T03:18:15.593+0000] {processor.py:842} WARNING - No viable dags retrieved from /opt/airflow/dags/data/models/Sweden/TS_model.pkl
[2024-08-17T03:18:15.603+0000] {processor.py:183} INFO - Processing /opt/airflow/dags/data/models/Sweden/TS_model.pkl took 0.026 seconds
[2024-08-17T03:18:46.470+0000] {processor.py:161} INFO - Started process (PID=4632) to work on /opt/airflow/dags/data/models/Sweden/TS_model.pkl
[2024-08-17T03:18:46.471+0000] {processor.py:830} INFO - Processing file /opt/airflow/dags/data/models/Sweden/TS_model.pkl for tasks to queue
[2024-08-17T03:18:46.472+0000] {logging_mixin.py:188} INFO - [2024-08-17T03:18:46.471+0000] {dagbag.py:545} INFO - Filling up the DagBag from /opt/airflow/dags/data/models/Sweden/TS_model.pkl
[2024-08-17T03:18:46.482+0000] {processor.py:842} WARNING - No viable dags retrieved from /opt/airflow/dags/data/models/Sweden/TS_model.pkl
[2024-08-17T03:18:46.491+0000] {processor.py:183} INFO - Processing /opt/airflow/dags/data/models/Sweden/TS_model.pkl took 0.025 seconds
[2024-08-17T03:19:17.010+0000] {processor.py:161} INFO - Started process (PID=5060) to work on /opt/airflow/dags/data/models/Sweden/TS_model.pkl
[2024-08-17T03:19:17.012+0000] {processor.py:830} INFO - Processing file /opt/airflow/dags/data/models/Sweden/TS_model.pkl for tasks to queue
[2024-08-17T03:19:17.012+0000] {logging_mixin.py:188} INFO - [2024-08-17T03:19:17.012+0000] {dagbag.py:545} INFO - Filling up the DagBag from /opt/airflow/dags/data/models/Sweden/TS_model.pkl
[2024-08-17T03:19:17.019+0000] {processor.py:842} WARNING - No viable dags retrieved from /opt/airflow/dags/data/models/Sweden/TS_model.pkl
[2024-08-17T03:19:17.029+0000] {processor.py:183} INFO - Processing /opt/airflow/dags/data/models/Sweden/TS_model.pkl took 0.024 seconds
[2024-08-17T03:19:47.697+0000] {processor.py:161} INFO - Started process (PID=5514) to work on /opt/airflow/dags/data/models/Sweden/TS_model.pkl
[2024-08-17T03:19:47.697+0000] {processor.py:830} INFO - Processing file /opt/airflow/dags/data/models/Sweden/TS_model.pkl for tasks to queue
[2024-08-17T03:19:47.698+0000] {logging_mixin.py:188} INFO - [2024-08-17T03:19:47.698+0000] {dagbag.py:545} INFO - Filling up the DagBag from /opt/airflow/dags/data/models/Sweden/TS_model.pkl
[2024-08-17T03:19:47.708+0000] {processor.py:842} WARNING - No viable dags retrieved from /opt/airflow/dags/data/models/Sweden/TS_model.pkl
[2024-08-17T03:19:47.717+0000] {processor.py:183} INFO - Processing /opt/airflow/dags/data/models/Sweden/TS_model.pkl took 0.024 seconds
[2024-08-17T03:20:18.973+0000] {processor.py:161} INFO - Started process (PID=5949) to work on /opt/airflow/dags/data/models/Sweden/TS_model.pkl
[2024-08-17T03:20:18.974+0000] {processor.py:830} INFO - Processing file /opt/airflow/dags/data/models/Sweden/TS_model.pkl for tasks to queue
[2024-08-17T03:20:18.975+0000] {logging_mixin.py:188} INFO - [2024-08-17T03:20:18.975+0000] {dagbag.py:545} INFO - Filling up the DagBag from /opt/airflow/dags/data/models/Sweden/TS_model.pkl
[2024-08-17T03:20:18.984+0000] {processor.py:842} WARNING - No viable dags retrieved from /opt/airflow/dags/data/models/Sweden/TS_model.pkl
[2024-08-17T03:20:18.994+0000] {processor.py:183} INFO - Processing /opt/airflow/dags/data/models/Sweden/TS_model.pkl took 0.024 seconds
[2024-08-17T03:20:50.456+0000] {processor.py:161} INFO - Started process (PID=6385) to work on /opt/airflow/dags/data/models/Sweden/TS_model.pkl
[2024-08-17T03:20:50.457+0000] {processor.py:830} INFO - Processing file /opt/airflow/dags/data/models/Sweden/TS_model.pkl for tasks to queue
[2024-08-17T03:20:50.457+0000] {logging_mixin.py:188} INFO - [2024-08-17T03:20:50.457+0000] {dagbag.py:545} INFO - Filling up the DagBag from /opt/airflow/dags/data/models/Sweden/TS_model.pkl
[2024-08-17T03:20:50.465+0000] {processor.py:842} WARNING - No viable dags retrieved from /opt/airflow/dags/data/models/Sweden/TS_model.pkl
[2024-08-17T03:20:50.474+0000] {processor.py:183} INFO - Processing /opt/airflow/dags/data/models/Sweden/TS_model.pkl took 0.022 seconds
[2024-08-17T03:21:21.464+0000] {processor.py:161} INFO - Started process (PID=6818) to work on /opt/airflow/dags/data/models/Sweden/TS_model.pkl
[2024-08-17T03:21:21.465+0000] {processor.py:830} INFO - Processing file /opt/airflow/dags/data/models/Sweden/TS_model.pkl for tasks to queue
[2024-08-17T03:21:21.465+0000] {logging_mixin.py:188} INFO - [2024-08-17T03:21:21.465+0000] {dagbag.py:545} INFO - Filling up the DagBag from /opt/airflow/dags/data/models/Sweden/TS_model.pkl
[2024-08-17T03:21:21.473+0000] {processor.py:842} WARNING - No viable dags retrieved from /opt/airflow/dags/data/models/Sweden/TS_model.pkl
[2024-08-17T03:21:21.481+0000] {processor.py:183} INFO - Processing /opt/airflow/dags/data/models/Sweden/TS_model.pkl took 0.021 seconds
[2024-08-17T03:21:52.342+0000] {processor.py:161} INFO - Started process (PID=7246) to work on /opt/airflow/dags/data/models/Sweden/TS_model.pkl
[2024-08-17T03:21:52.343+0000] {processor.py:830} INFO - Processing file /opt/airflow/dags/data/models/Sweden/TS_model.pkl for tasks to queue
[2024-08-17T03:21:52.343+0000] {logging_mixin.py:188} INFO - [2024-08-17T03:21:52.343+0000] {dagbag.py:545} INFO - Filling up the DagBag from /opt/airflow/dags/data/models/Sweden/TS_model.pkl
[2024-08-17T03:21:52.352+0000] {processor.py:842} WARNING - No viable dags retrieved from /opt/airflow/dags/data/models/Sweden/TS_model.pkl
[2024-08-17T03:21:52.361+0000] {processor.py:183} INFO - Processing /opt/airflow/dags/data/models/Sweden/TS_model.pkl took 0.022 seconds
[2024-08-17T03:22:23.688+0000] {processor.py:161} INFO - Started process (PID=7700) to work on /opt/airflow/dags/data/models/Sweden/TS_model.pkl
[2024-08-17T03:22:23.689+0000] {processor.py:830} INFO - Processing file /opt/airflow/dags/data/models/Sweden/TS_model.pkl for tasks to queue
[2024-08-17T03:22:23.689+0000] {logging_mixin.py:188} INFO - [2024-08-17T03:22:23.689+0000] {dagbag.py:545} INFO - Filling up the DagBag from /opt/airflow/dags/data/models/Sweden/TS_model.pkl
[2024-08-17T03:22:23.700+0000] {processor.py:842} WARNING - No viable dags retrieved from /opt/airflow/dags/data/models/Sweden/TS_model.pkl
[2024-08-17T03:22:23.709+0000] {processor.py:183} INFO - Processing /opt/airflow/dags/data/models/Sweden/TS_model.pkl took 0.024 seconds
[2024-08-17T03:22:54.295+0000] {processor.py:161} INFO - Started process (PID=8134) to work on /opt/airflow/dags/data/models/Sweden/TS_model.pkl
[2024-08-17T03:22:54.295+0000] {processor.py:830} INFO - Processing file /opt/airflow/dags/data/models/Sweden/TS_model.pkl for tasks to queue
[2024-08-17T03:22:54.296+0000] {logging_mixin.py:188} INFO - [2024-08-17T03:22:54.296+0000] {dagbag.py:545} INFO - Filling up the DagBag from /opt/airflow/dags/data/models/Sweden/TS_model.pkl
[2024-08-17T03:22:54.306+0000] {processor.py:842} WARNING - No viable dags retrieved from /opt/airflow/dags/data/models/Sweden/TS_model.pkl
[2024-08-17T03:22:54.317+0000] {processor.py:183} INFO - Processing /opt/airflow/dags/data/models/Sweden/TS_model.pkl took 0.026 seconds
[2024-08-17T03:23:24.852+0000] {processor.py:161} INFO - Started process (PID=8561) to work on /opt/airflow/dags/data/models/Sweden/TS_model.pkl
[2024-08-17T03:23:24.853+0000] {processor.py:830} INFO - Processing file /opt/airflow/dags/data/models/Sweden/TS_model.pkl for tasks to queue
[2024-08-17T03:23:24.853+0000] {logging_mixin.py:188} INFO - [2024-08-17T03:23:24.853+0000] {dagbag.py:545} INFO - Filling up the DagBag from /opt/airflow/dags/data/models/Sweden/TS_model.pkl
[2024-08-17T03:23:24.863+0000] {processor.py:842} WARNING - No viable dags retrieved from /opt/airflow/dags/data/models/Sweden/TS_model.pkl
[2024-08-17T03:23:24.872+0000] {processor.py:183} INFO - Processing /opt/airflow/dags/data/models/Sweden/TS_model.pkl took 0.024 seconds
[2024-08-17T03:23:57.367+0000] {processor.py:161} INFO - Started process (PID=8976) to work on /opt/airflow/dags/data/models/Sweden/TS_model.pkl
[2024-08-17T03:23:57.368+0000] {processor.py:830} INFO - Processing file /opt/airflow/dags/data/models/Sweden/TS_model.pkl for tasks to queue
[2024-08-17T03:23:57.368+0000] {logging_mixin.py:188} INFO - [2024-08-17T03:23:57.368+0000] {dagbag.py:545} INFO - Filling up the DagBag from /opt/airflow/dags/data/models/Sweden/TS_model.pkl
[2024-08-17T03:23:57.377+0000] {processor.py:842} WARNING - No viable dags retrieved from /opt/airflow/dags/data/models/Sweden/TS_model.pkl
[2024-08-17T03:23:57.387+0000] {processor.py:183} INFO - Processing /opt/airflow/dags/data/models/Sweden/TS_model.pkl took 0.023 seconds
[2024-08-17T03:24:28.586+0000] {processor.py:161} INFO - Started process (PID=9430) to work on /opt/airflow/dags/data/models/Sweden/TS_model.pkl
[2024-08-17T03:24:28.586+0000] {processor.py:830} INFO - Processing file /opt/airflow/dags/data/models/Sweden/TS_model.pkl for tasks to queue
[2024-08-17T03:24:28.587+0000] {logging_mixin.py:188} INFO - [2024-08-17T03:24:28.587+0000] {dagbag.py:545} INFO - Filling up the DagBag from /opt/airflow/dags/data/models/Sweden/TS_model.pkl
[2024-08-17T03:24:28.596+0000] {processor.py:842} WARNING - No viable dags retrieved from /opt/airflow/dags/data/models/Sweden/TS_model.pkl
[2024-08-17T03:24:28.606+0000] {processor.py:183} INFO - Processing /opt/airflow/dags/data/models/Sweden/TS_model.pkl took 0.024 seconds
[2024-08-17T03:24:59.533+0000] {processor.py:161} INFO - Started process (PID=9858) to work on /opt/airflow/dags/data/models/Sweden/TS_model.pkl
[2024-08-17T03:24:59.534+0000] {processor.py:830} INFO - Processing file /opt/airflow/dags/data/models/Sweden/TS_model.pkl for tasks to queue
[2024-08-17T03:24:59.534+0000] {logging_mixin.py:188} INFO - [2024-08-17T03:24:59.534+0000] {dagbag.py:545} INFO - Filling up the DagBag from /opt/airflow/dags/data/models/Sweden/TS_model.pkl
[2024-08-17T03:24:59.543+0000] {processor.py:842} WARNING - No viable dags retrieved from /opt/airflow/dags/data/models/Sweden/TS_model.pkl
[2024-08-17T03:24:59.552+0000] {processor.py:183} INFO - Processing /opt/airflow/dags/data/models/Sweden/TS_model.pkl took 0.023 seconds
[2024-08-17T03:25:30.452+0000] {processor.py:161} INFO - Started process (PID=10311) to work on /opt/airflow/dags/data/models/Sweden/TS_model.pkl
[2024-08-17T03:25:30.452+0000] {processor.py:830} INFO - Processing file /opt/airflow/dags/data/models/Sweden/TS_model.pkl for tasks to queue
[2024-08-17T03:25:30.453+0000] {logging_mixin.py:188} INFO - [2024-08-17T03:25:30.453+0000] {dagbag.py:545} INFO - Filling up the DagBag from /opt/airflow/dags/data/models/Sweden/TS_model.pkl
[2024-08-17T03:25:30.461+0000] {processor.py:842} WARNING - No viable dags retrieved from /opt/airflow/dags/data/models/Sweden/TS_model.pkl
[2024-08-17T03:25:30.470+0000] {processor.py:183} INFO - Processing /opt/airflow/dags/data/models/Sweden/TS_model.pkl took 0.023 seconds
[2024-08-17T03:26:01.351+0000] {processor.py:161} INFO - Started process (PID=10746) to work on /opt/airflow/dags/data/models/Sweden/TS_model.pkl
[2024-08-17T03:26:01.352+0000] {processor.py:830} INFO - Processing file /opt/airflow/dags/data/models/Sweden/TS_model.pkl for tasks to queue
[2024-08-17T03:26:01.352+0000] {logging_mixin.py:188} INFO - [2024-08-17T03:26:01.352+0000] {dagbag.py:545} INFO - Filling up the DagBag from /opt/airflow/dags/data/models/Sweden/TS_model.pkl
[2024-08-17T03:26:01.360+0000] {processor.py:842} WARNING - No viable dags retrieved from /opt/airflow/dags/data/models/Sweden/TS_model.pkl
[2024-08-17T03:26:01.370+0000] {processor.py:183} INFO - Processing /opt/airflow/dags/data/models/Sweden/TS_model.pkl took 0.022 seconds
[2024-08-17T03:26:32.309+0000] {processor.py:161} INFO - Started process (PID=11193) to work on /opt/airflow/dags/data/models/Sweden/TS_model.pkl
[2024-08-17T03:26:32.310+0000] {processor.py:830} INFO - Processing file /opt/airflow/dags/data/models/Sweden/TS_model.pkl for tasks to queue
[2024-08-17T03:26:32.310+0000] {logging_mixin.py:188} INFO - [2024-08-17T03:26:32.310+0000] {dagbag.py:545} INFO - Filling up the DagBag from /opt/airflow/dags/data/models/Sweden/TS_model.pkl
[2024-08-17T03:26:32.319+0000] {processor.py:842} WARNING - No viable dags retrieved from /opt/airflow/dags/data/models/Sweden/TS_model.pkl
[2024-08-17T03:26:32.329+0000] {processor.py:183} INFO - Processing /opt/airflow/dags/data/models/Sweden/TS_model.pkl took 0.024 seconds
[2024-08-17T03:27:03.141+0000] {processor.py:161} INFO - Started process (PID=11647) to work on /opt/airflow/dags/data/models/Sweden/TS_model.pkl
[2024-08-17T03:27:03.142+0000] {processor.py:830} INFO - Processing file /opt/airflow/dags/data/models/Sweden/TS_model.pkl for tasks to queue
[2024-08-17T03:27:03.142+0000] {logging_mixin.py:188} INFO - [2024-08-17T03:27:03.142+0000] {dagbag.py:545} INFO - Filling up the DagBag from /opt/airflow/dags/data/models/Sweden/TS_model.pkl
[2024-08-17T03:27:03.151+0000] {processor.py:842} WARNING - No viable dags retrieved from /opt/airflow/dags/data/models/Sweden/TS_model.pkl
[2024-08-17T03:27:03.159+0000] {processor.py:183} INFO - Processing /opt/airflow/dags/data/models/Sweden/TS_model.pkl took 0.022 seconds
[2024-08-17T03:27:33.852+0000] {processor.py:161} INFO - Started process (PID=12074) to work on /opt/airflow/dags/data/models/Sweden/TS_model.pkl
[2024-08-17T03:27:33.860+0000] {processor.py:830} INFO - Processing file /opt/airflow/dags/data/models/Sweden/TS_model.pkl for tasks to queue
[2024-08-17T03:27:33.861+0000] {logging_mixin.py:188} INFO - [2024-08-17T03:27:33.861+0000] {dagbag.py:545} INFO - Filling up the DagBag from /opt/airflow/dags/data/models/Sweden/TS_model.pkl
[2024-08-17T03:27:33.868+0000] {processor.py:842} WARNING - No viable dags retrieved from /opt/airflow/dags/data/models/Sweden/TS_model.pkl
[2024-08-17T03:27:33.878+0000] {processor.py:183} INFO - Processing /opt/airflow/dags/data/models/Sweden/TS_model.pkl took 0.030 seconds
[2024-08-17T03:28:04.550+0000] {processor.py:161} INFO - Started process (PID=12528) to work on /opt/airflow/dags/data/models/Sweden/TS_model.pkl
[2024-08-17T03:28:04.551+0000] {processor.py:830} INFO - Processing file /opt/airflow/dags/data/models/Sweden/TS_model.pkl for tasks to queue
[2024-08-17T03:28:04.552+0000] {logging_mixin.py:188} INFO - [2024-08-17T03:28:04.551+0000] {dagbag.py:545} INFO - Filling up the DagBag from /opt/airflow/dags/data/models/Sweden/TS_model.pkl
[2024-08-17T03:28:04.564+0000] {processor.py:842} WARNING - No viable dags retrieved from /opt/airflow/dags/data/models/Sweden/TS_model.pkl
[2024-08-17T03:28:04.573+0000] {processor.py:183} INFO - Processing /opt/airflow/dags/data/models/Sweden/TS_model.pkl took 0.027 seconds
[2024-08-17T03:28:35.311+0000] {processor.py:161} INFO - Started process (PID=12961) to work on /opt/airflow/dags/data/models/Sweden/TS_model.pkl
[2024-08-17T03:28:35.312+0000] {processor.py:830} INFO - Processing file /opt/airflow/dags/data/models/Sweden/TS_model.pkl for tasks to queue
[2024-08-17T03:28:35.313+0000] {logging_mixin.py:188} INFO - [2024-08-17T03:28:35.312+0000] {dagbag.py:545} INFO - Filling up the DagBag from /opt/airflow/dags/data/models/Sweden/TS_model.pkl
[2024-08-17T03:28:35.321+0000] {processor.py:842} WARNING - No viable dags retrieved from /opt/airflow/dags/data/models/Sweden/TS_model.pkl
[2024-08-17T03:28:35.331+0000] {processor.py:183} INFO - Processing /opt/airflow/dags/data/models/Sweden/TS_model.pkl took 0.023 seconds
[2024-08-17T03:29:06.212+0000] {processor.py:161} INFO - Started process (PID=13388) to work on /opt/airflow/dags/data/models/Sweden/TS_model.pkl
[2024-08-17T03:29:06.212+0000] {processor.py:830} INFO - Processing file /opt/airflow/dags/data/models/Sweden/TS_model.pkl for tasks to queue
[2024-08-17T03:29:06.213+0000] {logging_mixin.py:188} INFO - [2024-08-17T03:29:06.213+0000] {dagbag.py:545} INFO - Filling up the DagBag from /opt/airflow/dags/data/models/Sweden/TS_model.pkl
[2024-08-17T03:29:06.223+0000] {processor.py:842} WARNING - No viable dags retrieved from /opt/airflow/dags/data/models/Sweden/TS_model.pkl
[2024-08-17T03:29:06.232+0000] {processor.py:183} INFO - Processing /opt/airflow/dags/data/models/Sweden/TS_model.pkl took 0.024 seconds
[2024-08-17T03:29:37.145+0000] {processor.py:161} INFO - Started process (PID=13823) to work on /opt/airflow/dags/data/models/Sweden/TS_model.pkl
[2024-08-17T03:29:37.146+0000] {processor.py:830} INFO - Processing file /opt/airflow/dags/data/models/Sweden/TS_model.pkl for tasks to queue
[2024-08-17T03:29:37.146+0000] {logging_mixin.py:188} INFO - [2024-08-17T03:29:37.146+0000] {dagbag.py:545} INFO - Filling up the DagBag from /opt/airflow/dags/data/models/Sweden/TS_model.pkl
[2024-08-17T03:29:37.156+0000] {processor.py:842} WARNING - No viable dags retrieved from /opt/airflow/dags/data/models/Sweden/TS_model.pkl
[2024-08-17T03:29:37.167+0000] {processor.py:183} INFO - Processing /opt/airflow/dags/data/models/Sweden/TS_model.pkl took 0.026 seconds
[2024-08-17T03:30:07.520+0000] {processor.py:161} INFO - Started process (PID=14249) to work on /opt/airflow/dags/data/models/Sweden/TS_model.pkl
[2024-08-17T03:30:07.520+0000] {processor.py:830} INFO - Processing file /opt/airflow/dags/data/models/Sweden/TS_model.pkl for tasks to queue
[2024-08-17T03:30:07.521+0000] {logging_mixin.py:188} INFO - [2024-08-17T03:30:07.521+0000] {dagbag.py:545} INFO - Filling up the DagBag from /opt/airflow/dags/data/models/Sweden/TS_model.pkl
[2024-08-17T03:30:07.529+0000] {processor.py:842} WARNING - No viable dags retrieved from /opt/airflow/dags/data/models/Sweden/TS_model.pkl
[2024-08-17T03:30:07.539+0000] {processor.py:183} INFO - Processing /opt/airflow/dags/data/models/Sweden/TS_model.pkl took 0.023 seconds
[2024-08-17T03:30:38.400+0000] {processor.py:161} INFO - Started process (PID=14703) to work on /opt/airflow/dags/data/models/Sweden/TS_model.pkl
[2024-08-17T03:30:38.401+0000] {processor.py:830} INFO - Processing file /opt/airflow/dags/data/models/Sweden/TS_model.pkl for tasks to queue
[2024-08-17T03:30:38.401+0000] {logging_mixin.py:188} INFO - [2024-08-17T03:30:38.401+0000] {dagbag.py:545} INFO - Filling up the DagBag from /opt/airflow/dags/data/models/Sweden/TS_model.pkl
[2024-08-17T03:30:38.410+0000] {processor.py:842} WARNING - No viable dags retrieved from /opt/airflow/dags/data/models/Sweden/TS_model.pkl
[2024-08-17T03:30:38.419+0000] {processor.py:183} INFO - Processing /opt/airflow/dags/data/models/Sweden/TS_model.pkl took 0.023 seconds
[2024-08-17T03:31:09.245+0000] {processor.py:161} INFO - Started process (PID=15157) to work on /opt/airflow/dags/data/models/Sweden/TS_model.pkl
[2024-08-17T03:31:09.246+0000] {processor.py:830} INFO - Processing file /opt/airflow/dags/data/models/Sweden/TS_model.pkl for tasks to queue
[2024-08-17T03:31:09.247+0000] {logging_mixin.py:188} INFO - [2024-08-17T03:31:09.246+0000] {dagbag.py:545} INFO - Filling up the DagBag from /opt/airflow/dags/data/models/Sweden/TS_model.pkl
[2024-08-17T03:31:09.254+0000] {processor.py:842} WARNING - No viable dags retrieved from /opt/airflow/dags/data/models/Sweden/TS_model.pkl
[2024-08-17T03:31:09.263+0000] {processor.py:183} INFO - Processing /opt/airflow/dags/data/models/Sweden/TS_model.pkl took 0.022 seconds
[2024-08-17T03:31:39.811+0000] {processor.py:161} INFO - Started process (PID=15586) to work on /opt/airflow/dags/data/models/Sweden/TS_model.pkl
[2024-08-17T03:31:39.812+0000] {processor.py:830} INFO - Processing file /opt/airflow/dags/data/models/Sweden/TS_model.pkl for tasks to queue
[2024-08-17T03:31:39.813+0000] {logging_mixin.py:188} INFO - [2024-08-17T03:31:39.813+0000] {dagbag.py:545} INFO - Filling up the DagBag from /opt/airflow/dags/data/models/Sweden/TS_model.pkl
[2024-08-17T03:31:39.821+0000] {processor.py:842} WARNING - No viable dags retrieved from /opt/airflow/dags/data/models/Sweden/TS_model.pkl
[2024-08-17T03:31:39.830+0000] {processor.py:183} INFO - Processing /opt/airflow/dags/data/models/Sweden/TS_model.pkl took 0.023 seconds
[2024-08-17T03:32:10.527+0000] {processor.py:161} INFO - Started process (PID=16039) to work on /opt/airflow/dags/data/models/Sweden/TS_model.pkl
[2024-08-17T03:32:10.527+0000] {processor.py:830} INFO - Processing file /opt/airflow/dags/data/models/Sweden/TS_model.pkl for tasks to queue
[2024-08-17T03:32:10.528+0000] {logging_mixin.py:188} INFO - [2024-08-17T03:32:10.528+0000] {dagbag.py:545} INFO - Filling up the DagBag from /opt/airflow/dags/data/models/Sweden/TS_model.pkl
[2024-08-17T03:32:10.536+0000] {processor.py:842} WARNING - No viable dags retrieved from /opt/airflow/dags/data/models/Sweden/TS_model.pkl
[2024-08-17T03:32:10.545+0000] {processor.py:183} INFO - Processing /opt/airflow/dags/data/models/Sweden/TS_model.pkl took 0.022 seconds
[2024-08-17T03:32:40.893+0000] {processor.py:161} INFO - Started process (PID=16453) to work on /opt/airflow/dags/data/models/Sweden/TS_model.pkl
[2024-08-17T03:32:40.894+0000] {processor.py:830} INFO - Processing file /opt/airflow/dags/data/models/Sweden/TS_model.pkl for tasks to queue
[2024-08-17T03:32:40.894+0000] {logging_mixin.py:188} INFO - [2024-08-17T03:32:40.894+0000] {dagbag.py:545} INFO - Filling up the DagBag from /opt/airflow/dags/data/models/Sweden/TS_model.pkl
[2024-08-17T03:32:40.902+0000] {processor.py:842} WARNING - No viable dags retrieved from /opt/airflow/dags/data/models/Sweden/TS_model.pkl
[2024-08-17T03:32:40.912+0000] {processor.py:183} INFO - Processing /opt/airflow/dags/data/models/Sweden/TS_model.pkl took 0.022 seconds
[2024-08-17T03:33:11.641+0000] {processor.py:161} INFO - Started process (PID=16900) to work on /opt/airflow/dags/data/models/Sweden/TS_model.pkl
[2024-08-17T03:33:11.642+0000] {processor.py:830} INFO - Processing file /opt/airflow/dags/data/models/Sweden/TS_model.pkl for tasks to queue
[2024-08-17T03:33:11.643+0000] {logging_mixin.py:188} INFO - [2024-08-17T03:33:11.642+0000] {dagbag.py:545} INFO - Filling up the DagBag from /opt/airflow/dags/data/models/Sweden/TS_model.pkl
[2024-08-17T03:33:11.650+0000] {processor.py:842} WARNING - No viable dags retrieved from /opt/airflow/dags/data/models/Sweden/TS_model.pkl
[2024-08-17T03:33:11.659+0000] {processor.py:183} INFO - Processing /opt/airflow/dags/data/models/Sweden/TS_model.pkl took 0.022 seconds
[2024-08-17T03:33:42.589+0000] {processor.py:161} INFO - Started process (PID=17354) to work on /opt/airflow/dags/data/models/Sweden/TS_model.pkl
[2024-08-17T03:33:42.590+0000] {processor.py:830} INFO - Processing file /opt/airflow/dags/data/models/Sweden/TS_model.pkl for tasks to queue
[2024-08-17T03:33:42.591+0000] {logging_mixin.py:188} INFO - [2024-08-17T03:33:42.590+0000] {dagbag.py:545} INFO - Filling up the DagBag from /opt/airflow/dags/data/models/Sweden/TS_model.pkl
[2024-08-17T03:33:42.601+0000] {processor.py:842} WARNING - No viable dags retrieved from /opt/airflow/dags/data/models/Sweden/TS_model.pkl
[2024-08-17T03:33:42.612+0000] {processor.py:183} INFO - Processing /opt/airflow/dags/data/models/Sweden/TS_model.pkl took 0.027 seconds
[2024-08-17T03:34:13.980+0000] {processor.py:161} INFO - Started process (PID=17782) to work on /opt/airflow/dags/data/models/Sweden/TS_model.pkl
[2024-08-17T03:34:13.980+0000] {processor.py:830} INFO - Processing file /opt/airflow/dags/data/models/Sweden/TS_model.pkl for tasks to queue
[2024-08-17T03:34:13.981+0000] {logging_mixin.py:188} INFO - [2024-08-17T03:34:13.981+0000] {dagbag.py:545} INFO - Filling up the DagBag from /opt/airflow/dags/data/models/Sweden/TS_model.pkl
[2024-08-17T03:34:13.989+0000] {processor.py:842} WARNING - No viable dags retrieved from /opt/airflow/dags/data/models/Sweden/TS_model.pkl
[2024-08-17T03:34:13.998+0000] {processor.py:183} INFO - Processing /opt/airflow/dags/data/models/Sweden/TS_model.pkl took 0.022 seconds
[2024-08-17T03:34:44.908+0000] {processor.py:161} INFO - Started process (PID=18224) to work on /opt/airflow/dags/data/models/Sweden/TS_model.pkl
[2024-08-17T03:34:44.908+0000] {processor.py:830} INFO - Processing file /opt/airflow/dags/data/models/Sweden/TS_model.pkl for tasks to queue
[2024-08-17T03:34:44.909+0000] {logging_mixin.py:188} INFO - [2024-08-17T03:34:44.909+0000] {dagbag.py:545} INFO - Filling up the DagBag from /opt/airflow/dags/data/models/Sweden/TS_model.pkl
[2024-08-17T03:34:44.921+0000] {processor.py:842} WARNING - No viable dags retrieved from /opt/airflow/dags/data/models/Sweden/TS_model.pkl
[2024-08-17T03:34:44.931+0000] {processor.py:183} INFO - Processing /opt/airflow/dags/data/models/Sweden/TS_model.pkl took 0.027 seconds
[2024-08-17T03:35:15.966+0000] {processor.py:161} INFO - Started process (PID=18659) to work on /opt/airflow/dags/data/models/Sweden/TS_model.pkl
[2024-08-17T03:35:15.967+0000] {processor.py:830} INFO - Processing file /opt/airflow/dags/data/models/Sweden/TS_model.pkl for tasks to queue
[2024-08-17T03:35:15.967+0000] {logging_mixin.py:188} INFO - [2024-08-17T03:35:15.967+0000] {dagbag.py:545} INFO - Filling up the DagBag from /opt/airflow/dags/data/models/Sweden/TS_model.pkl
[2024-08-17T03:35:15.975+0000] {processor.py:842} WARNING - No viable dags retrieved from /opt/airflow/dags/data/models/Sweden/TS_model.pkl
[2024-08-17T03:35:15.984+0000] {processor.py:183} INFO - Processing /opt/airflow/dags/data/models/Sweden/TS_model.pkl took 0.021 seconds
[2024-08-17T03:35:46.871+0000] {processor.py:161} INFO - Started process (PID=19080) to work on /opt/airflow/dags/data/models/Sweden/TS_model.pkl
[2024-08-17T03:35:46.871+0000] {processor.py:830} INFO - Processing file /opt/airflow/dags/data/models/Sweden/TS_model.pkl for tasks to queue
[2024-08-17T03:35:46.872+0000] {logging_mixin.py:188} INFO - [2024-08-17T03:35:46.872+0000] {dagbag.py:545} INFO - Filling up the DagBag from /opt/airflow/dags/data/models/Sweden/TS_model.pkl
[2024-08-17T03:35:46.879+0000] {processor.py:842} WARNING - No viable dags retrieved from /opt/airflow/dags/data/models/Sweden/TS_model.pkl
[2024-08-17T03:35:46.888+0000] {processor.py:183} INFO - Processing /opt/airflow/dags/data/models/Sweden/TS_model.pkl took 0.021 seconds
[2024-08-17T03:36:17.455+0000] {processor.py:161} INFO - Started process (PID=19512) to work on /opt/airflow/dags/data/models/Sweden/TS_model.pkl
[2024-08-17T03:36:17.456+0000] {processor.py:830} INFO - Processing file /opt/airflow/dags/data/models/Sweden/TS_model.pkl for tasks to queue
[2024-08-17T03:36:17.457+0000] {logging_mixin.py:188} INFO - [2024-08-17T03:36:17.456+0000] {dagbag.py:545} INFO - Filling up the DagBag from /opt/airflow/dags/data/models/Sweden/TS_model.pkl
[2024-08-17T03:36:17.465+0000] {processor.py:842} WARNING - No viable dags retrieved from /opt/airflow/dags/data/models/Sweden/TS_model.pkl
[2024-08-17T03:36:17.474+0000] {processor.py:183} INFO - Processing /opt/airflow/dags/data/models/Sweden/TS_model.pkl took 0.022 seconds
[2024-08-17T03:36:48.406+0000] {processor.py:161} INFO - Started process (PID=19947) to work on /opt/airflow/dags/data/models/Sweden/TS_model.pkl
[2024-08-17T03:36:48.407+0000] {processor.py:830} INFO - Processing file /opt/airflow/dags/data/models/Sweden/TS_model.pkl for tasks to queue
[2024-08-17T03:36:48.408+0000] {logging_mixin.py:188} INFO - [2024-08-17T03:36:48.408+0000] {dagbag.py:545} INFO - Filling up the DagBag from /opt/airflow/dags/data/models/Sweden/TS_model.pkl
[2024-08-17T03:36:48.416+0000] {processor.py:842} WARNING - No viable dags retrieved from /opt/airflow/dags/data/models/Sweden/TS_model.pkl
[2024-08-17T03:36:48.425+0000] {processor.py:183} INFO - Processing /opt/airflow/dags/data/models/Sweden/TS_model.pkl took 0.023 seconds
[2024-08-17T03:37:19.013+0000] {processor.py:161} INFO - Started process (PID=20385) to work on /opt/airflow/dags/data/models/Sweden/TS_model.pkl
[2024-08-17T03:37:19.014+0000] {processor.py:830} INFO - Processing file /opt/airflow/dags/data/models/Sweden/TS_model.pkl for tasks to queue
[2024-08-17T03:37:19.014+0000] {logging_mixin.py:188} INFO - [2024-08-17T03:37:19.014+0000] {dagbag.py:545} INFO - Filling up the DagBag from /opt/airflow/dags/data/models/Sweden/TS_model.pkl
[2024-08-17T03:37:19.024+0000] {processor.py:842} WARNING - No viable dags retrieved from /opt/airflow/dags/data/models/Sweden/TS_model.pkl
[2024-08-17T03:37:19.035+0000] {processor.py:183} INFO - Processing /opt/airflow/dags/data/models/Sweden/TS_model.pkl took 0.025 seconds
[2024-08-17T03:37:49.936+0000] {processor.py:161} INFO - Started process (PID=20826) to work on /opt/airflow/dags/data/models/Sweden/TS_model.pkl
[2024-08-17T03:37:49.937+0000] {processor.py:830} INFO - Processing file /opt/airflow/dags/data/models/Sweden/TS_model.pkl for tasks to queue
[2024-08-17T03:37:49.938+0000] {logging_mixin.py:188} INFO - [2024-08-17T03:37:49.938+0000] {dagbag.py:545} INFO - Filling up the DagBag from /opt/airflow/dags/data/models/Sweden/TS_model.pkl
[2024-08-17T03:37:49.951+0000] {processor.py:842} WARNING - No viable dags retrieved from /opt/airflow/dags/data/models/Sweden/TS_model.pkl
[2024-08-17T03:37:49.961+0000] {processor.py:183} INFO - Processing /opt/airflow/dags/data/models/Sweden/TS_model.pkl took 0.030 seconds
[2024-08-17T09:22:47.778+0000] {processor.py:161} INFO - Started process (PID=169) to work on /opt/airflow/dags/data/models/Sweden/TS_model.pkl
[2024-08-17T09:22:47.779+0000] {processor.py:830} INFO - Processing file /opt/airflow/dags/data/models/Sweden/TS_model.pkl for tasks to queue
[2024-08-17T09:22:47.780+0000] {logging_mixin.py:188} INFO - [2024-08-17T09:22:47.780+0000] {dagbag.py:545} INFO - Filling up the DagBag from /opt/airflow/dags/data/models/Sweden/TS_model.pkl
[2024-08-17T09:22:47.788+0000] {processor.py:842} WARNING - No viable dags retrieved from /opt/airflow/dags/data/models/Sweden/TS_model.pkl
[2024-08-17T09:22:47.797+0000] {processor.py:183} INFO - Processing /opt/airflow/dags/data/models/Sweden/TS_model.pkl took 0.022 seconds
[2024-08-17T09:23:20.417+0000] {processor.py:161} INFO - Started process (PID=625) to work on /opt/airflow/dags/data/models/Sweden/TS_model.pkl
[2024-08-17T09:23:20.418+0000] {processor.py:830} INFO - Processing file /opt/airflow/dags/data/models/Sweden/TS_model.pkl for tasks to queue
[2024-08-17T09:23:20.419+0000] {logging_mixin.py:188} INFO - [2024-08-17T09:23:20.418+0000] {dagbag.py:545} INFO - Filling up the DagBag from /opt/airflow/dags/data/models/Sweden/TS_model.pkl
[2024-08-17T09:23:20.427+0000] {processor.py:842} WARNING - No viable dags retrieved from /opt/airflow/dags/data/models/Sweden/TS_model.pkl
[2024-08-17T09:23:20.437+0000] {processor.py:183} INFO - Processing /opt/airflow/dags/data/models/Sweden/TS_model.pkl took 0.024 seconds
[2024-08-17T09:23:51.747+0000] {processor.py:161} INFO - Started process (PID=1079) to work on /opt/airflow/dags/data/models/Sweden/TS_model.pkl
[2024-08-17T09:23:51.748+0000] {processor.py:830} INFO - Processing file /opt/airflow/dags/data/models/Sweden/TS_model.pkl for tasks to queue
[2024-08-17T09:23:51.749+0000] {logging_mixin.py:188} INFO - [2024-08-17T09:23:51.749+0000] {dagbag.py:545} INFO - Filling up the DagBag from /opt/airflow/dags/data/models/Sweden/TS_model.pkl
[2024-08-17T09:23:51.756+0000] {processor.py:842} WARNING - No viable dags retrieved from /opt/airflow/dags/data/models/Sweden/TS_model.pkl
[2024-08-17T09:23:51.768+0000] {processor.py:183} INFO - Processing /opt/airflow/dags/data/models/Sweden/TS_model.pkl took 0.024 seconds
[2024-08-17T09:24:24.570+0000] {processor.py:161} INFO - Started process (PID=1533) to work on /opt/airflow/dags/data/models/Sweden/TS_model.pkl
[2024-08-17T09:24:24.571+0000] {processor.py:830} INFO - Processing file /opt/airflow/dags/data/models/Sweden/TS_model.pkl for tasks to queue
[2024-08-17T09:24:24.572+0000] {logging_mixin.py:188} INFO - [2024-08-17T09:24:24.572+0000] {dagbag.py:545} INFO - Filling up the DagBag from /opt/airflow/dags/data/models/Sweden/TS_model.pkl
[2024-08-17T09:24:24.580+0000] {processor.py:842} WARNING - No viable dags retrieved from /opt/airflow/dags/data/models/Sweden/TS_model.pkl
[2024-08-17T09:24:24.589+0000] {processor.py:183} INFO - Processing /opt/airflow/dags/data/models/Sweden/TS_model.pkl took 0.023 seconds
[2024-08-17T09:24:55.147+0000] {processor.py:161} INFO - Started process (PID=1961) to work on /opt/airflow/dags/data/models/Sweden/TS_model.pkl
[2024-08-17T09:24:55.148+0000] {processor.py:830} INFO - Processing file /opt/airflow/dags/data/models/Sweden/TS_model.pkl for tasks to queue
[2024-08-17T09:24:55.149+0000] {logging_mixin.py:188} INFO - [2024-08-17T09:24:55.149+0000] {dagbag.py:545} INFO - Filling up the DagBag from /opt/airflow/dags/data/models/Sweden/TS_model.pkl
[2024-08-17T09:24:55.157+0000] {processor.py:842} WARNING - No viable dags retrieved from /opt/airflow/dags/data/models/Sweden/TS_model.pkl
[2024-08-17T09:24:55.166+0000] {processor.py:183} INFO - Processing /opt/airflow/dags/data/models/Sweden/TS_model.pkl took 0.021 seconds
[2024-08-17T09:25:25.845+0000] {processor.py:161} INFO - Started process (PID=2415) to work on /opt/airflow/dags/data/models/Sweden/TS_model.pkl
[2024-08-17T09:25:25.845+0000] {processor.py:830} INFO - Processing file /opt/airflow/dags/data/models/Sweden/TS_model.pkl for tasks to queue
[2024-08-17T09:25:25.847+0000] {logging_mixin.py:188} INFO - [2024-08-17T09:25:25.846+0000] {dagbag.py:545} INFO - Filling up the DagBag from /opt/airflow/dags/data/models/Sweden/TS_model.pkl
[2024-08-17T09:25:25.855+0000] {processor.py:842} WARNING - No viable dags retrieved from /opt/airflow/dags/data/models/Sweden/TS_model.pkl
[2024-08-17T09:25:25.864+0000] {processor.py:183} INFO - Processing /opt/airflow/dags/data/models/Sweden/TS_model.pkl took 0.022 seconds
[2024-08-17T09:25:56.516+0000] {processor.py:161} INFO - Started process (PID=2843) to work on /opt/airflow/dags/data/models/Sweden/TS_model.pkl
[2024-08-17T09:25:56.518+0000] {processor.py:830} INFO - Processing file /opt/airflow/dags/data/models/Sweden/TS_model.pkl for tasks to queue
[2024-08-17T09:25:56.519+0000] {logging_mixin.py:188} INFO - [2024-08-17T09:25:56.519+0000] {dagbag.py:545} INFO - Filling up the DagBag from /opt/airflow/dags/data/models/Sweden/TS_model.pkl
[2024-08-17T09:25:56.531+0000] {processor.py:842} WARNING - No viable dags retrieved from /opt/airflow/dags/data/models/Sweden/TS_model.pkl
[2024-08-17T09:25:56.540+0000] {processor.py:183} INFO - Processing /opt/airflow/dags/data/models/Sweden/TS_model.pkl took 0.028 seconds
[2024-08-17T09:26:27.116+0000] {processor.py:161} INFO - Started process (PID=3297) to work on /opt/airflow/dags/data/models/Sweden/TS_model.pkl
[2024-08-17T09:26:27.117+0000] {processor.py:830} INFO - Processing file /opt/airflow/dags/data/models/Sweden/TS_model.pkl for tasks to queue
[2024-08-17T09:26:27.118+0000] {logging_mixin.py:188} INFO - [2024-08-17T09:26:27.118+0000] {dagbag.py:545} INFO - Filling up the DagBag from /opt/airflow/dags/data/models/Sweden/TS_model.pkl
[2024-08-17T09:26:27.126+0000] {processor.py:842} WARNING - No viable dags retrieved from /opt/airflow/dags/data/models/Sweden/TS_model.pkl
[2024-08-17T09:26:27.134+0000] {processor.py:183} INFO - Processing /opt/airflow/dags/data/models/Sweden/TS_model.pkl took 0.021 seconds
[2024-08-17T09:26:57.897+0000] {processor.py:161} INFO - Started process (PID=3751) to work on /opt/airflow/dags/data/models/Sweden/TS_model.pkl
[2024-08-17T09:26:57.898+0000] {processor.py:830} INFO - Processing file /opt/airflow/dags/data/models/Sweden/TS_model.pkl for tasks to queue
[2024-08-17T09:26:57.899+0000] {logging_mixin.py:188} INFO - [2024-08-17T09:26:57.899+0000] {dagbag.py:545} INFO - Filling up the DagBag from /opt/airflow/dags/data/models/Sweden/TS_model.pkl
[2024-08-17T09:26:57.907+0000] {processor.py:842} WARNING - No viable dags retrieved from /opt/airflow/dags/data/models/Sweden/TS_model.pkl
[2024-08-17T09:26:57.916+0000] {processor.py:183} INFO - Processing /opt/airflow/dags/data/models/Sweden/TS_model.pkl took 0.023 seconds
[2024-08-17T09:27:28.765+0000] {processor.py:161} INFO - Started process (PID=4179) to work on /opt/airflow/dags/data/models/Sweden/TS_model.pkl
[2024-08-17T09:27:28.765+0000] {processor.py:830} INFO - Processing file /opt/airflow/dags/data/models/Sweden/TS_model.pkl for tasks to queue
[2024-08-17T09:27:28.766+0000] {logging_mixin.py:188} INFO - [2024-08-17T09:27:28.766+0000] {dagbag.py:545} INFO - Filling up the DagBag from /opt/airflow/dags/data/models/Sweden/TS_model.pkl
[2024-08-17T09:27:28.773+0000] {processor.py:842} WARNING - No viable dags retrieved from /opt/airflow/dags/data/models/Sweden/TS_model.pkl
[2024-08-17T09:27:28.782+0000] {processor.py:183} INFO - Processing /opt/airflow/dags/data/models/Sweden/TS_model.pkl took 0.021 seconds
[2024-08-17T09:27:59.698+0000] {processor.py:161} INFO - Started process (PID=4634) to work on /opt/airflow/dags/data/models/Sweden/TS_model.pkl
[2024-08-17T09:27:59.699+0000] {processor.py:830} INFO - Processing file /opt/airflow/dags/data/models/Sweden/TS_model.pkl for tasks to queue
[2024-08-17T09:27:59.700+0000] {logging_mixin.py:188} INFO - [2024-08-17T09:27:59.700+0000] {dagbag.py:545} INFO - Filling up the DagBag from /opt/airflow/dags/data/models/Sweden/TS_model.pkl
[2024-08-17T09:27:59.710+0000] {processor.py:842} WARNING - No viable dags retrieved from /opt/airflow/dags/data/models/Sweden/TS_model.pkl
[2024-08-17T09:27:59.719+0000] {processor.py:183} INFO - Processing /opt/airflow/dags/data/models/Sweden/TS_model.pkl took 0.024 seconds
[2024-08-17T09:28:30.378+0000] {processor.py:161} INFO - Started process (PID=5088) to work on /opt/airflow/dags/data/models/Sweden/TS_model.pkl
[2024-08-17T09:28:30.379+0000] {processor.py:830} INFO - Processing file /opt/airflow/dags/data/models/Sweden/TS_model.pkl for tasks to queue
[2024-08-17T09:28:30.380+0000] {logging_mixin.py:188} INFO - [2024-08-17T09:28:30.380+0000] {dagbag.py:545} INFO - Filling up the DagBag from /opt/airflow/dags/data/models/Sweden/TS_model.pkl
[2024-08-17T09:28:30.390+0000] {processor.py:842} WARNING - No viable dags retrieved from /opt/airflow/dags/data/models/Sweden/TS_model.pkl
[2024-08-17T09:28:30.400+0000] {processor.py:183} INFO - Processing /opt/airflow/dags/data/models/Sweden/TS_model.pkl took 0.025 seconds
[2024-08-17T09:29:01.269+0000] {processor.py:161} INFO - Started process (PID=5495) to work on /opt/airflow/dags/data/models/Sweden/TS_model.pkl
[2024-08-17T09:29:01.269+0000] {processor.py:830} INFO - Processing file /opt/airflow/dags/data/models/Sweden/TS_model.pkl for tasks to queue
[2024-08-17T09:29:01.271+0000] {logging_mixin.py:188} INFO - [2024-08-17T09:29:01.270+0000] {dagbag.py:545} INFO - Filling up the DagBag from /opt/airflow/dags/data/models/Sweden/TS_model.pkl
[2024-08-17T09:29:01.293+0000] {processor.py:842} WARNING - No viable dags retrieved from /opt/airflow/dags/data/models/Sweden/TS_model.pkl
[2024-08-17T09:29:01.302+0000] {processor.py:183} INFO - Processing /opt/airflow/dags/data/models/Sweden/TS_model.pkl took 0.037 seconds
[2024-08-17T09:29:31.901+0000] {processor.py:161} INFO - Started process (PID=5949) to work on /opt/airflow/dags/data/models/Sweden/TS_model.pkl
[2024-08-17T09:29:31.902+0000] {processor.py:830} INFO - Processing file /opt/airflow/dags/data/models/Sweden/TS_model.pkl for tasks to queue
[2024-08-17T09:29:31.903+0000] {logging_mixin.py:188} INFO - [2024-08-17T09:29:31.903+0000] {dagbag.py:545} INFO - Filling up the DagBag from /opt/airflow/dags/data/models/Sweden/TS_model.pkl
[2024-08-17T09:29:31.911+0000] {processor.py:842} WARNING - No viable dags retrieved from /opt/airflow/dags/data/models/Sweden/TS_model.pkl
[2024-08-17T09:29:31.923+0000] {processor.py:183} INFO - Processing /opt/airflow/dags/data/models/Sweden/TS_model.pkl took 0.025 seconds
[2024-08-17T09:30:02.618+0000] {processor.py:161} INFO - Started process (PID=6377) to work on /opt/airflow/dags/data/models/Sweden/TS_model.pkl
[2024-08-17T09:30:02.619+0000] {processor.py:830} INFO - Processing file /opt/airflow/dags/data/models/Sweden/TS_model.pkl for tasks to queue
[2024-08-17T09:30:02.620+0000] {logging_mixin.py:188} INFO - [2024-08-17T09:30:02.620+0000] {dagbag.py:545} INFO - Filling up the DagBag from /opt/airflow/dags/data/models/Sweden/TS_model.pkl
[2024-08-17T09:30:02.628+0000] {processor.py:842} WARNING - No viable dags retrieved from /opt/airflow/dags/data/models/Sweden/TS_model.pkl
[2024-08-17T09:30:02.638+0000] {processor.py:183} INFO - Processing /opt/airflow/dags/data/models/Sweden/TS_model.pkl took 0.023 seconds
