[2024-08-17T03:08:57.936+0000] {processor.py:161} INFO - Started process (PID=96063) to work on /opt/airflow/dags/data/models/United Kingdom.8/TS_model.pkl
[2024-08-17T03:08:57.937+0000] {processor.py:830} INFO - Processing file /opt/airflow/dags/data/models/United Kingdom.8/TS_model.pkl for tasks to queue
[2024-08-17T03:08:57.939+0000] {logging_mixin.py:188} INFO - [2024-08-17T03:08:57.938+0000] {dagbag.py:545} INFO - Filling up the DagBag from /opt/airflow/dags/data/models/United Kingdom.8/TS_model.pkl
[2024-08-17T03:08:57.953+0000] {processor.py:842} WARNING - No viable dags retrieved from /opt/airflow/dags/data/models/United Kingdom.8/TS_model.pkl
[2024-08-17T03:08:57.966+0000] {processor.py:183} INFO - Processing /opt/airflow/dags/data/models/United Kingdom.8/TS_model.pkl took 0.035 seconds
[2024-08-17T03:09:28.708+0000] {processor.py:161} INFO - Started process (PID=96508) to work on /opt/airflow/dags/data/models/United Kingdom.8/TS_model.pkl
[2024-08-17T03:09:28.710+0000] {processor.py:830} INFO - Processing file /opt/airflow/dags/data/models/United Kingdom.8/TS_model.pkl for tasks to queue
[2024-08-17T03:09:28.711+0000] {logging_mixin.py:188} INFO - [2024-08-17T03:09:28.710+0000] {dagbag.py:545} INFO - Filling up the DagBag from /opt/airflow/dags/data/models/United Kingdom.8/TS_model.pkl
[2024-08-17T03:09:28.723+0000] {processor.py:842} WARNING - No viable dags retrieved from /opt/airflow/dags/data/models/United Kingdom.8/TS_model.pkl
[2024-08-17T03:09:28.734+0000] {processor.py:183} INFO - Processing /opt/airflow/dags/data/models/United Kingdom.8/TS_model.pkl took 0.029 seconds
[2024-08-17T03:09:59.849+0000] {processor.py:161} INFO - Started process (PID=96928) to work on /opt/airflow/dags/data/models/United Kingdom.8/TS_model.pkl
[2024-08-17T03:09:59.849+0000] {processor.py:830} INFO - Processing file /opt/airflow/dags/data/models/United Kingdom.8/TS_model.pkl for tasks to queue
[2024-08-17T03:09:59.850+0000] {logging_mixin.py:188} INFO - [2024-08-17T03:09:59.850+0000] {dagbag.py:545} INFO - Filling up the DagBag from /opt/airflow/dags/data/models/United Kingdom.8/TS_model.pkl
[2024-08-17T03:09:59.862+0000] {processor.py:842} WARNING - No viable dags retrieved from /opt/airflow/dags/data/models/United Kingdom.8/TS_model.pkl
[2024-08-17T03:09:59.872+0000] {processor.py:183} INFO - Processing /opt/airflow/dags/data/models/United Kingdom.8/TS_model.pkl took 0.027 seconds
[2024-08-17T03:10:31.165+0000] {processor.py:161} INFO - Started process (PID=97376) to work on /opt/airflow/dags/data/models/United Kingdom.8/TS_model.pkl
[2024-08-17T03:10:31.166+0000] {processor.py:830} INFO - Processing file /opt/airflow/dags/data/models/United Kingdom.8/TS_model.pkl for tasks to queue
[2024-08-17T03:10:31.167+0000] {logging_mixin.py:188} INFO - [2024-08-17T03:10:31.167+0000] {dagbag.py:545} INFO - Filling up the DagBag from /opt/airflow/dags/data/models/United Kingdom.8/TS_model.pkl
[2024-08-17T03:10:31.248+0000] {processor.py:842} WARNING - No viable dags retrieved from /opt/airflow/dags/data/models/United Kingdom.8/TS_model.pkl
[2024-08-17T03:10:31.260+0000] {processor.py:183} INFO - Processing /opt/airflow/dags/data/models/United Kingdom.8/TS_model.pkl took 0.099 seconds
[2024-08-17T03:11:02.200+0000] {processor.py:161} INFO - Started process (PID=97803) to work on /opt/airflow/dags/data/models/United Kingdom.8/TS_model.pkl
[2024-08-17T03:11:02.201+0000] {processor.py:830} INFO - Processing file /opt/airflow/dags/data/models/United Kingdom.8/TS_model.pkl for tasks to queue
[2024-08-17T03:11:02.201+0000] {logging_mixin.py:188} INFO - [2024-08-17T03:11:02.201+0000] {dagbag.py:545} INFO - Filling up the DagBag from /opt/airflow/dags/data/models/United Kingdom.8/TS_model.pkl
[2024-08-17T03:11:02.210+0000] {processor.py:842} WARNING - No viable dags retrieved from /opt/airflow/dags/data/models/United Kingdom.8/TS_model.pkl
[2024-08-17T03:11:02.221+0000] {processor.py:183} INFO - Processing /opt/airflow/dags/data/models/United Kingdom.8/TS_model.pkl took 0.024 seconds
[2024-08-17T03:11:16.348+0000] {processor.py:161} INFO - Started process (PID=98040) to work on /opt/airflow/dags/data/models/United Kingdom.8/TS_model.pkl
[2024-08-17T03:11:16.349+0000] {processor.py:830} INFO - Processing file /opt/airflow/dags/data/models/United Kingdom.8/TS_model.pkl for tasks to queue
[2024-08-17T03:11:16.349+0000] {logging_mixin.py:188} INFO - [2024-08-17T03:11:16.349+0000] {dagbag.py:545} INFO - Filling up the DagBag from /opt/airflow/dags/data/models/United Kingdom.8/TS_model.pkl
[2024-08-17T03:11:16.359+0000] {processor.py:842} WARNING - No viable dags retrieved from /opt/airflow/dags/data/models/United Kingdom.8/TS_model.pkl
[2024-08-17T03:11:16.369+0000] {processor.py:183} INFO - Processing /opt/airflow/dags/data/models/United Kingdom.8/TS_model.pkl took 0.025 seconds
[2024-08-17T03:11:46.892+0000] {processor.py:161} INFO - Started process (PID=98452) to work on /opt/airflow/dags/data/models/United Kingdom.8/TS_model.pkl
[2024-08-17T03:11:46.893+0000] {processor.py:830} INFO - Processing file /opt/airflow/dags/data/models/United Kingdom.8/TS_model.pkl for tasks to queue
[2024-08-17T03:11:46.894+0000] {logging_mixin.py:188} INFO - [2024-08-17T03:11:46.893+0000] {dagbag.py:545} INFO - Filling up the DagBag from /opt/airflow/dags/data/models/United Kingdom.8/TS_model.pkl
[2024-08-17T03:11:46.921+0000] {processor.py:842} WARNING - No viable dags retrieved from /opt/airflow/dags/data/models/United Kingdom.8/TS_model.pkl
[2024-08-17T03:11:46.931+0000] {processor.py:183} INFO - Processing /opt/airflow/dags/data/models/United Kingdom.8/TS_model.pkl took 0.042 seconds
[2024-08-17T03:12:17.879+0000] {processor.py:161} INFO - Started process (PID=98895) to work on /opt/airflow/dags/data/models/United Kingdom.8/TS_model.pkl
[2024-08-17T03:12:17.883+0000] {processor.py:830} INFO - Processing file /opt/airflow/dags/data/models/United Kingdom.8/TS_model.pkl for tasks to queue
[2024-08-17T03:12:17.892+0000] {logging_mixin.py:188} INFO - [2024-08-17T03:12:17.892+0000] {dagbag.py:545} INFO - Filling up the DagBag from /opt/airflow/dags/data/models/United Kingdom.8/TS_model.pkl
[2024-08-17T03:12:17.903+0000] {processor.py:842} WARNING - No viable dags retrieved from /opt/airflow/dags/data/models/United Kingdom.8/TS_model.pkl
[2024-08-17T03:12:17.914+0000] {processor.py:183} INFO - Processing /opt/airflow/dags/data/models/United Kingdom.8/TS_model.pkl took 0.039 seconds
[2024-08-17T03:12:49.093+0000] {processor.py:161} INFO - Started process (PID=99317) to work on /opt/airflow/dags/data/models/United Kingdom.8/TS_model.pkl
[2024-08-17T03:12:49.094+0000] {processor.py:830} INFO - Processing file /opt/airflow/dags/data/models/United Kingdom.8/TS_model.pkl for tasks to queue
[2024-08-17T03:12:49.095+0000] {logging_mixin.py:188} INFO - [2024-08-17T03:12:49.095+0000] {dagbag.py:545} INFO - Filling up the DagBag from /opt/airflow/dags/data/models/United Kingdom.8/TS_model.pkl
[2024-08-17T03:12:49.105+0000] {processor.py:842} WARNING - No viable dags retrieved from /opt/airflow/dags/data/models/United Kingdom.8/TS_model.pkl
[2024-08-17T03:12:49.115+0000] {processor.py:183} INFO - Processing /opt/airflow/dags/data/models/United Kingdom.8/TS_model.pkl took 0.026 seconds
[2024-08-17T03:13:19.711+0000] {processor.py:161} INFO - Started process (PID=99734) to work on /opt/airflow/dags/data/models/United Kingdom.8/TS_model.pkl
[2024-08-17T03:13:19.711+0000] {processor.py:830} INFO - Processing file /opt/airflow/dags/data/models/United Kingdom.8/TS_model.pkl for tasks to queue
[2024-08-17T03:13:19.712+0000] {logging_mixin.py:188} INFO - [2024-08-17T03:13:19.712+0000] {dagbag.py:545} INFO - Filling up the DagBag from /opt/airflow/dags/data/models/United Kingdom.8/TS_model.pkl
[2024-08-17T03:13:19.721+0000] {processor.py:842} WARNING - No viable dags retrieved from /opt/airflow/dags/data/models/United Kingdom.8/TS_model.pkl
[2024-08-17T03:13:19.731+0000] {processor.py:183} INFO - Processing /opt/airflow/dags/data/models/United Kingdom.8/TS_model.pkl took 0.025 seconds
[2024-08-17T03:13:57.721+0000] {processor.py:161} INFO - Started process (PID=462) to work on /opt/airflow/dags/data/models/United Kingdom.8/TS_model.pkl
[2024-08-17T03:13:57.722+0000] {processor.py:830} INFO - Processing file /opt/airflow/dags/data/models/United Kingdom.8/TS_model.pkl for tasks to queue
[2024-08-17T03:13:57.723+0000] {logging_mixin.py:188} INFO - [2024-08-17T03:13:57.723+0000] {dagbag.py:545} INFO - Filling up the DagBag from /opt/airflow/dags/data/models/United Kingdom.8/TS_model.pkl
[2024-08-17T03:13:57.735+0000] {processor.py:842} WARNING - No viable dags retrieved from /opt/airflow/dags/data/models/United Kingdom.8/TS_model.pkl
[2024-08-17T03:13:57.745+0000] {processor.py:183} INFO - Processing /opt/airflow/dags/data/models/United Kingdom.8/TS_model.pkl took 0.027 seconds
[2024-08-17T03:14:28.461+0000] {processor.py:161} INFO - Started process (PID=914) to work on /opt/airflow/dags/data/models/United Kingdom.8/TS_model.pkl
[2024-08-17T03:14:28.462+0000] {processor.py:830} INFO - Processing file /opt/airflow/dags/data/models/United Kingdom.8/TS_model.pkl for tasks to queue
[2024-08-17T03:14:28.463+0000] {logging_mixin.py:188} INFO - [2024-08-17T03:14:28.462+0000] {dagbag.py:545} INFO - Filling up the DagBag from /opt/airflow/dags/data/models/United Kingdom.8/TS_model.pkl
[2024-08-17T03:14:28.472+0000] {processor.py:842} WARNING - No viable dags retrieved from /opt/airflow/dags/data/models/United Kingdom.8/TS_model.pkl
[2024-08-17T03:14:28.482+0000] {processor.py:183} INFO - Processing /opt/airflow/dags/data/models/United Kingdom.8/TS_model.pkl took 0.024 seconds
[2024-08-17T03:14:59.053+0000] {processor.py:161} INFO - Started process (PID=1348) to work on /opt/airflow/dags/data/models/United Kingdom.8/TS_model.pkl
[2024-08-17T03:14:59.054+0000] {processor.py:830} INFO - Processing file /opt/airflow/dags/data/models/United Kingdom.8/TS_model.pkl for tasks to queue
[2024-08-17T03:14:59.055+0000] {logging_mixin.py:188} INFO - [2024-08-17T03:14:59.054+0000] {dagbag.py:545} INFO - Filling up the DagBag from /opt/airflow/dags/data/models/United Kingdom.8/TS_model.pkl
[2024-08-17T03:14:59.066+0000] {processor.py:842} WARNING - No viable dags retrieved from /opt/airflow/dags/data/models/United Kingdom.8/TS_model.pkl
[2024-08-17T03:14:59.081+0000] {processor.py:183} INFO - Processing /opt/airflow/dags/data/models/United Kingdom.8/TS_model.pkl took 0.032 seconds
[2024-08-17T03:15:30.039+0000] {processor.py:161} INFO - Started process (PID=1794) to work on /opt/airflow/dags/data/models/United Kingdom.8/TS_model.pkl
[2024-08-17T03:15:30.040+0000] {processor.py:830} INFO - Processing file /opt/airflow/dags/data/models/United Kingdom.8/TS_model.pkl for tasks to queue
[2024-08-17T03:15:30.041+0000] {logging_mixin.py:188} INFO - [2024-08-17T03:15:30.041+0000] {dagbag.py:545} INFO - Filling up the DagBag from /opt/airflow/dags/data/models/United Kingdom.8/TS_model.pkl
[2024-08-17T03:15:30.050+0000] {processor.py:842} WARNING - No viable dags retrieved from /opt/airflow/dags/data/models/United Kingdom.8/TS_model.pkl
[2024-08-17T03:15:30.059+0000] {processor.py:183} INFO - Processing /opt/airflow/dags/data/models/United Kingdom.8/TS_model.pkl took 0.024 seconds
[2024-08-17T03:16:00.827+0000] {processor.py:161} INFO - Started process (PID=2247) to work on /opt/airflow/dags/data/models/United Kingdom.8/TS_model.pkl
[2024-08-17T03:16:00.828+0000] {processor.py:830} INFO - Processing file /opt/airflow/dags/data/models/United Kingdom.8/TS_model.pkl for tasks to queue
[2024-08-17T03:16:00.829+0000] {logging_mixin.py:188} INFO - [2024-08-17T03:16:00.828+0000] {dagbag.py:545} INFO - Filling up the DagBag from /opt/airflow/dags/data/models/United Kingdom.8/TS_model.pkl
[2024-08-17T03:16:00.842+0000] {processor.py:842} WARNING - No viable dags retrieved from /opt/airflow/dags/data/models/United Kingdom.8/TS_model.pkl
[2024-08-17T03:16:00.852+0000] {processor.py:183} INFO - Processing /opt/airflow/dags/data/models/United Kingdom.8/TS_model.pkl took 0.028 seconds
[2024-08-17T03:16:31.830+0000] {processor.py:161} INFO - Started process (PID=2675) to work on /opt/airflow/dags/data/models/United Kingdom.8/TS_model.pkl
[2024-08-17T03:16:31.831+0000] {processor.py:830} INFO - Processing file /opt/airflow/dags/data/models/United Kingdom.8/TS_model.pkl for tasks to queue
[2024-08-17T03:16:31.831+0000] {logging_mixin.py:188} INFO - [2024-08-17T03:16:31.831+0000] {dagbag.py:545} INFO - Filling up the DagBag from /opt/airflow/dags/data/models/United Kingdom.8/TS_model.pkl
[2024-08-17T03:16:31.841+0000] {processor.py:842} WARNING - No viable dags retrieved from /opt/airflow/dags/data/models/United Kingdom.8/TS_model.pkl
[2024-08-17T03:16:31.850+0000] {processor.py:183} INFO - Processing /opt/airflow/dags/data/models/United Kingdom.8/TS_model.pkl took 0.024 seconds
[2024-08-17T03:17:02.302+0000] {processor.py:161} INFO - Started process (PID=3126) to work on /opt/airflow/dags/data/models/United Kingdom.8/TS_model.pkl
[2024-08-17T03:17:02.303+0000] {processor.py:830} INFO - Processing file /opt/airflow/dags/data/models/United Kingdom.8/TS_model.pkl for tasks to queue
[2024-08-17T03:17:02.304+0000] {logging_mixin.py:188} INFO - [2024-08-17T03:17:02.303+0000] {dagbag.py:545} INFO - Filling up the DagBag from /opt/airflow/dags/data/models/United Kingdom.8/TS_model.pkl
[2024-08-17T03:17:02.311+0000] {processor.py:842} WARNING - No viable dags retrieved from /opt/airflow/dags/data/models/United Kingdom.8/TS_model.pkl
[2024-08-17T03:17:02.321+0000] {processor.py:183} INFO - Processing /opt/airflow/dags/data/models/United Kingdom.8/TS_model.pkl took 0.023 seconds
[2024-08-17T03:17:33.038+0000] {processor.py:161} INFO - Started process (PID=3561) to work on /opt/airflow/dags/data/models/United Kingdom.8/TS_model.pkl
[2024-08-17T03:17:33.038+0000] {processor.py:830} INFO - Processing file /opt/airflow/dags/data/models/United Kingdom.8/TS_model.pkl for tasks to queue
[2024-08-17T03:17:33.039+0000] {logging_mixin.py:188} INFO - [2024-08-17T03:17:33.039+0000] {dagbag.py:545} INFO - Filling up the DagBag from /opt/airflow/dags/data/models/United Kingdom.8/TS_model.pkl
[2024-08-17T03:17:33.048+0000] {processor.py:842} WARNING - No viable dags retrieved from /opt/airflow/dags/data/models/United Kingdom.8/TS_model.pkl
[2024-08-17T03:17:33.057+0000] {processor.py:183} INFO - Processing /opt/airflow/dags/data/models/United Kingdom.8/TS_model.pkl took 0.023 seconds
[2024-08-17T03:18:03.924+0000] {processor.py:161} INFO - Started process (PID=4008) to work on /opt/airflow/dags/data/models/United Kingdom.8/TS_model.pkl
[2024-08-17T03:18:03.925+0000] {processor.py:830} INFO - Processing file /opt/airflow/dags/data/models/United Kingdom.8/TS_model.pkl for tasks to queue
[2024-08-17T03:18:03.926+0000] {logging_mixin.py:188} INFO - [2024-08-17T03:18:03.925+0000] {dagbag.py:545} INFO - Filling up the DagBag from /opt/airflow/dags/data/models/United Kingdom.8/TS_model.pkl
[2024-08-17T03:18:03.933+0000] {processor.py:842} WARNING - No viable dags retrieved from /opt/airflow/dags/data/models/United Kingdom.8/TS_model.pkl
[2024-08-17T03:18:03.943+0000] {processor.py:183} INFO - Processing /opt/airflow/dags/data/models/United Kingdom.8/TS_model.pkl took 0.022 seconds
[2024-08-17T03:18:34.567+0000] {processor.py:161} INFO - Started process (PID=4441) to work on /opt/airflow/dags/data/models/United Kingdom.8/TS_model.pkl
[2024-08-17T03:18:34.567+0000] {processor.py:830} INFO - Processing file /opt/airflow/dags/data/models/United Kingdom.8/TS_model.pkl for tasks to queue
[2024-08-17T03:18:34.568+0000] {logging_mixin.py:188} INFO - [2024-08-17T03:18:34.568+0000] {dagbag.py:545} INFO - Filling up the DagBag from /opt/airflow/dags/data/models/United Kingdom.8/TS_model.pkl
[2024-08-17T03:18:34.577+0000] {processor.py:842} WARNING - No viable dags retrieved from /opt/airflow/dags/data/models/United Kingdom.8/TS_model.pkl
[2024-08-17T03:18:34.586+0000] {processor.py:183} INFO - Processing /opt/airflow/dags/data/models/United Kingdom.8/TS_model.pkl took 0.023 seconds
[2024-08-17T03:19:05.131+0000] {processor.py:161} INFO - Started process (PID=4868) to work on /opt/airflow/dags/data/models/United Kingdom.8/TS_model.pkl
[2024-08-17T03:19:05.132+0000] {processor.py:830} INFO - Processing file /opt/airflow/dags/data/models/United Kingdom.8/TS_model.pkl for tasks to queue
[2024-08-17T03:19:05.133+0000] {logging_mixin.py:188} INFO - [2024-08-17T03:19:05.133+0000] {dagbag.py:545} INFO - Filling up the DagBag from /opt/airflow/dags/data/models/United Kingdom.8/TS_model.pkl
[2024-08-17T03:19:05.145+0000] {processor.py:842} WARNING - No viable dags retrieved from /opt/airflow/dags/data/models/United Kingdom.8/TS_model.pkl
[2024-08-17T03:19:05.154+0000] {processor.py:183} INFO - Processing /opt/airflow/dags/data/models/United Kingdom.8/TS_model.pkl took 0.027 seconds
[2024-08-17T03:19:35.779+0000] {processor.py:161} INFO - Started process (PID=5303) to work on /opt/airflow/dags/data/models/United Kingdom.8/TS_model.pkl
[2024-08-17T03:19:35.779+0000] {processor.py:830} INFO - Processing file /opt/airflow/dags/data/models/United Kingdom.8/TS_model.pkl for tasks to queue
[2024-08-17T03:19:35.780+0000] {logging_mixin.py:188} INFO - [2024-08-17T03:19:35.780+0000] {dagbag.py:545} INFO - Filling up the DagBag from /opt/airflow/dags/data/models/United Kingdom.8/TS_model.pkl
[2024-08-17T03:19:35.787+0000] {processor.py:842} WARNING - No viable dags retrieved from /opt/airflow/dags/data/models/United Kingdom.8/TS_model.pkl
[2024-08-17T03:19:35.798+0000] {processor.py:183} INFO - Processing /opt/airflow/dags/data/models/United Kingdom.8/TS_model.pkl took 0.023 seconds
[2024-08-17T03:20:06.166+0000] {processor.py:161} INFO - Started process (PID=5729) to work on /opt/airflow/dags/data/models/United Kingdom.8/TS_model.pkl
[2024-08-17T03:20:06.166+0000] {processor.py:830} INFO - Processing file /opt/airflow/dags/data/models/United Kingdom.8/TS_model.pkl for tasks to queue
[2024-08-17T03:20:06.167+0000] {logging_mixin.py:188} INFO - [2024-08-17T03:20:06.167+0000] {dagbag.py:545} INFO - Filling up the DagBag from /opt/airflow/dags/data/models/United Kingdom.8/TS_model.pkl
[2024-08-17T03:20:06.175+0000] {processor.py:842} WARNING - No viable dags retrieved from /opt/airflow/dags/data/models/United Kingdom.8/TS_model.pkl
[2024-08-17T03:20:06.184+0000] {processor.py:183} INFO - Processing /opt/airflow/dags/data/models/United Kingdom.8/TS_model.pkl took 0.022 seconds
[2024-08-17T03:20:36.746+0000] {processor.py:161} INFO - Started process (PID=6183) to work on /opt/airflow/dags/data/models/United Kingdom.8/TS_model.pkl
[2024-08-17T03:20:36.747+0000] {processor.py:830} INFO - Processing file /opt/airflow/dags/data/models/United Kingdom.8/TS_model.pkl for tasks to queue
[2024-08-17T03:20:36.748+0000] {logging_mixin.py:188} INFO - [2024-08-17T03:20:36.747+0000] {dagbag.py:545} INFO - Filling up the DagBag from /opt/airflow/dags/data/models/United Kingdom.8/TS_model.pkl
[2024-08-17T03:20:36.757+0000] {processor.py:842} WARNING - No viable dags retrieved from /opt/airflow/dags/data/models/United Kingdom.8/TS_model.pkl
[2024-08-17T03:20:36.766+0000] {processor.py:183} INFO - Processing /opt/airflow/dags/data/models/United Kingdom.8/TS_model.pkl took 0.023 seconds
[2024-08-17T03:21:07.888+0000] {processor.py:161} INFO - Started process (PID=6637) to work on /opt/airflow/dags/data/models/United Kingdom.8/TS_model.pkl
[2024-08-17T03:21:07.889+0000] {processor.py:830} INFO - Processing file /opt/airflow/dags/data/models/United Kingdom.8/TS_model.pkl for tasks to queue
[2024-08-17T03:21:07.890+0000] {logging_mixin.py:188} INFO - [2024-08-17T03:21:07.889+0000] {dagbag.py:545} INFO - Filling up the DagBag from /opt/airflow/dags/data/models/United Kingdom.8/TS_model.pkl
[2024-08-17T03:21:07.897+0000] {processor.py:842} WARNING - No viable dags retrieved from /opt/airflow/dags/data/models/United Kingdom.8/TS_model.pkl
[2024-08-17T03:21:07.905+0000] {processor.py:183} INFO - Processing /opt/airflow/dags/data/models/United Kingdom.8/TS_model.pkl took 0.021 seconds
[2024-08-17T03:21:38.496+0000] {processor.py:161} INFO - Started process (PID=7064) to work on /opt/airflow/dags/data/models/United Kingdom.8/TS_model.pkl
[2024-08-17T03:21:38.497+0000] {processor.py:830} INFO - Processing file /opt/airflow/dags/data/models/United Kingdom.8/TS_model.pkl for tasks to queue
[2024-08-17T03:21:38.497+0000] {logging_mixin.py:188} INFO - [2024-08-17T03:21:38.497+0000] {dagbag.py:545} INFO - Filling up the DagBag from /opt/airflow/dags/data/models/United Kingdom.8/TS_model.pkl
[2024-08-17T03:21:38.505+0000] {processor.py:842} WARNING - No viable dags retrieved from /opt/airflow/dags/data/models/United Kingdom.8/TS_model.pkl
[2024-08-17T03:21:38.514+0000] {processor.py:183} INFO - Processing /opt/airflow/dags/data/models/United Kingdom.8/TS_model.pkl took 0.022 seconds
[2024-08-17T03:22:09.258+0000] {processor.py:161} INFO - Started process (PID=7507) to work on /opt/airflow/dags/data/models/United Kingdom.8/TS_model.pkl
[2024-08-17T03:22:09.258+0000] {processor.py:830} INFO - Processing file /opt/airflow/dags/data/models/United Kingdom.8/TS_model.pkl for tasks to queue
[2024-08-17T03:22:09.259+0000] {logging_mixin.py:188} INFO - [2024-08-17T03:22:09.259+0000] {dagbag.py:545} INFO - Filling up the DagBag from /opt/airflow/dags/data/models/United Kingdom.8/TS_model.pkl
[2024-08-17T03:22:09.269+0000] {processor.py:842} WARNING - No viable dags retrieved from /opt/airflow/dags/data/models/United Kingdom.8/TS_model.pkl
[2024-08-17T03:22:09.278+0000] {processor.py:183} INFO - Processing /opt/airflow/dags/data/models/United Kingdom.8/TS_model.pkl took 0.024 seconds
[2024-08-17T03:22:40.241+0000] {processor.py:161} INFO - Started process (PID=7935) to work on /opt/airflow/dags/data/models/United Kingdom.8/TS_model.pkl
[2024-08-17T03:22:40.242+0000] {processor.py:830} INFO - Processing file /opt/airflow/dags/data/models/United Kingdom.8/TS_model.pkl for tasks to queue
[2024-08-17T03:22:40.242+0000] {logging_mixin.py:188} INFO - [2024-08-17T03:22:40.242+0000] {dagbag.py:545} INFO - Filling up the DagBag from /opt/airflow/dags/data/models/United Kingdom.8/TS_model.pkl
[2024-08-17T03:22:40.254+0000] {processor.py:842} WARNING - No viable dags retrieved from /opt/airflow/dags/data/models/United Kingdom.8/TS_model.pkl
[2024-08-17T03:22:40.265+0000] {processor.py:183} INFO - Processing /opt/airflow/dags/data/models/United Kingdom.8/TS_model.pkl took 0.028 seconds
[2024-08-17T03:23:11.020+0000] {processor.py:161} INFO - Started process (PID=8369) to work on /opt/airflow/dags/data/models/United Kingdom.8/TS_model.pkl
[2024-08-17T03:23:11.021+0000] {processor.py:830} INFO - Processing file /opt/airflow/dags/data/models/United Kingdom.8/TS_model.pkl for tasks to queue
[2024-08-17T03:23:11.021+0000] {logging_mixin.py:188} INFO - [2024-08-17T03:23:11.021+0000] {dagbag.py:545} INFO - Filling up the DagBag from /opt/airflow/dags/data/models/United Kingdom.8/TS_model.pkl
[2024-08-17T03:23:11.031+0000] {processor.py:842} WARNING - No viable dags retrieved from /opt/airflow/dags/data/models/United Kingdom.8/TS_model.pkl
[2024-08-17T03:23:11.040+0000] {processor.py:183} INFO - Processing /opt/airflow/dags/data/models/United Kingdom.8/TS_model.pkl took 0.024 seconds
[2024-08-17T03:23:41.669+0000] {processor.py:161} INFO - Started process (PID=8823) to work on /opt/airflow/dags/data/models/United Kingdom.8/TS_model.pkl
[2024-08-17T03:23:41.670+0000] {processor.py:830} INFO - Processing file /opt/airflow/dags/data/models/United Kingdom.8/TS_model.pkl for tasks to queue
[2024-08-17T03:23:41.670+0000] {logging_mixin.py:188} INFO - [2024-08-17T03:23:41.670+0000] {dagbag.py:545} INFO - Filling up the DagBag from /opt/airflow/dags/data/models/United Kingdom.8/TS_model.pkl
[2024-08-17T03:23:41.679+0000] {processor.py:842} WARNING - No viable dags retrieved from /opt/airflow/dags/data/models/United Kingdom.8/TS_model.pkl
[2024-08-17T03:23:41.687+0000] {processor.py:183} INFO - Processing /opt/airflow/dags/data/models/United Kingdom.8/TS_model.pkl took 0.022 seconds
[2024-08-17T03:24:12.302+0000] {processor.py:161} INFO - Started process (PID=9251) to work on /opt/airflow/dags/data/models/United Kingdom.8/TS_model.pkl
[2024-08-17T03:24:12.302+0000] {processor.py:830} INFO - Processing file /opt/airflow/dags/data/models/United Kingdom.8/TS_model.pkl for tasks to queue
[2024-08-17T03:24:12.303+0000] {logging_mixin.py:188} INFO - [2024-08-17T03:24:12.303+0000] {dagbag.py:545} INFO - Filling up the DagBag from /opt/airflow/dags/data/models/United Kingdom.8/TS_model.pkl
[2024-08-17T03:24:12.312+0000] {processor.py:842} WARNING - No viable dags retrieved from /opt/airflow/dags/data/models/United Kingdom.8/TS_model.pkl
[2024-08-17T03:24:12.321+0000] {processor.py:183} INFO - Processing /opt/airflow/dags/data/models/United Kingdom.8/TS_model.pkl took 0.023 seconds
[2024-08-17T03:24:43.408+0000] {processor.py:161} INFO - Started process (PID=9691) to work on /opt/airflow/dags/data/models/United Kingdom.8/TS_model.pkl
[2024-08-17T03:24:43.413+0000] {processor.py:830} INFO - Processing file /opt/airflow/dags/data/models/United Kingdom.8/TS_model.pkl for tasks to queue
[2024-08-17T03:24:43.424+0000] {logging_mixin.py:188} INFO - [2024-08-17T03:24:43.424+0000] {dagbag.py:545} INFO - Filling up the DagBag from /opt/airflow/dags/data/models/United Kingdom.8/TS_model.pkl
[2024-08-17T03:24:43.434+0000] {processor.py:842} WARNING - No viable dags retrieved from /opt/airflow/dags/data/models/United Kingdom.8/TS_model.pkl
[2024-08-17T03:24:43.444+0000] {processor.py:183} INFO - Processing /opt/airflow/dags/data/models/United Kingdom.8/TS_model.pkl took 0.040 seconds
[2024-08-17T03:25:14.429+0000] {processor.py:161} INFO - Started process (PID=10105) to work on /opt/airflow/dags/data/models/United Kingdom.8/TS_model.pkl
[2024-08-17T03:25:14.430+0000] {processor.py:830} INFO - Processing file /opt/airflow/dags/data/models/United Kingdom.8/TS_model.pkl for tasks to queue
[2024-08-17T03:25:14.430+0000] {logging_mixin.py:188} INFO - [2024-08-17T03:25:14.430+0000] {dagbag.py:545} INFO - Filling up the DagBag from /opt/airflow/dags/data/models/United Kingdom.8/TS_model.pkl
[2024-08-17T03:25:14.439+0000] {processor.py:842} WARNING - No viable dags retrieved from /opt/airflow/dags/data/models/United Kingdom.8/TS_model.pkl
[2024-08-17T03:25:14.448+0000] {processor.py:183} INFO - Processing /opt/airflow/dags/data/models/United Kingdom.8/TS_model.pkl took 0.023 seconds
[2024-08-17T03:25:45.283+0000] {processor.py:161} INFO - Started process (PID=10552) to work on /opt/airflow/dags/data/models/United Kingdom.8/TS_model.pkl
[2024-08-17T03:25:45.284+0000] {processor.py:830} INFO - Processing file /opt/airflow/dags/data/models/United Kingdom.8/TS_model.pkl for tasks to queue
[2024-08-17T03:25:45.285+0000] {logging_mixin.py:188} INFO - [2024-08-17T03:25:45.284+0000] {dagbag.py:545} INFO - Filling up the DagBag from /opt/airflow/dags/data/models/United Kingdom.8/TS_model.pkl
[2024-08-17T03:25:45.292+0000] {processor.py:842} WARNING - No viable dags retrieved from /opt/airflow/dags/data/models/United Kingdom.8/TS_model.pkl
[2024-08-17T03:25:45.302+0000] {processor.py:183} INFO - Processing /opt/airflow/dags/data/models/United Kingdom.8/TS_model.pkl took 0.023 seconds
[2024-08-17T03:26:16.422+0000] {processor.py:161} INFO - Started process (PID=10987) to work on /opt/airflow/dags/data/models/United Kingdom.8/TS_model.pkl
[2024-08-17T03:26:16.422+0000] {processor.py:830} INFO - Processing file /opt/airflow/dags/data/models/United Kingdom.8/TS_model.pkl for tasks to queue
[2024-08-17T03:26:16.423+0000] {logging_mixin.py:188} INFO - [2024-08-17T03:26:16.423+0000] {dagbag.py:545} INFO - Filling up the DagBag from /opt/airflow/dags/data/models/United Kingdom.8/TS_model.pkl
[2024-08-17T03:26:16.431+0000] {processor.py:842} WARNING - No viable dags retrieved from /opt/airflow/dags/data/models/United Kingdom.8/TS_model.pkl
[2024-08-17T03:26:16.440+0000] {processor.py:183} INFO - Processing /opt/airflow/dags/data/models/United Kingdom.8/TS_model.pkl took 0.022 seconds
[2024-08-17T03:26:46.899+0000] {processor.py:161} INFO - Started process (PID=11413) to work on /opt/airflow/dags/data/models/United Kingdom.8/TS_model.pkl
[2024-08-17T03:26:46.900+0000] {processor.py:830} INFO - Processing file /opt/airflow/dags/data/models/United Kingdom.8/TS_model.pkl for tasks to queue
[2024-08-17T03:26:46.900+0000] {logging_mixin.py:188} INFO - [2024-08-17T03:26:46.900+0000] {dagbag.py:545} INFO - Filling up the DagBag from /opt/airflow/dags/data/models/United Kingdom.8/TS_model.pkl
[2024-08-17T03:26:46.910+0000] {processor.py:842} WARNING - No viable dags retrieved from /opt/airflow/dags/data/models/United Kingdom.8/TS_model.pkl
[2024-08-17T03:26:46.919+0000] {processor.py:183} INFO - Processing /opt/airflow/dags/data/models/United Kingdom.8/TS_model.pkl took 0.025 seconds
[2024-08-17T03:27:17.831+0000] {processor.py:161} INFO - Started process (PID=11867) to work on /opt/airflow/dags/data/models/United Kingdom.8/TS_model.pkl
[2024-08-17T03:27:17.831+0000] {processor.py:830} INFO - Processing file /opt/airflow/dags/data/models/United Kingdom.8/TS_model.pkl for tasks to queue
[2024-08-17T03:27:17.832+0000] {logging_mixin.py:188} INFO - [2024-08-17T03:27:17.832+0000] {dagbag.py:545} INFO - Filling up the DagBag from /opt/airflow/dags/data/models/United Kingdom.8/TS_model.pkl
[2024-08-17T03:27:17.840+0000] {processor.py:842} WARNING - No viable dags retrieved from /opt/airflow/dags/data/models/United Kingdom.8/TS_model.pkl
[2024-08-17T03:27:17.849+0000] {processor.py:183} INFO - Processing /opt/airflow/dags/data/models/United Kingdom.8/TS_model.pkl took 0.023 seconds
[2024-08-17T03:27:48.676+0000] {processor.py:161} INFO - Started process (PID=12320) to work on /opt/airflow/dags/data/models/United Kingdom.8/TS_model.pkl
[2024-08-17T03:27:48.676+0000] {processor.py:830} INFO - Processing file /opt/airflow/dags/data/models/United Kingdom.8/TS_model.pkl for tasks to queue
[2024-08-17T03:27:48.677+0000] {logging_mixin.py:188} INFO - [2024-08-17T03:27:48.677+0000] {dagbag.py:545} INFO - Filling up the DagBag from /opt/airflow/dags/data/models/United Kingdom.8/TS_model.pkl
[2024-08-17T03:27:48.684+0000] {processor.py:842} WARNING - No viable dags retrieved from /opt/airflow/dags/data/models/United Kingdom.8/TS_model.pkl
[2024-08-17T03:27:48.693+0000] {processor.py:183} INFO - Processing /opt/airflow/dags/data/models/United Kingdom.8/TS_model.pkl took 0.021 seconds
[2024-08-17T03:28:19.827+0000] {processor.py:161} INFO - Started process (PID=12748) to work on /opt/airflow/dags/data/models/United Kingdom.8/TS_model.pkl
[2024-08-17T03:28:19.827+0000] {processor.py:830} INFO - Processing file /opt/airflow/dags/data/models/United Kingdom.8/TS_model.pkl for tasks to queue
[2024-08-17T03:28:19.828+0000] {logging_mixin.py:188} INFO - [2024-08-17T03:28:19.828+0000] {dagbag.py:545} INFO - Filling up the DagBag from /opt/airflow/dags/data/models/United Kingdom.8/TS_model.pkl
[2024-08-17T03:28:19.835+0000] {processor.py:842} WARNING - No viable dags retrieved from /opt/airflow/dags/data/models/United Kingdom.8/TS_model.pkl
[2024-08-17T03:28:19.845+0000] {processor.py:183} INFO - Processing /opt/airflow/dags/data/models/United Kingdom.8/TS_model.pkl took 0.023 seconds
[2024-08-17T03:28:56.178+0000] {processor.py:161} INFO - Started process (PID=13188) to work on /opt/airflow/dags/data/models/United Kingdom.8/TS_model.pkl
[2024-08-17T03:28:56.179+0000] {processor.py:830} INFO - Processing file /opt/airflow/dags/data/models/United Kingdom.8/TS_model.pkl for tasks to queue
[2024-08-17T03:28:56.180+0000] {logging_mixin.py:188} INFO - [2024-08-17T03:28:56.179+0000] {dagbag.py:545} INFO - Filling up the DagBag from /opt/airflow/dags/data/models/United Kingdom.8/TS_model.pkl
[2024-08-17T03:28:56.187+0000] {processor.py:842} WARNING - No viable dags retrieved from /opt/airflow/dags/data/models/United Kingdom.8/TS_model.pkl
[2024-08-17T03:28:56.197+0000] {processor.py:183} INFO - Processing /opt/airflow/dags/data/models/United Kingdom.8/TS_model.pkl took 0.023 seconds
[2024-08-17T03:29:26.885+0000] {processor.py:161} INFO - Started process (PID=13641) to work on /opt/airflow/dags/data/models/United Kingdom.8/TS_model.pkl
[2024-08-17T03:29:26.886+0000] {processor.py:830} INFO - Processing file /opt/airflow/dags/data/models/United Kingdom.8/TS_model.pkl for tasks to queue
[2024-08-17T03:29:26.887+0000] {logging_mixin.py:188} INFO - [2024-08-17T03:29:26.887+0000] {dagbag.py:545} INFO - Filling up the DagBag from /opt/airflow/dags/data/models/United Kingdom.8/TS_model.pkl
[2024-08-17T03:29:26.896+0000] {processor.py:842} WARNING - No viable dags retrieved from /opt/airflow/dags/data/models/United Kingdom.8/TS_model.pkl
[2024-08-17T03:29:26.906+0000] {processor.py:183} INFO - Processing /opt/airflow/dags/data/models/United Kingdom.8/TS_model.pkl took 0.025 seconds
[2024-08-17T03:29:57.697+0000] {processor.py:161} INFO - Started process (PID=14095) to work on /opt/airflow/dags/data/models/United Kingdom.8/TS_model.pkl
[2024-08-17T03:29:57.698+0000] {processor.py:830} INFO - Processing file /opt/airflow/dags/data/models/United Kingdom.8/TS_model.pkl for tasks to queue
[2024-08-17T03:29:57.699+0000] {logging_mixin.py:188} INFO - [2024-08-17T03:29:57.698+0000] {dagbag.py:545} INFO - Filling up the DagBag from /opt/airflow/dags/data/models/United Kingdom.8/TS_model.pkl
[2024-08-17T03:29:57.709+0000] {processor.py:842} WARNING - No viable dags retrieved from /opt/airflow/dags/data/models/United Kingdom.8/TS_model.pkl
[2024-08-17T03:29:57.720+0000] {processor.py:183} INFO - Processing /opt/airflow/dags/data/models/United Kingdom.8/TS_model.pkl took 0.026 seconds
[2024-08-17T03:30:28.373+0000] {processor.py:161} INFO - Started process (PID=14523) to work on /opt/airflow/dags/data/models/United Kingdom.8/TS_model.pkl
[2024-08-17T03:30:28.374+0000] {processor.py:830} INFO - Processing file /opt/airflow/dags/data/models/United Kingdom.8/TS_model.pkl for tasks to queue
[2024-08-17T03:30:28.374+0000] {logging_mixin.py:188} INFO - [2024-08-17T03:30:28.374+0000] {dagbag.py:545} INFO - Filling up the DagBag from /opt/airflow/dags/data/models/United Kingdom.8/TS_model.pkl
[2024-08-17T03:30:28.382+0000] {processor.py:842} WARNING - No viable dags retrieved from /opt/airflow/dags/data/models/United Kingdom.8/TS_model.pkl
[2024-08-17T03:30:28.393+0000] {processor.py:183} INFO - Processing /opt/airflow/dags/data/models/United Kingdom.8/TS_model.pkl took 0.024 seconds
[2024-08-17T03:30:59.151+0000] {processor.py:161} INFO - Started process (PID=14977) to work on /opt/airflow/dags/data/models/United Kingdom.8/TS_model.pkl
[2024-08-17T03:30:59.151+0000] {processor.py:830} INFO - Processing file /opt/airflow/dags/data/models/United Kingdom.8/TS_model.pkl for tasks to queue
[2024-08-17T03:30:59.152+0000] {logging_mixin.py:188} INFO - [2024-08-17T03:30:59.152+0000] {dagbag.py:545} INFO - Filling up the DagBag from /opt/airflow/dags/data/models/United Kingdom.8/TS_model.pkl
[2024-08-17T03:30:59.163+0000] {processor.py:842} WARNING - No viable dags retrieved from /opt/airflow/dags/data/models/United Kingdom.8/TS_model.pkl
[2024-08-17T03:30:59.172+0000] {processor.py:183} INFO - Processing /opt/airflow/dags/data/models/United Kingdom.8/TS_model.pkl took 0.026 seconds
[2024-08-17T03:31:29.782+0000] {processor.py:161} INFO - Started process (PID=15406) to work on /opt/airflow/dags/data/models/United Kingdom.8/TS_model.pkl
[2024-08-17T03:31:29.782+0000] {processor.py:830} INFO - Processing file /opt/airflow/dags/data/models/United Kingdom.8/TS_model.pkl for tasks to queue
[2024-08-17T03:31:29.783+0000] {logging_mixin.py:188} INFO - [2024-08-17T03:31:29.783+0000] {dagbag.py:545} INFO - Filling up the DagBag from /opt/airflow/dags/data/models/United Kingdom.8/TS_model.pkl
[2024-08-17T03:31:29.789+0000] {processor.py:842} WARNING - No viable dags retrieved from /opt/airflow/dags/data/models/United Kingdom.8/TS_model.pkl
[2024-08-17T03:31:29.798+0000] {processor.py:183} INFO - Processing /opt/airflow/dags/data/models/United Kingdom.8/TS_model.pkl took 0.021 seconds
[2024-08-17T03:32:00.610+0000] {processor.py:161} INFO - Started process (PID=15860) to work on /opt/airflow/dags/data/models/United Kingdom.8/TS_model.pkl
[2024-08-17T03:32:00.612+0000] {processor.py:830} INFO - Processing file /opt/airflow/dags/data/models/United Kingdom.8/TS_model.pkl for tasks to queue
[2024-08-17T03:32:00.613+0000] {logging_mixin.py:188} INFO - [2024-08-17T03:32:00.613+0000] {dagbag.py:545} INFO - Filling up the DagBag from /opt/airflow/dags/data/models/United Kingdom.8/TS_model.pkl
[2024-08-17T03:32:00.622+0000] {processor.py:842} WARNING - No viable dags retrieved from /opt/airflow/dags/data/models/United Kingdom.8/TS_model.pkl
[2024-08-17T03:32:00.631+0000] {processor.py:183} INFO - Processing /opt/airflow/dags/data/models/United Kingdom.8/TS_model.pkl took 0.025 seconds
[2024-08-17T03:32:31.171+0000] {processor.py:161} INFO - Started process (PID=16313) to work on /opt/airflow/dags/data/models/United Kingdom.8/TS_model.pkl
[2024-08-17T03:32:31.172+0000] {processor.py:830} INFO - Processing file /opt/airflow/dags/data/models/United Kingdom.8/TS_model.pkl for tasks to queue
[2024-08-17T03:32:31.172+0000] {logging_mixin.py:188} INFO - [2024-08-17T03:32:31.172+0000] {dagbag.py:545} INFO - Filling up the DagBag from /opt/airflow/dags/data/models/United Kingdom.8/TS_model.pkl
[2024-08-17T03:32:31.179+0000] {processor.py:842} WARNING - No viable dags retrieved from /opt/airflow/dags/data/models/United Kingdom.8/TS_model.pkl
[2024-08-17T03:32:31.188+0000] {processor.py:183} INFO - Processing /opt/airflow/dags/data/models/United Kingdom.8/TS_model.pkl took 0.020 seconds
[2024-08-17T03:33:01.926+0000] {processor.py:161} INFO - Started process (PID=16720) to work on /opt/airflow/dags/data/models/United Kingdom.8/TS_model.pkl
[2024-08-17T03:33:01.926+0000] {processor.py:830} INFO - Processing file /opt/airflow/dags/data/models/United Kingdom.8/TS_model.pkl for tasks to queue
[2024-08-17T03:33:01.927+0000] {logging_mixin.py:188} INFO - [2024-08-17T03:33:01.927+0000] {dagbag.py:545} INFO - Filling up the DagBag from /opt/airflow/dags/data/models/United Kingdom.8/TS_model.pkl
[2024-08-17T03:33:01.935+0000] {processor.py:842} WARNING - No viable dags retrieved from /opt/airflow/dags/data/models/United Kingdom.8/TS_model.pkl
[2024-08-17T03:33:01.945+0000] {processor.py:183} INFO - Processing /opt/airflow/dags/data/models/United Kingdom.8/TS_model.pkl took 0.023 seconds
[2024-08-17T03:33:32.830+0000] {processor.py:161} INFO - Started process (PID=17174) to work on /opt/airflow/dags/data/models/United Kingdom.8/TS_model.pkl
[2024-08-17T03:33:32.831+0000] {processor.py:830} INFO - Processing file /opt/airflow/dags/data/models/United Kingdom.8/TS_model.pkl for tasks to queue
[2024-08-17T03:33:32.831+0000] {logging_mixin.py:188} INFO - [2024-08-17T03:33:32.831+0000] {dagbag.py:545} INFO - Filling up the DagBag from /opt/airflow/dags/data/models/United Kingdom.8/TS_model.pkl
[2024-08-17T03:33:32.840+0000] {processor.py:842} WARNING - No viable dags retrieved from /opt/airflow/dags/data/models/United Kingdom.8/TS_model.pkl
[2024-08-17T03:33:32.849+0000] {processor.py:183} INFO - Processing /opt/airflow/dags/data/models/United Kingdom.8/TS_model.pkl took 0.024 seconds
[2024-08-17T03:34:04.265+0000] {processor.py:161} INFO - Started process (PID=17588) to work on /opt/airflow/dags/data/models/United Kingdom.8/TS_model.pkl
[2024-08-17T03:34:04.265+0000] {processor.py:830} INFO - Processing file /opt/airflow/dags/data/models/United Kingdom.8/TS_model.pkl for tasks to queue
[2024-08-17T03:34:04.266+0000] {logging_mixin.py:188} INFO - [2024-08-17T03:34:04.266+0000] {dagbag.py:545} INFO - Filling up the DagBag from /opt/airflow/dags/data/models/United Kingdom.8/TS_model.pkl
[2024-08-17T03:34:04.280+0000] {processor.py:842} WARNING - No viable dags retrieved from /opt/airflow/dags/data/models/United Kingdom.8/TS_model.pkl
[2024-08-17T03:34:04.290+0000] {processor.py:183} INFO - Processing /opt/airflow/dags/data/models/United Kingdom.8/TS_model.pkl took 0.031 seconds
[2024-08-17T03:34:35.065+0000] {processor.py:161} INFO - Started process (PID=18014) to work on /opt/airflow/dags/data/models/United Kingdom.8/TS_model.pkl
[2024-08-17T03:34:35.065+0000] {processor.py:830} INFO - Processing file /opt/airflow/dags/data/models/United Kingdom.8/TS_model.pkl for tasks to queue
[2024-08-17T03:34:35.067+0000] {logging_mixin.py:188} INFO - [2024-08-17T03:34:35.067+0000] {dagbag.py:545} INFO - Filling up the DagBag from /opt/airflow/dags/data/models/United Kingdom.8/TS_model.pkl
[2024-08-17T03:34:35.075+0000] {processor.py:842} WARNING - No viable dags retrieved from /opt/airflow/dags/data/models/United Kingdom.8/TS_model.pkl
[2024-08-17T03:34:35.085+0000] {processor.py:183} INFO - Processing /opt/airflow/dags/data/models/United Kingdom.8/TS_model.pkl took 0.024 seconds
[2024-08-17T03:35:06.005+0000] {processor.py:161} INFO - Started process (PID=18468) to work on /opt/airflow/dags/data/models/United Kingdom.8/TS_model.pkl
[2024-08-17T03:35:06.006+0000] {processor.py:830} INFO - Processing file /opt/airflow/dags/data/models/United Kingdom.8/TS_model.pkl for tasks to queue
[2024-08-17T03:35:06.006+0000] {logging_mixin.py:188} INFO - [2024-08-17T03:35:06.006+0000] {dagbag.py:545} INFO - Filling up the DagBag from /opt/airflow/dags/data/models/United Kingdom.8/TS_model.pkl
[2024-08-17T03:35:06.014+0000] {processor.py:842} WARNING - No viable dags retrieved from /opt/airflow/dags/data/models/United Kingdom.8/TS_model.pkl
[2024-08-17T03:35:06.025+0000] {processor.py:183} INFO - Processing /opt/airflow/dags/data/models/United Kingdom.8/TS_model.pkl took 0.024 seconds
[2024-08-17T03:35:37.213+0000] {processor.py:161} INFO - Started process (PID=18896) to work on /opt/airflow/dags/data/models/United Kingdom.8/TS_model.pkl
[2024-08-17T03:35:37.215+0000] {processor.py:830} INFO - Processing file /opt/airflow/dags/data/models/United Kingdom.8/TS_model.pkl for tasks to queue
[2024-08-17T03:35:37.216+0000] {logging_mixin.py:188} INFO - [2024-08-17T03:35:37.215+0000] {dagbag.py:545} INFO - Filling up the DagBag from /opt/airflow/dags/data/models/United Kingdom.8/TS_model.pkl
[2024-08-17T03:35:37.224+0000] {processor.py:842} WARNING - No viable dags retrieved from /opt/airflow/dags/data/models/United Kingdom.8/TS_model.pkl
[2024-08-17T03:35:37.234+0000] {processor.py:183} INFO - Processing /opt/airflow/dags/data/models/United Kingdom.8/TS_model.pkl took 0.025 seconds
[2024-08-17T03:36:08.210+0000] {processor.py:161} INFO - Started process (PID=19350) to work on /opt/airflow/dags/data/models/United Kingdom.8/TS_model.pkl
[2024-08-17T03:36:08.211+0000] {processor.py:830} INFO - Processing file /opt/airflow/dags/data/models/United Kingdom.8/TS_model.pkl for tasks to queue
[2024-08-17T03:36:08.211+0000] {logging_mixin.py:188} INFO - [2024-08-17T03:36:08.211+0000] {dagbag.py:545} INFO - Filling up the DagBag from /opt/airflow/dags/data/models/United Kingdom.8/TS_model.pkl
[2024-08-17T03:36:08.224+0000] {processor.py:842} WARNING - No viable dags retrieved from /opt/airflow/dags/data/models/United Kingdom.8/TS_model.pkl
[2024-08-17T03:36:08.234+0000] {processor.py:183} INFO - Processing /opt/airflow/dags/data/models/United Kingdom.8/TS_model.pkl took 0.027 seconds
[2024-08-17T03:36:39.219+0000] {processor.py:161} INFO - Started process (PID=19804) to work on /opt/airflow/dags/data/models/United Kingdom.8/TS_model.pkl
[2024-08-17T03:36:39.220+0000] {processor.py:830} INFO - Processing file /opt/airflow/dags/data/models/United Kingdom.8/TS_model.pkl for tasks to queue
[2024-08-17T03:36:39.221+0000] {logging_mixin.py:188} INFO - [2024-08-17T03:36:39.221+0000] {dagbag.py:545} INFO - Filling up the DagBag from /opt/airflow/dags/data/models/United Kingdom.8/TS_model.pkl
[2024-08-17T03:36:39.233+0000] {processor.py:842} WARNING - No viable dags retrieved from /opt/airflow/dags/data/models/United Kingdom.8/TS_model.pkl
[2024-08-17T03:36:39.242+0000] {processor.py:183} INFO - Processing /opt/airflow/dags/data/models/United Kingdom.8/TS_model.pkl took 0.026 seconds
[2024-08-17T03:37:10.139+0000] {processor.py:161} INFO - Started process (PID=20232) to work on /opt/airflow/dags/data/models/United Kingdom.8/TS_model.pkl
[2024-08-17T03:37:10.139+0000] {processor.py:830} INFO - Processing file /opt/airflow/dags/data/models/United Kingdom.8/TS_model.pkl for tasks to queue
[2024-08-17T03:37:10.140+0000] {logging_mixin.py:188} INFO - [2024-08-17T03:37:10.140+0000] {dagbag.py:545} INFO - Filling up the DagBag from /opt/airflow/dags/data/models/United Kingdom.8/TS_model.pkl
[2024-08-17T03:37:10.153+0000] {processor.py:842} WARNING - No viable dags retrieved from /opt/airflow/dags/data/models/United Kingdom.8/TS_model.pkl
[2024-08-17T03:37:10.163+0000] {processor.py:183} INFO - Processing /opt/airflow/dags/data/models/United Kingdom.8/TS_model.pkl took 0.028 seconds
[2024-08-17T03:37:40.901+0000] {processor.py:161} INFO - Started process (PID=20686) to work on /opt/airflow/dags/data/models/United Kingdom.8/TS_model.pkl
[2024-08-17T03:37:40.901+0000] {processor.py:830} INFO - Processing file /opt/airflow/dags/data/models/United Kingdom.8/TS_model.pkl for tasks to queue
[2024-08-17T03:37:40.902+0000] {logging_mixin.py:188} INFO - [2024-08-17T03:37:40.902+0000] {dagbag.py:545} INFO - Filling up the DagBag from /opt/airflow/dags/data/models/United Kingdom.8/TS_model.pkl
[2024-08-17T03:37:40.912+0000] {processor.py:842} WARNING - No viable dags retrieved from /opt/airflow/dags/data/models/United Kingdom.8/TS_model.pkl
[2024-08-17T03:37:40.921+0000] {processor.py:183} INFO - Processing /opt/airflow/dags/data/models/United Kingdom.8/TS_model.pkl took 0.024 seconds
[2024-08-17T09:22:46.918+0000] {processor.py:161} INFO - Started process (PID=143) to work on /opt/airflow/dags/data/models/United Kingdom.8/TS_model.pkl
[2024-08-17T09:22:46.919+0000] {processor.py:830} INFO - Processing file /opt/airflow/dags/data/models/United Kingdom.8/TS_model.pkl for tasks to queue
[2024-08-17T09:22:46.920+0000] {logging_mixin.py:188} INFO - [2024-08-17T09:22:46.920+0000] {dagbag.py:545} INFO - Filling up the DagBag from /opt/airflow/dags/data/models/United Kingdom.8/TS_model.pkl
[2024-08-17T09:22:46.926+0000] {processor.py:842} WARNING - No viable dags retrieved from /opt/airflow/dags/data/models/United Kingdom.8/TS_model.pkl
[2024-08-17T09:22:46.934+0000] {processor.py:183} INFO - Processing /opt/airflow/dags/data/models/United Kingdom.8/TS_model.pkl took 0.019 seconds
[2024-08-17T09:23:18.992+0000] {processor.py:161} INFO - Started process (PID=599) to work on /opt/airflow/dags/data/models/United Kingdom.8/TS_model.pkl
[2024-08-17T09:23:18.993+0000] {processor.py:830} INFO - Processing file /opt/airflow/dags/data/models/United Kingdom.8/TS_model.pkl for tasks to queue
[2024-08-17T09:23:18.994+0000] {logging_mixin.py:188} INFO - [2024-08-17T09:23:18.994+0000] {dagbag.py:545} INFO - Filling up the DagBag from /opt/airflow/dags/data/models/United Kingdom.8/TS_model.pkl
[2024-08-17T09:23:19.008+0000] {processor.py:842} WARNING - No viable dags retrieved from /opt/airflow/dags/data/models/United Kingdom.8/TS_model.pkl
[2024-08-17T09:23:19.018+0000] {processor.py:183} INFO - Processing /opt/airflow/dags/data/models/United Kingdom.8/TS_model.pkl took 0.029 seconds
[2024-08-17T09:23:50.459+0000] {processor.py:161} INFO - Started process (PID=1053) to work on /opt/airflow/dags/data/models/United Kingdom.8/TS_model.pkl
[2024-08-17T09:23:50.460+0000] {processor.py:830} INFO - Processing file /opt/airflow/dags/data/models/United Kingdom.8/TS_model.pkl for tasks to queue
[2024-08-17T09:23:50.461+0000] {logging_mixin.py:188} INFO - [2024-08-17T09:23:50.460+0000] {dagbag.py:545} INFO - Filling up the DagBag from /opt/airflow/dags/data/models/United Kingdom.8/TS_model.pkl
[2024-08-17T09:23:50.469+0000] {processor.py:842} WARNING - No viable dags retrieved from /opt/airflow/dags/data/models/United Kingdom.8/TS_model.pkl
[2024-08-17T09:23:50.478+0000] {processor.py:183} INFO - Processing /opt/airflow/dags/data/models/United Kingdom.8/TS_model.pkl took 0.023 seconds
[2024-08-17T09:24:21.760+0000] {processor.py:161} INFO - Started process (PID=1481) to work on /opt/airflow/dags/data/models/United Kingdom.8/TS_model.pkl
[2024-08-17T09:24:21.761+0000] {processor.py:830} INFO - Processing file /opt/airflow/dags/data/models/United Kingdom.8/TS_model.pkl for tasks to queue
[2024-08-17T09:24:21.762+0000] {logging_mixin.py:188} INFO - [2024-08-17T09:24:21.762+0000] {dagbag.py:545} INFO - Filling up the DagBag from /opt/airflow/dags/data/models/United Kingdom.8/TS_model.pkl
[2024-08-17T09:24:21.772+0000] {processor.py:842} WARNING - No viable dags retrieved from /opt/airflow/dags/data/models/United Kingdom.8/TS_model.pkl
[2024-08-17T09:24:21.877+0000] {processor.py:183} INFO - Processing /opt/airflow/dags/data/models/United Kingdom.8/TS_model.pkl took 0.120 seconds
[2024-08-17T09:24:52.326+0000] {processor.py:161} INFO - Started process (PID=1935) to work on /opt/airflow/dags/data/models/United Kingdom.8/TS_model.pkl
[2024-08-17T09:24:52.326+0000] {processor.py:830} INFO - Processing file /opt/airflow/dags/data/models/United Kingdom.8/TS_model.pkl for tasks to queue
[2024-08-17T09:24:52.328+0000] {logging_mixin.py:188} INFO - [2024-08-17T09:24:52.327+0000] {dagbag.py:545} INFO - Filling up the DagBag from /opt/airflow/dags/data/models/United Kingdom.8/TS_model.pkl
[2024-08-17T09:24:52.335+0000] {processor.py:842} WARNING - No viable dags retrieved from /opt/airflow/dags/data/models/United Kingdom.8/TS_model.pkl
[2024-08-17T09:24:52.344+0000] {processor.py:183} INFO - Processing /opt/airflow/dags/data/models/United Kingdom.8/TS_model.pkl took 0.022 seconds
[2024-08-17T09:25:23.016+0000] {processor.py:161} INFO - Started process (PID=2389) to work on /opt/airflow/dags/data/models/United Kingdom.8/TS_model.pkl
[2024-08-17T09:25:23.017+0000] {processor.py:830} INFO - Processing file /opt/airflow/dags/data/models/United Kingdom.8/TS_model.pkl for tasks to queue
[2024-08-17T09:25:23.018+0000] {logging_mixin.py:188} INFO - [2024-08-17T09:25:23.018+0000] {dagbag.py:545} INFO - Filling up the DagBag from /opt/airflow/dags/data/models/United Kingdom.8/TS_model.pkl
[2024-08-17T09:25:23.029+0000] {processor.py:842} WARNING - No viable dags retrieved from /opt/airflow/dags/data/models/United Kingdom.8/TS_model.pkl
[2024-08-17T09:25:23.039+0000] {processor.py:183} INFO - Processing /opt/airflow/dags/data/models/United Kingdom.8/TS_model.pkl took 0.026 seconds
[2024-08-17T09:25:53.746+0000] {processor.py:161} INFO - Started process (PID=2817) to work on /opt/airflow/dags/data/models/United Kingdom.8/TS_model.pkl
[2024-08-17T09:25:53.747+0000] {processor.py:830} INFO - Processing file /opt/airflow/dags/data/models/United Kingdom.8/TS_model.pkl for tasks to queue
[2024-08-17T09:25:53.748+0000] {logging_mixin.py:188} INFO - [2024-08-17T09:25:53.748+0000] {dagbag.py:545} INFO - Filling up the DagBag from /opt/airflow/dags/data/models/United Kingdom.8/TS_model.pkl
[2024-08-17T09:25:53.756+0000] {processor.py:842} WARNING - No viable dags retrieved from /opt/airflow/dags/data/models/United Kingdom.8/TS_model.pkl
[2024-08-17T09:25:53.765+0000] {processor.py:183} INFO - Processing /opt/airflow/dags/data/models/United Kingdom.8/TS_model.pkl took 0.022 seconds
[2024-08-17T09:26:24.217+0000] {processor.py:161} INFO - Started process (PID=3271) to work on /opt/airflow/dags/data/models/United Kingdom.8/TS_model.pkl
[2024-08-17T09:26:24.218+0000] {processor.py:830} INFO - Processing file /opt/airflow/dags/data/models/United Kingdom.8/TS_model.pkl for tasks to queue
[2024-08-17T09:26:24.219+0000] {logging_mixin.py:188} INFO - [2024-08-17T09:26:24.219+0000] {dagbag.py:545} INFO - Filling up the DagBag from /opt/airflow/dags/data/models/United Kingdom.8/TS_model.pkl
[2024-08-17T09:26:24.228+0000] {processor.py:842} WARNING - No viable dags retrieved from /opt/airflow/dags/data/models/United Kingdom.8/TS_model.pkl
[2024-08-17T09:26:24.241+0000] {processor.py:183} INFO - Processing /opt/airflow/dags/data/models/United Kingdom.8/TS_model.pkl took 0.028 seconds
[2024-08-17T09:26:54.940+0000] {processor.py:161} INFO - Started process (PID=3699) to work on /opt/airflow/dags/data/models/United Kingdom.8/TS_model.pkl
[2024-08-17T09:26:54.940+0000] {processor.py:830} INFO - Processing file /opt/airflow/dags/data/models/United Kingdom.8/TS_model.pkl for tasks to queue
[2024-08-17T09:26:54.942+0000] {logging_mixin.py:188} INFO - [2024-08-17T09:26:54.942+0000] {dagbag.py:545} INFO - Filling up the DagBag from /opt/airflow/dags/data/models/United Kingdom.8/TS_model.pkl
[2024-08-17T09:26:54.949+0000] {processor.py:842} WARNING - No viable dags retrieved from /opt/airflow/dags/data/models/United Kingdom.8/TS_model.pkl
[2024-08-17T09:26:54.957+0000] {processor.py:183} INFO - Processing /opt/airflow/dags/data/models/United Kingdom.8/TS_model.pkl took 0.020 seconds
[2024-08-17T09:27:25.666+0000] {processor.py:161} INFO - Started process (PID=4153) to work on /opt/airflow/dags/data/models/United Kingdom.8/TS_model.pkl
[2024-08-17T09:27:25.666+0000] {processor.py:830} INFO - Processing file /opt/airflow/dags/data/models/United Kingdom.8/TS_model.pkl for tasks to queue
[2024-08-17T09:27:25.667+0000] {logging_mixin.py:188} INFO - [2024-08-17T09:27:25.667+0000] {dagbag.py:545} INFO - Filling up the DagBag from /opt/airflow/dags/data/models/United Kingdom.8/TS_model.pkl
[2024-08-17T09:27:25.675+0000] {processor.py:842} WARNING - No viable dags retrieved from /opt/airflow/dags/data/models/United Kingdom.8/TS_model.pkl
[2024-08-17T09:27:25.684+0000] {processor.py:183} INFO - Processing /opt/airflow/dags/data/models/United Kingdom.8/TS_model.pkl took 0.021 seconds
[2024-08-17T09:27:56.915+0000] {processor.py:161} INFO - Started process (PID=4589) to work on /opt/airflow/dags/data/models/United Kingdom.8/TS_model.pkl
[2024-08-17T09:27:56.916+0000] {processor.py:830} INFO - Processing file /opt/airflow/dags/data/models/United Kingdom.8/TS_model.pkl for tasks to queue
[2024-08-17T09:27:56.917+0000] {logging_mixin.py:188} INFO - [2024-08-17T09:27:56.917+0000] {dagbag.py:545} INFO - Filling up the DagBag from /opt/airflow/dags/data/models/United Kingdom.8/TS_model.pkl
[2024-08-17T09:27:56.926+0000] {processor.py:842} WARNING - No viable dags retrieved from /opt/airflow/dags/data/models/United Kingdom.8/TS_model.pkl
[2024-08-17T09:27:56.935+0000] {processor.py:183} INFO - Processing /opt/airflow/dags/data/models/United Kingdom.8/TS_model.pkl took 0.023 seconds
[2024-08-17T09:28:27.519+0000] {processor.py:161} INFO - Started process (PID=5015) to work on /opt/airflow/dags/data/models/United Kingdom.8/TS_model.pkl
[2024-08-17T09:28:27.519+0000] {processor.py:830} INFO - Processing file /opt/airflow/dags/data/models/United Kingdom.8/TS_model.pkl for tasks to queue
[2024-08-17T09:28:27.521+0000] {logging_mixin.py:188} INFO - [2024-08-17T09:28:27.520+0000] {dagbag.py:545} INFO - Filling up the DagBag from /opt/airflow/dags/data/models/United Kingdom.8/TS_model.pkl
[2024-08-17T09:28:27.530+0000] {processor.py:842} WARNING - No viable dags retrieved from /opt/airflow/dags/data/models/United Kingdom.8/TS_model.pkl
[2024-08-17T09:28:27.540+0000] {processor.py:183} INFO - Processing /opt/airflow/dags/data/models/United Kingdom.8/TS_model.pkl took 0.025 seconds
[2024-08-17T09:28:58.333+0000] {processor.py:161} INFO - Started process (PID=5469) to work on /opt/airflow/dags/data/models/United Kingdom.8/TS_model.pkl
[2024-08-17T09:28:58.333+0000] {processor.py:830} INFO - Processing file /opt/airflow/dags/data/models/United Kingdom.8/TS_model.pkl for tasks to queue
[2024-08-17T09:28:58.334+0000] {logging_mixin.py:188} INFO - [2024-08-17T09:28:58.334+0000] {dagbag.py:545} INFO - Filling up the DagBag from /opt/airflow/dags/data/models/United Kingdom.8/TS_model.pkl
[2024-08-17T09:28:58.370+0000] {processor.py:842} WARNING - No viable dags retrieved from /opt/airflow/dags/data/models/United Kingdom.8/TS_model.pkl
[2024-08-17T09:28:58.380+0000] {processor.py:183} INFO - Processing /opt/airflow/dags/data/models/United Kingdom.8/TS_model.pkl took 0.051 seconds
[2024-08-17T09:29:29.403+0000] {processor.py:161} INFO - Started process (PID=5923) to work on /opt/airflow/dags/data/models/United Kingdom.8/TS_model.pkl
[2024-08-17T09:29:29.404+0000] {processor.py:830} INFO - Processing file /opt/airflow/dags/data/models/United Kingdom.8/TS_model.pkl for tasks to queue
[2024-08-17T09:29:29.405+0000] {logging_mixin.py:188} INFO - [2024-08-17T09:29:29.405+0000] {dagbag.py:545} INFO - Filling up the DagBag from /opt/airflow/dags/data/models/United Kingdom.8/TS_model.pkl
[2024-08-17T09:29:29.416+0000] {processor.py:842} WARNING - No viable dags retrieved from /opt/airflow/dags/data/models/United Kingdom.8/TS_model.pkl
[2024-08-17T09:29:29.425+0000] {processor.py:183} INFO - Processing /opt/airflow/dags/data/models/United Kingdom.8/TS_model.pkl took 0.025 seconds
[2024-08-17T09:30:00.083+0000] {processor.py:161} INFO - Started process (PID=6330) to work on /opt/airflow/dags/data/models/United Kingdom.8/TS_model.pkl
[2024-08-17T09:30:00.083+0000] {processor.py:830} INFO - Processing file /opt/airflow/dags/data/models/United Kingdom.8/TS_model.pkl for tasks to queue
[2024-08-17T09:30:00.084+0000] {logging_mixin.py:188} INFO - [2024-08-17T09:30:00.084+0000] {dagbag.py:545} INFO - Filling up the DagBag from /opt/airflow/dags/data/models/United Kingdom.8/TS_model.pkl
[2024-08-17T09:30:00.091+0000] {processor.py:842} WARNING - No viable dags retrieved from /opt/airflow/dags/data/models/United Kingdom.8/TS_model.pkl
[2024-08-17T09:30:00.100+0000] {processor.py:183} INFO - Processing /opt/airflow/dags/data/models/United Kingdom.8/TS_model.pkl took 0.021 seconds
