[2024-08-17T03:03:56.353+0000] {processor.py:161} INFO - Started process (PID=92238) to work on /opt/airflow/dags/data/models/Singapore/TS_model.pkl
[2024-08-17T03:03:56.354+0000] {processor.py:830} INFO - Processing file /opt/airflow/dags/data/models/Singapore/TS_model.pkl for tasks to queue
[2024-08-17T03:03:56.354+0000] {logging_mixin.py:188} INFO - [2024-08-17T03:03:56.354+0000] {dagbag.py:545} INFO - Filling up the DagBag from /opt/airflow/dags/data/models/Singapore/TS_model.pkl
[2024-08-17T03:03:56.372+0000] {processor.py:842} WARNING - No viable dags retrieved from /opt/airflow/dags/data/models/Singapore/TS_model.pkl
[2024-08-17T03:03:56.387+0000] {processor.py:183} INFO - Processing /opt/airflow/dags/data/models/Singapore/TS_model.pkl took 0.038 seconds
[2024-08-17T03:03:58.172+0000] {processor.py:161} INFO - Started process (PID=92272) to work on /opt/airflow/dags/data/models/Singapore/TS_model.pkl
[2024-08-17T03:03:58.173+0000] {processor.py:830} INFO - Processing file /opt/airflow/dags/data/models/Singapore/TS_model.pkl for tasks to queue
[2024-08-17T03:03:58.173+0000] {logging_mixin.py:188} INFO - [2024-08-17T03:03:58.173+0000] {dagbag.py:545} INFO - Filling up the DagBag from /opt/airflow/dags/data/models/Singapore/TS_model.pkl
[2024-08-17T03:03:58.182+0000] {processor.py:842} WARNING - No viable dags retrieved from /opt/airflow/dags/data/models/Singapore/TS_model.pkl
[2024-08-17T03:03:58.192+0000] {processor.py:183} INFO - Processing /opt/airflow/dags/data/models/Singapore/TS_model.pkl took 0.024 seconds
[2024-08-17T03:04:29.663+0000] {processor.py:161} INFO - Started process (PID=92685) to work on /opt/airflow/dags/data/models/Singapore/TS_model.pkl
[2024-08-17T03:04:29.664+0000] {processor.py:830} INFO - Processing file /opt/airflow/dags/data/models/Singapore/TS_model.pkl for tasks to queue
[2024-08-17T03:04:29.664+0000] {logging_mixin.py:188} INFO - [2024-08-17T03:04:29.664+0000] {dagbag.py:545} INFO - Filling up the DagBag from /opt/airflow/dags/data/models/Singapore/TS_model.pkl
[2024-08-17T03:04:29.673+0000] {processor.py:842} WARNING - No viable dags retrieved from /opt/airflow/dags/data/models/Singapore/TS_model.pkl
[2024-08-17T03:04:29.684+0000] {processor.py:183} INFO - Processing /opt/airflow/dags/data/models/Singapore/TS_model.pkl took 0.026 seconds
[2024-08-17T03:05:00.170+0000] {processor.py:161} INFO - Started process (PID=93063) to work on /opt/airflow/dags/data/models/Singapore/TS_model.pkl
[2024-08-17T03:05:00.171+0000] {processor.py:830} INFO - Processing file /opt/airflow/dags/data/models/Singapore/TS_model.pkl for tasks to queue
[2024-08-17T03:05:00.172+0000] {logging_mixin.py:188} INFO - [2024-08-17T03:05:00.172+0000] {dagbag.py:545} INFO - Filling up the DagBag from /opt/airflow/dags/data/models/Singapore/TS_model.pkl
[2024-08-17T03:05:00.184+0000] {processor.py:842} WARNING - No viable dags retrieved from /opt/airflow/dags/data/models/Singapore/TS_model.pkl
[2024-08-17T03:05:00.195+0000] {processor.py:183} INFO - Processing /opt/airflow/dags/data/models/Singapore/TS_model.pkl took 0.028 seconds
[2024-08-17T03:05:30.645+0000] {processor.py:161} INFO - Started process (PID=93475) to work on /opt/airflow/dags/data/models/Singapore/TS_model.pkl
[2024-08-17T03:05:30.646+0000] {processor.py:830} INFO - Processing file /opt/airflow/dags/data/models/Singapore/TS_model.pkl for tasks to queue
[2024-08-17T03:05:30.646+0000] {logging_mixin.py:188} INFO - [2024-08-17T03:05:30.646+0000] {dagbag.py:545} INFO - Filling up the DagBag from /opt/airflow/dags/data/models/Singapore/TS_model.pkl
[2024-08-17T03:05:30.654+0000] {processor.py:842} WARNING - No viable dags retrieved from /opt/airflow/dags/data/models/Singapore/TS_model.pkl
[2024-08-17T03:05:30.665+0000] {processor.py:183} INFO - Processing /opt/airflow/dags/data/models/Singapore/TS_model.pkl took 0.025 seconds
[2024-08-17T03:06:01.499+0000] {processor.py:161} INFO - Started process (PID=93871) to work on /opt/airflow/dags/data/models/Singapore/TS_model.pkl
[2024-08-17T03:06:01.500+0000] {processor.py:830} INFO - Processing file /opt/airflow/dags/data/models/Singapore/TS_model.pkl for tasks to queue
[2024-08-17T03:06:01.500+0000] {logging_mixin.py:188} INFO - [2024-08-17T03:06:01.500+0000] {dagbag.py:545} INFO - Filling up the DagBag from /opt/airflow/dags/data/models/Singapore/TS_model.pkl
[2024-08-17T03:06:01.513+0000] {processor.py:842} WARNING - No viable dags retrieved from /opt/airflow/dags/data/models/Singapore/TS_model.pkl
[2024-08-17T03:06:01.523+0000] {processor.py:183} INFO - Processing /opt/airflow/dags/data/models/Singapore/TS_model.pkl took 0.029 seconds
[2024-08-17T03:06:32.315+0000] {processor.py:161} INFO - Started process (PID=94278) to work on /opt/airflow/dags/data/models/Singapore/TS_model.pkl
[2024-08-17T03:06:32.315+0000] {processor.py:830} INFO - Processing file /opt/airflow/dags/data/models/Singapore/TS_model.pkl for tasks to queue
[2024-08-17T03:06:32.316+0000] {logging_mixin.py:188} INFO - [2024-08-17T03:06:32.316+0000] {dagbag.py:545} INFO - Filling up the DagBag from /opt/airflow/dags/data/models/Singapore/TS_model.pkl
[2024-08-17T03:06:32.325+0000] {processor.py:842} WARNING - No viable dags retrieved from /opt/airflow/dags/data/models/Singapore/TS_model.pkl
[2024-08-17T03:06:32.334+0000] {processor.py:183} INFO - Processing /opt/airflow/dags/data/models/Singapore/TS_model.pkl took 0.024 seconds
[2024-08-17T03:07:03.714+0000] {processor.py:161} INFO - Started process (PID=94666) to work on /opt/airflow/dags/data/models/Singapore/TS_model.pkl
[2024-08-17T03:07:03.715+0000] {processor.py:830} INFO - Processing file /opt/airflow/dags/data/models/Singapore/TS_model.pkl for tasks to queue
[2024-08-17T03:07:03.716+0000] {logging_mixin.py:188} INFO - [2024-08-17T03:07:03.715+0000] {dagbag.py:545} INFO - Filling up the DagBag from /opt/airflow/dags/data/models/Singapore/TS_model.pkl
[2024-08-17T03:07:03.725+0000] {processor.py:842} WARNING - No viable dags retrieved from /opt/airflow/dags/data/models/Singapore/TS_model.pkl
[2024-08-17T03:07:03.735+0000] {processor.py:183} INFO - Processing /opt/airflow/dags/data/models/Singapore/TS_model.pkl took 0.024 seconds
[2024-08-17T03:07:34.525+0000] {processor.py:161} INFO - Started process (PID=95052) to work on /opt/airflow/dags/data/models/Singapore/TS_model.pkl
[2024-08-17T03:07:34.526+0000] {processor.py:830} INFO - Processing file /opt/airflow/dags/data/models/Singapore/TS_model.pkl for tasks to queue
[2024-08-17T03:07:34.527+0000] {logging_mixin.py:188} INFO - [2024-08-17T03:07:34.526+0000] {dagbag.py:545} INFO - Filling up the DagBag from /opt/airflow/dags/data/models/Singapore/TS_model.pkl
[2024-08-17T03:07:34.540+0000] {processor.py:842} WARNING - No viable dags retrieved from /opt/airflow/dags/data/models/Singapore/TS_model.pkl
[2024-08-17T03:07:34.552+0000] {processor.py:183} INFO - Processing /opt/airflow/dags/data/models/Singapore/TS_model.pkl took 0.031 seconds
[2024-08-17T03:08:05.194+0000] {processor.py:161} INFO - Started process (PID=95466) to work on /opt/airflow/dags/data/models/Singapore/TS_model.pkl
[2024-08-17T03:08:05.194+0000] {processor.py:830} INFO - Processing file /opt/airflow/dags/data/models/Singapore/TS_model.pkl for tasks to queue
[2024-08-17T03:08:05.195+0000] {logging_mixin.py:188} INFO - [2024-08-17T03:08:05.195+0000] {dagbag.py:545} INFO - Filling up the DagBag from /opt/airflow/dags/data/models/Singapore/TS_model.pkl
[2024-08-17T03:08:05.217+0000] {processor.py:842} WARNING - No viable dags retrieved from /opt/airflow/dags/data/models/Singapore/TS_model.pkl
[2024-08-17T03:08:05.228+0000] {processor.py:183} INFO - Processing /opt/airflow/dags/data/models/Singapore/TS_model.pkl took 0.038 seconds
[2024-08-17T03:08:36.342+0000] {processor.py:161} INFO - Started process (PID=95854) to work on /opt/airflow/dags/data/models/Singapore/TS_model.pkl
[2024-08-17T03:08:36.343+0000] {processor.py:830} INFO - Processing file /opt/airflow/dags/data/models/Singapore/TS_model.pkl for tasks to queue
[2024-08-17T03:08:36.344+0000] {logging_mixin.py:188} INFO - [2024-08-17T03:08:36.343+0000] {dagbag.py:545} INFO - Filling up the DagBag from /opt/airflow/dags/data/models/Singapore/TS_model.pkl
[2024-08-17T03:08:36.353+0000] {processor.py:842} WARNING - No viable dags retrieved from /opt/airflow/dags/data/models/Singapore/TS_model.pkl
[2024-08-17T03:08:36.363+0000] {processor.py:183} INFO - Processing /opt/airflow/dags/data/models/Singapore/TS_model.pkl took 0.024 seconds
[2024-08-17T03:09:07.740+0000] {processor.py:161} INFO - Started process (PID=96298) to work on /opt/airflow/dags/data/models/Singapore/TS_model.pkl
[2024-08-17T03:09:07.741+0000] {processor.py:830} INFO - Processing file /opt/airflow/dags/data/models/Singapore/TS_model.pkl for tasks to queue
[2024-08-17T03:09:07.741+0000] {logging_mixin.py:188} INFO - [2024-08-17T03:09:07.741+0000] {dagbag.py:545} INFO - Filling up the DagBag from /opt/airflow/dags/data/models/Singapore/TS_model.pkl
[2024-08-17T03:09:07.754+0000] {processor.py:842} WARNING - No viable dags retrieved from /opt/airflow/dags/data/models/Singapore/TS_model.pkl
[2024-08-17T03:09:07.765+0000] {processor.py:183} INFO - Processing /opt/airflow/dags/data/models/Singapore/TS_model.pkl took 0.029 seconds
[2024-08-17T03:09:39.795+0000] {processor.py:161} INFO - Started process (PID=96702) to work on /opt/airflow/dags/data/models/Singapore/TS_model.pkl
[2024-08-17T03:09:39.796+0000] {processor.py:830} INFO - Processing file /opt/airflow/dags/data/models/Singapore/TS_model.pkl for tasks to queue
[2024-08-17T03:09:39.796+0000] {logging_mixin.py:188} INFO - [2024-08-17T03:09:39.796+0000] {dagbag.py:545} INFO - Filling up the DagBag from /opt/airflow/dags/data/models/Singapore/TS_model.pkl
[2024-08-17T03:09:39.808+0000] {processor.py:842} WARNING - No viable dags retrieved from /opt/airflow/dags/data/models/Singapore/TS_model.pkl
[2024-08-17T03:09:39.819+0000] {processor.py:183} INFO - Processing /opt/airflow/dags/data/models/Singapore/TS_model.pkl took 0.029 seconds
[2024-08-17T03:10:10.677+0000] {processor.py:161} INFO - Started process (PID=97117) to work on /opt/airflow/dags/data/models/Singapore/TS_model.pkl
[2024-08-17T03:10:10.677+0000] {processor.py:830} INFO - Processing file /opt/airflow/dags/data/models/Singapore/TS_model.pkl for tasks to queue
[2024-08-17T03:10:10.678+0000] {logging_mixin.py:188} INFO - [2024-08-17T03:10:10.678+0000] {dagbag.py:545} INFO - Filling up the DagBag from /opt/airflow/dags/data/models/Singapore/TS_model.pkl
[2024-08-17T03:10:10.689+0000] {processor.py:842} WARNING - No viable dags retrieved from /opt/airflow/dags/data/models/Singapore/TS_model.pkl
[2024-08-17T03:10:10.699+0000] {processor.py:183} INFO - Processing /opt/airflow/dags/data/models/Singapore/TS_model.pkl took 0.028 seconds
[2024-08-17T03:10:42.023+0000] {processor.py:161} INFO - Started process (PID=97561) to work on /opt/airflow/dags/data/models/Singapore/TS_model.pkl
[2024-08-17T03:10:42.024+0000] {processor.py:830} INFO - Processing file /opt/airflow/dags/data/models/Singapore/TS_model.pkl for tasks to queue
[2024-08-17T03:10:42.024+0000] {logging_mixin.py:188} INFO - [2024-08-17T03:10:42.024+0000] {dagbag.py:545} INFO - Filling up the DagBag from /opt/airflow/dags/data/models/Singapore/TS_model.pkl
[2024-08-17T03:10:42.031+0000] {processor.py:842} WARNING - No viable dags retrieved from /opt/airflow/dags/data/models/Singapore/TS_model.pkl
[2024-08-17T03:10:42.042+0000] {processor.py:183} INFO - Processing /opt/airflow/dags/data/models/Singapore/TS_model.pkl took 0.023 seconds
[2024-08-17T03:11:12.902+0000] {processor.py:161} INFO - Started process (PID=97965) to work on /opt/airflow/dags/data/models/Singapore/TS_model.pkl
[2024-08-17T03:11:12.903+0000] {processor.py:830} INFO - Processing file /opt/airflow/dags/data/models/Singapore/TS_model.pkl for tasks to queue
[2024-08-17T03:11:12.904+0000] {logging_mixin.py:188} INFO - [2024-08-17T03:11:12.904+0000] {dagbag.py:545} INFO - Filling up the DagBag from /opt/airflow/dags/data/models/Singapore/TS_model.pkl
[2024-08-17T03:11:12.914+0000] {processor.py:842} WARNING - No viable dags retrieved from /opt/airflow/dags/data/models/Singapore/TS_model.pkl
[2024-08-17T03:11:12.925+0000] {processor.py:183} INFO - Processing /opt/airflow/dags/data/models/Singapore/TS_model.pkl took 0.026 seconds
[2024-08-17T03:11:44.132+0000] {processor.py:161} INFO - Started process (PID=98402) to work on /opt/airflow/dags/data/models/Singapore/TS_model.pkl
[2024-08-17T03:11:44.132+0000] {processor.py:830} INFO - Processing file /opt/airflow/dags/data/models/Singapore/TS_model.pkl for tasks to queue
[2024-08-17T03:11:44.133+0000] {logging_mixin.py:188} INFO - [2024-08-17T03:11:44.133+0000] {dagbag.py:545} INFO - Filling up the DagBag from /opt/airflow/dags/data/models/Singapore/TS_model.pkl
[2024-08-17T03:11:44.141+0000] {processor.py:842} WARNING - No viable dags retrieved from /opt/airflow/dags/data/models/Singapore/TS_model.pkl
[2024-08-17T03:11:44.150+0000] {processor.py:183} INFO - Processing /opt/airflow/dags/data/models/Singapore/TS_model.pkl took 0.023 seconds
[2024-08-17T03:12:14.625+0000] {processor.py:161} INFO - Started process (PID=98846) to work on /opt/airflow/dags/data/models/Singapore/TS_model.pkl
[2024-08-17T03:12:14.625+0000] {processor.py:830} INFO - Processing file /opt/airflow/dags/data/models/Singapore/TS_model.pkl for tasks to queue
[2024-08-17T03:12:14.626+0000] {logging_mixin.py:188} INFO - [2024-08-17T03:12:14.626+0000] {dagbag.py:545} INFO - Filling up the DagBag from /opt/airflow/dags/data/models/Singapore/TS_model.pkl
[2024-08-17T03:12:14.636+0000] {processor.py:842} WARNING - No viable dags retrieved from /opt/airflow/dags/data/models/Singapore/TS_model.pkl
[2024-08-17T03:12:14.646+0000] {processor.py:183} INFO - Processing /opt/airflow/dags/data/models/Singapore/TS_model.pkl took 0.025 seconds
[2024-08-17T03:12:45.166+0000] {processor.py:161} INFO - Started process (PID=99250) to work on /opt/airflow/dags/data/models/Singapore/TS_model.pkl
[2024-08-17T03:12:45.167+0000] {processor.py:830} INFO - Processing file /opt/airflow/dags/data/models/Singapore/TS_model.pkl for tasks to queue
[2024-08-17T03:12:45.167+0000] {logging_mixin.py:188} INFO - [2024-08-17T03:12:45.167+0000] {dagbag.py:545} INFO - Filling up the DagBag from /opt/airflow/dags/data/models/Singapore/TS_model.pkl
[2024-08-17T03:12:45.176+0000] {processor.py:842} WARNING - No viable dags retrieved from /opt/airflow/dags/data/models/Singapore/TS_model.pkl
[2024-08-17T03:12:45.186+0000] {processor.py:183} INFO - Processing /opt/airflow/dags/data/models/Singapore/TS_model.pkl took 0.024 seconds
[2024-08-17T03:13:16.093+0000] {processor.py:161} INFO - Started process (PID=99673) to work on /opt/airflow/dags/data/models/Singapore/TS_model.pkl
[2024-08-17T03:13:16.093+0000] {processor.py:830} INFO - Processing file /opt/airflow/dags/data/models/Singapore/TS_model.pkl for tasks to queue
[2024-08-17T03:13:16.094+0000] {logging_mixin.py:188} INFO - [2024-08-17T03:13:16.094+0000] {dagbag.py:545} INFO - Filling up the DagBag from /opt/airflow/dags/data/models/Singapore/TS_model.pkl
[2024-08-17T03:13:16.103+0000] {processor.py:842} WARNING - No viable dags retrieved from /opt/airflow/dags/data/models/Singapore/TS_model.pkl
[2024-08-17T03:13:16.112+0000] {processor.py:183} INFO - Processing /opt/airflow/dags/data/models/Singapore/TS_model.pkl took 0.023 seconds
[2024-08-17T03:13:46.979+0000] {processor.py:161} INFO - Started process (PID=391) to work on /opt/airflow/dags/data/models/Singapore/TS_model.pkl
[2024-08-17T03:13:46.980+0000] {processor.py:830} INFO - Processing file /opt/airflow/dags/data/models/Singapore/TS_model.pkl for tasks to queue
[2024-08-17T03:13:46.980+0000] {logging_mixin.py:188} INFO - [2024-08-17T03:13:46.980+0000] {dagbag.py:545} INFO - Filling up the DagBag from /opt/airflow/dags/data/models/Singapore/TS_model.pkl
[2024-08-17T03:13:46.995+0000] {processor.py:842} WARNING - No viable dags retrieved from /opt/airflow/dags/data/models/Singapore/TS_model.pkl
[2024-08-17T03:13:47.007+0000] {processor.py:183} INFO - Processing /opt/airflow/dags/data/models/Singapore/TS_model.pkl took 0.033 seconds
[2024-08-17T03:14:17.682+0000] {processor.py:161} INFO - Started process (PID=846) to work on /opt/airflow/dags/data/models/Singapore/TS_model.pkl
[2024-08-17T03:14:17.682+0000] {processor.py:830} INFO - Processing file /opt/airflow/dags/data/models/Singapore/TS_model.pkl for tasks to queue
[2024-08-17T03:14:17.683+0000] {logging_mixin.py:188} INFO - [2024-08-17T03:14:17.683+0000] {dagbag.py:545} INFO - Filling up the DagBag from /opt/airflow/dags/data/models/Singapore/TS_model.pkl
[2024-08-17T03:14:17.692+0000] {processor.py:842} WARNING - No viable dags retrieved from /opt/airflow/dags/data/models/Singapore/TS_model.pkl
[2024-08-17T03:14:17.701+0000] {processor.py:183} INFO - Processing /opt/airflow/dags/data/models/Singapore/TS_model.pkl took 0.024 seconds
[2024-08-17T03:14:48.171+0000] {processor.py:161} INFO - Started process (PID=1274) to work on /opt/airflow/dags/data/models/Singapore/TS_model.pkl
[2024-08-17T03:14:48.172+0000] {processor.py:830} INFO - Processing file /opt/airflow/dags/data/models/Singapore/TS_model.pkl for tasks to queue
[2024-08-17T03:14:48.172+0000] {logging_mixin.py:188} INFO - [2024-08-17T03:14:48.172+0000] {dagbag.py:545} INFO - Filling up the DagBag from /opt/airflow/dags/data/models/Singapore/TS_model.pkl
[2024-08-17T03:14:48.185+0000] {processor.py:842} WARNING - No viable dags retrieved from /opt/airflow/dags/data/models/Singapore/TS_model.pkl
[2024-08-17T03:14:48.198+0000] {processor.py:183} INFO - Processing /opt/airflow/dags/data/models/Singapore/TS_model.pkl took 0.030 seconds
[2024-08-17T03:15:18.735+0000] {processor.py:161} INFO - Started process (PID=1720) to work on /opt/airflow/dags/data/models/Singapore/TS_model.pkl
[2024-08-17T03:15:18.736+0000] {processor.py:830} INFO - Processing file /opt/airflow/dags/data/models/Singapore/TS_model.pkl for tasks to queue
[2024-08-17T03:15:18.737+0000] {logging_mixin.py:188} INFO - [2024-08-17T03:15:18.736+0000] {dagbag.py:545} INFO - Filling up the DagBag from /opt/airflow/dags/data/models/Singapore/TS_model.pkl
[2024-08-17T03:15:18.745+0000] {processor.py:842} WARNING - No viable dags retrieved from /opt/airflow/dags/data/models/Singapore/TS_model.pkl
[2024-08-17T03:15:18.754+0000] {processor.py:183} INFO - Processing /opt/airflow/dags/data/models/Singapore/TS_model.pkl took 0.022 seconds
[2024-08-17T03:15:50.475+0000] {processor.py:161} INFO - Started process (PID=2174) to work on /opt/airflow/dags/data/models/Singapore/TS_model.pkl
[2024-08-17T03:15:50.476+0000] {processor.py:830} INFO - Processing file /opt/airflow/dags/data/models/Singapore/TS_model.pkl for tasks to queue
[2024-08-17T03:15:50.477+0000] {logging_mixin.py:188} INFO - [2024-08-17T03:15:50.476+0000] {dagbag.py:545} INFO - Filling up the DagBag from /opt/airflow/dags/data/models/Singapore/TS_model.pkl
[2024-08-17T03:15:50.489+0000] {processor.py:842} WARNING - No viable dags retrieved from /opt/airflow/dags/data/models/Singapore/TS_model.pkl
[2024-08-17T03:15:50.498+0000] {processor.py:183} INFO - Processing /opt/airflow/dags/data/models/Singapore/TS_model.pkl took 0.026 seconds
[2024-08-17T03:16:22.997+0000] {processor.py:161} INFO - Started process (PID=2609) to work on /opt/airflow/dags/data/models/Singapore/TS_model.pkl
[2024-08-17T03:16:22.998+0000] {processor.py:830} INFO - Processing file /opt/airflow/dags/data/models/Singapore/TS_model.pkl for tasks to queue
[2024-08-17T03:16:22.998+0000] {logging_mixin.py:188} INFO - [2024-08-17T03:16:22.998+0000] {dagbag.py:545} INFO - Filling up the DagBag from /opt/airflow/dags/data/models/Singapore/TS_model.pkl
[2024-08-17T03:16:23.008+0000] {processor.py:842} WARNING - No viable dags retrieved from /opt/airflow/dags/data/models/Singapore/TS_model.pkl
[2024-08-17T03:16:23.016+0000] {processor.py:183} INFO - Processing /opt/airflow/dags/data/models/Singapore/TS_model.pkl took 0.023 seconds
[2024-08-17T03:16:53.873+0000] {processor.py:161} INFO - Started process (PID=3035) to work on /opt/airflow/dags/data/models/Singapore/TS_model.pkl
[2024-08-17T03:16:53.874+0000] {processor.py:830} INFO - Processing file /opt/airflow/dags/data/models/Singapore/TS_model.pkl for tasks to queue
[2024-08-17T03:16:53.875+0000] {logging_mixin.py:188} INFO - [2024-08-17T03:16:53.875+0000] {dagbag.py:545} INFO - Filling up the DagBag from /opt/airflow/dags/data/models/Singapore/TS_model.pkl
[2024-08-17T03:16:53.894+0000] {processor.py:842} WARNING - No viable dags retrieved from /opt/airflow/dags/data/models/Singapore/TS_model.pkl
[2024-08-17T03:16:53.903+0000] {processor.py:183} INFO - Processing /opt/airflow/dags/data/models/Singapore/TS_model.pkl took 0.034 seconds
[2024-08-17T03:17:25.150+0000] {processor.py:161} INFO - Started process (PID=3489) to work on /opt/airflow/dags/data/models/Singapore/TS_model.pkl
[2024-08-17T03:17:25.151+0000] {processor.py:830} INFO - Processing file /opt/airflow/dags/data/models/Singapore/TS_model.pkl for tasks to queue
[2024-08-17T03:17:25.152+0000] {logging_mixin.py:188} INFO - [2024-08-17T03:17:25.151+0000] {dagbag.py:545} INFO - Filling up the DagBag from /opt/airflow/dags/data/models/Singapore/TS_model.pkl
[2024-08-17T03:17:25.162+0000] {processor.py:842} WARNING - No viable dags retrieved from /opt/airflow/dags/data/models/Singapore/TS_model.pkl
[2024-08-17T03:17:25.172+0000] {processor.py:183} INFO - Processing /opt/airflow/dags/data/models/Singapore/TS_model.pkl took 0.026 seconds
[2024-08-17T03:17:55.961+0000] {processor.py:161} INFO - Started process (PID=3917) to work on /opt/airflow/dags/data/models/Singapore/TS_model.pkl
[2024-08-17T03:17:55.962+0000] {processor.py:830} INFO - Processing file /opt/airflow/dags/data/models/Singapore/TS_model.pkl for tasks to queue
[2024-08-17T03:17:55.963+0000] {logging_mixin.py:188} INFO - [2024-08-17T03:17:55.963+0000] {dagbag.py:545} INFO - Filling up the DagBag from /opt/airflow/dags/data/models/Singapore/TS_model.pkl
[2024-08-17T03:17:55.976+0000] {processor.py:842} WARNING - No viable dags retrieved from /opt/airflow/dags/data/models/Singapore/TS_model.pkl
[2024-08-17T03:17:55.986+0000] {processor.py:183} INFO - Processing /opt/airflow/dags/data/models/Singapore/TS_model.pkl took 0.029 seconds
[2024-08-17T03:18:27.038+0000] {processor.py:161} INFO - Started process (PID=4352) to work on /opt/airflow/dags/data/models/Singapore/TS_model.pkl
[2024-08-17T03:18:27.039+0000] {processor.py:830} INFO - Processing file /opt/airflow/dags/data/models/Singapore/TS_model.pkl for tasks to queue
[2024-08-17T03:18:27.039+0000] {logging_mixin.py:188} INFO - [2024-08-17T03:18:27.039+0000] {dagbag.py:545} INFO - Filling up the DagBag from /opt/airflow/dags/data/models/Singapore/TS_model.pkl
[2024-08-17T03:18:27.047+0000] {processor.py:842} WARNING - No viable dags retrieved from /opt/airflow/dags/data/models/Singapore/TS_model.pkl
[2024-08-17T03:18:27.056+0000] {processor.py:183} INFO - Processing /opt/airflow/dags/data/models/Singapore/TS_model.pkl took 0.022 seconds
[2024-08-17T03:19:00.305+0000] {processor.py:161} INFO - Started process (PID=4803) to work on /opt/airflow/dags/data/models/Singapore/TS_model.pkl
[2024-08-17T03:19:00.307+0000] {processor.py:830} INFO - Processing file /opt/airflow/dags/data/models/Singapore/TS_model.pkl for tasks to queue
[2024-08-17T03:19:00.307+0000] {logging_mixin.py:188} INFO - [2024-08-17T03:19:00.307+0000] {dagbag.py:545} INFO - Filling up the DagBag from /opt/airflow/dags/data/models/Singapore/TS_model.pkl
[2024-08-17T03:19:00.316+0000] {processor.py:842} WARNING - No viable dags retrieved from /opt/airflow/dags/data/models/Singapore/TS_model.pkl
[2024-08-17T03:19:00.325+0000] {processor.py:183} INFO - Processing /opt/airflow/dags/data/models/Singapore/TS_model.pkl took 0.024 seconds
[2024-08-17T03:19:31.913+0000] {processor.py:161} INFO - Started process (PID=5238) to work on /opt/airflow/dags/data/models/Singapore/TS_model.pkl
[2024-08-17T03:19:31.914+0000] {processor.py:830} INFO - Processing file /opt/airflow/dags/data/models/Singapore/TS_model.pkl for tasks to queue
[2024-08-17T03:19:31.915+0000] {logging_mixin.py:188} INFO - [2024-08-17T03:19:31.914+0000] {dagbag.py:545} INFO - Filling up the DagBag from /opt/airflow/dags/data/models/Singapore/TS_model.pkl
[2024-08-17T03:19:31.924+0000] {processor.py:842} WARNING - No viable dags retrieved from /opt/airflow/dags/data/models/Singapore/TS_model.pkl
[2024-08-17T03:19:31.934+0000] {processor.py:183} INFO - Processing /opt/airflow/dags/data/models/Singapore/TS_model.pkl took 0.024 seconds
[2024-08-17T03:20:02.347+0000] {processor.py:161} INFO - Started process (PID=5664) to work on /opt/airflow/dags/data/models/Singapore/TS_model.pkl
[2024-08-17T03:20:02.348+0000] {processor.py:830} INFO - Processing file /opt/airflow/dags/data/models/Singapore/TS_model.pkl for tasks to queue
[2024-08-17T03:20:02.349+0000] {logging_mixin.py:188} INFO - [2024-08-17T03:20:02.348+0000] {dagbag.py:545} INFO - Filling up the DagBag from /opt/airflow/dags/data/models/Singapore/TS_model.pkl
[2024-08-17T03:20:02.369+0000] {processor.py:842} WARNING - No viable dags retrieved from /opt/airflow/dags/data/models/Singapore/TS_model.pkl
[2024-08-17T03:20:02.379+0000] {processor.py:183} INFO - Processing /opt/airflow/dags/data/models/Singapore/TS_model.pkl took 0.036 seconds
[2024-08-17T03:20:33.465+0000] {processor.py:161} INFO - Started process (PID=6118) to work on /opt/airflow/dags/data/models/Singapore/TS_model.pkl
[2024-08-17T03:20:33.465+0000] {processor.py:830} INFO - Processing file /opt/airflow/dags/data/models/Singapore/TS_model.pkl for tasks to queue
[2024-08-17T03:20:33.466+0000] {logging_mixin.py:188} INFO - [2024-08-17T03:20:33.466+0000] {dagbag.py:545} INFO - Filling up the DagBag from /opt/airflow/dags/data/models/Singapore/TS_model.pkl
[2024-08-17T03:20:33.475+0000] {processor.py:842} WARNING - No viable dags retrieved from /opt/airflow/dags/data/models/Singapore/TS_model.pkl
[2024-08-17T03:20:33.487+0000] {processor.py:183} INFO - Processing /opt/airflow/dags/data/models/Singapore/TS_model.pkl took 0.026 seconds
[2024-08-17T03:21:03.999+0000] {processor.py:161} INFO - Started process (PID=6540) to work on /opt/airflow/dags/data/models/Singapore/TS_model.pkl
[2024-08-17T03:21:04.000+0000] {processor.py:830} INFO - Processing file /opt/airflow/dags/data/models/Singapore/TS_model.pkl for tasks to queue
[2024-08-17T03:21:04.001+0000] {logging_mixin.py:188} INFO - [2024-08-17T03:21:04.001+0000] {dagbag.py:545} INFO - Filling up the DagBag from /opt/airflow/dags/data/models/Singapore/TS_model.pkl
[2024-08-17T03:21:04.011+0000] {processor.py:842} WARNING - No viable dags retrieved from /opt/airflow/dags/data/models/Singapore/TS_model.pkl
[2024-08-17T03:21:04.021+0000] {processor.py:183} INFO - Processing /opt/airflow/dags/data/models/Singapore/TS_model.pkl took 0.026 seconds
[2024-08-17T03:21:34.727+0000] {processor.py:161} INFO - Started process (PID=6994) to work on /opt/airflow/dags/data/models/Singapore/TS_model.pkl
[2024-08-17T03:21:34.728+0000] {processor.py:830} INFO - Processing file /opt/airflow/dags/data/models/Singapore/TS_model.pkl for tasks to queue
[2024-08-17T03:21:34.728+0000] {logging_mixin.py:188} INFO - [2024-08-17T03:21:34.728+0000] {dagbag.py:545} INFO - Filling up the DagBag from /opt/airflow/dags/data/models/Singapore/TS_model.pkl
[2024-08-17T03:21:34.737+0000] {processor.py:842} WARNING - No viable dags retrieved from /opt/airflow/dags/data/models/Singapore/TS_model.pkl
[2024-08-17T03:21:34.746+0000] {processor.py:183} INFO - Processing /opt/airflow/dags/data/models/Singapore/TS_model.pkl took 0.022 seconds
[2024-08-17T03:22:05.576+0000] {processor.py:161} INFO - Started process (PID=7428) to work on /opt/airflow/dags/data/models/Singapore/TS_model.pkl
[2024-08-17T03:22:05.578+0000] {processor.py:830} INFO - Processing file /opt/airflow/dags/data/models/Singapore/TS_model.pkl for tasks to queue
[2024-08-17T03:22:05.579+0000] {logging_mixin.py:188} INFO - [2024-08-17T03:22:05.579+0000] {dagbag.py:545} INFO - Filling up the DagBag from /opt/airflow/dags/data/models/Singapore/TS_model.pkl
[2024-08-17T03:22:05.601+0000] {processor.py:842} WARNING - No viable dags retrieved from /opt/airflow/dags/data/models/Singapore/TS_model.pkl
[2024-08-17T03:22:05.610+0000] {processor.py:183} INFO - Processing /opt/airflow/dags/data/models/Singapore/TS_model.pkl took 0.037 seconds
[2024-08-17T03:22:36.043+0000] {processor.py:161} INFO - Started process (PID=7872) to work on /opt/airflow/dags/data/models/Singapore/TS_model.pkl
[2024-08-17T03:22:36.044+0000] {processor.py:830} INFO - Processing file /opt/airflow/dags/data/models/Singapore/TS_model.pkl for tasks to queue
[2024-08-17T03:22:36.045+0000] {logging_mixin.py:188} INFO - [2024-08-17T03:22:36.044+0000] {dagbag.py:545} INFO - Filling up the DagBag from /opt/airflow/dags/data/models/Singapore/TS_model.pkl
[2024-08-17T03:22:36.052+0000] {processor.py:842} WARNING - No viable dags retrieved from /opt/airflow/dags/data/models/Singapore/TS_model.pkl
[2024-08-17T03:22:36.061+0000] {processor.py:183} INFO - Processing /opt/airflow/dags/data/models/Singapore/TS_model.pkl took 0.022 seconds
[2024-08-17T03:23:06.432+0000] {processor.py:161} INFO - Started process (PID=8318) to work on /opt/airflow/dags/data/models/Singapore/TS_model.pkl
[2024-08-17T03:23:06.433+0000] {processor.py:830} INFO - Processing file /opt/airflow/dags/data/models/Singapore/TS_model.pkl for tasks to queue
[2024-08-17T03:23:06.433+0000] {logging_mixin.py:188} INFO - [2024-08-17T03:23:06.433+0000] {dagbag.py:545} INFO - Filling up the DagBag from /opt/airflow/dags/data/models/Singapore/TS_model.pkl
[2024-08-17T03:23:06.445+0000] {processor.py:842} WARNING - No viable dags retrieved from /opt/airflow/dags/data/models/Singapore/TS_model.pkl
[2024-08-17T03:23:06.454+0000] {processor.py:183} INFO - Processing /opt/airflow/dags/data/models/Singapore/TS_model.pkl took 0.026 seconds
[2024-08-17T03:23:37.294+0000] {processor.py:161} INFO - Started process (PID=8734) to work on /opt/airflow/dags/data/models/Singapore/TS_model.pkl
[2024-08-17T03:23:37.294+0000] {processor.py:830} INFO - Processing file /opt/airflow/dags/data/models/Singapore/TS_model.pkl for tasks to queue
[2024-08-17T03:23:37.295+0000] {logging_mixin.py:188} INFO - [2024-08-17T03:23:37.295+0000] {dagbag.py:545} INFO - Filling up the DagBag from /opt/airflow/dags/data/models/Singapore/TS_model.pkl
[2024-08-17T03:23:37.304+0000] {processor.py:842} WARNING - No viable dags retrieved from /opt/airflow/dags/data/models/Singapore/TS_model.pkl
[2024-08-17T03:23:37.315+0000] {processor.py:183} INFO - Processing /opt/airflow/dags/data/models/Singapore/TS_model.pkl took 0.026 seconds
[2024-08-17T03:24:08.228+0000] {processor.py:161} INFO - Started process (PID=9168) to work on /opt/airflow/dags/data/models/Singapore/TS_model.pkl
[2024-08-17T03:24:08.228+0000] {processor.py:830} INFO - Processing file /opt/airflow/dags/data/models/Singapore/TS_model.pkl for tasks to queue
[2024-08-17T03:24:08.229+0000] {logging_mixin.py:188} INFO - [2024-08-17T03:24:08.229+0000] {dagbag.py:545} INFO - Filling up the DagBag from /opt/airflow/dags/data/models/Singapore/TS_model.pkl
[2024-08-17T03:24:08.258+0000] {processor.py:842} WARNING - No viable dags retrieved from /opt/airflow/dags/data/models/Singapore/TS_model.pkl
[2024-08-17T03:24:08.269+0000] {processor.py:183} INFO - Processing /opt/airflow/dags/data/models/Singapore/TS_model.pkl took 0.045 seconds
[2024-08-17T03:24:39.480+0000] {processor.py:161} INFO - Started process (PID=9620) to work on /opt/airflow/dags/data/models/Singapore/TS_model.pkl
[2024-08-17T03:24:39.480+0000] {processor.py:830} INFO - Processing file /opt/airflow/dags/data/models/Singapore/TS_model.pkl for tasks to queue
[2024-08-17T03:24:39.481+0000] {logging_mixin.py:188} INFO - [2024-08-17T03:24:39.481+0000] {dagbag.py:545} INFO - Filling up the DagBag from /opt/airflow/dags/data/models/Singapore/TS_model.pkl
[2024-08-17T03:24:39.491+0000] {processor.py:842} WARNING - No viable dags retrieved from /opt/airflow/dags/data/models/Singapore/TS_model.pkl
[2024-08-17T03:24:39.501+0000] {processor.py:183} INFO - Processing /opt/airflow/dags/data/models/Singapore/TS_model.pkl took 0.025 seconds
[2024-08-17T03:25:10.727+0000] {processor.py:161} INFO - Started process (PID=10048) to work on /opt/airflow/dags/data/models/Singapore/TS_model.pkl
[2024-08-17T03:25:10.727+0000] {processor.py:830} INFO - Processing file /opt/airflow/dags/data/models/Singapore/TS_model.pkl for tasks to queue
[2024-08-17T03:25:10.728+0000] {logging_mixin.py:188} INFO - [2024-08-17T03:25:10.728+0000] {dagbag.py:545} INFO - Filling up the DagBag from /opt/airflow/dags/data/models/Singapore/TS_model.pkl
[2024-08-17T03:25:10.735+0000] {processor.py:842} WARNING - No viable dags retrieved from /opt/airflow/dags/data/models/Singapore/TS_model.pkl
[2024-08-17T03:25:10.744+0000] {processor.py:183} INFO - Processing /opt/airflow/dags/data/models/Singapore/TS_model.pkl took 0.021 seconds
[2024-08-17T03:25:41.212+0000] {processor.py:161} INFO - Started process (PID=10472) to work on /opt/airflow/dags/data/models/Singapore/TS_model.pkl
[2024-08-17T03:25:41.213+0000] {processor.py:830} INFO - Processing file /opt/airflow/dags/data/models/Singapore/TS_model.pkl for tasks to queue
[2024-08-17T03:25:41.219+0000] {logging_mixin.py:188} INFO - [2024-08-17T03:25:41.218+0000] {dagbag.py:545} INFO - Filling up the DagBag from /opt/airflow/dags/data/models/Singapore/TS_model.pkl
[2024-08-17T03:25:41.235+0000] {processor.py:842} WARNING - No viable dags retrieved from /opt/airflow/dags/data/models/Singapore/TS_model.pkl
[2024-08-17T03:25:41.245+0000] {processor.py:183} INFO - Processing /opt/airflow/dags/data/models/Singapore/TS_model.pkl took 0.038 seconds
[2024-08-17T03:26:11.866+0000] {processor.py:161} INFO - Started process (PID=10899) to work on /opt/airflow/dags/data/models/Singapore/TS_model.pkl
[2024-08-17T03:26:11.866+0000] {processor.py:830} INFO - Processing file /opt/airflow/dags/data/models/Singapore/TS_model.pkl for tasks to queue
[2024-08-17T03:26:11.867+0000] {logging_mixin.py:188} INFO - [2024-08-17T03:26:11.867+0000] {dagbag.py:545} INFO - Filling up the DagBag from /opt/airflow/dags/data/models/Singapore/TS_model.pkl
[2024-08-17T03:26:11.876+0000] {processor.py:842} WARNING - No viable dags retrieved from /opt/airflow/dags/data/models/Singapore/TS_model.pkl
[2024-08-17T03:26:11.885+0000] {processor.py:183} INFO - Processing /opt/airflow/dags/data/models/Singapore/TS_model.pkl took 0.023 seconds
[2024-08-17T03:26:42.800+0000] {processor.py:161} INFO - Started process (PID=11353) to work on /opt/airflow/dags/data/models/Singapore/TS_model.pkl
[2024-08-17T03:26:42.800+0000] {processor.py:830} INFO - Processing file /opt/airflow/dags/data/models/Singapore/TS_model.pkl for tasks to queue
[2024-08-17T03:26:42.801+0000] {logging_mixin.py:188} INFO - [2024-08-17T03:26:42.801+0000] {dagbag.py:545} INFO - Filling up the DagBag from /opt/airflow/dags/data/models/Singapore/TS_model.pkl
[2024-08-17T03:26:42.810+0000] {processor.py:842} WARNING - No viable dags retrieved from /opt/airflow/dags/data/models/Singapore/TS_model.pkl
[2024-08-17T03:26:42.820+0000] {processor.py:183} INFO - Processing /opt/airflow/dags/data/models/Singapore/TS_model.pkl took 0.025 seconds
[2024-08-17T03:27:13.225+0000] {processor.py:161} INFO - Started process (PID=11779) to work on /opt/airflow/dags/data/models/Singapore/TS_model.pkl
[2024-08-17T03:27:13.226+0000] {processor.py:830} INFO - Processing file /opt/airflow/dags/data/models/Singapore/TS_model.pkl for tasks to queue
[2024-08-17T03:27:13.226+0000] {logging_mixin.py:188} INFO - [2024-08-17T03:27:13.226+0000] {dagbag.py:545} INFO - Filling up the DagBag from /opt/airflow/dags/data/models/Singapore/TS_model.pkl
[2024-08-17T03:27:13.236+0000] {processor.py:842} WARNING - No viable dags retrieved from /opt/airflow/dags/data/models/Singapore/TS_model.pkl
[2024-08-17T03:27:13.245+0000] {processor.py:183} INFO - Processing /opt/airflow/dags/data/models/Singapore/TS_model.pkl took 0.024 seconds
[2024-08-17T03:27:43.789+0000] {processor.py:161} INFO - Started process (PID=12205) to work on /opt/airflow/dags/data/models/Singapore/TS_model.pkl
[2024-08-17T03:27:43.789+0000] {processor.py:830} INFO - Processing file /opt/airflow/dags/data/models/Singapore/TS_model.pkl for tasks to queue
[2024-08-17T03:27:43.790+0000] {logging_mixin.py:188} INFO - [2024-08-17T03:27:43.790+0000] {dagbag.py:545} INFO - Filling up the DagBag from /opt/airflow/dags/data/models/Singapore/TS_model.pkl
[2024-08-17T03:27:43.801+0000] {processor.py:842} WARNING - No viable dags retrieved from /opt/airflow/dags/data/models/Singapore/TS_model.pkl
[2024-08-17T03:27:43.811+0000] {processor.py:183} INFO - Processing /opt/airflow/dags/data/models/Singapore/TS_model.pkl took 0.026 seconds
[2024-08-17T03:28:14.885+0000] {processor.py:161} INFO - Started process (PID=12659) to work on /opt/airflow/dags/data/models/Singapore/TS_model.pkl
[2024-08-17T03:28:14.886+0000] {processor.py:830} INFO - Processing file /opt/airflow/dags/data/models/Singapore/TS_model.pkl for tasks to queue
[2024-08-17T03:28:14.887+0000] {logging_mixin.py:188} INFO - [2024-08-17T03:28:14.886+0000] {dagbag.py:545} INFO - Filling up the DagBag from /opt/airflow/dags/data/models/Singapore/TS_model.pkl
[2024-08-17T03:28:14.896+0000] {processor.py:842} WARNING - No viable dags retrieved from /opt/airflow/dags/data/models/Singapore/TS_model.pkl
[2024-08-17T03:28:14.905+0000] {processor.py:183} INFO - Processing /opt/airflow/dags/data/models/Singapore/TS_model.pkl took 0.024 seconds
[2024-08-17T03:28:45.555+0000] {processor.py:161} INFO - Started process (PID=13093) to work on /opt/airflow/dags/data/models/Singapore/TS_model.pkl
[2024-08-17T03:28:45.556+0000] {processor.py:830} INFO - Processing file /opt/airflow/dags/data/models/Singapore/TS_model.pkl for tasks to queue
[2024-08-17T03:28:45.557+0000] {logging_mixin.py:188} INFO - [2024-08-17T03:28:45.557+0000] {dagbag.py:545} INFO - Filling up the DagBag from /opt/airflow/dags/data/models/Singapore/TS_model.pkl
[2024-08-17T03:28:45.567+0000] {processor.py:842} WARNING - No viable dags retrieved from /opt/airflow/dags/data/models/Singapore/TS_model.pkl
[2024-08-17T03:28:45.577+0000] {processor.py:183} INFO - Processing /opt/airflow/dags/data/models/Singapore/TS_model.pkl took 0.026 seconds
[2024-08-17T03:29:16.080+0000] {processor.py:161} INFO - Started process (PID=13536) to work on /opt/airflow/dags/data/models/Singapore/TS_model.pkl
[2024-08-17T03:29:16.080+0000] {processor.py:830} INFO - Processing file /opt/airflow/dags/data/models/Singapore/TS_model.pkl for tasks to queue
[2024-08-17T03:29:16.081+0000] {logging_mixin.py:188} INFO - [2024-08-17T03:29:16.081+0000] {dagbag.py:545} INFO - Filling up the DagBag from /opt/airflow/dags/data/models/Singapore/TS_model.pkl
[2024-08-17T03:29:16.090+0000] {processor.py:842} WARNING - No viable dags retrieved from /opt/airflow/dags/data/models/Singapore/TS_model.pkl
[2024-08-17T03:29:16.099+0000] {processor.py:183} INFO - Processing /opt/airflow/dags/data/models/Singapore/TS_model.pkl took 0.024 seconds
[2024-08-17T03:29:46.951+0000] {processor.py:161} INFO - Started process (PID=13990) to work on /opt/airflow/dags/data/models/Singapore/TS_model.pkl
[2024-08-17T03:29:46.953+0000] {processor.py:830} INFO - Processing file /opt/airflow/dags/data/models/Singapore/TS_model.pkl for tasks to queue
[2024-08-17T03:29:46.956+0000] {logging_mixin.py:188} INFO - [2024-08-17T03:29:46.956+0000] {dagbag.py:545} INFO - Filling up the DagBag from /opt/airflow/dags/data/models/Singapore/TS_model.pkl
[2024-08-17T03:29:46.971+0000] {processor.py:842} WARNING - No viable dags retrieved from /opt/airflow/dags/data/models/Singapore/TS_model.pkl
[2024-08-17T03:29:46.981+0000] {processor.py:183} INFO - Processing /opt/airflow/dags/data/models/Singapore/TS_model.pkl took 0.033 seconds
[2024-08-17T03:30:18.197+0000] {processor.py:161} INFO - Started process (PID=14419) to work on /opt/airflow/dags/data/models/Singapore/TS_model.pkl
[2024-08-17T03:30:18.201+0000] {processor.py:830} INFO - Processing file /opt/airflow/dags/data/models/Singapore/TS_model.pkl for tasks to queue
[2024-08-17T03:30:18.201+0000] {logging_mixin.py:188} INFO - [2024-08-17T03:30:18.201+0000] {dagbag.py:545} INFO - Filling up the DagBag from /opt/airflow/dags/data/models/Singapore/TS_model.pkl
[2024-08-17T03:30:18.209+0000] {processor.py:842} WARNING - No viable dags retrieved from /opt/airflow/dags/data/models/Singapore/TS_model.pkl
[2024-08-17T03:30:18.220+0000] {processor.py:183} INFO - Processing /opt/airflow/dags/data/models/Singapore/TS_model.pkl took 0.027 seconds
[2024-08-17T03:30:50.280+0000] {processor.py:161} INFO - Started process (PID=14854) to work on /opt/airflow/dags/data/models/Singapore/TS_model.pkl
[2024-08-17T03:30:50.280+0000] {processor.py:830} INFO - Processing file /opt/airflow/dags/data/models/Singapore/TS_model.pkl for tasks to queue
[2024-08-17T03:30:50.281+0000] {logging_mixin.py:188} INFO - [2024-08-17T03:30:50.281+0000] {dagbag.py:545} INFO - Filling up the DagBag from /opt/airflow/dags/data/models/Singapore/TS_model.pkl
[2024-08-17T03:30:50.290+0000] {processor.py:842} WARNING - No viable dags retrieved from /opt/airflow/dags/data/models/Singapore/TS_model.pkl
[2024-08-17T03:30:50.299+0000] {processor.py:183} INFO - Processing /opt/airflow/dags/data/models/Singapore/TS_model.pkl took 0.022 seconds
[2024-08-17T03:31:21.203+0000] {processor.py:161} INFO - Started process (PID=15307) to work on /opt/airflow/dags/data/models/Singapore/TS_model.pkl
[2024-08-17T03:31:21.204+0000] {processor.py:830} INFO - Processing file /opt/airflow/dags/data/models/Singapore/TS_model.pkl for tasks to queue
[2024-08-17T03:31:21.205+0000] {logging_mixin.py:188} INFO - [2024-08-17T03:31:21.204+0000] {dagbag.py:545} INFO - Filling up the DagBag from /opt/airflow/dags/data/models/Singapore/TS_model.pkl
[2024-08-17T03:31:21.212+0000] {processor.py:842} WARNING - No viable dags retrieved from /opt/airflow/dags/data/models/Singapore/TS_model.pkl
[2024-08-17T03:31:21.222+0000] {processor.py:183} INFO - Processing /opt/airflow/dags/data/models/Singapore/TS_model.pkl took 0.023 seconds
[2024-08-17T03:31:51.848+0000] {processor.py:161} INFO - Started process (PID=15735) to work on /opt/airflow/dags/data/models/Singapore/TS_model.pkl
[2024-08-17T03:31:51.848+0000] {processor.py:830} INFO - Processing file /opt/airflow/dags/data/models/Singapore/TS_model.pkl for tasks to queue
[2024-08-17T03:31:51.849+0000] {logging_mixin.py:188} INFO - [2024-08-17T03:31:51.849+0000] {dagbag.py:545} INFO - Filling up the DagBag from /opt/airflow/dags/data/models/Singapore/TS_model.pkl
[2024-08-17T03:31:51.857+0000] {processor.py:842} WARNING - No viable dags retrieved from /opt/airflow/dags/data/models/Singapore/TS_model.pkl
[2024-08-17T03:31:51.867+0000] {processor.py:183} INFO - Processing /opt/airflow/dags/data/models/Singapore/TS_model.pkl took 0.024 seconds
[2024-08-17T03:32:22.400+0000] {processor.py:161} INFO - Started process (PID=16167) to work on /opt/airflow/dags/data/models/Singapore/TS_model.pkl
[2024-08-17T03:32:22.401+0000] {processor.py:830} INFO - Processing file /opt/airflow/dags/data/models/Singapore/TS_model.pkl for tasks to queue
[2024-08-17T03:32:22.402+0000] {logging_mixin.py:188} INFO - [2024-08-17T03:32:22.401+0000] {dagbag.py:545} INFO - Filling up the DagBag from /opt/airflow/dags/data/models/Singapore/TS_model.pkl
[2024-08-17T03:32:22.413+0000] {processor.py:842} WARNING - No viable dags retrieved from /opt/airflow/dags/data/models/Singapore/TS_model.pkl
[2024-08-17T03:32:22.423+0000] {processor.py:183} INFO - Processing /opt/airflow/dags/data/models/Singapore/TS_model.pkl took 0.028 seconds
[2024-08-17T03:32:53.168+0000] {processor.py:161} INFO - Started process (PID=16600) to work on /opt/airflow/dags/data/models/Singapore/TS_model.pkl
[2024-08-17T03:32:53.169+0000] {processor.py:830} INFO - Processing file /opt/airflow/dags/data/models/Singapore/TS_model.pkl for tasks to queue
[2024-08-17T03:32:53.169+0000] {logging_mixin.py:188} INFO - [2024-08-17T03:32:53.169+0000] {dagbag.py:545} INFO - Filling up the DagBag from /opt/airflow/dags/data/models/Singapore/TS_model.pkl
[2024-08-17T03:32:53.178+0000] {processor.py:842} WARNING - No viable dags retrieved from /opt/airflow/dags/data/models/Singapore/TS_model.pkl
[2024-08-17T03:32:53.187+0000] {processor.py:183} INFO - Processing /opt/airflow/dags/data/models/Singapore/TS_model.pkl took 0.023 seconds
[2024-08-17T03:33:24.030+0000] {processor.py:161} INFO - Started process (PID=17047) to work on /opt/airflow/dags/data/models/Singapore/TS_model.pkl
[2024-08-17T03:33:24.031+0000] {processor.py:830} INFO - Processing file /opt/airflow/dags/data/models/Singapore/TS_model.pkl for tasks to queue
[2024-08-17T03:33:24.031+0000] {logging_mixin.py:188} INFO - [2024-08-17T03:33:24.031+0000] {dagbag.py:545} INFO - Filling up the DagBag from /opt/airflow/dags/data/models/Singapore/TS_model.pkl
[2024-08-17T03:33:24.040+0000] {processor.py:842} WARNING - No viable dags retrieved from /opt/airflow/dags/data/models/Singapore/TS_model.pkl
[2024-08-17T03:33:24.049+0000] {processor.py:183} INFO - Processing /opt/airflow/dags/data/models/Singapore/TS_model.pkl took 0.023 seconds
[2024-08-17T03:33:58.254+0000] {processor.py:161} INFO - Started process (PID=17474) to work on /opt/airflow/dags/data/models/Singapore/TS_model.pkl
[2024-08-17T03:33:58.255+0000] {processor.py:830} INFO - Processing file /opt/airflow/dags/data/models/Singapore/TS_model.pkl for tasks to queue
[2024-08-17T03:33:58.255+0000] {logging_mixin.py:188} INFO - [2024-08-17T03:33:58.255+0000] {dagbag.py:545} INFO - Filling up the DagBag from /opt/airflow/dags/data/models/Singapore/TS_model.pkl
[2024-08-17T03:33:58.274+0000] {processor.py:842} WARNING - No viable dags retrieved from /opt/airflow/dags/data/models/Singapore/TS_model.pkl
[2024-08-17T03:33:58.284+0000] {processor.py:183} INFO - Processing /opt/airflow/dags/data/models/Singapore/TS_model.pkl took 0.034 seconds
[2024-08-17T03:34:29.311+0000] {processor.py:161} INFO - Started process (PID=17928) to work on /opt/airflow/dags/data/models/Singapore/TS_model.pkl
[2024-08-17T03:34:29.311+0000] {processor.py:830} INFO - Processing file /opt/airflow/dags/data/models/Singapore/TS_model.pkl for tasks to queue
[2024-08-17T03:34:29.312+0000] {logging_mixin.py:188} INFO - [2024-08-17T03:34:29.312+0000] {dagbag.py:545} INFO - Filling up the DagBag from /opt/airflow/dags/data/models/Singapore/TS_model.pkl
[2024-08-17T03:34:29.319+0000] {processor.py:842} WARNING - No viable dags retrieved from /opt/airflow/dags/data/models/Singapore/TS_model.pkl
[2024-08-17T03:34:29.330+0000] {processor.py:183} INFO - Processing /opt/airflow/dags/data/models/Singapore/TS_model.pkl took 0.022 seconds
[2024-08-17T03:35:00.027+0000] {processor.py:161} INFO - Started process (PID=18356) to work on /opt/airflow/dags/data/models/Singapore/TS_model.pkl
[2024-08-17T03:35:00.028+0000] {processor.py:830} INFO - Processing file /opt/airflow/dags/data/models/Singapore/TS_model.pkl for tasks to queue
[2024-08-17T03:35:00.028+0000] {logging_mixin.py:188} INFO - [2024-08-17T03:35:00.028+0000] {dagbag.py:545} INFO - Filling up the DagBag from /opt/airflow/dags/data/models/Singapore/TS_model.pkl
[2024-08-17T03:35:00.038+0000] {processor.py:842} WARNING - No viable dags retrieved from /opt/airflow/dags/data/models/Singapore/TS_model.pkl
[2024-08-17T03:35:00.047+0000] {processor.py:183} INFO - Processing /opt/airflow/dags/data/models/Singapore/TS_model.pkl took 0.023 seconds
[2024-08-17T03:35:30.629+0000] {processor.py:161} INFO - Started process (PID=18810) to work on /opt/airflow/dags/data/models/Singapore/TS_model.pkl
[2024-08-17T03:35:30.630+0000] {processor.py:830} INFO - Processing file /opt/airflow/dags/data/models/Singapore/TS_model.pkl for tasks to queue
[2024-08-17T03:35:30.631+0000] {logging_mixin.py:188} INFO - [2024-08-17T03:35:30.630+0000] {dagbag.py:545} INFO - Filling up the DagBag from /opt/airflow/dags/data/models/Singapore/TS_model.pkl
[2024-08-17T03:35:30.639+0000] {processor.py:842} WARNING - No viable dags retrieved from /opt/airflow/dags/data/models/Singapore/TS_model.pkl
[2024-08-17T03:35:30.648+0000] {processor.py:183} INFO - Processing /opt/airflow/dags/data/models/Singapore/TS_model.pkl took 0.023 seconds
[2024-08-17T03:36:01.340+0000] {processor.py:161} INFO - Started process (PID=19245) to work on /opt/airflow/dags/data/models/Singapore/TS_model.pkl
[2024-08-17T03:36:01.341+0000] {processor.py:830} INFO - Processing file /opt/airflow/dags/data/models/Singapore/TS_model.pkl for tasks to queue
[2024-08-17T03:36:01.341+0000] {logging_mixin.py:188} INFO - [2024-08-17T03:36:01.341+0000] {dagbag.py:545} INFO - Filling up the DagBag from /opt/airflow/dags/data/models/Singapore/TS_model.pkl
[2024-08-17T03:36:01.350+0000] {processor.py:842} WARNING - No viable dags retrieved from /opt/airflow/dags/data/models/Singapore/TS_model.pkl
[2024-08-17T03:36:01.359+0000] {processor.py:183} INFO - Processing /opt/airflow/dags/data/models/Singapore/TS_model.pkl took 0.023 seconds
[2024-08-17T03:36:32.199+0000] {processor.py:161} INFO - Started process (PID=19692) to work on /opt/airflow/dags/data/models/Singapore/TS_model.pkl
[2024-08-17T03:36:32.200+0000] {processor.py:830} INFO - Processing file /opt/airflow/dags/data/models/Singapore/TS_model.pkl for tasks to queue
[2024-08-17T03:36:32.201+0000] {logging_mixin.py:188} INFO - [2024-08-17T03:36:32.201+0000] {dagbag.py:545} INFO - Filling up the DagBag from /opt/airflow/dags/data/models/Singapore/TS_model.pkl
[2024-08-17T03:36:32.209+0000] {processor.py:842} WARNING - No viable dags retrieved from /opt/airflow/dags/data/models/Singapore/TS_model.pkl
[2024-08-17T03:36:32.219+0000] {processor.py:183} INFO - Processing /opt/airflow/dags/data/models/Singapore/TS_model.pkl took 0.023 seconds
[2024-08-17T03:37:02.874+0000] {processor.py:161} INFO - Started process (PID=20146) to work on /opt/airflow/dags/data/models/Singapore/TS_model.pkl
[2024-08-17T03:37:02.875+0000] {processor.py:830} INFO - Processing file /opt/airflow/dags/data/models/Singapore/TS_model.pkl for tasks to queue
[2024-08-17T03:37:02.875+0000] {logging_mixin.py:188} INFO - [2024-08-17T03:37:02.875+0000] {dagbag.py:545} INFO - Filling up the DagBag from /opt/airflow/dags/data/models/Singapore/TS_model.pkl
[2024-08-17T03:37:02.884+0000] {processor.py:842} WARNING - No viable dags retrieved from /opt/airflow/dags/data/models/Singapore/TS_model.pkl
[2024-08-17T03:37:02.894+0000] {processor.py:183} INFO - Processing /opt/airflow/dags/data/models/Singapore/TS_model.pkl took 0.024 seconds
[2024-08-17T03:37:33.600+0000] {processor.py:161} INFO - Started process (PID=20574) to work on /opt/airflow/dags/data/models/Singapore/TS_model.pkl
[2024-08-17T03:37:33.601+0000] {processor.py:830} INFO - Processing file /opt/airflow/dags/data/models/Singapore/TS_model.pkl for tasks to queue
[2024-08-17T03:37:33.601+0000] {logging_mixin.py:188} INFO - [2024-08-17T03:37:33.601+0000] {dagbag.py:545} INFO - Filling up the DagBag from /opt/airflow/dags/data/models/Singapore/TS_model.pkl
[2024-08-17T03:37:33.609+0000] {processor.py:842} WARNING - No viable dags retrieved from /opt/airflow/dags/data/models/Singapore/TS_model.pkl
[2024-08-17T03:37:33.617+0000] {processor.py:183} INFO - Processing /opt/airflow/dags/data/models/Singapore/TS_model.pkl took 0.021 seconds
[2024-08-17T09:22:48.232+0000] {processor.py:161} INFO - Started process (PID=181) to work on /opt/airflow/dags/data/models/Singapore/TS_model.pkl
[2024-08-17T09:22:48.233+0000] {processor.py:830} INFO - Processing file /opt/airflow/dags/data/models/Singapore/TS_model.pkl for tasks to queue
[2024-08-17T09:22:48.234+0000] {logging_mixin.py:188} INFO - [2024-08-17T09:22:48.234+0000] {dagbag.py:545} INFO - Filling up the DagBag from /opt/airflow/dags/data/models/Singapore/TS_model.pkl
[2024-08-17T09:22:48.247+0000] {processor.py:842} WARNING - No viable dags retrieved from /opt/airflow/dags/data/models/Singapore/TS_model.pkl
[2024-08-17T09:22:48.256+0000] {processor.py:183} INFO - Processing /opt/airflow/dags/data/models/Singapore/TS_model.pkl took 0.028 seconds
[2024-08-17T09:23:20.774+0000] {processor.py:161} INFO - Started process (PID=637) to work on /opt/airflow/dags/data/models/Singapore/TS_model.pkl
[2024-08-17T09:23:20.774+0000] {processor.py:830} INFO - Processing file /opt/airflow/dags/data/models/Singapore/TS_model.pkl for tasks to queue
[2024-08-17T09:23:20.776+0000] {logging_mixin.py:188} INFO - [2024-08-17T09:23:20.775+0000] {dagbag.py:545} INFO - Filling up the DagBag from /opt/airflow/dags/data/models/Singapore/TS_model.pkl
[2024-08-17T09:23:20.784+0000] {processor.py:842} WARNING - No viable dags retrieved from /opt/airflow/dags/data/models/Singapore/TS_model.pkl
[2024-08-17T09:23:20.792+0000] {processor.py:183} INFO - Processing /opt/airflow/dags/data/models/Singapore/TS_model.pkl took 0.022 seconds
[2024-08-17T09:23:52.164+0000] {processor.py:161} INFO - Started process (PID=1091) to work on /opt/airflow/dags/data/models/Singapore/TS_model.pkl
[2024-08-17T09:23:52.165+0000] {processor.py:830} INFO - Processing file /opt/airflow/dags/data/models/Singapore/TS_model.pkl for tasks to queue
[2024-08-17T09:23:52.166+0000] {logging_mixin.py:188} INFO - [2024-08-17T09:23:52.166+0000] {dagbag.py:545} INFO - Filling up the DagBag from /opt/airflow/dags/data/models/Singapore/TS_model.pkl
[2024-08-17T09:23:52.175+0000] {processor.py:842} WARNING - No viable dags retrieved from /opt/airflow/dags/data/models/Singapore/TS_model.pkl
[2024-08-17T09:23:52.184+0000] {processor.py:183} INFO - Processing /opt/airflow/dags/data/models/Singapore/TS_model.pkl took 0.024 seconds
[2024-08-17T09:24:24.982+0000] {processor.py:161} INFO - Started process (PID=1545) to work on /opt/airflow/dags/data/models/Singapore/TS_model.pkl
[2024-08-17T09:24:24.983+0000] {processor.py:830} INFO - Processing file /opt/airflow/dags/data/models/Singapore/TS_model.pkl for tasks to queue
[2024-08-17T09:24:24.984+0000] {logging_mixin.py:188} INFO - [2024-08-17T09:24:24.984+0000] {dagbag.py:545} INFO - Filling up the DagBag from /opt/airflow/dags/data/models/Singapore/TS_model.pkl
[2024-08-17T09:24:24.991+0000] {processor.py:842} WARNING - No viable dags retrieved from /opt/airflow/dags/data/models/Singapore/TS_model.pkl
[2024-08-17T09:24:25.000+0000] {processor.py:183} INFO - Processing /opt/airflow/dags/data/models/Singapore/TS_model.pkl took 0.021 seconds
[2024-08-17T09:24:55.798+0000] {processor.py:161} INFO - Started process (PID=1973) to work on /opt/airflow/dags/data/models/Singapore/TS_model.pkl
[2024-08-17T09:24:55.799+0000] {processor.py:830} INFO - Processing file /opt/airflow/dags/data/models/Singapore/TS_model.pkl for tasks to queue
[2024-08-17T09:24:55.800+0000] {logging_mixin.py:188} INFO - [2024-08-17T09:24:55.800+0000] {dagbag.py:545} INFO - Filling up the DagBag from /opt/airflow/dags/data/models/Singapore/TS_model.pkl
[2024-08-17T09:24:55.817+0000] {processor.py:842} WARNING - No viable dags retrieved from /opt/airflow/dags/data/models/Singapore/TS_model.pkl
[2024-08-17T09:24:55.826+0000] {processor.py:183} INFO - Processing /opt/airflow/dags/data/models/Singapore/TS_model.pkl took 0.032 seconds
[2024-08-17T09:25:26.613+0000] {processor.py:161} INFO - Started process (PID=2427) to work on /opt/airflow/dags/data/models/Singapore/TS_model.pkl
[2024-08-17T09:25:26.614+0000] {processor.py:830} INFO - Processing file /opt/airflow/dags/data/models/Singapore/TS_model.pkl for tasks to queue
[2024-08-17T09:25:26.616+0000] {logging_mixin.py:188} INFO - [2024-08-17T09:25:26.615+0000] {dagbag.py:545} INFO - Filling up the DagBag from /opt/airflow/dags/data/models/Singapore/TS_model.pkl
[2024-08-17T09:25:26.624+0000] {processor.py:842} WARNING - No viable dags retrieved from /opt/airflow/dags/data/models/Singapore/TS_model.pkl
[2024-08-17T09:25:26.634+0000] {processor.py:183} INFO - Processing /opt/airflow/dags/data/models/Singapore/TS_model.pkl took 0.024 seconds
[2024-08-17T09:25:57.288+0000] {processor.py:161} INFO - Started process (PID=2862) to work on /opt/airflow/dags/data/models/Singapore/TS_model.pkl
[2024-08-17T09:25:57.288+0000] {processor.py:830} INFO - Processing file /opt/airflow/dags/data/models/Singapore/TS_model.pkl for tasks to queue
[2024-08-17T09:25:57.289+0000] {logging_mixin.py:188} INFO - [2024-08-17T09:25:57.289+0000] {dagbag.py:545} INFO - Filling up the DagBag from /opt/airflow/dags/data/models/Singapore/TS_model.pkl
[2024-08-17T09:25:57.300+0000] {processor.py:842} WARNING - No viable dags retrieved from /opt/airflow/dags/data/models/Singapore/TS_model.pkl
[2024-08-17T09:25:57.310+0000] {processor.py:183} INFO - Processing /opt/airflow/dags/data/models/Singapore/TS_model.pkl took 0.026 seconds
[2024-08-17T09:26:28.048+0000] {processor.py:161} INFO - Started process (PID=3309) to work on /opt/airflow/dags/data/models/Singapore/TS_model.pkl
[2024-08-17T09:26:28.052+0000] {processor.py:830} INFO - Processing file /opt/airflow/dags/data/models/Singapore/TS_model.pkl for tasks to queue
[2024-08-17T09:26:28.053+0000] {logging_mixin.py:188} INFO - [2024-08-17T09:26:28.053+0000] {dagbag.py:545} INFO - Filling up the DagBag from /opt/airflow/dags/data/models/Singapore/TS_model.pkl
[2024-08-17T09:26:28.096+0000] {processor.py:842} WARNING - No viable dags retrieved from /opt/airflow/dags/data/models/Singapore/TS_model.pkl
[2024-08-17T09:26:28.105+0000] {processor.py:183} INFO - Processing /opt/airflow/dags/data/models/Singapore/TS_model.pkl took 0.061 seconds
[2024-08-17T09:26:58.935+0000] {processor.py:161} INFO - Started process (PID=3763) to work on /opt/airflow/dags/data/models/Singapore/TS_model.pkl
[2024-08-17T09:26:58.936+0000] {processor.py:830} INFO - Processing file /opt/airflow/dags/data/models/Singapore/TS_model.pkl for tasks to queue
[2024-08-17T09:26:58.937+0000] {logging_mixin.py:188} INFO - [2024-08-17T09:26:58.936+0000] {dagbag.py:545} INFO - Filling up the DagBag from /opt/airflow/dags/data/models/Singapore/TS_model.pkl
[2024-08-17T09:26:58.947+0000] {processor.py:842} WARNING - No viable dags retrieved from /opt/airflow/dags/data/models/Singapore/TS_model.pkl
[2024-08-17T09:26:58.956+0000] {processor.py:183} INFO - Processing /opt/airflow/dags/data/models/Singapore/TS_model.pkl took 0.024 seconds
[2024-08-17T09:27:29.768+0000] {processor.py:161} INFO - Started process (PID=4191) to work on /opt/airflow/dags/data/models/Singapore/TS_model.pkl
[2024-08-17T09:27:29.768+0000] {processor.py:830} INFO - Processing file /opt/airflow/dags/data/models/Singapore/TS_model.pkl for tasks to queue
[2024-08-17T09:27:29.770+0000] {logging_mixin.py:188} INFO - [2024-08-17T09:27:29.770+0000] {dagbag.py:545} INFO - Filling up the DagBag from /opt/airflow/dags/data/models/Singapore/TS_model.pkl
[2024-08-17T09:27:29.780+0000] {processor.py:842} WARNING - No viable dags retrieved from /opt/airflow/dags/data/models/Singapore/TS_model.pkl
[2024-08-17T09:27:29.790+0000] {processor.py:183} INFO - Processing /opt/airflow/dags/data/models/Singapore/TS_model.pkl took 0.026 seconds
[2024-08-17T09:28:00.595+0000] {processor.py:161} INFO - Started process (PID=4646) to work on /opt/airflow/dags/data/models/Singapore/TS_model.pkl
[2024-08-17T09:28:00.595+0000] {processor.py:830} INFO - Processing file /opt/airflow/dags/data/models/Singapore/TS_model.pkl for tasks to queue
[2024-08-17T09:28:00.596+0000] {logging_mixin.py:188} INFO - [2024-08-17T09:28:00.596+0000] {dagbag.py:545} INFO - Filling up the DagBag from /opt/airflow/dags/data/models/Singapore/TS_model.pkl
[2024-08-17T09:28:00.603+0000] {processor.py:842} WARNING - No viable dags retrieved from /opt/airflow/dags/data/models/Singapore/TS_model.pkl
[2024-08-17T09:28:00.612+0000] {processor.py:183} INFO - Processing /opt/airflow/dags/data/models/Singapore/TS_model.pkl took 0.021 seconds
[2024-08-17T09:28:31.651+0000] {processor.py:161} INFO - Started process (PID=5100) to work on /opt/airflow/dags/data/models/Singapore/TS_model.pkl
[2024-08-17T09:28:31.652+0000] {processor.py:830} INFO - Processing file /opt/airflow/dags/data/models/Singapore/TS_model.pkl for tasks to queue
[2024-08-17T09:28:31.653+0000] {logging_mixin.py:188} INFO - [2024-08-17T09:28:31.653+0000] {dagbag.py:545} INFO - Filling up the DagBag from /opt/airflow/dags/data/models/Singapore/TS_model.pkl
[2024-08-17T09:28:31.661+0000] {processor.py:842} WARNING - No viable dags retrieved from /opt/airflow/dags/data/models/Singapore/TS_model.pkl
[2024-08-17T09:28:31.670+0000] {processor.py:183} INFO - Processing /opt/airflow/dags/data/models/Singapore/TS_model.pkl took 0.023 seconds
[2024-08-17T09:29:03.949+0000] {processor.py:161} INFO - Started process (PID=5509) to work on /opt/airflow/dags/data/models/Singapore/TS_model.pkl
[2024-08-17T09:29:03.950+0000] {processor.py:830} INFO - Processing file /opt/airflow/dags/data/models/Singapore/TS_model.pkl for tasks to queue
[2024-08-17T09:29:03.951+0000] {logging_mixin.py:188} INFO - [2024-08-17T09:29:03.951+0000] {dagbag.py:545} INFO - Filling up the DagBag from /opt/airflow/dags/data/models/Singapore/TS_model.pkl
[2024-08-17T09:29:03.959+0000] {processor.py:842} WARNING - No viable dags retrieved from /opt/airflow/dags/data/models/Singapore/TS_model.pkl
[2024-08-17T09:29:03.968+0000] {processor.py:183} INFO - Processing /opt/airflow/dags/data/models/Singapore/TS_model.pkl took 0.022 seconds
[2024-08-17T09:29:34.957+0000] {processor.py:161} INFO - Started process (PID=5961) to work on /opt/airflow/dags/data/models/Singapore/TS_model.pkl
[2024-08-17T09:29:34.957+0000] {processor.py:830} INFO - Processing file /opt/airflow/dags/data/models/Singapore/TS_model.pkl for tasks to queue
[2024-08-17T09:29:34.963+0000] {logging_mixin.py:188} INFO - [2024-08-17T09:29:34.963+0000] {dagbag.py:545} INFO - Filling up the DagBag from /opt/airflow/dags/data/models/Singapore/TS_model.pkl
[2024-08-17T09:29:34.971+0000] {processor.py:842} WARNING - No viable dags retrieved from /opt/airflow/dags/data/models/Singapore/TS_model.pkl
[2024-08-17T09:29:34.980+0000] {processor.py:183} INFO - Processing /opt/airflow/dags/data/models/Singapore/TS_model.pkl took 0.026 seconds
[2024-08-17T09:30:05.927+0000] {processor.py:161} INFO - Started process (PID=6415) to work on /opt/airflow/dags/data/models/Singapore/TS_model.pkl
[2024-08-17T09:30:05.928+0000] {processor.py:830} INFO - Processing file /opt/airflow/dags/data/models/Singapore/TS_model.pkl for tasks to queue
[2024-08-17T09:30:05.929+0000] {logging_mixin.py:188} INFO - [2024-08-17T09:30:05.929+0000] {dagbag.py:545} INFO - Filling up the DagBag from /opt/airflow/dags/data/models/Singapore/TS_model.pkl
[2024-08-17T09:30:05.948+0000] {processor.py:842} WARNING - No viable dags retrieved from /opt/airflow/dags/data/models/Singapore/TS_model.pkl
[2024-08-17T09:30:05.957+0000] {processor.py:183} INFO - Processing /opt/airflow/dags/data/models/Singapore/TS_model.pkl took 0.033 seconds
