[2024-08-17T10:02:50.684+0000] {processor.py:161} INFO - Started process (PID=25837) to work on /opt/airflow/dags/data/models/Mozambique/cases_TS_model.pkl
[2024-08-17T10:02:50.684+0000] {processor.py:830} INFO - Processing file /opt/airflow/dags/data/models/Mozambique/cases_TS_model.pkl for tasks to queue
[2024-08-17T10:02:50.685+0000] {logging_mixin.py:188} INFO - [2024-08-17T10:02:50.685+0000] {dagbag.py:545} INFO - Filling up the DagBag from /opt/airflow/dags/data/models/Mozambique/cases_TS_model.pkl
[2024-08-17T10:02:50.692+0000] {processor.py:842} WARNING - No viable dags retrieved from /opt/airflow/dags/data/models/Mozambique/cases_TS_model.pkl
[2024-08-17T10:02:50.703+0000] {processor.py:183} INFO - Processing /opt/airflow/dags/data/models/Mozambique/cases_TS_model.pkl took 0.023 seconds
[2024-08-17T10:03:21.497+0000] {processor.py:161} INFO - Started process (PID=26364) to work on /opt/airflow/dags/data/models/Mozambique/cases_TS_model.pkl
[2024-08-17T10:03:21.498+0000] {processor.py:830} INFO - Processing file /opt/airflow/dags/data/models/Mozambique/cases_TS_model.pkl for tasks to queue
[2024-08-17T10:03:21.499+0000] {logging_mixin.py:188} INFO - [2024-08-17T10:03:21.499+0000] {dagbag.py:545} INFO - Filling up the DagBag from /opt/airflow/dags/data/models/Mozambique/cases_TS_model.pkl
[2024-08-17T10:03:21.537+0000] {processor.py:842} WARNING - No viable dags retrieved from /opt/airflow/dags/data/models/Mozambique/cases_TS_model.pkl
[2024-08-17T10:03:21.547+0000] {processor.py:183} INFO - Processing /opt/airflow/dags/data/models/Mozambique/cases_TS_model.pkl took 0.054 seconds
[2024-08-17T10:03:53.005+0000] {processor.py:161} INFO - Started process (PID=26927) to work on /opt/airflow/dags/data/models/Mozambique/cases_TS_model.pkl
[2024-08-17T10:03:53.007+0000] {processor.py:830} INFO - Processing file /opt/airflow/dags/data/models/Mozambique/cases_TS_model.pkl for tasks to queue
[2024-08-17T10:03:53.008+0000] {logging_mixin.py:188} INFO - [2024-08-17T10:03:53.008+0000] {dagbag.py:545} INFO - Filling up the DagBag from /opt/airflow/dags/data/models/Mozambique/cases_TS_model.pkl
[2024-08-17T10:03:53.020+0000] {processor.py:842} WARNING - No viable dags retrieved from /opt/airflow/dags/data/models/Mozambique/cases_TS_model.pkl
[2024-08-17T10:03:53.032+0000] {processor.py:183} INFO - Processing /opt/airflow/dags/data/models/Mozambique/cases_TS_model.pkl took 0.030 seconds
[2024-08-17T10:04:24.153+0000] {processor.py:161} INFO - Started process (PID=27464) to work on /opt/airflow/dags/data/models/Mozambique/cases_TS_model.pkl
[2024-08-17T10:04:24.154+0000] {processor.py:830} INFO - Processing file /opt/airflow/dags/data/models/Mozambique/cases_TS_model.pkl for tasks to queue
[2024-08-17T10:04:24.154+0000] {logging_mixin.py:188} INFO - [2024-08-17T10:04:24.154+0000] {dagbag.py:545} INFO - Filling up the DagBag from /opt/airflow/dags/data/models/Mozambique/cases_TS_model.pkl
[2024-08-17T10:04:24.163+0000] {processor.py:842} WARNING - No viable dags retrieved from /opt/airflow/dags/data/models/Mozambique/cases_TS_model.pkl
[2024-08-17T10:04:24.174+0000] {processor.py:183} INFO - Processing /opt/airflow/dags/data/models/Mozambique/cases_TS_model.pkl took 0.025 seconds
[2024-08-17T10:04:54.896+0000] {processor.py:161} INFO - Started process (PID=28027) to work on /opt/airflow/dags/data/models/Mozambique/cases_TS_model.pkl
[2024-08-17T10:04:54.896+0000] {processor.py:830} INFO - Processing file /opt/airflow/dags/data/models/Mozambique/cases_TS_model.pkl for tasks to queue
[2024-08-17T10:04:54.897+0000] {logging_mixin.py:188} INFO - [2024-08-17T10:04:54.897+0000] {dagbag.py:545} INFO - Filling up the DagBag from /opt/airflow/dags/data/models/Mozambique/cases_TS_model.pkl
[2024-08-17T10:04:54.910+0000] {processor.py:842} WARNING - No viable dags retrieved from /opt/airflow/dags/data/models/Mozambique/cases_TS_model.pkl
[2024-08-17T10:04:54.919+0000] {processor.py:183} INFO - Processing /opt/airflow/dags/data/models/Mozambique/cases_TS_model.pkl took 0.027 seconds
[2024-08-17T10:05:26.082+0000] {processor.py:161} INFO - Started process (PID=28589) to work on /opt/airflow/dags/data/models/Mozambique/cases_TS_model.pkl
[2024-08-17T10:05:26.083+0000] {processor.py:830} INFO - Processing file /opt/airflow/dags/data/models/Mozambique/cases_TS_model.pkl for tasks to queue
[2024-08-17T10:05:26.084+0000] {logging_mixin.py:188} INFO - [2024-08-17T10:05:26.083+0000] {dagbag.py:545} INFO - Filling up the DagBag from /opt/airflow/dags/data/models/Mozambique/cases_TS_model.pkl
[2024-08-17T10:05:26.095+0000] {processor.py:842} WARNING - No viable dags retrieved from /opt/airflow/dags/data/models/Mozambique/cases_TS_model.pkl
[2024-08-17T10:05:26.104+0000] {processor.py:183} INFO - Processing /opt/airflow/dags/data/models/Mozambique/cases_TS_model.pkl took 0.025 seconds
[2024-08-17T10:05:57.156+0000] {processor.py:161} INFO - Started process (PID=29105) to work on /opt/airflow/dags/data/models/Mozambique/cases_TS_model.pkl
[2024-08-17T10:05:57.157+0000] {processor.py:830} INFO - Processing file /opt/airflow/dags/data/models/Mozambique/cases_TS_model.pkl for tasks to queue
[2024-08-17T10:05:57.158+0000] {logging_mixin.py:188} INFO - [2024-08-17T10:05:57.158+0000] {dagbag.py:545} INFO - Filling up the DagBag from /opt/airflow/dags/data/models/Mozambique/cases_TS_model.pkl
[2024-08-17T10:05:57.167+0000] {processor.py:842} WARNING - No viable dags retrieved from /opt/airflow/dags/data/models/Mozambique/cases_TS_model.pkl
[2024-08-17T10:05:57.176+0000] {processor.py:183} INFO - Processing /opt/airflow/dags/data/models/Mozambique/cases_TS_model.pkl took 0.024 seconds
[2024-08-17T10:06:27.978+0000] {processor.py:161} INFO - Started process (PID=29647) to work on /opt/airflow/dags/data/models/Mozambique/cases_TS_model.pkl
[2024-08-17T10:06:27.979+0000] {processor.py:830} INFO - Processing file /opt/airflow/dags/data/models/Mozambique/cases_TS_model.pkl for tasks to queue
[2024-08-17T10:06:27.979+0000] {logging_mixin.py:188} INFO - [2024-08-17T10:06:27.979+0000] {dagbag.py:545} INFO - Filling up the DagBag from /opt/airflow/dags/data/models/Mozambique/cases_TS_model.pkl
[2024-08-17T10:06:27.989+0000] {processor.py:842} WARNING - No viable dags retrieved from /opt/airflow/dags/data/models/Mozambique/cases_TS_model.pkl
[2024-08-17T10:06:27.999+0000] {processor.py:183} INFO - Processing /opt/airflow/dags/data/models/Mozambique/cases_TS_model.pkl took 0.025 seconds
[2024-08-17T10:06:59.057+0000] {processor.py:161} INFO - Started process (PID=30184) to work on /opt/airflow/dags/data/models/Mozambique/cases_TS_model.pkl
[2024-08-17T10:06:59.058+0000] {processor.py:830} INFO - Processing file /opt/airflow/dags/data/models/Mozambique/cases_TS_model.pkl for tasks to queue
[2024-08-17T10:06:59.058+0000] {logging_mixin.py:188} INFO - [2024-08-17T10:06:59.058+0000] {dagbag.py:545} INFO - Filling up the DagBag from /opt/airflow/dags/data/models/Mozambique/cases_TS_model.pkl
[2024-08-17T10:06:59.066+0000] {processor.py:842} WARNING - No viable dags retrieved from /opt/airflow/dags/data/models/Mozambique/cases_TS_model.pkl
[2024-08-17T10:06:59.075+0000] {processor.py:183} INFO - Processing /opt/airflow/dags/data/models/Mozambique/cases_TS_model.pkl took 0.022 seconds
[2024-08-17T10:07:30.295+0000] {processor.py:161} INFO - Started process (PID=30747) to work on /opt/airflow/dags/data/models/Mozambique/cases_TS_model.pkl
[2024-08-17T10:07:30.296+0000] {processor.py:830} INFO - Processing file /opt/airflow/dags/data/models/Mozambique/cases_TS_model.pkl for tasks to queue
[2024-08-17T10:07:30.296+0000] {logging_mixin.py:188} INFO - [2024-08-17T10:07:30.296+0000] {dagbag.py:545} INFO - Filling up the DagBag from /opt/airflow/dags/data/models/Mozambique/cases_TS_model.pkl
[2024-08-17T10:07:30.305+0000] {processor.py:842} WARNING - No viable dags retrieved from /opt/airflow/dags/data/models/Mozambique/cases_TS_model.pkl
[2024-08-17T10:07:30.314+0000] {processor.py:183} INFO - Processing /opt/airflow/dags/data/models/Mozambique/cases_TS_model.pkl took 0.023 seconds
[2024-08-17T10:08:05.559+0000] {processor.py:161} INFO - Started process (PID=31331) to work on /opt/airflow/dags/data/models/Mozambique/cases_TS_model.pkl
[2024-08-17T10:08:05.559+0000] {processor.py:830} INFO - Processing file /opt/airflow/dags/data/models/Mozambique/cases_TS_model.pkl for tasks to queue
[2024-08-17T10:08:05.560+0000] {logging_mixin.py:188} INFO - [2024-08-17T10:08:05.560+0000] {dagbag.py:545} INFO - Filling up the DagBag from /opt/airflow/dags/data/models/Mozambique/cases_TS_model.pkl
[2024-08-17T10:08:05.571+0000] {processor.py:842} WARNING - No viable dags retrieved from /opt/airflow/dags/data/models/Mozambique/cases_TS_model.pkl
[2024-08-17T10:08:05.580+0000] {processor.py:183} INFO - Processing /opt/airflow/dags/data/models/Mozambique/cases_TS_model.pkl took 0.025 seconds
[2024-08-17T10:08:40.157+0000] {processor.py:161} INFO - Started process (PID=31938) to work on /opt/airflow/dags/data/models/Mozambique/cases_TS_model.pkl
[2024-08-17T10:08:40.157+0000] {processor.py:830} INFO - Processing file /opt/airflow/dags/data/models/Mozambique/cases_TS_model.pkl for tasks to queue
[2024-08-17T10:08:40.158+0000] {logging_mixin.py:188} INFO - [2024-08-17T10:08:40.158+0000] {dagbag.py:545} INFO - Filling up the DagBag from /opt/airflow/dags/data/models/Mozambique/cases_TS_model.pkl
[2024-08-17T10:08:40.167+0000] {processor.py:842} WARNING - No viable dags retrieved from /opt/airflow/dags/data/models/Mozambique/cases_TS_model.pkl
[2024-08-17T10:08:40.176+0000] {processor.py:183} INFO - Processing /opt/airflow/dags/data/models/Mozambique/cases_TS_model.pkl took 0.023 seconds
[2024-08-17T10:09:11.293+0000] {processor.py:161} INFO - Started process (PID=32510) to work on /opt/airflow/dags/data/models/Mozambique/cases_TS_model.pkl
[2024-08-17T10:09:11.294+0000] {processor.py:830} INFO - Processing file /opt/airflow/dags/data/models/Mozambique/cases_TS_model.pkl for tasks to queue
[2024-08-17T10:09:11.295+0000] {logging_mixin.py:188} INFO - [2024-08-17T10:09:11.295+0000] {dagbag.py:545} INFO - Filling up the DagBag from /opt/airflow/dags/data/models/Mozambique/cases_TS_model.pkl
[2024-08-17T10:09:11.317+0000] {processor.py:842} WARNING - No viable dags retrieved from /opt/airflow/dags/data/models/Mozambique/cases_TS_model.pkl
[2024-08-17T10:09:11.329+0000] {processor.py:183} INFO - Processing /opt/airflow/dags/data/models/Mozambique/cases_TS_model.pkl took 0.040 seconds
[2024-08-17T10:09:43.662+0000] {processor.py:161} INFO - Started process (PID=33105) to work on /opt/airflow/dags/data/models/Mozambique/cases_TS_model.pkl
[2024-08-17T10:09:43.663+0000] {processor.py:830} INFO - Processing file /opt/airflow/dags/data/models/Mozambique/cases_TS_model.pkl for tasks to queue
[2024-08-17T10:09:43.663+0000] {logging_mixin.py:188} INFO - [2024-08-17T10:09:43.663+0000] {dagbag.py:545} INFO - Filling up the DagBag from /opt/airflow/dags/data/models/Mozambique/cases_TS_model.pkl
[2024-08-17T10:09:43.673+0000] {processor.py:842} WARNING - No viable dags retrieved from /opt/airflow/dags/data/models/Mozambique/cases_TS_model.pkl
[2024-08-17T10:09:43.683+0000] {processor.py:183} INFO - Processing /opt/airflow/dags/data/models/Mozambique/cases_TS_model.pkl took 0.024 seconds
[2024-08-17T10:10:15.035+0000] {processor.py:161} INFO - Started process (PID=33719) to work on /opt/airflow/dags/data/models/Mozambique/cases_TS_model.pkl
[2024-08-17T10:10:15.036+0000] {processor.py:830} INFO - Processing file /opt/airflow/dags/data/models/Mozambique/cases_TS_model.pkl for tasks to queue
[2024-08-17T10:10:15.036+0000] {logging_mixin.py:188} INFO - [2024-08-17T10:10:15.036+0000] {dagbag.py:545} INFO - Filling up the DagBag from /opt/airflow/dags/data/models/Mozambique/cases_TS_model.pkl
[2024-08-17T10:10:15.046+0000] {processor.py:842} WARNING - No viable dags retrieved from /opt/airflow/dags/data/models/Mozambique/cases_TS_model.pkl
[2024-08-17T10:10:15.055+0000] {processor.py:183} INFO - Processing /opt/airflow/dags/data/models/Mozambique/cases_TS_model.pkl took 0.024 seconds
[2024-08-17T10:10:47.490+0000] {processor.py:161} INFO - Started process (PID=34347) to work on /opt/airflow/dags/data/models/Mozambique/cases_TS_model.pkl
[2024-08-17T10:10:47.490+0000] {processor.py:830} INFO - Processing file /opt/airflow/dags/data/models/Mozambique/cases_TS_model.pkl for tasks to queue
[2024-08-17T10:10:47.491+0000] {logging_mixin.py:188} INFO - [2024-08-17T10:10:47.491+0000] {dagbag.py:545} INFO - Filling up the DagBag from /opt/airflow/dags/data/models/Mozambique/cases_TS_model.pkl
[2024-08-17T10:10:47.499+0000] {processor.py:842} WARNING - No viable dags retrieved from /opt/airflow/dags/data/models/Mozambique/cases_TS_model.pkl
[2024-08-17T10:10:47.509+0000] {processor.py:183} INFO - Processing /opt/airflow/dags/data/models/Mozambique/cases_TS_model.pkl took 0.022 seconds
[2024-08-17T10:11:18.322+0000] {processor.py:161} INFO - Started process (PID=34926) to work on /opt/airflow/dags/data/models/Mozambique/cases_TS_model.pkl
[2024-08-17T10:11:18.322+0000] {processor.py:830} INFO - Processing file /opt/airflow/dags/data/models/Mozambique/cases_TS_model.pkl for tasks to queue
[2024-08-17T10:11:18.323+0000] {logging_mixin.py:188} INFO - [2024-08-17T10:11:18.323+0000] {dagbag.py:545} INFO - Filling up the DagBag from /opt/airflow/dags/data/models/Mozambique/cases_TS_model.pkl
[2024-08-17T10:11:18.336+0000] {processor.py:842} WARNING - No viable dags retrieved from /opt/airflow/dags/data/models/Mozambique/cases_TS_model.pkl
[2024-08-17T10:11:18.347+0000] {processor.py:183} INFO - Processing /opt/airflow/dags/data/models/Mozambique/cases_TS_model.pkl took 0.029 seconds
[2024-08-17T10:11:49.510+0000] {processor.py:161} INFO - Started process (PID=35530) to work on /opt/airflow/dags/data/models/Mozambique/cases_TS_model.pkl
[2024-08-17T10:11:49.511+0000] {processor.py:830} INFO - Processing file /opt/airflow/dags/data/models/Mozambique/cases_TS_model.pkl for tasks to queue
[2024-08-17T10:11:49.511+0000] {logging_mixin.py:188} INFO - [2024-08-17T10:11:49.511+0000] {dagbag.py:545} INFO - Filling up the DagBag from /opt/airflow/dags/data/models/Mozambique/cases_TS_model.pkl
[2024-08-17T10:11:49.520+0000] {processor.py:842} WARNING - No viable dags retrieved from /opt/airflow/dags/data/models/Mozambique/cases_TS_model.pkl
[2024-08-17T10:11:49.529+0000] {processor.py:183} INFO - Processing /opt/airflow/dags/data/models/Mozambique/cases_TS_model.pkl took 0.023 seconds
[2024-08-17T10:12:20.632+0000] {processor.py:161} INFO - Started process (PID=36118) to work on /opt/airflow/dags/data/models/Mozambique/cases_TS_model.pkl
[2024-08-17T10:12:20.633+0000] {processor.py:830} INFO - Processing file /opt/airflow/dags/data/models/Mozambique/cases_TS_model.pkl for tasks to queue
[2024-08-17T10:12:20.634+0000] {logging_mixin.py:188} INFO - [2024-08-17T10:12:20.633+0000] {dagbag.py:545} INFO - Filling up the DagBag from /opt/airflow/dags/data/models/Mozambique/cases_TS_model.pkl
[2024-08-17T10:12:20.643+0000] {processor.py:842} WARNING - No viable dags retrieved from /opt/airflow/dags/data/models/Mozambique/cases_TS_model.pkl
[2024-08-17T10:12:20.653+0000] {processor.py:183} INFO - Processing /opt/airflow/dags/data/models/Mozambique/cases_TS_model.pkl took 0.024 seconds
[2024-08-17T10:12:56.379+0000] {processor.py:161} INFO - Started process (PID=36663) to work on /opt/airflow/dags/data/models/Mozambique/cases_TS_model.pkl
[2024-08-17T10:12:56.380+0000] {processor.py:830} INFO - Processing file /opt/airflow/dags/data/models/Mozambique/cases_TS_model.pkl for tasks to queue
[2024-08-17T10:12:56.380+0000] {logging_mixin.py:188} INFO - [2024-08-17T10:12:56.380+0000] {dagbag.py:545} INFO - Filling up the DagBag from /opt/airflow/dags/data/models/Mozambique/cases_TS_model.pkl
[2024-08-17T10:12:56.389+0000] {processor.py:842} WARNING - No viable dags retrieved from /opt/airflow/dags/data/models/Mozambique/cases_TS_model.pkl
[2024-08-17T10:12:56.398+0000] {processor.py:183} INFO - Processing /opt/airflow/dags/data/models/Mozambique/cases_TS_model.pkl took 0.022 seconds
[2024-08-17T10:13:28.537+0000] {processor.py:161} INFO - Started process (PID=37349) to work on /opt/airflow/dags/data/models/Mozambique/cases_TS_model.pkl
[2024-08-17T10:13:28.537+0000] {processor.py:830} INFO - Processing file /opt/airflow/dags/data/models/Mozambique/cases_TS_model.pkl for tasks to queue
[2024-08-17T10:13:28.538+0000] {logging_mixin.py:188} INFO - [2024-08-17T10:13:28.538+0000] {dagbag.py:545} INFO - Filling up the DagBag from /opt/airflow/dags/data/models/Mozambique/cases_TS_model.pkl
[2024-08-17T10:13:28.546+0000] {processor.py:842} WARNING - No viable dags retrieved from /opt/airflow/dags/data/models/Mozambique/cases_TS_model.pkl
[2024-08-17T10:13:28.555+0000] {processor.py:183} INFO - Processing /opt/airflow/dags/data/models/Mozambique/cases_TS_model.pkl took 0.022 seconds
[2024-08-17T10:13:59.870+0000] {processor.py:161} INFO - Started process (PID=38032) to work on /opt/airflow/dags/data/models/Mozambique/cases_TS_model.pkl
[2024-08-17T10:13:59.870+0000] {processor.py:830} INFO - Processing file /opt/airflow/dags/data/models/Mozambique/cases_TS_model.pkl for tasks to queue
[2024-08-17T10:13:59.871+0000] {logging_mixin.py:188} INFO - [2024-08-17T10:13:59.871+0000] {dagbag.py:545} INFO - Filling up the DagBag from /opt/airflow/dags/data/models/Mozambique/cases_TS_model.pkl
[2024-08-17T10:13:59.881+0000] {processor.py:842} WARNING - No viable dags retrieved from /opt/airflow/dags/data/models/Mozambique/cases_TS_model.pkl
[2024-08-17T10:13:59.893+0000] {processor.py:183} INFO - Processing /opt/airflow/dags/data/models/Mozambique/cases_TS_model.pkl took 0.027 seconds
[2024-08-17T10:14:31.971+0000] {processor.py:161} INFO - Started process (PID=38706) to work on /opt/airflow/dags/data/models/Mozambique/cases_TS_model.pkl
[2024-08-17T10:14:31.972+0000] {processor.py:830} INFO - Processing file /opt/airflow/dags/data/models/Mozambique/cases_TS_model.pkl for tasks to queue
[2024-08-17T10:14:31.972+0000] {logging_mixin.py:188} INFO - [2024-08-17T10:14:31.972+0000] {dagbag.py:545} INFO - Filling up the DagBag from /opt/airflow/dags/data/models/Mozambique/cases_TS_model.pkl
[2024-08-17T10:14:31.984+0000] {processor.py:842} WARNING - No viable dags retrieved from /opt/airflow/dags/data/models/Mozambique/cases_TS_model.pkl
[2024-08-17T10:14:31.994+0000] {processor.py:183} INFO - Processing /opt/airflow/dags/data/models/Mozambique/cases_TS_model.pkl took 0.027 seconds
[2024-08-17T10:15:04.523+0000] {processor.py:161} INFO - Started process (PID=39392) to work on /opt/airflow/dags/data/models/Mozambique/cases_TS_model.pkl
[2024-08-17T10:15:04.523+0000] {processor.py:830} INFO - Processing file /opt/airflow/dags/data/models/Mozambique/cases_TS_model.pkl for tasks to queue
[2024-08-17T10:15:04.524+0000] {logging_mixin.py:188} INFO - [2024-08-17T10:15:04.524+0000] {dagbag.py:545} INFO - Filling up the DagBag from /opt/airflow/dags/data/models/Mozambique/cases_TS_model.pkl
[2024-08-17T10:15:04.534+0000] {processor.py:842} WARNING - No viable dags retrieved from /opt/airflow/dags/data/models/Mozambique/cases_TS_model.pkl
[2024-08-17T10:15:04.543+0000] {processor.py:183} INFO - Processing /opt/airflow/dags/data/models/Mozambique/cases_TS_model.pkl took 0.025 seconds
[2024-08-17T10:15:37.109+0000] {processor.py:161} INFO - Started process (PID=40034) to work on /opt/airflow/dags/data/models/Mozambique/cases_TS_model.pkl
[2024-08-17T10:15:37.110+0000] {processor.py:830} INFO - Processing file /opt/airflow/dags/data/models/Mozambique/cases_TS_model.pkl for tasks to queue
[2024-08-17T10:15:37.110+0000] {logging_mixin.py:188} INFO - [2024-08-17T10:15:37.110+0000] {dagbag.py:545} INFO - Filling up the DagBag from /opt/airflow/dags/data/models/Mozambique/cases_TS_model.pkl
[2024-08-17T10:15:37.122+0000] {processor.py:842} WARNING - No viable dags retrieved from /opt/airflow/dags/data/models/Mozambique/cases_TS_model.pkl
[2024-08-17T10:15:37.132+0000] {processor.py:183} INFO - Processing /opt/airflow/dags/data/models/Mozambique/cases_TS_model.pkl took 0.028 seconds
[2024-08-17T10:16:09.912+0000] {processor.py:161} INFO - Started process (PID=40727) to work on /opt/airflow/dags/data/models/Mozambique/cases_TS_model.pkl
[2024-08-17T10:16:09.912+0000] {processor.py:830} INFO - Processing file /opt/airflow/dags/data/models/Mozambique/cases_TS_model.pkl for tasks to queue
[2024-08-17T10:16:09.913+0000] {logging_mixin.py:188} INFO - [2024-08-17T10:16:09.913+0000] {dagbag.py:545} INFO - Filling up the DagBag from /opt/airflow/dags/data/models/Mozambique/cases_TS_model.pkl
[2024-08-17T10:16:09.921+0000] {processor.py:842} WARNING - No viable dags retrieved from /opt/airflow/dags/data/models/Mozambique/cases_TS_model.pkl
[2024-08-17T10:16:09.929+0000] {processor.py:183} INFO - Processing /opt/airflow/dags/data/models/Mozambique/cases_TS_model.pkl took 0.021 seconds
[2024-08-17T10:16:41.797+0000] {processor.py:161} INFO - Started process (PID=41380) to work on /opt/airflow/dags/data/models/Mozambique/cases_TS_model.pkl
[2024-08-17T10:16:41.798+0000] {processor.py:830} INFO - Processing file /opt/airflow/dags/data/models/Mozambique/cases_TS_model.pkl for tasks to queue
[2024-08-17T10:16:41.798+0000] {logging_mixin.py:188} INFO - [2024-08-17T10:16:41.798+0000] {dagbag.py:545} INFO - Filling up the DagBag from /opt/airflow/dags/data/models/Mozambique/cases_TS_model.pkl
[2024-08-17T10:16:41.808+0000] {processor.py:842} WARNING - No viable dags retrieved from /opt/airflow/dags/data/models/Mozambique/cases_TS_model.pkl
[2024-08-17T10:16:41.817+0000] {processor.py:183} INFO - Processing /opt/airflow/dags/data/models/Mozambique/cases_TS_model.pkl took 0.024 seconds
[2024-08-17T10:17:13.668+0000] {processor.py:161} INFO - Started process (PID=42072) to work on /opt/airflow/dags/data/models/Mozambique/cases_TS_model.pkl
[2024-08-17T10:17:13.669+0000] {processor.py:830} INFO - Processing file /opt/airflow/dags/data/models/Mozambique/cases_TS_model.pkl for tasks to queue
[2024-08-17T10:17:13.669+0000] {logging_mixin.py:188} INFO - [2024-08-17T10:17:13.669+0000] {dagbag.py:545} INFO - Filling up the DagBag from /opt/airflow/dags/data/models/Mozambique/cases_TS_model.pkl
[2024-08-17T10:17:13.678+0000] {processor.py:842} WARNING - No viable dags retrieved from /opt/airflow/dags/data/models/Mozambique/cases_TS_model.pkl
[2024-08-17T10:17:13.687+0000] {processor.py:183} INFO - Processing /opt/airflow/dags/data/models/Mozambique/cases_TS_model.pkl took 0.023 seconds
[2024-08-17T10:18:00.255+0000] {processor.py:161} INFO - Started process (PID=42854) to work on /opt/airflow/dags/data/models/Mozambique/cases_TS_model.pkl
[2024-08-17T10:18:00.258+0000] {processor.py:830} INFO - Processing file /opt/airflow/dags/data/models/Mozambique/cases_TS_model.pkl for tasks to queue
[2024-08-17T10:18:00.259+0000] {logging_mixin.py:188} INFO - [2024-08-17T10:18:00.258+0000] {dagbag.py:545} INFO - Filling up the DagBag from /opt/airflow/dags/data/models/Mozambique/cases_TS_model.pkl
[2024-08-17T10:18:00.266+0000] {processor.py:842} WARNING - No viable dags retrieved from /opt/airflow/dags/data/models/Mozambique/cases_TS_model.pkl
[2024-08-17T10:18:00.275+0000] {processor.py:183} INFO - Processing /opt/airflow/dags/data/models/Mozambique/cases_TS_model.pkl took 0.024 seconds
[2024-08-17T10:18:32.758+0000] {processor.py:161} INFO - Started process (PID=43578) to work on /opt/airflow/dags/data/models/Mozambique/cases_TS_model.pkl
[2024-08-17T10:18:32.759+0000] {processor.py:830} INFO - Processing file /opt/airflow/dags/data/models/Mozambique/cases_TS_model.pkl for tasks to queue
[2024-08-17T10:18:32.760+0000] {logging_mixin.py:188} INFO - [2024-08-17T10:18:32.760+0000] {dagbag.py:545} INFO - Filling up the DagBag from /opt/airflow/dags/data/models/Mozambique/cases_TS_model.pkl
[2024-08-17T10:18:32.771+0000] {processor.py:842} WARNING - No viable dags retrieved from /opt/airflow/dags/data/models/Mozambique/cases_TS_model.pkl
[2024-08-17T10:18:32.780+0000] {processor.py:183} INFO - Processing /opt/airflow/dags/data/models/Mozambique/cases_TS_model.pkl took 0.025 seconds
[2024-08-17T10:19:04.656+0000] {processor.py:161} INFO - Started process (PID=44293) to work on /opt/airflow/dags/data/models/Mozambique/cases_TS_model.pkl
[2024-08-17T10:19:04.657+0000] {processor.py:830} INFO - Processing file /opt/airflow/dags/data/models/Mozambique/cases_TS_model.pkl for tasks to queue
[2024-08-17T10:19:04.657+0000] {logging_mixin.py:188} INFO - [2024-08-17T10:19:04.657+0000] {dagbag.py:545} INFO - Filling up the DagBag from /opt/airflow/dags/data/models/Mozambique/cases_TS_model.pkl
[2024-08-17T10:19:04.665+0000] {processor.py:842} WARNING - No viable dags retrieved from /opt/airflow/dags/data/models/Mozambique/cases_TS_model.pkl
[2024-08-17T10:19:04.674+0000] {processor.py:183} INFO - Processing /opt/airflow/dags/data/models/Mozambique/cases_TS_model.pkl took 0.022 seconds
[2024-08-17T10:19:36.593+0000] {processor.py:161} INFO - Started process (PID=45036) to work on /opt/airflow/dags/data/models/Mozambique/cases_TS_model.pkl
[2024-08-17T10:19:36.594+0000] {processor.py:830} INFO - Processing file /opt/airflow/dags/data/models/Mozambique/cases_TS_model.pkl for tasks to queue
[2024-08-17T10:19:36.594+0000] {logging_mixin.py:188} INFO - [2024-08-17T10:19:36.594+0000] {dagbag.py:545} INFO - Filling up the DagBag from /opt/airflow/dags/data/models/Mozambique/cases_TS_model.pkl
[2024-08-17T10:19:36.602+0000] {processor.py:842} WARNING - No viable dags retrieved from /opt/airflow/dags/data/models/Mozambique/cases_TS_model.pkl
[2024-08-17T10:19:36.610+0000] {processor.py:183} INFO - Processing /opt/airflow/dags/data/models/Mozambique/cases_TS_model.pkl took 0.021 seconds
[2024-08-17T10:20:08.144+0000] {processor.py:161} INFO - Started process (PID=45779) to work on /opt/airflow/dags/data/models/Mozambique/cases_TS_model.pkl
[2024-08-17T10:20:08.144+0000] {processor.py:830} INFO - Processing file /opt/airflow/dags/data/models/Mozambique/cases_TS_model.pkl for tasks to queue
[2024-08-17T10:20:08.145+0000] {logging_mixin.py:188} INFO - [2024-08-17T10:20:08.144+0000] {dagbag.py:545} INFO - Filling up the DagBag from /opt/airflow/dags/data/models/Mozambique/cases_TS_model.pkl
[2024-08-17T10:20:08.154+0000] {processor.py:842} WARNING - No viable dags retrieved from /opt/airflow/dags/data/models/Mozambique/cases_TS_model.pkl
[2024-08-17T10:20:08.162+0000] {processor.py:183} INFO - Processing /opt/airflow/dags/data/models/Mozambique/cases_TS_model.pkl took 0.022 seconds
[2024-08-17T10:20:41.334+0000] {processor.py:161} INFO - Started process (PID=46541) to work on /opt/airflow/dags/data/models/Mozambique/cases_TS_model.pkl
[2024-08-17T10:20:41.335+0000] {processor.py:830} INFO - Processing file /opt/airflow/dags/data/models/Mozambique/cases_TS_model.pkl for tasks to queue
[2024-08-17T10:20:41.336+0000] {logging_mixin.py:188} INFO - [2024-08-17T10:20:41.335+0000] {dagbag.py:545} INFO - Filling up the DagBag from /opt/airflow/dags/data/models/Mozambique/cases_TS_model.pkl
[2024-08-17T10:20:41.349+0000] {processor.py:842} WARNING - No viable dags retrieved from /opt/airflow/dags/data/models/Mozambique/cases_TS_model.pkl
[2024-08-17T10:20:41.360+0000] {processor.py:183} INFO - Processing /opt/airflow/dags/data/models/Mozambique/cases_TS_model.pkl took 0.030 seconds
[2024-08-17T10:21:13.156+0000] {processor.py:161} INFO - Started process (PID=47237) to work on /opt/airflow/dags/data/models/Mozambique/cases_TS_model.pkl
[2024-08-17T10:21:13.157+0000] {processor.py:830} INFO - Processing file /opt/airflow/dags/data/models/Mozambique/cases_TS_model.pkl for tasks to queue
[2024-08-17T10:21:13.162+0000] {logging_mixin.py:188} INFO - [2024-08-17T10:21:13.162+0000] {dagbag.py:545} INFO - Filling up the DagBag from /opt/airflow/dags/data/models/Mozambique/cases_TS_model.pkl
[2024-08-17T10:21:13.174+0000] {processor.py:842} WARNING - No viable dags retrieved from /opt/airflow/dags/data/models/Mozambique/cases_TS_model.pkl
[2024-08-17T10:21:13.183+0000] {processor.py:183} INFO - Processing /opt/airflow/dags/data/models/Mozambique/cases_TS_model.pkl took 0.030 seconds
[2024-08-17T11:48:04.326+0000] {processor.py:161} INFO - Started process (PID=2075) to work on /opt/airflow/dags/data/models/Mozambique/cases_TS_model.pkl
[2024-08-17T11:48:04.327+0000] {processor.py:830} INFO - Processing file /opt/airflow/dags/data/models/Mozambique/cases_TS_model.pkl for tasks to queue
[2024-08-17T11:48:04.329+0000] {logging_mixin.py:188} INFO - [2024-08-17T11:48:04.328+0000] {dagbag.py:545} INFO - Filling up the DagBag from /opt/airflow/dags/data/models/Mozambique/cases_TS_model.pkl
[2024-08-17T11:48:04.349+0000] {processor.py:842} WARNING - No viable dags retrieved from /opt/airflow/dags/data/models/Mozambique/cases_TS_model.pkl
[2024-08-17T11:48:04.367+0000] {processor.py:183} INFO - Processing /opt/airflow/dags/data/models/Mozambique/cases_TS_model.pkl took 0.050 seconds
[2024-08-17T11:48:11.257+0000] {processor.py:161} INFO - Started process (PID=2183) to work on /opt/airflow/dags/data/models/Mozambique/cases_TS_model.pkl
[2024-08-17T11:48:11.258+0000] {processor.py:830} INFO - Processing file /opt/airflow/dags/data/models/Mozambique/cases_TS_model.pkl for tasks to queue
[2024-08-17T11:48:11.259+0000] {logging_mixin.py:188} INFO - [2024-08-17T11:48:11.259+0000] {dagbag.py:545} INFO - Filling up the DagBag from /opt/airflow/dags/data/models/Mozambique/cases_TS_model.pkl
[2024-08-17T11:48:11.280+0000] {processor.py:842} WARNING - No viable dags retrieved from /opt/airflow/dags/data/models/Mozambique/cases_TS_model.pkl
[2024-08-17T11:48:11.300+0000] {processor.py:183} INFO - Processing /opt/airflow/dags/data/models/Mozambique/cases_TS_model.pkl took 0.052 seconds
[2024-08-17T11:48:47.475+0000] {processor.py:161} INFO - Started process (PID=2701) to work on /opt/airflow/dags/data/models/Mozambique/cases_TS_model.pkl
[2024-08-17T11:48:47.478+0000] {processor.py:830} INFO - Processing file /opt/airflow/dags/data/models/Mozambique/cases_TS_model.pkl for tasks to queue
[2024-08-17T11:48:47.480+0000] {logging_mixin.py:188} INFO - [2024-08-17T11:48:47.479+0000] {dagbag.py:545} INFO - Filling up the DagBag from /opt/airflow/dags/data/models/Mozambique/cases_TS_model.pkl
[2024-08-17T11:48:47.505+0000] {processor.py:842} WARNING - No viable dags retrieved from /opt/airflow/dags/data/models/Mozambique/cases_TS_model.pkl
[2024-08-17T11:48:47.524+0000] {processor.py:183} INFO - Processing /opt/airflow/dags/data/models/Mozambique/cases_TS_model.pkl took 0.057 seconds
[2024-08-17T11:48:58.969+0000] {processor.py:161} INFO - Started process (PID=2854) to work on /opt/airflow/dags/data/models/Mozambique/cases_TS_model.pkl
[2024-08-17T11:48:58.972+0000] {processor.py:830} INFO - Processing file /opt/airflow/dags/data/models/Mozambique/cases_TS_model.pkl for tasks to queue
[2024-08-17T11:48:58.973+0000] {logging_mixin.py:188} INFO - [2024-08-17T11:48:58.973+0000] {dagbag.py:545} INFO - Filling up the DagBag from /opt/airflow/dags/data/models/Mozambique/cases_TS_model.pkl
[2024-08-17T11:48:58.994+0000] {processor.py:842} WARNING - No viable dags retrieved from /opt/airflow/dags/data/models/Mozambique/cases_TS_model.pkl
[2024-08-17T11:48:59.014+0000] {processor.py:183} INFO - Processing /opt/airflow/dags/data/models/Mozambique/cases_TS_model.pkl took 0.052 seconds
[2024-08-17T11:49:40.655+0000] {processor.py:161} INFO - Started process (PID=3439) to work on /opt/airflow/dags/data/models/Mozambique/cases_TS_model.pkl
[2024-08-17T11:49:40.657+0000] {processor.py:830} INFO - Processing file /opt/airflow/dags/data/models/Mozambique/cases_TS_model.pkl for tasks to queue
[2024-08-17T11:49:40.658+0000] {logging_mixin.py:188} INFO - [2024-08-17T11:49:40.658+0000] {dagbag.py:545} INFO - Filling up the DagBag from /opt/airflow/dags/data/models/Mozambique/cases_TS_model.pkl
[2024-08-17T11:49:40.678+0000] {processor.py:842} WARNING - No viable dags retrieved from /opt/airflow/dags/data/models/Mozambique/cases_TS_model.pkl
[2024-08-17T11:49:40.698+0000] {processor.py:183} INFO - Processing /opt/airflow/dags/data/models/Mozambique/cases_TS_model.pkl took 0.050 seconds
[2024-08-17T11:50:23.755+0000] {processor.py:161} INFO - Started process (PID=4042) to work on /opt/airflow/dags/data/models/Mozambique/cases_TS_model.pkl
[2024-08-17T11:50:23.756+0000] {processor.py:830} INFO - Processing file /opt/airflow/dags/data/models/Mozambique/cases_TS_model.pkl for tasks to queue
[2024-08-17T11:50:23.757+0000] {logging_mixin.py:188} INFO - [2024-08-17T11:50:23.757+0000] {dagbag.py:545} INFO - Filling up the DagBag from /opt/airflow/dags/data/models/Mozambique/cases_TS_model.pkl
[2024-08-17T11:50:23.779+0000] {processor.py:842} WARNING - No viable dags retrieved from /opt/airflow/dags/data/models/Mozambique/cases_TS_model.pkl
[2024-08-17T11:50:23.796+0000] {processor.py:183} INFO - Processing /opt/airflow/dags/data/models/Mozambique/cases_TS_model.pkl took 0.049 seconds
[2024-08-17T11:51:03.254+0000] {processor.py:161} INFO - Started process (PID=4640) to work on /opt/airflow/dags/data/models/Mozambique/cases_TS_model.pkl
[2024-08-17T11:51:03.255+0000] {processor.py:830} INFO - Processing file /opt/airflow/dags/data/models/Mozambique/cases_TS_model.pkl for tasks to queue
[2024-08-17T11:51:03.257+0000] {logging_mixin.py:188} INFO - [2024-08-17T11:51:03.256+0000] {dagbag.py:545} INFO - Filling up the DagBag from /opt/airflow/dags/data/models/Mozambique/cases_TS_model.pkl
[2024-08-17T11:51:03.279+0000] {processor.py:842} WARNING - No viable dags retrieved from /opt/airflow/dags/data/models/Mozambique/cases_TS_model.pkl
[2024-08-17T11:51:03.295+0000] {processor.py:183} INFO - Processing /opt/airflow/dags/data/models/Mozambique/cases_TS_model.pkl took 0.049 seconds
[2024-08-17T11:51:39.775+0000] {processor.py:161} INFO - Started process (PID=5158) to work on /opt/airflow/dags/data/models/Mozambique/cases_TS_model.pkl
[2024-08-17T11:51:39.777+0000] {processor.py:830} INFO - Processing file /opt/airflow/dags/data/models/Mozambique/cases_TS_model.pkl for tasks to queue
[2024-08-17T11:51:39.778+0000] {logging_mixin.py:188} INFO - [2024-08-17T11:51:39.778+0000] {dagbag.py:545} INFO - Filling up the DagBag from /opt/airflow/dags/data/models/Mozambique/cases_TS_model.pkl
[2024-08-17T11:51:39.798+0000] {processor.py:842} WARNING - No viable dags retrieved from /opt/airflow/dags/data/models/Mozambique/cases_TS_model.pkl
[2024-08-17T11:51:39.814+0000] {processor.py:183} INFO - Processing /opt/airflow/dags/data/models/Mozambique/cases_TS_model.pkl took 0.046 seconds
[2024-08-17T11:52:13.609+0000] {processor.py:161} INFO - Started process (PID=5649) to work on /opt/airflow/dags/data/models/Mozambique/cases_TS_model.pkl
[2024-08-17T11:52:13.611+0000] {processor.py:830} INFO - Processing file /opt/airflow/dags/data/models/Mozambique/cases_TS_model.pkl for tasks to queue
[2024-08-17T11:52:13.613+0000] {logging_mixin.py:188} INFO - [2024-08-17T11:52:13.612+0000] {dagbag.py:545} INFO - Filling up the DagBag from /opt/airflow/dags/data/models/Mozambique/cases_TS_model.pkl
[2024-08-17T11:52:13.643+0000] {processor.py:842} WARNING - No viable dags retrieved from /opt/airflow/dags/data/models/Mozambique/cases_TS_model.pkl
[2024-08-17T11:52:13.662+0000] {processor.py:183} INFO - Processing /opt/airflow/dags/data/models/Mozambique/cases_TS_model.pkl took 0.061 seconds
[2024-08-17T11:53:13.328+0000] {processor.py:161} INFO - Started process (PID=6288) to work on /opt/airflow/dags/data/models/Mozambique/cases_TS_model.pkl
[2024-08-17T11:53:13.329+0000] {processor.py:830} INFO - Processing file /opt/airflow/dags/data/models/Mozambique/cases_TS_model.pkl for tasks to queue
[2024-08-17T11:53:13.330+0000] {logging_mixin.py:188} INFO - [2024-08-17T11:53:13.330+0000] {dagbag.py:545} INFO - Filling up the DagBag from /opt/airflow/dags/data/models/Mozambique/cases_TS_model.pkl
[2024-08-17T11:53:13.351+0000] {processor.py:842} WARNING - No viable dags retrieved from /opt/airflow/dags/data/models/Mozambique/cases_TS_model.pkl
[2024-08-17T11:53:13.367+0000] {processor.py:183} INFO - Processing /opt/airflow/dags/data/models/Mozambique/cases_TS_model.pkl took 0.048 seconds
[2024-08-17T11:53:57.334+0000] {processor.py:161} INFO - Started process (PID=6903) to work on /opt/airflow/dags/data/models/Mozambique/cases_TS_model.pkl
[2024-08-17T11:53:57.335+0000] {processor.py:830} INFO - Processing file /opt/airflow/dags/data/models/Mozambique/cases_TS_model.pkl for tasks to queue
[2024-08-17T11:53:57.336+0000] {logging_mixin.py:188} INFO - [2024-08-17T11:53:57.336+0000] {dagbag.py:545} INFO - Filling up the DagBag from /opt/airflow/dags/data/models/Mozambique/cases_TS_model.pkl
[2024-08-17T11:53:57.359+0000] {processor.py:842} WARNING - No viable dags retrieved from /opt/airflow/dags/data/models/Mozambique/cases_TS_model.pkl
[2024-08-17T11:53:57.378+0000] {processor.py:183} INFO - Processing /opt/airflow/dags/data/models/Mozambique/cases_TS_model.pkl took 0.050 seconds
[2024-08-17T11:54:33.276+0000] {processor.py:161} INFO - Started process (PID=7447) to work on /opt/airflow/dags/data/models/Mozambique/cases_TS_model.pkl
[2024-08-17T11:54:33.278+0000] {processor.py:830} INFO - Processing file /opt/airflow/dags/data/models/Mozambique/cases_TS_model.pkl for tasks to queue
[2024-08-17T11:54:33.279+0000] {logging_mixin.py:188} INFO - [2024-08-17T11:54:33.278+0000] {dagbag.py:545} INFO - Filling up the DagBag from /opt/airflow/dags/data/models/Mozambique/cases_TS_model.pkl
[2024-08-17T11:54:33.306+0000] {processor.py:842} WARNING - No viable dags retrieved from /opt/airflow/dags/data/models/Mozambique/cases_TS_model.pkl
[2024-08-17T11:54:33.327+0000] {processor.py:183} INFO - Processing /opt/airflow/dags/data/models/Mozambique/cases_TS_model.pkl took 0.059 seconds
[2024-08-17T11:55:06.809+0000] {processor.py:161} INFO - Started process (PID=7955) to work on /opt/airflow/dags/data/models/Mozambique/cases_TS_model.pkl
[2024-08-17T11:55:06.811+0000] {processor.py:830} INFO - Processing file /opt/airflow/dags/data/models/Mozambique/cases_TS_model.pkl for tasks to queue
[2024-08-17T11:55:06.812+0000] {logging_mixin.py:188} INFO - [2024-08-17T11:55:06.812+0000] {dagbag.py:545} INFO - Filling up the DagBag from /opt/airflow/dags/data/models/Mozambique/cases_TS_model.pkl
[2024-08-17T11:55:06.833+0000] {processor.py:842} WARNING - No viable dags retrieved from /opt/airflow/dags/data/models/Mozambique/cases_TS_model.pkl
[2024-08-17T11:55:06.852+0000] {processor.py:183} INFO - Processing /opt/airflow/dags/data/models/Mozambique/cases_TS_model.pkl took 0.051 seconds
[2024-08-17T11:55:42.576+0000] {processor.py:161} INFO - Started process (PID=8522) to work on /opt/airflow/dags/data/models/Mozambique/cases_TS_model.pkl
[2024-08-17T11:55:42.577+0000] {processor.py:830} INFO - Processing file /opt/airflow/dags/data/models/Mozambique/cases_TS_model.pkl for tasks to queue
[2024-08-17T11:55:42.578+0000] {logging_mixin.py:188} INFO - [2024-08-17T11:55:42.578+0000] {dagbag.py:545} INFO - Filling up the DagBag from /opt/airflow/dags/data/models/Mozambique/cases_TS_model.pkl
[2024-08-17T11:55:42.607+0000] {processor.py:842} WARNING - No viable dags retrieved from /opt/airflow/dags/data/models/Mozambique/cases_TS_model.pkl
[2024-08-17T11:55:42.620+0000] {processor.py:183} INFO - Processing /opt/airflow/dags/data/models/Mozambique/cases_TS_model.pkl took 0.051 seconds
[2024-08-17T11:56:17.255+0000] {processor.py:161} INFO - Started process (PID=9067) to work on /opt/airflow/dags/data/models/Mozambique/cases_TS_model.pkl
[2024-08-17T11:56:17.256+0000] {processor.py:830} INFO - Processing file /opt/airflow/dags/data/models/Mozambique/cases_TS_model.pkl for tasks to queue
[2024-08-17T11:56:17.258+0000] {logging_mixin.py:188} INFO - [2024-08-17T11:56:17.257+0000] {dagbag.py:545} INFO - Filling up the DagBag from /opt/airflow/dags/data/models/Mozambique/cases_TS_model.pkl
[2024-08-17T11:56:17.281+0000] {processor.py:842} WARNING - No viable dags retrieved from /opt/airflow/dags/data/models/Mozambique/cases_TS_model.pkl
[2024-08-17T11:56:17.301+0000] {processor.py:183} INFO - Processing /opt/airflow/dags/data/models/Mozambique/cases_TS_model.pkl took 0.054 seconds
[2024-08-17T11:56:51.817+0000] {processor.py:161} INFO - Started process (PID=9586) to work on /opt/airflow/dags/data/models/Mozambique/cases_TS_model.pkl
[2024-08-17T11:56:51.819+0000] {processor.py:830} INFO - Processing file /opt/airflow/dags/data/models/Mozambique/cases_TS_model.pkl for tasks to queue
[2024-08-17T11:56:51.820+0000] {logging_mixin.py:188} INFO - [2024-08-17T11:56:51.820+0000] {dagbag.py:545} INFO - Filling up the DagBag from /opt/airflow/dags/data/models/Mozambique/cases_TS_model.pkl
[2024-08-17T11:56:51.840+0000] {processor.py:842} WARNING - No viable dags retrieved from /opt/airflow/dags/data/models/Mozambique/cases_TS_model.pkl
[2024-08-17T11:56:51.857+0000] {processor.py:183} INFO - Processing /opt/airflow/dags/data/models/Mozambique/cases_TS_model.pkl took 0.047 seconds
[2024-08-17T11:57:33.745+0000] {processor.py:161} INFO - Started process (PID=10215) to work on /opt/airflow/dags/data/models/Mozambique/cases_TS_model.pkl
[2024-08-17T11:57:33.746+0000] {processor.py:830} INFO - Processing file /opt/airflow/dags/data/models/Mozambique/cases_TS_model.pkl for tasks to queue
[2024-08-17T11:57:33.749+0000] {logging_mixin.py:188} INFO - [2024-08-17T11:57:33.748+0000] {dagbag.py:545} INFO - Filling up the DagBag from /opt/airflow/dags/data/models/Mozambique/cases_TS_model.pkl
[2024-08-17T11:57:33.782+0000] {processor.py:842} WARNING - No viable dags retrieved from /opt/airflow/dags/data/models/Mozambique/cases_TS_model.pkl
[2024-08-17T11:57:33.801+0000] {processor.py:183} INFO - Processing /opt/airflow/dags/data/models/Mozambique/cases_TS_model.pkl took 0.065 seconds
[2024-08-17T11:58:17.517+0000] {processor.py:161} INFO - Started process (PID=10636) to work on /opt/airflow/dags/data/models/Mozambique/cases_TS_model.pkl
[2024-08-17T11:58:17.518+0000] {processor.py:830} INFO - Processing file /opt/airflow/dags/data/models/Mozambique/cases_TS_model.pkl for tasks to queue
[2024-08-17T11:58:17.520+0000] {logging_mixin.py:188} INFO - [2024-08-17T11:58:17.519+0000] {dagbag.py:545} INFO - Filling up the DagBag from /opt/airflow/dags/data/models/Mozambique/cases_TS_model.pkl
[2024-08-17T11:58:17.539+0000] {processor.py:842} WARNING - No viable dags retrieved from /opt/airflow/dags/data/models/Mozambique/cases_TS_model.pkl
[2024-08-17T11:58:17.558+0000] {processor.py:183} INFO - Processing /opt/airflow/dags/data/models/Mozambique/cases_TS_model.pkl took 0.048 seconds
[2024-08-17T11:58:56.963+0000] {processor.py:161} INFO - Started process (PID=11261) to work on /opt/airflow/dags/data/models/Mozambique/cases_TS_model.pkl
[2024-08-17T11:58:56.964+0000] {processor.py:830} INFO - Processing file /opt/airflow/dags/data/models/Mozambique/cases_TS_model.pkl for tasks to queue
[2024-08-17T11:58:56.966+0000] {logging_mixin.py:188} INFO - [2024-08-17T11:58:56.965+0000] {dagbag.py:545} INFO - Filling up the DagBag from /opt/airflow/dags/data/models/Mozambique/cases_TS_model.pkl
[2024-08-17T11:58:56.990+0000] {processor.py:842} WARNING - No viable dags retrieved from /opt/airflow/dags/data/models/Mozambique/cases_TS_model.pkl
[2024-08-17T11:58:57.009+0000] {processor.py:183} INFO - Processing /opt/airflow/dags/data/models/Mozambique/cases_TS_model.pkl took 0.052 seconds
[2024-08-17T11:59:40.291+0000] {processor.py:161} INFO - Started process (PID=11898) to work on /opt/airflow/dags/data/models/Mozambique/cases_TS_model.pkl
[2024-08-17T11:59:40.292+0000] {processor.py:830} INFO - Processing file /opt/airflow/dags/data/models/Mozambique/cases_TS_model.pkl for tasks to queue
[2024-08-17T11:59:40.294+0000] {logging_mixin.py:188} INFO - [2024-08-17T11:59:40.293+0000] {dagbag.py:545} INFO - Filling up the DagBag from /opt/airflow/dags/data/models/Mozambique/cases_TS_model.pkl
[2024-08-17T11:59:40.324+0000] {processor.py:842} WARNING - No viable dags retrieved from /opt/airflow/dags/data/models/Mozambique/cases_TS_model.pkl
[2024-08-17T11:59:40.346+0000] {processor.py:183} INFO - Processing /opt/airflow/dags/data/models/Mozambique/cases_TS_model.pkl took 0.062 seconds
[2024-08-17T12:00:16.851+0000] {processor.py:161} INFO - Started process (PID=12447) to work on /opt/airflow/dags/data/models/Mozambique/cases_TS_model.pkl
[2024-08-17T12:00:16.853+0000] {processor.py:830} INFO - Processing file /opt/airflow/dags/data/models/Mozambique/cases_TS_model.pkl for tasks to queue
[2024-08-17T12:00:16.854+0000] {logging_mixin.py:188} INFO - [2024-08-17T12:00:16.854+0000] {dagbag.py:545} INFO - Filling up the DagBag from /opt/airflow/dags/data/models/Mozambique/cases_TS_model.pkl
[2024-08-17T12:00:16.868+0000] {processor.py:842} WARNING - No viable dags retrieved from /opt/airflow/dags/data/models/Mozambique/cases_TS_model.pkl
[2024-08-17T12:00:16.886+0000] {processor.py:183} INFO - Processing /opt/airflow/dags/data/models/Mozambique/cases_TS_model.pkl took 0.042 seconds
[2024-08-17T12:00:56.402+0000] {processor.py:161} INFO - Started process (PID=13083) to work on /opt/airflow/dags/data/models/Mozambique/cases_TS_model.pkl
[2024-08-17T12:00:56.403+0000] {processor.py:830} INFO - Processing file /opt/airflow/dags/data/models/Mozambique/cases_TS_model.pkl for tasks to queue
[2024-08-17T12:00:56.405+0000] {logging_mixin.py:188} INFO - [2024-08-17T12:00:56.404+0000] {dagbag.py:545} INFO - Filling up the DagBag from /opt/airflow/dags/data/models/Mozambique/cases_TS_model.pkl
[2024-08-17T12:00:56.417+0000] {processor.py:842} WARNING - No viable dags retrieved from /opt/airflow/dags/data/models/Mozambique/cases_TS_model.pkl
[2024-08-17T12:00:56.436+0000] {processor.py:183} INFO - Processing /opt/airflow/dags/data/models/Mozambique/cases_TS_model.pkl took 0.041 seconds
[2024-08-17T12:01:35.254+0000] {processor.py:161} INFO - Started process (PID=13716) to work on /opt/airflow/dags/data/models/Mozambique/cases_TS_model.pkl
[2024-08-17T12:01:35.256+0000] {processor.py:830} INFO - Processing file /opt/airflow/dags/data/models/Mozambique/cases_TS_model.pkl for tasks to queue
[2024-08-17T12:01:35.257+0000] {logging_mixin.py:188} INFO - [2024-08-17T12:01:35.257+0000] {dagbag.py:545} INFO - Filling up the DagBag from /opt/airflow/dags/data/models/Mozambique/cases_TS_model.pkl
[2024-08-17T12:01:35.274+0000] {processor.py:842} WARNING - No viable dags retrieved from /opt/airflow/dags/data/models/Mozambique/cases_TS_model.pkl
[2024-08-17T12:01:35.302+0000] {processor.py:183} INFO - Processing /opt/airflow/dags/data/models/Mozambique/cases_TS_model.pkl took 0.055 seconds
[2024-08-17T12:02:12.837+0000] {processor.py:161} INFO - Started process (PID=14266) to work on /opt/airflow/dags/data/models/Mozambique/cases_TS_model.pkl
[2024-08-17T12:02:12.838+0000] {processor.py:830} INFO - Processing file /opt/airflow/dags/data/models/Mozambique/cases_TS_model.pkl for tasks to queue
[2024-08-17T12:02:12.840+0000] {logging_mixin.py:188} INFO - [2024-08-17T12:02:12.839+0000] {dagbag.py:545} INFO - Filling up the DagBag from /opt/airflow/dags/data/models/Mozambique/cases_TS_model.pkl
[2024-08-17T12:02:12.869+0000] {processor.py:842} WARNING - No viable dags retrieved from /opt/airflow/dags/data/models/Mozambique/cases_TS_model.pkl
[2024-08-17T12:02:12.888+0000] {processor.py:183} INFO - Processing /opt/airflow/dags/data/models/Mozambique/cases_TS_model.pkl took 0.059 seconds
[2024-08-17T12:03:17.195+0000] {processor.py:161} INFO - Started process (PID=14957) to work on /opt/airflow/dags/data/models/Mozambique/cases_TS_model.pkl
[2024-08-17T12:03:17.196+0000] {processor.py:830} INFO - Processing file /opt/airflow/dags/data/models/Mozambique/cases_TS_model.pkl for tasks to queue
[2024-08-17T12:03:17.199+0000] {logging_mixin.py:188} INFO - [2024-08-17T12:03:17.197+0000] {dagbag.py:545} INFO - Filling up the DagBag from /opt/airflow/dags/data/models/Mozambique/cases_TS_model.pkl
[2024-08-17T12:03:17.216+0000] {processor.py:842} WARNING - No viable dags retrieved from /opt/airflow/dags/data/models/Mozambique/cases_TS_model.pkl
[2024-08-17T12:03:17.230+0000] {processor.py:183} INFO - Processing /opt/airflow/dags/data/models/Mozambique/cases_TS_model.pkl took 0.041 seconds
[2024-08-17T12:03:58.976+0000] {processor.py:161} INFO - Started process (PID=15622) to work on /opt/airflow/dags/data/models/Mozambique/cases_TS_model.pkl
[2024-08-17T12:03:58.977+0000] {processor.py:830} INFO - Processing file /opt/airflow/dags/data/models/Mozambique/cases_TS_model.pkl for tasks to queue
[2024-08-17T12:03:58.979+0000] {logging_mixin.py:188} INFO - [2024-08-17T12:03:58.978+0000] {dagbag.py:545} INFO - Filling up the DagBag from /opt/airflow/dags/data/models/Mozambique/cases_TS_model.pkl
[2024-08-17T12:03:58.997+0000] {processor.py:842} WARNING - No viable dags retrieved from /opt/airflow/dags/data/models/Mozambique/cases_TS_model.pkl
[2024-08-17T12:03:59.015+0000] {processor.py:183} INFO - Processing /opt/airflow/dags/data/models/Mozambique/cases_TS_model.pkl took 0.049 seconds
[2024-08-17T12:04:41.766+0000] {processor.py:161} INFO - Started process (PID=16255) to work on /opt/airflow/dags/data/models/Mozambique/cases_TS_model.pkl
[2024-08-17T12:04:41.767+0000] {processor.py:830} INFO - Processing file /opt/airflow/dags/data/models/Mozambique/cases_TS_model.pkl for tasks to queue
[2024-08-17T12:04:41.769+0000] {logging_mixin.py:188} INFO - [2024-08-17T12:04:41.768+0000] {dagbag.py:545} INFO - Filling up the DagBag from /opt/airflow/dags/data/models/Mozambique/cases_TS_model.pkl
[2024-08-17T12:04:41.797+0000] {processor.py:842} WARNING - No viable dags retrieved from /opt/airflow/dags/data/models/Mozambique/cases_TS_model.pkl
[2024-08-17T12:04:41.813+0000] {processor.py:183} INFO - Processing /opt/airflow/dags/data/models/Mozambique/cases_TS_model.pkl took 0.055 seconds
[2024-08-17T12:05:20.052+0000] {processor.py:161} INFO - Started process (PID=16821) to work on /opt/airflow/dags/data/models/Mozambique/cases_TS_model.pkl
[2024-08-17T12:05:20.054+0000] {processor.py:830} INFO - Processing file /opt/airflow/dags/data/models/Mozambique/cases_TS_model.pkl for tasks to queue
[2024-08-17T12:05:20.055+0000] {logging_mixin.py:188} INFO - [2024-08-17T12:05:20.055+0000] {dagbag.py:545} INFO - Filling up the DagBag from /opt/airflow/dags/data/models/Mozambique/cases_TS_model.pkl
[2024-08-17T12:05:20.069+0000] {processor.py:842} WARNING - No viable dags retrieved from /opt/airflow/dags/data/models/Mozambique/cases_TS_model.pkl
[2024-08-17T12:05:20.084+0000] {processor.py:183} INFO - Processing /opt/airflow/dags/data/models/Mozambique/cases_TS_model.pkl took 0.039 seconds
[2024-08-17T12:06:02.218+0000] {processor.py:161} INFO - Started process (PID=17460) to work on /opt/airflow/dags/data/models/Mozambique/cases_TS_model.pkl
[2024-08-17T12:06:02.220+0000] {processor.py:830} INFO - Processing file /opt/airflow/dags/data/models/Mozambique/cases_TS_model.pkl for tasks to queue
[2024-08-17T12:06:02.220+0000] {logging_mixin.py:188} INFO - [2024-08-17T12:06:02.220+0000] {dagbag.py:545} INFO - Filling up the DagBag from /opt/airflow/dags/data/models/Mozambique/cases_TS_model.pkl
[2024-08-17T12:06:02.234+0000] {processor.py:842} WARNING - No viable dags retrieved from /opt/airflow/dags/data/models/Mozambique/cases_TS_model.pkl
[2024-08-17T12:06:02.248+0000] {processor.py:183} INFO - Processing /opt/airflow/dags/data/models/Mozambique/cases_TS_model.pkl took 0.037 seconds
[2024-08-17T12:06:44.397+0000] {processor.py:161} INFO - Started process (PID=18136) to work on /opt/airflow/dags/data/models/Mozambique/cases_TS_model.pkl
[2024-08-17T12:06:44.398+0000] {processor.py:830} INFO - Processing file /opt/airflow/dags/data/models/Mozambique/cases_TS_model.pkl for tasks to queue
[2024-08-17T12:06:44.399+0000] {logging_mixin.py:188} INFO - [2024-08-17T12:06:44.399+0000] {dagbag.py:545} INFO - Filling up the DagBag from /opt/airflow/dags/data/models/Mozambique/cases_TS_model.pkl
[2024-08-17T12:06:44.421+0000] {processor.py:842} WARNING - No viable dags retrieved from /opt/airflow/dags/data/models/Mozambique/cases_TS_model.pkl
[2024-08-17T12:06:44.439+0000] {processor.py:183} INFO - Processing /opt/airflow/dags/data/models/Mozambique/cases_TS_model.pkl took 0.048 seconds
[2024-08-17T12:07:18.230+0000] {processor.py:161} INFO - Started process (PID=18618) to work on /opt/airflow/dags/data/models/Mozambique/cases_TS_model.pkl
[2024-08-17T12:07:18.231+0000] {processor.py:830} INFO - Processing file /opt/airflow/dags/data/models/Mozambique/cases_TS_model.pkl for tasks to queue
[2024-08-17T12:07:18.232+0000] {logging_mixin.py:188} INFO - [2024-08-17T12:07:18.232+0000] {dagbag.py:545} INFO - Filling up the DagBag from /opt/airflow/dags/data/models/Mozambique/cases_TS_model.pkl
[2024-08-17T12:07:18.251+0000] {processor.py:842} WARNING - No viable dags retrieved from /opt/airflow/dags/data/models/Mozambique/cases_TS_model.pkl
[2024-08-17T12:07:18.271+0000] {processor.py:183} INFO - Processing /opt/airflow/dags/data/models/Mozambique/cases_TS_model.pkl took 0.048 seconds
[2024-08-17T12:08:30.998+0000] {processor.py:161} INFO - Started process (PID=19369) to work on /opt/airflow/dags/data/models/Mozambique/cases_TS_model.pkl
[2024-08-17T12:08:31.000+0000] {processor.py:830} INFO - Processing file /opt/airflow/dags/data/models/Mozambique/cases_TS_model.pkl for tasks to queue
[2024-08-17T12:08:31.001+0000] {logging_mixin.py:188} INFO - [2024-08-17T12:08:31.001+0000] {dagbag.py:545} INFO - Filling up the DagBag from /opt/airflow/dags/data/models/Mozambique/cases_TS_model.pkl
[2024-08-17T12:08:31.025+0000] {processor.py:842} WARNING - No viable dags retrieved from /opt/airflow/dags/data/models/Mozambique/cases_TS_model.pkl
[2024-08-17T12:08:31.045+0000] {processor.py:183} INFO - Processing /opt/airflow/dags/data/models/Mozambique/cases_TS_model.pkl took 0.055 seconds
[2024-08-17T12:09:18.958+0000] {processor.py:161} INFO - Started process (PID=20037) to work on /opt/airflow/dags/data/models/Mozambique/cases_TS_model.pkl
[2024-08-17T12:09:18.959+0000] {processor.py:830} INFO - Processing file /opt/airflow/dags/data/models/Mozambique/cases_TS_model.pkl for tasks to queue
[2024-08-17T12:09:18.963+0000] {logging_mixin.py:188} INFO - [2024-08-17T12:09:18.962+0000] {dagbag.py:545} INFO - Filling up the DagBag from /opt/airflow/dags/data/models/Mozambique/cases_TS_model.pkl
[2024-08-17T12:09:18.987+0000] {processor.py:842} WARNING - No viable dags retrieved from /opt/airflow/dags/data/models/Mozambique/cases_TS_model.pkl
[2024-08-17T12:09:19.008+0000] {processor.py:183} INFO - Processing /opt/airflow/dags/data/models/Mozambique/cases_TS_model.pkl took 0.058 seconds
[2024-08-17T12:10:01.184+0000] {processor.py:161} INFO - Started process (PID=20683) to work on /opt/airflow/dags/data/models/Mozambique/cases_TS_model.pkl
[2024-08-17T12:10:01.186+0000] {processor.py:830} INFO - Processing file /opt/airflow/dags/data/models/Mozambique/cases_TS_model.pkl for tasks to queue
[2024-08-17T12:10:01.187+0000] {logging_mixin.py:188} INFO - [2024-08-17T12:10:01.186+0000] {dagbag.py:545} INFO - Filling up the DagBag from /opt/airflow/dags/data/models/Mozambique/cases_TS_model.pkl
[2024-08-17T12:10:01.208+0000] {processor.py:842} WARNING - No viable dags retrieved from /opt/airflow/dags/data/models/Mozambique/cases_TS_model.pkl
[2024-08-17T12:10:01.229+0000] {processor.py:183} INFO - Processing /opt/airflow/dags/data/models/Mozambique/cases_TS_model.pkl took 0.053 seconds
[2024-08-17T12:10:36.689+0000] {processor.py:161} INFO - Started process (PID=21238) to work on /opt/airflow/dags/data/models/Mozambique/cases_TS_model.pkl
[2024-08-17T12:10:36.691+0000] {processor.py:830} INFO - Processing file /opt/airflow/dags/data/models/Mozambique/cases_TS_model.pkl for tasks to queue
[2024-08-17T12:10:36.692+0000] {logging_mixin.py:188} INFO - [2024-08-17T12:10:36.692+0000] {dagbag.py:545} INFO - Filling up the DagBag from /opt/airflow/dags/data/models/Mozambique/cases_TS_model.pkl
[2024-08-17T12:10:36.711+0000] {processor.py:842} WARNING - No viable dags retrieved from /opt/airflow/dags/data/models/Mozambique/cases_TS_model.pkl
[2024-08-17T12:10:36.731+0000] {processor.py:183} INFO - Processing /opt/airflow/dags/data/models/Mozambique/cases_TS_model.pkl took 0.049 seconds
[2024-08-17T12:11:14.278+0000] {processor.py:161} INFO - Started process (PID=21749) to work on /opt/airflow/dags/data/models/Mozambique/cases_TS_model.pkl
[2024-08-17T12:11:14.280+0000] {processor.py:830} INFO - Processing file /opt/airflow/dags/data/models/Mozambique/cases_TS_model.pkl for tasks to queue
[2024-08-17T12:11:14.282+0000] {logging_mixin.py:188} INFO - [2024-08-17T12:11:14.281+0000] {dagbag.py:545} INFO - Filling up the DagBag from /opt/airflow/dags/data/models/Mozambique/cases_TS_model.pkl
[2024-08-17T12:11:14.410+0000] {processor.py:842} WARNING - No viable dags retrieved from /opt/airflow/dags/data/models/Mozambique/cases_TS_model.pkl
[2024-08-17T12:11:14.434+0000] {processor.py:183} INFO - Processing /opt/airflow/dags/data/models/Mozambique/cases_TS_model.pkl took 0.163 seconds
[2024-08-17T12:11:49.726+0000] {processor.py:161} INFO - Started process (PID=22296) to work on /opt/airflow/dags/data/models/Mozambique/cases_TS_model.pkl
[2024-08-17T12:11:49.728+0000] {processor.py:830} INFO - Processing file /opt/airflow/dags/data/models/Mozambique/cases_TS_model.pkl for tasks to queue
[2024-08-17T12:11:49.730+0000] {logging_mixin.py:188} INFO - [2024-08-17T12:11:49.729+0000] {dagbag.py:545} INFO - Filling up the DagBag from /opt/airflow/dags/data/models/Mozambique/cases_TS_model.pkl
[2024-08-17T12:11:49.750+0000] {processor.py:842} WARNING - No viable dags retrieved from /opt/airflow/dags/data/models/Mozambique/cases_TS_model.pkl
[2024-08-17T12:11:49.770+0000] {processor.py:183} INFO - Processing /opt/airflow/dags/data/models/Mozambique/cases_TS_model.pkl took 0.052 seconds
[2024-08-17T12:12:40.838+0000] {processor.py:161} INFO - Started process (PID=23035) to work on /opt/airflow/dags/data/models/Mozambique/cases_TS_model.pkl
[2024-08-17T12:12:40.839+0000] {processor.py:830} INFO - Processing file /opt/airflow/dags/data/models/Mozambique/cases_TS_model.pkl for tasks to queue
[2024-08-17T12:12:40.840+0000] {logging_mixin.py:188} INFO - [2024-08-17T12:12:40.840+0000] {dagbag.py:545} INFO - Filling up the DagBag from /opt/airflow/dags/data/models/Mozambique/cases_TS_model.pkl
[2024-08-17T12:12:40.858+0000] {processor.py:842} WARNING - No viable dags retrieved from /opt/airflow/dags/data/models/Mozambique/cases_TS_model.pkl
[2024-08-17T12:12:40.875+0000] {processor.py:183} INFO - Processing /opt/airflow/dags/data/models/Mozambique/cases_TS_model.pkl took 0.045 seconds
[2024-08-17T12:13:25.600+0000] {processor.py:161} INFO - Started process (PID=23378) to work on /opt/airflow/dags/data/models/Mozambique/cases_TS_model.pkl
[2024-08-17T12:13:25.602+0000] {processor.py:830} INFO - Processing file /opt/airflow/dags/data/models/Mozambique/cases_TS_model.pkl for tasks to queue
[2024-08-17T12:13:25.604+0000] {logging_mixin.py:188} INFO - [2024-08-17T12:13:25.604+0000] {dagbag.py:545} INFO - Filling up the DagBag from /opt/airflow/dags/data/models/Mozambique/cases_TS_model.pkl
[2024-08-17T12:13:25.637+0000] {processor.py:842} WARNING - No viable dags retrieved from /opt/airflow/dags/data/models/Mozambique/cases_TS_model.pkl
[2024-08-17T12:13:25.659+0000] {processor.py:183} INFO - Processing /opt/airflow/dags/data/models/Mozambique/cases_TS_model.pkl took 0.069 seconds
[2024-08-17T12:14:12.435+0000] {processor.py:161} INFO - Started process (PID=24118) to work on /opt/airflow/dags/data/models/Mozambique/cases_TS_model.pkl
[2024-08-17T12:14:12.436+0000] {processor.py:830} INFO - Processing file /opt/airflow/dags/data/models/Mozambique/cases_TS_model.pkl for tasks to queue
[2024-08-17T12:14:12.438+0000] {logging_mixin.py:188} INFO - [2024-08-17T12:14:12.437+0000] {dagbag.py:545} INFO - Filling up the DagBag from /opt/airflow/dags/data/models/Mozambique/cases_TS_model.pkl
[2024-08-17T12:14:12.460+0000] {processor.py:842} WARNING - No viable dags retrieved from /opt/airflow/dags/data/models/Mozambique/cases_TS_model.pkl
[2024-08-17T12:14:12.480+0000] {processor.py:183} INFO - Processing /opt/airflow/dags/data/models/Mozambique/cases_TS_model.pkl took 0.053 seconds
[2024-08-17T12:14:56.211+0000] {processor.py:161} INFO - Started process (PID=24746) to work on /opt/airflow/dags/data/models/Mozambique/cases_TS_model.pkl
[2024-08-17T12:14:56.212+0000] {processor.py:830} INFO - Processing file /opt/airflow/dags/data/models/Mozambique/cases_TS_model.pkl for tasks to queue
[2024-08-17T12:14:56.214+0000] {logging_mixin.py:188} INFO - [2024-08-17T12:14:56.213+0000] {dagbag.py:545} INFO - Filling up the DagBag from /opt/airflow/dags/data/models/Mozambique/cases_TS_model.pkl
[2024-08-17T12:14:56.234+0000] {processor.py:842} WARNING - No viable dags retrieved from /opt/airflow/dags/data/models/Mozambique/cases_TS_model.pkl
[2024-08-17T12:14:56.251+0000] {processor.py:183} INFO - Processing /opt/airflow/dags/data/models/Mozambique/cases_TS_model.pkl took 0.048 seconds
[2024-08-17T12:15:40.859+0000] {processor.py:161} INFO - Started process (PID=25339) to work on /opt/airflow/dags/data/models/Mozambique/cases_TS_model.pkl
[2024-08-17T12:15:40.860+0000] {processor.py:830} INFO - Processing file /opt/airflow/dags/data/models/Mozambique/cases_TS_model.pkl for tasks to queue
[2024-08-17T12:15:40.862+0000] {logging_mixin.py:188} INFO - [2024-08-17T12:15:40.862+0000] {dagbag.py:545} INFO - Filling up the DagBag from /opt/airflow/dags/data/models/Mozambique/cases_TS_model.pkl
[2024-08-17T12:15:40.891+0000] {processor.py:842} WARNING - No viable dags retrieved from /opt/airflow/dags/data/models/Mozambique/cases_TS_model.pkl
[2024-08-17T12:15:40.913+0000] {processor.py:183} INFO - Processing /opt/airflow/dags/data/models/Mozambique/cases_TS_model.pkl took 0.062 seconds
[2024-08-17T12:16:33.698+0000] {processor.py:161} INFO - Started process (PID=26106) to work on /opt/airflow/dags/data/models/Mozambique/cases_TS_model.pkl
[2024-08-17T12:16:33.700+0000] {processor.py:830} INFO - Processing file /opt/airflow/dags/data/models/Mozambique/cases_TS_model.pkl for tasks to queue
[2024-08-17T12:16:33.701+0000] {logging_mixin.py:188} INFO - [2024-08-17T12:16:33.701+0000] {dagbag.py:545} INFO - Filling up the DagBag from /opt/airflow/dags/data/models/Mozambique/cases_TS_model.pkl
[2024-08-17T12:16:33.732+0000] {processor.py:842} WARNING - No viable dags retrieved from /opt/airflow/dags/data/models/Mozambique/cases_TS_model.pkl
[2024-08-17T12:16:33.751+0000] {processor.py:183} INFO - Processing /opt/airflow/dags/data/models/Mozambique/cases_TS_model.pkl took 0.060 seconds
[2024-08-17T12:17:16.172+0000] {processor.py:161} INFO - Started process (PID=26707) to work on /opt/airflow/dags/data/models/Mozambique/cases_TS_model.pkl
[2024-08-17T12:17:16.174+0000] {processor.py:830} INFO - Processing file /opt/airflow/dags/data/models/Mozambique/cases_TS_model.pkl for tasks to queue
[2024-08-17T12:17:16.175+0000] {logging_mixin.py:188} INFO - [2024-08-17T12:17:16.174+0000] {dagbag.py:545} INFO - Filling up the DagBag from /opt/airflow/dags/data/models/Mozambique/cases_TS_model.pkl
[2024-08-17T12:17:16.200+0000] {processor.py:842} WARNING - No viable dags retrieved from /opt/airflow/dags/data/models/Mozambique/cases_TS_model.pkl
[2024-08-17T12:17:16.224+0000] {processor.py:183} INFO - Processing /opt/airflow/dags/data/models/Mozambique/cases_TS_model.pkl took 0.061 seconds
[2024-08-17T12:18:46.246+0000] {processor.py:161} INFO - Started process (PID=27594) to work on /opt/airflow/dags/data/models/Mozambique/cases_TS_model.pkl
[2024-08-17T12:18:46.248+0000] {processor.py:830} INFO - Processing file /opt/airflow/dags/data/models/Mozambique/cases_TS_model.pkl for tasks to queue
[2024-08-17T12:18:46.250+0000] {logging_mixin.py:188} INFO - [2024-08-17T12:18:46.249+0000] {dagbag.py:545} INFO - Filling up the DagBag from /opt/airflow/dags/data/models/Mozambique/cases_TS_model.pkl
[2024-08-17T12:18:46.286+0000] {processor.py:842} WARNING - No viable dags retrieved from /opt/airflow/dags/data/models/Mozambique/cases_TS_model.pkl
[2024-08-17T12:18:46.305+0000] {processor.py:183} INFO - Processing /opt/airflow/dags/data/models/Mozambique/cases_TS_model.pkl took 0.066 seconds
[2024-08-17T12:19:38.068+0000] {processor.py:161} INFO - Started process (PID=28351) to work on /opt/airflow/dags/data/models/Mozambique/cases_TS_model.pkl
[2024-08-17T12:19:38.069+0000] {processor.py:830} INFO - Processing file /opt/airflow/dags/data/models/Mozambique/cases_TS_model.pkl for tasks to queue
[2024-08-17T12:19:38.071+0000] {logging_mixin.py:188} INFO - [2024-08-17T12:19:38.070+0000] {dagbag.py:545} INFO - Filling up the DagBag from /opt/airflow/dags/data/models/Mozambique/cases_TS_model.pkl
[2024-08-17T12:19:38.092+0000] {processor.py:842} WARNING - No viable dags retrieved from /opt/airflow/dags/data/models/Mozambique/cases_TS_model.pkl
[2024-08-17T12:19:38.109+0000] {processor.py:183} INFO - Processing /opt/airflow/dags/data/models/Mozambique/cases_TS_model.pkl took 0.051 seconds
[2024-08-17T12:20:22.939+0000] {processor.py:161} INFO - Started process (PID=29028) to work on /opt/airflow/dags/data/models/Mozambique/cases_TS_model.pkl
[2024-08-17T12:20:22.941+0000] {processor.py:830} INFO - Processing file /opt/airflow/dags/data/models/Mozambique/cases_TS_model.pkl for tasks to queue
[2024-08-17T12:20:22.942+0000] {logging_mixin.py:188} INFO - [2024-08-17T12:20:22.941+0000] {dagbag.py:545} INFO - Filling up the DagBag from /opt/airflow/dags/data/models/Mozambique/cases_TS_model.pkl
[2024-08-17T12:20:22.971+0000] {processor.py:842} WARNING - No viable dags retrieved from /opt/airflow/dags/data/models/Mozambique/cases_TS_model.pkl
[2024-08-17T12:20:22.997+0000] {processor.py:183} INFO - Processing /opt/airflow/dags/data/models/Mozambique/cases_TS_model.pkl took 0.067 seconds
[2024-08-17T12:21:23.819+0000] {processor.py:161} INFO - Started process (PID=29790) to work on /opt/airflow/dags/data/models/Mozambique/cases_TS_model.pkl
[2024-08-17T12:21:23.821+0000] {processor.py:830} INFO - Processing file /opt/airflow/dags/data/models/Mozambique/cases_TS_model.pkl for tasks to queue
[2024-08-17T12:21:23.822+0000] {logging_mixin.py:188} INFO - [2024-08-17T12:21:23.821+0000] {dagbag.py:545} INFO - Filling up the DagBag from /opt/airflow/dags/data/models/Mozambique/cases_TS_model.pkl
[2024-08-17T12:21:23.838+0000] {processor.py:842} WARNING - No viable dags retrieved from /opt/airflow/dags/data/models/Mozambique/cases_TS_model.pkl
[2024-08-17T12:21:23.857+0000] {processor.py:183} INFO - Processing /opt/airflow/dags/data/models/Mozambique/cases_TS_model.pkl took 0.045 seconds
[2024-08-17T12:22:19.929+0000] {processor.py:161} INFO - Started process (PID=30626) to work on /opt/airflow/dags/data/models/Mozambique/cases_TS_model.pkl
[2024-08-17T12:22:19.930+0000] {processor.py:830} INFO - Processing file /opt/airflow/dags/data/models/Mozambique/cases_TS_model.pkl for tasks to queue
[2024-08-17T12:22:19.931+0000] {logging_mixin.py:188} INFO - [2024-08-17T12:22:19.931+0000] {dagbag.py:545} INFO - Filling up the DagBag from /opt/airflow/dags/data/models/Mozambique/cases_TS_model.pkl
[2024-08-17T12:22:19.950+0000] {processor.py:842} WARNING - No viable dags retrieved from /opt/airflow/dags/data/models/Mozambique/cases_TS_model.pkl
[2024-08-17T12:22:19.965+0000] {processor.py:183} INFO - Processing /opt/airflow/dags/data/models/Mozambique/cases_TS_model.pkl took 0.044 seconds
[2024-08-17T12:23:26.871+0000] {processor.py:161} INFO - Started process (PID=31312) to work on /opt/airflow/dags/data/models/Mozambique/cases_TS_model.pkl
[2024-08-17T12:23:26.872+0000] {processor.py:830} INFO - Processing file /opt/airflow/dags/data/models/Mozambique/cases_TS_model.pkl for tasks to queue
[2024-08-17T12:23:26.873+0000] {logging_mixin.py:188} INFO - [2024-08-17T12:23:26.872+0000] {dagbag.py:545} INFO - Filling up the DagBag from /opt/airflow/dags/data/models/Mozambique/cases_TS_model.pkl
[2024-08-17T12:23:26.892+0000] {processor.py:842} WARNING - No viable dags retrieved from /opt/airflow/dags/data/models/Mozambique/cases_TS_model.pkl
[2024-08-17T12:23:26.908+0000] {processor.py:183} INFO - Processing /opt/airflow/dags/data/models/Mozambique/cases_TS_model.pkl took 0.045 seconds
[2024-08-17T12:24:06.841+0000] {processor.py:161} INFO - Started process (PID=31989) to work on /opt/airflow/dags/data/models/Mozambique/cases_TS_model.pkl
[2024-08-17T12:24:06.842+0000] {processor.py:830} INFO - Processing file /opt/airflow/dags/data/models/Mozambique/cases_TS_model.pkl for tasks to queue
[2024-08-17T12:24:06.844+0000] {logging_mixin.py:188} INFO - [2024-08-17T12:24:06.843+0000] {dagbag.py:545} INFO - Filling up the DagBag from /opt/airflow/dags/data/models/Mozambique/cases_TS_model.pkl
[2024-08-17T12:24:06.862+0000] {processor.py:842} WARNING - No viable dags retrieved from /opt/airflow/dags/data/models/Mozambique/cases_TS_model.pkl
[2024-08-17T12:24:06.880+0000] {processor.py:183} INFO - Processing /opt/airflow/dags/data/models/Mozambique/cases_TS_model.pkl took 0.051 seconds
[2024-08-17T12:24:53.434+0000] {processor.py:161} INFO - Started process (PID=32756) to work on /opt/airflow/dags/data/models/Mozambique/cases_TS_model.pkl
[2024-08-17T12:24:53.435+0000] {processor.py:830} INFO - Processing file /opt/airflow/dags/data/models/Mozambique/cases_TS_model.pkl for tasks to queue
[2024-08-17T12:24:53.436+0000] {logging_mixin.py:188} INFO - [2024-08-17T12:24:53.436+0000] {dagbag.py:545} INFO - Filling up the DagBag from /opt/airflow/dags/data/models/Mozambique/cases_TS_model.pkl
[2024-08-17T12:24:53.449+0000] {processor.py:842} WARNING - No viable dags retrieved from /opt/airflow/dags/data/models/Mozambique/cases_TS_model.pkl
[2024-08-17T12:24:53.463+0000] {processor.py:183} INFO - Processing /opt/airflow/dags/data/models/Mozambique/cases_TS_model.pkl took 0.033 seconds
[2024-08-17T12:25:38.046+0000] {processor.py:161} INFO - Started process (PID=33511) to work on /opt/airflow/dags/data/models/Mozambique/cases_TS_model.pkl
[2024-08-17T12:25:38.046+0000] {processor.py:830} INFO - Processing file /opt/airflow/dags/data/models/Mozambique/cases_TS_model.pkl for tasks to queue
[2024-08-17T12:25:38.047+0000] {logging_mixin.py:188} INFO - [2024-08-17T12:25:38.047+0000] {dagbag.py:545} INFO - Filling up the DagBag from /opt/airflow/dags/data/models/Mozambique/cases_TS_model.pkl
[2024-08-17T12:25:38.062+0000] {processor.py:842} WARNING - No viable dags retrieved from /opt/airflow/dags/data/models/Mozambique/cases_TS_model.pkl
[2024-08-17T12:25:38.074+0000] {processor.py:183} INFO - Processing /opt/airflow/dags/data/models/Mozambique/cases_TS_model.pkl took 0.033 seconds
[2024-08-17T12:26:16.901+0000] {processor.py:161} INFO - Started process (PID=34258) to work on /opt/airflow/dags/data/models/Mozambique/cases_TS_model.pkl
[2024-08-17T12:26:16.902+0000] {processor.py:830} INFO - Processing file /opt/airflow/dags/data/models/Mozambique/cases_TS_model.pkl for tasks to queue
[2024-08-17T12:26:16.903+0000] {logging_mixin.py:188} INFO - [2024-08-17T12:26:16.902+0000] {dagbag.py:545} INFO - Filling up the DagBag from /opt/airflow/dags/data/models/Mozambique/cases_TS_model.pkl
[2024-08-17T12:26:16.917+0000] {processor.py:842} WARNING - No viable dags retrieved from /opt/airflow/dags/data/models/Mozambique/cases_TS_model.pkl
[2024-08-17T12:26:16.929+0000] {processor.py:183} INFO - Processing /opt/airflow/dags/data/models/Mozambique/cases_TS_model.pkl took 0.032 seconds
[2024-08-17T12:26:53.378+0000] {processor.py:161} INFO - Started process (PID=34911) to work on /opt/airflow/dags/data/models/Mozambique/cases_TS_model.pkl
[2024-08-17T12:26:53.379+0000] {processor.py:830} INFO - Processing file /opt/airflow/dags/data/models/Mozambique/cases_TS_model.pkl for tasks to queue
[2024-08-17T12:26:53.380+0000] {logging_mixin.py:188} INFO - [2024-08-17T12:26:53.380+0000] {dagbag.py:545} INFO - Filling up the DagBag from /opt/airflow/dags/data/models/Mozambique/cases_TS_model.pkl
[2024-08-17T12:26:53.397+0000] {processor.py:842} WARNING - No viable dags retrieved from /opt/airflow/dags/data/models/Mozambique/cases_TS_model.pkl
[2024-08-17T12:26:53.411+0000] {processor.py:183} INFO - Processing /opt/airflow/dags/data/models/Mozambique/cases_TS_model.pkl took 0.038 seconds
[2024-08-17T12:27:28.460+0000] {processor.py:161} INFO - Started process (PID=35604) to work on /opt/airflow/dags/data/models/Mozambique/cases_TS_model.pkl
[2024-08-17T12:27:28.462+0000] {processor.py:830} INFO - Processing file /opt/airflow/dags/data/models/Mozambique/cases_TS_model.pkl for tasks to queue
[2024-08-17T12:27:28.463+0000] {logging_mixin.py:188} INFO - [2024-08-17T12:27:28.462+0000] {dagbag.py:545} INFO - Filling up the DagBag from /opt/airflow/dags/data/models/Mozambique/cases_TS_model.pkl
[2024-08-17T12:27:28.479+0000] {processor.py:842} WARNING - No viable dags retrieved from /opt/airflow/dags/data/models/Mozambique/cases_TS_model.pkl
[2024-08-17T12:27:28.489+0000] {processor.py:183} INFO - Processing /opt/airflow/dags/data/models/Mozambique/cases_TS_model.pkl took 0.033 seconds
[2024-08-17T12:28:19.515+0000] {processor.py:161} INFO - Started process (PID=36319) to work on /opt/airflow/dags/data/models/Mozambique/cases_TS_model.pkl
[2024-08-17T12:28:19.517+0000] {processor.py:830} INFO - Processing file /opt/airflow/dags/data/models/Mozambique/cases_TS_model.pkl for tasks to queue
[2024-08-17T12:28:19.517+0000] {logging_mixin.py:188} INFO - [2024-08-17T12:28:19.517+0000] {dagbag.py:545} INFO - Filling up the DagBag from /opt/airflow/dags/data/models/Mozambique/cases_TS_model.pkl
[2024-08-17T12:28:19.529+0000] {processor.py:842} WARNING - No viable dags retrieved from /opt/airflow/dags/data/models/Mozambique/cases_TS_model.pkl
[2024-08-17T12:28:19.540+0000] {processor.py:183} INFO - Processing /opt/airflow/dags/data/models/Mozambique/cases_TS_model.pkl took 0.030 seconds
[2024-08-17T12:28:54.450+0000] {processor.py:161} INFO - Started process (PID=37063) to work on /opt/airflow/dags/data/models/Mozambique/cases_TS_model.pkl
[2024-08-17T12:28:54.451+0000] {processor.py:830} INFO - Processing file /opt/airflow/dags/data/models/Mozambique/cases_TS_model.pkl for tasks to queue
[2024-08-17T12:28:54.452+0000] {logging_mixin.py:188} INFO - [2024-08-17T12:28:54.451+0000] {dagbag.py:545} INFO - Filling up the DagBag from /opt/airflow/dags/data/models/Mozambique/cases_TS_model.pkl
[2024-08-17T12:28:54.460+0000] {processor.py:842} WARNING - No viable dags retrieved from /opt/airflow/dags/data/models/Mozambique/cases_TS_model.pkl
[2024-08-17T12:28:54.470+0000] {processor.py:183} INFO - Processing /opt/airflow/dags/data/models/Mozambique/cases_TS_model.pkl took 0.024 seconds
[2024-08-17T12:29:28.319+0000] {processor.py:161} INFO - Started process (PID=37808) to work on /opt/airflow/dags/data/models/Mozambique/cases_TS_model.pkl
[2024-08-17T12:29:28.319+0000] {processor.py:830} INFO - Processing file /opt/airflow/dags/data/models/Mozambique/cases_TS_model.pkl for tasks to queue
[2024-08-17T12:29:28.320+0000] {logging_mixin.py:188} INFO - [2024-08-17T12:29:28.320+0000] {dagbag.py:545} INFO - Filling up the DagBag from /opt/airflow/dags/data/models/Mozambique/cases_TS_model.pkl
[2024-08-17T12:29:28.330+0000] {processor.py:842} WARNING - No viable dags retrieved from /opt/airflow/dags/data/models/Mozambique/cases_TS_model.pkl
[2024-08-17T12:29:28.340+0000] {processor.py:183} INFO - Processing /opt/airflow/dags/data/models/Mozambique/cases_TS_model.pkl took 0.025 seconds
[2024-08-17T12:30:00.679+0000] {processor.py:161} INFO - Started process (PID=38533) to work on /opt/airflow/dags/data/models/Mozambique/cases_TS_model.pkl
[2024-08-17T12:30:00.680+0000] {processor.py:830} INFO - Processing file /opt/airflow/dags/data/models/Mozambique/cases_TS_model.pkl for tasks to queue
[2024-08-17T12:30:00.680+0000] {logging_mixin.py:188} INFO - [2024-08-17T12:30:00.680+0000] {dagbag.py:545} INFO - Filling up the DagBag from /opt/airflow/dags/data/models/Mozambique/cases_TS_model.pkl
[2024-08-17T12:30:00.692+0000] {processor.py:842} WARNING - No viable dags retrieved from /opt/airflow/dags/data/models/Mozambique/cases_TS_model.pkl
[2024-08-17T12:30:00.704+0000] {processor.py:183} INFO - Processing /opt/airflow/dags/data/models/Mozambique/cases_TS_model.pkl took 0.029 seconds
[2024-08-17T12:30:33.667+0000] {processor.py:161} INFO - Started process (PID=39269) to work on /opt/airflow/dags/data/models/Mozambique/cases_TS_model.pkl
[2024-08-17T12:30:33.668+0000] {processor.py:830} INFO - Processing file /opt/airflow/dags/data/models/Mozambique/cases_TS_model.pkl for tasks to queue
[2024-08-17T12:30:33.668+0000] {logging_mixin.py:188} INFO - [2024-08-17T12:30:33.668+0000] {dagbag.py:545} INFO - Filling up the DagBag from /opt/airflow/dags/data/models/Mozambique/cases_TS_model.pkl
[2024-08-17T12:30:33.675+0000] {processor.py:842} WARNING - No viable dags retrieved from /opt/airflow/dags/data/models/Mozambique/cases_TS_model.pkl
[2024-08-17T12:30:33.684+0000] {processor.py:183} INFO - Processing /opt/airflow/dags/data/models/Mozambique/cases_TS_model.pkl took 0.020 seconds
[2024-08-17T12:31:07.121+0000] {processor.py:161} INFO - Started process (PID=40016) to work on /opt/airflow/dags/data/models/Mozambique/cases_TS_model.pkl
[2024-08-17T12:31:07.121+0000] {processor.py:830} INFO - Processing file /opt/airflow/dags/data/models/Mozambique/cases_TS_model.pkl for tasks to queue
[2024-08-17T12:31:07.122+0000] {logging_mixin.py:188} INFO - [2024-08-17T12:31:07.122+0000] {dagbag.py:545} INFO - Filling up the DagBag from /opt/airflow/dags/data/models/Mozambique/cases_TS_model.pkl
[2024-08-17T12:31:07.130+0000] {processor.py:842} WARNING - No viable dags retrieved from /opt/airflow/dags/data/models/Mozambique/cases_TS_model.pkl
[2024-08-17T12:31:07.140+0000] {processor.py:183} INFO - Processing /opt/airflow/dags/data/models/Mozambique/cases_TS_model.pkl took 0.023 seconds
[2024-08-17T12:31:41.001+0000] {processor.py:161} INFO - Started process (PID=40762) to work on /opt/airflow/dags/data/models/Mozambique/cases_TS_model.pkl
[2024-08-17T12:31:41.001+0000] {processor.py:830} INFO - Processing file /opt/airflow/dags/data/models/Mozambique/cases_TS_model.pkl for tasks to queue
[2024-08-17T12:31:41.002+0000] {logging_mixin.py:188} INFO - [2024-08-17T12:31:41.002+0000] {dagbag.py:545} INFO - Filling up the DagBag from /opt/airflow/dags/data/models/Mozambique/cases_TS_model.pkl
[2024-08-17T12:31:41.011+0000] {processor.py:842} WARNING - No viable dags retrieved from /opt/airflow/dags/data/models/Mozambique/cases_TS_model.pkl
[2024-08-17T12:31:41.021+0000] {processor.py:183} INFO - Processing /opt/airflow/dags/data/models/Mozambique/cases_TS_model.pkl took 0.024 seconds
[2024-08-17T12:32:17.082+0000] {processor.py:161} INFO - Started process (PID=41485) to work on /opt/airflow/dags/data/models/Mozambique/cases_TS_model.pkl
[2024-08-17T12:32:17.083+0000] {processor.py:830} INFO - Processing file /opt/airflow/dags/data/models/Mozambique/cases_TS_model.pkl for tasks to queue
[2024-08-17T12:32:17.083+0000] {logging_mixin.py:188} INFO - [2024-08-17T12:32:17.083+0000] {dagbag.py:545} INFO - Filling up the DagBag from /opt/airflow/dags/data/models/Mozambique/cases_TS_model.pkl
[2024-08-17T12:32:17.093+0000] {processor.py:842} WARNING - No viable dags retrieved from /opt/airflow/dags/data/models/Mozambique/cases_TS_model.pkl
[2024-08-17T12:32:17.104+0000] {processor.py:183} INFO - Processing /opt/airflow/dags/data/models/Mozambique/cases_TS_model.pkl took 0.027 seconds
[2024-08-17T12:33:00.723+0000] {processor.py:161} INFO - Started process (PID=42254) to work on /opt/airflow/dags/data/models/Mozambique/cases_TS_model.pkl
[2024-08-17T12:33:00.725+0000] {processor.py:830} INFO - Processing file /opt/airflow/dags/data/models/Mozambique/cases_TS_model.pkl for tasks to queue
[2024-08-17T12:33:00.725+0000] {logging_mixin.py:188} INFO - [2024-08-17T12:33:00.725+0000] {dagbag.py:545} INFO - Filling up the DagBag from /opt/airflow/dags/data/models/Mozambique/cases_TS_model.pkl
[2024-08-17T12:33:00.737+0000] {processor.py:842} WARNING - No viable dags retrieved from /opt/airflow/dags/data/models/Mozambique/cases_TS_model.pkl
[2024-08-17T12:33:00.748+0000] {processor.py:183} INFO - Processing /opt/airflow/dags/data/models/Mozambique/cases_TS_model.pkl took 0.030 seconds
[2024-08-17T12:33:32.574+0000] {processor.py:161} INFO - Started process (PID=42974) to work on /opt/airflow/dags/data/models/Mozambique/cases_TS_model.pkl
[2024-08-17T12:33:32.575+0000] {processor.py:830} INFO - Processing file /opt/airflow/dags/data/models/Mozambique/cases_TS_model.pkl for tasks to queue
[2024-08-17T12:33:32.576+0000] {logging_mixin.py:188} INFO - [2024-08-17T12:33:32.575+0000] {dagbag.py:545} INFO - Filling up the DagBag from /opt/airflow/dags/data/models/Mozambique/cases_TS_model.pkl
[2024-08-17T12:33:32.585+0000] {processor.py:842} WARNING - No viable dags retrieved from /opt/airflow/dags/data/models/Mozambique/cases_TS_model.pkl
[2024-08-17T12:33:32.594+0000] {processor.py:183} INFO - Processing /opt/airflow/dags/data/models/Mozambique/cases_TS_model.pkl took 0.024 seconds
[2024-08-17T12:34:04.142+0000] {processor.py:161} INFO - Started process (PID=43718) to work on /opt/airflow/dags/data/models/Mozambique/cases_TS_model.pkl
[2024-08-17T12:34:04.143+0000] {processor.py:830} INFO - Processing file /opt/airflow/dags/data/models/Mozambique/cases_TS_model.pkl for tasks to queue
[2024-08-17T12:34:04.143+0000] {logging_mixin.py:188} INFO - [2024-08-17T12:34:04.143+0000] {dagbag.py:545} INFO - Filling up the DagBag from /opt/airflow/dags/data/models/Mozambique/cases_TS_model.pkl
[2024-08-17T12:34:04.154+0000] {processor.py:842} WARNING - No viable dags retrieved from /opt/airflow/dags/data/models/Mozambique/cases_TS_model.pkl
[2024-08-17T12:34:04.163+0000] {processor.py:183} INFO - Processing /opt/airflow/dags/data/models/Mozambique/cases_TS_model.pkl took 0.024 seconds
[2024-08-17T12:34:36.925+0000] {processor.py:161} INFO - Started process (PID=44449) to work on /opt/airflow/dags/data/models/Mozambique/cases_TS_model.pkl
[2024-08-17T12:34:36.926+0000] {processor.py:830} INFO - Processing file /opt/airflow/dags/data/models/Mozambique/cases_TS_model.pkl for tasks to queue
[2024-08-17T12:34:36.928+0000] {logging_mixin.py:188} INFO - [2024-08-17T12:34:36.928+0000] {dagbag.py:545} INFO - Filling up the DagBag from /opt/airflow/dags/data/models/Mozambique/cases_TS_model.pkl
[2024-08-17T12:34:36.937+0000] {processor.py:842} WARNING - No viable dags retrieved from /opt/airflow/dags/data/models/Mozambique/cases_TS_model.pkl
[2024-08-17T12:34:36.946+0000] {processor.py:183} INFO - Processing /opt/airflow/dags/data/models/Mozambique/cases_TS_model.pkl took 0.025 seconds
[2024-08-17T12:35:09.946+0000] {processor.py:161} INFO - Started process (PID=45202) to work on /opt/airflow/dags/data/models/Mozambique/cases_TS_model.pkl
[2024-08-17T12:35:09.947+0000] {processor.py:830} INFO - Processing file /opt/airflow/dags/data/models/Mozambique/cases_TS_model.pkl for tasks to queue
[2024-08-17T12:35:09.948+0000] {logging_mixin.py:188} INFO - [2024-08-17T12:35:09.947+0000] {dagbag.py:545} INFO - Filling up the DagBag from /opt/airflow/dags/data/models/Mozambique/cases_TS_model.pkl
[2024-08-17T12:35:09.956+0000] {processor.py:842} WARNING - No viable dags retrieved from /opt/airflow/dags/data/models/Mozambique/cases_TS_model.pkl
[2024-08-17T12:35:09.967+0000] {processor.py:183} INFO - Processing /opt/airflow/dags/data/models/Mozambique/cases_TS_model.pkl took 0.025 seconds
[2024-08-17T12:35:43.856+0000] {processor.py:161} INFO - Started process (PID=45935) to work on /opt/airflow/dags/data/models/Mozambique/cases_TS_model.pkl
[2024-08-17T12:35:43.857+0000] {processor.py:830} INFO - Processing file /opt/airflow/dags/data/models/Mozambique/cases_TS_model.pkl for tasks to queue
[2024-08-17T12:35:43.857+0000] {logging_mixin.py:188} INFO - [2024-08-17T12:35:43.857+0000] {dagbag.py:545} INFO - Filling up the DagBag from /opt/airflow/dags/data/models/Mozambique/cases_TS_model.pkl
[2024-08-17T12:35:43.866+0000] {processor.py:842} WARNING - No viable dags retrieved from /opt/airflow/dags/data/models/Mozambique/cases_TS_model.pkl
[2024-08-17T12:35:43.876+0000] {processor.py:183} INFO - Processing /opt/airflow/dags/data/models/Mozambique/cases_TS_model.pkl took 0.024 seconds
[2024-08-17T12:36:16.769+0000] {processor.py:161} INFO - Started process (PID=46657) to work on /opt/airflow/dags/data/models/Mozambique/cases_TS_model.pkl
[2024-08-17T12:36:16.770+0000] {processor.py:830} INFO - Processing file /opt/airflow/dags/data/models/Mozambique/cases_TS_model.pkl for tasks to queue
[2024-08-17T12:36:16.771+0000] {logging_mixin.py:188} INFO - [2024-08-17T12:36:16.771+0000] {dagbag.py:545} INFO - Filling up the DagBag from /opt/airflow/dags/data/models/Mozambique/cases_TS_model.pkl
[2024-08-17T12:36:16.779+0000] {processor.py:842} WARNING - No viable dags retrieved from /opt/airflow/dags/data/models/Mozambique/cases_TS_model.pkl
[2024-08-17T12:36:16.788+0000] {processor.py:183} INFO - Processing /opt/airflow/dags/data/models/Mozambique/cases_TS_model.pkl took 0.022 seconds
[2024-08-17T12:36:48.691+0000] {processor.py:161} INFO - Started process (PID=47382) to work on /opt/airflow/dags/data/models/Mozambique/cases_TS_model.pkl
[2024-08-17T12:36:48.692+0000] {processor.py:830} INFO - Processing file /opt/airflow/dags/data/models/Mozambique/cases_TS_model.pkl for tasks to queue
[2024-08-17T12:36:48.693+0000] {logging_mixin.py:188} INFO - [2024-08-17T12:36:48.693+0000] {dagbag.py:545} INFO - Filling up the DagBag from /opt/airflow/dags/data/models/Mozambique/cases_TS_model.pkl
[2024-08-17T12:36:48.705+0000] {processor.py:842} WARNING - No viable dags retrieved from /opt/airflow/dags/data/models/Mozambique/cases_TS_model.pkl
[2024-08-17T12:36:48.716+0000] {processor.py:183} INFO - Processing /opt/airflow/dags/data/models/Mozambique/cases_TS_model.pkl took 0.028 seconds
[2024-08-17T12:37:20.435+0000] {processor.py:161} INFO - Started process (PID=48123) to work on /opt/airflow/dags/data/models/Mozambique/cases_TS_model.pkl
[2024-08-17T12:37:20.436+0000] {processor.py:830} INFO - Processing file /opt/airflow/dags/data/models/Mozambique/cases_TS_model.pkl for tasks to queue
[2024-08-17T12:37:20.437+0000] {logging_mixin.py:188} INFO - [2024-08-17T12:37:20.436+0000] {dagbag.py:545} INFO - Filling up the DagBag from /opt/airflow/dags/data/models/Mozambique/cases_TS_model.pkl
[2024-08-17T12:37:20.445+0000] {processor.py:842} WARNING - No viable dags retrieved from /opt/airflow/dags/data/models/Mozambique/cases_TS_model.pkl
[2024-08-17T12:37:20.456+0000] {processor.py:183} INFO - Processing /opt/airflow/dags/data/models/Mozambique/cases_TS_model.pkl took 0.024 seconds
[2024-08-17T12:38:03.030+0000] {processor.py:161} INFO - Started process (PID=48851) to work on /opt/airflow/dags/data/models/Mozambique/cases_TS_model.pkl
[2024-08-17T12:38:03.031+0000] {processor.py:830} INFO - Processing file /opt/airflow/dags/data/models/Mozambique/cases_TS_model.pkl for tasks to queue
[2024-08-17T12:38:03.031+0000] {logging_mixin.py:188} INFO - [2024-08-17T12:38:03.031+0000] {dagbag.py:545} INFO - Filling up the DagBag from /opt/airflow/dags/data/models/Mozambique/cases_TS_model.pkl
[2024-08-17T12:38:03.040+0000] {processor.py:842} WARNING - No viable dags retrieved from /opt/airflow/dags/data/models/Mozambique/cases_TS_model.pkl
[2024-08-17T12:38:03.049+0000] {processor.py:183} INFO - Processing /opt/airflow/dags/data/models/Mozambique/cases_TS_model.pkl took 0.022 seconds
[2024-08-17T12:38:36.165+0000] {processor.py:161} INFO - Started process (PID=49594) to work on /opt/airflow/dags/data/models/Mozambique/cases_TS_model.pkl
[2024-08-17T12:38:36.166+0000] {processor.py:830} INFO - Processing file /opt/airflow/dags/data/models/Mozambique/cases_TS_model.pkl for tasks to queue
[2024-08-17T12:38:36.168+0000] {logging_mixin.py:188} INFO - [2024-08-17T12:38:36.167+0000] {dagbag.py:545} INFO - Filling up the DagBag from /opt/airflow/dags/data/models/Mozambique/cases_TS_model.pkl
[2024-08-17T12:38:36.177+0000] {processor.py:842} WARNING - No viable dags retrieved from /opt/airflow/dags/data/models/Mozambique/cases_TS_model.pkl
[2024-08-17T12:38:36.187+0000] {processor.py:183} INFO - Processing /opt/airflow/dags/data/models/Mozambique/cases_TS_model.pkl took 0.025 seconds
[2024-08-17T12:39:08.303+0000] {processor.py:161} INFO - Started process (PID=50337) to work on /opt/airflow/dags/data/models/Mozambique/cases_TS_model.pkl
[2024-08-17T12:39:08.304+0000] {processor.py:830} INFO - Processing file /opt/airflow/dags/data/models/Mozambique/cases_TS_model.pkl for tasks to queue
[2024-08-17T12:39:08.304+0000] {logging_mixin.py:188} INFO - [2024-08-17T12:39:08.304+0000] {dagbag.py:545} INFO - Filling up the DagBag from /opt/airflow/dags/data/models/Mozambique/cases_TS_model.pkl
[2024-08-17T12:39:08.318+0000] {processor.py:842} WARNING - No viable dags retrieved from /opt/airflow/dags/data/models/Mozambique/cases_TS_model.pkl
[2024-08-17T12:39:08.328+0000] {processor.py:183} INFO - Processing /opt/airflow/dags/data/models/Mozambique/cases_TS_model.pkl took 0.029 seconds
[2024-08-17T12:39:39.936+0000] {processor.py:161} INFO - Started process (PID=51054) to work on /opt/airflow/dags/data/models/Mozambique/cases_TS_model.pkl
[2024-08-17T12:39:39.937+0000] {processor.py:830} INFO - Processing file /opt/airflow/dags/data/models/Mozambique/cases_TS_model.pkl for tasks to queue
[2024-08-17T12:39:39.938+0000] {logging_mixin.py:188} INFO - [2024-08-17T12:39:39.937+0000] {dagbag.py:545} INFO - Filling up the DagBag from /opt/airflow/dags/data/models/Mozambique/cases_TS_model.pkl
[2024-08-17T12:39:39.955+0000] {processor.py:842} WARNING - No viable dags retrieved from /opt/airflow/dags/data/models/Mozambique/cases_TS_model.pkl
[2024-08-17T12:39:39.965+0000] {processor.py:183} INFO - Processing /opt/airflow/dags/data/models/Mozambique/cases_TS_model.pkl took 0.032 seconds
[2024-08-17T12:40:12.035+0000] {processor.py:161} INFO - Started process (PID=51798) to work on /opt/airflow/dags/data/models/Mozambique/cases_TS_model.pkl
[2024-08-17T12:40:12.035+0000] {processor.py:830} INFO - Processing file /opt/airflow/dags/data/models/Mozambique/cases_TS_model.pkl for tasks to queue
[2024-08-17T12:40:12.036+0000] {logging_mixin.py:188} INFO - [2024-08-17T12:40:12.036+0000] {dagbag.py:545} INFO - Filling up the DagBag from /opt/airflow/dags/data/models/Mozambique/cases_TS_model.pkl
[2024-08-17T12:40:12.044+0000] {processor.py:842} WARNING - No viable dags retrieved from /opt/airflow/dags/data/models/Mozambique/cases_TS_model.pkl
[2024-08-17T12:40:12.054+0000] {processor.py:183} INFO - Processing /opt/airflow/dags/data/models/Mozambique/cases_TS_model.pkl took 0.024 seconds
[2024-08-17T12:40:44.446+0000] {processor.py:161} INFO - Started process (PID=52501) to work on /opt/airflow/dags/data/models/Mozambique/cases_TS_model.pkl
[2024-08-17T12:40:44.447+0000] {processor.py:830} INFO - Processing file /opt/airflow/dags/data/models/Mozambique/cases_TS_model.pkl for tasks to queue
[2024-08-17T12:40:44.447+0000] {logging_mixin.py:188} INFO - [2024-08-17T12:40:44.447+0000] {dagbag.py:545} INFO - Filling up the DagBag from /opt/airflow/dags/data/models/Mozambique/cases_TS_model.pkl
[2024-08-17T12:40:44.463+0000] {processor.py:842} WARNING - No viable dags retrieved from /opt/airflow/dags/data/models/Mozambique/cases_TS_model.pkl
[2024-08-17T12:40:44.473+0000] {processor.py:183} INFO - Processing /opt/airflow/dags/data/models/Mozambique/cases_TS_model.pkl took 0.030 seconds
[2024-08-17T12:41:16.651+0000] {processor.py:161} INFO - Started process (PID=53242) to work on /opt/airflow/dags/data/models/Mozambique/cases_TS_model.pkl
[2024-08-17T12:41:16.652+0000] {processor.py:830} INFO - Processing file /opt/airflow/dags/data/models/Mozambique/cases_TS_model.pkl for tasks to queue
[2024-08-17T12:41:16.652+0000] {logging_mixin.py:188} INFO - [2024-08-17T12:41:16.652+0000] {dagbag.py:545} INFO - Filling up the DagBag from /opt/airflow/dags/data/models/Mozambique/cases_TS_model.pkl
[2024-08-17T12:41:16.658+0000] {processor.py:842} WARNING - No viable dags retrieved from /opt/airflow/dags/data/models/Mozambique/cases_TS_model.pkl
[2024-08-17T12:41:16.667+0000] {processor.py:183} INFO - Processing /opt/airflow/dags/data/models/Mozambique/cases_TS_model.pkl took 0.020 seconds
