[2024-08-17T02:53:54.551+0000] {processor.py:161} INFO - Started process (PID=85313) to work on /opt/airflow/dags/data/models/Laos/TS_model.pkl
[2024-08-17T02:53:54.553+0000] {processor.py:830} INFO - Processing file /opt/airflow/dags/data/models/Laos/TS_model.pkl for tasks to queue
[2024-08-17T02:53:54.554+0000] {logging_mixin.py:188} INFO - [2024-08-17T02:53:54.554+0000] {dagbag.py:545} INFO - Filling up the DagBag from /opt/airflow/dags/data/models/Laos/TS_model.pkl
[2024-08-17T02:53:54.577+0000] {processor.py:842} WARNING - No viable dags retrieved from /opt/airflow/dags/data/models/Laos/TS_model.pkl
[2024-08-17T02:53:54.588+0000] {processor.py:183} INFO - Processing /opt/airflow/dags/data/models/Laos/TS_model.pkl took 0.043 seconds
[2024-08-17T02:54:25.630+0000] {processor.py:161} INFO - Started process (PID=85645) to work on /opt/airflow/dags/data/models/Laos/TS_model.pkl
[2024-08-17T02:54:25.631+0000] {processor.py:830} INFO - Processing file /opt/airflow/dags/data/models/Laos/TS_model.pkl for tasks to queue
[2024-08-17T02:54:25.633+0000] {logging_mixin.py:188} INFO - [2024-08-17T02:54:25.633+0000] {dagbag.py:545} INFO - Filling up the DagBag from /opt/airflow/dags/data/models/Laos/TS_model.pkl
[2024-08-17T02:54:25.655+0000] {processor.py:842} WARNING - No viable dags retrieved from /opt/airflow/dags/data/models/Laos/TS_model.pkl
[2024-08-17T02:54:25.666+0000] {processor.py:183} INFO - Processing /opt/airflow/dags/data/models/Laos/TS_model.pkl took 0.039 seconds
[2024-08-17T02:54:56.403+0000] {processor.py:161} INFO - Started process (PID=86003) to work on /opt/airflow/dags/data/models/Laos/TS_model.pkl
[2024-08-17T02:54:56.403+0000] {processor.py:830} INFO - Processing file /opt/airflow/dags/data/models/Laos/TS_model.pkl for tasks to queue
[2024-08-17T02:54:56.404+0000] {logging_mixin.py:188} INFO - [2024-08-17T02:54:56.404+0000] {dagbag.py:545} INFO - Filling up the DagBag from /opt/airflow/dags/data/models/Laos/TS_model.pkl
[2024-08-17T02:54:56.416+0000] {processor.py:842} WARNING - No viable dags retrieved from /opt/airflow/dags/data/models/Laos/TS_model.pkl
[2024-08-17T02:54:56.427+0000] {processor.py:183} INFO - Processing /opt/airflow/dags/data/models/Laos/TS_model.pkl took 0.028 seconds
[2024-08-17T02:55:27.313+0000] {processor.py:161} INFO - Started process (PID=86342) to work on /opt/airflow/dags/data/models/Laos/TS_model.pkl
[2024-08-17T02:55:27.314+0000] {processor.py:830} INFO - Processing file /opt/airflow/dags/data/models/Laos/TS_model.pkl for tasks to queue
[2024-08-17T02:55:27.314+0000] {logging_mixin.py:188} INFO - [2024-08-17T02:55:27.314+0000] {dagbag.py:545} INFO - Filling up the DagBag from /opt/airflow/dags/data/models/Laos/TS_model.pkl
[2024-08-17T02:55:27.331+0000] {processor.py:842} WARNING - No viable dags retrieved from /opt/airflow/dags/data/models/Laos/TS_model.pkl
[2024-08-17T02:55:27.341+0000] {processor.py:183} INFO - Processing /opt/airflow/dags/data/models/Laos/TS_model.pkl took 0.033 seconds
[2024-08-17T02:55:58.054+0000] {processor.py:161} INFO - Started process (PID=86693) to work on /opt/airflow/dags/data/models/Laos/TS_model.pkl
[2024-08-17T02:55:58.055+0000] {processor.py:830} INFO - Processing file /opt/airflow/dags/data/models/Laos/TS_model.pkl for tasks to queue
[2024-08-17T02:55:58.055+0000] {logging_mixin.py:188} INFO - [2024-08-17T02:55:58.055+0000] {dagbag.py:545} INFO - Filling up the DagBag from /opt/airflow/dags/data/models/Laos/TS_model.pkl
[2024-08-17T02:55:58.067+0000] {processor.py:842} WARNING - No viable dags retrieved from /opt/airflow/dags/data/models/Laos/TS_model.pkl
[2024-08-17T02:55:58.077+0000] {processor.py:183} INFO - Processing /opt/airflow/dags/data/models/Laos/TS_model.pkl took 0.027 seconds
[2024-08-17T02:56:29.008+0000] {processor.py:161} INFO - Started process (PID=87053) to work on /opt/airflow/dags/data/models/Laos/TS_model.pkl
[2024-08-17T02:56:29.009+0000] {processor.py:830} INFO - Processing file /opt/airflow/dags/data/models/Laos/TS_model.pkl for tasks to queue
[2024-08-17T02:56:29.010+0000] {logging_mixin.py:188} INFO - [2024-08-17T02:56:29.009+0000] {dagbag.py:545} INFO - Filling up the DagBag from /opt/airflow/dags/data/models/Laos/TS_model.pkl
[2024-08-17T02:56:29.022+0000] {processor.py:842} WARNING - No viable dags retrieved from /opt/airflow/dags/data/models/Laos/TS_model.pkl
[2024-08-17T02:56:29.033+0000] {processor.py:183} INFO - Processing /opt/airflow/dags/data/models/Laos/TS_model.pkl took 0.030 seconds
[2024-08-17T02:57:00.021+0000] {processor.py:161} INFO - Started process (PID=87385) to work on /opt/airflow/dags/data/models/Laos/TS_model.pkl
[2024-08-17T02:57:00.022+0000] {processor.py:830} INFO - Processing file /opt/airflow/dags/data/models/Laos/TS_model.pkl for tasks to queue
[2024-08-17T02:57:00.023+0000] {logging_mixin.py:188} INFO - [2024-08-17T02:57:00.023+0000] {dagbag.py:545} INFO - Filling up the DagBag from /opt/airflow/dags/data/models/Laos/TS_model.pkl
[2024-08-17T02:57:00.034+0000] {processor.py:842} WARNING - No viable dags retrieved from /opt/airflow/dags/data/models/Laos/TS_model.pkl
[2024-08-17T02:57:00.044+0000] {processor.py:183} INFO - Processing /opt/airflow/dags/data/models/Laos/TS_model.pkl took 0.028 seconds
[2024-08-17T02:57:30.823+0000] {processor.py:161} INFO - Started process (PID=87722) to work on /opt/airflow/dags/data/models/Laos/TS_model.pkl
[2024-08-17T02:57:30.824+0000] {processor.py:830} INFO - Processing file /opt/airflow/dags/data/models/Laos/TS_model.pkl for tasks to queue
[2024-08-17T02:57:30.825+0000] {logging_mixin.py:188} INFO - [2024-08-17T02:57:30.824+0000] {dagbag.py:545} INFO - Filling up the DagBag from /opt/airflow/dags/data/models/Laos/TS_model.pkl
[2024-08-17T02:57:30.838+0000] {processor.py:842} WARNING - No viable dags retrieved from /opt/airflow/dags/data/models/Laos/TS_model.pkl
[2024-08-17T02:57:30.848+0000] {processor.py:183} INFO - Processing /opt/airflow/dags/data/models/Laos/TS_model.pkl took 0.030 seconds
[2024-08-17T02:58:01.767+0000] {processor.py:161} INFO - Started process (PID=88054) to work on /opt/airflow/dags/data/models/Laos/TS_model.pkl
[2024-08-17T02:58:01.769+0000] {processor.py:830} INFO - Processing file /opt/airflow/dags/data/models/Laos/TS_model.pkl for tasks to queue
[2024-08-17T02:58:01.770+0000] {logging_mixin.py:188} INFO - [2024-08-17T02:58:01.770+0000] {dagbag.py:545} INFO - Filling up the DagBag from /opt/airflow/dags/data/models/Laos/TS_model.pkl
[2024-08-17T02:58:01.783+0000] {processor.py:842} WARNING - No viable dags retrieved from /opt/airflow/dags/data/models/Laos/TS_model.pkl
[2024-08-17T02:58:01.795+0000] {processor.py:183} INFO - Processing /opt/airflow/dags/data/models/Laos/TS_model.pkl took 0.032 seconds
[2024-08-17T02:58:32.479+0000] {processor.py:161} INFO - Started process (PID=88413) to work on /opt/airflow/dags/data/models/Laos/TS_model.pkl
[2024-08-17T02:58:32.480+0000] {processor.py:830} INFO - Processing file /opt/airflow/dags/data/models/Laos/TS_model.pkl for tasks to queue
[2024-08-17T02:58:32.481+0000] {logging_mixin.py:188} INFO - [2024-08-17T02:58:32.481+0000] {dagbag.py:545} INFO - Filling up the DagBag from /opt/airflow/dags/data/models/Laos/TS_model.pkl
[2024-08-17T02:58:32.494+0000] {processor.py:842} WARNING - No viable dags retrieved from /opt/airflow/dags/data/models/Laos/TS_model.pkl
[2024-08-17T02:58:32.506+0000] {processor.py:183} INFO - Processing /opt/airflow/dags/data/models/Laos/TS_model.pkl took 0.030 seconds
[2024-08-17T02:59:03.668+0000] {processor.py:161} INFO - Started process (PID=88801) to work on /opt/airflow/dags/data/models/Laos/TS_model.pkl
[2024-08-17T02:59:03.669+0000] {processor.py:830} INFO - Processing file /opt/airflow/dags/data/models/Laos/TS_model.pkl for tasks to queue
[2024-08-17T02:59:03.670+0000] {logging_mixin.py:188} INFO - [2024-08-17T02:59:03.670+0000] {dagbag.py:545} INFO - Filling up the DagBag from /opt/airflow/dags/data/models/Laos/TS_model.pkl
[2024-08-17T02:59:03.685+0000] {processor.py:842} WARNING - No viable dags retrieved from /opt/airflow/dags/data/models/Laos/TS_model.pkl
[2024-08-17T02:59:03.696+0000] {processor.py:183} INFO - Processing /opt/airflow/dags/data/models/Laos/TS_model.pkl took 0.033 seconds
[2024-08-17T02:59:34.762+0000] {processor.py:161} INFO - Started process (PID=89143) to work on /opt/airflow/dags/data/models/Laos/TS_model.pkl
[2024-08-17T02:59:34.763+0000] {processor.py:830} INFO - Processing file /opt/airflow/dags/data/models/Laos/TS_model.pkl for tasks to queue
[2024-08-17T02:59:34.764+0000] {logging_mixin.py:188} INFO - [2024-08-17T02:59:34.764+0000] {dagbag.py:545} INFO - Filling up the DagBag from /opt/airflow/dags/data/models/Laos/TS_model.pkl
[2024-08-17T02:59:34.775+0000] {processor.py:842} WARNING - No viable dags retrieved from /opt/airflow/dags/data/models/Laos/TS_model.pkl
[2024-08-17T02:59:34.786+0000] {processor.py:183} INFO - Processing /opt/airflow/dags/data/models/Laos/TS_model.pkl took 0.028 seconds
[2024-08-17T03:00:05.572+0000] {processor.py:161} INFO - Started process (PID=89527) to work on /opt/airflow/dags/data/models/Laos/TS_model.pkl
[2024-08-17T03:00:05.573+0000] {processor.py:830} INFO - Processing file /opt/airflow/dags/data/models/Laos/TS_model.pkl for tasks to queue
[2024-08-17T03:00:05.574+0000] {logging_mixin.py:188} INFO - [2024-08-17T03:00:05.574+0000] {dagbag.py:545} INFO - Filling up the DagBag from /opt/airflow/dags/data/models/Laos/TS_model.pkl
[2024-08-17T03:00:05.588+0000] {processor.py:842} WARNING - No viable dags retrieved from /opt/airflow/dags/data/models/Laos/TS_model.pkl
[2024-08-17T03:00:05.598+0000] {processor.py:183} INFO - Processing /opt/airflow/dags/data/models/Laos/TS_model.pkl took 0.030 seconds
[2024-08-17T03:00:36.349+0000] {processor.py:161} INFO - Started process (PID=89887) to work on /opt/airflow/dags/data/models/Laos/TS_model.pkl
[2024-08-17T03:00:36.349+0000] {processor.py:830} INFO - Processing file /opt/airflow/dags/data/models/Laos/TS_model.pkl for tasks to queue
[2024-08-17T03:00:36.350+0000] {logging_mixin.py:188} INFO - [2024-08-17T03:00:36.350+0000] {dagbag.py:545} INFO - Filling up the DagBag from /opt/airflow/dags/data/models/Laos/TS_model.pkl
[2024-08-17T03:00:36.360+0000] {processor.py:842} WARNING - No viable dags retrieved from /opt/airflow/dags/data/models/Laos/TS_model.pkl
[2024-08-17T03:00:36.370+0000] {processor.py:183} INFO - Processing /opt/airflow/dags/data/models/Laos/TS_model.pkl took 0.025 seconds
[2024-08-17T03:01:07.977+0000] {processor.py:161} INFO - Started process (PID=90253) to work on /opt/airflow/dags/data/models/Laos/TS_model.pkl
[2024-08-17T03:01:07.978+0000] {processor.py:830} INFO - Processing file /opt/airflow/dags/data/models/Laos/TS_model.pkl for tasks to queue
[2024-08-17T03:01:07.979+0000] {logging_mixin.py:188} INFO - [2024-08-17T03:01:07.978+0000] {dagbag.py:545} INFO - Filling up the DagBag from /opt/airflow/dags/data/models/Laos/TS_model.pkl
[2024-08-17T03:01:07.994+0000] {processor.py:842} WARNING - No viable dags retrieved from /opt/airflow/dags/data/models/Laos/TS_model.pkl
[2024-08-17T03:01:08.006+0000] {processor.py:183} INFO - Processing /opt/airflow/dags/data/models/Laos/TS_model.pkl took 0.035 seconds
[2024-08-17T03:01:39.174+0000] {processor.py:161} INFO - Started process (PID=90639) to work on /opt/airflow/dags/data/models/Laos/TS_model.pkl
[2024-08-17T03:01:39.175+0000] {processor.py:830} INFO - Processing file /opt/airflow/dags/data/models/Laos/TS_model.pkl for tasks to queue
[2024-08-17T03:01:39.176+0000] {logging_mixin.py:188} INFO - [2024-08-17T03:01:39.176+0000] {dagbag.py:545} INFO - Filling up the DagBag from /opt/airflow/dags/data/models/Laos/TS_model.pkl
[2024-08-17T03:01:39.188+0000] {processor.py:842} WARNING - No viable dags retrieved from /opt/airflow/dags/data/models/Laos/TS_model.pkl
[2024-08-17T03:01:39.198+0000] {processor.py:183} INFO - Processing /opt/airflow/dags/data/models/Laos/TS_model.pkl took 0.029 seconds
[2024-08-17T03:02:10.891+0000] {processor.py:161} INFO - Started process (PID=91000) to work on /opt/airflow/dags/data/models/Laos/TS_model.pkl
[2024-08-17T03:02:10.891+0000] {processor.py:830} INFO - Processing file /opt/airflow/dags/data/models/Laos/TS_model.pkl for tasks to queue
[2024-08-17T03:02:10.892+0000] {logging_mixin.py:188} INFO - [2024-08-17T03:02:10.892+0000] {dagbag.py:545} INFO - Filling up the DagBag from /opt/airflow/dags/data/models/Laos/TS_model.pkl
[2024-08-17T03:02:10.902+0000] {processor.py:842} WARNING - No viable dags retrieved from /opt/airflow/dags/data/models/Laos/TS_model.pkl
[2024-08-17T03:02:10.912+0000] {processor.py:183} INFO - Processing /opt/airflow/dags/data/models/Laos/TS_model.pkl took 0.025 seconds
[2024-08-17T03:02:41.302+0000] {processor.py:161} INFO - Started process (PID=91366) to work on /opt/airflow/dags/data/models/Laos/TS_model.pkl
[2024-08-17T03:02:41.302+0000] {processor.py:830} INFO - Processing file /opt/airflow/dags/data/models/Laos/TS_model.pkl for tasks to queue
[2024-08-17T03:02:41.303+0000] {logging_mixin.py:188} INFO - [2024-08-17T03:02:41.303+0000] {dagbag.py:545} INFO - Filling up the DagBag from /opt/airflow/dags/data/models/Laos/TS_model.pkl
[2024-08-17T03:02:41.314+0000] {processor.py:842} WARNING - No viable dags retrieved from /opt/airflow/dags/data/models/Laos/TS_model.pkl
[2024-08-17T03:02:41.324+0000] {processor.py:183} INFO - Processing /opt/airflow/dags/data/models/Laos/TS_model.pkl took 0.027 seconds
[2024-08-17T03:03:12.191+0000] {processor.py:161} INFO - Started process (PID=91726) to work on /opt/airflow/dags/data/models/Laos/TS_model.pkl
[2024-08-17T03:03:12.192+0000] {processor.py:830} INFO - Processing file /opt/airflow/dags/data/models/Laos/TS_model.pkl for tasks to queue
[2024-08-17T03:03:12.192+0000] {logging_mixin.py:188} INFO - [2024-08-17T03:03:12.192+0000] {dagbag.py:545} INFO - Filling up the DagBag from /opt/airflow/dags/data/models/Laos/TS_model.pkl
[2024-08-17T03:03:12.204+0000] {processor.py:842} WARNING - No viable dags retrieved from /opt/airflow/dags/data/models/Laos/TS_model.pkl
[2024-08-17T03:03:12.214+0000] {processor.py:183} INFO - Processing /opt/airflow/dags/data/models/Laos/TS_model.pkl took 0.027 seconds
[2024-08-17T03:03:43.346+0000] {processor.py:161} INFO - Started process (PID=92112) to work on /opt/airflow/dags/data/models/Laos/TS_model.pkl
[2024-08-17T03:03:43.347+0000] {processor.py:830} INFO - Processing file /opt/airflow/dags/data/models/Laos/TS_model.pkl for tasks to queue
[2024-08-17T03:03:43.348+0000] {logging_mixin.py:188} INFO - [2024-08-17T03:03:43.348+0000] {dagbag.py:545} INFO - Filling up the DagBag from /opt/airflow/dags/data/models/Laos/TS_model.pkl
[2024-08-17T03:03:43.360+0000] {processor.py:842} WARNING - No viable dags retrieved from /opt/airflow/dags/data/models/Laos/TS_model.pkl
[2024-08-17T03:03:43.371+0000] {processor.py:183} INFO - Processing /opt/airflow/dags/data/models/Laos/TS_model.pkl took 0.029 seconds
[2024-08-17T03:04:14.202+0000] {processor.py:161} INFO - Started process (PID=92488) to work on /opt/airflow/dags/data/models/Laos/TS_model.pkl
[2024-08-17T03:04:14.203+0000] {processor.py:830} INFO - Processing file /opt/airflow/dags/data/models/Laos/TS_model.pkl for tasks to queue
[2024-08-17T03:04:14.204+0000] {logging_mixin.py:188} INFO - [2024-08-17T03:04:14.203+0000] {dagbag.py:545} INFO - Filling up the DagBag from /opt/airflow/dags/data/models/Laos/TS_model.pkl
[2024-08-17T03:04:14.247+0000] {processor.py:842} WARNING - No viable dags retrieved from /opt/airflow/dags/data/models/Laos/TS_model.pkl
[2024-08-17T03:04:14.260+0000] {processor.py:183} INFO - Processing /opt/airflow/dags/data/models/Laos/TS_model.pkl took 0.063 seconds
[2024-08-17T03:04:44.967+0000] {processor.py:161} INFO - Started process (PID=92896) to work on /opt/airflow/dags/data/models/Laos/TS_model.pkl
[2024-08-17T03:04:44.968+0000] {processor.py:830} INFO - Processing file /opt/airflow/dags/data/models/Laos/TS_model.pkl for tasks to queue
[2024-08-17T03:04:44.969+0000] {logging_mixin.py:188} INFO - [2024-08-17T03:04:44.968+0000] {dagbag.py:545} INFO - Filling up the DagBag from /opt/airflow/dags/data/models/Laos/TS_model.pkl
[2024-08-17T03:04:44.986+0000] {processor.py:842} WARNING - No viable dags retrieved from /opt/airflow/dags/data/models/Laos/TS_model.pkl
[2024-08-17T03:04:44.997+0000] {processor.py:183} INFO - Processing /opt/airflow/dags/data/models/Laos/TS_model.pkl took 0.034 seconds
[2024-08-17T03:05:15.763+0000] {processor.py:161} INFO - Started process (PID=93311) to work on /opt/airflow/dags/data/models/Laos/TS_model.pkl
[2024-08-17T03:05:15.763+0000] {processor.py:830} INFO - Processing file /opt/airflow/dags/data/models/Laos/TS_model.pkl for tasks to queue
[2024-08-17T03:05:15.764+0000] {logging_mixin.py:188} INFO - [2024-08-17T03:05:15.764+0000] {dagbag.py:545} INFO - Filling up the DagBag from /opt/airflow/dags/data/models/Laos/TS_model.pkl
[2024-08-17T03:05:15.780+0000] {processor.py:842} WARNING - No viable dags retrieved from /opt/airflow/dags/data/models/Laos/TS_model.pkl
[2024-08-17T03:05:15.792+0000] {processor.py:183} INFO - Processing /opt/airflow/dags/data/models/Laos/TS_model.pkl took 0.034 seconds
[2024-08-17T03:05:47.313+0000] {processor.py:161} INFO - Started process (PID=93701) to work on /opt/airflow/dags/data/models/Laos/TS_model.pkl
[2024-08-17T03:05:47.314+0000] {processor.py:830} INFO - Processing file /opt/airflow/dags/data/models/Laos/TS_model.pkl for tasks to queue
[2024-08-17T03:05:47.315+0000] {logging_mixin.py:188} INFO - [2024-08-17T03:05:47.314+0000] {dagbag.py:545} INFO - Filling up the DagBag from /opt/airflow/dags/data/models/Laos/TS_model.pkl
[2024-08-17T03:05:47.327+0000] {processor.py:842} WARNING - No viable dags retrieved from /opt/airflow/dags/data/models/Laos/TS_model.pkl
[2024-08-17T03:05:47.336+0000] {processor.py:183} INFO - Processing /opt/airflow/dags/data/models/Laos/TS_model.pkl took 0.028 seconds
[2024-08-17T03:06:18.497+0000] {processor.py:161} INFO - Started process (PID=94117) to work on /opt/airflow/dags/data/models/Laos/TS_model.pkl
[2024-08-17T03:06:18.498+0000] {processor.py:830} INFO - Processing file /opt/airflow/dags/data/models/Laos/TS_model.pkl for tasks to queue
[2024-08-17T03:06:18.499+0000] {logging_mixin.py:188} INFO - [2024-08-17T03:06:18.498+0000] {dagbag.py:545} INFO - Filling up the DagBag from /opt/airflow/dags/data/models/Laos/TS_model.pkl
[2024-08-17T03:06:18.512+0000] {processor.py:842} WARNING - No viable dags retrieved from /opt/airflow/dags/data/models/Laos/TS_model.pkl
[2024-08-17T03:06:18.523+0000] {processor.py:183} INFO - Processing /opt/airflow/dags/data/models/Laos/TS_model.pkl took 0.030 seconds
[2024-08-17T03:06:49.346+0000] {processor.py:161} INFO - Started process (PID=94494) to work on /opt/airflow/dags/data/models/Laos/TS_model.pkl
[2024-08-17T03:06:49.346+0000] {processor.py:830} INFO - Processing file /opt/airflow/dags/data/models/Laos/TS_model.pkl for tasks to queue
[2024-08-17T03:06:49.347+0000] {logging_mixin.py:188} INFO - [2024-08-17T03:06:49.347+0000] {dagbag.py:545} INFO - Filling up the DagBag from /opt/airflow/dags/data/models/Laos/TS_model.pkl
[2024-08-17T03:06:49.360+0000] {processor.py:842} WARNING - No viable dags retrieved from /opt/airflow/dags/data/models/Laos/TS_model.pkl
[2024-08-17T03:06:49.372+0000] {processor.py:183} INFO - Processing /opt/airflow/dags/data/models/Laos/TS_model.pkl took 0.030 seconds
[2024-08-17T03:07:20.179+0000] {processor.py:161} INFO - Started process (PID=94901) to work on /opt/airflow/dags/data/models/Laos/TS_model.pkl
[2024-08-17T03:07:20.180+0000] {processor.py:830} INFO - Processing file /opt/airflow/dags/data/models/Laos/TS_model.pkl for tasks to queue
[2024-08-17T03:07:20.181+0000] {logging_mixin.py:188} INFO - [2024-08-17T03:07:20.180+0000] {dagbag.py:545} INFO - Filling up the DagBag from /opt/airflow/dags/data/models/Laos/TS_model.pkl
[2024-08-17T03:07:20.192+0000] {processor.py:842} WARNING - No viable dags retrieved from /opt/airflow/dags/data/models/Laos/TS_model.pkl
[2024-08-17T03:07:20.203+0000] {processor.py:183} INFO - Processing /opt/airflow/dags/data/models/Laos/TS_model.pkl took 0.028 seconds
[2024-08-17T03:07:50.808+0000] {processor.py:161} INFO - Started process (PID=95315) to work on /opt/airflow/dags/data/models/Laos/TS_model.pkl
[2024-08-17T03:07:50.808+0000] {processor.py:830} INFO - Processing file /opt/airflow/dags/data/models/Laos/TS_model.pkl for tasks to queue
[2024-08-17T03:07:50.809+0000] {logging_mixin.py:188} INFO - [2024-08-17T03:07:50.809+0000] {dagbag.py:545} INFO - Filling up the DagBag from /opt/airflow/dags/data/models/Laos/TS_model.pkl
[2024-08-17T03:07:50.819+0000] {processor.py:842} WARNING - No viable dags retrieved from /opt/airflow/dags/data/models/Laos/TS_model.pkl
[2024-08-17T03:07:50.828+0000] {processor.py:183} INFO - Processing /opt/airflow/dags/data/models/Laos/TS_model.pkl took 0.024 seconds
[2024-08-17T03:08:21.846+0000] {processor.py:161} INFO - Started process (PID=95703) to work on /opt/airflow/dags/data/models/Laos/TS_model.pkl
[2024-08-17T03:08:21.847+0000] {processor.py:830} INFO - Processing file /opt/airflow/dags/data/models/Laos/TS_model.pkl for tasks to queue
[2024-08-17T03:08:21.848+0000] {logging_mixin.py:188} INFO - [2024-08-17T03:08:21.848+0000] {dagbag.py:545} INFO - Filling up the DagBag from /opt/airflow/dags/data/models/Laos/TS_model.pkl
[2024-08-17T03:08:21.860+0000] {processor.py:842} WARNING - No viable dags retrieved from /opt/airflow/dags/data/models/Laos/TS_model.pkl
[2024-08-17T03:08:21.871+0000] {processor.py:183} INFO - Processing /opt/airflow/dags/data/models/Laos/TS_model.pkl took 0.029 seconds
[2024-08-17T03:09:02.270+0000] {processor.py:161} INFO - Started process (PID=96173) to work on /opt/airflow/dags/data/models/Laos/TS_model.pkl
[2024-08-17T03:09:02.271+0000] {processor.py:830} INFO - Processing file /opt/airflow/dags/data/models/Laos/TS_model.pkl for tasks to queue
[2024-08-17T03:09:02.272+0000] {logging_mixin.py:188} INFO - [2024-08-17T03:09:02.272+0000] {dagbag.py:545} INFO - Filling up the DagBag from /opt/airflow/dags/data/models/Laos/TS_model.pkl
[2024-08-17T03:09:02.287+0000] {processor.py:842} WARNING - No viable dags retrieved from /opt/airflow/dags/data/models/Laos/TS_model.pkl
[2024-08-17T03:09:02.300+0000] {processor.py:183} INFO - Processing /opt/airflow/dags/data/models/Laos/TS_model.pkl took 0.035 seconds
[2024-08-17T03:09:34.050+0000] {processor.py:161} INFO - Started process (PID=96590) to work on /opt/airflow/dags/data/models/Laos/TS_model.pkl
[2024-08-17T03:09:34.051+0000] {processor.py:830} INFO - Processing file /opt/airflow/dags/data/models/Laos/TS_model.pkl for tasks to queue
[2024-08-17T03:09:34.051+0000] {logging_mixin.py:188} INFO - [2024-08-17T03:09:34.051+0000] {dagbag.py:545} INFO - Filling up the DagBag from /opt/airflow/dags/data/models/Laos/TS_model.pkl
[2024-08-17T03:09:34.064+0000] {processor.py:842} WARNING - No viable dags retrieved from /opt/airflow/dags/data/models/Laos/TS_model.pkl
[2024-08-17T03:09:34.075+0000] {processor.py:183} INFO - Processing /opt/airflow/dags/data/models/Laos/TS_model.pkl took 0.030 seconds
[2024-08-17T03:10:05.615+0000] {processor.py:161} INFO - Started process (PID=97033) to work on /opt/airflow/dags/data/models/Laos/TS_model.pkl
[2024-08-17T03:10:05.615+0000] {processor.py:830} INFO - Processing file /opt/airflow/dags/data/models/Laos/TS_model.pkl for tasks to queue
[2024-08-17T03:10:05.617+0000] {logging_mixin.py:188} INFO - [2024-08-17T03:10:05.616+0000] {dagbag.py:545} INFO - Filling up the DagBag from /opt/airflow/dags/data/models/Laos/TS_model.pkl
[2024-08-17T03:10:05.632+0000] {processor.py:842} WARNING - No viable dags retrieved from /opt/airflow/dags/data/models/Laos/TS_model.pkl
[2024-08-17T03:10:05.644+0000] {processor.py:183} INFO - Processing /opt/airflow/dags/data/models/Laos/TS_model.pkl took 0.034 seconds
[2024-08-17T03:10:36.713+0000] {processor.py:161} INFO - Started process (PID=97456) to work on /opt/airflow/dags/data/models/Laos/TS_model.pkl
[2024-08-17T03:10:36.714+0000] {processor.py:830} INFO - Processing file /opt/airflow/dags/data/models/Laos/TS_model.pkl for tasks to queue
[2024-08-17T03:10:36.714+0000] {logging_mixin.py:188} INFO - [2024-08-17T03:10:36.714+0000] {dagbag.py:545} INFO - Filling up the DagBag from /opt/airflow/dags/data/models/Laos/TS_model.pkl
[2024-08-17T03:10:36.730+0000] {processor.py:842} WARNING - No viable dags retrieved from /opt/airflow/dags/data/models/Laos/TS_model.pkl
[2024-08-17T03:10:36.743+0000] {processor.py:183} INFO - Processing /opt/airflow/dags/data/models/Laos/TS_model.pkl took 0.034 seconds
[2024-08-17T03:11:07.533+0000] {processor.py:161} INFO - Started process (PID=97893) to work on /opt/airflow/dags/data/models/Laos/TS_model.pkl
[2024-08-17T03:11:07.533+0000] {processor.py:830} INFO - Processing file /opt/airflow/dags/data/models/Laos/TS_model.pkl for tasks to queue
[2024-08-17T03:11:07.534+0000] {logging_mixin.py:188} INFO - [2024-08-17T03:11:07.534+0000] {dagbag.py:545} INFO - Filling up the DagBag from /opt/airflow/dags/data/models/Laos/TS_model.pkl
[2024-08-17T03:11:07.544+0000] {processor.py:842} WARNING - No viable dags retrieved from /opt/airflow/dags/data/models/Laos/TS_model.pkl
[2024-08-17T03:11:07.554+0000] {processor.py:183} INFO - Processing /opt/airflow/dags/data/models/Laos/TS_model.pkl took 0.025 seconds
[2024-08-17T03:11:38.740+0000] {processor.py:161} INFO - Started process (PID=98336) to work on /opt/airflow/dags/data/models/Laos/TS_model.pkl
[2024-08-17T03:11:38.741+0000] {processor.py:830} INFO - Processing file /opt/airflow/dags/data/models/Laos/TS_model.pkl for tasks to queue
[2024-08-17T03:11:38.742+0000] {logging_mixin.py:188} INFO - [2024-08-17T03:11:38.742+0000] {dagbag.py:545} INFO - Filling up the DagBag from /opt/airflow/dags/data/models/Laos/TS_model.pkl
[2024-08-17T03:11:38.755+0000] {processor.py:842} WARNING - No viable dags retrieved from /opt/airflow/dags/data/models/Laos/TS_model.pkl
[2024-08-17T03:11:38.766+0000] {processor.py:183} INFO - Processing /opt/airflow/dags/data/models/Laos/TS_model.pkl took 0.031 seconds
[2024-08-17T03:12:10.576+0000] {processor.py:161} INFO - Started process (PID=98755) to work on /opt/airflow/dags/data/models/Laos/TS_model.pkl
[2024-08-17T03:12:10.577+0000] {processor.py:830} INFO - Processing file /opt/airflow/dags/data/models/Laos/TS_model.pkl for tasks to queue
[2024-08-17T03:12:10.578+0000] {logging_mixin.py:188} INFO - [2024-08-17T03:12:10.578+0000] {dagbag.py:545} INFO - Filling up the DagBag from /opt/airflow/dags/data/models/Laos/TS_model.pkl
[2024-08-17T03:12:10.591+0000] {processor.py:842} WARNING - No viable dags retrieved from /opt/airflow/dags/data/models/Laos/TS_model.pkl
[2024-08-17T03:12:10.602+0000] {processor.py:183} INFO - Processing /opt/airflow/dags/data/models/Laos/TS_model.pkl took 0.029 seconds
[2024-08-17T03:12:41.208+0000] {processor.py:161} INFO - Started process (PID=99177) to work on /opt/airflow/dags/data/models/Laos/TS_model.pkl
[2024-08-17T03:12:41.209+0000] {processor.py:830} INFO - Processing file /opt/airflow/dags/data/models/Laos/TS_model.pkl for tasks to queue
[2024-08-17T03:12:41.209+0000] {logging_mixin.py:188} INFO - [2024-08-17T03:12:41.209+0000] {dagbag.py:545} INFO - Filling up the DagBag from /opt/airflow/dags/data/models/Laos/TS_model.pkl
[2024-08-17T03:12:41.218+0000] {processor.py:842} WARNING - No viable dags retrieved from /opt/airflow/dags/data/models/Laos/TS_model.pkl
[2024-08-17T03:12:41.228+0000] {processor.py:183} INFO - Processing /opt/airflow/dags/data/models/Laos/TS_model.pkl took 0.024 seconds
[2024-08-17T03:13:12.093+0000] {processor.py:161} INFO - Started process (PID=99601) to work on /opt/airflow/dags/data/models/Laos/TS_model.pkl
[2024-08-17T03:13:12.094+0000] {processor.py:830} INFO - Processing file /opt/airflow/dags/data/models/Laos/TS_model.pkl for tasks to queue
[2024-08-17T03:13:12.095+0000] {logging_mixin.py:188} INFO - [2024-08-17T03:13:12.095+0000] {dagbag.py:545} INFO - Filling up the DagBag from /opt/airflow/dags/data/models/Laos/TS_model.pkl
[2024-08-17T03:13:12.104+0000] {processor.py:842} WARNING - No viable dags retrieved from /opt/airflow/dags/data/models/Laos/TS_model.pkl
[2024-08-17T03:13:12.114+0000] {processor.py:183} INFO - Processing /opt/airflow/dags/data/models/Laos/TS_model.pkl took 0.025 seconds
[2024-08-17T03:13:42.623+0000] {processor.py:161} INFO - Started process (PID=340) to work on /opt/airflow/dags/data/models/Laos/TS_model.pkl
[2024-08-17T03:13:42.623+0000] {processor.py:830} INFO - Processing file /opt/airflow/dags/data/models/Laos/TS_model.pkl for tasks to queue
[2024-08-17T03:13:42.624+0000] {logging_mixin.py:188} INFO - [2024-08-17T03:13:42.624+0000] {dagbag.py:545} INFO - Filling up the DagBag from /opt/airflow/dags/data/models/Laos/TS_model.pkl
[2024-08-17T03:13:42.634+0000] {processor.py:842} WARNING - No viable dags retrieved from /opt/airflow/dags/data/models/Laos/TS_model.pkl
[2024-08-17T03:13:42.643+0000] {processor.py:183} INFO - Processing /opt/airflow/dags/data/models/Laos/TS_model.pkl took 0.025 seconds
[2024-08-17T03:14:13.440+0000] {processor.py:161} INFO - Started process (PID=794) to work on /opt/airflow/dags/data/models/Laos/TS_model.pkl
[2024-08-17T03:14:13.441+0000] {processor.py:830} INFO - Processing file /opt/airflow/dags/data/models/Laos/TS_model.pkl for tasks to queue
[2024-08-17T03:14:13.442+0000] {logging_mixin.py:188} INFO - [2024-08-17T03:14:13.442+0000] {dagbag.py:545} INFO - Filling up the DagBag from /opt/airflow/dags/data/models/Laos/TS_model.pkl
[2024-08-17T03:14:13.449+0000] {processor.py:842} WARNING - No viable dags retrieved from /opt/airflow/dags/data/models/Laos/TS_model.pkl
[2024-08-17T03:14:13.458+0000] {processor.py:183} INFO - Processing /opt/airflow/dags/data/models/Laos/TS_model.pkl took 0.022 seconds
[2024-08-17T03:14:43.914+0000] {processor.py:161} INFO - Started process (PID=1218) to work on /opt/airflow/dags/data/models/Laos/TS_model.pkl
[2024-08-17T03:14:43.914+0000] {processor.py:830} INFO - Processing file /opt/airflow/dags/data/models/Laos/TS_model.pkl for tasks to queue
[2024-08-17T03:14:43.915+0000] {logging_mixin.py:188} INFO - [2024-08-17T03:14:43.915+0000] {dagbag.py:545} INFO - Filling up the DagBag from /opt/airflow/dags/data/models/Laos/TS_model.pkl
[2024-08-17T03:14:43.925+0000] {processor.py:842} WARNING - No viable dags retrieved from /opt/airflow/dags/data/models/Laos/TS_model.pkl
[2024-08-17T03:14:43.935+0000] {processor.py:183} INFO - Processing /opt/airflow/dags/data/models/Laos/TS_model.pkl took 0.024 seconds
[2024-08-17T03:15:15.480+0000] {processor.py:161} INFO - Started process (PID=1671) to work on /opt/airflow/dags/data/models/Laos/TS_model.pkl
[2024-08-17T03:15:15.481+0000] {processor.py:830} INFO - Processing file /opt/airflow/dags/data/models/Laos/TS_model.pkl for tasks to queue
[2024-08-17T03:15:15.481+0000] {logging_mixin.py:188} INFO - [2024-08-17T03:15:15.481+0000] {dagbag.py:545} INFO - Filling up the DagBag from /opt/airflow/dags/data/models/Laos/TS_model.pkl
[2024-08-17T03:15:15.490+0000] {processor.py:842} WARNING - No viable dags retrieved from /opt/airflow/dags/data/models/Laos/TS_model.pkl
[2024-08-17T03:15:15.499+0000] {processor.py:183} INFO - Processing /opt/airflow/dags/data/models/Laos/TS_model.pkl took 0.023 seconds
[2024-08-17T03:15:46.971+0000] {processor.py:161} INFO - Started process (PID=2089) to work on /opt/airflow/dags/data/models/Laos/TS_model.pkl
[2024-08-17T03:15:46.971+0000] {processor.py:830} INFO - Processing file /opt/airflow/dags/data/models/Laos/TS_model.pkl for tasks to queue
[2024-08-17T03:15:46.972+0000] {logging_mixin.py:188} INFO - [2024-08-17T03:15:46.972+0000] {dagbag.py:545} INFO - Filling up the DagBag from /opt/airflow/dags/data/models/Laos/TS_model.pkl
[2024-08-17T03:15:46.981+0000] {processor.py:842} WARNING - No viable dags retrieved from /opt/airflow/dags/data/models/Laos/TS_model.pkl
[2024-08-17T03:15:46.991+0000] {processor.py:183} INFO - Processing /opt/airflow/dags/data/models/Laos/TS_model.pkl took 0.025 seconds
[2024-08-17T03:16:17.890+0000] {processor.py:161} INFO - Started process (PID=2536) to work on /opt/airflow/dags/data/models/Laos/TS_model.pkl
[2024-08-17T03:16:17.891+0000] {processor.py:830} INFO - Processing file /opt/airflow/dags/data/models/Laos/TS_model.pkl for tasks to queue
[2024-08-17T03:16:17.891+0000] {logging_mixin.py:188} INFO - [2024-08-17T03:16:17.891+0000] {dagbag.py:545} INFO - Filling up the DagBag from /opt/airflow/dags/data/models/Laos/TS_model.pkl
[2024-08-17T03:16:17.899+0000] {processor.py:842} WARNING - No viable dags retrieved from /opt/airflow/dags/data/models/Laos/TS_model.pkl
[2024-08-17T03:16:17.908+0000] {processor.py:183} INFO - Processing /opt/airflow/dags/data/models/Laos/TS_model.pkl took 0.021 seconds
[2024-08-17T03:16:49.303+0000] {processor.py:161} INFO - Started process (PID=2990) to work on /opt/airflow/dags/data/models/Laos/TS_model.pkl
[2024-08-17T03:16:49.304+0000] {processor.py:830} INFO - Processing file /opt/airflow/dags/data/models/Laos/TS_model.pkl for tasks to queue
[2024-08-17T03:16:49.304+0000] {logging_mixin.py:188} INFO - [2024-08-17T03:16:49.304+0000] {dagbag.py:545} INFO - Filling up the DagBag from /opt/airflow/dags/data/models/Laos/TS_model.pkl
[2024-08-17T03:16:49.313+0000] {processor.py:842} WARNING - No viable dags retrieved from /opt/airflow/dags/data/models/Laos/TS_model.pkl
[2024-08-17T03:16:49.322+0000] {processor.py:183} INFO - Processing /opt/airflow/dags/data/models/Laos/TS_model.pkl took 0.023 seconds
[2024-08-17T03:17:21.212+0000] {processor.py:161} INFO - Started process (PID=3406) to work on /opt/airflow/dags/data/models/Laos/TS_model.pkl
[2024-08-17T03:17:21.213+0000] {processor.py:830} INFO - Processing file /opt/airflow/dags/data/models/Laos/TS_model.pkl for tasks to queue
[2024-08-17T03:17:21.214+0000] {logging_mixin.py:188} INFO - [2024-08-17T03:17:21.214+0000] {dagbag.py:545} INFO - Filling up the DagBag from /opt/airflow/dags/data/models/Laos/TS_model.pkl
[2024-08-17T03:17:21.269+0000] {processor.py:842} WARNING - No viable dags retrieved from /opt/airflow/dags/data/models/Laos/TS_model.pkl
[2024-08-17T03:17:21.282+0000] {processor.py:183} INFO - Processing /opt/airflow/dags/data/models/Laos/TS_model.pkl took 0.073 seconds
[2024-08-17T03:17:52.327+0000] {processor.py:161} INFO - Started process (PID=3851) to work on /opt/airflow/dags/data/models/Laos/TS_model.pkl
[2024-08-17T03:17:52.327+0000] {processor.py:830} INFO - Processing file /opt/airflow/dags/data/models/Laos/TS_model.pkl for tasks to queue
[2024-08-17T03:17:52.328+0000] {logging_mixin.py:188} INFO - [2024-08-17T03:17:52.328+0000] {dagbag.py:545} INFO - Filling up the DagBag from /opt/airflow/dags/data/models/Laos/TS_model.pkl
[2024-08-17T03:17:52.336+0000] {processor.py:842} WARNING - No viable dags retrieved from /opt/airflow/dags/data/models/Laos/TS_model.pkl
[2024-08-17T03:17:52.345+0000] {processor.py:183} INFO - Processing /opt/airflow/dags/data/models/Laos/TS_model.pkl took 0.021 seconds
[2024-08-17T03:18:23.065+0000] {processor.py:161} INFO - Started process (PID=4305) to work on /opt/airflow/dags/data/models/Laos/TS_model.pkl
[2024-08-17T03:18:23.066+0000] {processor.py:830} INFO - Processing file /opt/airflow/dags/data/models/Laos/TS_model.pkl for tasks to queue
[2024-08-17T03:18:23.066+0000] {logging_mixin.py:188} INFO - [2024-08-17T03:18:23.066+0000] {dagbag.py:545} INFO - Filling up the DagBag from /opt/airflow/dags/data/models/Laos/TS_model.pkl
[2024-08-17T03:18:23.074+0000] {processor.py:842} WARNING - No viable dags retrieved from /opt/airflow/dags/data/models/Laos/TS_model.pkl
[2024-08-17T03:18:23.083+0000] {processor.py:183} INFO - Processing /opt/airflow/dags/data/models/Laos/TS_model.pkl took 0.022 seconds
[2024-08-17T03:18:57.811+0000] {processor.py:161} INFO - Started process (PID=4738) to work on /opt/airflow/dags/data/models/Laos/TS_model.pkl
[2024-08-17T03:18:57.811+0000] {processor.py:830} INFO - Processing file /opt/airflow/dags/data/models/Laos/TS_model.pkl for tasks to queue
[2024-08-17T03:18:57.812+0000] {logging_mixin.py:188} INFO - [2024-08-17T03:18:57.812+0000] {dagbag.py:545} INFO - Filling up the DagBag from /opt/airflow/dags/data/models/Laos/TS_model.pkl
[2024-08-17T03:18:57.820+0000] {processor.py:842} WARNING - No viable dags retrieved from /opt/airflow/dags/data/models/Laos/TS_model.pkl
[2024-08-17T03:18:57.829+0000] {processor.py:183} INFO - Processing /opt/airflow/dags/data/models/Laos/TS_model.pkl took 0.023 seconds
[2024-08-17T03:19:29.017+0000] {processor.py:161} INFO - Started process (PID=5166) to work on /opt/airflow/dags/data/models/Laos/TS_model.pkl
[2024-08-17T03:19:29.018+0000] {processor.py:830} INFO - Processing file /opt/airflow/dags/data/models/Laos/TS_model.pkl for tasks to queue
[2024-08-17T03:19:29.018+0000] {logging_mixin.py:188} INFO - [2024-08-17T03:19:29.018+0000] {dagbag.py:545} INFO - Filling up the DagBag from /opt/airflow/dags/data/models/Laos/TS_model.pkl
[2024-08-17T03:19:29.029+0000] {processor.py:842} WARNING - No viable dags retrieved from /opt/airflow/dags/data/models/Laos/TS_model.pkl
[2024-08-17T03:19:29.038+0000] {processor.py:183} INFO - Processing /opt/airflow/dags/data/models/Laos/TS_model.pkl took 0.024 seconds
[2024-08-17T03:19:59.727+0000] {processor.py:161} INFO - Started process (PID=5620) to work on /opt/airflow/dags/data/models/Laos/TS_model.pkl
[2024-08-17T03:19:59.728+0000] {processor.py:830} INFO - Processing file /opt/airflow/dags/data/models/Laos/TS_model.pkl for tasks to queue
[2024-08-17T03:19:59.729+0000] {logging_mixin.py:188} INFO - [2024-08-17T03:19:59.729+0000] {dagbag.py:545} INFO - Filling up the DagBag from /opt/airflow/dags/data/models/Laos/TS_model.pkl
[2024-08-17T03:19:59.743+0000] {processor.py:842} WARNING - No viable dags retrieved from /opt/airflow/dags/data/models/Laos/TS_model.pkl
[2024-08-17T03:19:59.752+0000] {processor.py:183} INFO - Processing /opt/airflow/dags/data/models/Laos/TS_model.pkl took 0.028 seconds
[2024-08-17T03:20:30.393+0000] {processor.py:161} INFO - Started process (PID=6055) to work on /opt/airflow/dags/data/models/Laos/TS_model.pkl
[2024-08-17T03:20:30.394+0000] {processor.py:830} INFO - Processing file /opt/airflow/dags/data/models/Laos/TS_model.pkl for tasks to queue
[2024-08-17T03:20:30.395+0000] {logging_mixin.py:188} INFO - [2024-08-17T03:20:30.394+0000] {dagbag.py:545} INFO - Filling up the DagBag from /opt/airflow/dags/data/models/Laos/TS_model.pkl
[2024-08-17T03:20:30.403+0000] {processor.py:842} WARNING - No viable dags retrieved from /opt/airflow/dags/data/models/Laos/TS_model.pkl
[2024-08-17T03:20:30.412+0000] {processor.py:183} INFO - Processing /opt/airflow/dags/data/models/Laos/TS_model.pkl took 0.022 seconds
[2024-08-17T03:21:01.285+0000] {processor.py:161} INFO - Started process (PID=6502) to work on /opt/airflow/dags/data/models/Laos/TS_model.pkl
[2024-08-17T03:21:01.286+0000] {processor.py:830} INFO - Processing file /opt/airflow/dags/data/models/Laos/TS_model.pkl for tasks to queue
[2024-08-17T03:21:01.287+0000] {logging_mixin.py:188} INFO - [2024-08-17T03:21:01.286+0000] {dagbag.py:545} INFO - Filling up the DagBag from /opt/airflow/dags/data/models/Laos/TS_model.pkl
[2024-08-17T03:21:01.295+0000] {processor.py:842} WARNING - No viable dags retrieved from /opt/airflow/dags/data/models/Laos/TS_model.pkl
[2024-08-17T03:21:01.305+0000] {processor.py:183} INFO - Processing /opt/airflow/dags/data/models/Laos/TS_model.pkl took 0.024 seconds
[2024-08-17T03:21:32.039+0000] {processor.py:161} INFO - Started process (PID=6956) to work on /opt/airflow/dags/data/models/Laos/TS_model.pkl
[2024-08-17T03:21:32.040+0000] {processor.py:830} INFO - Processing file /opt/airflow/dags/data/models/Laos/TS_model.pkl for tasks to queue
[2024-08-17T03:21:32.040+0000] {logging_mixin.py:188} INFO - [2024-08-17T03:21:32.040+0000] {dagbag.py:545} INFO - Filling up the DagBag from /opt/airflow/dags/data/models/Laos/TS_model.pkl
[2024-08-17T03:21:32.055+0000] {processor.py:842} WARNING - No viable dags retrieved from /opt/airflow/dags/data/models/Laos/TS_model.pkl
[2024-08-17T03:21:32.063+0000] {processor.py:183} INFO - Processing /opt/airflow/dags/data/models/Laos/TS_model.pkl took 0.028 seconds
[2024-08-17T03:22:02.689+0000] {processor.py:161} INFO - Started process (PID=7384) to work on /opt/airflow/dags/data/models/Laos/TS_model.pkl
[2024-08-17T03:22:02.690+0000] {processor.py:830} INFO - Processing file /opt/airflow/dags/data/models/Laos/TS_model.pkl for tasks to queue
[2024-08-17T03:22:02.690+0000] {logging_mixin.py:188} INFO - [2024-08-17T03:22:02.690+0000] {dagbag.py:545} INFO - Filling up the DagBag from /opt/airflow/dags/data/models/Laos/TS_model.pkl
[2024-08-17T03:22:02.699+0000] {processor.py:842} WARNING - No viable dags retrieved from /opt/airflow/dags/data/models/Laos/TS_model.pkl
[2024-08-17T03:22:02.707+0000] {processor.py:183} INFO - Processing /opt/airflow/dags/data/models/Laos/TS_model.pkl took 0.022 seconds
[2024-08-17T03:22:33.677+0000] {processor.py:161} INFO - Started process (PID=7838) to work on /opt/airflow/dags/data/models/Laos/TS_model.pkl
[2024-08-17T03:22:33.677+0000] {processor.py:830} INFO - Processing file /opt/airflow/dags/data/models/Laos/TS_model.pkl for tasks to queue
[2024-08-17T03:22:33.678+0000] {logging_mixin.py:188} INFO - [2024-08-17T03:22:33.678+0000] {dagbag.py:545} INFO - Filling up the DagBag from /opt/airflow/dags/data/models/Laos/TS_model.pkl
[2024-08-17T03:22:33.689+0000] {processor.py:842} WARNING - No viable dags retrieved from /opt/airflow/dags/data/models/Laos/TS_model.pkl
[2024-08-17T03:22:33.698+0000] {processor.py:183} INFO - Processing /opt/airflow/dags/data/models/Laos/TS_model.pkl took 0.025 seconds
[2024-08-17T03:23:04.839+0000] {processor.py:161} INFO - Started process (PID=8274) to work on /opt/airflow/dags/data/models/Laos/TS_model.pkl
[2024-08-17T03:23:04.840+0000] {processor.py:830} INFO - Processing file /opt/airflow/dags/data/models/Laos/TS_model.pkl for tasks to queue
[2024-08-17T03:23:04.841+0000] {logging_mixin.py:188} INFO - [2024-08-17T03:23:04.840+0000] {dagbag.py:545} INFO - Filling up the DagBag from /opt/airflow/dags/data/models/Laos/TS_model.pkl
[2024-08-17T03:23:04.849+0000] {processor.py:842} WARNING - No viable dags retrieved from /opt/airflow/dags/data/models/Laos/TS_model.pkl
[2024-08-17T03:23:04.859+0000] {processor.py:183} INFO - Processing /opt/airflow/dags/data/models/Laos/TS_model.pkl took 0.024 seconds
[2024-08-17T03:23:36.502+0000] {processor.py:161} INFO - Started process (PID=8720) to work on /opt/airflow/dags/data/models/Laos/TS_model.pkl
[2024-08-17T03:23:36.502+0000] {processor.py:830} INFO - Processing file /opt/airflow/dags/data/models/Laos/TS_model.pkl for tasks to queue
[2024-08-17T03:23:36.503+0000] {logging_mixin.py:188} INFO - [2024-08-17T03:23:36.502+0000] {dagbag.py:545} INFO - Filling up the DagBag from /opt/airflow/dags/data/models/Laos/TS_model.pkl
[2024-08-17T03:23:36.511+0000] {processor.py:842} WARNING - No viable dags retrieved from /opt/airflow/dags/data/models/Laos/TS_model.pkl
[2024-08-17T03:23:36.521+0000] {processor.py:183} INFO - Processing /opt/airflow/dags/data/models/Laos/TS_model.pkl took 0.023 seconds
[2024-08-17T03:24:07.465+0000] {processor.py:161} INFO - Started process (PID=9153) to work on /opt/airflow/dags/data/models/Laos/TS_model.pkl
[2024-08-17T03:24:07.465+0000] {processor.py:830} INFO - Processing file /opt/airflow/dags/data/models/Laos/TS_model.pkl for tasks to queue
[2024-08-17T03:24:07.466+0000] {logging_mixin.py:188} INFO - [2024-08-17T03:24:07.466+0000] {dagbag.py:545} INFO - Filling up the DagBag from /opt/airflow/dags/data/models/Laos/TS_model.pkl
[2024-08-17T03:24:07.476+0000] {processor.py:842} WARNING - No viable dags retrieved from /opt/airflow/dags/data/models/Laos/TS_model.pkl
[2024-08-17T03:24:07.485+0000] {processor.py:183} INFO - Processing /opt/airflow/dags/data/models/Laos/TS_model.pkl took 0.024 seconds
[2024-08-17T03:24:38.631+0000] {processor.py:161} INFO - Started process (PID=9588) to work on /opt/airflow/dags/data/models/Laos/TS_model.pkl
[2024-08-17T03:24:38.632+0000] {processor.py:830} INFO - Processing file /opt/airflow/dags/data/models/Laos/TS_model.pkl for tasks to queue
[2024-08-17T03:24:38.633+0000] {logging_mixin.py:188} INFO - [2024-08-17T03:24:38.632+0000] {dagbag.py:545} INFO - Filling up the DagBag from /opt/airflow/dags/data/models/Laos/TS_model.pkl
[2024-08-17T03:24:38.641+0000] {processor.py:842} WARNING - No viable dags retrieved from /opt/airflow/dags/data/models/Laos/TS_model.pkl
[2024-08-17T03:24:38.650+0000] {processor.py:183} INFO - Processing /opt/airflow/dags/data/models/Laos/TS_model.pkl took 0.022 seconds
[2024-08-17T03:25:10.036+0000] {processor.py:161} INFO - Started process (PID=10035) to work on /opt/airflow/dags/data/models/Laos/TS_model.pkl
[2024-08-17T03:25:10.037+0000] {processor.py:830} INFO - Processing file /opt/airflow/dags/data/models/Laos/TS_model.pkl for tasks to queue
[2024-08-17T03:25:10.038+0000] {logging_mixin.py:188} INFO - [2024-08-17T03:25:10.037+0000] {dagbag.py:545} INFO - Filling up the DagBag from /opt/airflow/dags/data/models/Laos/TS_model.pkl
[2024-08-17T03:25:10.045+0000] {processor.py:842} WARNING - No viable dags retrieved from /opt/airflow/dags/data/models/Laos/TS_model.pkl
[2024-08-17T03:25:10.055+0000] {processor.py:183} INFO - Processing /opt/airflow/dags/data/models/Laos/TS_model.pkl took 0.023 seconds
[2024-08-17T03:25:40.796+0000] {processor.py:161} INFO - Started process (PID=10468) to work on /opt/airflow/dags/data/models/Laos/TS_model.pkl
[2024-08-17T03:25:40.796+0000] {processor.py:830} INFO - Processing file /opt/airflow/dags/data/models/Laos/TS_model.pkl for tasks to queue
[2024-08-17T03:25:40.797+0000] {logging_mixin.py:188} INFO - [2024-08-17T03:25:40.797+0000] {dagbag.py:545} INFO - Filling up the DagBag from /opt/airflow/dags/data/models/Laos/TS_model.pkl
[2024-08-17T03:25:40.808+0000] {processor.py:842} WARNING - No viable dags retrieved from /opt/airflow/dags/data/models/Laos/TS_model.pkl
[2024-08-17T03:25:40.818+0000] {processor.py:183} INFO - Processing /opt/airflow/dags/data/models/Laos/TS_model.pkl took 0.025 seconds
[2024-08-17T03:26:11.420+0000] {processor.py:161} INFO - Started process (PID=10896) to work on /opt/airflow/dags/data/models/Laos/TS_model.pkl
[2024-08-17T03:26:11.421+0000] {processor.py:830} INFO - Processing file /opt/airflow/dags/data/models/Laos/TS_model.pkl for tasks to queue
[2024-08-17T03:26:11.421+0000] {logging_mixin.py:188} INFO - [2024-08-17T03:26:11.421+0000] {dagbag.py:545} INFO - Filling up the DagBag from /opt/airflow/dags/data/models/Laos/TS_model.pkl
[2024-08-17T03:26:11.430+0000] {processor.py:842} WARNING - No viable dags retrieved from /opt/airflow/dags/data/models/Laos/TS_model.pkl
[2024-08-17T03:26:11.440+0000] {processor.py:183} INFO - Processing /opt/airflow/dags/data/models/Laos/TS_model.pkl took 0.023 seconds
[2024-08-17T03:26:42.408+0000] {processor.py:161} INFO - Started process (PID=11350) to work on /opt/airflow/dags/data/models/Laos/TS_model.pkl
[2024-08-17T03:26:42.409+0000] {processor.py:830} INFO - Processing file /opt/airflow/dags/data/models/Laos/TS_model.pkl for tasks to queue
[2024-08-17T03:26:42.409+0000] {logging_mixin.py:188} INFO - [2024-08-17T03:26:42.409+0000] {dagbag.py:545} INFO - Filling up the DagBag from /opt/airflow/dags/data/models/Laos/TS_model.pkl
[2024-08-17T03:26:42.419+0000] {processor.py:842} WARNING - No viable dags retrieved from /opt/airflow/dags/data/models/Laos/TS_model.pkl
[2024-08-17T03:26:42.428+0000] {processor.py:183} INFO - Processing /opt/airflow/dags/data/models/Laos/TS_model.pkl took 0.024 seconds
[2024-08-17T03:27:13.478+0000] {processor.py:161} INFO - Started process (PID=11786) to work on /opt/airflow/dags/data/models/Laos/TS_model.pkl
[2024-08-17T03:27:13.479+0000] {processor.py:830} INFO - Processing file /opt/airflow/dags/data/models/Laos/TS_model.pkl for tasks to queue
[2024-08-17T03:27:13.480+0000] {logging_mixin.py:188} INFO - [2024-08-17T03:27:13.480+0000] {dagbag.py:545} INFO - Filling up the DagBag from /opt/airflow/dags/data/models/Laos/TS_model.pkl
[2024-08-17T03:27:13.488+0000] {processor.py:842} WARNING - No viable dags retrieved from /opt/airflow/dags/data/models/Laos/TS_model.pkl
[2024-08-17T03:27:13.497+0000] {processor.py:183} INFO - Processing /opt/airflow/dags/data/models/Laos/TS_model.pkl took 0.023 seconds
[2024-08-17T03:27:44.091+0000] {processor.py:161} INFO - Started process (PID=12214) to work on /opt/airflow/dags/data/models/Laos/TS_model.pkl
[2024-08-17T03:27:44.092+0000] {processor.py:830} INFO - Processing file /opt/airflow/dags/data/models/Laos/TS_model.pkl for tasks to queue
[2024-08-17T03:27:44.092+0000] {logging_mixin.py:188} INFO - [2024-08-17T03:27:44.092+0000] {dagbag.py:545} INFO - Filling up the DagBag from /opt/airflow/dags/data/models/Laos/TS_model.pkl
[2024-08-17T03:27:44.101+0000] {processor.py:842} WARNING - No viable dags retrieved from /opt/airflow/dags/data/models/Laos/TS_model.pkl
[2024-08-17T03:27:44.111+0000] {processor.py:183} INFO - Processing /opt/airflow/dags/data/models/Laos/TS_model.pkl took 0.023 seconds
[2024-08-17T03:28:15.312+0000] {processor.py:161} INFO - Started process (PID=12668) to work on /opt/airflow/dags/data/models/Laos/TS_model.pkl
[2024-08-17T03:28:15.312+0000] {processor.py:830} INFO - Processing file /opt/airflow/dags/data/models/Laos/TS_model.pkl for tasks to queue
[2024-08-17T03:28:15.313+0000] {logging_mixin.py:188} INFO - [2024-08-17T03:28:15.313+0000] {dagbag.py:545} INFO - Filling up the DagBag from /opt/airflow/dags/data/models/Laos/TS_model.pkl
[2024-08-17T03:28:15.324+0000] {processor.py:842} WARNING - No viable dags retrieved from /opt/airflow/dags/data/models/Laos/TS_model.pkl
[2024-08-17T03:28:15.334+0000] {processor.py:183} INFO - Processing /opt/airflow/dags/data/models/Laos/TS_model.pkl took 0.026 seconds
[2024-08-17T03:28:46.257+0000] {processor.py:161} INFO - Started process (PID=13103) to work on /opt/airflow/dags/data/models/Laos/TS_model.pkl
[2024-08-17T03:28:46.257+0000] {processor.py:830} INFO - Processing file /opt/airflow/dags/data/models/Laos/TS_model.pkl for tasks to queue
[2024-08-17T03:28:46.258+0000] {logging_mixin.py:188} INFO - [2024-08-17T03:28:46.258+0000] {dagbag.py:545} INFO - Filling up the DagBag from /opt/airflow/dags/data/models/Laos/TS_model.pkl
[2024-08-17T03:28:46.265+0000] {processor.py:842} WARNING - No viable dags retrieved from /opt/airflow/dags/data/models/Laos/TS_model.pkl
[2024-08-17T03:28:46.274+0000] {processor.py:183} INFO - Processing /opt/airflow/dags/data/models/Laos/TS_model.pkl took 0.022 seconds
[2024-08-17T03:29:16.754+0000] {processor.py:161} INFO - Started process (PID=13548) to work on /opt/airflow/dags/data/models/Laos/TS_model.pkl
[2024-08-17T03:29:16.755+0000] {processor.py:830} INFO - Processing file /opt/airflow/dags/data/models/Laos/TS_model.pkl for tasks to queue
[2024-08-17T03:29:16.756+0000] {logging_mixin.py:188} INFO - [2024-08-17T03:29:16.755+0000] {dagbag.py:545} INFO - Filling up the DagBag from /opt/airflow/dags/data/models/Laos/TS_model.pkl
[2024-08-17T03:29:16.763+0000] {processor.py:842} WARNING - No viable dags retrieved from /opt/airflow/dags/data/models/Laos/TS_model.pkl
[2024-08-17T03:29:16.772+0000] {processor.py:183} INFO - Processing /opt/airflow/dags/data/models/Laos/TS_model.pkl took 0.022 seconds
[2024-08-17T03:29:47.793+0000] {processor.py:161} INFO - Started process (PID=14005) to work on /opt/airflow/dags/data/models/Laos/TS_model.pkl
[2024-08-17T03:29:47.794+0000] {processor.py:830} INFO - Processing file /opt/airflow/dags/data/models/Laos/TS_model.pkl for tasks to queue
[2024-08-17T03:29:47.794+0000] {logging_mixin.py:188} INFO - [2024-08-17T03:29:47.794+0000] {dagbag.py:545} INFO - Filling up the DagBag from /opt/airflow/dags/data/models/Laos/TS_model.pkl
[2024-08-17T03:29:47.807+0000] {processor.py:842} WARNING - No viable dags retrieved from /opt/airflow/dags/data/models/Laos/TS_model.pkl
[2024-08-17T03:29:47.818+0000] {processor.py:183} INFO - Processing /opt/airflow/dags/data/models/Laos/TS_model.pkl took 0.030 seconds
[2024-08-17T03:30:18.891+0000] {processor.py:161} INFO - Started process (PID=14434) to work on /opt/airflow/dags/data/models/Laos/TS_model.pkl
[2024-08-17T03:30:18.892+0000] {processor.py:830} INFO - Processing file /opt/airflow/dags/data/models/Laos/TS_model.pkl for tasks to queue
[2024-08-17T03:30:18.893+0000] {logging_mixin.py:188} INFO - [2024-08-17T03:30:18.892+0000] {dagbag.py:545} INFO - Filling up the DagBag from /opt/airflow/dags/data/models/Laos/TS_model.pkl
[2024-08-17T03:30:18.903+0000] {processor.py:842} WARNING - No viable dags retrieved from /opt/airflow/dags/data/models/Laos/TS_model.pkl
[2024-08-17T03:30:18.913+0000] {processor.py:183} INFO - Processing /opt/airflow/dags/data/models/Laos/TS_model.pkl took 0.025 seconds
[2024-08-17T03:30:51.184+0000] {processor.py:161} INFO - Started process (PID=14890) to work on /opt/airflow/dags/data/models/Laos/TS_model.pkl
[2024-08-17T03:30:51.184+0000] {processor.py:830} INFO - Processing file /opt/airflow/dags/data/models/Laos/TS_model.pkl for tasks to queue
[2024-08-17T03:30:51.185+0000] {logging_mixin.py:188} INFO - [2024-08-17T03:30:51.185+0000] {dagbag.py:545} INFO - Filling up the DagBag from /opt/airflow/dags/data/models/Laos/TS_model.pkl
[2024-08-17T03:30:51.191+0000] {processor.py:842} WARNING - No viable dags retrieved from /opt/airflow/dags/data/models/Laos/TS_model.pkl
[2024-08-17T03:30:51.201+0000] {processor.py:183} INFO - Processing /opt/airflow/dags/data/models/Laos/TS_model.pkl took 0.020 seconds
[2024-08-17T03:31:22.068+0000] {processor.py:161} INFO - Started process (PID=15324) to work on /opt/airflow/dags/data/models/Laos/TS_model.pkl
[2024-08-17T03:31:22.069+0000] {processor.py:830} INFO - Processing file /opt/airflow/dags/data/models/Laos/TS_model.pkl for tasks to queue
[2024-08-17T03:31:22.069+0000] {logging_mixin.py:188} INFO - [2024-08-17T03:31:22.069+0000] {dagbag.py:545} INFO - Filling up the DagBag from /opt/airflow/dags/data/models/Laos/TS_model.pkl
[2024-08-17T03:31:22.077+0000] {processor.py:842} WARNING - No viable dags retrieved from /opt/airflow/dags/data/models/Laos/TS_model.pkl
[2024-08-17T03:31:22.087+0000] {processor.py:183} INFO - Processing /opt/airflow/dags/data/models/Laos/TS_model.pkl took 0.023 seconds
[2024-08-17T03:31:52.730+0000] {processor.py:161} INFO - Started process (PID=15752) to work on /opt/airflow/dags/data/models/Laos/TS_model.pkl
[2024-08-17T03:31:52.731+0000] {processor.py:830} INFO - Processing file /opt/airflow/dags/data/models/Laos/TS_model.pkl for tasks to queue
[2024-08-17T03:31:52.732+0000] {logging_mixin.py:188} INFO - [2024-08-17T03:31:52.731+0000] {dagbag.py:545} INFO - Filling up the DagBag from /opt/airflow/dags/data/models/Laos/TS_model.pkl
[2024-08-17T03:31:52.741+0000] {processor.py:842} WARNING - No viable dags retrieved from /opt/airflow/dags/data/models/Laos/TS_model.pkl
[2024-08-17T03:31:52.750+0000] {processor.py:183} INFO - Processing /opt/airflow/dags/data/models/Laos/TS_model.pkl took 0.023 seconds
[2024-08-17T03:32:24.110+0000] {processor.py:161} INFO - Started process (PID=16205) to work on /opt/airflow/dags/data/models/Laos/TS_model.pkl
[2024-08-17T03:32:24.111+0000] {processor.py:830} INFO - Processing file /opt/airflow/dags/data/models/Laos/TS_model.pkl for tasks to queue
[2024-08-17T03:32:24.111+0000] {logging_mixin.py:188} INFO - [2024-08-17T03:32:24.111+0000] {dagbag.py:545} INFO - Filling up the DagBag from /opt/airflow/dags/data/models/Laos/TS_model.pkl
[2024-08-17T03:32:24.119+0000] {processor.py:842} WARNING - No viable dags retrieved from /opt/airflow/dags/data/models/Laos/TS_model.pkl
[2024-08-17T03:32:24.128+0000] {processor.py:183} INFO - Processing /opt/airflow/dags/data/models/Laos/TS_model.pkl took 0.023 seconds
[2024-08-17T03:32:54.860+0000] {processor.py:161} INFO - Started process (PID=16638) to work on /opt/airflow/dags/data/models/Laos/TS_model.pkl
[2024-08-17T03:32:54.860+0000] {processor.py:830} INFO - Processing file /opt/airflow/dags/data/models/Laos/TS_model.pkl for tasks to queue
[2024-08-17T03:32:54.861+0000] {logging_mixin.py:188} INFO - [2024-08-17T03:32:54.861+0000] {dagbag.py:545} INFO - Filling up the DagBag from /opt/airflow/dags/data/models/Laos/TS_model.pkl
[2024-08-17T03:32:54.869+0000] {processor.py:842} WARNING - No viable dags retrieved from /opt/airflow/dags/data/models/Laos/TS_model.pkl
[2024-08-17T03:32:54.879+0000] {processor.py:183} INFO - Processing /opt/airflow/dags/data/models/Laos/TS_model.pkl took 0.023 seconds
[2024-08-17T03:33:25.474+0000] {processor.py:161} INFO - Started process (PID=17066) to work on /opt/airflow/dags/data/models/Laos/TS_model.pkl
[2024-08-17T03:33:25.474+0000] {processor.py:830} INFO - Processing file /opt/airflow/dags/data/models/Laos/TS_model.pkl for tasks to queue
[2024-08-17T03:33:25.475+0000] {logging_mixin.py:188} INFO - [2024-08-17T03:33:25.475+0000] {dagbag.py:545} INFO - Filling up the DagBag from /opt/airflow/dags/data/models/Laos/TS_model.pkl
[2024-08-17T03:33:25.481+0000] {processor.py:842} WARNING - No viable dags retrieved from /opt/airflow/dags/data/models/Laos/TS_model.pkl
[2024-08-17T03:33:25.489+0000] {processor.py:183} INFO - Processing /opt/airflow/dags/data/models/Laos/TS_model.pkl took 0.019 seconds
[2024-08-17T03:33:59.383+0000] {processor.py:161} INFO - Started process (PID=17506) to work on /opt/airflow/dags/data/models/Laos/TS_model.pkl
[2024-08-17T03:33:59.384+0000] {processor.py:830} INFO - Processing file /opt/airflow/dags/data/models/Laos/TS_model.pkl for tasks to queue
[2024-08-17T03:33:59.385+0000] {logging_mixin.py:188} INFO - [2024-08-17T03:33:59.384+0000] {dagbag.py:545} INFO - Filling up the DagBag from /opt/airflow/dags/data/models/Laos/TS_model.pkl
[2024-08-17T03:33:59.398+0000] {processor.py:842} WARNING - No viable dags retrieved from /opt/airflow/dags/data/models/Laos/TS_model.pkl
[2024-08-17T03:33:59.408+0000] {processor.py:183} INFO - Processing /opt/airflow/dags/data/models/Laos/TS_model.pkl took 0.029 seconds
[2024-08-17T03:34:30.821+0000] {processor.py:161} INFO - Started process (PID=17960) to work on /opt/airflow/dags/data/models/Laos/TS_model.pkl
[2024-08-17T03:34:30.822+0000] {processor.py:830} INFO - Processing file /opt/airflow/dags/data/models/Laos/TS_model.pkl for tasks to queue
[2024-08-17T03:34:30.822+0000] {logging_mixin.py:188} INFO - [2024-08-17T03:34:30.822+0000] {dagbag.py:545} INFO - Filling up the DagBag from /opt/airflow/dags/data/models/Laos/TS_model.pkl
[2024-08-17T03:34:30.830+0000] {processor.py:842} WARNING - No viable dags retrieved from /opt/airflow/dags/data/models/Laos/TS_model.pkl
[2024-08-17T03:34:30.839+0000] {processor.py:183} INFO - Processing /opt/airflow/dags/data/models/Laos/TS_model.pkl took 0.023 seconds
[2024-08-17T03:35:01.795+0000] {processor.py:161} INFO - Started process (PID=18388) to work on /opt/airflow/dags/data/models/Laos/TS_model.pkl
[2024-08-17T03:35:01.795+0000] {processor.py:830} INFO - Processing file /opt/airflow/dags/data/models/Laos/TS_model.pkl for tasks to queue
[2024-08-17T03:35:01.796+0000] {logging_mixin.py:188} INFO - [2024-08-17T03:35:01.796+0000] {dagbag.py:545} INFO - Filling up the DagBag from /opt/airflow/dags/data/models/Laos/TS_model.pkl
[2024-08-17T03:35:01.806+0000] {processor.py:842} WARNING - No viable dags retrieved from /opt/airflow/dags/data/models/Laos/TS_model.pkl
[2024-08-17T03:35:01.815+0000] {processor.py:183} INFO - Processing /opt/airflow/dags/data/models/Laos/TS_model.pkl took 0.024 seconds
[2024-08-17T03:35:33.178+0000] {processor.py:161} INFO - Started process (PID=18842) to work on /opt/airflow/dags/data/models/Laos/TS_model.pkl
[2024-08-17T03:35:33.178+0000] {processor.py:830} INFO - Processing file /opt/airflow/dags/data/models/Laos/TS_model.pkl for tasks to queue
[2024-08-17T03:35:33.179+0000] {logging_mixin.py:188} INFO - [2024-08-17T03:35:33.179+0000] {dagbag.py:545} INFO - Filling up the DagBag from /opt/airflow/dags/data/models/Laos/TS_model.pkl
[2024-08-17T03:35:33.188+0000] {processor.py:842} WARNING - No viable dags retrieved from /opt/airflow/dags/data/models/Laos/TS_model.pkl
[2024-08-17T03:35:33.197+0000] {processor.py:183} INFO - Processing /opt/airflow/dags/data/models/Laos/TS_model.pkl took 0.024 seconds
[2024-08-17T03:36:03.891+0000] {processor.py:161} INFO - Started process (PID=19296) to work on /opt/airflow/dags/data/models/Laos/TS_model.pkl
[2024-08-17T03:36:03.892+0000] {processor.py:830} INFO - Processing file /opt/airflow/dags/data/models/Laos/TS_model.pkl for tasks to queue
[2024-08-17T03:36:03.893+0000] {logging_mixin.py:188} INFO - [2024-08-17T03:36:03.892+0000] {dagbag.py:545} INFO - Filling up the DagBag from /opt/airflow/dags/data/models/Laos/TS_model.pkl
[2024-08-17T03:36:03.906+0000] {processor.py:842} WARNING - No viable dags retrieved from /opt/airflow/dags/data/models/Laos/TS_model.pkl
[2024-08-17T03:36:03.916+0000] {processor.py:183} INFO - Processing /opt/airflow/dags/data/models/Laos/TS_model.pkl took 0.029 seconds
[2024-08-17T03:36:34.532+0000] {processor.py:161} INFO - Started process (PID=19724) to work on /opt/airflow/dags/data/models/Laos/TS_model.pkl
[2024-08-17T03:36:34.532+0000] {processor.py:830} INFO - Processing file /opt/airflow/dags/data/models/Laos/TS_model.pkl for tasks to queue
[2024-08-17T03:36:34.533+0000] {logging_mixin.py:188} INFO - [2024-08-17T03:36:34.533+0000] {dagbag.py:545} INFO - Filling up the DagBag from /opt/airflow/dags/data/models/Laos/TS_model.pkl
[2024-08-17T03:36:34.542+0000] {processor.py:842} WARNING - No viable dags retrieved from /opt/airflow/dags/data/models/Laos/TS_model.pkl
[2024-08-17T03:36:34.553+0000] {processor.py:183} INFO - Processing /opt/airflow/dags/data/models/Laos/TS_model.pkl took 0.024 seconds
[2024-08-17T03:37:05.251+0000] {processor.py:161} INFO - Started process (PID=20178) to work on /opt/airflow/dags/data/models/Laos/TS_model.pkl
[2024-08-17T03:37:05.251+0000] {processor.py:830} INFO - Processing file /opt/airflow/dags/data/models/Laos/TS_model.pkl for tasks to queue
[2024-08-17T03:37:05.252+0000] {logging_mixin.py:188} INFO - [2024-08-17T03:37:05.252+0000] {dagbag.py:545} INFO - Filling up the DagBag from /opt/airflow/dags/data/models/Laos/TS_model.pkl
[2024-08-17T03:37:05.261+0000] {processor.py:842} WARNING - No viable dags retrieved from /opt/airflow/dags/data/models/Laos/TS_model.pkl
[2024-08-17T03:37:05.271+0000] {processor.py:183} INFO - Processing /opt/airflow/dags/data/models/Laos/TS_model.pkl took 0.024 seconds
[2024-08-17T03:37:36.052+0000] {processor.py:161} INFO - Started process (PID=20632) to work on /opt/airflow/dags/data/models/Laos/TS_model.pkl
[2024-08-17T03:37:36.052+0000] {processor.py:830} INFO - Processing file /opt/airflow/dags/data/models/Laos/TS_model.pkl for tasks to queue
[2024-08-17T03:37:36.053+0000] {logging_mixin.py:188} INFO - [2024-08-17T03:37:36.053+0000] {dagbag.py:545} INFO - Filling up the DagBag from /opt/airflow/dags/data/models/Laos/TS_model.pkl
[2024-08-17T03:37:36.061+0000] {processor.py:842} WARNING - No viable dags retrieved from /opt/airflow/dags/data/models/Laos/TS_model.pkl
[2024-08-17T03:37:36.070+0000] {processor.py:183} INFO - Processing /opt/airflow/dags/data/models/Laos/TS_model.pkl took 0.022 seconds
[2024-08-17T09:22:50.918+0000] {processor.py:161} INFO - Started process (PID=275) to work on /opt/airflow/dags/data/models/Laos/TS_model.pkl
[2024-08-17T09:22:50.919+0000] {processor.py:830} INFO - Processing file /opt/airflow/dags/data/models/Laos/TS_model.pkl for tasks to queue
[2024-08-17T09:22:50.920+0000] {logging_mixin.py:188} INFO - [2024-08-17T09:22:50.920+0000] {dagbag.py:545} INFO - Filling up the DagBag from /opt/airflow/dags/data/models/Laos/TS_model.pkl
[2024-08-17T09:22:50.928+0000] {processor.py:842} WARNING - No viable dags retrieved from /opt/airflow/dags/data/models/Laos/TS_model.pkl
[2024-08-17T09:22:50.937+0000] {processor.py:183} INFO - Processing /opt/airflow/dags/data/models/Laos/TS_model.pkl took 0.023 seconds
[2024-08-17T09:23:23.198+0000] {processor.py:161} INFO - Started process (PID=705) to work on /opt/airflow/dags/data/models/Laos/TS_model.pkl
[2024-08-17T09:23:23.199+0000] {processor.py:830} INFO - Processing file /opt/airflow/dags/data/models/Laos/TS_model.pkl for tasks to queue
[2024-08-17T09:23:23.200+0000] {logging_mixin.py:188} INFO - [2024-08-17T09:23:23.200+0000] {dagbag.py:545} INFO - Filling up the DagBag from /opt/airflow/dags/data/models/Laos/TS_model.pkl
[2024-08-17T09:23:23.208+0000] {processor.py:842} WARNING - No viable dags retrieved from /opt/airflow/dags/data/models/Laos/TS_model.pkl
[2024-08-17T09:23:23.216+0000] {processor.py:183} INFO - Processing /opt/airflow/dags/data/models/Laos/TS_model.pkl took 0.021 seconds
[2024-08-17T09:23:54.860+0000] {processor.py:161} INFO - Started process (PID=1159) to work on /opt/airflow/dags/data/models/Laos/TS_model.pkl
[2024-08-17T09:23:54.861+0000] {processor.py:830} INFO - Processing file /opt/airflow/dags/data/models/Laos/TS_model.pkl for tasks to queue
[2024-08-17T09:23:54.862+0000] {logging_mixin.py:188} INFO - [2024-08-17T09:23:54.862+0000] {dagbag.py:545} INFO - Filling up the DagBag from /opt/airflow/dags/data/models/Laos/TS_model.pkl
[2024-08-17T09:23:54.869+0000] {processor.py:842} WARNING - No viable dags retrieved from /opt/airflow/dags/data/models/Laos/TS_model.pkl
[2024-08-17T09:23:54.877+0000] {processor.py:183} INFO - Processing /opt/airflow/dags/data/models/Laos/TS_model.pkl took 0.020 seconds
[2024-08-17T09:24:27.769+0000] {processor.py:161} INFO - Started process (PID=1613) to work on /opt/airflow/dags/data/models/Laos/TS_model.pkl
[2024-08-17T09:24:27.770+0000] {processor.py:830} INFO - Processing file /opt/airflow/dags/data/models/Laos/TS_model.pkl for tasks to queue
[2024-08-17T09:24:27.771+0000] {logging_mixin.py:188} INFO - [2024-08-17T09:24:27.771+0000] {dagbag.py:545} INFO - Filling up the DagBag from /opt/airflow/dags/data/models/Laos/TS_model.pkl
[2024-08-17T09:24:27.779+0000] {processor.py:842} WARNING - No viable dags retrieved from /opt/airflow/dags/data/models/Laos/TS_model.pkl
[2024-08-17T09:24:27.787+0000] {processor.py:183} INFO - Processing /opt/airflow/dags/data/models/Laos/TS_model.pkl took 0.022 seconds
[2024-08-17T09:24:59.258+0000] {processor.py:161} INFO - Started process (PID=2067) to work on /opt/airflow/dags/data/models/Laos/TS_model.pkl
[2024-08-17T09:24:59.259+0000] {processor.py:830} INFO - Processing file /opt/airflow/dags/data/models/Laos/TS_model.pkl for tasks to queue
[2024-08-17T09:24:59.260+0000] {logging_mixin.py:188} INFO - [2024-08-17T09:24:59.260+0000] {dagbag.py:545} INFO - Filling up the DagBag from /opt/airflow/dags/data/models/Laos/TS_model.pkl
[2024-08-17T09:24:59.272+0000] {processor.py:842} WARNING - No viable dags retrieved from /opt/airflow/dags/data/models/Laos/TS_model.pkl
[2024-08-17T09:24:59.281+0000] {processor.py:183} INFO - Processing /opt/airflow/dags/data/models/Laos/TS_model.pkl took 0.027 seconds
[2024-08-17T09:25:30.542+0000] {processor.py:161} INFO - Started process (PID=2495) to work on /opt/airflow/dags/data/models/Laos/TS_model.pkl
[2024-08-17T09:25:30.543+0000] {processor.py:830} INFO - Processing file /opt/airflow/dags/data/models/Laos/TS_model.pkl for tasks to queue
[2024-08-17T09:25:30.544+0000] {logging_mixin.py:188} INFO - [2024-08-17T09:25:30.544+0000] {dagbag.py:545} INFO - Filling up the DagBag from /opt/airflow/dags/data/models/Laos/TS_model.pkl
[2024-08-17T09:25:30.552+0000] {processor.py:842} WARNING - No viable dags retrieved from /opt/airflow/dags/data/models/Laos/TS_model.pkl
[2024-08-17T09:25:30.560+0000] {processor.py:183} INFO - Processing /opt/airflow/dags/data/models/Laos/TS_model.pkl took 0.023 seconds
[2024-08-17T09:26:01.434+0000] {processor.py:161} INFO - Started process (PID=2949) to work on /opt/airflow/dags/data/models/Laos/TS_model.pkl
[2024-08-17T09:26:01.435+0000] {processor.py:830} INFO - Processing file /opt/airflow/dags/data/models/Laos/TS_model.pkl for tasks to queue
[2024-08-17T09:26:01.436+0000] {logging_mixin.py:188} INFO - [2024-08-17T09:26:01.436+0000] {dagbag.py:545} INFO - Filling up the DagBag from /opt/airflow/dags/data/models/Laos/TS_model.pkl
[2024-08-17T09:26:01.443+0000] {processor.py:842} WARNING - No viable dags retrieved from /opt/airflow/dags/data/models/Laos/TS_model.pkl
[2024-08-17T09:26:01.452+0000] {processor.py:183} INFO - Processing /opt/airflow/dags/data/models/Laos/TS_model.pkl took 0.022 seconds
[2024-08-17T09:26:32.222+0000] {processor.py:161} INFO - Started process (PID=3384) to work on /opt/airflow/dags/data/models/Laos/TS_model.pkl
[2024-08-17T09:26:32.222+0000] {processor.py:830} INFO - Processing file /opt/airflow/dags/data/models/Laos/TS_model.pkl for tasks to queue
[2024-08-17T09:26:32.223+0000] {logging_mixin.py:188} INFO - [2024-08-17T09:26:32.223+0000] {dagbag.py:545} INFO - Filling up the DagBag from /opt/airflow/dags/data/models/Laos/TS_model.pkl
[2024-08-17T09:26:32.231+0000] {processor.py:842} WARNING - No viable dags retrieved from /opt/airflow/dags/data/models/Laos/TS_model.pkl
[2024-08-17T09:26:32.240+0000] {processor.py:183} INFO - Processing /opt/airflow/dags/data/models/Laos/TS_model.pkl took 0.022 seconds
[2024-08-17T09:27:03.025+0000] {processor.py:161} INFO - Started process (PID=3831) to work on /opt/airflow/dags/data/models/Laos/TS_model.pkl
[2024-08-17T09:27:03.026+0000] {processor.py:830} INFO - Processing file /opt/airflow/dags/data/models/Laos/TS_model.pkl for tasks to queue
[2024-08-17T09:27:03.027+0000] {logging_mixin.py:188} INFO - [2024-08-17T09:27:03.027+0000] {dagbag.py:545} INFO - Filling up the DagBag from /opt/airflow/dags/data/models/Laos/TS_model.pkl
[2024-08-17T09:27:03.035+0000] {processor.py:842} WARNING - No viable dags retrieved from /opt/airflow/dags/data/models/Laos/TS_model.pkl
[2024-08-17T09:27:03.044+0000] {processor.py:183} INFO - Processing /opt/airflow/dags/data/models/Laos/TS_model.pkl took 0.023 seconds
[2024-08-17T09:27:34.041+0000] {processor.py:161} INFO - Started process (PID=4286) to work on /opt/airflow/dags/data/models/Laos/TS_model.pkl
[2024-08-17T09:27:34.042+0000] {processor.py:830} INFO - Processing file /opt/airflow/dags/data/models/Laos/TS_model.pkl for tasks to queue
[2024-08-17T09:27:34.062+0000] {logging_mixin.py:188} INFO - [2024-08-17T09:27:34.062+0000] {dagbag.py:545} INFO - Filling up the DagBag from /opt/airflow/dags/data/models/Laos/TS_model.pkl
[2024-08-17T09:27:34.072+0000] {processor.py:842} WARNING - No viable dags retrieved from /opt/airflow/dags/data/models/Laos/TS_model.pkl
[2024-08-17T09:27:34.080+0000] {processor.py:183} INFO - Processing /opt/airflow/dags/data/models/Laos/TS_model.pkl took 0.044 seconds
[2024-08-17T09:28:04.746+0000] {processor.py:161} INFO - Started process (PID=4714) to work on /opt/airflow/dags/data/models/Laos/TS_model.pkl
[2024-08-17T09:28:04.746+0000] {processor.py:830} INFO - Processing file /opt/airflow/dags/data/models/Laos/TS_model.pkl for tasks to queue
[2024-08-17T09:28:04.748+0000] {logging_mixin.py:188} INFO - [2024-08-17T09:28:04.747+0000] {dagbag.py:545} INFO - Filling up the DagBag from /opt/airflow/dags/data/models/Laos/TS_model.pkl
[2024-08-17T09:28:04.755+0000] {processor.py:842} WARNING - No viable dags retrieved from /opt/airflow/dags/data/models/Laos/TS_model.pkl
[2024-08-17T09:28:04.763+0000] {processor.py:183} INFO - Processing /opt/airflow/dags/data/models/Laos/TS_model.pkl took 0.021 seconds
[2024-08-17T09:28:35.928+0000] {processor.py:161} INFO - Started process (PID=5168) to work on /opt/airflow/dags/data/models/Laos/TS_model.pkl
[2024-08-17T09:28:35.929+0000] {processor.py:830} INFO - Processing file /opt/airflow/dags/data/models/Laos/TS_model.pkl for tasks to queue
[2024-08-17T09:28:35.930+0000] {logging_mixin.py:188} INFO - [2024-08-17T09:28:35.930+0000] {dagbag.py:545} INFO - Filling up the DagBag from /opt/airflow/dags/data/models/Laos/TS_model.pkl
[2024-08-17T09:28:35.943+0000] {processor.py:842} WARNING - No viable dags retrieved from /opt/airflow/dags/data/models/Laos/TS_model.pkl
[2024-08-17T09:28:35.951+0000] {processor.py:183} INFO - Processing /opt/airflow/dags/data/models/Laos/TS_model.pkl took 0.026 seconds
[2024-08-17T09:29:07.410+0000] {processor.py:161} INFO - Started process (PID=5622) to work on /opt/airflow/dags/data/models/Laos/TS_model.pkl
[2024-08-17T09:29:07.410+0000] {processor.py:830} INFO - Processing file /opt/airflow/dags/data/models/Laos/TS_model.pkl for tasks to queue
[2024-08-17T09:29:07.412+0000] {logging_mixin.py:188} INFO - [2024-08-17T09:29:07.412+0000] {dagbag.py:545} INFO - Filling up the DagBag from /opt/airflow/dags/data/models/Laos/TS_model.pkl
[2024-08-17T09:29:07.422+0000] {processor.py:842} WARNING - No viable dags retrieved from /opt/airflow/dags/data/models/Laos/TS_model.pkl
[2024-08-17T09:29:07.431+0000] {processor.py:183} INFO - Processing /opt/airflow/dags/data/models/Laos/TS_model.pkl took 0.025 seconds
[2024-08-17T09:29:39.360+0000] {processor.py:161} INFO - Started process (PID=6057) to work on /opt/airflow/dags/data/models/Laos/TS_model.pkl
[2024-08-17T09:29:39.361+0000] {processor.py:830} INFO - Processing file /opt/airflow/dags/data/models/Laos/TS_model.pkl for tasks to queue
[2024-08-17T09:29:39.362+0000] {logging_mixin.py:188} INFO - [2024-08-17T09:29:39.362+0000] {dagbag.py:545} INFO - Filling up the DagBag from /opt/airflow/dags/data/models/Laos/TS_model.pkl
[2024-08-17T09:29:39.374+0000] {processor.py:842} WARNING - No viable dags retrieved from /opt/airflow/dags/data/models/Laos/TS_model.pkl
[2024-08-17T09:29:39.384+0000] {processor.py:183} INFO - Processing /opt/airflow/dags/data/models/Laos/TS_model.pkl took 0.027 seconds
[2024-08-17T09:30:11.087+0000] {processor.py:161} INFO - Started process (PID=6504) to work on /opt/airflow/dags/data/models/Laos/TS_model.pkl
[2024-08-17T09:30:11.088+0000] {processor.py:830} INFO - Processing file /opt/airflow/dags/data/models/Laos/TS_model.pkl for tasks to queue
[2024-08-17T09:30:11.089+0000] {logging_mixin.py:188} INFO - [2024-08-17T09:30:11.089+0000] {dagbag.py:545} INFO - Filling up the DagBag from /opt/airflow/dags/data/models/Laos/TS_model.pkl
[2024-08-17T09:30:11.096+0000] {processor.py:842} WARNING - No viable dags retrieved from /opt/airflow/dags/data/models/Laos/TS_model.pkl
[2024-08-17T09:30:11.104+0000] {processor.py:183} INFO - Processing /opt/airflow/dags/data/models/Laos/TS_model.pkl took 0.020 seconds
