[2024-08-17T02:48:54.017+0000] {processor.py:161} INFO - Started process (PID=82267) to work on /opt/airflow/dags/data/models/Grenada/TS_model.pkl
[2024-08-17T02:48:54.019+0000] {processor.py:830} INFO - Processing file /opt/airflow/dags/data/models/Grenada/TS_model.pkl for tasks to queue
[2024-08-17T02:48:54.024+0000] {logging_mixin.py:188} INFO - [2024-08-17T02:48:54.024+0000] {dagbag.py:545} INFO - Filling up the DagBag from /opt/airflow/dags/data/models/Grenada/TS_model.pkl
[2024-08-17T02:48:54.044+0000] {processor.py:842} WARNING - No viable dags retrieved from /opt/airflow/dags/data/models/Grenada/TS_model.pkl
[2024-08-17T02:48:54.056+0000] {processor.py:183} INFO - Processing /opt/airflow/dags/data/models/Grenada/TS_model.pkl took 0.043 seconds
[2024-08-17T02:49:24.846+0000] {processor.py:161} INFO - Started process (PID=82570) to work on /opt/airflow/dags/data/models/Grenada/TS_model.pkl
[2024-08-17T02:49:24.846+0000] {processor.py:830} INFO - Processing file /opt/airflow/dags/data/models/Grenada/TS_model.pkl for tasks to queue
[2024-08-17T02:49:24.847+0000] {logging_mixin.py:188} INFO - [2024-08-17T02:49:24.847+0000] {dagbag.py:545} INFO - Filling up the DagBag from /opt/airflow/dags/data/models/Grenada/TS_model.pkl
[2024-08-17T02:49:24.858+0000] {processor.py:842} WARNING - No viable dags retrieved from /opt/airflow/dags/data/models/Grenada/TS_model.pkl
[2024-08-17T02:49:24.868+0000] {processor.py:183} INFO - Processing /opt/airflow/dags/data/models/Grenada/TS_model.pkl took 0.028 seconds
[2024-08-17T02:49:55.603+0000] {processor.py:161} INFO - Started process (PID=82899) to work on /opt/airflow/dags/data/models/Grenada/TS_model.pkl
[2024-08-17T02:49:55.604+0000] {processor.py:830} INFO - Processing file /opt/airflow/dags/data/models/Grenada/TS_model.pkl for tasks to queue
[2024-08-17T02:49:55.604+0000] {logging_mixin.py:188} INFO - [2024-08-17T02:49:55.604+0000] {dagbag.py:545} INFO - Filling up the DagBag from /opt/airflow/dags/data/models/Grenada/TS_model.pkl
[2024-08-17T02:49:55.615+0000] {processor.py:842} WARNING - No viable dags retrieved from /opt/airflow/dags/data/models/Grenada/TS_model.pkl
[2024-08-17T02:49:55.625+0000] {processor.py:183} INFO - Processing /opt/airflow/dags/data/models/Grenada/TS_model.pkl took 0.028 seconds
[2024-08-17T02:50:26.298+0000] {processor.py:161} INFO - Started process (PID=83202) to work on /opt/airflow/dags/data/models/Grenada/TS_model.pkl
[2024-08-17T02:50:26.299+0000] {processor.py:830} INFO - Processing file /opt/airflow/dags/data/models/Grenada/TS_model.pkl for tasks to queue
[2024-08-17T02:50:26.300+0000] {logging_mixin.py:188} INFO - [2024-08-17T02:50:26.300+0000] {dagbag.py:545} INFO - Filling up the DagBag from /opt/airflow/dags/data/models/Grenada/TS_model.pkl
[2024-08-17T02:50:26.310+0000] {processor.py:842} WARNING - No viable dags retrieved from /opt/airflow/dags/data/models/Grenada/TS_model.pkl
[2024-08-17T02:50:26.320+0000] {processor.py:183} INFO - Processing /opt/airflow/dags/data/models/Grenada/TS_model.pkl took 0.026 seconds
[2024-08-17T02:50:57.342+0000] {processor.py:161} INFO - Started process (PID=83531) to work on /opt/airflow/dags/data/models/Grenada/TS_model.pkl
[2024-08-17T02:50:57.343+0000] {processor.py:830} INFO - Processing file /opt/airflow/dags/data/models/Grenada/TS_model.pkl for tasks to queue
[2024-08-17T02:50:57.343+0000] {logging_mixin.py:188} INFO - [2024-08-17T02:50:57.343+0000] {dagbag.py:545} INFO - Filling up the DagBag from /opt/airflow/dags/data/models/Grenada/TS_model.pkl
[2024-08-17T02:50:57.356+0000] {processor.py:842} WARNING - No viable dags retrieved from /opt/airflow/dags/data/models/Grenada/TS_model.pkl
[2024-08-17T02:50:57.368+0000] {processor.py:183} INFO - Processing /opt/airflow/dags/data/models/Grenada/TS_model.pkl took 0.031 seconds
[2024-08-17T02:51:28.078+0000] {processor.py:161} INFO - Started process (PID=83840) to work on /opt/airflow/dags/data/models/Grenada/TS_model.pkl
[2024-08-17T02:51:28.079+0000] {processor.py:830} INFO - Processing file /opt/airflow/dags/data/models/Grenada/TS_model.pkl for tasks to queue
[2024-08-17T02:51:28.079+0000] {logging_mixin.py:188} INFO - [2024-08-17T02:51:28.079+0000] {dagbag.py:545} INFO - Filling up the DagBag from /opt/airflow/dags/data/models/Grenada/TS_model.pkl
[2024-08-17T02:51:28.090+0000] {processor.py:842} WARNING - No viable dags retrieved from /opt/airflow/dags/data/models/Grenada/TS_model.pkl
[2024-08-17T02:51:28.102+0000] {processor.py:183} INFO - Processing /opt/airflow/dags/data/models/Grenada/TS_model.pkl took 0.029 seconds
[2024-08-17T02:51:59.418+0000] {processor.py:161} INFO - Started process (PID=84162) to work on /opt/airflow/dags/data/models/Grenada/TS_model.pkl
[2024-08-17T02:51:59.418+0000] {processor.py:830} INFO - Processing file /opt/airflow/dags/data/models/Grenada/TS_model.pkl for tasks to queue
[2024-08-17T02:51:59.419+0000] {logging_mixin.py:188} INFO - [2024-08-17T02:51:59.419+0000] {dagbag.py:545} INFO - Filling up the DagBag from /opt/airflow/dags/data/models/Grenada/TS_model.pkl
[2024-08-17T02:51:59.431+0000] {processor.py:842} WARNING - No viable dags retrieved from /opt/airflow/dags/data/models/Grenada/TS_model.pkl
[2024-08-17T02:51:59.440+0000] {processor.py:183} INFO - Processing /opt/airflow/dags/data/models/Grenada/TS_model.pkl took 0.027 seconds
[2024-08-17T02:52:30.150+0000] {processor.py:161} INFO - Started process (PID=84470) to work on /opt/airflow/dags/data/models/Grenada/TS_model.pkl
[2024-08-17T02:52:30.151+0000] {processor.py:830} INFO - Processing file /opt/airflow/dags/data/models/Grenada/TS_model.pkl for tasks to queue
[2024-08-17T02:52:30.152+0000] {logging_mixin.py:188} INFO - [2024-08-17T02:52:30.151+0000] {dagbag.py:545} INFO - Filling up the DagBag from /opt/airflow/dags/data/models/Grenada/TS_model.pkl
[2024-08-17T02:52:30.163+0000] {processor.py:842} WARNING - No viable dags retrieved from /opt/airflow/dags/data/models/Grenada/TS_model.pkl
[2024-08-17T02:52:30.173+0000] {processor.py:183} INFO - Processing /opt/airflow/dags/data/models/Grenada/TS_model.pkl took 0.027 seconds
[2024-08-17T02:53:00.809+0000] {processor.py:161} INFO - Started process (PID=84773) to work on /opt/airflow/dags/data/models/Grenada/TS_model.pkl
[2024-08-17T02:53:00.810+0000] {processor.py:830} INFO - Processing file /opt/airflow/dags/data/models/Grenada/TS_model.pkl for tasks to queue
[2024-08-17T02:53:00.810+0000] {logging_mixin.py:188} INFO - [2024-08-17T02:53:00.810+0000] {dagbag.py:545} INFO - Filling up the DagBag from /opt/airflow/dags/data/models/Grenada/TS_model.pkl
[2024-08-17T02:53:00.823+0000] {processor.py:842} WARNING - No viable dags retrieved from /opt/airflow/dags/data/models/Grenada/TS_model.pkl
[2024-08-17T02:53:00.832+0000] {processor.py:183} INFO - Processing /opt/airflow/dags/data/models/Grenada/TS_model.pkl took 0.027 seconds
[2024-08-17T02:53:31.465+0000] {processor.py:161} INFO - Started process (PID=85102) to work on /opt/airflow/dags/data/models/Grenada/TS_model.pkl
[2024-08-17T02:53:31.466+0000] {processor.py:830} INFO - Processing file /opt/airflow/dags/data/models/Grenada/TS_model.pkl for tasks to queue
[2024-08-17T02:53:31.467+0000] {logging_mixin.py:188} INFO - [2024-08-17T02:53:31.467+0000] {dagbag.py:545} INFO - Filling up the DagBag from /opt/airflow/dags/data/models/Grenada/TS_model.pkl
[2024-08-17T02:53:31.487+0000] {processor.py:842} WARNING - No viable dags retrieved from /opt/airflow/dags/data/models/Grenada/TS_model.pkl
[2024-08-17T02:53:31.497+0000] {processor.py:183} INFO - Processing /opt/airflow/dags/data/models/Grenada/TS_model.pkl took 0.036 seconds
[2024-08-17T02:54:02.346+0000] {processor.py:161} INFO - Started process (PID=85435) to work on /opt/airflow/dags/data/models/Grenada/TS_model.pkl
[2024-08-17T02:54:02.347+0000] {processor.py:830} INFO - Processing file /opt/airflow/dags/data/models/Grenada/TS_model.pkl for tasks to queue
[2024-08-17T02:54:02.348+0000] {logging_mixin.py:188} INFO - [2024-08-17T02:54:02.348+0000] {dagbag.py:545} INFO - Filling up the DagBag from /opt/airflow/dags/data/models/Grenada/TS_model.pkl
[2024-08-17T02:54:02.360+0000] {processor.py:842} WARNING - No viable dags retrieved from /opt/airflow/dags/data/models/Grenada/TS_model.pkl
[2024-08-17T02:54:02.370+0000] {processor.py:183} INFO - Processing /opt/airflow/dags/data/models/Grenada/TS_model.pkl took 0.028 seconds
[2024-08-17T02:54:32.876+0000] {processor.py:161} INFO - Started process (PID=85773) to work on /opt/airflow/dags/data/models/Grenada/TS_model.pkl
[2024-08-17T02:54:32.877+0000] {processor.py:830} INFO - Processing file /opt/airflow/dags/data/models/Grenada/TS_model.pkl for tasks to queue
[2024-08-17T02:54:32.877+0000] {logging_mixin.py:188} INFO - [2024-08-17T02:54:32.877+0000] {dagbag.py:545} INFO - Filling up the DagBag from /opt/airflow/dags/data/models/Grenada/TS_model.pkl
[2024-08-17T02:54:32.887+0000] {processor.py:842} WARNING - No viable dags retrieved from /opt/airflow/dags/data/models/Grenada/TS_model.pkl
[2024-08-17T02:54:32.896+0000] {processor.py:183} INFO - Processing /opt/airflow/dags/data/models/Grenada/TS_model.pkl took 0.025 seconds
[2024-08-17T02:55:03.659+0000] {processor.py:161} INFO - Started process (PID=86113) to work on /opt/airflow/dags/data/models/Grenada/TS_model.pkl
[2024-08-17T02:55:03.660+0000] {processor.py:830} INFO - Processing file /opt/airflow/dags/data/models/Grenada/TS_model.pkl for tasks to queue
[2024-08-17T02:55:03.660+0000] {logging_mixin.py:188} INFO - [2024-08-17T02:55:03.660+0000] {dagbag.py:545} INFO - Filling up the DagBag from /opt/airflow/dags/data/models/Grenada/TS_model.pkl
[2024-08-17T02:55:03.674+0000] {processor.py:842} WARNING - No viable dags retrieved from /opt/airflow/dags/data/models/Grenada/TS_model.pkl
[2024-08-17T02:55:03.685+0000] {processor.py:183} INFO - Processing /opt/airflow/dags/data/models/Grenada/TS_model.pkl took 0.031 seconds
[2024-08-17T02:55:34.467+0000] {processor.py:161} INFO - Started process (PID=86465) to work on /opt/airflow/dags/data/models/Grenada/TS_model.pkl
[2024-08-17T02:55:34.468+0000] {processor.py:830} INFO - Processing file /opt/airflow/dags/data/models/Grenada/TS_model.pkl for tasks to queue
[2024-08-17T02:55:34.468+0000] {logging_mixin.py:188} INFO - [2024-08-17T02:55:34.468+0000] {dagbag.py:545} INFO - Filling up the DagBag from /opt/airflow/dags/data/models/Grenada/TS_model.pkl
[2024-08-17T02:55:34.482+0000] {processor.py:842} WARNING - No viable dags retrieved from /opt/airflow/dags/data/models/Grenada/TS_model.pkl
[2024-08-17T02:55:34.493+0000] {processor.py:183} INFO - Processing /opt/airflow/dags/data/models/Grenada/TS_model.pkl took 0.030 seconds
[2024-08-17T02:56:05.444+0000] {processor.py:161} INFO - Started process (PID=86823) to work on /opt/airflow/dags/data/models/Grenada/TS_model.pkl
[2024-08-17T02:56:05.445+0000] {processor.py:830} INFO - Processing file /opt/airflow/dags/data/models/Grenada/TS_model.pkl for tasks to queue
[2024-08-17T02:56:05.446+0000] {logging_mixin.py:188} INFO - [2024-08-17T02:56:05.445+0000] {dagbag.py:545} INFO - Filling up the DagBag from /opt/airflow/dags/data/models/Grenada/TS_model.pkl
[2024-08-17T02:56:05.468+0000] {processor.py:842} WARNING - No viable dags retrieved from /opt/airflow/dags/data/models/Grenada/TS_model.pkl
[2024-08-17T02:56:05.479+0000] {processor.py:183} INFO - Processing /opt/airflow/dags/data/models/Grenada/TS_model.pkl took 0.040 seconds
[2024-08-17T02:56:36.351+0000] {processor.py:161} INFO - Started process (PID=87155) to work on /opt/airflow/dags/data/models/Grenada/TS_model.pkl
[2024-08-17T02:56:36.352+0000] {processor.py:830} INFO - Processing file /opt/airflow/dags/data/models/Grenada/TS_model.pkl for tasks to queue
[2024-08-17T02:56:36.353+0000] {logging_mixin.py:188} INFO - [2024-08-17T02:56:36.353+0000] {dagbag.py:545} INFO - Filling up the DagBag from /opt/airflow/dags/data/models/Grenada/TS_model.pkl
[2024-08-17T02:56:36.365+0000] {processor.py:842} WARNING - No viable dags retrieved from /opt/airflow/dags/data/models/Grenada/TS_model.pkl
[2024-08-17T02:56:36.375+0000] {processor.py:183} INFO - Processing /opt/airflow/dags/data/models/Grenada/TS_model.pkl took 0.027 seconds
[2024-08-17T02:57:06.895+0000] {processor.py:161} INFO - Started process (PID=87513) to work on /opt/airflow/dags/data/models/Grenada/TS_model.pkl
[2024-08-17T02:57:06.896+0000] {processor.py:830} INFO - Processing file /opt/airflow/dags/data/models/Grenada/TS_model.pkl for tasks to queue
[2024-08-17T02:57:06.896+0000] {logging_mixin.py:188} INFO - [2024-08-17T02:57:06.896+0000] {dagbag.py:545} INFO - Filling up the DagBag from /opt/airflow/dags/data/models/Grenada/TS_model.pkl
[2024-08-17T02:57:06.904+0000] {processor.py:842} WARNING - No viable dags retrieved from /opt/airflow/dags/data/models/Grenada/TS_model.pkl
[2024-08-17T02:57:06.915+0000] {processor.py:183} INFO - Processing /opt/airflow/dags/data/models/Grenada/TS_model.pkl took 0.024 seconds
[2024-08-17T02:57:37.970+0000] {processor.py:161} INFO - Started process (PID=87850) to work on /opt/airflow/dags/data/models/Grenada/TS_model.pkl
[2024-08-17T02:57:37.971+0000] {processor.py:830} INFO - Processing file /opt/airflow/dags/data/models/Grenada/TS_model.pkl for tasks to queue
[2024-08-17T02:57:37.972+0000] {logging_mixin.py:188} INFO - [2024-08-17T02:57:37.972+0000] {dagbag.py:545} INFO - Filling up the DagBag from /opt/airflow/dags/data/models/Grenada/TS_model.pkl
[2024-08-17T02:57:37.985+0000] {processor.py:842} WARNING - No viable dags retrieved from /opt/airflow/dags/data/models/Grenada/TS_model.pkl
[2024-08-17T02:57:37.996+0000] {processor.py:183} INFO - Processing /opt/airflow/dags/data/models/Grenada/TS_model.pkl took 0.030 seconds
[2024-08-17T02:58:09.445+0000] {processor.py:161} INFO - Started process (PID=88199) to work on /opt/airflow/dags/data/models/Grenada/TS_model.pkl
[2024-08-17T02:58:09.445+0000] {processor.py:830} INFO - Processing file /opt/airflow/dags/data/models/Grenada/TS_model.pkl for tasks to queue
[2024-08-17T02:58:09.446+0000] {logging_mixin.py:188} INFO - [2024-08-17T02:58:09.446+0000] {dagbag.py:545} INFO - Filling up the DagBag from /opt/airflow/dags/data/models/Grenada/TS_model.pkl
[2024-08-17T02:58:09.455+0000] {processor.py:842} WARNING - No viable dags retrieved from /opt/airflow/dags/data/models/Grenada/TS_model.pkl
[2024-08-17T02:58:09.465+0000] {processor.py:183} INFO - Processing /opt/airflow/dags/data/models/Grenada/TS_model.pkl took 0.025 seconds
[2024-08-17T02:58:41.273+0000] {processor.py:161} INFO - Started process (PID=88557) to work on /opt/airflow/dags/data/models/Grenada/TS_model.pkl
[2024-08-17T02:58:41.273+0000] {processor.py:830} INFO - Processing file /opt/airflow/dags/data/models/Grenada/TS_model.pkl for tasks to queue
[2024-08-17T02:58:41.274+0000] {logging_mixin.py:188} INFO - [2024-08-17T02:58:41.274+0000] {dagbag.py:545} INFO - Filling up the DagBag from /opt/airflow/dags/data/models/Grenada/TS_model.pkl
[2024-08-17T02:58:41.283+0000] {processor.py:842} WARNING - No viable dags retrieved from /opt/airflow/dags/data/models/Grenada/TS_model.pkl
[2024-08-17T02:58:41.293+0000] {processor.py:183} INFO - Processing /opt/airflow/dags/data/models/Grenada/TS_model.pkl took 0.025 seconds
[2024-08-17T02:59:13.400+0000] {processor.py:161} INFO - Started process (PID=88899) to work on /opt/airflow/dags/data/models/Grenada/TS_model.pkl
[2024-08-17T02:59:13.401+0000] {processor.py:830} INFO - Processing file /opt/airflow/dags/data/models/Grenada/TS_model.pkl for tasks to queue
[2024-08-17T02:59:13.402+0000] {logging_mixin.py:188} INFO - [2024-08-17T02:59:13.401+0000] {dagbag.py:545} INFO - Filling up the DagBag from /opt/airflow/dags/data/models/Grenada/TS_model.pkl
[2024-08-17T02:59:13.415+0000] {processor.py:842} WARNING - No viable dags retrieved from /opt/airflow/dags/data/models/Grenada/TS_model.pkl
[2024-08-17T02:59:13.424+0000] {processor.py:183} INFO - Processing /opt/airflow/dags/data/models/Grenada/TS_model.pkl took 0.029 seconds
[2024-08-17T02:59:44.392+0000] {processor.py:161} INFO - Started process (PID=89285) to work on /opt/airflow/dags/data/models/Grenada/TS_model.pkl
[2024-08-17T02:59:44.393+0000] {processor.py:830} INFO - Processing file /opt/airflow/dags/data/models/Grenada/TS_model.pkl for tasks to queue
[2024-08-17T02:59:44.393+0000] {logging_mixin.py:188} INFO - [2024-08-17T02:59:44.393+0000] {dagbag.py:545} INFO - Filling up the DagBag from /opt/airflow/dags/data/models/Grenada/TS_model.pkl
[2024-08-17T02:59:44.408+0000] {processor.py:842} WARNING - No viable dags retrieved from /opt/airflow/dags/data/models/Grenada/TS_model.pkl
[2024-08-17T02:59:44.420+0000] {processor.py:183} INFO - Processing /opt/airflow/dags/data/models/Grenada/TS_model.pkl took 0.033 seconds
[2024-08-17T03:00:15.285+0000] {processor.py:161} INFO - Started process (PID=89671) to work on /opt/airflow/dags/data/models/Grenada/TS_model.pkl
[2024-08-17T03:00:15.286+0000] {processor.py:830} INFO - Processing file /opt/airflow/dags/data/models/Grenada/TS_model.pkl for tasks to queue
[2024-08-17T03:00:15.287+0000] {logging_mixin.py:188} INFO - [2024-08-17T03:00:15.286+0000] {dagbag.py:545} INFO - Filling up the DagBag from /opt/airflow/dags/data/models/Grenada/TS_model.pkl
[2024-08-17T03:00:15.299+0000] {processor.py:842} WARNING - No viable dags retrieved from /opt/airflow/dags/data/models/Grenada/TS_model.pkl
[2024-08-17T03:00:15.309+0000] {processor.py:183} INFO - Processing /opt/airflow/dags/data/models/Grenada/TS_model.pkl took 0.028 seconds
[2024-08-17T03:00:46.282+0000] {processor.py:161} INFO - Started process (PID=90032) to work on /opt/airflow/dags/data/models/Grenada/TS_model.pkl
[2024-08-17T03:00:46.282+0000] {processor.py:830} INFO - Processing file /opt/airflow/dags/data/models/Grenada/TS_model.pkl for tasks to queue
[2024-08-17T03:00:46.283+0000] {logging_mixin.py:188} INFO - [2024-08-17T03:00:46.283+0000] {dagbag.py:545} INFO - Filling up the DagBag from /opt/airflow/dags/data/models/Grenada/TS_model.pkl
[2024-08-17T03:00:46.297+0000] {processor.py:842} WARNING - No viable dags retrieved from /opt/airflow/dags/data/models/Grenada/TS_model.pkl
[2024-08-17T03:00:46.307+0000] {processor.py:183} INFO - Processing /opt/airflow/dags/data/models/Grenada/TS_model.pkl took 0.029 seconds
[2024-08-17T03:01:17.302+0000] {processor.py:161} INFO - Started process (PID=90417) to work on /opt/airflow/dags/data/models/Grenada/TS_model.pkl
[2024-08-17T03:01:17.302+0000] {processor.py:830} INFO - Processing file /opt/airflow/dags/data/models/Grenada/TS_model.pkl for tasks to queue
[2024-08-17T03:01:17.303+0000] {logging_mixin.py:188} INFO - [2024-08-17T03:01:17.303+0000] {dagbag.py:545} INFO - Filling up the DagBag from /opt/airflow/dags/data/models/Grenada/TS_model.pkl
[2024-08-17T03:01:17.317+0000] {processor.py:842} WARNING - No viable dags retrieved from /opt/airflow/dags/data/models/Grenada/TS_model.pkl
[2024-08-17T03:01:17.327+0000] {processor.py:183} INFO - Processing /opt/airflow/dags/data/models/Grenada/TS_model.pkl took 0.030 seconds
[2024-08-17T03:01:48.451+0000] {processor.py:161} INFO - Started process (PID=90757) to work on /opt/airflow/dags/data/models/Grenada/TS_model.pkl
[2024-08-17T03:01:48.452+0000] {processor.py:830} INFO - Processing file /opt/airflow/dags/data/models/Grenada/TS_model.pkl for tasks to queue
[2024-08-17T03:01:48.453+0000] {logging_mixin.py:188} INFO - [2024-08-17T03:01:48.452+0000] {dagbag.py:545} INFO - Filling up the DagBag from /opt/airflow/dags/data/models/Grenada/TS_model.pkl
[2024-08-17T03:01:48.465+0000] {processor.py:842} WARNING - No viable dags retrieved from /opt/airflow/dags/data/models/Grenada/TS_model.pkl
[2024-08-17T03:01:48.475+0000] {processor.py:183} INFO - Processing /opt/airflow/dags/data/models/Grenada/TS_model.pkl took 0.028 seconds
[2024-08-17T03:02:19.218+0000] {processor.py:161} INFO - Started process (PID=91141) to work on /opt/airflow/dags/data/models/Grenada/TS_model.pkl
[2024-08-17T03:02:19.218+0000] {processor.py:830} INFO - Processing file /opt/airflow/dags/data/models/Grenada/TS_model.pkl for tasks to queue
[2024-08-17T03:02:19.219+0000] {logging_mixin.py:188} INFO - [2024-08-17T03:02:19.219+0000] {dagbag.py:545} INFO - Filling up the DagBag from /opt/airflow/dags/data/models/Grenada/TS_model.pkl
[2024-08-17T03:02:19.232+0000] {processor.py:842} WARNING - No viable dags retrieved from /opt/airflow/dags/data/models/Grenada/TS_model.pkl
[2024-08-17T03:02:19.243+0000] {processor.py:183} INFO - Processing /opt/airflow/dags/data/models/Grenada/TS_model.pkl took 0.029 seconds
[2024-08-17T03:02:50.522+0000] {processor.py:161} INFO - Started process (PID=91530) to work on /opt/airflow/dags/data/models/Grenada/TS_model.pkl
[2024-08-17T03:02:50.523+0000] {processor.py:830} INFO - Processing file /opt/airflow/dags/data/models/Grenada/TS_model.pkl for tasks to queue
[2024-08-17T03:02:50.525+0000] {logging_mixin.py:188} INFO - [2024-08-17T03:02:50.524+0000] {dagbag.py:545} INFO - Filling up the DagBag from /opt/airflow/dags/data/models/Grenada/TS_model.pkl
[2024-08-17T03:02:50.532+0000] {processor.py:842} WARNING - No viable dags retrieved from /opt/airflow/dags/data/models/Grenada/TS_model.pkl
[2024-08-17T03:02:50.544+0000] {processor.py:183} INFO - Processing /opt/airflow/dags/data/models/Grenada/TS_model.pkl took 0.030 seconds
[2024-08-17T03:03:21.353+0000] {processor.py:161} INFO - Started process (PID=91889) to work on /opt/airflow/dags/data/models/Grenada/TS_model.pkl
[2024-08-17T03:03:21.354+0000] {processor.py:830} INFO - Processing file /opt/airflow/dags/data/models/Grenada/TS_model.pkl for tasks to queue
[2024-08-17T03:03:21.355+0000] {logging_mixin.py:188} INFO - [2024-08-17T03:03:21.355+0000] {dagbag.py:545} INFO - Filling up the DagBag from /opt/airflow/dags/data/models/Grenada/TS_model.pkl
[2024-08-17T03:03:21.368+0000] {processor.py:842} WARNING - No viable dags retrieved from /opt/airflow/dags/data/models/Grenada/TS_model.pkl
[2024-08-17T03:03:21.379+0000] {processor.py:183} INFO - Processing /opt/airflow/dags/data/models/Grenada/TS_model.pkl took 0.031 seconds
[2024-08-17T03:03:59.057+0000] {processor.py:161} INFO - Started process (PID=92291) to work on /opt/airflow/dags/data/models/Grenada/TS_model.pkl
[2024-08-17T03:03:59.058+0000] {processor.py:830} INFO - Processing file /opt/airflow/dags/data/models/Grenada/TS_model.pkl for tasks to queue
[2024-08-17T03:03:59.058+0000] {logging_mixin.py:188} INFO - [2024-08-17T03:03:59.058+0000] {dagbag.py:545} INFO - Filling up the DagBag from /opt/airflow/dags/data/models/Grenada/TS_model.pkl
[2024-08-17T03:03:59.074+0000] {processor.py:842} WARNING - No viable dags retrieved from /opt/airflow/dags/data/models/Grenada/TS_model.pkl
[2024-08-17T03:03:59.085+0000] {processor.py:183} INFO - Processing /opt/airflow/dags/data/models/Grenada/TS_model.pkl took 0.033 seconds
[2024-08-17T03:04:30.395+0000] {processor.py:161} INFO - Started process (PID=92704) to work on /opt/airflow/dags/data/models/Grenada/TS_model.pkl
[2024-08-17T03:04:30.396+0000] {processor.py:830} INFO - Processing file /opt/airflow/dags/data/models/Grenada/TS_model.pkl for tasks to queue
[2024-08-17T03:04:30.396+0000] {logging_mixin.py:188} INFO - [2024-08-17T03:04:30.396+0000] {dagbag.py:545} INFO - Filling up the DagBag from /opt/airflow/dags/data/models/Grenada/TS_model.pkl
[2024-08-17T03:04:30.407+0000] {processor.py:842} WARNING - No viable dags retrieved from /opt/airflow/dags/data/models/Grenada/TS_model.pkl
[2024-08-17T03:04:30.418+0000] {processor.py:183} INFO - Processing /opt/airflow/dags/data/models/Grenada/TS_model.pkl took 0.027 seconds
[2024-08-17T03:05:01.875+0000] {processor.py:161} INFO - Started process (PID=93099) to work on /opt/airflow/dags/data/models/Grenada/TS_model.pkl
[2024-08-17T03:05:01.877+0000] {processor.py:830} INFO - Processing file /opt/airflow/dags/data/models/Grenada/TS_model.pkl for tasks to queue
[2024-08-17T03:05:01.878+0000] {logging_mixin.py:188} INFO - [2024-08-17T03:05:01.877+0000] {dagbag.py:545} INFO - Filling up the DagBag from /opt/airflow/dags/data/models/Grenada/TS_model.pkl
[2024-08-17T03:05:01.890+0000] {processor.py:842} WARNING - No viable dags retrieved from /opt/airflow/dags/data/models/Grenada/TS_model.pkl
[2024-08-17T03:05:01.903+0000] {processor.py:183} INFO - Processing /opt/airflow/dags/data/models/Grenada/TS_model.pkl took 0.031 seconds
[2024-08-17T03:05:32.951+0000] {processor.py:161} INFO - Started process (PID=93506) to work on /opt/airflow/dags/data/models/Grenada/TS_model.pkl
[2024-08-17T03:05:32.952+0000] {processor.py:830} INFO - Processing file /opt/airflow/dags/data/models/Grenada/TS_model.pkl for tasks to queue
[2024-08-17T03:05:32.952+0000] {logging_mixin.py:188} INFO - [2024-08-17T03:05:32.952+0000] {dagbag.py:545} INFO - Filling up the DagBag from /opt/airflow/dags/data/models/Grenada/TS_model.pkl
[2024-08-17T03:05:32.964+0000] {processor.py:842} WARNING - No viable dags retrieved from /opt/airflow/dags/data/models/Grenada/TS_model.pkl
[2024-08-17T03:05:32.975+0000] {processor.py:183} INFO - Processing /opt/airflow/dags/data/models/Grenada/TS_model.pkl took 0.028 seconds
[2024-08-17T03:06:03.920+0000] {processor.py:161} INFO - Started process (PID=93921) to work on /opt/airflow/dags/data/models/Grenada/TS_model.pkl
[2024-08-17T03:06:03.921+0000] {processor.py:830} INFO - Processing file /opt/airflow/dags/data/models/Grenada/TS_model.pkl for tasks to queue
[2024-08-17T03:06:03.939+0000] {logging_mixin.py:188} INFO - [2024-08-17T03:06:03.938+0000] {dagbag.py:545} INFO - Filling up the DagBag from /opt/airflow/dags/data/models/Grenada/TS_model.pkl
[2024-08-17T03:06:03.954+0000] {processor.py:842} WARNING - No viable dags retrieved from /opt/airflow/dags/data/models/Grenada/TS_model.pkl
[2024-08-17T03:06:03.967+0000] {processor.py:183} INFO - Processing /opt/airflow/dags/data/models/Grenada/TS_model.pkl took 0.051 seconds
[2024-08-17T03:06:34.989+0000] {processor.py:161} INFO - Started process (PID=94310) to work on /opt/airflow/dags/data/models/Grenada/TS_model.pkl
[2024-08-17T03:06:34.990+0000] {processor.py:830} INFO - Processing file /opt/airflow/dags/data/models/Grenada/TS_model.pkl for tasks to queue
[2024-08-17T03:06:34.991+0000] {logging_mixin.py:188} INFO - [2024-08-17T03:06:34.990+0000] {dagbag.py:545} INFO - Filling up the DagBag from /opt/airflow/dags/data/models/Grenada/TS_model.pkl
[2024-08-17T03:06:35.003+0000] {processor.py:842} WARNING - No viable dags retrieved from /opt/airflow/dags/data/models/Grenada/TS_model.pkl
[2024-08-17T03:06:35.014+0000] {processor.py:183} INFO - Processing /opt/airflow/dags/data/models/Grenada/TS_model.pkl took 0.029 seconds
[2024-08-17T03:07:06.496+0000] {processor.py:161} INFO - Started process (PID=94725) to work on /opt/airflow/dags/data/models/Grenada/TS_model.pkl
[2024-08-17T03:07:06.497+0000] {processor.py:830} INFO - Processing file /opt/airflow/dags/data/models/Grenada/TS_model.pkl for tasks to queue
[2024-08-17T03:07:06.498+0000] {logging_mixin.py:188} INFO - [2024-08-17T03:07:06.498+0000] {dagbag.py:545} INFO - Filling up the DagBag from /opt/airflow/dags/data/models/Grenada/TS_model.pkl
[2024-08-17T03:07:06.507+0000] {processor.py:842} WARNING - No viable dags retrieved from /opt/airflow/dags/data/models/Grenada/TS_model.pkl
[2024-08-17T03:07:06.517+0000] {processor.py:183} INFO - Processing /opt/airflow/dags/data/models/Grenada/TS_model.pkl took 0.025 seconds
[2024-08-17T03:07:38.421+0000] {processor.py:161} INFO - Started process (PID=95135) to work on /opt/airflow/dags/data/models/Grenada/TS_model.pkl
[2024-08-17T03:07:38.422+0000] {processor.py:830} INFO - Processing file /opt/airflow/dags/data/models/Grenada/TS_model.pkl for tasks to queue
[2024-08-17T03:07:38.423+0000] {logging_mixin.py:188} INFO - [2024-08-17T03:07:38.422+0000] {dagbag.py:545} INFO - Filling up the DagBag from /opt/airflow/dags/data/models/Grenada/TS_model.pkl
[2024-08-17T03:07:38.436+0000] {processor.py:842} WARNING - No viable dags retrieved from /opt/airflow/dags/data/models/Grenada/TS_model.pkl
[2024-08-17T03:07:38.447+0000] {processor.py:183} INFO - Processing /opt/airflow/dags/data/models/Grenada/TS_model.pkl took 0.029 seconds
[2024-08-17T03:08:09.605+0000] {processor.py:161} INFO - Started process (PID=95502) to work on /opt/airflow/dags/data/models/Grenada/TS_model.pkl
[2024-08-17T03:08:09.605+0000] {processor.py:830} INFO - Processing file /opt/airflow/dags/data/models/Grenada/TS_model.pkl for tasks to queue
[2024-08-17T03:08:09.606+0000] {logging_mixin.py:188} INFO - [2024-08-17T03:08:09.606+0000] {dagbag.py:545} INFO - Filling up the DagBag from /opt/airflow/dags/data/models/Grenada/TS_model.pkl
[2024-08-17T03:08:09.620+0000] {processor.py:842} WARNING - No viable dags retrieved from /opt/airflow/dags/data/models/Grenada/TS_model.pkl
[2024-08-17T03:08:09.630+0000] {processor.py:183} INFO - Processing /opt/airflow/dags/data/models/Grenada/TS_model.pkl took 0.029 seconds
[2024-08-17T03:08:40.460+0000] {processor.py:161} INFO - Started process (PID=95916) to work on /opt/airflow/dags/data/models/Grenada/TS_model.pkl
[2024-08-17T03:08:40.461+0000] {processor.py:830} INFO - Processing file /opt/airflow/dags/data/models/Grenada/TS_model.pkl for tasks to queue
[2024-08-17T03:08:40.461+0000] {logging_mixin.py:188} INFO - [2024-08-17T03:08:40.461+0000] {dagbag.py:545} INFO - Filling up the DagBag from /opt/airflow/dags/data/models/Grenada/TS_model.pkl
[2024-08-17T03:08:40.473+0000] {processor.py:842} WARNING - No viable dags retrieved from /opt/airflow/dags/data/models/Grenada/TS_model.pkl
[2024-08-17T03:08:40.483+0000] {processor.py:183} INFO - Processing /opt/airflow/dags/data/models/Grenada/TS_model.pkl took 0.028 seconds
[2024-08-17T03:09:11.505+0000] {processor.py:161} INFO - Started process (PID=96334) to work on /opt/airflow/dags/data/models/Grenada/TS_model.pkl
[2024-08-17T03:09:11.506+0000] {processor.py:830} INFO - Processing file /opt/airflow/dags/data/models/Grenada/TS_model.pkl for tasks to queue
[2024-08-17T03:09:11.507+0000] {logging_mixin.py:188} INFO - [2024-08-17T03:09:11.506+0000] {dagbag.py:545} INFO - Filling up the DagBag from /opt/airflow/dags/data/models/Grenada/TS_model.pkl
[2024-08-17T03:09:11.518+0000] {processor.py:842} WARNING - No viable dags retrieved from /opt/airflow/dags/data/models/Grenada/TS_model.pkl
[2024-08-17T03:09:11.528+0000] {processor.py:183} INFO - Processing /opt/airflow/dags/data/models/Grenada/TS_model.pkl took 0.027 seconds
[2024-08-17T03:09:42.320+0000] {processor.py:161} INFO - Started process (PID=96777) to work on /opt/airflow/dags/data/models/Grenada/TS_model.pkl
[2024-08-17T03:09:42.320+0000] {processor.py:830} INFO - Processing file /opt/airflow/dags/data/models/Grenada/TS_model.pkl for tasks to queue
[2024-08-17T03:09:42.321+0000] {logging_mixin.py:188} INFO - [2024-08-17T03:09:42.321+0000] {dagbag.py:545} INFO - Filling up the DagBag from /opt/airflow/dags/data/models/Grenada/TS_model.pkl
[2024-08-17T03:09:42.332+0000] {processor.py:842} WARNING - No viable dags retrieved from /opt/airflow/dags/data/models/Grenada/TS_model.pkl
[2024-08-17T03:09:42.342+0000] {processor.py:183} INFO - Processing /opt/airflow/dags/data/models/Grenada/TS_model.pkl took 0.026 seconds
[2024-08-17T03:10:13.980+0000] {processor.py:161} INFO - Started process (PID=97193) to work on /opt/airflow/dags/data/models/Grenada/TS_model.pkl
[2024-08-17T03:10:13.980+0000] {processor.py:830} INFO - Processing file /opt/airflow/dags/data/models/Grenada/TS_model.pkl for tasks to queue
[2024-08-17T03:10:13.981+0000] {logging_mixin.py:188} INFO - [2024-08-17T03:10:13.981+0000] {dagbag.py:545} INFO - Filling up the DagBag from /opt/airflow/dags/data/models/Grenada/TS_model.pkl
[2024-08-17T03:10:13.995+0000] {processor.py:842} WARNING - No viable dags retrieved from /opt/airflow/dags/data/models/Grenada/TS_model.pkl
[2024-08-17T03:10:14.006+0000] {processor.py:183} INFO - Processing /opt/airflow/dags/data/models/Grenada/TS_model.pkl took 0.031 seconds
[2024-08-17T03:10:44.844+0000] {processor.py:161} INFO - Started process (PID=97590) to work on /opt/airflow/dags/data/models/Grenada/TS_model.pkl
[2024-08-17T03:10:44.844+0000] {processor.py:830} INFO - Processing file /opt/airflow/dags/data/models/Grenada/TS_model.pkl for tasks to queue
[2024-08-17T03:10:44.845+0000] {logging_mixin.py:188} INFO - [2024-08-17T03:10:44.845+0000] {dagbag.py:545} INFO - Filling up the DagBag from /opt/airflow/dags/data/models/Grenada/TS_model.pkl
[2024-08-17T03:10:44.852+0000] {processor.py:842} WARNING - No viable dags retrieved from /opt/airflow/dags/data/models/Grenada/TS_model.pkl
[2024-08-17T03:10:44.862+0000] {processor.py:183} INFO - Processing /opt/airflow/dags/data/models/Grenada/TS_model.pkl took 0.023 seconds
[2024-08-17T03:11:15.801+0000] {processor.py:161} INFO - Started process (PID=98034) to work on /opt/airflow/dags/data/models/Grenada/TS_model.pkl
[2024-08-17T03:11:15.801+0000] {processor.py:830} INFO - Processing file /opt/airflow/dags/data/models/Grenada/TS_model.pkl for tasks to queue
[2024-08-17T03:11:15.802+0000] {logging_mixin.py:188} INFO - [2024-08-17T03:11:15.802+0000] {dagbag.py:545} INFO - Filling up the DagBag from /opt/airflow/dags/data/models/Grenada/TS_model.pkl
[2024-08-17T03:11:15.811+0000] {processor.py:842} WARNING - No viable dags retrieved from /opt/airflow/dags/data/models/Grenada/TS_model.pkl
[2024-08-17T03:11:15.820+0000] {processor.py:183} INFO - Processing /opt/airflow/dags/data/models/Grenada/TS_model.pkl took 0.023 seconds
[2024-08-17T03:11:46.992+0000] {processor.py:161} INFO - Started process (PID=98454) to work on /opt/airflow/dags/data/models/Grenada/TS_model.pkl
[2024-08-17T03:11:46.993+0000] {processor.py:830} INFO - Processing file /opt/airflow/dags/data/models/Grenada/TS_model.pkl for tasks to queue
[2024-08-17T03:11:46.993+0000] {logging_mixin.py:188} INFO - [2024-08-17T03:11:46.993+0000] {dagbag.py:545} INFO - Filling up the DagBag from /opt/airflow/dags/data/models/Grenada/TS_model.pkl
[2024-08-17T03:11:47.007+0000] {processor.py:842} WARNING - No viable dags retrieved from /opt/airflow/dags/data/models/Grenada/TS_model.pkl
[2024-08-17T03:11:47.017+0000] {processor.py:183} INFO - Processing /opt/airflow/dags/data/models/Grenada/TS_model.pkl took 0.030 seconds
[2024-08-17T03:12:18.039+0000] {processor.py:161} INFO - Started process (PID=98898) to work on /opt/airflow/dags/data/models/Grenada/TS_model.pkl
[2024-08-17T03:12:18.040+0000] {processor.py:830} INFO - Processing file /opt/airflow/dags/data/models/Grenada/TS_model.pkl for tasks to queue
[2024-08-17T03:12:18.041+0000] {logging_mixin.py:188} INFO - [2024-08-17T03:12:18.041+0000] {dagbag.py:545} INFO - Filling up the DagBag from /opt/airflow/dags/data/models/Grenada/TS_model.pkl
[2024-08-17T03:12:18.049+0000] {processor.py:842} WARNING - No viable dags retrieved from /opt/airflow/dags/data/models/Grenada/TS_model.pkl
[2024-08-17T03:12:18.058+0000] {processor.py:183} INFO - Processing /opt/airflow/dags/data/models/Grenada/TS_model.pkl took 0.022 seconds
[2024-08-17T03:12:49.216+0000] {processor.py:161} INFO - Started process (PID=99320) to work on /opt/airflow/dags/data/models/Grenada/TS_model.pkl
[2024-08-17T03:12:49.217+0000] {processor.py:830} INFO - Processing file /opt/airflow/dags/data/models/Grenada/TS_model.pkl for tasks to queue
[2024-08-17T03:12:49.218+0000] {logging_mixin.py:188} INFO - [2024-08-17T03:12:49.217+0000] {dagbag.py:545} INFO - Filling up the DagBag from /opt/airflow/dags/data/models/Grenada/TS_model.pkl
[2024-08-17T03:12:49.233+0000] {processor.py:842} WARNING - No viable dags retrieved from /opt/airflow/dags/data/models/Grenada/TS_model.pkl
[2024-08-17T03:12:49.244+0000] {processor.py:183} INFO - Processing /opt/airflow/dags/data/models/Grenada/TS_model.pkl took 0.032 seconds
[2024-08-17T03:13:19.816+0000] {processor.py:161} INFO - Started process (PID=99737) to work on /opt/airflow/dags/data/models/Grenada/TS_model.pkl
[2024-08-17T03:13:19.817+0000] {processor.py:830} INFO - Processing file /opt/airflow/dags/data/models/Grenada/TS_model.pkl for tasks to queue
[2024-08-17T03:13:19.817+0000] {logging_mixin.py:188} INFO - [2024-08-17T03:13:19.817+0000] {dagbag.py:545} INFO - Filling up the DagBag from /opt/airflow/dags/data/models/Grenada/TS_model.pkl
[2024-08-17T03:13:19.825+0000] {processor.py:842} WARNING - No viable dags retrieved from /opt/airflow/dags/data/models/Grenada/TS_model.pkl
[2024-08-17T03:13:19.836+0000] {processor.py:183} INFO - Processing /opt/airflow/dags/data/models/Grenada/TS_model.pkl took 0.024 seconds
[2024-08-17T03:13:59.971+0000] {processor.py:161} INFO - Started process (PID=521) to work on /opt/airflow/dags/data/models/Grenada/TS_model.pkl
[2024-08-17T03:13:59.972+0000] {processor.py:830} INFO - Processing file /opt/airflow/dags/data/models/Grenada/TS_model.pkl for tasks to queue
[2024-08-17T03:13:59.973+0000] {logging_mixin.py:188} INFO - [2024-08-17T03:13:59.973+0000] {dagbag.py:545} INFO - Filling up the DagBag from /opt/airflow/dags/data/models/Grenada/TS_model.pkl
[2024-08-17T03:13:59.986+0000] {processor.py:842} WARNING - No viable dags retrieved from /opt/airflow/dags/data/models/Grenada/TS_model.pkl
[2024-08-17T03:13:59.998+0000] {processor.py:183} INFO - Processing /opt/airflow/dags/data/models/Grenada/TS_model.pkl took 0.032 seconds
[2024-08-17T03:14:30.934+0000] {processor.py:161} INFO - Started process (PID=947) to work on /opt/airflow/dags/data/models/Grenada/TS_model.pkl
[2024-08-17T03:14:30.934+0000] {processor.py:830} INFO - Processing file /opt/airflow/dags/data/models/Grenada/TS_model.pkl for tasks to queue
[2024-08-17T03:14:30.935+0000] {logging_mixin.py:188} INFO - [2024-08-17T03:14:30.935+0000] {dagbag.py:545} INFO - Filling up the DagBag from /opt/airflow/dags/data/models/Grenada/TS_model.pkl
[2024-08-17T03:14:30.943+0000] {processor.py:842} WARNING - No viable dags retrieved from /opt/airflow/dags/data/models/Grenada/TS_model.pkl
[2024-08-17T03:14:30.952+0000] {processor.py:183} INFO - Processing /opt/airflow/dags/data/models/Grenada/TS_model.pkl took 0.022 seconds
[2024-08-17T03:15:01.733+0000] {processor.py:161} INFO - Started process (PID=1401) to work on /opt/airflow/dags/data/models/Grenada/TS_model.pkl
[2024-08-17T03:15:01.734+0000] {processor.py:830} INFO - Processing file /opt/airflow/dags/data/models/Grenada/TS_model.pkl for tasks to queue
[2024-08-17T03:15:01.734+0000] {logging_mixin.py:188} INFO - [2024-08-17T03:15:01.734+0000] {dagbag.py:545} INFO - Filling up the DagBag from /opt/airflow/dags/data/models/Grenada/TS_model.pkl
[2024-08-17T03:15:01.742+0000] {processor.py:842} WARNING - No viable dags retrieved from /opt/airflow/dags/data/models/Grenada/TS_model.pkl
[2024-08-17T03:15:01.751+0000] {processor.py:183} INFO - Processing /opt/airflow/dags/data/models/Grenada/TS_model.pkl took 0.022 seconds
[2024-08-17T03:15:32.584+0000] {processor.py:161} INFO - Started process (PID=1829) to work on /opt/airflow/dags/data/models/Grenada/TS_model.pkl
[2024-08-17T03:15:32.585+0000] {processor.py:830} INFO - Processing file /opt/airflow/dags/data/models/Grenada/TS_model.pkl for tasks to queue
[2024-08-17T03:15:32.585+0000] {logging_mixin.py:188} INFO - [2024-08-17T03:15:32.585+0000] {dagbag.py:545} INFO - Filling up the DagBag from /opt/airflow/dags/data/models/Grenada/TS_model.pkl
[2024-08-17T03:15:32.593+0000] {processor.py:842} WARNING - No viable dags retrieved from /opt/airflow/dags/data/models/Grenada/TS_model.pkl
[2024-08-17T03:15:32.602+0000] {processor.py:183} INFO - Processing /opt/airflow/dags/data/models/Grenada/TS_model.pkl took 0.022 seconds
[2024-08-17T03:16:03.514+0000] {processor.py:161} INFO - Started process (PID=2283) to work on /opt/airflow/dags/data/models/Grenada/TS_model.pkl
[2024-08-17T03:16:03.515+0000] {processor.py:830} INFO - Processing file /opt/airflow/dags/data/models/Grenada/TS_model.pkl for tasks to queue
[2024-08-17T03:16:03.515+0000] {logging_mixin.py:188} INFO - [2024-08-17T03:16:03.515+0000] {dagbag.py:545} INFO - Filling up the DagBag from /opt/airflow/dags/data/models/Grenada/TS_model.pkl
[2024-08-17T03:16:03.528+0000] {processor.py:842} WARNING - No viable dags retrieved from /opt/airflow/dags/data/models/Grenada/TS_model.pkl
[2024-08-17T03:16:03.537+0000] {processor.py:183} INFO - Processing /opt/airflow/dags/data/models/Grenada/TS_model.pkl took 0.027 seconds
[2024-08-17T03:16:34.503+0000] {processor.py:161} INFO - Started process (PID=2718) to work on /opt/airflow/dags/data/models/Grenada/TS_model.pkl
[2024-08-17T03:16:34.504+0000] {processor.py:830} INFO - Processing file /opt/airflow/dags/data/models/Grenada/TS_model.pkl for tasks to queue
[2024-08-17T03:16:34.504+0000] {logging_mixin.py:188} INFO - [2024-08-17T03:16:34.504+0000] {dagbag.py:545} INFO - Filling up the DagBag from /opt/airflow/dags/data/models/Grenada/TS_model.pkl
[2024-08-17T03:16:34.511+0000] {processor.py:842} WARNING - No viable dags retrieved from /opt/airflow/dags/data/models/Grenada/TS_model.pkl
[2024-08-17T03:16:34.521+0000] {processor.py:183} INFO - Processing /opt/airflow/dags/data/models/Grenada/TS_model.pkl took 0.021 seconds
[2024-08-17T03:17:05.171+0000] {processor.py:161} INFO - Started process (PID=3165) to work on /opt/airflow/dags/data/models/Grenada/TS_model.pkl
[2024-08-17T03:17:05.172+0000] {processor.py:830} INFO - Processing file /opt/airflow/dags/data/models/Grenada/TS_model.pkl for tasks to queue
[2024-08-17T03:17:05.172+0000] {logging_mixin.py:188} INFO - [2024-08-17T03:17:05.172+0000] {dagbag.py:545} INFO - Filling up the DagBag from /opt/airflow/dags/data/models/Grenada/TS_model.pkl
[2024-08-17T03:17:05.180+0000] {processor.py:842} WARNING - No viable dags retrieved from /opt/airflow/dags/data/models/Grenada/TS_model.pkl
[2024-08-17T03:17:05.189+0000] {processor.py:183} INFO - Processing /opt/airflow/dags/data/models/Grenada/TS_model.pkl took 0.022 seconds
[2024-08-17T03:17:35.997+0000] {processor.py:161} INFO - Started process (PID=3619) to work on /opt/airflow/dags/data/models/Grenada/TS_model.pkl
[2024-08-17T03:17:35.998+0000] {processor.py:830} INFO - Processing file /opt/airflow/dags/data/models/Grenada/TS_model.pkl for tasks to queue
[2024-08-17T03:17:35.999+0000] {logging_mixin.py:188} INFO - [2024-08-17T03:17:35.999+0000] {dagbag.py:545} INFO - Filling up the DagBag from /opt/airflow/dags/data/models/Grenada/TS_model.pkl
[2024-08-17T03:17:36.011+0000] {processor.py:842} WARNING - No viable dags retrieved from /opt/airflow/dags/data/models/Grenada/TS_model.pkl
[2024-08-17T03:17:36.023+0000] {processor.py:183} INFO - Processing /opt/airflow/dags/data/models/Grenada/TS_model.pkl took 0.029 seconds
[2024-08-17T03:18:06.847+0000] {processor.py:161} INFO - Started process (PID=4047) to work on /opt/airflow/dags/data/models/Grenada/TS_model.pkl
[2024-08-17T03:18:06.847+0000] {processor.py:830} INFO - Processing file /opt/airflow/dags/data/models/Grenada/TS_model.pkl for tasks to queue
[2024-08-17T03:18:06.848+0000] {logging_mixin.py:188} INFO - [2024-08-17T03:18:06.848+0000] {dagbag.py:545} INFO - Filling up the DagBag from /opt/airflow/dags/data/models/Grenada/TS_model.pkl
[2024-08-17T03:18:06.862+0000] {processor.py:842} WARNING - No viable dags retrieved from /opt/airflow/dags/data/models/Grenada/TS_model.pkl
[2024-08-17T03:18:06.876+0000] {processor.py:183} INFO - Processing /opt/airflow/dags/data/models/Grenada/TS_model.pkl took 0.032 seconds
[2024-08-17T03:18:37.570+0000] {processor.py:161} INFO - Started process (PID=4501) to work on /opt/airflow/dags/data/models/Grenada/TS_model.pkl
[2024-08-17T03:18:37.571+0000] {processor.py:830} INFO - Processing file /opt/airflow/dags/data/models/Grenada/TS_model.pkl for tasks to queue
[2024-08-17T03:18:37.571+0000] {logging_mixin.py:188} INFO - [2024-08-17T03:18:37.571+0000] {dagbag.py:545} INFO - Filling up the DagBag from /opt/airflow/dags/data/models/Grenada/TS_model.pkl
[2024-08-17T03:18:37.580+0000] {processor.py:842} WARNING - No viable dags retrieved from /opt/airflow/dags/data/models/Grenada/TS_model.pkl
[2024-08-17T03:18:37.589+0000] {processor.py:183} INFO - Processing /opt/airflow/dags/data/models/Grenada/TS_model.pkl took 0.022 seconds
[2024-08-17T03:19:08.866+0000] {processor.py:161} INFO - Started process (PID=4935) to work on /opt/airflow/dags/data/models/Grenada/TS_model.pkl
[2024-08-17T03:19:08.867+0000] {processor.py:830} INFO - Processing file /opt/airflow/dags/data/models/Grenada/TS_model.pkl for tasks to queue
[2024-08-17T03:19:08.868+0000] {logging_mixin.py:188} INFO - [2024-08-17T03:19:08.868+0000] {dagbag.py:545} INFO - Filling up the DagBag from /opt/airflow/dags/data/models/Grenada/TS_model.pkl
[2024-08-17T03:19:08.879+0000] {processor.py:842} WARNING - No viable dags retrieved from /opt/airflow/dags/data/models/Grenada/TS_model.pkl
[2024-08-17T03:19:08.891+0000] {processor.py:183} INFO - Processing /opt/airflow/dags/data/models/Grenada/TS_model.pkl took 0.029 seconds
[2024-08-17T03:19:39.519+0000] {processor.py:161} INFO - Started process (PID=5361) to work on /opt/airflow/dags/data/models/Grenada/TS_model.pkl
[2024-08-17T03:19:39.520+0000] {processor.py:830} INFO - Processing file /opt/airflow/dags/data/models/Grenada/TS_model.pkl for tasks to queue
[2024-08-17T03:19:39.520+0000] {logging_mixin.py:188} INFO - [2024-08-17T03:19:39.520+0000] {dagbag.py:545} INFO - Filling up the DagBag from /opt/airflow/dags/data/models/Grenada/TS_model.pkl
[2024-08-17T03:19:39.544+0000] {processor.py:842} WARNING - No viable dags retrieved from /opt/airflow/dags/data/models/Grenada/TS_model.pkl
[2024-08-17T03:19:39.553+0000] {processor.py:183} INFO - Processing /opt/airflow/dags/data/models/Grenada/TS_model.pkl took 0.038 seconds
[2024-08-17T03:20:10.350+0000] {processor.py:161} INFO - Started process (PID=5814) to work on /opt/airflow/dags/data/models/Grenada/TS_model.pkl
[2024-08-17T03:20:10.350+0000] {processor.py:830} INFO - Processing file /opt/airflow/dags/data/models/Grenada/TS_model.pkl for tasks to queue
[2024-08-17T03:20:10.351+0000] {logging_mixin.py:188} INFO - [2024-08-17T03:20:10.351+0000] {dagbag.py:545} INFO - Filling up the DagBag from /opt/airflow/dags/data/models/Grenada/TS_model.pkl
[2024-08-17T03:20:10.359+0000] {processor.py:842} WARNING - No viable dags retrieved from /opt/airflow/dags/data/models/Grenada/TS_model.pkl
[2024-08-17T03:20:10.367+0000] {processor.py:183} INFO - Processing /opt/airflow/dags/data/models/Grenada/TS_model.pkl took 0.022 seconds
[2024-08-17T03:20:41.021+0000] {processor.py:161} INFO - Started process (PID=6221) to work on /opt/airflow/dags/data/models/Grenada/TS_model.pkl
[2024-08-17T03:20:41.022+0000] {processor.py:830} INFO - Processing file /opt/airflow/dags/data/models/Grenada/TS_model.pkl for tasks to queue
[2024-08-17T03:20:41.022+0000] {logging_mixin.py:188} INFO - [2024-08-17T03:20:41.022+0000] {dagbag.py:545} INFO - Filling up the DagBag from /opt/airflow/dags/data/models/Grenada/TS_model.pkl
[2024-08-17T03:20:41.028+0000] {processor.py:842} WARNING - No viable dags retrieved from /opt/airflow/dags/data/models/Grenada/TS_model.pkl
[2024-08-17T03:20:41.038+0000] {processor.py:183} INFO - Processing /opt/airflow/dags/data/models/Grenada/TS_model.pkl took 0.020 seconds
[2024-08-17T03:21:11.687+0000] {processor.py:161} INFO - Started process (PID=6675) to work on /opt/airflow/dags/data/models/Grenada/TS_model.pkl
[2024-08-17T03:21:11.687+0000] {processor.py:830} INFO - Processing file /opt/airflow/dags/data/models/Grenada/TS_model.pkl for tasks to queue
[2024-08-17T03:21:11.688+0000] {logging_mixin.py:188} INFO - [2024-08-17T03:21:11.688+0000] {dagbag.py:545} INFO - Filling up the DagBag from /opt/airflow/dags/data/models/Grenada/TS_model.pkl
[2024-08-17T03:21:11.694+0000] {processor.py:842} WARNING - No viable dags retrieved from /opt/airflow/dags/data/models/Grenada/TS_model.pkl
[2024-08-17T03:21:11.703+0000] {processor.py:183} INFO - Processing /opt/airflow/dags/data/models/Grenada/TS_model.pkl took 0.021 seconds
[2024-08-17T03:21:42.667+0000] {processor.py:161} INFO - Started process (PID=7129) to work on /opt/airflow/dags/data/models/Grenada/TS_model.pkl
[2024-08-17T03:21:42.668+0000] {processor.py:830} INFO - Processing file /opt/airflow/dags/data/models/Grenada/TS_model.pkl for tasks to queue
[2024-08-17T03:21:42.669+0000] {logging_mixin.py:188} INFO - [2024-08-17T03:21:42.669+0000] {dagbag.py:545} INFO - Filling up the DagBag from /opt/airflow/dags/data/models/Grenada/TS_model.pkl
[2024-08-17T03:21:42.678+0000] {processor.py:842} WARNING - No viable dags retrieved from /opt/airflow/dags/data/models/Grenada/TS_model.pkl
[2024-08-17T03:21:42.690+0000] {processor.py:183} INFO - Processing /opt/airflow/dags/data/models/Grenada/TS_model.pkl took 0.027 seconds
[2024-08-17T03:22:13.538+0000] {processor.py:161} INFO - Started process (PID=7557) to work on /opt/airflow/dags/data/models/Grenada/TS_model.pkl
[2024-08-17T03:22:13.539+0000] {processor.py:830} INFO - Processing file /opt/airflow/dags/data/models/Grenada/TS_model.pkl for tasks to queue
[2024-08-17T03:22:13.540+0000] {logging_mixin.py:188} INFO - [2024-08-17T03:22:13.539+0000] {dagbag.py:545} INFO - Filling up the DagBag from /opt/airflow/dags/data/models/Grenada/TS_model.pkl
[2024-08-17T03:22:13.551+0000] {processor.py:842} WARNING - No viable dags retrieved from /opt/airflow/dags/data/models/Grenada/TS_model.pkl
[2024-08-17T03:22:13.560+0000] {processor.py:183} INFO - Processing /opt/airflow/dags/data/models/Grenada/TS_model.pkl took 0.027 seconds
[2024-08-17T03:22:44.259+0000] {processor.py:161} INFO - Started process (PID=8009) to work on /opt/airflow/dags/data/models/Grenada/TS_model.pkl
[2024-08-17T03:22:44.260+0000] {processor.py:830} INFO - Processing file /opt/airflow/dags/data/models/Grenada/TS_model.pkl for tasks to queue
[2024-08-17T03:22:44.261+0000] {logging_mixin.py:188} INFO - [2024-08-17T03:22:44.260+0000] {dagbag.py:545} INFO - Filling up the DagBag from /opt/airflow/dags/data/models/Grenada/TS_model.pkl
[2024-08-17T03:22:44.270+0000] {processor.py:842} WARNING - No viable dags retrieved from /opt/airflow/dags/data/models/Grenada/TS_model.pkl
[2024-08-17T03:22:44.282+0000] {processor.py:183} INFO - Processing /opt/airflow/dags/data/models/Grenada/TS_model.pkl took 0.026 seconds
[2024-08-17T03:23:15.250+0000] {processor.py:161} INFO - Started process (PID=8437) to work on /opt/airflow/dags/data/models/Grenada/TS_model.pkl
[2024-08-17T03:23:15.250+0000] {processor.py:830} INFO - Processing file /opt/airflow/dags/data/models/Grenada/TS_model.pkl for tasks to queue
[2024-08-17T03:23:15.251+0000] {logging_mixin.py:188} INFO - [2024-08-17T03:23:15.251+0000] {dagbag.py:545} INFO - Filling up the DagBag from /opt/airflow/dags/data/models/Grenada/TS_model.pkl
[2024-08-17T03:23:15.270+0000] {processor.py:842} WARNING - No viable dags retrieved from /opt/airflow/dags/data/models/Grenada/TS_model.pkl
[2024-08-17T03:23:15.279+0000] {processor.py:183} INFO - Processing /opt/airflow/dags/data/models/Grenada/TS_model.pkl took 0.033 seconds
[2024-08-17T03:23:46.286+0000] {processor.py:161} INFO - Started process (PID=8891) to work on /opt/airflow/dags/data/models/Grenada/TS_model.pkl
[2024-08-17T03:23:46.286+0000] {processor.py:830} INFO - Processing file /opt/airflow/dags/data/models/Grenada/TS_model.pkl for tasks to queue
[2024-08-17T03:23:46.287+0000] {logging_mixin.py:188} INFO - [2024-08-17T03:23:46.287+0000] {dagbag.py:545} INFO - Filling up the DagBag from /opt/airflow/dags/data/models/Grenada/TS_model.pkl
[2024-08-17T03:23:46.295+0000] {processor.py:842} WARNING - No viable dags retrieved from /opt/airflow/dags/data/models/Grenada/TS_model.pkl
[2024-08-17T03:23:46.305+0000] {processor.py:183} INFO - Processing /opt/airflow/dags/data/models/Grenada/TS_model.pkl took 0.023 seconds
[2024-08-17T03:24:17.748+0000] {processor.py:161} INFO - Started process (PID=9345) to work on /opt/airflow/dags/data/models/Grenada/TS_model.pkl
[2024-08-17T03:24:17.749+0000] {processor.py:830} INFO - Processing file /opt/airflow/dags/data/models/Grenada/TS_model.pkl for tasks to queue
[2024-08-17T03:24:17.750+0000] {logging_mixin.py:188} INFO - [2024-08-17T03:24:17.750+0000] {dagbag.py:545} INFO - Filling up the DagBag from /opt/airflow/dags/data/models/Grenada/TS_model.pkl
[2024-08-17T03:24:17.762+0000] {processor.py:842} WARNING - No viable dags retrieved from /opt/airflow/dags/data/models/Grenada/TS_model.pkl
[2024-08-17T03:24:17.772+0000] {processor.py:183} INFO - Processing /opt/airflow/dags/data/models/Grenada/TS_model.pkl took 0.029 seconds
[2024-08-17T03:24:48.718+0000] {processor.py:161} INFO - Started process (PID=9773) to work on /opt/airflow/dags/data/models/Grenada/TS_model.pkl
[2024-08-17T03:24:48.719+0000] {processor.py:830} INFO - Processing file /opt/airflow/dags/data/models/Grenada/TS_model.pkl for tasks to queue
[2024-08-17T03:24:48.720+0000] {logging_mixin.py:188} INFO - [2024-08-17T03:24:48.719+0000] {dagbag.py:545} INFO - Filling up the DagBag from /opt/airflow/dags/data/models/Grenada/TS_model.pkl
[2024-08-17T03:24:48.730+0000] {processor.py:842} WARNING - No viable dags retrieved from /opt/airflow/dags/data/models/Grenada/TS_model.pkl
[2024-08-17T03:24:48.740+0000] {processor.py:183} INFO - Processing /opt/airflow/dags/data/models/Grenada/TS_model.pkl took 0.026 seconds
[2024-08-17T03:25:19.601+0000] {processor.py:161} INFO - Started process (PID=10227) to work on /opt/airflow/dags/data/models/Grenada/TS_model.pkl
[2024-08-17T03:25:19.602+0000] {processor.py:830} INFO - Processing file /opt/airflow/dags/data/models/Grenada/TS_model.pkl for tasks to queue
[2024-08-17T03:25:19.602+0000] {logging_mixin.py:188} INFO - [2024-08-17T03:25:19.602+0000] {dagbag.py:545} INFO - Filling up the DagBag from /opt/airflow/dags/data/models/Grenada/TS_model.pkl
[2024-08-17T03:25:19.610+0000] {processor.py:842} WARNING - No viable dags retrieved from /opt/airflow/dags/data/models/Grenada/TS_model.pkl
[2024-08-17T03:25:19.620+0000] {processor.py:183} INFO - Processing /opt/airflow/dags/data/models/Grenada/TS_model.pkl took 0.022 seconds
[2024-08-17T03:25:51.257+0000] {processor.py:161} INFO - Started process (PID=10681) to work on /opt/airflow/dags/data/models/Grenada/TS_model.pkl
[2024-08-17T03:25:51.265+0000] {processor.py:830} INFO - Processing file /opt/airflow/dags/data/models/Grenada/TS_model.pkl for tasks to queue
[2024-08-17T03:25:51.266+0000] {logging_mixin.py:188} INFO - [2024-08-17T03:25:51.266+0000] {dagbag.py:545} INFO - Filling up the DagBag from /opt/airflow/dags/data/models/Grenada/TS_model.pkl
[2024-08-17T03:25:51.274+0000] {processor.py:842} WARNING - No viable dags retrieved from /opt/airflow/dags/data/models/Grenada/TS_model.pkl
[2024-08-17T03:25:51.284+0000] {processor.py:183} INFO - Processing /opt/airflow/dags/data/models/Grenada/TS_model.pkl took 0.030 seconds
[2024-08-17T03:26:22.734+0000] {processor.py:161} INFO - Started process (PID=11091) to work on /opt/airflow/dags/data/models/Grenada/TS_model.pkl
[2024-08-17T03:26:22.735+0000] {processor.py:830} INFO - Processing file /opt/airflow/dags/data/models/Grenada/TS_model.pkl for tasks to queue
[2024-08-17T03:26:22.736+0000] {logging_mixin.py:188} INFO - [2024-08-17T03:26:22.735+0000] {dagbag.py:545} INFO - Filling up the DagBag from /opt/airflow/dags/data/models/Grenada/TS_model.pkl
[2024-08-17T03:26:22.745+0000] {processor.py:842} WARNING - No viable dags retrieved from /opt/airflow/dags/data/models/Grenada/TS_model.pkl
[2024-08-17T03:26:22.754+0000] {processor.py:183} INFO - Processing /opt/airflow/dags/data/models/Grenada/TS_model.pkl took 0.024 seconds
[2024-08-17T03:26:53.672+0000] {processor.py:161} INFO - Started process (PID=11545) to work on /opt/airflow/dags/data/models/Grenada/TS_model.pkl
[2024-08-17T03:26:53.673+0000] {processor.py:830} INFO - Processing file /opt/airflow/dags/data/models/Grenada/TS_model.pkl for tasks to queue
[2024-08-17T03:26:53.673+0000] {logging_mixin.py:188} INFO - [2024-08-17T03:26:53.673+0000] {dagbag.py:545} INFO - Filling up the DagBag from /opt/airflow/dags/data/models/Grenada/TS_model.pkl
[2024-08-17T03:26:53.685+0000] {processor.py:842} WARNING - No viable dags retrieved from /opt/airflow/dags/data/models/Grenada/TS_model.pkl
[2024-08-17T03:26:53.694+0000] {processor.py:183} INFO - Processing /opt/airflow/dags/data/models/Grenada/TS_model.pkl took 0.026 seconds
[2024-08-17T03:27:25.016+0000] {processor.py:161} INFO - Started process (PID=11999) to work on /opt/airflow/dags/data/models/Grenada/TS_model.pkl
[2024-08-17T03:27:25.016+0000] {processor.py:830} INFO - Processing file /opt/airflow/dags/data/models/Grenada/TS_model.pkl for tasks to queue
[2024-08-17T03:27:25.017+0000] {logging_mixin.py:188} INFO - [2024-08-17T03:27:25.017+0000] {dagbag.py:545} INFO - Filling up the DagBag from /opt/airflow/dags/data/models/Grenada/TS_model.pkl
[2024-08-17T03:27:25.025+0000] {processor.py:842} WARNING - No viable dags retrieved from /opt/airflow/dags/data/models/Grenada/TS_model.pkl
[2024-08-17T03:27:25.034+0000] {processor.py:183} INFO - Processing /opt/airflow/dags/data/models/Grenada/TS_model.pkl took 0.022 seconds
[2024-08-17T03:27:55.898+0000] {processor.py:161} INFO - Started process (PID=12385) to work on /opt/airflow/dags/data/models/Grenada/TS_model.pkl
[2024-08-17T03:27:55.899+0000] {processor.py:830} INFO - Processing file /opt/airflow/dags/data/models/Grenada/TS_model.pkl for tasks to queue
[2024-08-17T03:27:55.899+0000] {logging_mixin.py:188} INFO - [2024-08-17T03:27:55.899+0000] {dagbag.py:545} INFO - Filling up the DagBag from /opt/airflow/dags/data/models/Grenada/TS_model.pkl
[2024-08-17T03:27:55.907+0000] {processor.py:842} WARNING - No viable dags retrieved from /opt/airflow/dags/data/models/Grenada/TS_model.pkl
[2024-08-17T03:27:55.917+0000] {processor.py:183} INFO - Processing /opt/airflow/dags/data/models/Grenada/TS_model.pkl took 0.022 seconds
[2024-08-17T03:28:26.975+0000] {processor.py:161} INFO - Started process (PID=12839) to work on /opt/airflow/dags/data/models/Grenada/TS_model.pkl
[2024-08-17T03:28:26.976+0000] {processor.py:830} INFO - Processing file /opt/airflow/dags/data/models/Grenada/TS_model.pkl for tasks to queue
[2024-08-17T03:28:26.977+0000] {logging_mixin.py:188} INFO - [2024-08-17T03:28:26.977+0000] {dagbag.py:545} INFO - Filling up the DagBag from /opt/airflow/dags/data/models/Grenada/TS_model.pkl
[2024-08-17T03:28:26.990+0000] {processor.py:842} WARNING - No viable dags retrieved from /opt/airflow/dags/data/models/Grenada/TS_model.pkl
[2024-08-17T03:28:27.001+0000] {processor.py:183} INFO - Processing /opt/airflow/dags/data/models/Grenada/TS_model.pkl took 0.030 seconds
[2024-08-17T03:28:59.341+0000] {processor.py:161} INFO - Started process (PID=13292) to work on /opt/airflow/dags/data/models/Grenada/TS_model.pkl
[2024-08-17T03:28:59.341+0000] {processor.py:830} INFO - Processing file /opt/airflow/dags/data/models/Grenada/TS_model.pkl for tasks to queue
[2024-08-17T03:28:59.342+0000] {logging_mixin.py:188} INFO - [2024-08-17T03:28:59.342+0000] {dagbag.py:545} INFO - Filling up the DagBag from /opt/airflow/dags/data/models/Grenada/TS_model.pkl
[2024-08-17T03:28:59.350+0000] {processor.py:842} WARNING - No viable dags retrieved from /opt/airflow/dags/data/models/Grenada/TS_model.pkl
[2024-08-17T03:28:59.359+0000] {processor.py:183} INFO - Processing /opt/airflow/dags/data/models/Grenada/TS_model.pkl took 0.022 seconds
[2024-08-17T03:29:30.267+0000] {processor.py:161} INFO - Started process (PID=13708) to work on /opt/airflow/dags/data/models/Grenada/TS_model.pkl
[2024-08-17T03:29:30.268+0000] {processor.py:830} INFO - Processing file /opt/airflow/dags/data/models/Grenada/TS_model.pkl for tasks to queue
[2024-08-17T03:29:30.268+0000] {logging_mixin.py:188} INFO - [2024-08-17T03:29:30.268+0000] {dagbag.py:545} INFO - Filling up the DagBag from /opt/airflow/dags/data/models/Grenada/TS_model.pkl
[2024-08-17T03:29:30.278+0000] {processor.py:842} WARNING - No viable dags retrieved from /opt/airflow/dags/data/models/Grenada/TS_model.pkl
[2024-08-17T03:29:30.287+0000] {processor.py:183} INFO - Processing /opt/airflow/dags/data/models/Grenada/TS_model.pkl took 0.023 seconds
[2024-08-17T03:30:01.393+0000] {processor.py:161} INFO - Started process (PID=14160) to work on /opt/airflow/dags/data/models/Grenada/TS_model.pkl
[2024-08-17T03:30:01.394+0000] {processor.py:830} INFO - Processing file /opt/airflow/dags/data/models/Grenada/TS_model.pkl for tasks to queue
[2024-08-17T03:30:01.395+0000] {logging_mixin.py:188} INFO - [2024-08-17T03:30:01.394+0000] {dagbag.py:545} INFO - Filling up the DagBag from /opt/airflow/dags/data/models/Grenada/TS_model.pkl
[2024-08-17T03:30:01.407+0000] {processor.py:842} WARNING - No viable dags retrieved from /opt/airflow/dags/data/models/Grenada/TS_model.pkl
[2024-08-17T03:30:01.417+0000] {processor.py:183} INFO - Processing /opt/airflow/dags/data/models/Grenada/TS_model.pkl took 0.028 seconds
[2024-08-17T03:30:32.534+0000] {processor.py:161} INFO - Started process (PID=14614) to work on /opt/airflow/dags/data/models/Grenada/TS_model.pkl
[2024-08-17T03:30:32.534+0000] {processor.py:830} INFO - Processing file /opt/airflow/dags/data/models/Grenada/TS_model.pkl for tasks to queue
[2024-08-17T03:30:32.535+0000] {logging_mixin.py:188} INFO - [2024-08-17T03:30:32.535+0000] {dagbag.py:545} INFO - Filling up the DagBag from /opt/airflow/dags/data/models/Grenada/TS_model.pkl
[2024-08-17T03:30:32.547+0000] {processor.py:842} WARNING - No viable dags retrieved from /opt/airflow/dags/data/models/Grenada/TS_model.pkl
[2024-08-17T03:30:32.558+0000] {processor.py:183} INFO - Processing /opt/airflow/dags/data/models/Grenada/TS_model.pkl took 0.029 seconds
[2024-08-17T03:31:03.260+0000] {processor.py:161} INFO - Started process (PID=15041) to work on /opt/airflow/dags/data/models/Grenada/TS_model.pkl
[2024-08-17T03:31:03.260+0000] {processor.py:830} INFO - Processing file /opt/airflow/dags/data/models/Grenada/TS_model.pkl for tasks to queue
[2024-08-17T03:31:03.261+0000] {logging_mixin.py:188} INFO - [2024-08-17T03:31:03.261+0000] {dagbag.py:545} INFO - Filling up the DagBag from /opt/airflow/dags/data/models/Grenada/TS_model.pkl
[2024-08-17T03:31:03.269+0000] {processor.py:842} WARNING - No viable dags retrieved from /opt/airflow/dags/data/models/Grenada/TS_model.pkl
[2024-08-17T03:31:03.280+0000] {processor.py:183} INFO - Processing /opt/airflow/dags/data/models/Grenada/TS_model.pkl took 0.025 seconds
[2024-08-17T03:31:34.293+0000] {processor.py:161} INFO - Started process (PID=15496) to work on /opt/airflow/dags/data/models/Grenada/TS_model.pkl
[2024-08-17T03:31:34.294+0000] {processor.py:830} INFO - Processing file /opt/airflow/dags/data/models/Grenada/TS_model.pkl for tasks to queue
[2024-08-17T03:31:34.294+0000] {logging_mixin.py:188} INFO - [2024-08-17T03:31:34.294+0000] {dagbag.py:545} INFO - Filling up the DagBag from /opt/airflow/dags/data/models/Grenada/TS_model.pkl
[2024-08-17T03:31:34.302+0000] {processor.py:842} WARNING - No viable dags retrieved from /opt/airflow/dags/data/models/Grenada/TS_model.pkl
[2024-08-17T03:31:34.311+0000] {processor.py:183} INFO - Processing /opt/airflow/dags/data/models/Grenada/TS_model.pkl took 0.022 seconds
[2024-08-17T03:32:04.854+0000] {processor.py:161} INFO - Started process (PID=15920) to work on /opt/airflow/dags/data/models/Grenada/TS_model.pkl
[2024-08-17T03:32:04.855+0000] {processor.py:830} INFO - Processing file /opt/airflow/dags/data/models/Grenada/TS_model.pkl for tasks to queue
[2024-08-17T03:32:04.856+0000] {logging_mixin.py:188} INFO - [2024-08-17T03:32:04.855+0000] {dagbag.py:545} INFO - Filling up the DagBag from /opt/airflow/dags/data/models/Grenada/TS_model.pkl
[2024-08-17T03:32:04.865+0000] {processor.py:842} WARNING - No viable dags retrieved from /opt/airflow/dags/data/models/Grenada/TS_model.pkl
[2024-08-17T03:32:04.874+0000] {processor.py:183} INFO - Processing /opt/airflow/dags/data/models/Grenada/TS_model.pkl took 0.023 seconds
[2024-08-17T03:32:35.738+0000] {processor.py:161} INFO - Started process (PID=16373) to work on /opt/airflow/dags/data/models/Grenada/TS_model.pkl
[2024-08-17T03:32:35.739+0000] {processor.py:830} INFO - Processing file /opt/airflow/dags/data/models/Grenada/TS_model.pkl for tasks to queue
[2024-08-17T03:32:35.739+0000] {logging_mixin.py:188} INFO - [2024-08-17T03:32:35.739+0000] {dagbag.py:545} INFO - Filling up the DagBag from /opt/airflow/dags/data/models/Grenada/TS_model.pkl
[2024-08-17T03:32:35.748+0000] {processor.py:842} WARNING - No viable dags retrieved from /opt/airflow/dags/data/models/Grenada/TS_model.pkl
[2024-08-17T03:32:35.757+0000] {processor.py:183} INFO - Processing /opt/airflow/dags/data/models/Grenada/TS_model.pkl took 0.023 seconds
[2024-08-17T03:33:06.851+0000] {processor.py:161} INFO - Started process (PID=16827) to work on /opt/airflow/dags/data/models/Grenada/TS_model.pkl
[2024-08-17T03:33:06.852+0000] {processor.py:830} INFO - Processing file /opt/airflow/dags/data/models/Grenada/TS_model.pkl for tasks to queue
[2024-08-17T03:33:06.852+0000] {logging_mixin.py:188} INFO - [2024-08-17T03:33:06.852+0000] {dagbag.py:545} INFO - Filling up the DagBag from /opt/airflow/dags/data/models/Grenada/TS_model.pkl
[2024-08-17T03:33:06.861+0000] {processor.py:842} WARNING - No viable dags retrieved from /opt/airflow/dags/data/models/Grenada/TS_model.pkl
[2024-08-17T03:33:06.870+0000] {processor.py:183} INFO - Processing /opt/airflow/dags/data/models/Grenada/TS_model.pkl took 0.022 seconds
[2024-08-17T03:33:38.195+0000] {processor.py:161} INFO - Started process (PID=17255) to work on /opt/airflow/dags/data/models/Grenada/TS_model.pkl
[2024-08-17T03:33:38.196+0000] {processor.py:830} INFO - Processing file /opt/airflow/dags/data/models/Grenada/TS_model.pkl for tasks to queue
[2024-08-17T03:33:38.196+0000] {logging_mixin.py:188} INFO - [2024-08-17T03:33:38.196+0000] {dagbag.py:545} INFO - Filling up the DagBag from /opt/airflow/dags/data/models/Grenada/TS_model.pkl
[2024-08-17T03:33:38.206+0000] {processor.py:842} WARNING - No viable dags retrieved from /opt/airflow/dags/data/models/Grenada/TS_model.pkl
[2024-08-17T03:33:38.215+0000] {processor.py:183} INFO - Processing /opt/airflow/dags/data/models/Grenada/TS_model.pkl took 0.024 seconds
[2024-08-17T03:34:10.343+0000] {processor.py:161} INFO - Started process (PID=17711) to work on /opt/airflow/dags/data/models/Grenada/TS_model.pkl
[2024-08-17T03:34:10.347+0000] {processor.py:830} INFO - Processing file /opt/airflow/dags/data/models/Grenada/TS_model.pkl for tasks to queue
[2024-08-17T03:34:10.349+0000] {logging_mixin.py:188} INFO - [2024-08-17T03:34:10.349+0000] {dagbag.py:545} INFO - Filling up the DagBag from /opt/airflow/dags/data/models/Grenada/TS_model.pkl
[2024-08-17T03:34:10.363+0000] {processor.py:842} WARNING - No viable dags retrieved from /opt/airflow/dags/data/models/Grenada/TS_model.pkl
[2024-08-17T03:34:10.374+0000] {processor.py:183} INFO - Processing /opt/airflow/dags/data/models/Grenada/TS_model.pkl took 0.038 seconds
[2024-08-17T03:34:41.060+0000] {processor.py:161} INFO - Started process (PID=18144) to work on /opt/airflow/dags/data/models/Grenada/TS_model.pkl
[2024-08-17T03:34:41.060+0000] {processor.py:830} INFO - Processing file /opt/airflow/dags/data/models/Grenada/TS_model.pkl for tasks to queue
[2024-08-17T03:34:41.061+0000] {logging_mixin.py:188} INFO - [2024-08-17T03:34:41.061+0000] {dagbag.py:545} INFO - Filling up the DagBag from /opt/airflow/dags/data/models/Grenada/TS_model.pkl
[2024-08-17T03:34:41.070+0000] {processor.py:842} WARNING - No viable dags retrieved from /opt/airflow/dags/data/models/Grenada/TS_model.pkl
[2024-08-17T03:34:41.080+0000] {processor.py:183} INFO - Processing /opt/airflow/dags/data/models/Grenada/TS_model.pkl took 0.023 seconds
[2024-08-17T03:35:12.002+0000] {processor.py:161} INFO - Started process (PID=18553) to work on /opt/airflow/dags/data/models/Grenada/TS_model.pkl
[2024-08-17T03:35:12.002+0000] {processor.py:830} INFO - Processing file /opt/airflow/dags/data/models/Grenada/TS_model.pkl for tasks to queue
[2024-08-17T03:35:12.003+0000] {logging_mixin.py:188} INFO - [2024-08-17T03:35:12.003+0000] {dagbag.py:545} INFO - Filling up the DagBag from /opt/airflow/dags/data/models/Grenada/TS_model.pkl
[2024-08-17T03:35:12.010+0000] {processor.py:842} WARNING - No viable dags retrieved from /opt/airflow/dags/data/models/Grenada/TS_model.pkl
[2024-08-17T03:35:12.020+0000] {processor.py:183} INFO - Processing /opt/airflow/dags/data/models/Grenada/TS_model.pkl took 0.022 seconds
[2024-08-17T03:35:42.766+0000] {processor.py:161} INFO - Started process (PID=19005) to work on /opt/airflow/dags/data/models/Grenada/TS_model.pkl
[2024-08-17T03:35:42.767+0000] {processor.py:830} INFO - Processing file /opt/airflow/dags/data/models/Grenada/TS_model.pkl for tasks to queue
[2024-08-17T03:35:42.767+0000] {logging_mixin.py:188} INFO - [2024-08-17T03:35:42.767+0000] {dagbag.py:545} INFO - Filling up the DagBag from /opt/airflow/dags/data/models/Grenada/TS_model.pkl
[2024-08-17T03:35:42.774+0000] {processor.py:842} WARNING - No viable dags retrieved from /opt/airflow/dags/data/models/Grenada/TS_model.pkl
[2024-08-17T03:35:42.785+0000] {processor.py:183} INFO - Processing /opt/airflow/dags/data/models/Grenada/TS_model.pkl took 0.023 seconds
[2024-08-17T03:36:14.308+0000] {processor.py:161} INFO - Started process (PID=19462) to work on /opt/airflow/dags/data/models/Grenada/TS_model.pkl
[2024-08-17T03:36:14.309+0000] {processor.py:830} INFO - Processing file /opt/airflow/dags/data/models/Grenada/TS_model.pkl for tasks to queue
[2024-08-17T03:36:14.310+0000] {logging_mixin.py:188} INFO - [2024-08-17T03:36:14.309+0000] {dagbag.py:545} INFO - Filling up the DagBag from /opt/airflow/dags/data/models/Grenada/TS_model.pkl
[2024-08-17T03:36:14.318+0000] {processor.py:842} WARNING - No viable dags retrieved from /opt/airflow/dags/data/models/Grenada/TS_model.pkl
[2024-08-17T03:36:14.328+0000] {processor.py:183} INFO - Processing /opt/airflow/dags/data/models/Grenada/TS_model.pkl took 0.023 seconds
[2024-08-17T03:36:45.500+0000] {processor.py:161} INFO - Started process (PID=19890) to work on /opt/airflow/dags/data/models/Grenada/TS_model.pkl
[2024-08-17T03:36:45.501+0000] {processor.py:830} INFO - Processing file /opt/airflow/dags/data/models/Grenada/TS_model.pkl for tasks to queue
[2024-08-17T03:36:45.501+0000] {logging_mixin.py:188} INFO - [2024-08-17T03:36:45.501+0000] {dagbag.py:545} INFO - Filling up the DagBag from /opt/airflow/dags/data/models/Grenada/TS_model.pkl
[2024-08-17T03:36:45.509+0000] {processor.py:842} WARNING - No viable dags retrieved from /opt/airflow/dags/data/models/Grenada/TS_model.pkl
[2024-08-17T03:36:45.517+0000] {processor.py:183} INFO - Processing /opt/airflow/dags/data/models/Grenada/TS_model.pkl took 0.021 seconds
[2024-08-17T03:37:16.816+0000] {processor.py:161} INFO - Started process (PID=20337) to work on /opt/airflow/dags/data/models/Grenada/TS_model.pkl
[2024-08-17T03:37:16.817+0000] {processor.py:830} INFO - Processing file /opt/airflow/dags/data/models/Grenada/TS_model.pkl for tasks to queue
[2024-08-17T03:37:16.819+0000] {logging_mixin.py:188} INFO - [2024-08-17T03:37:16.818+0000] {dagbag.py:545} INFO - Filling up the DagBag from /opt/airflow/dags/data/models/Grenada/TS_model.pkl
[2024-08-17T03:37:16.834+0000] {processor.py:842} WARNING - No viable dags retrieved from /opt/airflow/dags/data/models/Grenada/TS_model.pkl
[2024-08-17T03:37:16.844+0000] {processor.py:183} INFO - Processing /opt/airflow/dags/data/models/Grenada/TS_model.pkl took 0.031 seconds
[2024-08-17T03:37:48.617+0000] {processor.py:161} INFO - Started process (PID=20796) to work on /opt/airflow/dags/data/models/Grenada/TS_model.pkl
[2024-08-17T03:37:48.617+0000] {processor.py:830} INFO - Processing file /opt/airflow/dags/data/models/Grenada/TS_model.pkl for tasks to queue
[2024-08-17T03:37:48.618+0000] {logging_mixin.py:188} INFO - [2024-08-17T03:37:48.618+0000] {dagbag.py:545} INFO - Filling up the DagBag from /opt/airflow/dags/data/models/Grenada/TS_model.pkl
[2024-08-17T03:37:48.629+0000] {processor.py:842} WARNING - No viable dags retrieved from /opt/airflow/dags/data/models/Grenada/TS_model.pkl
[2024-08-17T03:37:48.639+0000] {processor.py:183} INFO - Processing /opt/airflow/dags/data/models/Grenada/TS_model.pkl took 0.026 seconds
[2024-08-17T09:22:51.923+0000] {processor.py:161} INFO - Started process (PID=303) to work on /opt/airflow/dags/data/models/Grenada/TS_model.pkl
[2024-08-17T09:22:51.924+0000] {processor.py:830} INFO - Processing file /opt/airflow/dags/data/models/Grenada/TS_model.pkl for tasks to queue
[2024-08-17T09:22:51.925+0000] {logging_mixin.py:188} INFO - [2024-08-17T09:22:51.925+0000] {dagbag.py:545} INFO - Filling up the DagBag from /opt/airflow/dags/data/models/Grenada/TS_model.pkl
[2024-08-17T09:22:51.932+0000] {processor.py:842} WARNING - No viable dags retrieved from /opt/airflow/dags/data/models/Grenada/TS_model.pkl
[2024-08-17T09:22:51.941+0000] {processor.py:183} INFO - Processing /opt/airflow/dags/data/models/Grenada/TS_model.pkl took 0.022 seconds
[2024-08-17T09:23:24.315+0000] {processor.py:161} INFO - Started process (PID=733) to work on /opt/airflow/dags/data/models/Grenada/TS_model.pkl
[2024-08-17T09:23:24.316+0000] {processor.py:830} INFO - Processing file /opt/airflow/dags/data/models/Grenada/TS_model.pkl for tasks to queue
[2024-08-17T09:23:24.317+0000] {logging_mixin.py:188} INFO - [2024-08-17T09:23:24.317+0000] {dagbag.py:545} INFO - Filling up the DagBag from /opt/airflow/dags/data/models/Grenada/TS_model.pkl
[2024-08-17T09:23:24.325+0000] {processor.py:842} WARNING - No viable dags retrieved from /opt/airflow/dags/data/models/Grenada/TS_model.pkl
[2024-08-17T09:23:24.333+0000] {processor.py:183} INFO - Processing /opt/airflow/dags/data/models/Grenada/TS_model.pkl took 0.021 seconds
[2024-08-17T09:23:55.743+0000] {processor.py:161} INFO - Started process (PID=1187) to work on /opt/airflow/dags/data/models/Grenada/TS_model.pkl
[2024-08-17T09:23:55.744+0000] {processor.py:830} INFO - Processing file /opt/airflow/dags/data/models/Grenada/TS_model.pkl for tasks to queue
[2024-08-17T09:23:55.745+0000] {logging_mixin.py:188} INFO - [2024-08-17T09:23:55.745+0000] {dagbag.py:545} INFO - Filling up the DagBag from /opt/airflow/dags/data/models/Grenada/TS_model.pkl
[2024-08-17T09:23:55.755+0000] {processor.py:842} WARNING - No viable dags retrieved from /opt/airflow/dags/data/models/Grenada/TS_model.pkl
[2024-08-17T09:23:55.763+0000] {processor.py:183} INFO - Processing /opt/airflow/dags/data/models/Grenada/TS_model.pkl took 0.024 seconds
[2024-08-17T09:24:28.698+0000] {processor.py:161} INFO - Started process (PID=1641) to work on /opt/airflow/dags/data/models/Grenada/TS_model.pkl
[2024-08-17T09:24:28.698+0000] {processor.py:830} INFO - Processing file /opt/airflow/dags/data/models/Grenada/TS_model.pkl for tasks to queue
[2024-08-17T09:24:28.700+0000] {logging_mixin.py:188} INFO - [2024-08-17T09:24:28.699+0000] {dagbag.py:545} INFO - Filling up the DagBag from /opt/airflow/dags/data/models/Grenada/TS_model.pkl
[2024-08-17T09:24:28.708+0000] {processor.py:842} WARNING - No viable dags retrieved from /opt/airflow/dags/data/models/Grenada/TS_model.pkl
[2024-08-17T09:24:28.717+0000] {processor.py:183} INFO - Processing /opt/airflow/dags/data/models/Grenada/TS_model.pkl took 0.023 seconds
[2024-08-17T09:25:00.486+0000] {processor.py:161} INFO - Started process (PID=2095) to work on /opt/airflow/dags/data/models/Grenada/TS_model.pkl
[2024-08-17T09:25:00.486+0000] {processor.py:830} INFO - Processing file /opt/airflow/dags/data/models/Grenada/TS_model.pkl for tasks to queue
[2024-08-17T09:25:00.488+0000] {logging_mixin.py:188} INFO - [2024-08-17T09:25:00.488+0000] {dagbag.py:545} INFO - Filling up the DagBag from /opt/airflow/dags/data/models/Grenada/TS_model.pkl
[2024-08-17T09:25:00.498+0000] {processor.py:842} WARNING - No viable dags retrieved from /opt/airflow/dags/data/models/Grenada/TS_model.pkl
[2024-08-17T09:25:00.509+0000] {processor.py:183} INFO - Processing /opt/airflow/dags/data/models/Grenada/TS_model.pkl took 0.027 seconds
[2024-08-17T09:25:31.839+0000] {processor.py:161} INFO - Started process (PID=2523) to work on /opt/airflow/dags/data/models/Grenada/TS_model.pkl
[2024-08-17T09:25:31.840+0000] {processor.py:830} INFO - Processing file /opt/airflow/dags/data/models/Grenada/TS_model.pkl for tasks to queue
[2024-08-17T09:25:31.841+0000] {logging_mixin.py:188} INFO - [2024-08-17T09:25:31.841+0000] {dagbag.py:545} INFO - Filling up the DagBag from /opt/airflow/dags/data/models/Grenada/TS_model.pkl
[2024-08-17T09:25:31.851+0000] {processor.py:842} WARNING - No viable dags retrieved from /opt/airflow/dags/data/models/Grenada/TS_model.pkl
[2024-08-17T09:25:31.860+0000] {processor.py:183} INFO - Processing /opt/airflow/dags/data/models/Grenada/TS_model.pkl took 0.024 seconds
[2024-08-17T09:26:03.020+0000] {processor.py:161} INFO - Started process (PID=2977) to work on /opt/airflow/dags/data/models/Grenada/TS_model.pkl
[2024-08-17T09:26:03.020+0000] {processor.py:830} INFO - Processing file /opt/airflow/dags/data/models/Grenada/TS_model.pkl for tasks to queue
[2024-08-17T09:26:03.021+0000] {logging_mixin.py:188} INFO - [2024-08-17T09:26:03.021+0000] {dagbag.py:545} INFO - Filling up the DagBag from /opt/airflow/dags/data/models/Grenada/TS_model.pkl
[2024-08-17T09:26:03.030+0000] {processor.py:842} WARNING - No viable dags retrieved from /opt/airflow/dags/data/models/Grenada/TS_model.pkl
[2024-08-17T09:26:03.037+0000] {processor.py:183} INFO - Processing /opt/airflow/dags/data/models/Grenada/TS_model.pkl took 0.022 seconds
[2024-08-17T09:26:33.993+0000] {processor.py:161} INFO - Started process (PID=3431) to work on /opt/airflow/dags/data/models/Grenada/TS_model.pkl
[2024-08-17T09:26:33.994+0000] {processor.py:830} INFO - Processing file /opt/airflow/dags/data/models/Grenada/TS_model.pkl for tasks to queue
[2024-08-17T09:26:33.995+0000] {logging_mixin.py:188} INFO - [2024-08-17T09:26:33.995+0000] {dagbag.py:545} INFO - Filling up the DagBag from /opt/airflow/dags/data/models/Grenada/TS_model.pkl
[2024-08-17T09:26:34.005+0000] {processor.py:842} WARNING - No viable dags retrieved from /opt/airflow/dags/data/models/Grenada/TS_model.pkl
[2024-08-17T09:26:34.013+0000] {processor.py:183} INFO - Processing /opt/airflow/dags/data/models/Grenada/TS_model.pkl took 0.024 seconds
[2024-08-17T09:27:04.824+0000] {processor.py:161} INFO - Started process (PID=3859) to work on /opt/airflow/dags/data/models/Grenada/TS_model.pkl
[2024-08-17T09:27:04.825+0000] {processor.py:830} INFO - Processing file /opt/airflow/dags/data/models/Grenada/TS_model.pkl for tasks to queue
[2024-08-17T09:27:04.826+0000] {logging_mixin.py:188} INFO - [2024-08-17T09:27:04.826+0000] {dagbag.py:545} INFO - Filling up the DagBag from /opt/airflow/dags/data/models/Grenada/TS_model.pkl
[2024-08-17T09:27:04.833+0000] {processor.py:842} WARNING - No viable dags retrieved from /opt/airflow/dags/data/models/Grenada/TS_model.pkl
[2024-08-17T09:27:04.842+0000] {processor.py:183} INFO - Processing /opt/airflow/dags/data/models/Grenada/TS_model.pkl took 0.021 seconds
[2024-08-17T09:27:35.965+0000] {processor.py:161} INFO - Started process (PID=4314) to work on /opt/airflow/dags/data/models/Grenada/TS_model.pkl
[2024-08-17T09:27:35.966+0000] {processor.py:830} INFO - Processing file /opt/airflow/dags/data/models/Grenada/TS_model.pkl for tasks to queue
[2024-08-17T09:27:35.967+0000] {logging_mixin.py:188} INFO - [2024-08-17T09:27:35.967+0000] {dagbag.py:545} INFO - Filling up the DagBag from /opt/airflow/dags/data/models/Grenada/TS_model.pkl
[2024-08-17T09:27:35.977+0000] {processor.py:842} WARNING - No viable dags retrieved from /opt/airflow/dags/data/models/Grenada/TS_model.pkl
[2024-08-17T09:27:35.986+0000] {processor.py:183} INFO - Processing /opt/airflow/dags/data/models/Grenada/TS_model.pkl took 0.025 seconds
[2024-08-17T09:28:06.869+0000] {processor.py:161} INFO - Started process (PID=4768) to work on /opt/airflow/dags/data/models/Grenada/TS_model.pkl
[2024-08-17T09:28:06.870+0000] {processor.py:830} INFO - Processing file /opt/airflow/dags/data/models/Grenada/TS_model.pkl for tasks to queue
[2024-08-17T09:28:06.871+0000] {logging_mixin.py:188} INFO - [2024-08-17T09:28:06.871+0000] {dagbag.py:545} INFO - Filling up the DagBag from /opt/airflow/dags/data/models/Grenada/TS_model.pkl
[2024-08-17T09:28:06.878+0000] {processor.py:842} WARNING - No viable dags retrieved from /opt/airflow/dags/data/models/Grenada/TS_model.pkl
[2024-08-17T09:28:06.887+0000] {processor.py:183} INFO - Processing /opt/airflow/dags/data/models/Grenada/TS_model.pkl took 0.021 seconds
[2024-08-17T09:28:37.561+0000] {processor.py:161} INFO - Started process (PID=5196) to work on /opt/airflow/dags/data/models/Grenada/TS_model.pkl
[2024-08-17T09:28:37.562+0000] {processor.py:830} INFO - Processing file /opt/airflow/dags/data/models/Grenada/TS_model.pkl for tasks to queue
[2024-08-17T09:28:37.563+0000] {logging_mixin.py:188} INFO - [2024-08-17T09:28:37.563+0000] {dagbag.py:545} INFO - Filling up the DagBag from /opt/airflow/dags/data/models/Grenada/TS_model.pkl
[2024-08-17T09:28:37.577+0000] {processor.py:842} WARNING - No viable dags retrieved from /opt/airflow/dags/data/models/Grenada/TS_model.pkl
[2024-08-17T09:28:37.585+0000] {processor.py:183} INFO - Processing /opt/airflow/dags/data/models/Grenada/TS_model.pkl took 0.027 seconds
[2024-08-17T09:29:08.644+0000] {processor.py:161} INFO - Started process (PID=5650) to work on /opt/airflow/dags/data/models/Grenada/TS_model.pkl
[2024-08-17T09:29:08.645+0000] {processor.py:830} INFO - Processing file /opt/airflow/dags/data/models/Grenada/TS_model.pkl for tasks to queue
[2024-08-17T09:29:08.646+0000] {logging_mixin.py:188} INFO - [2024-08-17T09:29:08.646+0000] {dagbag.py:545} INFO - Filling up the DagBag from /opt/airflow/dags/data/models/Grenada/TS_model.pkl
[2024-08-17T09:29:08.661+0000] {processor.py:842} WARNING - No viable dags retrieved from /opt/airflow/dags/data/models/Grenada/TS_model.pkl
[2024-08-17T09:29:08.670+0000] {processor.py:183} INFO - Processing /opt/airflow/dags/data/models/Grenada/TS_model.pkl took 0.029 seconds
[2024-08-17T09:29:40.514+0000] {processor.py:161} INFO - Started process (PID=6104) to work on /opt/airflow/dags/data/models/Grenada/TS_model.pkl
[2024-08-17T09:29:40.514+0000] {processor.py:830} INFO - Processing file /opt/airflow/dags/data/models/Grenada/TS_model.pkl for tasks to queue
[2024-08-17T09:29:40.515+0000] {logging_mixin.py:188} INFO - [2024-08-17T09:29:40.515+0000] {dagbag.py:545} INFO - Filling up the DagBag from /opt/airflow/dags/data/models/Grenada/TS_model.pkl
[2024-08-17T09:29:40.522+0000] {processor.py:842} WARNING - No viable dags retrieved from /opt/airflow/dags/data/models/Grenada/TS_model.pkl
[2024-08-17T09:29:40.531+0000] {processor.py:183} INFO - Processing /opt/airflow/dags/data/models/Grenada/TS_model.pkl took 0.021 seconds
[2024-08-17T09:30:12.135+0000] {processor.py:161} INFO - Started process (PID=6532) to work on /opt/airflow/dags/data/models/Grenada/TS_model.pkl
[2024-08-17T09:30:12.136+0000] {processor.py:830} INFO - Processing file /opt/airflow/dags/data/models/Grenada/TS_model.pkl for tasks to queue
[2024-08-17T09:30:12.137+0000] {logging_mixin.py:188} INFO - [2024-08-17T09:30:12.137+0000] {dagbag.py:545} INFO - Filling up the DagBag from /opt/airflow/dags/data/models/Grenada/TS_model.pkl
[2024-08-17T09:30:12.144+0000] {processor.py:842} WARNING - No viable dags retrieved from /opt/airflow/dags/data/models/Grenada/TS_model.pkl
[2024-08-17T09:30:12.153+0000] {processor.py:183} INFO - Processing /opt/airflow/dags/data/models/Grenada/TS_model.pkl took 0.021 seconds
