[2024-08-17T02:43:54.292+0000] {processor.py:161} INFO - Started process (PID=79467) to work on /opt/airflow/dags/data/models/Dominica/TS_model.pkl
[2024-08-17T02:43:54.293+0000] {processor.py:830} INFO - Processing file /opt/airflow/dags/data/models/Dominica/TS_model.pkl for tasks to queue
[2024-08-17T02:43:54.294+0000] {logging_mixin.py:188} INFO - [2024-08-17T02:43:54.293+0000] {dagbag.py:545} INFO - Filling up the DagBag from /opt/airflow/dags/data/models/Dominica/TS_model.pkl
[2024-08-17T02:43:54.312+0000] {processor.py:842} WARNING - No viable dags retrieved from /opt/airflow/dags/data/models/Dominica/TS_model.pkl
[2024-08-17T02:43:54.323+0000] {processor.py:183} INFO - Processing /opt/airflow/dags/data/models/Dominica/TS_model.pkl took 0.035 seconds
[2024-08-17T02:44:25.360+0000] {processor.py:161} INFO - Started process (PID=79743) to work on /opt/airflow/dags/data/models/Dominica/TS_model.pkl
[2024-08-17T02:44:25.361+0000] {processor.py:830} INFO - Processing file /opt/airflow/dags/data/models/Dominica/TS_model.pkl for tasks to queue
[2024-08-17T02:44:25.362+0000] {logging_mixin.py:188} INFO - [2024-08-17T02:44:25.362+0000] {dagbag.py:545} INFO - Filling up the DagBag from /opt/airflow/dags/data/models/Dominica/TS_model.pkl
[2024-08-17T02:44:25.377+0000] {processor.py:842} WARNING - No viable dags retrieved from /opt/airflow/dags/data/models/Dominica/TS_model.pkl
[2024-08-17T02:44:25.389+0000] {processor.py:183} INFO - Processing /opt/airflow/dags/data/models/Dominica/TS_model.pkl took 0.033 seconds
[2024-08-17T02:44:56.147+0000] {processor.py:161} INFO - Started process (PID=80046) to work on /opt/airflow/dags/data/models/Dominica/TS_model.pkl
[2024-08-17T02:44:56.148+0000] {processor.py:830} INFO - Processing file /opt/airflow/dags/data/models/Dominica/TS_model.pkl for tasks to queue
[2024-08-17T02:44:56.150+0000] {logging_mixin.py:188} INFO - [2024-08-17T02:44:56.149+0000] {dagbag.py:545} INFO - Filling up the DagBag from /opt/airflow/dags/data/models/Dominica/TS_model.pkl
[2024-08-17T02:44:56.180+0000] {processor.py:842} WARNING - No viable dags retrieved from /opt/airflow/dags/data/models/Dominica/TS_model.pkl
[2024-08-17T02:44:56.194+0000] {processor.py:183} INFO - Processing /opt/airflow/dags/data/models/Dominica/TS_model.pkl took 0.051 seconds
[2024-08-17T02:45:26.828+0000] {processor.py:161} INFO - Started process (PID=80329) to work on /opt/airflow/dags/data/models/Dominica/TS_model.pkl
[2024-08-17T02:45:26.829+0000] {processor.py:830} INFO - Processing file /opt/airflow/dags/data/models/Dominica/TS_model.pkl for tasks to queue
[2024-08-17T02:45:26.829+0000] {logging_mixin.py:188} INFO - [2024-08-17T02:45:26.829+0000] {dagbag.py:545} INFO - Filling up the DagBag from /opt/airflow/dags/data/models/Dominica/TS_model.pkl
[2024-08-17T02:45:26.844+0000] {processor.py:842} WARNING - No viable dags retrieved from /opt/airflow/dags/data/models/Dominica/TS_model.pkl
[2024-08-17T02:45:26.856+0000] {processor.py:183} INFO - Processing /opt/airflow/dags/data/models/Dominica/TS_model.pkl took 0.033 seconds
[2024-08-17T02:45:57.402+0000] {processor.py:161} INFO - Started process (PID=80624) to work on /opt/airflow/dags/data/models/Dominica/TS_model.pkl
[2024-08-17T02:45:57.403+0000] {processor.py:830} INFO - Processing file /opt/airflow/dags/data/models/Dominica/TS_model.pkl for tasks to queue
[2024-08-17T02:45:57.404+0000] {logging_mixin.py:188} INFO - [2024-08-17T02:45:57.404+0000] {dagbag.py:545} INFO - Filling up the DagBag from /opt/airflow/dags/data/models/Dominica/TS_model.pkl
[2024-08-17T02:45:57.416+0000] {processor.py:842} WARNING - No viable dags retrieved from /opt/airflow/dags/data/models/Dominica/TS_model.pkl
[2024-08-17T02:45:57.426+0000] {processor.py:183} INFO - Processing /opt/airflow/dags/data/models/Dominica/TS_model.pkl took 0.028 seconds
[2024-08-17T02:46:28.055+0000] {processor.py:161} INFO - Started process (PID=80926) to work on /opt/airflow/dags/data/models/Dominica/TS_model.pkl
[2024-08-17T02:46:28.055+0000] {processor.py:830} INFO - Processing file /opt/airflow/dags/data/models/Dominica/TS_model.pkl for tasks to queue
[2024-08-17T02:46:28.056+0000] {logging_mixin.py:188} INFO - [2024-08-17T02:46:28.056+0000] {dagbag.py:545} INFO - Filling up the DagBag from /opt/airflow/dags/data/models/Dominica/TS_model.pkl
[2024-08-17T02:46:28.069+0000] {processor.py:842} WARNING - No viable dags retrieved from /opt/airflow/dags/data/models/Dominica/TS_model.pkl
[2024-08-17T02:46:28.079+0000] {processor.py:183} INFO - Processing /opt/airflow/dags/data/models/Dominica/TS_model.pkl took 0.029 seconds
[2024-08-17T02:46:59.170+0000] {processor.py:161} INFO - Started process (PID=81202) to work on /opt/airflow/dags/data/models/Dominica/TS_model.pkl
[2024-08-17T02:46:59.171+0000] {processor.py:830} INFO - Processing file /opt/airflow/dags/data/models/Dominica/TS_model.pkl for tasks to queue
[2024-08-17T02:46:59.171+0000] {logging_mixin.py:188} INFO - [2024-08-17T02:46:59.171+0000] {dagbag.py:545} INFO - Filling up the DagBag from /opt/airflow/dags/data/models/Dominica/TS_model.pkl
[2024-08-17T02:46:59.185+0000] {processor.py:842} WARNING - No viable dags retrieved from /opt/airflow/dags/data/models/Dominica/TS_model.pkl
[2024-08-17T02:46:59.196+0000] {processor.py:183} INFO - Processing /opt/airflow/dags/data/models/Dominica/TS_model.pkl took 0.030 seconds
[2024-08-17T02:47:29.818+0000] {processor.py:161} INFO - Started process (PID=81483) to work on /opt/airflow/dags/data/models/Dominica/TS_model.pkl
[2024-08-17T02:47:29.818+0000] {processor.py:830} INFO - Processing file /opt/airflow/dags/data/models/Dominica/TS_model.pkl for tasks to queue
[2024-08-17T02:47:29.819+0000] {logging_mixin.py:188} INFO - [2024-08-17T02:47:29.819+0000] {dagbag.py:545} INFO - Filling up the DagBag from /opt/airflow/dags/data/models/Dominica/TS_model.pkl
[2024-08-17T02:47:29.831+0000] {processor.py:842} WARNING - No viable dags retrieved from /opt/airflow/dags/data/models/Dominica/TS_model.pkl
[2024-08-17T02:47:29.841+0000] {processor.py:183} INFO - Processing /opt/airflow/dags/data/models/Dominica/TS_model.pkl took 0.028 seconds
[2024-08-17T02:48:00.407+0000] {processor.py:161} INFO - Started process (PID=81759) to work on /opt/airflow/dags/data/models/Dominica/TS_model.pkl
[2024-08-17T02:48:00.408+0000] {processor.py:830} INFO - Processing file /opt/airflow/dags/data/models/Dominica/TS_model.pkl for tasks to queue
[2024-08-17T02:48:00.409+0000] {logging_mixin.py:188} INFO - [2024-08-17T02:48:00.409+0000] {dagbag.py:545} INFO - Filling up the DagBag from /opt/airflow/dags/data/models/Dominica/TS_model.pkl
[2024-08-17T02:48:00.424+0000] {processor.py:842} WARNING - No viable dags retrieved from /opt/airflow/dags/data/models/Dominica/TS_model.pkl
[2024-08-17T02:48:00.436+0000] {processor.py:183} INFO - Processing /opt/airflow/dags/data/models/Dominica/TS_model.pkl took 0.034 seconds
[2024-08-17T02:48:31.109+0000] {processor.py:161} INFO - Started process (PID=82062) to work on /opt/airflow/dags/data/models/Dominica/TS_model.pkl
[2024-08-17T02:48:31.110+0000] {processor.py:830} INFO - Processing file /opt/airflow/dags/data/models/Dominica/TS_model.pkl for tasks to queue
[2024-08-17T02:48:31.111+0000] {logging_mixin.py:188} INFO - [2024-08-17T02:48:31.110+0000] {dagbag.py:545} INFO - Filling up the DagBag from /opt/airflow/dags/data/models/Dominica/TS_model.pkl
[2024-08-17T02:48:31.127+0000] {processor.py:842} WARNING - No viable dags retrieved from /opt/airflow/dags/data/models/Dominica/TS_model.pkl
[2024-08-17T02:48:31.140+0000] {processor.py:183} INFO - Processing /opt/airflow/dags/data/models/Dominica/TS_model.pkl took 0.035 seconds
[2024-08-17T02:49:02.207+0000] {processor.py:161} INFO - Started process (PID=82347) to work on /opt/airflow/dags/data/models/Dominica/TS_model.pkl
[2024-08-17T02:49:02.208+0000] {processor.py:830} INFO - Processing file /opt/airflow/dags/data/models/Dominica/TS_model.pkl for tasks to queue
[2024-08-17T02:49:02.209+0000] {logging_mixin.py:188} INFO - [2024-08-17T02:49:02.208+0000] {dagbag.py:545} INFO - Filling up the DagBag from /opt/airflow/dags/data/models/Dominica/TS_model.pkl
[2024-08-17T02:49:02.221+0000] {processor.py:842} WARNING - No viable dags retrieved from /opt/airflow/dags/data/models/Dominica/TS_model.pkl
[2024-08-17T02:49:02.232+0000] {processor.py:183} INFO - Processing /opt/airflow/dags/data/models/Dominica/TS_model.pkl took 0.029 seconds
[2024-08-17T02:49:32.752+0000] {processor.py:161} INFO - Started process (PID=82674) to work on /opt/airflow/dags/data/models/Dominica/TS_model.pkl
[2024-08-17T02:49:32.753+0000] {processor.py:830} INFO - Processing file /opt/airflow/dags/data/models/Dominica/TS_model.pkl for tasks to queue
[2024-08-17T02:49:32.753+0000] {logging_mixin.py:188} INFO - [2024-08-17T02:49:32.753+0000] {dagbag.py:545} INFO - Filling up the DagBag from /opt/airflow/dags/data/models/Dominica/TS_model.pkl
[2024-08-17T02:49:32.763+0000] {processor.py:842} WARNING - No viable dags retrieved from /opt/airflow/dags/data/models/Dominica/TS_model.pkl
[2024-08-17T02:49:32.774+0000] {processor.py:183} INFO - Processing /opt/airflow/dags/data/models/Dominica/TS_model.pkl took 0.027 seconds
[2024-08-17T02:50:03.360+0000] {processor.py:161} INFO - Started process (PID=82985) to work on /opt/airflow/dags/data/models/Dominica/TS_model.pkl
[2024-08-17T02:50:03.361+0000] {processor.py:830} INFO - Processing file /opt/airflow/dags/data/models/Dominica/TS_model.pkl for tasks to queue
[2024-08-17T02:50:03.361+0000] {logging_mixin.py:188} INFO - [2024-08-17T02:50:03.361+0000] {dagbag.py:545} INFO - Filling up the DagBag from /opt/airflow/dags/data/models/Dominica/TS_model.pkl
[2024-08-17T02:50:03.375+0000] {processor.py:842} WARNING - No viable dags retrieved from /opt/airflow/dags/data/models/Dominica/TS_model.pkl
[2024-08-17T02:50:03.387+0000] {processor.py:183} INFO - Processing /opt/airflow/dags/data/models/Dominica/TS_model.pkl took 0.031 seconds
[2024-08-17T02:50:34.052+0000] {processor.py:161} INFO - Started process (PID=83307) to work on /opt/airflow/dags/data/models/Dominica/TS_model.pkl
[2024-08-17T02:50:34.053+0000] {processor.py:830} INFO - Processing file /opt/airflow/dags/data/models/Dominica/TS_model.pkl for tasks to queue
[2024-08-17T02:50:34.054+0000] {logging_mixin.py:188} INFO - [2024-08-17T02:50:34.053+0000] {dagbag.py:545} INFO - Filling up the DagBag from /opt/airflow/dags/data/models/Dominica/TS_model.pkl
[2024-08-17T02:50:34.066+0000] {processor.py:842} WARNING - No viable dags retrieved from /opt/airflow/dags/data/models/Dominica/TS_model.pkl
[2024-08-17T02:50:34.076+0000] {processor.py:183} INFO - Processing /opt/airflow/dags/data/models/Dominica/TS_model.pkl took 0.028 seconds
[2024-08-17T02:51:04.807+0000] {processor.py:161} INFO - Started process (PID=83636) to work on /opt/airflow/dags/data/models/Dominica/TS_model.pkl
[2024-08-17T02:51:04.807+0000] {processor.py:830} INFO - Processing file /opt/airflow/dags/data/models/Dominica/TS_model.pkl for tasks to queue
[2024-08-17T02:51:04.808+0000] {logging_mixin.py:188} INFO - [2024-08-17T02:51:04.808+0000] {dagbag.py:545} INFO - Filling up the DagBag from /opt/airflow/dags/data/models/Dominica/TS_model.pkl
[2024-08-17T02:51:04.820+0000] {processor.py:842} WARNING - No viable dags retrieved from /opt/airflow/dags/data/models/Dominica/TS_model.pkl
[2024-08-17T02:51:04.831+0000] {processor.py:183} INFO - Processing /opt/airflow/dags/data/models/Dominica/TS_model.pkl took 0.029 seconds
[2024-08-17T02:51:35.968+0000] {processor.py:161} INFO - Started process (PID=83939) to work on /opt/airflow/dags/data/models/Dominica/TS_model.pkl
[2024-08-17T02:51:35.969+0000] {processor.py:830} INFO - Processing file /opt/airflow/dags/data/models/Dominica/TS_model.pkl for tasks to queue
[2024-08-17T02:51:35.969+0000] {logging_mixin.py:188} INFO - [2024-08-17T02:51:35.969+0000] {dagbag.py:545} INFO - Filling up the DagBag from /opt/airflow/dags/data/models/Dominica/TS_model.pkl
[2024-08-17T02:51:35.983+0000] {processor.py:842} WARNING - No viable dags retrieved from /opt/airflow/dags/data/models/Dominica/TS_model.pkl
[2024-08-17T02:51:35.993+0000] {processor.py:183} INFO - Processing /opt/airflow/dags/data/models/Dominica/TS_model.pkl took 0.029 seconds
[2024-08-17T02:52:07.097+0000] {processor.py:161} INFO - Started process (PID=84247) to work on /opt/airflow/dags/data/models/Dominica/TS_model.pkl
[2024-08-17T02:52:07.098+0000] {processor.py:830} INFO - Processing file /opt/airflow/dags/data/models/Dominica/TS_model.pkl for tasks to queue
[2024-08-17T02:52:07.098+0000] {logging_mixin.py:188} INFO - [2024-08-17T02:52:07.098+0000] {dagbag.py:545} INFO - Filling up the DagBag from /opt/airflow/dags/data/models/Dominica/TS_model.pkl
[2024-08-17T02:52:07.108+0000] {processor.py:842} WARNING - No viable dags retrieved from /opt/airflow/dags/data/models/Dominica/TS_model.pkl
[2024-08-17T02:52:07.118+0000] {processor.py:183} INFO - Processing /opt/airflow/dags/data/models/Dominica/TS_model.pkl took 0.024 seconds
[2024-08-17T02:52:38.716+0000] {processor.py:161} INFO - Started process (PID=84551) to work on /opt/airflow/dags/data/models/Dominica/TS_model.pkl
[2024-08-17T02:52:38.717+0000] {processor.py:830} INFO - Processing file /opt/airflow/dags/data/models/Dominica/TS_model.pkl for tasks to queue
[2024-08-17T02:52:38.718+0000] {logging_mixin.py:188} INFO - [2024-08-17T02:52:38.717+0000] {dagbag.py:545} INFO - Filling up the DagBag from /opt/airflow/dags/data/models/Dominica/TS_model.pkl
[2024-08-17T02:52:38.727+0000] {processor.py:842} WARNING - No viable dags retrieved from /opt/airflow/dags/data/models/Dominica/TS_model.pkl
[2024-08-17T02:52:38.738+0000] {processor.py:183} INFO - Processing /opt/airflow/dags/data/models/Dominica/TS_model.pkl took 0.026 seconds
[2024-08-17T02:53:09.682+0000] {processor.py:161} INFO - Started process (PID=84859) to work on /opt/airflow/dags/data/models/Dominica/TS_model.pkl
[2024-08-17T02:53:09.682+0000] {processor.py:830} INFO - Processing file /opt/airflow/dags/data/models/Dominica/TS_model.pkl for tasks to queue
[2024-08-17T02:53:09.683+0000] {logging_mixin.py:188} INFO - [2024-08-17T02:53:09.683+0000] {dagbag.py:545} INFO - Filling up the DagBag from /opt/airflow/dags/data/models/Dominica/TS_model.pkl
[2024-08-17T02:53:09.692+0000] {processor.py:842} WARNING - No viable dags retrieved from /opt/airflow/dags/data/models/Dominica/TS_model.pkl
[2024-08-17T02:53:09.702+0000] {processor.py:183} INFO - Processing /opt/airflow/dags/data/models/Dominica/TS_model.pkl took 0.024 seconds
[2024-08-17T02:53:40.747+0000] {processor.py:161} INFO - Started process (PID=85188) to work on /opt/airflow/dags/data/models/Dominica/TS_model.pkl
[2024-08-17T02:53:40.747+0000] {processor.py:830} INFO - Processing file /opt/airflow/dags/data/models/Dominica/TS_model.pkl for tasks to queue
[2024-08-17T02:53:40.748+0000] {logging_mixin.py:188} INFO - [2024-08-17T02:53:40.748+0000] {dagbag.py:545} INFO - Filling up the DagBag from /opt/airflow/dags/data/models/Dominica/TS_model.pkl
[2024-08-17T02:53:40.761+0000] {processor.py:842} WARNING - No viable dags retrieved from /opt/airflow/dags/data/models/Dominica/TS_model.pkl
[2024-08-17T02:53:40.772+0000] {processor.py:183} INFO - Processing /opt/airflow/dags/data/models/Dominica/TS_model.pkl took 0.029 seconds
[2024-08-17T02:54:11.549+0000] {processor.py:161} INFO - Started process (PID=85503) to work on /opt/airflow/dags/data/models/Dominica/TS_model.pkl
[2024-08-17T02:54:11.561+0000] {processor.py:830} INFO - Processing file /opt/airflow/dags/data/models/Dominica/TS_model.pkl for tasks to queue
[2024-08-17T02:54:11.566+0000] {logging_mixin.py:188} INFO - [2024-08-17T02:54:11.565+0000] {dagbag.py:545} INFO - Filling up the DagBag from /opt/airflow/dags/data/models/Dominica/TS_model.pkl
[2024-08-17T02:54:11.589+0000] {processor.py:842} WARNING - No viable dags retrieved from /opt/airflow/dags/data/models/Dominica/TS_model.pkl
[2024-08-17T02:54:11.624+0000] {processor.py:183} INFO - Processing /opt/airflow/dags/data/models/Dominica/TS_model.pkl took 0.081 seconds
[2024-08-17T02:54:42.228+0000] {processor.py:161} INFO - Started process (PID=85861) to work on /opt/airflow/dags/data/models/Dominica/TS_model.pkl
[2024-08-17T02:54:42.229+0000] {processor.py:830} INFO - Processing file /opt/airflow/dags/data/models/Dominica/TS_model.pkl for tasks to queue
[2024-08-17T02:54:42.230+0000] {logging_mixin.py:188} INFO - [2024-08-17T02:54:42.229+0000] {dagbag.py:545} INFO - Filling up the DagBag from /opt/airflow/dags/data/models/Dominica/TS_model.pkl
[2024-08-17T02:54:42.249+0000] {processor.py:842} WARNING - No viable dags retrieved from /opt/airflow/dags/data/models/Dominica/TS_model.pkl
[2024-08-17T02:54:42.260+0000] {processor.py:183} INFO - Processing /opt/airflow/dags/data/models/Dominica/TS_model.pkl took 0.035 seconds
[2024-08-17T02:55:12.644+0000] {processor.py:161} INFO - Started process (PID=86194) to work on /opt/airflow/dags/data/models/Dominica/TS_model.pkl
[2024-08-17T02:55:12.644+0000] {processor.py:830} INFO - Processing file /opt/airflow/dags/data/models/Dominica/TS_model.pkl for tasks to queue
[2024-08-17T02:55:12.646+0000] {logging_mixin.py:188} INFO - [2024-08-17T02:55:12.645+0000] {dagbag.py:545} INFO - Filling up the DagBag from /opt/airflow/dags/data/models/Dominica/TS_model.pkl
[2024-08-17T02:55:12.656+0000] {processor.py:842} WARNING - No viable dags retrieved from /opt/airflow/dags/data/models/Dominica/TS_model.pkl
[2024-08-17T02:55:12.667+0000] {processor.py:183} INFO - Processing /opt/airflow/dags/data/models/Dominica/TS_model.pkl took 0.028 seconds
[2024-08-17T02:55:43.339+0000] {processor.py:161} INFO - Started process (PID=86554) to work on /opt/airflow/dags/data/models/Dominica/TS_model.pkl
[2024-08-17T02:55:43.340+0000] {processor.py:830} INFO - Processing file /opt/airflow/dags/data/models/Dominica/TS_model.pkl for tasks to queue
[2024-08-17T02:55:43.341+0000] {logging_mixin.py:188} INFO - [2024-08-17T02:55:43.341+0000] {dagbag.py:545} INFO - Filling up the DagBag from /opt/airflow/dags/data/models/Dominica/TS_model.pkl
[2024-08-17T02:55:43.352+0000] {processor.py:842} WARNING - No viable dags retrieved from /opt/airflow/dags/data/models/Dominica/TS_model.pkl
[2024-08-17T02:55:43.362+0000] {processor.py:183} INFO - Processing /opt/airflow/dags/data/models/Dominica/TS_model.pkl took 0.026 seconds
[2024-08-17T02:56:14.000+0000] {processor.py:161} INFO - Started process (PID=86867) to work on /opt/airflow/dags/data/models/Dominica/TS_model.pkl
[2024-08-17T02:56:14.000+0000] {processor.py:830} INFO - Processing file /opt/airflow/dags/data/models/Dominica/TS_model.pkl for tasks to queue
[2024-08-17T02:56:14.001+0000] {logging_mixin.py:188} INFO - [2024-08-17T02:56:14.001+0000] {dagbag.py:545} INFO - Filling up the DagBag from /opt/airflow/dags/data/models/Dominica/TS_model.pkl
[2024-08-17T02:56:14.013+0000] {processor.py:842} WARNING - No viable dags retrieved from /opt/airflow/dags/data/models/Dominica/TS_model.pkl
[2024-08-17T02:56:14.023+0000] {processor.py:183} INFO - Processing /opt/airflow/dags/data/models/Dominica/TS_model.pkl took 0.027 seconds
[2024-08-17T02:56:44.434+0000] {processor.py:161} INFO - Started process (PID=87223) to work on /opt/airflow/dags/data/models/Dominica/TS_model.pkl
[2024-08-17T02:56:44.435+0000] {processor.py:830} INFO - Processing file /opt/airflow/dags/data/models/Dominica/TS_model.pkl for tasks to queue
[2024-08-17T02:56:44.435+0000] {logging_mixin.py:188} INFO - [2024-08-17T02:56:44.435+0000] {dagbag.py:545} INFO - Filling up the DagBag from /opt/airflow/dags/data/models/Dominica/TS_model.pkl
[2024-08-17T02:56:44.446+0000] {processor.py:842} WARNING - No viable dags retrieved from /opt/airflow/dags/data/models/Dominica/TS_model.pkl
[2024-08-17T02:56:44.457+0000] {processor.py:183} INFO - Processing /opt/airflow/dags/data/models/Dominica/TS_model.pkl took 0.027 seconds
[2024-08-17T02:57:14.986+0000] {processor.py:161} INFO - Started process (PID=87563) to work on /opt/airflow/dags/data/models/Dominica/TS_model.pkl
[2024-08-17T02:57:14.987+0000] {processor.py:830} INFO - Processing file /opt/airflow/dags/data/models/Dominica/TS_model.pkl for tasks to queue
[2024-08-17T02:57:14.988+0000] {logging_mixin.py:188} INFO - [2024-08-17T02:57:14.988+0000] {dagbag.py:545} INFO - Filling up the DagBag from /opt/airflow/dags/data/models/Dominica/TS_model.pkl
[2024-08-17T02:57:14.998+0000] {processor.py:842} WARNING - No viable dags retrieved from /opt/airflow/dags/data/models/Dominica/TS_model.pkl
[2024-08-17T02:57:15.010+0000] {processor.py:183} INFO - Processing /opt/airflow/dags/data/models/Dominica/TS_model.pkl took 0.027 seconds
[2024-08-17T02:57:45.878+0000] {processor.py:161} INFO - Started process (PID=87914) to work on /opt/airflow/dags/data/models/Dominica/TS_model.pkl
[2024-08-17T02:57:45.879+0000] {processor.py:830} INFO - Processing file /opt/airflow/dags/data/models/Dominica/TS_model.pkl for tasks to queue
[2024-08-17T02:57:45.880+0000] {logging_mixin.py:188} INFO - [2024-08-17T02:57:45.880+0000] {dagbag.py:545} INFO - Filling up the DagBag from /opt/airflow/dags/data/models/Dominica/TS_model.pkl
[2024-08-17T02:57:45.887+0000] {processor.py:842} WARNING - No viable dags retrieved from /opt/airflow/dags/data/models/Dominica/TS_model.pkl
[2024-08-17T02:57:45.896+0000] {processor.py:183} INFO - Processing /opt/airflow/dags/data/models/Dominica/TS_model.pkl took 0.022 seconds
[2024-08-17T02:58:16.747+0000] {processor.py:161} INFO - Started process (PID=88272) to work on /opt/airflow/dags/data/models/Dominica/TS_model.pkl
[2024-08-17T02:58:16.748+0000] {processor.py:830} INFO - Processing file /opt/airflow/dags/data/models/Dominica/TS_model.pkl for tasks to queue
[2024-08-17T02:58:16.748+0000] {logging_mixin.py:188} INFO - [2024-08-17T02:58:16.748+0000] {dagbag.py:545} INFO - Filling up the DagBag from /opt/airflow/dags/data/models/Dominica/TS_model.pkl
[2024-08-17T02:58:16.758+0000] {processor.py:842} WARNING - No viable dags retrieved from /opt/airflow/dags/data/models/Dominica/TS_model.pkl
[2024-08-17T02:58:16.769+0000] {processor.py:183} INFO - Processing /opt/airflow/dags/data/models/Dominica/TS_model.pkl took 0.026 seconds
[2024-08-17T02:58:47.502+0000] {processor.py:161} INFO - Started process (PID=88605) to work on /opt/airflow/dags/data/models/Dominica/TS_model.pkl
[2024-08-17T02:58:47.504+0000] {processor.py:830} INFO - Processing file /opt/airflow/dags/data/models/Dominica/TS_model.pkl for tasks to queue
[2024-08-17T02:58:47.504+0000] {logging_mixin.py:188} INFO - [2024-08-17T02:58:47.504+0000] {dagbag.py:545} INFO - Filling up the DagBag from /opt/airflow/dags/data/models/Dominica/TS_model.pkl
[2024-08-17T02:58:47.512+0000] {processor.py:842} WARNING - No viable dags retrieved from /opt/airflow/dags/data/models/Dominica/TS_model.pkl
[2024-08-17T02:58:47.523+0000] {processor.py:183} INFO - Processing /opt/airflow/dags/data/models/Dominica/TS_model.pkl took 0.025 seconds
[2024-08-17T02:59:18.306+0000] {processor.py:161} INFO - Started process (PID=88992) to work on /opt/airflow/dags/data/models/Dominica/TS_model.pkl
[2024-08-17T02:59:18.307+0000] {processor.py:830} INFO - Processing file /opt/airflow/dags/data/models/Dominica/TS_model.pkl for tasks to queue
[2024-08-17T02:59:18.307+0000] {logging_mixin.py:188} INFO - [2024-08-17T02:59:18.307+0000] {dagbag.py:545} INFO - Filling up the DagBag from /opt/airflow/dags/data/models/Dominica/TS_model.pkl
[2024-08-17T02:59:18.319+0000] {processor.py:842} WARNING - No viable dags retrieved from /opt/airflow/dags/data/models/Dominica/TS_model.pkl
[2024-08-17T02:59:18.328+0000] {processor.py:183} INFO - Processing /opt/airflow/dags/data/models/Dominica/TS_model.pkl took 0.027 seconds
[2024-08-17T02:59:49.758+0000] {processor.py:161} INFO - Started process (PID=89354) to work on /opt/airflow/dags/data/models/Dominica/TS_model.pkl
[2024-08-17T02:59:49.759+0000] {processor.py:830} INFO - Processing file /opt/airflow/dags/data/models/Dominica/TS_model.pkl for tasks to queue
[2024-08-17T02:59:49.760+0000] {logging_mixin.py:188} INFO - [2024-08-17T02:59:49.759+0000] {dagbag.py:545} INFO - Filling up the DagBag from /opt/airflow/dags/data/models/Dominica/TS_model.pkl
[2024-08-17T02:59:49.772+0000] {processor.py:842} WARNING - No viable dags retrieved from /opt/airflow/dags/data/models/Dominica/TS_model.pkl
[2024-08-17T02:59:49.782+0000] {processor.py:183} INFO - Processing /opt/airflow/dags/data/models/Dominica/TS_model.pkl took 0.029 seconds
[2024-08-17T03:00:21.564+0000] {processor.py:161} INFO - Started process (PID=89741) to work on /opt/airflow/dags/data/models/Dominica/TS_model.pkl
[2024-08-17T03:00:21.565+0000] {processor.py:830} INFO - Processing file /opt/airflow/dags/data/models/Dominica/TS_model.pkl for tasks to queue
[2024-08-17T03:00:21.565+0000] {logging_mixin.py:188} INFO - [2024-08-17T03:00:21.565+0000] {dagbag.py:545} INFO - Filling up the DagBag from /opt/airflow/dags/data/models/Dominica/TS_model.pkl
[2024-08-17T03:00:21.578+0000] {processor.py:842} WARNING - No viable dags retrieved from /opt/airflow/dags/data/models/Dominica/TS_model.pkl
[2024-08-17T03:00:21.588+0000] {processor.py:183} INFO - Processing /opt/airflow/dags/data/models/Dominica/TS_model.pkl took 0.028 seconds
[2024-08-17T03:00:52.394+0000] {processor.py:161} INFO - Started process (PID=90107) to work on /opt/airflow/dags/data/models/Dominica/TS_model.pkl
[2024-08-17T03:00:52.395+0000] {processor.py:830} INFO - Processing file /opt/airflow/dags/data/models/Dominica/TS_model.pkl for tasks to queue
[2024-08-17T03:00:52.396+0000] {logging_mixin.py:188} INFO - [2024-08-17T03:00:52.395+0000] {dagbag.py:545} INFO - Filling up the DagBag from /opt/airflow/dags/data/models/Dominica/TS_model.pkl
[2024-08-17T03:00:52.403+0000] {processor.py:842} WARNING - No viable dags retrieved from /opt/airflow/dags/data/models/Dominica/TS_model.pkl
[2024-08-17T03:00:52.414+0000] {processor.py:183} INFO - Processing /opt/airflow/dags/data/models/Dominica/TS_model.pkl took 0.025 seconds
[2024-08-17T03:01:23.216+0000] {processor.py:161} INFO - Started process (PID=90468) to work on /opt/airflow/dags/data/models/Dominica/TS_model.pkl
[2024-08-17T03:01:23.217+0000] {processor.py:830} INFO - Processing file /opt/airflow/dags/data/models/Dominica/TS_model.pkl for tasks to queue
[2024-08-17T03:01:23.218+0000] {logging_mixin.py:188} INFO - [2024-08-17T03:01:23.217+0000] {dagbag.py:545} INFO - Filling up the DagBag from /opt/airflow/dags/data/models/Dominica/TS_model.pkl
[2024-08-17T03:01:23.227+0000] {processor.py:842} WARNING - No viable dags retrieved from /opt/airflow/dags/data/models/Dominica/TS_model.pkl
[2024-08-17T03:01:23.236+0000] {processor.py:183} INFO - Processing /opt/airflow/dags/data/models/Dominica/TS_model.pkl took 0.025 seconds
[2024-08-17T03:01:54.010+0000] {processor.py:161} INFO - Started process (PID=90854) to work on /opt/airflow/dags/data/models/Dominica/TS_model.pkl
[2024-08-17T03:01:54.011+0000] {processor.py:830} INFO - Processing file /opt/airflow/dags/data/models/Dominica/TS_model.pkl for tasks to queue
[2024-08-17T03:01:54.012+0000] {logging_mixin.py:188} INFO - [2024-08-17T03:01:54.011+0000] {dagbag.py:545} INFO - Filling up the DagBag from /opt/airflow/dags/data/models/Dominica/TS_model.pkl
[2024-08-17T03:01:54.025+0000] {processor.py:842} WARNING - No viable dags retrieved from /opt/airflow/dags/data/models/Dominica/TS_model.pkl
[2024-08-17T03:01:54.036+0000] {processor.py:183} INFO - Processing /opt/airflow/dags/data/models/Dominica/TS_model.pkl took 0.029 seconds
[2024-08-17T03:02:24.833+0000] {processor.py:161} INFO - Started process (PID=91214) to work on /opt/airflow/dags/data/models/Dominica/TS_model.pkl
[2024-08-17T03:02:24.834+0000] {processor.py:830} INFO - Processing file /opt/airflow/dags/data/models/Dominica/TS_model.pkl for tasks to queue
[2024-08-17T03:02:24.835+0000] {logging_mixin.py:188} INFO - [2024-08-17T03:02:24.834+0000] {dagbag.py:545} INFO - Filling up the DagBag from /opt/airflow/dags/data/models/Dominica/TS_model.pkl
[2024-08-17T03:02:24.845+0000] {processor.py:842} WARNING - No viable dags retrieved from /opt/airflow/dags/data/models/Dominica/TS_model.pkl
[2024-08-17T03:02:24.856+0000] {processor.py:183} INFO - Processing /opt/airflow/dags/data/models/Dominica/TS_model.pkl took 0.027 seconds
[2024-08-17T03:02:55.940+0000] {processor.py:161} INFO - Started process (PID=91582) to work on /opt/airflow/dags/data/models/Dominica/TS_model.pkl
[2024-08-17T03:02:55.941+0000] {processor.py:830} INFO - Processing file /opt/airflow/dags/data/models/Dominica/TS_model.pkl for tasks to queue
[2024-08-17T03:02:55.942+0000] {logging_mixin.py:188} INFO - [2024-08-17T03:02:55.941+0000] {dagbag.py:545} INFO - Filling up the DagBag from /opt/airflow/dags/data/models/Dominica/TS_model.pkl
[2024-08-17T03:02:55.954+0000] {processor.py:842} WARNING - No viable dags retrieved from /opt/airflow/dags/data/models/Dominica/TS_model.pkl
[2024-08-17T03:02:55.963+0000] {processor.py:183} INFO - Processing /opt/airflow/dags/data/models/Dominica/TS_model.pkl took 0.027 seconds
[2024-08-17T03:03:26.650+0000] {processor.py:161} INFO - Started process (PID=91966) to work on /opt/airflow/dags/data/models/Dominica/TS_model.pkl
[2024-08-17T03:03:26.651+0000] {processor.py:830} INFO - Processing file /opt/airflow/dags/data/models/Dominica/TS_model.pkl for tasks to queue
[2024-08-17T03:03:26.652+0000] {logging_mixin.py:188} INFO - [2024-08-17T03:03:26.652+0000] {dagbag.py:545} INFO - Filling up the DagBag from /opt/airflow/dags/data/models/Dominica/TS_model.pkl
[2024-08-17T03:03:26.660+0000] {processor.py:842} WARNING - No viable dags retrieved from /opt/airflow/dags/data/models/Dominica/TS_model.pkl
[2024-08-17T03:03:26.671+0000] {processor.py:183} INFO - Processing /opt/airflow/dags/data/models/Dominica/TS_model.pkl took 0.025 seconds
[2024-08-17T03:04:00.329+0000] {processor.py:161} INFO - Started process (PID=92319) to work on /opt/airflow/dags/data/models/Dominica/TS_model.pkl
[2024-08-17T03:04:00.331+0000] {processor.py:830} INFO - Processing file /opt/airflow/dags/data/models/Dominica/TS_model.pkl for tasks to queue
[2024-08-17T03:04:00.331+0000] {logging_mixin.py:188} INFO - [2024-08-17T03:04:00.331+0000] {dagbag.py:545} INFO - Filling up the DagBag from /opt/airflow/dags/data/models/Dominica/TS_model.pkl
[2024-08-17T03:04:00.342+0000] {processor.py:842} WARNING - No viable dags retrieved from /opt/airflow/dags/data/models/Dominica/TS_model.pkl
[2024-08-17T03:04:00.353+0000] {processor.py:183} INFO - Processing /opt/airflow/dags/data/models/Dominica/TS_model.pkl took 0.028 seconds
[2024-08-17T03:04:31.902+0000] {processor.py:161} INFO - Started process (PID=92733) to work on /opt/airflow/dags/data/models/Dominica/TS_model.pkl
[2024-08-17T03:04:31.903+0000] {processor.py:830} INFO - Processing file /opt/airflow/dags/data/models/Dominica/TS_model.pkl for tasks to queue
[2024-08-17T03:04:31.904+0000] {logging_mixin.py:188} INFO - [2024-08-17T03:04:31.903+0000] {dagbag.py:545} INFO - Filling up the DagBag from /opt/airflow/dags/data/models/Dominica/TS_model.pkl
[2024-08-17T03:04:31.913+0000] {processor.py:842} WARNING - No viable dags retrieved from /opt/airflow/dags/data/models/Dominica/TS_model.pkl
[2024-08-17T03:04:31.923+0000] {processor.py:183} INFO - Processing /opt/airflow/dags/data/models/Dominica/TS_model.pkl took 0.024 seconds
[2024-08-17T03:05:03.681+0000] {processor.py:161} INFO - Started process (PID=93147) to work on /opt/airflow/dags/data/models/Dominica/TS_model.pkl
[2024-08-17T03:05:03.682+0000] {processor.py:830} INFO - Processing file /opt/airflow/dags/data/models/Dominica/TS_model.pkl for tasks to queue
[2024-08-17T03:05:03.683+0000] {logging_mixin.py:188} INFO - [2024-08-17T03:05:03.683+0000] {dagbag.py:545} INFO - Filling up the DagBag from /opt/airflow/dags/data/models/Dominica/TS_model.pkl
[2024-08-17T03:05:03.695+0000] {processor.py:842} WARNING - No viable dags retrieved from /opt/airflow/dags/data/models/Dominica/TS_model.pkl
[2024-08-17T03:05:03.705+0000] {processor.py:183} INFO - Processing /opt/airflow/dags/data/models/Dominica/TS_model.pkl took 0.027 seconds
[2024-08-17T03:05:35.055+0000] {processor.py:161} INFO - Started process (PID=93535) to work on /opt/airflow/dags/data/models/Dominica/TS_model.pkl
[2024-08-17T03:05:35.056+0000] {processor.py:830} INFO - Processing file /opt/airflow/dags/data/models/Dominica/TS_model.pkl for tasks to queue
[2024-08-17T03:05:35.056+0000] {logging_mixin.py:188} INFO - [2024-08-17T03:05:35.056+0000] {dagbag.py:545} INFO - Filling up the DagBag from /opt/airflow/dags/data/models/Dominica/TS_model.pkl
[2024-08-17T03:05:35.067+0000] {processor.py:842} WARNING - No viable dags retrieved from /opt/airflow/dags/data/models/Dominica/TS_model.pkl
[2024-08-17T03:05:35.077+0000] {processor.py:183} INFO - Processing /opt/airflow/dags/data/models/Dominica/TS_model.pkl took 0.026 seconds
[2024-08-17T03:06:05.902+0000] {processor.py:161} INFO - Started process (PID=93950) to work on /opt/airflow/dags/data/models/Dominica/TS_model.pkl
[2024-08-17T03:06:05.903+0000] {processor.py:830} INFO - Processing file /opt/airflow/dags/data/models/Dominica/TS_model.pkl for tasks to queue
[2024-08-17T03:06:05.904+0000] {logging_mixin.py:188} INFO - [2024-08-17T03:06:05.903+0000] {dagbag.py:545} INFO - Filling up the DagBag from /opt/airflow/dags/data/models/Dominica/TS_model.pkl
[2024-08-17T03:06:05.915+0000] {processor.py:842} WARNING - No viable dags retrieved from /opt/airflow/dags/data/models/Dominica/TS_model.pkl
[2024-08-17T03:06:05.926+0000] {processor.py:183} INFO - Processing /opt/airflow/dags/data/models/Dominica/TS_model.pkl took 0.029 seconds
[2024-08-17T03:06:37.006+0000] {processor.py:161} INFO - Started process (PID=94346) to work on /opt/airflow/dags/data/models/Dominica/TS_model.pkl
[2024-08-17T03:06:37.007+0000] {processor.py:830} INFO - Processing file /opt/airflow/dags/data/models/Dominica/TS_model.pkl for tasks to queue
[2024-08-17T03:06:37.008+0000] {logging_mixin.py:188} INFO - [2024-08-17T03:06:37.007+0000] {dagbag.py:545} INFO - Filling up the DagBag from /opt/airflow/dags/data/models/Dominica/TS_model.pkl
[2024-08-17T03:06:37.021+0000] {processor.py:842} WARNING - No viable dags retrieved from /opt/airflow/dags/data/models/Dominica/TS_model.pkl
[2024-08-17T03:06:37.032+0000] {processor.py:183} INFO - Processing /opt/airflow/dags/data/models/Dominica/TS_model.pkl took 0.030 seconds
[2024-08-17T03:07:08.190+0000] {processor.py:161} INFO - Started process (PID=94754) to work on /opt/airflow/dags/data/models/Dominica/TS_model.pkl
[2024-08-17T03:07:08.191+0000] {processor.py:830} INFO - Processing file /opt/airflow/dags/data/models/Dominica/TS_model.pkl for tasks to queue
[2024-08-17T03:07:08.192+0000] {logging_mixin.py:188} INFO - [2024-08-17T03:07:08.192+0000] {dagbag.py:545} INFO - Filling up the DagBag from /opt/airflow/dags/data/models/Dominica/TS_model.pkl
[2024-08-17T03:07:08.204+0000] {processor.py:842} WARNING - No viable dags retrieved from /opt/airflow/dags/data/models/Dominica/TS_model.pkl
[2024-08-17T03:07:08.214+0000] {processor.py:183} INFO - Processing /opt/airflow/dags/data/models/Dominica/TS_model.pkl took 0.028 seconds
[2024-08-17T03:07:40.274+0000] {processor.py:161} INFO - Started process (PID=95168) to work on /opt/airflow/dags/data/models/Dominica/TS_model.pkl
[2024-08-17T03:07:40.275+0000] {processor.py:830} INFO - Processing file /opt/airflow/dags/data/models/Dominica/TS_model.pkl for tasks to queue
[2024-08-17T03:07:40.276+0000] {logging_mixin.py:188} INFO - [2024-08-17T03:07:40.275+0000] {dagbag.py:545} INFO - Filling up the DagBag from /opt/airflow/dags/data/models/Dominica/TS_model.pkl
[2024-08-17T03:07:40.286+0000] {processor.py:842} WARNING - No viable dags retrieved from /opt/airflow/dags/data/models/Dominica/TS_model.pkl
[2024-08-17T03:07:40.295+0000] {processor.py:183} INFO - Processing /opt/airflow/dags/data/models/Dominica/TS_model.pkl took 0.026 seconds
[2024-08-17T03:08:12.673+0000] {processor.py:161} INFO - Started process (PID=95559) to work on /opt/airflow/dags/data/models/Dominica/TS_model.pkl
[2024-08-17T03:08:12.674+0000] {processor.py:830} INFO - Processing file /opt/airflow/dags/data/models/Dominica/TS_model.pkl for tasks to queue
[2024-08-17T03:08:12.674+0000] {logging_mixin.py:188} INFO - [2024-08-17T03:08:12.674+0000] {dagbag.py:545} INFO - Filling up the DagBag from /opt/airflow/dags/data/models/Dominica/TS_model.pkl
[2024-08-17T03:08:12.688+0000] {processor.py:842} WARNING - No viable dags retrieved from /opt/airflow/dags/data/models/Dominica/TS_model.pkl
[2024-08-17T03:08:12.699+0000] {processor.py:183} INFO - Processing /opt/airflow/dags/data/models/Dominica/TS_model.pkl took 0.030 seconds
[2024-08-17T03:08:43.569+0000] {processor.py:161} INFO - Started process (PID=95945) to work on /opt/airflow/dags/data/models/Dominica/TS_model.pkl
[2024-08-17T03:08:43.570+0000] {processor.py:830} INFO - Processing file /opt/airflow/dags/data/models/Dominica/TS_model.pkl for tasks to queue
[2024-08-17T03:08:43.571+0000] {logging_mixin.py:188} INFO - [2024-08-17T03:08:43.571+0000] {dagbag.py:545} INFO - Filling up the DagBag from /opt/airflow/dags/data/models/Dominica/TS_model.pkl
[2024-08-17T03:08:43.583+0000] {processor.py:842} WARNING - No viable dags retrieved from /opt/airflow/dags/data/models/Dominica/TS_model.pkl
[2024-08-17T03:08:43.593+0000] {processor.py:183} INFO - Processing /opt/airflow/dags/data/models/Dominica/TS_model.pkl took 0.028 seconds
[2024-08-17T03:09:15.002+0000] {processor.py:161} INFO - Started process (PID=96389) to work on /opt/airflow/dags/data/models/Dominica/TS_model.pkl
[2024-08-17T03:09:15.002+0000] {processor.py:830} INFO - Processing file /opt/airflow/dags/data/models/Dominica/TS_model.pkl for tasks to queue
[2024-08-17T03:09:15.003+0000] {logging_mixin.py:188} INFO - [2024-08-17T03:09:15.003+0000] {dagbag.py:545} INFO - Filling up the DagBag from /opt/airflow/dags/data/models/Dominica/TS_model.pkl
[2024-08-17T03:09:15.010+0000] {processor.py:842} WARNING - No viable dags retrieved from /opt/airflow/dags/data/models/Dominica/TS_model.pkl
[2024-08-17T03:09:15.022+0000] {processor.py:183} INFO - Processing /opt/airflow/dags/data/models/Dominica/TS_model.pkl took 0.025 seconds
[2024-08-17T03:09:46.171+0000] {processor.py:161} INFO - Started process (PID=96807) to work on /opt/airflow/dags/data/models/Dominica/TS_model.pkl
[2024-08-17T03:09:46.172+0000] {processor.py:830} INFO - Processing file /opt/airflow/dags/data/models/Dominica/TS_model.pkl for tasks to queue
[2024-08-17T03:09:46.173+0000] {logging_mixin.py:188} INFO - [2024-08-17T03:09:46.173+0000] {dagbag.py:545} INFO - Filling up the DagBag from /opt/airflow/dags/data/models/Dominica/TS_model.pkl
[2024-08-17T03:09:46.182+0000] {processor.py:842} WARNING - No viable dags retrieved from /opt/airflow/dags/data/models/Dominica/TS_model.pkl
[2024-08-17T03:09:46.193+0000] {processor.py:183} INFO - Processing /opt/airflow/dags/data/models/Dominica/TS_model.pkl took 0.026 seconds
[2024-08-17T03:10:16.902+0000] {processor.py:161} INFO - Started process (PID=97250) to work on /opt/airflow/dags/data/models/Dominica/TS_model.pkl
[2024-08-17T03:10:16.902+0000] {processor.py:830} INFO - Processing file /opt/airflow/dags/data/models/Dominica/TS_model.pkl for tasks to queue
[2024-08-17T03:10:16.903+0000] {logging_mixin.py:188} INFO - [2024-08-17T03:10:16.903+0000] {dagbag.py:545} INFO - Filling up the DagBag from /opt/airflow/dags/data/models/Dominica/TS_model.pkl
[2024-08-17T03:10:16.914+0000] {processor.py:842} WARNING - No viable dags retrieved from /opt/airflow/dags/data/models/Dominica/TS_model.pkl
[2024-08-17T03:10:16.925+0000] {processor.py:183} INFO - Processing /opt/airflow/dags/data/models/Dominica/TS_model.pkl took 0.027 seconds
[2024-08-17T03:10:48.334+0000] {processor.py:161} INFO - Started process (PID=97676) to work on /opt/airflow/dags/data/models/Dominica/TS_model.pkl
[2024-08-17T03:10:48.335+0000] {processor.py:830} INFO - Processing file /opt/airflow/dags/data/models/Dominica/TS_model.pkl for tasks to queue
[2024-08-17T03:10:48.335+0000] {logging_mixin.py:188} INFO - [2024-08-17T03:10:48.335+0000] {dagbag.py:545} INFO - Filling up the DagBag from /opt/airflow/dags/data/models/Dominica/TS_model.pkl
[2024-08-17T03:10:48.346+0000] {processor.py:842} WARNING - No viable dags retrieved from /opt/airflow/dags/data/models/Dominica/TS_model.pkl
[2024-08-17T03:10:48.357+0000] {processor.py:183} INFO - Processing /opt/airflow/dags/data/models/Dominica/TS_model.pkl took 0.027 seconds
[2024-08-17T03:11:21.396+0000] {processor.py:161} INFO - Started process (PID=98125) to work on /opt/airflow/dags/data/models/Dominica/TS_model.pkl
[2024-08-17T03:11:21.396+0000] {processor.py:830} INFO - Processing file /opt/airflow/dags/data/models/Dominica/TS_model.pkl for tasks to queue
[2024-08-17T03:11:21.397+0000] {logging_mixin.py:188} INFO - [2024-08-17T03:11:21.397+0000] {dagbag.py:545} INFO - Filling up the DagBag from /opt/airflow/dags/data/models/Dominica/TS_model.pkl
[2024-08-17T03:11:21.408+0000] {processor.py:842} WARNING - No viable dags retrieved from /opt/airflow/dags/data/models/Dominica/TS_model.pkl
[2024-08-17T03:11:21.418+0000] {processor.py:183} INFO - Processing /opt/airflow/dags/data/models/Dominica/TS_model.pkl took 0.026 seconds
[2024-08-17T03:11:52.266+0000] {processor.py:161} INFO - Started process (PID=98549) to work on /opt/airflow/dags/data/models/Dominica/TS_model.pkl
[2024-08-17T03:11:52.267+0000] {processor.py:830} INFO - Processing file /opt/airflow/dags/data/models/Dominica/TS_model.pkl for tasks to queue
[2024-08-17T03:11:52.268+0000] {logging_mixin.py:188} INFO - [2024-08-17T03:11:52.267+0000] {dagbag.py:545} INFO - Filling up the DagBag from /opt/airflow/dags/data/models/Dominica/TS_model.pkl
[2024-08-17T03:11:52.277+0000] {processor.py:842} WARNING - No viable dags retrieved from /opt/airflow/dags/data/models/Dominica/TS_model.pkl
[2024-08-17T03:11:52.287+0000] {processor.py:183} INFO - Processing /opt/airflow/dags/data/models/Dominica/TS_model.pkl took 0.025 seconds
[2024-08-17T03:12:23.172+0000] {processor.py:161} INFO - Started process (PID=98967) to work on /opt/airflow/dags/data/models/Dominica/TS_model.pkl
[2024-08-17T03:12:23.172+0000] {processor.py:830} INFO - Processing file /opt/airflow/dags/data/models/Dominica/TS_model.pkl for tasks to queue
[2024-08-17T03:12:23.173+0000] {logging_mixin.py:188} INFO - [2024-08-17T03:12:23.173+0000] {dagbag.py:545} INFO - Filling up the DagBag from /opt/airflow/dags/data/models/Dominica/TS_model.pkl
[2024-08-17T03:12:23.185+0000] {processor.py:842} WARNING - No viable dags retrieved from /opt/airflow/dags/data/models/Dominica/TS_model.pkl
[2024-08-17T03:12:23.195+0000] {processor.py:183} INFO - Processing /opt/airflow/dags/data/models/Dominica/TS_model.pkl took 0.028 seconds
[2024-08-17T03:12:54.014+0000] {processor.py:161} INFO - Started process (PID=99410) to work on /opt/airflow/dags/data/models/Dominica/TS_model.pkl
[2024-08-17T03:12:54.015+0000] {processor.py:830} INFO - Processing file /opt/airflow/dags/data/models/Dominica/TS_model.pkl for tasks to queue
[2024-08-17T03:12:54.015+0000] {logging_mixin.py:188} INFO - [2024-08-17T03:12:54.015+0000] {dagbag.py:545} INFO - Filling up the DagBag from /opt/airflow/dags/data/models/Dominica/TS_model.pkl
[2024-08-17T03:12:54.025+0000] {processor.py:842} WARNING - No viable dags retrieved from /opt/airflow/dags/data/models/Dominica/TS_model.pkl
[2024-08-17T03:12:54.035+0000] {processor.py:183} INFO - Processing /opt/airflow/dags/data/models/Dominica/TS_model.pkl took 0.025 seconds
[2024-08-17T03:13:25.540+0000] {processor.py:161} INFO - Started process (PID=99855) to work on /opt/airflow/dags/data/models/Dominica/TS_model.pkl
[2024-08-17T03:13:25.541+0000] {processor.py:830} INFO - Processing file /opt/airflow/dags/data/models/Dominica/TS_model.pkl for tasks to queue
[2024-08-17T03:13:25.541+0000] {logging_mixin.py:188} INFO - [2024-08-17T03:13:25.541+0000] {dagbag.py:545} INFO - Filling up the DagBag from /opt/airflow/dags/data/models/Dominica/TS_model.pkl
[2024-08-17T03:13:25.552+0000] {processor.py:842} WARNING - No viable dags retrieved from /opt/airflow/dags/data/models/Dominica/TS_model.pkl
[2024-08-17T03:13:25.562+0000] {processor.py:183} INFO - Processing /opt/airflow/dags/data/models/Dominica/TS_model.pkl took 0.026 seconds
[2024-08-17T03:14:01.241+0000] {processor.py:161} INFO - Started process (PID=568) to work on /opt/airflow/dags/data/models/Dominica/TS_model.pkl
[2024-08-17T03:14:01.242+0000] {processor.py:830} INFO - Processing file /opt/airflow/dags/data/models/Dominica/TS_model.pkl for tasks to queue
[2024-08-17T03:14:01.243+0000] {logging_mixin.py:188} INFO - [2024-08-17T03:14:01.243+0000] {dagbag.py:545} INFO - Filling up the DagBag from /opt/airflow/dags/data/models/Dominica/TS_model.pkl
[2024-08-17T03:14:01.252+0000] {processor.py:842} WARNING - No viable dags retrieved from /opt/airflow/dags/data/models/Dominica/TS_model.pkl
[2024-08-17T03:14:01.263+0000] {processor.py:183} INFO - Processing /opt/airflow/dags/data/models/Dominica/TS_model.pkl took 0.026 seconds
[2024-08-17T03:14:32.817+0000] {processor.py:161} INFO - Started process (PID=977) to work on /opt/airflow/dags/data/models/Dominica/TS_model.pkl
[2024-08-17T03:14:32.818+0000] {processor.py:830} INFO - Processing file /opt/airflow/dags/data/models/Dominica/TS_model.pkl for tasks to queue
[2024-08-17T03:14:32.818+0000] {logging_mixin.py:188} INFO - [2024-08-17T03:14:32.818+0000] {dagbag.py:545} INFO - Filling up the DagBag from /opt/airflow/dags/data/models/Dominica/TS_model.pkl
[2024-08-17T03:14:32.827+0000] {processor.py:842} WARNING - No viable dags retrieved from /opt/airflow/dags/data/models/Dominica/TS_model.pkl
[2024-08-17T03:14:32.836+0000] {processor.py:183} INFO - Processing /opt/airflow/dags/data/models/Dominica/TS_model.pkl took 0.023 seconds
[2024-08-17T03:15:03.622+0000] {processor.py:161} INFO - Started process (PID=1429) to work on /opt/airflow/dags/data/models/Dominica/TS_model.pkl
[2024-08-17T03:15:03.623+0000] {processor.py:830} INFO - Processing file /opt/airflow/dags/data/models/Dominica/TS_model.pkl for tasks to queue
[2024-08-17T03:15:03.625+0000] {logging_mixin.py:188} INFO - [2024-08-17T03:15:03.625+0000] {dagbag.py:545} INFO - Filling up the DagBag from /opt/airflow/dags/data/models/Dominica/TS_model.pkl
[2024-08-17T03:15:03.633+0000] {processor.py:842} WARNING - No viable dags retrieved from /opt/airflow/dags/data/models/Dominica/TS_model.pkl
[2024-08-17T03:15:03.642+0000] {processor.py:183} INFO - Processing /opt/airflow/dags/data/models/Dominica/TS_model.pkl took 0.024 seconds
[2024-08-17T03:15:34.574+0000] {processor.py:161} INFO - Started process (PID=1864) to work on /opt/airflow/dags/data/models/Dominica/TS_model.pkl
[2024-08-17T03:15:34.574+0000] {processor.py:830} INFO - Processing file /opt/airflow/dags/data/models/Dominica/TS_model.pkl for tasks to queue
[2024-08-17T03:15:34.575+0000] {logging_mixin.py:188} INFO - [2024-08-17T03:15:34.575+0000] {dagbag.py:545} INFO - Filling up the DagBag from /opt/airflow/dags/data/models/Dominica/TS_model.pkl
[2024-08-17T03:15:34.583+0000] {processor.py:842} WARNING - No viable dags retrieved from /opt/airflow/dags/data/models/Dominica/TS_model.pkl
[2024-08-17T03:15:34.592+0000] {processor.py:183} INFO - Processing /opt/airflow/dags/data/models/Dominica/TS_model.pkl took 0.022 seconds
[2024-08-17T03:16:05.427+0000] {processor.py:161} INFO - Started process (PID=2311) to work on /opt/airflow/dags/data/models/Dominica/TS_model.pkl
[2024-08-17T03:16:05.429+0000] {processor.py:830} INFO - Processing file /opt/airflow/dags/data/models/Dominica/TS_model.pkl for tasks to queue
[2024-08-17T03:16:05.430+0000] {logging_mixin.py:188} INFO - [2024-08-17T03:16:05.430+0000] {dagbag.py:545} INFO - Filling up the DagBag from /opt/airflow/dags/data/models/Dominica/TS_model.pkl
[2024-08-17T03:16:05.442+0000] {processor.py:842} WARNING - No viable dags retrieved from /opt/airflow/dags/data/models/Dominica/TS_model.pkl
[2024-08-17T03:16:05.451+0000] {processor.py:183} INFO - Processing /opt/airflow/dags/data/models/Dominica/TS_model.pkl took 0.027 seconds
[2024-08-17T03:16:36.302+0000] {processor.py:161} INFO - Started process (PID=2765) to work on /opt/airflow/dags/data/models/Dominica/TS_model.pkl
[2024-08-17T03:16:36.303+0000] {processor.py:830} INFO - Processing file /opt/airflow/dags/data/models/Dominica/TS_model.pkl for tasks to queue
[2024-08-17T03:16:36.303+0000] {logging_mixin.py:188} INFO - [2024-08-17T03:16:36.303+0000] {dagbag.py:545} INFO - Filling up the DagBag from /opt/airflow/dags/data/models/Dominica/TS_model.pkl
[2024-08-17T03:16:36.311+0000] {processor.py:842} WARNING - No viable dags retrieved from /opt/airflow/dags/data/models/Dominica/TS_model.pkl
[2024-08-17T03:16:36.320+0000] {processor.py:183} INFO - Processing /opt/airflow/dags/data/models/Dominica/TS_model.pkl took 0.022 seconds
[2024-08-17T03:17:06.987+0000] {processor.py:161} INFO - Started process (PID=3193) to work on /opt/airflow/dags/data/models/Dominica/TS_model.pkl
[2024-08-17T03:17:06.987+0000] {processor.py:830} INFO - Processing file /opt/airflow/dags/data/models/Dominica/TS_model.pkl for tasks to queue
[2024-08-17T03:17:06.988+0000] {logging_mixin.py:188} INFO - [2024-08-17T03:17:06.988+0000] {dagbag.py:545} INFO - Filling up the DagBag from /opt/airflow/dags/data/models/Dominica/TS_model.pkl
[2024-08-17T03:17:06.995+0000] {processor.py:842} WARNING - No viable dags retrieved from /opt/airflow/dags/data/models/Dominica/TS_model.pkl
[2024-08-17T03:17:07.004+0000] {processor.py:183} INFO - Processing /opt/airflow/dags/data/models/Dominica/TS_model.pkl took 0.021 seconds
[2024-08-17T03:17:37.789+0000] {processor.py:161} INFO - Started process (PID=3647) to work on /opt/airflow/dags/data/models/Dominica/TS_model.pkl
[2024-08-17T03:17:37.790+0000] {processor.py:830} INFO - Processing file /opt/airflow/dags/data/models/Dominica/TS_model.pkl for tasks to queue
[2024-08-17T03:17:37.791+0000] {logging_mixin.py:188} INFO - [2024-08-17T03:17:37.791+0000] {dagbag.py:545} INFO - Filling up the DagBag from /opt/airflow/dags/data/models/Dominica/TS_model.pkl
[2024-08-17T03:17:37.801+0000] {processor.py:842} WARNING - No viable dags retrieved from /opt/airflow/dags/data/models/Dominica/TS_model.pkl
[2024-08-17T03:17:37.811+0000] {processor.py:183} INFO - Processing /opt/airflow/dags/data/models/Dominica/TS_model.pkl took 0.025 seconds
[2024-08-17T03:18:08.690+0000] {processor.py:161} INFO - Started process (PID=4082) to work on /opt/airflow/dags/data/models/Dominica/TS_model.pkl
[2024-08-17T03:18:08.691+0000] {processor.py:830} INFO - Processing file /opt/airflow/dags/data/models/Dominica/TS_model.pkl for tasks to queue
[2024-08-17T03:18:08.692+0000] {logging_mixin.py:188} INFO - [2024-08-17T03:18:08.691+0000] {dagbag.py:545} INFO - Filling up the DagBag from /opt/airflow/dags/data/models/Dominica/TS_model.pkl
[2024-08-17T03:18:08.700+0000] {processor.py:842} WARNING - No viable dags retrieved from /opt/airflow/dags/data/models/Dominica/TS_model.pkl
[2024-08-17T03:18:08.710+0000] {processor.py:183} INFO - Processing /opt/airflow/dags/data/models/Dominica/TS_model.pkl took 0.024 seconds
[2024-08-17T03:18:39.427+0000] {processor.py:161} INFO - Started process (PID=4529) to work on /opt/airflow/dags/data/models/Dominica/TS_model.pkl
[2024-08-17T03:18:39.427+0000] {processor.py:830} INFO - Processing file /opt/airflow/dags/data/models/Dominica/TS_model.pkl for tasks to queue
[2024-08-17T03:18:39.428+0000] {logging_mixin.py:188} INFO - [2024-08-17T03:18:39.428+0000] {dagbag.py:545} INFO - Filling up the DagBag from /opt/airflow/dags/data/models/Dominica/TS_model.pkl
[2024-08-17T03:18:39.435+0000] {processor.py:842} WARNING - No viable dags retrieved from /opt/airflow/dags/data/models/Dominica/TS_model.pkl
[2024-08-17T03:18:39.445+0000] {processor.py:183} INFO - Processing /opt/airflow/dags/data/models/Dominica/TS_model.pkl took 0.022 seconds
[2024-08-17T03:19:11.224+0000] {processor.py:161} INFO - Started process (PID=4986) to work on /opt/airflow/dags/data/models/Dominica/TS_model.pkl
[2024-08-17T03:19:11.225+0000] {processor.py:830} INFO - Processing file /opt/airflow/dags/data/models/Dominica/TS_model.pkl for tasks to queue
[2024-08-17T03:19:11.225+0000] {logging_mixin.py:188} INFO - [2024-08-17T03:19:11.225+0000] {dagbag.py:545} INFO - Filling up the DagBag from /opt/airflow/dags/data/models/Dominica/TS_model.pkl
[2024-08-17T03:19:11.233+0000] {processor.py:842} WARNING - No viable dags retrieved from /opt/airflow/dags/data/models/Dominica/TS_model.pkl
[2024-08-17T03:19:11.242+0000] {processor.py:183} INFO - Processing /opt/airflow/dags/data/models/Dominica/TS_model.pkl took 0.022 seconds
[2024-08-17T03:19:43.591+0000] {processor.py:161} INFO - Started process (PID=5430) to work on /opt/airflow/dags/data/models/Dominica/TS_model.pkl
[2024-08-17T03:19:43.592+0000] {processor.py:830} INFO - Processing file /opt/airflow/dags/data/models/Dominica/TS_model.pkl for tasks to queue
[2024-08-17T03:19:43.592+0000] {logging_mixin.py:188} INFO - [2024-08-17T03:19:43.592+0000] {dagbag.py:545} INFO - Filling up the DagBag from /opt/airflow/dags/data/models/Dominica/TS_model.pkl
[2024-08-17T03:19:43.601+0000] {processor.py:842} WARNING - No viable dags retrieved from /opt/airflow/dags/data/models/Dominica/TS_model.pkl
[2024-08-17T03:19:43.612+0000] {processor.py:183} INFO - Processing /opt/airflow/dags/data/models/Dominica/TS_model.pkl took 0.025 seconds
[2024-08-17T03:20:14.231+0000] {processor.py:161} INFO - Started process (PID=5856) to work on /opt/airflow/dags/data/models/Dominica/TS_model.pkl
[2024-08-17T03:20:14.232+0000] {processor.py:830} INFO - Processing file /opt/airflow/dags/data/models/Dominica/TS_model.pkl for tasks to queue
[2024-08-17T03:20:14.233+0000] {logging_mixin.py:188} INFO - [2024-08-17T03:20:14.232+0000] {dagbag.py:545} INFO - Filling up the DagBag from /opt/airflow/dags/data/models/Dominica/TS_model.pkl
[2024-08-17T03:20:14.241+0000] {processor.py:842} WARNING - No viable dags retrieved from /opt/airflow/dags/data/models/Dominica/TS_model.pkl
[2024-08-17T03:20:14.250+0000] {processor.py:183} INFO - Processing /opt/airflow/dags/data/models/Dominica/TS_model.pkl took 0.023 seconds
[2024-08-17T03:20:45.233+0000] {processor.py:161} INFO - Started process (PID=6310) to work on /opt/airflow/dags/data/models/Dominica/TS_model.pkl
[2024-08-17T03:20:45.233+0000] {processor.py:830} INFO - Processing file /opt/airflow/dags/data/models/Dominica/TS_model.pkl for tasks to queue
[2024-08-17T03:20:45.234+0000] {logging_mixin.py:188} INFO - [2024-08-17T03:20:45.234+0000] {dagbag.py:545} INFO - Filling up the DagBag from /opt/airflow/dags/data/models/Dominica/TS_model.pkl
[2024-08-17T03:20:45.242+0000] {processor.py:842} WARNING - No viable dags retrieved from /opt/airflow/dags/data/models/Dominica/TS_model.pkl
[2024-08-17T03:20:45.251+0000] {processor.py:183} INFO - Processing /opt/airflow/dags/data/models/Dominica/TS_model.pkl took 0.022 seconds
[2024-08-17T03:21:16.457+0000] {processor.py:161} INFO - Started process (PID=6738) to work on /opt/airflow/dags/data/models/Dominica/TS_model.pkl
[2024-08-17T03:21:16.457+0000] {processor.py:830} INFO - Processing file /opt/airflow/dags/data/models/Dominica/TS_model.pkl for tasks to queue
[2024-08-17T03:21:16.458+0000] {logging_mixin.py:188} INFO - [2024-08-17T03:21:16.458+0000] {dagbag.py:545} INFO - Filling up the DagBag from /opt/airflow/dags/data/models/Dominica/TS_model.pkl
[2024-08-17T03:21:16.465+0000] {processor.py:842} WARNING - No viable dags retrieved from /opt/airflow/dags/data/models/Dominica/TS_model.pkl
[2024-08-17T03:21:16.475+0000] {processor.py:183} INFO - Processing /opt/airflow/dags/data/models/Dominica/TS_model.pkl took 0.022 seconds
[2024-08-17T03:21:47.116+0000] {processor.py:161} INFO - Started process (PID=7171) to work on /opt/airflow/dags/data/models/Dominica/TS_model.pkl
[2024-08-17T03:21:47.116+0000] {processor.py:830} INFO - Processing file /opt/airflow/dags/data/models/Dominica/TS_model.pkl for tasks to queue
[2024-08-17T03:21:47.117+0000] {logging_mixin.py:188} INFO - [2024-08-17T03:21:47.117+0000] {dagbag.py:545} INFO - Filling up the DagBag from /opt/airflow/dags/data/models/Dominica/TS_model.pkl
[2024-08-17T03:21:47.125+0000] {processor.py:842} WARNING - No viable dags retrieved from /opt/airflow/dags/data/models/Dominica/TS_model.pkl
[2024-08-17T03:21:47.135+0000] {processor.py:183} INFO - Processing /opt/airflow/dags/data/models/Dominica/TS_model.pkl took 0.023 seconds
[2024-08-17T03:22:17.783+0000] {processor.py:161} INFO - Started process (PID=7606) to work on /opt/airflow/dags/data/models/Dominica/TS_model.pkl
[2024-08-17T03:22:17.783+0000] {processor.py:830} INFO - Processing file /opt/airflow/dags/data/models/Dominica/TS_model.pkl for tasks to queue
[2024-08-17T03:22:17.784+0000] {logging_mixin.py:188} INFO - [2024-08-17T03:22:17.784+0000] {dagbag.py:545} INFO - Filling up the DagBag from /opt/airflow/dags/data/models/Dominica/TS_model.pkl
[2024-08-17T03:22:17.791+0000] {processor.py:842} WARNING - No viable dags retrieved from /opt/airflow/dags/data/models/Dominica/TS_model.pkl
[2024-08-17T03:22:17.802+0000] {processor.py:183} INFO - Processing /opt/airflow/dags/data/models/Dominica/TS_model.pkl took 0.023 seconds
[2024-08-17T03:22:48.540+0000] {processor.py:161} INFO - Started process (PID=8054) to work on /opt/airflow/dags/data/models/Dominica/TS_model.pkl
[2024-08-17T03:22:48.541+0000] {processor.py:830} INFO - Processing file /opt/airflow/dags/data/models/Dominica/TS_model.pkl for tasks to queue
[2024-08-17T03:22:48.542+0000] {logging_mixin.py:188} INFO - [2024-08-17T03:22:48.541+0000] {dagbag.py:545} INFO - Filling up the DagBag from /opt/airflow/dags/data/models/Dominica/TS_model.pkl
[2024-08-17T03:22:48.550+0000] {processor.py:842} WARNING - No viable dags retrieved from /opt/airflow/dags/data/models/Dominica/TS_model.pkl
[2024-08-17T03:22:48.559+0000] {processor.py:183} INFO - Processing /opt/airflow/dags/data/models/Dominica/TS_model.pkl took 0.023 seconds
[2024-08-17T03:23:19.551+0000] {processor.py:161} INFO - Started process (PID=8508) to work on /opt/airflow/dags/data/models/Dominica/TS_model.pkl
[2024-08-17T03:23:19.551+0000] {processor.py:830} INFO - Processing file /opt/airflow/dags/data/models/Dominica/TS_model.pkl for tasks to queue
[2024-08-17T03:23:19.552+0000] {logging_mixin.py:188} INFO - [2024-08-17T03:23:19.552+0000] {dagbag.py:545} INFO - Filling up the DagBag from /opt/airflow/dags/data/models/Dominica/TS_model.pkl
[2024-08-17T03:23:19.561+0000] {processor.py:842} WARNING - No viable dags retrieved from /opt/airflow/dags/data/models/Dominica/TS_model.pkl
[2024-08-17T03:23:19.570+0000] {processor.py:183} INFO - Processing /opt/airflow/dags/data/models/Dominica/TS_model.pkl took 0.023 seconds
[2024-08-17T03:23:57.589+0000] {processor.py:161} INFO - Started process (PID=8983) to work on /opt/airflow/dags/data/models/Dominica/TS_model.pkl
[2024-08-17T03:23:57.590+0000] {processor.py:830} INFO - Processing file /opt/airflow/dags/data/models/Dominica/TS_model.pkl for tasks to queue
[2024-08-17T03:23:57.591+0000] {logging_mixin.py:188} INFO - [2024-08-17T03:23:57.591+0000] {dagbag.py:545} INFO - Filling up the DagBag from /opt/airflow/dags/data/models/Dominica/TS_model.pkl
[2024-08-17T03:23:57.600+0000] {processor.py:842} WARNING - No viable dags retrieved from /opt/airflow/dags/data/models/Dominica/TS_model.pkl
[2024-08-17T03:23:57.609+0000] {processor.py:183} INFO - Processing /opt/airflow/dags/data/models/Dominica/TS_model.pkl took 0.023 seconds
[2024-08-17T03:24:28.812+0000] {processor.py:161} INFO - Started process (PID=9437) to work on /opt/airflow/dags/data/models/Dominica/TS_model.pkl
[2024-08-17T03:24:28.813+0000] {processor.py:830} INFO - Processing file /opt/airflow/dags/data/models/Dominica/TS_model.pkl for tasks to queue
[2024-08-17T03:24:28.813+0000] {logging_mixin.py:188} INFO - [2024-08-17T03:24:28.813+0000] {dagbag.py:545} INFO - Filling up the DagBag from /opt/airflow/dags/data/models/Dominica/TS_model.pkl
[2024-08-17T03:24:28.824+0000] {processor.py:842} WARNING - No viable dags retrieved from /opt/airflow/dags/data/models/Dominica/TS_model.pkl
[2024-08-17T03:24:28.834+0000] {processor.py:183} INFO - Processing /opt/airflow/dags/data/models/Dominica/TS_model.pkl took 0.025 seconds
[2024-08-17T03:24:59.786+0000] {processor.py:161} INFO - Started process (PID=9865) to work on /opt/airflow/dags/data/models/Dominica/TS_model.pkl
[2024-08-17T03:24:59.787+0000] {processor.py:830} INFO - Processing file /opt/airflow/dags/data/models/Dominica/TS_model.pkl for tasks to queue
[2024-08-17T03:24:59.788+0000] {logging_mixin.py:188} INFO - [2024-08-17T03:24:59.788+0000] {dagbag.py:545} INFO - Filling up the DagBag from /opt/airflow/dags/data/models/Dominica/TS_model.pkl
[2024-08-17T03:24:59.802+0000] {processor.py:842} WARNING - No viable dags retrieved from /opt/airflow/dags/data/models/Dominica/TS_model.pkl
[2024-08-17T03:24:59.812+0000] {processor.py:183} INFO - Processing /opt/airflow/dags/data/models/Dominica/TS_model.pkl took 0.031 seconds
[2024-08-17T03:25:30.989+0000] {processor.py:161} INFO - Started process (PID=10319) to work on /opt/airflow/dags/data/models/Dominica/TS_model.pkl
[2024-08-17T03:25:30.990+0000] {processor.py:830} INFO - Processing file /opt/airflow/dags/data/models/Dominica/TS_model.pkl for tasks to queue
[2024-08-17T03:25:30.991+0000] {logging_mixin.py:188} INFO - [2024-08-17T03:25:30.990+0000] {dagbag.py:545} INFO - Filling up the DagBag from /opt/airflow/dags/data/models/Dominica/TS_model.pkl
[2024-08-17T03:25:30.998+0000] {processor.py:842} WARNING - No viable dags retrieved from /opt/airflow/dags/data/models/Dominica/TS_model.pkl
[2024-08-17T03:25:31.008+0000] {processor.py:183} INFO - Processing /opt/airflow/dags/data/models/Dominica/TS_model.pkl took 0.022 seconds
[2024-08-17T03:26:02.042+0000] {processor.py:161} INFO - Started process (PID=10773) to work on /opt/airflow/dags/data/models/Dominica/TS_model.pkl
[2024-08-17T03:26:02.042+0000] {processor.py:830} INFO - Processing file /opt/airflow/dags/data/models/Dominica/TS_model.pkl for tasks to queue
[2024-08-17T03:26:02.043+0000] {logging_mixin.py:188} INFO - [2024-08-17T03:26:02.043+0000] {dagbag.py:545} INFO - Filling up the DagBag from /opt/airflow/dags/data/models/Dominica/TS_model.pkl
[2024-08-17T03:26:02.052+0000] {processor.py:842} WARNING - No viable dags retrieved from /opt/airflow/dags/data/models/Dominica/TS_model.pkl
[2024-08-17T03:26:02.061+0000] {processor.py:183} INFO - Processing /opt/airflow/dags/data/models/Dominica/TS_model.pkl took 0.023 seconds
[2024-08-17T03:26:32.842+0000] {processor.py:161} INFO - Started process (PID=11201) to work on /opt/airflow/dags/data/models/Dominica/TS_model.pkl
[2024-08-17T03:26:32.843+0000] {processor.py:830} INFO - Processing file /opt/airflow/dags/data/models/Dominica/TS_model.pkl for tasks to queue
[2024-08-17T03:26:32.843+0000] {logging_mixin.py:188} INFO - [2024-08-17T03:26:32.843+0000] {dagbag.py:545} INFO - Filling up the DagBag from /opt/airflow/dags/data/models/Dominica/TS_model.pkl
[2024-08-17T03:26:32.853+0000] {processor.py:842} WARNING - No viable dags retrieved from /opt/airflow/dags/data/models/Dominica/TS_model.pkl
[2024-08-17T03:26:32.862+0000] {processor.py:183} INFO - Processing /opt/airflow/dags/data/models/Dominica/TS_model.pkl took 0.024 seconds
[2024-08-17T03:27:03.753+0000] {processor.py:161} INFO - Started process (PID=11655) to work on /opt/airflow/dags/data/models/Dominica/TS_model.pkl
[2024-08-17T03:27:03.754+0000] {processor.py:830} INFO - Processing file /opt/airflow/dags/data/models/Dominica/TS_model.pkl for tasks to queue
[2024-08-17T03:27:03.755+0000] {logging_mixin.py:188} INFO - [2024-08-17T03:27:03.754+0000] {dagbag.py:545} INFO - Filling up the DagBag from /opt/airflow/dags/data/models/Dominica/TS_model.pkl
[2024-08-17T03:27:03.764+0000] {processor.py:842} WARNING - No viable dags retrieved from /opt/airflow/dags/data/models/Dominica/TS_model.pkl
[2024-08-17T03:27:03.774+0000] {processor.py:183} INFO - Processing /opt/airflow/dags/data/models/Dominica/TS_model.pkl took 0.026 seconds
[2024-08-17T03:27:34.434+0000] {processor.py:161} INFO - Started process (PID=12083) to work on /opt/airflow/dags/data/models/Dominica/TS_model.pkl
[2024-08-17T03:27:34.434+0000] {processor.py:830} INFO - Processing file /opt/airflow/dags/data/models/Dominica/TS_model.pkl for tasks to queue
[2024-08-17T03:27:34.435+0000] {logging_mixin.py:188} INFO - [2024-08-17T03:27:34.435+0000] {dagbag.py:545} INFO - Filling up the DagBag from /opt/airflow/dags/data/models/Dominica/TS_model.pkl
[2024-08-17T03:27:34.444+0000] {processor.py:842} WARNING - No viable dags retrieved from /opt/airflow/dags/data/models/Dominica/TS_model.pkl
[2024-08-17T03:27:34.453+0000] {processor.py:183} INFO - Processing /opt/airflow/dags/data/models/Dominica/TS_model.pkl took 0.023 seconds
[2024-08-17T03:28:05.202+0000] {processor.py:161} INFO - Started process (PID=12537) to work on /opt/airflow/dags/data/models/Dominica/TS_model.pkl
[2024-08-17T03:28:05.203+0000] {processor.py:830} INFO - Processing file /opt/airflow/dags/data/models/Dominica/TS_model.pkl for tasks to queue
[2024-08-17T03:28:05.204+0000] {logging_mixin.py:188} INFO - [2024-08-17T03:28:05.204+0000] {dagbag.py:545} INFO - Filling up the DagBag from /opt/airflow/dags/data/models/Dominica/TS_model.pkl
[2024-08-17T03:28:05.215+0000] {processor.py:842} WARNING - No viable dags retrieved from /opt/airflow/dags/data/models/Dominica/TS_model.pkl
[2024-08-17T03:28:05.224+0000] {processor.py:183} INFO - Processing /opt/airflow/dags/data/models/Dominica/TS_model.pkl took 0.026 seconds
[2024-08-17T03:28:37.010+0000] {processor.py:161} INFO - Started process (PID=12991) to work on /opt/airflow/dags/data/models/Dominica/TS_model.pkl
[2024-08-17T03:28:37.010+0000] {processor.py:830} INFO - Processing file /opt/airflow/dags/data/models/Dominica/TS_model.pkl for tasks to queue
[2024-08-17T03:28:37.011+0000] {logging_mixin.py:188} INFO - [2024-08-17T03:28:37.011+0000] {dagbag.py:545} INFO - Filling up the DagBag from /opt/airflow/dags/data/models/Dominica/TS_model.pkl
[2024-08-17T03:28:37.019+0000] {processor.py:842} WARNING - No viable dags retrieved from /opt/airflow/dags/data/models/Dominica/TS_model.pkl
[2024-08-17T03:28:37.028+0000] {processor.py:183} INFO - Processing /opt/airflow/dags/data/models/Dominica/TS_model.pkl took 0.023 seconds
[2024-08-17T03:29:07.800+0000] {processor.py:161} INFO - Started process (PID=13397) to work on /opt/airflow/dags/data/models/Dominica/TS_model.pkl
[2024-08-17T03:29:07.801+0000] {processor.py:830} INFO - Processing file /opt/airflow/dags/data/models/Dominica/TS_model.pkl for tasks to queue
[2024-08-17T03:29:07.802+0000] {logging_mixin.py:188} INFO - [2024-08-17T03:29:07.802+0000] {dagbag.py:545} INFO - Filling up the DagBag from /opt/airflow/dags/data/models/Dominica/TS_model.pkl
[2024-08-17T03:29:07.812+0000] {processor.py:842} WARNING - No viable dags retrieved from /opt/airflow/dags/data/models/Dominica/TS_model.pkl
[2024-08-17T03:29:07.822+0000] {processor.py:183} INFO - Processing /opt/airflow/dags/data/models/Dominica/TS_model.pkl took 0.026 seconds
[2024-08-17T03:29:38.741+0000] {processor.py:161} INFO - Started process (PID=13851) to work on /opt/airflow/dags/data/models/Dominica/TS_model.pkl
[2024-08-17T03:29:38.741+0000] {processor.py:830} INFO - Processing file /opt/airflow/dags/data/models/Dominica/TS_model.pkl for tasks to queue
[2024-08-17T03:29:38.742+0000] {logging_mixin.py:188} INFO - [2024-08-17T03:29:38.742+0000] {dagbag.py:545} INFO - Filling up the DagBag from /opt/airflow/dags/data/models/Dominica/TS_model.pkl
[2024-08-17T03:29:38.750+0000] {processor.py:842} WARNING - No viable dags retrieved from /opt/airflow/dags/data/models/Dominica/TS_model.pkl
[2024-08-17T03:29:38.760+0000] {processor.py:183} INFO - Processing /opt/airflow/dags/data/models/Dominica/TS_model.pkl took 0.023 seconds
[2024-08-17T03:30:10.303+0000] {processor.py:161} INFO - Started process (PID=14286) to work on /opt/airflow/dags/data/models/Dominica/TS_model.pkl
[2024-08-17T03:30:10.304+0000] {processor.py:830} INFO - Processing file /opt/airflow/dags/data/models/Dominica/TS_model.pkl for tasks to queue
[2024-08-17T03:30:10.304+0000] {logging_mixin.py:188} INFO - [2024-08-17T03:30:10.304+0000] {dagbag.py:545} INFO - Filling up the DagBag from /opt/airflow/dags/data/models/Dominica/TS_model.pkl
[2024-08-17T03:30:10.312+0000] {processor.py:842} WARNING - No viable dags retrieved from /opt/airflow/dags/data/models/Dominica/TS_model.pkl
[2024-08-17T03:30:10.321+0000] {processor.py:183} INFO - Processing /opt/airflow/dags/data/models/Dominica/TS_model.pkl took 0.022 seconds
[2024-08-17T03:30:41.268+0000] {processor.py:161} INFO - Started process (PID=14712) to work on /opt/airflow/dags/data/models/Dominica/TS_model.pkl
[2024-08-17T03:30:41.269+0000] {processor.py:830} INFO - Processing file /opt/airflow/dags/data/models/Dominica/TS_model.pkl for tasks to queue
[2024-08-17T03:30:41.269+0000] {logging_mixin.py:188} INFO - [2024-08-17T03:30:41.269+0000] {dagbag.py:545} INFO - Filling up the DagBag from /opt/airflow/dags/data/models/Dominica/TS_model.pkl
[2024-08-17T03:30:41.277+0000] {processor.py:842} WARNING - No viable dags retrieved from /opt/airflow/dags/data/models/Dominica/TS_model.pkl
[2024-08-17T03:30:41.287+0000] {processor.py:183} INFO - Processing /opt/airflow/dags/data/models/Dominica/TS_model.pkl took 0.022 seconds
[2024-08-17T03:31:12.065+0000] {processor.py:161} INFO - Started process (PID=15166) to work on /opt/airflow/dags/data/models/Dominica/TS_model.pkl
[2024-08-17T03:31:12.066+0000] {processor.py:830} INFO - Processing file /opt/airflow/dags/data/models/Dominica/TS_model.pkl for tasks to queue
[2024-08-17T03:31:12.066+0000] {logging_mixin.py:188} INFO - [2024-08-17T03:31:12.066+0000] {dagbag.py:545} INFO - Filling up the DagBag from /opt/airflow/dags/data/models/Dominica/TS_model.pkl
[2024-08-17T03:31:12.074+0000] {processor.py:842} WARNING - No viable dags retrieved from /opt/airflow/dags/data/models/Dominica/TS_model.pkl
[2024-08-17T03:31:12.103+0000] {processor.py:183} INFO - Processing /opt/airflow/dags/data/models/Dominica/TS_model.pkl took 0.042 seconds
[2024-08-17T03:31:43.101+0000] {processor.py:161} INFO - Started process (PID=15621) to work on /opt/airflow/dags/data/models/Dominica/TS_model.pkl
[2024-08-17T03:31:43.102+0000] {processor.py:830} INFO - Processing file /opt/airflow/dags/data/models/Dominica/TS_model.pkl for tasks to queue
[2024-08-17T03:31:43.102+0000] {logging_mixin.py:188} INFO - [2024-08-17T03:31:43.102+0000] {dagbag.py:545} INFO - Filling up the DagBag from /opt/airflow/dags/data/models/Dominica/TS_model.pkl
[2024-08-17T03:31:43.110+0000] {processor.py:842} WARNING - No viable dags retrieved from /opt/airflow/dags/data/models/Dominica/TS_model.pkl
[2024-08-17T03:31:43.121+0000] {processor.py:183} INFO - Processing /opt/airflow/dags/data/models/Dominica/TS_model.pkl took 0.023 seconds
[2024-08-17T03:32:13.654+0000] {processor.py:161} INFO - Started process (PID=16048) to work on /opt/airflow/dags/data/models/Dominica/TS_model.pkl
[2024-08-17T03:32:13.655+0000] {processor.py:830} INFO - Processing file /opt/airflow/dags/data/models/Dominica/TS_model.pkl for tasks to queue
[2024-08-17T03:32:13.655+0000] {logging_mixin.py:188} INFO - [2024-08-17T03:32:13.655+0000] {dagbag.py:545} INFO - Filling up the DagBag from /opt/airflow/dags/data/models/Dominica/TS_model.pkl
[2024-08-17T03:32:13.664+0000] {processor.py:842} WARNING - No viable dags retrieved from /opt/airflow/dags/data/models/Dominica/TS_model.pkl
[2024-08-17T03:32:13.673+0000] {processor.py:183} INFO - Processing /opt/airflow/dags/data/models/Dominica/TS_model.pkl took 0.022 seconds
[2024-08-17T03:32:44.423+0000] {processor.py:161} INFO - Started process (PID=16502) to work on /opt/airflow/dags/data/models/Dominica/TS_model.pkl
[2024-08-17T03:32:44.424+0000] {processor.py:830} INFO - Processing file /opt/airflow/dags/data/models/Dominica/TS_model.pkl for tasks to queue
[2024-08-17T03:32:44.425+0000] {logging_mixin.py:188} INFO - [2024-08-17T03:32:44.424+0000] {dagbag.py:545} INFO - Filling up the DagBag from /opt/airflow/dags/data/models/Dominica/TS_model.pkl
[2024-08-17T03:32:44.433+0000] {processor.py:842} WARNING - No viable dags retrieved from /opt/airflow/dags/data/models/Dominica/TS_model.pkl
[2024-08-17T03:32:44.443+0000] {processor.py:183} INFO - Processing /opt/airflow/dags/data/models/Dominica/TS_model.pkl took 0.023 seconds
[2024-08-17T03:33:15.029+0000] {processor.py:161} INFO - Started process (PID=16930) to work on /opt/airflow/dags/data/models/Dominica/TS_model.pkl
[2024-08-17T03:33:15.029+0000] {processor.py:830} INFO - Processing file /opt/airflow/dags/data/models/Dominica/TS_model.pkl for tasks to queue
[2024-08-17T03:33:15.030+0000] {logging_mixin.py:188} INFO - [2024-08-17T03:33:15.029+0000] {dagbag.py:545} INFO - Filling up the DagBag from /opt/airflow/dags/data/models/Dominica/TS_model.pkl
[2024-08-17T03:33:15.037+0000] {processor.py:842} WARNING - No viable dags retrieved from /opt/airflow/dags/data/models/Dominica/TS_model.pkl
[2024-08-17T03:33:15.047+0000] {processor.py:183} INFO - Processing /opt/airflow/dags/data/models/Dominica/TS_model.pkl took 0.022 seconds
[2024-08-17T03:33:45.772+0000] {processor.py:161} INFO - Started process (PID=17384) to work on /opt/airflow/dags/data/models/Dominica/TS_model.pkl
[2024-08-17T03:33:45.773+0000] {processor.py:830} INFO - Processing file /opt/airflow/dags/data/models/Dominica/TS_model.pkl for tasks to queue
[2024-08-17T03:33:45.774+0000] {logging_mixin.py:188} INFO - [2024-08-17T03:33:45.774+0000] {dagbag.py:545} INFO - Filling up the DagBag from /opt/airflow/dags/data/models/Dominica/TS_model.pkl
[2024-08-17T03:33:45.782+0000] {processor.py:842} WARNING - No viable dags retrieved from /opt/airflow/dags/data/models/Dominica/TS_model.pkl
[2024-08-17T03:33:45.792+0000] {processor.py:183} INFO - Processing /opt/airflow/dags/data/models/Dominica/TS_model.pkl took 0.023 seconds
[2024-08-17T03:34:16.603+0000] {processor.py:161} INFO - Started process (PID=17838) to work on /opt/airflow/dags/data/models/Dominica/TS_model.pkl
[2024-08-17T03:34:16.604+0000] {processor.py:830} INFO - Processing file /opt/airflow/dags/data/models/Dominica/TS_model.pkl for tasks to queue
[2024-08-17T03:34:16.604+0000] {logging_mixin.py:188} INFO - [2024-08-17T03:34:16.604+0000] {dagbag.py:545} INFO - Filling up the DagBag from /opt/airflow/dags/data/models/Dominica/TS_model.pkl
[2024-08-17T03:34:16.611+0000] {processor.py:842} WARNING - No viable dags retrieved from /opt/airflow/dags/data/models/Dominica/TS_model.pkl
[2024-08-17T03:34:16.621+0000] {processor.py:183} INFO - Processing /opt/airflow/dags/data/models/Dominica/TS_model.pkl took 0.022 seconds
[2024-08-17T03:34:47.369+0000] {processor.py:161} INFO - Started process (PID=18266) to work on /opt/airflow/dags/data/models/Dominica/TS_model.pkl
[2024-08-17T03:34:47.369+0000] {processor.py:830} INFO - Processing file /opt/airflow/dags/data/models/Dominica/TS_model.pkl for tasks to queue
[2024-08-17T03:34:47.370+0000] {logging_mixin.py:188} INFO - [2024-08-17T03:34:47.370+0000] {dagbag.py:545} INFO - Filling up the DagBag from /opt/airflow/dags/data/models/Dominica/TS_model.pkl
[2024-08-17T03:34:47.377+0000] {processor.py:842} WARNING - No viable dags retrieved from /opt/airflow/dags/data/models/Dominica/TS_model.pkl
[2024-08-17T03:34:47.386+0000] {processor.py:183} INFO - Processing /opt/airflow/dags/data/models/Dominica/TS_model.pkl took 0.021 seconds
[2024-08-17T03:35:18.178+0000] {processor.py:161} INFO - Started process (PID=18720) to work on /opt/airflow/dags/data/models/Dominica/TS_model.pkl
[2024-08-17T03:35:18.179+0000] {processor.py:830} INFO - Processing file /opt/airflow/dags/data/models/Dominica/TS_model.pkl for tasks to queue
[2024-08-17T03:35:18.180+0000] {logging_mixin.py:188} INFO - [2024-08-17T03:35:18.179+0000] {dagbag.py:545} INFO - Filling up the DagBag from /opt/airflow/dags/data/models/Dominica/TS_model.pkl
[2024-08-17T03:35:18.187+0000] {processor.py:842} WARNING - No viable dags retrieved from /opt/airflow/dags/data/models/Dominica/TS_model.pkl
[2024-08-17T03:35:18.196+0000] {processor.py:183} INFO - Processing /opt/airflow/dags/data/models/Dominica/TS_model.pkl took 0.022 seconds
[2024-08-17T03:35:49.384+0000] {processor.py:161} INFO - Started process (PID=19113) to work on /opt/airflow/dags/data/models/Dominica/TS_model.pkl
[2024-08-17T03:35:49.385+0000] {processor.py:830} INFO - Processing file /opt/airflow/dags/data/models/Dominica/TS_model.pkl for tasks to queue
[2024-08-17T03:35:49.386+0000] {logging_mixin.py:188} INFO - [2024-08-17T03:35:49.385+0000] {dagbag.py:545} INFO - Filling up the DagBag from /opt/airflow/dags/data/models/Dominica/TS_model.pkl
[2024-08-17T03:35:49.393+0000] {processor.py:842} WARNING - No viable dags retrieved from /opt/airflow/dags/data/models/Dominica/TS_model.pkl
[2024-08-17T03:35:49.402+0000] {processor.py:183} INFO - Processing /opt/airflow/dags/data/models/Dominica/TS_model.pkl took 0.021 seconds
[2024-08-17T03:36:20.622+0000] {processor.py:161} INFO - Started process (PID=19560) to work on /opt/airflow/dags/data/models/Dominica/TS_model.pkl
[2024-08-17T03:36:20.623+0000] {processor.py:830} INFO - Processing file /opt/airflow/dags/data/models/Dominica/TS_model.pkl for tasks to queue
[2024-08-17T03:36:20.623+0000] {logging_mixin.py:188} INFO - [2024-08-17T03:36:20.623+0000] {dagbag.py:545} INFO - Filling up the DagBag from /opt/airflow/dags/data/models/Dominica/TS_model.pkl
[2024-08-17T03:36:20.636+0000] {processor.py:842} WARNING - No viable dags retrieved from /opt/airflow/dags/data/models/Dominica/TS_model.pkl
[2024-08-17T03:36:20.645+0000] {processor.py:183} INFO - Processing /opt/airflow/dags/data/models/Dominica/TS_model.pkl took 0.026 seconds
[2024-08-17T03:36:51.278+0000] {processor.py:161} INFO - Started process (PID=19993) to work on /opt/airflow/dags/data/models/Dominica/TS_model.pkl
[2024-08-17T03:36:51.278+0000] {processor.py:830} INFO - Processing file /opt/airflow/dags/data/models/Dominica/TS_model.pkl for tasks to queue
[2024-08-17T03:36:51.279+0000] {logging_mixin.py:188} INFO - [2024-08-17T03:36:51.279+0000] {dagbag.py:545} INFO - Filling up the DagBag from /opt/airflow/dags/data/models/Dominica/TS_model.pkl
[2024-08-17T03:36:51.286+0000] {processor.py:842} WARNING - No viable dags retrieved from /opt/airflow/dags/data/models/Dominica/TS_model.pkl
[2024-08-17T03:36:51.296+0000] {processor.py:183} INFO - Processing /opt/airflow/dags/data/models/Dominica/TS_model.pkl took 0.022 seconds
[2024-08-17T03:37:22.457+0000] {processor.py:161} INFO - Started process (PID=20423) to work on /opt/airflow/dags/data/models/Dominica/TS_model.pkl
[2024-08-17T03:37:22.457+0000] {processor.py:830} INFO - Processing file /opt/airflow/dags/data/models/Dominica/TS_model.pkl for tasks to queue
[2024-08-17T03:37:22.458+0000] {logging_mixin.py:188} INFO - [2024-08-17T03:37:22.458+0000] {dagbag.py:545} INFO - Filling up the DagBag from /opt/airflow/dags/data/models/Dominica/TS_model.pkl
[2024-08-17T03:37:22.469+0000] {processor.py:842} WARNING - No viable dags retrieved from /opt/airflow/dags/data/models/Dominica/TS_model.pkl
[2024-08-17T03:37:22.480+0000] {processor.py:183} INFO - Processing /opt/airflow/dags/data/models/Dominica/TS_model.pkl took 0.027 seconds
[2024-08-17T09:22:52.821+0000] {processor.py:161} INFO - Started process (PID=333) to work on /opt/airflow/dags/data/models/Dominica/TS_model.pkl
[2024-08-17T09:22:52.822+0000] {processor.py:830} INFO - Processing file /opt/airflow/dags/data/models/Dominica/TS_model.pkl for tasks to queue
[2024-08-17T09:22:52.823+0000] {logging_mixin.py:188} INFO - [2024-08-17T09:22:52.823+0000] {dagbag.py:545} INFO - Filling up the DagBag from /opt/airflow/dags/data/models/Dominica/TS_model.pkl
[2024-08-17T09:22:52.833+0000] {processor.py:842} WARNING - No viable dags retrieved from /opt/airflow/dags/data/models/Dominica/TS_model.pkl
[2024-08-17T09:22:52.842+0000] {processor.py:183} INFO - Processing /opt/airflow/dags/data/models/Dominica/TS_model.pkl took 0.026 seconds
[2024-08-17T09:23:25.615+0000] {processor.py:161} INFO - Started process (PID=789) to work on /opt/airflow/dags/data/models/Dominica/TS_model.pkl
[2024-08-17T09:23:25.616+0000] {processor.py:830} INFO - Processing file /opt/airflow/dags/data/models/Dominica/TS_model.pkl for tasks to queue
[2024-08-17T09:23:25.618+0000] {logging_mixin.py:188} INFO - [2024-08-17T09:23:25.618+0000] {dagbag.py:545} INFO - Filling up the DagBag from /opt/airflow/dags/data/models/Dominica/TS_model.pkl
[2024-08-17T09:23:25.628+0000] {processor.py:842} WARNING - No viable dags retrieved from /opt/airflow/dags/data/models/Dominica/TS_model.pkl
[2024-08-17T09:23:25.638+0000] {processor.py:183} INFO - Processing /opt/airflow/dags/data/models/Dominica/TS_model.pkl took 0.027 seconds
[2024-08-17T09:23:57.050+0000] {processor.py:161} INFO - Started process (PID=1217) to work on /opt/airflow/dags/data/models/Dominica/TS_model.pkl
[2024-08-17T09:23:57.050+0000] {processor.py:830} INFO - Processing file /opt/airflow/dags/data/models/Dominica/TS_model.pkl for tasks to queue
[2024-08-17T09:23:57.052+0000] {logging_mixin.py:188} INFO - [2024-08-17T09:23:57.052+0000] {dagbag.py:545} INFO - Filling up the DagBag from /opt/airflow/dags/data/models/Dominica/TS_model.pkl
[2024-08-17T09:23:57.059+0000] {processor.py:842} WARNING - No viable dags retrieved from /opt/airflow/dags/data/models/Dominica/TS_model.pkl
[2024-08-17T09:23:57.067+0000] {processor.py:183} INFO - Processing /opt/airflow/dags/data/models/Dominica/TS_model.pkl took 0.020 seconds
[2024-08-17T09:24:30.119+0000] {processor.py:161} INFO - Started process (PID=1671) to work on /opt/airflow/dags/data/models/Dominica/TS_model.pkl
[2024-08-17T09:24:30.120+0000] {processor.py:830} INFO - Processing file /opt/airflow/dags/data/models/Dominica/TS_model.pkl for tasks to queue
[2024-08-17T09:24:30.121+0000] {logging_mixin.py:188} INFO - [2024-08-17T09:24:30.121+0000] {dagbag.py:545} INFO - Filling up the DagBag from /opt/airflow/dags/data/models/Dominica/TS_model.pkl
[2024-08-17T09:24:30.129+0000] {processor.py:842} WARNING - No viable dags retrieved from /opt/airflow/dags/data/models/Dominica/TS_model.pkl
[2024-08-17T09:24:30.138+0000] {processor.py:183} INFO - Processing /opt/airflow/dags/data/models/Dominica/TS_model.pkl took 0.022 seconds
[2024-08-17T09:25:01.849+0000] {processor.py:161} INFO - Started process (PID=2125) to work on /opt/airflow/dags/data/models/Dominica/TS_model.pkl
[2024-08-17T09:25:01.850+0000] {processor.py:830} INFO - Processing file /opt/airflow/dags/data/models/Dominica/TS_model.pkl for tasks to queue
[2024-08-17T09:25:01.851+0000] {logging_mixin.py:188} INFO - [2024-08-17T09:25:01.851+0000] {dagbag.py:545} INFO - Filling up the DagBag from /opt/airflow/dags/data/models/Dominica/TS_model.pkl
[2024-08-17T09:25:01.860+0000] {processor.py:842} WARNING - No viable dags retrieved from /opt/airflow/dags/data/models/Dominica/TS_model.pkl
[2024-08-17T09:25:01.871+0000] {processor.py:183} INFO - Processing /opt/airflow/dags/data/models/Dominica/TS_model.pkl took 0.025 seconds
[2024-08-17T09:25:33.228+0000] {processor.py:161} INFO - Started process (PID=2553) to work on /opt/airflow/dags/data/models/Dominica/TS_model.pkl
[2024-08-17T09:25:33.229+0000] {processor.py:830} INFO - Processing file /opt/airflow/dags/data/models/Dominica/TS_model.pkl for tasks to queue
[2024-08-17T09:25:33.231+0000] {logging_mixin.py:188} INFO - [2024-08-17T09:25:33.231+0000] {dagbag.py:545} INFO - Filling up the DagBag from /opt/airflow/dags/data/models/Dominica/TS_model.pkl
[2024-08-17T09:25:33.270+0000] {processor.py:842} WARNING - No viable dags retrieved from /opt/airflow/dags/data/models/Dominica/TS_model.pkl
[2024-08-17T09:25:33.281+0000] {processor.py:183} INFO - Processing /opt/airflow/dags/data/models/Dominica/TS_model.pkl took 0.056 seconds
[2024-08-17T09:26:04.318+0000] {processor.py:161} INFO - Started process (PID=3007) to work on /opt/airflow/dags/data/models/Dominica/TS_model.pkl
[2024-08-17T09:26:04.318+0000] {processor.py:830} INFO - Processing file /opt/airflow/dags/data/models/Dominica/TS_model.pkl for tasks to queue
[2024-08-17T09:26:04.319+0000] {logging_mixin.py:188} INFO - [2024-08-17T09:26:04.319+0000] {dagbag.py:545} INFO - Filling up the DagBag from /opt/airflow/dags/data/models/Dominica/TS_model.pkl
[2024-08-17T09:26:04.334+0000] {processor.py:842} WARNING - No viable dags retrieved from /opt/airflow/dags/data/models/Dominica/TS_model.pkl
[2024-08-17T09:26:04.343+0000] {processor.py:183} INFO - Processing /opt/airflow/dags/data/models/Dominica/TS_model.pkl took 0.029 seconds
[2024-08-17T09:26:35.460+0000] {processor.py:161} INFO - Started process (PID=3461) to work on /opt/airflow/dags/data/models/Dominica/TS_model.pkl
[2024-08-17T09:26:35.462+0000] {processor.py:830} INFO - Processing file /opt/airflow/dags/data/models/Dominica/TS_model.pkl for tasks to queue
[2024-08-17T09:26:35.464+0000] {logging_mixin.py:188} INFO - [2024-08-17T09:26:35.464+0000] {dagbag.py:545} INFO - Filling up the DagBag from /opt/airflow/dags/data/models/Dominica/TS_model.pkl
[2024-08-17T09:26:35.472+0000] {processor.py:842} WARNING - No viable dags retrieved from /opt/airflow/dags/data/models/Dominica/TS_model.pkl
[2024-08-17T09:26:35.481+0000] {processor.py:183} INFO - Processing /opt/airflow/dags/data/models/Dominica/TS_model.pkl took 0.025 seconds
[2024-08-17T09:27:06.522+0000] {processor.py:161} INFO - Started process (PID=3889) to work on /opt/airflow/dags/data/models/Dominica/TS_model.pkl
[2024-08-17T09:27:06.523+0000] {processor.py:830} INFO - Processing file /opt/airflow/dags/data/models/Dominica/TS_model.pkl for tasks to queue
[2024-08-17T09:27:06.524+0000] {logging_mixin.py:188} INFO - [2024-08-17T09:27:06.524+0000] {dagbag.py:545} INFO - Filling up the DagBag from /opt/airflow/dags/data/models/Dominica/TS_model.pkl
[2024-08-17T09:27:06.533+0000] {processor.py:842} WARNING - No viable dags retrieved from /opt/airflow/dags/data/models/Dominica/TS_model.pkl
[2024-08-17T09:27:06.542+0000] {processor.py:183} INFO - Processing /opt/airflow/dags/data/models/Dominica/TS_model.pkl took 0.023 seconds
[2024-08-17T09:27:37.597+0000] {processor.py:161} INFO - Started process (PID=4344) to work on /opt/airflow/dags/data/models/Dominica/TS_model.pkl
[2024-08-17T09:27:37.598+0000] {processor.py:830} INFO - Processing file /opt/airflow/dags/data/models/Dominica/TS_model.pkl for tasks to queue
[2024-08-17T09:27:37.599+0000] {logging_mixin.py:188} INFO - [2024-08-17T09:27:37.599+0000] {dagbag.py:545} INFO - Filling up the DagBag from /opt/airflow/dags/data/models/Dominica/TS_model.pkl
[2024-08-17T09:27:37.606+0000] {processor.py:842} WARNING - No viable dags retrieved from /opt/airflow/dags/data/models/Dominica/TS_model.pkl
[2024-08-17T09:27:37.615+0000] {processor.py:183} INFO - Processing /opt/airflow/dags/data/models/Dominica/TS_model.pkl took 0.021 seconds
[2024-08-17T09:28:08.612+0000] {processor.py:161} INFO - Started process (PID=4798) to work on /opt/airflow/dags/data/models/Dominica/TS_model.pkl
[2024-08-17T09:28:08.612+0000] {processor.py:830} INFO - Processing file /opt/airflow/dags/data/models/Dominica/TS_model.pkl for tasks to queue
[2024-08-17T09:28:08.613+0000] {logging_mixin.py:188} INFO - [2024-08-17T09:28:08.613+0000] {dagbag.py:545} INFO - Filling up the DagBag from /opt/airflow/dags/data/models/Dominica/TS_model.pkl
[2024-08-17T09:28:08.620+0000] {processor.py:842} WARNING - No viable dags retrieved from /opt/airflow/dags/data/models/Dominica/TS_model.pkl
[2024-08-17T09:28:08.629+0000] {processor.py:183} INFO - Processing /opt/airflow/dags/data/models/Dominica/TS_model.pkl took 0.021 seconds
[2024-08-17T09:28:39.632+0000] {processor.py:161} INFO - Started process (PID=5226) to work on /opt/airflow/dags/data/models/Dominica/TS_model.pkl
[2024-08-17T09:28:39.633+0000] {processor.py:830} INFO - Processing file /opt/airflow/dags/data/models/Dominica/TS_model.pkl for tasks to queue
[2024-08-17T09:28:39.635+0000] {logging_mixin.py:188} INFO - [2024-08-17T09:28:39.634+0000] {dagbag.py:545} INFO - Filling up the DagBag from /opt/airflow/dags/data/models/Dominica/TS_model.pkl
[2024-08-17T09:28:39.649+0000] {processor.py:842} WARNING - No viable dags retrieved from /opt/airflow/dags/data/models/Dominica/TS_model.pkl
[2024-08-17T09:28:39.658+0000] {processor.py:183} INFO - Processing /opt/airflow/dags/data/models/Dominica/TS_model.pkl took 0.029 seconds
[2024-08-17T09:29:10.849+0000] {processor.py:161} INFO - Started process (PID=5680) to work on /opt/airflow/dags/data/models/Dominica/TS_model.pkl
[2024-08-17T09:29:10.850+0000] {processor.py:830} INFO - Processing file /opt/airflow/dags/data/models/Dominica/TS_model.pkl for tasks to queue
[2024-08-17T09:29:10.851+0000] {logging_mixin.py:188} INFO - [2024-08-17T09:29:10.851+0000] {dagbag.py:545} INFO - Filling up the DagBag from /opt/airflow/dags/data/models/Dominica/TS_model.pkl
[2024-08-17T09:29:10.860+0000] {processor.py:842} WARNING - No viable dags retrieved from /opt/airflow/dags/data/models/Dominica/TS_model.pkl
[2024-08-17T09:29:10.868+0000] {processor.py:183} INFO - Processing /opt/airflow/dags/data/models/Dominica/TS_model.pkl took 0.023 seconds
[2024-08-17T09:29:42.190+0000] {processor.py:161} INFO - Started process (PID=6134) to work on /opt/airflow/dags/data/models/Dominica/TS_model.pkl
[2024-08-17T09:29:42.190+0000] {processor.py:830} INFO - Processing file /opt/airflow/dags/data/models/Dominica/TS_model.pkl for tasks to queue
[2024-08-17T09:29:42.191+0000] {logging_mixin.py:188} INFO - [2024-08-17T09:29:42.191+0000] {dagbag.py:545} INFO - Filling up the DagBag from /opt/airflow/dags/data/models/Dominica/TS_model.pkl
[2024-08-17T09:29:42.200+0000] {processor.py:842} WARNING - No viable dags retrieved from /opt/airflow/dags/data/models/Dominica/TS_model.pkl
[2024-08-17T09:29:42.208+0000] {processor.py:183} INFO - Processing /opt/airflow/dags/data/models/Dominica/TS_model.pkl took 0.022 seconds
[2024-08-17T09:30:13.677+0000] {processor.py:161} INFO - Started process (PID=6562) to work on /opt/airflow/dags/data/models/Dominica/TS_model.pkl
[2024-08-17T09:30:13.678+0000] {processor.py:830} INFO - Processing file /opt/airflow/dags/data/models/Dominica/TS_model.pkl for tasks to queue
[2024-08-17T09:30:13.680+0000] {logging_mixin.py:188} INFO - [2024-08-17T09:30:13.679+0000] {dagbag.py:545} INFO - Filling up the DagBag from /opt/airflow/dags/data/models/Dominica/TS_model.pkl
[2024-08-17T09:30:13.692+0000] {processor.py:842} WARNING - No viable dags retrieved from /opt/airflow/dags/data/models/Dominica/TS_model.pkl
[2024-08-17T09:30:13.701+0000] {processor.py:183} INFO - Processing /opt/airflow/dags/data/models/Dominica/TS_model.pkl took 0.027 seconds
