[2024-08-17T10:17:53.198+0000] {processor.py:161} INFO - Started process (PID=42669) to work on /opt/airflow/dags/data/models/Zimbabwe/deaths_TS_model.pkl
[2024-08-17T10:17:53.198+0000] {processor.py:830} INFO - Processing file /opt/airflow/dags/data/models/Zimbabwe/deaths_TS_model.pkl for tasks to queue
[2024-08-17T10:17:53.199+0000] {logging_mixin.py:188} INFO - [2024-08-17T10:17:53.199+0000] {dagbag.py:545} INFO - Filling up the DagBag from /opt/airflow/dags/data/models/Zimbabwe/deaths_TS_model.pkl
[2024-08-17T10:17:53.207+0000] {processor.py:842} WARNING - No viable dags retrieved from /opt/airflow/dags/data/models/Zimbabwe/deaths_TS_model.pkl
[2024-08-17T10:17:53.217+0000] {processor.py:183} INFO - Processing /opt/airflow/dags/data/models/Zimbabwe/deaths_TS_model.pkl took 0.023 seconds
[2024-08-17T10:18:24.796+0000] {processor.py:161} INFO - Started process (PID=43420) to work on /opt/airflow/dags/data/models/Zimbabwe/deaths_TS_model.pkl
[2024-08-17T10:18:24.797+0000] {processor.py:830} INFO - Processing file /opt/airflow/dags/data/models/Zimbabwe/deaths_TS_model.pkl for tasks to queue
[2024-08-17T10:18:24.797+0000] {logging_mixin.py:188} INFO - [2024-08-17T10:18:24.797+0000] {dagbag.py:545} INFO - Filling up the DagBag from /opt/airflow/dags/data/models/Zimbabwe/deaths_TS_model.pkl
[2024-08-17T10:18:24.804+0000] {processor.py:842} WARNING - No viable dags retrieved from /opt/airflow/dags/data/models/Zimbabwe/deaths_TS_model.pkl
[2024-08-17T10:18:24.813+0000] {processor.py:183} INFO - Processing /opt/airflow/dags/data/models/Zimbabwe/deaths_TS_model.pkl took 0.020 seconds
[2024-08-17T10:18:56.312+0000] {processor.py:161} INFO - Started process (PID=44163) to work on /opt/airflow/dags/data/models/Zimbabwe/deaths_TS_model.pkl
[2024-08-17T10:18:56.313+0000] {processor.py:830} INFO - Processing file /opt/airflow/dags/data/models/Zimbabwe/deaths_TS_model.pkl for tasks to queue
[2024-08-17T10:18:56.314+0000] {logging_mixin.py:188} INFO - [2024-08-17T10:18:56.313+0000] {dagbag.py:545} INFO - Filling up the DagBag from /opt/airflow/dags/data/models/Zimbabwe/deaths_TS_model.pkl
[2024-08-17T10:18:56.321+0000] {processor.py:842} WARNING - No viable dags retrieved from /opt/airflow/dags/data/models/Zimbabwe/deaths_TS_model.pkl
[2024-08-17T10:18:56.329+0000] {processor.py:183} INFO - Processing /opt/airflow/dags/data/models/Zimbabwe/deaths_TS_model.pkl took 0.020 seconds
[2024-08-17T10:19:28.791+0000] {processor.py:161} INFO - Started process (PID=44887) to work on /opt/airflow/dags/data/models/Zimbabwe/deaths_TS_model.pkl
[2024-08-17T10:19:28.792+0000] {processor.py:830} INFO - Processing file /opt/airflow/dags/data/models/Zimbabwe/deaths_TS_model.pkl for tasks to queue
[2024-08-17T10:19:28.792+0000] {logging_mixin.py:188} INFO - [2024-08-17T10:19:28.792+0000] {dagbag.py:545} INFO - Filling up the DagBag from /opt/airflow/dags/data/models/Zimbabwe/deaths_TS_model.pkl
[2024-08-17T10:19:28.800+0000] {processor.py:842} WARNING - No viable dags retrieved from /opt/airflow/dags/data/models/Zimbabwe/deaths_TS_model.pkl
[2024-08-17T10:19:28.809+0000] {processor.py:183} INFO - Processing /opt/airflow/dags/data/models/Zimbabwe/deaths_TS_model.pkl took 0.021 seconds
[2024-08-17T10:20:00.200+0000] {processor.py:161} INFO - Started process (PID=45602) to work on /opt/airflow/dags/data/models/Zimbabwe/deaths_TS_model.pkl
[2024-08-17T10:20:00.204+0000] {processor.py:830} INFO - Processing file /opt/airflow/dags/data/models/Zimbabwe/deaths_TS_model.pkl for tasks to queue
[2024-08-17T10:20:00.205+0000] {logging_mixin.py:188} INFO - [2024-08-17T10:20:00.205+0000] {dagbag.py:545} INFO - Filling up the DagBag from /opt/airflow/dags/data/models/Zimbabwe/deaths_TS_model.pkl
[2024-08-17T10:20:00.220+0000] {processor.py:842} WARNING - No viable dags retrieved from /opt/airflow/dags/data/models/Zimbabwe/deaths_TS_model.pkl
[2024-08-17T10:20:00.230+0000] {processor.py:183} INFO - Processing /opt/airflow/dags/data/models/Zimbabwe/deaths_TS_model.pkl took 0.034 seconds
[2024-08-17T10:20:32.988+0000] {processor.py:161} INFO - Started process (PID=46315) to work on /opt/airflow/dags/data/models/Zimbabwe/deaths_TS_model.pkl
[2024-08-17T10:20:32.989+0000] {processor.py:830} INFO - Processing file /opt/airflow/dags/data/models/Zimbabwe/deaths_TS_model.pkl for tasks to queue
[2024-08-17T10:20:32.989+0000] {logging_mixin.py:188} INFO - [2024-08-17T10:20:32.989+0000] {dagbag.py:545} INFO - Filling up the DagBag from /opt/airflow/dags/data/models/Zimbabwe/deaths_TS_model.pkl
[2024-08-17T10:20:32.996+0000] {processor.py:842} WARNING - No viable dags retrieved from /opt/airflow/dags/data/models/Zimbabwe/deaths_TS_model.pkl
[2024-08-17T10:20:33.005+0000] {processor.py:183} INFO - Processing /opt/airflow/dags/data/models/Zimbabwe/deaths_TS_model.pkl took 0.020 seconds
[2024-08-17T10:21:04.817+0000] {processor.py:161} INFO - Started process (PID=47055) to work on /opt/airflow/dags/data/models/Zimbabwe/deaths_TS_model.pkl
[2024-08-17T10:21:04.817+0000] {processor.py:830} INFO - Processing file /opt/airflow/dags/data/models/Zimbabwe/deaths_TS_model.pkl for tasks to queue
[2024-08-17T10:21:04.818+0000] {logging_mixin.py:188} INFO - [2024-08-17T10:21:04.818+0000] {dagbag.py:545} INFO - Filling up the DagBag from /opt/airflow/dags/data/models/Zimbabwe/deaths_TS_model.pkl
[2024-08-17T10:21:04.831+0000] {processor.py:842} WARNING - No viable dags retrieved from /opt/airflow/dags/data/models/Zimbabwe/deaths_TS_model.pkl
[2024-08-17T10:21:04.839+0000] {processor.py:183} INFO - Processing /opt/airflow/dags/data/models/Zimbabwe/deaths_TS_model.pkl took 0.026 seconds
[2024-08-17T12:18:14.638+0000] {processor.py:161} INFO - Started process (PID=27228) to work on /opt/airflow/dags/data/models/Zimbabwe/deaths_TS_model.pkl
[2024-08-17T12:18:14.639+0000] {processor.py:830} INFO - Processing file /opt/airflow/dags/data/models/Zimbabwe/deaths_TS_model.pkl for tasks to queue
[2024-08-17T12:18:14.640+0000] {logging_mixin.py:188} INFO - [2024-08-17T12:18:14.640+0000] {dagbag.py:545} INFO - Filling up the DagBag from /opt/airflow/dags/data/models/Zimbabwe/deaths_TS_model.pkl
[2024-08-17T12:18:14.658+0000] {processor.py:842} WARNING - No viable dags retrieved from /opt/airflow/dags/data/models/Zimbabwe/deaths_TS_model.pkl
[2024-08-17T12:18:14.675+0000] {processor.py:183} INFO - Processing /opt/airflow/dags/data/models/Zimbabwe/deaths_TS_model.pkl took 0.045 seconds
[2024-08-17T12:19:13.747+0000] {processor.py:161} INFO - Started process (PID=28024) to work on /opt/airflow/dags/data/models/Zimbabwe/deaths_TS_model.pkl
[2024-08-17T12:19:13.749+0000] {processor.py:830} INFO - Processing file /opt/airflow/dags/data/models/Zimbabwe/deaths_TS_model.pkl for tasks to queue
[2024-08-17T12:19:13.750+0000] {logging_mixin.py:188} INFO - [2024-08-17T12:19:13.749+0000] {dagbag.py:545} INFO - Filling up the DagBag from /opt/airflow/dags/data/models/Zimbabwe/deaths_TS_model.pkl
[2024-08-17T12:19:13.765+0000] {processor.py:842} WARNING - No viable dags retrieved from /opt/airflow/dags/data/models/Zimbabwe/deaths_TS_model.pkl
[2024-08-17T12:19:13.783+0000] {processor.py:183} INFO - Processing /opt/airflow/dags/data/models/Zimbabwe/deaths_TS_model.pkl took 0.043 seconds
[2024-08-17T12:19:57.037+0000] {processor.py:161} INFO - Started process (PID=28635) to work on /opt/airflow/dags/data/models/Zimbabwe/deaths_TS_model.pkl
[2024-08-17T12:19:57.039+0000] {processor.py:830} INFO - Processing file /opt/airflow/dags/data/models/Zimbabwe/deaths_TS_model.pkl for tasks to queue
[2024-08-17T12:19:57.040+0000] {logging_mixin.py:188} INFO - [2024-08-17T12:19:57.039+0000] {dagbag.py:545} INFO - Filling up the DagBag from /opt/airflow/dags/data/models/Zimbabwe/deaths_TS_model.pkl
[2024-08-17T12:19:57.056+0000] {processor.py:842} WARNING - No viable dags retrieved from /opt/airflow/dags/data/models/Zimbabwe/deaths_TS_model.pkl
[2024-08-17T12:19:57.076+0000] {processor.py:183} INFO - Processing /opt/airflow/dags/data/models/Zimbabwe/deaths_TS_model.pkl took 0.048 seconds
[2024-08-17T12:20:53.015+0000] {processor.py:161} INFO - Started process (PID=29305) to work on /opt/airflow/dags/data/models/Zimbabwe/deaths_TS_model.pkl
[2024-08-17T12:20:53.017+0000] {processor.py:830} INFO - Processing file /opt/airflow/dags/data/models/Zimbabwe/deaths_TS_model.pkl for tasks to queue
[2024-08-17T12:20:53.019+0000] {logging_mixin.py:188} INFO - [2024-08-17T12:20:53.018+0000] {dagbag.py:545} INFO - Filling up the DagBag from /opt/airflow/dags/data/models/Zimbabwe/deaths_TS_model.pkl
[2024-08-17T12:20:53.048+0000] {processor.py:842} WARNING - No viable dags retrieved from /opt/airflow/dags/data/models/Zimbabwe/deaths_TS_model.pkl
[2024-08-17T12:20:53.071+0000] {processor.py:183} INFO - Processing /opt/airflow/dags/data/models/Zimbabwe/deaths_TS_model.pkl took 0.064 seconds
[2024-08-17T12:21:35.061+0000] {processor.py:161} INFO - Started process (PID=29959) to work on /opt/airflow/dags/data/models/Zimbabwe/deaths_TS_model.pkl
[2024-08-17T12:21:35.062+0000] {processor.py:830} INFO - Processing file /opt/airflow/dags/data/models/Zimbabwe/deaths_TS_model.pkl for tasks to queue
[2024-08-17T12:21:35.064+0000] {logging_mixin.py:188} INFO - [2024-08-17T12:21:35.063+0000] {dagbag.py:545} INFO - Filling up the DagBag from /opt/airflow/dags/data/models/Zimbabwe/deaths_TS_model.pkl
[2024-08-17T12:21:35.083+0000] {processor.py:842} WARNING - No viable dags retrieved from /opt/airflow/dags/data/models/Zimbabwe/deaths_TS_model.pkl
[2024-08-17T12:21:35.100+0000] {processor.py:183} INFO - Processing /opt/airflow/dags/data/models/Zimbabwe/deaths_TS_model.pkl took 0.046 seconds
[2024-08-17T12:22:12.596+0000] {processor.py:161} INFO - Started process (PID=30537) to work on /opt/airflow/dags/data/models/Zimbabwe/deaths_TS_model.pkl
[2024-08-17T12:22:12.597+0000] {processor.py:830} INFO - Processing file /opt/airflow/dags/data/models/Zimbabwe/deaths_TS_model.pkl for tasks to queue
[2024-08-17T12:22:12.599+0000] {logging_mixin.py:188} INFO - [2024-08-17T12:22:12.598+0000] {dagbag.py:545} INFO - Filling up the DagBag from /opt/airflow/dags/data/models/Zimbabwe/deaths_TS_model.pkl
[2024-08-17T12:22:12.622+0000] {processor.py:842} WARNING - No viable dags retrieved from /opt/airflow/dags/data/models/Zimbabwe/deaths_TS_model.pkl
[2024-08-17T12:22:12.640+0000] {processor.py:183} INFO - Processing /opt/airflow/dags/data/models/Zimbabwe/deaths_TS_model.pkl took 0.051 seconds
[2024-08-17T12:23:18.434+0000] {processor.py:161} INFO - Started process (PID=31178) to work on /opt/airflow/dags/data/models/Zimbabwe/deaths_TS_model.pkl
[2024-08-17T12:23:18.436+0000] {processor.py:830} INFO - Processing file /opt/airflow/dags/data/models/Zimbabwe/deaths_TS_model.pkl for tasks to queue
[2024-08-17T12:23:18.437+0000] {logging_mixin.py:188} INFO - [2024-08-17T12:23:18.436+0000] {dagbag.py:545} INFO - Filling up the DagBag from /opt/airflow/dags/data/models/Zimbabwe/deaths_TS_model.pkl
[2024-08-17T12:23:18.457+0000] {processor.py:842} WARNING - No viable dags retrieved from /opt/airflow/dags/data/models/Zimbabwe/deaths_TS_model.pkl
[2024-08-17T12:23:18.474+0000] {processor.py:183} INFO - Processing /opt/airflow/dags/data/models/Zimbabwe/deaths_TS_model.pkl took 0.046 seconds
[2024-08-17T12:23:59.250+0000] {processor.py:161} INFO - Started process (PID=31832) to work on /opt/airflow/dags/data/models/Zimbabwe/deaths_TS_model.pkl
[2024-08-17T12:23:59.251+0000] {processor.py:830} INFO - Processing file /opt/airflow/dags/data/models/Zimbabwe/deaths_TS_model.pkl for tasks to queue
[2024-08-17T12:23:59.252+0000] {logging_mixin.py:188} INFO - [2024-08-17T12:23:59.252+0000] {dagbag.py:545} INFO - Filling up the DagBag from /opt/airflow/dags/data/models/Zimbabwe/deaths_TS_model.pkl
[2024-08-17T12:23:59.274+0000] {processor.py:842} WARNING - No viable dags retrieved from /opt/airflow/dags/data/models/Zimbabwe/deaths_TS_model.pkl
[2024-08-17T12:23:59.291+0000] {processor.py:183} INFO - Processing /opt/airflow/dags/data/models/Zimbabwe/deaths_TS_model.pkl took 0.048 seconds
[2024-08-17T12:24:28.543+0000] {processor.py:161} INFO - Started process (PID=32321) to work on /opt/airflow/dags/data/models/Zimbabwe/deaths_TS_model.pkl
[2024-08-17T12:24:28.545+0000] {processor.py:830} INFO - Processing file /opt/airflow/dags/data/models/Zimbabwe/deaths_TS_model.pkl for tasks to queue
[2024-08-17T12:24:28.547+0000] {logging_mixin.py:188} INFO - [2024-08-17T12:24:28.546+0000] {dagbag.py:545} INFO - Filling up the DagBag from /opt/airflow/dags/data/models/Zimbabwe/deaths_TS_model.pkl
[2024-08-17T12:24:28.566+0000] {processor.py:842} WARNING - No viable dags retrieved from /opt/airflow/dags/data/models/Zimbabwe/deaths_TS_model.pkl
[2024-08-17T12:24:28.583+0000] {processor.py:183} INFO - Processing /opt/airflow/dags/data/models/Zimbabwe/deaths_TS_model.pkl took 0.046 seconds
[2024-08-17T12:25:09.015+0000] {processor.py:161} INFO - Started process (PID=33003) to work on /opt/airflow/dags/data/models/Zimbabwe/deaths_TS_model.pkl
[2024-08-17T12:25:09.016+0000] {processor.py:830} INFO - Processing file /opt/airflow/dags/data/models/Zimbabwe/deaths_TS_model.pkl for tasks to queue
[2024-08-17T12:25:09.017+0000] {logging_mixin.py:188} INFO - [2024-08-17T12:25:09.016+0000] {dagbag.py:545} INFO - Filling up the DagBag from /opt/airflow/dags/data/models/Zimbabwe/deaths_TS_model.pkl
[2024-08-17T12:25:09.035+0000] {processor.py:842} WARNING - No viable dags retrieved from /opt/airflow/dags/data/models/Zimbabwe/deaths_TS_model.pkl
[2024-08-17T12:25:09.050+0000] {processor.py:183} INFO - Processing /opt/airflow/dags/data/models/Zimbabwe/deaths_TS_model.pkl took 0.039 seconds
[2024-08-17T12:25:48.489+0000] {processor.py:161} INFO - Started process (PID=33696) to work on /opt/airflow/dags/data/models/Zimbabwe/deaths_TS_model.pkl
[2024-08-17T12:25:48.490+0000] {processor.py:830} INFO - Processing file /opt/airflow/dags/data/models/Zimbabwe/deaths_TS_model.pkl for tasks to queue
[2024-08-17T12:25:48.491+0000] {logging_mixin.py:188} INFO - [2024-08-17T12:25:48.491+0000] {dagbag.py:545} INFO - Filling up the DagBag from /opt/airflow/dags/data/models/Zimbabwe/deaths_TS_model.pkl
[2024-08-17T12:25:48.507+0000] {processor.py:842} WARNING - No viable dags retrieved from /opt/airflow/dags/data/models/Zimbabwe/deaths_TS_model.pkl
[2024-08-17T12:25:48.523+0000] {processor.py:183} INFO - Processing /opt/airflow/dags/data/models/Zimbabwe/deaths_TS_model.pkl took 0.040 seconds
[2024-08-17T12:26:22.928+0000] {processor.py:161} INFO - Started process (PID=34369) to work on /opt/airflow/dags/data/models/Zimbabwe/deaths_TS_model.pkl
[2024-08-17T12:26:22.929+0000] {processor.py:830} INFO - Processing file /opt/airflow/dags/data/models/Zimbabwe/deaths_TS_model.pkl for tasks to queue
[2024-08-17T12:26:22.930+0000] {logging_mixin.py:188} INFO - [2024-08-17T12:26:22.930+0000] {dagbag.py:545} INFO - Filling up the DagBag from /opt/airflow/dags/data/models/Zimbabwe/deaths_TS_model.pkl
[2024-08-17T12:26:22.949+0000] {processor.py:842} WARNING - No viable dags retrieved from /opt/airflow/dags/data/models/Zimbabwe/deaths_TS_model.pkl
[2024-08-17T12:26:22.964+0000] {processor.py:183} INFO - Processing /opt/airflow/dags/data/models/Zimbabwe/deaths_TS_model.pkl took 0.043 seconds
[2024-08-17T12:27:01.239+0000] {processor.py:161} INFO - Started process (PID=35080) to work on /opt/airflow/dags/data/models/Zimbabwe/deaths_TS_model.pkl
[2024-08-17T12:27:01.241+0000] {processor.py:830} INFO - Processing file /opt/airflow/dags/data/models/Zimbabwe/deaths_TS_model.pkl for tasks to queue
[2024-08-17T12:27:01.246+0000] {logging_mixin.py:188} INFO - [2024-08-17T12:27:01.245+0000] {dagbag.py:545} INFO - Filling up the DagBag from /opt/airflow/dags/data/models/Zimbabwe/deaths_TS_model.pkl
[2024-08-17T12:27:01.259+0000] {processor.py:842} WARNING - No viable dags retrieved from /opt/airflow/dags/data/models/Zimbabwe/deaths_TS_model.pkl
[2024-08-17T12:27:01.273+0000] {processor.py:183} INFO - Processing /opt/airflow/dags/data/models/Zimbabwe/deaths_TS_model.pkl took 0.039 seconds
[2024-08-17T12:27:33.154+0000] {processor.py:161} INFO - Started process (PID=35676) to work on /opt/airflow/dags/data/models/Zimbabwe/deaths_TS_model.pkl
[2024-08-17T12:27:33.155+0000] {processor.py:830} INFO - Processing file /opt/airflow/dags/data/models/Zimbabwe/deaths_TS_model.pkl for tasks to queue
[2024-08-17T12:27:33.156+0000] {logging_mixin.py:188} INFO - [2024-08-17T12:27:33.155+0000] {dagbag.py:545} INFO - Filling up the DagBag from /opt/airflow/dags/data/models/Zimbabwe/deaths_TS_model.pkl
[2024-08-17T12:27:33.168+0000] {processor.py:842} WARNING - No viable dags retrieved from /opt/airflow/dags/data/models/Zimbabwe/deaths_TS_model.pkl
[2024-08-17T12:27:33.179+0000] {processor.py:183} INFO - Processing /opt/airflow/dags/data/models/Zimbabwe/deaths_TS_model.pkl took 0.030 seconds
[2024-08-17T12:28:13.971+0000] {processor.py:161} INFO - Started process (PID=36199) to work on /opt/airflow/dags/data/models/Zimbabwe/deaths_TS_model.pkl
[2024-08-17T12:28:13.972+0000] {processor.py:830} INFO - Processing file /opt/airflow/dags/data/models/Zimbabwe/deaths_TS_model.pkl for tasks to queue
[2024-08-17T12:28:13.972+0000] {logging_mixin.py:188} INFO - [2024-08-17T12:28:13.972+0000] {dagbag.py:545} INFO - Filling up the DagBag from /opt/airflow/dags/data/models/Zimbabwe/deaths_TS_model.pkl
[2024-08-17T12:28:13.988+0000] {processor.py:842} WARNING - No viable dags retrieved from /opt/airflow/dags/data/models/Zimbabwe/deaths_TS_model.pkl
[2024-08-17T12:28:14.003+0000] {processor.py:183} INFO - Processing /opt/airflow/dags/data/models/Zimbabwe/deaths_TS_model.pkl took 0.037 seconds
[2024-08-17T12:28:47.733+0000] {processor.py:161} INFO - Started process (PID=36927) to work on /opt/airflow/dags/data/models/Zimbabwe/deaths_TS_model.pkl
[2024-08-17T12:28:47.734+0000] {processor.py:830} INFO - Processing file /opt/airflow/dags/data/models/Zimbabwe/deaths_TS_model.pkl for tasks to queue
[2024-08-17T12:28:47.734+0000] {logging_mixin.py:188} INFO - [2024-08-17T12:28:47.734+0000] {dagbag.py:545} INFO - Filling up the DagBag from /opt/airflow/dags/data/models/Zimbabwe/deaths_TS_model.pkl
[2024-08-17T12:28:47.750+0000] {processor.py:842} WARNING - No viable dags retrieved from /opt/airflow/dags/data/models/Zimbabwe/deaths_TS_model.pkl
[2024-08-17T12:28:47.762+0000] {processor.py:183} INFO - Processing /opt/airflow/dags/data/models/Zimbabwe/deaths_TS_model.pkl took 0.033 seconds
[2024-08-17T12:29:19.434+0000] {processor.py:161} INFO - Started process (PID=37601) to work on /opt/airflow/dags/data/models/Zimbabwe/deaths_TS_model.pkl
[2024-08-17T12:29:19.435+0000] {processor.py:830} INFO - Processing file /opt/airflow/dags/data/models/Zimbabwe/deaths_TS_model.pkl for tasks to queue
[2024-08-17T12:29:19.436+0000] {logging_mixin.py:188} INFO - [2024-08-17T12:29:19.435+0000] {dagbag.py:545} INFO - Filling up the DagBag from /opt/airflow/dags/data/models/Zimbabwe/deaths_TS_model.pkl
[2024-08-17T12:29:19.445+0000] {processor.py:842} WARNING - No viable dags retrieved from /opt/airflow/dags/data/models/Zimbabwe/deaths_TS_model.pkl
[2024-08-17T12:29:19.455+0000] {processor.py:183} INFO - Processing /opt/airflow/dags/data/models/Zimbabwe/deaths_TS_model.pkl took 0.025 seconds
[2024-08-17T12:29:53.213+0000] {processor.py:161} INFO - Started process (PID=38349) to work on /opt/airflow/dags/data/models/Zimbabwe/deaths_TS_model.pkl
[2024-08-17T12:29:53.214+0000] {processor.py:830} INFO - Processing file /opt/airflow/dags/data/models/Zimbabwe/deaths_TS_model.pkl for tasks to queue
[2024-08-17T12:29:53.214+0000] {logging_mixin.py:188} INFO - [2024-08-17T12:29:53.214+0000] {dagbag.py:545} INFO - Filling up the DagBag from /opt/airflow/dags/data/models/Zimbabwe/deaths_TS_model.pkl
[2024-08-17T12:29:53.223+0000] {processor.py:842} WARNING - No viable dags retrieved from /opt/airflow/dags/data/models/Zimbabwe/deaths_TS_model.pkl
[2024-08-17T12:29:53.232+0000] {processor.py:183} INFO - Processing /opt/airflow/dags/data/models/Zimbabwe/deaths_TS_model.pkl took 0.024 seconds
[2024-08-17T12:30:26.404+0000] {processor.py:161} INFO - Started process (PID=39092) to work on /opt/airflow/dags/data/models/Zimbabwe/deaths_TS_model.pkl
[2024-08-17T12:30:26.404+0000] {processor.py:830} INFO - Processing file /opt/airflow/dags/data/models/Zimbabwe/deaths_TS_model.pkl for tasks to queue
[2024-08-17T12:30:26.405+0000] {logging_mixin.py:188} INFO - [2024-08-17T12:30:26.405+0000] {dagbag.py:545} INFO - Filling up the DagBag from /opt/airflow/dags/data/models/Zimbabwe/deaths_TS_model.pkl
[2024-08-17T12:30:26.413+0000] {processor.py:842} WARNING - No viable dags retrieved from /opt/airflow/dags/data/models/Zimbabwe/deaths_TS_model.pkl
[2024-08-17T12:30:26.423+0000] {processor.py:183} INFO - Processing /opt/airflow/dags/data/models/Zimbabwe/deaths_TS_model.pkl took 0.023 seconds
[2024-08-17T12:30:32.081+0000] {processor.py:161} INFO - Started process (PID=39217) to work on /opt/airflow/dags/data/models/Zimbabwe/deaths_TS_model.pkl
[2024-08-17T12:30:32.082+0000] {processor.py:830} INFO - Processing file /opt/airflow/dags/data/models/Zimbabwe/deaths_TS_model.pkl for tasks to queue
[2024-08-17T12:30:32.083+0000] {logging_mixin.py:188} INFO - [2024-08-17T12:30:32.082+0000] {dagbag.py:545} INFO - Filling up the DagBag from /opt/airflow/dags/data/models/Zimbabwe/deaths_TS_model.pkl
[2024-08-17T12:30:32.096+0000] {processor.py:842} WARNING - No viable dags retrieved from /opt/airflow/dags/data/models/Zimbabwe/deaths_TS_model.pkl
[2024-08-17T12:30:32.106+0000] {processor.py:183} INFO - Processing /opt/airflow/dags/data/models/Zimbabwe/deaths_TS_model.pkl took 0.028 seconds
[2024-08-17T12:31:03.430+0000] {processor.py:161} INFO - Started process (PID=39937) to work on /opt/airflow/dags/data/models/Zimbabwe/deaths_TS_model.pkl
[2024-08-17T12:31:03.431+0000] {processor.py:830} INFO - Processing file /opt/airflow/dags/data/models/Zimbabwe/deaths_TS_model.pkl for tasks to queue
[2024-08-17T12:31:03.432+0000] {logging_mixin.py:188} INFO - [2024-08-17T12:31:03.432+0000] {dagbag.py:545} INFO - Filling up the DagBag from /opt/airflow/dags/data/models/Zimbabwe/deaths_TS_model.pkl
[2024-08-17T12:31:03.445+0000] {processor.py:842} WARNING - No viable dags retrieved from /opt/airflow/dags/data/models/Zimbabwe/deaths_TS_model.pkl
[2024-08-17T12:31:03.455+0000] {processor.py:183} INFO - Processing /opt/airflow/dags/data/models/Zimbabwe/deaths_TS_model.pkl took 0.029 seconds
[2024-08-17T12:31:34.236+0000] {processor.py:161} INFO - Started process (PID=40605) to work on /opt/airflow/dags/data/models/Zimbabwe/deaths_TS_model.pkl
[2024-08-17T12:31:34.237+0000] {processor.py:830} INFO - Processing file /opt/airflow/dags/data/models/Zimbabwe/deaths_TS_model.pkl for tasks to queue
[2024-08-17T12:31:34.238+0000] {logging_mixin.py:188} INFO - [2024-08-17T12:31:34.238+0000] {dagbag.py:545} INFO - Filling up the DagBag from /opt/airflow/dags/data/models/Zimbabwe/deaths_TS_model.pkl
[2024-08-17T12:31:34.248+0000] {processor.py:842} WARNING - No viable dags retrieved from /opt/airflow/dags/data/models/Zimbabwe/deaths_TS_model.pkl
[2024-08-17T12:31:34.259+0000] {processor.py:183} INFO - Processing /opt/airflow/dags/data/models/Zimbabwe/deaths_TS_model.pkl took 0.026 seconds
[2024-08-17T12:32:08.339+0000] {processor.py:161} INFO - Started process (PID=41299) to work on /opt/airflow/dags/data/models/Zimbabwe/deaths_TS_model.pkl
[2024-08-17T12:32:08.340+0000] {processor.py:830} INFO - Processing file /opt/airflow/dags/data/models/Zimbabwe/deaths_TS_model.pkl for tasks to queue
[2024-08-17T12:32:08.340+0000] {logging_mixin.py:188} INFO - [2024-08-17T12:32:08.340+0000] {dagbag.py:545} INFO - Filling up the DagBag from /opt/airflow/dags/data/models/Zimbabwe/deaths_TS_model.pkl
[2024-08-17T12:32:08.349+0000] {processor.py:842} WARNING - No viable dags retrieved from /opt/airflow/dags/data/models/Zimbabwe/deaths_TS_model.pkl
[2024-08-17T12:32:08.370+0000] {processor.py:183} INFO - Processing /opt/airflow/dags/data/models/Zimbabwe/deaths_TS_model.pkl took 0.035 seconds
[2024-08-17T12:32:40.183+0000] {processor.py:161} INFO - Started process (PID=42041) to work on /opt/airflow/dags/data/models/Zimbabwe/deaths_TS_model.pkl
[2024-08-17T12:32:40.183+0000] {processor.py:830} INFO - Processing file /opt/airflow/dags/data/models/Zimbabwe/deaths_TS_model.pkl for tasks to queue
[2024-08-17T12:32:40.184+0000] {logging_mixin.py:188} INFO - [2024-08-17T12:32:40.184+0000] {dagbag.py:545} INFO - Filling up the DagBag from /opt/airflow/dags/data/models/Zimbabwe/deaths_TS_model.pkl
[2024-08-17T12:32:40.194+0000] {processor.py:842} WARNING - No viable dags retrieved from /opt/airflow/dags/data/models/Zimbabwe/deaths_TS_model.pkl
[2024-08-17T12:32:40.203+0000] {processor.py:183} INFO - Processing /opt/airflow/dags/data/models/Zimbabwe/deaths_TS_model.pkl took 0.023 seconds
[2024-08-17T12:33:12.415+0000] {processor.py:161} INFO - Started process (PID=42603) to work on /opt/airflow/dags/data/models/Zimbabwe/deaths_TS_model.pkl
[2024-08-17T12:33:12.416+0000] {processor.py:830} INFO - Processing file /opt/airflow/dags/data/models/Zimbabwe/deaths_TS_model.pkl for tasks to queue
[2024-08-17T12:33:12.416+0000] {logging_mixin.py:188} INFO - [2024-08-17T12:33:12.416+0000] {dagbag.py:545} INFO - Filling up the DagBag from /opt/airflow/dags/data/models/Zimbabwe/deaths_TS_model.pkl
[2024-08-17T12:33:12.425+0000] {processor.py:842} WARNING - No viable dags retrieved from /opt/airflow/dags/data/models/Zimbabwe/deaths_TS_model.pkl
[2024-08-17T12:33:12.435+0000] {processor.py:183} INFO - Processing /opt/airflow/dags/data/models/Zimbabwe/deaths_TS_model.pkl took 0.024 seconds
[2024-08-17T12:33:46.463+0000] {processor.py:161} INFO - Started process (PID=43297) to work on /opt/airflow/dags/data/models/Zimbabwe/deaths_TS_model.pkl
[2024-08-17T12:33:46.463+0000] {processor.py:830} INFO - Processing file /opt/airflow/dags/data/models/Zimbabwe/deaths_TS_model.pkl for tasks to queue
[2024-08-17T12:33:46.464+0000] {logging_mixin.py:188} INFO - [2024-08-17T12:33:46.464+0000] {dagbag.py:545} INFO - Filling up the DagBag from /opt/airflow/dags/data/models/Zimbabwe/deaths_TS_model.pkl
[2024-08-17T12:33:46.472+0000] {processor.py:842} WARNING - No viable dags retrieved from /opt/airflow/dags/data/models/Zimbabwe/deaths_TS_model.pkl
[2024-08-17T12:33:46.482+0000] {processor.py:183} INFO - Processing /opt/airflow/dags/data/models/Zimbabwe/deaths_TS_model.pkl took 0.023 seconds
[2024-08-17T12:34:18.254+0000] {processor.py:161} INFO - Started process (PID=44002) to work on /opt/airflow/dags/data/models/Zimbabwe/deaths_TS_model.pkl
[2024-08-17T12:34:18.255+0000] {processor.py:830} INFO - Processing file /opt/airflow/dags/data/models/Zimbabwe/deaths_TS_model.pkl for tasks to queue
[2024-08-17T12:34:18.255+0000] {logging_mixin.py:188} INFO - [2024-08-17T12:34:18.255+0000] {dagbag.py:545} INFO - Filling up the DagBag from /opt/airflow/dags/data/models/Zimbabwe/deaths_TS_model.pkl
[2024-08-17T12:34:18.262+0000] {processor.py:842} WARNING - No viable dags retrieved from /opt/airflow/dags/data/models/Zimbabwe/deaths_TS_model.pkl
[2024-08-17T12:34:18.271+0000] {processor.py:183} INFO - Processing /opt/airflow/dags/data/models/Zimbabwe/deaths_TS_model.pkl took 0.021 seconds
[2024-08-17T12:34:51.752+0000] {processor.py:161} INFO - Started process (PID=44745) to work on /opt/airflow/dags/data/models/Zimbabwe/deaths_TS_model.pkl
[2024-08-17T12:34:51.753+0000] {processor.py:830} INFO - Processing file /opt/airflow/dags/data/models/Zimbabwe/deaths_TS_model.pkl for tasks to queue
[2024-08-17T12:34:51.754+0000] {logging_mixin.py:188} INFO - [2024-08-17T12:34:51.753+0000] {dagbag.py:545} INFO - Filling up the DagBag from /opt/airflow/dags/data/models/Zimbabwe/deaths_TS_model.pkl
[2024-08-17T12:34:51.766+0000] {processor.py:842} WARNING - No viable dags retrieved from /opt/airflow/dags/data/models/Zimbabwe/deaths_TS_model.pkl
[2024-08-17T12:34:51.777+0000] {processor.py:183} INFO - Processing /opt/airflow/dags/data/models/Zimbabwe/deaths_TS_model.pkl took 0.028 seconds
[2024-08-17T12:35:23.930+0000] {processor.py:161} INFO - Started process (PID=45479) to work on /opt/airflow/dags/data/models/Zimbabwe/deaths_TS_model.pkl
[2024-08-17T12:35:23.931+0000] {processor.py:830} INFO - Processing file /opt/airflow/dags/data/models/Zimbabwe/deaths_TS_model.pkl for tasks to queue
[2024-08-17T12:35:23.931+0000] {logging_mixin.py:188} INFO - [2024-08-17T12:35:23.931+0000] {dagbag.py:545} INFO - Filling up the DagBag from /opt/airflow/dags/data/models/Zimbabwe/deaths_TS_model.pkl
[2024-08-17T12:35:23.939+0000] {processor.py:842} WARNING - No viable dags retrieved from /opt/airflow/dags/data/models/Zimbabwe/deaths_TS_model.pkl
[2024-08-17T12:35:23.948+0000] {processor.py:183} INFO - Processing /opt/airflow/dags/data/models/Zimbabwe/deaths_TS_model.pkl took 0.022 seconds
[2024-08-17T12:35:56.499+0000] {processor.py:161} INFO - Started process (PID=46204) to work on /opt/airflow/dags/data/models/Zimbabwe/deaths_TS_model.pkl
[2024-08-17T12:35:56.500+0000] {processor.py:830} INFO - Processing file /opt/airflow/dags/data/models/Zimbabwe/deaths_TS_model.pkl for tasks to queue
[2024-08-17T12:35:56.501+0000] {logging_mixin.py:188} INFO - [2024-08-17T12:35:56.500+0000] {dagbag.py:545} INFO - Filling up the DagBag from /opt/airflow/dags/data/models/Zimbabwe/deaths_TS_model.pkl
[2024-08-17T12:35:56.511+0000] {processor.py:842} WARNING - No viable dags retrieved from /opt/airflow/dags/data/models/Zimbabwe/deaths_TS_model.pkl
[2024-08-17T12:35:56.521+0000] {processor.py:183} INFO - Processing /opt/airflow/dags/data/models/Zimbabwe/deaths_TS_model.pkl took 0.025 seconds
[2024-08-17T12:36:29.017+0000] {processor.py:161} INFO - Started process (PID=46937) to work on /opt/airflow/dags/data/models/Zimbabwe/deaths_TS_model.pkl
[2024-08-17T12:36:29.017+0000] {processor.py:830} INFO - Processing file /opt/airflow/dags/data/models/Zimbabwe/deaths_TS_model.pkl for tasks to queue
[2024-08-17T12:36:29.018+0000] {logging_mixin.py:188} INFO - [2024-08-17T12:36:29.018+0000] {dagbag.py:545} INFO - Filling up the DagBag from /opt/airflow/dags/data/models/Zimbabwe/deaths_TS_model.pkl
[2024-08-17T12:36:29.026+0000] {processor.py:842} WARNING - No viable dags retrieved from /opt/airflow/dags/data/models/Zimbabwe/deaths_TS_model.pkl
[2024-08-17T12:36:29.034+0000] {processor.py:183} INFO - Processing /opt/airflow/dags/data/models/Zimbabwe/deaths_TS_model.pkl took 0.021 seconds
[2024-08-17T12:37:00.184+0000] {processor.py:161} INFO - Started process (PID=47636) to work on /opt/airflow/dags/data/models/Zimbabwe/deaths_TS_model.pkl
[2024-08-17T12:37:00.184+0000] {processor.py:830} INFO - Processing file /opt/airflow/dags/data/models/Zimbabwe/deaths_TS_model.pkl for tasks to queue
[2024-08-17T12:37:00.185+0000] {logging_mixin.py:188} INFO - [2024-08-17T12:37:00.185+0000] {dagbag.py:545} INFO - Filling up the DagBag from /opt/airflow/dags/data/models/Zimbabwe/deaths_TS_model.pkl
[2024-08-17T12:37:00.193+0000] {processor.py:842} WARNING - No viable dags retrieved from /opt/airflow/dags/data/models/Zimbabwe/deaths_TS_model.pkl
[2024-08-17T12:37:00.202+0000] {processor.py:183} INFO - Processing /opt/airflow/dags/data/models/Zimbabwe/deaths_TS_model.pkl took 0.021 seconds
[2024-08-17T12:37:31.499+0000] {processor.py:161} INFO - Started process (PID=48339) to work on /opt/airflow/dags/data/models/Zimbabwe/deaths_TS_model.pkl
[2024-08-17T12:37:31.500+0000] {processor.py:830} INFO - Processing file /opt/airflow/dags/data/models/Zimbabwe/deaths_TS_model.pkl for tasks to queue
[2024-08-17T12:37:31.501+0000] {logging_mixin.py:188} INFO - [2024-08-17T12:37:31.500+0000] {dagbag.py:545} INFO - Filling up the DagBag from /opt/airflow/dags/data/models/Zimbabwe/deaths_TS_model.pkl
[2024-08-17T12:37:31.509+0000] {processor.py:842} WARNING - No viable dags retrieved from /opt/airflow/dags/data/models/Zimbabwe/deaths_TS_model.pkl
[2024-08-17T12:37:31.518+0000] {processor.py:183} INFO - Processing /opt/airflow/dags/data/models/Zimbabwe/deaths_TS_model.pkl took 0.022 seconds
[2024-08-17T12:38:11.418+0000] {processor.py:161} INFO - Started process (PID=49106) to work on /opt/airflow/dags/data/models/Zimbabwe/deaths_TS_model.pkl
[2024-08-17T12:38:11.418+0000] {processor.py:830} INFO - Processing file /opt/airflow/dags/data/models/Zimbabwe/deaths_TS_model.pkl for tasks to queue
[2024-08-17T12:38:11.419+0000] {logging_mixin.py:188} INFO - [2024-08-17T12:38:11.419+0000] {dagbag.py:545} INFO - Filling up the DagBag from /opt/airflow/dags/data/models/Zimbabwe/deaths_TS_model.pkl
[2024-08-17T12:38:11.426+0000] {processor.py:842} WARNING - No viable dags retrieved from /opt/airflow/dags/data/models/Zimbabwe/deaths_TS_model.pkl
[2024-08-17T12:38:11.435+0000] {processor.py:183} INFO - Processing /opt/airflow/dags/data/models/Zimbabwe/deaths_TS_model.pkl took 0.021 seconds
[2024-08-17T12:38:44.223+0000] {processor.py:161} INFO - Started process (PID=49799) to work on /opt/airflow/dags/data/models/Zimbabwe/deaths_TS_model.pkl
[2024-08-17T12:38:44.223+0000] {processor.py:830} INFO - Processing file /opt/airflow/dags/data/models/Zimbabwe/deaths_TS_model.pkl for tasks to queue
[2024-08-17T12:38:44.224+0000] {logging_mixin.py:188} INFO - [2024-08-17T12:38:44.224+0000] {dagbag.py:545} INFO - Filling up the DagBag from /opt/airflow/dags/data/models/Zimbabwe/deaths_TS_model.pkl
[2024-08-17T12:38:44.232+0000] {processor.py:842} WARNING - No viable dags retrieved from /opt/airflow/dags/data/models/Zimbabwe/deaths_TS_model.pkl
[2024-08-17T12:38:44.243+0000] {processor.py:183} INFO - Processing /opt/airflow/dags/data/models/Zimbabwe/deaths_TS_model.pkl took 0.025 seconds
[2024-08-17T12:39:17.301+0000] {processor.py:161} INFO - Started process (PID=50523) to work on /opt/airflow/dags/data/models/Zimbabwe/deaths_TS_model.pkl
[2024-08-17T12:39:17.303+0000] {processor.py:830} INFO - Processing file /opt/airflow/dags/data/models/Zimbabwe/deaths_TS_model.pkl for tasks to queue
[2024-08-17T12:39:17.305+0000] {logging_mixin.py:188} INFO - [2024-08-17T12:39:17.305+0000] {dagbag.py:545} INFO - Filling up the DagBag from /opt/airflow/dags/data/models/Zimbabwe/deaths_TS_model.pkl
[2024-08-17T12:39:17.314+0000] {processor.py:842} WARNING - No viable dags retrieved from /opt/airflow/dags/data/models/Zimbabwe/deaths_TS_model.pkl
[2024-08-17T12:39:17.323+0000] {processor.py:183} INFO - Processing /opt/airflow/dags/data/models/Zimbabwe/deaths_TS_model.pkl took 0.026 seconds
[2024-08-17T12:39:48.748+0000] {processor.py:161} INFO - Started process (PID=51238) to work on /opt/airflow/dags/data/models/Zimbabwe/deaths_TS_model.pkl
[2024-08-17T12:39:48.749+0000] {processor.py:830} INFO - Processing file /opt/airflow/dags/data/models/Zimbabwe/deaths_TS_model.pkl for tasks to queue
[2024-08-17T12:39:48.749+0000] {logging_mixin.py:188} INFO - [2024-08-17T12:39:48.749+0000] {dagbag.py:545} INFO - Filling up the DagBag from /opt/airflow/dags/data/models/Zimbabwe/deaths_TS_model.pkl
[2024-08-17T12:39:48.757+0000] {processor.py:842} WARNING - No viable dags retrieved from /opt/airflow/dags/data/models/Zimbabwe/deaths_TS_model.pkl
[2024-08-17T12:39:48.765+0000] {processor.py:183} INFO - Processing /opt/airflow/dags/data/models/Zimbabwe/deaths_TS_model.pkl took 0.021 seconds
[2024-08-17T12:40:20.529+0000] {processor.py:161} INFO - Started process (PID=51981) to work on /opt/airflow/dags/data/models/Zimbabwe/deaths_TS_model.pkl
[2024-08-17T12:40:20.529+0000] {processor.py:830} INFO - Processing file /opt/airflow/dags/data/models/Zimbabwe/deaths_TS_model.pkl for tasks to queue
[2024-08-17T12:40:20.530+0000] {logging_mixin.py:188} INFO - [2024-08-17T12:40:20.530+0000] {dagbag.py:545} INFO - Filling up the DagBag from /opt/airflow/dags/data/models/Zimbabwe/deaths_TS_model.pkl
[2024-08-17T12:40:20.537+0000] {processor.py:842} WARNING - No viable dags retrieved from /opt/airflow/dags/data/models/Zimbabwe/deaths_TS_model.pkl
[2024-08-17T12:40:20.545+0000] {processor.py:183} INFO - Processing /opt/airflow/dags/data/models/Zimbabwe/deaths_TS_model.pkl took 0.020 seconds
[2024-08-17T12:40:52.318+0000] {processor.py:161} INFO - Started process (PID=52701) to work on /opt/airflow/dags/data/models/Zimbabwe/deaths_TS_model.pkl
[2024-08-17T12:40:52.319+0000] {processor.py:830} INFO - Processing file /opt/airflow/dags/data/models/Zimbabwe/deaths_TS_model.pkl for tasks to queue
[2024-08-17T12:40:52.319+0000] {logging_mixin.py:188} INFO - [2024-08-17T12:40:52.319+0000] {dagbag.py:545} INFO - Filling up the DagBag from /opt/airflow/dags/data/models/Zimbabwe/deaths_TS_model.pkl
[2024-08-17T12:40:52.327+0000] {processor.py:842} WARNING - No viable dags retrieved from /opt/airflow/dags/data/models/Zimbabwe/deaths_TS_model.pkl
[2024-08-17T12:40:52.337+0000] {processor.py:183} INFO - Processing /opt/airflow/dags/data/models/Zimbabwe/deaths_TS_model.pkl took 0.022 seconds
[2024-08-17T12:41:24.562+0000] {processor.py:161} INFO - Started process (PID=53408) to work on /opt/airflow/dags/data/models/Zimbabwe/deaths_TS_model.pkl
[2024-08-17T12:41:24.562+0000] {processor.py:830} INFO - Processing file /opt/airflow/dags/data/models/Zimbabwe/deaths_TS_model.pkl for tasks to queue
[2024-08-17T12:41:24.563+0000] {logging_mixin.py:188} INFO - [2024-08-17T12:41:24.563+0000] {dagbag.py:545} INFO - Filling up the DagBag from /opt/airflow/dags/data/models/Zimbabwe/deaths_TS_model.pkl
[2024-08-17T12:41:24.571+0000] {processor.py:842} WARNING - No viable dags retrieved from /opt/airflow/dags/data/models/Zimbabwe/deaths_TS_model.pkl
[2024-08-17T12:41:24.580+0000] {processor.py:183} INFO - Processing /opt/airflow/dags/data/models/Zimbabwe/deaths_TS_model.pkl took 0.022 seconds
