[2024-08-17T03:13:56.540+0000] {processor.py:161} INFO - Started process (PID=443) to work on /opt/airflow/dags/data/models/Zimbabwe/TS_model.pkl
[2024-08-17T03:13:56.540+0000] {processor.py:830} INFO - Processing file /opt/airflow/dags/data/models/Zimbabwe/TS_model.pkl for tasks to queue
[2024-08-17T03:13:56.541+0000] {logging_mixin.py:188} INFO - [2024-08-17T03:13:56.541+0000] {dagbag.py:545} INFO - Filling up the DagBag from /opt/airflow/dags/data/models/Zimbabwe/TS_model.pkl
[2024-08-17T03:13:56.556+0000] {processor.py:842} WARNING - No viable dags retrieved from /opt/airflow/dags/data/models/Zimbabwe/TS_model.pkl
[2024-08-17T03:13:56.566+0000] {processor.py:183} INFO - Processing /opt/airflow/dags/data/models/Zimbabwe/TS_model.pkl took 0.030 seconds
[2024-08-17T03:14:03.166+0000] {processor.py:161} INFO - Started process (PID=632) to work on /opt/airflow/dags/data/models/Zimbabwe/TS_model.pkl
[2024-08-17T03:14:03.167+0000] {processor.py:830} INFO - Processing file /opt/airflow/dags/data/models/Zimbabwe/TS_model.pkl for tasks to queue
[2024-08-17T03:14:03.167+0000] {logging_mixin.py:188} INFO - [2024-08-17T03:14:03.167+0000] {dagbag.py:545} INFO - Filling up the DagBag from /opt/airflow/dags/data/models/Zimbabwe/TS_model.pkl
[2024-08-17T03:14:03.174+0000] {processor.py:842} WARNING - No viable dags retrieved from /opt/airflow/dags/data/models/Zimbabwe/TS_model.pkl
[2024-08-17T03:14:03.184+0000] {processor.py:183} INFO - Processing /opt/airflow/dags/data/models/Zimbabwe/TS_model.pkl took 0.021 seconds
[2024-08-17T03:14:34.395+0000] {processor.py:161} INFO - Started process (PID=1018) to work on /opt/airflow/dags/data/models/Zimbabwe/TS_model.pkl
[2024-08-17T03:14:34.396+0000] {processor.py:830} INFO - Processing file /opt/airflow/dags/data/models/Zimbabwe/TS_model.pkl for tasks to queue
[2024-08-17T03:14:34.396+0000] {logging_mixin.py:188} INFO - [2024-08-17T03:14:34.396+0000] {dagbag.py:545} INFO - Filling up the DagBag from /opt/airflow/dags/data/models/Zimbabwe/TS_model.pkl
[2024-08-17T03:14:34.404+0000] {processor.py:842} WARNING - No viable dags retrieved from /opt/airflow/dags/data/models/Zimbabwe/TS_model.pkl
[2024-08-17T03:14:34.413+0000] {processor.py:183} INFO - Processing /opt/airflow/dags/data/models/Zimbabwe/TS_model.pkl took 0.022 seconds
[2024-08-17T03:15:04.841+0000] {processor.py:161} INFO - Started process (PID=1448) to work on /opt/airflow/dags/data/models/Zimbabwe/TS_model.pkl
[2024-08-17T03:15:04.842+0000] {processor.py:830} INFO - Processing file /opt/airflow/dags/data/models/Zimbabwe/TS_model.pkl for tasks to queue
[2024-08-17T03:15:04.843+0000] {logging_mixin.py:188} INFO - [2024-08-17T03:15:04.843+0000] {dagbag.py:545} INFO - Filling up the DagBag from /opt/airflow/dags/data/models/Zimbabwe/TS_model.pkl
[2024-08-17T03:15:04.862+0000] {processor.py:842} WARNING - No viable dags retrieved from /opt/airflow/dags/data/models/Zimbabwe/TS_model.pkl
[2024-08-17T03:15:04.872+0000] {processor.py:183} INFO - Processing /opt/airflow/dags/data/models/Zimbabwe/TS_model.pkl took 0.035 seconds
[2024-08-17T03:15:35.930+0000] {processor.py:161} INFO - Started process (PID=1900) to work on /opt/airflow/dags/data/models/Zimbabwe/TS_model.pkl
[2024-08-17T03:15:35.931+0000] {processor.py:830} INFO - Processing file /opt/airflow/dags/data/models/Zimbabwe/TS_model.pkl for tasks to queue
[2024-08-17T03:15:35.931+0000] {logging_mixin.py:188} INFO - [2024-08-17T03:15:35.931+0000] {dagbag.py:545} INFO - Filling up the DagBag from /opt/airflow/dags/data/models/Zimbabwe/TS_model.pkl
[2024-08-17T03:15:35.941+0000] {processor.py:842} WARNING - No viable dags retrieved from /opt/airflow/dags/data/models/Zimbabwe/TS_model.pkl
[2024-08-17T03:15:35.951+0000] {processor.py:183} INFO - Processing /opt/airflow/dags/data/models/Zimbabwe/TS_model.pkl took 0.024 seconds
[2024-08-17T03:16:06.541+0000] {processor.py:161} INFO - Started process (PID=2325) to work on /opt/airflow/dags/data/models/Zimbabwe/TS_model.pkl
[2024-08-17T03:16:06.542+0000] {processor.py:830} INFO - Processing file /opt/airflow/dags/data/models/Zimbabwe/TS_model.pkl for tasks to queue
[2024-08-17T03:16:06.542+0000] {logging_mixin.py:188} INFO - [2024-08-17T03:16:06.542+0000] {dagbag.py:545} INFO - Filling up the DagBag from /opt/airflow/dags/data/models/Zimbabwe/TS_model.pkl
[2024-08-17T03:16:06.550+0000] {processor.py:842} WARNING - No viable dags retrieved from /opt/airflow/dags/data/models/Zimbabwe/TS_model.pkl
[2024-08-17T03:16:06.559+0000] {processor.py:183} INFO - Processing /opt/airflow/dags/data/models/Zimbabwe/TS_model.pkl took 0.022 seconds
[2024-08-17T03:16:37.319+0000] {processor.py:161} INFO - Started process (PID=2778) to work on /opt/airflow/dags/data/models/Zimbabwe/TS_model.pkl
[2024-08-17T03:16:37.319+0000] {processor.py:830} INFO - Processing file /opt/airflow/dags/data/models/Zimbabwe/TS_model.pkl for tasks to queue
[2024-08-17T03:16:37.320+0000] {logging_mixin.py:188} INFO - [2024-08-17T03:16:37.320+0000] {dagbag.py:545} INFO - Filling up the DagBag from /opt/airflow/dags/data/models/Zimbabwe/TS_model.pkl
[2024-08-17T03:16:37.328+0000] {processor.py:842} WARNING - No viable dags retrieved from /opt/airflow/dags/data/models/Zimbabwe/TS_model.pkl
[2024-08-17T03:16:37.337+0000] {processor.py:183} INFO - Processing /opt/airflow/dags/data/models/Zimbabwe/TS_model.pkl took 0.023 seconds
[2024-08-17T03:17:08.038+0000] {processor.py:161} INFO - Started process (PID=3206) to work on /opt/airflow/dags/data/models/Zimbabwe/TS_model.pkl
[2024-08-17T03:17:08.039+0000] {processor.py:830} INFO - Processing file /opt/airflow/dags/data/models/Zimbabwe/TS_model.pkl for tasks to queue
[2024-08-17T03:17:08.040+0000] {logging_mixin.py:188} INFO - [2024-08-17T03:17:08.039+0000] {dagbag.py:545} INFO - Filling up the DagBag from /opt/airflow/dags/data/models/Zimbabwe/TS_model.pkl
[2024-08-17T03:17:08.048+0000] {processor.py:842} WARNING - No viable dags retrieved from /opt/airflow/dags/data/models/Zimbabwe/TS_model.pkl
[2024-08-17T03:17:08.057+0000] {processor.py:183} INFO - Processing /opt/airflow/dags/data/models/Zimbabwe/TS_model.pkl took 0.023 seconds
[2024-08-17T03:17:38.806+0000] {processor.py:161} INFO - Started process (PID=3660) to work on /opt/airflow/dags/data/models/Zimbabwe/TS_model.pkl
[2024-08-17T03:17:38.807+0000] {processor.py:830} INFO - Processing file /opt/airflow/dags/data/models/Zimbabwe/TS_model.pkl for tasks to queue
[2024-08-17T03:17:38.809+0000] {logging_mixin.py:188} INFO - [2024-08-17T03:17:38.809+0000] {dagbag.py:545} INFO - Filling up the DagBag from /opt/airflow/dags/data/models/Zimbabwe/TS_model.pkl
[2024-08-17T03:17:38.819+0000] {processor.py:842} WARNING - No viable dags retrieved from /opt/airflow/dags/data/models/Zimbabwe/TS_model.pkl
[2024-08-17T03:17:38.828+0000] {processor.py:183} INFO - Processing /opt/airflow/dags/data/models/Zimbabwe/TS_model.pkl took 0.026 seconds
[2024-08-17T03:18:09.546+0000] {processor.py:161} INFO - Started process (PID=4110) to work on /opt/airflow/dags/data/models/Zimbabwe/TS_model.pkl
[2024-08-17T03:18:09.547+0000] {processor.py:830} INFO - Processing file /opt/airflow/dags/data/models/Zimbabwe/TS_model.pkl for tasks to queue
[2024-08-17T03:18:09.547+0000] {logging_mixin.py:188} INFO - [2024-08-17T03:18:09.547+0000] {dagbag.py:545} INFO - Filling up the DagBag from /opt/airflow/dags/data/models/Zimbabwe/TS_model.pkl
[2024-08-17T03:18:09.559+0000] {processor.py:842} WARNING - No viable dags retrieved from /opt/airflow/dags/data/models/Zimbabwe/TS_model.pkl
[2024-08-17T03:18:09.569+0000] {processor.py:183} INFO - Processing /opt/airflow/dags/data/models/Zimbabwe/TS_model.pkl took 0.027 seconds
[2024-08-17T03:18:39.969+0000] {processor.py:161} INFO - Started process (PID=4536) to work on /opt/airflow/dags/data/models/Zimbabwe/TS_model.pkl
[2024-08-17T03:18:39.969+0000] {processor.py:830} INFO - Processing file /opt/airflow/dags/data/models/Zimbabwe/TS_model.pkl for tasks to queue
[2024-08-17T03:18:39.970+0000] {logging_mixin.py:188} INFO - [2024-08-17T03:18:39.970+0000] {dagbag.py:545} INFO - Filling up the DagBag from /opt/airflow/dags/data/models/Zimbabwe/TS_model.pkl
[2024-08-17T03:18:39.979+0000] {processor.py:842} WARNING - No viable dags retrieved from /opt/airflow/dags/data/models/Zimbabwe/TS_model.pkl
[2024-08-17T03:18:39.988+0000] {processor.py:183} INFO - Processing /opt/airflow/dags/data/models/Zimbabwe/TS_model.pkl took 0.023 seconds
[2024-08-17T03:19:11.012+0000] {processor.py:161} INFO - Started process (PID=4980) to work on /opt/airflow/dags/data/models/Zimbabwe/TS_model.pkl
[2024-08-17T03:19:11.013+0000] {processor.py:830} INFO - Processing file /opt/airflow/dags/data/models/Zimbabwe/TS_model.pkl for tasks to queue
[2024-08-17T03:19:11.013+0000] {logging_mixin.py:188} INFO - [2024-08-17T03:19:11.013+0000] {dagbag.py:545} INFO - Filling up the DagBag from /opt/airflow/dags/data/models/Zimbabwe/TS_model.pkl
[2024-08-17T03:19:11.021+0000] {processor.py:842} WARNING - No viable dags retrieved from /opt/airflow/dags/data/models/Zimbabwe/TS_model.pkl
[2024-08-17T03:19:11.031+0000] {processor.py:183} INFO - Processing /opt/airflow/dags/data/models/Zimbabwe/TS_model.pkl took 0.023 seconds
[2024-08-17T03:19:41.396+0000] {processor.py:161} INFO - Started process (PID=5384) to work on /opt/airflow/dags/data/models/Zimbabwe/TS_model.pkl
[2024-08-17T03:19:41.397+0000] {processor.py:830} INFO - Processing file /opt/airflow/dags/data/models/Zimbabwe/TS_model.pkl for tasks to queue
[2024-08-17T03:19:41.397+0000] {logging_mixin.py:188} INFO - [2024-08-17T03:19:41.397+0000] {dagbag.py:545} INFO - Filling up the DagBag from /opt/airflow/dags/data/models/Zimbabwe/TS_model.pkl
[2024-08-17T03:19:41.405+0000] {processor.py:842} WARNING - No viable dags retrieved from /opt/airflow/dags/data/models/Zimbabwe/TS_model.pkl
[2024-08-17T03:19:41.414+0000] {processor.py:183} INFO - Processing /opt/airflow/dags/data/models/Zimbabwe/TS_model.pkl took 0.022 seconds
[2024-08-17T03:20:12.028+0000] {processor.py:161} INFO - Started process (PID=5837) to work on /opt/airflow/dags/data/models/Zimbabwe/TS_model.pkl
[2024-08-17T03:20:12.029+0000] {processor.py:830} INFO - Processing file /opt/airflow/dags/data/models/Zimbabwe/TS_model.pkl for tasks to queue
[2024-08-17T03:20:12.029+0000] {logging_mixin.py:188} INFO - [2024-08-17T03:20:12.029+0000] {dagbag.py:545} INFO - Filling up the DagBag from /opt/airflow/dags/data/models/Zimbabwe/TS_model.pkl
[2024-08-17T03:20:12.049+0000] {processor.py:842} WARNING - No viable dags retrieved from /opt/airflow/dags/data/models/Zimbabwe/TS_model.pkl
[2024-08-17T03:20:12.059+0000] {processor.py:183} INFO - Processing /opt/airflow/dags/data/models/Zimbabwe/TS_model.pkl took 0.035 seconds
[2024-08-17T03:20:43.137+0000] {processor.py:161} INFO - Started process (PID=6272) to work on /opt/airflow/dags/data/models/Zimbabwe/TS_model.pkl
[2024-08-17T03:20:43.138+0000] {processor.py:830} INFO - Processing file /opt/airflow/dags/data/models/Zimbabwe/TS_model.pkl for tasks to queue
[2024-08-17T03:20:43.139+0000] {logging_mixin.py:188} INFO - [2024-08-17T03:20:43.139+0000] {dagbag.py:545} INFO - Filling up the DagBag from /opt/airflow/dags/data/models/Zimbabwe/TS_model.pkl
[2024-08-17T03:20:43.147+0000] {processor.py:842} WARNING - No viable dags retrieved from /opt/airflow/dags/data/models/Zimbabwe/TS_model.pkl
[2024-08-17T03:20:43.158+0000] {processor.py:183} INFO - Processing /opt/airflow/dags/data/models/Zimbabwe/TS_model.pkl took 0.025 seconds
[2024-08-17T03:21:13.775+0000] {processor.py:161} INFO - Started process (PID=6698) to work on /opt/airflow/dags/data/models/Zimbabwe/TS_model.pkl
[2024-08-17T03:21:13.775+0000] {processor.py:830} INFO - Processing file /opt/airflow/dags/data/models/Zimbabwe/TS_model.pkl for tasks to queue
[2024-08-17T03:21:13.776+0000] {logging_mixin.py:188} INFO - [2024-08-17T03:21:13.776+0000] {dagbag.py:545} INFO - Filling up the DagBag from /opt/airflow/dags/data/models/Zimbabwe/TS_model.pkl
[2024-08-17T03:21:13.782+0000] {processor.py:842} WARNING - No viable dags retrieved from /opt/airflow/dags/data/models/Zimbabwe/TS_model.pkl
[2024-08-17T03:21:13.792+0000] {processor.py:183} INFO - Processing /opt/airflow/dags/data/models/Zimbabwe/TS_model.pkl took 0.021 seconds
[2024-08-17T03:21:44.348+0000] {processor.py:161} INFO - Started process (PID=7151) to work on /opt/airflow/dags/data/models/Zimbabwe/TS_model.pkl
[2024-08-17T03:21:44.350+0000] {processor.py:830} INFO - Processing file /opt/airflow/dags/data/models/Zimbabwe/TS_model.pkl for tasks to queue
[2024-08-17T03:21:44.354+0000] {logging_mixin.py:188} INFO - [2024-08-17T03:21:44.353+0000] {dagbag.py:545} INFO - Filling up the DagBag from /opt/airflow/dags/data/models/Zimbabwe/TS_model.pkl
[2024-08-17T03:21:44.361+0000] {processor.py:842} WARNING - No viable dags retrieved from /opt/airflow/dags/data/models/Zimbabwe/TS_model.pkl
[2024-08-17T03:21:44.371+0000] {processor.py:183} INFO - Processing /opt/airflow/dags/data/models/Zimbabwe/TS_model.pkl took 0.027 seconds
[2024-08-17T03:22:15.223+0000] {processor.py:161} INFO - Started process (PID=7579) to work on /opt/airflow/dags/data/models/Zimbabwe/TS_model.pkl
[2024-08-17T03:22:15.223+0000] {processor.py:830} INFO - Processing file /opt/airflow/dags/data/models/Zimbabwe/TS_model.pkl for tasks to queue
[2024-08-17T03:22:15.224+0000] {logging_mixin.py:188} INFO - [2024-08-17T03:22:15.224+0000] {dagbag.py:545} INFO - Filling up the DagBag from /opt/airflow/dags/data/models/Zimbabwe/TS_model.pkl
[2024-08-17T03:22:15.233+0000] {processor.py:842} WARNING - No viable dags retrieved from /opt/airflow/dags/data/models/Zimbabwe/TS_model.pkl
[2024-08-17T03:22:15.242+0000] {processor.py:183} INFO - Processing /opt/airflow/dags/data/models/Zimbabwe/TS_model.pkl took 0.024 seconds
[2024-08-17T03:22:45.923+0000] {processor.py:161} INFO - Started process (PID=8034) to work on /opt/airflow/dags/data/models/Zimbabwe/TS_model.pkl
[2024-08-17T03:22:45.923+0000] {processor.py:830} INFO - Processing file /opt/airflow/dags/data/models/Zimbabwe/TS_model.pkl for tasks to queue
[2024-08-17T03:22:45.924+0000] {logging_mixin.py:188} INFO - [2024-08-17T03:22:45.924+0000] {dagbag.py:545} INFO - Filling up the DagBag from /opt/airflow/dags/data/models/Zimbabwe/TS_model.pkl
[2024-08-17T03:22:45.933+0000] {processor.py:842} WARNING - No viable dags retrieved from /opt/airflow/dags/data/models/Zimbabwe/TS_model.pkl
[2024-08-17T03:22:45.942+0000] {processor.py:183} INFO - Processing /opt/airflow/dags/data/models/Zimbabwe/TS_model.pkl took 0.023 seconds
[2024-08-17T03:23:16.521+0000] {processor.py:161} INFO - Started process (PID=8461) to work on /opt/airflow/dags/data/models/Zimbabwe/TS_model.pkl
[2024-08-17T03:23:16.521+0000] {processor.py:830} INFO - Processing file /opt/airflow/dags/data/models/Zimbabwe/TS_model.pkl for tasks to queue
[2024-08-17T03:23:16.522+0000] {logging_mixin.py:188} INFO - [2024-08-17T03:23:16.522+0000] {dagbag.py:545} INFO - Filling up the DagBag from /opt/airflow/dags/data/models/Zimbabwe/TS_model.pkl
[2024-08-17T03:23:16.531+0000] {processor.py:842} WARNING - No viable dags retrieved from /opt/airflow/dags/data/models/Zimbabwe/TS_model.pkl
[2024-08-17T03:23:16.540+0000] {processor.py:183} INFO - Processing /opt/airflow/dags/data/models/Zimbabwe/TS_model.pkl took 0.023 seconds
[2024-08-17T03:23:47.488+0000] {processor.py:161} INFO - Started process (PID=8907) to work on /opt/airflow/dags/data/models/Zimbabwe/TS_model.pkl
[2024-08-17T03:23:47.488+0000] {processor.py:830} INFO - Processing file /opt/airflow/dags/data/models/Zimbabwe/TS_model.pkl for tasks to queue
[2024-08-17T03:23:47.489+0000] {logging_mixin.py:188} INFO - [2024-08-17T03:23:47.489+0000] {dagbag.py:545} INFO - Filling up the DagBag from /opt/airflow/dags/data/models/Zimbabwe/TS_model.pkl
[2024-08-17T03:23:47.500+0000] {processor.py:842} WARNING - No viable dags retrieved from /opt/airflow/dags/data/models/Zimbabwe/TS_model.pkl
[2024-08-17T03:23:47.511+0000] {processor.py:183} INFO - Processing /opt/airflow/dags/data/models/Zimbabwe/TS_model.pkl took 0.027 seconds
[2024-08-17T03:24:18.567+0000] {processor.py:161} INFO - Started process (PID=9361) to work on /opt/airflow/dags/data/models/Zimbabwe/TS_model.pkl
[2024-08-17T03:24:18.568+0000] {processor.py:830} INFO - Processing file /opt/airflow/dags/data/models/Zimbabwe/TS_model.pkl for tasks to queue
[2024-08-17T03:24:18.568+0000] {logging_mixin.py:188} INFO - [2024-08-17T03:24:18.568+0000] {dagbag.py:545} INFO - Filling up the DagBag from /opt/airflow/dags/data/models/Zimbabwe/TS_model.pkl
[2024-08-17T03:24:18.590+0000] {processor.py:842} WARNING - No viable dags retrieved from /opt/airflow/dags/data/models/Zimbabwe/TS_model.pkl
[2024-08-17T03:24:18.600+0000] {processor.py:183} INFO - Processing /opt/airflow/dags/data/models/Zimbabwe/TS_model.pkl took 0.036 seconds
[2024-08-17T03:24:49.567+0000] {processor.py:161} INFO - Started process (PID=9788) to work on /opt/airflow/dags/data/models/Zimbabwe/TS_model.pkl
[2024-08-17T03:24:49.567+0000] {processor.py:830} INFO - Processing file /opt/airflow/dags/data/models/Zimbabwe/TS_model.pkl for tasks to queue
[2024-08-17T03:24:49.568+0000] {logging_mixin.py:188} INFO - [2024-08-17T03:24:49.568+0000] {dagbag.py:545} INFO - Filling up the DagBag from /opt/airflow/dags/data/models/Zimbabwe/TS_model.pkl
[2024-08-17T03:24:49.577+0000] {processor.py:842} WARNING - No viable dags retrieved from /opt/airflow/dags/data/models/Zimbabwe/TS_model.pkl
[2024-08-17T03:24:49.586+0000] {processor.py:183} INFO - Processing /opt/airflow/dags/data/models/Zimbabwe/TS_model.pkl took 0.023 seconds
[2024-08-17T03:25:20.026+0000] {processor.py:161} INFO - Started process (PID=10230) to work on /opt/airflow/dags/data/models/Zimbabwe/TS_model.pkl
[2024-08-17T03:25:20.028+0000] {processor.py:830} INFO - Processing file /opt/airflow/dags/data/models/Zimbabwe/TS_model.pkl for tasks to queue
[2024-08-17T03:25:20.028+0000] {logging_mixin.py:188} INFO - [2024-08-17T03:25:20.028+0000] {dagbag.py:545} INFO - Filling up the DagBag from /opt/airflow/dags/data/models/Zimbabwe/TS_model.pkl
[2024-08-17T03:25:20.037+0000] {processor.py:842} WARNING - No viable dags retrieved from /opt/airflow/dags/data/models/Zimbabwe/TS_model.pkl
[2024-08-17T03:25:20.046+0000] {processor.py:183} INFO - Processing /opt/airflow/dags/data/models/Zimbabwe/TS_model.pkl took 0.023 seconds
[2024-08-17T03:25:51.686+0000] {processor.py:161} INFO - Started process (PID=10684) to work on /opt/airflow/dags/data/models/Zimbabwe/TS_model.pkl
[2024-08-17T03:25:51.687+0000] {processor.py:830} INFO - Processing file /opt/airflow/dags/data/models/Zimbabwe/TS_model.pkl for tasks to queue
[2024-08-17T03:25:51.687+0000] {logging_mixin.py:188} INFO - [2024-08-17T03:25:51.687+0000] {dagbag.py:545} INFO - Filling up the DagBag from /opt/airflow/dags/data/models/Zimbabwe/TS_model.pkl
[2024-08-17T03:25:51.695+0000] {processor.py:842} WARNING - No viable dags retrieved from /opt/airflow/dags/data/models/Zimbabwe/TS_model.pkl
[2024-08-17T03:25:51.705+0000] {processor.py:183} INFO - Processing /opt/airflow/dags/data/models/Zimbabwe/TS_model.pkl took 0.023 seconds
[2024-08-17T03:26:22.275+0000] {processor.py:161} INFO - Started process (PID=11077) to work on /opt/airflow/dags/data/models/Zimbabwe/TS_model.pkl
[2024-08-17T03:26:22.276+0000] {processor.py:830} INFO - Processing file /opt/airflow/dags/data/models/Zimbabwe/TS_model.pkl for tasks to queue
[2024-08-17T03:26:22.276+0000] {logging_mixin.py:188} INFO - [2024-08-17T03:26:22.276+0000] {dagbag.py:545} INFO - Filling up the DagBag from /opt/airflow/dags/data/models/Zimbabwe/TS_model.pkl
[2024-08-17T03:26:22.286+0000] {processor.py:842} WARNING - No viable dags retrieved from /opt/airflow/dags/data/models/Zimbabwe/TS_model.pkl
[2024-08-17T03:26:22.295+0000] {processor.py:183} INFO - Processing /opt/airflow/dags/data/models/Zimbabwe/TS_model.pkl took 0.024 seconds
[2024-08-17T03:26:53.194+0000] {processor.py:161} INFO - Started process (PID=11531) to work on /opt/airflow/dags/data/models/Zimbabwe/TS_model.pkl
[2024-08-17T03:26:53.194+0000] {processor.py:830} INFO - Processing file /opt/airflow/dags/data/models/Zimbabwe/TS_model.pkl for tasks to queue
[2024-08-17T03:26:53.195+0000] {logging_mixin.py:188} INFO - [2024-08-17T03:26:53.195+0000] {dagbag.py:545} INFO - Filling up the DagBag from /opt/airflow/dags/data/models/Zimbabwe/TS_model.pkl
[2024-08-17T03:26:53.205+0000] {processor.py:842} WARNING - No viable dags retrieved from /opt/airflow/dags/data/models/Zimbabwe/TS_model.pkl
[2024-08-17T03:26:53.213+0000] {processor.py:183} INFO - Processing /opt/airflow/dags/data/models/Zimbabwe/TS_model.pkl took 0.023 seconds
[2024-08-17T03:27:23.671+0000] {processor.py:161} INFO - Started process (PID=11945) to work on /opt/airflow/dags/data/models/Zimbabwe/TS_model.pkl
[2024-08-17T03:27:23.672+0000] {processor.py:830} INFO - Processing file /opt/airflow/dags/data/models/Zimbabwe/TS_model.pkl for tasks to queue
[2024-08-17T03:27:23.672+0000] {logging_mixin.py:188} INFO - [2024-08-17T03:27:23.672+0000] {dagbag.py:545} INFO - Filling up the DagBag from /opt/airflow/dags/data/models/Zimbabwe/TS_model.pkl
[2024-08-17T03:27:23.682+0000] {processor.py:842} WARNING - No viable dags retrieved from /opt/airflow/dags/data/models/Zimbabwe/TS_model.pkl
[2024-08-17T03:27:23.691+0000] {processor.py:183} INFO - Processing /opt/airflow/dags/data/models/Zimbabwe/TS_model.pkl took 0.024 seconds
[2024-08-17T03:27:54.160+0000] {processor.py:161} INFO - Started process (PID=12371) to work on /opt/airflow/dags/data/models/Zimbabwe/TS_model.pkl
[2024-08-17T03:27:54.161+0000] {processor.py:830} INFO - Processing file /opt/airflow/dags/data/models/Zimbabwe/TS_model.pkl for tasks to queue
[2024-08-17T03:27:54.163+0000] {logging_mixin.py:188} INFO - [2024-08-17T03:27:54.163+0000] {dagbag.py:545} INFO - Filling up the DagBag from /opt/airflow/dags/data/models/Zimbabwe/TS_model.pkl
[2024-08-17T03:27:54.171+0000] {processor.py:842} WARNING - No viable dags retrieved from /opt/airflow/dags/data/models/Zimbabwe/TS_model.pkl
[2024-08-17T03:27:54.180+0000] {processor.py:183} INFO - Processing /opt/airflow/dags/data/models/Zimbabwe/TS_model.pkl took 0.023 seconds
[2024-08-17T03:28:24.799+0000] {processor.py:161} INFO - Started process (PID=12825) to work on /opt/airflow/dags/data/models/Zimbabwe/TS_model.pkl
[2024-08-17T03:28:24.800+0000] {processor.py:830} INFO - Processing file /opt/airflow/dags/data/models/Zimbabwe/TS_model.pkl for tasks to queue
[2024-08-17T03:28:24.800+0000] {logging_mixin.py:188} INFO - [2024-08-17T03:28:24.800+0000] {dagbag.py:545} INFO - Filling up the DagBag from /opt/airflow/dags/data/models/Zimbabwe/TS_model.pkl
[2024-08-17T03:28:24.812+0000] {processor.py:842} WARNING - No viable dags retrieved from /opt/airflow/dags/data/models/Zimbabwe/TS_model.pkl
[2024-08-17T03:28:24.820+0000] {processor.py:183} INFO - Processing /opt/airflow/dags/data/models/Zimbabwe/TS_model.pkl took 0.025 seconds
[2024-08-17T03:28:55.981+0000] {processor.py:161} INFO - Started process (PID=13182) to work on /opt/airflow/dags/data/models/Zimbabwe/TS_model.pkl
[2024-08-17T03:28:55.982+0000] {processor.py:830} INFO - Processing file /opt/airflow/dags/data/models/Zimbabwe/TS_model.pkl for tasks to queue
[2024-08-17T03:28:55.983+0000] {logging_mixin.py:188} INFO - [2024-08-17T03:28:55.982+0000] {dagbag.py:545} INFO - Filling up the DagBag from /opt/airflow/dags/data/models/Zimbabwe/TS_model.pkl
[2024-08-17T03:28:55.994+0000] {processor.py:842} WARNING - No viable dags retrieved from /opt/airflow/dags/data/models/Zimbabwe/TS_model.pkl
[2024-08-17T03:28:56.004+0000] {processor.py:183} INFO - Processing /opt/airflow/dags/data/models/Zimbabwe/TS_model.pkl took 0.026 seconds
[2024-08-17T03:29:26.405+0000] {processor.py:161} INFO - Started process (PID=13635) to work on /opt/airflow/dags/data/models/Zimbabwe/TS_model.pkl
[2024-08-17T03:29:26.405+0000] {processor.py:830} INFO - Processing file /opt/airflow/dags/data/models/Zimbabwe/TS_model.pkl for tasks to queue
[2024-08-17T03:29:26.406+0000] {logging_mixin.py:188} INFO - [2024-08-17T03:29:26.406+0000] {dagbag.py:545} INFO - Filling up the DagBag from /opt/airflow/dags/data/models/Zimbabwe/TS_model.pkl
[2024-08-17T03:29:26.414+0000] {processor.py:842} WARNING - No viable dags retrieved from /opt/airflow/dags/data/models/Zimbabwe/TS_model.pkl
[2024-08-17T03:29:26.424+0000] {processor.py:183} INFO - Processing /opt/airflow/dags/data/models/Zimbabwe/TS_model.pkl took 0.023 seconds
[2024-08-17T03:29:57.485+0000] {processor.py:161} INFO - Started process (PID=14089) to work on /opt/airflow/dags/data/models/Zimbabwe/TS_model.pkl
[2024-08-17T03:29:57.486+0000] {processor.py:830} INFO - Processing file /opt/airflow/dags/data/models/Zimbabwe/TS_model.pkl for tasks to queue
[2024-08-17T03:29:57.486+0000] {logging_mixin.py:188} INFO - [2024-08-17T03:29:57.486+0000] {dagbag.py:545} INFO - Filling up the DagBag from /opt/airflow/dags/data/models/Zimbabwe/TS_model.pkl
[2024-08-17T03:29:57.495+0000] {processor.py:842} WARNING - No viable dags retrieved from /opt/airflow/dags/data/models/Zimbabwe/TS_model.pkl
[2024-08-17T03:29:57.505+0000] {processor.py:183} INFO - Processing /opt/airflow/dags/data/models/Zimbabwe/TS_model.pkl took 0.025 seconds
[2024-08-17T03:30:28.169+0000] {processor.py:161} INFO - Started process (PID=14517) to work on /opt/airflow/dags/data/models/Zimbabwe/TS_model.pkl
[2024-08-17T03:30:28.170+0000] {processor.py:830} INFO - Processing file /opt/airflow/dags/data/models/Zimbabwe/TS_model.pkl for tasks to queue
[2024-08-17T03:30:28.170+0000] {logging_mixin.py:188} INFO - [2024-08-17T03:30:28.170+0000] {dagbag.py:545} INFO - Filling up the DagBag from /opt/airflow/dags/data/models/Zimbabwe/TS_model.pkl
[2024-08-17T03:30:28.178+0000] {processor.py:842} WARNING - No viable dags retrieved from /opt/airflow/dags/data/models/Zimbabwe/TS_model.pkl
[2024-08-17T03:30:28.188+0000] {processor.py:183} INFO - Processing /opt/airflow/dags/data/models/Zimbabwe/TS_model.pkl took 0.024 seconds
[2024-08-17T03:30:58.929+0000] {processor.py:161} INFO - Started process (PID=14971) to work on /opt/airflow/dags/data/models/Zimbabwe/TS_model.pkl
[2024-08-17T03:30:58.929+0000] {processor.py:830} INFO - Processing file /opt/airflow/dags/data/models/Zimbabwe/TS_model.pkl for tasks to queue
[2024-08-17T03:30:58.930+0000] {logging_mixin.py:188} INFO - [2024-08-17T03:30:58.930+0000] {dagbag.py:545} INFO - Filling up the DagBag from /opt/airflow/dags/data/models/Zimbabwe/TS_model.pkl
[2024-08-17T03:30:58.940+0000] {processor.py:842} WARNING - No viable dags retrieved from /opt/airflow/dags/data/models/Zimbabwe/TS_model.pkl
[2024-08-17T03:30:58.950+0000] {processor.py:183} INFO - Processing /opt/airflow/dags/data/models/Zimbabwe/TS_model.pkl took 0.025 seconds
[2024-08-17T03:31:29.637+0000] {processor.py:161} INFO - Started process (PID=15400) to work on /opt/airflow/dags/data/models/Zimbabwe/TS_model.pkl
[2024-08-17T03:31:29.638+0000] {processor.py:830} INFO - Processing file /opt/airflow/dags/data/models/Zimbabwe/TS_model.pkl for tasks to queue
[2024-08-17T03:31:29.639+0000] {logging_mixin.py:188} INFO - [2024-08-17T03:31:29.639+0000] {dagbag.py:545} INFO - Filling up the DagBag from /opt/airflow/dags/data/models/Zimbabwe/TS_model.pkl
[2024-08-17T03:31:29.648+0000] {processor.py:842} WARNING - No viable dags retrieved from /opt/airflow/dags/data/models/Zimbabwe/TS_model.pkl
[2024-08-17T03:31:29.657+0000] {processor.py:183} INFO - Processing /opt/airflow/dags/data/models/Zimbabwe/TS_model.pkl took 0.023 seconds
[2024-08-17T03:32:00.078+0000] {processor.py:161} INFO - Started process (PID=15854) to work on /opt/airflow/dags/data/models/Zimbabwe/TS_model.pkl
[2024-08-17T03:32:00.079+0000] {processor.py:830} INFO - Processing file /opt/airflow/dags/data/models/Zimbabwe/TS_model.pkl for tasks to queue
[2024-08-17T03:32:00.080+0000] {logging_mixin.py:188} INFO - [2024-08-17T03:32:00.080+0000] {dagbag.py:545} INFO - Filling up the DagBag from /opt/airflow/dags/data/models/Zimbabwe/TS_model.pkl
[2024-08-17T03:32:00.090+0000] {processor.py:842} WARNING - No viable dags retrieved from /opt/airflow/dags/data/models/Zimbabwe/TS_model.pkl
[2024-08-17T03:32:00.101+0000] {processor.py:183} INFO - Processing /opt/airflow/dags/data/models/Zimbabwe/TS_model.pkl took 0.027 seconds
[2024-08-17T03:32:30.577+0000] {processor.py:161} INFO - Started process (PID=16307) to work on /opt/airflow/dags/data/models/Zimbabwe/TS_model.pkl
[2024-08-17T03:32:30.578+0000] {processor.py:830} INFO - Processing file /opt/airflow/dags/data/models/Zimbabwe/TS_model.pkl for tasks to queue
[2024-08-17T03:32:30.579+0000] {logging_mixin.py:188} INFO - [2024-08-17T03:32:30.578+0000] {dagbag.py:545} INFO - Filling up the DagBag from /opt/airflow/dags/data/models/Zimbabwe/TS_model.pkl
[2024-08-17T03:32:30.589+0000] {processor.py:842} WARNING - No viable dags retrieved from /opt/airflow/dags/data/models/Zimbabwe/TS_model.pkl
[2024-08-17T03:32:30.599+0000] {processor.py:183} INFO - Processing /opt/airflow/dags/data/models/Zimbabwe/TS_model.pkl took 0.026 seconds
[2024-08-17T03:33:01.447+0000] {processor.py:161} INFO - Started process (PID=16714) to work on /opt/airflow/dags/data/models/Zimbabwe/TS_model.pkl
[2024-08-17T03:33:01.448+0000] {processor.py:830} INFO - Processing file /opt/airflow/dags/data/models/Zimbabwe/TS_model.pkl for tasks to queue
[2024-08-17T03:33:01.449+0000] {logging_mixin.py:188} INFO - [2024-08-17T03:33:01.448+0000] {dagbag.py:545} INFO - Filling up the DagBag from /opt/airflow/dags/data/models/Zimbabwe/TS_model.pkl
[2024-08-17T03:33:01.457+0000] {processor.py:842} WARNING - No viable dags retrieved from /opt/airflow/dags/data/models/Zimbabwe/TS_model.pkl
[2024-08-17T03:33:01.467+0000] {processor.py:183} INFO - Processing /opt/airflow/dags/data/models/Zimbabwe/TS_model.pkl took 0.023 seconds
[2024-08-17T03:33:31.811+0000] {processor.py:161} INFO - Started process (PID=17147) to work on /opt/airflow/dags/data/models/Zimbabwe/TS_model.pkl
[2024-08-17T03:33:31.812+0000] {processor.py:830} INFO - Processing file /opt/airflow/dags/data/models/Zimbabwe/TS_model.pkl for tasks to queue
[2024-08-17T03:33:31.813+0000] {logging_mixin.py:188} INFO - [2024-08-17T03:33:31.812+0000] {dagbag.py:545} INFO - Filling up the DagBag from /opt/airflow/dags/data/models/Zimbabwe/TS_model.pkl
[2024-08-17T03:33:31.823+0000] {processor.py:842} WARNING - No viable dags retrieved from /opt/airflow/dags/data/models/Zimbabwe/TS_model.pkl
[2024-08-17T03:33:31.833+0000] {processor.py:183} INFO - Processing /opt/airflow/dags/data/models/Zimbabwe/TS_model.pkl took 0.026 seconds
[2024-08-17T03:34:02.667+0000] {processor.py:161} INFO - Started process (PID=17554) to work on /opt/airflow/dags/data/models/Zimbabwe/TS_model.pkl
[2024-08-17T03:34:02.668+0000] {processor.py:830} INFO - Processing file /opt/airflow/dags/data/models/Zimbabwe/TS_model.pkl for tasks to queue
[2024-08-17T03:34:02.669+0000] {logging_mixin.py:188} INFO - [2024-08-17T03:34:02.669+0000] {dagbag.py:545} INFO - Filling up the DagBag from /opt/airflow/dags/data/models/Zimbabwe/TS_model.pkl
[2024-08-17T03:34:02.677+0000] {processor.py:842} WARNING - No viable dags retrieved from /opt/airflow/dags/data/models/Zimbabwe/TS_model.pkl
[2024-08-17T03:34:02.687+0000] {processor.py:183} INFO - Processing /opt/airflow/dags/data/models/Zimbabwe/TS_model.pkl took 0.024 seconds
[2024-08-17T03:34:33.598+0000] {processor.py:161} INFO - Started process (PID=18008) to work on /opt/airflow/dags/data/models/Zimbabwe/TS_model.pkl
[2024-08-17T03:34:33.599+0000] {processor.py:830} INFO - Processing file /opt/airflow/dags/data/models/Zimbabwe/TS_model.pkl for tasks to queue
[2024-08-17T03:34:33.599+0000] {logging_mixin.py:188} INFO - [2024-08-17T03:34:33.599+0000] {dagbag.py:545} INFO - Filling up the DagBag from /opt/airflow/dags/data/models/Zimbabwe/TS_model.pkl
[2024-08-17T03:34:33.610+0000] {processor.py:842} WARNING - No viable dags retrieved from /opt/airflow/dags/data/models/Zimbabwe/TS_model.pkl
[2024-08-17T03:34:33.619+0000] {processor.py:183} INFO - Processing /opt/airflow/dags/data/models/Zimbabwe/TS_model.pkl took 0.024 seconds
[2024-08-17T03:35:04.412+0000] {processor.py:161} INFO - Started process (PID=18455) to work on /opt/airflow/dags/data/models/Zimbabwe/TS_model.pkl
[2024-08-17T03:35:04.413+0000] {processor.py:830} INFO - Processing file /opt/airflow/dags/data/models/Zimbabwe/TS_model.pkl for tasks to queue
[2024-08-17T03:35:04.414+0000] {logging_mixin.py:188} INFO - [2024-08-17T03:35:04.413+0000] {dagbag.py:545} INFO - Filling up the DagBag from /opt/airflow/dags/data/models/Zimbabwe/TS_model.pkl
[2024-08-17T03:35:04.425+0000] {processor.py:842} WARNING - No viable dags retrieved from /opt/airflow/dags/data/models/Zimbabwe/TS_model.pkl
[2024-08-17T03:35:04.435+0000] {processor.py:183} INFO - Processing /opt/airflow/dags/data/models/Zimbabwe/TS_model.pkl took 0.026 seconds
[2024-08-17T03:35:34.877+0000] {processor.py:161} INFO - Started process (PID=18875) to work on /opt/airflow/dags/data/models/Zimbabwe/TS_model.pkl
[2024-08-17T03:35:34.878+0000] {processor.py:830} INFO - Processing file /opt/airflow/dags/data/models/Zimbabwe/TS_model.pkl for tasks to queue
[2024-08-17T03:35:34.878+0000] {logging_mixin.py:188} INFO - [2024-08-17T03:35:34.878+0000] {dagbag.py:545} INFO - Filling up the DagBag from /opt/airflow/dags/data/models/Zimbabwe/TS_model.pkl
[2024-08-17T03:35:34.891+0000] {processor.py:842} WARNING - No viable dags retrieved from /opt/airflow/dags/data/models/Zimbabwe/TS_model.pkl
[2024-08-17T03:35:34.903+0000] {processor.py:183} INFO - Processing /opt/airflow/dags/data/models/Zimbabwe/TS_model.pkl took 0.030 seconds
[2024-08-17T03:36:05.859+0000] {processor.py:161} INFO - Started process (PID=19329) to work on /opt/airflow/dags/data/models/Zimbabwe/TS_model.pkl
[2024-08-17T03:36:05.859+0000] {processor.py:830} INFO - Processing file /opt/airflow/dags/data/models/Zimbabwe/TS_model.pkl for tasks to queue
[2024-08-17T03:36:05.860+0000] {logging_mixin.py:188} INFO - [2024-08-17T03:36:05.860+0000] {dagbag.py:545} INFO - Filling up the DagBag from /opt/airflow/dags/data/models/Zimbabwe/TS_model.pkl
[2024-08-17T03:36:05.872+0000] {processor.py:842} WARNING - No viable dags retrieved from /opt/airflow/dags/data/models/Zimbabwe/TS_model.pkl
[2024-08-17T03:36:05.882+0000] {processor.py:183} INFO - Processing /opt/airflow/dags/data/models/Zimbabwe/TS_model.pkl took 0.027 seconds
[2024-08-17T03:36:36.492+0000] {processor.py:161} INFO - Started process (PID=19761) to work on /opt/airflow/dags/data/models/Zimbabwe/TS_model.pkl
[2024-08-17T03:36:36.493+0000] {processor.py:830} INFO - Processing file /opt/airflow/dags/data/models/Zimbabwe/TS_model.pkl for tasks to queue
[2024-08-17T03:36:36.494+0000] {logging_mixin.py:188} INFO - [2024-08-17T03:36:36.494+0000] {dagbag.py:545} INFO - Filling up the DagBag from /opt/airflow/dags/data/models/Zimbabwe/TS_model.pkl
[2024-08-17T03:36:36.503+0000] {processor.py:842} WARNING - No viable dags retrieved from /opt/airflow/dags/data/models/Zimbabwe/TS_model.pkl
[2024-08-17T03:36:36.513+0000] {processor.py:183} INFO - Processing /opt/airflow/dags/data/models/Zimbabwe/TS_model.pkl took 0.024 seconds
[2024-08-17T03:37:07.135+0000] {processor.py:161} INFO - Started process (PID=20204) to work on /opt/airflow/dags/data/models/Zimbabwe/TS_model.pkl
[2024-08-17T03:37:07.141+0000] {processor.py:830} INFO - Processing file /opt/airflow/dags/data/models/Zimbabwe/TS_model.pkl for tasks to queue
[2024-08-17T03:37:07.142+0000] {logging_mixin.py:188} INFO - [2024-08-17T03:37:07.141+0000] {dagbag.py:545} INFO - Filling up the DagBag from /opt/airflow/dags/data/models/Zimbabwe/TS_model.pkl
[2024-08-17T03:37:07.157+0000] {processor.py:842} WARNING - No viable dags retrieved from /opt/airflow/dags/data/models/Zimbabwe/TS_model.pkl
[2024-08-17T03:37:07.167+0000] {processor.py:183} INFO - Processing /opt/airflow/dags/data/models/Zimbabwe/TS_model.pkl took 0.036 seconds
[2024-08-17T03:37:38.031+0000] {processor.py:161} INFO - Started process (PID=20658) to work on /opt/airflow/dags/data/models/Zimbabwe/TS_model.pkl
[2024-08-17T03:37:38.032+0000] {processor.py:830} INFO - Processing file /opt/airflow/dags/data/models/Zimbabwe/TS_model.pkl for tasks to queue
[2024-08-17T03:37:38.032+0000] {logging_mixin.py:188} INFO - [2024-08-17T03:37:38.032+0000] {dagbag.py:545} INFO - Filling up the DagBag from /opt/airflow/dags/data/models/Zimbabwe/TS_model.pkl
[2024-08-17T03:37:38.042+0000] {processor.py:842} WARNING - No viable dags retrieved from /opt/airflow/dags/data/models/Zimbabwe/TS_model.pkl
[2024-08-17T03:37:38.050+0000] {processor.py:183} INFO - Processing /opt/airflow/dags/data/models/Zimbabwe/TS_model.pkl took 0.023 seconds
[2024-08-17T09:22:46.450+0000] {processor.py:161} INFO - Started process (PID=127) to work on /opt/airflow/dags/data/models/Zimbabwe/TS_model.pkl
[2024-08-17T09:22:46.451+0000] {processor.py:830} INFO - Processing file /opt/airflow/dags/data/models/Zimbabwe/TS_model.pkl for tasks to queue
[2024-08-17T09:22:46.453+0000] {logging_mixin.py:188} INFO - [2024-08-17T09:22:46.453+0000] {dagbag.py:545} INFO - Filling up the DagBag from /opt/airflow/dags/data/models/Zimbabwe/TS_model.pkl
[2024-08-17T09:22:46.463+0000] {processor.py:842} WARNING - No viable dags retrieved from /opt/airflow/dags/data/models/Zimbabwe/TS_model.pkl
[2024-08-17T09:22:46.472+0000] {processor.py:183} INFO - Processing /opt/airflow/dags/data/models/Zimbabwe/TS_model.pkl took 0.026 seconds
[2024-08-17T09:23:18.498+0000] {processor.py:161} INFO - Started process (PID=583) to work on /opt/airflow/dags/data/models/Zimbabwe/TS_model.pkl
[2024-08-17T09:23:18.498+0000] {processor.py:830} INFO - Processing file /opt/airflow/dags/data/models/Zimbabwe/TS_model.pkl for tasks to queue
[2024-08-17T09:23:18.500+0000] {logging_mixin.py:188} INFO - [2024-08-17T09:23:18.500+0000] {dagbag.py:545} INFO - Filling up the DagBag from /opt/airflow/dags/data/models/Zimbabwe/TS_model.pkl
[2024-08-17T09:23:18.508+0000] {processor.py:842} WARNING - No viable dags retrieved from /opt/airflow/dags/data/models/Zimbabwe/TS_model.pkl
[2024-08-17T09:23:18.517+0000] {processor.py:183} INFO - Processing /opt/airflow/dags/data/models/Zimbabwe/TS_model.pkl took 0.023 seconds
[2024-08-17T09:23:49.407+0000] {processor.py:161} INFO - Started process (PID=1037) to work on /opt/airflow/dags/data/models/Zimbabwe/TS_model.pkl
[2024-08-17T09:23:49.408+0000] {processor.py:830} INFO - Processing file /opt/airflow/dags/data/models/Zimbabwe/TS_model.pkl for tasks to queue
[2024-08-17T09:23:49.409+0000] {logging_mixin.py:188} INFO - [2024-08-17T09:23:49.409+0000] {dagbag.py:545} INFO - Filling up the DagBag from /opt/airflow/dags/data/models/Zimbabwe/TS_model.pkl
[2024-08-17T09:23:49.417+0000] {processor.py:842} WARNING - No viable dags retrieved from /opt/airflow/dags/data/models/Zimbabwe/TS_model.pkl
[2024-08-17T09:23:49.427+0000] {processor.py:183} INFO - Processing /opt/airflow/dags/data/models/Zimbabwe/TS_model.pkl took 0.024 seconds
[2024-08-17T09:24:20.109+0000] {processor.py:161} INFO - Started process (PID=1465) to work on /opt/airflow/dags/data/models/Zimbabwe/TS_model.pkl
[2024-08-17T09:24:20.111+0000] {processor.py:830} INFO - Processing file /opt/airflow/dags/data/models/Zimbabwe/TS_model.pkl for tasks to queue
[2024-08-17T09:24:20.112+0000] {logging_mixin.py:188} INFO - [2024-08-17T09:24:20.112+0000] {dagbag.py:545} INFO - Filling up the DagBag from /opt/airflow/dags/data/models/Zimbabwe/TS_model.pkl
[2024-08-17T09:24:20.120+0000] {processor.py:842} WARNING - No viable dags retrieved from /opt/airflow/dags/data/models/Zimbabwe/TS_model.pkl
[2024-08-17T09:24:20.128+0000] {processor.py:183} INFO - Processing /opt/airflow/dags/data/models/Zimbabwe/TS_model.pkl took 0.023 seconds
[2024-08-17T09:24:50.657+0000] {processor.py:161} INFO - Started process (PID=1919) to work on /opt/airflow/dags/data/models/Zimbabwe/TS_model.pkl
[2024-08-17T09:24:50.657+0000] {processor.py:830} INFO - Processing file /opt/airflow/dags/data/models/Zimbabwe/TS_model.pkl for tasks to queue
[2024-08-17T09:24:50.658+0000] {logging_mixin.py:188} INFO - [2024-08-17T09:24:50.658+0000] {dagbag.py:545} INFO - Filling up the DagBag from /opt/airflow/dags/data/models/Zimbabwe/TS_model.pkl
[2024-08-17T09:24:50.674+0000] {processor.py:842} WARNING - No viable dags retrieved from /opt/airflow/dags/data/models/Zimbabwe/TS_model.pkl
[2024-08-17T09:24:50.682+0000] {processor.py:183} INFO - Processing /opt/airflow/dags/data/models/Zimbabwe/TS_model.pkl took 0.029 seconds
[2024-08-17T09:25:21.497+0000] {processor.py:161} INFO - Started process (PID=2347) to work on /opt/airflow/dags/data/models/Zimbabwe/TS_model.pkl
[2024-08-17T09:25:21.498+0000] {processor.py:830} INFO - Processing file /opt/airflow/dags/data/models/Zimbabwe/TS_model.pkl for tasks to queue
[2024-08-17T09:25:21.499+0000] {logging_mixin.py:188} INFO - [2024-08-17T09:25:21.499+0000] {dagbag.py:545} INFO - Filling up the DagBag from /opt/airflow/dags/data/models/Zimbabwe/TS_model.pkl
[2024-08-17T09:25:21.511+0000] {processor.py:842} WARNING - No viable dags retrieved from /opt/airflow/dags/data/models/Zimbabwe/TS_model.pkl
[2024-08-17T09:25:21.520+0000] {processor.py:183} INFO - Processing /opt/airflow/dags/data/models/Zimbabwe/TS_model.pkl took 0.027 seconds
[2024-08-17T09:25:52.275+0000] {processor.py:161} INFO - Started process (PID=2801) to work on /opt/airflow/dags/data/models/Zimbabwe/TS_model.pkl
[2024-08-17T09:25:52.275+0000] {processor.py:830} INFO - Processing file /opt/airflow/dags/data/models/Zimbabwe/TS_model.pkl for tasks to queue
[2024-08-17T09:25:52.277+0000] {logging_mixin.py:188} INFO - [2024-08-17T09:25:52.276+0000] {dagbag.py:545} INFO - Filling up the DagBag from /opt/airflow/dags/data/models/Zimbabwe/TS_model.pkl
[2024-08-17T09:25:52.289+0000] {processor.py:842} WARNING - No viable dags retrieved from /opt/airflow/dags/data/models/Zimbabwe/TS_model.pkl
[2024-08-17T09:25:52.301+0000] {processor.py:183} INFO - Processing /opt/airflow/dags/data/models/Zimbabwe/TS_model.pkl took 0.030 seconds
[2024-08-17T09:26:22.798+0000] {processor.py:161} INFO - Started process (PID=3255) to work on /opt/airflow/dags/data/models/Zimbabwe/TS_model.pkl
[2024-08-17T09:26:22.799+0000] {processor.py:830} INFO - Processing file /opt/airflow/dags/data/models/Zimbabwe/TS_model.pkl for tasks to queue
[2024-08-17T09:26:22.800+0000] {logging_mixin.py:188} INFO - [2024-08-17T09:26:22.800+0000] {dagbag.py:545} INFO - Filling up the DagBag from /opt/airflow/dags/data/models/Zimbabwe/TS_model.pkl
[2024-08-17T09:26:22.808+0000] {processor.py:842} WARNING - No viable dags retrieved from /opt/airflow/dags/data/models/Zimbabwe/TS_model.pkl
[2024-08-17T09:26:22.817+0000] {processor.py:183} INFO - Processing /opt/airflow/dags/data/models/Zimbabwe/TS_model.pkl took 0.022 seconds
[2024-08-17T09:26:53.546+0000] {processor.py:161} INFO - Started process (PID=3683) to work on /opt/airflow/dags/data/models/Zimbabwe/TS_model.pkl
[2024-08-17T09:26:53.546+0000] {processor.py:830} INFO - Processing file /opt/airflow/dags/data/models/Zimbabwe/TS_model.pkl for tasks to queue
[2024-08-17T09:26:53.547+0000] {logging_mixin.py:188} INFO - [2024-08-17T09:26:53.547+0000] {dagbag.py:545} INFO - Filling up the DagBag from /opt/airflow/dags/data/models/Zimbabwe/TS_model.pkl
[2024-08-17T09:26:53.556+0000] {processor.py:842} WARNING - No viable dags retrieved from /opt/airflow/dags/data/models/Zimbabwe/TS_model.pkl
[2024-08-17T09:26:53.566+0000] {processor.py:183} INFO - Processing /opt/airflow/dags/data/models/Zimbabwe/TS_model.pkl took 0.024 seconds
[2024-08-17T09:27:24.160+0000] {processor.py:161} INFO - Started process (PID=4137) to work on /opt/airflow/dags/data/models/Zimbabwe/TS_model.pkl
[2024-08-17T09:27:24.160+0000] {processor.py:830} INFO - Processing file /opt/airflow/dags/data/models/Zimbabwe/TS_model.pkl for tasks to queue
[2024-08-17T09:27:24.161+0000] {logging_mixin.py:188} INFO - [2024-08-17T09:27:24.161+0000] {dagbag.py:545} INFO - Filling up the DagBag from /opt/airflow/dags/data/models/Zimbabwe/TS_model.pkl
[2024-08-17T09:27:24.169+0000] {processor.py:842} WARNING - No viable dags retrieved from /opt/airflow/dags/data/models/Zimbabwe/TS_model.pkl
[2024-08-17T09:27:24.177+0000] {processor.py:183} INFO - Processing /opt/airflow/dags/data/models/Zimbabwe/TS_model.pkl took 0.021 seconds
[2024-08-17T09:27:55.403+0000] {processor.py:161} INFO - Started process (PID=4571) to work on /opt/airflow/dags/data/models/Zimbabwe/TS_model.pkl
[2024-08-17T09:27:55.404+0000] {processor.py:830} INFO - Processing file /opt/airflow/dags/data/models/Zimbabwe/TS_model.pkl for tasks to queue
[2024-08-17T09:27:55.407+0000] {logging_mixin.py:188} INFO - [2024-08-17T09:27:55.407+0000] {dagbag.py:545} INFO - Filling up the DagBag from /opt/airflow/dags/data/models/Zimbabwe/TS_model.pkl
[2024-08-17T09:27:55.420+0000] {processor.py:842} WARNING - No viable dags retrieved from /opt/airflow/dags/data/models/Zimbabwe/TS_model.pkl
[2024-08-17T09:27:55.430+0000] {processor.py:183} INFO - Processing /opt/airflow/dags/data/models/Zimbabwe/TS_model.pkl took 0.031 seconds
[2024-08-17T09:28:26.208+0000] {processor.py:161} INFO - Started process (PID=4999) to work on /opt/airflow/dags/data/models/Zimbabwe/TS_model.pkl
[2024-08-17T09:28:26.209+0000] {processor.py:830} INFO - Processing file /opt/airflow/dags/data/models/Zimbabwe/TS_model.pkl for tasks to queue
[2024-08-17T09:28:26.210+0000] {logging_mixin.py:188} INFO - [2024-08-17T09:28:26.210+0000] {dagbag.py:545} INFO - Filling up the DagBag from /opt/airflow/dags/data/models/Zimbabwe/TS_model.pkl
[2024-08-17T09:28:26.222+0000] {processor.py:842} WARNING - No viable dags retrieved from /opt/airflow/dags/data/models/Zimbabwe/TS_model.pkl
[2024-08-17T09:28:26.230+0000] {processor.py:183} INFO - Processing /opt/airflow/dags/data/models/Zimbabwe/TS_model.pkl took 0.026 seconds
[2024-08-17T09:28:56.931+0000] {processor.py:161} INFO - Started process (PID=5453) to work on /opt/airflow/dags/data/models/Zimbabwe/TS_model.pkl
[2024-08-17T09:28:56.931+0000] {processor.py:830} INFO - Processing file /opt/airflow/dags/data/models/Zimbabwe/TS_model.pkl for tasks to queue
[2024-08-17T09:28:56.932+0000] {logging_mixin.py:188} INFO - [2024-08-17T09:28:56.932+0000] {dagbag.py:545} INFO - Filling up the DagBag from /opt/airflow/dags/data/models/Zimbabwe/TS_model.pkl
[2024-08-17T09:28:56.941+0000] {processor.py:842} WARNING - No viable dags retrieved from /opt/airflow/dags/data/models/Zimbabwe/TS_model.pkl
[2024-08-17T09:28:56.950+0000] {processor.py:183} INFO - Processing /opt/airflow/dags/data/models/Zimbabwe/TS_model.pkl took 0.023 seconds
[2024-08-17T09:29:27.412+0000] {processor.py:161} INFO - Started process (PID=5861) to work on /opt/airflow/dags/data/models/Zimbabwe/TS_model.pkl
[2024-08-17T09:29:27.412+0000] {processor.py:830} INFO - Processing file /opt/airflow/dags/data/models/Zimbabwe/TS_model.pkl for tasks to queue
[2024-08-17T09:29:27.413+0000] {logging_mixin.py:188} INFO - [2024-08-17T09:29:27.413+0000] {dagbag.py:545} INFO - Filling up the DagBag from /opt/airflow/dags/data/models/Zimbabwe/TS_model.pkl
[2024-08-17T09:29:27.421+0000] {processor.py:842} WARNING - No viable dags retrieved from /opt/airflow/dags/data/models/Zimbabwe/TS_model.pkl
[2024-08-17T09:29:27.430+0000] {processor.py:183} INFO - Processing /opt/airflow/dags/data/models/Zimbabwe/TS_model.pkl took 0.022 seconds
[2024-08-17T09:29:58.014+0000] {processor.py:161} INFO - Started process (PID=6314) to work on /opt/airflow/dags/data/models/Zimbabwe/TS_model.pkl
[2024-08-17T09:29:58.015+0000] {processor.py:830} INFO - Processing file /opt/airflow/dags/data/models/Zimbabwe/TS_model.pkl for tasks to queue
[2024-08-17T09:29:58.016+0000] {logging_mixin.py:188} INFO - [2024-08-17T09:29:58.016+0000] {dagbag.py:545} INFO - Filling up the DagBag from /opt/airflow/dags/data/models/Zimbabwe/TS_model.pkl
[2024-08-17T09:29:58.025+0000] {processor.py:842} WARNING - No viable dags retrieved from /opt/airflow/dags/data/models/Zimbabwe/TS_model.pkl
[2024-08-17T09:29:58.035+0000] {processor.py:183} INFO - Processing /opt/airflow/dags/data/models/Zimbabwe/TS_model.pkl took 0.024 seconds
