[2024-08-17T02:38:51.112+0000] {processor.py:161} INFO - Started process (PID=76863) to work on /opt/airflow/dags/data/models/China.32/TS_model.pkl
[2024-08-17T02:38:51.113+0000] {processor.py:830} INFO - Processing file /opt/airflow/dags/data/models/China.32/TS_model.pkl for tasks to queue
[2024-08-17T02:38:51.114+0000] {logging_mixin.py:188} INFO - [2024-08-17T02:38:51.114+0000] {dagbag.py:545} INFO - Filling up the DagBag from /opt/airflow/dags/data/models/China.32/TS_model.pkl
[2024-08-17T02:38:51.127+0000] {processor.py:842} WARNING - No viable dags retrieved from /opt/airflow/dags/data/models/China.32/TS_model.pkl
[2024-08-17T02:38:51.138+0000] {processor.py:183} INFO - Processing /opt/airflow/dags/data/models/China.32/TS_model.pkl took 0.030 seconds
[2024-08-17T02:39:21.795+0000] {processor.py:161} INFO - Started process (PID=77136) to work on /opt/airflow/dags/data/models/China.32/TS_model.pkl
[2024-08-17T02:39:21.795+0000] {processor.py:830} INFO - Processing file /opt/airflow/dags/data/models/China.32/TS_model.pkl for tasks to queue
[2024-08-17T02:39:21.796+0000] {logging_mixin.py:188} INFO - [2024-08-17T02:39:21.796+0000] {dagbag.py:545} INFO - Filling up the DagBag from /opt/airflow/dags/data/models/China.32/TS_model.pkl
[2024-08-17T02:39:21.804+0000] {processor.py:842} WARNING - No viable dags retrieved from /opt/airflow/dags/data/models/China.32/TS_model.pkl
[2024-08-17T02:39:21.814+0000] {processor.py:183} INFO - Processing /opt/airflow/dags/data/models/China.32/TS_model.pkl took 0.024 seconds
[2024-08-17T02:39:52.267+0000] {processor.py:161} INFO - Started process (PID=77390) to work on /opt/airflow/dags/data/models/China.32/TS_model.pkl
[2024-08-17T02:39:52.268+0000] {processor.py:830} INFO - Processing file /opt/airflow/dags/data/models/China.32/TS_model.pkl for tasks to queue
[2024-08-17T02:39:52.269+0000] {logging_mixin.py:188} INFO - [2024-08-17T02:39:52.269+0000] {dagbag.py:545} INFO - Filling up the DagBag from /opt/airflow/dags/data/models/China.32/TS_model.pkl
[2024-08-17T02:39:52.279+0000] {processor.py:842} WARNING - No viable dags retrieved from /opt/airflow/dags/data/models/China.32/TS_model.pkl
[2024-08-17T02:39:52.290+0000] {processor.py:183} INFO - Processing /opt/airflow/dags/data/models/China.32/TS_model.pkl took 0.027 seconds
[2024-08-17T02:40:22.989+0000] {processor.py:161} INFO - Started process (PID=77656) to work on /opt/airflow/dags/data/models/China.32/TS_model.pkl
[2024-08-17T02:40:22.989+0000] {processor.py:830} INFO - Processing file /opt/airflow/dags/data/models/China.32/TS_model.pkl for tasks to queue
[2024-08-17T02:40:22.990+0000] {logging_mixin.py:188} INFO - [2024-08-17T02:40:22.990+0000] {dagbag.py:545} INFO - Filling up the DagBag from /opt/airflow/dags/data/models/China.32/TS_model.pkl
[2024-08-17T02:40:22.997+0000] {processor.py:842} WARNING - No viable dags retrieved from /opt/airflow/dags/data/models/China.32/TS_model.pkl
[2024-08-17T02:40:23.007+0000] {processor.py:183} INFO - Processing /opt/airflow/dags/data/models/China.32/TS_model.pkl took 0.023 seconds
[2024-08-17T02:40:53.508+0000] {processor.py:161} INFO - Started process (PID=77929) to work on /opt/airflow/dags/data/models/China.32/TS_model.pkl
[2024-08-17T02:40:53.509+0000] {processor.py:830} INFO - Processing file /opt/airflow/dags/data/models/China.32/TS_model.pkl for tasks to queue
[2024-08-17T02:40:53.510+0000] {logging_mixin.py:188} INFO - [2024-08-17T02:40:53.510+0000] {dagbag.py:545} INFO - Filling up the DagBag from /opt/airflow/dags/data/models/China.32/TS_model.pkl
[2024-08-17T02:40:53.524+0000] {processor.py:842} WARNING - No viable dags retrieved from /opt/airflow/dags/data/models/China.32/TS_model.pkl
[2024-08-17T02:40:53.537+0000] {processor.py:183} INFO - Processing /opt/airflow/dags/data/models/China.32/TS_model.pkl took 0.034 seconds
[2024-08-17T02:41:24.931+0000] {processor.py:161} INFO - Started process (PID=78157) to work on /opt/airflow/dags/data/models/China.32/TS_model.pkl
[2024-08-17T02:41:24.932+0000] {processor.py:830} INFO - Processing file /opt/airflow/dags/data/models/China.32/TS_model.pkl for tasks to queue
[2024-08-17T02:41:24.933+0000] {logging_mixin.py:188} INFO - [2024-08-17T02:41:24.933+0000] {dagbag.py:545} INFO - Filling up the DagBag from /opt/airflow/dags/data/models/China.32/TS_model.pkl
[2024-08-17T02:41:24.943+0000] {processor.py:842} WARNING - No viable dags retrieved from /opt/airflow/dags/data/models/China.32/TS_model.pkl
[2024-08-17T02:41:24.954+0000] {processor.py:183} INFO - Processing /opt/airflow/dags/data/models/China.32/TS_model.pkl took 0.028 seconds
[2024-08-17T02:41:55.790+0000] {processor.py:161} INFO - Started process (PID=78429) to work on /opt/airflow/dags/data/models/China.32/TS_model.pkl
[2024-08-17T02:41:55.791+0000] {processor.py:830} INFO - Processing file /opt/airflow/dags/data/models/China.32/TS_model.pkl for tasks to queue
[2024-08-17T02:41:55.792+0000] {logging_mixin.py:188} INFO - [2024-08-17T02:41:55.791+0000] {dagbag.py:545} INFO - Filling up the DagBag from /opt/airflow/dags/data/models/China.32/TS_model.pkl
[2024-08-17T02:41:55.803+0000] {processor.py:842} WARNING - No viable dags retrieved from /opt/airflow/dags/data/models/China.32/TS_model.pkl
[2024-08-17T02:41:55.814+0000] {processor.py:183} INFO - Processing /opt/airflow/dags/data/models/China.32/TS_model.pkl took 0.028 seconds
[2024-08-17T02:42:26.592+0000] {processor.py:161} INFO - Started process (PID=78676) to work on /opt/airflow/dags/data/models/China.32/TS_model.pkl
[2024-08-17T02:42:26.593+0000] {processor.py:830} INFO - Processing file /opt/airflow/dags/data/models/China.32/TS_model.pkl for tasks to queue
[2024-08-17T02:42:26.594+0000] {logging_mixin.py:188} INFO - [2024-08-17T02:42:26.594+0000] {dagbag.py:545} INFO - Filling up the DagBag from /opt/airflow/dags/data/models/China.32/TS_model.pkl
[2024-08-17T02:42:26.605+0000] {processor.py:842} WARNING - No viable dags retrieved from /opt/airflow/dags/data/models/China.32/TS_model.pkl
[2024-08-17T02:42:26.615+0000] {processor.py:183} INFO - Processing /opt/airflow/dags/data/models/China.32/TS_model.pkl took 0.027 seconds
[2024-08-17T02:42:57.458+0000] {processor.py:161} INFO - Started process (PID=78950) to work on /opt/airflow/dags/data/models/China.32/TS_model.pkl
[2024-08-17T02:42:57.459+0000] {processor.py:830} INFO - Processing file /opt/airflow/dags/data/models/China.32/TS_model.pkl for tasks to queue
[2024-08-17T02:42:57.460+0000] {logging_mixin.py:188} INFO - [2024-08-17T02:42:57.460+0000] {dagbag.py:545} INFO - Filling up the DagBag from /opt/airflow/dags/data/models/China.32/TS_model.pkl
[2024-08-17T02:42:57.473+0000] {processor.py:842} WARNING - No viable dags retrieved from /opt/airflow/dags/data/models/China.32/TS_model.pkl
[2024-08-17T02:42:57.484+0000] {processor.py:183} INFO - Processing /opt/airflow/dags/data/models/China.32/TS_model.pkl took 0.030 seconds
[2024-08-17T02:43:29.055+0000] {processor.py:161} INFO - Started process (PID=79202) to work on /opt/airflow/dags/data/models/China.32/TS_model.pkl
[2024-08-17T02:43:29.056+0000] {processor.py:830} INFO - Processing file /opt/airflow/dags/data/models/China.32/TS_model.pkl for tasks to queue
[2024-08-17T02:43:29.057+0000] {logging_mixin.py:188} INFO - [2024-08-17T02:43:29.057+0000] {dagbag.py:545} INFO - Filling up the DagBag from /opt/airflow/dags/data/models/China.32/TS_model.pkl
[2024-08-17T02:43:29.069+0000] {processor.py:842} WARNING - No viable dags retrieved from /opt/airflow/dags/data/models/China.32/TS_model.pkl
[2024-08-17T02:43:29.080+0000] {processor.py:183} INFO - Processing /opt/airflow/dags/data/models/China.32/TS_model.pkl took 0.029 seconds
[2024-08-17T02:43:59.731+0000] {processor.py:161} INFO - Started process (PID=79480) to work on /opt/airflow/dags/data/models/China.32/TS_model.pkl
[2024-08-17T02:43:59.732+0000] {processor.py:830} INFO - Processing file /opt/airflow/dags/data/models/China.32/TS_model.pkl for tasks to queue
[2024-08-17T02:43:59.732+0000] {logging_mixin.py:188} INFO - [2024-08-17T02:43:59.732+0000] {dagbag.py:545} INFO - Filling up the DagBag from /opt/airflow/dags/data/models/China.32/TS_model.pkl
[2024-08-17T02:43:59.744+0000] {processor.py:842} WARNING - No viable dags retrieved from /opt/airflow/dags/data/models/China.32/TS_model.pkl
[2024-08-17T02:43:59.755+0000] {processor.py:183} INFO - Processing /opt/airflow/dags/data/models/China.32/TS_model.pkl took 0.028 seconds
[2024-08-17T02:44:30.510+0000] {processor.py:161} INFO - Started process (PID=79782) to work on /opt/airflow/dags/data/models/China.32/TS_model.pkl
[2024-08-17T02:44:30.510+0000] {processor.py:830} INFO - Processing file /opt/airflow/dags/data/models/China.32/TS_model.pkl for tasks to queue
[2024-08-17T02:44:30.511+0000] {logging_mixin.py:188} INFO - [2024-08-17T02:44:30.511+0000] {dagbag.py:545} INFO - Filling up the DagBag from /opt/airflow/dags/data/models/China.32/TS_model.pkl
[2024-08-17T02:44:30.521+0000] {processor.py:842} WARNING - No viable dags retrieved from /opt/airflow/dags/data/models/China.32/TS_model.pkl
[2024-08-17T02:44:30.531+0000] {processor.py:183} INFO - Processing /opt/airflow/dags/data/models/China.32/TS_model.pkl took 0.025 seconds
[2024-08-17T02:45:01.133+0000] {processor.py:161} INFO - Started process (PID=80059) to work on /opt/airflow/dags/data/models/China.32/TS_model.pkl
[2024-08-17T02:45:01.134+0000] {processor.py:830} INFO - Processing file /opt/airflow/dags/data/models/China.32/TS_model.pkl for tasks to queue
[2024-08-17T02:45:01.136+0000] {logging_mixin.py:188} INFO - [2024-08-17T02:45:01.136+0000] {dagbag.py:545} INFO - Filling up the DagBag from /opt/airflow/dags/data/models/China.32/TS_model.pkl
[2024-08-17T02:45:01.149+0000] {processor.py:842} WARNING - No viable dags retrieved from /opt/airflow/dags/data/models/China.32/TS_model.pkl
[2024-08-17T02:45:01.159+0000] {processor.py:183} INFO - Processing /opt/airflow/dags/data/models/China.32/TS_model.pkl took 0.030 seconds
[2024-08-17T02:45:32.264+0000] {processor.py:161} INFO - Started process (PID=80361) to work on /opt/airflow/dags/data/models/China.32/TS_model.pkl
[2024-08-17T02:45:32.265+0000] {processor.py:830} INFO - Processing file /opt/airflow/dags/data/models/China.32/TS_model.pkl for tasks to queue
[2024-08-17T02:45:32.265+0000] {logging_mixin.py:188} INFO - [2024-08-17T02:45:32.265+0000] {dagbag.py:545} INFO - Filling up the DagBag from /opt/airflow/dags/data/models/China.32/TS_model.pkl
[2024-08-17T02:45:32.274+0000] {processor.py:842} WARNING - No viable dags retrieved from /opt/airflow/dags/data/models/China.32/TS_model.pkl
[2024-08-17T02:45:32.284+0000] {processor.py:183} INFO - Processing /opt/airflow/dags/data/models/China.32/TS_model.pkl took 0.025 seconds
[2024-08-17T02:46:02.938+0000] {processor.py:161} INFO - Started process (PID=80644) to work on /opt/airflow/dags/data/models/China.32/TS_model.pkl
[2024-08-17T02:46:02.939+0000] {processor.py:830} INFO - Processing file /opt/airflow/dags/data/models/China.32/TS_model.pkl for tasks to queue
[2024-08-17T02:46:02.940+0000] {logging_mixin.py:188} INFO - [2024-08-17T02:46:02.940+0000] {dagbag.py:545} INFO - Filling up the DagBag from /opt/airflow/dags/data/models/China.32/TS_model.pkl
[2024-08-17T02:46:02.951+0000] {processor.py:842} WARNING - No viable dags retrieved from /opt/airflow/dags/data/models/China.32/TS_model.pkl
[2024-08-17T02:46:02.962+0000] {processor.py:183} INFO - Processing /opt/airflow/dags/data/models/China.32/TS_model.pkl took 0.027 seconds
[2024-08-17T02:46:33.599+0000] {processor.py:161} INFO - Started process (PID=80939) to work on /opt/airflow/dags/data/models/China.32/TS_model.pkl
[2024-08-17T02:46:33.600+0000] {processor.py:830} INFO - Processing file /opt/airflow/dags/data/models/China.32/TS_model.pkl for tasks to queue
[2024-08-17T02:46:33.601+0000] {logging_mixin.py:188} INFO - [2024-08-17T02:46:33.600+0000] {dagbag.py:545} INFO - Filling up the DagBag from /opt/airflow/dags/data/models/China.32/TS_model.pkl
[2024-08-17T02:46:33.614+0000] {processor.py:842} WARNING - No viable dags retrieved from /opt/airflow/dags/data/models/China.32/TS_model.pkl
[2024-08-17T02:46:33.624+0000] {processor.py:183} INFO - Processing /opt/airflow/dags/data/models/China.32/TS_model.pkl took 0.029 seconds
[2024-08-17T02:47:04.563+0000] {processor.py:161} INFO - Started process (PID=81242) to work on /opt/airflow/dags/data/models/China.32/TS_model.pkl
[2024-08-17T02:47:04.563+0000] {processor.py:830} INFO - Processing file /opt/airflow/dags/data/models/China.32/TS_model.pkl for tasks to queue
[2024-08-17T02:47:04.564+0000] {logging_mixin.py:188} INFO - [2024-08-17T02:47:04.564+0000] {dagbag.py:545} INFO - Filling up the DagBag from /opt/airflow/dags/data/models/China.32/TS_model.pkl
[2024-08-17T02:47:04.576+0000] {processor.py:842} WARNING - No viable dags retrieved from /opt/airflow/dags/data/models/China.32/TS_model.pkl
[2024-08-17T02:47:04.588+0000] {processor.py:183} INFO - Processing /opt/airflow/dags/data/models/China.32/TS_model.pkl took 0.029 seconds
[2024-08-17T02:47:35.227+0000] {processor.py:161} INFO - Started process (PID=81518) to work on /opt/airflow/dags/data/models/China.32/TS_model.pkl
[2024-08-17T02:47:35.227+0000] {processor.py:830} INFO - Processing file /opt/airflow/dags/data/models/China.32/TS_model.pkl for tasks to queue
[2024-08-17T02:47:35.228+0000] {logging_mixin.py:188} INFO - [2024-08-17T02:47:35.228+0000] {dagbag.py:545} INFO - Filling up the DagBag from /opt/airflow/dags/data/models/China.32/TS_model.pkl
[2024-08-17T02:47:35.242+0000] {processor.py:842} WARNING - No viable dags retrieved from /opt/airflow/dags/data/models/China.32/TS_model.pkl
[2024-08-17T02:47:35.252+0000] {processor.py:183} INFO - Processing /opt/airflow/dags/data/models/China.32/TS_model.pkl took 0.031 seconds
[2024-08-17T02:48:05.874+0000] {processor.py:161} INFO - Started process (PID=81820) to work on /opt/airflow/dags/data/models/China.32/TS_model.pkl
[2024-08-17T02:48:05.875+0000] {processor.py:830} INFO - Processing file /opt/airflow/dags/data/models/China.32/TS_model.pkl for tasks to queue
[2024-08-17T02:48:05.876+0000] {logging_mixin.py:188} INFO - [2024-08-17T02:48:05.875+0000] {dagbag.py:545} INFO - Filling up the DagBag from /opt/airflow/dags/data/models/China.32/TS_model.pkl
[2024-08-17T02:48:05.885+0000] {processor.py:842} WARNING - No viable dags retrieved from /opt/airflow/dags/data/models/China.32/TS_model.pkl
[2024-08-17T02:48:05.897+0000] {processor.py:183} INFO - Processing /opt/airflow/dags/data/models/China.32/TS_model.pkl took 0.028 seconds
[2024-08-17T02:48:36.630+0000] {processor.py:161} INFO - Started process (PID=82078) to work on /opt/airflow/dags/data/models/China.32/TS_model.pkl
[2024-08-17T02:48:36.631+0000] {processor.py:830} INFO - Processing file /opt/airflow/dags/data/models/China.32/TS_model.pkl for tasks to queue
[2024-08-17T02:48:36.632+0000] {logging_mixin.py:188} INFO - [2024-08-17T02:48:36.632+0000] {dagbag.py:545} INFO - Filling up the DagBag from /opt/airflow/dags/data/models/China.32/TS_model.pkl
[2024-08-17T02:48:36.644+0000] {processor.py:842} WARNING - No viable dags retrieved from /opt/airflow/dags/data/models/China.32/TS_model.pkl
[2024-08-17T02:48:36.656+0000] {processor.py:183} INFO - Processing /opt/airflow/dags/data/models/China.32/TS_model.pkl took 0.030 seconds
[2024-08-17T02:49:07.279+0000] {processor.py:161} INFO - Started process (PID=82406) to work on /opt/airflow/dags/data/models/China.32/TS_model.pkl
[2024-08-17T02:49:07.280+0000] {processor.py:830} INFO - Processing file /opt/airflow/dags/data/models/China.32/TS_model.pkl for tasks to queue
[2024-08-17T02:49:07.281+0000] {logging_mixin.py:188} INFO - [2024-08-17T02:49:07.280+0000] {dagbag.py:545} INFO - Filling up the DagBag from /opt/airflow/dags/data/models/China.32/TS_model.pkl
[2024-08-17T02:49:07.290+0000] {processor.py:842} WARNING - No viable dags retrieved from /opt/airflow/dags/data/models/China.32/TS_model.pkl
[2024-08-17T02:49:07.299+0000] {processor.py:183} INFO - Processing /opt/airflow/dags/data/models/China.32/TS_model.pkl took 0.024 seconds
[2024-08-17T02:49:38.331+0000] {processor.py:161} INFO - Started process (PID=82710) to work on /opt/airflow/dags/data/models/China.32/TS_model.pkl
[2024-08-17T02:49:38.332+0000] {processor.py:830} INFO - Processing file /opt/airflow/dags/data/models/China.32/TS_model.pkl for tasks to queue
[2024-08-17T02:49:38.333+0000] {logging_mixin.py:188} INFO - [2024-08-17T02:49:38.333+0000] {dagbag.py:545} INFO - Filling up the DagBag from /opt/airflow/dags/data/models/China.32/TS_model.pkl
[2024-08-17T02:49:38.346+0000] {processor.py:842} WARNING - No viable dags retrieved from /opt/airflow/dags/data/models/China.32/TS_model.pkl
[2024-08-17T02:49:38.358+0000] {processor.py:183} INFO - Processing /opt/airflow/dags/data/models/China.32/TS_model.pkl took 0.031 seconds
[2024-08-17T02:50:09.299+0000] {processor.py:161} INFO - Started process (PID=83040) to work on /opt/airflow/dags/data/models/China.32/TS_model.pkl
[2024-08-17T02:50:09.300+0000] {processor.py:830} INFO - Processing file /opt/airflow/dags/data/models/China.32/TS_model.pkl for tasks to queue
[2024-08-17T02:50:09.301+0000] {logging_mixin.py:188} INFO - [2024-08-17T02:50:09.301+0000] {dagbag.py:545} INFO - Filling up the DagBag from /opt/airflow/dags/data/models/China.32/TS_model.pkl
[2024-08-17T02:50:09.313+0000] {processor.py:842} WARNING - No viable dags retrieved from /opt/airflow/dags/data/models/China.32/TS_model.pkl
[2024-08-17T02:50:09.324+0000] {processor.py:183} INFO - Processing /opt/airflow/dags/data/models/China.32/TS_model.pkl took 0.029 seconds
[2024-08-17T02:50:39.790+0000] {processor.py:161} INFO - Started process (PID=83329) to work on /opt/airflow/dags/data/models/China.32/TS_model.pkl
[2024-08-17T02:50:39.790+0000] {processor.py:830} INFO - Processing file /opt/airflow/dags/data/models/China.32/TS_model.pkl for tasks to queue
[2024-08-17T02:50:39.791+0000] {logging_mixin.py:188} INFO - [2024-08-17T02:50:39.791+0000] {dagbag.py:545} INFO - Filling up the DagBag from /opt/airflow/dags/data/models/China.32/TS_model.pkl
[2024-08-17T02:50:39.805+0000] {processor.py:842} WARNING - No viable dags retrieved from /opt/airflow/dags/data/models/China.32/TS_model.pkl
[2024-08-17T02:50:39.818+0000] {processor.py:183} INFO - Processing /opt/airflow/dags/data/models/China.32/TS_model.pkl took 0.032 seconds
[2024-08-17T02:51:10.546+0000] {processor.py:161} INFO - Started process (PID=83651) to work on /opt/airflow/dags/data/models/China.32/TS_model.pkl
[2024-08-17T02:51:10.547+0000] {processor.py:830} INFO - Processing file /opt/airflow/dags/data/models/China.32/TS_model.pkl for tasks to queue
[2024-08-17T02:51:10.548+0000] {logging_mixin.py:188} INFO - [2024-08-17T02:51:10.547+0000] {dagbag.py:545} INFO - Filling up the DagBag from /opt/airflow/dags/data/models/China.32/TS_model.pkl
[2024-08-17T02:51:10.560+0000] {processor.py:842} WARNING - No viable dags retrieved from /opt/airflow/dags/data/models/China.32/TS_model.pkl
[2024-08-17T02:51:10.571+0000] {processor.py:183} INFO - Processing /opt/airflow/dags/data/models/China.32/TS_model.pkl took 0.030 seconds
[2024-08-17T02:51:41.387+0000] {processor.py:161} INFO - Started process (PID=83980) to work on /opt/airflow/dags/data/models/China.32/TS_model.pkl
[2024-08-17T02:51:41.388+0000] {processor.py:830} INFO - Processing file /opt/airflow/dags/data/models/China.32/TS_model.pkl for tasks to queue
[2024-08-17T02:51:41.389+0000] {logging_mixin.py:188} INFO - [2024-08-17T02:51:41.388+0000] {dagbag.py:545} INFO - Filling up the DagBag from /opt/airflow/dags/data/models/China.32/TS_model.pkl
[2024-08-17T02:51:41.402+0000] {processor.py:842} WARNING - No viable dags retrieved from /opt/airflow/dags/data/models/China.32/TS_model.pkl
[2024-08-17T02:51:41.413+0000] {processor.py:183} INFO - Processing /opt/airflow/dags/data/models/China.32/TS_model.pkl took 0.030 seconds
[2024-08-17T02:52:12.315+0000] {processor.py:161} INFO - Started process (PID=84283) to work on /opt/airflow/dags/data/models/China.32/TS_model.pkl
[2024-08-17T02:52:12.316+0000] {processor.py:830} INFO - Processing file /opt/airflow/dags/data/models/China.32/TS_model.pkl for tasks to queue
[2024-08-17T02:52:12.316+0000] {logging_mixin.py:188} INFO - [2024-08-17T02:52:12.316+0000] {dagbag.py:545} INFO - Filling up the DagBag from /opt/airflow/dags/data/models/China.32/TS_model.pkl
[2024-08-17T02:52:12.330+0000] {processor.py:842} WARNING - No viable dags retrieved from /opt/airflow/dags/data/models/China.32/TS_model.pkl
[2024-08-17T02:52:12.341+0000] {processor.py:183} INFO - Processing /opt/airflow/dags/data/models/China.32/TS_model.pkl took 0.030 seconds
[2024-08-17T02:52:43.224+0000] {processor.py:161} INFO - Started process (PID=84612) to work on /opt/airflow/dags/data/models/China.32/TS_model.pkl
[2024-08-17T02:52:43.225+0000] {processor.py:830} INFO - Processing file /opt/airflow/dags/data/models/China.32/TS_model.pkl for tasks to queue
[2024-08-17T02:52:43.226+0000] {logging_mixin.py:188} INFO - [2024-08-17T02:52:43.226+0000] {dagbag.py:545} INFO - Filling up the DagBag from /opt/airflow/dags/data/models/China.32/TS_model.pkl
[2024-08-17T02:52:43.243+0000] {processor.py:842} WARNING - No viable dags retrieved from /opt/airflow/dags/data/models/China.32/TS_model.pkl
[2024-08-17T02:52:43.255+0000] {processor.py:183} INFO - Processing /opt/airflow/dags/data/models/China.32/TS_model.pkl took 0.036 seconds
[2024-08-17T02:53:13.812+0000] {processor.py:161} INFO - Started process (PID=84915) to work on /opt/airflow/dags/data/models/China.32/TS_model.pkl
[2024-08-17T02:53:13.813+0000] {processor.py:830} INFO - Processing file /opt/airflow/dags/data/models/China.32/TS_model.pkl for tasks to queue
[2024-08-17T02:53:13.814+0000] {logging_mixin.py:188} INFO - [2024-08-17T02:53:13.814+0000] {dagbag.py:545} INFO - Filling up the DagBag from /opt/airflow/dags/data/models/China.32/TS_model.pkl
[2024-08-17T02:53:13.826+0000] {processor.py:842} WARNING - No viable dags retrieved from /opt/airflow/dags/data/models/China.32/TS_model.pkl
[2024-08-17T02:53:13.837+0000] {processor.py:183} INFO - Processing /opt/airflow/dags/data/models/China.32/TS_model.pkl took 0.029 seconds
[2024-08-17T02:53:44.472+0000] {processor.py:161} INFO - Started process (PID=85244) to work on /opt/airflow/dags/data/models/China.32/TS_model.pkl
[2024-08-17T02:53:44.473+0000] {processor.py:830} INFO - Processing file /opt/airflow/dags/data/models/China.32/TS_model.pkl for tasks to queue
[2024-08-17T02:53:44.473+0000] {logging_mixin.py:188} INFO - [2024-08-17T02:53:44.473+0000] {dagbag.py:545} INFO - Filling up the DagBag from /opt/airflow/dags/data/models/China.32/TS_model.pkl
[2024-08-17T02:53:44.489+0000] {processor.py:842} WARNING - No viable dags retrieved from /opt/airflow/dags/data/models/China.32/TS_model.pkl
[2024-08-17T02:53:44.500+0000] {processor.py:183} INFO - Processing /opt/airflow/dags/data/models/China.32/TS_model.pkl took 0.032 seconds
[2024-08-17T02:54:15.081+0000] {processor.py:161} INFO - Started process (PID=85585) to work on /opt/airflow/dags/data/models/China.32/TS_model.pkl
[2024-08-17T02:54:15.082+0000] {processor.py:830} INFO - Processing file /opt/airflow/dags/data/models/China.32/TS_model.pkl for tasks to queue
[2024-08-17T02:54:15.083+0000] {logging_mixin.py:188} INFO - [2024-08-17T02:54:15.082+0000] {dagbag.py:545} INFO - Filling up the DagBag from /opt/airflow/dags/data/models/China.32/TS_model.pkl
[2024-08-17T02:54:15.098+0000] {processor.py:842} WARNING - No viable dags retrieved from /opt/airflow/dags/data/models/China.32/TS_model.pkl
[2024-08-17T02:54:15.109+0000] {processor.py:183} INFO - Processing /opt/airflow/dags/data/models/China.32/TS_model.pkl took 0.033 seconds
[2024-08-17T02:54:46.020+0000] {processor.py:161} INFO - Started process (PID=85938) to work on /opt/airflow/dags/data/models/China.32/TS_model.pkl
[2024-08-17T02:54:46.020+0000] {processor.py:830} INFO - Processing file /opt/airflow/dags/data/models/China.32/TS_model.pkl for tasks to queue
[2024-08-17T02:54:46.021+0000] {logging_mixin.py:188} INFO - [2024-08-17T02:54:46.021+0000] {dagbag.py:545} INFO - Filling up the DagBag from /opt/airflow/dags/data/models/China.32/TS_model.pkl
[2024-08-17T02:54:46.034+0000] {processor.py:842} WARNING - No viable dags retrieved from /opt/airflow/dags/data/models/China.32/TS_model.pkl
[2024-08-17T02:54:46.044+0000] {processor.py:183} INFO - Processing /opt/airflow/dags/data/models/China.32/TS_model.pkl took 0.029 seconds
[2024-08-17T02:55:16.967+0000] {processor.py:161} INFO - Started process (PID=86256) to work on /opt/airflow/dags/data/models/China.32/TS_model.pkl
[2024-08-17T02:55:16.968+0000] {processor.py:830} INFO - Processing file /opt/airflow/dags/data/models/China.32/TS_model.pkl for tasks to queue
[2024-08-17T02:55:16.968+0000] {logging_mixin.py:188} INFO - [2024-08-17T02:55:16.968+0000] {dagbag.py:545} INFO - Filling up the DagBag from /opt/airflow/dags/data/models/China.32/TS_model.pkl
[2024-08-17T02:55:16.980+0000] {processor.py:842} WARNING - No viable dags retrieved from /opt/airflow/dags/data/models/China.32/TS_model.pkl
[2024-08-17T02:55:16.990+0000] {processor.py:183} INFO - Processing /opt/airflow/dags/data/models/China.32/TS_model.pkl took 0.027 seconds
[2024-08-17T02:55:47.964+0000] {processor.py:161} INFO - Started process (PID=86590) to work on /opt/airflow/dags/data/models/China.32/TS_model.pkl
[2024-08-17T02:55:47.964+0000] {processor.py:830} INFO - Processing file /opt/airflow/dags/data/models/China.32/TS_model.pkl for tasks to queue
[2024-08-17T02:55:47.965+0000] {logging_mixin.py:188} INFO - [2024-08-17T02:55:47.965+0000] {dagbag.py:545} INFO - Filling up the DagBag from /opt/airflow/dags/data/models/China.32/TS_model.pkl
[2024-08-17T02:55:47.976+0000] {processor.py:842} WARNING - No viable dags retrieved from /opt/airflow/dags/data/models/China.32/TS_model.pkl
[2024-08-17T02:55:47.986+0000] {processor.py:183} INFO - Processing /opt/airflow/dags/data/models/China.32/TS_model.pkl took 0.027 seconds
[2024-08-17T02:56:19.140+0000] {processor.py:161} INFO - Started process (PID=86927) to work on /opt/airflow/dags/data/models/China.32/TS_model.pkl
[2024-08-17T02:56:19.141+0000] {processor.py:830} INFO - Processing file /opt/airflow/dags/data/models/China.32/TS_model.pkl for tasks to queue
[2024-08-17T02:56:19.142+0000] {logging_mixin.py:188} INFO - [2024-08-17T02:56:19.142+0000] {dagbag.py:545} INFO - Filling up the DagBag from /opt/airflow/dags/data/models/China.32/TS_model.pkl
[2024-08-17T02:56:19.152+0000] {processor.py:842} WARNING - No viable dags retrieved from /opt/airflow/dags/data/models/China.32/TS_model.pkl
[2024-08-17T02:56:19.163+0000] {processor.py:183} INFO - Processing /opt/airflow/dags/data/models/China.32/TS_model.pkl took 0.027 seconds
[2024-08-17T02:56:49.954+0000] {processor.py:161} INFO - Started process (PID=87259) to work on /opt/airflow/dags/data/models/China.32/TS_model.pkl
[2024-08-17T02:56:49.958+0000] {processor.py:830} INFO - Processing file /opt/airflow/dags/data/models/China.32/TS_model.pkl for tasks to queue
[2024-08-17T02:56:49.968+0000] {logging_mixin.py:188} INFO - [2024-08-17T02:56:49.967+0000] {dagbag.py:545} INFO - Filling up the DagBag from /opt/airflow/dags/data/models/China.32/TS_model.pkl
[2024-08-17T02:56:49.980+0000] {processor.py:842} WARNING - No viable dags retrieved from /opt/airflow/dags/data/models/China.32/TS_model.pkl
[2024-08-17T02:56:49.992+0000] {processor.py:183} INFO - Processing /opt/airflow/dags/data/models/China.32/TS_model.pkl took 0.042 seconds
[2024-08-17T02:57:20.987+0000] {processor.py:161} INFO - Started process (PID=87618) to work on /opt/airflow/dags/data/models/China.32/TS_model.pkl
[2024-08-17T02:57:20.988+0000] {processor.py:830} INFO - Processing file /opt/airflow/dags/data/models/China.32/TS_model.pkl for tasks to queue
[2024-08-17T02:57:20.989+0000] {logging_mixin.py:188} INFO - [2024-08-17T02:57:20.989+0000] {dagbag.py:545} INFO - Filling up the DagBag from /opt/airflow/dags/data/models/China.32/TS_model.pkl
[2024-08-17T02:57:21.001+0000] {processor.py:842} WARNING - No viable dags retrieved from /opt/airflow/dags/data/models/China.32/TS_model.pkl
[2024-08-17T02:57:21.011+0000] {processor.py:183} INFO - Processing /opt/airflow/dags/data/models/China.32/TS_model.pkl took 0.028 seconds
[2024-08-17T02:57:51.617+0000] {processor.py:161} INFO - Started process (PID=87955) to work on /opt/airflow/dags/data/models/China.32/TS_model.pkl
[2024-08-17T02:57:51.618+0000] {processor.py:830} INFO - Processing file /opt/airflow/dags/data/models/China.32/TS_model.pkl for tasks to queue
[2024-08-17T02:57:51.618+0000] {logging_mixin.py:188} INFO - [2024-08-17T02:57:51.618+0000] {dagbag.py:545} INFO - Filling up the DagBag from /opt/airflow/dags/data/models/China.32/TS_model.pkl
[2024-08-17T02:57:51.633+0000] {processor.py:842} WARNING - No viable dags retrieved from /opt/airflow/dags/data/models/China.32/TS_model.pkl
[2024-08-17T02:57:51.644+0000] {processor.py:183} INFO - Processing /opt/airflow/dags/data/models/China.32/TS_model.pkl took 0.031 seconds
[2024-08-17T02:58:22.373+0000] {processor.py:161} INFO - Started process (PID=88287) to work on /opt/airflow/dags/data/models/China.32/TS_model.pkl
[2024-08-17T02:58:22.374+0000] {processor.py:830} INFO - Processing file /opt/airflow/dags/data/models/China.32/TS_model.pkl for tasks to queue
[2024-08-17T02:58:22.375+0000] {logging_mixin.py:188} INFO - [2024-08-17T02:58:22.375+0000] {dagbag.py:545} INFO - Filling up the DagBag from /opt/airflow/dags/data/models/China.32/TS_model.pkl
[2024-08-17T02:58:22.388+0000] {processor.py:842} WARNING - No viable dags retrieved from /opt/airflow/dags/data/models/China.32/TS_model.pkl
[2024-08-17T02:58:22.398+0000] {processor.py:183} INFO - Processing /opt/airflow/dags/data/models/China.32/TS_model.pkl took 0.029 seconds
[2024-08-17T02:58:58.289+0000] {processor.py:161} INFO - Started process (PID=88676) to work on /opt/airflow/dags/data/models/China.32/TS_model.pkl
[2024-08-17T02:58:58.291+0000] {processor.py:830} INFO - Processing file /opt/airflow/dags/data/models/China.32/TS_model.pkl for tasks to queue
[2024-08-17T02:58:58.291+0000] {logging_mixin.py:188} INFO - [2024-08-17T02:58:58.291+0000] {dagbag.py:545} INFO - Filling up the DagBag from /opt/airflow/dags/data/models/China.32/TS_model.pkl
[2024-08-17T02:58:58.342+0000] {processor.py:842} WARNING - No viable dags retrieved from /opt/airflow/dags/data/models/China.32/TS_model.pkl
[2024-08-17T02:58:58.353+0000] {processor.py:183} INFO - Processing /opt/airflow/dags/data/models/China.32/TS_model.pkl took 0.067 seconds
[2024-08-17T02:59:29.709+0000] {processor.py:161} INFO - Started process (PID=89062) to work on /opt/airflow/dags/data/models/China.32/TS_model.pkl
[2024-08-17T02:59:29.710+0000] {processor.py:830} INFO - Processing file /opt/airflow/dags/data/models/China.32/TS_model.pkl for tasks to queue
[2024-08-17T02:59:29.710+0000] {logging_mixin.py:188} INFO - [2024-08-17T02:59:29.710+0000] {dagbag.py:545} INFO - Filling up the DagBag from /opt/airflow/dags/data/models/China.32/TS_model.pkl
[2024-08-17T02:59:29.722+0000] {processor.py:842} WARNING - No viable dags retrieved from /opt/airflow/dags/data/models/China.32/TS_model.pkl
[2024-08-17T02:59:29.734+0000] {processor.py:183} INFO - Processing /opt/airflow/dags/data/models/China.32/TS_model.pkl took 0.028 seconds
[2024-08-17T03:00:01.028+0000] {processor.py:161} INFO - Started process (PID=89422) to work on /opt/airflow/dags/data/models/China.32/TS_model.pkl
[2024-08-17T03:00:01.029+0000] {processor.py:830} INFO - Processing file /opt/airflow/dags/data/models/China.32/TS_model.pkl for tasks to queue
[2024-08-17T03:00:01.029+0000] {logging_mixin.py:188} INFO - [2024-08-17T03:00:01.029+0000] {dagbag.py:545} INFO - Filling up the DagBag from /opt/airflow/dags/data/models/China.32/TS_model.pkl
[2024-08-17T03:00:01.042+0000] {processor.py:842} WARNING - No viable dags retrieved from /opt/airflow/dags/data/models/China.32/TS_model.pkl
[2024-08-17T03:00:01.054+0000] {processor.py:183} INFO - Processing /opt/airflow/dags/data/models/China.32/TS_model.pkl took 0.031 seconds
[2024-08-17T03:00:32.174+0000] {processor.py:161} INFO - Started process (PID=89808) to work on /opt/airflow/dags/data/models/China.32/TS_model.pkl
[2024-08-17T03:00:32.175+0000] {processor.py:830} INFO - Processing file /opt/airflow/dags/data/models/China.32/TS_model.pkl for tasks to queue
[2024-08-17T03:00:32.176+0000] {logging_mixin.py:188} INFO - [2024-08-17T03:00:32.175+0000] {dagbag.py:545} INFO - Filling up the DagBag from /opt/airflow/dags/data/models/China.32/TS_model.pkl
[2024-08-17T03:00:32.190+0000] {processor.py:842} WARNING - No viable dags retrieved from /opt/airflow/dags/data/models/China.32/TS_model.pkl
[2024-08-17T03:00:32.201+0000] {processor.py:183} INFO - Processing /opt/airflow/dags/data/models/China.32/TS_model.pkl took 0.031 seconds
[2024-08-17T03:01:02.837+0000] {processor.py:161} INFO - Started process (PID=90194) to work on /opt/airflow/dags/data/models/China.32/TS_model.pkl
[2024-08-17T03:01:02.837+0000] {processor.py:830} INFO - Processing file /opt/airflow/dags/data/models/China.32/TS_model.pkl for tasks to queue
[2024-08-17T03:01:02.838+0000] {logging_mixin.py:188} INFO - [2024-08-17T03:01:02.838+0000] {dagbag.py:545} INFO - Filling up the DagBag from /opt/airflow/dags/data/models/China.32/TS_model.pkl
[2024-08-17T03:01:02.849+0000] {processor.py:842} WARNING - No viable dags retrieved from /opt/airflow/dags/data/models/China.32/TS_model.pkl
[2024-08-17T03:01:02.860+0000] {processor.py:183} INFO - Processing /opt/airflow/dags/data/models/China.32/TS_model.pkl took 0.027 seconds
[2024-08-17T03:01:33.670+0000] {processor.py:161} INFO - Started process (PID=90554) to work on /opt/airflow/dags/data/models/China.32/TS_model.pkl
[2024-08-17T03:01:33.671+0000] {processor.py:830} INFO - Processing file /opt/airflow/dags/data/models/China.32/TS_model.pkl for tasks to queue
[2024-08-17T03:01:33.672+0000] {logging_mixin.py:188} INFO - [2024-08-17T03:01:33.671+0000] {dagbag.py:545} INFO - Filling up the DagBag from /opt/airflow/dags/data/models/China.32/TS_model.pkl
[2024-08-17T03:01:33.684+0000] {processor.py:842} WARNING - No viable dags retrieved from /opt/airflow/dags/data/models/China.32/TS_model.pkl
[2024-08-17T03:01:33.693+0000] {processor.py:183} INFO - Processing /opt/airflow/dags/data/models/China.32/TS_model.pkl took 0.027 seconds
[2024-08-17T03:02:04.291+0000] {processor.py:161} INFO - Started process (PID=90940) to work on /opt/airflow/dags/data/models/China.32/TS_model.pkl
[2024-08-17T03:02:04.292+0000] {processor.py:830} INFO - Processing file /opt/airflow/dags/data/models/China.32/TS_model.pkl for tasks to queue
[2024-08-17T03:02:04.292+0000] {logging_mixin.py:188} INFO - [2024-08-17T03:02:04.292+0000] {dagbag.py:545} INFO - Filling up the DagBag from /opt/airflow/dags/data/models/China.32/TS_model.pkl
[2024-08-17T03:02:04.307+0000] {processor.py:842} WARNING - No viable dags retrieved from /opt/airflow/dags/data/models/China.32/TS_model.pkl
[2024-08-17T03:02:04.318+0000] {processor.py:183} INFO - Processing /opt/airflow/dags/data/models/China.32/TS_model.pkl took 0.032 seconds
[2024-08-17T03:02:35.244+0000] {processor.py:161} INFO - Started process (PID=91300) to work on /opt/airflow/dags/data/models/China.32/TS_model.pkl
[2024-08-17T03:02:35.245+0000] {processor.py:830} INFO - Processing file /opt/airflow/dags/data/models/China.32/TS_model.pkl for tasks to queue
[2024-08-17T03:02:35.245+0000] {logging_mixin.py:188} INFO - [2024-08-17T03:02:35.245+0000] {dagbag.py:545} INFO - Filling up the DagBag from /opt/airflow/dags/data/models/China.32/TS_model.pkl
[2024-08-17T03:02:35.256+0000] {processor.py:842} WARNING - No viable dags retrieved from /opt/airflow/dags/data/models/China.32/TS_model.pkl
[2024-08-17T03:02:35.267+0000] {processor.py:183} INFO - Processing /opt/airflow/dags/data/models/China.32/TS_model.pkl took 0.027 seconds
[2024-08-17T03:03:06.174+0000] {processor.py:161} INFO - Started process (PID=91666) to work on /opt/airflow/dags/data/models/China.32/TS_model.pkl
[2024-08-17T03:03:06.175+0000] {processor.py:830} INFO - Processing file /opt/airflow/dags/data/models/China.32/TS_model.pkl for tasks to queue
[2024-08-17T03:03:06.176+0000] {logging_mixin.py:188} INFO - [2024-08-17T03:03:06.175+0000] {dagbag.py:545} INFO - Filling up the DagBag from /opt/airflow/dags/data/models/China.32/TS_model.pkl
[2024-08-17T03:03:06.192+0000] {processor.py:842} WARNING - No viable dags retrieved from /opt/airflow/dags/data/models/China.32/TS_model.pkl
[2024-08-17T03:03:06.204+0000] {processor.py:183} INFO - Processing /opt/airflow/dags/data/models/China.32/TS_model.pkl took 0.034 seconds
[2024-08-17T03:03:37.078+0000] {processor.py:161} INFO - Started process (PID=92026) to work on /opt/airflow/dags/data/models/China.32/TS_model.pkl
[2024-08-17T03:03:37.079+0000] {processor.py:830} INFO - Processing file /opt/airflow/dags/data/models/China.32/TS_model.pkl for tasks to queue
[2024-08-17T03:03:37.079+0000] {logging_mixin.py:188} INFO - [2024-08-17T03:03:37.079+0000] {dagbag.py:545} INFO - Filling up the DagBag from /opt/airflow/dags/data/models/China.32/TS_model.pkl
[2024-08-17T03:03:37.091+0000] {processor.py:842} WARNING - No viable dags retrieved from /opt/airflow/dags/data/models/China.32/TS_model.pkl
[2024-08-17T03:03:37.101+0000] {processor.py:183} INFO - Processing /opt/airflow/dags/data/models/China.32/TS_model.pkl took 0.027 seconds
[2024-08-17T03:04:08.063+0000] {processor.py:161} INFO - Started process (PID=92441) to work on /opt/airflow/dags/data/models/China.32/TS_model.pkl
[2024-08-17T03:04:08.066+0000] {processor.py:830} INFO - Processing file /opt/airflow/dags/data/models/China.32/TS_model.pkl for tasks to queue
[2024-08-17T03:04:08.073+0000] {logging_mixin.py:188} INFO - [2024-08-17T03:04:08.073+0000] {dagbag.py:545} INFO - Filling up the DagBag from /opt/airflow/dags/data/models/China.32/TS_model.pkl
[2024-08-17T03:04:08.095+0000] {processor.py:842} WARNING - No viable dags retrieved from /opt/airflow/dags/data/models/China.32/TS_model.pkl
[2024-08-17T03:04:08.105+0000] {processor.py:183} INFO - Processing /opt/airflow/dags/data/models/China.32/TS_model.pkl took 0.047 seconds
[2024-08-17T03:04:39.239+0000] {processor.py:161} INFO - Started process (PID=92856) to work on /opt/airflow/dags/data/models/China.32/TS_model.pkl
[2024-08-17T03:04:39.240+0000] {processor.py:830} INFO - Processing file /opt/airflow/dags/data/models/China.32/TS_model.pkl for tasks to queue
[2024-08-17T03:04:39.241+0000] {logging_mixin.py:188} INFO - [2024-08-17T03:04:39.241+0000] {dagbag.py:545} INFO - Filling up the DagBag from /opt/airflow/dags/data/models/China.32/TS_model.pkl
[2024-08-17T03:04:39.254+0000] {processor.py:842} WARNING - No viable dags retrieved from /opt/airflow/dags/data/models/China.32/TS_model.pkl
[2024-08-17T03:04:39.265+0000] {processor.py:183} INFO - Processing /opt/airflow/dags/data/models/China.32/TS_model.pkl took 0.029 seconds
[2024-08-17T03:05:10.452+0000] {processor.py:161} INFO - Started process (PID=93225) to work on /opt/airflow/dags/data/models/China.32/TS_model.pkl
[2024-08-17T03:05:10.453+0000] {processor.py:830} INFO - Processing file /opt/airflow/dags/data/models/China.32/TS_model.pkl for tasks to queue
[2024-08-17T03:05:10.454+0000] {logging_mixin.py:188} INFO - [2024-08-17T03:05:10.454+0000] {dagbag.py:545} INFO - Filling up the DagBag from /opt/airflow/dags/data/models/China.32/TS_model.pkl
[2024-08-17T03:05:10.463+0000] {processor.py:842} WARNING - No viable dags retrieved from /opt/airflow/dags/data/models/China.32/TS_model.pkl
[2024-08-17T03:05:10.473+0000] {processor.py:183} INFO - Processing /opt/airflow/dags/data/models/China.32/TS_model.pkl took 0.025 seconds
[2024-08-17T03:05:41.030+0000] {processor.py:161} INFO - Started process (PID=93638) to work on /opt/airflow/dags/data/models/China.32/TS_model.pkl
[2024-08-17T03:05:41.031+0000] {processor.py:830} INFO - Processing file /opt/airflow/dags/data/models/China.32/TS_model.pkl for tasks to queue
[2024-08-17T03:05:41.031+0000] {logging_mixin.py:188} INFO - [2024-08-17T03:05:41.031+0000] {dagbag.py:545} INFO - Filling up the DagBag from /opt/airflow/dags/data/models/China.32/TS_model.pkl
[2024-08-17T03:05:41.044+0000] {processor.py:842} WARNING - No viable dags retrieved from /opt/airflow/dags/data/models/China.32/TS_model.pkl
[2024-08-17T03:05:41.053+0000] {processor.py:183} INFO - Processing /opt/airflow/dags/data/models/China.32/TS_model.pkl took 0.028 seconds
[2024-08-17T03:06:11.976+0000] {processor.py:161} INFO - Started process (PID=94028) to work on /opt/airflow/dags/data/models/China.32/TS_model.pkl
[2024-08-17T03:06:11.977+0000] {processor.py:830} INFO - Processing file /opt/airflow/dags/data/models/China.32/TS_model.pkl for tasks to queue
[2024-08-17T03:06:11.978+0000] {logging_mixin.py:188} INFO - [2024-08-17T03:06:11.977+0000] {dagbag.py:545} INFO - Filling up the DagBag from /opt/airflow/dags/data/models/China.32/TS_model.pkl
[2024-08-17T03:06:11.992+0000] {processor.py:842} WARNING - No viable dags retrieved from /opt/airflow/dags/data/models/China.32/TS_model.pkl
[2024-08-17T03:06:12.002+0000] {processor.py:183} INFO - Processing /opt/airflow/dags/data/models/China.32/TS_model.pkl took 0.030 seconds
[2024-08-17T03:06:42.740+0000] {processor.py:161} INFO - Started process (PID=94443) to work on /opt/airflow/dags/data/models/China.32/TS_model.pkl
[2024-08-17T03:06:42.741+0000] {processor.py:830} INFO - Processing file /opt/airflow/dags/data/models/China.32/TS_model.pkl for tasks to queue
[2024-08-17T03:06:42.741+0000] {logging_mixin.py:188} INFO - [2024-08-17T03:06:42.741+0000] {dagbag.py:545} INFO - Filling up the DagBag from /opt/airflow/dags/data/models/China.32/TS_model.pkl
[2024-08-17T03:06:42.749+0000] {processor.py:842} WARNING - No viable dags retrieved from /opt/airflow/dags/data/models/China.32/TS_model.pkl
[2024-08-17T03:06:42.759+0000] {processor.py:183} INFO - Processing /opt/airflow/dags/data/models/China.32/TS_model.pkl took 0.023 seconds
[2024-08-17T03:07:13.798+0000] {processor.py:161} INFO - Started process (PID=94839) to work on /opt/airflow/dags/data/models/China.32/TS_model.pkl
[2024-08-17T03:07:13.798+0000] {processor.py:830} INFO - Processing file /opt/airflow/dags/data/models/China.32/TS_model.pkl for tasks to queue
[2024-08-17T03:07:13.799+0000] {logging_mixin.py:188} INFO - [2024-08-17T03:07:13.799+0000] {dagbag.py:545} INFO - Filling up the DagBag from /opt/airflow/dags/data/models/China.32/TS_model.pkl
[2024-08-17T03:07:13.810+0000] {processor.py:842} WARNING - No viable dags retrieved from /opt/airflow/dags/data/models/China.32/TS_model.pkl
[2024-08-17T03:07:13.819+0000] {processor.py:183} INFO - Processing /opt/airflow/dags/data/models/China.32/TS_model.pkl took 0.026 seconds
[2024-08-17T03:07:44.863+0000] {processor.py:161} INFO - Started process (PID=95246) to work on /opt/airflow/dags/data/models/China.32/TS_model.pkl
[2024-08-17T03:07:44.864+0000] {processor.py:830} INFO - Processing file /opt/airflow/dags/data/models/China.32/TS_model.pkl for tasks to queue
[2024-08-17T03:07:44.865+0000] {logging_mixin.py:188} INFO - [2024-08-17T03:07:44.864+0000] {dagbag.py:545} INFO - Filling up the DagBag from /opt/airflow/dags/data/models/China.32/TS_model.pkl
[2024-08-17T03:07:44.876+0000] {processor.py:842} WARNING - No viable dags retrieved from /opt/airflow/dags/data/models/China.32/TS_model.pkl
[2024-08-17T03:07:44.887+0000] {processor.py:183} INFO - Processing /opt/airflow/dags/data/models/China.32/TS_model.pkl took 0.027 seconds
[2024-08-17T03:08:16.583+0000] {processor.py:161} INFO - Started process (PID=95659) to work on /opt/airflow/dags/data/models/China.32/TS_model.pkl
[2024-08-17T03:08:16.583+0000] {processor.py:830} INFO - Processing file /opt/airflow/dags/data/models/China.32/TS_model.pkl for tasks to queue
[2024-08-17T03:08:16.584+0000] {logging_mixin.py:188} INFO - [2024-08-17T03:08:16.584+0000] {dagbag.py:545} INFO - Filling up the DagBag from /opt/airflow/dags/data/models/China.32/TS_model.pkl
[2024-08-17T03:08:16.596+0000] {processor.py:842} WARNING - No viable dags retrieved from /opt/airflow/dags/data/models/China.32/TS_model.pkl
[2024-08-17T03:08:16.607+0000] {processor.py:183} INFO - Processing /opt/airflow/dags/data/models/China.32/TS_model.pkl took 0.028 seconds
[2024-08-17T03:08:59.921+0000] {processor.py:161} INFO - Started process (PID=96106) to work on /opt/airflow/dags/data/models/China.32/TS_model.pkl
[2024-08-17T03:08:59.922+0000] {processor.py:830} INFO - Processing file /opt/airflow/dags/data/models/China.32/TS_model.pkl for tasks to queue
[2024-08-17T03:08:59.923+0000] {logging_mixin.py:188} INFO - [2024-08-17T03:08:59.922+0000] {dagbag.py:545} INFO - Filling up the DagBag from /opt/airflow/dags/data/models/China.32/TS_model.pkl
[2024-08-17T03:08:59.959+0000] {processor.py:842} WARNING - No viable dags retrieved from /opt/airflow/dags/data/models/China.32/TS_model.pkl
[2024-08-17T03:08:59.971+0000] {processor.py:183} INFO - Processing /opt/airflow/dags/data/models/China.32/TS_model.pkl took 0.054 seconds
[2024-08-17T03:09:31.333+0000] {processor.py:161} INFO - Started process (PID=96549) to work on /opt/airflow/dags/data/models/China.32/TS_model.pkl
[2024-08-17T03:09:31.334+0000] {processor.py:830} INFO - Processing file /opt/airflow/dags/data/models/China.32/TS_model.pkl for tasks to queue
[2024-08-17T03:09:31.335+0000] {logging_mixin.py:188} INFO - [2024-08-17T03:09:31.335+0000] {dagbag.py:545} INFO - Filling up the DagBag from /opt/airflow/dags/data/models/China.32/TS_model.pkl
[2024-08-17T03:09:31.346+0000] {processor.py:842} WARNING - No viable dags retrieved from /opt/airflow/dags/data/models/China.32/TS_model.pkl
[2024-08-17T03:09:31.356+0000] {processor.py:183} INFO - Processing /opt/airflow/dags/data/models/China.32/TS_model.pkl took 0.027 seconds
[2024-08-17T03:10:02.726+0000] {processor.py:161} INFO - Started process (PID=96993) to work on /opt/airflow/dags/data/models/China.32/TS_model.pkl
[2024-08-17T03:10:02.726+0000] {processor.py:830} INFO - Processing file /opt/airflow/dags/data/models/China.32/TS_model.pkl for tasks to queue
[2024-08-17T03:10:02.727+0000] {logging_mixin.py:188} INFO - [2024-08-17T03:10:02.727+0000] {dagbag.py:545} INFO - Filling up the DagBag from /opt/airflow/dags/data/models/China.32/TS_model.pkl
[2024-08-17T03:10:02.738+0000] {processor.py:842} WARNING - No viable dags retrieved from /opt/airflow/dags/data/models/China.32/TS_model.pkl
[2024-08-17T03:10:02.749+0000] {processor.py:183} INFO - Processing /opt/airflow/dags/data/models/China.32/TS_model.pkl took 0.028 seconds
[2024-08-17T03:10:33.776+0000] {processor.py:161} INFO - Started process (PID=97410) to work on /opt/airflow/dags/data/models/China.32/TS_model.pkl
[2024-08-17T03:10:33.777+0000] {processor.py:830} INFO - Processing file /opt/airflow/dags/data/models/China.32/TS_model.pkl for tasks to queue
[2024-08-17T03:10:33.778+0000] {logging_mixin.py:188} INFO - [2024-08-17T03:10:33.777+0000] {dagbag.py:545} INFO - Filling up the DagBag from /opt/airflow/dags/data/models/China.32/TS_model.pkl
[2024-08-17T03:10:33.791+0000] {processor.py:842} WARNING - No viable dags retrieved from /opt/airflow/dags/data/models/China.32/TS_model.pkl
[2024-08-17T03:10:33.801+0000] {processor.py:183} INFO - Processing /opt/airflow/dags/data/models/China.32/TS_model.pkl took 0.030 seconds
[2024-08-17T03:11:04.994+0000] {processor.py:161} INFO - Started process (PID=97859) to work on /opt/airflow/dags/data/models/China.32/TS_model.pkl
[2024-08-17T03:11:04.994+0000] {processor.py:830} INFO - Processing file /opt/airflow/dags/data/models/China.32/TS_model.pkl for tasks to queue
[2024-08-17T03:11:04.995+0000] {logging_mixin.py:188} INFO - [2024-08-17T03:11:04.995+0000] {dagbag.py:545} INFO - Filling up the DagBag from /opt/airflow/dags/data/models/China.32/TS_model.pkl
[2024-08-17T03:11:05.002+0000] {processor.py:842} WARNING - No viable dags retrieved from /opt/airflow/dags/data/models/China.32/TS_model.pkl
[2024-08-17T03:11:05.012+0000] {processor.py:183} INFO - Processing /opt/airflow/dags/data/models/China.32/TS_model.pkl took 0.022 seconds
[2024-08-17T03:11:36.519+0000] {processor.py:161} INFO - Started process (PID=98284) to work on /opt/airflow/dags/data/models/China.32/TS_model.pkl
[2024-08-17T03:11:36.520+0000] {processor.py:830} INFO - Processing file /opt/airflow/dags/data/models/China.32/TS_model.pkl for tasks to queue
[2024-08-17T03:11:36.521+0000] {logging_mixin.py:188} INFO - [2024-08-17T03:11:36.521+0000] {dagbag.py:545} INFO - Filling up the DagBag from /opt/airflow/dags/data/models/China.32/TS_model.pkl
[2024-08-17T03:11:36.532+0000] {processor.py:842} WARNING - No viable dags retrieved from /opt/airflow/dags/data/models/China.32/TS_model.pkl
[2024-08-17T03:11:36.542+0000] {processor.py:183} INFO - Processing /opt/airflow/dags/data/models/China.32/TS_model.pkl took 0.027 seconds
[2024-08-17T03:12:07.290+0000] {processor.py:161} INFO - Started process (PID=98699) to work on /opt/airflow/dags/data/models/China.32/TS_model.pkl
[2024-08-17T03:12:07.291+0000] {processor.py:830} INFO - Processing file /opt/airflow/dags/data/models/China.32/TS_model.pkl for tasks to queue
[2024-08-17T03:12:07.291+0000] {logging_mixin.py:188} INFO - [2024-08-17T03:12:07.291+0000] {dagbag.py:545} INFO - Filling up the DagBag from /opt/airflow/dags/data/models/China.32/TS_model.pkl
[2024-08-17T03:12:07.300+0000] {processor.py:842} WARNING - No viable dags retrieved from /opt/airflow/dags/data/models/China.32/TS_model.pkl
[2024-08-17T03:12:07.310+0000] {processor.py:183} INFO - Processing /opt/airflow/dags/data/models/China.32/TS_model.pkl took 0.024 seconds
[2024-08-17T03:12:38.006+0000] {processor.py:161} INFO - Started process (PID=99142) to work on /opt/airflow/dags/data/models/China.32/TS_model.pkl
[2024-08-17T03:12:38.007+0000] {processor.py:830} INFO - Processing file /opt/airflow/dags/data/models/China.32/TS_model.pkl for tasks to queue
[2024-08-17T03:12:38.008+0000] {logging_mixin.py:188} INFO - [2024-08-17T03:12:38.007+0000] {dagbag.py:545} INFO - Filling up the DagBag from /opt/airflow/dags/data/models/China.32/TS_model.pkl
[2024-08-17T03:12:38.017+0000] {processor.py:842} WARNING - No viable dags retrieved from /opt/airflow/dags/data/models/China.32/TS_model.pkl
[2024-08-17T03:12:38.026+0000] {processor.py:183} INFO - Processing /opt/airflow/dags/data/models/China.32/TS_model.pkl took 0.024 seconds
[2024-08-17T03:13:08.699+0000] {processor.py:161} INFO - Started process (PID=99559) to work on /opt/airflow/dags/data/models/China.32/TS_model.pkl
[2024-08-17T03:13:08.700+0000] {processor.py:830} INFO - Processing file /opt/airflow/dags/data/models/China.32/TS_model.pkl for tasks to queue
[2024-08-17T03:13:08.701+0000] {logging_mixin.py:188} INFO - [2024-08-17T03:13:08.700+0000] {dagbag.py:545} INFO - Filling up the DagBag from /opt/airflow/dags/data/models/China.32/TS_model.pkl
[2024-08-17T03:13:08.710+0000] {processor.py:842} WARNING - No viable dags retrieved from /opt/airflow/dags/data/models/China.32/TS_model.pkl
[2024-08-17T03:13:08.721+0000] {processor.py:183} INFO - Processing /opt/airflow/dags/data/models/China.32/TS_model.pkl took 0.025 seconds
[2024-08-17T03:13:39.474+0000] {processor.py:161} INFO - Started process (PID=305) to work on /opt/airflow/dags/data/models/China.32/TS_model.pkl
[2024-08-17T03:13:39.475+0000] {processor.py:830} INFO - Processing file /opt/airflow/dags/data/models/China.32/TS_model.pkl for tasks to queue
[2024-08-17T03:13:39.476+0000] {logging_mixin.py:188} INFO - [2024-08-17T03:13:39.475+0000] {dagbag.py:545} INFO - Filling up the DagBag from /opt/airflow/dags/data/models/China.32/TS_model.pkl
[2024-08-17T03:13:39.486+0000] {processor.py:842} WARNING - No viable dags retrieved from /opt/airflow/dags/data/models/China.32/TS_model.pkl
[2024-08-17T03:13:39.496+0000] {processor.py:183} INFO - Processing /opt/airflow/dags/data/models/China.32/TS_model.pkl took 0.026 seconds
[2024-08-17T03:14:10.420+0000] {processor.py:161} INFO - Started process (PID=736) to work on /opt/airflow/dags/data/models/China.32/TS_model.pkl
[2024-08-17T03:14:10.420+0000] {processor.py:830} INFO - Processing file /opt/airflow/dags/data/models/China.32/TS_model.pkl for tasks to queue
[2024-08-17T03:14:10.421+0000] {logging_mixin.py:188} INFO - [2024-08-17T03:14:10.421+0000] {dagbag.py:545} INFO - Filling up the DagBag from /opt/airflow/dags/data/models/China.32/TS_model.pkl
[2024-08-17T03:14:10.430+0000] {processor.py:842} WARNING - No viable dags retrieved from /opt/airflow/dags/data/models/China.32/TS_model.pkl
[2024-08-17T03:14:10.439+0000] {processor.py:183} INFO - Processing /opt/airflow/dags/data/models/China.32/TS_model.pkl took 0.023 seconds
[2024-08-17T03:14:42.341+0000] {processor.py:161} INFO - Started process (PID=1195) to work on /opt/airflow/dags/data/models/China.32/TS_model.pkl
[2024-08-17T03:14:42.342+0000] {processor.py:830} INFO - Processing file /opt/airflow/dags/data/models/China.32/TS_model.pkl for tasks to queue
[2024-08-17T03:14:42.343+0000] {logging_mixin.py:188} INFO - [2024-08-17T03:14:42.342+0000] {dagbag.py:545} INFO - Filling up the DagBag from /opt/airflow/dags/data/models/China.32/TS_model.pkl
[2024-08-17T03:14:42.350+0000] {processor.py:842} WARNING - No viable dags retrieved from /opt/airflow/dags/data/models/China.32/TS_model.pkl
[2024-08-17T03:14:42.360+0000] {processor.py:183} INFO - Processing /opt/airflow/dags/data/models/China.32/TS_model.pkl took 0.023 seconds
[2024-08-17T03:15:13.168+0000] {processor.py:161} INFO - Started process (PID=1628) to work on /opt/airflow/dags/data/models/China.32/TS_model.pkl
[2024-08-17T03:15:13.168+0000] {processor.py:830} INFO - Processing file /opt/airflow/dags/data/models/China.32/TS_model.pkl for tasks to queue
[2024-08-17T03:15:13.169+0000] {logging_mixin.py:188} INFO - [2024-08-17T03:15:13.169+0000] {dagbag.py:545} INFO - Filling up the DagBag from /opt/airflow/dags/data/models/China.32/TS_model.pkl
[2024-08-17T03:15:13.178+0000] {processor.py:842} WARNING - No viable dags retrieved from /opt/airflow/dags/data/models/China.32/TS_model.pkl
[2024-08-17T03:15:13.187+0000] {processor.py:183} INFO - Processing /opt/airflow/dags/data/models/China.32/TS_model.pkl took 0.023 seconds
[2024-08-17T03:15:44.285+0000] {processor.py:161} INFO - Started process (PID=2056) to work on /opt/airflow/dags/data/models/China.32/TS_model.pkl
[2024-08-17T03:15:44.286+0000] {processor.py:830} INFO - Processing file /opt/airflow/dags/data/models/China.32/TS_model.pkl for tasks to queue
[2024-08-17T03:15:44.287+0000] {logging_mixin.py:188} INFO - [2024-08-17T03:15:44.287+0000] {dagbag.py:545} INFO - Filling up the DagBag from /opt/airflow/dags/data/models/China.32/TS_model.pkl
[2024-08-17T03:15:44.299+0000] {processor.py:842} WARNING - No viable dags retrieved from /opt/airflow/dags/data/models/China.32/TS_model.pkl
[2024-08-17T03:15:44.309+0000] {processor.py:183} INFO - Processing /opt/airflow/dags/data/models/China.32/TS_model.pkl took 0.027 seconds
[2024-08-17T03:16:15.679+0000] {processor.py:161} INFO - Started process (PID=2510) to work on /opt/airflow/dags/data/models/China.32/TS_model.pkl
[2024-08-17T03:16:15.680+0000] {processor.py:830} INFO - Processing file /opt/airflow/dags/data/models/China.32/TS_model.pkl for tasks to queue
[2024-08-17T03:16:15.681+0000] {logging_mixin.py:188} INFO - [2024-08-17T03:16:15.681+0000] {dagbag.py:545} INFO - Filling up the DagBag from /opt/airflow/dags/data/models/China.32/TS_model.pkl
[2024-08-17T03:16:15.694+0000] {processor.py:842} WARNING - No viable dags retrieved from /opt/airflow/dags/data/models/China.32/TS_model.pkl
[2024-08-17T03:16:15.704+0000] {processor.py:183} INFO - Processing /opt/airflow/dags/data/models/China.32/TS_model.pkl took 0.028 seconds
[2024-08-17T03:16:48.460+0000] {processor.py:161} INFO - Started process (PID=2961) to work on /opt/airflow/dags/data/models/China.32/TS_model.pkl
[2024-08-17T03:16:48.460+0000] {processor.py:830} INFO - Processing file /opt/airflow/dags/data/models/China.32/TS_model.pkl for tasks to queue
[2024-08-17T03:16:48.462+0000] {logging_mixin.py:188} INFO - [2024-08-17T03:16:48.462+0000] {dagbag.py:545} INFO - Filling up the DagBag from /opt/airflow/dags/data/models/China.32/TS_model.pkl
[2024-08-17T03:16:48.477+0000] {processor.py:842} WARNING - No viable dags retrieved from /opt/airflow/dags/data/models/China.32/TS_model.pkl
[2024-08-17T03:16:48.487+0000] {processor.py:183} INFO - Processing /opt/airflow/dags/data/models/China.32/TS_model.pkl took 0.034 seconds
[2024-08-17T03:17:19.644+0000] {processor.py:161} INFO - Started process (PID=3389) to work on /opt/airflow/dags/data/models/China.32/TS_model.pkl
[2024-08-17T03:17:19.645+0000] {processor.py:830} INFO - Processing file /opt/airflow/dags/data/models/China.32/TS_model.pkl for tasks to queue
[2024-08-17T03:17:19.645+0000] {logging_mixin.py:188} INFO - [2024-08-17T03:17:19.645+0000] {dagbag.py:545} INFO - Filling up the DagBag from /opt/airflow/dags/data/models/China.32/TS_model.pkl
[2024-08-17T03:17:19.654+0000] {processor.py:842} WARNING - No viable dags retrieved from /opt/airflow/dags/data/models/China.32/TS_model.pkl
[2024-08-17T03:17:19.664+0000] {processor.py:183} INFO - Processing /opt/airflow/dags/data/models/China.32/TS_model.pkl took 0.024 seconds
[2024-08-17T03:17:50.778+0000] {processor.py:161} INFO - Started process (PID=3843) to work on /opt/airflow/dags/data/models/China.32/TS_model.pkl
[2024-08-17T03:17:50.778+0000] {processor.py:830} INFO - Processing file /opt/airflow/dags/data/models/China.32/TS_model.pkl for tasks to queue
[2024-08-17T03:17:50.779+0000] {logging_mixin.py:188} INFO - [2024-08-17T03:17:50.779+0000] {dagbag.py:545} INFO - Filling up the DagBag from /opt/airflow/dags/data/models/China.32/TS_model.pkl
[2024-08-17T03:17:50.788+0000] {processor.py:842} WARNING - No viable dags retrieved from /opt/airflow/dags/data/models/China.32/TS_model.pkl
[2024-08-17T03:17:50.798+0000] {processor.py:183} INFO - Processing /opt/airflow/dags/data/models/China.32/TS_model.pkl took 0.024 seconds
[2024-08-17T03:18:21.874+0000] {processor.py:161} INFO - Started process (PID=4276) to work on /opt/airflow/dags/data/models/China.32/TS_model.pkl
[2024-08-17T03:18:21.874+0000] {processor.py:830} INFO - Processing file /opt/airflow/dags/data/models/China.32/TS_model.pkl for tasks to queue
[2024-08-17T03:18:21.875+0000] {logging_mixin.py:188} INFO - [2024-08-17T03:18:21.875+0000] {dagbag.py:545} INFO - Filling up the DagBag from /opt/airflow/dags/data/models/China.32/TS_model.pkl
[2024-08-17T03:18:21.882+0000] {processor.py:842} WARNING - No viable dags retrieved from /opt/airflow/dags/data/models/China.32/TS_model.pkl
[2024-08-17T03:18:21.891+0000] {processor.py:183} INFO - Processing /opt/airflow/dags/data/models/China.32/TS_model.pkl took 0.021 seconds
[2024-08-17T03:18:58.417+0000] {processor.py:161} INFO - Started process (PID=4755) to work on /opt/airflow/dags/data/models/China.32/TS_model.pkl
[2024-08-17T03:18:58.419+0000] {processor.py:830} INFO - Processing file /opt/airflow/dags/data/models/China.32/TS_model.pkl for tasks to queue
[2024-08-17T03:18:58.420+0000] {logging_mixin.py:188} INFO - [2024-08-17T03:18:58.419+0000] {dagbag.py:545} INFO - Filling up the DagBag from /opt/airflow/dags/data/models/China.32/TS_model.pkl
[2024-08-17T03:18:58.430+0000] {processor.py:842} WARNING - No viable dags retrieved from /opt/airflow/dags/data/models/China.32/TS_model.pkl
[2024-08-17T03:18:58.439+0000] {processor.py:183} INFO - Processing /opt/airflow/dags/data/models/China.32/TS_model.pkl took 0.026 seconds
[2024-08-17T03:19:29.724+0000] {processor.py:161} INFO - Started process (PID=5183) to work on /opt/airflow/dags/data/models/China.32/TS_model.pkl
[2024-08-17T03:19:29.725+0000] {processor.py:830} INFO - Processing file /opt/airflow/dags/data/models/China.32/TS_model.pkl for tasks to queue
[2024-08-17T03:19:29.725+0000] {logging_mixin.py:188} INFO - [2024-08-17T03:19:29.725+0000] {dagbag.py:545} INFO - Filling up the DagBag from /opt/airflow/dags/data/models/China.32/TS_model.pkl
[2024-08-17T03:19:29.733+0000] {processor.py:842} WARNING - No viable dags retrieved from /opt/airflow/dags/data/models/China.32/TS_model.pkl
[2024-08-17T03:19:29.743+0000] {processor.py:183} INFO - Processing /opt/airflow/dags/data/models/China.32/TS_model.pkl took 0.023 seconds
[2024-08-17T03:20:00.593+0000] {processor.py:161} INFO - Started process (PID=5637) to work on /opt/airflow/dags/data/models/China.32/TS_model.pkl
[2024-08-17T03:20:00.594+0000] {processor.py:830} INFO - Processing file /opt/airflow/dags/data/models/China.32/TS_model.pkl for tasks to queue
[2024-08-17T03:20:00.595+0000] {logging_mixin.py:188} INFO - [2024-08-17T03:20:00.594+0000] {dagbag.py:545} INFO - Filling up the DagBag from /opt/airflow/dags/data/models/China.32/TS_model.pkl
[2024-08-17T03:20:00.602+0000] {processor.py:842} WARNING - No viable dags retrieved from /opt/airflow/dags/data/models/China.32/TS_model.pkl
[2024-08-17T03:20:00.611+0000] {processor.py:183} INFO - Processing /opt/airflow/dags/data/models/China.32/TS_model.pkl took 0.022 seconds
[2024-08-17T03:20:31.892+0000] {processor.py:161} INFO - Started process (PID=6091) to work on /opt/airflow/dags/data/models/China.32/TS_model.pkl
[2024-08-17T03:20:31.892+0000] {processor.py:830} INFO - Processing file /opt/airflow/dags/data/models/China.32/TS_model.pkl for tasks to queue
[2024-08-17T03:20:31.893+0000] {logging_mixin.py:188} INFO - [2024-08-17T03:20:31.893+0000] {dagbag.py:545} INFO - Filling up the DagBag from /opt/airflow/dags/data/models/China.32/TS_model.pkl
[2024-08-17T03:20:31.901+0000] {processor.py:842} WARNING - No viable dags retrieved from /opt/airflow/dags/data/models/China.32/TS_model.pkl
[2024-08-17T03:20:31.911+0000] {processor.py:183} INFO - Processing /opt/airflow/dags/data/models/China.32/TS_model.pkl took 0.023 seconds
[2024-08-17T03:21:02.377+0000] {processor.py:161} INFO - Started process (PID=6519) to work on /opt/airflow/dags/data/models/China.32/TS_model.pkl
[2024-08-17T03:21:02.378+0000] {processor.py:830} INFO - Processing file /opt/airflow/dags/data/models/China.32/TS_model.pkl for tasks to queue
[2024-08-17T03:21:02.378+0000] {logging_mixin.py:188} INFO - [2024-08-17T03:21:02.378+0000] {dagbag.py:545} INFO - Filling up the DagBag from /opt/airflow/dags/data/models/China.32/TS_model.pkl
[2024-08-17T03:21:02.389+0000] {processor.py:842} WARNING - No viable dags retrieved from /opt/airflow/dags/data/models/China.32/TS_model.pkl
[2024-08-17T03:21:02.398+0000] {processor.py:183} INFO - Processing /opt/airflow/dags/data/models/China.32/TS_model.pkl took 0.024 seconds
[2024-08-17T03:21:33.153+0000] {processor.py:161} INFO - Started process (PID=6973) to work on /opt/airflow/dags/data/models/China.32/TS_model.pkl
[2024-08-17T03:21:33.154+0000] {processor.py:830} INFO - Processing file /opt/airflow/dags/data/models/China.32/TS_model.pkl for tasks to queue
[2024-08-17T03:21:33.154+0000] {logging_mixin.py:188} INFO - [2024-08-17T03:21:33.154+0000] {dagbag.py:545} INFO - Filling up the DagBag from /opt/airflow/dags/data/models/China.32/TS_model.pkl
[2024-08-17T03:21:33.162+0000] {processor.py:842} WARNING - No viable dags retrieved from /opt/airflow/dags/data/models/China.32/TS_model.pkl
[2024-08-17T03:21:33.172+0000] {processor.py:183} INFO - Processing /opt/airflow/dags/data/models/China.32/TS_model.pkl took 0.023 seconds
[2024-08-17T03:22:03.866+0000] {processor.py:161} INFO - Started process (PID=7401) to work on /opt/airflow/dags/data/models/China.32/TS_model.pkl
[2024-08-17T03:22:03.867+0000] {processor.py:830} INFO - Processing file /opt/airflow/dags/data/models/China.32/TS_model.pkl for tasks to queue
[2024-08-17T03:22:03.867+0000] {logging_mixin.py:188} INFO - [2024-08-17T03:22:03.867+0000] {dagbag.py:545} INFO - Filling up the DagBag from /opt/airflow/dags/data/models/China.32/TS_model.pkl
[2024-08-17T03:22:03.874+0000] {processor.py:842} WARNING - No viable dags retrieved from /opt/airflow/dags/data/models/China.32/TS_model.pkl
[2024-08-17T03:22:03.883+0000] {processor.py:183} INFO - Processing /opt/airflow/dags/data/models/China.32/TS_model.pkl took 0.021 seconds
[2024-08-17T03:22:34.554+0000] {processor.py:161} INFO - Started process (PID=7855) to work on /opt/airflow/dags/data/models/China.32/TS_model.pkl
[2024-08-17T03:22:34.554+0000] {processor.py:830} INFO - Processing file /opt/airflow/dags/data/models/China.32/TS_model.pkl for tasks to queue
[2024-08-17T03:22:34.555+0000] {logging_mixin.py:188} INFO - [2024-08-17T03:22:34.555+0000] {dagbag.py:545} INFO - Filling up the DagBag from /opt/airflow/dags/data/models/China.32/TS_model.pkl
[2024-08-17T03:22:34.563+0000] {processor.py:842} WARNING - No viable dags retrieved from /opt/airflow/dags/data/models/China.32/TS_model.pkl
[2024-08-17T03:22:34.573+0000] {processor.py:183} INFO - Processing /opt/airflow/dags/data/models/China.32/TS_model.pkl took 0.023 seconds
[2024-08-17T03:23:05.854+0000] {processor.py:161} INFO - Started process (PID=8310) to work on /opt/airflow/dags/data/models/China.32/TS_model.pkl
[2024-08-17T03:23:05.855+0000] {processor.py:830} INFO - Processing file /opt/airflow/dags/data/models/China.32/TS_model.pkl for tasks to queue
[2024-08-17T03:23:05.856+0000] {logging_mixin.py:188} INFO - [2024-08-17T03:23:05.855+0000] {dagbag.py:545} INFO - Filling up the DagBag from /opt/airflow/dags/data/models/China.32/TS_model.pkl
[2024-08-17T03:23:05.865+0000] {processor.py:842} WARNING - No viable dags retrieved from /opt/airflow/dags/data/models/China.32/TS_model.pkl
[2024-08-17T03:23:05.874+0000] {processor.py:183} INFO - Processing /opt/airflow/dags/data/models/China.32/TS_model.pkl took 0.023 seconds
[2024-08-17T03:23:37.560+0000] {processor.py:161} INFO - Started process (PID=8741) to work on /opt/airflow/dags/data/models/China.32/TS_model.pkl
[2024-08-17T03:23:37.561+0000] {processor.py:830} INFO - Processing file /opt/airflow/dags/data/models/China.32/TS_model.pkl for tasks to queue
[2024-08-17T03:23:37.561+0000] {logging_mixin.py:188} INFO - [2024-08-17T03:23:37.561+0000] {dagbag.py:545} INFO - Filling up the DagBag from /opt/airflow/dags/data/models/China.32/TS_model.pkl
[2024-08-17T03:23:37.570+0000] {processor.py:842} WARNING - No viable dags retrieved from /opt/airflow/dags/data/models/China.32/TS_model.pkl
[2024-08-17T03:23:37.580+0000] {processor.py:183} INFO - Processing /opt/airflow/dags/data/models/China.32/TS_model.pkl took 0.024 seconds
[2024-08-17T03:24:08.692+0000] {processor.py:161} INFO - Started process (PID=9176) to work on /opt/airflow/dags/data/models/China.32/TS_model.pkl
[2024-08-17T03:24:08.693+0000] {processor.py:830} INFO - Processing file /opt/airflow/dags/data/models/China.32/TS_model.pkl for tasks to queue
[2024-08-17T03:24:08.694+0000] {logging_mixin.py:188} INFO - [2024-08-17T03:24:08.693+0000] {dagbag.py:545} INFO - Filling up the DagBag from /opt/airflow/dags/data/models/China.32/TS_model.pkl
[2024-08-17T03:24:08.701+0000] {processor.py:842} WARNING - No viable dags retrieved from /opt/airflow/dags/data/models/China.32/TS_model.pkl
[2024-08-17T03:24:08.710+0000] {processor.py:183} INFO - Processing /opt/airflow/dags/data/models/China.32/TS_model.pkl took 0.022 seconds
[2024-08-17T03:24:39.749+0000] {processor.py:161} INFO - Started process (PID=9628) to work on /opt/airflow/dags/data/models/China.32/TS_model.pkl
[2024-08-17T03:24:39.750+0000] {processor.py:830} INFO - Processing file /opt/airflow/dags/data/models/China.32/TS_model.pkl for tasks to queue
[2024-08-17T03:24:39.750+0000] {logging_mixin.py:188} INFO - [2024-08-17T03:24:39.750+0000] {dagbag.py:545} INFO - Filling up the DagBag from /opt/airflow/dags/data/models/China.32/TS_model.pkl
[2024-08-17T03:24:39.761+0000] {processor.py:842} WARNING - No viable dags retrieved from /opt/airflow/dags/data/models/China.32/TS_model.pkl
[2024-08-17T03:24:39.774+0000] {processor.py:183} INFO - Processing /opt/airflow/dags/data/models/China.32/TS_model.pkl took 0.029 seconds
[2024-08-17T03:25:11.090+0000] {processor.py:161} INFO - Started process (PID=10058) to work on /opt/airflow/dags/data/models/China.32/TS_model.pkl
[2024-08-17T03:25:11.090+0000] {processor.py:830} INFO - Processing file /opt/airflow/dags/data/models/China.32/TS_model.pkl for tasks to queue
[2024-08-17T03:25:11.091+0000] {logging_mixin.py:188} INFO - [2024-08-17T03:25:11.091+0000] {dagbag.py:545} INFO - Filling up the DagBag from /opt/airflow/dags/data/models/China.32/TS_model.pkl
[2024-08-17T03:25:11.104+0000] {processor.py:842} WARNING - No viable dags retrieved from /opt/airflow/dags/data/models/China.32/TS_model.pkl
[2024-08-17T03:25:11.114+0000] {processor.py:183} INFO - Processing /opt/airflow/dags/data/models/China.32/TS_model.pkl took 0.028 seconds
[2024-08-17T03:25:42.290+0000] {processor.py:161} INFO - Started process (PID=10493) to work on /opt/airflow/dags/data/models/China.32/TS_model.pkl
[2024-08-17T03:25:42.291+0000] {processor.py:830} INFO - Processing file /opt/airflow/dags/data/models/China.32/TS_model.pkl for tasks to queue
[2024-08-17T03:25:42.291+0000] {logging_mixin.py:188} INFO - [2024-08-17T03:25:42.291+0000] {dagbag.py:545} INFO - Filling up the DagBag from /opt/airflow/dags/data/models/China.32/TS_model.pkl
[2024-08-17T03:25:42.299+0000] {processor.py:842} WARNING - No viable dags retrieved from /opt/airflow/dags/data/models/China.32/TS_model.pkl
[2024-08-17T03:25:42.308+0000] {processor.py:183} INFO - Processing /opt/airflow/dags/data/models/China.32/TS_model.pkl took 0.021 seconds
[2024-08-17T03:26:13.120+0000] {processor.py:161} INFO - Started process (PID=10926) to work on /opt/airflow/dags/data/models/China.32/TS_model.pkl
[2024-08-17T03:26:13.120+0000] {processor.py:830} INFO - Processing file /opt/airflow/dags/data/models/China.32/TS_model.pkl for tasks to queue
[2024-08-17T03:26:13.121+0000] {logging_mixin.py:188} INFO - [2024-08-17T03:26:13.121+0000] {dagbag.py:545} INFO - Filling up the DagBag from /opt/airflow/dags/data/models/China.32/TS_model.pkl
[2024-08-17T03:26:13.129+0000] {processor.py:842} WARNING - No viable dags retrieved from /opt/airflow/dags/data/models/China.32/TS_model.pkl
[2024-08-17T03:26:13.138+0000] {processor.py:183} INFO - Processing /opt/airflow/dags/data/models/China.32/TS_model.pkl took 0.022 seconds
[2024-08-17T03:26:44.105+0000] {processor.py:161} INFO - Started process (PID=11374) to work on /opt/airflow/dags/data/models/China.32/TS_model.pkl
[2024-08-17T03:26:44.106+0000] {processor.py:830} INFO - Processing file /opt/airflow/dags/data/models/China.32/TS_model.pkl for tasks to queue
[2024-08-17T03:26:44.106+0000] {logging_mixin.py:188} INFO - [2024-08-17T03:26:44.106+0000] {dagbag.py:545} INFO - Filling up the DagBag from /opt/airflow/dags/data/models/China.32/TS_model.pkl
[2024-08-17T03:26:44.117+0000] {processor.py:842} WARNING - No viable dags retrieved from /opt/airflow/dags/data/models/China.32/TS_model.pkl
[2024-08-17T03:26:44.126+0000] {processor.py:183} INFO - Processing /opt/airflow/dags/data/models/China.32/TS_model.pkl took 0.025 seconds
[2024-08-17T03:27:15.240+0000] {processor.py:161} INFO - Started process (PID=11828) to work on /opt/airflow/dags/data/models/China.32/TS_model.pkl
[2024-08-17T03:27:15.241+0000] {processor.py:830} INFO - Processing file /opt/airflow/dags/data/models/China.32/TS_model.pkl for tasks to queue
[2024-08-17T03:27:15.241+0000] {logging_mixin.py:188} INFO - [2024-08-17T03:27:15.241+0000] {dagbag.py:545} INFO - Filling up the DagBag from /opt/airflow/dags/data/models/China.32/TS_model.pkl
[2024-08-17T03:27:15.252+0000] {processor.py:842} WARNING - No viable dags retrieved from /opt/airflow/dags/data/models/China.32/TS_model.pkl
[2024-08-17T03:27:15.261+0000] {processor.py:183} INFO - Processing /opt/airflow/dags/data/models/China.32/TS_model.pkl took 0.025 seconds
[2024-08-17T03:27:46.475+0000] {processor.py:161} INFO - Started process (PID=12259) to work on /opt/airflow/dags/data/models/China.32/TS_model.pkl
[2024-08-17T03:27:46.475+0000] {processor.py:830} INFO - Processing file /opt/airflow/dags/data/models/China.32/TS_model.pkl for tasks to queue
[2024-08-17T03:27:46.476+0000] {logging_mixin.py:188} INFO - [2024-08-17T03:27:46.476+0000] {dagbag.py:545} INFO - Filling up the DagBag from /opt/airflow/dags/data/models/China.32/TS_model.pkl
[2024-08-17T03:27:46.485+0000] {processor.py:842} WARNING - No viable dags retrieved from /opt/airflow/dags/data/models/China.32/TS_model.pkl
[2024-08-17T03:27:46.494+0000] {processor.py:183} INFO - Processing /opt/airflow/dags/data/models/China.32/TS_model.pkl took 0.023 seconds
[2024-08-17T03:28:17.656+0000] {processor.py:161} INFO - Started process (PID=12696) to work on /opt/airflow/dags/data/models/China.32/TS_model.pkl
[2024-08-17T03:28:17.657+0000] {processor.py:830} INFO - Processing file /opt/airflow/dags/data/models/China.32/TS_model.pkl for tasks to queue
[2024-08-17T03:28:17.658+0000] {logging_mixin.py:188} INFO - [2024-08-17T03:28:17.658+0000] {dagbag.py:545} INFO - Filling up the DagBag from /opt/airflow/dags/data/models/China.32/TS_model.pkl
[2024-08-17T03:28:17.666+0000] {processor.py:842} WARNING - No viable dags retrieved from /opt/airflow/dags/data/models/China.32/TS_model.pkl
[2024-08-17T03:28:17.676+0000] {processor.py:183} INFO - Processing /opt/airflow/dags/data/models/China.32/TS_model.pkl took 0.023 seconds
[2024-08-17T03:28:48.435+0000] {processor.py:161} INFO - Started process (PID=13150) to work on /opt/airflow/dags/data/models/China.32/TS_model.pkl
[2024-08-17T03:28:48.436+0000] {processor.py:830} INFO - Processing file /opt/airflow/dags/data/models/China.32/TS_model.pkl for tasks to queue
[2024-08-17T03:28:48.436+0000] {logging_mixin.py:188} INFO - [2024-08-17T03:28:48.436+0000] {dagbag.py:545} INFO - Filling up the DagBag from /opt/airflow/dags/data/models/China.32/TS_model.pkl
[2024-08-17T03:28:48.446+0000] {processor.py:842} WARNING - No viable dags retrieved from /opt/airflow/dags/data/models/China.32/TS_model.pkl
[2024-08-17T03:28:48.455+0000] {processor.py:183} INFO - Processing /opt/airflow/dags/data/models/China.32/TS_model.pkl took 0.024 seconds
[2024-08-17T03:29:19.276+0000] {processor.py:161} INFO - Started process (PID=13578) to work on /opt/airflow/dags/data/models/China.32/TS_model.pkl
[2024-08-17T03:29:19.276+0000] {processor.py:830} INFO - Processing file /opt/airflow/dags/data/models/China.32/TS_model.pkl for tasks to queue
[2024-08-17T03:29:19.277+0000] {logging_mixin.py:188} INFO - [2024-08-17T03:29:19.277+0000] {dagbag.py:545} INFO - Filling up the DagBag from /opt/airflow/dags/data/models/China.32/TS_model.pkl
[2024-08-17T03:29:19.286+0000] {processor.py:842} WARNING - No viable dags retrieved from /opt/airflow/dags/data/models/China.32/TS_model.pkl
[2024-08-17T03:29:19.295+0000] {processor.py:183} INFO - Processing /opt/airflow/dags/data/models/China.32/TS_model.pkl took 0.024 seconds
[2024-08-17T03:29:49.996+0000] {processor.py:161} INFO - Started process (PID=14032) to work on /opt/airflow/dags/data/models/China.32/TS_model.pkl
[2024-08-17T03:29:49.997+0000] {processor.py:830} INFO - Processing file /opt/airflow/dags/data/models/China.32/TS_model.pkl for tasks to queue
[2024-08-17T03:29:49.997+0000] {logging_mixin.py:188} INFO - [2024-08-17T03:29:49.997+0000] {dagbag.py:545} INFO - Filling up the DagBag from /opt/airflow/dags/data/models/China.32/TS_model.pkl
[2024-08-17T03:29:50.007+0000] {processor.py:842} WARNING - No viable dags retrieved from /opt/airflow/dags/data/models/China.32/TS_model.pkl
[2024-08-17T03:29:50.017+0000] {processor.py:183} INFO - Processing /opt/airflow/dags/data/models/China.32/TS_model.pkl took 0.025 seconds
[2024-08-17T03:30:20.773+0000] {processor.py:161} INFO - Started process (PID=14486) to work on /opt/airflow/dags/data/models/China.32/TS_model.pkl
[2024-08-17T03:30:20.773+0000] {processor.py:830} INFO - Processing file /opt/airflow/dags/data/models/China.32/TS_model.pkl for tasks to queue
[2024-08-17T03:30:20.774+0000] {logging_mixin.py:188} INFO - [2024-08-17T03:30:20.774+0000] {dagbag.py:545} INFO - Filling up the DagBag from /opt/airflow/dags/data/models/China.32/TS_model.pkl
[2024-08-17T03:30:20.781+0000] {processor.py:842} WARNING - No viable dags retrieved from /opt/airflow/dags/data/models/China.32/TS_model.pkl
[2024-08-17T03:30:20.790+0000] {processor.py:183} INFO - Processing /opt/airflow/dags/data/models/China.32/TS_model.pkl took 0.021 seconds
[2024-08-17T03:30:52.110+0000] {processor.py:161} INFO - Started process (PID=14914) to work on /opt/airflow/dags/data/models/China.32/TS_model.pkl
[2024-08-17T03:30:52.111+0000] {processor.py:830} INFO - Processing file /opt/airflow/dags/data/models/China.32/TS_model.pkl for tasks to queue
[2024-08-17T03:30:52.111+0000] {logging_mixin.py:188} INFO - [2024-08-17T03:30:52.111+0000] {dagbag.py:545} INFO - Filling up the DagBag from /opt/airflow/dags/data/models/China.32/TS_model.pkl
[2024-08-17T03:30:52.121+0000] {processor.py:842} WARNING - No viable dags retrieved from /opt/airflow/dags/data/models/China.32/TS_model.pkl
[2024-08-17T03:30:52.130+0000] {processor.py:183} INFO - Processing /opt/airflow/dags/data/models/China.32/TS_model.pkl took 0.023 seconds
[2024-08-17T03:31:23.523+0000] {processor.py:161} INFO - Started process (PID=15350) to work on /opt/airflow/dags/data/models/China.32/TS_model.pkl
[2024-08-17T03:31:23.524+0000] {processor.py:830} INFO - Processing file /opt/airflow/dags/data/models/China.32/TS_model.pkl for tasks to queue
[2024-08-17T03:31:23.524+0000] {logging_mixin.py:188} INFO - [2024-08-17T03:31:23.524+0000] {dagbag.py:545} INFO - Filling up the DagBag from /opt/airflow/dags/data/models/China.32/TS_model.pkl
[2024-08-17T03:31:23.533+0000] {processor.py:842} WARNING - No viable dags retrieved from /opt/airflow/dags/data/models/China.32/TS_model.pkl
[2024-08-17T03:31:23.543+0000] {processor.py:183} INFO - Processing /opt/airflow/dags/data/models/China.32/TS_model.pkl took 0.023 seconds
[2024-08-17T03:31:54.587+0000] {processor.py:161} INFO - Started process (PID=15783) to work on /opt/airflow/dags/data/models/China.32/TS_model.pkl
[2024-08-17T03:31:54.588+0000] {processor.py:830} INFO - Processing file /opt/airflow/dags/data/models/China.32/TS_model.pkl for tasks to queue
[2024-08-17T03:31:54.588+0000] {logging_mixin.py:188} INFO - [2024-08-17T03:31:54.588+0000] {dagbag.py:545} INFO - Filling up the DagBag from /opt/airflow/dags/data/models/China.32/TS_model.pkl
[2024-08-17T03:31:54.597+0000] {processor.py:842} WARNING - No viable dags retrieved from /opt/airflow/dags/data/models/China.32/TS_model.pkl
[2024-08-17T03:31:54.606+0000] {processor.py:183} INFO - Processing /opt/airflow/dags/data/models/China.32/TS_model.pkl took 0.024 seconds
[2024-08-17T03:32:25.603+0000] {processor.py:161} INFO - Started process (PID=16229) to work on /opt/airflow/dags/data/models/China.32/TS_model.pkl
[2024-08-17T03:32:25.603+0000] {processor.py:830} INFO - Processing file /opt/airflow/dags/data/models/China.32/TS_model.pkl for tasks to queue
[2024-08-17T03:32:25.604+0000] {logging_mixin.py:188} INFO - [2024-08-17T03:32:25.604+0000] {dagbag.py:545} INFO - Filling up the DagBag from /opt/airflow/dags/data/models/China.32/TS_model.pkl
[2024-08-17T03:32:25.613+0000] {processor.py:842} WARNING - No viable dags retrieved from /opt/airflow/dags/data/models/China.32/TS_model.pkl
[2024-08-17T03:32:25.623+0000] {processor.py:183} INFO - Processing /opt/airflow/dags/data/models/China.32/TS_model.pkl took 0.024 seconds
[2024-08-17T03:32:57.303+0000] {processor.py:161} INFO - Started process (PID=16664) to work on /opt/airflow/dags/data/models/China.32/TS_model.pkl
[2024-08-17T03:32:57.304+0000] {processor.py:830} INFO - Processing file /opt/airflow/dags/data/models/China.32/TS_model.pkl for tasks to queue
[2024-08-17T03:32:57.304+0000] {logging_mixin.py:188} INFO - [2024-08-17T03:32:57.304+0000] {dagbag.py:545} INFO - Filling up the DagBag from /opt/airflow/dags/data/models/China.32/TS_model.pkl
[2024-08-17T03:32:57.317+0000] {processor.py:842} WARNING - No viable dags retrieved from /opt/airflow/dags/data/models/China.32/TS_model.pkl
[2024-08-17T03:32:57.326+0000] {processor.py:183} INFO - Processing /opt/airflow/dags/data/models/China.32/TS_model.pkl took 0.026 seconds
[2024-08-17T03:33:28.465+0000] {processor.py:161} INFO - Started process (PID=17097) to work on /opt/airflow/dags/data/models/China.32/TS_model.pkl
[2024-08-17T03:33:28.465+0000] {processor.py:830} INFO - Processing file /opt/airflow/dags/data/models/China.32/TS_model.pkl for tasks to queue
[2024-08-17T03:33:28.466+0000] {logging_mixin.py:188} INFO - [2024-08-17T03:33:28.466+0000] {dagbag.py:545} INFO - Filling up the DagBag from /opt/airflow/dags/data/models/China.32/TS_model.pkl
[2024-08-17T03:33:28.478+0000] {processor.py:842} WARNING - No viable dags retrieved from /opt/airflow/dags/data/models/China.32/TS_model.pkl
[2024-08-17T03:33:28.487+0000] {processor.py:183} INFO - Processing /opt/airflow/dags/data/models/China.32/TS_model.pkl took 0.027 seconds
[2024-08-17T03:34:01.070+0000] {processor.py:161} INFO - Started process (PID=17544) to work on /opt/airflow/dags/data/models/China.32/TS_model.pkl
[2024-08-17T03:34:01.071+0000] {processor.py:830} INFO - Processing file /opt/airflow/dags/data/models/China.32/TS_model.pkl for tasks to queue
[2024-08-17T03:34:01.071+0000] {logging_mixin.py:188} INFO - [2024-08-17T03:34:01.071+0000] {dagbag.py:545} INFO - Filling up the DagBag from /opt/airflow/dags/data/models/China.32/TS_model.pkl
[2024-08-17T03:34:01.078+0000] {processor.py:842} WARNING - No viable dags retrieved from /opt/airflow/dags/data/models/China.32/TS_model.pkl
[2024-08-17T03:34:01.087+0000] {processor.py:183} INFO - Processing /opt/airflow/dags/data/models/China.32/TS_model.pkl took 0.021 seconds
[2024-08-17T03:34:31.830+0000] {processor.py:161} INFO - Started process (PID=17979) to work on /opt/airflow/dags/data/models/China.32/TS_model.pkl
[2024-08-17T03:34:31.830+0000] {processor.py:830} INFO - Processing file /opt/airflow/dags/data/models/China.32/TS_model.pkl for tasks to queue
[2024-08-17T03:34:31.831+0000] {logging_mixin.py:188} INFO - [2024-08-17T03:34:31.831+0000] {dagbag.py:545} INFO - Filling up the DagBag from /opt/airflow/dags/data/models/China.32/TS_model.pkl
[2024-08-17T03:34:31.840+0000] {processor.py:842} WARNING - No viable dags retrieved from /opt/airflow/dags/data/models/China.32/TS_model.pkl
[2024-08-17T03:34:31.849+0000] {processor.py:183} INFO - Processing /opt/airflow/dags/data/models/China.32/TS_model.pkl took 0.023 seconds
[2024-08-17T03:35:03.269+0000] {processor.py:161} INFO - Started process (PID=18433) to work on /opt/airflow/dags/data/models/China.32/TS_model.pkl
[2024-08-17T03:35:03.270+0000] {processor.py:830} INFO - Processing file /opt/airflow/dags/data/models/China.32/TS_model.pkl for tasks to queue
[2024-08-17T03:35:03.271+0000] {logging_mixin.py:188} INFO - [2024-08-17T03:35:03.271+0000] {dagbag.py:545} INFO - Filling up the DagBag from /opt/airflow/dags/data/models/China.32/TS_model.pkl
[2024-08-17T03:35:03.285+0000] {processor.py:842} WARNING - No viable dags retrieved from /opt/airflow/dags/data/models/China.32/TS_model.pkl
[2024-08-17T03:35:03.295+0000] {processor.py:183} INFO - Processing /opt/airflow/dags/data/models/China.32/TS_model.pkl took 0.033 seconds
[2024-08-17T03:35:34.108+0000] {processor.py:161} INFO - Started process (PID=18861) to work on /opt/airflow/dags/data/models/China.32/TS_model.pkl
[2024-08-17T03:35:34.109+0000] {processor.py:830} INFO - Processing file /opt/airflow/dags/data/models/China.32/TS_model.pkl for tasks to queue
[2024-08-17T03:35:34.109+0000] {logging_mixin.py:188} INFO - [2024-08-17T03:35:34.109+0000] {dagbag.py:545} INFO - Filling up the DagBag from /opt/airflow/dags/data/models/China.32/TS_model.pkl
[2024-08-17T03:35:34.119+0000] {processor.py:842} WARNING - No viable dags retrieved from /opt/airflow/dags/data/models/China.32/TS_model.pkl
[2024-08-17T03:35:34.128+0000] {processor.py:183} INFO - Processing /opt/airflow/dags/data/models/China.32/TS_model.pkl took 0.023 seconds
[2024-08-17T03:36:04.729+0000] {processor.py:161} INFO - Started process (PID=19315) to work on /opt/airflow/dags/data/models/China.32/TS_model.pkl
[2024-08-17T03:36:04.729+0000] {processor.py:830} INFO - Processing file /opt/airflow/dags/data/models/China.32/TS_model.pkl for tasks to queue
[2024-08-17T03:36:04.730+0000] {logging_mixin.py:188} INFO - [2024-08-17T03:36:04.730+0000] {dagbag.py:545} INFO - Filling up the DagBag from /opt/airflow/dags/data/models/China.32/TS_model.pkl
[2024-08-17T03:36:04.737+0000] {processor.py:842} WARNING - No viable dags retrieved from /opt/airflow/dags/data/models/China.32/TS_model.pkl
[2024-08-17T03:36:04.746+0000] {processor.py:183} INFO - Processing /opt/airflow/dags/data/models/China.32/TS_model.pkl took 0.021 seconds
[2024-08-17T03:36:35.812+0000] {processor.py:161} INFO - Started process (PID=19743) to work on /opt/airflow/dags/data/models/China.32/TS_model.pkl
[2024-08-17T03:36:35.813+0000] {processor.py:830} INFO - Processing file /opt/airflow/dags/data/models/China.32/TS_model.pkl for tasks to queue
[2024-08-17T03:36:35.813+0000] {logging_mixin.py:188} INFO - [2024-08-17T03:36:35.813+0000] {dagbag.py:545} INFO - Filling up the DagBag from /opt/airflow/dags/data/models/China.32/TS_model.pkl
[2024-08-17T03:36:35.821+0000] {processor.py:842} WARNING - No viable dags retrieved from /opt/airflow/dags/data/models/China.32/TS_model.pkl
[2024-08-17T03:36:35.830+0000] {processor.py:183} INFO - Processing /opt/airflow/dags/data/models/China.32/TS_model.pkl took 0.022 seconds
[2024-08-17T03:37:06.598+0000] {processor.py:161} INFO - Started process (PID=20197) to work on /opt/airflow/dags/data/models/China.32/TS_model.pkl
[2024-08-17T03:37:06.598+0000] {processor.py:830} INFO - Processing file /opt/airflow/dags/data/models/China.32/TS_model.pkl for tasks to queue
[2024-08-17T03:37:06.599+0000] {logging_mixin.py:188} INFO - [2024-08-17T03:37:06.599+0000] {dagbag.py:545} INFO - Filling up the DagBag from /opt/airflow/dags/data/models/China.32/TS_model.pkl
[2024-08-17T03:37:06.607+0000] {processor.py:842} WARNING - No viable dags retrieved from /opt/airflow/dags/data/models/China.32/TS_model.pkl
[2024-08-17T03:37:06.616+0000] {processor.py:183} INFO - Processing /opt/airflow/dags/data/models/China.32/TS_model.pkl took 0.022 seconds
[2024-08-17T03:37:37.366+0000] {processor.py:161} INFO - Started process (PID=20651) to work on /opt/airflow/dags/data/models/China.32/TS_model.pkl
[2024-08-17T03:37:37.367+0000] {processor.py:830} INFO - Processing file /opt/airflow/dags/data/models/China.32/TS_model.pkl for tasks to queue
[2024-08-17T03:37:37.367+0000] {logging_mixin.py:188} INFO - [2024-08-17T03:37:37.367+0000] {dagbag.py:545} INFO - Filling up the DagBag from /opt/airflow/dags/data/models/China.32/TS_model.pkl
[2024-08-17T03:37:37.426+0000] {processor.py:842} WARNING - No viable dags retrieved from /opt/airflow/dags/data/models/China.32/TS_model.pkl
[2024-08-17T03:37:37.445+0000] {processor.py:183} INFO - Processing /opt/airflow/dags/data/models/China.32/TS_model.pkl took 0.083 seconds
[2024-08-17T09:22:53.219+0000] {processor.py:161} INFO - Started process (PID=350) to work on /opt/airflow/dags/data/models/China.32/TS_model.pkl
[2024-08-17T09:22:53.220+0000] {processor.py:830} INFO - Processing file /opt/airflow/dags/data/models/China.32/TS_model.pkl for tasks to queue
[2024-08-17T09:22:53.222+0000] {logging_mixin.py:188} INFO - [2024-08-17T09:22:53.222+0000] {dagbag.py:545} INFO - Filling up the DagBag from /opt/airflow/dags/data/models/China.32/TS_model.pkl
[2024-08-17T09:22:53.229+0000] {processor.py:842} WARNING - No viable dags retrieved from /opt/airflow/dags/data/models/China.32/TS_model.pkl
[2024-08-17T09:22:53.237+0000] {processor.py:183} INFO - Processing /opt/airflow/dags/data/models/China.32/TS_model.pkl took 0.021 seconds
[2024-08-17T09:23:26.034+0000] {processor.py:161} INFO - Started process (PID=806) to work on /opt/airflow/dags/data/models/China.32/TS_model.pkl
[2024-08-17T09:23:26.035+0000] {processor.py:830} INFO - Processing file /opt/airflow/dags/data/models/China.32/TS_model.pkl for tasks to queue
[2024-08-17T09:23:26.037+0000] {logging_mixin.py:188} INFO - [2024-08-17T09:23:26.036+0000] {dagbag.py:545} INFO - Filling up the DagBag from /opt/airflow/dags/data/models/China.32/TS_model.pkl
[2024-08-17T09:23:26.052+0000] {processor.py:842} WARNING - No viable dags retrieved from /opt/airflow/dags/data/models/China.32/TS_model.pkl
[2024-08-17T09:23:26.065+0000] {processor.py:183} INFO - Processing /opt/airflow/dags/data/models/China.32/TS_model.pkl took 0.034 seconds
[2024-08-17T09:23:57.469+0000] {processor.py:161} INFO - Started process (PID=1234) to work on /opt/airflow/dags/data/models/China.32/TS_model.pkl
[2024-08-17T09:23:57.470+0000] {processor.py:830} INFO - Processing file /opt/airflow/dags/data/models/China.32/TS_model.pkl for tasks to queue
[2024-08-17T09:23:57.471+0000] {logging_mixin.py:188} INFO - [2024-08-17T09:23:57.471+0000] {dagbag.py:545} INFO - Filling up the DagBag from /opt/airflow/dags/data/models/China.32/TS_model.pkl
[2024-08-17T09:23:57.480+0000] {processor.py:842} WARNING - No viable dags retrieved from /opt/airflow/dags/data/models/China.32/TS_model.pkl
[2024-08-17T09:23:57.490+0000] {processor.py:183} INFO - Processing /opt/airflow/dags/data/models/China.32/TS_model.pkl took 0.024 seconds
[2024-08-17T09:24:30.654+0000] {processor.py:161} INFO - Started process (PID=1688) to work on /opt/airflow/dags/data/models/China.32/TS_model.pkl
[2024-08-17T09:24:30.655+0000] {processor.py:830} INFO - Processing file /opt/airflow/dags/data/models/China.32/TS_model.pkl for tasks to queue
[2024-08-17T09:24:30.656+0000] {logging_mixin.py:188} INFO - [2024-08-17T09:24:30.656+0000] {dagbag.py:545} INFO - Filling up the DagBag from /opt/airflow/dags/data/models/China.32/TS_model.pkl
[2024-08-17T09:24:30.666+0000] {processor.py:842} WARNING - No viable dags retrieved from /opt/airflow/dags/data/models/China.32/TS_model.pkl
[2024-08-17T09:24:30.674+0000] {processor.py:183} INFO - Processing /opt/airflow/dags/data/models/China.32/TS_model.pkl took 0.024 seconds
[2024-08-17T09:25:02.487+0000] {processor.py:161} INFO - Started process (PID=2142) to work on /opt/airflow/dags/data/models/China.32/TS_model.pkl
[2024-08-17T09:25:02.487+0000] {processor.py:830} INFO - Processing file /opt/airflow/dags/data/models/China.32/TS_model.pkl for tasks to queue
[2024-08-17T09:25:02.490+0000] {logging_mixin.py:188} INFO - [2024-08-17T09:25:02.489+0000] {dagbag.py:545} INFO - Filling up the DagBag from /opt/airflow/dags/data/models/China.32/TS_model.pkl
[2024-08-17T09:25:02.499+0000] {processor.py:842} WARNING - No viable dags retrieved from /opt/airflow/dags/data/models/China.32/TS_model.pkl
[2024-08-17T09:25:02.509+0000] {processor.py:183} INFO - Processing /opt/airflow/dags/data/models/China.32/TS_model.pkl took 0.027 seconds
[2024-08-17T09:25:34.198+0000] {processor.py:161} INFO - Started process (PID=2577) to work on /opt/airflow/dags/data/models/China.32/TS_model.pkl
[2024-08-17T09:25:34.199+0000] {processor.py:830} INFO - Processing file /opt/airflow/dags/data/models/China.32/TS_model.pkl for tasks to queue
[2024-08-17T09:25:34.200+0000] {logging_mixin.py:188} INFO - [2024-08-17T09:25:34.200+0000] {dagbag.py:545} INFO - Filling up the DagBag from /opt/airflow/dags/data/models/China.32/TS_model.pkl
[2024-08-17T09:25:34.208+0000] {processor.py:842} WARNING - No viable dags retrieved from /opt/airflow/dags/data/models/China.32/TS_model.pkl
[2024-08-17T09:25:34.218+0000] {processor.py:183} INFO - Processing /opt/airflow/dags/data/models/China.32/TS_model.pkl took 0.024 seconds
[2024-08-17T09:26:05.062+0000] {processor.py:161} INFO - Started process (PID=3024) to work on /opt/airflow/dags/data/models/China.32/TS_model.pkl
[2024-08-17T09:26:05.063+0000] {processor.py:830} INFO - Processing file /opt/airflow/dags/data/models/China.32/TS_model.pkl for tasks to queue
[2024-08-17T09:26:05.064+0000] {logging_mixin.py:188} INFO - [2024-08-17T09:26:05.064+0000] {dagbag.py:545} INFO - Filling up the DagBag from /opt/airflow/dags/data/models/China.32/TS_model.pkl
[2024-08-17T09:26:05.083+0000] {processor.py:842} WARNING - No viable dags retrieved from /opt/airflow/dags/data/models/China.32/TS_model.pkl
[2024-08-17T09:26:05.092+0000] {processor.py:183} INFO - Processing /opt/airflow/dags/data/models/China.32/TS_model.pkl took 0.034 seconds
[2024-08-17T09:26:36.382+0000] {processor.py:161} INFO - Started process (PID=3478) to work on /opt/airflow/dags/data/models/China.32/TS_model.pkl
[2024-08-17T09:26:36.383+0000] {processor.py:830} INFO - Processing file /opt/airflow/dags/data/models/China.32/TS_model.pkl for tasks to queue
[2024-08-17T09:26:36.384+0000] {logging_mixin.py:188} INFO - [2024-08-17T09:26:36.384+0000] {dagbag.py:545} INFO - Filling up the DagBag from /opt/airflow/dags/data/models/China.32/TS_model.pkl
[2024-08-17T09:26:36.391+0000] {processor.py:842} WARNING - No viable dags retrieved from /opt/airflow/dags/data/models/China.32/TS_model.pkl
[2024-08-17T09:26:36.401+0000] {processor.py:183} INFO - Processing /opt/airflow/dags/data/models/China.32/TS_model.pkl took 0.023 seconds
[2024-08-17T09:27:07.388+0000] {processor.py:161} INFO - Started process (PID=3913) to work on /opt/airflow/dags/data/models/China.32/TS_model.pkl
[2024-08-17T09:27:07.390+0000] {processor.py:830} INFO - Processing file /opt/airflow/dags/data/models/China.32/TS_model.pkl for tasks to queue
[2024-08-17T09:27:07.391+0000] {logging_mixin.py:188} INFO - [2024-08-17T09:27:07.391+0000] {dagbag.py:545} INFO - Filling up the DagBag from /opt/airflow/dags/data/models/China.32/TS_model.pkl
[2024-08-17T09:27:07.410+0000] {processor.py:842} WARNING - No viable dags retrieved from /opt/airflow/dags/data/models/China.32/TS_model.pkl
[2024-08-17T09:27:07.421+0000] {processor.py:183} INFO - Processing /opt/airflow/dags/data/models/China.32/TS_model.pkl took 0.038 seconds
[2024-08-17T09:27:38.524+0000] {processor.py:161} INFO - Started process (PID=4361) to work on /opt/airflow/dags/data/models/China.32/TS_model.pkl
[2024-08-17T09:27:38.525+0000] {processor.py:830} INFO - Processing file /opt/airflow/dags/data/models/China.32/TS_model.pkl for tasks to queue
[2024-08-17T09:27:38.527+0000] {logging_mixin.py:188} INFO - [2024-08-17T09:27:38.527+0000] {dagbag.py:545} INFO - Filling up the DagBag from /opt/airflow/dags/data/models/China.32/TS_model.pkl
[2024-08-17T09:27:38.536+0000] {processor.py:842} WARNING - No viable dags retrieved from /opt/airflow/dags/data/models/China.32/TS_model.pkl
[2024-08-17T09:27:38.545+0000] {processor.py:183} INFO - Processing /opt/airflow/dags/data/models/China.32/TS_model.pkl took 0.024 seconds
[2024-08-17T09:28:09.668+0000] {processor.py:161} INFO - Started process (PID=4815) to work on /opt/airflow/dags/data/models/China.32/TS_model.pkl
[2024-08-17T09:28:09.669+0000] {processor.py:830} INFO - Processing file /opt/airflow/dags/data/models/China.32/TS_model.pkl for tasks to queue
[2024-08-17T09:28:09.671+0000] {logging_mixin.py:188} INFO - [2024-08-17T09:28:09.671+0000] {dagbag.py:545} INFO - Filling up the DagBag from /opt/airflow/dags/data/models/China.32/TS_model.pkl
[2024-08-17T09:28:09.696+0000] {processor.py:842} WARNING - No viable dags retrieved from /opt/airflow/dags/data/models/China.32/TS_model.pkl
[2024-08-17T09:28:09.706+0000] {processor.py:183} INFO - Processing /opt/airflow/dags/data/models/China.32/TS_model.pkl took 0.041 seconds
[2024-08-17T09:28:40.535+0000] {processor.py:161} INFO - Started process (PID=5243) to work on /opt/airflow/dags/data/models/China.32/TS_model.pkl
[2024-08-17T09:28:40.535+0000] {processor.py:830} INFO - Processing file /opt/airflow/dags/data/models/China.32/TS_model.pkl for tasks to queue
[2024-08-17T09:28:40.540+0000] {logging_mixin.py:188} INFO - [2024-08-17T09:28:40.540+0000] {dagbag.py:545} INFO - Filling up the DagBag from /opt/airflow/dags/data/models/China.32/TS_model.pkl
[2024-08-17T09:28:40.557+0000] {processor.py:842} WARNING - No viable dags retrieved from /opt/airflow/dags/data/models/China.32/TS_model.pkl
[2024-08-17T09:28:40.565+0000] {processor.py:183} INFO - Processing /opt/airflow/dags/data/models/China.32/TS_model.pkl took 0.034 seconds
[2024-08-17T09:29:11.646+0000] {processor.py:161} INFO - Started process (PID=5697) to work on /opt/airflow/dags/data/models/China.32/TS_model.pkl
[2024-08-17T09:29:11.647+0000] {processor.py:830} INFO - Processing file /opt/airflow/dags/data/models/China.32/TS_model.pkl for tasks to queue
[2024-08-17T09:29:11.648+0000] {logging_mixin.py:188} INFO - [2024-08-17T09:29:11.648+0000] {dagbag.py:545} INFO - Filling up the DagBag from /opt/airflow/dags/data/models/China.32/TS_model.pkl
[2024-08-17T09:29:11.655+0000] {processor.py:842} WARNING - No viable dags retrieved from /opt/airflow/dags/data/models/China.32/TS_model.pkl
[2024-08-17T09:29:11.664+0000] {processor.py:183} INFO - Processing /opt/airflow/dags/data/models/China.32/TS_model.pkl took 0.021 seconds
[2024-08-17T09:29:43.114+0000] {processor.py:161} INFO - Started process (PID=6151) to work on /opt/airflow/dags/data/models/China.32/TS_model.pkl
[2024-08-17T09:29:43.115+0000] {processor.py:830} INFO - Processing file /opt/airflow/dags/data/models/China.32/TS_model.pkl for tasks to queue
[2024-08-17T09:29:43.116+0000] {logging_mixin.py:188} INFO - [2024-08-17T09:29:43.116+0000] {dagbag.py:545} INFO - Filling up the DagBag from /opt/airflow/dags/data/models/China.32/TS_model.pkl
[2024-08-17T09:29:43.125+0000] {processor.py:842} WARNING - No viable dags retrieved from /opt/airflow/dags/data/models/China.32/TS_model.pkl
[2024-08-17T09:29:43.134+0000] {processor.py:183} INFO - Processing /opt/airflow/dags/data/models/China.32/TS_model.pkl took 0.023 seconds
[2024-08-17T09:30:14.908+0000] {processor.py:161} INFO - Started process (PID=6586) to work on /opt/airflow/dags/data/models/China.32/TS_model.pkl
[2024-08-17T09:30:14.909+0000] {processor.py:830} INFO - Processing file /opt/airflow/dags/data/models/China.32/TS_model.pkl for tasks to queue
[2024-08-17T09:30:14.910+0000] {logging_mixin.py:188} INFO - [2024-08-17T09:30:14.910+0000] {dagbag.py:545} INFO - Filling up the DagBag from /opt/airflow/dags/data/models/China.32/TS_model.pkl
[2024-08-17T09:30:14.918+0000] {processor.py:842} WARNING - No viable dags retrieved from /opt/airflow/dags/data/models/China.32/TS_model.pkl
[2024-08-17T09:30:14.926+0000] {processor.py:183} INFO - Processing /opt/airflow/dags/data/models/China.32/TS_model.pkl took 0.021 seconds
