[2024-08-17T02:53:53.806+0000] {processor.py:161} INFO - Started process (PID=85297) to work on /opt/airflow/dags/data/models/Mauritania/TS_model.pkl
[2024-08-17T02:53:53.807+0000] {processor.py:830} INFO - Processing file /opt/airflow/dags/data/models/Mauritania/TS_model.pkl for tasks to queue
[2024-08-17T02:53:53.807+0000] {logging_mixin.py:188} INFO - [2024-08-17T02:53:53.807+0000] {dagbag.py:545} INFO - Filling up the DagBag from /opt/airflow/dags/data/models/Mauritania/TS_model.pkl
[2024-08-17T02:53:53.820+0000] {processor.py:842} WARNING - No viable dags retrieved from /opt/airflow/dags/data/models/Mauritania/TS_model.pkl
[2024-08-17T02:53:53.832+0000] {processor.py:183} INFO - Processing /opt/airflow/dags/data/models/Mauritania/TS_model.pkl took 0.030 seconds
[2024-08-17T02:53:55.331+0000] {processor.py:161} INFO - Started process (PID=85323) to work on /opt/airflow/dags/data/models/Mauritania/TS_model.pkl
[2024-08-17T02:53:55.332+0000] {processor.py:830} INFO - Processing file /opt/airflow/dags/data/models/Mauritania/TS_model.pkl for tasks to queue
[2024-08-17T02:53:55.333+0000] {logging_mixin.py:188} INFO - [2024-08-17T02:53:55.332+0000] {dagbag.py:545} INFO - Filling up the DagBag from /opt/airflow/dags/data/models/Mauritania/TS_model.pkl
[2024-08-17T02:53:55.346+0000] {processor.py:842} WARNING - No viable dags retrieved from /opt/airflow/dags/data/models/Mauritania/TS_model.pkl
[2024-08-17T02:53:55.357+0000] {processor.py:183} INFO - Processing /opt/airflow/dags/data/models/Mauritania/TS_model.pkl took 0.030 seconds
[2024-08-17T02:54:26.433+0000] {processor.py:161} INFO - Started process (PID=85656) to work on /opt/airflow/dags/data/models/Mauritania/TS_model.pkl
[2024-08-17T02:54:26.433+0000] {processor.py:830} INFO - Processing file /opt/airflow/dags/data/models/Mauritania/TS_model.pkl for tasks to queue
[2024-08-17T02:54:26.434+0000] {logging_mixin.py:188} INFO - [2024-08-17T02:54:26.434+0000] {dagbag.py:545} INFO - Filling up the DagBag from /opt/airflow/dags/data/models/Mauritania/TS_model.pkl
[2024-08-17T02:54:26.447+0000] {processor.py:842} WARNING - No viable dags retrieved from /opt/airflow/dags/data/models/Mauritania/TS_model.pkl
[2024-08-17T02:54:26.457+0000] {processor.py:183} INFO - Processing /opt/airflow/dags/data/models/Mauritania/TS_model.pkl took 0.030 seconds
[2024-08-17T02:54:56.990+0000] {processor.py:161} INFO - Started process (PID=86010) to work on /opt/airflow/dags/data/models/Mauritania/TS_model.pkl
[2024-08-17T02:54:56.991+0000] {processor.py:830} INFO - Processing file /opt/airflow/dags/data/models/Mauritania/TS_model.pkl for tasks to queue
[2024-08-17T02:54:56.992+0000] {logging_mixin.py:188} INFO - [2024-08-17T02:54:56.992+0000] {dagbag.py:545} INFO - Filling up the DagBag from /opt/airflow/dags/data/models/Mauritania/TS_model.pkl
[2024-08-17T02:54:57.004+0000] {processor.py:842} WARNING - No viable dags retrieved from /opt/airflow/dags/data/models/Mauritania/TS_model.pkl
[2024-08-17T02:54:57.016+0000] {processor.py:183} INFO - Processing /opt/airflow/dags/data/models/Mauritania/TS_model.pkl took 0.029 seconds
[2024-08-17T02:55:27.965+0000] {processor.py:161} INFO - Started process (PID=86367) to work on /opt/airflow/dags/data/models/Mauritania/TS_model.pkl
[2024-08-17T02:55:27.966+0000] {processor.py:830} INFO - Processing file /opt/airflow/dags/data/models/Mauritania/TS_model.pkl for tasks to queue
[2024-08-17T02:55:27.967+0000] {logging_mixin.py:188} INFO - [2024-08-17T02:55:27.966+0000] {dagbag.py:545} INFO - Filling up the DagBag from /opt/airflow/dags/data/models/Mauritania/TS_model.pkl
[2024-08-17T02:55:27.979+0000] {processor.py:842} WARNING - No viable dags retrieved from /opt/airflow/dags/data/models/Mauritania/TS_model.pkl
[2024-08-17T02:55:27.990+0000] {processor.py:183} INFO - Processing /opt/airflow/dags/data/models/Mauritania/TS_model.pkl took 0.029 seconds
[2024-08-17T02:55:58.469+0000] {processor.py:161} INFO - Started process (PID=86698) to work on /opt/airflow/dags/data/models/Mauritania/TS_model.pkl
[2024-08-17T02:55:58.470+0000] {processor.py:830} INFO - Processing file /opt/airflow/dags/data/models/Mauritania/TS_model.pkl for tasks to queue
[2024-08-17T02:55:58.471+0000] {logging_mixin.py:188} INFO - [2024-08-17T02:55:58.470+0000] {dagbag.py:545} INFO - Filling up the DagBag from /opt/airflow/dags/data/models/Mauritania/TS_model.pkl
[2024-08-17T02:55:58.486+0000] {processor.py:842} WARNING - No viable dags retrieved from /opt/airflow/dags/data/models/Mauritania/TS_model.pkl
[2024-08-17T02:55:58.498+0000] {processor.py:183} INFO - Processing /opt/airflow/dags/data/models/Mauritania/TS_model.pkl took 0.032 seconds
[2024-08-17T02:56:28.861+0000] {processor.py:161} INFO - Started process (PID=87049) to work on /opt/airflow/dags/data/models/Mauritania/TS_model.pkl
[2024-08-17T02:56:28.862+0000] {processor.py:830} INFO - Processing file /opt/airflow/dags/data/models/Mauritania/TS_model.pkl for tasks to queue
[2024-08-17T02:56:28.863+0000] {logging_mixin.py:188} INFO - [2024-08-17T02:56:28.863+0000] {dagbag.py:545} INFO - Filling up the DagBag from /opt/airflow/dags/data/models/Mauritania/TS_model.pkl
[2024-08-17T02:56:28.878+0000] {processor.py:842} WARNING - No viable dags retrieved from /opt/airflow/dags/data/models/Mauritania/TS_model.pkl
[2024-08-17T02:56:28.888+0000] {processor.py:183} INFO - Processing /opt/airflow/dags/data/models/Mauritania/TS_model.pkl took 0.031 seconds
[2024-08-17T02:56:59.867+0000] {processor.py:161} INFO - Started process (PID=87381) to work on /opt/airflow/dags/data/models/Mauritania/TS_model.pkl
[2024-08-17T02:56:59.868+0000] {processor.py:830} INFO - Processing file /opt/airflow/dags/data/models/Mauritania/TS_model.pkl for tasks to queue
[2024-08-17T02:56:59.869+0000] {logging_mixin.py:188} INFO - [2024-08-17T02:56:59.868+0000] {dagbag.py:545} INFO - Filling up the DagBag from /opt/airflow/dags/data/models/Mauritania/TS_model.pkl
[2024-08-17T02:56:59.883+0000] {processor.py:842} WARNING - No viable dags retrieved from /opt/airflow/dags/data/models/Mauritania/TS_model.pkl
[2024-08-17T02:56:59.894+0000] {processor.py:183} INFO - Processing /opt/airflow/dags/data/models/Mauritania/TS_model.pkl took 0.032 seconds
[2024-08-17T02:57:30.630+0000] {processor.py:161} INFO - Started process (PID=87718) to work on /opt/airflow/dags/data/models/Mauritania/TS_model.pkl
[2024-08-17T02:57:30.630+0000] {processor.py:830} INFO - Processing file /opt/airflow/dags/data/models/Mauritania/TS_model.pkl for tasks to queue
[2024-08-17T02:57:30.631+0000] {logging_mixin.py:188} INFO - [2024-08-17T02:57:30.631+0000] {dagbag.py:545} INFO - Filling up the DagBag from /opt/airflow/dags/data/models/Mauritania/TS_model.pkl
[2024-08-17T02:57:30.645+0000] {processor.py:842} WARNING - No viable dags retrieved from /opt/airflow/dags/data/models/Mauritania/TS_model.pkl
[2024-08-17T02:57:30.656+0000] {processor.py:183} INFO - Processing /opt/airflow/dags/data/models/Mauritania/TS_model.pkl took 0.031 seconds
[2024-08-17T02:58:01.557+0000] {processor.py:161} INFO - Started process (PID=88050) to work on /opt/airflow/dags/data/models/Mauritania/TS_model.pkl
[2024-08-17T02:58:01.558+0000] {processor.py:830} INFO - Processing file /opt/airflow/dags/data/models/Mauritania/TS_model.pkl for tasks to queue
[2024-08-17T02:58:01.558+0000] {logging_mixin.py:188} INFO - [2024-08-17T02:58:01.558+0000] {dagbag.py:545} INFO - Filling up the DagBag from /opt/airflow/dags/data/models/Mauritania/TS_model.pkl
[2024-08-17T02:58:01.572+0000] {processor.py:842} WARNING - No viable dags retrieved from /opt/airflow/dags/data/models/Mauritania/TS_model.pkl
[2024-08-17T02:58:01.584+0000] {processor.py:183} INFO - Processing /opt/airflow/dags/data/models/Mauritania/TS_model.pkl took 0.033 seconds
[2024-08-17T02:58:32.285+0000] {processor.py:161} INFO - Started process (PID=88409) to work on /opt/airflow/dags/data/models/Mauritania/TS_model.pkl
[2024-08-17T02:58:32.286+0000] {processor.py:830} INFO - Processing file /opt/airflow/dags/data/models/Mauritania/TS_model.pkl for tasks to queue
[2024-08-17T02:58:32.287+0000] {logging_mixin.py:188} INFO - [2024-08-17T02:58:32.287+0000] {dagbag.py:545} INFO - Filling up the DagBag from /opt/airflow/dags/data/models/Mauritania/TS_model.pkl
[2024-08-17T02:58:32.302+0000] {processor.py:842} WARNING - No viable dags retrieved from /opt/airflow/dags/data/models/Mauritania/TS_model.pkl
[2024-08-17T02:58:32.313+0000] {processor.py:183} INFO - Processing /opt/airflow/dags/data/models/Mauritania/TS_model.pkl took 0.032 seconds
[2024-08-17T02:59:02.777+0000] {processor.py:161} INFO - Started process (PID=88773) to work on /opt/airflow/dags/data/models/Mauritania/TS_model.pkl
[2024-08-17T02:59:02.778+0000] {processor.py:830} INFO - Processing file /opt/airflow/dags/data/models/Mauritania/TS_model.pkl for tasks to queue
[2024-08-17T02:59:02.778+0000] {logging_mixin.py:188} INFO - [2024-08-17T02:59:02.778+0000] {dagbag.py:545} INFO - Filling up the DagBag from /opt/airflow/dags/data/models/Mauritania/TS_model.pkl
[2024-08-17T02:59:02.793+0000] {processor.py:842} WARNING - No viable dags retrieved from /opt/airflow/dags/data/models/Mauritania/TS_model.pkl
[2024-08-17T02:59:02.804+0000] {processor.py:183} INFO - Processing /opt/airflow/dags/data/models/Mauritania/TS_model.pkl took 0.032 seconds
[2024-08-17T02:59:33.845+0000] {processor.py:161} INFO - Started process (PID=89134) to work on /opt/airflow/dags/data/models/Mauritania/TS_model.pkl
[2024-08-17T02:59:33.847+0000] {processor.py:830} INFO - Processing file /opt/airflow/dags/data/models/Mauritania/TS_model.pkl for tasks to queue
[2024-08-17T02:59:33.847+0000] {logging_mixin.py:188} INFO - [2024-08-17T02:59:33.847+0000] {dagbag.py:545} INFO - Filling up the DagBag from /opt/airflow/dags/data/models/Mauritania/TS_model.pkl
[2024-08-17T02:59:33.860+0000] {processor.py:842} WARNING - No viable dags retrieved from /opt/airflow/dags/data/models/Mauritania/TS_model.pkl
[2024-08-17T02:59:33.870+0000] {processor.py:183} INFO - Processing /opt/airflow/dags/data/models/Mauritania/TS_model.pkl took 0.029 seconds
[2024-08-17T03:00:04.751+0000] {processor.py:161} INFO - Started process (PID=89518) to work on /opt/airflow/dags/data/models/Mauritania/TS_model.pkl
[2024-08-17T03:00:04.751+0000] {processor.py:830} INFO - Processing file /opt/airflow/dags/data/models/Mauritania/TS_model.pkl for tasks to queue
[2024-08-17T03:00:04.752+0000] {logging_mixin.py:188} INFO - [2024-08-17T03:00:04.752+0000] {dagbag.py:545} INFO - Filling up the DagBag from /opt/airflow/dags/data/models/Mauritania/TS_model.pkl
[2024-08-17T03:00:04.766+0000] {processor.py:842} WARNING - No viable dags retrieved from /opt/airflow/dags/data/models/Mauritania/TS_model.pkl
[2024-08-17T03:00:04.776+0000] {processor.py:183} INFO - Processing /opt/airflow/dags/data/models/Mauritania/TS_model.pkl took 0.030 seconds
[2024-08-17T03:00:35.513+0000] {processor.py:161} INFO - Started process (PID=89857) to work on /opt/airflow/dags/data/models/Mauritania/TS_model.pkl
[2024-08-17T03:00:35.514+0000] {processor.py:830} INFO - Processing file /opt/airflow/dags/data/models/Mauritania/TS_model.pkl for tasks to queue
[2024-08-17T03:00:35.515+0000] {logging_mixin.py:188} INFO - [2024-08-17T03:00:35.514+0000] {dagbag.py:545} INFO - Filling up the DagBag from /opt/airflow/dags/data/models/Mauritania/TS_model.pkl
[2024-08-17T03:00:35.528+0000] {processor.py:842} WARNING - No viable dags retrieved from /opt/airflow/dags/data/models/Mauritania/TS_model.pkl
[2024-08-17T03:00:35.539+0000] {processor.py:183} INFO - Processing /opt/airflow/dags/data/models/Mauritania/TS_model.pkl took 0.030 seconds
[2024-08-17T03:01:07.568+0000] {processor.py:161} INFO - Started process (PID=90245) to work on /opt/airflow/dags/data/models/Mauritania/TS_model.pkl
[2024-08-17T03:01:07.569+0000] {processor.py:830} INFO - Processing file /opt/airflow/dags/data/models/Mauritania/TS_model.pkl for tasks to queue
[2024-08-17T03:01:07.570+0000] {logging_mixin.py:188} INFO - [2024-08-17T03:01:07.570+0000] {dagbag.py:545} INFO - Filling up the DagBag from /opt/airflow/dags/data/models/Mauritania/TS_model.pkl
[2024-08-17T03:01:07.588+0000] {processor.py:842} WARNING - No viable dags retrieved from /opt/airflow/dags/data/models/Mauritania/TS_model.pkl
[2024-08-17T03:01:07.599+0000] {processor.py:183} INFO - Processing /opt/airflow/dags/data/models/Mauritania/TS_model.pkl took 0.035 seconds
[2024-08-17T03:01:38.810+0000] {processor.py:161} INFO - Started process (PID=90631) to work on /opt/airflow/dags/data/models/Mauritania/TS_model.pkl
[2024-08-17T03:01:38.811+0000] {processor.py:830} INFO - Processing file /opt/airflow/dags/data/models/Mauritania/TS_model.pkl for tasks to queue
[2024-08-17T03:01:38.812+0000] {logging_mixin.py:188} INFO - [2024-08-17T03:01:38.811+0000] {dagbag.py:545} INFO - Filling up the DagBag from /opt/airflow/dags/data/models/Mauritania/TS_model.pkl
[2024-08-17T03:01:38.824+0000] {processor.py:842} WARNING - No viable dags retrieved from /opt/airflow/dags/data/models/Mauritania/TS_model.pkl
[2024-08-17T03:01:38.833+0000] {processor.py:183} INFO - Processing /opt/airflow/dags/data/models/Mauritania/TS_model.pkl took 0.027 seconds
[2024-08-17T03:02:09.488+0000] {processor.py:161} INFO - Started process (PID=90970) to work on /opt/airflow/dags/data/models/Mauritania/TS_model.pkl
[2024-08-17T03:02:09.489+0000] {processor.py:830} INFO - Processing file /opt/airflow/dags/data/models/Mauritania/TS_model.pkl for tasks to queue
[2024-08-17T03:02:09.490+0000] {logging_mixin.py:188} INFO - [2024-08-17T03:02:09.490+0000] {dagbag.py:545} INFO - Filling up the DagBag from /opt/airflow/dags/data/models/Mauritania/TS_model.pkl
[2024-08-17T03:02:09.500+0000] {processor.py:842} WARNING - No viable dags retrieved from /opt/airflow/dags/data/models/Mauritania/TS_model.pkl
[2024-08-17T03:02:09.510+0000] {processor.py:183} INFO - Processing /opt/airflow/dags/data/models/Mauritania/TS_model.pkl took 0.026 seconds
[2024-08-17T03:02:40.562+0000] {processor.py:161} INFO - Started process (PID=91357) to work on /opt/airflow/dags/data/models/Mauritania/TS_model.pkl
[2024-08-17T03:02:40.563+0000] {processor.py:830} INFO - Processing file /opt/airflow/dags/data/models/Mauritania/TS_model.pkl for tasks to queue
[2024-08-17T03:02:40.564+0000] {logging_mixin.py:188} INFO - [2024-08-17T03:02:40.563+0000] {dagbag.py:545} INFO - Filling up the DagBag from /opt/airflow/dags/data/models/Mauritania/TS_model.pkl
[2024-08-17T03:02:40.578+0000] {processor.py:842} WARNING - No viable dags retrieved from /opt/airflow/dags/data/models/Mauritania/TS_model.pkl
[2024-08-17T03:02:40.590+0000] {processor.py:183} INFO - Processing /opt/airflow/dags/data/models/Mauritania/TS_model.pkl took 0.031 seconds
[2024-08-17T03:03:11.513+0000] {processor.py:161} INFO - Started process (PID=91717) to work on /opt/airflow/dags/data/models/Mauritania/TS_model.pkl
[2024-08-17T03:03:11.514+0000] {processor.py:830} INFO - Processing file /opt/airflow/dags/data/models/Mauritania/TS_model.pkl for tasks to queue
[2024-08-17T03:03:11.514+0000] {logging_mixin.py:188} INFO - [2024-08-17T03:03:11.514+0000] {dagbag.py:545} INFO - Filling up the DagBag from /opt/airflow/dags/data/models/Mauritania/TS_model.pkl
[2024-08-17T03:03:11.527+0000] {processor.py:842} WARNING - No viable dags retrieved from /opt/airflow/dags/data/models/Mauritania/TS_model.pkl
[2024-08-17T03:03:11.537+0000] {processor.py:183} INFO - Processing /opt/airflow/dags/data/models/Mauritania/TS_model.pkl took 0.028 seconds
[2024-08-17T03:03:42.400+0000] {processor.py:161} INFO - Started process (PID=92084) to work on /opt/airflow/dags/data/models/Mauritania/TS_model.pkl
[2024-08-17T03:03:42.410+0000] {processor.py:830} INFO - Processing file /opt/airflow/dags/data/models/Mauritania/TS_model.pkl for tasks to queue
[2024-08-17T03:03:42.411+0000] {logging_mixin.py:188} INFO - [2024-08-17T03:03:42.410+0000] {dagbag.py:545} INFO - Filling up the DagBag from /opt/airflow/dags/data/models/Mauritania/TS_model.pkl
[2024-08-17T03:03:42.424+0000] {processor.py:842} WARNING - No viable dags retrieved from /opt/airflow/dags/data/models/Mauritania/TS_model.pkl
[2024-08-17T03:03:42.435+0000] {processor.py:183} INFO - Processing /opt/airflow/dags/data/models/Mauritania/TS_model.pkl took 0.039 seconds
[2024-08-17T03:04:13.049+0000] {processor.py:161} INFO - Started process (PID=92479) to work on /opt/airflow/dags/data/models/Mauritania/TS_model.pkl
[2024-08-17T03:04:13.050+0000] {processor.py:830} INFO - Processing file /opt/airflow/dags/data/models/Mauritania/TS_model.pkl for tasks to queue
[2024-08-17T03:04:13.051+0000] {logging_mixin.py:188} INFO - [2024-08-17T03:04:13.051+0000] {dagbag.py:545} INFO - Filling up the DagBag from /opt/airflow/dags/data/models/Mauritania/TS_model.pkl
[2024-08-17T03:04:13.061+0000] {processor.py:842} WARNING - No viable dags retrieved from /opt/airflow/dags/data/models/Mauritania/TS_model.pkl
[2024-08-17T03:04:13.072+0000] {processor.py:183} INFO - Processing /opt/airflow/dags/data/models/Mauritania/TS_model.pkl took 0.027 seconds
[2024-08-17T03:04:43.935+0000] {processor.py:161} INFO - Started process (PID=92887) to work on /opt/airflow/dags/data/models/Mauritania/TS_model.pkl
[2024-08-17T03:04:43.935+0000] {processor.py:830} INFO - Processing file /opt/airflow/dags/data/models/Mauritania/TS_model.pkl for tasks to queue
[2024-08-17T03:04:43.936+0000] {logging_mixin.py:188} INFO - [2024-08-17T03:04:43.936+0000] {dagbag.py:545} INFO - Filling up the DagBag from /opt/airflow/dags/data/models/Mauritania/TS_model.pkl
[2024-08-17T03:04:43.947+0000] {processor.py:842} WARNING - No viable dags retrieved from /opt/airflow/dags/data/models/Mauritania/TS_model.pkl
[2024-08-17T03:04:43.957+0000] {processor.py:183} INFO - Processing /opt/airflow/dags/data/models/Mauritania/TS_model.pkl took 0.027 seconds
[2024-08-17T03:05:15.073+0000] {processor.py:161} INFO - Started process (PID=93302) to work on /opt/airflow/dags/data/models/Mauritania/TS_model.pkl
[2024-08-17T03:05:15.074+0000] {processor.py:830} INFO - Processing file /opt/airflow/dags/data/models/Mauritania/TS_model.pkl for tasks to queue
[2024-08-17T03:05:15.074+0000] {logging_mixin.py:188} INFO - [2024-08-17T03:05:15.074+0000] {dagbag.py:545} INFO - Filling up the DagBag from /opt/airflow/dags/data/models/Mauritania/TS_model.pkl
[2024-08-17T03:05:15.087+0000] {processor.py:842} WARNING - No viable dags retrieved from /opt/airflow/dags/data/models/Mauritania/TS_model.pkl
[2024-08-17T03:05:15.097+0000] {processor.py:183} INFO - Processing /opt/airflow/dags/data/models/Mauritania/TS_model.pkl took 0.028 seconds
[2024-08-17T03:05:46.599+0000] {processor.py:161} INFO - Started process (PID=93693) to work on /opt/airflow/dags/data/models/Mauritania/TS_model.pkl
[2024-08-17T03:05:46.600+0000] {processor.py:830} INFO - Processing file /opt/airflow/dags/data/models/Mauritania/TS_model.pkl for tasks to queue
[2024-08-17T03:05:46.601+0000] {logging_mixin.py:188} INFO - [2024-08-17T03:05:46.601+0000] {dagbag.py:545} INFO - Filling up the DagBag from /opt/airflow/dags/data/models/Mauritania/TS_model.pkl
[2024-08-17T03:05:46.617+0000] {processor.py:842} WARNING - No viable dags retrieved from /opt/airflow/dags/data/models/Mauritania/TS_model.pkl
[2024-08-17T03:05:46.630+0000] {processor.py:183} INFO - Processing /opt/airflow/dags/data/models/Mauritania/TS_model.pkl took 0.035 seconds
[2024-08-17T03:06:17.222+0000] {processor.py:161} INFO - Started process (PID=94090) to work on /opt/airflow/dags/data/models/Mauritania/TS_model.pkl
[2024-08-17T03:06:17.223+0000] {processor.py:830} INFO - Processing file /opt/airflow/dags/data/models/Mauritania/TS_model.pkl for tasks to queue
[2024-08-17T03:06:17.224+0000] {logging_mixin.py:188} INFO - [2024-08-17T03:06:17.224+0000] {dagbag.py:545} INFO - Filling up the DagBag from /opt/airflow/dags/data/models/Mauritania/TS_model.pkl
[2024-08-17T03:06:17.236+0000] {processor.py:842} WARNING - No viable dags retrieved from /opt/airflow/dags/data/models/Mauritania/TS_model.pkl
[2024-08-17T03:06:17.246+0000] {processor.py:183} INFO - Processing /opt/airflow/dags/data/models/Mauritania/TS_model.pkl took 0.027 seconds
[2024-08-17T03:06:48.212+0000] {processor.py:161} INFO - Started process (PID=94478) to work on /opt/airflow/dags/data/models/Mauritania/TS_model.pkl
[2024-08-17T03:06:48.212+0000] {processor.py:830} INFO - Processing file /opt/airflow/dags/data/models/Mauritania/TS_model.pkl for tasks to queue
[2024-08-17T03:06:48.213+0000] {logging_mixin.py:188} INFO - [2024-08-17T03:06:48.213+0000] {dagbag.py:545} INFO - Filling up the DagBag from /opt/airflow/dags/data/models/Mauritania/TS_model.pkl
[2024-08-17T03:06:48.226+0000] {processor.py:842} WARNING - No viable dags retrieved from /opt/airflow/dags/data/models/Mauritania/TS_model.pkl
[2024-08-17T03:06:48.237+0000] {processor.py:183} INFO - Processing /opt/airflow/dags/data/models/Mauritania/TS_model.pkl took 0.029 seconds
[2024-08-17T03:07:19.061+0000] {processor.py:161} INFO - Started process (PID=94893) to work on /opt/airflow/dags/data/models/Mauritania/TS_model.pkl
[2024-08-17T03:07:19.062+0000] {processor.py:830} INFO - Processing file /opt/airflow/dags/data/models/Mauritania/TS_model.pkl for tasks to queue
[2024-08-17T03:07:19.062+0000] {logging_mixin.py:188} INFO - [2024-08-17T03:07:19.062+0000] {dagbag.py:545} INFO - Filling up the DagBag from /opt/airflow/dags/data/models/Mauritania/TS_model.pkl
[2024-08-17T03:07:19.074+0000] {processor.py:842} WARNING - No viable dags retrieved from /opt/airflow/dags/data/models/Mauritania/TS_model.pkl
[2024-08-17T03:07:19.084+0000] {processor.py:183} INFO - Processing /opt/airflow/dags/data/models/Mauritania/TS_model.pkl took 0.028 seconds
[2024-08-17T03:07:50.227+0000] {processor.py:161} INFO - Started process (PID=95307) to work on /opt/airflow/dags/data/models/Mauritania/TS_model.pkl
[2024-08-17T03:07:50.228+0000] {processor.py:830} INFO - Processing file /opt/airflow/dags/data/models/Mauritania/TS_model.pkl for tasks to queue
[2024-08-17T03:07:50.229+0000] {logging_mixin.py:188} INFO - [2024-08-17T03:07:50.228+0000] {dagbag.py:545} INFO - Filling up the DagBag from /opt/airflow/dags/data/models/Mauritania/TS_model.pkl
[2024-08-17T03:07:50.242+0000] {processor.py:842} WARNING - No viable dags retrieved from /opt/airflow/dags/data/models/Mauritania/TS_model.pkl
[2024-08-17T03:07:50.253+0000] {processor.py:183} INFO - Processing /opt/airflow/dags/data/models/Mauritania/TS_model.pkl took 0.030 seconds
[2024-08-17T03:08:21.073+0000] {processor.py:161} INFO - Started process (PID=95695) to work on /opt/airflow/dags/data/models/Mauritania/TS_model.pkl
[2024-08-17T03:08:21.074+0000] {processor.py:830} INFO - Processing file /opt/airflow/dags/data/models/Mauritania/TS_model.pkl for tasks to queue
[2024-08-17T03:08:21.075+0000] {logging_mixin.py:188} INFO - [2024-08-17T03:08:21.075+0000] {dagbag.py:545} INFO - Filling up the DagBag from /opt/airflow/dags/data/models/Mauritania/TS_model.pkl
[2024-08-17T03:08:21.090+0000] {processor.py:842} WARNING - No viable dags retrieved from /opt/airflow/dags/data/models/Mauritania/TS_model.pkl
[2024-08-17T03:08:21.102+0000] {processor.py:183} INFO - Processing /opt/airflow/dags/data/models/Mauritania/TS_model.pkl took 0.032 seconds
[2024-08-17T03:09:01.448+0000] {processor.py:161} INFO - Started process (PID=96137) to work on /opt/airflow/dags/data/models/Mauritania/TS_model.pkl
[2024-08-17T03:09:01.449+0000] {processor.py:830} INFO - Processing file /opt/airflow/dags/data/models/Mauritania/TS_model.pkl for tasks to queue
[2024-08-17T03:09:01.450+0000] {logging_mixin.py:188} INFO - [2024-08-17T03:09:01.450+0000] {dagbag.py:545} INFO - Filling up the DagBag from /opt/airflow/dags/data/models/Mauritania/TS_model.pkl
[2024-08-17T03:09:01.460+0000] {processor.py:842} WARNING - No viable dags retrieved from /opt/airflow/dags/data/models/Mauritania/TS_model.pkl
[2024-08-17T03:09:01.471+0000] {processor.py:183} INFO - Processing /opt/airflow/dags/data/models/Mauritania/TS_model.pkl took 0.027 seconds
[2024-08-17T03:09:33.217+0000] {processor.py:161} INFO - Started process (PID=96573) to work on /opt/airflow/dags/data/models/Mauritania/TS_model.pkl
[2024-08-17T03:09:33.218+0000] {processor.py:830} INFO - Processing file /opt/airflow/dags/data/models/Mauritania/TS_model.pkl for tasks to queue
[2024-08-17T03:09:33.219+0000] {logging_mixin.py:188} INFO - [2024-08-17T03:09:33.219+0000] {dagbag.py:545} INFO - Filling up the DagBag from /opt/airflow/dags/data/models/Mauritania/TS_model.pkl
[2024-08-17T03:09:33.235+0000] {processor.py:842} WARNING - No viable dags retrieved from /opt/airflow/dags/data/models/Mauritania/TS_model.pkl
[2024-08-17T03:09:33.248+0000] {processor.py:183} INFO - Processing /opt/airflow/dags/data/models/Mauritania/TS_model.pkl took 0.036 seconds
[2024-08-17T03:10:04.422+0000] {processor.py:161} INFO - Started process (PID=97014) to work on /opt/airflow/dags/data/models/Mauritania/TS_model.pkl
[2024-08-17T03:10:04.423+0000] {processor.py:830} INFO - Processing file /opt/airflow/dags/data/models/Mauritania/TS_model.pkl for tasks to queue
[2024-08-17T03:10:04.424+0000] {logging_mixin.py:188} INFO - [2024-08-17T03:10:04.424+0000] {dagbag.py:545} INFO - Filling up the DagBag from /opt/airflow/dags/data/models/Mauritania/TS_model.pkl
[2024-08-17T03:10:04.435+0000] {processor.py:842} WARNING - No viable dags retrieved from /opt/airflow/dags/data/models/Mauritania/TS_model.pkl
[2024-08-17T03:10:04.446+0000] {processor.py:183} INFO - Processing /opt/airflow/dags/data/models/Mauritania/TS_model.pkl took 0.027 seconds
[2024-08-17T03:10:35.400+0000] {processor.py:161} INFO - Started process (PID=97428) to work on /opt/airflow/dags/data/models/Mauritania/TS_model.pkl
[2024-08-17T03:10:35.400+0000] {processor.py:830} INFO - Processing file /opt/airflow/dags/data/models/Mauritania/TS_model.pkl for tasks to queue
[2024-08-17T03:10:35.401+0000] {logging_mixin.py:188} INFO - [2024-08-17T03:10:35.401+0000] {dagbag.py:545} INFO - Filling up the DagBag from /opt/airflow/dags/data/models/Mauritania/TS_model.pkl
[2024-08-17T03:10:35.415+0000] {processor.py:842} WARNING - No viable dags retrieved from /opt/airflow/dags/data/models/Mauritania/TS_model.pkl
[2024-08-17T03:10:35.429+0000] {processor.py:183} INFO - Processing /opt/airflow/dags/data/models/Mauritania/TS_model.pkl took 0.033 seconds
[2024-08-17T03:11:05.984+0000] {processor.py:161} INFO - Started process (PID=97871) to work on /opt/airflow/dags/data/models/Mauritania/TS_model.pkl
[2024-08-17T03:11:05.984+0000] {processor.py:830} INFO - Processing file /opt/airflow/dags/data/models/Mauritania/TS_model.pkl for tasks to queue
[2024-08-17T03:11:05.985+0000] {logging_mixin.py:188} INFO - [2024-08-17T03:11:05.985+0000] {dagbag.py:545} INFO - Filling up the DagBag from /opt/airflow/dags/data/models/Mauritania/TS_model.pkl
[2024-08-17T03:11:06.008+0000] {processor.py:842} WARNING - No viable dags retrieved from /opt/airflow/dags/data/models/Mauritania/TS_model.pkl
[2024-08-17T03:11:06.017+0000] {processor.py:183} INFO - Processing /opt/airflow/dags/data/models/Mauritania/TS_model.pkl took 0.037 seconds
[2024-08-17T03:11:37.540+0000] {processor.py:161} INFO - Started process (PID=98312) to work on /opt/airflow/dags/data/models/Mauritania/TS_model.pkl
[2024-08-17T03:11:37.540+0000] {processor.py:830} INFO - Processing file /opt/airflow/dags/data/models/Mauritania/TS_model.pkl for tasks to queue
[2024-08-17T03:11:37.541+0000] {logging_mixin.py:188} INFO - [2024-08-17T03:11:37.541+0000] {dagbag.py:545} INFO - Filling up the DagBag from /opt/airflow/dags/data/models/Mauritania/TS_model.pkl
[2024-08-17T03:11:37.552+0000] {processor.py:842} WARNING - No viable dags retrieved from /opt/airflow/dags/data/models/Mauritania/TS_model.pkl
[2024-08-17T03:11:37.561+0000] {processor.py:183} INFO - Processing /opt/airflow/dags/data/models/Mauritania/TS_model.pkl took 0.026 seconds
[2024-08-17T03:12:08.283+0000] {processor.py:161} INFO - Started process (PID=98710) to work on /opt/airflow/dags/data/models/Mauritania/TS_model.pkl
[2024-08-17T03:12:08.284+0000] {processor.py:830} INFO - Processing file /opt/airflow/dags/data/models/Mauritania/TS_model.pkl for tasks to queue
[2024-08-17T03:12:08.285+0000] {logging_mixin.py:188} INFO - [2024-08-17T03:12:08.285+0000] {dagbag.py:545} INFO - Filling up the DagBag from /opt/airflow/dags/data/models/Mauritania/TS_model.pkl
[2024-08-17T03:12:08.293+0000] {processor.py:842} WARNING - No viable dags retrieved from /opt/airflow/dags/data/models/Mauritania/TS_model.pkl
[2024-08-17T03:12:08.303+0000] {processor.py:183} INFO - Processing /opt/airflow/dags/data/models/Mauritania/TS_model.pkl took 0.024 seconds
[2024-08-17T03:12:38.999+0000] {processor.py:161} INFO - Started process (PID=99151) to work on /opt/airflow/dags/data/models/Mauritania/TS_model.pkl
[2024-08-17T03:12:39.000+0000] {processor.py:830} INFO - Processing file /opt/airflow/dags/data/models/Mauritania/TS_model.pkl for tasks to queue
[2024-08-17T03:12:39.001+0000] {logging_mixin.py:188} INFO - [2024-08-17T03:12:39.000+0000] {dagbag.py:545} INFO - Filling up the DagBag from /opt/airflow/dags/data/models/Mauritania/TS_model.pkl
[2024-08-17T03:12:39.009+0000] {processor.py:842} WARNING - No viable dags retrieved from /opt/airflow/dags/data/models/Mauritania/TS_model.pkl
[2024-08-17T03:12:39.019+0000] {processor.py:183} INFO - Processing /opt/airflow/dags/data/models/Mauritania/TS_model.pkl took 0.023 seconds
[2024-08-17T03:13:09.611+0000] {processor.py:161} INFO - Started process (PID=99568) to work on /opt/airflow/dags/data/models/Mauritania/TS_model.pkl
[2024-08-17T03:13:09.611+0000] {processor.py:830} INFO - Processing file /opt/airflow/dags/data/models/Mauritania/TS_model.pkl for tasks to queue
[2024-08-17T03:13:09.612+0000] {logging_mixin.py:188} INFO - [2024-08-17T03:13:09.612+0000] {dagbag.py:545} INFO - Filling up the DagBag from /opt/airflow/dags/data/models/Mauritania/TS_model.pkl
[2024-08-17T03:13:09.621+0000] {processor.py:842} WARNING - No viable dags retrieved from /opt/airflow/dags/data/models/Mauritania/TS_model.pkl
[2024-08-17T03:13:09.630+0000] {processor.py:183} INFO - Processing /opt/airflow/dags/data/models/Mauritania/TS_model.pkl took 0.023 seconds
[2024-08-17T03:13:40.411+0000] {processor.py:161} INFO - Started process (PID=314) to work on /opt/airflow/dags/data/models/Mauritania/TS_model.pkl
[2024-08-17T03:13:40.412+0000] {processor.py:830} INFO - Processing file /opt/airflow/dags/data/models/Mauritania/TS_model.pkl for tasks to queue
[2024-08-17T03:13:40.413+0000] {logging_mixin.py:188} INFO - [2024-08-17T03:13:40.413+0000] {dagbag.py:545} INFO - Filling up the DagBag from /opt/airflow/dags/data/models/Mauritania/TS_model.pkl
[2024-08-17T03:13:40.421+0000] {processor.py:842} WARNING - No viable dags retrieved from /opt/airflow/dags/data/models/Mauritania/TS_model.pkl
[2024-08-17T03:13:40.432+0000] {processor.py:183} INFO - Processing /opt/airflow/dags/data/models/Mauritania/TS_model.pkl took 0.024 seconds
[2024-08-17T03:14:11.007+0000] {processor.py:161} INFO - Started process (PID=742) to work on /opt/airflow/dags/data/models/Mauritania/TS_model.pkl
[2024-08-17T03:14:11.007+0000] {processor.py:830} INFO - Processing file /opt/airflow/dags/data/models/Mauritania/TS_model.pkl for tasks to queue
[2024-08-17T03:14:11.008+0000] {logging_mixin.py:188} INFO - [2024-08-17T03:14:11.008+0000] {dagbag.py:545} INFO - Filling up the DagBag from /opt/airflow/dags/data/models/Mauritania/TS_model.pkl
[2024-08-17T03:14:11.019+0000] {processor.py:842} WARNING - No viable dags retrieved from /opt/airflow/dags/data/models/Mauritania/TS_model.pkl
[2024-08-17T03:14:11.031+0000] {processor.py:183} INFO - Processing /opt/airflow/dags/data/models/Mauritania/TS_model.pkl took 0.027 seconds
[2024-08-17T03:14:41.954+0000] {processor.py:161} INFO - Started process (PID=1187) to work on /opt/airflow/dags/data/models/Mauritania/TS_model.pkl
[2024-08-17T03:14:41.955+0000] {processor.py:830} INFO - Processing file /opt/airflow/dags/data/models/Mauritania/TS_model.pkl for tasks to queue
[2024-08-17T03:14:41.956+0000] {logging_mixin.py:188} INFO - [2024-08-17T03:14:41.956+0000] {dagbag.py:545} INFO - Filling up the DagBag from /opt/airflow/dags/data/models/Mauritania/TS_model.pkl
[2024-08-17T03:14:41.969+0000] {processor.py:842} WARNING - No viable dags retrieved from /opt/airflow/dags/data/models/Mauritania/TS_model.pkl
[2024-08-17T03:14:41.978+0000] {processor.py:183} INFO - Processing /opt/airflow/dags/data/models/Mauritania/TS_model.pkl took 0.027 seconds
[2024-08-17T03:15:12.592+0000] {processor.py:161} INFO - Started process (PID=1620) to work on /opt/airflow/dags/data/models/Mauritania/TS_model.pkl
[2024-08-17T03:15:12.593+0000] {processor.py:830} INFO - Processing file /opt/airflow/dags/data/models/Mauritania/TS_model.pkl for tasks to queue
[2024-08-17T03:15:12.594+0000] {logging_mixin.py:188} INFO - [2024-08-17T03:15:12.593+0000] {dagbag.py:545} INFO - Filling up the DagBag from /opt/airflow/dags/data/models/Mauritania/TS_model.pkl
[2024-08-17T03:15:12.603+0000] {processor.py:842} WARNING - No viable dags retrieved from /opt/airflow/dags/data/models/Mauritania/TS_model.pkl
[2024-08-17T03:15:12.613+0000] {processor.py:183} INFO - Processing /opt/airflow/dags/data/models/Mauritania/TS_model.pkl took 0.025 seconds
[2024-08-17T03:15:43.704+0000] {processor.py:161} INFO - Started process (PID=2048) to work on /opt/airflow/dags/data/models/Mauritania/TS_model.pkl
[2024-08-17T03:15:43.705+0000] {processor.py:830} INFO - Processing file /opt/airflow/dags/data/models/Mauritania/TS_model.pkl for tasks to queue
[2024-08-17T03:15:43.705+0000] {logging_mixin.py:188} INFO - [2024-08-17T03:15:43.705+0000] {dagbag.py:545} INFO - Filling up the DagBag from /opt/airflow/dags/data/models/Mauritania/TS_model.pkl
[2024-08-17T03:15:43.714+0000] {processor.py:842} WARNING - No viable dags retrieved from /opt/airflow/dags/data/models/Mauritania/TS_model.pkl
[2024-08-17T03:15:43.724+0000] {processor.py:183} INFO - Processing /opt/airflow/dags/data/models/Mauritania/TS_model.pkl took 0.023 seconds
[2024-08-17T03:16:15.328+0000] {processor.py:161} INFO - Started process (PID=2502) to work on /opt/airflow/dags/data/models/Mauritania/TS_model.pkl
[2024-08-17T03:16:15.329+0000] {processor.py:830} INFO - Processing file /opt/airflow/dags/data/models/Mauritania/TS_model.pkl for tasks to queue
[2024-08-17T03:16:15.329+0000] {logging_mixin.py:188} INFO - [2024-08-17T03:16:15.329+0000] {dagbag.py:545} INFO - Filling up the DagBag from /opt/airflow/dags/data/models/Mauritania/TS_model.pkl
[2024-08-17T03:16:15.336+0000] {processor.py:842} WARNING - No viable dags retrieved from /opt/airflow/dags/data/models/Mauritania/TS_model.pkl
[2024-08-17T03:16:15.346+0000] {processor.py:183} INFO - Processing /opt/airflow/dags/data/models/Mauritania/TS_model.pkl took 0.021 seconds
[2024-08-17T03:16:46.295+0000] {processor.py:161} INFO - Started process (PID=2895) to work on /opt/airflow/dags/data/models/Mauritania/TS_model.pkl
[2024-08-17T03:16:46.295+0000] {processor.py:830} INFO - Processing file /opt/airflow/dags/data/models/Mauritania/TS_model.pkl for tasks to queue
[2024-08-17T03:16:46.296+0000] {logging_mixin.py:188} INFO - [2024-08-17T03:16:46.296+0000] {dagbag.py:545} INFO - Filling up the DagBag from /opt/airflow/dags/data/models/Mauritania/TS_model.pkl
[2024-08-17T03:16:46.305+0000] {processor.py:842} WARNING - No viable dags retrieved from /opt/airflow/dags/data/models/Mauritania/TS_model.pkl
[2024-08-17T03:16:46.314+0000] {processor.py:183} INFO - Processing /opt/airflow/dags/data/models/Mauritania/TS_model.pkl took 0.023 seconds
[2024-08-17T03:17:17.078+0000] {processor.py:161} INFO - Started process (PID=3342) to work on /opt/airflow/dags/data/models/Mauritania/TS_model.pkl
[2024-08-17T03:17:17.078+0000] {processor.py:830} INFO - Processing file /opt/airflow/dags/data/models/Mauritania/TS_model.pkl for tasks to queue
[2024-08-17T03:17:17.079+0000] {logging_mixin.py:188} INFO - [2024-08-17T03:17:17.079+0000] {dagbag.py:545} INFO - Filling up the DagBag from /opt/airflow/dags/data/models/Mauritania/TS_model.pkl
[2024-08-17T03:17:17.090+0000] {processor.py:842} WARNING - No viable dags retrieved from /opt/airflow/dags/data/models/Mauritania/TS_model.pkl
[2024-08-17T03:17:17.099+0000] {processor.py:183} INFO - Processing /opt/airflow/dags/data/models/Mauritania/TS_model.pkl took 0.025 seconds
[2024-08-17T03:17:47.889+0000] {processor.py:161} INFO - Started process (PID=3796) to work on /opt/airflow/dags/data/models/Mauritania/TS_model.pkl
[2024-08-17T03:17:47.889+0000] {processor.py:830} INFO - Processing file /opt/airflow/dags/data/models/Mauritania/TS_model.pkl for tasks to queue
[2024-08-17T03:17:47.890+0000] {logging_mixin.py:188} INFO - [2024-08-17T03:17:47.890+0000] {dagbag.py:545} INFO - Filling up the DagBag from /opt/airflow/dags/data/models/Mauritania/TS_model.pkl
[2024-08-17T03:17:47.899+0000] {processor.py:842} WARNING - No viable dags retrieved from /opt/airflow/dags/data/models/Mauritania/TS_model.pkl
[2024-08-17T03:17:47.908+0000] {processor.py:183} INFO - Processing /opt/airflow/dags/data/models/Mauritania/TS_model.pkl took 0.023 seconds
[2024-08-17T03:18:18.977+0000] {processor.py:161} INFO - Started process (PID=4224) to work on /opt/airflow/dags/data/models/Mauritania/TS_model.pkl
[2024-08-17T03:18:18.977+0000] {processor.py:830} INFO - Processing file /opt/airflow/dags/data/models/Mauritania/TS_model.pkl for tasks to queue
[2024-08-17T03:18:18.978+0000] {logging_mixin.py:188} INFO - [2024-08-17T03:18:18.978+0000] {dagbag.py:545} INFO - Filling up the DagBag from /opt/airflow/dags/data/models/Mauritania/TS_model.pkl
[2024-08-17T03:18:18.988+0000] {processor.py:842} WARNING - No viable dags retrieved from /opt/airflow/dags/data/models/Mauritania/TS_model.pkl
[2024-08-17T03:18:18.997+0000] {processor.py:183} INFO - Processing /opt/airflow/dags/data/models/Mauritania/TS_model.pkl took 0.025 seconds
[2024-08-17T03:18:55.960+0000] {processor.py:161} INFO - Started process (PID=4684) to work on /opt/airflow/dags/data/models/Mauritania/TS_model.pkl
[2024-08-17T03:18:55.961+0000] {processor.py:830} INFO - Processing file /opt/airflow/dags/data/models/Mauritania/TS_model.pkl for tasks to queue
[2024-08-17T03:18:55.961+0000] {logging_mixin.py:188} INFO - [2024-08-17T03:18:55.961+0000] {dagbag.py:545} INFO - Filling up the DagBag from /opt/airflow/dags/data/models/Mauritania/TS_model.pkl
[2024-08-17T03:18:55.969+0000] {processor.py:842} WARNING - No viable dags retrieved from /opt/airflow/dags/data/models/Mauritania/TS_model.pkl
[2024-08-17T03:18:55.978+0000] {processor.py:183} INFO - Processing /opt/airflow/dags/data/models/Mauritania/TS_model.pkl took 0.022 seconds
[2024-08-17T03:19:26.648+0000] {processor.py:161} INFO - Started process (PID=5131) to work on /opt/airflow/dags/data/models/Mauritania/TS_model.pkl
[2024-08-17T03:19:26.649+0000] {processor.py:830} INFO - Processing file /opt/airflow/dags/data/models/Mauritania/TS_model.pkl for tasks to queue
[2024-08-17T03:19:26.649+0000] {logging_mixin.py:188} INFO - [2024-08-17T03:19:26.649+0000] {dagbag.py:545} INFO - Filling up the DagBag from /opt/airflow/dags/data/models/Mauritania/TS_model.pkl
[2024-08-17T03:19:26.658+0000] {processor.py:842} WARNING - No viable dags retrieved from /opt/airflow/dags/data/models/Mauritania/TS_model.pkl
[2024-08-17T03:19:26.667+0000] {processor.py:183} INFO - Processing /opt/airflow/dags/data/models/Mauritania/TS_model.pkl took 0.023 seconds
[2024-08-17T03:19:57.399+0000] {processor.py:161} INFO - Started process (PID=5585) to work on /opt/airflow/dags/data/models/Mauritania/TS_model.pkl
[2024-08-17T03:19:57.399+0000] {processor.py:830} INFO - Processing file /opt/airflow/dags/data/models/Mauritania/TS_model.pkl for tasks to queue
[2024-08-17T03:19:57.400+0000] {logging_mixin.py:188} INFO - [2024-08-17T03:19:57.400+0000] {dagbag.py:545} INFO - Filling up the DagBag from /opt/airflow/dags/data/models/Mauritania/TS_model.pkl
[2024-08-17T03:19:57.408+0000] {processor.py:842} WARNING - No viable dags retrieved from /opt/airflow/dags/data/models/Mauritania/TS_model.pkl
[2024-08-17T03:19:57.417+0000] {processor.py:183} INFO - Processing /opt/airflow/dags/data/models/Mauritania/TS_model.pkl took 0.022 seconds
[2024-08-17T03:20:28.018+0000] {processor.py:161} INFO - Started process (PID=6013) to work on /opt/airflow/dags/data/models/Mauritania/TS_model.pkl
[2024-08-17T03:20:28.018+0000] {processor.py:830} INFO - Processing file /opt/airflow/dags/data/models/Mauritania/TS_model.pkl for tasks to queue
[2024-08-17T03:20:28.019+0000] {logging_mixin.py:188} INFO - [2024-08-17T03:20:28.019+0000] {dagbag.py:545} INFO - Filling up the DagBag from /opt/airflow/dags/data/models/Mauritania/TS_model.pkl
[2024-08-17T03:20:28.027+0000] {processor.py:842} WARNING - No viable dags retrieved from /opt/airflow/dags/data/models/Mauritania/TS_model.pkl
[2024-08-17T03:20:28.035+0000] {processor.py:183} INFO - Processing /opt/airflow/dags/data/models/Mauritania/TS_model.pkl took 0.021 seconds
[2024-08-17T03:20:58.598+0000] {processor.py:161} INFO - Started process (PID=6467) to work on /opt/airflow/dags/data/models/Mauritania/TS_model.pkl
[2024-08-17T03:20:58.598+0000] {processor.py:830} INFO - Processing file /opt/airflow/dags/data/models/Mauritania/TS_model.pkl for tasks to queue
[2024-08-17T03:20:58.599+0000] {logging_mixin.py:188} INFO - [2024-08-17T03:20:58.599+0000] {dagbag.py:545} INFO - Filling up the DagBag from /opt/airflow/dags/data/models/Mauritania/TS_model.pkl
[2024-08-17T03:20:58.609+0000] {processor.py:842} WARNING - No viable dags retrieved from /opt/airflow/dags/data/models/Mauritania/TS_model.pkl
[2024-08-17T03:20:58.618+0000] {processor.py:183} INFO - Processing /opt/airflow/dags/data/models/Mauritania/TS_model.pkl took 0.024 seconds
[2024-08-17T03:21:29.220+0000] {processor.py:161} INFO - Started process (PID=6895) to work on /opt/airflow/dags/data/models/Mauritania/TS_model.pkl
[2024-08-17T03:21:29.220+0000] {processor.py:830} INFO - Processing file /opt/airflow/dags/data/models/Mauritania/TS_model.pkl for tasks to queue
[2024-08-17T03:21:29.221+0000] {logging_mixin.py:188} INFO - [2024-08-17T03:21:29.221+0000] {dagbag.py:545} INFO - Filling up the DagBag from /opt/airflow/dags/data/models/Mauritania/TS_model.pkl
[2024-08-17T03:21:29.228+0000] {processor.py:842} WARNING - No viable dags retrieved from /opt/airflow/dags/data/models/Mauritania/TS_model.pkl
[2024-08-17T03:21:29.237+0000] {processor.py:183} INFO - Processing /opt/airflow/dags/data/models/Mauritania/TS_model.pkl took 0.021 seconds
[2024-08-17T03:22:00.836+0000] {processor.py:161} INFO - Started process (PID=7357) to work on /opt/airflow/dags/data/models/Mauritania/TS_model.pkl
[2024-08-17T03:22:00.836+0000] {processor.py:830} INFO - Processing file /opt/airflow/dags/data/models/Mauritania/TS_model.pkl for tasks to queue
[2024-08-17T03:22:00.837+0000] {logging_mixin.py:188} INFO - [2024-08-17T03:22:00.837+0000] {dagbag.py:545} INFO - Filling up the DagBag from /opt/airflow/dags/data/models/Mauritania/TS_model.pkl
[2024-08-17T03:22:00.844+0000] {processor.py:842} WARNING - No viable dags retrieved from /opt/airflow/dags/data/models/Mauritania/TS_model.pkl
[2024-08-17T03:22:00.853+0000] {processor.py:183} INFO - Processing /opt/airflow/dags/data/models/Mauritania/TS_model.pkl took 0.021 seconds
[2024-08-17T03:22:31.930+0000] {processor.py:161} INFO - Started process (PID=7814) to work on /opt/airflow/dags/data/models/Mauritania/TS_model.pkl
[2024-08-17T03:22:31.931+0000] {processor.py:830} INFO - Processing file /opt/airflow/dags/data/models/Mauritania/TS_model.pkl for tasks to queue
[2024-08-17T03:22:31.931+0000] {logging_mixin.py:188} INFO - [2024-08-17T03:22:31.931+0000] {dagbag.py:545} INFO - Filling up the DagBag from /opt/airflow/dags/data/models/Mauritania/TS_model.pkl
[2024-08-17T03:22:31.947+0000] {processor.py:842} WARNING - No viable dags retrieved from /opt/airflow/dags/data/models/Mauritania/TS_model.pkl
[2024-08-17T03:22:31.956+0000] {processor.py:183} INFO - Processing /opt/airflow/dags/data/models/Mauritania/TS_model.pkl took 0.029 seconds
[2024-08-17T03:23:03.273+0000] {processor.py:161} INFO - Started process (PID=8243) to work on /opt/airflow/dags/data/models/Mauritania/TS_model.pkl
[2024-08-17T03:23:03.274+0000] {processor.py:830} INFO - Processing file /opt/airflow/dags/data/models/Mauritania/TS_model.pkl for tasks to queue
[2024-08-17T03:23:03.274+0000] {logging_mixin.py:188} INFO - [2024-08-17T03:23:03.274+0000] {dagbag.py:545} INFO - Filling up the DagBag from /opt/airflow/dags/data/models/Mauritania/TS_model.pkl
[2024-08-17T03:23:03.284+0000] {processor.py:842} WARNING - No viable dags retrieved from /opt/airflow/dags/data/models/Mauritania/TS_model.pkl
[2024-08-17T03:23:03.293+0000] {processor.py:183} INFO - Processing /opt/airflow/dags/data/models/Mauritania/TS_model.pkl took 0.023 seconds
[2024-08-17T03:23:34.199+0000] {processor.py:161} INFO - Started process (PID=8677) to work on /opt/airflow/dags/data/models/Mauritania/TS_model.pkl
[2024-08-17T03:23:34.199+0000] {processor.py:830} INFO - Processing file /opt/airflow/dags/data/models/Mauritania/TS_model.pkl for tasks to queue
[2024-08-17T03:23:34.200+0000] {logging_mixin.py:188} INFO - [2024-08-17T03:23:34.200+0000] {dagbag.py:545} INFO - Filling up the DagBag from /opt/airflow/dags/data/models/Mauritania/TS_model.pkl
[2024-08-17T03:23:34.209+0000] {processor.py:842} WARNING - No viable dags retrieved from /opt/airflow/dags/data/models/Mauritania/TS_model.pkl
[2024-08-17T03:23:34.218+0000] {processor.py:183} INFO - Processing /opt/airflow/dags/data/models/Mauritania/TS_model.pkl took 0.023 seconds
[2024-08-17T03:24:04.897+0000] {processor.py:161} INFO - Started process (PID=9131) to work on /opt/airflow/dags/data/models/Mauritania/TS_model.pkl
[2024-08-17T03:24:04.897+0000] {processor.py:830} INFO - Processing file /opt/airflow/dags/data/models/Mauritania/TS_model.pkl for tasks to queue
[2024-08-17T03:24:04.898+0000] {logging_mixin.py:188} INFO - [2024-08-17T03:24:04.898+0000] {dagbag.py:545} INFO - Filling up the DagBag from /opt/airflow/dags/data/models/Mauritania/TS_model.pkl
[2024-08-17T03:24:04.909+0000] {processor.py:842} WARNING - No viable dags retrieved from /opt/airflow/dags/data/models/Mauritania/TS_model.pkl
[2024-08-17T03:24:04.918+0000] {processor.py:183} INFO - Processing /opt/airflow/dags/data/models/Mauritania/TS_model.pkl took 0.026 seconds
[2024-08-17T03:24:36.180+0000] {processor.py:161} INFO - Started process (PID=9540) to work on /opt/airflow/dags/data/models/Mauritania/TS_model.pkl
[2024-08-17T03:24:36.181+0000] {processor.py:830} INFO - Processing file /opt/airflow/dags/data/models/Mauritania/TS_model.pkl for tasks to queue
[2024-08-17T03:24:36.181+0000] {logging_mixin.py:188} INFO - [2024-08-17T03:24:36.181+0000] {dagbag.py:545} INFO - Filling up the DagBag from /opt/airflow/dags/data/models/Mauritania/TS_model.pkl
[2024-08-17T03:24:36.191+0000] {processor.py:842} WARNING - No viable dags retrieved from /opt/airflow/dags/data/models/Mauritania/TS_model.pkl
[2024-08-17T03:24:36.200+0000] {processor.py:183} INFO - Processing /opt/airflow/dags/data/models/Mauritania/TS_model.pkl took 0.023 seconds
[2024-08-17T03:25:07.293+0000] {processor.py:161} INFO - Started process (PID=9992) to work on /opt/airflow/dags/data/models/Mauritania/TS_model.pkl
[2024-08-17T03:25:07.294+0000] {processor.py:830} INFO - Processing file /opt/airflow/dags/data/models/Mauritania/TS_model.pkl for tasks to queue
[2024-08-17T03:25:07.295+0000] {logging_mixin.py:188} INFO - [2024-08-17T03:25:07.295+0000] {dagbag.py:545} INFO - Filling up the DagBag from /opt/airflow/dags/data/models/Mauritania/TS_model.pkl
[2024-08-17T03:25:07.304+0000] {processor.py:842} WARNING - No viable dags retrieved from /opt/airflow/dags/data/models/Mauritania/TS_model.pkl
[2024-08-17T03:25:07.313+0000] {processor.py:183} INFO - Processing /opt/airflow/dags/data/models/Mauritania/TS_model.pkl took 0.024 seconds
[2024-08-17T03:25:38.703+0000] {processor.py:161} INFO - Started process (PID=10446) to work on /opt/airflow/dags/data/models/Mauritania/TS_model.pkl
[2024-08-17T03:25:38.705+0000] {processor.py:830} INFO - Processing file /opt/airflow/dags/data/models/Mauritania/TS_model.pkl for tasks to queue
[2024-08-17T03:25:38.706+0000] {logging_mixin.py:188} INFO - [2024-08-17T03:25:38.706+0000] {dagbag.py:545} INFO - Filling up the DagBag from /opt/airflow/dags/data/models/Mauritania/TS_model.pkl
[2024-08-17T03:25:38.713+0000] {processor.py:842} WARNING - No viable dags retrieved from /opt/airflow/dags/data/models/Mauritania/TS_model.pkl
[2024-08-17T03:25:38.722+0000] {processor.py:183} INFO - Processing /opt/airflow/dags/data/models/Mauritania/TS_model.pkl took 0.024 seconds
[2024-08-17T03:26:09.634+0000] {processor.py:161} INFO - Started process (PID=10853) to work on /opt/airflow/dags/data/models/Mauritania/TS_model.pkl
[2024-08-17T03:26:09.635+0000] {processor.py:830} INFO - Processing file /opt/airflow/dags/data/models/Mauritania/TS_model.pkl for tasks to queue
[2024-08-17T03:26:09.635+0000] {logging_mixin.py:188} INFO - [2024-08-17T03:26:09.635+0000] {dagbag.py:545} INFO - Filling up the DagBag from /opt/airflow/dags/data/models/Mauritania/TS_model.pkl
[2024-08-17T03:26:09.642+0000] {processor.py:842} WARNING - No viable dags retrieved from /opt/airflow/dags/data/models/Mauritania/TS_model.pkl
[2024-08-17T03:26:09.651+0000] {processor.py:183} INFO - Processing /opt/airflow/dags/data/models/Mauritania/TS_model.pkl took 0.021 seconds
[2024-08-17T03:26:41.020+0000] {processor.py:161} INFO - Started process (PID=11311) to work on /opt/airflow/dags/data/models/Mauritania/TS_model.pkl
[2024-08-17T03:26:41.021+0000] {processor.py:830} INFO - Processing file /opt/airflow/dags/data/models/Mauritania/TS_model.pkl for tasks to queue
[2024-08-17T03:26:41.021+0000] {logging_mixin.py:188} INFO - [2024-08-17T03:26:41.021+0000] {dagbag.py:545} INFO - Filling up the DagBag from /opt/airflow/dags/data/models/Mauritania/TS_model.pkl
[2024-08-17T03:26:41.029+0000] {processor.py:842} WARNING - No viable dags retrieved from /opt/airflow/dags/data/models/Mauritania/TS_model.pkl
[2024-08-17T03:26:41.039+0000] {processor.py:183} INFO - Processing /opt/airflow/dags/data/models/Mauritania/TS_model.pkl took 0.022 seconds
[2024-08-17T03:27:12.081+0000] {processor.py:161} INFO - Started process (PID=11746) to work on /opt/airflow/dags/data/models/Mauritania/TS_model.pkl
[2024-08-17T03:27:12.082+0000] {processor.py:830} INFO - Processing file /opt/airflow/dags/data/models/Mauritania/TS_model.pkl for tasks to queue
[2024-08-17T03:27:12.082+0000] {logging_mixin.py:188} INFO - [2024-08-17T03:27:12.082+0000] {dagbag.py:545} INFO - Filling up the DagBag from /opt/airflow/dags/data/models/Mauritania/TS_model.pkl
[2024-08-17T03:27:12.091+0000] {processor.py:842} WARNING - No viable dags retrieved from /opt/airflow/dags/data/models/Mauritania/TS_model.pkl
[2024-08-17T03:27:12.102+0000] {processor.py:183} INFO - Processing /opt/airflow/dags/data/models/Mauritania/TS_model.pkl took 0.025 seconds
[2024-08-17T03:27:42.845+0000] {processor.py:161} INFO - Started process (PID=12193) to work on /opt/airflow/dags/data/models/Mauritania/TS_model.pkl
[2024-08-17T03:27:42.846+0000] {processor.py:830} INFO - Processing file /opt/airflow/dags/data/models/Mauritania/TS_model.pkl for tasks to queue
[2024-08-17T03:27:42.846+0000] {logging_mixin.py:188} INFO - [2024-08-17T03:27:42.846+0000] {dagbag.py:545} INFO - Filling up the DagBag from /opt/airflow/dags/data/models/Mauritania/TS_model.pkl
[2024-08-17T03:27:42.854+0000] {processor.py:842} WARNING - No viable dags retrieved from /opt/airflow/dags/data/models/Mauritania/TS_model.pkl
[2024-08-17T03:27:42.864+0000] {processor.py:183} INFO - Processing /opt/airflow/dags/data/models/Mauritania/TS_model.pkl took 0.023 seconds
[2024-08-17T03:28:13.624+0000] {processor.py:161} INFO - Started process (PID=12647) to work on /opt/airflow/dags/data/models/Mauritania/TS_model.pkl
[2024-08-17T03:28:13.625+0000] {processor.py:830} INFO - Processing file /opt/airflow/dags/data/models/Mauritania/TS_model.pkl for tasks to queue
[2024-08-17T03:28:13.625+0000] {logging_mixin.py:188} INFO - [2024-08-17T03:28:13.625+0000] {dagbag.py:545} INFO - Filling up the DagBag from /opt/airflow/dags/data/models/Mauritania/TS_model.pkl
[2024-08-17T03:28:13.633+0000] {processor.py:842} WARNING - No viable dags retrieved from /opt/airflow/dags/data/models/Mauritania/TS_model.pkl
[2024-08-17T03:28:13.643+0000] {processor.py:183} INFO - Processing /opt/airflow/dags/data/models/Mauritania/TS_model.pkl took 0.023 seconds
[2024-08-17T03:28:44.526+0000] {processor.py:161} INFO - Started process (PID=13075) to work on /opt/airflow/dags/data/models/Mauritania/TS_model.pkl
[2024-08-17T03:28:44.526+0000] {processor.py:830} INFO - Processing file /opt/airflow/dags/data/models/Mauritania/TS_model.pkl for tasks to queue
[2024-08-17T03:28:44.527+0000] {logging_mixin.py:188} INFO - [2024-08-17T03:28:44.527+0000] {dagbag.py:545} INFO - Filling up the DagBag from /opt/airflow/dags/data/models/Mauritania/TS_model.pkl
[2024-08-17T03:28:44.536+0000] {processor.py:842} WARNING - No viable dags retrieved from /opt/airflow/dags/data/models/Mauritania/TS_model.pkl
[2024-08-17T03:28:44.546+0000] {processor.py:183} INFO - Processing /opt/airflow/dags/data/models/Mauritania/TS_model.pkl took 0.024 seconds
[2024-08-17T03:29:15.163+0000] {processor.py:161} INFO - Started process (PID=13528) to work on /opt/airflow/dags/data/models/Mauritania/TS_model.pkl
[2024-08-17T03:29:15.163+0000] {processor.py:830} INFO - Processing file /opt/airflow/dags/data/models/Mauritania/TS_model.pkl for tasks to queue
[2024-08-17T03:29:15.164+0000] {logging_mixin.py:188} INFO - [2024-08-17T03:29:15.163+0000] {dagbag.py:545} INFO - Filling up the DagBag from /opt/airflow/dags/data/models/Mauritania/TS_model.pkl
[2024-08-17T03:29:15.177+0000] {processor.py:842} WARNING - No viable dags retrieved from /opt/airflow/dags/data/models/Mauritania/TS_model.pkl
[2024-08-17T03:29:15.187+0000] {processor.py:183} INFO - Processing /opt/airflow/dags/data/models/Mauritania/TS_model.pkl took 0.027 seconds
[2024-08-17T03:29:46.369+0000] {processor.py:161} INFO - Started process (PID=13982) to work on /opt/airflow/dags/data/models/Mauritania/TS_model.pkl
[2024-08-17T03:29:46.370+0000] {processor.py:830} INFO - Processing file /opt/airflow/dags/data/models/Mauritania/TS_model.pkl for tasks to queue
[2024-08-17T03:29:46.371+0000] {logging_mixin.py:188} INFO - [2024-08-17T03:29:46.370+0000] {dagbag.py:545} INFO - Filling up the DagBag from /opt/airflow/dags/data/models/Mauritania/TS_model.pkl
[2024-08-17T03:29:46.378+0000] {processor.py:842} WARNING - No viable dags retrieved from /opt/airflow/dags/data/models/Mauritania/TS_model.pkl
[2024-08-17T03:29:46.388+0000] {processor.py:183} INFO - Processing /opt/airflow/dags/data/models/Mauritania/TS_model.pkl took 0.022 seconds
[2024-08-17T03:30:17.485+0000] {processor.py:161} INFO - Started process (PID=14410) to work on /opt/airflow/dags/data/models/Mauritania/TS_model.pkl
[2024-08-17T03:30:17.486+0000] {processor.py:830} INFO - Processing file /opt/airflow/dags/data/models/Mauritania/TS_model.pkl for tasks to queue
[2024-08-17T03:30:17.486+0000] {logging_mixin.py:188} INFO - [2024-08-17T03:30:17.486+0000] {dagbag.py:545} INFO - Filling up the DagBag from /opt/airflow/dags/data/models/Mauritania/TS_model.pkl
[2024-08-17T03:30:17.495+0000] {processor.py:842} WARNING - No viable dags retrieved from /opt/airflow/dags/data/models/Mauritania/TS_model.pkl
[2024-08-17T03:30:17.505+0000] {processor.py:183} INFO - Processing /opt/airflow/dags/data/models/Mauritania/TS_model.pkl took 0.024 seconds
[2024-08-17T03:30:48.620+0000] {processor.py:161} INFO - Started process (PID=14843) to work on /opt/airflow/dags/data/models/Mauritania/TS_model.pkl
[2024-08-17T03:30:48.621+0000] {processor.py:830} INFO - Processing file /opt/airflow/dags/data/models/Mauritania/TS_model.pkl for tasks to queue
[2024-08-17T03:30:48.621+0000] {logging_mixin.py:188} INFO - [2024-08-17T03:30:48.621+0000] {dagbag.py:545} INFO - Filling up the DagBag from /opt/airflow/dags/data/models/Mauritania/TS_model.pkl
[2024-08-17T03:30:48.629+0000] {processor.py:842} WARNING - No viable dags retrieved from /opt/airflow/dags/data/models/Mauritania/TS_model.pkl
[2024-08-17T03:30:48.639+0000] {processor.py:183} INFO - Processing /opt/airflow/dags/data/models/Mauritania/TS_model.pkl took 0.022 seconds
[2024-08-17T03:31:19.631+0000] {processor.py:161} INFO - Started process (PID=15298) to work on /opt/airflow/dags/data/models/Mauritania/TS_model.pkl
[2024-08-17T03:31:19.632+0000] {processor.py:830} INFO - Processing file /opt/airflow/dags/data/models/Mauritania/TS_model.pkl for tasks to queue
[2024-08-17T03:31:19.633+0000] {logging_mixin.py:188} INFO - [2024-08-17T03:31:19.632+0000] {dagbag.py:545} INFO - Filling up the DagBag from /opt/airflow/dags/data/models/Mauritania/TS_model.pkl
[2024-08-17T03:31:19.641+0000] {processor.py:842} WARNING - No viable dags retrieved from /opt/airflow/dags/data/models/Mauritania/TS_model.pkl
[2024-08-17T03:31:19.652+0000] {processor.py:183} INFO - Processing /opt/airflow/dags/data/models/Mauritania/TS_model.pkl took 0.024 seconds
[2024-08-17T03:31:51.173+0000] {processor.py:161} INFO - Started process (PID=15726) to work on /opt/airflow/dags/data/models/Mauritania/TS_model.pkl
[2024-08-17T03:31:51.174+0000] {processor.py:830} INFO - Processing file /opt/airflow/dags/data/models/Mauritania/TS_model.pkl for tasks to queue
[2024-08-17T03:31:51.174+0000] {logging_mixin.py:188} INFO - [2024-08-17T03:31:51.174+0000] {dagbag.py:545} INFO - Filling up the DagBag from /opt/airflow/dags/data/models/Mauritania/TS_model.pkl
[2024-08-17T03:31:51.184+0000] {processor.py:842} WARNING - No viable dags retrieved from /opt/airflow/dags/data/models/Mauritania/TS_model.pkl
[2024-08-17T03:31:51.193+0000] {processor.py:183} INFO - Processing /opt/airflow/dags/data/models/Mauritania/TS_model.pkl took 0.024 seconds
[2024-08-17T03:32:21.790+0000] {processor.py:161} INFO - Started process (PID=16158) to work on /opt/airflow/dags/data/models/Mauritania/TS_model.pkl
[2024-08-17T03:32:21.791+0000] {processor.py:830} INFO - Processing file /opt/airflow/dags/data/models/Mauritania/TS_model.pkl for tasks to queue
[2024-08-17T03:32:21.791+0000] {logging_mixin.py:188} INFO - [2024-08-17T03:32:21.791+0000] {dagbag.py:545} INFO - Filling up the DagBag from /opt/airflow/dags/data/models/Mauritania/TS_model.pkl
[2024-08-17T03:32:21.800+0000] {processor.py:842} WARNING - No viable dags retrieved from /opt/airflow/dags/data/models/Mauritania/TS_model.pkl
[2024-08-17T03:32:21.809+0000] {processor.py:183} INFO - Processing /opt/airflow/dags/data/models/Mauritania/TS_model.pkl took 0.022 seconds
[2024-08-17T03:32:52.588+0000] {processor.py:161} INFO - Started process (PID=16593) to work on /opt/airflow/dags/data/models/Mauritania/TS_model.pkl
[2024-08-17T03:32:52.588+0000] {processor.py:830} INFO - Processing file /opt/airflow/dags/data/models/Mauritania/TS_model.pkl for tasks to queue
[2024-08-17T03:32:52.589+0000] {logging_mixin.py:188} INFO - [2024-08-17T03:32:52.589+0000] {dagbag.py:545} INFO - Filling up the DagBag from /opt/airflow/dags/data/models/Mauritania/TS_model.pkl
[2024-08-17T03:32:52.601+0000] {processor.py:842} WARNING - No viable dags retrieved from /opt/airflow/dags/data/models/Mauritania/TS_model.pkl
[2024-08-17T03:32:52.612+0000] {processor.py:183} INFO - Processing /opt/airflow/dags/data/models/Mauritania/TS_model.pkl took 0.028 seconds
[2024-08-17T03:33:23.528+0000] {processor.py:161} INFO - Started process (PID=17040) to work on /opt/airflow/dags/data/models/Mauritania/TS_model.pkl
[2024-08-17T03:33:23.528+0000] {processor.py:830} INFO - Processing file /opt/airflow/dags/data/models/Mauritania/TS_model.pkl for tasks to queue
[2024-08-17T03:33:23.530+0000] {logging_mixin.py:188} INFO - [2024-08-17T03:33:23.530+0000] {dagbag.py:545} INFO - Filling up the DagBag from /opt/airflow/dags/data/models/Mauritania/TS_model.pkl
[2024-08-17T03:33:23.540+0000] {processor.py:842} WARNING - No viable dags retrieved from /opt/airflow/dags/data/models/Mauritania/TS_model.pkl
[2024-08-17T03:33:23.550+0000] {processor.py:183} INFO - Processing /opt/airflow/dags/data/models/Mauritania/TS_model.pkl took 0.026 seconds
[2024-08-17T03:33:58.786+0000] {processor.py:161} INFO - Started process (PID=17489) to work on /opt/airflow/dags/data/models/Mauritania/TS_model.pkl
[2024-08-17T03:33:58.787+0000] {processor.py:830} INFO - Processing file /opt/airflow/dags/data/models/Mauritania/TS_model.pkl for tasks to queue
[2024-08-17T03:33:58.787+0000] {logging_mixin.py:188} INFO - [2024-08-17T03:33:58.787+0000] {dagbag.py:545} INFO - Filling up the DagBag from /opt/airflow/dags/data/models/Mauritania/TS_model.pkl
[2024-08-17T03:33:58.796+0000] {processor.py:842} WARNING - No viable dags retrieved from /opt/airflow/dags/data/models/Mauritania/TS_model.pkl
[2024-08-17T03:33:58.805+0000] {processor.py:183} INFO - Processing /opt/airflow/dags/data/models/Mauritania/TS_model.pkl took 0.023 seconds
[2024-08-17T03:34:29.859+0000] {processor.py:161} INFO - Started process (PID=17943) to work on /opt/airflow/dags/data/models/Mauritania/TS_model.pkl
[2024-08-17T03:34:29.859+0000] {processor.py:830} INFO - Processing file /opt/airflow/dags/data/models/Mauritania/TS_model.pkl for tasks to queue
[2024-08-17T03:34:29.860+0000] {logging_mixin.py:188} INFO - [2024-08-17T03:34:29.860+0000] {dagbag.py:545} INFO - Filling up the DagBag from /opt/airflow/dags/data/models/Mauritania/TS_model.pkl
[2024-08-17T03:34:29.867+0000] {processor.py:842} WARNING - No viable dags retrieved from /opt/airflow/dags/data/models/Mauritania/TS_model.pkl
[2024-08-17T03:34:29.876+0000] {processor.py:183} INFO - Processing /opt/airflow/dags/data/models/Mauritania/TS_model.pkl took 0.021 seconds
[2024-08-17T03:35:00.845+0000] {processor.py:161} INFO - Started process (PID=18371) to work on /opt/airflow/dags/data/models/Mauritania/TS_model.pkl
[2024-08-17T03:35:00.846+0000] {processor.py:830} INFO - Processing file /opt/airflow/dags/data/models/Mauritania/TS_model.pkl for tasks to queue
[2024-08-17T03:35:00.846+0000] {logging_mixin.py:188} INFO - [2024-08-17T03:35:00.846+0000] {dagbag.py:545} INFO - Filling up the DagBag from /opt/airflow/dags/data/models/Mauritania/TS_model.pkl
[2024-08-17T03:35:00.854+0000] {processor.py:842} WARNING - No viable dags retrieved from /opt/airflow/dags/data/models/Mauritania/TS_model.pkl
[2024-08-17T03:35:00.863+0000] {processor.py:183} INFO - Processing /opt/airflow/dags/data/models/Mauritania/TS_model.pkl took 0.022 seconds
[2024-08-17T03:35:31.817+0000] {processor.py:161} INFO - Started process (PID=18825) to work on /opt/airflow/dags/data/models/Mauritania/TS_model.pkl
[2024-08-17T03:35:31.817+0000] {processor.py:830} INFO - Processing file /opt/airflow/dags/data/models/Mauritania/TS_model.pkl for tasks to queue
[2024-08-17T03:35:31.818+0000] {logging_mixin.py:188} INFO - [2024-08-17T03:35:31.818+0000] {dagbag.py:545} INFO - Filling up the DagBag from /opt/airflow/dags/data/models/Mauritania/TS_model.pkl
[2024-08-17T03:35:31.826+0000] {processor.py:842} WARNING - No viable dags retrieved from /opt/airflow/dags/data/models/Mauritania/TS_model.pkl
[2024-08-17T03:35:31.836+0000] {processor.py:183} INFO - Processing /opt/airflow/dags/data/models/Mauritania/TS_model.pkl took 0.023 seconds
[2024-08-17T03:36:02.715+0000] {processor.py:161} INFO - Started process (PID=19279) to work on /opt/airflow/dags/data/models/Mauritania/TS_model.pkl
[2024-08-17T03:36:02.715+0000] {processor.py:830} INFO - Processing file /opt/airflow/dags/data/models/Mauritania/TS_model.pkl for tasks to queue
[2024-08-17T03:36:02.716+0000] {logging_mixin.py:188} INFO - [2024-08-17T03:36:02.716+0000] {dagbag.py:545} INFO - Filling up the DagBag from /opt/airflow/dags/data/models/Mauritania/TS_model.pkl
[2024-08-17T03:36:02.723+0000] {processor.py:842} WARNING - No viable dags retrieved from /opt/airflow/dags/data/models/Mauritania/TS_model.pkl
[2024-08-17T03:36:02.733+0000] {processor.py:183} INFO - Processing /opt/airflow/dags/data/models/Mauritania/TS_model.pkl took 0.022 seconds
[2024-08-17T03:36:33.355+0000] {processor.py:161} INFO - Started process (PID=19707) to work on /opt/airflow/dags/data/models/Mauritania/TS_model.pkl
[2024-08-17T03:36:33.356+0000] {processor.py:830} INFO - Processing file /opt/airflow/dags/data/models/Mauritania/TS_model.pkl for tasks to queue
[2024-08-17T03:36:33.356+0000] {logging_mixin.py:188} INFO - [2024-08-17T03:36:33.356+0000] {dagbag.py:545} INFO - Filling up the DagBag from /opt/airflow/dags/data/models/Mauritania/TS_model.pkl
[2024-08-17T03:36:33.364+0000] {processor.py:842} WARNING - No viable dags retrieved from /opt/airflow/dags/data/models/Mauritania/TS_model.pkl
[2024-08-17T03:36:33.373+0000] {processor.py:183} INFO - Processing /opt/airflow/dags/data/models/Mauritania/TS_model.pkl took 0.022 seconds
[2024-08-17T03:37:04.050+0000] {processor.py:161} INFO - Started process (PID=20161) to work on /opt/airflow/dags/data/models/Mauritania/TS_model.pkl
[2024-08-17T03:37:04.050+0000] {processor.py:830} INFO - Processing file /opt/airflow/dags/data/models/Mauritania/TS_model.pkl for tasks to queue
[2024-08-17T03:37:04.051+0000] {logging_mixin.py:188} INFO - [2024-08-17T03:37:04.051+0000] {dagbag.py:545} INFO - Filling up the DagBag from /opt/airflow/dags/data/models/Mauritania/TS_model.pkl
[2024-08-17T03:37:04.061+0000] {processor.py:842} WARNING - No viable dags retrieved from /opt/airflow/dags/data/models/Mauritania/TS_model.pkl
[2024-08-17T03:37:04.070+0000] {processor.py:183} INFO - Processing /opt/airflow/dags/data/models/Mauritania/TS_model.pkl took 0.023 seconds
[2024-08-17T03:37:35.062+0000] {processor.py:161} INFO - Started process (PID=20596) to work on /opt/airflow/dags/data/models/Mauritania/TS_model.pkl
[2024-08-17T03:37:35.062+0000] {processor.py:830} INFO - Processing file /opt/airflow/dags/data/models/Mauritania/TS_model.pkl for tasks to queue
[2024-08-17T03:37:35.063+0000] {logging_mixin.py:188} INFO - [2024-08-17T03:37:35.063+0000] {dagbag.py:545} INFO - Filling up the DagBag from /opt/airflow/dags/data/models/Mauritania/TS_model.pkl
[2024-08-17T03:37:35.072+0000] {processor.py:842} WARNING - No viable dags retrieved from /opt/airflow/dags/data/models/Mauritania/TS_model.pkl
[2024-08-17T03:37:35.081+0000] {processor.py:183} INFO - Processing /opt/airflow/dags/data/models/Mauritania/TS_model.pkl took 0.023 seconds
[2024-08-17T09:22:50.118+0000] {processor.py:161} INFO - Started process (PID=239) to work on /opt/airflow/dags/data/models/Mauritania/TS_model.pkl
[2024-08-17T09:22:50.119+0000] {processor.py:830} INFO - Processing file /opt/airflow/dags/data/models/Mauritania/TS_model.pkl for tasks to queue
[2024-08-17T09:22:50.121+0000] {logging_mixin.py:188} INFO - [2024-08-17T09:22:50.120+0000] {dagbag.py:545} INFO - Filling up the DagBag from /opt/airflow/dags/data/models/Mauritania/TS_model.pkl
[2024-08-17T09:22:50.133+0000] {processor.py:842} WARNING - No viable dags retrieved from /opt/airflow/dags/data/models/Mauritania/TS_model.pkl
[2024-08-17T09:22:50.143+0000] {processor.py:183} INFO - Processing /opt/airflow/dags/data/models/Mauritania/TS_model.pkl took 0.029 seconds
[2024-08-17T09:23:22.634+0000] {processor.py:161} INFO - Started process (PID=688) to work on /opt/airflow/dags/data/models/Mauritania/TS_model.pkl
[2024-08-17T09:23:22.635+0000] {processor.py:830} INFO - Processing file /opt/airflow/dags/data/models/Mauritania/TS_model.pkl for tasks to queue
[2024-08-17T09:23:22.636+0000] {logging_mixin.py:188} INFO - [2024-08-17T09:23:22.636+0000] {dagbag.py:545} INFO - Filling up the DagBag from /opt/airflow/dags/data/models/Mauritania/TS_model.pkl
[2024-08-17T09:23:22.645+0000] {processor.py:842} WARNING - No viable dags retrieved from /opt/airflow/dags/data/models/Mauritania/TS_model.pkl
[2024-08-17T09:23:22.653+0000] {processor.py:183} INFO - Processing /opt/airflow/dags/data/models/Mauritania/TS_model.pkl took 0.023 seconds
[2024-08-17T09:23:54.482+0000] {processor.py:161} INFO - Started process (PID=1142) to work on /opt/airflow/dags/data/models/Mauritania/TS_model.pkl
[2024-08-17T09:23:54.483+0000] {processor.py:830} INFO - Processing file /opt/airflow/dags/data/models/Mauritania/TS_model.pkl for tasks to queue
[2024-08-17T09:23:54.484+0000] {logging_mixin.py:188} INFO - [2024-08-17T09:23:54.484+0000] {dagbag.py:545} INFO - Filling up the DagBag from /opt/airflow/dags/data/models/Mauritania/TS_model.pkl
[2024-08-17T09:23:54.490+0000] {processor.py:842} WARNING - No viable dags retrieved from /opt/airflow/dags/data/models/Mauritania/TS_model.pkl
[2024-08-17T09:23:54.499+0000] {processor.py:183} INFO - Processing /opt/airflow/dags/data/models/Mauritania/TS_model.pkl took 0.020 seconds
[2024-08-17T09:24:27.134+0000] {processor.py:161} INFO - Started process (PID=1596) to work on /opt/airflow/dags/data/models/Mauritania/TS_model.pkl
[2024-08-17T09:24:27.135+0000] {processor.py:830} INFO - Processing file /opt/airflow/dags/data/models/Mauritania/TS_model.pkl for tasks to queue
[2024-08-17T09:24:27.136+0000] {logging_mixin.py:188} INFO - [2024-08-17T09:24:27.135+0000] {dagbag.py:545} INFO - Filling up the DagBag from /opt/airflow/dags/data/models/Mauritania/TS_model.pkl
[2024-08-17T09:24:27.150+0000] {processor.py:842} WARNING - No viable dags retrieved from /opt/airflow/dags/data/models/Mauritania/TS_model.pkl
[2024-08-17T09:24:27.158+0000] {processor.py:183} INFO - Processing /opt/airflow/dags/data/models/Mauritania/TS_model.pkl took 0.028 seconds
[2024-08-17T09:24:58.514+0000] {processor.py:161} INFO - Started process (PID=2031) to work on /opt/airflow/dags/data/models/Mauritania/TS_model.pkl
[2024-08-17T09:24:58.515+0000] {processor.py:830} INFO - Processing file /opt/airflow/dags/data/models/Mauritania/TS_model.pkl for tasks to queue
[2024-08-17T09:24:58.516+0000] {logging_mixin.py:188} INFO - [2024-08-17T09:24:58.516+0000] {dagbag.py:545} INFO - Filling up the DagBag from /opt/airflow/dags/data/models/Mauritania/TS_model.pkl
[2024-08-17T09:24:58.525+0000] {processor.py:842} WARNING - No viable dags retrieved from /opt/airflow/dags/data/models/Mauritania/TS_model.pkl
[2024-08-17T09:24:58.533+0000] {processor.py:183} INFO - Processing /opt/airflow/dags/data/models/Mauritania/TS_model.pkl took 0.023 seconds
[2024-08-17T09:25:29.650+0000] {processor.py:161} INFO - Started process (PID=2478) to work on /opt/airflow/dags/data/models/Mauritania/TS_model.pkl
[2024-08-17T09:25:29.651+0000] {processor.py:830} INFO - Processing file /opt/airflow/dags/data/models/Mauritania/TS_model.pkl for tasks to queue
[2024-08-17T09:25:29.653+0000] {logging_mixin.py:188} INFO - [2024-08-17T09:25:29.653+0000] {dagbag.py:545} INFO - Filling up the DagBag from /opt/airflow/dags/data/models/Mauritania/TS_model.pkl
[2024-08-17T09:25:29.661+0000] {processor.py:842} WARNING - No viable dags retrieved from /opt/airflow/dags/data/models/Mauritania/TS_model.pkl
[2024-08-17T09:25:29.670+0000] {processor.py:183} INFO - Processing /opt/airflow/dags/data/models/Mauritania/TS_model.pkl took 0.023 seconds
[2024-08-17T09:26:00.477+0000] {processor.py:161} INFO - Started process (PID=2932) to work on /opt/airflow/dags/data/models/Mauritania/TS_model.pkl
[2024-08-17T09:26:00.477+0000] {processor.py:830} INFO - Processing file /opt/airflow/dags/data/models/Mauritania/TS_model.pkl for tasks to queue
[2024-08-17T09:26:00.480+0000] {logging_mixin.py:188} INFO - [2024-08-17T09:26:00.479+0000] {dagbag.py:545} INFO - Filling up the DagBag from /opt/airflow/dags/data/models/Mauritania/TS_model.pkl
[2024-08-17T09:26:00.492+0000] {processor.py:842} WARNING - No viable dags retrieved from /opt/airflow/dags/data/models/Mauritania/TS_model.pkl
[2024-08-17T09:26:00.503+0000] {processor.py:183} INFO - Processing /opt/airflow/dags/data/models/Mauritania/TS_model.pkl took 0.030 seconds
[2024-08-17T09:26:31.105+0000] {processor.py:161} INFO - Started process (PID=3360) to work on /opt/airflow/dags/data/models/Mauritania/TS_model.pkl
[2024-08-17T09:26:31.106+0000] {processor.py:830} INFO - Processing file /opt/airflow/dags/data/models/Mauritania/TS_model.pkl for tasks to queue
[2024-08-17T09:26:31.108+0000] {logging_mixin.py:188} INFO - [2024-08-17T09:26:31.108+0000] {dagbag.py:545} INFO - Filling up the DagBag from /opt/airflow/dags/data/models/Mauritania/TS_model.pkl
[2024-08-17T09:26:31.115+0000] {processor.py:842} WARNING - No viable dags retrieved from /opt/airflow/dags/data/models/Mauritania/TS_model.pkl
[2024-08-17T09:26:31.123+0000] {processor.py:183} INFO - Processing /opt/airflow/dags/data/models/Mauritania/TS_model.pkl took 0.022 seconds
[2024-08-17T09:27:01.836+0000] {processor.py:161} INFO - Started process (PID=3814) to work on /opt/airflow/dags/data/models/Mauritania/TS_model.pkl
[2024-08-17T09:27:01.836+0000] {processor.py:830} INFO - Processing file /opt/airflow/dags/data/models/Mauritania/TS_model.pkl for tasks to queue
[2024-08-17T09:27:01.838+0000] {logging_mixin.py:188} INFO - [2024-08-17T09:27:01.837+0000] {dagbag.py:545} INFO - Filling up the DagBag from /opt/airflow/dags/data/models/Mauritania/TS_model.pkl
[2024-08-17T09:27:01.850+0000] {processor.py:842} WARNING - No viable dags retrieved from /opt/airflow/dags/data/models/Mauritania/TS_model.pkl
[2024-08-17T09:27:01.858+0000] {processor.py:183} INFO - Processing /opt/airflow/dags/data/models/Mauritania/TS_model.pkl took 0.026 seconds
[2024-08-17T09:27:32.735+0000] {processor.py:161} INFO - Started process (PID=4269) to work on /opt/airflow/dags/data/models/Mauritania/TS_model.pkl
[2024-08-17T09:27:32.736+0000] {processor.py:830} INFO - Processing file /opt/airflow/dags/data/models/Mauritania/TS_model.pkl for tasks to queue
[2024-08-17T09:27:32.738+0000] {logging_mixin.py:188} INFO - [2024-08-17T09:27:32.737+0000] {dagbag.py:545} INFO - Filling up the DagBag from /opt/airflow/dags/data/models/Mauritania/TS_model.pkl
[2024-08-17T09:27:32.746+0000] {processor.py:842} WARNING - No viable dags retrieved from /opt/airflow/dags/data/models/Mauritania/TS_model.pkl
[2024-08-17T09:27:32.755+0000] {processor.py:183} INFO - Processing /opt/airflow/dags/data/models/Mauritania/TS_model.pkl took 0.023 seconds
[2024-08-17T09:28:03.866+0000] {processor.py:161} INFO - Started process (PID=4697) to work on /opt/airflow/dags/data/models/Mauritania/TS_model.pkl
[2024-08-17T09:28:03.867+0000] {processor.py:830} INFO - Processing file /opt/airflow/dags/data/models/Mauritania/TS_model.pkl for tasks to queue
[2024-08-17T09:28:03.868+0000] {logging_mixin.py:188} INFO - [2024-08-17T09:28:03.868+0000] {dagbag.py:545} INFO - Filling up the DagBag from /opt/airflow/dags/data/models/Mauritania/TS_model.pkl
[2024-08-17T09:28:03.878+0000] {processor.py:842} WARNING - No viable dags retrieved from /opt/airflow/dags/data/models/Mauritania/TS_model.pkl
[2024-08-17T09:28:03.887+0000] {processor.py:183} INFO - Processing /opt/airflow/dags/data/models/Mauritania/TS_model.pkl took 0.024 seconds
[2024-08-17T09:28:35.049+0000] {processor.py:161} INFO - Started process (PID=5151) to work on /opt/airflow/dags/data/models/Mauritania/TS_model.pkl
[2024-08-17T09:28:35.049+0000] {processor.py:830} INFO - Processing file /opt/airflow/dags/data/models/Mauritania/TS_model.pkl for tasks to queue
[2024-08-17T09:28:35.050+0000] {logging_mixin.py:188} INFO - [2024-08-17T09:28:35.050+0000] {dagbag.py:545} INFO - Filling up the DagBag from /opt/airflow/dags/data/models/Mauritania/TS_model.pkl
[2024-08-17T09:28:35.058+0000] {processor.py:842} WARNING - No viable dags retrieved from /opt/airflow/dags/data/models/Mauritania/TS_model.pkl
[2024-08-17T09:28:35.066+0000] {processor.py:183} INFO - Processing /opt/airflow/dags/data/models/Mauritania/TS_model.pkl took 0.022 seconds
[2024-08-17T09:29:06.339+0000] {processor.py:161} INFO - Started process (PID=5605) to work on /opt/airflow/dags/data/models/Mauritania/TS_model.pkl
[2024-08-17T09:29:06.340+0000] {processor.py:830} INFO - Processing file /opt/airflow/dags/data/models/Mauritania/TS_model.pkl for tasks to queue
[2024-08-17T09:29:06.341+0000] {logging_mixin.py:188} INFO - [2024-08-17T09:29:06.341+0000] {dagbag.py:545} INFO - Filling up the DagBag from /opt/airflow/dags/data/models/Mauritania/TS_model.pkl
[2024-08-17T09:29:06.350+0000] {processor.py:842} WARNING - No viable dags retrieved from /opt/airflow/dags/data/models/Mauritania/TS_model.pkl
[2024-08-17T09:29:06.358+0000] {processor.py:183} INFO - Processing /opt/airflow/dags/data/models/Mauritania/TS_model.pkl took 0.022 seconds
[2024-08-17T09:29:38.384+0000] {processor.py:161} INFO - Started process (PID=6033) to work on /opt/airflow/dags/data/models/Mauritania/TS_model.pkl
[2024-08-17T09:29:38.384+0000] {processor.py:830} INFO - Processing file /opt/airflow/dags/data/models/Mauritania/TS_model.pkl for tasks to queue
[2024-08-17T09:29:38.385+0000] {logging_mixin.py:188} INFO - [2024-08-17T09:29:38.385+0000] {dagbag.py:545} INFO - Filling up the DagBag from /opt/airflow/dags/data/models/Mauritania/TS_model.pkl
[2024-08-17T09:29:38.397+0000] {processor.py:842} WARNING - No viable dags retrieved from /opt/airflow/dags/data/models/Mauritania/TS_model.pkl
[2024-08-17T09:29:38.405+0000] {processor.py:183} INFO - Processing /opt/airflow/dags/data/models/Mauritania/TS_model.pkl took 0.025 seconds
[2024-08-17T09:30:10.094+0000] {processor.py:161} INFO - Started process (PID=6487) to work on /opt/airflow/dags/data/models/Mauritania/TS_model.pkl
[2024-08-17T09:30:10.095+0000] {processor.py:830} INFO - Processing file /opt/airflow/dags/data/models/Mauritania/TS_model.pkl for tasks to queue
[2024-08-17T09:30:10.097+0000] {logging_mixin.py:188} INFO - [2024-08-17T09:30:10.096+0000] {dagbag.py:545} INFO - Filling up the DagBag from /opt/airflow/dags/data/models/Mauritania/TS_model.pkl
[2024-08-17T09:30:10.104+0000] {processor.py:842} WARNING - No viable dags retrieved from /opt/airflow/dags/data/models/Mauritania/TS_model.pkl
[2024-08-17T09:30:10.113+0000] {processor.py:183} INFO - Processing /opt/airflow/dags/data/models/Mauritania/TS_model.pkl took 0.022 seconds
