[2024-08-17T10:12:52.612+0000] {processor.py:161} INFO - Started process (PID=36579) to work on /opt/airflow/dags/data/models/United Kingdom.1/deaths_TS_model.pkl
[2024-08-17T10:12:52.613+0000] {processor.py:830} INFO - Processing file /opt/airflow/dags/data/models/United Kingdom.1/deaths_TS_model.pkl for tasks to queue
[2024-08-17T10:12:52.613+0000] {logging_mixin.py:188} INFO - [2024-08-17T10:12:52.613+0000] {dagbag.py:545} INFO - Filling up the DagBag from /opt/airflow/dags/data/models/United Kingdom.1/deaths_TS_model.pkl
[2024-08-17T10:12:52.629+0000] {processor.py:842} WARNING - No viable dags retrieved from /opt/airflow/dags/data/models/United Kingdom.1/deaths_TS_model.pkl
[2024-08-17T10:12:52.640+0000] {processor.py:183} INFO - Processing /opt/airflow/dags/data/models/United Kingdom.1/deaths_TS_model.pkl took 0.033 seconds
[2024-08-17T10:13:23.556+0000] {processor.py:161} INFO - Started process (PID=37270) to work on /opt/airflow/dags/data/models/United Kingdom.1/deaths_TS_model.pkl
[2024-08-17T10:13:23.556+0000] {processor.py:830} INFO - Processing file /opt/airflow/dags/data/models/United Kingdom.1/deaths_TS_model.pkl for tasks to queue
[2024-08-17T10:13:23.557+0000] {logging_mixin.py:188} INFO - [2024-08-17T10:13:23.557+0000] {dagbag.py:545} INFO - Filling up the DagBag from /opt/airflow/dags/data/models/United Kingdom.1/deaths_TS_model.pkl
[2024-08-17T10:13:23.566+0000] {processor.py:842} WARNING - No viable dags retrieved from /opt/airflow/dags/data/models/United Kingdom.1/deaths_TS_model.pkl
[2024-08-17T10:13:23.577+0000] {processor.py:183} INFO - Processing /opt/airflow/dags/data/models/United Kingdom.1/deaths_TS_model.pkl took 0.026 seconds
[2024-08-17T10:13:55.185+0000] {processor.py:161} INFO - Started process (PID=37937) to work on /opt/airflow/dags/data/models/United Kingdom.1/deaths_TS_model.pkl
[2024-08-17T10:13:55.186+0000] {processor.py:830} INFO - Processing file /opt/airflow/dags/data/models/United Kingdom.1/deaths_TS_model.pkl for tasks to queue
[2024-08-17T10:13:55.187+0000] {logging_mixin.py:188} INFO - [2024-08-17T10:13:55.187+0000] {dagbag.py:545} INFO - Filling up the DagBag from /opt/airflow/dags/data/models/United Kingdom.1/deaths_TS_model.pkl
[2024-08-17T10:13:55.200+0000] {processor.py:842} WARNING - No viable dags retrieved from /opt/airflow/dags/data/models/United Kingdom.1/deaths_TS_model.pkl
[2024-08-17T10:13:55.213+0000] {processor.py:183} INFO - Processing /opt/airflow/dags/data/models/United Kingdom.1/deaths_TS_model.pkl took 0.032 seconds
[2024-08-17T10:14:26.427+0000] {processor.py:161} INFO - Started process (PID=38588) to work on /opt/airflow/dags/data/models/United Kingdom.1/deaths_TS_model.pkl
[2024-08-17T10:14:26.428+0000] {processor.py:830} INFO - Processing file /opt/airflow/dags/data/models/United Kingdom.1/deaths_TS_model.pkl for tasks to queue
[2024-08-17T10:14:26.429+0000] {logging_mixin.py:188} INFO - [2024-08-17T10:14:26.429+0000] {dagbag.py:545} INFO - Filling up the DagBag from /opt/airflow/dags/data/models/United Kingdom.1/deaths_TS_model.pkl
[2024-08-17T10:14:26.441+0000] {processor.py:842} WARNING - No viable dags retrieved from /opt/airflow/dags/data/models/United Kingdom.1/deaths_TS_model.pkl
[2024-08-17T10:14:26.450+0000] {processor.py:183} INFO - Processing /opt/airflow/dags/data/models/United Kingdom.1/deaths_TS_model.pkl took 0.026 seconds
[2024-08-17T10:15:00.296+0000] {processor.py:161} INFO - Started process (PID=39275) to work on /opt/airflow/dags/data/models/United Kingdom.1/deaths_TS_model.pkl
[2024-08-17T10:15:00.297+0000] {processor.py:830} INFO - Processing file /opt/airflow/dags/data/models/United Kingdom.1/deaths_TS_model.pkl for tasks to queue
[2024-08-17T10:15:00.297+0000] {logging_mixin.py:188} INFO - [2024-08-17T10:15:00.297+0000] {dagbag.py:545} INFO - Filling up the DagBag from /opt/airflow/dags/data/models/United Kingdom.1/deaths_TS_model.pkl
[2024-08-17T10:15:00.307+0000] {processor.py:842} WARNING - No viable dags retrieved from /opt/airflow/dags/data/models/United Kingdom.1/deaths_TS_model.pkl
[2024-08-17T10:15:00.316+0000] {processor.py:183} INFO - Processing /opt/airflow/dags/data/models/United Kingdom.1/deaths_TS_model.pkl took 0.024 seconds
[2024-08-17T10:15:31.977+0000] {processor.py:161} INFO - Started process (PID=39904) to work on /opt/airflow/dags/data/models/United Kingdom.1/deaths_TS_model.pkl
[2024-08-17T10:15:31.978+0000] {processor.py:830} INFO - Processing file /opt/airflow/dags/data/models/United Kingdom.1/deaths_TS_model.pkl for tasks to queue
[2024-08-17T10:15:31.978+0000] {logging_mixin.py:188} INFO - [2024-08-17T10:15:31.978+0000] {dagbag.py:545} INFO - Filling up the DagBag from /opt/airflow/dags/data/models/United Kingdom.1/deaths_TS_model.pkl
[2024-08-17T10:15:31.989+0000] {processor.py:842} WARNING - No viable dags retrieved from /opt/airflow/dags/data/models/United Kingdom.1/deaths_TS_model.pkl
[2024-08-17T10:15:32.000+0000] {processor.py:183} INFO - Processing /opt/airflow/dags/data/models/United Kingdom.1/deaths_TS_model.pkl took 0.026 seconds
[2024-08-17T10:16:04.800+0000] {processor.py:161} INFO - Started process (PID=40590) to work on /opt/airflow/dags/data/models/United Kingdom.1/deaths_TS_model.pkl
[2024-08-17T10:16:04.801+0000] {processor.py:830} INFO - Processing file /opt/airflow/dags/data/models/United Kingdom.1/deaths_TS_model.pkl for tasks to queue
[2024-08-17T10:16:04.801+0000] {logging_mixin.py:188} INFO - [2024-08-17T10:16:04.801+0000] {dagbag.py:545} INFO - Filling up the DagBag from /opt/airflow/dags/data/models/United Kingdom.1/deaths_TS_model.pkl
[2024-08-17T10:16:04.812+0000] {processor.py:842} WARNING - No viable dags retrieved from /opt/airflow/dags/data/models/United Kingdom.1/deaths_TS_model.pkl
[2024-08-17T10:16:04.822+0000] {processor.py:183} INFO - Processing /opt/airflow/dags/data/models/United Kingdom.1/deaths_TS_model.pkl took 0.026 seconds
[2024-08-17T10:16:36.919+0000] {processor.py:161} INFO - Started process (PID=41283) to work on /opt/airflow/dags/data/models/United Kingdom.1/deaths_TS_model.pkl
[2024-08-17T10:16:36.919+0000] {processor.py:830} INFO - Processing file /opt/airflow/dags/data/models/United Kingdom.1/deaths_TS_model.pkl for tasks to queue
[2024-08-17T10:16:36.921+0000] {logging_mixin.py:188} INFO - [2024-08-17T10:16:36.921+0000] {dagbag.py:545} INFO - Filling up the DagBag from /opt/airflow/dags/data/models/United Kingdom.1/deaths_TS_model.pkl
[2024-08-17T10:16:36.931+0000] {processor.py:842} WARNING - No viable dags retrieved from /opt/airflow/dags/data/models/United Kingdom.1/deaths_TS_model.pkl
[2024-08-17T10:16:36.941+0000] {processor.py:183} INFO - Processing /opt/airflow/dags/data/models/United Kingdom.1/deaths_TS_model.pkl took 0.025 seconds
[2024-08-17T10:17:09.331+0000] {processor.py:161} INFO - Started process (PID=41976) to work on /opt/airflow/dags/data/models/United Kingdom.1/deaths_TS_model.pkl
[2024-08-17T10:17:09.331+0000] {processor.py:830} INFO - Processing file /opt/airflow/dags/data/models/United Kingdom.1/deaths_TS_model.pkl for tasks to queue
[2024-08-17T10:17:09.332+0000] {logging_mixin.py:188} INFO - [2024-08-17T10:17:09.332+0000] {dagbag.py:545} INFO - Filling up the DagBag from /opt/airflow/dags/data/models/United Kingdom.1/deaths_TS_model.pkl
[2024-08-17T10:17:09.342+0000] {processor.py:842} WARNING - No viable dags retrieved from /opt/airflow/dags/data/models/United Kingdom.1/deaths_TS_model.pkl
[2024-08-17T10:17:09.351+0000] {processor.py:183} INFO - Processing /opt/airflow/dags/data/models/United Kingdom.1/deaths_TS_model.pkl took 0.023 seconds
[2024-08-17T10:17:55.297+0000] {processor.py:161} INFO - Started process (PID=42745) to work on /opt/airflow/dags/data/models/United Kingdom.1/deaths_TS_model.pkl
[2024-08-17T10:17:55.298+0000] {processor.py:830} INFO - Processing file /opt/airflow/dags/data/models/United Kingdom.1/deaths_TS_model.pkl for tasks to queue
[2024-08-17T10:17:55.299+0000] {logging_mixin.py:188} INFO - [2024-08-17T10:17:55.298+0000] {dagbag.py:545} INFO - Filling up the DagBag from /opt/airflow/dags/data/models/United Kingdom.1/deaths_TS_model.pkl
[2024-08-17T10:17:55.306+0000] {processor.py:842} WARNING - No viable dags retrieved from /opt/airflow/dags/data/models/United Kingdom.1/deaths_TS_model.pkl
[2024-08-17T10:17:55.315+0000] {processor.py:183} INFO - Processing /opt/airflow/dags/data/models/United Kingdom.1/deaths_TS_model.pkl took 0.022 seconds
[2024-08-17T10:18:27.641+0000] {processor.py:161} INFO - Started process (PID=43462) to work on /opt/airflow/dags/data/models/United Kingdom.1/deaths_TS_model.pkl
[2024-08-17T10:18:27.641+0000] {processor.py:830} INFO - Processing file /opt/airflow/dags/data/models/United Kingdom.1/deaths_TS_model.pkl for tasks to queue
[2024-08-17T10:18:27.642+0000] {logging_mixin.py:188} INFO - [2024-08-17T10:18:27.642+0000] {dagbag.py:545} INFO - Filling up the DagBag from /opt/airflow/dags/data/models/United Kingdom.1/deaths_TS_model.pkl
[2024-08-17T10:18:27.650+0000] {processor.py:842} WARNING - No viable dags retrieved from /opt/airflow/dags/data/models/United Kingdom.1/deaths_TS_model.pkl
[2024-08-17T10:18:27.659+0000] {processor.py:183} INFO - Processing /opt/airflow/dags/data/models/United Kingdom.1/deaths_TS_model.pkl took 0.022 seconds
[2024-08-17T10:18:58.978+0000] {processor.py:161} INFO - Started process (PID=44205) to work on /opt/airflow/dags/data/models/United Kingdom.1/deaths_TS_model.pkl
[2024-08-17T10:18:58.979+0000] {processor.py:830} INFO - Processing file /opt/airflow/dags/data/models/United Kingdom.1/deaths_TS_model.pkl for tasks to queue
[2024-08-17T10:18:58.979+0000] {logging_mixin.py:188} INFO - [2024-08-17T10:18:58.979+0000] {dagbag.py:545} INFO - Filling up the DagBag from /opt/airflow/dags/data/models/United Kingdom.1/deaths_TS_model.pkl
[2024-08-17T10:18:58.987+0000] {processor.py:842} WARNING - No viable dags retrieved from /opt/airflow/dags/data/models/United Kingdom.1/deaths_TS_model.pkl
[2024-08-17T10:18:58.996+0000] {processor.py:183} INFO - Processing /opt/airflow/dags/data/models/United Kingdom.1/deaths_TS_model.pkl took 0.022 seconds
[2024-08-17T10:19:30.991+0000] {processor.py:161} INFO - Started process (PID=44948) to work on /opt/airflow/dags/data/models/United Kingdom.1/deaths_TS_model.pkl
[2024-08-17T10:19:30.992+0000] {processor.py:830} INFO - Processing file /opt/airflow/dags/data/models/United Kingdom.1/deaths_TS_model.pkl for tasks to queue
[2024-08-17T10:19:30.992+0000] {logging_mixin.py:188} INFO - [2024-08-17T10:19:30.992+0000] {dagbag.py:545} INFO - Filling up the DagBag from /opt/airflow/dags/data/models/United Kingdom.1/deaths_TS_model.pkl
[2024-08-17T10:19:31.005+0000] {processor.py:842} WARNING - No viable dags retrieved from /opt/airflow/dags/data/models/United Kingdom.1/deaths_TS_model.pkl
[2024-08-17T10:19:31.015+0000] {processor.py:183} INFO - Processing /opt/airflow/dags/data/models/United Kingdom.1/deaths_TS_model.pkl took 0.028 seconds
[2024-08-17T10:20:03.408+0000] {processor.py:161} INFO - Started process (PID=45665) to work on /opt/airflow/dags/data/models/United Kingdom.1/deaths_TS_model.pkl
[2024-08-17T10:20:03.409+0000] {processor.py:830} INFO - Processing file /opt/airflow/dags/data/models/United Kingdom.1/deaths_TS_model.pkl for tasks to queue
[2024-08-17T10:20:03.409+0000] {logging_mixin.py:188} INFO - [2024-08-17T10:20:03.409+0000] {dagbag.py:545} INFO - Filling up the DagBag from /opt/airflow/dags/data/models/United Kingdom.1/deaths_TS_model.pkl
[2024-08-17T10:20:03.417+0000] {processor.py:842} WARNING - No viable dags retrieved from /opt/airflow/dags/data/models/United Kingdom.1/deaths_TS_model.pkl
[2024-08-17T10:20:03.425+0000] {processor.py:183} INFO - Processing /opt/airflow/dags/data/models/United Kingdom.1/deaths_TS_model.pkl took 0.021 seconds
[2024-08-17T10:20:36.908+0000] {processor.py:161} INFO - Started process (PID=46408) to work on /opt/airflow/dags/data/models/United Kingdom.1/deaths_TS_model.pkl
[2024-08-17T10:20:36.908+0000] {processor.py:830} INFO - Processing file /opt/airflow/dags/data/models/United Kingdom.1/deaths_TS_model.pkl for tasks to queue
[2024-08-17T10:20:36.909+0000] {logging_mixin.py:188} INFO - [2024-08-17T10:20:36.908+0000] {dagbag.py:545} INFO - Filling up the DagBag from /opt/airflow/dags/data/models/United Kingdom.1/deaths_TS_model.pkl
[2024-08-17T10:20:36.916+0000] {processor.py:842} WARNING - No viable dags retrieved from /opt/airflow/dags/data/models/United Kingdom.1/deaths_TS_model.pkl
[2024-08-17T10:20:36.924+0000] {processor.py:183} INFO - Processing /opt/airflow/dags/data/models/United Kingdom.1/deaths_TS_model.pkl took 0.020 seconds
[2024-08-17T10:21:09.041+0000] {processor.py:161} INFO - Started process (PID=47143) to work on /opt/airflow/dags/data/models/United Kingdom.1/deaths_TS_model.pkl
[2024-08-17T10:21:09.042+0000] {processor.py:830} INFO - Processing file /opt/airflow/dags/data/models/United Kingdom.1/deaths_TS_model.pkl for tasks to queue
[2024-08-17T10:21:09.043+0000] {logging_mixin.py:188} INFO - [2024-08-17T10:21:09.042+0000] {dagbag.py:545} INFO - Filling up the DagBag from /opt/airflow/dags/data/models/United Kingdom.1/deaths_TS_model.pkl
[2024-08-17T10:21:09.057+0000] {processor.py:842} WARNING - No viable dags retrieved from /opt/airflow/dags/data/models/United Kingdom.1/deaths_TS_model.pkl
[2024-08-17T10:21:09.066+0000] {processor.py:183} INFO - Processing /opt/airflow/dags/data/models/United Kingdom.1/deaths_TS_model.pkl took 0.028 seconds
[2024-08-17T12:13:10.746+0000] {processor.py:161} INFO - Started process (PID=23175) to work on /opt/airflow/dags/data/models/United Kingdom.1/deaths_TS_model.pkl
[2024-08-17T12:13:10.747+0000] {processor.py:830} INFO - Processing file /opt/airflow/dags/data/models/United Kingdom.1/deaths_TS_model.pkl for tasks to queue
[2024-08-17T12:13:10.749+0000] {logging_mixin.py:188} INFO - [2024-08-17T12:13:10.748+0000] {dagbag.py:545} INFO - Filling up the DagBag from /opt/airflow/dags/data/models/United Kingdom.1/deaths_TS_model.pkl
[2024-08-17T12:13:10.767+0000] {processor.py:842} WARNING - No viable dags retrieved from /opt/airflow/dags/data/models/United Kingdom.1/deaths_TS_model.pkl
[2024-08-17T12:13:10.787+0000] {processor.py:183} INFO - Processing /opt/airflow/dags/data/models/United Kingdom.1/deaths_TS_model.pkl took 0.049 seconds
[2024-08-17T12:13:58.186+0000] {processor.py:161} INFO - Started process (PID=23946) to work on /opt/airflow/dags/data/models/United Kingdom.1/deaths_TS_model.pkl
[2024-08-17T12:13:58.188+0000] {processor.py:830} INFO - Processing file /opt/airflow/dags/data/models/United Kingdom.1/deaths_TS_model.pkl for tasks to queue
[2024-08-17T12:13:58.190+0000] {logging_mixin.py:188} INFO - [2024-08-17T12:13:58.189+0000] {dagbag.py:545} INFO - Filling up the DagBag from /opt/airflow/dags/data/models/United Kingdom.1/deaths_TS_model.pkl
[2024-08-17T12:13:58.220+0000] {processor.py:842} WARNING - No viable dags retrieved from /opt/airflow/dags/data/models/United Kingdom.1/deaths_TS_model.pkl
[2024-08-17T12:13:58.238+0000] {processor.py:183} INFO - Processing /opt/airflow/dags/data/models/United Kingdom.1/deaths_TS_model.pkl took 0.059 seconds
[2024-08-17T12:14:52.791+0000] {processor.py:161} INFO - Started process (PID=24678) to work on /opt/airflow/dags/data/models/United Kingdom.1/deaths_TS_model.pkl
[2024-08-17T12:14:52.793+0000] {processor.py:830} INFO - Processing file /opt/airflow/dags/data/models/United Kingdom.1/deaths_TS_model.pkl for tasks to queue
[2024-08-17T12:14:52.795+0000] {logging_mixin.py:188} INFO - [2024-08-17T12:14:52.794+0000] {dagbag.py:545} INFO - Filling up the DagBag from /opt/airflow/dags/data/models/United Kingdom.1/deaths_TS_model.pkl
[2024-08-17T12:14:52.823+0000] {processor.py:842} WARNING - No viable dags retrieved from /opt/airflow/dags/data/models/United Kingdom.1/deaths_TS_model.pkl
[2024-08-17T12:14:52.842+0000] {processor.py:183} INFO - Processing /opt/airflow/dags/data/models/United Kingdom.1/deaths_TS_model.pkl took 0.060 seconds
[2024-08-17T12:15:12.061+0000] {processor.py:161} INFO - Started process (PID=24936) to work on /opt/airflow/dags/data/models/United Kingdom.1/deaths_TS_model.pkl
[2024-08-17T12:15:12.062+0000] {processor.py:830} INFO - Processing file /opt/airflow/dags/data/models/United Kingdom.1/deaths_TS_model.pkl for tasks to queue
[2024-08-17T12:15:12.064+0000] {logging_mixin.py:188} INFO - [2024-08-17T12:15:12.064+0000] {dagbag.py:545} INFO - Filling up the DagBag from /opt/airflow/dags/data/models/United Kingdom.1/deaths_TS_model.pkl
[2024-08-17T12:15:12.083+0000] {processor.py:842} WARNING - No viable dags retrieved from /opt/airflow/dags/data/models/United Kingdom.1/deaths_TS_model.pkl
[2024-08-17T12:15:12.100+0000] {processor.py:183} INFO - Processing /opt/airflow/dags/data/models/United Kingdom.1/deaths_TS_model.pkl took 0.047 seconds
[2024-08-17T12:15:33.980+0000] {processor.py:161} INFO - Started process (PID=25241) to work on /opt/airflow/dags/data/models/United Kingdom.1/deaths_TS_model.pkl
[2024-08-17T12:15:33.981+0000] {processor.py:830} INFO - Processing file /opt/airflow/dags/data/models/United Kingdom.1/deaths_TS_model.pkl for tasks to queue
[2024-08-17T12:15:33.983+0000] {logging_mixin.py:188} INFO - [2024-08-17T12:15:33.982+0000] {dagbag.py:545} INFO - Filling up the DagBag from /opt/airflow/dags/data/models/United Kingdom.1/deaths_TS_model.pkl
[2024-08-17T12:15:34.006+0000] {processor.py:842} WARNING - No viable dags retrieved from /opt/airflow/dags/data/models/United Kingdom.1/deaths_TS_model.pkl
[2024-08-17T12:15:34.029+0000] {processor.py:183} INFO - Processing /opt/airflow/dags/data/models/United Kingdom.1/deaths_TS_model.pkl took 0.056 seconds
[2024-08-17T12:16:11.518+0000] {processor.py:161} INFO - Started process (PID=25798) to work on /opt/airflow/dags/data/models/United Kingdom.1/deaths_TS_model.pkl
[2024-08-17T12:16:11.519+0000] {processor.py:830} INFO - Processing file /opt/airflow/dags/data/models/United Kingdom.1/deaths_TS_model.pkl for tasks to queue
[2024-08-17T12:16:11.521+0000] {logging_mixin.py:188} INFO - [2024-08-17T12:16:11.520+0000] {dagbag.py:545} INFO - Filling up the DagBag from /opt/airflow/dags/data/models/United Kingdom.1/deaths_TS_model.pkl
[2024-08-17T12:16:11.541+0000] {processor.py:842} WARNING - No viable dags retrieved from /opt/airflow/dags/data/models/United Kingdom.1/deaths_TS_model.pkl
[2024-08-17T12:16:11.558+0000] {processor.py:183} INFO - Processing /opt/airflow/dags/data/models/United Kingdom.1/deaths_TS_model.pkl took 0.047 seconds
[2024-08-17T12:16:51.871+0000] {processor.py:161} INFO - Started process (PID=26362) to work on /opt/airflow/dags/data/models/United Kingdom.1/deaths_TS_model.pkl
[2024-08-17T12:16:51.872+0000] {processor.py:830} INFO - Processing file /opt/airflow/dags/data/models/United Kingdom.1/deaths_TS_model.pkl for tasks to queue
[2024-08-17T12:16:51.874+0000] {logging_mixin.py:188} INFO - [2024-08-17T12:16:51.873+0000] {dagbag.py:545} INFO - Filling up the DagBag from /opt/airflow/dags/data/models/United Kingdom.1/deaths_TS_model.pkl
[2024-08-17T12:16:51.898+0000] {processor.py:842} WARNING - No viable dags retrieved from /opt/airflow/dags/data/models/United Kingdom.1/deaths_TS_model.pkl
[2024-08-17T12:16:51.918+0000] {processor.py:183} INFO - Processing /opt/airflow/dags/data/models/United Kingdom.1/deaths_TS_model.pkl took 0.055 seconds
[2024-08-17T12:17:30.690+0000] {processor.py:161} INFO - Started process (PID=26936) to work on /opt/airflow/dags/data/models/United Kingdom.1/deaths_TS_model.pkl
[2024-08-17T12:17:30.691+0000] {processor.py:830} INFO - Processing file /opt/airflow/dags/data/models/United Kingdom.1/deaths_TS_model.pkl for tasks to queue
[2024-08-17T12:17:30.693+0000] {logging_mixin.py:188} INFO - [2024-08-17T12:17:30.692+0000] {dagbag.py:545} INFO - Filling up the DagBag from /opt/airflow/dags/data/models/United Kingdom.1/deaths_TS_model.pkl
[2024-08-17T12:17:30.714+0000] {processor.py:842} WARNING - No viable dags retrieved from /opt/airflow/dags/data/models/United Kingdom.1/deaths_TS_model.pkl
[2024-08-17T12:17:30.734+0000] {processor.py:183} INFO - Processing /opt/airflow/dags/data/models/United Kingdom.1/deaths_TS_model.pkl took 0.051 seconds
[2024-08-17T12:18:40.707+0000] {processor.py:161} INFO - Started process (PID=27528) to work on /opt/airflow/dags/data/models/United Kingdom.1/deaths_TS_model.pkl
[2024-08-17T12:18:40.708+0000] {processor.py:830} INFO - Processing file /opt/airflow/dags/data/models/United Kingdom.1/deaths_TS_model.pkl for tasks to queue
[2024-08-17T12:18:40.709+0000] {logging_mixin.py:188} INFO - [2024-08-17T12:18:40.709+0000] {dagbag.py:545} INFO - Filling up the DagBag from /opt/airflow/dags/data/models/United Kingdom.1/deaths_TS_model.pkl
[2024-08-17T12:18:40.736+0000] {processor.py:842} WARNING - No viable dags retrieved from /opt/airflow/dags/data/models/United Kingdom.1/deaths_TS_model.pkl
[2024-08-17T12:18:40.757+0000] {processor.py:183} INFO - Processing /opt/airflow/dags/data/models/United Kingdom.1/deaths_TS_model.pkl took 0.058 seconds
[2024-08-17T12:19:33.467+0000] {processor.py:161} INFO - Started process (PID=28295) to work on /opt/airflow/dags/data/models/United Kingdom.1/deaths_TS_model.pkl
[2024-08-17T12:19:33.468+0000] {processor.py:830} INFO - Processing file /opt/airflow/dags/data/models/United Kingdom.1/deaths_TS_model.pkl for tasks to queue
[2024-08-17T12:19:33.470+0000] {logging_mixin.py:188} INFO - [2024-08-17T12:19:33.469+0000] {dagbag.py:545} INFO - Filling up the DagBag from /opt/airflow/dags/data/models/United Kingdom.1/deaths_TS_model.pkl
[2024-08-17T12:19:33.494+0000] {processor.py:842} WARNING - No viable dags retrieved from /opt/airflow/dags/data/models/United Kingdom.1/deaths_TS_model.pkl
[2024-08-17T12:19:33.516+0000] {processor.py:183} INFO - Processing /opt/airflow/dags/data/models/United Kingdom.1/deaths_TS_model.pkl took 0.057 seconds
[2024-08-17T12:20:18.894+0000] {processor.py:161} INFO - Started process (PID=28949) to work on /opt/airflow/dags/data/models/United Kingdom.1/deaths_TS_model.pkl
[2024-08-17T12:20:18.896+0000] {processor.py:830} INFO - Processing file /opt/airflow/dags/data/models/United Kingdom.1/deaths_TS_model.pkl for tasks to queue
[2024-08-17T12:20:18.898+0000] {logging_mixin.py:188} INFO - [2024-08-17T12:20:18.897+0000] {dagbag.py:545} INFO - Filling up the DagBag from /opt/airflow/dags/data/models/United Kingdom.1/deaths_TS_model.pkl
[2024-08-17T12:20:18.919+0000] {processor.py:842} WARNING - No viable dags retrieved from /opt/airflow/dags/data/models/United Kingdom.1/deaths_TS_model.pkl
[2024-08-17T12:20:18.935+0000] {processor.py:183} INFO - Processing /opt/airflow/dags/data/models/United Kingdom.1/deaths_TS_model.pkl took 0.048 seconds
[2024-08-17T12:20:48.524+0000] {processor.py:161} INFO - Started process (PID=29250) to work on /opt/airflow/dags/data/models/United Kingdom.1/deaths_TS_model.pkl
[2024-08-17T12:20:48.526+0000] {processor.py:830} INFO - Processing file /opt/airflow/dags/data/models/United Kingdom.1/deaths_TS_model.pkl for tasks to queue
[2024-08-17T12:20:48.528+0000] {logging_mixin.py:188} INFO - [2024-08-17T12:20:48.527+0000] {dagbag.py:545} INFO - Filling up the DagBag from /opt/airflow/dags/data/models/United Kingdom.1/deaths_TS_model.pkl
[2024-08-17T12:20:48.549+0000] {processor.py:842} WARNING - No viable dags retrieved from /opt/airflow/dags/data/models/United Kingdom.1/deaths_TS_model.pkl
[2024-08-17T12:20:48.570+0000] {processor.py:183} INFO - Processing /opt/airflow/dags/data/models/United Kingdom.1/deaths_TS_model.pkl took 0.054 seconds
[2024-08-17T12:21:35.542+0000] {processor.py:161} INFO - Started process (PID=29966) to work on /opt/airflow/dags/data/models/United Kingdom.1/deaths_TS_model.pkl
[2024-08-17T12:21:35.543+0000] {processor.py:830} INFO - Processing file /opt/airflow/dags/data/models/United Kingdom.1/deaths_TS_model.pkl for tasks to queue
[2024-08-17T12:21:35.544+0000] {logging_mixin.py:188} INFO - [2024-08-17T12:21:35.544+0000] {dagbag.py:545} INFO - Filling up the DagBag from /opt/airflow/dags/data/models/United Kingdom.1/deaths_TS_model.pkl
[2024-08-17T12:21:35.566+0000] {processor.py:842} WARNING - No viable dags retrieved from /opt/airflow/dags/data/models/United Kingdom.1/deaths_TS_model.pkl
[2024-08-17T12:21:35.582+0000] {processor.py:183} INFO - Processing /opt/airflow/dags/data/models/United Kingdom.1/deaths_TS_model.pkl took 0.047 seconds
[2024-08-17T12:22:13.136+0000] {processor.py:161} INFO - Started process (PID=30544) to work on /opt/airflow/dags/data/models/United Kingdom.1/deaths_TS_model.pkl
[2024-08-17T12:22:13.138+0000] {processor.py:830} INFO - Processing file /opt/airflow/dags/data/models/United Kingdom.1/deaths_TS_model.pkl for tasks to queue
[2024-08-17T12:22:13.139+0000] {logging_mixin.py:188} INFO - [2024-08-17T12:22:13.139+0000] {dagbag.py:545} INFO - Filling up the DagBag from /opt/airflow/dags/data/models/United Kingdom.1/deaths_TS_model.pkl
[2024-08-17T12:22:13.157+0000] {processor.py:842} WARNING - No viable dags retrieved from /opt/airflow/dags/data/models/United Kingdom.1/deaths_TS_model.pkl
[2024-08-17T12:22:13.178+0000] {processor.py:183} INFO - Processing /opt/airflow/dags/data/models/United Kingdom.1/deaths_TS_model.pkl took 0.049 seconds
[2024-08-17T12:23:19.406+0000] {processor.py:161} INFO - Started process (PID=31210) to work on /opt/airflow/dags/data/models/United Kingdom.1/deaths_TS_model.pkl
[2024-08-17T12:23:19.407+0000] {processor.py:830} INFO - Processing file /opt/airflow/dags/data/models/United Kingdom.1/deaths_TS_model.pkl for tasks to queue
[2024-08-17T12:23:19.409+0000] {logging_mixin.py:188} INFO - [2024-08-17T12:23:19.408+0000] {dagbag.py:545} INFO - Filling up the DagBag from /opt/airflow/dags/data/models/United Kingdom.1/deaths_TS_model.pkl
[2024-08-17T12:23:19.429+0000] {processor.py:842} WARNING - No viable dags retrieved from /opt/airflow/dags/data/models/United Kingdom.1/deaths_TS_model.pkl
[2024-08-17T12:23:19.449+0000] {processor.py:183} INFO - Processing /opt/airflow/dags/data/models/United Kingdom.1/deaths_TS_model.pkl took 0.050 seconds
[2024-08-17T12:24:02.218+0000] {processor.py:161} INFO - Started process (PID=31891) to work on /opt/airflow/dags/data/models/United Kingdom.1/deaths_TS_model.pkl
[2024-08-17T12:24:02.219+0000] {processor.py:830} INFO - Processing file /opt/airflow/dags/data/models/United Kingdom.1/deaths_TS_model.pkl for tasks to queue
[2024-08-17T12:24:02.220+0000] {logging_mixin.py:188} INFO - [2024-08-17T12:24:02.220+0000] {dagbag.py:545} INFO - Filling up the DagBag from /opt/airflow/dags/data/models/United Kingdom.1/deaths_TS_model.pkl
[2024-08-17T12:24:02.235+0000] {processor.py:842} WARNING - No viable dags retrieved from /opt/airflow/dags/data/models/United Kingdom.1/deaths_TS_model.pkl
[2024-08-17T12:24:02.252+0000] {processor.py:183} INFO - Processing /opt/airflow/dags/data/models/United Kingdom.1/deaths_TS_model.pkl took 0.040 seconds
[2024-08-17T12:24:47.643+0000] {processor.py:161} INFO - Started process (PID=32636) to work on /opt/airflow/dags/data/models/United Kingdom.1/deaths_TS_model.pkl
[2024-08-17T12:24:47.644+0000] {processor.py:830} INFO - Processing file /opt/airflow/dags/data/models/United Kingdom.1/deaths_TS_model.pkl for tasks to queue
[2024-08-17T12:24:47.645+0000] {logging_mixin.py:188} INFO - [2024-08-17T12:24:47.645+0000] {dagbag.py:545} INFO - Filling up the DagBag from /opt/airflow/dags/data/models/United Kingdom.1/deaths_TS_model.pkl
[2024-08-17T12:24:47.663+0000] {processor.py:842} WARNING - No viable dags retrieved from /opt/airflow/dags/data/models/United Kingdom.1/deaths_TS_model.pkl
[2024-08-17T12:24:47.678+0000] {processor.py:183} INFO - Processing /opt/airflow/dags/data/models/United Kingdom.1/deaths_TS_model.pkl took 0.039 seconds
[2024-08-17T12:25:25.589+0000] {processor.py:161} INFO - Started process (PID=33282) to work on /opt/airflow/dags/data/models/United Kingdom.1/deaths_TS_model.pkl
[2024-08-17T12:25:25.590+0000] {processor.py:830} INFO - Processing file /opt/airflow/dags/data/models/United Kingdom.1/deaths_TS_model.pkl for tasks to queue
[2024-08-17T12:25:25.591+0000] {logging_mixin.py:188} INFO - [2024-08-17T12:25:25.591+0000] {dagbag.py:545} INFO - Filling up the DagBag from /opt/airflow/dags/data/models/United Kingdom.1/deaths_TS_model.pkl
[2024-08-17T12:25:25.619+0000] {processor.py:842} WARNING - No viable dags retrieved from /opt/airflow/dags/data/models/United Kingdom.1/deaths_TS_model.pkl
[2024-08-17T12:25:25.637+0000] {processor.py:183} INFO - Processing /opt/airflow/dags/data/models/United Kingdom.1/deaths_TS_model.pkl took 0.053 seconds
[2024-08-17T12:26:00.899+0000] {processor.py:161} INFO - Started process (PID=33955) to work on /opt/airflow/dags/data/models/United Kingdom.1/deaths_TS_model.pkl
[2024-08-17T12:26:00.900+0000] {processor.py:830} INFO - Processing file /opt/airflow/dags/data/models/United Kingdom.1/deaths_TS_model.pkl for tasks to queue
[2024-08-17T12:26:00.901+0000] {logging_mixin.py:188} INFO - [2024-08-17T12:26:00.901+0000] {dagbag.py:545} INFO - Filling up the DagBag from /opt/airflow/dags/data/models/United Kingdom.1/deaths_TS_model.pkl
[2024-08-17T12:26:00.917+0000] {processor.py:842} WARNING - No viable dags retrieved from /opt/airflow/dags/data/models/United Kingdom.1/deaths_TS_model.pkl
[2024-08-17T12:26:00.932+0000] {processor.py:183} INFO - Processing /opt/airflow/dags/data/models/United Kingdom.1/deaths_TS_model.pkl took 0.037 seconds
[2024-08-17T12:26:41.837+0000] {processor.py:161} INFO - Started process (PID=34675) to work on /opt/airflow/dags/data/models/United Kingdom.1/deaths_TS_model.pkl
[2024-08-17T12:26:41.839+0000] {processor.py:830} INFO - Processing file /opt/airflow/dags/data/models/United Kingdom.1/deaths_TS_model.pkl for tasks to queue
[2024-08-17T12:26:41.840+0000] {logging_mixin.py:188} INFO - [2024-08-17T12:26:41.840+0000] {dagbag.py:545} INFO - Filling up the DagBag from /opt/airflow/dags/data/models/United Kingdom.1/deaths_TS_model.pkl
[2024-08-17T12:26:41.858+0000] {processor.py:842} WARNING - No viable dags retrieved from /opt/airflow/dags/data/models/United Kingdom.1/deaths_TS_model.pkl
[2024-08-17T12:26:41.870+0000] {processor.py:183} INFO - Processing /opt/airflow/dags/data/models/United Kingdom.1/deaths_TS_model.pkl took 0.039 seconds
[2024-08-17T12:27:18.782+0000] {processor.py:161} INFO - Started process (PID=35418) to work on /opt/airflow/dags/data/models/United Kingdom.1/deaths_TS_model.pkl
[2024-08-17T12:27:18.783+0000] {processor.py:830} INFO - Processing file /opt/airflow/dags/data/models/United Kingdom.1/deaths_TS_model.pkl for tasks to queue
[2024-08-17T12:27:18.784+0000] {logging_mixin.py:188} INFO - [2024-08-17T12:27:18.784+0000] {dagbag.py:545} INFO - Filling up the DagBag from /opt/airflow/dags/data/models/United Kingdom.1/deaths_TS_model.pkl
[2024-08-17T12:27:18.799+0000] {processor.py:842} WARNING - No viable dags retrieved from /opt/airflow/dags/data/models/United Kingdom.1/deaths_TS_model.pkl
[2024-08-17T12:27:18.811+0000] {processor.py:183} INFO - Processing /opt/airflow/dags/data/models/United Kingdom.1/deaths_TS_model.pkl took 0.034 seconds
[2024-08-17T12:28:14.884+0000] {processor.py:161} INFO - Started process (PID=36216) to work on /opt/airflow/dags/data/models/United Kingdom.1/deaths_TS_model.pkl
[2024-08-17T12:28:14.885+0000] {processor.py:830} INFO - Processing file /opt/airflow/dags/data/models/United Kingdom.1/deaths_TS_model.pkl for tasks to queue
[2024-08-17T12:28:14.886+0000] {logging_mixin.py:188} INFO - [2024-08-17T12:28:14.885+0000] {dagbag.py:545} INFO - Filling up the DagBag from /opt/airflow/dags/data/models/United Kingdom.1/deaths_TS_model.pkl
[2024-08-17T12:28:14.902+0000] {processor.py:842} WARNING - No viable dags retrieved from /opt/airflow/dags/data/models/United Kingdom.1/deaths_TS_model.pkl
[2024-08-17T12:28:14.913+0000] {processor.py:183} INFO - Processing /opt/airflow/dags/data/models/United Kingdom.1/deaths_TS_model.pkl took 0.034 seconds
[2024-08-17T12:28:48.714+0000] {processor.py:161} INFO - Started process (PID=36963) to work on /opt/airflow/dags/data/models/United Kingdom.1/deaths_TS_model.pkl
[2024-08-17T12:28:48.715+0000] {processor.py:830} INFO - Processing file /opt/airflow/dags/data/models/United Kingdom.1/deaths_TS_model.pkl for tasks to queue
[2024-08-17T12:28:48.716+0000] {logging_mixin.py:188} INFO - [2024-08-17T12:28:48.716+0000] {dagbag.py:545} INFO - Filling up the DagBag from /opt/airflow/dags/data/models/United Kingdom.1/deaths_TS_model.pkl
[2024-08-17T12:28:48.732+0000] {processor.py:842} WARNING - No viable dags retrieved from /opt/airflow/dags/data/models/United Kingdom.1/deaths_TS_model.pkl
[2024-08-17T12:28:48.747+0000] {processor.py:183} INFO - Processing /opt/airflow/dags/data/models/United Kingdom.1/deaths_TS_model.pkl took 0.037 seconds
[2024-08-17T12:29:23.682+0000] {processor.py:161} INFO - Started process (PID=37687) to work on /opt/airflow/dags/data/models/United Kingdom.1/deaths_TS_model.pkl
[2024-08-17T12:29:23.683+0000] {processor.py:830} INFO - Processing file /opt/airflow/dags/data/models/United Kingdom.1/deaths_TS_model.pkl for tasks to queue
[2024-08-17T12:29:23.684+0000] {logging_mixin.py:188} INFO - [2024-08-17T12:29:23.684+0000] {dagbag.py:545} INFO - Filling up the DagBag from /opt/airflow/dags/data/models/United Kingdom.1/deaths_TS_model.pkl
[2024-08-17T12:29:23.701+0000] {processor.py:842} WARNING - No viable dags retrieved from /opt/airflow/dags/data/models/United Kingdom.1/deaths_TS_model.pkl
[2024-08-17T12:29:23.711+0000] {processor.py:183} INFO - Processing /opt/airflow/dags/data/models/United Kingdom.1/deaths_TS_model.pkl took 0.033 seconds
[2024-08-17T12:29:56.705+0000] {processor.py:161} INFO - Started process (PID=38421) to work on /opt/airflow/dags/data/models/United Kingdom.1/deaths_TS_model.pkl
[2024-08-17T12:29:56.706+0000] {processor.py:830} INFO - Processing file /opt/airflow/dags/data/models/United Kingdom.1/deaths_TS_model.pkl for tasks to queue
[2024-08-17T12:29:56.707+0000] {logging_mixin.py:188} INFO - [2024-08-17T12:29:56.707+0000] {dagbag.py:545} INFO - Filling up the DagBag from /opt/airflow/dags/data/models/United Kingdom.1/deaths_TS_model.pkl
[2024-08-17T12:29:56.715+0000] {processor.py:842} WARNING - No viable dags retrieved from /opt/airflow/dags/data/models/United Kingdom.1/deaths_TS_model.pkl
[2024-08-17T12:29:56.725+0000] {processor.py:183} INFO - Processing /opt/airflow/dags/data/models/United Kingdom.1/deaths_TS_model.pkl took 0.024 seconds
[2024-08-17T12:30:29.322+0000] {processor.py:161} INFO - Started process (PID=39151) to work on /opt/airflow/dags/data/models/United Kingdom.1/deaths_TS_model.pkl
[2024-08-17T12:30:29.322+0000] {processor.py:830} INFO - Processing file /opt/airflow/dags/data/models/United Kingdom.1/deaths_TS_model.pkl for tasks to queue
[2024-08-17T12:30:29.323+0000] {logging_mixin.py:188} INFO - [2024-08-17T12:30:29.323+0000] {dagbag.py:545} INFO - Filling up the DagBag from /opt/airflow/dags/data/models/United Kingdom.1/deaths_TS_model.pkl
[2024-08-17T12:30:29.332+0000] {processor.py:842} WARNING - No viable dags retrieved from /opt/airflow/dags/data/models/United Kingdom.1/deaths_TS_model.pkl
[2024-08-17T12:30:29.343+0000] {processor.py:183} INFO - Processing /opt/airflow/dags/data/models/United Kingdom.1/deaths_TS_model.pkl took 0.025 seconds
[2024-08-17T12:31:01.374+0000] {processor.py:161} INFO - Started process (PID=39889) to work on /opt/airflow/dags/data/models/United Kingdom.1/deaths_TS_model.pkl
[2024-08-17T12:31:01.374+0000] {processor.py:830} INFO - Processing file /opt/airflow/dags/data/models/United Kingdom.1/deaths_TS_model.pkl for tasks to queue
[2024-08-17T12:31:01.375+0000] {logging_mixin.py:188} INFO - [2024-08-17T12:31:01.375+0000] {dagbag.py:545} INFO - Filling up the DagBag from /opt/airflow/dags/data/models/United Kingdom.1/deaths_TS_model.pkl
[2024-08-17T12:31:01.385+0000] {processor.py:842} WARNING - No viable dags retrieved from /opt/airflow/dags/data/models/United Kingdom.1/deaths_TS_model.pkl
[2024-08-17T12:31:01.394+0000] {processor.py:183} INFO - Processing /opt/airflow/dags/data/models/United Kingdom.1/deaths_TS_model.pkl took 0.024 seconds
[2024-08-17T12:31:34.442+0000] {processor.py:161} INFO - Started process (PID=40611) to work on /opt/airflow/dags/data/models/United Kingdom.1/deaths_TS_model.pkl
[2024-08-17T12:31:34.444+0000] {processor.py:830} INFO - Processing file /opt/airflow/dags/data/models/United Kingdom.1/deaths_TS_model.pkl for tasks to queue
[2024-08-17T12:31:34.445+0000] {logging_mixin.py:188} INFO - [2024-08-17T12:31:34.445+0000] {dagbag.py:545} INFO - Filling up the DagBag from /opt/airflow/dags/data/models/United Kingdom.1/deaths_TS_model.pkl
[2024-08-17T12:31:34.452+0000] {processor.py:842} WARNING - No viable dags retrieved from /opt/airflow/dags/data/models/United Kingdom.1/deaths_TS_model.pkl
[2024-08-17T12:31:34.462+0000] {processor.py:183} INFO - Processing /opt/airflow/dags/data/models/United Kingdom.1/deaths_TS_model.pkl took 0.023 seconds
[2024-08-17T12:32:09.073+0000] {processor.py:161} INFO - Started process (PID=41324) to work on /opt/airflow/dags/data/models/United Kingdom.1/deaths_TS_model.pkl
[2024-08-17T12:32:09.074+0000] {processor.py:830} INFO - Processing file /opt/airflow/dags/data/models/United Kingdom.1/deaths_TS_model.pkl for tasks to queue
[2024-08-17T12:32:09.074+0000] {logging_mixin.py:188} INFO - [2024-08-17T12:32:09.074+0000] {dagbag.py:545} INFO - Filling up the DagBag from /opt/airflow/dags/data/models/United Kingdom.1/deaths_TS_model.pkl
[2024-08-17T12:32:09.150+0000] {processor.py:842} WARNING - No viable dags retrieved from /opt/airflow/dags/data/models/United Kingdom.1/deaths_TS_model.pkl
[2024-08-17T12:32:09.162+0000] {processor.py:183} INFO - Processing /opt/airflow/dags/data/models/United Kingdom.1/deaths_TS_model.pkl took 0.092 seconds
[2024-08-17T12:32:40.405+0000] {processor.py:161} INFO - Started process (PID=42047) to work on /opt/airflow/dags/data/models/United Kingdom.1/deaths_TS_model.pkl
[2024-08-17T12:32:40.406+0000] {processor.py:830} INFO - Processing file /opt/airflow/dags/data/models/United Kingdom.1/deaths_TS_model.pkl for tasks to queue
[2024-08-17T12:32:40.407+0000] {logging_mixin.py:188} INFO - [2024-08-17T12:32:40.407+0000] {dagbag.py:545} INFO - Filling up the DagBag from /opt/airflow/dags/data/models/United Kingdom.1/deaths_TS_model.pkl
[2024-08-17T12:32:40.416+0000] {processor.py:842} WARNING - No viable dags retrieved from /opt/airflow/dags/data/models/United Kingdom.1/deaths_TS_model.pkl
[2024-08-17T12:32:40.425+0000] {processor.py:183} INFO - Processing /opt/airflow/dags/data/models/United Kingdom.1/deaths_TS_model.pkl took 0.025 seconds
[2024-08-17T12:33:13.479+0000] {processor.py:161} INFO - Started process (PID=42632) to work on /opt/airflow/dags/data/models/United Kingdom.1/deaths_TS_model.pkl
[2024-08-17T12:33:13.479+0000] {processor.py:830} INFO - Processing file /opt/airflow/dags/data/models/United Kingdom.1/deaths_TS_model.pkl for tasks to queue
[2024-08-17T12:33:13.480+0000] {logging_mixin.py:188} INFO - [2024-08-17T12:33:13.480+0000] {dagbag.py:545} INFO - Filling up the DagBag from /opt/airflow/dags/data/models/United Kingdom.1/deaths_TS_model.pkl
[2024-08-17T12:33:13.494+0000] {processor.py:842} WARNING - No viable dags retrieved from /opt/airflow/dags/data/models/United Kingdom.1/deaths_TS_model.pkl
[2024-08-17T12:33:13.503+0000] {processor.py:183} INFO - Processing /opt/airflow/dags/data/models/United Kingdom.1/deaths_TS_model.pkl took 0.028 seconds
[2024-08-17T12:33:47.653+0000] {processor.py:161} INFO - Started process (PID=43345) to work on /opt/airflow/dags/data/models/United Kingdom.1/deaths_TS_model.pkl
[2024-08-17T12:33:47.654+0000] {processor.py:830} INFO - Processing file /opt/airflow/dags/data/models/United Kingdom.1/deaths_TS_model.pkl for tasks to queue
[2024-08-17T12:33:47.655+0000] {logging_mixin.py:188} INFO - [2024-08-17T12:33:47.655+0000] {dagbag.py:545} INFO - Filling up the DagBag from /opt/airflow/dags/data/models/United Kingdom.1/deaths_TS_model.pkl
[2024-08-17T12:33:47.663+0000] {processor.py:842} WARNING - No viable dags retrieved from /opt/airflow/dags/data/models/United Kingdom.1/deaths_TS_model.pkl
[2024-08-17T12:33:47.673+0000] {processor.py:183} INFO - Processing /opt/airflow/dags/data/models/United Kingdom.1/deaths_TS_model.pkl took 0.023 seconds
[2024-08-17T12:34:21.310+0000] {processor.py:161} INFO - Started process (PID=44063) to work on /opt/airflow/dags/data/models/United Kingdom.1/deaths_TS_model.pkl
[2024-08-17T12:34:21.311+0000] {processor.py:830} INFO - Processing file /opt/airflow/dags/data/models/United Kingdom.1/deaths_TS_model.pkl for tasks to queue
[2024-08-17T12:34:21.313+0000] {logging_mixin.py:188} INFO - [2024-08-17T12:34:21.312+0000] {dagbag.py:545} INFO - Filling up the DagBag from /opt/airflow/dags/data/models/United Kingdom.1/deaths_TS_model.pkl
[2024-08-17T12:34:21.332+0000] {processor.py:842} WARNING - No viable dags retrieved from /opt/airflow/dags/data/models/United Kingdom.1/deaths_TS_model.pkl
[2024-08-17T12:34:21.341+0000] {processor.py:183} INFO - Processing /opt/airflow/dags/data/models/United Kingdom.1/deaths_TS_model.pkl took 0.034 seconds
[2024-08-17T12:34:54.249+0000] {processor.py:161} INFO - Started process (PID=44805) to work on /opt/airflow/dags/data/models/United Kingdom.1/deaths_TS_model.pkl
[2024-08-17T12:34:54.250+0000] {processor.py:830} INFO - Processing file /opt/airflow/dags/data/models/United Kingdom.1/deaths_TS_model.pkl for tasks to queue
[2024-08-17T12:34:54.250+0000] {logging_mixin.py:188} INFO - [2024-08-17T12:34:54.250+0000] {dagbag.py:545} INFO - Filling up the DagBag from /opt/airflow/dags/data/models/United Kingdom.1/deaths_TS_model.pkl
[2024-08-17T12:34:54.259+0000] {processor.py:842} WARNING - No viable dags retrieved from /opt/airflow/dags/data/models/United Kingdom.1/deaths_TS_model.pkl
[2024-08-17T12:34:54.268+0000] {processor.py:183} INFO - Processing /opt/airflow/dags/data/models/United Kingdom.1/deaths_TS_model.pkl took 0.023 seconds
[2024-08-17T12:35:26.293+0000] {processor.py:161} INFO - Started process (PID=45531) to work on /opt/airflow/dags/data/models/United Kingdom.1/deaths_TS_model.pkl
[2024-08-17T12:35:26.293+0000] {processor.py:830} INFO - Processing file /opt/airflow/dags/data/models/United Kingdom.1/deaths_TS_model.pkl for tasks to queue
[2024-08-17T12:35:26.294+0000] {logging_mixin.py:188} INFO - [2024-08-17T12:35:26.294+0000] {dagbag.py:545} INFO - Filling up the DagBag from /opt/airflow/dags/data/models/United Kingdom.1/deaths_TS_model.pkl
[2024-08-17T12:35:26.306+0000] {processor.py:842} WARNING - No viable dags retrieved from /opt/airflow/dags/data/models/United Kingdom.1/deaths_TS_model.pkl
[2024-08-17T12:35:26.317+0000] {processor.py:183} INFO - Processing /opt/airflow/dags/data/models/United Kingdom.1/deaths_TS_model.pkl took 0.028 seconds
[2024-08-17T12:35:59.262+0000] {processor.py:161} INFO - Started process (PID=46274) to work on /opt/airflow/dags/data/models/United Kingdom.1/deaths_TS_model.pkl
[2024-08-17T12:35:59.263+0000] {processor.py:830} INFO - Processing file /opt/airflow/dags/data/models/United Kingdom.1/deaths_TS_model.pkl for tasks to queue
[2024-08-17T12:35:59.264+0000] {logging_mixin.py:188} INFO - [2024-08-17T12:35:59.264+0000] {dagbag.py:545} INFO - Filling up the DagBag from /opt/airflow/dags/data/models/United Kingdom.1/deaths_TS_model.pkl
[2024-08-17T12:35:59.278+0000] {processor.py:842} WARNING - No viable dags retrieved from /opt/airflow/dags/data/models/United Kingdom.1/deaths_TS_model.pkl
[2024-08-17T12:35:59.291+0000] {processor.py:183} INFO - Processing /opt/airflow/dags/data/models/United Kingdom.1/deaths_TS_model.pkl took 0.033 seconds
[2024-08-17T12:36:31.593+0000] {processor.py:161} INFO - Started process (PID=47001) to work on /opt/airflow/dags/data/models/United Kingdom.1/deaths_TS_model.pkl
[2024-08-17T12:36:31.594+0000] {processor.py:830} INFO - Processing file /opt/airflow/dags/data/models/United Kingdom.1/deaths_TS_model.pkl for tasks to queue
[2024-08-17T12:36:31.595+0000] {logging_mixin.py:188} INFO - [2024-08-17T12:36:31.595+0000] {dagbag.py:545} INFO - Filling up the DagBag from /opt/airflow/dags/data/models/United Kingdom.1/deaths_TS_model.pkl
[2024-08-17T12:36:31.603+0000] {processor.py:842} WARNING - No viable dags retrieved from /opt/airflow/dags/data/models/United Kingdom.1/deaths_TS_model.pkl
[2024-08-17T12:36:31.612+0000] {processor.py:183} INFO - Processing /opt/airflow/dags/data/models/United Kingdom.1/deaths_TS_model.pkl took 0.022 seconds
[2024-08-17T12:37:03.606+0000] {processor.py:161} INFO - Started process (PID=47706) to work on /opt/airflow/dags/data/models/United Kingdom.1/deaths_TS_model.pkl
[2024-08-17T12:37:03.606+0000] {processor.py:830} INFO - Processing file /opt/airflow/dags/data/models/United Kingdom.1/deaths_TS_model.pkl for tasks to queue
[2024-08-17T12:37:03.607+0000] {logging_mixin.py:188} INFO - [2024-08-17T12:37:03.607+0000] {dagbag.py:545} INFO - Filling up the DagBag from /opt/airflow/dags/data/models/United Kingdom.1/deaths_TS_model.pkl
[2024-08-17T12:37:03.614+0000] {processor.py:842} WARNING - No viable dags retrieved from /opt/airflow/dags/data/models/United Kingdom.1/deaths_TS_model.pkl
[2024-08-17T12:37:03.622+0000] {processor.py:183} INFO - Processing /opt/airflow/dags/data/models/United Kingdom.1/deaths_TS_model.pkl took 0.020 seconds
[2024-08-17T12:37:36.388+0000] {processor.py:161} INFO - Started process (PID=48449) to work on /opt/airflow/dags/data/models/United Kingdom.1/deaths_TS_model.pkl
[2024-08-17T12:37:36.389+0000] {processor.py:830} INFO - Processing file /opt/airflow/dags/data/models/United Kingdom.1/deaths_TS_model.pkl for tasks to queue
[2024-08-17T12:37:36.390+0000] {logging_mixin.py:188} INFO - [2024-08-17T12:37:36.389+0000] {dagbag.py:545} INFO - Filling up the DagBag from /opt/airflow/dags/data/models/United Kingdom.1/deaths_TS_model.pkl
[2024-08-17T12:37:36.401+0000] {processor.py:842} WARNING - No viable dags retrieved from /opt/airflow/dags/data/models/United Kingdom.1/deaths_TS_model.pkl
[2024-08-17T12:37:36.409+0000] {processor.py:183} INFO - Processing /opt/airflow/dags/data/models/United Kingdom.1/deaths_TS_model.pkl took 0.025 seconds
[2024-08-17T12:38:12.432+0000] {processor.py:161} INFO - Started process (PID=49135) to work on /opt/airflow/dags/data/models/United Kingdom.1/deaths_TS_model.pkl
[2024-08-17T12:38:12.433+0000] {processor.py:830} INFO - Processing file /opt/airflow/dags/data/models/United Kingdom.1/deaths_TS_model.pkl for tasks to queue
[2024-08-17T12:38:12.437+0000] {logging_mixin.py:188} INFO - [2024-08-17T12:38:12.436+0000] {dagbag.py:545} INFO - Filling up the DagBag from /opt/airflow/dags/data/models/United Kingdom.1/deaths_TS_model.pkl
[2024-08-17T12:38:12.443+0000] {processor.py:842} WARNING - No viable dags retrieved from /opt/airflow/dags/data/models/United Kingdom.1/deaths_TS_model.pkl
[2024-08-17T12:38:12.452+0000] {processor.py:183} INFO - Processing /opt/airflow/dags/data/models/United Kingdom.1/deaths_TS_model.pkl took 0.024 seconds
[2024-08-17T12:38:45.219+0000] {processor.py:161} INFO - Started process (PID=49828) to work on /opt/airflow/dags/data/models/United Kingdom.1/deaths_TS_model.pkl
[2024-08-17T12:38:45.220+0000] {processor.py:830} INFO - Processing file /opt/airflow/dags/data/models/United Kingdom.1/deaths_TS_model.pkl for tasks to queue
[2024-08-17T12:38:45.221+0000] {logging_mixin.py:188} INFO - [2024-08-17T12:38:45.221+0000] {dagbag.py:545} INFO - Filling up the DagBag from /opt/airflow/dags/data/models/United Kingdom.1/deaths_TS_model.pkl
[2024-08-17T12:38:45.230+0000] {processor.py:842} WARNING - No viable dags retrieved from /opt/airflow/dags/data/models/United Kingdom.1/deaths_TS_model.pkl
[2024-08-17T12:38:45.240+0000] {processor.py:183} INFO - Processing /opt/airflow/dags/data/models/United Kingdom.1/deaths_TS_model.pkl took 0.024 seconds
[2024-08-17T12:39:18.517+0000] {processor.py:161} INFO - Started process (PID=50571) to work on /opt/airflow/dags/data/models/United Kingdom.1/deaths_TS_model.pkl
[2024-08-17T12:39:18.518+0000] {processor.py:830} INFO - Processing file /opt/airflow/dags/data/models/United Kingdom.1/deaths_TS_model.pkl for tasks to queue
[2024-08-17T12:39:18.519+0000] {logging_mixin.py:188} INFO - [2024-08-17T12:39:18.518+0000] {dagbag.py:545} INFO - Filling up the DagBag from /opt/airflow/dags/data/models/United Kingdom.1/deaths_TS_model.pkl
[2024-08-17T12:39:18.525+0000] {processor.py:842} WARNING - No viable dags retrieved from /opt/airflow/dags/data/models/United Kingdom.1/deaths_TS_model.pkl
[2024-08-17T12:39:18.533+0000] {processor.py:183} INFO - Processing /opt/airflow/dags/data/models/United Kingdom.1/deaths_TS_model.pkl took 0.020 seconds
[2024-08-17T12:39:50.890+0000] {processor.py:161} INFO - Started process (PID=51288) to work on /opt/airflow/dags/data/models/United Kingdom.1/deaths_TS_model.pkl
[2024-08-17T12:39:50.891+0000] {processor.py:830} INFO - Processing file /opt/airflow/dags/data/models/United Kingdom.1/deaths_TS_model.pkl for tasks to queue
[2024-08-17T12:39:50.892+0000] {logging_mixin.py:188} INFO - [2024-08-17T12:39:50.891+0000] {dagbag.py:545} INFO - Filling up the DagBag from /opt/airflow/dags/data/models/United Kingdom.1/deaths_TS_model.pkl
[2024-08-17T12:39:50.901+0000] {processor.py:842} WARNING - No viable dags retrieved from /opt/airflow/dags/data/models/United Kingdom.1/deaths_TS_model.pkl
[2024-08-17T12:39:50.910+0000] {processor.py:183} INFO - Processing /opt/airflow/dags/data/models/United Kingdom.1/deaths_TS_model.pkl took 0.023 seconds
[2024-08-17T12:40:23.091+0000] {processor.py:161} INFO - Started process (PID=52031) to work on /opt/airflow/dags/data/models/United Kingdom.1/deaths_TS_model.pkl
[2024-08-17T12:40:23.092+0000] {processor.py:830} INFO - Processing file /opt/airflow/dags/data/models/United Kingdom.1/deaths_TS_model.pkl for tasks to queue
[2024-08-17T12:40:23.092+0000] {logging_mixin.py:188} INFO - [2024-08-17T12:40:23.092+0000] {dagbag.py:545} INFO - Filling up the DagBag from /opt/airflow/dags/data/models/United Kingdom.1/deaths_TS_model.pkl
[2024-08-17T12:40:23.100+0000] {processor.py:842} WARNING - No viable dags retrieved from /opt/airflow/dags/data/models/United Kingdom.1/deaths_TS_model.pkl
[2024-08-17T12:40:23.109+0000] {processor.py:183} INFO - Processing /opt/airflow/dags/data/models/United Kingdom.1/deaths_TS_model.pkl took 0.021 seconds
[2024-08-17T12:40:55.118+0000] {processor.py:161} INFO - Started process (PID=52766) to work on /opt/airflow/dags/data/models/United Kingdom.1/deaths_TS_model.pkl
[2024-08-17T12:40:55.119+0000] {processor.py:830} INFO - Processing file /opt/airflow/dags/data/models/United Kingdom.1/deaths_TS_model.pkl for tasks to queue
[2024-08-17T12:40:55.120+0000] {logging_mixin.py:188} INFO - [2024-08-17T12:40:55.119+0000] {dagbag.py:545} INFO - Filling up the DagBag from /opt/airflow/dags/data/models/United Kingdom.1/deaths_TS_model.pkl
[2024-08-17T12:40:55.129+0000] {processor.py:842} WARNING - No viable dags retrieved from /opt/airflow/dags/data/models/United Kingdom.1/deaths_TS_model.pkl
[2024-08-17T12:40:55.139+0000] {processor.py:183} INFO - Processing /opt/airflow/dags/data/models/United Kingdom.1/deaths_TS_model.pkl took 0.024 seconds
[2024-08-17T12:41:27.930+0000] {processor.py:161} INFO - Started process (PID=53500) to work on /opt/airflow/dags/data/models/United Kingdom.1/deaths_TS_model.pkl
[2024-08-17T12:41:27.930+0000] {processor.py:830} INFO - Processing file /opt/airflow/dags/data/models/United Kingdom.1/deaths_TS_model.pkl for tasks to queue
[2024-08-17T12:41:27.931+0000] {logging_mixin.py:188} INFO - [2024-08-17T12:41:27.931+0000] {dagbag.py:545} INFO - Filling up the DagBag from /opt/airflow/dags/data/models/United Kingdom.1/deaths_TS_model.pkl
[2024-08-17T12:41:27.972+0000] {processor.py:842} WARNING - No viable dags retrieved from /opt/airflow/dags/data/models/United Kingdom.1/deaths_TS_model.pkl
[2024-08-17T12:41:27.982+0000] {processor.py:183} INFO - Processing /opt/airflow/dags/data/models/United Kingdom.1/deaths_TS_model.pkl took 0.056 seconds
