[2024-08-17T10:12:54.096+0000] {processor.py:161} INFO - Started process (PID=36616) to work on /opt/airflow/dags/data/models/Sudan/deaths_TS_model.pkl
[2024-08-17T10:12:54.097+0000] {processor.py:830} INFO - Processing file /opt/airflow/dags/data/models/Sudan/deaths_TS_model.pkl for tasks to queue
[2024-08-17T10:12:54.097+0000] {logging_mixin.py:188} INFO - [2024-08-17T10:12:54.097+0000] {dagbag.py:545} INFO - Filling up the DagBag from /opt/airflow/dags/data/models/Sudan/deaths_TS_model.pkl
[2024-08-17T10:12:54.109+0000] {processor.py:842} WARNING - No viable dags retrieved from /opt/airflow/dags/data/models/Sudan/deaths_TS_model.pkl
[2024-08-17T10:12:54.121+0000] {processor.py:183} INFO - Processing /opt/airflow/dags/data/models/Sudan/deaths_TS_model.pkl took 0.029 seconds
[2024-08-17T10:13:26.793+0000] {processor.py:161} INFO - Started process (PID=37317) to work on /opt/airflow/dags/data/models/Sudan/deaths_TS_model.pkl
[2024-08-17T10:13:26.794+0000] {processor.py:830} INFO - Processing file /opt/airflow/dags/data/models/Sudan/deaths_TS_model.pkl for tasks to queue
[2024-08-17T10:13:26.797+0000] {logging_mixin.py:188} INFO - [2024-08-17T10:13:26.796+0000] {dagbag.py:545} INFO - Filling up the DagBag from /opt/airflow/dags/data/models/Sudan/deaths_TS_model.pkl
[2024-08-17T10:13:26.810+0000] {processor.py:842} WARNING - No viable dags retrieved from /opt/airflow/dags/data/models/Sudan/deaths_TS_model.pkl
[2024-08-17T10:13:26.820+0000] {processor.py:183} INFO - Processing /opt/airflow/dags/data/models/Sudan/deaths_TS_model.pkl took 0.030 seconds
[2024-08-17T10:13:58.378+0000] {processor.py:161} INFO - Started process (PID=38010) to work on /opt/airflow/dags/data/models/Sudan/deaths_TS_model.pkl
[2024-08-17T10:13:58.384+0000] {processor.py:830} INFO - Processing file /opt/airflow/dags/data/models/Sudan/deaths_TS_model.pkl for tasks to queue
[2024-08-17T10:13:58.385+0000] {logging_mixin.py:188} INFO - [2024-08-17T10:13:58.384+0000] {dagbag.py:545} INFO - Filling up the DagBag from /opt/airflow/dags/data/models/Sudan/deaths_TS_model.pkl
[2024-08-17T10:13:58.393+0000] {processor.py:842} WARNING - No viable dags retrieved from /opt/airflow/dags/data/models/Sudan/deaths_TS_model.pkl
[2024-08-17T10:13:58.403+0000] {processor.py:183} INFO - Processing /opt/airflow/dags/data/models/Sudan/deaths_TS_model.pkl took 0.028 seconds
[2024-08-17T10:14:30.182+0000] {processor.py:161} INFO - Started process (PID=38677) to work on /opt/airflow/dags/data/models/Sudan/deaths_TS_model.pkl
[2024-08-17T10:14:30.183+0000] {processor.py:830} INFO - Processing file /opt/airflow/dags/data/models/Sudan/deaths_TS_model.pkl for tasks to queue
[2024-08-17T10:14:30.184+0000] {logging_mixin.py:188} INFO - [2024-08-17T10:14:30.183+0000] {dagbag.py:545} INFO - Filling up the DagBag from /opt/airflow/dags/data/models/Sudan/deaths_TS_model.pkl
[2024-08-17T10:14:30.195+0000] {processor.py:842} WARNING - No viable dags retrieved from /opt/airflow/dags/data/models/Sudan/deaths_TS_model.pkl
[2024-08-17T10:14:30.204+0000] {processor.py:183} INFO - Processing /opt/airflow/dags/data/models/Sudan/deaths_TS_model.pkl took 0.025 seconds
[2024-08-17T10:15:03.605+0000] {processor.py:161} INFO - Started process (PID=39370) to work on /opt/airflow/dags/data/models/Sudan/deaths_TS_model.pkl
[2024-08-17T10:15:03.606+0000] {processor.py:830} INFO - Processing file /opt/airflow/dags/data/models/Sudan/deaths_TS_model.pkl for tasks to queue
[2024-08-17T10:15:03.606+0000] {logging_mixin.py:188} INFO - [2024-08-17T10:15:03.606+0000] {dagbag.py:545} INFO - Filling up the DagBag from /opt/airflow/dags/data/models/Sudan/deaths_TS_model.pkl
[2024-08-17T10:15:03.614+0000] {processor.py:842} WARNING - No viable dags retrieved from /opt/airflow/dags/data/models/Sudan/deaths_TS_model.pkl
[2024-08-17T10:15:03.624+0000] {processor.py:183} INFO - Processing /opt/airflow/dags/data/models/Sudan/deaths_TS_model.pkl took 0.022 seconds
[2024-08-17T10:15:36.260+0000] {processor.py:161} INFO - Started process (PID=40012) to work on /opt/airflow/dags/data/models/Sudan/deaths_TS_model.pkl
[2024-08-17T10:15:36.261+0000] {processor.py:830} INFO - Processing file /opt/airflow/dags/data/models/Sudan/deaths_TS_model.pkl for tasks to queue
[2024-08-17T10:15:36.262+0000] {logging_mixin.py:188} INFO - [2024-08-17T10:15:36.262+0000] {dagbag.py:545} INFO - Filling up the DagBag from /opt/airflow/dags/data/models/Sudan/deaths_TS_model.pkl
[2024-08-17T10:15:36.274+0000] {processor.py:842} WARNING - No viable dags retrieved from /opt/airflow/dags/data/models/Sudan/deaths_TS_model.pkl
[2024-08-17T10:15:36.283+0000] {processor.py:183} INFO - Processing /opt/airflow/dags/data/models/Sudan/deaths_TS_model.pkl took 0.027 seconds
[2024-08-17T10:16:07.998+0000] {processor.py:161} INFO - Started process (PID=40687) to work on /opt/airflow/dags/data/models/Sudan/deaths_TS_model.pkl
[2024-08-17T10:16:07.999+0000] {processor.py:830} INFO - Processing file /opt/airflow/dags/data/models/Sudan/deaths_TS_model.pkl for tasks to queue
[2024-08-17T10:16:08.000+0000] {logging_mixin.py:188} INFO - [2024-08-17T10:16:07.999+0000] {dagbag.py:545} INFO - Filling up the DagBag from /opt/airflow/dags/data/models/Sudan/deaths_TS_model.pkl
[2024-08-17T10:16:08.008+0000] {processor.py:842} WARNING - No viable dags retrieved from /opt/airflow/dags/data/models/Sudan/deaths_TS_model.pkl
[2024-08-17T10:16:08.018+0000] {processor.py:183} INFO - Processing /opt/airflow/dags/data/models/Sudan/deaths_TS_model.pkl took 0.024 seconds
[2024-08-17T10:16:39.955+0000] {processor.py:161} INFO - Started process (PID=41346) to work on /opt/airflow/dags/data/models/Sudan/deaths_TS_model.pkl
[2024-08-17T10:16:39.956+0000] {processor.py:830} INFO - Processing file /opt/airflow/dags/data/models/Sudan/deaths_TS_model.pkl for tasks to queue
[2024-08-17T10:16:39.957+0000] {logging_mixin.py:188} INFO - [2024-08-17T10:16:39.957+0000] {dagbag.py:545} INFO - Filling up the DagBag from /opt/airflow/dags/data/models/Sudan/deaths_TS_model.pkl
[2024-08-17T10:16:39.968+0000] {processor.py:842} WARNING - No viable dags retrieved from /opt/airflow/dags/data/models/Sudan/deaths_TS_model.pkl
[2024-08-17T10:16:39.979+0000] {processor.py:183} INFO - Processing /opt/airflow/dags/data/models/Sudan/deaths_TS_model.pkl took 0.027 seconds
[2024-08-17T10:17:11.904+0000] {processor.py:161} INFO - Started process (PID=42038) to work on /opt/airflow/dags/data/models/Sudan/deaths_TS_model.pkl
[2024-08-17T10:17:11.911+0000] {processor.py:830} INFO - Processing file /opt/airflow/dags/data/models/Sudan/deaths_TS_model.pkl for tasks to queue
[2024-08-17T10:17:11.912+0000] {logging_mixin.py:188} INFO - [2024-08-17T10:17:11.911+0000] {dagbag.py:545} INFO - Filling up the DagBag from /opt/airflow/dags/data/models/Sudan/deaths_TS_model.pkl
[2024-08-17T10:17:11.922+0000] {processor.py:842} WARNING - No viable dags retrieved from /opt/airflow/dags/data/models/Sudan/deaths_TS_model.pkl
[2024-08-17T10:17:11.931+0000] {processor.py:183} INFO - Processing /opt/airflow/dags/data/models/Sudan/deaths_TS_model.pkl took 0.030 seconds
[2024-08-17T10:17:58.977+0000] {processor.py:161} INFO - Started process (PID=42808) to work on /opt/airflow/dags/data/models/Sudan/deaths_TS_model.pkl
[2024-08-17T10:17:58.978+0000] {processor.py:830} INFO - Processing file /opt/airflow/dags/data/models/Sudan/deaths_TS_model.pkl for tasks to queue
[2024-08-17T10:17:58.979+0000] {logging_mixin.py:188} INFO - [2024-08-17T10:17:58.978+0000] {dagbag.py:545} INFO - Filling up the DagBag from /opt/airflow/dags/data/models/Sudan/deaths_TS_model.pkl
[2024-08-17T10:17:58.998+0000] {processor.py:842} WARNING - No viable dags retrieved from /opt/airflow/dags/data/models/Sudan/deaths_TS_model.pkl
[2024-08-17T10:17:59.012+0000] {processor.py:183} INFO - Processing /opt/airflow/dags/data/models/Sudan/deaths_TS_model.pkl took 0.039 seconds
[2024-08-17T10:18:31.342+0000] {processor.py:161} INFO - Started process (PID=43551) to work on /opt/airflow/dags/data/models/Sudan/deaths_TS_model.pkl
[2024-08-17T10:18:31.342+0000] {processor.py:830} INFO - Processing file /opt/airflow/dags/data/models/Sudan/deaths_TS_model.pkl for tasks to queue
[2024-08-17T10:18:31.343+0000] {logging_mixin.py:188} INFO - [2024-08-17T10:18:31.343+0000] {dagbag.py:545} INFO - Filling up the DagBag from /opt/airflow/dags/data/models/Sudan/deaths_TS_model.pkl
[2024-08-17T10:18:31.352+0000] {processor.py:842} WARNING - No viable dags retrieved from /opt/airflow/dags/data/models/Sudan/deaths_TS_model.pkl
[2024-08-17T10:18:31.361+0000] {processor.py:183} INFO - Processing /opt/airflow/dags/data/models/Sudan/deaths_TS_model.pkl took 0.023 seconds
[2024-08-17T10:19:03.013+0000] {processor.py:161} INFO - Started process (PID=44266) to work on /opt/airflow/dags/data/models/Sudan/deaths_TS_model.pkl
[2024-08-17T10:19:03.014+0000] {processor.py:830} INFO - Processing file /opt/airflow/dags/data/models/Sudan/deaths_TS_model.pkl for tasks to queue
[2024-08-17T10:19:03.014+0000] {logging_mixin.py:188} INFO - [2024-08-17T10:19:03.014+0000] {dagbag.py:545} INFO - Filling up the DagBag from /opt/airflow/dags/data/models/Sudan/deaths_TS_model.pkl
[2024-08-17T10:19:03.022+0000] {processor.py:842} WARNING - No viable dags retrieved from /opt/airflow/dags/data/models/Sudan/deaths_TS_model.pkl
[2024-08-17T10:19:03.030+0000] {processor.py:183} INFO - Processing /opt/airflow/dags/data/models/Sudan/deaths_TS_model.pkl took 0.021 seconds
[2024-08-17T10:19:35.183+0000] {processor.py:161} INFO - Started process (PID=45009) to work on /opt/airflow/dags/data/models/Sudan/deaths_TS_model.pkl
[2024-08-17T10:19:35.183+0000] {processor.py:830} INFO - Processing file /opt/airflow/dags/data/models/Sudan/deaths_TS_model.pkl for tasks to queue
[2024-08-17T10:19:35.184+0000] {logging_mixin.py:188} INFO - [2024-08-17T10:19:35.184+0000] {dagbag.py:545} INFO - Filling up the DagBag from /opt/airflow/dags/data/models/Sudan/deaths_TS_model.pkl
[2024-08-17T10:19:35.194+0000] {processor.py:842} WARNING - No viable dags retrieved from /opt/airflow/dags/data/models/Sudan/deaths_TS_model.pkl
[2024-08-17T10:19:35.203+0000] {processor.py:183} INFO - Processing /opt/airflow/dags/data/models/Sudan/deaths_TS_model.pkl took 0.023 seconds
[2024-08-17T10:20:06.555+0000] {processor.py:161} INFO - Started process (PID=45750) to work on /opt/airflow/dags/data/models/Sudan/deaths_TS_model.pkl
[2024-08-17T10:20:06.556+0000] {processor.py:830} INFO - Processing file /opt/airflow/dags/data/models/Sudan/deaths_TS_model.pkl for tasks to queue
[2024-08-17T10:20:06.556+0000] {logging_mixin.py:188} INFO - [2024-08-17T10:20:06.556+0000] {dagbag.py:545} INFO - Filling up the DagBag from /opt/airflow/dags/data/models/Sudan/deaths_TS_model.pkl
[2024-08-17T10:20:06.573+0000] {processor.py:842} WARNING - No viable dags retrieved from /opt/airflow/dags/data/models/Sudan/deaths_TS_model.pkl
[2024-08-17T10:20:06.583+0000] {processor.py:183} INFO - Processing /opt/airflow/dags/data/models/Sudan/deaths_TS_model.pkl took 0.031 seconds
[2024-08-17T10:20:39.975+0000] {processor.py:161} INFO - Started process (PID=46476) to work on /opt/airflow/dags/data/models/Sudan/deaths_TS_model.pkl
[2024-08-17T10:20:39.982+0000] {processor.py:830} INFO - Processing file /opt/airflow/dags/data/models/Sudan/deaths_TS_model.pkl for tasks to queue
[2024-08-17T10:20:39.984+0000] {logging_mixin.py:188} INFO - [2024-08-17T10:20:39.984+0000] {dagbag.py:545} INFO - Filling up the DagBag from /opt/airflow/dags/data/models/Sudan/deaths_TS_model.pkl
[2024-08-17T10:20:40.009+0000] {processor.py:842} WARNING - No viable dags retrieved from /opt/airflow/dags/data/models/Sudan/deaths_TS_model.pkl
[2024-08-17T10:20:40.020+0000] {processor.py:183} INFO - Processing /opt/airflow/dags/data/models/Sudan/deaths_TS_model.pkl took 0.048 seconds
[2024-08-17T10:21:12.362+0000] {processor.py:161} INFO - Started process (PID=47210) to work on /opt/airflow/dags/data/models/Sudan/deaths_TS_model.pkl
[2024-08-17T10:21:12.363+0000] {processor.py:830} INFO - Processing file /opt/airflow/dags/data/models/Sudan/deaths_TS_model.pkl for tasks to queue
[2024-08-17T10:21:12.363+0000] {logging_mixin.py:188} INFO - [2024-08-17T10:21:12.363+0000] {dagbag.py:545} INFO - Filling up the DagBag from /opt/airflow/dags/data/models/Sudan/deaths_TS_model.pkl
[2024-08-17T10:21:12.372+0000] {processor.py:842} WARNING - No viable dags retrieved from /opt/airflow/dags/data/models/Sudan/deaths_TS_model.pkl
[2024-08-17T10:21:12.381+0000] {processor.py:183} INFO - Processing /opt/airflow/dags/data/models/Sudan/deaths_TS_model.pkl took 0.023 seconds
[2024-08-17T12:03:08.192+0000] {processor.py:161} INFO - Started process (PID=14832) to work on /opt/airflow/dags/data/models/Sudan/deaths_TS_model.pkl
[2024-08-17T12:03:08.193+0000] {processor.py:830} INFO - Processing file /opt/airflow/dags/data/models/Sudan/deaths_TS_model.pkl for tasks to queue
[2024-08-17T12:03:08.195+0000] {logging_mixin.py:188} INFO - [2024-08-17T12:03:08.194+0000] {dagbag.py:545} INFO - Filling up the DagBag from /opt/airflow/dags/data/models/Sudan/deaths_TS_model.pkl
[2024-08-17T12:03:08.218+0000] {processor.py:842} WARNING - No viable dags retrieved from /opt/airflow/dags/data/models/Sudan/deaths_TS_model.pkl
[2024-08-17T12:03:08.239+0000] {processor.py:183} INFO - Processing /opt/airflow/dags/data/models/Sudan/deaths_TS_model.pkl took 0.055 seconds
[2024-08-17T12:03:50.628+0000] {processor.py:161} INFO - Started process (PID=15505) to work on /opt/airflow/dags/data/models/Sudan/deaths_TS_model.pkl
[2024-08-17T12:03:50.629+0000] {processor.py:830} INFO - Processing file /opt/airflow/dags/data/models/Sudan/deaths_TS_model.pkl for tasks to queue
[2024-08-17T12:03:50.631+0000] {logging_mixin.py:188} INFO - [2024-08-17T12:03:50.630+0000] {dagbag.py:545} INFO - Filling up the DagBag from /opt/airflow/dags/data/models/Sudan/deaths_TS_model.pkl
[2024-08-17T12:03:50.658+0000] {processor.py:842} WARNING - No viable dags retrieved from /opt/airflow/dags/data/models/Sudan/deaths_TS_model.pkl
[2024-08-17T12:03:50.677+0000] {processor.py:183} INFO - Processing /opt/airflow/dags/data/models/Sudan/deaths_TS_model.pkl took 0.056 seconds
[2024-08-17T12:04:33.998+0000] {processor.py:161} INFO - Started process (PID=16121) to work on /opt/airflow/dags/data/models/Sudan/deaths_TS_model.pkl
[2024-08-17T12:04:34.000+0000] {processor.py:830} INFO - Processing file /opt/airflow/dags/data/models/Sudan/deaths_TS_model.pkl for tasks to queue
[2024-08-17T12:04:34.001+0000] {logging_mixin.py:188} INFO - [2024-08-17T12:04:34.001+0000] {dagbag.py:545} INFO - Filling up the DagBag from /opt/airflow/dags/data/models/Sudan/deaths_TS_model.pkl
[2024-08-17T12:04:34.022+0000] {processor.py:842} WARNING - No viable dags retrieved from /opt/airflow/dags/data/models/Sudan/deaths_TS_model.pkl
[2024-08-17T12:04:34.041+0000] {processor.py:183} INFO - Processing /opt/airflow/dags/data/models/Sudan/deaths_TS_model.pkl took 0.049 seconds
[2024-08-17T12:05:13.565+0000] {processor.py:161} INFO - Started process (PID=16717) to work on /opt/airflow/dags/data/models/Sudan/deaths_TS_model.pkl
[2024-08-17T12:05:13.566+0000] {processor.py:830} INFO - Processing file /opt/airflow/dags/data/models/Sudan/deaths_TS_model.pkl for tasks to queue
[2024-08-17T12:05:13.567+0000] {logging_mixin.py:188} INFO - [2024-08-17T12:05:13.567+0000] {dagbag.py:545} INFO - Filling up the DagBag from /opt/airflow/dags/data/models/Sudan/deaths_TS_model.pkl
[2024-08-17T12:05:13.586+0000] {processor.py:842} WARNING - No viable dags retrieved from /opt/airflow/dags/data/models/Sudan/deaths_TS_model.pkl
[2024-08-17T12:05:13.603+0000] {processor.py:183} INFO - Processing /opt/airflow/dags/data/models/Sudan/deaths_TS_model.pkl took 0.046 seconds
[2024-08-17T12:05:57.071+0000] {processor.py:161} INFO - Started process (PID=17364) to work on /opt/airflow/dags/data/models/Sudan/deaths_TS_model.pkl
[2024-08-17T12:05:57.073+0000] {processor.py:830} INFO - Processing file /opt/airflow/dags/data/models/Sudan/deaths_TS_model.pkl for tasks to queue
[2024-08-17T12:05:57.074+0000] {logging_mixin.py:188} INFO - [2024-08-17T12:05:57.073+0000] {dagbag.py:545} INFO - Filling up the DagBag from /opt/airflow/dags/data/models/Sudan/deaths_TS_model.pkl
[2024-08-17T12:05:57.098+0000] {processor.py:842} WARNING - No viable dags retrieved from /opt/airflow/dags/data/models/Sudan/deaths_TS_model.pkl
[2024-08-17T12:05:57.116+0000] {processor.py:183} INFO - Processing /opt/airflow/dags/data/models/Sudan/deaths_TS_model.pkl took 0.052 seconds
[2024-08-17T12:06:33.044+0000] {processor.py:161} INFO - Started process (PID=17940) to work on /opt/airflow/dags/data/models/Sudan/deaths_TS_model.pkl
[2024-08-17T12:06:33.045+0000] {processor.py:830} INFO - Processing file /opt/airflow/dags/data/models/Sudan/deaths_TS_model.pkl for tasks to queue
[2024-08-17T12:06:33.046+0000] {logging_mixin.py:188} INFO - [2024-08-17T12:06:33.046+0000] {dagbag.py:545} INFO - Filling up the DagBag from /opt/airflow/dags/data/models/Sudan/deaths_TS_model.pkl
[2024-08-17T12:06:33.062+0000] {processor.py:842} WARNING - No viable dags retrieved from /opt/airflow/dags/data/models/Sudan/deaths_TS_model.pkl
[2024-08-17T12:06:33.078+0000] {processor.py:183} INFO - Processing /opt/airflow/dags/data/models/Sudan/deaths_TS_model.pkl took 0.040 seconds
[2024-08-17T12:07:17.867+0000] {processor.py:161} INFO - Started process (PID=18613) to work on /opt/airflow/dags/data/models/Sudan/deaths_TS_model.pkl
[2024-08-17T12:07:17.868+0000] {processor.py:830} INFO - Processing file /opt/airflow/dags/data/models/Sudan/deaths_TS_model.pkl for tasks to queue
[2024-08-17T12:07:17.870+0000] {logging_mixin.py:188} INFO - [2024-08-17T12:07:17.869+0000] {dagbag.py:545} INFO - Filling up the DagBag from /opt/airflow/dags/data/models/Sudan/deaths_TS_model.pkl
[2024-08-17T12:07:17.895+0000] {processor.py:842} WARNING - No viable dags retrieved from /opt/airflow/dags/data/models/Sudan/deaths_TS_model.pkl
[2024-08-17T12:07:17.916+0000] {processor.py:183} INFO - Processing /opt/airflow/dags/data/models/Sudan/deaths_TS_model.pkl took 0.057 seconds
[2024-08-17T12:08:30.348+0000] {processor.py:161} INFO - Started process (PID=19363) to work on /opt/airflow/dags/data/models/Sudan/deaths_TS_model.pkl
[2024-08-17T12:08:30.351+0000] {processor.py:830} INFO - Processing file /opt/airflow/dags/data/models/Sudan/deaths_TS_model.pkl for tasks to queue
[2024-08-17T12:08:30.352+0000] {logging_mixin.py:188} INFO - [2024-08-17T12:08:30.351+0000] {dagbag.py:545} INFO - Filling up the DagBag from /opt/airflow/dags/data/models/Sudan/deaths_TS_model.pkl
[2024-08-17T12:08:30.382+0000] {processor.py:842} WARNING - No viable dags retrieved from /opt/airflow/dags/data/models/Sudan/deaths_TS_model.pkl
[2024-08-17T12:08:30.401+0000] {processor.py:183} INFO - Processing /opt/airflow/dags/data/models/Sudan/deaths_TS_model.pkl took 0.063 seconds
[2024-08-17T12:08:58.053+0000] {processor.py:161} INFO - Started process (PID=19766) to work on /opt/airflow/dags/data/models/Sudan/deaths_TS_model.pkl
[2024-08-17T12:08:58.055+0000] {processor.py:830} INFO - Processing file /opt/airflow/dags/data/models/Sudan/deaths_TS_model.pkl for tasks to queue
[2024-08-17T12:08:58.056+0000] {logging_mixin.py:188} INFO - [2024-08-17T12:08:58.055+0000] {dagbag.py:545} INFO - Filling up the DagBag from /opt/airflow/dags/data/models/Sudan/deaths_TS_model.pkl
[2024-08-17T12:08:58.078+0000] {processor.py:842} WARNING - No viable dags retrieved from /opt/airflow/dags/data/models/Sudan/deaths_TS_model.pkl
[2024-08-17T12:08:58.103+0000] {processor.py:183} INFO - Processing /opt/airflow/dags/data/models/Sudan/deaths_TS_model.pkl took 0.058 seconds
[2024-08-17T12:09:30.599+0000] {processor.py:161} INFO - Started process (PID=20245) to work on /opt/airflow/dags/data/models/Sudan/deaths_TS_model.pkl
[2024-08-17T12:09:30.600+0000] {processor.py:830} INFO - Processing file /opt/airflow/dags/data/models/Sudan/deaths_TS_model.pkl for tasks to queue
[2024-08-17T12:09:30.601+0000] {logging_mixin.py:188} INFO - [2024-08-17T12:09:30.601+0000] {dagbag.py:545} INFO - Filling up the DagBag from /opt/airflow/dags/data/models/Sudan/deaths_TS_model.pkl
[2024-08-17T12:09:30.620+0000] {processor.py:842} WARNING - No viable dags retrieved from /opt/airflow/dags/data/models/Sudan/deaths_TS_model.pkl
[2024-08-17T12:09:30.640+0000] {processor.py:183} INFO - Processing /opt/airflow/dags/data/models/Sudan/deaths_TS_model.pkl took 0.050 seconds
[2024-08-17T12:10:17.891+0000] {processor.py:161} INFO - Started process (PID=20891) to work on /opt/airflow/dags/data/models/Sudan/deaths_TS_model.pkl
[2024-08-17T12:10:17.893+0000] {processor.py:830} INFO - Processing file /opt/airflow/dags/data/models/Sudan/deaths_TS_model.pkl for tasks to queue
[2024-08-17T12:10:17.894+0000] {logging_mixin.py:188} INFO - [2024-08-17T12:10:17.893+0000] {dagbag.py:545} INFO - Filling up the DagBag from /opt/airflow/dags/data/models/Sudan/deaths_TS_model.pkl
[2024-08-17T12:10:17.931+0000] {processor.py:842} WARNING - No viable dags retrieved from /opt/airflow/dags/data/models/Sudan/deaths_TS_model.pkl
[2024-08-17T12:10:17.951+0000] {processor.py:183} INFO - Processing /opt/airflow/dags/data/models/Sudan/deaths_TS_model.pkl took 0.068 seconds
[2024-08-17T12:10:32.894+0000] {processor.py:161} INFO - Started process (PID=21165) to work on /opt/airflow/dags/data/models/Sudan/deaths_TS_model.pkl
[2024-08-17T12:10:32.895+0000] {processor.py:830} INFO - Processing file /opt/airflow/dags/data/models/Sudan/deaths_TS_model.pkl for tasks to queue
[2024-08-17T12:10:32.896+0000] {logging_mixin.py:188} INFO - [2024-08-17T12:10:32.896+0000] {dagbag.py:545} INFO - Filling up the DagBag from /opt/airflow/dags/data/models/Sudan/deaths_TS_model.pkl
[2024-08-17T12:10:32.917+0000] {processor.py:842} WARNING - No viable dags retrieved from /opt/airflow/dags/data/models/Sudan/deaths_TS_model.pkl
[2024-08-17T12:10:32.941+0000] {processor.py:183} INFO - Processing /opt/airflow/dags/data/models/Sudan/deaths_TS_model.pkl took 0.055 seconds
[2024-08-17T12:11:11.468+0000] {processor.py:161} INFO - Started process (PID=21695) to work on /opt/airflow/dags/data/models/Sudan/deaths_TS_model.pkl
[2024-08-17T12:11:11.469+0000] {processor.py:830} INFO - Processing file /opt/airflow/dags/data/models/Sudan/deaths_TS_model.pkl for tasks to queue
[2024-08-17T12:11:11.470+0000] {logging_mixin.py:188} INFO - [2024-08-17T12:11:11.470+0000] {dagbag.py:545} INFO - Filling up the DagBag from /opt/airflow/dags/data/models/Sudan/deaths_TS_model.pkl
[2024-08-17T12:11:11.496+0000] {processor.py:842} WARNING - No viable dags retrieved from /opt/airflow/dags/data/models/Sudan/deaths_TS_model.pkl
[2024-08-17T12:11:11.518+0000] {processor.py:183} INFO - Processing /opt/airflow/dags/data/models/Sudan/deaths_TS_model.pkl took 0.057 seconds
[2024-08-17T12:11:46.623+0000] {processor.py:161} INFO - Started process (PID=22256) to work on /opt/airflow/dags/data/models/Sudan/deaths_TS_model.pkl
[2024-08-17T12:11:46.624+0000] {processor.py:830} INFO - Processing file /opt/airflow/dags/data/models/Sudan/deaths_TS_model.pkl for tasks to queue
[2024-08-17T12:11:46.626+0000] {logging_mixin.py:188} INFO - [2024-08-17T12:11:46.625+0000] {dagbag.py:545} INFO - Filling up the DagBag from /opt/airflow/dags/data/models/Sudan/deaths_TS_model.pkl
[2024-08-17T12:11:46.647+0000] {processor.py:842} WARNING - No viable dags retrieved from /opt/airflow/dags/data/models/Sudan/deaths_TS_model.pkl
[2024-08-17T12:11:46.666+0000] {processor.py:183} INFO - Processing /opt/airflow/dags/data/models/Sudan/deaths_TS_model.pkl took 0.049 seconds
[2024-08-17T12:12:22.284+0000] {processor.py:161} INFO - Started process (PID=22740) to work on /opt/airflow/dags/data/models/Sudan/deaths_TS_model.pkl
[2024-08-17T12:12:22.286+0000] {processor.py:830} INFO - Processing file /opt/airflow/dags/data/models/Sudan/deaths_TS_model.pkl for tasks to queue
[2024-08-17T12:12:22.287+0000] {logging_mixin.py:188} INFO - [2024-08-17T12:12:22.287+0000] {dagbag.py:545} INFO - Filling up the DagBag from /opt/airflow/dags/data/models/Sudan/deaths_TS_model.pkl
[2024-08-17T12:12:22.313+0000] {processor.py:842} WARNING - No viable dags retrieved from /opt/airflow/dags/data/models/Sudan/deaths_TS_model.pkl
[2024-08-17T12:12:22.332+0000] {processor.py:183} INFO - Processing /opt/airflow/dags/data/models/Sudan/deaths_TS_model.pkl took 0.056 seconds
[2024-08-17T12:13:22.587+0000] {processor.py:161} INFO - Started process (PID=23333) to work on /opt/airflow/dags/data/models/Sudan/deaths_TS_model.pkl
[2024-08-17T12:13:22.589+0000] {processor.py:830} INFO - Processing file /opt/airflow/dags/data/models/Sudan/deaths_TS_model.pkl for tasks to queue
[2024-08-17T12:13:22.591+0000] {logging_mixin.py:188} INFO - [2024-08-17T12:13:22.591+0000] {dagbag.py:545} INFO - Filling up the DagBag from /opt/airflow/dags/data/models/Sudan/deaths_TS_model.pkl
[2024-08-17T12:13:22.611+0000] {processor.py:842} WARNING - No viable dags retrieved from /opt/airflow/dags/data/models/Sudan/deaths_TS_model.pkl
[2024-08-17T12:13:22.637+0000] {processor.py:183} INFO - Processing /opt/airflow/dags/data/models/Sudan/deaths_TS_model.pkl took 0.056 seconds
[2024-08-17T12:13:59.501+0000] {processor.py:161} INFO - Started process (PID=23963) to work on /opt/airflow/dags/data/models/Sudan/deaths_TS_model.pkl
[2024-08-17T12:13:59.502+0000] {processor.py:830} INFO - Processing file /opt/airflow/dags/data/models/Sudan/deaths_TS_model.pkl for tasks to queue
[2024-08-17T12:13:59.504+0000] {logging_mixin.py:188} INFO - [2024-08-17T12:13:59.503+0000] {dagbag.py:545} INFO - Filling up the DagBag from /opt/airflow/dags/data/models/Sudan/deaths_TS_model.pkl
[2024-08-17T12:13:59.519+0000] {processor.py:842} WARNING - No viable dags retrieved from /opt/airflow/dags/data/models/Sudan/deaths_TS_model.pkl
[2024-08-17T12:13:59.538+0000] {processor.py:183} INFO - Processing /opt/airflow/dags/data/models/Sudan/deaths_TS_model.pkl took 0.044 seconds
[2024-08-17T12:14:53.768+0000] {processor.py:161} INFO - Started process (PID=24709) to work on /opt/airflow/dags/data/models/Sudan/deaths_TS_model.pkl
[2024-08-17T12:14:53.770+0000] {processor.py:830} INFO - Processing file /opt/airflow/dags/data/models/Sudan/deaths_TS_model.pkl for tasks to queue
[2024-08-17T12:14:53.771+0000] {logging_mixin.py:188} INFO - [2024-08-17T12:14:53.771+0000] {dagbag.py:545} INFO - Filling up the DagBag from /opt/airflow/dags/data/models/Sudan/deaths_TS_model.pkl
[2024-08-17T12:14:53.790+0000] {processor.py:842} WARNING - No viable dags retrieved from /opt/airflow/dags/data/models/Sudan/deaths_TS_model.pkl
[2024-08-17T12:14:53.810+0000] {processor.py:183} INFO - Processing /opt/airflow/dags/data/models/Sudan/deaths_TS_model.pkl took 0.050 seconds
[2024-08-17T12:15:38.129+0000] {processor.py:161} INFO - Started process (PID=25305) to work on /opt/airflow/dags/data/models/Sudan/deaths_TS_model.pkl
[2024-08-17T12:15:38.130+0000] {processor.py:830} INFO - Processing file /opt/airflow/dags/data/models/Sudan/deaths_TS_model.pkl for tasks to queue
[2024-08-17T12:15:38.133+0000] {logging_mixin.py:188} INFO - [2024-08-17T12:15:38.132+0000] {dagbag.py:545} INFO - Filling up the DagBag from /opt/airflow/dags/data/models/Sudan/deaths_TS_model.pkl
[2024-08-17T12:15:38.155+0000] {processor.py:842} WARNING - No viable dags retrieved from /opt/airflow/dags/data/models/Sudan/deaths_TS_model.pkl
[2024-08-17T12:15:38.177+0000] {processor.py:183} INFO - Processing /opt/airflow/dags/data/models/Sudan/deaths_TS_model.pkl took 0.057 seconds
[2024-08-17T12:16:14.692+0000] {processor.py:161} INFO - Started process (PID=25843) to work on /opt/airflow/dags/data/models/Sudan/deaths_TS_model.pkl
[2024-08-17T12:16:14.693+0000] {processor.py:830} INFO - Processing file /opt/airflow/dags/data/models/Sudan/deaths_TS_model.pkl for tasks to queue
[2024-08-17T12:16:14.695+0000] {logging_mixin.py:188} INFO - [2024-08-17T12:16:14.694+0000] {dagbag.py:545} INFO - Filling up the DagBag from /opt/airflow/dags/data/models/Sudan/deaths_TS_model.pkl
[2024-08-17T12:16:14.719+0000] {processor.py:842} WARNING - No viable dags retrieved from /opt/airflow/dags/data/models/Sudan/deaths_TS_model.pkl
[2024-08-17T12:16:14.747+0000] {processor.py:183} INFO - Processing /opt/airflow/dags/data/models/Sudan/deaths_TS_model.pkl took 0.063 seconds
[2024-08-17T12:16:54.606+0000] {processor.py:161} INFO - Started process (PID=26397) to work on /opt/airflow/dags/data/models/Sudan/deaths_TS_model.pkl
[2024-08-17T12:16:54.610+0000] {processor.py:830} INFO - Processing file /opt/airflow/dags/data/models/Sudan/deaths_TS_model.pkl for tasks to queue
[2024-08-17T12:16:54.613+0000] {logging_mixin.py:188} INFO - [2024-08-17T12:16:54.612+0000] {dagbag.py:545} INFO - Filling up the DagBag from /opt/airflow/dags/data/models/Sudan/deaths_TS_model.pkl
[2024-08-17T12:16:54.649+0000] {processor.py:842} WARNING - No viable dags retrieved from /opt/airflow/dags/data/models/Sudan/deaths_TS_model.pkl
[2024-08-17T12:16:54.683+0000] {processor.py:183} INFO - Processing /opt/airflow/dags/data/models/Sudan/deaths_TS_model.pkl took 0.087 seconds
[2024-08-17T12:17:11.575+0000] {processor.py:161} INFO - Started process (PID=26652) to work on /opt/airflow/dags/data/models/Sudan/deaths_TS_model.pkl
[2024-08-17T12:17:11.576+0000] {processor.py:830} INFO - Processing file /opt/airflow/dags/data/models/Sudan/deaths_TS_model.pkl for tasks to queue
[2024-08-17T12:17:11.578+0000] {logging_mixin.py:188} INFO - [2024-08-17T12:17:11.577+0000] {dagbag.py:545} INFO - Filling up the DagBag from /opt/airflow/dags/data/models/Sudan/deaths_TS_model.pkl
[2024-08-17T12:17:11.601+0000] {processor.py:842} WARNING - No viable dags retrieved from /opt/airflow/dags/data/models/Sudan/deaths_TS_model.pkl
[2024-08-17T12:17:11.624+0000] {processor.py:183} INFO - Processing /opt/airflow/dags/data/models/Sudan/deaths_TS_model.pkl took 0.057 seconds
[2024-08-17T12:18:17.191+0000] {processor.py:161} INFO - Started process (PID=27265) to work on /opt/airflow/dags/data/models/Sudan/deaths_TS_model.pkl
[2024-08-17T12:18:17.192+0000] {processor.py:830} INFO - Processing file /opt/airflow/dags/data/models/Sudan/deaths_TS_model.pkl for tasks to queue
[2024-08-17T12:18:17.194+0000] {logging_mixin.py:188} INFO - [2024-08-17T12:18:17.193+0000] {dagbag.py:545} INFO - Filling up the DagBag from /opt/airflow/dags/data/models/Sudan/deaths_TS_model.pkl
[2024-08-17T12:18:17.217+0000] {processor.py:842} WARNING - No viable dags retrieved from /opt/airflow/dags/data/models/Sudan/deaths_TS_model.pkl
[2024-08-17T12:18:17.240+0000] {processor.py:183} INFO - Processing /opt/airflow/dags/data/models/Sudan/deaths_TS_model.pkl took 0.058 seconds
[2024-08-17T12:19:14.442+0000] {processor.py:161} INFO - Started process (PID=28052) to work on /opt/airflow/dags/data/models/Sudan/deaths_TS_model.pkl
[2024-08-17T12:19:14.443+0000] {processor.py:830} INFO - Processing file /opt/airflow/dags/data/models/Sudan/deaths_TS_model.pkl for tasks to queue
[2024-08-17T12:19:14.445+0000] {logging_mixin.py:188} INFO - [2024-08-17T12:19:14.444+0000] {dagbag.py:545} INFO - Filling up the DagBag from /opt/airflow/dags/data/models/Sudan/deaths_TS_model.pkl
[2024-08-17T12:19:14.465+0000] {processor.py:842} WARNING - No viable dags retrieved from /opt/airflow/dags/data/models/Sudan/deaths_TS_model.pkl
[2024-08-17T12:19:14.481+0000] {processor.py:183} INFO - Processing /opt/airflow/dags/data/models/Sudan/deaths_TS_model.pkl took 0.047 seconds
[2024-08-17T12:19:57.480+0000] {processor.py:161} INFO - Started process (PID=28643) to work on /opt/airflow/dags/data/models/Sudan/deaths_TS_model.pkl
[2024-08-17T12:19:57.481+0000] {processor.py:830} INFO - Processing file /opt/airflow/dags/data/models/Sudan/deaths_TS_model.pkl for tasks to queue
[2024-08-17T12:19:57.482+0000] {logging_mixin.py:188} INFO - [2024-08-17T12:19:57.482+0000] {dagbag.py:545} INFO - Filling up the DagBag from /opt/airflow/dags/data/models/Sudan/deaths_TS_model.pkl
[2024-08-17T12:19:57.500+0000] {processor.py:842} WARNING - No viable dags retrieved from /opt/airflow/dags/data/models/Sudan/deaths_TS_model.pkl
[2024-08-17T12:19:57.520+0000] {processor.py:183} INFO - Processing /opt/airflow/dags/data/models/Sudan/deaths_TS_model.pkl took 0.047 seconds
[2024-08-17T12:20:53.542+0000] {processor.py:161} INFO - Started process (PID=29311) to work on /opt/airflow/dags/data/models/Sudan/deaths_TS_model.pkl
[2024-08-17T12:20:53.544+0000] {processor.py:830} INFO - Processing file /opt/airflow/dags/data/models/Sudan/deaths_TS_model.pkl for tasks to queue
[2024-08-17T12:20:53.545+0000] {logging_mixin.py:188} INFO - [2024-08-17T12:20:53.544+0000] {dagbag.py:545} INFO - Filling up the DagBag from /opt/airflow/dags/data/models/Sudan/deaths_TS_model.pkl
[2024-08-17T12:20:53.566+0000] {processor.py:842} WARNING - No viable dags retrieved from /opt/airflow/dags/data/models/Sudan/deaths_TS_model.pkl
[2024-08-17T12:20:53.583+0000] {processor.py:183} INFO - Processing /opt/airflow/dags/data/models/Sudan/deaths_TS_model.pkl took 0.049 seconds
[2024-08-17T12:21:38.004+0000] {processor.py:161} INFO - Started process (PID=29999) to work on /opt/airflow/dags/data/models/Sudan/deaths_TS_model.pkl
[2024-08-17T12:21:38.005+0000] {processor.py:830} INFO - Processing file /opt/airflow/dags/data/models/Sudan/deaths_TS_model.pkl for tasks to queue
[2024-08-17T12:21:38.007+0000] {logging_mixin.py:188} INFO - [2024-08-17T12:21:38.006+0000] {dagbag.py:545} INFO - Filling up the DagBag from /opt/airflow/dags/data/models/Sudan/deaths_TS_model.pkl
[2024-08-17T12:21:38.031+0000] {processor.py:842} WARNING - No viable dags retrieved from /opt/airflow/dags/data/models/Sudan/deaths_TS_model.pkl
[2024-08-17T12:21:38.050+0000] {processor.py:183} INFO - Processing /opt/airflow/dags/data/models/Sudan/deaths_TS_model.pkl took 0.052 seconds
[2024-08-17T12:22:15.217+0000] {processor.py:161} INFO - Started process (PID=30572) to work on /opt/airflow/dags/data/models/Sudan/deaths_TS_model.pkl
[2024-08-17T12:22:15.218+0000] {processor.py:830} INFO - Processing file /opt/airflow/dags/data/models/Sudan/deaths_TS_model.pkl for tasks to queue
[2024-08-17T12:22:15.220+0000] {logging_mixin.py:188} INFO - [2024-08-17T12:22:15.219+0000] {dagbag.py:545} INFO - Filling up the DagBag from /opt/airflow/dags/data/models/Sudan/deaths_TS_model.pkl
[2024-08-17T12:22:15.242+0000] {processor.py:842} WARNING - No viable dags retrieved from /opt/airflow/dags/data/models/Sudan/deaths_TS_model.pkl
[2024-08-17T12:22:15.261+0000] {processor.py:183} INFO - Processing /opt/airflow/dags/data/models/Sudan/deaths_TS_model.pkl took 0.050 seconds
[2024-08-17T12:23:21.542+0000] {processor.py:161} INFO - Started process (PID=31238) to work on /opt/airflow/dags/data/models/Sudan/deaths_TS_model.pkl
[2024-08-17T12:23:21.543+0000] {processor.py:830} INFO - Processing file /opt/airflow/dags/data/models/Sudan/deaths_TS_model.pkl for tasks to queue
[2024-08-17T12:23:21.544+0000] {logging_mixin.py:188} INFO - [2024-08-17T12:23:21.544+0000] {dagbag.py:545} INFO - Filling up the DagBag from /opt/airflow/dags/data/models/Sudan/deaths_TS_model.pkl
[2024-08-17T12:23:21.563+0000] {processor.py:842} WARNING - No viable dags retrieved from /opt/airflow/dags/data/models/Sudan/deaths_TS_model.pkl
[2024-08-17T12:23:21.581+0000] {processor.py:183} INFO - Processing /opt/airflow/dags/data/models/Sudan/deaths_TS_model.pkl took 0.045 seconds
[2024-08-17T12:24:03.408+0000] {processor.py:161} INFO - Started process (PID=31916) to work on /opt/airflow/dags/data/models/Sudan/deaths_TS_model.pkl
[2024-08-17T12:24:03.409+0000] {processor.py:830} INFO - Processing file /opt/airflow/dags/data/models/Sudan/deaths_TS_model.pkl for tasks to queue
[2024-08-17T12:24:03.410+0000] {logging_mixin.py:188} INFO - [2024-08-17T12:24:03.410+0000] {dagbag.py:545} INFO - Filling up the DagBag from /opt/airflow/dags/data/models/Sudan/deaths_TS_model.pkl
[2024-08-17T12:24:03.426+0000] {processor.py:842} WARNING - No viable dags retrieved from /opt/airflow/dags/data/models/Sudan/deaths_TS_model.pkl
[2024-08-17T12:24:03.444+0000] {processor.py:183} INFO - Processing /opt/airflow/dags/data/models/Sudan/deaths_TS_model.pkl took 0.042 seconds
[2024-08-17T12:24:49.202+0000] {processor.py:161} INFO - Started process (PID=32659) to work on /opt/airflow/dags/data/models/Sudan/deaths_TS_model.pkl
[2024-08-17T12:24:49.203+0000] {processor.py:830} INFO - Processing file /opt/airflow/dags/data/models/Sudan/deaths_TS_model.pkl for tasks to queue
[2024-08-17T12:24:49.204+0000] {logging_mixin.py:188} INFO - [2024-08-17T12:24:49.204+0000] {dagbag.py:545} INFO - Filling up the DagBag from /opt/airflow/dags/data/models/Sudan/deaths_TS_model.pkl
[2024-08-17T12:24:49.222+0000] {processor.py:842} WARNING - No viable dags retrieved from /opt/airflow/dags/data/models/Sudan/deaths_TS_model.pkl
[2024-08-17T12:24:49.237+0000] {processor.py:183} INFO - Processing /opt/airflow/dags/data/models/Sudan/deaths_TS_model.pkl took 0.039 seconds
[2024-08-17T12:25:26.910+0000] {processor.py:161} INFO - Started process (PID=33303) to work on /opt/airflow/dags/data/models/Sudan/deaths_TS_model.pkl
[2024-08-17T12:25:26.911+0000] {processor.py:830} INFO - Processing file /opt/airflow/dags/data/models/Sudan/deaths_TS_model.pkl for tasks to queue
[2024-08-17T12:25:26.912+0000] {logging_mixin.py:188} INFO - [2024-08-17T12:25:26.912+0000] {dagbag.py:545} INFO - Filling up the DagBag from /opt/airflow/dags/data/models/Sudan/deaths_TS_model.pkl
[2024-08-17T12:25:26.932+0000] {processor.py:842} WARNING - No viable dags retrieved from /opt/airflow/dags/data/models/Sudan/deaths_TS_model.pkl
[2024-08-17T12:25:26.947+0000] {processor.py:183} INFO - Processing /opt/airflow/dags/data/models/Sudan/deaths_TS_model.pkl took 0.044 seconds
[2024-08-17T12:26:08.621+0000] {processor.py:161} INFO - Started process (PID=34088) to work on /opt/airflow/dags/data/models/Sudan/deaths_TS_model.pkl
[2024-08-17T12:26:08.622+0000] {processor.py:830} INFO - Processing file /opt/airflow/dags/data/models/Sudan/deaths_TS_model.pkl for tasks to queue
[2024-08-17T12:26:08.623+0000] {logging_mixin.py:188} INFO - [2024-08-17T12:26:08.623+0000] {dagbag.py:545} INFO - Filling up the DagBag from /opt/airflow/dags/data/models/Sudan/deaths_TS_model.pkl
[2024-08-17T12:26:08.637+0000] {processor.py:842} WARNING - No viable dags retrieved from /opt/airflow/dags/data/models/Sudan/deaths_TS_model.pkl
[2024-08-17T12:26:08.652+0000] {processor.py:183} INFO - Processing /opt/airflow/dags/data/models/Sudan/deaths_TS_model.pkl took 0.038 seconds
[2024-08-17T12:26:44.417+0000] {processor.py:161} INFO - Started process (PID=34737) to work on /opt/airflow/dags/data/models/Sudan/deaths_TS_model.pkl
[2024-08-17T12:26:44.418+0000] {processor.py:830} INFO - Processing file /opt/airflow/dags/data/models/Sudan/deaths_TS_model.pkl for tasks to queue
[2024-08-17T12:26:44.419+0000] {logging_mixin.py:188} INFO - [2024-08-17T12:26:44.419+0000] {dagbag.py:545} INFO - Filling up the DagBag from /opt/airflow/dags/data/models/Sudan/deaths_TS_model.pkl
[2024-08-17T12:26:44.434+0000] {processor.py:842} WARNING - No viable dags retrieved from /opt/airflow/dags/data/models/Sudan/deaths_TS_model.pkl
[2024-08-17T12:26:44.448+0000] {processor.py:183} INFO - Processing /opt/airflow/dags/data/models/Sudan/deaths_TS_model.pkl took 0.037 seconds
[2024-08-17T12:27:21.205+0000] {processor.py:161} INFO - Started process (PID=35458) to work on /opt/airflow/dags/data/models/Sudan/deaths_TS_model.pkl
[2024-08-17T12:27:21.205+0000] {processor.py:830} INFO - Processing file /opt/airflow/dags/data/models/Sudan/deaths_TS_model.pkl for tasks to queue
[2024-08-17T12:27:21.206+0000] {logging_mixin.py:188} INFO - [2024-08-17T12:27:21.206+0000] {dagbag.py:545} INFO - Filling up the DagBag from /opt/airflow/dags/data/models/Sudan/deaths_TS_model.pkl
[2024-08-17T12:27:21.223+0000] {processor.py:842} WARNING - No viable dags retrieved from /opt/airflow/dags/data/models/Sudan/deaths_TS_model.pkl
[2024-08-17T12:27:21.235+0000] {processor.py:183} INFO - Processing /opt/airflow/dags/data/models/Sudan/deaths_TS_model.pkl took 0.036 seconds
[2024-08-17T12:28:17.091+0000] {processor.py:161} INFO - Started process (PID=36262) to work on /opt/airflow/dags/data/models/Sudan/deaths_TS_model.pkl
[2024-08-17T12:28:17.092+0000] {processor.py:830} INFO - Processing file /opt/airflow/dags/data/models/Sudan/deaths_TS_model.pkl for tasks to queue
[2024-08-17T12:28:17.093+0000] {logging_mixin.py:188} INFO - [2024-08-17T12:28:17.093+0000] {dagbag.py:545} INFO - Filling up the DagBag from /opt/airflow/dags/data/models/Sudan/deaths_TS_model.pkl
[2024-08-17T12:28:17.113+0000] {processor.py:842} WARNING - No viable dags retrieved from /opt/airflow/dags/data/models/Sudan/deaths_TS_model.pkl
[2024-08-17T12:28:17.125+0000] {processor.py:183} INFO - Processing /opt/airflow/dags/data/models/Sudan/deaths_TS_model.pkl took 0.038 seconds
[2024-08-17T12:28:51.891+0000] {processor.py:161} INFO - Started process (PID=37009) to work on /opt/airflow/dags/data/models/Sudan/deaths_TS_model.pkl
[2024-08-17T12:28:51.892+0000] {processor.py:830} INFO - Processing file /opt/airflow/dags/data/models/Sudan/deaths_TS_model.pkl for tasks to queue
[2024-08-17T12:28:51.893+0000] {logging_mixin.py:188} INFO - [2024-08-17T12:28:51.893+0000] {dagbag.py:545} INFO - Filling up the DagBag from /opt/airflow/dags/data/models/Sudan/deaths_TS_model.pkl
[2024-08-17T12:28:51.908+0000] {processor.py:842} WARNING - No viable dags retrieved from /opt/airflow/dags/data/models/Sudan/deaths_TS_model.pkl
[2024-08-17T12:28:51.920+0000] {processor.py:183} INFO - Processing /opt/airflow/dags/data/models/Sudan/deaths_TS_model.pkl took 0.033 seconds
[2024-08-17T12:29:26.002+0000] {processor.py:161} INFO - Started process (PID=37756) to work on /opt/airflow/dags/data/models/Sudan/deaths_TS_model.pkl
[2024-08-17T12:29:26.002+0000] {processor.py:830} INFO - Processing file /opt/airflow/dags/data/models/Sudan/deaths_TS_model.pkl for tasks to queue
[2024-08-17T12:29:26.003+0000] {logging_mixin.py:188} INFO - [2024-08-17T12:29:26.003+0000] {dagbag.py:545} INFO - Filling up the DagBag from /opt/airflow/dags/data/models/Sudan/deaths_TS_model.pkl
[2024-08-17T12:29:26.013+0000] {processor.py:842} WARNING - No viable dags retrieved from /opt/airflow/dags/data/models/Sudan/deaths_TS_model.pkl
[2024-08-17T12:29:26.023+0000] {processor.py:183} INFO - Processing /opt/airflow/dags/data/models/Sudan/deaths_TS_model.pkl took 0.026 seconds
[2024-08-17T12:29:59.208+0000] {processor.py:161} INFO - Started process (PID=38478) to work on /opt/airflow/dags/data/models/Sudan/deaths_TS_model.pkl
[2024-08-17T12:29:59.209+0000] {processor.py:830} INFO - Processing file /opt/airflow/dags/data/models/Sudan/deaths_TS_model.pkl for tasks to queue
[2024-08-17T12:29:59.209+0000] {logging_mixin.py:188} INFO - [2024-08-17T12:29:59.209+0000] {dagbag.py:545} INFO - Filling up the DagBag from /opt/airflow/dags/data/models/Sudan/deaths_TS_model.pkl
[2024-08-17T12:29:59.217+0000] {processor.py:842} WARNING - No viable dags retrieved from /opt/airflow/dags/data/models/Sudan/deaths_TS_model.pkl
[2024-08-17T12:29:59.227+0000] {processor.py:183} INFO - Processing /opt/airflow/dags/data/models/Sudan/deaths_TS_model.pkl took 0.023 seconds
[2024-08-17T12:30:32.311+0000] {processor.py:161} INFO - Started process (PID=39223) to work on /opt/airflow/dags/data/models/Sudan/deaths_TS_model.pkl
[2024-08-17T12:30:32.312+0000] {processor.py:830} INFO - Processing file /opt/airflow/dags/data/models/Sudan/deaths_TS_model.pkl for tasks to queue
[2024-08-17T12:30:32.312+0000] {logging_mixin.py:188} INFO - [2024-08-17T12:30:32.312+0000] {dagbag.py:545} INFO - Filling up the DagBag from /opt/airflow/dags/data/models/Sudan/deaths_TS_model.pkl
[2024-08-17T12:30:32.321+0000] {processor.py:842} WARNING - No viable dags retrieved from /opt/airflow/dags/data/models/Sudan/deaths_TS_model.pkl
[2024-08-17T12:30:32.333+0000] {processor.py:183} INFO - Processing /opt/airflow/dags/data/models/Sudan/deaths_TS_model.pkl took 0.027 seconds
[2024-08-17T12:31:03.632+0000] {processor.py:161} INFO - Started process (PID=39942) to work on /opt/airflow/dags/data/models/Sudan/deaths_TS_model.pkl
[2024-08-17T12:31:03.633+0000] {processor.py:830} INFO - Processing file /opt/airflow/dags/data/models/Sudan/deaths_TS_model.pkl for tasks to queue
[2024-08-17T12:31:03.634+0000] {logging_mixin.py:188} INFO - [2024-08-17T12:31:03.633+0000] {dagbag.py:545} INFO - Filling up the DagBag from /opt/airflow/dags/data/models/Sudan/deaths_TS_model.pkl
[2024-08-17T12:31:03.642+0000] {processor.py:842} WARNING - No viable dags retrieved from /opt/airflow/dags/data/models/Sudan/deaths_TS_model.pkl
[2024-08-17T12:31:03.652+0000] {processor.py:183} INFO - Processing /opt/airflow/dags/data/models/Sudan/deaths_TS_model.pkl took 0.024 seconds
[2024-08-17T12:31:36.872+0000] {processor.py:161} INFO - Started process (PID=40686) to work on /opt/airflow/dags/data/models/Sudan/deaths_TS_model.pkl
[2024-08-17T12:31:36.873+0000] {processor.py:830} INFO - Processing file /opt/airflow/dags/data/models/Sudan/deaths_TS_model.pkl for tasks to queue
[2024-08-17T12:31:36.873+0000] {logging_mixin.py:188} INFO - [2024-08-17T12:31:36.873+0000] {dagbag.py:545} INFO - Filling up the DagBag from /opt/airflow/dags/data/models/Sudan/deaths_TS_model.pkl
[2024-08-17T12:31:36.885+0000] {processor.py:842} WARNING - No viable dags retrieved from /opt/airflow/dags/data/models/Sudan/deaths_TS_model.pkl
[2024-08-17T12:31:36.895+0000] {processor.py:183} INFO - Processing /opt/airflow/dags/data/models/Sudan/deaths_TS_model.pkl took 0.027 seconds
[2024-08-17T12:32:11.219+0000] {processor.py:161} INFO - Started process (PID=41364) to work on /opt/airflow/dags/data/models/Sudan/deaths_TS_model.pkl
[2024-08-17T12:32:11.219+0000] {processor.py:830} INFO - Processing file /opt/airflow/dags/data/models/Sudan/deaths_TS_model.pkl for tasks to queue
[2024-08-17T12:32:11.220+0000] {logging_mixin.py:188} INFO - [2024-08-17T12:32:11.220+0000] {dagbag.py:545} INFO - Filling up the DagBag from /opt/airflow/dags/data/models/Sudan/deaths_TS_model.pkl
[2024-08-17T12:32:11.231+0000] {processor.py:842} WARNING - No viable dags retrieved from /opt/airflow/dags/data/models/Sudan/deaths_TS_model.pkl
[2024-08-17T12:32:11.242+0000] {processor.py:183} INFO - Processing /opt/airflow/dags/data/models/Sudan/deaths_TS_model.pkl took 0.027 seconds
[2024-08-17T12:32:43.098+0000] {processor.py:161} INFO - Started process (PID=42082) to work on /opt/airflow/dags/data/models/Sudan/deaths_TS_model.pkl
[2024-08-17T12:32:43.099+0000] {processor.py:830} INFO - Processing file /opt/airflow/dags/data/models/Sudan/deaths_TS_model.pkl for tasks to queue
[2024-08-17T12:32:43.099+0000] {logging_mixin.py:188} INFO - [2024-08-17T12:32:43.099+0000] {dagbag.py:545} INFO - Filling up the DagBag from /opt/airflow/dags/data/models/Sudan/deaths_TS_model.pkl
[2024-08-17T12:32:43.107+0000] {processor.py:842} WARNING - No viable dags retrieved from /opt/airflow/dags/data/models/Sudan/deaths_TS_model.pkl
[2024-08-17T12:32:43.116+0000] {processor.py:183} INFO - Processing /opt/airflow/dags/data/models/Sudan/deaths_TS_model.pkl took 0.021 seconds
[2024-08-17T12:33:21.036+0000] {processor.py:161} INFO - Started process (PID=42834) to work on /opt/airflow/dags/data/models/Sudan/deaths_TS_model.pkl
[2024-08-17T12:33:21.036+0000] {processor.py:830} INFO - Processing file /opt/airflow/dags/data/models/Sudan/deaths_TS_model.pkl for tasks to queue
[2024-08-17T12:33:21.037+0000] {logging_mixin.py:188} INFO - [2024-08-17T12:33:21.037+0000] {dagbag.py:545} INFO - Filling up the DagBag from /opt/airflow/dags/data/models/Sudan/deaths_TS_model.pkl
[2024-08-17T12:33:21.046+0000] {processor.py:842} WARNING - No viable dags retrieved from /opt/airflow/dags/data/models/Sudan/deaths_TS_model.pkl
[2024-08-17T12:33:21.056+0000] {processor.py:183} INFO - Processing /opt/airflow/dags/data/models/Sudan/deaths_TS_model.pkl took 0.024 seconds
[2024-08-17T12:33:57.000+0000] {processor.py:161} INFO - Started process (PID=43578) to work on /opt/airflow/dags/data/models/Sudan/deaths_TS_model.pkl
[2024-08-17T12:33:57.002+0000] {processor.py:830} INFO - Processing file /opt/airflow/dags/data/models/Sudan/deaths_TS_model.pkl for tasks to queue
[2024-08-17T12:33:57.002+0000] {logging_mixin.py:188} INFO - [2024-08-17T12:33:57.002+0000] {dagbag.py:545} INFO - Filling up the DagBag from /opt/airflow/dags/data/models/Sudan/deaths_TS_model.pkl
[2024-08-17T12:33:57.011+0000] {processor.py:842} WARNING - No viable dags retrieved from /opt/airflow/dags/data/models/Sudan/deaths_TS_model.pkl
[2024-08-17T12:33:57.021+0000] {processor.py:183} INFO - Processing /opt/airflow/dags/data/models/Sudan/deaths_TS_model.pkl took 0.026 seconds
[2024-08-17T12:34:27.879+0000] {processor.py:161} INFO - Started process (PID=44239) to work on /opt/airflow/dags/data/models/Sudan/deaths_TS_model.pkl
[2024-08-17T12:34:27.881+0000] {processor.py:830} INFO - Processing file /opt/airflow/dags/data/models/Sudan/deaths_TS_model.pkl for tasks to queue
[2024-08-17T12:34:27.883+0000] {logging_mixin.py:188} INFO - [2024-08-17T12:34:27.882+0000] {dagbag.py:545} INFO - Filling up the DagBag from /opt/airflow/dags/data/models/Sudan/deaths_TS_model.pkl
[2024-08-17T12:34:27.895+0000] {processor.py:842} WARNING - No viable dags retrieved from /opt/airflow/dags/data/models/Sudan/deaths_TS_model.pkl
[2024-08-17T12:34:27.906+0000] {processor.py:183} INFO - Processing /opt/airflow/dags/data/models/Sudan/deaths_TS_model.pkl took 0.031 seconds
[2024-08-17T12:34:59.275+0000] {processor.py:161} INFO - Started process (PID=44939) to work on /opt/airflow/dags/data/models/Sudan/deaths_TS_model.pkl
[2024-08-17T12:34:59.275+0000] {processor.py:830} INFO - Processing file /opt/airflow/dags/data/models/Sudan/deaths_TS_model.pkl for tasks to queue
[2024-08-17T12:34:59.276+0000] {logging_mixin.py:188} INFO - [2024-08-17T12:34:59.276+0000] {dagbag.py:545} INFO - Filling up the DagBag from /opt/airflow/dags/data/models/Sudan/deaths_TS_model.pkl
[2024-08-17T12:34:59.285+0000] {processor.py:842} WARNING - No viable dags retrieved from /opt/airflow/dags/data/models/Sudan/deaths_TS_model.pkl
[2024-08-17T12:34:59.295+0000] {processor.py:183} INFO - Processing /opt/airflow/dags/data/models/Sudan/deaths_TS_model.pkl took 0.024 seconds
[2024-08-17T12:35:31.424+0000] {processor.py:161} INFO - Started process (PID=45634) to work on /opt/airflow/dags/data/models/Sudan/deaths_TS_model.pkl
[2024-08-17T12:35:31.425+0000] {processor.py:830} INFO - Processing file /opt/airflow/dags/data/models/Sudan/deaths_TS_model.pkl for tasks to queue
[2024-08-17T12:35:31.426+0000] {logging_mixin.py:188} INFO - [2024-08-17T12:35:31.425+0000] {dagbag.py:545} INFO - Filling up the DagBag from /opt/airflow/dags/data/models/Sudan/deaths_TS_model.pkl
[2024-08-17T12:35:31.434+0000] {processor.py:842} WARNING - No viable dags retrieved from /opt/airflow/dags/data/models/Sudan/deaths_TS_model.pkl
[2024-08-17T12:35:31.443+0000] {processor.py:183} INFO - Processing /opt/airflow/dags/data/models/Sudan/deaths_TS_model.pkl took 0.022 seconds
[2024-08-17T12:36:04.684+0000] {processor.py:161} INFO - Started process (PID=46377) to work on /opt/airflow/dags/data/models/Sudan/deaths_TS_model.pkl
[2024-08-17T12:36:04.685+0000] {processor.py:830} INFO - Processing file /opt/airflow/dags/data/models/Sudan/deaths_TS_model.pkl for tasks to queue
[2024-08-17T12:36:04.685+0000] {logging_mixin.py:188} INFO - [2024-08-17T12:36:04.685+0000] {dagbag.py:545} INFO - Filling up the DagBag from /opt/airflow/dags/data/models/Sudan/deaths_TS_model.pkl
[2024-08-17T12:36:04.694+0000] {processor.py:842} WARNING - No viable dags retrieved from /opt/airflow/dags/data/models/Sudan/deaths_TS_model.pkl
[2024-08-17T12:36:04.703+0000] {processor.py:183} INFO - Processing /opt/airflow/dags/data/models/Sudan/deaths_TS_model.pkl took 0.022 seconds
[2024-08-17T12:36:35.627+0000] {processor.py:161} INFO - Started process (PID=47099) to work on /opt/airflow/dags/data/models/Sudan/deaths_TS_model.pkl
[2024-08-17T12:36:35.628+0000] {processor.py:830} INFO - Processing file /opt/airflow/dags/data/models/Sudan/deaths_TS_model.pkl for tasks to queue
[2024-08-17T12:36:35.629+0000] {logging_mixin.py:188} INFO - [2024-08-17T12:36:35.628+0000] {dagbag.py:545} INFO - Filling up the DagBag from /opt/airflow/dags/data/models/Sudan/deaths_TS_model.pkl
[2024-08-17T12:36:35.637+0000] {processor.py:842} WARNING - No viable dags retrieved from /opt/airflow/dags/data/models/Sudan/deaths_TS_model.pkl
[2024-08-17T12:36:35.646+0000] {processor.py:183} INFO - Processing /opt/airflow/dags/data/models/Sudan/deaths_TS_model.pkl took 0.022 seconds
[2024-08-17T12:37:07.403+0000] {processor.py:161} INFO - Started process (PID=47800) to work on /opt/airflow/dags/data/models/Sudan/deaths_TS_model.pkl
[2024-08-17T12:37:07.403+0000] {processor.py:830} INFO - Processing file /opt/airflow/dags/data/models/Sudan/deaths_TS_model.pkl for tasks to queue
[2024-08-17T12:37:07.404+0000] {logging_mixin.py:188} INFO - [2024-08-17T12:37:07.404+0000] {dagbag.py:545} INFO - Filling up the DagBag from /opt/airflow/dags/data/models/Sudan/deaths_TS_model.pkl
[2024-08-17T12:37:07.412+0000] {processor.py:842} WARNING - No viable dags retrieved from /opt/airflow/dags/data/models/Sudan/deaths_TS_model.pkl
[2024-08-17T12:37:07.422+0000] {processor.py:183} INFO - Processing /opt/airflow/dags/data/models/Sudan/deaths_TS_model.pkl took 0.023 seconds
[2024-08-17T12:37:39.743+0000] {processor.py:161} INFO - Started process (PID=48526) to work on /opt/airflow/dags/data/models/Sudan/deaths_TS_model.pkl
[2024-08-17T12:37:39.744+0000] {processor.py:830} INFO - Processing file /opt/airflow/dags/data/models/Sudan/deaths_TS_model.pkl for tasks to queue
[2024-08-17T12:37:39.744+0000] {logging_mixin.py:188} INFO - [2024-08-17T12:37:39.744+0000] {dagbag.py:545} INFO - Filling up the DagBag from /opt/airflow/dags/data/models/Sudan/deaths_TS_model.pkl
[2024-08-17T12:37:39.752+0000] {processor.py:842} WARNING - No viable dags retrieved from /opt/airflow/dags/data/models/Sudan/deaths_TS_model.pkl
[2024-08-17T12:37:39.762+0000] {processor.py:183} INFO - Processing /opt/airflow/dags/data/models/Sudan/deaths_TS_model.pkl took 0.022 seconds
[2024-08-17T12:38:13.495+0000] {processor.py:161} INFO - Started process (PID=49169) to work on /opt/airflow/dags/data/models/Sudan/deaths_TS_model.pkl
[2024-08-17T12:38:13.496+0000] {processor.py:830} INFO - Processing file /opt/airflow/dags/data/models/Sudan/deaths_TS_model.pkl for tasks to queue
[2024-08-17T12:38:13.496+0000] {logging_mixin.py:188} INFO - [2024-08-17T12:38:13.496+0000] {dagbag.py:545} INFO - Filling up the DagBag from /opt/airflow/dags/data/models/Sudan/deaths_TS_model.pkl
[2024-08-17T12:38:13.504+0000] {processor.py:842} WARNING - No viable dags retrieved from /opt/airflow/dags/data/models/Sudan/deaths_TS_model.pkl
[2024-08-17T12:38:13.514+0000] {processor.py:183} INFO - Processing /opt/airflow/dags/data/models/Sudan/deaths_TS_model.pkl took 0.024 seconds
[2024-08-17T12:38:48.082+0000] {processor.py:161} INFO - Started process (PID=49912) to work on /opt/airflow/dags/data/models/Sudan/deaths_TS_model.pkl
[2024-08-17T12:38:48.082+0000] {processor.py:830} INFO - Processing file /opt/airflow/dags/data/models/Sudan/deaths_TS_model.pkl for tasks to queue
[2024-08-17T12:38:48.083+0000] {logging_mixin.py:188} INFO - [2024-08-17T12:38:48.083+0000] {dagbag.py:545} INFO - Filling up the DagBag from /opt/airflow/dags/data/models/Sudan/deaths_TS_model.pkl
[2024-08-17T12:38:48.095+0000] {processor.py:842} WARNING - No viable dags retrieved from /opt/airflow/dags/data/models/Sudan/deaths_TS_model.pkl
[2024-08-17T12:38:48.104+0000] {processor.py:183} INFO - Processing /opt/airflow/dags/data/models/Sudan/deaths_TS_model.pkl took 0.027 seconds
[2024-08-17T12:39:20.478+0000] {processor.py:161} INFO - Started process (PID=50613) to work on /opt/airflow/dags/data/models/Sudan/deaths_TS_model.pkl
[2024-08-17T12:39:20.479+0000] {processor.py:830} INFO - Processing file /opt/airflow/dags/data/models/Sudan/deaths_TS_model.pkl for tasks to queue
[2024-08-17T12:39:20.479+0000] {logging_mixin.py:188} INFO - [2024-08-17T12:39:20.479+0000] {dagbag.py:545} INFO - Filling up the DagBag from /opt/airflow/dags/data/models/Sudan/deaths_TS_model.pkl
[2024-08-17T12:39:20.487+0000] {processor.py:842} WARNING - No viable dags retrieved from /opt/airflow/dags/data/models/Sudan/deaths_TS_model.pkl
[2024-08-17T12:39:20.496+0000] {processor.py:183} INFO - Processing /opt/airflow/dags/data/models/Sudan/deaths_TS_model.pkl took 0.021 seconds
[2024-08-17T12:39:53.148+0000] {processor.py:161} INFO - Started process (PID=51357) to work on /opt/airflow/dags/data/models/Sudan/deaths_TS_model.pkl
[2024-08-17T12:39:53.149+0000] {processor.py:830} INFO - Processing file /opt/airflow/dags/data/models/Sudan/deaths_TS_model.pkl for tasks to queue
[2024-08-17T12:39:53.149+0000] {logging_mixin.py:188} INFO - [2024-08-17T12:39:53.149+0000] {dagbag.py:545} INFO - Filling up the DagBag from /opt/airflow/dags/data/models/Sudan/deaths_TS_model.pkl
[2024-08-17T12:39:53.164+0000] {processor.py:842} WARNING - No viable dags retrieved from /opt/airflow/dags/data/models/Sudan/deaths_TS_model.pkl
[2024-08-17T12:39:53.174+0000] {processor.py:183} INFO - Processing /opt/airflow/dags/data/models/Sudan/deaths_TS_model.pkl took 0.030 seconds
[2024-08-17T12:40:25.125+0000] {processor.py:161} INFO - Started process (PID=52066) to work on /opt/airflow/dags/data/models/Sudan/deaths_TS_model.pkl
[2024-08-17T12:40:25.126+0000] {processor.py:830} INFO - Processing file /opt/airflow/dags/data/models/Sudan/deaths_TS_model.pkl for tasks to queue
[2024-08-17T12:40:25.126+0000] {logging_mixin.py:188} INFO - [2024-08-17T12:40:25.126+0000] {dagbag.py:545} INFO - Filling up the DagBag from /opt/airflow/dags/data/models/Sudan/deaths_TS_model.pkl
[2024-08-17T12:40:25.134+0000] {processor.py:842} WARNING - No viable dags retrieved from /opt/airflow/dags/data/models/Sudan/deaths_TS_model.pkl
[2024-08-17T12:40:25.144+0000] {processor.py:183} INFO - Processing /opt/airflow/dags/data/models/Sudan/deaths_TS_model.pkl took 0.023 seconds
[2024-08-17T12:40:57.236+0000] {processor.py:161} INFO - Started process (PID=52808) to work on /opt/airflow/dags/data/models/Sudan/deaths_TS_model.pkl
[2024-08-17T12:40:57.236+0000] {processor.py:830} INFO - Processing file /opt/airflow/dags/data/models/Sudan/deaths_TS_model.pkl for tasks to queue
[2024-08-17T12:40:57.237+0000] {logging_mixin.py:188} INFO - [2024-08-17T12:40:57.237+0000] {dagbag.py:545} INFO - Filling up the DagBag from /opt/airflow/dags/data/models/Sudan/deaths_TS_model.pkl
[2024-08-17T12:40:57.244+0000] {processor.py:842} WARNING - No viable dags retrieved from /opt/airflow/dags/data/models/Sudan/deaths_TS_model.pkl
[2024-08-17T12:40:57.253+0000] {processor.py:183} INFO - Processing /opt/airflow/dags/data/models/Sudan/deaths_TS_model.pkl took 0.021 seconds
[2024-08-17T12:41:30.655+0000] {processor.py:161} INFO - Started process (PID=53550) to work on /opt/airflow/dags/data/models/Sudan/deaths_TS_model.pkl
[2024-08-17T12:41:30.655+0000] {processor.py:830} INFO - Processing file /opt/airflow/dags/data/models/Sudan/deaths_TS_model.pkl for tasks to queue
[2024-08-17T12:41:30.656+0000] {logging_mixin.py:188} INFO - [2024-08-17T12:41:30.656+0000] {dagbag.py:545} INFO - Filling up the DagBag from /opt/airflow/dags/data/models/Sudan/deaths_TS_model.pkl
[2024-08-17T12:41:30.663+0000] {processor.py:842} WARNING - No viable dags retrieved from /opt/airflow/dags/data/models/Sudan/deaths_TS_model.pkl
[2024-08-17T12:41:30.672+0000] {processor.py:183} INFO - Processing /opt/airflow/dags/data/models/Sudan/deaths_TS_model.pkl took 0.021 seconds
