[2024-08-17T02:43:53.767+0000] {processor.py:161} INFO - Started process (PID=79456) to work on /opt/airflow/dags/data/models/Finland/TS_model.pkl
[2024-08-17T02:43:53.768+0000] {processor.py:830} INFO - Processing file /opt/airflow/dags/data/models/Finland/TS_model.pkl for tasks to queue
[2024-08-17T02:43:53.768+0000] {logging_mixin.py:188} INFO - [2024-08-17T02:43:53.768+0000] {dagbag.py:545} INFO - Filling up the DagBag from /opt/airflow/dags/data/models/Finland/TS_model.pkl
[2024-08-17T02:43:53.782+0000] {processor.py:842} WARNING - No viable dags retrieved from /opt/airflow/dags/data/models/Finland/TS_model.pkl
[2024-08-17T02:43:53.793+0000] {processor.py:183} INFO - Processing /opt/airflow/dags/data/models/Finland/TS_model.pkl took 0.030 seconds
[2024-08-17T02:44:24.463+0000] {processor.py:161} INFO - Started process (PID=79732) to work on /opt/airflow/dags/data/models/Finland/TS_model.pkl
[2024-08-17T02:44:24.464+0000] {processor.py:830} INFO - Processing file /opt/airflow/dags/data/models/Finland/TS_model.pkl for tasks to queue
[2024-08-17T02:44:24.465+0000] {logging_mixin.py:188} INFO - [2024-08-17T02:44:24.465+0000] {dagbag.py:545} INFO - Filling up the DagBag from /opt/airflow/dags/data/models/Finland/TS_model.pkl
[2024-08-17T02:44:24.489+0000] {processor.py:842} WARNING - No viable dags retrieved from /opt/airflow/dags/data/models/Finland/TS_model.pkl
[2024-08-17T02:44:24.499+0000] {processor.py:183} INFO - Processing /opt/airflow/dags/data/models/Finland/TS_model.pkl took 0.040 seconds
[2024-08-17T02:44:55.107+0000] {processor.py:161} INFO - Started process (PID=80035) to work on /opt/airflow/dags/data/models/Finland/TS_model.pkl
[2024-08-17T02:44:55.108+0000] {processor.py:830} INFO - Processing file /opt/airflow/dags/data/models/Finland/TS_model.pkl for tasks to queue
[2024-08-17T02:44:55.109+0000] {logging_mixin.py:188} INFO - [2024-08-17T02:44:55.109+0000] {dagbag.py:545} INFO - Filling up the DagBag from /opt/airflow/dags/data/models/Finland/TS_model.pkl
[2024-08-17T02:44:55.125+0000] {processor.py:842} WARNING - No viable dags retrieved from /opt/airflow/dags/data/models/Finland/TS_model.pkl
[2024-08-17T02:44:55.136+0000] {processor.py:183} INFO - Processing /opt/airflow/dags/data/models/Finland/TS_model.pkl took 0.033 seconds
[2024-08-17T02:45:25.698+0000] {processor.py:161} INFO - Started process (PID=80311) to work on /opt/airflow/dags/data/models/Finland/TS_model.pkl
[2024-08-17T02:45:25.699+0000] {processor.py:830} INFO - Processing file /opt/airflow/dags/data/models/Finland/TS_model.pkl for tasks to queue
[2024-08-17T02:45:25.700+0000] {logging_mixin.py:188} INFO - [2024-08-17T02:45:25.700+0000] {dagbag.py:545} INFO - Filling up the DagBag from /opt/airflow/dags/data/models/Finland/TS_model.pkl
[2024-08-17T02:45:25.716+0000] {processor.py:842} WARNING - No viable dags retrieved from /opt/airflow/dags/data/models/Finland/TS_model.pkl
[2024-08-17T02:45:25.729+0000] {processor.py:183} INFO - Processing /opt/airflow/dags/data/models/Finland/TS_model.pkl took 0.035 seconds
[2024-08-17T02:45:56.276+0000] {processor.py:161} INFO - Started process (PID=80613) to work on /opt/airflow/dags/data/models/Finland/TS_model.pkl
[2024-08-17T02:45:56.276+0000] {processor.py:830} INFO - Processing file /opt/airflow/dags/data/models/Finland/TS_model.pkl for tasks to queue
[2024-08-17T02:45:56.277+0000] {logging_mixin.py:188} INFO - [2024-08-17T02:45:56.277+0000] {dagbag.py:545} INFO - Filling up the DagBag from /opt/airflow/dags/data/models/Finland/TS_model.pkl
[2024-08-17T02:45:56.291+0000] {processor.py:842} WARNING - No viable dags retrieved from /opt/airflow/dags/data/models/Finland/TS_model.pkl
[2024-08-17T02:45:56.303+0000] {processor.py:183} INFO - Processing /opt/airflow/dags/data/models/Finland/TS_model.pkl took 0.032 seconds
[2024-08-17T02:46:26.824+0000] {processor.py:161} INFO - Started process (PID=80896) to work on /opt/airflow/dags/data/models/Finland/TS_model.pkl
[2024-08-17T02:46:26.825+0000] {processor.py:830} INFO - Processing file /opt/airflow/dags/data/models/Finland/TS_model.pkl for tasks to queue
[2024-08-17T02:46:26.826+0000] {logging_mixin.py:188} INFO - [2024-08-17T02:46:26.825+0000] {dagbag.py:545} INFO - Filling up the DagBag from /opt/airflow/dags/data/models/Finland/TS_model.pkl
[2024-08-17T02:46:26.840+0000] {processor.py:842} WARNING - No viable dags retrieved from /opt/airflow/dags/data/models/Finland/TS_model.pkl
[2024-08-17T02:46:26.852+0000] {processor.py:183} INFO - Processing /opt/airflow/dags/data/models/Finland/TS_model.pkl took 0.032 seconds
[2024-08-17T02:46:58.238+0000] {processor.py:161} INFO - Started process (PID=81172) to work on /opt/airflow/dags/data/models/Finland/TS_model.pkl
[2024-08-17T02:46:58.239+0000] {processor.py:830} INFO - Processing file /opt/airflow/dags/data/models/Finland/TS_model.pkl for tasks to queue
[2024-08-17T02:46:58.240+0000] {logging_mixin.py:188} INFO - [2024-08-17T02:46:58.240+0000] {dagbag.py:545} INFO - Filling up the DagBag from /opt/airflow/dags/data/models/Finland/TS_model.pkl
[2024-08-17T02:46:58.251+0000] {processor.py:842} WARNING - No viable dags retrieved from /opt/airflow/dags/data/models/Finland/TS_model.pkl
[2024-08-17T02:46:58.263+0000] {processor.py:183} INFO - Processing /opt/airflow/dags/data/models/Finland/TS_model.pkl took 0.028 seconds
[2024-08-17T02:47:29.097+0000] {processor.py:161} INFO - Started process (PID=81472) to work on /opt/airflow/dags/data/models/Finland/TS_model.pkl
[2024-08-17T02:47:29.097+0000] {processor.py:830} INFO - Processing file /opt/airflow/dags/data/models/Finland/TS_model.pkl for tasks to queue
[2024-08-17T02:47:29.098+0000] {logging_mixin.py:188} INFO - [2024-08-17T02:47:29.098+0000] {dagbag.py:545} INFO - Filling up the DagBag from /opt/airflow/dags/data/models/Finland/TS_model.pkl
[2024-08-17T02:47:29.113+0000] {processor.py:842} WARNING - No viable dags retrieved from /opt/airflow/dags/data/models/Finland/TS_model.pkl
[2024-08-17T02:47:29.124+0000] {processor.py:183} INFO - Processing /opt/airflow/dags/data/models/Finland/TS_model.pkl took 0.032 seconds
[2024-08-17T02:47:59.711+0000] {processor.py:161} INFO - Started process (PID=81748) to work on /opt/airflow/dags/data/models/Finland/TS_model.pkl
[2024-08-17T02:47:59.712+0000] {processor.py:830} INFO - Processing file /opt/airflow/dags/data/models/Finland/TS_model.pkl for tasks to queue
[2024-08-17T02:47:59.713+0000] {logging_mixin.py:188} INFO - [2024-08-17T02:47:59.712+0000] {dagbag.py:545} INFO - Filling up the DagBag from /opt/airflow/dags/data/models/Finland/TS_model.pkl
[2024-08-17T02:47:59.726+0000] {processor.py:842} WARNING - No viable dags retrieved from /opt/airflow/dags/data/models/Finland/TS_model.pkl
[2024-08-17T02:47:59.737+0000] {processor.py:183} INFO - Processing /opt/airflow/dags/data/models/Finland/TS_model.pkl took 0.030 seconds
[2024-08-17T02:48:30.453+0000] {processor.py:161} INFO - Started process (PID=82051) to work on /opt/airflow/dags/data/models/Finland/TS_model.pkl
[2024-08-17T02:48:30.454+0000] {processor.py:830} INFO - Processing file /opt/airflow/dags/data/models/Finland/TS_model.pkl for tasks to queue
[2024-08-17T02:48:30.454+0000] {logging_mixin.py:188} INFO - [2024-08-17T02:48:30.454+0000] {dagbag.py:545} INFO - Filling up the DagBag from /opt/airflow/dags/data/models/Finland/TS_model.pkl
[2024-08-17T02:48:30.464+0000] {processor.py:842} WARNING - No viable dags retrieved from /opt/airflow/dags/data/models/Finland/TS_model.pkl
[2024-08-17T02:48:30.475+0000] {processor.py:183} INFO - Processing /opt/airflow/dags/data/models/Finland/TS_model.pkl took 0.026 seconds
[2024-08-17T02:49:01.230+0000] {processor.py:161} INFO - Started process (PID=82336) to work on /opt/airflow/dags/data/models/Finland/TS_model.pkl
[2024-08-17T02:49:01.230+0000] {processor.py:830} INFO - Processing file /opt/airflow/dags/data/models/Finland/TS_model.pkl for tasks to queue
[2024-08-17T02:49:01.231+0000] {logging_mixin.py:188} INFO - [2024-08-17T02:49:01.231+0000] {dagbag.py:545} INFO - Filling up the DagBag from /opt/airflow/dags/data/models/Finland/TS_model.pkl
[2024-08-17T02:49:01.243+0000] {processor.py:842} WARNING - No viable dags retrieved from /opt/airflow/dags/data/models/Finland/TS_model.pkl
[2024-08-17T02:49:01.254+0000] {processor.py:183} INFO - Processing /opt/airflow/dags/data/models/Finland/TS_model.pkl took 0.028 seconds
[2024-08-17T02:49:31.668+0000] {processor.py:161} INFO - Started process (PID=82663) to work on /opt/airflow/dags/data/models/Finland/TS_model.pkl
[2024-08-17T02:49:31.669+0000] {processor.py:830} INFO - Processing file /opt/airflow/dags/data/models/Finland/TS_model.pkl for tasks to queue
[2024-08-17T02:49:31.670+0000] {logging_mixin.py:188} INFO - [2024-08-17T02:49:31.669+0000] {dagbag.py:545} INFO - Filling up the DagBag from /opt/airflow/dags/data/models/Finland/TS_model.pkl
[2024-08-17T02:49:31.678+0000] {processor.py:842} WARNING - No viable dags retrieved from /opt/airflow/dags/data/models/Finland/TS_model.pkl
[2024-08-17T02:49:31.689+0000] {processor.py:183} INFO - Processing /opt/airflow/dags/data/models/Finland/TS_model.pkl took 0.026 seconds
[2024-08-17T02:50:02.229+0000] {processor.py:161} INFO - Started process (PID=82967) to work on /opt/airflow/dags/data/models/Finland/TS_model.pkl
[2024-08-17T02:50:02.229+0000] {processor.py:830} INFO - Processing file /opt/airflow/dags/data/models/Finland/TS_model.pkl for tasks to queue
[2024-08-17T02:50:02.230+0000] {logging_mixin.py:188} INFO - [2024-08-17T02:50:02.230+0000] {dagbag.py:545} INFO - Filling up the DagBag from /opt/airflow/dags/data/models/Finland/TS_model.pkl
[2024-08-17T02:50:02.239+0000] {processor.py:842} WARNING - No viable dags retrieved from /opt/airflow/dags/data/models/Finland/TS_model.pkl
[2024-08-17T02:50:02.250+0000] {processor.py:183} INFO - Processing /opt/airflow/dags/data/models/Finland/TS_model.pkl took 0.025 seconds
[2024-08-17T02:50:33.314+0000] {processor.py:161} INFO - Started process (PID=83296) to work on /opt/airflow/dags/data/models/Finland/TS_model.pkl
[2024-08-17T02:50:33.315+0000] {processor.py:830} INFO - Processing file /opt/airflow/dags/data/models/Finland/TS_model.pkl for tasks to queue
[2024-08-17T02:50:33.315+0000] {logging_mixin.py:188} INFO - [2024-08-17T02:50:33.315+0000] {dagbag.py:545} INFO - Filling up the DagBag from /opt/airflow/dags/data/models/Finland/TS_model.pkl
[2024-08-17T02:50:33.324+0000] {processor.py:842} WARNING - No viable dags retrieved from /opt/airflow/dags/data/models/Finland/TS_model.pkl
[2024-08-17T02:50:33.335+0000] {processor.py:183} INFO - Processing /opt/airflow/dags/data/models/Finland/TS_model.pkl took 0.025 seconds
[2024-08-17T02:51:04.042+0000] {processor.py:161} INFO - Started process (PID=83606) to work on /opt/airflow/dags/data/models/Finland/TS_model.pkl
[2024-08-17T02:51:04.043+0000] {processor.py:830} INFO - Processing file /opt/airflow/dags/data/models/Finland/TS_model.pkl for tasks to queue
[2024-08-17T02:51:04.045+0000] {logging_mixin.py:188} INFO - [2024-08-17T02:51:04.045+0000] {dagbag.py:545} INFO - Filling up the DagBag from /opt/airflow/dags/data/models/Finland/TS_model.pkl
[2024-08-17T02:51:04.062+0000] {processor.py:842} WARNING - No viable dags retrieved from /opt/airflow/dags/data/models/Finland/TS_model.pkl
[2024-08-17T02:51:04.073+0000] {processor.py:183} INFO - Processing /opt/airflow/dags/data/models/Finland/TS_model.pkl took 0.034 seconds
[2024-08-17T02:51:35.477+0000] {processor.py:161} INFO - Started process (PID=83928) to work on /opt/airflow/dags/data/models/Finland/TS_model.pkl
[2024-08-17T02:51:35.477+0000] {processor.py:830} INFO - Processing file /opt/airflow/dags/data/models/Finland/TS_model.pkl for tasks to queue
[2024-08-17T02:51:35.478+0000] {logging_mixin.py:188} INFO - [2024-08-17T02:51:35.478+0000] {dagbag.py:545} INFO - Filling up the DagBag from /opt/airflow/dags/data/models/Finland/TS_model.pkl
[2024-08-17T02:51:35.489+0000] {processor.py:842} WARNING - No viable dags retrieved from /opt/airflow/dags/data/models/Finland/TS_model.pkl
[2024-08-17T02:51:35.499+0000] {processor.py:183} INFO - Processing /opt/airflow/dags/data/models/Finland/TS_model.pkl took 0.027 seconds
[2024-08-17T02:52:06.542+0000] {processor.py:161} INFO - Started process (PID=84236) to work on /opt/airflow/dags/data/models/Finland/TS_model.pkl
[2024-08-17T02:52:06.543+0000] {processor.py:830} INFO - Processing file /opt/airflow/dags/data/models/Finland/TS_model.pkl for tasks to queue
[2024-08-17T02:52:06.544+0000] {logging_mixin.py:188} INFO - [2024-08-17T02:52:06.544+0000] {dagbag.py:545} INFO - Filling up the DagBag from /opt/airflow/dags/data/models/Finland/TS_model.pkl
[2024-08-17T02:52:06.552+0000] {processor.py:842} WARNING - No viable dags retrieved from /opt/airflow/dags/data/models/Finland/TS_model.pkl
[2024-08-17T02:52:06.563+0000] {processor.py:183} INFO - Processing /opt/airflow/dags/data/models/Finland/TS_model.pkl took 0.025 seconds
[2024-08-17T02:52:37.318+0000] {processor.py:161} INFO - Started process (PID=84518) to work on /opt/airflow/dags/data/models/Finland/TS_model.pkl
[2024-08-17T02:52:37.319+0000] {processor.py:830} INFO - Processing file /opt/airflow/dags/data/models/Finland/TS_model.pkl for tasks to queue
[2024-08-17T02:52:37.319+0000] {logging_mixin.py:188} INFO - [2024-08-17T02:52:37.319+0000] {dagbag.py:545} INFO - Filling up the DagBag from /opt/airflow/dags/data/models/Finland/TS_model.pkl
[2024-08-17T02:52:37.330+0000] {processor.py:842} WARNING - No viable dags retrieved from /opt/airflow/dags/data/models/Finland/TS_model.pkl
[2024-08-17T02:52:37.340+0000] {processor.py:183} INFO - Processing /opt/airflow/dags/data/models/Finland/TS_model.pkl took 0.026 seconds
[2024-08-17T02:53:08.030+0000] {processor.py:161} INFO - Started process (PID=84847) to work on /opt/airflow/dags/data/models/Finland/TS_model.pkl
[2024-08-17T02:53:08.031+0000] {processor.py:830} INFO - Processing file /opt/airflow/dags/data/models/Finland/TS_model.pkl for tasks to queue
[2024-08-17T02:53:08.031+0000] {logging_mixin.py:188} INFO - [2024-08-17T02:53:08.031+0000] {dagbag.py:545} INFO - Filling up the DagBag from /opt/airflow/dags/data/models/Finland/TS_model.pkl
[2024-08-17T02:53:08.043+0000] {processor.py:842} WARNING - No viable dags retrieved from /opt/airflow/dags/data/models/Finland/TS_model.pkl
[2024-08-17T02:53:08.053+0000] {processor.py:183} INFO - Processing /opt/airflow/dags/data/models/Finland/TS_model.pkl took 0.027 seconds
[2024-08-17T02:53:38.681+0000] {processor.py:161} INFO - Started process (PID=85150) to work on /opt/airflow/dags/data/models/Finland/TS_model.pkl
[2024-08-17T02:53:38.681+0000] {processor.py:830} INFO - Processing file /opt/airflow/dags/data/models/Finland/TS_model.pkl for tasks to queue
[2024-08-17T02:53:38.682+0000] {logging_mixin.py:188} INFO - [2024-08-17T02:53:38.682+0000] {dagbag.py:545} INFO - Filling up the DagBag from /opt/airflow/dags/data/models/Finland/TS_model.pkl
[2024-08-17T02:53:38.694+0000] {processor.py:842} WARNING - No viable dags retrieved from /opt/airflow/dags/data/models/Finland/TS_model.pkl
[2024-08-17T02:53:38.713+0000] {processor.py:183} INFO - Processing /opt/airflow/dags/data/models/Finland/TS_model.pkl took 0.037 seconds
[2024-08-17T02:54:09.222+0000] {processor.py:161} INFO - Started process (PID=85489) to work on /opt/airflow/dags/data/models/Finland/TS_model.pkl
[2024-08-17T02:54:09.223+0000] {processor.py:830} INFO - Processing file /opt/airflow/dags/data/models/Finland/TS_model.pkl for tasks to queue
[2024-08-17T02:54:09.224+0000] {logging_mixin.py:188} INFO - [2024-08-17T02:54:09.224+0000] {dagbag.py:545} INFO - Filling up the DagBag from /opt/airflow/dags/data/models/Finland/TS_model.pkl
[2024-08-17T02:54:09.234+0000] {processor.py:842} WARNING - No viable dags retrieved from /opt/airflow/dags/data/models/Finland/TS_model.pkl
[2024-08-17T02:54:09.244+0000] {processor.py:183} INFO - Processing /opt/airflow/dags/data/models/Finland/TS_model.pkl took 0.026 seconds
[2024-08-17T02:54:39.873+0000] {processor.py:161} INFO - Started process (PID=85830) to work on /opt/airflow/dags/data/models/Finland/TS_model.pkl
[2024-08-17T02:54:39.873+0000] {processor.py:830} INFO - Processing file /opt/airflow/dags/data/models/Finland/TS_model.pkl for tasks to queue
[2024-08-17T02:54:39.874+0000] {logging_mixin.py:188} INFO - [2024-08-17T02:54:39.874+0000] {dagbag.py:545} INFO - Filling up the DagBag from /opt/airflow/dags/data/models/Finland/TS_model.pkl
[2024-08-17T02:54:39.892+0000] {processor.py:842} WARNING - No viable dags retrieved from /opt/airflow/dags/data/models/Finland/TS_model.pkl
[2024-08-17T02:54:39.903+0000] {processor.py:183} INFO - Processing /opt/airflow/dags/data/models/Finland/TS_model.pkl took 0.034 seconds
[2024-08-17T02:55:10.493+0000] {processor.py:161} INFO - Started process (PID=86182) to work on /opt/airflow/dags/data/models/Finland/TS_model.pkl
[2024-08-17T02:55:10.493+0000] {processor.py:830} INFO - Processing file /opt/airflow/dags/data/models/Finland/TS_model.pkl for tasks to queue
[2024-08-17T02:55:10.494+0000] {logging_mixin.py:188} INFO - [2024-08-17T02:55:10.494+0000] {dagbag.py:545} INFO - Filling up the DagBag from /opt/airflow/dags/data/models/Finland/TS_model.pkl
[2024-08-17T02:55:10.504+0000] {processor.py:842} WARNING - No viable dags retrieved from /opt/airflow/dags/data/models/Finland/TS_model.pkl
[2024-08-17T02:55:10.515+0000] {processor.py:183} INFO - Processing /opt/airflow/dags/data/models/Finland/TS_model.pkl took 0.026 seconds
[2024-08-17T02:55:41.460+0000] {processor.py:161} INFO - Started process (PID=86541) to work on /opt/airflow/dags/data/models/Finland/TS_model.pkl
[2024-08-17T02:55:41.461+0000] {processor.py:830} INFO - Processing file /opt/airflow/dags/data/models/Finland/TS_model.pkl for tasks to queue
[2024-08-17T02:55:41.462+0000] {logging_mixin.py:188} INFO - [2024-08-17T02:55:41.461+0000] {dagbag.py:545} INFO - Filling up the DagBag from /opt/airflow/dags/data/models/Finland/TS_model.pkl
[2024-08-17T02:55:41.473+0000] {processor.py:842} WARNING - No viable dags retrieved from /opt/airflow/dags/data/models/Finland/TS_model.pkl
[2024-08-17T02:55:41.483+0000] {processor.py:183} INFO - Processing /opt/airflow/dags/data/models/Finland/TS_model.pkl took 0.028 seconds
[2024-08-17T02:56:12.050+0000] {processor.py:161} INFO - Started process (PID=86852) to work on /opt/airflow/dags/data/models/Finland/TS_model.pkl
[2024-08-17T02:56:12.051+0000] {processor.py:830} INFO - Processing file /opt/airflow/dags/data/models/Finland/TS_model.pkl for tasks to queue
[2024-08-17T02:56:12.052+0000] {logging_mixin.py:188} INFO - [2024-08-17T02:56:12.052+0000] {dagbag.py:545} INFO - Filling up the DagBag from /opt/airflow/dags/data/models/Finland/TS_model.pkl
[2024-08-17T02:56:12.061+0000] {processor.py:842} WARNING - No viable dags retrieved from /opt/airflow/dags/data/models/Finland/TS_model.pkl
[2024-08-17T02:56:12.071+0000] {processor.py:183} INFO - Processing /opt/airflow/dags/data/models/Finland/TS_model.pkl took 0.025 seconds
[2024-08-17T02:56:42.835+0000] {processor.py:161} INFO - Started process (PID=87210) to work on /opt/airflow/dags/data/models/Finland/TS_model.pkl
[2024-08-17T02:56:42.835+0000] {processor.py:830} INFO - Processing file /opt/airflow/dags/data/models/Finland/TS_model.pkl for tasks to queue
[2024-08-17T02:56:42.836+0000] {logging_mixin.py:188} INFO - [2024-08-17T02:56:42.836+0000] {dagbag.py:545} INFO - Filling up the DagBag from /opt/airflow/dags/data/models/Finland/TS_model.pkl
[2024-08-17T02:56:42.848+0000] {processor.py:842} WARNING - No viable dags retrieved from /opt/airflow/dags/data/models/Finland/TS_model.pkl
[2024-08-17T02:56:42.859+0000] {processor.py:183} INFO - Processing /opt/airflow/dags/data/models/Finland/TS_model.pkl took 0.029 seconds
[2024-08-17T02:57:13.928+0000] {processor.py:161} INFO - Started process (PID=87543) to work on /opt/airflow/dags/data/models/Finland/TS_model.pkl
[2024-08-17T02:57:13.928+0000] {processor.py:830} INFO - Processing file /opt/airflow/dags/data/models/Finland/TS_model.pkl for tasks to queue
[2024-08-17T02:57:13.929+0000] {logging_mixin.py:188} INFO - [2024-08-17T02:57:13.929+0000] {dagbag.py:545} INFO - Filling up the DagBag from /opt/airflow/dags/data/models/Finland/TS_model.pkl
[2024-08-17T02:57:13.942+0000] {processor.py:842} WARNING - No viable dags retrieved from /opt/airflow/dags/data/models/Finland/TS_model.pkl
[2024-08-17T02:57:13.952+0000] {processor.py:183} INFO - Processing /opt/airflow/dags/data/models/Finland/TS_model.pkl took 0.028 seconds
[2024-08-17T02:57:44.643+0000] {processor.py:161} INFO - Started process (PID=87901) to work on /opt/airflow/dags/data/models/Finland/TS_model.pkl
[2024-08-17T02:57:44.643+0000] {processor.py:830} INFO - Processing file /opt/airflow/dags/data/models/Finland/TS_model.pkl for tasks to queue
[2024-08-17T02:57:44.644+0000] {logging_mixin.py:188} INFO - [2024-08-17T02:57:44.644+0000] {dagbag.py:545} INFO - Filling up the DagBag from /opt/airflow/dags/data/models/Finland/TS_model.pkl
[2024-08-17T02:57:44.658+0000] {processor.py:842} WARNING - No viable dags retrieved from /opt/airflow/dags/data/models/Finland/TS_model.pkl
[2024-08-17T02:57:44.668+0000] {processor.py:183} INFO - Processing /opt/airflow/dags/data/models/Finland/TS_model.pkl took 0.029 seconds
[2024-08-17T02:58:15.811+0000] {processor.py:161} INFO - Started process (PID=88261) to work on /opt/airflow/dags/data/models/Finland/TS_model.pkl
[2024-08-17T02:58:15.812+0000] {processor.py:830} INFO - Processing file /opt/airflow/dags/data/models/Finland/TS_model.pkl for tasks to queue
[2024-08-17T02:58:15.812+0000] {logging_mixin.py:188} INFO - [2024-08-17T02:58:15.812+0000] {dagbag.py:545} INFO - Filling up the DagBag from /opt/airflow/dags/data/models/Finland/TS_model.pkl
[2024-08-17T02:58:15.822+0000] {processor.py:842} WARNING - No viable dags retrieved from /opt/airflow/dags/data/models/Finland/TS_model.pkl
[2024-08-17T02:58:15.832+0000] {processor.py:183} INFO - Processing /opt/airflow/dags/data/models/Finland/TS_model.pkl took 0.025 seconds
[2024-08-17T02:58:46.794+0000] {processor.py:161} INFO - Started process (PID=88594) to work on /opt/airflow/dags/data/models/Finland/TS_model.pkl
[2024-08-17T02:58:46.794+0000] {processor.py:830} INFO - Processing file /opt/airflow/dags/data/models/Finland/TS_model.pkl for tasks to queue
[2024-08-17T02:58:46.795+0000] {logging_mixin.py:188} INFO - [2024-08-17T02:58:46.795+0000] {dagbag.py:545} INFO - Filling up the DagBag from /opt/airflow/dags/data/models/Finland/TS_model.pkl
[2024-08-17T02:58:46.807+0000] {processor.py:842} WARNING - No viable dags retrieved from /opt/airflow/dags/data/models/Finland/TS_model.pkl
[2024-08-17T02:58:46.818+0000] {processor.py:183} INFO - Processing /opt/airflow/dags/data/models/Finland/TS_model.pkl took 0.029 seconds
[2024-08-17T02:59:17.588+0000] {processor.py:161} INFO - Started process (PID=88981) to work on /opt/airflow/dags/data/models/Finland/TS_model.pkl
[2024-08-17T02:59:17.589+0000] {processor.py:830} INFO - Processing file /opt/airflow/dags/data/models/Finland/TS_model.pkl for tasks to queue
[2024-08-17T02:59:17.590+0000] {logging_mixin.py:188} INFO - [2024-08-17T02:59:17.589+0000] {dagbag.py:545} INFO - Filling up the DagBag from /opt/airflow/dags/data/models/Finland/TS_model.pkl
[2024-08-17T02:59:17.599+0000] {processor.py:842} WARNING - No viable dags retrieved from /opt/airflow/dags/data/models/Finland/TS_model.pkl
[2024-08-17T02:59:17.609+0000] {processor.py:183} INFO - Processing /opt/airflow/dags/data/models/Finland/TS_model.pkl took 0.025 seconds
[2024-08-17T02:59:48.614+0000] {processor.py:161} INFO - Started process (PID=89343) to work on /opt/airflow/dags/data/models/Finland/TS_model.pkl
[2024-08-17T02:59:48.614+0000] {processor.py:830} INFO - Processing file /opt/airflow/dags/data/models/Finland/TS_model.pkl for tasks to queue
[2024-08-17T02:59:48.615+0000] {logging_mixin.py:188} INFO - [2024-08-17T02:59:48.615+0000] {dagbag.py:545} INFO - Filling up the DagBag from /opt/airflow/dags/data/models/Finland/TS_model.pkl
[2024-08-17T02:59:48.623+0000] {processor.py:842} WARNING - No viable dags retrieved from /opt/airflow/dags/data/models/Finland/TS_model.pkl
[2024-08-17T02:59:48.632+0000] {processor.py:183} INFO - Processing /opt/airflow/dags/data/models/Finland/TS_model.pkl took 0.023 seconds
[2024-08-17T03:00:20.783+0000] {processor.py:161} INFO - Started process (PID=89711) to work on /opt/airflow/dags/data/models/Finland/TS_model.pkl
[2024-08-17T03:00:20.784+0000] {processor.py:830} INFO - Processing file /opt/airflow/dags/data/models/Finland/TS_model.pkl for tasks to queue
[2024-08-17T03:00:20.785+0000] {logging_mixin.py:188} INFO - [2024-08-17T03:00:20.785+0000] {dagbag.py:545} INFO - Filling up the DagBag from /opt/airflow/dags/data/models/Finland/TS_model.pkl
[2024-08-17T03:00:20.799+0000] {processor.py:842} WARNING - No viable dags retrieved from /opt/airflow/dags/data/models/Finland/TS_model.pkl
[2024-08-17T03:00:20.810+0000] {processor.py:183} INFO - Processing /opt/airflow/dags/data/models/Finland/TS_model.pkl took 0.030 seconds
[2024-08-17T03:00:51.660+0000] {processor.py:161} INFO - Started process (PID=90096) to work on /opt/airflow/dags/data/models/Finland/TS_model.pkl
[2024-08-17T03:00:51.661+0000] {processor.py:830} INFO - Processing file /opt/airflow/dags/data/models/Finland/TS_model.pkl for tasks to queue
[2024-08-17T03:00:51.661+0000] {logging_mixin.py:188} INFO - [2024-08-17T03:00:51.661+0000] {dagbag.py:545} INFO - Filling up the DagBag from /opt/airflow/dags/data/models/Finland/TS_model.pkl
[2024-08-17T03:00:51.672+0000] {processor.py:842} WARNING - No viable dags retrieved from /opt/airflow/dags/data/models/Finland/TS_model.pkl
[2024-08-17T03:00:51.683+0000] {processor.py:183} INFO - Processing /opt/airflow/dags/data/models/Finland/TS_model.pkl took 0.027 seconds
[2024-08-17T03:01:22.434+0000] {processor.py:161} INFO - Started process (PID=90457) to work on /opt/airflow/dags/data/models/Finland/TS_model.pkl
[2024-08-17T03:01:22.435+0000] {processor.py:830} INFO - Processing file /opt/airflow/dags/data/models/Finland/TS_model.pkl for tasks to queue
[2024-08-17T03:01:22.436+0000] {logging_mixin.py:188} INFO - [2024-08-17T03:01:22.435+0000] {dagbag.py:545} INFO - Filling up the DagBag from /opt/airflow/dags/data/models/Finland/TS_model.pkl
[2024-08-17T03:01:22.448+0000] {processor.py:842} WARNING - No viable dags retrieved from /opt/airflow/dags/data/models/Finland/TS_model.pkl
[2024-08-17T03:01:22.459+0000] {processor.py:183} INFO - Processing /opt/airflow/dags/data/models/Finland/TS_model.pkl took 0.029 seconds
[2024-08-17T03:01:53.253+0000] {processor.py:161} INFO - Started process (PID=90843) to work on /opt/airflow/dags/data/models/Finland/TS_model.pkl
[2024-08-17T03:01:53.254+0000] {processor.py:830} INFO - Processing file /opt/airflow/dags/data/models/Finland/TS_model.pkl for tasks to queue
[2024-08-17T03:01:53.255+0000] {logging_mixin.py:188} INFO - [2024-08-17T03:01:53.255+0000] {dagbag.py:545} INFO - Filling up the DagBag from /opt/airflow/dags/data/models/Finland/TS_model.pkl
[2024-08-17T03:01:53.268+0000] {processor.py:842} WARNING - No viable dags retrieved from /opt/airflow/dags/data/models/Finland/TS_model.pkl
[2024-08-17T03:01:53.278+0000] {processor.py:183} INFO - Processing /opt/airflow/dags/data/models/Finland/TS_model.pkl took 0.029 seconds
[2024-08-17T03:02:24.075+0000] {processor.py:161} INFO - Started process (PID=91203) to work on /opt/airflow/dags/data/models/Finland/TS_model.pkl
[2024-08-17T03:02:24.076+0000] {processor.py:830} INFO - Processing file /opt/airflow/dags/data/models/Finland/TS_model.pkl for tasks to queue
[2024-08-17T03:02:24.076+0000] {logging_mixin.py:188} INFO - [2024-08-17T03:02:24.076+0000] {dagbag.py:545} INFO - Filling up the DagBag from /opt/airflow/dags/data/models/Finland/TS_model.pkl
[2024-08-17T03:02:24.085+0000] {processor.py:842} WARNING - No viable dags retrieved from /opt/airflow/dags/data/models/Finland/TS_model.pkl
[2024-08-17T03:02:24.095+0000] {processor.py:183} INFO - Processing /opt/airflow/dags/data/models/Finland/TS_model.pkl took 0.024 seconds
[2024-08-17T03:02:54.938+0000] {processor.py:161} INFO - Started process (PID=91571) to work on /opt/airflow/dags/data/models/Finland/TS_model.pkl
[2024-08-17T03:02:54.938+0000] {processor.py:830} INFO - Processing file /opt/airflow/dags/data/models/Finland/TS_model.pkl for tasks to queue
[2024-08-17T03:02:54.939+0000] {logging_mixin.py:188} INFO - [2024-08-17T03:02:54.939+0000] {dagbag.py:545} INFO - Filling up the DagBag from /opt/airflow/dags/data/models/Finland/TS_model.pkl
[2024-08-17T03:02:54.951+0000] {processor.py:842} WARNING - No viable dags retrieved from /opt/airflow/dags/data/models/Finland/TS_model.pkl
[2024-08-17T03:02:54.962+0000] {processor.py:183} INFO - Processing /opt/airflow/dags/data/models/Finland/TS_model.pkl took 0.028 seconds
[2024-08-17T03:03:25.792+0000] {processor.py:161} INFO - Started process (PID=91936) to work on /opt/airflow/dags/data/models/Finland/TS_model.pkl
[2024-08-17T03:03:25.793+0000] {processor.py:830} INFO - Processing file /opt/airflow/dags/data/models/Finland/TS_model.pkl for tasks to queue
[2024-08-17T03:03:25.794+0000] {logging_mixin.py:188} INFO - [2024-08-17T03:03:25.793+0000] {dagbag.py:545} INFO - Filling up the DagBag from /opt/airflow/dags/data/models/Finland/TS_model.pkl
[2024-08-17T03:03:25.807+0000] {processor.py:842} WARNING - No viable dags retrieved from /opt/airflow/dags/data/models/Finland/TS_model.pkl
[2024-08-17T03:03:25.818+0000] {processor.py:183} INFO - Processing /opt/airflow/dags/data/models/Finland/TS_model.pkl took 0.030 seconds
[2024-08-17T03:03:59.841+0000] {processor.py:161} INFO - Started process (PID=92308) to work on /opt/airflow/dags/data/models/Finland/TS_model.pkl
[2024-08-17T03:03:59.842+0000] {processor.py:830} INFO - Processing file /opt/airflow/dags/data/models/Finland/TS_model.pkl for tasks to queue
[2024-08-17T03:03:59.842+0000] {logging_mixin.py:188} INFO - [2024-08-17T03:03:59.842+0000] {dagbag.py:545} INFO - Filling up the DagBag from /opt/airflow/dags/data/models/Finland/TS_model.pkl
[2024-08-17T03:03:59.855+0000] {processor.py:842} WARNING - No viable dags retrieved from /opt/airflow/dags/data/models/Finland/TS_model.pkl
[2024-08-17T03:03:59.865+0000] {processor.py:183} INFO - Processing /opt/airflow/dags/data/models/Finland/TS_model.pkl took 0.027 seconds
[2024-08-17T03:04:31.484+0000] {processor.py:161} INFO - Started process (PID=92722) to work on /opt/airflow/dags/data/models/Finland/TS_model.pkl
[2024-08-17T03:04:31.484+0000] {processor.py:830} INFO - Processing file /opt/airflow/dags/data/models/Finland/TS_model.pkl for tasks to queue
[2024-08-17T03:04:31.485+0000] {logging_mixin.py:188} INFO - [2024-08-17T03:04:31.485+0000] {dagbag.py:545} INFO - Filling up the DagBag from /opt/airflow/dags/data/models/Finland/TS_model.pkl
[2024-08-17T03:04:31.498+0000] {processor.py:842} WARNING - No viable dags retrieved from /opt/airflow/dags/data/models/Finland/TS_model.pkl
[2024-08-17T03:04:31.507+0000] {processor.py:183} INFO - Processing /opt/airflow/dags/data/models/Finland/TS_model.pkl took 0.028 seconds
[2024-08-17T03:05:03.205+0000] {processor.py:161} INFO - Started process (PID=93136) to work on /opt/airflow/dags/data/models/Finland/TS_model.pkl
[2024-08-17T03:05:03.206+0000] {processor.py:830} INFO - Processing file /opt/airflow/dags/data/models/Finland/TS_model.pkl for tasks to queue
[2024-08-17T03:05:03.207+0000] {logging_mixin.py:188} INFO - [2024-08-17T03:05:03.206+0000] {dagbag.py:545} INFO - Filling up the DagBag from /opt/airflow/dags/data/models/Finland/TS_model.pkl
[2024-08-17T03:05:03.219+0000] {processor.py:842} WARNING - No viable dags retrieved from /opt/airflow/dags/data/models/Finland/TS_model.pkl
[2024-08-17T03:05:03.230+0000] {processor.py:183} INFO - Processing /opt/airflow/dags/data/models/Finland/TS_model.pkl took 0.029 seconds
[2024-08-17T03:05:34.229+0000] {processor.py:161} INFO - Started process (PID=93524) to work on /opt/airflow/dags/data/models/Finland/TS_model.pkl
[2024-08-17T03:05:34.230+0000] {processor.py:830} INFO - Processing file /opt/airflow/dags/data/models/Finland/TS_model.pkl for tasks to queue
[2024-08-17T03:05:34.231+0000] {logging_mixin.py:188} INFO - [2024-08-17T03:05:34.230+0000] {dagbag.py:545} INFO - Filling up the DagBag from /opt/airflow/dags/data/models/Finland/TS_model.pkl
[2024-08-17T03:05:34.244+0000] {processor.py:842} WARNING - No viable dags retrieved from /opt/airflow/dags/data/models/Finland/TS_model.pkl
[2024-08-17T03:05:34.255+0000] {processor.py:183} INFO - Processing /opt/airflow/dags/data/models/Finland/TS_model.pkl took 0.031 seconds
[2024-08-17T03:06:05.243+0000] {processor.py:161} INFO - Started process (PID=93939) to work on /opt/airflow/dags/data/models/Finland/TS_model.pkl
[2024-08-17T03:06:05.243+0000] {processor.py:830} INFO - Processing file /opt/airflow/dags/data/models/Finland/TS_model.pkl for tasks to queue
[2024-08-17T03:06:05.244+0000] {logging_mixin.py:188} INFO - [2024-08-17T03:06:05.244+0000] {dagbag.py:545} INFO - Filling up the DagBag from /opt/airflow/dags/data/models/Finland/TS_model.pkl
[2024-08-17T03:06:05.258+0000] {processor.py:842} WARNING - No viable dags retrieved from /opt/airflow/dags/data/models/Finland/TS_model.pkl
[2024-08-17T03:06:05.267+0000] {processor.py:183} INFO - Processing /opt/airflow/dags/data/models/Finland/TS_model.pkl took 0.030 seconds
[2024-08-17T03:06:36.099+0000] {processor.py:161} INFO - Started process (PID=94328) to work on /opt/airflow/dags/data/models/Finland/TS_model.pkl
[2024-08-17T03:06:36.100+0000] {processor.py:830} INFO - Processing file /opt/airflow/dags/data/models/Finland/TS_model.pkl for tasks to queue
[2024-08-17T03:06:36.101+0000] {logging_mixin.py:188} INFO - [2024-08-17T03:06:36.100+0000] {dagbag.py:545} INFO - Filling up the DagBag from /opt/airflow/dags/data/models/Finland/TS_model.pkl
[2024-08-17T03:06:36.112+0000] {processor.py:842} WARNING - No viable dags retrieved from /opt/airflow/dags/data/models/Finland/TS_model.pkl
[2024-08-17T03:06:36.123+0000] {processor.py:183} INFO - Processing /opt/airflow/dags/data/models/Finland/TS_model.pkl took 0.028 seconds
[2024-08-17T03:07:07.707+0000] {processor.py:161} INFO - Started process (PID=94743) to work on /opt/airflow/dags/data/models/Finland/TS_model.pkl
[2024-08-17T03:07:07.707+0000] {processor.py:830} INFO - Processing file /opt/airflow/dags/data/models/Finland/TS_model.pkl for tasks to queue
[2024-08-17T03:07:07.708+0000] {logging_mixin.py:188} INFO - [2024-08-17T03:07:07.708+0000] {dagbag.py:545} INFO - Filling up the DagBag from /opt/airflow/dags/data/models/Finland/TS_model.pkl
[2024-08-17T03:07:07.717+0000] {processor.py:842} WARNING - No viable dags retrieved from /opt/airflow/dags/data/models/Finland/TS_model.pkl
[2024-08-17T03:07:07.727+0000] {processor.py:183} INFO - Processing /opt/airflow/dags/data/models/Finland/TS_model.pkl took 0.025 seconds
[2024-08-17T03:07:39.825+0000] {processor.py:161} INFO - Started process (PID=95157) to work on /opt/airflow/dags/data/models/Finland/TS_model.pkl
[2024-08-17T03:07:39.825+0000] {processor.py:830} INFO - Processing file /opt/airflow/dags/data/models/Finland/TS_model.pkl for tasks to queue
[2024-08-17T03:07:39.826+0000] {logging_mixin.py:188} INFO - [2024-08-17T03:07:39.826+0000] {dagbag.py:545} INFO - Filling up the DagBag from /opt/airflow/dags/data/models/Finland/TS_model.pkl
[2024-08-17T03:07:39.838+0000] {processor.py:842} WARNING - No viable dags retrieved from /opt/airflow/dags/data/models/Finland/TS_model.pkl
[2024-08-17T03:07:39.847+0000] {processor.py:183} INFO - Processing /opt/airflow/dags/data/models/Finland/TS_model.pkl took 0.027 seconds
[2024-08-17T03:08:11.953+0000] {processor.py:161} INFO - Started process (PID=95522) to work on /opt/airflow/dags/data/models/Finland/TS_model.pkl
[2024-08-17T03:08:11.954+0000] {processor.py:830} INFO - Processing file /opt/airflow/dags/data/models/Finland/TS_model.pkl for tasks to queue
[2024-08-17T03:08:11.955+0000] {logging_mixin.py:188} INFO - [2024-08-17T03:08:11.955+0000] {dagbag.py:545} INFO - Filling up the DagBag from /opt/airflow/dags/data/models/Finland/TS_model.pkl
[2024-08-17T03:08:11.968+0000] {processor.py:842} WARNING - No viable dags retrieved from /opt/airflow/dags/data/models/Finland/TS_model.pkl
[2024-08-17T03:08:11.978+0000] {processor.py:183} INFO - Processing /opt/airflow/dags/data/models/Finland/TS_model.pkl took 0.028 seconds
[2024-08-17T03:08:42.769+0000] {processor.py:161} INFO - Started process (PID=95934) to work on /opt/airflow/dags/data/models/Finland/TS_model.pkl
[2024-08-17T03:08:42.770+0000] {processor.py:830} INFO - Processing file /opt/airflow/dags/data/models/Finland/TS_model.pkl for tasks to queue
[2024-08-17T03:08:42.770+0000] {logging_mixin.py:188} INFO - [2024-08-17T03:08:42.770+0000] {dagbag.py:545} INFO - Filling up the DagBag from /opt/airflow/dags/data/models/Finland/TS_model.pkl
[2024-08-17T03:08:42.782+0000] {processor.py:842} WARNING - No viable dags retrieved from /opt/airflow/dags/data/models/Finland/TS_model.pkl
[2024-08-17T03:08:42.798+0000] {processor.py:183} INFO - Processing /opt/airflow/dags/data/models/Finland/TS_model.pkl took 0.033 seconds
[2024-08-17T03:09:14.052+0000] {processor.py:161} INFO - Started process (PID=96378) to work on /opt/airflow/dags/data/models/Finland/TS_model.pkl
[2024-08-17T03:09:14.053+0000] {processor.py:830} INFO - Processing file /opt/airflow/dags/data/models/Finland/TS_model.pkl for tasks to queue
[2024-08-17T03:09:14.054+0000] {logging_mixin.py:188} INFO - [2024-08-17T03:09:14.053+0000] {dagbag.py:545} INFO - Filling up the DagBag from /opt/airflow/dags/data/models/Finland/TS_model.pkl
[2024-08-17T03:09:14.073+0000] {processor.py:842} WARNING - No viable dags retrieved from /opt/airflow/dags/data/models/Finland/TS_model.pkl
[2024-08-17T03:09:14.086+0000] {processor.py:183} INFO - Processing /opt/airflow/dags/data/models/Finland/TS_model.pkl took 0.038 seconds
[2024-08-17T03:09:45.239+0000] {processor.py:161} INFO - Started process (PID=96796) to work on /opt/airflow/dags/data/models/Finland/TS_model.pkl
[2024-08-17T03:09:45.239+0000] {processor.py:830} INFO - Processing file /opt/airflow/dags/data/models/Finland/TS_model.pkl for tasks to queue
[2024-08-17T03:09:45.240+0000] {logging_mixin.py:188} INFO - [2024-08-17T03:09:45.240+0000] {dagbag.py:545} INFO - Filling up the DagBag from /opt/airflow/dags/data/models/Finland/TS_model.pkl
[2024-08-17T03:09:45.254+0000] {processor.py:842} WARNING - No viable dags retrieved from /opt/airflow/dags/data/models/Finland/TS_model.pkl
[2024-08-17T03:09:45.265+0000] {processor.py:183} INFO - Processing /opt/airflow/dags/data/models/Finland/TS_model.pkl took 0.030 seconds
[2024-08-17T03:10:16.131+0000] {processor.py:161} INFO - Started process (PID=97239) to work on /opt/airflow/dags/data/models/Finland/TS_model.pkl
[2024-08-17T03:10:16.132+0000] {processor.py:830} INFO - Processing file /opt/airflow/dags/data/models/Finland/TS_model.pkl for tasks to queue
[2024-08-17T03:10:16.133+0000] {logging_mixin.py:188} INFO - [2024-08-17T03:10:16.133+0000] {dagbag.py:545} INFO - Filling up the DagBag from /opt/airflow/dags/data/models/Finland/TS_model.pkl
[2024-08-17T03:10:16.149+0000] {processor.py:842} WARNING - No viable dags retrieved from /opt/airflow/dags/data/models/Finland/TS_model.pkl
[2024-08-17T03:10:16.160+0000] {processor.py:183} INFO - Processing /opt/airflow/dags/data/models/Finland/TS_model.pkl took 0.033 seconds
[2024-08-17T03:10:48.008+0000] {processor.py:161} INFO - Started process (PID=97658) to work on /opt/airflow/dags/data/models/Finland/TS_model.pkl
[2024-08-17T03:10:48.010+0000] {processor.py:830} INFO - Processing file /opt/airflow/dags/data/models/Finland/TS_model.pkl for tasks to queue
[2024-08-17T03:10:48.011+0000] {logging_mixin.py:188} INFO - [2024-08-17T03:10:48.011+0000] {dagbag.py:545} INFO - Filling up the DagBag from /opt/airflow/dags/data/models/Finland/TS_model.pkl
[2024-08-17T03:10:48.025+0000] {processor.py:842} WARNING - No viable dags retrieved from /opt/airflow/dags/data/models/Finland/TS_model.pkl
[2024-08-17T03:10:48.035+0000] {processor.py:183} INFO - Processing /opt/airflow/dags/data/models/Finland/TS_model.pkl took 0.032 seconds
[2024-08-17T03:11:18.946+0000] {processor.py:161} INFO - Started process (PID=98082) to work on /opt/airflow/dags/data/models/Finland/TS_model.pkl
[2024-08-17T03:11:18.947+0000] {processor.py:830} INFO - Processing file /opt/airflow/dags/data/models/Finland/TS_model.pkl for tasks to queue
[2024-08-17T03:11:18.947+0000] {logging_mixin.py:188} INFO - [2024-08-17T03:11:18.947+0000] {dagbag.py:545} INFO - Filling up the DagBag from /opt/airflow/dags/data/models/Finland/TS_model.pkl
[2024-08-17T03:11:18.956+0000] {processor.py:842} WARNING - No viable dags retrieved from /opt/airflow/dags/data/models/Finland/TS_model.pkl
[2024-08-17T03:11:18.966+0000] {processor.py:183} INFO - Processing /opt/airflow/dags/data/models/Finland/TS_model.pkl took 0.025 seconds
[2024-08-17T03:11:49.955+0000] {processor.py:161} INFO - Started process (PID=98505) to work on /opt/airflow/dags/data/models/Finland/TS_model.pkl
[2024-08-17T03:11:49.956+0000] {processor.py:830} INFO - Processing file /opt/airflow/dags/data/models/Finland/TS_model.pkl for tasks to queue
[2024-08-17T03:11:49.957+0000] {logging_mixin.py:188} INFO - [2024-08-17T03:11:49.957+0000] {dagbag.py:545} INFO - Filling up the DagBag from /opt/airflow/dags/data/models/Finland/TS_model.pkl
[2024-08-17T03:11:49.969+0000] {processor.py:842} WARNING - No viable dags retrieved from /opt/airflow/dags/data/models/Finland/TS_model.pkl
[2024-08-17T03:11:49.978+0000] {processor.py:183} INFO - Processing /opt/airflow/dags/data/models/Finland/TS_model.pkl took 0.028 seconds
[2024-08-17T03:12:20.905+0000] {processor.py:161} INFO - Started process (PID=98923) to work on /opt/airflow/dags/data/models/Finland/TS_model.pkl
[2024-08-17T03:12:20.906+0000] {processor.py:830} INFO - Processing file /opt/airflow/dags/data/models/Finland/TS_model.pkl for tasks to queue
[2024-08-17T03:12:20.907+0000] {logging_mixin.py:188} INFO - [2024-08-17T03:12:20.906+0000] {dagbag.py:545} INFO - Filling up the DagBag from /opt/airflow/dags/data/models/Finland/TS_model.pkl
[2024-08-17T03:12:20.921+0000] {processor.py:842} WARNING - No viable dags retrieved from /opt/airflow/dags/data/models/Finland/TS_model.pkl
[2024-08-17T03:12:20.932+0000] {processor.py:183} INFO - Processing /opt/airflow/dags/data/models/Finland/TS_model.pkl took 0.031 seconds
[2024-08-17T03:12:51.707+0000] {processor.py:161} INFO - Started process (PID=99366) to work on /opt/airflow/dags/data/models/Finland/TS_model.pkl
[2024-08-17T03:12:51.707+0000] {processor.py:830} INFO - Processing file /opt/airflow/dags/data/models/Finland/TS_model.pkl for tasks to queue
[2024-08-17T03:12:51.708+0000] {logging_mixin.py:188} INFO - [2024-08-17T03:12:51.708+0000] {dagbag.py:545} INFO - Filling up the DagBag from /opt/airflow/dags/data/models/Finland/TS_model.pkl
[2024-08-17T03:12:51.718+0000] {processor.py:842} WARNING - No viable dags retrieved from /opt/airflow/dags/data/models/Finland/TS_model.pkl
[2024-08-17T03:12:51.727+0000] {processor.py:183} INFO - Processing /opt/airflow/dags/data/models/Finland/TS_model.pkl took 0.024 seconds
[2024-08-17T03:13:22.681+0000] {processor.py:161} INFO - Started process (PID=99783) to work on /opt/airflow/dags/data/models/Finland/TS_model.pkl
[2024-08-17T03:13:22.681+0000] {processor.py:830} INFO - Processing file /opt/airflow/dags/data/models/Finland/TS_model.pkl for tasks to queue
[2024-08-17T03:13:22.682+0000] {logging_mixin.py:188} INFO - [2024-08-17T03:13:22.682+0000] {dagbag.py:545} INFO - Filling up the DagBag from /opt/airflow/dags/data/models/Finland/TS_model.pkl
[2024-08-17T03:13:22.706+0000] {processor.py:842} WARNING - No viable dags retrieved from /opt/airflow/dags/data/models/Finland/TS_model.pkl
[2024-08-17T03:13:22.717+0000] {processor.py:183} INFO - Processing /opt/airflow/dags/data/models/Finland/TS_model.pkl took 0.041 seconds
[2024-08-17T03:14:00.795+0000] {processor.py:161} INFO - Started process (PID=557) to work on /opt/airflow/dags/data/models/Finland/TS_model.pkl
[2024-08-17T03:14:00.796+0000] {processor.py:830} INFO - Processing file /opt/airflow/dags/data/models/Finland/TS_model.pkl for tasks to queue
[2024-08-17T03:14:00.796+0000] {logging_mixin.py:188} INFO - [2024-08-17T03:14:00.796+0000] {dagbag.py:545} INFO - Filling up the DagBag from /opt/airflow/dags/data/models/Finland/TS_model.pkl
[2024-08-17T03:14:00.806+0000] {processor.py:842} WARNING - No viable dags retrieved from /opt/airflow/dags/data/models/Finland/TS_model.pkl
[2024-08-17T03:14:00.816+0000] {processor.py:183} INFO - Processing /opt/airflow/dags/data/models/Finland/TS_model.pkl took 0.026 seconds
[2024-08-17T03:14:31.964+0000] {processor.py:161} INFO - Started process (PID=966) to work on /opt/airflow/dags/data/models/Finland/TS_model.pkl
[2024-08-17T03:14:31.965+0000] {processor.py:830} INFO - Processing file /opt/airflow/dags/data/models/Finland/TS_model.pkl for tasks to queue
[2024-08-17T03:14:31.965+0000] {logging_mixin.py:188} INFO - [2024-08-17T03:14:31.965+0000] {dagbag.py:545} INFO - Filling up the DagBag from /opt/airflow/dags/data/models/Finland/TS_model.pkl
[2024-08-17T03:14:31.973+0000] {processor.py:842} WARNING - No viable dags retrieved from /opt/airflow/dags/data/models/Finland/TS_model.pkl
[2024-08-17T03:14:31.982+0000] {processor.py:183} INFO - Processing /opt/airflow/dags/data/models/Finland/TS_model.pkl took 0.022 seconds
[2024-08-17T03:15:02.937+0000] {processor.py:161} INFO - Started process (PID=1418) to work on /opt/airflow/dags/data/models/Finland/TS_model.pkl
[2024-08-17T03:15:02.937+0000] {processor.py:830} INFO - Processing file /opt/airflow/dags/data/models/Finland/TS_model.pkl for tasks to queue
[2024-08-17T03:15:02.938+0000] {logging_mixin.py:188} INFO - [2024-08-17T03:15:02.938+0000] {dagbag.py:545} INFO - Filling up the DagBag from /opt/airflow/dags/data/models/Finland/TS_model.pkl
[2024-08-17T03:15:02.949+0000] {processor.py:842} WARNING - No viable dags retrieved from /opt/airflow/dags/data/models/Finland/TS_model.pkl
[2024-08-17T03:15:02.959+0000] {processor.py:183} INFO - Processing /opt/airflow/dags/data/models/Finland/TS_model.pkl took 0.026 seconds
[2024-08-17T03:15:33.851+0000] {processor.py:161} INFO - Started process (PID=1846) to work on /opt/airflow/dags/data/models/Finland/TS_model.pkl
[2024-08-17T03:15:33.852+0000] {processor.py:830} INFO - Processing file /opt/airflow/dags/data/models/Finland/TS_model.pkl for tasks to queue
[2024-08-17T03:15:33.853+0000] {logging_mixin.py:188} INFO - [2024-08-17T03:15:33.852+0000] {dagbag.py:545} INFO - Filling up the DagBag from /opt/airflow/dags/data/models/Finland/TS_model.pkl
[2024-08-17T03:15:33.864+0000] {processor.py:842} WARNING - No viable dags retrieved from /opt/airflow/dags/data/models/Finland/TS_model.pkl
[2024-08-17T03:15:33.874+0000] {processor.py:183} INFO - Processing /opt/airflow/dags/data/models/Finland/TS_model.pkl took 0.026 seconds
[2024-08-17T03:16:04.744+0000] {processor.py:161} INFO - Started process (PID=2300) to work on /opt/airflow/dags/data/models/Finland/TS_model.pkl
[2024-08-17T03:16:04.745+0000] {processor.py:830} INFO - Processing file /opt/airflow/dags/data/models/Finland/TS_model.pkl for tasks to queue
[2024-08-17T03:16:04.746+0000] {logging_mixin.py:188} INFO - [2024-08-17T03:16:04.745+0000] {dagbag.py:545} INFO - Filling up the DagBag from /opt/airflow/dags/data/models/Finland/TS_model.pkl
[2024-08-17T03:16:04.754+0000] {processor.py:842} WARNING - No viable dags retrieved from /opt/airflow/dags/data/models/Finland/TS_model.pkl
[2024-08-17T03:16:04.763+0000] {processor.py:183} INFO - Processing /opt/airflow/dags/data/models/Finland/TS_model.pkl took 0.022 seconds
[2024-08-17T03:16:35.616+0000] {processor.py:161} INFO - Started process (PID=2754) to work on /opt/airflow/dags/data/models/Finland/TS_model.pkl
[2024-08-17T03:16:35.616+0000] {processor.py:830} INFO - Processing file /opt/airflow/dags/data/models/Finland/TS_model.pkl for tasks to queue
[2024-08-17T03:16:35.618+0000] {logging_mixin.py:188} INFO - [2024-08-17T03:16:35.617+0000] {dagbag.py:545} INFO - Filling up the DagBag from /opt/airflow/dags/data/models/Finland/TS_model.pkl
[2024-08-17T03:16:35.627+0000] {processor.py:842} WARNING - No viable dags retrieved from /opt/airflow/dags/data/models/Finland/TS_model.pkl
[2024-08-17T03:16:35.637+0000] {processor.py:183} INFO - Processing /opt/airflow/dags/data/models/Finland/TS_model.pkl took 0.025 seconds
[2024-08-17T03:17:06.318+0000] {processor.py:161} INFO - Started process (PID=3182) to work on /opt/airflow/dags/data/models/Finland/TS_model.pkl
[2024-08-17T03:17:06.319+0000] {processor.py:830} INFO - Processing file /opt/airflow/dags/data/models/Finland/TS_model.pkl for tasks to queue
[2024-08-17T03:17:06.319+0000] {logging_mixin.py:188} INFO - [2024-08-17T03:17:06.319+0000] {dagbag.py:545} INFO - Filling up the DagBag from /opt/airflow/dags/data/models/Finland/TS_model.pkl
[2024-08-17T03:17:06.327+0000] {processor.py:842} WARNING - No viable dags retrieved from /opt/airflow/dags/data/models/Finland/TS_model.pkl
[2024-08-17T03:17:06.336+0000] {processor.py:183} INFO - Processing /opt/airflow/dags/data/models/Finland/TS_model.pkl took 0.022 seconds
[2024-08-17T03:17:37.114+0000] {processor.py:161} INFO - Started process (PID=3636) to work on /opt/airflow/dags/data/models/Finland/TS_model.pkl
[2024-08-17T03:17:37.114+0000] {processor.py:830} INFO - Processing file /opt/airflow/dags/data/models/Finland/TS_model.pkl for tasks to queue
[2024-08-17T03:17:37.115+0000] {logging_mixin.py:188} INFO - [2024-08-17T03:17:37.115+0000] {dagbag.py:545} INFO - Filling up the DagBag from /opt/airflow/dags/data/models/Finland/TS_model.pkl
[2024-08-17T03:17:37.122+0000] {processor.py:842} WARNING - No viable dags retrieved from /opt/airflow/dags/data/models/Finland/TS_model.pkl
[2024-08-17T03:17:37.132+0000] {processor.py:183} INFO - Processing /opt/airflow/dags/data/models/Finland/TS_model.pkl took 0.022 seconds
[2024-08-17T03:18:07.730+0000] {processor.py:161} INFO - Started process (PID=4064) to work on /opt/airflow/dags/data/models/Finland/TS_model.pkl
[2024-08-17T03:18:07.730+0000] {processor.py:830} INFO - Processing file /opt/airflow/dags/data/models/Finland/TS_model.pkl for tasks to queue
[2024-08-17T03:18:07.731+0000] {logging_mixin.py:188} INFO - [2024-08-17T03:18:07.731+0000] {dagbag.py:545} INFO - Filling up the DagBag from /opt/airflow/dags/data/models/Finland/TS_model.pkl
[2024-08-17T03:18:07.738+0000] {processor.py:842} WARNING - No viable dags retrieved from /opt/airflow/dags/data/models/Finland/TS_model.pkl
[2024-08-17T03:18:07.747+0000] {processor.py:183} INFO - Processing /opt/airflow/dags/data/models/Finland/TS_model.pkl took 0.021 seconds
[2024-08-17T03:18:38.724+0000] {processor.py:161} INFO - Started process (PID=4518) to work on /opt/airflow/dags/data/models/Finland/TS_model.pkl
[2024-08-17T03:18:38.725+0000] {processor.py:830} INFO - Processing file /opt/airflow/dags/data/models/Finland/TS_model.pkl for tasks to queue
[2024-08-17T03:18:38.725+0000] {logging_mixin.py:188} INFO - [2024-08-17T03:18:38.725+0000] {dagbag.py:545} INFO - Filling up the DagBag from /opt/airflow/dags/data/models/Finland/TS_model.pkl
[2024-08-17T03:18:38.734+0000] {processor.py:842} WARNING - No viable dags retrieved from /opt/airflow/dags/data/models/Finland/TS_model.pkl
[2024-08-17T03:18:38.743+0000] {processor.py:183} INFO - Processing /opt/airflow/dags/data/models/Finland/TS_model.pkl took 0.022 seconds
[2024-08-17T03:19:10.255+0000] {processor.py:161} INFO - Started process (PID=4971) to work on /opt/airflow/dags/data/models/Finland/TS_model.pkl
[2024-08-17T03:19:10.256+0000] {processor.py:830} INFO - Processing file /opt/airflow/dags/data/models/Finland/TS_model.pkl for tasks to queue
[2024-08-17T03:19:10.256+0000] {logging_mixin.py:188} INFO - [2024-08-17T03:19:10.256+0000] {dagbag.py:545} INFO - Filling up the DagBag from /opt/airflow/dags/data/models/Finland/TS_model.pkl
[2024-08-17T03:19:10.266+0000] {processor.py:842} WARNING - No viable dags retrieved from /opt/airflow/dags/data/models/Finland/TS_model.pkl
[2024-08-17T03:19:10.278+0000] {processor.py:183} INFO - Processing /opt/airflow/dags/data/models/Finland/TS_model.pkl took 0.026 seconds
[2024-08-17T03:19:40.905+0000] {processor.py:161} INFO - Started process (PID=5378) to work on /opt/airflow/dags/data/models/Finland/TS_model.pkl
[2024-08-17T03:19:40.907+0000] {processor.py:830} INFO - Processing file /opt/airflow/dags/data/models/Finland/TS_model.pkl for tasks to queue
[2024-08-17T03:19:40.908+0000] {logging_mixin.py:188} INFO - [2024-08-17T03:19:40.908+0000] {dagbag.py:545} INFO - Filling up the DagBag from /opt/airflow/dags/data/models/Finland/TS_model.pkl
[2024-08-17T03:19:40.915+0000] {processor.py:842} WARNING - No viable dags retrieved from /opt/airflow/dags/data/models/Finland/TS_model.pkl
[2024-08-17T03:19:40.925+0000] {processor.py:183} INFO - Processing /opt/airflow/dags/data/models/Finland/TS_model.pkl took 0.023 seconds
[2024-08-17T03:20:11.570+0000] {processor.py:161} INFO - Started process (PID=5832) to work on /opt/airflow/dags/data/models/Finland/TS_model.pkl
[2024-08-17T03:20:11.571+0000] {processor.py:830} INFO - Processing file /opt/airflow/dags/data/models/Finland/TS_model.pkl for tasks to queue
[2024-08-17T03:20:11.571+0000] {logging_mixin.py:188} INFO - [2024-08-17T03:20:11.571+0000] {dagbag.py:545} INFO - Filling up the DagBag from /opt/airflow/dags/data/models/Finland/TS_model.pkl
[2024-08-17T03:20:11.578+0000] {processor.py:842} WARNING - No viable dags retrieved from /opt/airflow/dags/data/models/Finland/TS_model.pkl
[2024-08-17T03:20:11.587+0000] {processor.py:183} INFO - Processing /opt/airflow/dags/data/models/Finland/TS_model.pkl took 0.021 seconds
[2024-08-17T03:20:42.430+0000] {processor.py:161} INFO - Started process (PID=6248) to work on /opt/airflow/dags/data/models/Finland/TS_model.pkl
[2024-08-17T03:20:42.431+0000] {processor.py:830} INFO - Processing file /opt/airflow/dags/data/models/Finland/TS_model.pkl for tasks to queue
[2024-08-17T03:20:42.432+0000] {logging_mixin.py:188} INFO - [2024-08-17T03:20:42.431+0000] {dagbag.py:545} INFO - Filling up the DagBag from /opt/airflow/dags/data/models/Finland/TS_model.pkl
[2024-08-17T03:20:42.441+0000] {processor.py:842} WARNING - No viable dags retrieved from /opt/airflow/dags/data/models/Finland/TS_model.pkl
[2024-08-17T03:20:42.453+0000] {processor.py:183} INFO - Processing /opt/airflow/dags/data/models/Finland/TS_model.pkl took 0.026 seconds
[2024-08-17T03:21:13.072+0000] {processor.py:161} INFO - Started process (PID=6693) to work on /opt/airflow/dags/data/models/Finland/TS_model.pkl
[2024-08-17T03:21:13.073+0000] {processor.py:830} INFO - Processing file /opt/airflow/dags/data/models/Finland/TS_model.pkl for tasks to queue
[2024-08-17T03:21:13.074+0000] {logging_mixin.py:188} INFO - [2024-08-17T03:21:13.074+0000] {dagbag.py:545} INFO - Filling up the DagBag from /opt/airflow/dags/data/models/Finland/TS_model.pkl
[2024-08-17T03:21:13.082+0000] {processor.py:842} WARNING - No viable dags retrieved from /opt/airflow/dags/data/models/Finland/TS_model.pkl
[2024-08-17T03:21:13.091+0000] {processor.py:183} INFO - Processing /opt/airflow/dags/data/models/Finland/TS_model.pkl took 0.023 seconds
[2024-08-17T03:21:43.897+0000] {processor.py:161} INFO - Started process (PID=7146) to work on /opt/airflow/dags/data/models/Finland/TS_model.pkl
[2024-08-17T03:21:43.897+0000] {processor.py:830} INFO - Processing file /opt/airflow/dags/data/models/Finland/TS_model.pkl for tasks to queue
[2024-08-17T03:21:43.898+0000] {logging_mixin.py:188} INFO - [2024-08-17T03:21:43.898+0000] {dagbag.py:545} INFO - Filling up the DagBag from /opt/airflow/dags/data/models/Finland/TS_model.pkl
[2024-08-17T03:21:43.906+0000] {processor.py:842} WARNING - No viable dags retrieved from /opt/airflow/dags/data/models/Finland/TS_model.pkl
[2024-08-17T03:21:43.915+0000] {processor.py:183} INFO - Processing /opt/airflow/dags/data/models/Finland/TS_model.pkl took 0.022 seconds
[2024-08-17T03:22:14.744+0000] {processor.py:161} INFO - Started process (PID=7574) to work on /opt/airflow/dags/data/models/Finland/TS_model.pkl
[2024-08-17T03:22:14.744+0000] {processor.py:830} INFO - Processing file /opt/airflow/dags/data/models/Finland/TS_model.pkl for tasks to queue
[2024-08-17T03:22:14.747+0000] {logging_mixin.py:188} INFO - [2024-08-17T03:22:14.747+0000] {dagbag.py:545} INFO - Filling up the DagBag from /opt/airflow/dags/data/models/Finland/TS_model.pkl
[2024-08-17T03:22:14.759+0000] {processor.py:842} WARNING - No viable dags retrieved from /opt/airflow/dags/data/models/Finland/TS_model.pkl
[2024-08-17T03:22:14.770+0000] {processor.py:183} INFO - Processing /opt/airflow/dags/data/models/Finland/TS_model.pkl took 0.030 seconds
[2024-08-17T03:22:45.488+0000] {processor.py:161} INFO - Started process (PID=8029) to work on /opt/airflow/dags/data/models/Finland/TS_model.pkl
[2024-08-17T03:22:45.490+0000] {processor.py:830} INFO - Processing file /opt/airflow/dags/data/models/Finland/TS_model.pkl for tasks to queue
[2024-08-17T03:22:45.490+0000] {logging_mixin.py:188} INFO - [2024-08-17T03:22:45.490+0000] {dagbag.py:545} INFO - Filling up the DagBag from /opt/airflow/dags/data/models/Finland/TS_model.pkl
[2024-08-17T03:22:45.499+0000] {processor.py:842} WARNING - No viable dags retrieved from /opt/airflow/dags/data/models/Finland/TS_model.pkl
[2024-08-17T03:22:45.508+0000] {processor.py:183} INFO - Processing /opt/airflow/dags/data/models/Finland/TS_model.pkl took 0.023 seconds
[2024-08-17T03:23:16.748+0000] {processor.py:161} INFO - Started process (PID=8467) to work on /opt/airflow/dags/data/models/Finland/TS_model.pkl
[2024-08-17T03:23:16.749+0000] {processor.py:830} INFO - Processing file /opt/airflow/dags/data/models/Finland/TS_model.pkl for tasks to queue
[2024-08-17T03:23:16.750+0000] {logging_mixin.py:188} INFO - [2024-08-17T03:23:16.749+0000] {dagbag.py:545} INFO - Filling up the DagBag from /opt/airflow/dags/data/models/Finland/TS_model.pkl
[2024-08-17T03:23:16.757+0000] {processor.py:842} WARNING - No viable dags retrieved from /opt/airflow/dags/data/models/Finland/TS_model.pkl
[2024-08-17T03:23:16.767+0000] {processor.py:183} INFO - Processing /opt/airflow/dags/data/models/Finland/TS_model.pkl took 0.023 seconds
[2024-08-17T03:23:47.717+0000] {processor.py:161} INFO - Started process (PID=8913) to work on /opt/airflow/dags/data/models/Finland/TS_model.pkl
[2024-08-17T03:23:47.718+0000] {processor.py:830} INFO - Processing file /opt/airflow/dags/data/models/Finland/TS_model.pkl for tasks to queue
[2024-08-17T03:23:47.719+0000] {logging_mixin.py:188} INFO - [2024-08-17T03:23:47.718+0000] {dagbag.py:545} INFO - Filling up the DagBag from /opt/airflow/dags/data/models/Finland/TS_model.pkl
[2024-08-17T03:23:47.727+0000] {processor.py:842} WARNING - No viable dags retrieved from /opt/airflow/dags/data/models/Finland/TS_model.pkl
[2024-08-17T03:23:47.737+0000] {processor.py:183} INFO - Processing /opt/airflow/dags/data/models/Finland/TS_model.pkl took 0.023 seconds
[2024-08-17T03:24:18.807+0000] {processor.py:161} INFO - Started process (PID=9367) to work on /opt/airflow/dags/data/models/Finland/TS_model.pkl
[2024-08-17T03:24:18.808+0000] {processor.py:830} INFO - Processing file /opt/airflow/dags/data/models/Finland/TS_model.pkl for tasks to queue
[2024-08-17T03:24:18.809+0000] {logging_mixin.py:188} INFO - [2024-08-17T03:24:18.808+0000] {dagbag.py:545} INFO - Filling up the DagBag from /opt/airflow/dags/data/models/Finland/TS_model.pkl
[2024-08-17T03:24:18.816+0000] {processor.py:842} WARNING - No viable dags retrieved from /opt/airflow/dags/data/models/Finland/TS_model.pkl
[2024-08-17T03:24:18.825+0000] {processor.py:183} INFO - Processing /opt/airflow/dags/data/models/Finland/TS_model.pkl took 0.022 seconds
[2024-08-17T03:24:49.826+0000] {processor.py:161} INFO - Started process (PID=9794) to work on /opt/airflow/dags/data/models/Finland/TS_model.pkl
[2024-08-17T03:24:49.826+0000] {processor.py:830} INFO - Processing file /opt/airflow/dags/data/models/Finland/TS_model.pkl for tasks to queue
[2024-08-17T03:24:49.827+0000] {logging_mixin.py:188} INFO - [2024-08-17T03:24:49.827+0000] {dagbag.py:545} INFO - Filling up the DagBag from /opt/airflow/dags/data/models/Finland/TS_model.pkl
[2024-08-17T03:24:49.838+0000] {processor.py:842} WARNING - No viable dags retrieved from /opt/airflow/dags/data/models/Finland/TS_model.pkl
[2024-08-17T03:24:49.848+0000] {processor.py:183} INFO - Processing /opt/airflow/dags/data/models/Finland/TS_model.pkl took 0.026 seconds
[2024-08-17T03:25:20.957+0000] {processor.py:161} INFO - Started process (PID=10248) to work on /opt/airflow/dags/data/models/Finland/TS_model.pkl
[2024-08-17T03:25:20.958+0000] {processor.py:830} INFO - Processing file /opt/airflow/dags/data/models/Finland/TS_model.pkl for tasks to queue
[2024-08-17T03:25:20.958+0000] {logging_mixin.py:188} INFO - [2024-08-17T03:25:20.958+0000] {dagbag.py:545} INFO - Filling up the DagBag from /opt/airflow/dags/data/models/Finland/TS_model.pkl
[2024-08-17T03:25:20.966+0000] {processor.py:842} WARNING - No viable dags retrieved from /opt/airflow/dags/data/models/Finland/TS_model.pkl
[2024-08-17T03:25:20.975+0000] {processor.py:183} INFO - Processing /opt/airflow/dags/data/models/Finland/TS_model.pkl took 0.022 seconds
[2024-08-17T03:25:52.345+0000] {processor.py:161} INFO - Started process (PID=10701) to work on /opt/airflow/dags/data/models/Finland/TS_model.pkl
[2024-08-17T03:25:52.346+0000] {processor.py:830} INFO - Processing file /opt/airflow/dags/data/models/Finland/TS_model.pkl for tasks to queue
[2024-08-17T03:25:52.347+0000] {logging_mixin.py:188} INFO - [2024-08-17T03:25:52.346+0000] {dagbag.py:545} INFO - Filling up the DagBag from /opt/airflow/dags/data/models/Finland/TS_model.pkl
[2024-08-17T03:25:52.369+0000] {processor.py:842} WARNING - No viable dags retrieved from /opt/airflow/dags/data/models/Finland/TS_model.pkl
[2024-08-17T03:25:52.381+0000] {processor.py:183} INFO - Processing /opt/airflow/dags/data/models/Finland/TS_model.pkl took 0.042 seconds
[2024-08-17T03:26:24.815+0000] {processor.py:161} INFO - Started process (PID=11136) to work on /opt/airflow/dags/data/models/Finland/TS_model.pkl
[2024-08-17T03:26:24.816+0000] {processor.py:830} INFO - Processing file /opt/airflow/dags/data/models/Finland/TS_model.pkl for tasks to queue
[2024-08-17T03:26:24.817+0000] {logging_mixin.py:188} INFO - [2024-08-17T03:26:24.817+0000] {dagbag.py:545} INFO - Filling up the DagBag from /opt/airflow/dags/data/models/Finland/TS_model.pkl
[2024-08-17T03:26:24.825+0000] {processor.py:842} WARNING - No viable dags retrieved from /opt/airflow/dags/data/models/Finland/TS_model.pkl
[2024-08-17T03:26:24.834+0000] {processor.py:183} INFO - Processing /opt/airflow/dags/data/models/Finland/TS_model.pkl took 0.022 seconds
[2024-08-17T03:26:55.479+0000] {processor.py:161} INFO - Started process (PID=11562) to work on /opt/airflow/dags/data/models/Finland/TS_model.pkl
[2024-08-17T03:26:55.480+0000] {processor.py:830} INFO - Processing file /opt/airflow/dags/data/models/Finland/TS_model.pkl for tasks to queue
[2024-08-17T03:26:55.481+0000] {logging_mixin.py:188} INFO - [2024-08-17T03:26:55.481+0000] {dagbag.py:545} INFO - Filling up the DagBag from /opt/airflow/dags/data/models/Finland/TS_model.pkl
[2024-08-17T03:26:55.489+0000] {processor.py:842} WARNING - No viable dags retrieved from /opt/airflow/dags/data/models/Finland/TS_model.pkl
[2024-08-17T03:26:55.498+0000] {processor.py:183} INFO - Processing /opt/airflow/dags/data/models/Finland/TS_model.pkl took 0.022 seconds
[2024-08-17T03:27:26.219+0000] {processor.py:161} INFO - Started process (PID=12016) to work on /opt/airflow/dags/data/models/Finland/TS_model.pkl
[2024-08-17T03:27:26.219+0000] {processor.py:830} INFO - Processing file /opt/airflow/dags/data/models/Finland/TS_model.pkl for tasks to queue
[2024-08-17T03:27:26.220+0000] {logging_mixin.py:188} INFO - [2024-08-17T03:27:26.220+0000] {dagbag.py:545} INFO - Filling up the DagBag from /opt/airflow/dags/data/models/Finland/TS_model.pkl
[2024-08-17T03:27:26.232+0000] {processor.py:842} WARNING - No viable dags retrieved from /opt/airflow/dags/data/models/Finland/TS_model.pkl
[2024-08-17T03:27:26.241+0000] {processor.py:183} INFO - Processing /opt/airflow/dags/data/models/Finland/TS_model.pkl took 0.026 seconds
[2024-08-17T03:27:57.786+0000] {processor.py:161} INFO - Started process (PID=12425) to work on /opt/airflow/dags/data/models/Finland/TS_model.pkl
[2024-08-17T03:27:57.787+0000] {processor.py:830} INFO - Processing file /opt/airflow/dags/data/models/Finland/TS_model.pkl for tasks to queue
[2024-08-17T03:27:57.788+0000] {logging_mixin.py:188} INFO - [2024-08-17T03:27:57.787+0000] {dagbag.py:545} INFO - Filling up the DagBag from /opt/airflow/dags/data/models/Finland/TS_model.pkl
[2024-08-17T03:27:57.804+0000] {processor.py:842} WARNING - No viable dags retrieved from /opt/airflow/dags/data/models/Finland/TS_model.pkl
[2024-08-17T03:27:57.816+0000] {processor.py:183} INFO - Processing /opt/airflow/dags/data/models/Finland/TS_model.pkl took 0.033 seconds
[2024-08-17T03:28:28.804+0000] {processor.py:161} INFO - Started process (PID=12877) to work on /opt/airflow/dags/data/models/Finland/TS_model.pkl
[2024-08-17T03:28:28.805+0000] {processor.py:830} INFO - Processing file /opt/airflow/dags/data/models/Finland/TS_model.pkl for tasks to queue
[2024-08-17T03:28:28.805+0000] {logging_mixin.py:188} INFO - [2024-08-17T03:28:28.805+0000] {dagbag.py:545} INFO - Filling up the DagBag from /opt/airflow/dags/data/models/Finland/TS_model.pkl
[2024-08-17T03:28:28.814+0000] {processor.py:842} WARNING - No viable dags retrieved from /opt/airflow/dags/data/models/Finland/TS_model.pkl
[2024-08-17T03:28:28.822+0000] {processor.py:183} INFO - Processing /opt/airflow/dags/data/models/Finland/TS_model.pkl took 0.022 seconds
[2024-08-17T03:29:00.948+0000] {processor.py:161} INFO - Started process (PID=13330) to work on /opt/airflow/dags/data/models/Finland/TS_model.pkl
[2024-08-17T03:29:00.948+0000] {processor.py:830} INFO - Processing file /opt/airflow/dags/data/models/Finland/TS_model.pkl for tasks to queue
[2024-08-17T03:29:00.949+0000] {logging_mixin.py:188} INFO - [2024-08-17T03:29:00.949+0000] {dagbag.py:545} INFO - Filling up the DagBag from /opt/airflow/dags/data/models/Finland/TS_model.pkl
[2024-08-17T03:29:00.958+0000] {processor.py:842} WARNING - No viable dags retrieved from /opt/airflow/dags/data/models/Finland/TS_model.pkl
[2024-08-17T03:29:00.967+0000] {processor.py:183} INFO - Processing /opt/airflow/dags/data/models/Finland/TS_model.pkl took 0.023 seconds
[2024-08-17T03:29:31.992+0000] {processor.py:161} INFO - Started process (PID=13758) to work on /opt/airflow/dags/data/models/Finland/TS_model.pkl
[2024-08-17T03:29:31.993+0000] {processor.py:830} INFO - Processing file /opt/airflow/dags/data/models/Finland/TS_model.pkl for tasks to queue
[2024-08-17T03:29:31.994+0000] {logging_mixin.py:188} INFO - [2024-08-17T03:29:31.993+0000] {dagbag.py:545} INFO - Filling up the DagBag from /opt/airflow/dags/data/models/Finland/TS_model.pkl
[2024-08-17T03:29:32.001+0000] {processor.py:842} WARNING - No viable dags retrieved from /opt/airflow/dags/data/models/Finland/TS_model.pkl
[2024-08-17T03:29:32.010+0000] {processor.py:183} INFO - Processing /opt/airflow/dags/data/models/Finland/TS_model.pkl took 0.021 seconds
[2024-08-17T03:30:03.078+0000] {processor.py:161} INFO - Started process (PID=14191) to work on /opt/airflow/dags/data/models/Finland/TS_model.pkl
[2024-08-17T03:30:03.085+0000] {processor.py:830} INFO - Processing file /opt/airflow/dags/data/models/Finland/TS_model.pkl for tasks to queue
[2024-08-17T03:30:03.087+0000] {logging_mixin.py:188} INFO - [2024-08-17T03:30:03.087+0000] {dagbag.py:545} INFO - Filling up the DagBag from /opt/airflow/dags/data/models/Finland/TS_model.pkl
[2024-08-17T03:30:03.096+0000] {processor.py:842} WARNING - No viable dags retrieved from /opt/airflow/dags/data/models/Finland/TS_model.pkl
[2024-08-17T03:30:03.106+0000] {processor.py:183} INFO - Processing /opt/airflow/dags/data/models/Finland/TS_model.pkl took 0.032 seconds
[2024-08-17T03:30:34.164+0000] {processor.py:161} INFO - Started process (PID=14644) to work on /opt/airflow/dags/data/models/Finland/TS_model.pkl
[2024-08-17T03:30:34.165+0000] {processor.py:830} INFO - Processing file /opt/airflow/dags/data/models/Finland/TS_model.pkl for tasks to queue
[2024-08-17T03:30:34.166+0000] {logging_mixin.py:188} INFO - [2024-08-17T03:30:34.166+0000] {dagbag.py:545} INFO - Filling up the DagBag from /opt/airflow/dags/data/models/Finland/TS_model.pkl
[2024-08-17T03:30:34.175+0000] {processor.py:842} WARNING - No viable dags retrieved from /opt/airflow/dags/data/models/Finland/TS_model.pkl
[2024-08-17T03:30:34.185+0000] {processor.py:183} INFO - Processing /opt/airflow/dags/data/models/Finland/TS_model.pkl took 0.024 seconds
[2024-08-17T03:31:05.141+0000] {processor.py:161} INFO - Started process (PID=15072) to work on /opt/airflow/dags/data/models/Finland/TS_model.pkl
[2024-08-17T03:31:05.141+0000] {processor.py:830} INFO - Processing file /opt/airflow/dags/data/models/Finland/TS_model.pkl for tasks to queue
[2024-08-17T03:31:05.142+0000] {logging_mixin.py:188} INFO - [2024-08-17T03:31:05.142+0000] {dagbag.py:545} INFO - Filling up the DagBag from /opt/airflow/dags/data/models/Finland/TS_model.pkl
[2024-08-17T03:31:05.152+0000] {processor.py:842} WARNING - No viable dags retrieved from /opt/airflow/dags/data/models/Finland/TS_model.pkl
[2024-08-17T03:31:05.161+0000] {processor.py:183} INFO - Processing /opt/airflow/dags/data/models/Finland/TS_model.pkl took 0.024 seconds
[2024-08-17T03:31:35.803+0000] {processor.py:161} INFO - Started process (PID=15521) to work on /opt/airflow/dags/data/models/Finland/TS_model.pkl
[2024-08-17T03:31:35.805+0000] {processor.py:830} INFO - Processing file /opt/airflow/dags/data/models/Finland/TS_model.pkl for tasks to queue
[2024-08-17T03:31:35.807+0000] {logging_mixin.py:188} INFO - [2024-08-17T03:31:35.806+0000] {dagbag.py:545} INFO - Filling up the DagBag from /opt/airflow/dags/data/models/Finland/TS_model.pkl
[2024-08-17T03:31:35.841+0000] {processor.py:842} WARNING - No viable dags retrieved from /opt/airflow/dags/data/models/Finland/TS_model.pkl
[2024-08-17T03:31:35.854+0000] {processor.py:183} INFO - Processing /opt/airflow/dags/data/models/Finland/TS_model.pkl took 0.055 seconds
[2024-08-17T03:32:06.988+0000] {processor.py:161} INFO - Started process (PID=15976) to work on /opt/airflow/dags/data/models/Finland/TS_model.pkl
[2024-08-17T03:32:06.989+0000] {processor.py:830} INFO - Processing file /opt/airflow/dags/data/models/Finland/TS_model.pkl for tasks to queue
[2024-08-17T03:32:06.989+0000] {logging_mixin.py:188} INFO - [2024-08-17T03:32:06.989+0000] {dagbag.py:545} INFO - Filling up the DagBag from /opt/airflow/dags/data/models/Finland/TS_model.pkl
[2024-08-17T03:32:07.036+0000] {processor.py:842} WARNING - No viable dags retrieved from /opt/airflow/dags/data/models/Finland/TS_model.pkl
[2024-08-17T03:32:07.046+0000] {processor.py:183} INFO - Processing /opt/airflow/dags/data/models/Finland/TS_model.pkl took 0.061 seconds
[2024-08-17T03:32:37.751+0000] {processor.py:161} INFO - Started process (PID=16404) to work on /opt/airflow/dags/data/models/Finland/TS_model.pkl
[2024-08-17T03:32:37.752+0000] {processor.py:830} INFO - Processing file /opt/airflow/dags/data/models/Finland/TS_model.pkl for tasks to queue
[2024-08-17T03:32:37.752+0000] {logging_mixin.py:188} INFO - [2024-08-17T03:32:37.752+0000] {dagbag.py:545} INFO - Filling up the DagBag from /opt/airflow/dags/data/models/Finland/TS_model.pkl
[2024-08-17T03:32:37.762+0000] {processor.py:842} WARNING - No viable dags retrieved from /opt/airflow/dags/data/models/Finland/TS_model.pkl
[2024-08-17T03:32:37.771+0000] {processor.py:183} INFO - Processing /opt/airflow/dags/data/models/Finland/TS_model.pkl took 0.023 seconds
[2024-08-17T03:33:08.420+0000] {processor.py:161} INFO - Started process (PID=16852) to work on /opt/airflow/dags/data/models/Finland/TS_model.pkl
[2024-08-17T03:33:08.421+0000] {processor.py:830} INFO - Processing file /opt/airflow/dags/data/models/Finland/TS_model.pkl for tasks to queue
[2024-08-17T03:33:08.421+0000] {logging_mixin.py:188} INFO - [2024-08-17T03:33:08.421+0000] {dagbag.py:545} INFO - Filling up the DagBag from /opt/airflow/dags/data/models/Finland/TS_model.pkl
[2024-08-17T03:33:08.431+0000] {processor.py:842} WARNING - No viable dags retrieved from /opt/airflow/dags/data/models/Finland/TS_model.pkl
[2024-08-17T03:33:08.440+0000] {processor.py:183} INFO - Processing /opt/airflow/dags/data/models/Finland/TS_model.pkl took 0.023 seconds
[2024-08-17T03:33:39.383+0000] {processor.py:161} INFO - Started process (PID=17278) to work on /opt/airflow/dags/data/models/Finland/TS_model.pkl
[2024-08-17T03:33:39.383+0000] {processor.py:830} INFO - Processing file /opt/airflow/dags/data/models/Finland/TS_model.pkl for tasks to queue
[2024-08-17T03:33:39.384+0000] {logging_mixin.py:188} INFO - [2024-08-17T03:33:39.384+0000] {dagbag.py:545} INFO - Filling up the DagBag from /opt/airflow/dags/data/models/Finland/TS_model.pkl
[2024-08-17T03:33:39.396+0000] {processor.py:842} WARNING - No viable dags retrieved from /opt/airflow/dags/data/models/Finland/TS_model.pkl
[2024-08-17T03:33:39.405+0000] {processor.py:183} INFO - Processing /opt/airflow/dags/data/models/Finland/TS_model.pkl took 0.026 seconds
[2024-08-17T03:34:11.230+0000] {processor.py:161} INFO - Started process (PID=17728) to work on /opt/airflow/dags/data/models/Finland/TS_model.pkl
[2024-08-17T03:34:11.232+0000] {processor.py:830} INFO - Processing file /opt/airflow/dags/data/models/Finland/TS_model.pkl for tasks to queue
[2024-08-17T03:34:11.232+0000] {logging_mixin.py:188} INFO - [2024-08-17T03:34:11.232+0000] {dagbag.py:545} INFO - Filling up the DagBag from /opt/airflow/dags/data/models/Finland/TS_model.pkl
[2024-08-17T03:34:11.242+0000] {processor.py:842} WARNING - No viable dags retrieved from /opt/airflow/dags/data/models/Finland/TS_model.pkl
[2024-08-17T03:34:11.251+0000] {processor.py:183} INFO - Processing /opt/airflow/dags/data/models/Finland/TS_model.pkl took 0.025 seconds
[2024-08-17T03:34:41.894+0000] {processor.py:161} INFO - Started process (PID=18161) to work on /opt/airflow/dags/data/models/Finland/TS_model.pkl
[2024-08-17T03:34:41.895+0000] {processor.py:830} INFO - Processing file /opt/airflow/dags/data/models/Finland/TS_model.pkl for tasks to queue
[2024-08-17T03:34:41.895+0000] {logging_mixin.py:188} INFO - [2024-08-17T03:34:41.895+0000] {dagbag.py:545} INFO - Filling up the DagBag from /opt/airflow/dags/data/models/Finland/TS_model.pkl
[2024-08-17T03:34:41.903+0000] {processor.py:842} WARNING - No viable dags retrieved from /opt/airflow/dags/data/models/Finland/TS_model.pkl
[2024-08-17T03:34:41.912+0000] {processor.py:183} INFO - Processing /opt/airflow/dags/data/models/Finland/TS_model.pkl took 0.022 seconds
[2024-08-17T03:35:13.336+0000] {processor.py:161} INFO - Started process (PID=18592) to work on /opt/airflow/dags/data/models/Finland/TS_model.pkl
[2024-08-17T03:35:13.337+0000] {processor.py:830} INFO - Processing file /opt/airflow/dags/data/models/Finland/TS_model.pkl for tasks to queue
[2024-08-17T03:35:13.337+0000] {logging_mixin.py:188} INFO - [2024-08-17T03:35:13.337+0000] {dagbag.py:545} INFO - Filling up the DagBag from /opt/airflow/dags/data/models/Finland/TS_model.pkl
[2024-08-17T03:35:13.345+0000] {processor.py:842} WARNING - No viable dags retrieved from /opt/airflow/dags/data/models/Finland/TS_model.pkl
[2024-08-17T03:35:13.355+0000] {processor.py:183} INFO - Processing /opt/airflow/dags/data/models/Finland/TS_model.pkl took 0.022 seconds
[2024-08-17T03:35:43.923+0000] {processor.py:161} INFO - Started process (PID=19025) to work on /opt/airflow/dags/data/models/Finland/TS_model.pkl
[2024-08-17T03:35:43.924+0000] {processor.py:830} INFO - Processing file /opt/airflow/dags/data/models/Finland/TS_model.pkl for tasks to queue
[2024-08-17T03:35:43.924+0000] {logging_mixin.py:188} INFO - [2024-08-17T03:35:43.924+0000] {dagbag.py:545} INFO - Filling up the DagBag from /opt/airflow/dags/data/models/Finland/TS_model.pkl
[2024-08-17T03:35:43.936+0000] {processor.py:842} WARNING - No viable dags retrieved from /opt/airflow/dags/data/models/Finland/TS_model.pkl
[2024-08-17T03:35:43.945+0000] {processor.py:183} INFO - Processing /opt/airflow/dags/data/models/Finland/TS_model.pkl took 0.025 seconds
[2024-08-17T03:36:15.456+0000] {processor.py:161} INFO - Started process (PID=19486) to work on /opt/airflow/dags/data/models/Finland/TS_model.pkl
[2024-08-17T03:36:15.456+0000] {processor.py:830} INFO - Processing file /opt/airflow/dags/data/models/Finland/TS_model.pkl for tasks to queue
[2024-08-17T03:36:15.457+0000] {logging_mixin.py:188} INFO - [2024-08-17T03:36:15.457+0000] {dagbag.py:545} INFO - Filling up the DagBag from /opt/airflow/dags/data/models/Finland/TS_model.pkl
[2024-08-17T03:36:15.465+0000] {processor.py:842} WARNING - No viable dags retrieved from /opt/airflow/dags/data/models/Finland/TS_model.pkl
[2024-08-17T03:36:15.475+0000] {processor.py:183} INFO - Processing /opt/airflow/dags/data/models/Finland/TS_model.pkl took 0.023 seconds
[2024-08-17T03:36:46.599+0000] {processor.py:161} INFO - Started process (PID=19914) to work on /opt/airflow/dags/data/models/Finland/TS_model.pkl
[2024-08-17T03:36:46.599+0000] {processor.py:830} INFO - Processing file /opt/airflow/dags/data/models/Finland/TS_model.pkl for tasks to queue
[2024-08-17T03:36:46.600+0000] {logging_mixin.py:188} INFO - [2024-08-17T03:36:46.600+0000] {dagbag.py:545} INFO - Filling up the DagBag from /opt/airflow/dags/data/models/Finland/TS_model.pkl
[2024-08-17T03:36:46.607+0000] {processor.py:842} WARNING - No viable dags retrieved from /opt/airflow/dags/data/models/Finland/TS_model.pkl
[2024-08-17T03:36:46.616+0000] {processor.py:183} INFO - Processing /opt/airflow/dags/data/models/Finland/TS_model.pkl took 0.021 seconds
[2024-08-17T03:37:18.247+0000] {processor.py:161} INFO - Started process (PID=20370) to work on /opt/airflow/dags/data/models/Finland/TS_model.pkl
[2024-08-17T03:37:18.248+0000] {processor.py:830} INFO - Processing file /opt/airflow/dags/data/models/Finland/TS_model.pkl for tasks to queue
[2024-08-17T03:37:18.249+0000] {logging_mixin.py:188} INFO - [2024-08-17T03:37:18.249+0000] {dagbag.py:545} INFO - Filling up the DagBag from /opt/airflow/dags/data/models/Finland/TS_model.pkl
[2024-08-17T03:37:18.259+0000] {processor.py:842} WARNING - No viable dags retrieved from /opt/airflow/dags/data/models/Finland/TS_model.pkl
[2024-08-17T03:37:18.268+0000] {processor.py:183} INFO - Processing /opt/airflow/dags/data/models/Finland/TS_model.pkl took 0.024 seconds
[2024-08-17T03:37:50.088+0000] {processor.py:161} INFO - Started process (PID=20830) to work on /opt/airflow/dags/data/models/Finland/TS_model.pkl
[2024-08-17T03:37:50.089+0000] {processor.py:830} INFO - Processing file /opt/airflow/dags/data/models/Finland/TS_model.pkl for tasks to queue
[2024-08-17T03:37:50.089+0000] {logging_mixin.py:188} INFO - [2024-08-17T03:37:50.089+0000] {dagbag.py:545} INFO - Filling up the DagBag from /opt/airflow/dags/data/models/Finland/TS_model.pkl
[2024-08-17T03:37:50.097+0000] {processor.py:842} WARNING - No viable dags retrieved from /opt/airflow/dags/data/models/Finland/TS_model.pkl
[2024-08-17T03:37:50.106+0000] {processor.py:183} INFO - Processing /opt/airflow/dags/data/models/Finland/TS_model.pkl took 0.023 seconds
[2024-08-17T09:22:52.496+0000] {processor.py:161} INFO - Started process (PID=322) to work on /opt/airflow/dags/data/models/Finland/TS_model.pkl
[2024-08-17T09:22:52.497+0000] {processor.py:830} INFO - Processing file /opt/airflow/dags/data/models/Finland/TS_model.pkl for tasks to queue
[2024-08-17T09:22:52.498+0000] {logging_mixin.py:188} INFO - [2024-08-17T09:22:52.498+0000] {dagbag.py:545} INFO - Filling up the DagBag from /opt/airflow/dags/data/models/Finland/TS_model.pkl
[2024-08-17T09:22:52.505+0000] {processor.py:842} WARNING - No viable dags retrieved from /opt/airflow/dags/data/models/Finland/TS_model.pkl
[2024-08-17T09:22:52.514+0000] {processor.py:183} INFO - Processing /opt/airflow/dags/data/models/Finland/TS_model.pkl took 0.021 seconds
[2024-08-17T09:23:25.132+0000] {processor.py:161} INFO - Started process (PID=759) to work on /opt/airflow/dags/data/models/Finland/TS_model.pkl
[2024-08-17T09:23:25.133+0000] {processor.py:830} INFO - Processing file /opt/airflow/dags/data/models/Finland/TS_model.pkl for tasks to queue
[2024-08-17T09:23:25.134+0000] {logging_mixin.py:188} INFO - [2024-08-17T09:23:25.134+0000] {dagbag.py:545} INFO - Filling up the DagBag from /opt/airflow/dags/data/models/Finland/TS_model.pkl
[2024-08-17T09:23:25.142+0000] {processor.py:842} WARNING - No viable dags retrieved from /opt/airflow/dags/data/models/Finland/TS_model.pkl
[2024-08-17T09:23:25.151+0000] {processor.py:183} INFO - Processing /opt/airflow/dags/data/models/Finland/TS_model.pkl took 0.023 seconds
[2024-08-17T09:23:56.357+0000] {processor.py:161} INFO - Started process (PID=1206) to work on /opt/airflow/dags/data/models/Finland/TS_model.pkl
[2024-08-17T09:23:56.358+0000] {processor.py:830} INFO - Processing file /opt/airflow/dags/data/models/Finland/TS_model.pkl for tasks to queue
[2024-08-17T09:23:56.359+0000] {logging_mixin.py:188} INFO - [2024-08-17T09:23:56.358+0000] {dagbag.py:545} INFO - Filling up the DagBag from /opt/airflow/dags/data/models/Finland/TS_model.pkl
[2024-08-17T09:23:56.366+0000] {processor.py:842} WARNING - No viable dags retrieved from /opt/airflow/dags/data/models/Finland/TS_model.pkl
[2024-08-17T09:23:56.375+0000] {processor.py:183} INFO - Processing /opt/airflow/dags/data/models/Finland/TS_model.pkl took 0.021 seconds
[2024-08-17T09:24:29.753+0000] {processor.py:161} INFO - Started process (PID=1660) to work on /opt/airflow/dags/data/models/Finland/TS_model.pkl
[2024-08-17T09:24:29.753+0000] {processor.py:830} INFO - Processing file /opt/airflow/dags/data/models/Finland/TS_model.pkl for tasks to queue
[2024-08-17T09:24:29.754+0000] {logging_mixin.py:188} INFO - [2024-08-17T09:24:29.754+0000] {dagbag.py:545} INFO - Filling up the DagBag from /opt/airflow/dags/data/models/Finland/TS_model.pkl
[2024-08-17T09:24:29.768+0000] {processor.py:842} WARNING - No viable dags retrieved from /opt/airflow/dags/data/models/Finland/TS_model.pkl
[2024-08-17T09:24:29.778+0000] {processor.py:183} INFO - Processing /opt/airflow/dags/data/models/Finland/TS_model.pkl took 0.029 seconds
[2024-08-17T09:25:01.388+0000] {processor.py:161} INFO - Started process (PID=2114) to work on /opt/airflow/dags/data/models/Finland/TS_model.pkl
[2024-08-17T09:25:01.389+0000] {processor.py:830} INFO - Processing file /opt/airflow/dags/data/models/Finland/TS_model.pkl for tasks to queue
[2024-08-17T09:25:01.390+0000] {logging_mixin.py:188} INFO - [2024-08-17T09:25:01.390+0000] {dagbag.py:545} INFO - Filling up the DagBag from /opt/airflow/dags/data/models/Finland/TS_model.pkl
[2024-08-17T09:25:01.400+0000] {processor.py:842} WARNING - No viable dags retrieved from /opt/airflow/dags/data/models/Finland/TS_model.pkl
[2024-08-17T09:25:01.408+0000] {processor.py:183} INFO - Processing /opt/airflow/dags/data/models/Finland/TS_model.pkl took 0.023 seconds
[2024-08-17T09:25:32.868+0000] {processor.py:161} INFO - Started process (PID=2542) to work on /opt/airflow/dags/data/models/Finland/TS_model.pkl
[2024-08-17T09:25:32.868+0000] {processor.py:830} INFO - Processing file /opt/airflow/dags/data/models/Finland/TS_model.pkl for tasks to queue
[2024-08-17T09:25:32.869+0000] {logging_mixin.py:188} INFO - [2024-08-17T09:25:32.869+0000] {dagbag.py:545} INFO - Filling up the DagBag from /opt/airflow/dags/data/models/Finland/TS_model.pkl
[2024-08-17T09:25:32.877+0000] {processor.py:842} WARNING - No viable dags retrieved from /opt/airflow/dags/data/models/Finland/TS_model.pkl
[2024-08-17T09:25:32.886+0000] {processor.py:183} INFO - Processing /opt/airflow/dags/data/models/Finland/TS_model.pkl took 0.022 seconds
[2024-08-17T09:26:03.946+0000] {processor.py:161} INFO - Started process (PID=2996) to work on /opt/airflow/dags/data/models/Finland/TS_model.pkl
[2024-08-17T09:26:03.961+0000] {processor.py:830} INFO - Processing file /opt/airflow/dags/data/models/Finland/TS_model.pkl for tasks to queue
[2024-08-17T09:26:03.963+0000] {logging_mixin.py:188} INFO - [2024-08-17T09:26:03.963+0000] {dagbag.py:545} INFO - Filling up the DagBag from /opt/airflow/dags/data/models/Finland/TS_model.pkl
[2024-08-17T09:26:03.970+0000] {processor.py:842} WARNING - No viable dags retrieved from /opt/airflow/dags/data/models/Finland/TS_model.pkl
[2024-08-17T09:26:03.979+0000] {processor.py:183} INFO - Processing /opt/airflow/dags/data/models/Finland/TS_model.pkl took 0.037 seconds
[2024-08-17T09:26:34.853+0000] {processor.py:161} INFO - Started process (PID=3450) to work on /opt/airflow/dags/data/models/Finland/TS_model.pkl
[2024-08-17T09:26:34.854+0000] {processor.py:830} INFO - Processing file /opt/airflow/dags/data/models/Finland/TS_model.pkl for tasks to queue
[2024-08-17T09:26:34.855+0000] {logging_mixin.py:188} INFO - [2024-08-17T09:26:34.855+0000] {dagbag.py:545} INFO - Filling up the DagBag from /opt/airflow/dags/data/models/Finland/TS_model.pkl
[2024-08-17T09:26:34.863+0000] {processor.py:842} WARNING - No viable dags retrieved from /opt/airflow/dags/data/models/Finland/TS_model.pkl
[2024-08-17T09:26:34.872+0000] {processor.py:183} INFO - Processing /opt/airflow/dags/data/models/Finland/TS_model.pkl took 0.022 seconds
[2024-08-17T09:27:05.839+0000] {processor.py:161} INFO - Started process (PID=3878) to work on /opt/airflow/dags/data/models/Finland/TS_model.pkl
[2024-08-17T09:27:05.839+0000] {processor.py:830} INFO - Processing file /opt/airflow/dags/data/models/Finland/TS_model.pkl for tasks to queue
[2024-08-17T09:27:05.840+0000] {logging_mixin.py:188} INFO - [2024-08-17T09:27:05.840+0000] {dagbag.py:545} INFO - Filling up the DagBag from /opt/airflow/dags/data/models/Finland/TS_model.pkl
[2024-08-17T09:27:05.848+0000] {processor.py:842} WARNING - No viable dags retrieved from /opt/airflow/dags/data/models/Finland/TS_model.pkl
[2024-08-17T09:27:05.857+0000] {processor.py:183} INFO - Processing /opt/airflow/dags/data/models/Finland/TS_model.pkl took 0.022 seconds
[2024-08-17T09:27:36.940+0000] {processor.py:161} INFO - Started process (PID=4333) to work on /opt/airflow/dags/data/models/Finland/TS_model.pkl
[2024-08-17T09:27:36.941+0000] {processor.py:830} INFO - Processing file /opt/airflow/dags/data/models/Finland/TS_model.pkl for tasks to queue
[2024-08-17T09:27:36.942+0000] {logging_mixin.py:188} INFO - [2024-08-17T09:27:36.942+0000] {dagbag.py:545} INFO - Filling up the DagBag from /opt/airflow/dags/data/models/Finland/TS_model.pkl
[2024-08-17T09:27:36.950+0000] {processor.py:842} WARNING - No viable dags retrieved from /opt/airflow/dags/data/models/Finland/TS_model.pkl
[2024-08-17T09:27:36.958+0000] {processor.py:183} INFO - Processing /opt/airflow/dags/data/models/Finland/TS_model.pkl took 0.022 seconds
[2024-08-17T09:28:07.894+0000] {processor.py:161} INFO - Started process (PID=4787) to work on /opt/airflow/dags/data/models/Finland/TS_model.pkl
[2024-08-17T09:28:07.894+0000] {processor.py:830} INFO - Processing file /opt/airflow/dags/data/models/Finland/TS_model.pkl for tasks to queue
[2024-08-17T09:28:07.895+0000] {logging_mixin.py:188} INFO - [2024-08-17T09:28:07.895+0000] {dagbag.py:545} INFO - Filling up the DagBag from /opt/airflow/dags/data/models/Finland/TS_model.pkl
[2024-08-17T09:28:07.902+0000] {processor.py:842} WARNING - No viable dags retrieved from /opt/airflow/dags/data/models/Finland/TS_model.pkl
[2024-08-17T09:28:07.910+0000] {processor.py:183} INFO - Processing /opt/airflow/dags/data/models/Finland/TS_model.pkl took 0.021 seconds
[2024-08-17T09:28:38.899+0000] {processor.py:161} INFO - Started process (PID=5215) to work on /opt/airflow/dags/data/models/Finland/TS_model.pkl
[2024-08-17T09:28:38.900+0000] {processor.py:830} INFO - Processing file /opt/airflow/dags/data/models/Finland/TS_model.pkl for tasks to queue
[2024-08-17T09:28:38.901+0000] {logging_mixin.py:188} INFO - [2024-08-17T09:28:38.901+0000] {dagbag.py:545} INFO - Filling up the DagBag from /opt/airflow/dags/data/models/Finland/TS_model.pkl
[2024-08-17T09:28:38.923+0000] {processor.py:842} WARNING - No viable dags retrieved from /opt/airflow/dags/data/models/Finland/TS_model.pkl
[2024-08-17T09:28:38.932+0000] {processor.py:183} INFO - Processing /opt/airflow/dags/data/models/Finland/TS_model.pkl took 0.036 seconds
[2024-08-17T09:29:10.162+0000] {processor.py:161} INFO - Started process (PID=5669) to work on /opt/airflow/dags/data/models/Finland/TS_model.pkl
[2024-08-17T09:29:10.162+0000] {processor.py:830} INFO - Processing file /opt/airflow/dags/data/models/Finland/TS_model.pkl for tasks to queue
[2024-08-17T09:29:10.163+0000] {logging_mixin.py:188} INFO - [2024-08-17T09:29:10.163+0000] {dagbag.py:545} INFO - Filling up the DagBag from /opt/airflow/dags/data/models/Finland/TS_model.pkl
[2024-08-17T09:29:10.171+0000] {processor.py:842} WARNING - No viable dags retrieved from /opt/airflow/dags/data/models/Finland/TS_model.pkl
[2024-08-17T09:29:10.180+0000] {processor.py:183} INFO - Processing /opt/airflow/dags/data/models/Finland/TS_model.pkl took 0.022 seconds
[2024-08-17T09:29:41.444+0000] {processor.py:161} INFO - Started process (PID=6123) to work on /opt/airflow/dags/data/models/Finland/TS_model.pkl
[2024-08-17T09:29:41.444+0000] {processor.py:830} INFO - Processing file /opt/airflow/dags/data/models/Finland/TS_model.pkl for tasks to queue
[2024-08-17T09:29:41.446+0000] {logging_mixin.py:188} INFO - [2024-08-17T09:29:41.445+0000] {dagbag.py:545} INFO - Filling up the DagBag from /opt/airflow/dags/data/models/Finland/TS_model.pkl
[2024-08-17T09:29:41.453+0000] {processor.py:842} WARNING - No viable dags retrieved from /opt/airflow/dags/data/models/Finland/TS_model.pkl
[2024-08-17T09:29:41.461+0000] {processor.py:183} INFO - Processing /opt/airflow/dags/data/models/Finland/TS_model.pkl took 0.021 seconds
[2024-08-17T09:30:12.905+0000] {processor.py:161} INFO - Started process (PID=6551) to work on /opt/airflow/dags/data/models/Finland/TS_model.pkl
[2024-08-17T09:30:12.905+0000] {processor.py:830} INFO - Processing file /opt/airflow/dags/data/models/Finland/TS_model.pkl for tasks to queue
[2024-08-17T09:30:12.907+0000] {logging_mixin.py:188} INFO - [2024-08-17T09:30:12.906+0000] {dagbag.py:545} INFO - Filling up the DagBag from /opt/airflow/dags/data/models/Finland/TS_model.pkl
[2024-08-17T09:30:12.916+0000] {processor.py:842} WARNING - No viable dags retrieved from /opt/airflow/dags/data/models/Finland/TS_model.pkl
[2024-08-17T09:30:12.925+0000] {processor.py:183} INFO - Processing /opt/airflow/dags/data/models/Finland/TS_model.pkl took 0.023 seconds
