[2024-08-17T10:07:52.130+0000] {processor.py:161} INFO - Started process (PID=30950) to work on /opt/airflow/dags/data/models/Saint Vincent and the Grenadines/deaths_TS_model.pkl
[2024-08-17T10:07:52.131+0000] {processor.py:830} INFO - Processing file /opt/airflow/dags/data/models/Saint Vincent and the Grenadines/deaths_TS_model.pkl for tasks to queue
[2024-08-17T10:07:52.132+0000] {logging_mixin.py:188} INFO - [2024-08-17T10:07:52.131+0000] {dagbag.py:545} INFO - Filling up the DagBag from /opt/airflow/dags/data/models/Saint Vincent and the Grenadines/deaths_TS_model.pkl
[2024-08-17T10:07:52.140+0000] {processor.py:842} WARNING - No viable dags retrieved from /opt/airflow/dags/data/models/Saint Vincent and the Grenadines/deaths_TS_model.pkl
[2024-08-17T10:07:52.150+0000] {processor.py:183} INFO - Processing /opt/airflow/dags/data/models/Saint Vincent and the Grenadines/deaths_TS_model.pkl took 0.023 seconds
[2024-08-17T10:08:23.744+0000] {processor.py:161} INFO - Started process (PID=31561) to work on /opt/airflow/dags/data/models/Saint Vincent and the Grenadines/deaths_TS_model.pkl
[2024-08-17T10:08:23.744+0000] {processor.py:830} INFO - Processing file /opt/airflow/dags/data/models/Saint Vincent and the Grenadines/deaths_TS_model.pkl for tasks to queue
[2024-08-17T10:08:23.745+0000] {logging_mixin.py:188} INFO - [2024-08-17T10:08:23.745+0000] {dagbag.py:545} INFO - Filling up the DagBag from /opt/airflow/dags/data/models/Saint Vincent and the Grenadines/deaths_TS_model.pkl
[2024-08-17T10:08:23.755+0000] {processor.py:842} WARNING - No viable dags retrieved from /opt/airflow/dags/data/models/Saint Vincent and the Grenadines/deaths_TS_model.pkl
[2024-08-17T10:08:23.766+0000] {processor.py:183} INFO - Processing /opt/airflow/dags/data/models/Saint Vincent and the Grenadines/deaths_TS_model.pkl took 0.027 seconds
[2024-08-17T10:08:54.732+0000] {processor.py:161} INFO - Started process (PID=32161) to work on /opt/airflow/dags/data/models/Saint Vincent and the Grenadines/deaths_TS_model.pkl
[2024-08-17T10:08:54.732+0000] {processor.py:830} INFO - Processing file /opt/airflow/dags/data/models/Saint Vincent and the Grenadines/deaths_TS_model.pkl for tasks to queue
[2024-08-17T10:08:54.733+0000] {logging_mixin.py:188} INFO - [2024-08-17T10:08:54.733+0000] {dagbag.py:545} INFO - Filling up the DagBag from /opt/airflow/dags/data/models/Saint Vincent and the Grenadines/deaths_TS_model.pkl
[2024-08-17T10:08:54.749+0000] {processor.py:842} WARNING - No viable dags retrieved from /opt/airflow/dags/data/models/Saint Vincent and the Grenadines/deaths_TS_model.pkl
[2024-08-17T10:08:54.759+0000] {processor.py:183} INFO - Processing /opt/airflow/dags/data/models/Saint Vincent and the Grenadines/deaths_TS_model.pkl took 0.031 seconds
[2024-08-17T10:09:25.781+0000] {processor.py:161} INFO - Started process (PID=32791) to work on /opt/airflow/dags/data/models/Saint Vincent and the Grenadines/deaths_TS_model.pkl
[2024-08-17T10:09:25.782+0000] {processor.py:830} INFO - Processing file /opt/airflow/dags/data/models/Saint Vincent and the Grenadines/deaths_TS_model.pkl for tasks to queue
[2024-08-17T10:09:25.782+0000] {logging_mixin.py:188} INFO - [2024-08-17T10:09:25.782+0000] {dagbag.py:545} INFO - Filling up the DagBag from /opt/airflow/dags/data/models/Saint Vincent and the Grenadines/deaths_TS_model.pkl
[2024-08-17T10:09:25.791+0000] {processor.py:842} WARNING - No viable dags retrieved from /opt/airflow/dags/data/models/Saint Vincent and the Grenadines/deaths_TS_model.pkl
[2024-08-17T10:09:25.801+0000] {processor.py:183} INFO - Processing /opt/airflow/dags/data/models/Saint Vincent and the Grenadines/deaths_TS_model.pkl took 0.024 seconds
[2024-08-17T10:09:57.150+0000] {processor.py:161} INFO - Started process (PID=33394) to work on /opt/airflow/dags/data/models/Saint Vincent and the Grenadines/deaths_TS_model.pkl
[2024-08-17T10:09:57.151+0000] {processor.py:830} INFO - Processing file /opt/airflow/dags/data/models/Saint Vincent and the Grenadines/deaths_TS_model.pkl for tasks to queue
[2024-08-17T10:09:57.151+0000] {logging_mixin.py:188} INFO - [2024-08-17T10:09:57.151+0000] {dagbag.py:545} INFO - Filling up the DagBag from /opt/airflow/dags/data/models/Saint Vincent and the Grenadines/deaths_TS_model.pkl
[2024-08-17T10:09:57.160+0000] {processor.py:842} WARNING - No viable dags retrieved from /opt/airflow/dags/data/models/Saint Vincent and the Grenadines/deaths_TS_model.pkl
[2024-08-17T10:09:57.169+0000] {processor.py:183} INFO - Processing /opt/airflow/dags/data/models/Saint Vincent and the Grenadines/deaths_TS_model.pkl took 0.023 seconds
[2024-08-17T10:10:28.371+0000] {processor.py:161} INFO - Started process (PID=34001) to work on /opt/airflow/dags/data/models/Saint Vincent and the Grenadines/deaths_TS_model.pkl
[2024-08-17T10:10:28.371+0000] {processor.py:830} INFO - Processing file /opt/airflow/dags/data/models/Saint Vincent and the Grenadines/deaths_TS_model.pkl for tasks to queue
[2024-08-17T10:10:28.372+0000] {logging_mixin.py:188} INFO - [2024-08-17T10:10:28.372+0000] {dagbag.py:545} INFO - Filling up the DagBag from /opt/airflow/dags/data/models/Saint Vincent and the Grenadines/deaths_TS_model.pkl
[2024-08-17T10:10:28.382+0000] {processor.py:842} WARNING - No viable dags retrieved from /opt/airflow/dags/data/models/Saint Vincent and the Grenadines/deaths_TS_model.pkl
[2024-08-17T10:10:28.391+0000] {processor.py:183} INFO - Processing /opt/airflow/dags/data/models/Saint Vincent and the Grenadines/deaths_TS_model.pkl took 0.024 seconds
[2024-08-17T10:11:00.358+0000] {processor.py:161} INFO - Started process (PID=34632) to work on /opt/airflow/dags/data/models/Saint Vincent and the Grenadines/deaths_TS_model.pkl
[2024-08-17T10:11:00.359+0000] {processor.py:830} INFO - Processing file /opt/airflow/dags/data/models/Saint Vincent and the Grenadines/deaths_TS_model.pkl for tasks to queue
[2024-08-17T10:11:00.359+0000] {logging_mixin.py:188} INFO - [2024-08-17T10:11:00.359+0000] {dagbag.py:545} INFO - Filling up the DagBag from /opt/airflow/dags/data/models/Saint Vincent and the Grenadines/deaths_TS_model.pkl
[2024-08-17T10:11:00.367+0000] {processor.py:842} WARNING - No viable dags retrieved from /opt/airflow/dags/data/models/Saint Vincent and the Grenadines/deaths_TS_model.pkl
[2024-08-17T10:11:00.377+0000] {processor.py:183} INFO - Processing /opt/airflow/dags/data/models/Saint Vincent and the Grenadines/deaths_TS_model.pkl took 0.023 seconds
[2024-08-17T10:11:32.830+0000] {processor.py:161} INFO - Started process (PID=35237) to work on /opt/airflow/dags/data/models/Saint Vincent and the Grenadines/deaths_TS_model.pkl
[2024-08-17T10:11:32.830+0000] {processor.py:830} INFO - Processing file /opt/airflow/dags/data/models/Saint Vincent and the Grenadines/deaths_TS_model.pkl for tasks to queue
[2024-08-17T10:11:32.831+0000] {logging_mixin.py:188} INFO - [2024-08-17T10:11:32.831+0000] {dagbag.py:545} INFO - Filling up the DagBag from /opt/airflow/dags/data/models/Saint Vincent and the Grenadines/deaths_TS_model.pkl
[2024-08-17T10:11:32.841+0000] {processor.py:842} WARNING - No viable dags retrieved from /opt/airflow/dags/data/models/Saint Vincent and the Grenadines/deaths_TS_model.pkl
[2024-08-17T10:11:32.850+0000] {processor.py:183} INFO - Processing /opt/airflow/dags/data/models/Saint Vincent and the Grenadines/deaths_TS_model.pkl took 0.024 seconds
[2024-08-17T10:12:04.443+0000] {processor.py:161} INFO - Started process (PID=35865) to work on /opt/airflow/dags/data/models/Saint Vincent and the Grenadines/deaths_TS_model.pkl
[2024-08-17T10:12:04.444+0000] {processor.py:830} INFO - Processing file /opt/airflow/dags/data/models/Saint Vincent and the Grenadines/deaths_TS_model.pkl for tasks to queue
[2024-08-17T10:12:04.444+0000] {logging_mixin.py:188} INFO - [2024-08-17T10:12:04.444+0000] {dagbag.py:545} INFO - Filling up the DagBag from /opt/airflow/dags/data/models/Saint Vincent and the Grenadines/deaths_TS_model.pkl
[2024-08-17T10:12:04.452+0000] {processor.py:842} WARNING - No viable dags retrieved from /opt/airflow/dags/data/models/Saint Vincent and the Grenadines/deaths_TS_model.pkl
[2024-08-17T10:12:04.461+0000] {processor.py:183} INFO - Processing /opt/airflow/dags/data/models/Saint Vincent and the Grenadines/deaths_TS_model.pkl took 0.022 seconds
[2024-08-17T10:12:37.087+0000] {processor.py:161} INFO - Started process (PID=36472) to work on /opt/airflow/dags/data/models/Saint Vincent and the Grenadines/deaths_TS_model.pkl
[2024-08-17T10:12:37.087+0000] {processor.py:830} INFO - Processing file /opt/airflow/dags/data/models/Saint Vincent and the Grenadines/deaths_TS_model.pkl for tasks to queue
[2024-08-17T10:12:37.088+0000] {logging_mixin.py:188} INFO - [2024-08-17T10:12:37.088+0000] {dagbag.py:545} INFO - Filling up the DagBag from /opt/airflow/dags/data/models/Saint Vincent and the Grenadines/deaths_TS_model.pkl
[2024-08-17T10:12:37.097+0000] {processor.py:842} WARNING - No viable dags retrieved from /opt/airflow/dags/data/models/Saint Vincent and the Grenadines/deaths_TS_model.pkl
[2024-08-17T10:12:37.108+0000] {processor.py:183} INFO - Processing /opt/airflow/dags/data/models/Saint Vincent and the Grenadines/deaths_TS_model.pkl took 0.025 seconds
[2024-08-17T10:13:14.396+0000] {processor.py:161} INFO - Started process (PID=37135) to work on /opt/airflow/dags/data/models/Saint Vincent and the Grenadines/deaths_TS_model.pkl
[2024-08-17T10:13:14.397+0000] {processor.py:830} INFO - Processing file /opt/airflow/dags/data/models/Saint Vincent and the Grenadines/deaths_TS_model.pkl for tasks to queue
[2024-08-17T10:13:14.397+0000] {logging_mixin.py:188} INFO - [2024-08-17T10:13:14.397+0000] {dagbag.py:545} INFO - Filling up the DagBag from /opt/airflow/dags/data/models/Saint Vincent and the Grenadines/deaths_TS_model.pkl
[2024-08-17T10:13:14.408+0000] {processor.py:842} WARNING - No viable dags retrieved from /opt/airflow/dags/data/models/Saint Vincent and the Grenadines/deaths_TS_model.pkl
[2024-08-17T10:13:14.417+0000] {processor.py:183} INFO - Processing /opt/airflow/dags/data/models/Saint Vincent and the Grenadines/deaths_TS_model.pkl took 0.025 seconds
[2024-08-17T10:13:46.239+0000] {processor.py:161} INFO - Started process (PID=37746) to work on /opt/airflow/dags/data/models/Saint Vincent and the Grenadines/deaths_TS_model.pkl
[2024-08-17T10:13:46.240+0000] {processor.py:830} INFO - Processing file /opt/airflow/dags/data/models/Saint Vincent and the Grenadines/deaths_TS_model.pkl for tasks to queue
[2024-08-17T10:13:46.240+0000] {logging_mixin.py:188} INFO - [2024-08-17T10:13:46.240+0000] {dagbag.py:545} INFO - Filling up the DagBag from /opt/airflow/dags/data/models/Saint Vincent and the Grenadines/deaths_TS_model.pkl
[2024-08-17T10:13:46.252+0000] {processor.py:842} WARNING - No viable dags retrieved from /opt/airflow/dags/data/models/Saint Vincent and the Grenadines/deaths_TS_model.pkl
[2024-08-17T10:13:46.262+0000] {processor.py:183} INFO - Processing /opt/airflow/dags/data/models/Saint Vincent and the Grenadines/deaths_TS_model.pkl took 0.027 seconds
[2024-08-17T10:14:19.617+0000] {processor.py:161} INFO - Started process (PID=38419) to work on /opt/airflow/dags/data/models/Saint Vincent and the Grenadines/deaths_TS_model.pkl
[2024-08-17T10:14:19.618+0000] {processor.py:830} INFO - Processing file /opt/airflow/dags/data/models/Saint Vincent and the Grenadines/deaths_TS_model.pkl for tasks to queue
[2024-08-17T10:14:19.618+0000] {logging_mixin.py:188} INFO - [2024-08-17T10:14:19.618+0000] {dagbag.py:545} INFO - Filling up the DagBag from /opt/airflow/dags/data/models/Saint Vincent and the Grenadines/deaths_TS_model.pkl
[2024-08-17T10:14:19.633+0000] {processor.py:842} WARNING - No viable dags retrieved from /opt/airflow/dags/data/models/Saint Vincent and the Grenadines/deaths_TS_model.pkl
[2024-08-17T10:14:19.643+0000] {processor.py:183} INFO - Processing /opt/airflow/dags/data/models/Saint Vincent and the Grenadines/deaths_TS_model.pkl took 0.030 seconds
[2024-08-17T10:14:53.206+0000] {processor.py:161} INFO - Started process (PID=39105) to work on /opt/airflow/dags/data/models/Saint Vincent and the Grenadines/deaths_TS_model.pkl
[2024-08-17T10:14:53.207+0000] {processor.py:830} INFO - Processing file /opt/airflow/dags/data/models/Saint Vincent and the Grenadines/deaths_TS_model.pkl for tasks to queue
[2024-08-17T10:14:53.207+0000] {logging_mixin.py:188} INFO - [2024-08-17T10:14:53.207+0000] {dagbag.py:545} INFO - Filling up the DagBag from /opt/airflow/dags/data/models/Saint Vincent and the Grenadines/deaths_TS_model.pkl
[2024-08-17T10:14:53.216+0000] {processor.py:842} WARNING - No viable dags retrieved from /opt/airflow/dags/data/models/Saint Vincent and the Grenadines/deaths_TS_model.pkl
[2024-08-17T10:14:53.225+0000] {processor.py:183} INFO - Processing /opt/airflow/dags/data/models/Saint Vincent and the Grenadines/deaths_TS_model.pkl took 0.023 seconds
[2024-08-17T10:15:25.240+0000] {processor.py:161} INFO - Started process (PID=39777) to work on /opt/airflow/dags/data/models/Saint Vincent and the Grenadines/deaths_TS_model.pkl
[2024-08-17T10:15:25.240+0000] {processor.py:830} INFO - Processing file /opt/airflow/dags/data/models/Saint Vincent and the Grenadines/deaths_TS_model.pkl for tasks to queue
[2024-08-17T10:15:25.241+0000] {logging_mixin.py:188} INFO - [2024-08-17T10:15:25.241+0000] {dagbag.py:545} INFO - Filling up the DagBag from /opt/airflow/dags/data/models/Saint Vincent and the Grenadines/deaths_TS_model.pkl
[2024-08-17T10:15:25.251+0000] {processor.py:842} WARNING - No viable dags retrieved from /opt/airflow/dags/data/models/Saint Vincent and the Grenadines/deaths_TS_model.pkl
[2024-08-17T10:15:25.260+0000] {processor.py:183} INFO - Processing /opt/airflow/dags/data/models/Saint Vincent and the Grenadines/deaths_TS_model.pkl took 0.024 seconds
[2024-08-17T10:15:58.279+0000] {processor.py:161} INFO - Started process (PID=40469) to work on /opt/airflow/dags/data/models/Saint Vincent and the Grenadines/deaths_TS_model.pkl
[2024-08-17T10:15:58.280+0000] {processor.py:830} INFO - Processing file /opt/airflow/dags/data/models/Saint Vincent and the Grenadines/deaths_TS_model.pkl for tasks to queue
[2024-08-17T10:15:58.280+0000] {logging_mixin.py:188} INFO - [2024-08-17T10:15:58.280+0000] {dagbag.py:545} INFO - Filling up the DagBag from /opt/airflow/dags/data/models/Saint Vincent and the Grenadines/deaths_TS_model.pkl
[2024-08-17T10:15:58.288+0000] {processor.py:842} WARNING - No viable dags retrieved from /opt/airflow/dags/data/models/Saint Vincent and the Grenadines/deaths_TS_model.pkl
[2024-08-17T10:15:58.297+0000] {processor.py:183} INFO - Processing /opt/airflow/dags/data/models/Saint Vincent and the Grenadines/deaths_TS_model.pkl took 0.021 seconds
[2024-08-17T10:16:30.505+0000] {processor.py:161} INFO - Started process (PID=41143) to work on /opt/airflow/dags/data/models/Saint Vincent and the Grenadines/deaths_TS_model.pkl
[2024-08-17T10:16:30.510+0000] {processor.py:830} INFO - Processing file /opt/airflow/dags/data/models/Saint Vincent and the Grenadines/deaths_TS_model.pkl for tasks to queue
[2024-08-17T10:16:30.511+0000] {logging_mixin.py:188} INFO - [2024-08-17T10:16:30.511+0000] {dagbag.py:545} INFO - Filling up the DagBag from /opt/airflow/dags/data/models/Saint Vincent and the Grenadines/deaths_TS_model.pkl
[2024-08-17T10:16:30.521+0000] {processor.py:842} WARNING - No viable dags retrieved from /opt/airflow/dags/data/models/Saint Vincent and the Grenadines/deaths_TS_model.pkl
[2024-08-17T10:16:30.531+0000] {processor.py:183} INFO - Processing /opt/airflow/dags/data/models/Saint Vincent and the Grenadines/deaths_TS_model.pkl took 0.029 seconds
[2024-08-17T10:17:01.583+0000] {processor.py:161} INFO - Started process (PID=41822) to work on /opt/airflow/dags/data/models/Saint Vincent and the Grenadines/deaths_TS_model.pkl
[2024-08-17T10:17:01.584+0000] {processor.py:830} INFO - Processing file /opt/airflow/dags/data/models/Saint Vincent and the Grenadines/deaths_TS_model.pkl for tasks to queue
[2024-08-17T10:17:01.585+0000] {logging_mixin.py:188} INFO - [2024-08-17T10:17:01.584+0000] {dagbag.py:545} INFO - Filling up the DagBag from /opt/airflow/dags/data/models/Saint Vincent and the Grenadines/deaths_TS_model.pkl
[2024-08-17T10:17:01.597+0000] {processor.py:842} WARNING - No viable dags retrieved from /opt/airflow/dags/data/models/Saint Vincent and the Grenadines/deaths_TS_model.pkl
[2024-08-17T10:17:01.607+0000] {processor.py:183} INFO - Processing /opt/airflow/dags/data/models/Saint Vincent and the Grenadines/deaths_TS_model.pkl took 0.029 seconds
[2024-08-17T10:17:32.958+0000] {processor.py:161} INFO - Started process (PID=42509) to work on /opt/airflow/dags/data/models/Saint Vincent and the Grenadines/deaths_TS_model.pkl
[2024-08-17T10:17:32.959+0000] {processor.py:830} INFO - Processing file /opt/airflow/dags/data/models/Saint Vincent and the Grenadines/deaths_TS_model.pkl for tasks to queue
[2024-08-17T10:17:32.961+0000] {logging_mixin.py:188} INFO - [2024-08-17T10:17:32.960+0000] {dagbag.py:545} INFO - Filling up the DagBag from /opt/airflow/dags/data/models/Saint Vincent and the Grenadines/deaths_TS_model.pkl
[2024-08-17T10:17:32.969+0000] {processor.py:842} WARNING - No viable dags retrieved from /opt/airflow/dags/data/models/Saint Vincent and the Grenadines/deaths_TS_model.pkl
[2024-08-17T10:17:32.978+0000] {processor.py:183} INFO - Processing /opt/airflow/dags/data/models/Saint Vincent and the Grenadines/deaths_TS_model.pkl took 0.023 seconds
[2024-08-17T10:18:10.084+0000] {processor.py:161} INFO - Started process (PID=43159) to work on /opt/airflow/dags/data/models/Saint Vincent and the Grenadines/deaths_TS_model.pkl
[2024-08-17T10:18:10.085+0000] {processor.py:830} INFO - Processing file /opt/airflow/dags/data/models/Saint Vincent and the Grenadines/deaths_TS_model.pkl for tasks to queue
[2024-08-17T10:18:10.085+0000] {logging_mixin.py:188} INFO - [2024-08-17T10:18:10.085+0000] {dagbag.py:545} INFO - Filling up the DagBag from /opt/airflow/dags/data/models/Saint Vincent and the Grenadines/deaths_TS_model.pkl
[2024-08-17T10:18:10.094+0000] {processor.py:842} WARNING - No viable dags retrieved from /opt/airflow/dags/data/models/Saint Vincent and the Grenadines/deaths_TS_model.pkl
[2024-08-17T10:18:10.103+0000] {processor.py:183} INFO - Processing /opt/airflow/dags/data/models/Saint Vincent and the Grenadines/deaths_TS_model.pkl took 0.023 seconds
[2024-08-17T10:18:44.253+0000] {processor.py:161} INFO - Started process (PID=43902) to work on /opt/airflow/dags/data/models/Saint Vincent and the Grenadines/deaths_TS_model.pkl
[2024-08-17T10:18:44.254+0000] {processor.py:830} INFO - Processing file /opt/airflow/dags/data/models/Saint Vincent and the Grenadines/deaths_TS_model.pkl for tasks to queue
[2024-08-17T10:18:44.254+0000] {logging_mixin.py:188} INFO - [2024-08-17T10:18:44.254+0000] {dagbag.py:545} INFO - Filling up the DagBag from /opt/airflow/dags/data/models/Saint Vincent and the Grenadines/deaths_TS_model.pkl
[2024-08-17T10:18:44.262+0000] {processor.py:842} WARNING - No viable dags retrieved from /opt/airflow/dags/data/models/Saint Vincent and the Grenadines/deaths_TS_model.pkl
[2024-08-17T10:18:44.271+0000] {processor.py:183} INFO - Processing /opt/airflow/dags/data/models/Saint Vincent and the Grenadines/deaths_TS_model.pkl took 0.021 seconds
[2024-08-17T10:19:18.013+0000] {processor.py:161} INFO - Started process (PID=44645) to work on /opt/airflow/dags/data/models/Saint Vincent and the Grenadines/deaths_TS_model.pkl
[2024-08-17T10:19:18.014+0000] {processor.py:830} INFO - Processing file /opt/airflow/dags/data/models/Saint Vincent and the Grenadines/deaths_TS_model.pkl for tasks to queue
[2024-08-17T10:19:18.014+0000] {logging_mixin.py:188} INFO - [2024-08-17T10:19:18.014+0000] {dagbag.py:545} INFO - Filling up the DagBag from /opt/airflow/dags/data/models/Saint Vincent and the Grenadines/deaths_TS_model.pkl
[2024-08-17T10:19:18.022+0000] {processor.py:842} WARNING - No viable dags retrieved from /opt/airflow/dags/data/models/Saint Vincent and the Grenadines/deaths_TS_model.pkl
[2024-08-17T10:19:18.032+0000] {processor.py:183} INFO - Processing /opt/airflow/dags/data/models/Saint Vincent and the Grenadines/deaths_TS_model.pkl took 0.022 seconds
[2024-08-17T10:19:50.242+0000] {processor.py:161} INFO - Started process (PID=45341) to work on /opt/airflow/dags/data/models/Saint Vincent and the Grenadines/deaths_TS_model.pkl
[2024-08-17T10:19:50.244+0000] {processor.py:830} INFO - Processing file /opt/airflow/dags/data/models/Saint Vincent and the Grenadines/deaths_TS_model.pkl for tasks to queue
[2024-08-17T10:19:50.245+0000] {logging_mixin.py:188} INFO - [2024-08-17T10:19:50.244+0000] {dagbag.py:545} INFO - Filling up the DagBag from /opt/airflow/dags/data/models/Saint Vincent and the Grenadines/deaths_TS_model.pkl
[2024-08-17T10:19:50.262+0000] {processor.py:842} WARNING - No viable dags retrieved from /opt/airflow/dags/data/models/Saint Vincent and the Grenadines/deaths_TS_model.pkl
[2024-08-17T10:19:50.271+0000] {processor.py:183} INFO - Processing /opt/airflow/dags/data/models/Saint Vincent and the Grenadines/deaths_TS_model.pkl took 0.033 seconds
[2024-08-17T10:20:22.790+0000] {processor.py:161} INFO - Started process (PID=46063) to work on /opt/airflow/dags/data/models/Saint Vincent and the Grenadines/deaths_TS_model.pkl
[2024-08-17T10:20:22.791+0000] {processor.py:830} INFO - Processing file /opt/airflow/dags/data/models/Saint Vincent and the Grenadines/deaths_TS_model.pkl for tasks to queue
[2024-08-17T10:20:22.791+0000] {logging_mixin.py:188} INFO - [2024-08-17T10:20:22.791+0000] {dagbag.py:545} INFO - Filling up the DagBag from /opt/airflow/dags/data/models/Saint Vincent and the Grenadines/deaths_TS_model.pkl
[2024-08-17T10:20:22.802+0000] {processor.py:842} WARNING - No viable dags retrieved from /opt/airflow/dags/data/models/Saint Vincent and the Grenadines/deaths_TS_model.pkl
[2024-08-17T10:20:22.812+0000] {processor.py:183} INFO - Processing /opt/airflow/dags/data/models/Saint Vincent and the Grenadines/deaths_TS_model.pkl took 0.025 seconds
[2024-08-17T10:20:54.706+0000] {processor.py:161} INFO - Started process (PID=46795) to work on /opt/airflow/dags/data/models/Saint Vincent and the Grenadines/deaths_TS_model.pkl
[2024-08-17T10:20:54.706+0000] {processor.py:830} INFO - Processing file /opt/airflow/dags/data/models/Saint Vincent and the Grenadines/deaths_TS_model.pkl for tasks to queue
[2024-08-17T10:20:54.707+0000] {logging_mixin.py:188} INFO - [2024-08-17T10:20:54.707+0000] {dagbag.py:545} INFO - Filling up the DagBag from /opt/airflow/dags/data/models/Saint Vincent and the Grenadines/deaths_TS_model.pkl
[2024-08-17T10:20:54.719+0000] {processor.py:842} WARNING - No viable dags retrieved from /opt/airflow/dags/data/models/Saint Vincent and the Grenadines/deaths_TS_model.pkl
[2024-08-17T10:20:54.728+0000] {processor.py:183} INFO - Processing /opt/airflow/dags/data/models/Saint Vincent and the Grenadines/deaths_TS_model.pkl took 0.025 seconds
[2024-08-17T10:21:25.761+0000] {processor.py:161} INFO - Started process (PID=47502) to work on /opt/airflow/dags/data/models/Saint Vincent and the Grenadines/deaths_TS_model.pkl
[2024-08-17T10:21:25.763+0000] {processor.py:830} INFO - Processing file /opt/airflow/dags/data/models/Saint Vincent and the Grenadines/deaths_TS_model.pkl for tasks to queue
[2024-08-17T10:21:25.765+0000] {logging_mixin.py:188} INFO - [2024-08-17T10:21:25.765+0000] {dagbag.py:545} INFO - Filling up the DagBag from /opt/airflow/dags/data/models/Saint Vincent and the Grenadines/deaths_TS_model.pkl
[2024-08-17T10:21:25.779+0000] {processor.py:842} WARNING - No viable dags retrieved from /opt/airflow/dags/data/models/Saint Vincent and the Grenadines/deaths_TS_model.pkl
[2024-08-17T10:21:25.788+0000] {processor.py:183} INFO - Processing /opt/airflow/dags/data/models/Saint Vincent and the Grenadines/deaths_TS_model.pkl took 0.032 seconds
[2024-08-17T11:53:05.105+0000] {processor.py:161} INFO - Started process (PID=6169) to work on /opt/airflow/dags/data/models/Saint Vincent and the Grenadines/deaths_TS_model.pkl
[2024-08-17T11:53:05.106+0000] {processor.py:830} INFO - Processing file /opt/airflow/dags/data/models/Saint Vincent and the Grenadines/deaths_TS_model.pkl for tasks to queue
[2024-08-17T11:53:05.107+0000] {logging_mixin.py:188} INFO - [2024-08-17T11:53:05.107+0000] {dagbag.py:545} INFO - Filling up the DagBag from /opt/airflow/dags/data/models/Saint Vincent and the Grenadines/deaths_TS_model.pkl
[2024-08-17T11:53:05.129+0000] {processor.py:842} WARNING - No viable dags retrieved from /opt/airflow/dags/data/models/Saint Vincent and the Grenadines/deaths_TS_model.pkl
[2024-08-17T11:53:05.149+0000] {processor.py:183} INFO - Processing /opt/airflow/dags/data/models/Saint Vincent and the Grenadines/deaths_TS_model.pkl took 0.051 seconds
[2024-08-17T11:53:47.013+0000] {processor.py:161} INFO - Started process (PID=6764) to work on /opt/airflow/dags/data/models/Saint Vincent and the Grenadines/deaths_TS_model.pkl
[2024-08-17T11:53:47.015+0000] {processor.py:830} INFO - Processing file /opt/airflow/dags/data/models/Saint Vincent and the Grenadines/deaths_TS_model.pkl for tasks to queue
[2024-08-17T11:53:47.016+0000] {logging_mixin.py:188} INFO - [2024-08-17T11:53:47.016+0000] {dagbag.py:545} INFO - Filling up the DagBag from /opt/airflow/dags/data/models/Saint Vincent and the Grenadines/deaths_TS_model.pkl
[2024-08-17T11:53:47.037+0000] {processor.py:842} WARNING - No viable dags retrieved from /opt/airflow/dags/data/models/Saint Vincent and the Grenadines/deaths_TS_model.pkl
[2024-08-17T11:53:47.056+0000] {processor.py:183} INFO - Processing /opt/airflow/dags/data/models/Saint Vincent and the Grenadines/deaths_TS_model.pkl took 0.050 seconds
[2024-08-17T11:54:23.348+0000] {processor.py:161} INFO - Started process (PID=7284) to work on /opt/airflow/dags/data/models/Saint Vincent and the Grenadines/deaths_TS_model.pkl
[2024-08-17T11:54:23.349+0000] {processor.py:830} INFO - Processing file /opt/airflow/dags/data/models/Saint Vincent and the Grenadines/deaths_TS_model.pkl for tasks to queue
[2024-08-17T11:54:23.351+0000] {logging_mixin.py:188} INFO - [2024-08-17T11:54:23.351+0000] {dagbag.py:545} INFO - Filling up the DagBag from /opt/airflow/dags/data/models/Saint Vincent and the Grenadines/deaths_TS_model.pkl
[2024-08-17T11:54:23.367+0000] {processor.py:842} WARNING - No viable dags retrieved from /opt/airflow/dags/data/models/Saint Vincent and the Grenadines/deaths_TS_model.pkl
[2024-08-17T11:54:23.385+0000] {processor.py:183} INFO - Processing /opt/airflow/dags/data/models/Saint Vincent and the Grenadines/deaths_TS_model.pkl took 0.046 seconds
[2024-08-17T11:55:02.861+0000] {processor.py:161} INFO - Started process (PID=7899) to work on /opt/airflow/dags/data/models/Saint Vincent and the Grenadines/deaths_TS_model.pkl
[2024-08-17T11:55:02.864+0000] {processor.py:830} INFO - Processing file /opt/airflow/dags/data/models/Saint Vincent and the Grenadines/deaths_TS_model.pkl for tasks to queue
[2024-08-17T11:55:02.866+0000] {logging_mixin.py:188} INFO - [2024-08-17T11:55:02.865+0000] {dagbag.py:545} INFO - Filling up the DagBag from /opt/airflow/dags/data/models/Saint Vincent and the Grenadines/deaths_TS_model.pkl
[2024-08-17T11:55:02.901+0000] {processor.py:842} WARNING - No viable dags retrieved from /opt/airflow/dags/data/models/Saint Vincent and the Grenadines/deaths_TS_model.pkl
[2024-08-17T11:55:02.920+0000] {processor.py:183} INFO - Processing /opt/airflow/dags/data/models/Saint Vincent and the Grenadines/deaths_TS_model.pkl took 0.069 seconds
[2024-08-17T11:55:43.524+0000] {processor.py:161} INFO - Started process (PID=8535) to work on /opt/airflow/dags/data/models/Saint Vincent and the Grenadines/deaths_TS_model.pkl
[2024-08-17T11:55:43.525+0000] {processor.py:830} INFO - Processing file /opt/airflow/dags/data/models/Saint Vincent and the Grenadines/deaths_TS_model.pkl for tasks to queue
[2024-08-17T11:55:43.527+0000] {logging_mixin.py:188} INFO - [2024-08-17T11:55:43.526+0000] {dagbag.py:545} INFO - Filling up the DagBag from /opt/airflow/dags/data/models/Saint Vincent and the Grenadines/deaths_TS_model.pkl
[2024-08-17T11:55:43.546+0000] {processor.py:842} WARNING - No viable dags retrieved from /opt/airflow/dags/data/models/Saint Vincent and the Grenadines/deaths_TS_model.pkl
[2024-08-17T11:55:43.566+0000] {processor.py:183} INFO - Processing /opt/airflow/dags/data/models/Saint Vincent and the Grenadines/deaths_TS_model.pkl took 0.048 seconds
[2024-08-17T11:56:05.824+0000] {processor.py:161} INFO - Started process (PID=8878) to work on /opt/airflow/dags/data/models/Saint Vincent and the Grenadines/deaths_TS_model.pkl
[2024-08-17T11:56:05.825+0000] {processor.py:830} INFO - Processing file /opt/airflow/dags/data/models/Saint Vincent and the Grenadines/deaths_TS_model.pkl for tasks to queue
[2024-08-17T11:56:05.827+0000] {logging_mixin.py:188} INFO - [2024-08-17T11:56:05.826+0000] {dagbag.py:545} INFO - Filling up the DagBag from /opt/airflow/dags/data/models/Saint Vincent and the Grenadines/deaths_TS_model.pkl
[2024-08-17T11:56:05.846+0000] {processor.py:842} WARNING - No viable dags retrieved from /opt/airflow/dags/data/models/Saint Vincent and the Grenadines/deaths_TS_model.pkl
[2024-08-17T11:56:05.864+0000] {processor.py:183} INFO - Processing /opt/airflow/dags/data/models/Saint Vincent and the Grenadines/deaths_TS_model.pkl took 0.048 seconds
[2024-08-17T11:56:42.394+0000] {processor.py:161} INFO - Started process (PID=9471) to work on /opt/airflow/dags/data/models/Saint Vincent and the Grenadines/deaths_TS_model.pkl
[2024-08-17T11:56:42.395+0000] {processor.py:830} INFO - Processing file /opt/airflow/dags/data/models/Saint Vincent and the Grenadines/deaths_TS_model.pkl for tasks to queue
[2024-08-17T11:56:42.396+0000] {logging_mixin.py:188} INFO - [2024-08-17T11:56:42.395+0000] {dagbag.py:545} INFO - Filling up the DagBag from /opt/airflow/dags/data/models/Saint Vincent and the Grenadines/deaths_TS_model.pkl
[2024-08-17T11:56:42.417+0000] {processor.py:842} WARNING - No viable dags retrieved from /opt/airflow/dags/data/models/Saint Vincent and the Grenadines/deaths_TS_model.pkl
[2024-08-17T11:56:42.437+0000] {processor.py:183} INFO - Processing /opt/airflow/dags/data/models/Saint Vincent and the Grenadines/deaths_TS_model.pkl took 0.048 seconds
[2024-08-17T11:56:49.819+0000] {processor.py:161} INFO - Started process (PID=9559) to work on /opt/airflow/dags/data/models/Saint Vincent and the Grenadines/deaths_TS_model.pkl
[2024-08-17T11:56:49.820+0000] {processor.py:830} INFO - Processing file /opt/airflow/dags/data/models/Saint Vincent and the Grenadines/deaths_TS_model.pkl for tasks to queue
[2024-08-17T11:56:49.821+0000] {logging_mixin.py:188} INFO - [2024-08-17T11:56:49.821+0000] {dagbag.py:545} INFO - Filling up the DagBag from /opt/airflow/dags/data/models/Saint Vincent and the Grenadines/deaths_TS_model.pkl
[2024-08-17T11:56:49.843+0000] {processor.py:842} WARNING - No viable dags retrieved from /opt/airflow/dags/data/models/Saint Vincent and the Grenadines/deaths_TS_model.pkl
[2024-08-17T11:56:49.862+0000] {processor.py:183} INFO - Processing /opt/airflow/dags/data/models/Saint Vincent and the Grenadines/deaths_TS_model.pkl took 0.050 seconds
[2024-08-17T11:57:31.589+0000] {processor.py:161} INFO - Started process (PID=10180) to work on /opt/airflow/dags/data/models/Saint Vincent and the Grenadines/deaths_TS_model.pkl
[2024-08-17T11:57:31.590+0000] {processor.py:830} INFO - Processing file /opt/airflow/dags/data/models/Saint Vincent and the Grenadines/deaths_TS_model.pkl for tasks to queue
[2024-08-17T11:57:31.592+0000] {logging_mixin.py:188} INFO - [2024-08-17T11:57:31.591+0000] {dagbag.py:545} INFO - Filling up the DagBag from /opt/airflow/dags/data/models/Saint Vincent and the Grenadines/deaths_TS_model.pkl
[2024-08-17T11:57:31.612+0000] {processor.py:842} WARNING - No viable dags retrieved from /opt/airflow/dags/data/models/Saint Vincent and the Grenadines/deaths_TS_model.pkl
[2024-08-17T11:57:31.631+0000] {processor.py:183} INFO - Processing /opt/airflow/dags/data/models/Saint Vincent and the Grenadines/deaths_TS_model.pkl took 0.049 seconds
[2024-08-17T11:58:14.687+0000] {processor.py:161} INFO - Started process (PID=10598) to work on /opt/airflow/dags/data/models/Saint Vincent and the Grenadines/deaths_TS_model.pkl
[2024-08-17T11:58:14.688+0000] {processor.py:830} INFO - Processing file /opt/airflow/dags/data/models/Saint Vincent and the Grenadines/deaths_TS_model.pkl for tasks to queue
[2024-08-17T11:58:14.689+0000] {logging_mixin.py:188} INFO - [2024-08-17T11:58:14.688+0000] {dagbag.py:545} INFO - Filling up the DagBag from /opt/airflow/dags/data/models/Saint Vincent and the Grenadines/deaths_TS_model.pkl
[2024-08-17T11:58:14.703+0000] {processor.py:842} WARNING - No viable dags retrieved from /opt/airflow/dags/data/models/Saint Vincent and the Grenadines/deaths_TS_model.pkl
[2024-08-17T11:58:14.719+0000] {processor.py:183} INFO - Processing /opt/airflow/dags/data/models/Saint Vincent and the Grenadines/deaths_TS_model.pkl took 0.040 seconds
[2024-08-17T11:58:54.844+0000] {processor.py:161} INFO - Started process (PID=11228) to work on /opt/airflow/dags/data/models/Saint Vincent and the Grenadines/deaths_TS_model.pkl
[2024-08-17T11:58:54.846+0000] {processor.py:830} INFO - Processing file /opt/airflow/dags/data/models/Saint Vincent and the Grenadines/deaths_TS_model.pkl for tasks to queue
[2024-08-17T11:58:54.848+0000] {logging_mixin.py:188} INFO - [2024-08-17T11:58:54.848+0000] {dagbag.py:545} INFO - Filling up the DagBag from /opt/airflow/dags/data/models/Saint Vincent and the Grenadines/deaths_TS_model.pkl
[2024-08-17T11:58:54.867+0000] {processor.py:842} WARNING - No viable dags retrieved from /opt/airflow/dags/data/models/Saint Vincent and the Grenadines/deaths_TS_model.pkl
[2024-08-17T11:58:54.888+0000] {processor.py:183} INFO - Processing /opt/airflow/dags/data/models/Saint Vincent and the Grenadines/deaths_TS_model.pkl took 0.052 seconds
[2024-08-17T11:59:38.198+0000] {processor.py:161} INFO - Started process (PID=11869) to work on /opt/airflow/dags/data/models/Saint Vincent and the Grenadines/deaths_TS_model.pkl
[2024-08-17T11:59:38.199+0000] {processor.py:830} INFO - Processing file /opt/airflow/dags/data/models/Saint Vincent and the Grenadines/deaths_TS_model.pkl for tasks to queue
[2024-08-17T11:59:38.200+0000] {logging_mixin.py:188} INFO - [2024-08-17T11:59:38.200+0000] {dagbag.py:545} INFO - Filling up the DagBag from /opt/airflow/dags/data/models/Saint Vincent and the Grenadines/deaths_TS_model.pkl
[2024-08-17T11:59:38.220+0000] {processor.py:842} WARNING - No viable dags retrieved from /opt/airflow/dags/data/models/Saint Vincent and the Grenadines/deaths_TS_model.pkl
[2024-08-17T11:59:38.237+0000] {processor.py:183} INFO - Processing /opt/airflow/dags/data/models/Saint Vincent and the Grenadines/deaths_TS_model.pkl took 0.046 seconds
[2024-08-17T12:00:13.557+0000] {processor.py:161} INFO - Started process (PID=12368) to work on /opt/airflow/dags/data/models/Saint Vincent and the Grenadines/deaths_TS_model.pkl
[2024-08-17T12:00:13.559+0000] {processor.py:830} INFO - Processing file /opt/airflow/dags/data/models/Saint Vincent and the Grenadines/deaths_TS_model.pkl for tasks to queue
[2024-08-17T12:00:13.560+0000] {logging_mixin.py:188} INFO - [2024-08-17T12:00:13.560+0000] {dagbag.py:545} INFO - Filling up the DagBag from /opt/airflow/dags/data/models/Saint Vincent and the Grenadines/deaths_TS_model.pkl
[2024-08-17T12:00:13.578+0000] {processor.py:842} WARNING - No viable dags retrieved from /opt/airflow/dags/data/models/Saint Vincent and the Grenadines/deaths_TS_model.pkl
[2024-08-17T12:00:13.599+0000] {processor.py:183} INFO - Processing /opt/airflow/dags/data/models/Saint Vincent and the Grenadines/deaths_TS_model.pkl took 0.051 seconds
[2024-08-17T12:00:45.154+0000] {processor.py:161} INFO - Started process (PID=12923) to work on /opt/airflow/dags/data/models/Saint Vincent and the Grenadines/deaths_TS_model.pkl
[2024-08-17T12:00:45.156+0000] {processor.py:830} INFO - Processing file /opt/airflow/dags/data/models/Saint Vincent and the Grenadines/deaths_TS_model.pkl for tasks to queue
[2024-08-17T12:00:45.157+0000] {logging_mixin.py:188} INFO - [2024-08-17T12:00:45.157+0000] {dagbag.py:545} INFO - Filling up the DagBag from /opt/airflow/dags/data/models/Saint Vincent and the Grenadines/deaths_TS_model.pkl
[2024-08-17T12:00:45.176+0000] {processor.py:842} WARNING - No viable dags retrieved from /opt/airflow/dags/data/models/Saint Vincent and the Grenadines/deaths_TS_model.pkl
[2024-08-17T12:00:45.193+0000] {processor.py:183} INFO - Processing /opt/airflow/dags/data/models/Saint Vincent and the Grenadines/deaths_TS_model.pkl took 0.049 seconds
[2024-08-17T12:01:24.267+0000] {processor.py:161} INFO - Started process (PID=13550) to work on /opt/airflow/dags/data/models/Saint Vincent and the Grenadines/deaths_TS_model.pkl
[2024-08-17T12:01:24.268+0000] {processor.py:830} INFO - Processing file /opt/airflow/dags/data/models/Saint Vincent and the Grenadines/deaths_TS_model.pkl for tasks to queue
[2024-08-17T12:01:24.269+0000] {logging_mixin.py:188} INFO - [2024-08-17T12:01:24.269+0000] {dagbag.py:545} INFO - Filling up the DagBag from /opt/airflow/dags/data/models/Saint Vincent and the Grenadines/deaths_TS_model.pkl
[2024-08-17T12:01:24.284+0000] {processor.py:842} WARNING - No viable dags retrieved from /opt/airflow/dags/data/models/Saint Vincent and the Grenadines/deaths_TS_model.pkl
[2024-08-17T12:01:24.301+0000] {processor.py:183} INFO - Processing /opt/airflow/dags/data/models/Saint Vincent and the Grenadines/deaths_TS_model.pkl took 0.041 seconds
[2024-08-17T12:02:00.557+0000] {processor.py:161} INFO - Started process (PID=14100) to work on /opt/airflow/dags/data/models/Saint Vincent and the Grenadines/deaths_TS_model.pkl
[2024-08-17T12:02:00.558+0000] {processor.py:830} INFO - Processing file /opt/airflow/dags/data/models/Saint Vincent and the Grenadines/deaths_TS_model.pkl for tasks to queue
[2024-08-17T12:02:00.559+0000] {logging_mixin.py:188} INFO - [2024-08-17T12:02:00.559+0000] {dagbag.py:545} INFO - Filling up the DagBag from /opt/airflow/dags/data/models/Saint Vincent and the Grenadines/deaths_TS_model.pkl
[2024-08-17T12:02:00.583+0000] {processor.py:842} WARNING - No viable dags retrieved from /opt/airflow/dags/data/models/Saint Vincent and the Grenadines/deaths_TS_model.pkl
[2024-08-17T12:02:00.603+0000] {processor.py:183} INFO - Processing /opt/airflow/dags/data/models/Saint Vincent and the Grenadines/deaths_TS_model.pkl took 0.053 seconds
[2024-08-17T12:02:34.404+0000] {processor.py:161} INFO - Started process (PID=14569) to work on /opt/airflow/dags/data/models/Saint Vincent and the Grenadines/deaths_TS_model.pkl
[2024-08-17T12:02:34.405+0000] {processor.py:830} INFO - Processing file /opt/airflow/dags/data/models/Saint Vincent and the Grenadines/deaths_TS_model.pkl for tasks to queue
[2024-08-17T12:02:34.407+0000] {logging_mixin.py:188} INFO - [2024-08-17T12:02:34.406+0000] {dagbag.py:545} INFO - Filling up the DagBag from /opt/airflow/dags/data/models/Saint Vincent and the Grenadines/deaths_TS_model.pkl
[2024-08-17T12:02:34.425+0000] {processor.py:842} WARNING - No viable dags retrieved from /opt/airflow/dags/data/models/Saint Vincent and the Grenadines/deaths_TS_model.pkl
[2024-08-17T12:02:34.444+0000] {processor.py:183} INFO - Processing /opt/airflow/dags/data/models/Saint Vincent and the Grenadines/deaths_TS_model.pkl took 0.048 seconds
[2024-08-17T12:03:08.854+0000] {processor.py:161} INFO - Started process (PID=14842) to work on /opt/airflow/dags/data/models/Saint Vincent and the Grenadines/deaths_TS_model.pkl
[2024-08-17T12:03:08.855+0000] {processor.py:830} INFO - Processing file /opt/airflow/dags/data/models/Saint Vincent and the Grenadines/deaths_TS_model.pkl for tasks to queue
[2024-08-17T12:03:08.856+0000] {logging_mixin.py:188} INFO - [2024-08-17T12:03:08.855+0000] {dagbag.py:545} INFO - Filling up the DagBag from /opt/airflow/dags/data/models/Saint Vincent and the Grenadines/deaths_TS_model.pkl
[2024-08-17T12:03:08.868+0000] {processor.py:842} WARNING - No viable dags retrieved from /opt/airflow/dags/data/models/Saint Vincent and the Grenadines/deaths_TS_model.pkl
[2024-08-17T12:03:08.886+0000] {processor.py:183} INFO - Processing /opt/airflow/dags/data/models/Saint Vincent and the Grenadines/deaths_TS_model.pkl took 0.039 seconds
[2024-08-17T12:03:51.095+0000] {processor.py:161} INFO - Started process (PID=15513) to work on /opt/airflow/dags/data/models/Saint Vincent and the Grenadines/deaths_TS_model.pkl
[2024-08-17T12:03:51.096+0000] {processor.py:830} INFO - Processing file /opt/airflow/dags/data/models/Saint Vincent and the Grenadines/deaths_TS_model.pkl for tasks to queue
[2024-08-17T12:03:51.097+0000] {logging_mixin.py:188} INFO - [2024-08-17T12:03:51.096+0000] {dagbag.py:545} INFO - Filling up the DagBag from /opt/airflow/dags/data/models/Saint Vincent and the Grenadines/deaths_TS_model.pkl
[2024-08-17T12:03:51.112+0000] {processor.py:842} WARNING - No viable dags retrieved from /opt/airflow/dags/data/models/Saint Vincent and the Grenadines/deaths_TS_model.pkl
[2024-08-17T12:03:51.129+0000] {processor.py:183} INFO - Processing /opt/airflow/dags/data/models/Saint Vincent and the Grenadines/deaths_TS_model.pkl took 0.047 seconds
[2024-08-17T12:04:35.174+0000] {processor.py:161} INFO - Started process (PID=16136) to work on /opt/airflow/dags/data/models/Saint Vincent and the Grenadines/deaths_TS_model.pkl
[2024-08-17T12:04:35.175+0000] {processor.py:830} INFO - Processing file /opt/airflow/dags/data/models/Saint Vincent and the Grenadines/deaths_TS_model.pkl for tasks to queue
[2024-08-17T12:04:35.177+0000] {logging_mixin.py:188} INFO - [2024-08-17T12:04:35.176+0000] {dagbag.py:545} INFO - Filling up the DagBag from /opt/airflow/dags/data/models/Saint Vincent and the Grenadines/deaths_TS_model.pkl
[2024-08-17T12:04:35.199+0000] {processor.py:842} WARNING - No viable dags retrieved from /opt/airflow/dags/data/models/Saint Vincent and the Grenadines/deaths_TS_model.pkl
[2024-08-17T12:04:35.218+0000] {processor.py:183} INFO - Processing /opt/airflow/dags/data/models/Saint Vincent and the Grenadines/deaths_TS_model.pkl took 0.051 seconds
[2024-08-17T12:05:14.415+0000] {processor.py:161} INFO - Started process (PID=16728) to work on /opt/airflow/dags/data/models/Saint Vincent and the Grenadines/deaths_TS_model.pkl
[2024-08-17T12:05:14.417+0000] {processor.py:830} INFO - Processing file /opt/airflow/dags/data/models/Saint Vincent and the Grenadines/deaths_TS_model.pkl for tasks to queue
[2024-08-17T12:05:14.419+0000] {logging_mixin.py:188} INFO - [2024-08-17T12:05:14.418+0000] {dagbag.py:545} INFO - Filling up the DagBag from /opt/airflow/dags/data/models/Saint Vincent and the Grenadines/deaths_TS_model.pkl
[2024-08-17T12:05:14.438+0000] {processor.py:842} WARNING - No viable dags retrieved from /opt/airflow/dags/data/models/Saint Vincent and the Grenadines/deaths_TS_model.pkl
[2024-08-17T12:05:14.463+0000] {processor.py:183} INFO - Processing /opt/airflow/dags/data/models/Saint Vincent and the Grenadines/deaths_TS_model.pkl took 0.056 seconds
[2024-08-17T12:05:57.902+0000] {processor.py:161} INFO - Started process (PID=17374) to work on /opt/airflow/dags/data/models/Saint Vincent and the Grenadines/deaths_TS_model.pkl
[2024-08-17T12:05:57.904+0000] {processor.py:830} INFO - Processing file /opt/airflow/dags/data/models/Saint Vincent and the Grenadines/deaths_TS_model.pkl for tasks to queue
[2024-08-17T12:05:57.905+0000] {logging_mixin.py:188} INFO - [2024-08-17T12:05:57.904+0000] {dagbag.py:545} INFO - Filling up the DagBag from /opt/airflow/dags/data/models/Saint Vincent and the Grenadines/deaths_TS_model.pkl
[2024-08-17T12:05:57.928+0000] {processor.py:842} WARNING - No viable dags retrieved from /opt/airflow/dags/data/models/Saint Vincent and the Grenadines/deaths_TS_model.pkl
[2024-08-17T12:05:57.948+0000] {processor.py:183} INFO - Processing /opt/airflow/dags/data/models/Saint Vincent and the Grenadines/deaths_TS_model.pkl took 0.052 seconds
[2024-08-17T12:06:34.724+0000] {processor.py:161} INFO - Started process (PID=17962) to work on /opt/airflow/dags/data/models/Saint Vincent and the Grenadines/deaths_TS_model.pkl
[2024-08-17T12:06:34.728+0000] {processor.py:830} INFO - Processing file /opt/airflow/dags/data/models/Saint Vincent and the Grenadines/deaths_TS_model.pkl for tasks to queue
[2024-08-17T12:06:34.729+0000] {logging_mixin.py:188} INFO - [2024-08-17T12:06:34.728+0000] {dagbag.py:545} INFO - Filling up the DagBag from /opt/airflow/dags/data/models/Saint Vincent and the Grenadines/deaths_TS_model.pkl
[2024-08-17T12:06:34.747+0000] {processor.py:842} WARNING - No viable dags retrieved from /opt/airflow/dags/data/models/Saint Vincent and the Grenadines/deaths_TS_model.pkl
[2024-08-17T12:06:34.766+0000] {processor.py:183} INFO - Processing /opt/airflow/dags/data/models/Saint Vincent and the Grenadines/deaths_TS_model.pkl took 0.050 seconds
[2024-08-17T12:07:19.853+0000] {processor.py:161} INFO - Started process (PID=18640) to work on /opt/airflow/dags/data/models/Saint Vincent and the Grenadines/deaths_TS_model.pkl
[2024-08-17T12:07:19.854+0000] {processor.py:830} INFO - Processing file /opt/airflow/dags/data/models/Saint Vincent and the Grenadines/deaths_TS_model.pkl for tasks to queue
[2024-08-17T12:07:19.855+0000] {logging_mixin.py:188} INFO - [2024-08-17T12:07:19.855+0000] {dagbag.py:545} INFO - Filling up the DagBag from /opt/airflow/dags/data/models/Saint Vincent and the Grenadines/deaths_TS_model.pkl
[2024-08-17T12:07:19.874+0000] {processor.py:842} WARNING - No viable dags retrieved from /opt/airflow/dags/data/models/Saint Vincent and the Grenadines/deaths_TS_model.pkl
[2024-08-17T12:07:19.892+0000] {processor.py:183} INFO - Processing /opt/airflow/dags/data/models/Saint Vincent and the Grenadines/deaths_TS_model.pkl took 0.045 seconds
[2024-08-17T12:08:28.126+0000] {processor.py:161} INFO - Started process (PID=19319) to work on /opt/airflow/dags/data/models/Saint Vincent and the Grenadines/deaths_TS_model.pkl
[2024-08-17T12:08:28.128+0000] {processor.py:830} INFO - Processing file /opt/airflow/dags/data/models/Saint Vincent and the Grenadines/deaths_TS_model.pkl for tasks to queue
[2024-08-17T12:08:28.129+0000] {logging_mixin.py:188} INFO - [2024-08-17T12:08:28.129+0000] {dagbag.py:545} INFO - Filling up the DagBag from /opt/airflow/dags/data/models/Saint Vincent and the Grenadines/deaths_TS_model.pkl
[2024-08-17T12:08:28.154+0000] {processor.py:842} WARNING - No viable dags retrieved from /opt/airflow/dags/data/models/Saint Vincent and the Grenadines/deaths_TS_model.pkl
[2024-08-17T12:08:28.173+0000] {processor.py:183} INFO - Processing /opt/airflow/dags/data/models/Saint Vincent and the Grenadines/deaths_TS_model.pkl took 0.055 seconds
[2024-08-17T12:09:17.399+0000] {processor.py:161} INFO - Started process (PID=20010) to work on /opt/airflow/dags/data/models/Saint Vincent and the Grenadines/deaths_TS_model.pkl
[2024-08-17T12:09:17.402+0000] {processor.py:830} INFO - Processing file /opt/airflow/dags/data/models/Saint Vincent and the Grenadines/deaths_TS_model.pkl for tasks to queue
[2024-08-17T12:09:17.404+0000] {logging_mixin.py:188} INFO - [2024-08-17T12:09:17.403+0000] {dagbag.py:545} INFO - Filling up the DagBag from /opt/airflow/dags/data/models/Saint Vincent and the Grenadines/deaths_TS_model.pkl
[2024-08-17T12:09:17.424+0000] {processor.py:842} WARNING - No viable dags retrieved from /opt/airflow/dags/data/models/Saint Vincent and the Grenadines/deaths_TS_model.pkl
[2024-08-17T12:09:17.442+0000] {processor.py:183} INFO - Processing /opt/airflow/dags/data/models/Saint Vincent and the Grenadines/deaths_TS_model.pkl took 0.050 seconds
[2024-08-17T12:09:59.254+0000] {processor.py:161} INFO - Started process (PID=20660) to work on /opt/airflow/dags/data/models/Saint Vincent and the Grenadines/deaths_TS_model.pkl
[2024-08-17T12:09:59.256+0000] {processor.py:830} INFO - Processing file /opt/airflow/dags/data/models/Saint Vincent and the Grenadines/deaths_TS_model.pkl for tasks to queue
[2024-08-17T12:09:59.257+0000] {logging_mixin.py:188} INFO - [2024-08-17T12:09:59.256+0000] {dagbag.py:545} INFO - Filling up the DagBag from /opt/airflow/dags/data/models/Saint Vincent and the Grenadines/deaths_TS_model.pkl
[2024-08-17T12:09:59.276+0000] {processor.py:842} WARNING - No viable dags retrieved from /opt/airflow/dags/data/models/Saint Vincent and the Grenadines/deaths_TS_model.pkl
[2024-08-17T12:09:59.296+0000] {processor.py:183} INFO - Processing /opt/airflow/dags/data/models/Saint Vincent and the Grenadines/deaths_TS_model.pkl took 0.048 seconds
[2024-08-17T12:10:34.782+0000] {processor.py:161} INFO - Started process (PID=21206) to work on /opt/airflow/dags/data/models/Saint Vincent and the Grenadines/deaths_TS_model.pkl
[2024-08-17T12:10:34.783+0000] {processor.py:830} INFO - Processing file /opt/airflow/dags/data/models/Saint Vincent and the Grenadines/deaths_TS_model.pkl for tasks to queue
[2024-08-17T12:10:34.785+0000] {logging_mixin.py:188} INFO - [2024-08-17T12:10:34.784+0000] {dagbag.py:545} INFO - Filling up the DagBag from /opt/airflow/dags/data/models/Saint Vincent and the Grenadines/deaths_TS_model.pkl
[2024-08-17T12:10:34.823+0000] {processor.py:842} WARNING - No viable dags retrieved from /opt/airflow/dags/data/models/Saint Vincent and the Grenadines/deaths_TS_model.pkl
[2024-08-17T12:10:34.844+0000] {processor.py:183} INFO - Processing /opt/airflow/dags/data/models/Saint Vincent and the Grenadines/deaths_TS_model.pkl took 0.069 seconds
[2024-08-17T12:11:12.763+0000] {processor.py:161} INFO - Started process (PID=21722) to work on /opt/airflow/dags/data/models/Saint Vincent and the Grenadines/deaths_TS_model.pkl
[2024-08-17T12:11:12.764+0000] {processor.py:830} INFO - Processing file /opt/airflow/dags/data/models/Saint Vincent and the Grenadines/deaths_TS_model.pkl for tasks to queue
[2024-08-17T12:11:12.765+0000] {logging_mixin.py:188} INFO - [2024-08-17T12:11:12.765+0000] {dagbag.py:545} INFO - Filling up the DagBag from /opt/airflow/dags/data/models/Saint Vincent and the Grenadines/deaths_TS_model.pkl
[2024-08-17T12:11:12.782+0000] {processor.py:842} WARNING - No viable dags retrieved from /opt/airflow/dags/data/models/Saint Vincent and the Grenadines/deaths_TS_model.pkl
[2024-08-17T12:11:12.804+0000] {processor.py:183} INFO - Processing /opt/airflow/dags/data/models/Saint Vincent and the Grenadines/deaths_TS_model.pkl took 0.049 seconds
[2024-08-17T12:11:47.865+0000] {processor.py:161} INFO - Started process (PID=22273) to work on /opt/airflow/dags/data/models/Saint Vincent and the Grenadines/deaths_TS_model.pkl
[2024-08-17T12:11:47.866+0000] {processor.py:830} INFO - Processing file /opt/airflow/dags/data/models/Saint Vincent and the Grenadines/deaths_TS_model.pkl for tasks to queue
[2024-08-17T12:11:47.868+0000] {logging_mixin.py:188} INFO - [2024-08-17T12:11:47.868+0000] {dagbag.py:545} INFO - Filling up the DagBag from /opt/airflow/dags/data/models/Saint Vincent and the Grenadines/deaths_TS_model.pkl
[2024-08-17T12:11:47.895+0000] {processor.py:842} WARNING - No viable dags retrieved from /opt/airflow/dags/data/models/Saint Vincent and the Grenadines/deaths_TS_model.pkl
[2024-08-17T12:11:47.915+0000] {processor.py:183} INFO - Processing /opt/airflow/dags/data/models/Saint Vincent and the Grenadines/deaths_TS_model.pkl took 0.059 seconds
[2024-08-17T12:12:23.610+0000] {processor.py:161} INFO - Started process (PID=22776) to work on /opt/airflow/dags/data/models/Saint Vincent and the Grenadines/deaths_TS_model.pkl
[2024-08-17T12:12:23.611+0000] {processor.py:830} INFO - Processing file /opt/airflow/dags/data/models/Saint Vincent and the Grenadines/deaths_TS_model.pkl for tasks to queue
[2024-08-17T12:12:23.612+0000] {logging_mixin.py:188} INFO - [2024-08-17T12:12:23.612+0000] {dagbag.py:545} INFO - Filling up the DagBag from /opt/airflow/dags/data/models/Saint Vincent and the Grenadines/deaths_TS_model.pkl
[2024-08-17T12:12:23.631+0000] {processor.py:842} WARNING - No viable dags retrieved from /opt/airflow/dags/data/models/Saint Vincent and the Grenadines/deaths_TS_model.pkl
[2024-08-17T12:12:23.649+0000] {processor.py:183} INFO - Processing /opt/airflow/dags/data/models/Saint Vincent and the Grenadines/deaths_TS_model.pkl took 0.048 seconds
[2024-08-17T12:13:24.166+0000] {processor.py:161} INFO - Started process (PID=23360) to work on /opt/airflow/dags/data/models/Saint Vincent and the Grenadines/deaths_TS_model.pkl
[2024-08-17T12:13:24.169+0000] {processor.py:830} INFO - Processing file /opt/airflow/dags/data/models/Saint Vincent and the Grenadines/deaths_TS_model.pkl for tasks to queue
[2024-08-17T12:13:24.171+0000] {logging_mixin.py:188} INFO - [2024-08-17T12:13:24.170+0000] {dagbag.py:545} INFO - Filling up the DagBag from /opt/airflow/dags/data/models/Saint Vincent and the Grenadines/deaths_TS_model.pkl
[2024-08-17T12:13:24.190+0000] {processor.py:842} WARNING - No viable dags retrieved from /opt/airflow/dags/data/models/Saint Vincent and the Grenadines/deaths_TS_model.pkl
[2024-08-17T12:13:24.211+0000] {processor.py:183} INFO - Processing /opt/airflow/dags/data/models/Saint Vincent and the Grenadines/deaths_TS_model.pkl took 0.053 seconds
[2024-08-17T12:14:10.857+0000] {processor.py:161} INFO - Started process (PID=24082) to work on /opt/airflow/dags/data/models/Saint Vincent and the Grenadines/deaths_TS_model.pkl
[2024-08-17T12:14:10.858+0000] {processor.py:830} INFO - Processing file /opt/airflow/dags/data/models/Saint Vincent and the Grenadines/deaths_TS_model.pkl for tasks to queue
[2024-08-17T12:14:10.859+0000] {logging_mixin.py:188} INFO - [2024-08-17T12:14:10.859+0000] {dagbag.py:545} INFO - Filling up the DagBag from /opt/airflow/dags/data/models/Saint Vincent and the Grenadines/deaths_TS_model.pkl
[2024-08-17T12:14:10.874+0000] {processor.py:842} WARNING - No viable dags retrieved from /opt/airflow/dags/data/models/Saint Vincent and the Grenadines/deaths_TS_model.pkl
[2024-08-17T12:14:10.899+0000] {processor.py:183} INFO - Processing /opt/airflow/dags/data/models/Saint Vincent and the Grenadines/deaths_TS_model.pkl took 0.052 seconds
[2024-08-17T12:14:55.334+0000] {processor.py:161} INFO - Started process (PID=24730) to work on /opt/airflow/dags/data/models/Saint Vincent and the Grenadines/deaths_TS_model.pkl
[2024-08-17T12:14:55.336+0000] {processor.py:830} INFO - Processing file /opt/airflow/dags/data/models/Saint Vincent and the Grenadines/deaths_TS_model.pkl for tasks to queue
[2024-08-17T12:14:55.337+0000] {logging_mixin.py:188} INFO - [2024-08-17T12:14:55.336+0000] {dagbag.py:545} INFO - Filling up the DagBag from /opt/airflow/dags/data/models/Saint Vincent and the Grenadines/deaths_TS_model.pkl
[2024-08-17T12:14:55.353+0000] {processor.py:842} WARNING - No viable dags retrieved from /opt/airflow/dags/data/models/Saint Vincent and the Grenadines/deaths_TS_model.pkl
[2024-08-17T12:14:55.372+0000] {processor.py:183} INFO - Processing /opt/airflow/dags/data/models/Saint Vincent and the Grenadines/deaths_TS_model.pkl took 0.046 seconds
[2024-08-17T12:15:39.619+0000] {processor.py:161} INFO - Started process (PID=25323) to work on /opt/airflow/dags/data/models/Saint Vincent and the Grenadines/deaths_TS_model.pkl
[2024-08-17T12:15:39.620+0000] {processor.py:830} INFO - Processing file /opt/airflow/dags/data/models/Saint Vincent and the Grenadines/deaths_TS_model.pkl for tasks to queue
[2024-08-17T12:15:39.622+0000] {logging_mixin.py:188} INFO - [2024-08-17T12:15:39.621+0000] {dagbag.py:545} INFO - Filling up the DagBag from /opt/airflow/dags/data/models/Saint Vincent and the Grenadines/deaths_TS_model.pkl
[2024-08-17T12:15:39.643+0000] {processor.py:842} WARNING - No viable dags retrieved from /opt/airflow/dags/data/models/Saint Vincent and the Grenadines/deaths_TS_model.pkl
[2024-08-17T12:15:39.663+0000] {processor.py:183} INFO - Processing /opt/airflow/dags/data/models/Saint Vincent and the Grenadines/deaths_TS_model.pkl took 0.049 seconds
[2024-08-17T12:16:32.300+0000] {processor.py:161} INFO - Started process (PID=26090) to work on /opt/airflow/dags/data/models/Saint Vincent and the Grenadines/deaths_TS_model.pkl
[2024-08-17T12:16:32.301+0000] {processor.py:830} INFO - Processing file /opt/airflow/dags/data/models/Saint Vincent and the Grenadines/deaths_TS_model.pkl for tasks to queue
[2024-08-17T12:16:32.301+0000] {logging_mixin.py:188} INFO - [2024-08-17T12:16:32.301+0000] {dagbag.py:545} INFO - Filling up the DagBag from /opt/airflow/dags/data/models/Saint Vincent and the Grenadines/deaths_TS_model.pkl
[2024-08-17T12:16:32.318+0000] {processor.py:842} WARNING - No viable dags retrieved from /opt/airflow/dags/data/models/Saint Vincent and the Grenadines/deaths_TS_model.pkl
[2024-08-17T12:16:32.334+0000] {processor.py:183} INFO - Processing /opt/airflow/dags/data/models/Saint Vincent and the Grenadines/deaths_TS_model.pkl took 0.040 seconds
[2024-08-17T12:17:14.889+0000] {processor.py:161} INFO - Started process (PID=26691) to work on /opt/airflow/dags/data/models/Saint Vincent and the Grenadines/deaths_TS_model.pkl
[2024-08-17T12:17:14.890+0000] {processor.py:830} INFO - Processing file /opt/airflow/dags/data/models/Saint Vincent and the Grenadines/deaths_TS_model.pkl for tasks to queue
[2024-08-17T12:17:14.892+0000] {logging_mixin.py:188} INFO - [2024-08-17T12:17:14.891+0000] {dagbag.py:545} INFO - Filling up the DagBag from /opt/airflow/dags/data/models/Saint Vincent and the Grenadines/deaths_TS_model.pkl
[2024-08-17T12:17:14.914+0000] {processor.py:842} WARNING - No viable dags retrieved from /opt/airflow/dags/data/models/Saint Vincent and the Grenadines/deaths_TS_model.pkl
[2024-08-17T12:17:14.932+0000] {processor.py:183} INFO - Processing /opt/airflow/dags/data/models/Saint Vincent and the Grenadines/deaths_TS_model.pkl took 0.052 seconds
[2024-08-17T12:18:20.695+0000] {processor.py:161} INFO - Started process (PID=27319) to work on /opt/airflow/dags/data/models/Saint Vincent and the Grenadines/deaths_TS_model.pkl
[2024-08-17T12:18:20.696+0000] {processor.py:830} INFO - Processing file /opt/airflow/dags/data/models/Saint Vincent and the Grenadines/deaths_TS_model.pkl for tasks to queue
[2024-08-17T12:18:20.697+0000] {logging_mixin.py:188} INFO - [2024-08-17T12:18:20.697+0000] {dagbag.py:545} INFO - Filling up the DagBag from /opt/airflow/dags/data/models/Saint Vincent and the Grenadines/deaths_TS_model.pkl
[2024-08-17T12:18:20.720+0000] {processor.py:842} WARNING - No viable dags retrieved from /opt/airflow/dags/data/models/Saint Vincent and the Grenadines/deaths_TS_model.pkl
[2024-08-17T12:18:20.738+0000] {processor.py:183} INFO - Processing /opt/airflow/dags/data/models/Saint Vincent and the Grenadines/deaths_TS_model.pkl took 0.048 seconds
[2024-08-17T12:19:17.395+0000] {processor.py:161} INFO - Started process (PID=28087) to work on /opt/airflow/dags/data/models/Saint Vincent and the Grenadines/deaths_TS_model.pkl
[2024-08-17T12:19:17.396+0000] {processor.py:830} INFO - Processing file /opt/airflow/dags/data/models/Saint Vincent and the Grenadines/deaths_TS_model.pkl for tasks to queue
[2024-08-17T12:19:17.398+0000] {logging_mixin.py:188} INFO - [2024-08-17T12:19:17.397+0000] {dagbag.py:545} INFO - Filling up the DagBag from /opt/airflow/dags/data/models/Saint Vincent and the Grenadines/deaths_TS_model.pkl
[2024-08-17T12:19:17.423+0000] {processor.py:842} WARNING - No viable dags retrieved from /opt/airflow/dags/data/models/Saint Vincent and the Grenadines/deaths_TS_model.pkl
[2024-08-17T12:19:17.445+0000] {processor.py:183} INFO - Processing /opt/airflow/dags/data/models/Saint Vincent and the Grenadines/deaths_TS_model.pkl took 0.056 seconds
[2024-08-17T12:19:59.446+0000] {processor.py:161} INFO - Started process (PID=28671) to work on /opt/airflow/dags/data/models/Saint Vincent and the Grenadines/deaths_TS_model.pkl
[2024-08-17T12:19:59.448+0000] {processor.py:830} INFO - Processing file /opt/airflow/dags/data/models/Saint Vincent and the Grenadines/deaths_TS_model.pkl for tasks to queue
[2024-08-17T12:19:59.449+0000] {logging_mixin.py:188} INFO - [2024-08-17T12:19:59.448+0000] {dagbag.py:545} INFO - Filling up the DagBag from /opt/airflow/dags/data/models/Saint Vincent and the Grenadines/deaths_TS_model.pkl
[2024-08-17T12:19:59.465+0000] {processor.py:842} WARNING - No viable dags retrieved from /opt/airflow/dags/data/models/Saint Vincent and the Grenadines/deaths_TS_model.pkl
[2024-08-17T12:19:59.485+0000] {processor.py:183} INFO - Processing /opt/airflow/dags/data/models/Saint Vincent and the Grenadines/deaths_TS_model.pkl took 0.045 seconds
[2024-08-17T12:20:55.359+0000] {processor.py:161} INFO - Started process (PID=29334) to work on /opt/airflow/dags/data/models/Saint Vincent and the Grenadines/deaths_TS_model.pkl
[2024-08-17T12:20:55.360+0000] {processor.py:830} INFO - Processing file /opt/airflow/dags/data/models/Saint Vincent and the Grenadines/deaths_TS_model.pkl for tasks to queue
[2024-08-17T12:20:55.362+0000] {logging_mixin.py:188} INFO - [2024-08-17T12:20:55.361+0000] {dagbag.py:545} INFO - Filling up the DagBag from /opt/airflow/dags/data/models/Saint Vincent and the Grenadines/deaths_TS_model.pkl
[2024-08-17T12:20:55.383+0000] {processor.py:842} WARNING - No viable dags retrieved from /opt/airflow/dags/data/models/Saint Vincent and the Grenadines/deaths_TS_model.pkl
[2024-08-17T12:20:55.403+0000] {processor.py:183} INFO - Processing /opt/airflow/dags/data/models/Saint Vincent and the Grenadines/deaths_TS_model.pkl took 0.052 seconds
[2024-08-17T12:21:39.121+0000] {processor.py:161} INFO - Started process (PID=30021) to work on /opt/airflow/dags/data/models/Saint Vincent and the Grenadines/deaths_TS_model.pkl
[2024-08-17T12:21:39.122+0000] {processor.py:830} INFO - Processing file /opt/airflow/dags/data/models/Saint Vincent and the Grenadines/deaths_TS_model.pkl for tasks to queue
[2024-08-17T12:21:39.124+0000] {logging_mixin.py:188} INFO - [2024-08-17T12:21:39.123+0000] {dagbag.py:545} INFO - Filling up the DagBag from /opt/airflow/dags/data/models/Saint Vincent and the Grenadines/deaths_TS_model.pkl
[2024-08-17T12:21:39.139+0000] {processor.py:842} WARNING - No viable dags retrieved from /opt/airflow/dags/data/models/Saint Vincent and the Grenadines/deaths_TS_model.pkl
[2024-08-17T12:21:39.157+0000] {processor.py:183} INFO - Processing /opt/airflow/dags/data/models/Saint Vincent and the Grenadines/deaths_TS_model.pkl took 0.043 seconds
[2024-08-17T12:22:18.612+0000] {processor.py:161} INFO - Started process (PID=30610) to work on /opt/airflow/dags/data/models/Saint Vincent and the Grenadines/deaths_TS_model.pkl
[2024-08-17T12:22:18.613+0000] {processor.py:830} INFO - Processing file /opt/airflow/dags/data/models/Saint Vincent and the Grenadines/deaths_TS_model.pkl for tasks to queue
[2024-08-17T12:22:18.614+0000] {logging_mixin.py:188} INFO - [2024-08-17T12:22:18.614+0000] {dagbag.py:545} INFO - Filling up the DagBag from /opt/airflow/dags/data/models/Saint Vincent and the Grenadines/deaths_TS_model.pkl
[2024-08-17T12:22:18.633+0000] {processor.py:842} WARNING - No viable dags retrieved from /opt/airflow/dags/data/models/Saint Vincent and the Grenadines/deaths_TS_model.pkl
[2024-08-17T12:22:18.651+0000] {processor.py:183} INFO - Processing /opt/airflow/dags/data/models/Saint Vincent and the Grenadines/deaths_TS_model.pkl took 0.046 seconds
[2024-08-17T12:23:25.800+0000] {processor.py:161} INFO - Started process (PID=31296) to work on /opt/airflow/dags/data/models/Saint Vincent and the Grenadines/deaths_TS_model.pkl
[2024-08-17T12:23:25.801+0000] {processor.py:830} INFO - Processing file /opt/airflow/dags/data/models/Saint Vincent and the Grenadines/deaths_TS_model.pkl for tasks to queue
[2024-08-17T12:23:25.802+0000] {logging_mixin.py:188} INFO - [2024-08-17T12:23:25.802+0000] {dagbag.py:545} INFO - Filling up the DagBag from /opt/airflow/dags/data/models/Saint Vincent and the Grenadines/deaths_TS_model.pkl
[2024-08-17T12:23:25.821+0000] {processor.py:842} WARNING - No viable dags retrieved from /opt/airflow/dags/data/models/Saint Vincent and the Grenadines/deaths_TS_model.pkl
[2024-08-17T12:23:25.838+0000] {processor.py:183} INFO - Processing /opt/airflow/dags/data/models/Saint Vincent and the Grenadines/deaths_TS_model.pkl took 0.044 seconds
[2024-08-17T12:24:06.052+0000] {processor.py:161} INFO - Started process (PID=31973) to work on /opt/airflow/dags/data/models/Saint Vincent and the Grenadines/deaths_TS_model.pkl
[2024-08-17T12:24:06.053+0000] {processor.py:830} INFO - Processing file /opt/airflow/dags/data/models/Saint Vincent and the Grenadines/deaths_TS_model.pkl for tasks to queue
[2024-08-17T12:24:06.054+0000] {logging_mixin.py:188} INFO - [2024-08-17T12:24:06.054+0000] {dagbag.py:545} INFO - Filling up the DagBag from /opt/airflow/dags/data/models/Saint Vincent and the Grenadines/deaths_TS_model.pkl
[2024-08-17T12:24:06.070+0000] {processor.py:842} WARNING - No viable dags retrieved from /opt/airflow/dags/data/models/Saint Vincent and the Grenadines/deaths_TS_model.pkl
[2024-08-17T12:24:06.087+0000] {processor.py:183} INFO - Processing /opt/airflow/dags/data/models/Saint Vincent and the Grenadines/deaths_TS_model.pkl took 0.043 seconds
[2024-08-17T12:24:52.856+0000] {processor.py:161} INFO - Started process (PID=32742) to work on /opt/airflow/dags/data/models/Saint Vincent and the Grenadines/deaths_TS_model.pkl
[2024-08-17T12:24:52.858+0000] {processor.py:830} INFO - Processing file /opt/airflow/dags/data/models/Saint Vincent and the Grenadines/deaths_TS_model.pkl for tasks to queue
[2024-08-17T12:24:52.859+0000] {logging_mixin.py:188} INFO - [2024-08-17T12:24:52.859+0000] {dagbag.py:545} INFO - Filling up the DagBag from /opt/airflow/dags/data/models/Saint Vincent and the Grenadines/deaths_TS_model.pkl
[2024-08-17T12:24:52.874+0000] {processor.py:842} WARNING - No viable dags retrieved from /opt/airflow/dags/data/models/Saint Vincent and the Grenadines/deaths_TS_model.pkl
[2024-08-17T12:24:52.889+0000] {processor.py:183} INFO - Processing /opt/airflow/dags/data/models/Saint Vincent and the Grenadines/deaths_TS_model.pkl took 0.038 seconds
[2024-08-17T12:25:37.449+0000] {processor.py:161} INFO - Started process (PID=33500) to work on /opt/airflow/dags/data/models/Saint Vincent and the Grenadines/deaths_TS_model.pkl
[2024-08-17T12:25:37.450+0000] {processor.py:830} INFO - Processing file /opt/airflow/dags/data/models/Saint Vincent and the Grenadines/deaths_TS_model.pkl for tasks to queue
[2024-08-17T12:25:37.451+0000] {logging_mixin.py:188} INFO - [2024-08-17T12:25:37.451+0000] {dagbag.py:545} INFO - Filling up the DagBag from /opt/airflow/dags/data/models/Saint Vincent and the Grenadines/deaths_TS_model.pkl
[2024-08-17T12:25:37.467+0000] {processor.py:842} WARNING - No viable dags retrieved from /opt/airflow/dags/data/models/Saint Vincent and the Grenadines/deaths_TS_model.pkl
[2024-08-17T12:25:37.479+0000] {processor.py:183} INFO - Processing /opt/airflow/dags/data/models/Saint Vincent and the Grenadines/deaths_TS_model.pkl took 0.035 seconds
[2024-08-17T12:26:16.286+0000] {processor.py:161} INFO - Started process (PID=34248) to work on /opt/airflow/dags/data/models/Saint Vincent and the Grenadines/deaths_TS_model.pkl
[2024-08-17T12:26:16.287+0000] {processor.py:830} INFO - Processing file /opt/airflow/dags/data/models/Saint Vincent and the Grenadines/deaths_TS_model.pkl for tasks to queue
[2024-08-17T12:26:16.288+0000] {logging_mixin.py:188} INFO - [2024-08-17T12:26:16.288+0000] {dagbag.py:545} INFO - Filling up the DagBag from /opt/airflow/dags/data/models/Saint Vincent and the Grenadines/deaths_TS_model.pkl
[2024-08-17T12:26:16.305+0000] {processor.py:842} WARNING - No viable dags retrieved from /opt/airflow/dags/data/models/Saint Vincent and the Grenadines/deaths_TS_model.pkl
[2024-08-17T12:26:16.322+0000] {processor.py:183} INFO - Processing /opt/airflow/dags/data/models/Saint Vincent and the Grenadines/deaths_TS_model.pkl took 0.040 seconds
[2024-08-17T12:26:52.726+0000] {processor.py:161} INFO - Started process (PID=34901) to work on /opt/airflow/dags/data/models/Saint Vincent and the Grenadines/deaths_TS_model.pkl
[2024-08-17T12:26:52.727+0000] {processor.py:830} INFO - Processing file /opt/airflow/dags/data/models/Saint Vincent and the Grenadines/deaths_TS_model.pkl for tasks to queue
[2024-08-17T12:26:52.728+0000] {logging_mixin.py:188} INFO - [2024-08-17T12:26:52.728+0000] {dagbag.py:545} INFO - Filling up the DagBag from /opt/airflow/dags/data/models/Saint Vincent and the Grenadines/deaths_TS_model.pkl
[2024-08-17T12:26:52.743+0000] {processor.py:842} WARNING - No viable dags retrieved from /opt/airflow/dags/data/models/Saint Vincent and the Grenadines/deaths_TS_model.pkl
[2024-08-17T12:26:52.756+0000] {processor.py:183} INFO - Processing /opt/airflow/dags/data/models/Saint Vincent and the Grenadines/deaths_TS_model.pkl took 0.034 seconds
[2024-08-17T12:27:28.022+0000] {processor.py:161} INFO - Started process (PID=35594) to work on /opt/airflow/dags/data/models/Saint Vincent and the Grenadines/deaths_TS_model.pkl
[2024-08-17T12:27:28.023+0000] {processor.py:830} INFO - Processing file /opt/airflow/dags/data/models/Saint Vincent and the Grenadines/deaths_TS_model.pkl for tasks to queue
[2024-08-17T12:27:28.024+0000] {logging_mixin.py:188} INFO - [2024-08-17T12:27:28.024+0000] {dagbag.py:545} INFO - Filling up the DagBag from /opt/airflow/dags/data/models/Saint Vincent and the Grenadines/deaths_TS_model.pkl
[2024-08-17T12:27:28.038+0000] {processor.py:842} WARNING - No viable dags retrieved from /opt/airflow/dags/data/models/Saint Vincent and the Grenadines/deaths_TS_model.pkl
[2024-08-17T12:27:28.048+0000] {processor.py:183} INFO - Processing /opt/airflow/dags/data/models/Saint Vincent and the Grenadines/deaths_TS_model.pkl took 0.030 seconds
[2024-08-17T12:28:19.095+0000] {processor.py:161} INFO - Started process (PID=36309) to work on /opt/airflow/dags/data/models/Saint Vincent and the Grenadines/deaths_TS_model.pkl
[2024-08-17T12:28:19.096+0000] {processor.py:830} INFO - Processing file /opt/airflow/dags/data/models/Saint Vincent and the Grenadines/deaths_TS_model.pkl for tasks to queue
[2024-08-17T12:28:19.097+0000] {logging_mixin.py:188} INFO - [2024-08-17T12:28:19.096+0000] {dagbag.py:545} INFO - Filling up the DagBag from /opt/airflow/dags/data/models/Saint Vincent and the Grenadines/deaths_TS_model.pkl
[2024-08-17T12:28:19.108+0000] {processor.py:842} WARNING - No viable dags retrieved from /opt/airflow/dags/data/models/Saint Vincent and the Grenadines/deaths_TS_model.pkl
[2024-08-17T12:28:19.119+0000] {processor.py:183} INFO - Processing /opt/airflow/dags/data/models/Saint Vincent and the Grenadines/deaths_TS_model.pkl took 0.028 seconds
[2024-08-17T12:28:54.049+0000] {processor.py:161} INFO - Started process (PID=37053) to work on /opt/airflow/dags/data/models/Saint Vincent and the Grenadines/deaths_TS_model.pkl
[2024-08-17T12:28:54.050+0000] {processor.py:830} INFO - Processing file /opt/airflow/dags/data/models/Saint Vincent and the Grenadines/deaths_TS_model.pkl for tasks to queue
[2024-08-17T12:28:54.051+0000] {logging_mixin.py:188} INFO - [2024-08-17T12:28:54.051+0000] {dagbag.py:545} INFO - Filling up the DagBag from /opt/airflow/dags/data/models/Saint Vincent and the Grenadines/deaths_TS_model.pkl
[2024-08-17T12:28:54.065+0000] {processor.py:842} WARNING - No viable dags retrieved from /opt/airflow/dags/data/models/Saint Vincent and the Grenadines/deaths_TS_model.pkl
[2024-08-17T12:28:54.075+0000] {processor.py:183} INFO - Processing /opt/airflow/dags/data/models/Saint Vincent and the Grenadines/deaths_TS_model.pkl took 0.031 seconds
[2024-08-17T12:29:28.015+0000] {processor.py:161} INFO - Started process (PID=37798) to work on /opt/airflow/dags/data/models/Saint Vincent and the Grenadines/deaths_TS_model.pkl
[2024-08-17T12:29:28.016+0000] {processor.py:830} INFO - Processing file /opt/airflow/dags/data/models/Saint Vincent and the Grenadines/deaths_TS_model.pkl for tasks to queue
[2024-08-17T12:29:28.016+0000] {logging_mixin.py:188} INFO - [2024-08-17T12:29:28.016+0000] {dagbag.py:545} INFO - Filling up the DagBag from /opt/airflow/dags/data/models/Saint Vincent and the Grenadines/deaths_TS_model.pkl
[2024-08-17T12:29:28.026+0000] {processor.py:842} WARNING - No viable dags retrieved from /opt/airflow/dags/data/models/Saint Vincent and the Grenadines/deaths_TS_model.pkl
[2024-08-17T12:29:28.036+0000] {processor.py:183} INFO - Processing /opt/airflow/dags/data/models/Saint Vincent and the Grenadines/deaths_TS_model.pkl took 0.026 seconds
[2024-08-17T12:30:00.364+0000] {processor.py:161} INFO - Started process (PID=38523) to work on /opt/airflow/dags/data/models/Saint Vincent and the Grenadines/deaths_TS_model.pkl
[2024-08-17T12:30:00.365+0000] {processor.py:830} INFO - Processing file /opt/airflow/dags/data/models/Saint Vincent and the Grenadines/deaths_TS_model.pkl for tasks to queue
[2024-08-17T12:30:00.365+0000] {logging_mixin.py:188} INFO - [2024-08-17T12:30:00.365+0000] {dagbag.py:545} INFO - Filling up the DagBag from /opt/airflow/dags/data/models/Saint Vincent and the Grenadines/deaths_TS_model.pkl
[2024-08-17T12:30:00.375+0000] {processor.py:842} WARNING - No viable dags retrieved from /opt/airflow/dags/data/models/Saint Vincent and the Grenadines/deaths_TS_model.pkl
[2024-08-17T12:30:00.385+0000] {processor.py:183} INFO - Processing /opt/airflow/dags/data/models/Saint Vincent and the Grenadines/deaths_TS_model.pkl took 0.025 seconds
[2024-08-17T12:30:33.436+0000] {processor.py:161} INFO - Started process (PID=39259) to work on /opt/airflow/dags/data/models/Saint Vincent and the Grenadines/deaths_TS_model.pkl
[2024-08-17T12:30:33.436+0000] {processor.py:830} INFO - Processing file /opt/airflow/dags/data/models/Saint Vincent and the Grenadines/deaths_TS_model.pkl for tasks to queue
[2024-08-17T12:30:33.437+0000] {logging_mixin.py:188} INFO - [2024-08-17T12:30:33.437+0000] {dagbag.py:545} INFO - Filling up the DagBag from /opt/airflow/dags/data/models/Saint Vincent and the Grenadines/deaths_TS_model.pkl
[2024-08-17T12:30:33.444+0000] {processor.py:842} WARNING - No viable dags retrieved from /opt/airflow/dags/data/models/Saint Vincent and the Grenadines/deaths_TS_model.pkl
[2024-08-17T12:30:33.453+0000] {processor.py:183} INFO - Processing /opt/airflow/dags/data/models/Saint Vincent and the Grenadines/deaths_TS_model.pkl took 0.021 seconds
[2024-08-17T12:31:06.800+0000] {processor.py:161} INFO - Started process (PID=40006) to work on /opt/airflow/dags/data/models/Saint Vincent and the Grenadines/deaths_TS_model.pkl
[2024-08-17T12:31:06.801+0000] {processor.py:830} INFO - Processing file /opt/airflow/dags/data/models/Saint Vincent and the Grenadines/deaths_TS_model.pkl for tasks to queue
[2024-08-17T12:31:06.802+0000] {logging_mixin.py:188} INFO - [2024-08-17T12:31:06.802+0000] {dagbag.py:545} INFO - Filling up the DagBag from /opt/airflow/dags/data/models/Saint Vincent and the Grenadines/deaths_TS_model.pkl
[2024-08-17T12:31:06.810+0000] {processor.py:842} WARNING - No viable dags retrieved from /opt/airflow/dags/data/models/Saint Vincent and the Grenadines/deaths_TS_model.pkl
[2024-08-17T12:31:06.821+0000] {processor.py:183} INFO - Processing /opt/airflow/dags/data/models/Saint Vincent and the Grenadines/deaths_TS_model.pkl took 0.025 seconds
[2024-08-17T12:31:40.605+0000] {processor.py:161} INFO - Started process (PID=40752) to work on /opt/airflow/dags/data/models/Saint Vincent and the Grenadines/deaths_TS_model.pkl
[2024-08-17T12:31:40.606+0000] {processor.py:830} INFO - Processing file /opt/airflow/dags/data/models/Saint Vincent and the Grenadines/deaths_TS_model.pkl for tasks to queue
[2024-08-17T12:31:40.607+0000] {logging_mixin.py:188} INFO - [2024-08-17T12:31:40.607+0000] {dagbag.py:545} INFO - Filling up the DagBag from /opt/airflow/dags/data/models/Saint Vincent and the Grenadines/deaths_TS_model.pkl
[2024-08-17T12:31:40.617+0000] {processor.py:842} WARNING - No viable dags retrieved from /opt/airflow/dags/data/models/Saint Vincent and the Grenadines/deaths_TS_model.pkl
[2024-08-17T12:31:40.627+0000] {processor.py:183} INFO - Processing /opt/airflow/dags/data/models/Saint Vincent and the Grenadines/deaths_TS_model.pkl took 0.026 seconds
[2024-08-17T12:32:16.809+0000] {processor.py:161} INFO - Started process (PID=41475) to work on /opt/airflow/dags/data/models/Saint Vincent and the Grenadines/deaths_TS_model.pkl
[2024-08-17T12:32:16.809+0000] {processor.py:830} INFO - Processing file /opt/airflow/dags/data/models/Saint Vincent and the Grenadines/deaths_TS_model.pkl for tasks to queue
[2024-08-17T12:32:16.810+0000] {logging_mixin.py:188} INFO - [2024-08-17T12:32:16.810+0000] {dagbag.py:545} INFO - Filling up the DagBag from /opt/airflow/dags/data/models/Saint Vincent and the Grenadines/deaths_TS_model.pkl
[2024-08-17T12:32:16.816+0000] {processor.py:842} WARNING - No viable dags retrieved from /opt/airflow/dags/data/models/Saint Vincent and the Grenadines/deaths_TS_model.pkl
[2024-08-17T12:32:16.825+0000] {processor.py:183} INFO - Processing /opt/airflow/dags/data/models/Saint Vincent and the Grenadines/deaths_TS_model.pkl took 0.021 seconds
[2024-08-17T12:33:00.340+0000] {processor.py:161} INFO - Started process (PID=42244) to work on /opt/airflow/dags/data/models/Saint Vincent and the Grenadines/deaths_TS_model.pkl
[2024-08-17T12:33:00.340+0000] {processor.py:830} INFO - Processing file /opt/airflow/dags/data/models/Saint Vincent and the Grenadines/deaths_TS_model.pkl for tasks to queue
[2024-08-17T12:33:00.341+0000] {logging_mixin.py:188} INFO - [2024-08-17T12:33:00.341+0000] {dagbag.py:545} INFO - Filling up the DagBag from /opt/airflow/dags/data/models/Saint Vincent and the Grenadines/deaths_TS_model.pkl
[2024-08-17T12:33:00.350+0000] {processor.py:842} WARNING - No viable dags retrieved from /opt/airflow/dags/data/models/Saint Vincent and the Grenadines/deaths_TS_model.pkl
[2024-08-17T12:33:00.360+0000] {processor.py:183} INFO - Processing /opt/airflow/dags/data/models/Saint Vincent and the Grenadines/deaths_TS_model.pkl took 0.024 seconds
[2024-08-17T12:33:32.087+0000] {processor.py:161} INFO - Started process (PID=42964) to work on /opt/airflow/dags/data/models/Saint Vincent and the Grenadines/deaths_TS_model.pkl
[2024-08-17T12:33:32.088+0000] {processor.py:830} INFO - Processing file /opt/airflow/dags/data/models/Saint Vincent and the Grenadines/deaths_TS_model.pkl for tasks to queue
[2024-08-17T12:33:32.088+0000] {logging_mixin.py:188} INFO - [2024-08-17T12:33:32.088+0000] {dagbag.py:545} INFO - Filling up the DagBag from /opt/airflow/dags/data/models/Saint Vincent and the Grenadines/deaths_TS_model.pkl
[2024-08-17T12:33:32.096+0000] {processor.py:842} WARNING - No viable dags retrieved from /opt/airflow/dags/data/models/Saint Vincent and the Grenadines/deaths_TS_model.pkl
[2024-08-17T12:33:32.106+0000] {processor.py:183} INFO - Processing /opt/airflow/dags/data/models/Saint Vincent and the Grenadines/deaths_TS_model.pkl took 0.023 seconds
[2024-08-17T12:34:03.825+0000] {processor.py:161} INFO - Started process (PID=43708) to work on /opt/airflow/dags/data/models/Saint Vincent and the Grenadines/deaths_TS_model.pkl
[2024-08-17T12:34:03.826+0000] {processor.py:830} INFO - Processing file /opt/airflow/dags/data/models/Saint Vincent and the Grenadines/deaths_TS_model.pkl for tasks to queue
[2024-08-17T12:34:03.826+0000] {logging_mixin.py:188} INFO - [2024-08-17T12:34:03.826+0000] {dagbag.py:545} INFO - Filling up the DagBag from /opt/airflow/dags/data/models/Saint Vincent and the Grenadines/deaths_TS_model.pkl
[2024-08-17T12:34:03.835+0000] {processor.py:842} WARNING - No viable dags retrieved from /opt/airflow/dags/data/models/Saint Vincent and the Grenadines/deaths_TS_model.pkl
[2024-08-17T12:34:03.846+0000] {processor.py:183} INFO - Processing /opt/airflow/dags/data/models/Saint Vincent and the Grenadines/deaths_TS_model.pkl took 0.024 seconds
[2024-08-17T12:34:36.521+0000] {processor.py:161} INFO - Started process (PID=44439) to work on /opt/airflow/dags/data/models/Saint Vincent and the Grenadines/deaths_TS_model.pkl
[2024-08-17T12:34:36.521+0000] {processor.py:830} INFO - Processing file /opt/airflow/dags/data/models/Saint Vincent and the Grenadines/deaths_TS_model.pkl for tasks to queue
[2024-08-17T12:34:36.522+0000] {logging_mixin.py:188} INFO - [2024-08-17T12:34:36.522+0000] {dagbag.py:545} INFO - Filling up the DagBag from /opt/airflow/dags/data/models/Saint Vincent and the Grenadines/deaths_TS_model.pkl
[2024-08-17T12:34:36.529+0000] {processor.py:842} WARNING - No viable dags retrieved from /opt/airflow/dags/data/models/Saint Vincent and the Grenadines/deaths_TS_model.pkl
[2024-08-17T12:34:36.538+0000] {processor.py:183} INFO - Processing /opt/airflow/dags/data/models/Saint Vincent and the Grenadines/deaths_TS_model.pkl took 0.021 seconds
[2024-08-17T12:35:09.484+0000] {processor.py:161} INFO - Started process (PID=45173) to work on /opt/airflow/dags/data/models/Saint Vincent and the Grenadines/deaths_TS_model.pkl
[2024-08-17T12:35:09.485+0000] {processor.py:830} INFO - Processing file /opt/airflow/dags/data/models/Saint Vincent and the Grenadines/deaths_TS_model.pkl for tasks to queue
[2024-08-17T12:35:09.485+0000] {logging_mixin.py:188} INFO - [2024-08-17T12:35:09.485+0000] {dagbag.py:545} INFO - Filling up the DagBag from /opt/airflow/dags/data/models/Saint Vincent and the Grenadines/deaths_TS_model.pkl
[2024-08-17T12:35:09.495+0000] {processor.py:842} WARNING - No viable dags retrieved from /opt/airflow/dags/data/models/Saint Vincent and the Grenadines/deaths_TS_model.pkl
[2024-08-17T12:35:09.506+0000] {processor.py:183} INFO - Processing /opt/airflow/dags/data/models/Saint Vincent and the Grenadines/deaths_TS_model.pkl took 0.025 seconds
[2024-08-17T12:35:43.481+0000] {processor.py:161} INFO - Started process (PID=45925) to work on /opt/airflow/dags/data/models/Saint Vincent and the Grenadines/deaths_TS_model.pkl
[2024-08-17T12:35:43.482+0000] {processor.py:830} INFO - Processing file /opt/airflow/dags/data/models/Saint Vincent and the Grenadines/deaths_TS_model.pkl for tasks to queue
[2024-08-17T12:35:43.483+0000] {logging_mixin.py:188} INFO - [2024-08-17T12:35:43.482+0000] {dagbag.py:545} INFO - Filling up the DagBag from /opt/airflow/dags/data/models/Saint Vincent and the Grenadines/deaths_TS_model.pkl
[2024-08-17T12:35:43.493+0000] {processor.py:842} WARNING - No viable dags retrieved from /opt/airflow/dags/data/models/Saint Vincent and the Grenadines/deaths_TS_model.pkl
[2024-08-17T12:35:43.503+0000] {processor.py:183} INFO - Processing /opt/airflow/dags/data/models/Saint Vincent and the Grenadines/deaths_TS_model.pkl took 0.025 seconds
[2024-08-17T12:36:16.344+0000] {processor.py:161} INFO - Started process (PID=46647) to work on /opt/airflow/dags/data/models/Saint Vincent and the Grenadines/deaths_TS_model.pkl
[2024-08-17T12:36:16.344+0000] {processor.py:830} INFO - Processing file /opt/airflow/dags/data/models/Saint Vincent and the Grenadines/deaths_TS_model.pkl for tasks to queue
[2024-08-17T12:36:16.345+0000] {logging_mixin.py:188} INFO - [2024-08-17T12:36:16.345+0000] {dagbag.py:545} INFO - Filling up the DagBag from /opt/airflow/dags/data/models/Saint Vincent and the Grenadines/deaths_TS_model.pkl
[2024-08-17T12:36:16.356+0000] {processor.py:842} WARNING - No viable dags retrieved from /opt/airflow/dags/data/models/Saint Vincent and the Grenadines/deaths_TS_model.pkl
[2024-08-17T12:36:16.366+0000] {processor.py:183} INFO - Processing /opt/airflow/dags/data/models/Saint Vincent and the Grenadines/deaths_TS_model.pkl took 0.026 seconds
[2024-08-17T12:36:48.186+0000] {processor.py:161} INFO - Started process (PID=47372) to work on /opt/airflow/dags/data/models/Saint Vincent and the Grenadines/deaths_TS_model.pkl
[2024-08-17T12:36:48.187+0000] {processor.py:830} INFO - Processing file /opt/airflow/dags/data/models/Saint Vincent and the Grenadines/deaths_TS_model.pkl for tasks to queue
[2024-08-17T12:36:48.188+0000] {logging_mixin.py:188} INFO - [2024-08-17T12:36:48.188+0000] {dagbag.py:545} INFO - Filling up the DagBag from /opt/airflow/dags/data/models/Saint Vincent and the Grenadines/deaths_TS_model.pkl
[2024-08-17T12:36:48.196+0000] {processor.py:842} WARNING - No viable dags retrieved from /opt/airflow/dags/data/models/Saint Vincent and the Grenadines/deaths_TS_model.pkl
[2024-08-17T12:36:48.206+0000] {processor.py:183} INFO - Processing /opt/airflow/dags/data/models/Saint Vincent and the Grenadines/deaths_TS_model.pkl took 0.023 seconds
[2024-08-17T12:37:20.131+0000] {processor.py:161} INFO - Started process (PID=48113) to work on /opt/airflow/dags/data/models/Saint Vincent and the Grenadines/deaths_TS_model.pkl
[2024-08-17T12:37:20.132+0000] {processor.py:830} INFO - Processing file /opt/airflow/dags/data/models/Saint Vincent and the Grenadines/deaths_TS_model.pkl for tasks to queue
[2024-08-17T12:37:20.132+0000] {logging_mixin.py:188} INFO - [2024-08-17T12:37:20.132+0000] {dagbag.py:545} INFO - Filling up the DagBag from /opt/airflow/dags/data/models/Saint Vincent and the Grenadines/deaths_TS_model.pkl
[2024-08-17T12:37:20.141+0000] {processor.py:842} WARNING - No viable dags retrieved from /opt/airflow/dags/data/models/Saint Vincent and the Grenadines/deaths_TS_model.pkl
[2024-08-17T12:37:20.151+0000] {processor.py:183} INFO - Processing /opt/airflow/dags/data/models/Saint Vincent and the Grenadines/deaths_TS_model.pkl took 0.023 seconds
[2024-08-17T12:38:02.684+0000] {processor.py:161} INFO - Started process (PID=48841) to work on /opt/airflow/dags/data/models/Saint Vincent and the Grenadines/deaths_TS_model.pkl
[2024-08-17T12:38:02.685+0000] {processor.py:830} INFO - Processing file /opt/airflow/dags/data/models/Saint Vincent and the Grenadines/deaths_TS_model.pkl for tasks to queue
[2024-08-17T12:38:02.685+0000] {logging_mixin.py:188} INFO - [2024-08-17T12:38:02.685+0000] {dagbag.py:545} INFO - Filling up the DagBag from /opt/airflow/dags/data/models/Saint Vincent and the Grenadines/deaths_TS_model.pkl
[2024-08-17T12:38:02.702+0000] {processor.py:842} WARNING - No viable dags retrieved from /opt/airflow/dags/data/models/Saint Vincent and the Grenadines/deaths_TS_model.pkl
[2024-08-17T12:38:02.710+0000] {processor.py:183} INFO - Processing /opt/airflow/dags/data/models/Saint Vincent and the Grenadines/deaths_TS_model.pkl took 0.030 seconds
[2024-08-17T12:38:35.050+0000] {processor.py:161} INFO - Started process (PID=49584) to work on /opt/airflow/dags/data/models/Saint Vincent and the Grenadines/deaths_TS_model.pkl
[2024-08-17T12:38:35.051+0000] {processor.py:830} INFO - Processing file /opt/airflow/dags/data/models/Saint Vincent and the Grenadines/deaths_TS_model.pkl for tasks to queue
[2024-08-17T12:38:35.051+0000] {logging_mixin.py:188} INFO - [2024-08-17T12:38:35.051+0000] {dagbag.py:545} INFO - Filling up the DagBag from /opt/airflow/dags/data/models/Saint Vincent and the Grenadines/deaths_TS_model.pkl
[2024-08-17T12:38:35.059+0000] {processor.py:842} WARNING - No viable dags retrieved from /opt/airflow/dags/data/models/Saint Vincent and the Grenadines/deaths_TS_model.pkl
[2024-08-17T12:38:35.068+0000] {processor.py:183} INFO - Processing /opt/airflow/dags/data/models/Saint Vincent and the Grenadines/deaths_TS_model.pkl took 0.023 seconds
[2024-08-17T12:39:07.243+0000] {processor.py:161} INFO - Started process (PID=50327) to work on /opt/airflow/dags/data/models/Saint Vincent and the Grenadines/deaths_TS_model.pkl
[2024-08-17T12:39:07.244+0000] {processor.py:830} INFO - Processing file /opt/airflow/dags/data/models/Saint Vincent and the Grenadines/deaths_TS_model.pkl for tasks to queue
[2024-08-17T12:39:07.244+0000] {logging_mixin.py:188} INFO - [2024-08-17T12:39:07.244+0000] {dagbag.py:545} INFO - Filling up the DagBag from /opt/airflow/dags/data/models/Saint Vincent and the Grenadines/deaths_TS_model.pkl
[2024-08-17T12:39:07.252+0000] {processor.py:842} WARNING - No viable dags retrieved from /opt/airflow/dags/data/models/Saint Vincent and the Grenadines/deaths_TS_model.pkl
[2024-08-17T12:39:07.260+0000] {processor.py:183} INFO - Processing /opt/airflow/dags/data/models/Saint Vincent and the Grenadines/deaths_TS_model.pkl took 0.020 seconds
[2024-08-17T12:39:38.990+0000] {processor.py:161} INFO - Started process (PID=51044) to work on /opt/airflow/dags/data/models/Saint Vincent and the Grenadines/deaths_TS_model.pkl
[2024-08-17T12:39:38.991+0000] {processor.py:830} INFO - Processing file /opt/airflow/dags/data/models/Saint Vincent and the Grenadines/deaths_TS_model.pkl for tasks to queue
[2024-08-17T12:39:38.991+0000] {logging_mixin.py:188} INFO - [2024-08-17T12:39:38.991+0000] {dagbag.py:545} INFO - Filling up the DagBag from /opt/airflow/dags/data/models/Saint Vincent and the Grenadines/deaths_TS_model.pkl
[2024-08-17T12:39:39.001+0000] {processor.py:842} WARNING - No viable dags retrieved from /opt/airflow/dags/data/models/Saint Vincent and the Grenadines/deaths_TS_model.pkl
[2024-08-17T12:39:39.011+0000] {processor.py:183} INFO - Processing /opt/airflow/dags/data/models/Saint Vincent and the Grenadines/deaths_TS_model.pkl took 0.024 seconds
[2024-08-17T12:40:10.981+0000] {processor.py:161} INFO - Started process (PID=51767) to work on /opt/airflow/dags/data/models/Saint Vincent and the Grenadines/deaths_TS_model.pkl
[2024-08-17T12:40:10.987+0000] {processor.py:830} INFO - Processing file /opt/airflow/dags/data/models/Saint Vincent and the Grenadines/deaths_TS_model.pkl for tasks to queue
[2024-08-17T12:40:10.988+0000] {logging_mixin.py:188} INFO - [2024-08-17T12:40:10.988+0000] {dagbag.py:545} INFO - Filling up the DagBag from /opt/airflow/dags/data/models/Saint Vincent and the Grenadines/deaths_TS_model.pkl
[2024-08-17T12:40:10.997+0000] {processor.py:842} WARNING - No viable dags retrieved from /opt/airflow/dags/data/models/Saint Vincent and the Grenadines/deaths_TS_model.pkl
[2024-08-17T12:40:11.006+0000] {processor.py:183} INFO - Processing /opt/airflow/dags/data/models/Saint Vincent and the Grenadines/deaths_TS_model.pkl took 0.029 seconds
[2024-08-17T12:40:43.398+0000] {processor.py:161} INFO - Started process (PID=52488) to work on /opt/airflow/dags/data/models/Saint Vincent and the Grenadines/deaths_TS_model.pkl
[2024-08-17T12:40:43.399+0000] {processor.py:830} INFO - Processing file /opt/airflow/dags/data/models/Saint Vincent and the Grenadines/deaths_TS_model.pkl for tasks to queue
[2024-08-17T12:40:43.399+0000] {logging_mixin.py:188} INFO - [2024-08-17T12:40:43.399+0000] {dagbag.py:545} INFO - Filling up the DagBag from /opt/airflow/dags/data/models/Saint Vincent and the Grenadines/deaths_TS_model.pkl
[2024-08-17T12:40:43.408+0000] {processor.py:842} WARNING - No viable dags retrieved from /opt/airflow/dags/data/models/Saint Vincent and the Grenadines/deaths_TS_model.pkl
[2024-08-17T12:40:43.417+0000] {processor.py:183} INFO - Processing /opt/airflow/dags/data/models/Saint Vincent and the Grenadines/deaths_TS_model.pkl took 0.023 seconds
[2024-08-17T12:41:16.365+0000] {processor.py:161} INFO - Started process (PID=53232) to work on /opt/airflow/dags/data/models/Saint Vincent and the Grenadines/deaths_TS_model.pkl
[2024-08-17T12:41:16.365+0000] {processor.py:830} INFO - Processing file /opt/airflow/dags/data/models/Saint Vincent and the Grenadines/deaths_TS_model.pkl for tasks to queue
[2024-08-17T12:41:16.366+0000] {logging_mixin.py:188} INFO - [2024-08-17T12:41:16.366+0000] {dagbag.py:545} INFO - Filling up the DagBag from /opt/airflow/dags/data/models/Saint Vincent and the Grenadines/deaths_TS_model.pkl
[2024-08-17T12:41:16.382+0000] {processor.py:842} WARNING - No viable dags retrieved from /opt/airflow/dags/data/models/Saint Vincent and the Grenadines/deaths_TS_model.pkl
[2024-08-17T12:41:16.393+0000] {processor.py:183} INFO - Processing /opt/airflow/dags/data/models/Saint Vincent and the Grenadines/deaths_TS_model.pkl took 0.032 seconds
