[2024-08-17T10:17:54.027+0000] {processor.py:161} INFO - Started process (PID=42697) to work on /opt/airflow/dags/data/models/United Kingdom.9/cases_TS_model.pkl
[2024-08-17T10:17:54.027+0000] {processor.py:830} INFO - Processing file /opt/airflow/dags/data/models/United Kingdom.9/cases_TS_model.pkl for tasks to queue
[2024-08-17T10:17:54.028+0000] {logging_mixin.py:188} INFO - [2024-08-17T10:17:54.028+0000] {dagbag.py:545} INFO - Filling up the DagBag from /opt/airflow/dags/data/models/United Kingdom.9/cases_TS_model.pkl
[2024-08-17T10:17:54.037+0000] {processor.py:842} WARNING - No viable dags retrieved from /opt/airflow/dags/data/models/United Kingdom.9/cases_TS_model.pkl
[2024-08-17T10:17:54.046+0000] {processor.py:183} INFO - Processing /opt/airflow/dags/data/models/United Kingdom.9/cases_TS_model.pkl took 0.023 seconds
[2024-08-17T10:18:26.043+0000] {processor.py:161} INFO - Started process (PID=43436) to work on /opt/airflow/dags/data/models/United Kingdom.9/cases_TS_model.pkl
[2024-08-17T10:18:26.043+0000] {processor.py:830} INFO - Processing file /opt/airflow/dags/data/models/United Kingdom.9/cases_TS_model.pkl for tasks to queue
[2024-08-17T10:18:26.044+0000] {logging_mixin.py:188} INFO - [2024-08-17T10:18:26.044+0000] {dagbag.py:545} INFO - Filling up the DagBag from /opt/airflow/dags/data/models/United Kingdom.9/cases_TS_model.pkl
[2024-08-17T10:18:26.052+0000] {processor.py:842} WARNING - No viable dags retrieved from /opt/airflow/dags/data/models/United Kingdom.9/cases_TS_model.pkl
[2024-08-17T10:18:26.061+0000] {processor.py:183} INFO - Processing /opt/airflow/dags/data/models/United Kingdom.9/cases_TS_model.pkl took 0.022 seconds
[2024-08-17T10:18:57.390+0000] {processor.py:161} INFO - Started process (PID=44178) to work on /opt/airflow/dags/data/models/United Kingdom.9/cases_TS_model.pkl
[2024-08-17T10:18:57.390+0000] {processor.py:830} INFO - Processing file /opt/airflow/dags/data/models/United Kingdom.9/cases_TS_model.pkl for tasks to queue
[2024-08-17T10:18:57.391+0000] {logging_mixin.py:188} INFO - [2024-08-17T10:18:57.391+0000] {dagbag.py:545} INFO - Filling up the DagBag from /opt/airflow/dags/data/models/United Kingdom.9/cases_TS_model.pkl
[2024-08-17T10:18:57.404+0000] {processor.py:842} WARNING - No viable dags retrieved from /opt/airflow/dags/data/models/United Kingdom.9/cases_TS_model.pkl
[2024-08-17T10:18:57.412+0000] {processor.py:183} INFO - Processing /opt/airflow/dags/data/models/United Kingdom.9/cases_TS_model.pkl took 0.026 seconds
[2024-08-17T10:19:29.251+0000] {processor.py:161} INFO - Started process (PID=44902) to work on /opt/airflow/dags/data/models/United Kingdom.9/cases_TS_model.pkl
[2024-08-17T10:19:29.252+0000] {processor.py:830} INFO - Processing file /opt/airflow/dags/data/models/United Kingdom.9/cases_TS_model.pkl for tasks to queue
[2024-08-17T10:19:29.253+0000] {logging_mixin.py:188} INFO - [2024-08-17T10:19:29.253+0000] {dagbag.py:545} INFO - Filling up the DagBag from /opt/airflow/dags/data/models/United Kingdom.9/cases_TS_model.pkl
[2024-08-17T10:19:29.260+0000] {processor.py:842} WARNING - No viable dags retrieved from /opt/airflow/dags/data/models/United Kingdom.9/cases_TS_model.pkl
[2024-08-17T10:19:29.270+0000] {processor.py:183} INFO - Processing /opt/airflow/dags/data/models/United Kingdom.9/cases_TS_model.pkl took 0.022 seconds
[2024-08-17T10:20:00.782+0000] {processor.py:161} INFO - Started process (PID=45617) to work on /opt/airflow/dags/data/models/United Kingdom.9/cases_TS_model.pkl
[2024-08-17T10:20:00.782+0000] {processor.py:830} INFO - Processing file /opt/airflow/dags/data/models/United Kingdom.9/cases_TS_model.pkl for tasks to queue
[2024-08-17T10:20:00.783+0000] {logging_mixin.py:188} INFO - [2024-08-17T10:20:00.783+0000] {dagbag.py:545} INFO - Filling up the DagBag from /opt/airflow/dags/data/models/United Kingdom.9/cases_TS_model.pkl
[2024-08-17T10:20:00.796+0000] {processor.py:842} WARNING - No viable dags retrieved from /opt/airflow/dags/data/models/United Kingdom.9/cases_TS_model.pkl
[2024-08-17T10:20:00.805+0000] {processor.py:183} INFO - Processing /opt/airflow/dags/data/models/United Kingdom.9/cases_TS_model.pkl took 0.029 seconds
[2024-08-17T10:20:33.783+0000] {processor.py:161} INFO - Started process (PID=46330) to work on /opt/airflow/dags/data/models/United Kingdom.9/cases_TS_model.pkl
[2024-08-17T10:20:33.784+0000] {processor.py:830} INFO - Processing file /opt/airflow/dags/data/models/United Kingdom.9/cases_TS_model.pkl for tasks to queue
[2024-08-17T10:20:33.784+0000] {logging_mixin.py:188} INFO - [2024-08-17T10:20:33.784+0000] {dagbag.py:545} INFO - Filling up the DagBag from /opt/airflow/dags/data/models/United Kingdom.9/cases_TS_model.pkl
[2024-08-17T10:20:33.794+0000] {processor.py:842} WARNING - No viable dags retrieved from /opt/airflow/dags/data/models/United Kingdom.9/cases_TS_model.pkl
[2024-08-17T10:20:33.803+0000] {processor.py:183} INFO - Processing /opt/airflow/dags/data/models/United Kingdom.9/cases_TS_model.pkl took 0.024 seconds
[2024-08-17T10:21:05.241+0000] {processor.py:161} INFO - Started process (PID=47070) to work on /opt/airflow/dags/data/models/United Kingdom.9/cases_TS_model.pkl
[2024-08-17T10:21:05.242+0000] {processor.py:830} INFO - Processing file /opt/airflow/dags/data/models/United Kingdom.9/cases_TS_model.pkl for tasks to queue
[2024-08-17T10:21:05.243+0000] {logging_mixin.py:188} INFO - [2024-08-17T10:21:05.242+0000] {dagbag.py:545} INFO - Filling up the DagBag from /opt/airflow/dags/data/models/United Kingdom.9/cases_TS_model.pkl
[2024-08-17T10:21:05.250+0000] {processor.py:842} WARNING - No viable dags retrieved from /opt/airflow/dags/data/models/United Kingdom.9/cases_TS_model.pkl
[2024-08-17T10:21:05.258+0000] {processor.py:183} INFO - Processing /opt/airflow/dags/data/models/United Kingdom.9/cases_TS_model.pkl took 0.020 seconds
[2024-08-17T12:18:15.457+0000] {processor.py:161} INFO - Started process (PID=27238) to work on /opt/airflow/dags/data/models/United Kingdom.9/cases_TS_model.pkl
[2024-08-17T12:18:15.458+0000] {processor.py:830} INFO - Processing file /opt/airflow/dags/data/models/United Kingdom.9/cases_TS_model.pkl for tasks to queue
[2024-08-17T12:18:15.460+0000] {logging_mixin.py:188} INFO - [2024-08-17T12:18:15.460+0000] {dagbag.py:545} INFO - Filling up the DagBag from /opt/airflow/dags/data/models/United Kingdom.9/cases_TS_model.pkl
[2024-08-17T12:18:15.483+0000] {processor.py:842} WARNING - No viable dags retrieved from /opt/airflow/dags/data/models/United Kingdom.9/cases_TS_model.pkl
[2024-08-17T12:18:15.505+0000] {processor.py:183} INFO - Processing /opt/airflow/dags/data/models/United Kingdom.9/cases_TS_model.pkl took 0.056 seconds
[2024-08-17T12:19:12.775+0000] {processor.py:161} INFO - Started process (PID=28006) to work on /opt/airflow/dags/data/models/United Kingdom.9/cases_TS_model.pkl
[2024-08-17T12:19:12.776+0000] {processor.py:830} INFO - Processing file /opt/airflow/dags/data/models/United Kingdom.9/cases_TS_model.pkl for tasks to queue
[2024-08-17T12:19:12.777+0000] {logging_mixin.py:188} INFO - [2024-08-17T12:19:12.777+0000] {dagbag.py:545} INFO - Filling up the DagBag from /opt/airflow/dags/data/models/United Kingdom.9/cases_TS_model.pkl
[2024-08-17T12:19:12.792+0000] {processor.py:842} WARNING - No viable dags retrieved from /opt/airflow/dags/data/models/United Kingdom.9/cases_TS_model.pkl
[2024-08-17T12:19:12.809+0000] {processor.py:183} INFO - Processing /opt/airflow/dags/data/models/United Kingdom.9/cases_TS_model.pkl took 0.042 seconds
[2024-08-17T12:19:56.010+0000] {processor.py:161} INFO - Started process (PID=28618) to work on /opt/airflow/dags/data/models/United Kingdom.9/cases_TS_model.pkl
[2024-08-17T12:19:56.013+0000] {processor.py:830} INFO - Processing file /opt/airflow/dags/data/models/United Kingdom.9/cases_TS_model.pkl for tasks to queue
[2024-08-17T12:19:56.016+0000] {logging_mixin.py:188} INFO - [2024-08-17T12:19:56.015+0000] {dagbag.py:545} INFO - Filling up the DagBag from /opt/airflow/dags/data/models/United Kingdom.9/cases_TS_model.pkl
[2024-08-17T12:19:56.039+0000] {processor.py:842} WARNING - No viable dags retrieved from /opt/airflow/dags/data/models/United Kingdom.9/cases_TS_model.pkl
[2024-08-17T12:19:56.069+0000] {processor.py:183} INFO - Processing /opt/airflow/dags/data/models/United Kingdom.9/cases_TS_model.pkl took 0.068 seconds
[2024-08-17T12:20:50.491+0000] {processor.py:161} INFO - Started process (PID=29291) to work on /opt/airflow/dags/data/models/United Kingdom.9/cases_TS_model.pkl
[2024-08-17T12:20:50.492+0000] {processor.py:830} INFO - Processing file /opt/airflow/dags/data/models/United Kingdom.9/cases_TS_model.pkl for tasks to queue
[2024-08-17T12:20:50.494+0000] {logging_mixin.py:188} INFO - [2024-08-17T12:20:50.493+0000] {dagbag.py:545} INFO - Filling up the DagBag from /opt/airflow/dags/data/models/United Kingdom.9/cases_TS_model.pkl
[2024-08-17T12:20:50.517+0000] {processor.py:842} WARNING - No viable dags retrieved from /opt/airflow/dags/data/models/United Kingdom.9/cases_TS_model.pkl
[2024-08-17T12:20:50.536+0000] {processor.py:183} INFO - Processing /opt/airflow/dags/data/models/United Kingdom.9/cases_TS_model.pkl took 0.053 seconds
[2024-08-17T12:21:37.135+0000] {processor.py:161} INFO - Started process (PID=29987) to work on /opt/airflow/dags/data/models/United Kingdom.9/cases_TS_model.pkl
[2024-08-17T12:21:37.136+0000] {processor.py:830} INFO - Processing file /opt/airflow/dags/data/models/United Kingdom.9/cases_TS_model.pkl for tasks to queue
[2024-08-17T12:21:37.137+0000] {logging_mixin.py:188} INFO - [2024-08-17T12:21:37.137+0000] {dagbag.py:545} INFO - Filling up the DagBag from /opt/airflow/dags/data/models/United Kingdom.9/cases_TS_model.pkl
[2024-08-17T12:21:37.156+0000] {processor.py:842} WARNING - No viable dags retrieved from /opt/airflow/dags/data/models/United Kingdom.9/cases_TS_model.pkl
[2024-08-17T12:21:37.176+0000] {processor.py:183} INFO - Processing /opt/airflow/dags/data/models/United Kingdom.9/cases_TS_model.pkl took 0.048 seconds
[2024-08-17T12:22:14.337+0000] {processor.py:161} INFO - Started process (PID=30561) to work on /opt/airflow/dags/data/models/United Kingdom.9/cases_TS_model.pkl
[2024-08-17T12:22:14.338+0000] {processor.py:830} INFO - Processing file /opt/airflow/dags/data/models/United Kingdom.9/cases_TS_model.pkl for tasks to queue
[2024-08-17T12:22:14.340+0000] {logging_mixin.py:188} INFO - [2024-08-17T12:22:14.339+0000] {dagbag.py:545} INFO - Filling up the DagBag from /opt/airflow/dags/data/models/United Kingdom.9/cases_TS_model.pkl
[2024-08-17T12:22:14.360+0000] {processor.py:842} WARNING - No viable dags retrieved from /opt/airflow/dags/data/models/United Kingdom.9/cases_TS_model.pkl
[2024-08-17T12:22:14.377+0000] {processor.py:183} INFO - Processing /opt/airflow/dags/data/models/United Kingdom.9/cases_TS_model.pkl took 0.048 seconds
[2024-08-17T12:22:31.598+0000] {processor.py:161} INFO - Started process (PID=30804) to work on /opt/airflow/dags/data/models/United Kingdom.9/cases_TS_model.pkl
[2024-08-17T12:22:31.599+0000] {processor.py:830} INFO - Processing file /opt/airflow/dags/data/models/United Kingdom.9/cases_TS_model.pkl for tasks to queue
[2024-08-17T12:22:31.601+0000] {logging_mixin.py:188} INFO - [2024-08-17T12:22:31.600+0000] {dagbag.py:545} INFO - Filling up the DagBag from /opt/airflow/dags/data/models/United Kingdom.9/cases_TS_model.pkl
[2024-08-17T12:22:31.620+0000] {processor.py:842} WARNING - No viable dags retrieved from /opt/airflow/dags/data/models/United Kingdom.9/cases_TS_model.pkl
[2024-08-17T12:22:31.638+0000] {processor.py:183} INFO - Processing /opt/airflow/dags/data/models/United Kingdom.9/cases_TS_model.pkl took 0.049 seconds
[2024-08-17T12:23:17.302+0000] {processor.py:161} INFO - Started process (PID=31165) to work on /opt/airflow/dags/data/models/United Kingdom.9/cases_TS_model.pkl
[2024-08-17T12:23:17.303+0000] {processor.py:830} INFO - Processing file /opt/airflow/dags/data/models/United Kingdom.9/cases_TS_model.pkl for tasks to queue
[2024-08-17T12:23:17.305+0000] {logging_mixin.py:188} INFO - [2024-08-17T12:23:17.304+0000] {dagbag.py:545} INFO - Filling up the DagBag from /opt/airflow/dags/data/models/United Kingdom.9/cases_TS_model.pkl
[2024-08-17T12:23:17.335+0000] {processor.py:842} WARNING - No viable dags retrieved from /opt/airflow/dags/data/models/United Kingdom.9/cases_TS_model.pkl
[2024-08-17T12:23:17.356+0000] {processor.py:183} INFO - Processing /opt/airflow/dags/data/models/United Kingdom.9/cases_TS_model.pkl took 0.062 seconds
[2024-08-17T12:24:01.048+0000] {processor.py:161} INFO - Started process (PID=31866) to work on /opt/airflow/dags/data/models/United Kingdom.9/cases_TS_model.pkl
[2024-08-17T12:24:01.049+0000] {processor.py:830} INFO - Processing file /opt/airflow/dags/data/models/United Kingdom.9/cases_TS_model.pkl for tasks to queue
[2024-08-17T12:24:01.051+0000] {logging_mixin.py:188} INFO - [2024-08-17T12:24:01.050+0000] {dagbag.py:545} INFO - Filling up the DagBag from /opt/airflow/dags/data/models/United Kingdom.9/cases_TS_model.pkl
[2024-08-17T12:24:01.068+0000] {processor.py:842} WARNING - No viable dags retrieved from /opt/airflow/dags/data/models/United Kingdom.9/cases_TS_model.pkl
[2024-08-17T12:24:01.089+0000] {processor.py:183} INFO - Processing /opt/airflow/dags/data/models/United Kingdom.9/cases_TS_model.pkl took 0.049 seconds
[2024-08-17T12:24:46.447+0000] {processor.py:161} INFO - Started process (PID=32618) to work on /opt/airflow/dags/data/models/United Kingdom.9/cases_TS_model.pkl
[2024-08-17T12:24:46.448+0000] {processor.py:830} INFO - Processing file /opt/airflow/dags/data/models/United Kingdom.9/cases_TS_model.pkl for tasks to queue
[2024-08-17T12:24:46.449+0000] {logging_mixin.py:188} INFO - [2024-08-17T12:24:46.449+0000] {dagbag.py:545} INFO - Filling up the DagBag from /opt/airflow/dags/data/models/United Kingdom.9/cases_TS_model.pkl
[2024-08-17T12:24:46.466+0000] {processor.py:842} WARNING - No viable dags retrieved from /opt/airflow/dags/data/models/United Kingdom.9/cases_TS_model.pkl
[2024-08-17T12:24:46.479+0000] {processor.py:183} INFO - Processing /opt/airflow/dags/data/models/United Kingdom.9/cases_TS_model.pkl took 0.037 seconds
[2024-08-17T12:25:22.457+0000] {processor.py:161} INFO - Started process (PID=33232) to work on /opt/airflow/dags/data/models/United Kingdom.9/cases_TS_model.pkl
[2024-08-17T12:25:22.457+0000] {processor.py:830} INFO - Processing file /opt/airflow/dags/data/models/United Kingdom.9/cases_TS_model.pkl for tasks to queue
[2024-08-17T12:25:22.458+0000] {logging_mixin.py:188} INFO - [2024-08-17T12:25:22.458+0000] {dagbag.py:545} INFO - Filling up the DagBag from /opt/airflow/dags/data/models/United Kingdom.9/cases_TS_model.pkl
[2024-08-17T12:25:22.477+0000] {processor.py:842} WARNING - No viable dags retrieved from /opt/airflow/dags/data/models/United Kingdom.9/cases_TS_model.pkl
[2024-08-17T12:25:22.491+0000] {processor.py:183} INFO - Processing /opt/airflow/dags/data/models/United Kingdom.9/cases_TS_model.pkl took 0.039 seconds
[2024-08-17T12:25:35.021+0000] {processor.py:161} INFO - Started process (PID=33460) to work on /opt/airflow/dags/data/models/United Kingdom.9/cases_TS_model.pkl
[2024-08-17T12:25:35.023+0000] {processor.py:830} INFO - Processing file /opt/airflow/dags/data/models/United Kingdom.9/cases_TS_model.pkl for tasks to queue
[2024-08-17T12:25:35.024+0000] {logging_mixin.py:188} INFO - [2024-08-17T12:25:35.023+0000] {dagbag.py:545} INFO - Filling up the DagBag from /opt/airflow/dags/data/models/United Kingdom.9/cases_TS_model.pkl
[2024-08-17T12:25:35.044+0000] {processor.py:842} WARNING - No viable dags retrieved from /opt/airflow/dags/data/models/United Kingdom.9/cases_TS_model.pkl
[2024-08-17T12:25:35.061+0000] {processor.py:183} INFO - Processing /opt/airflow/dags/data/models/United Kingdom.9/cases_TS_model.pkl took 0.048 seconds
[2024-08-17T12:26:07.308+0000] {processor.py:161} INFO - Started process (PID=34045) to work on /opt/airflow/dags/data/models/United Kingdom.9/cases_TS_model.pkl
[2024-08-17T12:26:07.309+0000] {processor.py:830} INFO - Processing file /opt/airflow/dags/data/models/United Kingdom.9/cases_TS_model.pkl for tasks to queue
[2024-08-17T12:26:07.310+0000] {logging_mixin.py:188} INFO - [2024-08-17T12:26:07.310+0000] {dagbag.py:545} INFO - Filling up the DagBag from /opt/airflow/dags/data/models/United Kingdom.9/cases_TS_model.pkl
[2024-08-17T12:26:07.328+0000] {processor.py:842} WARNING - No viable dags retrieved from /opt/airflow/dags/data/models/United Kingdom.9/cases_TS_model.pkl
[2024-08-17T12:26:07.342+0000] {processor.py:183} INFO - Processing /opt/airflow/dags/data/models/United Kingdom.9/cases_TS_model.pkl took 0.040 seconds
[2024-08-17T12:26:42.267+0000] {processor.py:161} INFO - Started process (PID=34680) to work on /opt/airflow/dags/data/models/United Kingdom.9/cases_TS_model.pkl
[2024-08-17T12:26:42.269+0000] {processor.py:830} INFO - Processing file /opt/airflow/dags/data/models/United Kingdom.9/cases_TS_model.pkl for tasks to queue
[2024-08-17T12:26:42.270+0000] {logging_mixin.py:188} INFO - [2024-08-17T12:26:42.270+0000] {dagbag.py:545} INFO - Filling up the DagBag from /opt/airflow/dags/data/models/United Kingdom.9/cases_TS_model.pkl
[2024-08-17T12:26:42.287+0000] {processor.py:842} WARNING - No viable dags retrieved from /opt/airflow/dags/data/models/United Kingdom.9/cases_TS_model.pkl
[2024-08-17T12:26:42.301+0000] {processor.py:183} INFO - Processing /opt/airflow/dags/data/models/United Kingdom.9/cases_TS_model.pkl took 0.040 seconds
[2024-08-17T12:27:19.103+0000] {processor.py:161} INFO - Started process (PID=35422) to work on /opt/airflow/dags/data/models/United Kingdom.9/cases_TS_model.pkl
[2024-08-17T12:27:19.104+0000] {processor.py:830} INFO - Processing file /opt/airflow/dags/data/models/United Kingdom.9/cases_TS_model.pkl for tasks to queue
[2024-08-17T12:27:19.105+0000] {logging_mixin.py:188} INFO - [2024-08-17T12:27:19.105+0000] {dagbag.py:545} INFO - Filling up the DagBag from /opt/airflow/dags/data/models/United Kingdom.9/cases_TS_model.pkl
[2024-08-17T12:27:19.120+0000] {processor.py:842} WARNING - No viable dags retrieved from /opt/airflow/dags/data/models/United Kingdom.9/cases_TS_model.pkl
[2024-08-17T12:27:19.132+0000] {processor.py:183} INFO - Processing /opt/airflow/dags/data/models/United Kingdom.9/cases_TS_model.pkl took 0.033 seconds
[2024-08-17T12:28:15.318+0000] {processor.py:161} INFO - Started process (PID=36224) to work on /opt/airflow/dags/data/models/United Kingdom.9/cases_TS_model.pkl
[2024-08-17T12:28:15.319+0000] {processor.py:830} INFO - Processing file /opt/airflow/dags/data/models/United Kingdom.9/cases_TS_model.pkl for tasks to queue
[2024-08-17T12:28:15.320+0000] {logging_mixin.py:188} INFO - [2024-08-17T12:28:15.320+0000] {dagbag.py:545} INFO - Filling up the DagBag from /opt/airflow/dags/data/models/United Kingdom.9/cases_TS_model.pkl
[2024-08-17T12:28:15.334+0000] {processor.py:842} WARNING - No viable dags retrieved from /opt/airflow/dags/data/models/United Kingdom.9/cases_TS_model.pkl
[2024-08-17T12:28:15.343+0000] {processor.py:183} INFO - Processing /opt/airflow/dags/data/models/United Kingdom.9/cases_TS_model.pkl took 0.030 seconds
[2024-08-17T12:28:49.133+0000] {processor.py:161} INFO - Started process (PID=36971) to work on /opt/airflow/dags/data/models/United Kingdom.9/cases_TS_model.pkl
[2024-08-17T12:28:49.134+0000] {processor.py:830} INFO - Processing file /opt/airflow/dags/data/models/United Kingdom.9/cases_TS_model.pkl for tasks to queue
[2024-08-17T12:28:49.135+0000] {logging_mixin.py:188} INFO - [2024-08-17T12:28:49.135+0000] {dagbag.py:545} INFO - Filling up the DagBag from /opt/airflow/dags/data/models/United Kingdom.9/cases_TS_model.pkl
[2024-08-17T12:28:49.147+0000] {processor.py:842} WARNING - No viable dags retrieved from /opt/airflow/dags/data/models/United Kingdom.9/cases_TS_model.pkl
[2024-08-17T12:28:49.158+0000] {processor.py:183} INFO - Processing /opt/airflow/dags/data/models/United Kingdom.9/cases_TS_model.pkl took 0.028 seconds
[2024-08-17T12:29:23.947+0000] {processor.py:161} INFO - Started process (PID=37700) to work on /opt/airflow/dags/data/models/United Kingdom.9/cases_TS_model.pkl
[2024-08-17T12:29:23.948+0000] {processor.py:830} INFO - Processing file /opt/airflow/dags/data/models/United Kingdom.9/cases_TS_model.pkl for tasks to queue
[2024-08-17T12:29:23.949+0000] {logging_mixin.py:188} INFO - [2024-08-17T12:29:23.949+0000] {dagbag.py:545} INFO - Filling up the DagBag from /opt/airflow/dags/data/models/United Kingdom.9/cases_TS_model.pkl
[2024-08-17T12:29:23.963+0000] {processor.py:842} WARNING - No viable dags retrieved from /opt/airflow/dags/data/models/United Kingdom.9/cases_TS_model.pkl
[2024-08-17T12:29:23.975+0000] {processor.py:183} INFO - Processing /opt/airflow/dags/data/models/United Kingdom.9/cases_TS_model.pkl took 0.032 seconds
[2024-08-17T12:29:56.938+0000] {processor.py:161} INFO - Started process (PID=38427) to work on /opt/airflow/dags/data/models/United Kingdom.9/cases_TS_model.pkl
[2024-08-17T12:29:56.939+0000] {processor.py:830} INFO - Processing file /opt/airflow/dags/data/models/United Kingdom.9/cases_TS_model.pkl for tasks to queue
[2024-08-17T12:29:56.940+0000] {logging_mixin.py:188} INFO - [2024-08-17T12:29:56.940+0000] {dagbag.py:545} INFO - Filling up the DagBag from /opt/airflow/dags/data/models/United Kingdom.9/cases_TS_model.pkl
[2024-08-17T12:29:56.949+0000] {processor.py:842} WARNING - No viable dags retrieved from /opt/airflow/dags/data/models/United Kingdom.9/cases_TS_model.pkl
[2024-08-17T12:29:56.959+0000] {processor.py:183} INFO - Processing /opt/airflow/dags/data/models/United Kingdom.9/cases_TS_model.pkl took 0.025 seconds
[2024-08-17T12:30:29.536+0000] {processor.py:161} INFO - Started process (PID=39157) to work on /opt/airflow/dags/data/models/United Kingdom.9/cases_TS_model.pkl
[2024-08-17T12:30:29.536+0000] {processor.py:830} INFO - Processing file /opt/airflow/dags/data/models/United Kingdom.9/cases_TS_model.pkl for tasks to queue
[2024-08-17T12:30:29.537+0000] {logging_mixin.py:188} INFO - [2024-08-17T12:30:29.537+0000] {dagbag.py:545} INFO - Filling up the DagBag from /opt/airflow/dags/data/models/United Kingdom.9/cases_TS_model.pkl
[2024-08-17T12:30:29.546+0000] {processor.py:842} WARNING - No viable dags retrieved from /opt/airflow/dags/data/models/United Kingdom.9/cases_TS_model.pkl
[2024-08-17T12:30:29.555+0000] {processor.py:183} INFO - Processing /opt/airflow/dags/data/models/United Kingdom.9/cases_TS_model.pkl took 0.023 seconds
[2024-08-17T12:31:01.587+0000] {processor.py:161} INFO - Started process (PID=39895) to work on /opt/airflow/dags/data/models/United Kingdom.9/cases_TS_model.pkl
[2024-08-17T12:31:01.588+0000] {processor.py:830} INFO - Processing file /opt/airflow/dags/data/models/United Kingdom.9/cases_TS_model.pkl for tasks to queue
[2024-08-17T12:31:01.589+0000] {logging_mixin.py:188} INFO - [2024-08-17T12:31:01.588+0000] {dagbag.py:545} INFO - Filling up the DagBag from /opt/airflow/dags/data/models/United Kingdom.9/cases_TS_model.pkl
[2024-08-17T12:31:01.596+0000] {processor.py:842} WARNING - No viable dags retrieved from /opt/airflow/dags/data/models/United Kingdom.9/cases_TS_model.pkl
[2024-08-17T12:31:01.605+0000] {processor.py:183} INFO - Processing /opt/airflow/dags/data/models/United Kingdom.9/cases_TS_model.pkl took 0.021 seconds
[2024-08-17T12:31:34.649+0000] {processor.py:161} INFO - Started process (PID=40617) to work on /opt/airflow/dags/data/models/United Kingdom.9/cases_TS_model.pkl
[2024-08-17T12:31:34.651+0000] {processor.py:830} INFO - Processing file /opt/airflow/dags/data/models/United Kingdom.9/cases_TS_model.pkl for tasks to queue
[2024-08-17T12:31:34.653+0000] {logging_mixin.py:188} INFO - [2024-08-17T12:31:34.653+0000] {dagbag.py:545} INFO - Filling up the DagBag from /opt/airflow/dags/data/models/United Kingdom.9/cases_TS_model.pkl
[2024-08-17T12:31:34.662+0000] {processor.py:842} WARNING - No viable dags retrieved from /opt/airflow/dags/data/models/United Kingdom.9/cases_TS_model.pkl
[2024-08-17T12:31:34.673+0000] {processor.py:183} INFO - Processing /opt/airflow/dags/data/models/United Kingdom.9/cases_TS_model.pkl took 0.027 seconds
[2024-08-17T12:32:09.604+0000] {processor.py:161} INFO - Started process (PID=41330) to work on /opt/airflow/dags/data/models/United Kingdom.9/cases_TS_model.pkl
[2024-08-17T12:32:09.604+0000] {processor.py:830} INFO - Processing file /opt/airflow/dags/data/models/United Kingdom.9/cases_TS_model.pkl for tasks to queue
[2024-08-17T12:32:09.605+0000] {logging_mixin.py:188} INFO - [2024-08-17T12:32:09.605+0000] {dagbag.py:545} INFO - Filling up the DagBag from /opt/airflow/dags/data/models/United Kingdom.9/cases_TS_model.pkl
[2024-08-17T12:32:09.614+0000] {processor.py:842} WARNING - No viable dags retrieved from /opt/airflow/dags/data/models/United Kingdom.9/cases_TS_model.pkl
[2024-08-17T12:32:09.624+0000] {processor.py:183} INFO - Processing /opt/airflow/dags/data/models/United Kingdom.9/cases_TS_model.pkl took 0.024 seconds
[2024-08-17T12:32:41.299+0000] {processor.py:161} INFO - Started process (PID=42054) to work on /opt/airflow/dags/data/models/United Kingdom.9/cases_TS_model.pkl
[2024-08-17T12:32:41.300+0000] {processor.py:830} INFO - Processing file /opt/airflow/dags/data/models/United Kingdom.9/cases_TS_model.pkl for tasks to queue
[2024-08-17T12:32:41.300+0000] {logging_mixin.py:188} INFO - [2024-08-17T12:32:41.300+0000] {dagbag.py:545} INFO - Filling up the DagBag from /opt/airflow/dags/data/models/United Kingdom.9/cases_TS_model.pkl
[2024-08-17T12:32:41.309+0000] {processor.py:842} WARNING - No viable dags retrieved from /opt/airflow/dags/data/models/United Kingdom.9/cases_TS_model.pkl
[2024-08-17T12:32:41.318+0000] {processor.py:183} INFO - Processing /opt/airflow/dags/data/models/United Kingdom.9/cases_TS_model.pkl took 0.023 seconds
[2024-08-17T12:33:13.663+0000] {processor.py:161} INFO - Started process (PID=42638) to work on /opt/airflow/dags/data/models/United Kingdom.9/cases_TS_model.pkl
[2024-08-17T12:33:13.664+0000] {processor.py:830} INFO - Processing file /opt/airflow/dags/data/models/United Kingdom.9/cases_TS_model.pkl for tasks to queue
[2024-08-17T12:33:13.665+0000] {logging_mixin.py:188} INFO - [2024-08-17T12:33:13.664+0000] {dagbag.py:545} INFO - Filling up the DagBag from /opt/airflow/dags/data/models/United Kingdom.9/cases_TS_model.pkl
[2024-08-17T12:33:13.673+0000] {processor.py:842} WARNING - No viable dags retrieved from /opt/airflow/dags/data/models/United Kingdom.9/cases_TS_model.pkl
[2024-08-17T12:33:13.682+0000] {processor.py:183} INFO - Processing /opt/airflow/dags/data/models/United Kingdom.9/cases_TS_model.pkl took 0.023 seconds
[2024-08-17T12:33:41.331+0000] {processor.py:161} INFO - Started process (PID=43168) to work on /opt/airflow/dags/data/models/United Kingdom.9/cases_TS_model.pkl
[2024-08-17T12:33:41.334+0000] {processor.py:830} INFO - Processing file /opt/airflow/dags/data/models/United Kingdom.9/cases_TS_model.pkl for tasks to queue
[2024-08-17T12:33:41.340+0000] {logging_mixin.py:188} INFO - [2024-08-17T12:33:41.339+0000] {dagbag.py:545} INFO - Filling up the DagBag from /opt/airflow/dags/data/models/United Kingdom.9/cases_TS_model.pkl
[2024-08-17T12:33:41.347+0000] {processor.py:842} WARNING - No viable dags retrieved from /opt/airflow/dags/data/models/United Kingdom.9/cases_TS_model.pkl
[2024-08-17T12:33:41.356+0000] {processor.py:183} INFO - Processing /opt/airflow/dags/data/models/United Kingdom.9/cases_TS_model.pkl took 0.029 seconds
[2024-08-17T12:34:12.728+0000] {processor.py:161} INFO - Started process (PID=43884) to work on /opt/airflow/dags/data/models/United Kingdom.9/cases_TS_model.pkl
[2024-08-17T12:34:12.729+0000] {processor.py:830} INFO - Processing file /opt/airflow/dags/data/models/United Kingdom.9/cases_TS_model.pkl for tasks to queue
[2024-08-17T12:34:12.729+0000] {logging_mixin.py:188} INFO - [2024-08-17T12:34:12.729+0000] {dagbag.py:545} INFO - Filling up the DagBag from /opt/airflow/dags/data/models/United Kingdom.9/cases_TS_model.pkl
[2024-08-17T12:34:12.737+0000] {processor.py:842} WARNING - No viable dags retrieved from /opt/airflow/dags/data/models/United Kingdom.9/cases_TS_model.pkl
[2024-08-17T12:34:12.746+0000] {processor.py:183} INFO - Processing /opt/airflow/dags/data/models/United Kingdom.9/cases_TS_model.pkl took 0.022 seconds
[2024-08-17T12:34:45.572+0000] {processor.py:161} INFO - Started process (PID=44607) to work on /opt/airflow/dags/data/models/United Kingdom.9/cases_TS_model.pkl
[2024-08-17T12:34:45.573+0000] {processor.py:830} INFO - Processing file /opt/airflow/dags/data/models/United Kingdom.9/cases_TS_model.pkl for tasks to queue
[2024-08-17T12:34:45.574+0000] {logging_mixin.py:188} INFO - [2024-08-17T12:34:45.573+0000] {dagbag.py:545} INFO - Filling up the DagBag from /opt/airflow/dags/data/models/United Kingdom.9/cases_TS_model.pkl
[2024-08-17T12:34:45.583+0000] {processor.py:842} WARNING - No viable dags retrieved from /opt/airflow/dags/data/models/United Kingdom.9/cases_TS_model.pkl
[2024-08-17T12:34:45.592+0000] {processor.py:183} INFO - Processing /opt/airflow/dags/data/models/United Kingdom.9/cases_TS_model.pkl took 0.024 seconds
[2024-08-17T12:35:17.245+0000] {processor.py:161} INFO - Started process (PID=45323) to work on /opt/airflow/dags/data/models/United Kingdom.9/cases_TS_model.pkl
[2024-08-17T12:35:17.245+0000] {processor.py:830} INFO - Processing file /opt/airflow/dags/data/models/United Kingdom.9/cases_TS_model.pkl for tasks to queue
[2024-08-17T12:35:17.246+0000] {logging_mixin.py:188} INFO - [2024-08-17T12:35:17.246+0000] {dagbag.py:545} INFO - Filling up the DagBag from /opt/airflow/dags/data/models/United Kingdom.9/cases_TS_model.pkl
[2024-08-17T12:35:17.257+0000] {processor.py:842} WARNING - No viable dags retrieved from /opt/airflow/dags/data/models/United Kingdom.9/cases_TS_model.pkl
[2024-08-17T12:35:17.266+0000] {processor.py:183} INFO - Processing /opt/airflow/dags/data/models/United Kingdom.9/cases_TS_model.pkl took 0.026 seconds
[2024-08-17T12:35:50.015+0000] {processor.py:161} INFO - Started process (PID=46068) to work on /opt/airflow/dags/data/models/United Kingdom.9/cases_TS_model.pkl
[2024-08-17T12:35:50.015+0000] {processor.py:830} INFO - Processing file /opt/airflow/dags/data/models/United Kingdom.9/cases_TS_model.pkl for tasks to queue
[2024-08-17T12:35:50.016+0000] {logging_mixin.py:188} INFO - [2024-08-17T12:35:50.016+0000] {dagbag.py:545} INFO - Filling up the DagBag from /opt/airflow/dags/data/models/United Kingdom.9/cases_TS_model.pkl
[2024-08-17T12:35:50.025+0000] {processor.py:842} WARNING - No viable dags retrieved from /opt/airflow/dags/data/models/United Kingdom.9/cases_TS_model.pkl
[2024-08-17T12:35:50.036+0000] {processor.py:183} INFO - Processing /opt/airflow/dags/data/models/United Kingdom.9/cases_TS_model.pkl took 0.025 seconds
[2024-08-17T12:36:21.283+0000] {processor.py:161} INFO - Started process (PID=46772) to work on /opt/airflow/dags/data/models/United Kingdom.9/cases_TS_model.pkl
[2024-08-17T12:36:21.284+0000] {processor.py:830} INFO - Processing file /opt/airflow/dags/data/models/United Kingdom.9/cases_TS_model.pkl for tasks to queue
[2024-08-17T12:36:21.285+0000] {logging_mixin.py:188} INFO - [2024-08-17T12:36:21.284+0000] {dagbag.py:545} INFO - Filling up the DagBag from /opt/airflow/dags/data/models/United Kingdom.9/cases_TS_model.pkl
[2024-08-17T12:36:21.292+0000] {processor.py:842} WARNING - No viable dags retrieved from /opt/airflow/dags/data/models/United Kingdom.9/cases_TS_model.pkl
[2024-08-17T12:36:21.302+0000] {processor.py:183} INFO - Processing /opt/airflow/dags/data/models/United Kingdom.9/cases_TS_model.pkl took 0.023 seconds
[2024-08-17T12:36:52.953+0000] {processor.py:161} INFO - Started process (PID=47470) to work on /opt/airflow/dags/data/models/United Kingdom.9/cases_TS_model.pkl
[2024-08-17T12:36:52.954+0000] {processor.py:830} INFO - Processing file /opt/airflow/dags/data/models/United Kingdom.9/cases_TS_model.pkl for tasks to queue
[2024-08-17T12:36:52.954+0000] {logging_mixin.py:188} INFO - [2024-08-17T12:36:52.954+0000] {dagbag.py:545} INFO - Filling up the DagBag from /opt/airflow/dags/data/models/United Kingdom.9/cases_TS_model.pkl
[2024-08-17T12:36:52.963+0000] {processor.py:842} WARNING - No viable dags retrieved from /opt/airflow/dags/data/models/United Kingdom.9/cases_TS_model.pkl
[2024-08-17T12:36:52.972+0000] {processor.py:183} INFO - Processing /opt/airflow/dags/data/models/United Kingdom.9/cases_TS_model.pkl took 0.023 seconds
[2024-08-17T12:37:24.849+0000] {processor.py:161} INFO - Started process (PID=48202) to work on /opt/airflow/dags/data/models/United Kingdom.9/cases_TS_model.pkl
[2024-08-17T12:37:24.850+0000] {processor.py:830} INFO - Processing file /opt/airflow/dags/data/models/United Kingdom.9/cases_TS_model.pkl for tasks to queue
[2024-08-17T12:37:24.850+0000] {logging_mixin.py:188} INFO - [2024-08-17T12:37:24.850+0000] {dagbag.py:545} INFO - Filling up the DagBag from /opt/airflow/dags/data/models/United Kingdom.9/cases_TS_model.pkl
[2024-08-17T12:37:24.859+0000] {processor.py:842} WARNING - No viable dags retrieved from /opt/airflow/dags/data/models/United Kingdom.9/cases_TS_model.pkl
[2024-08-17T12:37:24.868+0000] {processor.py:183} INFO - Processing /opt/airflow/dags/data/models/United Kingdom.9/cases_TS_model.pkl took 0.023 seconds
[2024-08-17T12:38:01.363+0000] {processor.py:161} INFO - Started process (PID=48806) to work on /opt/airflow/dags/data/models/United Kingdom.9/cases_TS_model.pkl
[2024-08-17T12:38:01.363+0000] {processor.py:830} INFO - Processing file /opt/airflow/dags/data/models/United Kingdom.9/cases_TS_model.pkl for tasks to queue
[2024-08-17T12:38:01.364+0000] {logging_mixin.py:188} INFO - [2024-08-17T12:38:01.364+0000] {dagbag.py:545} INFO - Filling up the DagBag from /opt/airflow/dags/data/models/United Kingdom.9/cases_TS_model.pkl
[2024-08-17T12:38:01.372+0000] {processor.py:842} WARNING - No viable dags retrieved from /opt/airflow/dags/data/models/United Kingdom.9/cases_TS_model.pkl
[2024-08-17T12:38:01.381+0000] {processor.py:183} INFO - Processing /opt/airflow/dags/data/models/United Kingdom.9/cases_TS_model.pkl took 0.022 seconds
[2024-08-17T12:38:33.658+0000] {processor.py:161} INFO - Started process (PID=49549) to work on /opt/airflow/dags/data/models/United Kingdom.9/cases_TS_model.pkl
[2024-08-17T12:38:33.659+0000] {processor.py:830} INFO - Processing file /opt/airflow/dags/data/models/United Kingdom.9/cases_TS_model.pkl for tasks to queue
[2024-08-17T12:38:33.659+0000] {logging_mixin.py:188} INFO - [2024-08-17T12:38:33.659+0000] {dagbag.py:545} INFO - Filling up the DagBag from /opt/airflow/dags/data/models/United Kingdom.9/cases_TS_model.pkl
[2024-08-17T12:38:33.667+0000] {processor.py:842} WARNING - No viable dags retrieved from /opt/airflow/dags/data/models/United Kingdom.9/cases_TS_model.pkl
[2024-08-17T12:38:33.676+0000] {processor.py:183} INFO - Processing /opt/airflow/dags/data/models/United Kingdom.9/cases_TS_model.pkl took 0.021 seconds
[2024-08-17T12:39:05.230+0000] {processor.py:161} INFO - Started process (PID=50273) to work on /opt/airflow/dags/data/models/United Kingdom.9/cases_TS_model.pkl
[2024-08-17T12:39:05.230+0000] {processor.py:830} INFO - Processing file /opt/airflow/dags/data/models/United Kingdom.9/cases_TS_model.pkl for tasks to queue
[2024-08-17T12:39:05.231+0000] {logging_mixin.py:188} INFO - [2024-08-17T12:39:05.231+0000] {dagbag.py:545} INFO - Filling up the DagBag from /opt/airflow/dags/data/models/United Kingdom.9/cases_TS_model.pkl
[2024-08-17T12:39:05.241+0000] {processor.py:842} WARNING - No viable dags retrieved from /opt/airflow/dags/data/models/United Kingdom.9/cases_TS_model.pkl
[2024-08-17T12:39:05.252+0000] {processor.py:183} INFO - Processing /opt/airflow/dags/data/models/United Kingdom.9/cases_TS_model.pkl took 0.026 seconds
[2024-08-17T12:39:36.896+0000] {processor.py:161} INFO - Started process (PID=50988) to work on /opt/airflow/dags/data/models/United Kingdom.9/cases_TS_model.pkl
[2024-08-17T12:39:36.897+0000] {processor.py:830} INFO - Processing file /opt/airflow/dags/data/models/United Kingdom.9/cases_TS_model.pkl for tasks to queue
[2024-08-17T12:39:36.898+0000] {logging_mixin.py:188} INFO - [2024-08-17T12:39:36.898+0000] {dagbag.py:545} INFO - Filling up the DagBag from /opt/airflow/dags/data/models/United Kingdom.9/cases_TS_model.pkl
[2024-08-17T12:39:36.921+0000] {processor.py:842} WARNING - No viable dags retrieved from /opt/airflow/dags/data/models/United Kingdom.9/cases_TS_model.pkl
[2024-08-17T12:39:36.931+0000] {processor.py:183} INFO - Processing /opt/airflow/dags/data/models/United Kingdom.9/cases_TS_model.pkl took 0.038 seconds
[2024-08-17T12:40:08.596+0000] {processor.py:161} INFO - Started process (PID=51712) to work on /opt/airflow/dags/data/models/United Kingdom.9/cases_TS_model.pkl
[2024-08-17T12:40:08.596+0000] {processor.py:830} INFO - Processing file /opt/airflow/dags/data/models/United Kingdom.9/cases_TS_model.pkl for tasks to queue
[2024-08-17T12:40:08.597+0000] {logging_mixin.py:188} INFO - [2024-08-17T12:40:08.597+0000] {dagbag.py:545} INFO - Filling up the DagBag from /opt/airflow/dags/data/models/United Kingdom.9/cases_TS_model.pkl
[2024-08-17T12:40:08.604+0000] {processor.py:842} WARNING - No viable dags retrieved from /opt/airflow/dags/data/models/United Kingdom.9/cases_TS_model.pkl
[2024-08-17T12:40:08.613+0000] {processor.py:183} INFO - Processing /opt/airflow/dags/data/models/United Kingdom.9/cases_TS_model.pkl took 0.021 seconds
[2024-08-17T12:40:39.729+0000] {processor.py:161} INFO - Started process (PID=52386) to work on /opt/airflow/dags/data/models/United Kingdom.9/cases_TS_model.pkl
[2024-08-17T12:40:39.730+0000] {processor.py:830} INFO - Processing file /opt/airflow/dags/data/models/United Kingdom.9/cases_TS_model.pkl for tasks to queue
[2024-08-17T12:40:39.735+0000] {logging_mixin.py:188} INFO - [2024-08-17T12:40:39.735+0000] {dagbag.py:545} INFO - Filling up the DagBag from /opt/airflow/dags/data/models/United Kingdom.9/cases_TS_model.pkl
[2024-08-17T12:40:39.744+0000] {processor.py:842} WARNING - No viable dags retrieved from /opt/airflow/dags/data/models/United Kingdom.9/cases_TS_model.pkl
[2024-08-17T12:40:39.752+0000] {processor.py:183} INFO - Processing /opt/airflow/dags/data/models/United Kingdom.9/cases_TS_model.pkl took 0.027 seconds
[2024-08-17T12:41:11.351+0000] {processor.py:161} INFO - Started process (PID=53102) to work on /opt/airflow/dags/data/models/United Kingdom.9/cases_TS_model.pkl
[2024-08-17T12:41:11.352+0000] {processor.py:830} INFO - Processing file /opt/airflow/dags/data/models/United Kingdom.9/cases_TS_model.pkl for tasks to queue
[2024-08-17T12:41:11.353+0000] {logging_mixin.py:188} INFO - [2024-08-17T12:41:11.353+0000] {dagbag.py:545} INFO - Filling up the DagBag from /opt/airflow/dags/data/models/United Kingdom.9/cases_TS_model.pkl
[2024-08-17T12:41:11.365+0000] {processor.py:842} WARNING - No viable dags retrieved from /opt/airflow/dags/data/models/United Kingdom.9/cases_TS_model.pkl
[2024-08-17T12:41:11.376+0000] {processor.py:183} INFO - Processing /opt/airflow/dags/data/models/United Kingdom.9/cases_TS_model.pkl took 0.028 seconds
[2024-08-17T12:41:42.670+0000] {processor.py:161} INFO - Started process (PID=53811) to work on /opt/airflow/dags/data/models/United Kingdom.9/cases_TS_model.pkl
[2024-08-17T12:41:42.670+0000] {processor.py:830} INFO - Processing file /opt/airflow/dags/data/models/United Kingdom.9/cases_TS_model.pkl for tasks to queue
[2024-08-17T12:41:42.671+0000] {logging_mixin.py:188} INFO - [2024-08-17T12:41:42.671+0000] {dagbag.py:545} INFO - Filling up the DagBag from /opt/airflow/dags/data/models/United Kingdom.9/cases_TS_model.pkl
[2024-08-17T12:41:42.679+0000] {processor.py:842} WARNING - No viable dags retrieved from /opt/airflow/dags/data/models/United Kingdom.9/cases_TS_model.pkl
[2024-08-17T12:41:42.688+0000] {processor.py:183} INFO - Processing /opt/airflow/dags/data/models/United Kingdom.9/cases_TS_model.pkl took 0.022 seconds
