[2024-08-17T02:53:54.329+0000] {processor.py:161} INFO - Started process (PID=85308) to work on /opt/airflow/dags/data/models/Libya/TS_model.pkl
[2024-08-17T02:53:54.330+0000] {processor.py:830} INFO - Processing file /opt/airflow/dags/data/models/Libya/TS_model.pkl for tasks to queue
[2024-08-17T02:53:54.331+0000] {logging_mixin.py:188} INFO - [2024-08-17T02:53:54.331+0000] {dagbag.py:545} INFO - Filling up the DagBag from /opt/airflow/dags/data/models/Libya/TS_model.pkl
[2024-08-17T02:53:54.344+0000] {processor.py:842} WARNING - No viable dags retrieved from /opt/airflow/dags/data/models/Libya/TS_model.pkl
[2024-08-17T02:53:54.357+0000] {processor.py:183} INFO - Processing /opt/airflow/dags/data/models/Libya/TS_model.pkl took 0.032 seconds
[2024-08-17T02:54:25.151+0000] {processor.py:161} INFO - Started process (PID=85640) to work on /opt/airflow/dags/data/models/Libya/TS_model.pkl
[2024-08-17T02:54:25.152+0000] {processor.py:830} INFO - Processing file /opt/airflow/dags/data/models/Libya/TS_model.pkl for tasks to queue
[2024-08-17T02:54:25.153+0000] {logging_mixin.py:188} INFO - [2024-08-17T02:54:25.153+0000] {dagbag.py:545} INFO - Filling up the DagBag from /opt/airflow/dags/data/models/Libya/TS_model.pkl
[2024-08-17T02:54:25.164+0000] {processor.py:842} WARNING - No viable dags retrieved from /opt/airflow/dags/data/models/Libya/TS_model.pkl
[2024-08-17T02:54:25.176+0000] {processor.py:183} INFO - Processing /opt/airflow/dags/data/models/Libya/TS_model.pkl took 0.029 seconds
[2024-08-17T02:54:55.905+0000] {processor.py:161} INFO - Started process (PID=85998) to work on /opt/airflow/dags/data/models/Libya/TS_model.pkl
[2024-08-17T02:54:55.906+0000] {processor.py:830} INFO - Processing file /opt/airflow/dags/data/models/Libya/TS_model.pkl for tasks to queue
[2024-08-17T02:54:55.906+0000] {logging_mixin.py:188} INFO - [2024-08-17T02:54:55.906+0000] {dagbag.py:545} INFO - Filling up the DagBag from /opt/airflow/dags/data/models/Libya/TS_model.pkl
[2024-08-17T02:54:55.919+0000] {processor.py:842} WARNING - No viable dags retrieved from /opt/airflow/dags/data/models/Libya/TS_model.pkl
[2024-08-17T02:54:55.931+0000] {processor.py:183} INFO - Processing /opt/airflow/dags/data/models/Libya/TS_model.pkl took 0.030 seconds
[2024-08-17T02:55:27.087+0000] {processor.py:161} INFO - Started process (PID=86337) to work on /opt/airflow/dags/data/models/Libya/TS_model.pkl
[2024-08-17T02:55:27.088+0000] {processor.py:830} INFO - Processing file /opt/airflow/dags/data/models/Libya/TS_model.pkl for tasks to queue
[2024-08-17T02:55:27.089+0000] {logging_mixin.py:188} INFO - [2024-08-17T02:55:27.088+0000] {dagbag.py:545} INFO - Filling up the DagBag from /opt/airflow/dags/data/models/Libya/TS_model.pkl
[2024-08-17T02:55:27.099+0000] {processor.py:842} WARNING - No viable dags retrieved from /opt/airflow/dags/data/models/Libya/TS_model.pkl
[2024-08-17T02:55:27.109+0000] {processor.py:183} INFO - Processing /opt/airflow/dags/data/models/Libya/TS_model.pkl took 0.026 seconds
[2024-08-17T02:55:57.866+0000] {processor.py:161} INFO - Started process (PID=86688) to work on /opt/airflow/dags/data/models/Libya/TS_model.pkl
[2024-08-17T02:55:57.867+0000] {processor.py:830} INFO - Processing file /opt/airflow/dags/data/models/Libya/TS_model.pkl for tasks to queue
[2024-08-17T02:55:57.868+0000] {logging_mixin.py:188} INFO - [2024-08-17T02:55:57.868+0000] {dagbag.py:545} INFO - Filling up the DagBag from /opt/airflow/dags/data/models/Libya/TS_model.pkl
[2024-08-17T02:55:57.879+0000] {processor.py:842} WARNING - No viable dags retrieved from /opt/airflow/dags/data/models/Libya/TS_model.pkl
[2024-08-17T02:55:57.889+0000] {processor.py:183} INFO - Processing /opt/airflow/dags/data/models/Libya/TS_model.pkl took 0.027 seconds
[2024-08-17T02:56:28.434+0000] {processor.py:161} INFO - Started process (PID=87045) to work on /opt/airflow/dags/data/models/Libya/TS_model.pkl
[2024-08-17T02:56:28.434+0000] {processor.py:830} INFO - Processing file /opt/airflow/dags/data/models/Libya/TS_model.pkl for tasks to queue
[2024-08-17T02:56:28.435+0000] {logging_mixin.py:188} INFO - [2024-08-17T02:56:28.435+0000] {dagbag.py:545} INFO - Filling up the DagBag from /opt/airflow/dags/data/models/Libya/TS_model.pkl
[2024-08-17T02:56:28.446+0000] {processor.py:842} WARNING - No viable dags retrieved from /opt/airflow/dags/data/models/Libya/TS_model.pkl
[2024-08-17T02:56:28.455+0000] {processor.py:183} INFO - Processing /opt/airflow/dags/data/models/Libya/TS_model.pkl took 0.026 seconds
[2024-08-17T02:56:59.370+0000] {processor.py:161} INFO - Started process (PID=87378) to work on /opt/airflow/dags/data/models/Libya/TS_model.pkl
[2024-08-17T02:56:59.370+0000] {processor.py:830} INFO - Processing file /opt/airflow/dags/data/models/Libya/TS_model.pkl for tasks to queue
[2024-08-17T02:56:59.371+0000] {logging_mixin.py:188} INFO - [2024-08-17T02:56:59.371+0000] {dagbag.py:545} INFO - Filling up the DagBag from /opt/airflow/dags/data/models/Libya/TS_model.pkl
[2024-08-17T02:56:59.385+0000] {processor.py:842} WARNING - No viable dags retrieved from /opt/airflow/dags/data/models/Libya/TS_model.pkl
[2024-08-17T02:56:59.396+0000] {processor.py:183} INFO - Processing /opt/airflow/dags/data/models/Libya/TS_model.pkl took 0.030 seconds
[2024-08-17T02:57:30.157+0000] {processor.py:161} INFO - Started process (PID=87715) to work on /opt/airflow/dags/data/models/Libya/TS_model.pkl
[2024-08-17T02:57:30.158+0000] {processor.py:830} INFO - Processing file /opt/airflow/dags/data/models/Libya/TS_model.pkl for tasks to queue
[2024-08-17T02:57:30.159+0000] {logging_mixin.py:188} INFO - [2024-08-17T02:57:30.158+0000] {dagbag.py:545} INFO - Filling up the DagBag from /opt/airflow/dags/data/models/Libya/TS_model.pkl
[2024-08-17T02:57:30.172+0000] {processor.py:842} WARNING - No viable dags retrieved from /opt/airflow/dags/data/models/Libya/TS_model.pkl
[2024-08-17T02:57:30.183+0000] {processor.py:183} INFO - Processing /opt/airflow/dags/data/models/Libya/TS_model.pkl took 0.030 seconds
[2024-08-17T02:58:01.123+0000] {processor.py:161} INFO - Started process (PID=88047) to work on /opt/airflow/dags/data/models/Libya/TS_model.pkl
[2024-08-17T02:58:01.124+0000] {processor.py:830} INFO - Processing file /opt/airflow/dags/data/models/Libya/TS_model.pkl for tasks to queue
[2024-08-17T02:58:01.125+0000] {logging_mixin.py:188} INFO - [2024-08-17T02:58:01.125+0000] {dagbag.py:545} INFO - Filling up the DagBag from /opt/airflow/dags/data/models/Libya/TS_model.pkl
[2024-08-17T02:58:01.138+0000] {processor.py:842} WARNING - No viable dags retrieved from /opt/airflow/dags/data/models/Libya/TS_model.pkl
[2024-08-17T02:58:01.149+0000] {processor.py:183} INFO - Processing /opt/airflow/dags/data/models/Libya/TS_model.pkl took 0.029 seconds
[2024-08-17T02:58:31.795+0000] {processor.py:161} INFO - Started process (PID=88406) to work on /opt/airflow/dags/data/models/Libya/TS_model.pkl
[2024-08-17T02:58:31.796+0000] {processor.py:830} INFO - Processing file /opt/airflow/dags/data/models/Libya/TS_model.pkl for tasks to queue
[2024-08-17T02:58:31.797+0000] {logging_mixin.py:188} INFO - [2024-08-17T02:58:31.796+0000] {dagbag.py:545} INFO - Filling up the DagBag from /opt/airflow/dags/data/models/Libya/TS_model.pkl
[2024-08-17T02:58:31.809+0000] {processor.py:842} WARNING - No viable dags retrieved from /opt/airflow/dags/data/models/Libya/TS_model.pkl
[2024-08-17T02:58:31.821+0000] {processor.py:183} INFO - Processing /opt/airflow/dags/data/models/Libya/TS_model.pkl took 0.030 seconds
[2024-08-17T02:59:02.912+0000] {processor.py:161} INFO - Started process (PID=88776) to work on /opt/airflow/dags/data/models/Libya/TS_model.pkl
[2024-08-17T02:59:02.913+0000] {processor.py:830} INFO - Processing file /opt/airflow/dags/data/models/Libya/TS_model.pkl for tasks to queue
[2024-08-17T02:59:02.914+0000] {logging_mixin.py:188} INFO - [2024-08-17T02:59:02.913+0000] {dagbag.py:545} INFO - Filling up the DagBag from /opt/airflow/dags/data/models/Libya/TS_model.pkl
[2024-08-17T02:59:02.927+0000] {processor.py:842} WARNING - No viable dags retrieved from /opt/airflow/dags/data/models/Libya/TS_model.pkl
[2024-08-17T02:59:02.938+0000] {processor.py:183} INFO - Processing /opt/airflow/dags/data/models/Libya/TS_model.pkl took 0.030 seconds
[2024-08-17T02:59:34.037+0000] {processor.py:161} INFO - Started process (PID=89137) to work on /opt/airflow/dags/data/models/Libya/TS_model.pkl
[2024-08-17T02:59:34.038+0000] {processor.py:830} INFO - Processing file /opt/airflow/dags/data/models/Libya/TS_model.pkl for tasks to queue
[2024-08-17T02:59:34.038+0000] {logging_mixin.py:188} INFO - [2024-08-17T02:59:34.038+0000] {dagbag.py:545} INFO - Filling up the DagBag from /opt/airflow/dags/data/models/Libya/TS_model.pkl
[2024-08-17T02:59:34.051+0000] {processor.py:842} WARNING - No viable dags retrieved from /opt/airflow/dags/data/models/Libya/TS_model.pkl
[2024-08-17T02:59:34.061+0000] {processor.py:183} INFO - Processing /opt/airflow/dags/data/models/Libya/TS_model.pkl took 0.028 seconds
[2024-08-17T03:00:04.951+0000] {processor.py:161} INFO - Started process (PID=89521) to work on /opt/airflow/dags/data/models/Libya/TS_model.pkl
[2024-08-17T03:00:04.952+0000] {processor.py:830} INFO - Processing file /opt/airflow/dags/data/models/Libya/TS_model.pkl for tasks to queue
[2024-08-17T03:00:04.952+0000] {logging_mixin.py:188} INFO - [2024-08-17T03:00:04.952+0000] {dagbag.py:545} INFO - Filling up the DagBag from /opt/airflow/dags/data/models/Libya/TS_model.pkl
[2024-08-17T03:00:04.963+0000] {processor.py:842} WARNING - No viable dags retrieved from /opt/airflow/dags/data/models/Libya/TS_model.pkl
[2024-08-17T03:00:04.974+0000] {processor.py:183} INFO - Processing /opt/airflow/dags/data/models/Libya/TS_model.pkl took 0.027 seconds
[2024-08-17T03:00:35.632+0000] {processor.py:161} INFO - Started process (PID=89860) to work on /opt/airflow/dags/data/models/Libya/TS_model.pkl
[2024-08-17T03:00:35.632+0000] {processor.py:830} INFO - Processing file /opt/airflow/dags/data/models/Libya/TS_model.pkl for tasks to queue
[2024-08-17T03:00:35.633+0000] {logging_mixin.py:188} INFO - [2024-08-17T03:00:35.633+0000] {dagbag.py:545} INFO - Filling up the DagBag from /opt/airflow/dags/data/models/Libya/TS_model.pkl
[2024-08-17T03:00:35.643+0000] {processor.py:842} WARNING - No viable dags retrieved from /opt/airflow/dags/data/models/Libya/TS_model.pkl
[2024-08-17T03:00:35.652+0000] {processor.py:183} INFO - Processing /opt/airflow/dags/data/models/Libya/TS_model.pkl took 0.024 seconds
[2024-08-17T03:01:07.707+0000] {processor.py:161} INFO - Started process (PID=90248) to work on /opt/airflow/dags/data/models/Libya/TS_model.pkl
[2024-08-17T03:01:07.708+0000] {processor.py:830} INFO - Processing file /opt/airflow/dags/data/models/Libya/TS_model.pkl for tasks to queue
[2024-08-17T03:01:07.708+0000] {logging_mixin.py:188} INFO - [2024-08-17T03:01:07.708+0000] {dagbag.py:545} INFO - Filling up the DagBag from /opt/airflow/dags/data/models/Libya/TS_model.pkl
[2024-08-17T03:01:07.721+0000] {processor.py:842} WARNING - No viable dags retrieved from /opt/airflow/dags/data/models/Libya/TS_model.pkl
[2024-08-17T03:01:07.732+0000] {processor.py:183} INFO - Processing /opt/airflow/dags/data/models/Libya/TS_model.pkl took 0.030 seconds
[2024-08-17T03:01:38.933+0000] {processor.py:161} INFO - Started process (PID=90634) to work on /opt/airflow/dags/data/models/Libya/TS_model.pkl
[2024-08-17T03:01:38.934+0000] {processor.py:830} INFO - Processing file /opt/airflow/dags/data/models/Libya/TS_model.pkl for tasks to queue
[2024-08-17T03:01:38.934+0000] {logging_mixin.py:188} INFO - [2024-08-17T03:01:38.934+0000] {dagbag.py:545} INFO - Filling up the DagBag from /opt/airflow/dags/data/models/Libya/TS_model.pkl
[2024-08-17T03:01:38.947+0000] {processor.py:842} WARNING - No viable dags retrieved from /opt/airflow/dags/data/models/Libya/TS_model.pkl
[2024-08-17T03:01:38.957+0000] {processor.py:183} INFO - Processing /opt/airflow/dags/data/models/Libya/TS_model.pkl took 0.028 seconds
[2024-08-17T03:02:09.605+0000] {processor.py:161} INFO - Started process (PID=90973) to work on /opt/airflow/dags/data/models/Libya/TS_model.pkl
[2024-08-17T03:02:09.606+0000] {processor.py:830} INFO - Processing file /opt/airflow/dags/data/models/Libya/TS_model.pkl for tasks to queue
[2024-08-17T03:02:09.606+0000] {logging_mixin.py:188} INFO - [2024-08-17T03:02:09.606+0000] {dagbag.py:545} INFO - Filling up the DagBag from /opt/airflow/dags/data/models/Libya/TS_model.pkl
[2024-08-17T03:02:09.615+0000] {processor.py:842} WARNING - No viable dags retrieved from /opt/airflow/dags/data/models/Libya/TS_model.pkl
[2024-08-17T03:02:09.625+0000] {processor.py:183} INFO - Processing /opt/airflow/dags/data/models/Libya/TS_model.pkl took 0.025 seconds
[2024-08-17T03:02:40.698+0000] {processor.py:161} INFO - Started process (PID=91360) to work on /opt/airflow/dags/data/models/Libya/TS_model.pkl
[2024-08-17T03:02:40.699+0000] {processor.py:830} INFO - Processing file /opt/airflow/dags/data/models/Libya/TS_model.pkl for tasks to queue
[2024-08-17T03:02:40.700+0000] {logging_mixin.py:188} INFO - [2024-08-17T03:02:40.699+0000] {dagbag.py:545} INFO - Filling up the DagBag from /opt/airflow/dags/data/models/Libya/TS_model.pkl
[2024-08-17T03:02:40.712+0000] {processor.py:842} WARNING - No viable dags retrieved from /opt/airflow/dags/data/models/Libya/TS_model.pkl
[2024-08-17T03:02:40.722+0000] {processor.py:183} INFO - Processing /opt/airflow/dags/data/models/Libya/TS_model.pkl took 0.028 seconds
[2024-08-17T03:03:11.640+0000] {processor.py:161} INFO - Started process (PID=91720) to work on /opt/airflow/dags/data/models/Libya/TS_model.pkl
[2024-08-17T03:03:11.640+0000] {processor.py:830} INFO - Processing file /opt/airflow/dags/data/models/Libya/TS_model.pkl for tasks to queue
[2024-08-17T03:03:11.641+0000] {logging_mixin.py:188} INFO - [2024-08-17T03:03:11.641+0000] {dagbag.py:545} INFO - Filling up the DagBag from /opt/airflow/dags/data/models/Libya/TS_model.pkl
[2024-08-17T03:03:11.654+0000] {processor.py:842} WARNING - No viable dags retrieved from /opt/airflow/dags/data/models/Libya/TS_model.pkl
[2024-08-17T03:03:11.663+0000] {processor.py:183} INFO - Processing /opt/airflow/dags/data/models/Libya/TS_model.pkl took 0.028 seconds
[2024-08-17T03:03:42.594+0000] {processor.py:161} INFO - Started process (PID=92087) to work on /opt/airflow/dags/data/models/Libya/TS_model.pkl
[2024-08-17T03:03:42.595+0000] {processor.py:830} INFO - Processing file /opt/airflow/dags/data/models/Libya/TS_model.pkl for tasks to queue
[2024-08-17T03:03:42.595+0000] {logging_mixin.py:188} INFO - [2024-08-17T03:03:42.595+0000] {dagbag.py:545} INFO - Filling up the DagBag from /opt/airflow/dags/data/models/Libya/TS_model.pkl
[2024-08-17T03:03:42.608+0000] {processor.py:842} WARNING - No viable dags retrieved from /opt/airflow/dags/data/models/Libya/TS_model.pkl
[2024-08-17T03:03:42.618+0000] {processor.py:183} INFO - Processing /opt/airflow/dags/data/models/Libya/TS_model.pkl took 0.029 seconds
[2024-08-17T03:04:13.185+0000] {processor.py:161} INFO - Started process (PID=92482) to work on /opt/airflow/dags/data/models/Libya/TS_model.pkl
[2024-08-17T03:04:13.186+0000] {processor.py:830} INFO - Processing file /opt/airflow/dags/data/models/Libya/TS_model.pkl for tasks to queue
[2024-08-17T03:04:13.187+0000] {logging_mixin.py:188} INFO - [2024-08-17T03:04:13.186+0000] {dagbag.py:545} INFO - Filling up the DagBag from /opt/airflow/dags/data/models/Libya/TS_model.pkl
[2024-08-17T03:04:13.200+0000] {processor.py:842} WARNING - No viable dags retrieved from /opt/airflow/dags/data/models/Libya/TS_model.pkl
[2024-08-17T03:04:13.211+0000] {processor.py:183} INFO - Processing /opt/airflow/dags/data/models/Libya/TS_model.pkl took 0.030 seconds
[2024-08-17T03:04:44.064+0000] {processor.py:161} INFO - Started process (PID=92890) to work on /opt/airflow/dags/data/models/Libya/TS_model.pkl
[2024-08-17T03:04:44.065+0000] {processor.py:830} INFO - Processing file /opt/airflow/dags/data/models/Libya/TS_model.pkl for tasks to queue
[2024-08-17T03:04:44.065+0000] {logging_mixin.py:188} INFO - [2024-08-17T03:04:44.065+0000] {dagbag.py:545} INFO - Filling up the DagBag from /opt/airflow/dags/data/models/Libya/TS_model.pkl
[2024-08-17T03:04:44.076+0000] {processor.py:842} WARNING - No viable dags retrieved from /opt/airflow/dags/data/models/Libya/TS_model.pkl
[2024-08-17T03:04:44.087+0000] {processor.py:183} INFO - Processing /opt/airflow/dags/data/models/Libya/TS_model.pkl took 0.027 seconds
[2024-08-17T03:05:15.218+0000] {processor.py:161} INFO - Started process (PID=93305) to work on /opt/airflow/dags/data/models/Libya/TS_model.pkl
[2024-08-17T03:05:15.218+0000] {processor.py:830} INFO - Processing file /opt/airflow/dags/data/models/Libya/TS_model.pkl for tasks to queue
[2024-08-17T03:05:15.219+0000] {logging_mixin.py:188} INFO - [2024-08-17T03:05:15.219+0000] {dagbag.py:545} INFO - Filling up the DagBag from /opt/airflow/dags/data/models/Libya/TS_model.pkl
[2024-08-17T03:05:15.231+0000] {processor.py:842} WARNING - No viable dags retrieved from /opt/airflow/dags/data/models/Libya/TS_model.pkl
[2024-08-17T03:05:15.241+0000] {processor.py:183} INFO - Processing /opt/airflow/dags/data/models/Libya/TS_model.pkl took 0.027 seconds
[2024-08-17T03:05:46.743+0000] {processor.py:161} INFO - Started process (PID=93696) to work on /opt/airflow/dags/data/models/Libya/TS_model.pkl
[2024-08-17T03:05:46.744+0000] {processor.py:830} INFO - Processing file /opt/airflow/dags/data/models/Libya/TS_model.pkl for tasks to queue
[2024-08-17T03:05:46.745+0000] {logging_mixin.py:188} INFO - [2024-08-17T03:05:46.745+0000] {dagbag.py:545} INFO - Filling up the DagBag from /opt/airflow/dags/data/models/Libya/TS_model.pkl
[2024-08-17T03:05:46.758+0000] {processor.py:842} WARNING - No viable dags retrieved from /opt/airflow/dags/data/models/Libya/TS_model.pkl
[2024-08-17T03:05:46.768+0000] {processor.py:183} INFO - Processing /opt/airflow/dags/data/models/Libya/TS_model.pkl took 0.030 seconds
[2024-08-17T03:06:17.826+0000] {processor.py:161} INFO - Started process (PID=94112) to work on /opt/airflow/dags/data/models/Libya/TS_model.pkl
[2024-08-17T03:06:17.827+0000] {processor.py:830} INFO - Processing file /opt/airflow/dags/data/models/Libya/TS_model.pkl for tasks to queue
[2024-08-17T03:06:17.828+0000] {logging_mixin.py:188} INFO - [2024-08-17T03:06:17.828+0000] {dagbag.py:545} INFO - Filling up the DagBag from /opt/airflow/dags/data/models/Libya/TS_model.pkl
[2024-08-17T03:06:17.838+0000] {processor.py:842} WARNING - No viable dags retrieved from /opt/airflow/dags/data/models/Libya/TS_model.pkl
[2024-08-17T03:06:17.848+0000] {processor.py:183} INFO - Processing /opt/airflow/dags/data/models/Libya/TS_model.pkl took 0.025 seconds
[2024-08-17T03:06:48.735+0000] {processor.py:161} INFO - Started process (PID=94481) to work on /opt/airflow/dags/data/models/Libya/TS_model.pkl
[2024-08-17T03:06:48.736+0000] {processor.py:830} INFO - Processing file /opt/airflow/dags/data/models/Libya/TS_model.pkl for tasks to queue
[2024-08-17T03:06:48.737+0000] {logging_mixin.py:188} INFO - [2024-08-17T03:06:48.737+0000] {dagbag.py:545} INFO - Filling up the DagBag from /opt/airflow/dags/data/models/Libya/TS_model.pkl
[2024-08-17T03:06:48.756+0000] {processor.py:842} WARNING - No viable dags retrieved from /opt/airflow/dags/data/models/Libya/TS_model.pkl
[2024-08-17T03:06:48.767+0000] {processor.py:183} INFO - Processing /opt/airflow/dags/data/models/Libya/TS_model.pkl took 0.035 seconds
[2024-08-17T03:07:19.608+0000] {processor.py:161} INFO - Started process (PID=94896) to work on /opt/airflow/dags/data/models/Libya/TS_model.pkl
[2024-08-17T03:07:19.609+0000] {processor.py:830} INFO - Processing file /opt/airflow/dags/data/models/Libya/TS_model.pkl for tasks to queue
[2024-08-17T03:07:19.610+0000] {logging_mixin.py:188} INFO - [2024-08-17T03:07:19.610+0000] {dagbag.py:545} INFO - Filling up the DagBag from /opt/airflow/dags/data/models/Libya/TS_model.pkl
[2024-08-17T03:07:19.623+0000] {processor.py:842} WARNING - No viable dags retrieved from /opt/airflow/dags/data/models/Libya/TS_model.pkl
[2024-08-17T03:07:19.633+0000] {processor.py:183} INFO - Processing /opt/airflow/dags/data/models/Libya/TS_model.pkl took 0.028 seconds
[2024-08-17T03:07:50.656+0000] {processor.py:161} INFO - Started process (PID=95310) to work on /opt/airflow/dags/data/models/Libya/TS_model.pkl
[2024-08-17T03:07:50.657+0000] {processor.py:830} INFO - Processing file /opt/airflow/dags/data/models/Libya/TS_model.pkl for tasks to queue
[2024-08-17T03:07:50.658+0000] {logging_mixin.py:188} INFO - [2024-08-17T03:07:50.657+0000] {dagbag.py:545} INFO - Filling up the DagBag from /opt/airflow/dags/data/models/Libya/TS_model.pkl
[2024-08-17T03:07:50.666+0000] {processor.py:842} WARNING - No viable dags retrieved from /opt/airflow/dags/data/models/Libya/TS_model.pkl
[2024-08-17T03:07:50.676+0000] {processor.py:183} INFO - Processing /opt/airflow/dags/data/models/Libya/TS_model.pkl took 0.024 seconds
[2024-08-17T03:08:21.647+0000] {processor.py:161} INFO - Started process (PID=95698) to work on /opt/airflow/dags/data/models/Libya/TS_model.pkl
[2024-08-17T03:08:21.649+0000] {processor.py:830} INFO - Processing file /opt/airflow/dags/data/models/Libya/TS_model.pkl for tasks to queue
[2024-08-17T03:08:21.650+0000] {logging_mixin.py:188} INFO - [2024-08-17T03:08:21.649+0000] {dagbag.py:545} INFO - Filling up the DagBag from /opt/airflow/dags/data/models/Libya/TS_model.pkl
[2024-08-17T03:08:21.662+0000] {processor.py:842} WARNING - No viable dags retrieved from /opt/airflow/dags/data/models/Libya/TS_model.pkl
[2024-08-17T03:08:21.673+0000] {processor.py:183} INFO - Processing /opt/airflow/dags/data/models/Libya/TS_model.pkl took 0.030 seconds
[2024-08-17T03:09:02.043+0000] {processor.py:161} INFO - Started process (PID=96168) to work on /opt/airflow/dags/data/models/Libya/TS_model.pkl
[2024-08-17T03:09:02.043+0000] {processor.py:830} INFO - Processing file /opt/airflow/dags/data/models/Libya/TS_model.pkl for tasks to queue
[2024-08-17T03:09:02.046+0000] {logging_mixin.py:188} INFO - [2024-08-17T03:09:02.045+0000] {dagbag.py:545} INFO - Filling up the DagBag from /opt/airflow/dags/data/models/Libya/TS_model.pkl
[2024-08-17T03:09:02.059+0000] {processor.py:842} WARNING - No viable dags retrieved from /opt/airflow/dags/data/models/Libya/TS_model.pkl
[2024-08-17T03:09:02.071+0000] {processor.py:183} INFO - Processing /opt/airflow/dags/data/models/Libya/TS_model.pkl took 0.033 seconds
[2024-08-17T03:09:33.783+0000] {processor.py:161} INFO - Started process (PID=96585) to work on /opt/airflow/dags/data/models/Libya/TS_model.pkl
[2024-08-17T03:09:33.784+0000] {processor.py:830} INFO - Processing file /opt/airflow/dags/data/models/Libya/TS_model.pkl for tasks to queue
[2024-08-17T03:09:33.785+0000] {logging_mixin.py:188} INFO - [2024-08-17T03:09:33.784+0000] {dagbag.py:545} INFO - Filling up the DagBag from /opt/airflow/dags/data/models/Libya/TS_model.pkl
[2024-08-17T03:09:33.799+0000] {processor.py:842} WARNING - No viable dags retrieved from /opt/airflow/dags/data/models/Libya/TS_model.pkl
[2024-08-17T03:09:33.810+0000] {processor.py:183} INFO - Processing /opt/airflow/dags/data/models/Libya/TS_model.pkl took 0.031 seconds
[2024-08-17T03:10:04.957+0000] {processor.py:161} INFO - Started process (PID=97026) to work on /opt/airflow/dags/data/models/Libya/TS_model.pkl
[2024-08-17T03:10:04.958+0000] {processor.py:830} INFO - Processing file /opt/airflow/dags/data/models/Libya/TS_model.pkl for tasks to queue
[2024-08-17T03:10:04.959+0000] {logging_mixin.py:188} INFO - [2024-08-17T03:10:04.959+0000] {dagbag.py:545} INFO - Filling up the DagBag from /opt/airflow/dags/data/models/Libya/TS_model.pkl
[2024-08-17T03:10:04.971+0000] {processor.py:842} WARNING - No viable dags retrieved from /opt/airflow/dags/data/models/Libya/TS_model.pkl
[2024-08-17T03:10:04.982+0000] {processor.py:183} INFO - Processing /opt/airflow/dags/data/models/Libya/TS_model.pkl took 0.029 seconds
[2024-08-17T03:10:36.507+0000] {processor.py:161} INFO - Started process (PID=97451) to work on /opt/airflow/dags/data/models/Libya/TS_model.pkl
[2024-08-17T03:10:36.508+0000] {processor.py:830} INFO - Processing file /opt/airflow/dags/data/models/Libya/TS_model.pkl for tasks to queue
[2024-08-17T03:10:36.508+0000] {logging_mixin.py:188} INFO - [2024-08-17T03:10:36.508+0000] {dagbag.py:545} INFO - Filling up the DagBag from /opt/airflow/dags/data/models/Libya/TS_model.pkl
[2024-08-17T03:10:36.519+0000] {processor.py:842} WARNING - No viable dags retrieved from /opt/airflow/dags/data/models/Libya/TS_model.pkl
[2024-08-17T03:10:36.529+0000] {processor.py:183} INFO - Processing /opt/airflow/dags/data/models/Libya/TS_model.pkl took 0.028 seconds
[2024-08-17T03:11:07.331+0000] {processor.py:161} INFO - Started process (PID=97888) to work on /opt/airflow/dags/data/models/Libya/TS_model.pkl
[2024-08-17T03:11:07.331+0000] {processor.py:830} INFO - Processing file /opt/airflow/dags/data/models/Libya/TS_model.pkl for tasks to queue
[2024-08-17T03:11:07.332+0000] {logging_mixin.py:188} INFO - [2024-08-17T03:11:07.332+0000] {dagbag.py:545} INFO - Filling up the DagBag from /opt/airflow/dags/data/models/Libya/TS_model.pkl
[2024-08-17T03:11:07.343+0000] {processor.py:842} WARNING - No viable dags retrieved from /opt/airflow/dags/data/models/Libya/TS_model.pkl
[2024-08-17T03:11:07.353+0000] {processor.py:183} INFO - Processing /opt/airflow/dags/data/models/Libya/TS_model.pkl took 0.027 seconds
[2024-08-17T03:11:38.548+0000] {processor.py:161} INFO - Started process (PID=98331) to work on /opt/airflow/dags/data/models/Libya/TS_model.pkl
[2024-08-17T03:11:38.549+0000] {processor.py:830} INFO - Processing file /opt/airflow/dags/data/models/Libya/TS_model.pkl for tasks to queue
[2024-08-17T03:11:38.549+0000] {logging_mixin.py:188} INFO - [2024-08-17T03:11:38.549+0000] {dagbag.py:545} INFO - Filling up the DagBag from /opt/airflow/dags/data/models/Libya/TS_model.pkl
[2024-08-17T03:11:38.566+0000] {processor.py:842} WARNING - No viable dags retrieved from /opt/airflow/dags/data/models/Libya/TS_model.pkl
[2024-08-17T03:11:38.576+0000] {processor.py:183} INFO - Processing /opt/airflow/dags/data/models/Libya/TS_model.pkl took 0.033 seconds
[2024-08-17T03:12:09.283+0000] {processor.py:161} INFO - Started process (PID=98723) to work on /opt/airflow/dags/data/models/Libya/TS_model.pkl
[2024-08-17T03:12:09.284+0000] {processor.py:830} INFO - Processing file /opt/airflow/dags/data/models/Libya/TS_model.pkl for tasks to queue
[2024-08-17T03:12:09.285+0000] {logging_mixin.py:188} INFO - [2024-08-17T03:12:09.285+0000] {dagbag.py:545} INFO - Filling up the DagBag from /opt/airflow/dags/data/models/Libya/TS_model.pkl
[2024-08-17T03:12:09.295+0000] {processor.py:842} WARNING - No viable dags retrieved from /opt/airflow/dags/data/models/Libya/TS_model.pkl
[2024-08-17T03:12:09.306+0000] {processor.py:183} INFO - Processing /opt/airflow/dags/data/models/Libya/TS_model.pkl took 0.026 seconds
[2024-08-17T03:12:40.143+0000] {processor.py:161} INFO - Started process (PID=99164) to work on /opt/airflow/dags/data/models/Libya/TS_model.pkl
[2024-08-17T03:12:40.144+0000] {processor.py:830} INFO - Processing file /opt/airflow/dags/data/models/Libya/TS_model.pkl for tasks to queue
[2024-08-17T03:12:40.144+0000] {logging_mixin.py:188} INFO - [2024-08-17T03:12:40.144+0000] {dagbag.py:545} INFO - Filling up the DagBag from /opt/airflow/dags/data/models/Libya/TS_model.pkl
[2024-08-17T03:12:40.160+0000] {processor.py:842} WARNING - No viable dags retrieved from /opt/airflow/dags/data/models/Libya/TS_model.pkl
[2024-08-17T03:12:40.169+0000] {processor.py:183} INFO - Processing /opt/airflow/dags/data/models/Libya/TS_model.pkl took 0.030 seconds
[2024-08-17T03:13:10.764+0000] {processor.py:161} INFO - Started process (PID=99581) to work on /opt/airflow/dags/data/models/Libya/TS_model.pkl
[2024-08-17T03:13:10.764+0000] {processor.py:830} INFO - Processing file /opt/airflow/dags/data/models/Libya/TS_model.pkl for tasks to queue
[2024-08-17T03:13:10.765+0000] {logging_mixin.py:188} INFO - [2024-08-17T03:13:10.765+0000] {dagbag.py:545} INFO - Filling up the DagBag from /opt/airflow/dags/data/models/Libya/TS_model.pkl
[2024-08-17T03:13:10.777+0000] {processor.py:842} WARNING - No viable dags retrieved from /opt/airflow/dags/data/models/Libya/TS_model.pkl
[2024-08-17T03:13:10.789+0000] {processor.py:183} INFO - Processing /opt/airflow/dags/data/models/Libya/TS_model.pkl took 0.029 seconds
[2024-08-17T03:13:41.467+0000] {processor.py:161} INFO - Started process (PID=327) to work on /opt/airflow/dags/data/models/Libya/TS_model.pkl
[2024-08-17T03:13:41.468+0000] {processor.py:830} INFO - Processing file /opt/airflow/dags/data/models/Libya/TS_model.pkl for tasks to queue
[2024-08-17T03:13:41.469+0000] {logging_mixin.py:188} INFO - [2024-08-17T03:13:41.468+0000] {dagbag.py:545} INFO - Filling up the DagBag from /opt/airflow/dags/data/models/Libya/TS_model.pkl
[2024-08-17T03:13:41.479+0000] {processor.py:842} WARNING - No viable dags retrieved from /opt/airflow/dags/data/models/Libya/TS_model.pkl
[2024-08-17T03:13:41.490+0000] {processor.py:183} INFO - Processing /opt/airflow/dags/data/models/Libya/TS_model.pkl took 0.026 seconds
[2024-08-17T03:14:12.236+0000] {processor.py:161} INFO - Started process (PID=763) to work on /opt/airflow/dags/data/models/Libya/TS_model.pkl
[2024-08-17T03:14:12.237+0000] {processor.py:830} INFO - Processing file /opt/airflow/dags/data/models/Libya/TS_model.pkl for tasks to queue
[2024-08-17T03:14:12.237+0000] {logging_mixin.py:188} INFO - [2024-08-17T03:14:12.237+0000] {dagbag.py:545} INFO - Filling up the DagBag from /opt/airflow/dags/data/models/Libya/TS_model.pkl
[2024-08-17T03:14:12.270+0000] {processor.py:842} WARNING - No viable dags retrieved from /opt/airflow/dags/data/models/Libya/TS_model.pkl
[2024-08-17T03:14:12.282+0000] {processor.py:183} INFO - Processing /opt/airflow/dags/data/models/Libya/TS_model.pkl took 0.051 seconds
[2024-08-17T03:14:43.311+0000] {processor.py:161} INFO - Started process (PID=1210) to work on /opt/airflow/dags/data/models/Libya/TS_model.pkl
[2024-08-17T03:14:43.312+0000] {processor.py:830} INFO - Processing file /opt/airflow/dags/data/models/Libya/TS_model.pkl for tasks to queue
[2024-08-17T03:14:43.312+0000] {logging_mixin.py:188} INFO - [2024-08-17T03:14:43.312+0000] {dagbag.py:545} INFO - Filling up the DagBag from /opt/airflow/dags/data/models/Libya/TS_model.pkl
[2024-08-17T03:14:43.322+0000] {processor.py:842} WARNING - No viable dags retrieved from /opt/airflow/dags/data/models/Libya/TS_model.pkl
[2024-08-17T03:14:43.331+0000] {processor.py:183} INFO - Processing /opt/airflow/dags/data/models/Libya/TS_model.pkl took 0.024 seconds
[2024-08-17T03:15:15.218+0000] {processor.py:161} INFO - Started process (PID=1666) to work on /opt/airflow/dags/data/models/Libya/TS_model.pkl
[2024-08-17T03:15:15.218+0000] {processor.py:830} INFO - Processing file /opt/airflow/dags/data/models/Libya/TS_model.pkl for tasks to queue
[2024-08-17T03:15:15.219+0000] {logging_mixin.py:188} INFO - [2024-08-17T03:15:15.219+0000] {dagbag.py:545} INFO - Filling up the DagBag from /opt/airflow/dags/data/models/Libya/TS_model.pkl
[2024-08-17T03:15:15.228+0000] {processor.py:842} WARNING - No viable dags retrieved from /opt/airflow/dags/data/models/Libya/TS_model.pkl
[2024-08-17T03:15:15.237+0000] {processor.py:183} INFO - Processing /opt/airflow/dags/data/models/Libya/TS_model.pkl took 0.022 seconds
[2024-08-17T03:15:46.192+0000] {processor.py:161} INFO - Started process (PID=2080) to work on /opt/airflow/dags/data/models/Libya/TS_model.pkl
[2024-08-17T03:15:46.193+0000] {processor.py:830} INFO - Processing file /opt/airflow/dags/data/models/Libya/TS_model.pkl for tasks to queue
[2024-08-17T03:15:46.194+0000] {logging_mixin.py:188} INFO - [2024-08-17T03:15:46.193+0000] {dagbag.py:545} INFO - Filling up the DagBag from /opt/airflow/dags/data/models/Libya/TS_model.pkl
[2024-08-17T03:15:46.202+0000] {processor.py:842} WARNING - No viable dags retrieved from /opt/airflow/dags/data/models/Libya/TS_model.pkl
[2024-08-17T03:15:46.211+0000] {processor.py:183} INFO - Processing /opt/airflow/dags/data/models/Libya/TS_model.pkl took 0.022 seconds
[2024-08-17T03:16:17.284+0000] {processor.py:161} INFO - Started process (PID=2529) to work on /opt/airflow/dags/data/models/Libya/TS_model.pkl
[2024-08-17T03:16:17.284+0000] {processor.py:830} INFO - Processing file /opt/airflow/dags/data/models/Libya/TS_model.pkl for tasks to queue
[2024-08-17T03:16:17.285+0000] {logging_mixin.py:188} INFO - [2024-08-17T03:16:17.285+0000] {dagbag.py:545} INFO - Filling up the DagBag from /opt/airflow/dags/data/models/Libya/TS_model.pkl
[2024-08-17T03:16:17.293+0000] {processor.py:842} WARNING - No viable dags retrieved from /opt/airflow/dags/data/models/Libya/TS_model.pkl
[2024-08-17T03:16:17.302+0000] {processor.py:183} INFO - Processing /opt/airflow/dags/data/models/Libya/TS_model.pkl took 0.022 seconds
[2024-08-17T03:16:48.291+0000] {processor.py:161} INFO - Started process (PID=2958) to work on /opt/airflow/dags/data/models/Libya/TS_model.pkl
[2024-08-17T03:16:48.291+0000] {processor.py:830} INFO - Processing file /opt/airflow/dags/data/models/Libya/TS_model.pkl for tasks to queue
[2024-08-17T03:16:48.292+0000] {logging_mixin.py:188} INFO - [2024-08-17T03:16:48.292+0000] {dagbag.py:545} INFO - Filling up the DagBag from /opt/airflow/dags/data/models/Libya/TS_model.pkl
[2024-08-17T03:16:48.300+0000] {processor.py:842} WARNING - No viable dags retrieved from /opt/airflow/dags/data/models/Libya/TS_model.pkl
[2024-08-17T03:16:48.309+0000] {processor.py:183} INFO - Processing /opt/airflow/dags/data/models/Libya/TS_model.pkl took 0.022 seconds
[2024-08-17T03:17:19.172+0000] {processor.py:161} INFO - Started process (PID=3384) to work on /opt/airflow/dags/data/models/Libya/TS_model.pkl
[2024-08-17T03:17:19.173+0000] {processor.py:830} INFO - Processing file /opt/airflow/dags/data/models/Libya/TS_model.pkl for tasks to queue
[2024-08-17T03:17:19.173+0000] {logging_mixin.py:188} INFO - [2024-08-17T03:17:19.173+0000] {dagbag.py:545} INFO - Filling up the DagBag from /opt/airflow/dags/data/models/Libya/TS_model.pkl
[2024-08-17T03:17:19.181+0000] {processor.py:842} WARNING - No viable dags retrieved from /opt/airflow/dags/data/models/Libya/TS_model.pkl
[2024-08-17T03:17:19.191+0000] {processor.py:183} INFO - Processing /opt/airflow/dags/data/models/Libya/TS_model.pkl took 0.023 seconds
[2024-08-17T03:17:50.120+0000] {processor.py:161} INFO - Started process (PID=3817) to work on /opt/airflow/dags/data/models/Libya/TS_model.pkl
[2024-08-17T03:17:50.121+0000] {processor.py:830} INFO - Processing file /opt/airflow/dags/data/models/Libya/TS_model.pkl for tasks to queue
[2024-08-17T03:17:50.121+0000] {logging_mixin.py:188} INFO - [2024-08-17T03:17:50.121+0000] {dagbag.py:545} INFO - Filling up the DagBag from /opt/airflow/dags/data/models/Libya/TS_model.pkl
[2024-08-17T03:17:50.129+0000] {processor.py:842} WARNING - No viable dags retrieved from /opt/airflow/dags/data/models/Libya/TS_model.pkl
[2024-08-17T03:17:50.138+0000] {processor.py:183} INFO - Processing /opt/airflow/dags/data/models/Libya/TS_model.pkl took 0.022 seconds
[2024-08-17T03:18:21.424+0000] {processor.py:161} INFO - Started process (PID=4271) to work on /opt/airflow/dags/data/models/Libya/TS_model.pkl
[2024-08-17T03:18:21.425+0000] {processor.py:830} INFO - Processing file /opt/airflow/dags/data/models/Libya/TS_model.pkl for tasks to queue
[2024-08-17T03:18:21.425+0000] {logging_mixin.py:188} INFO - [2024-08-17T03:18:21.425+0000] {dagbag.py:545} INFO - Filling up the DagBag from /opt/airflow/dags/data/models/Libya/TS_model.pkl
[2024-08-17T03:18:21.433+0000] {processor.py:842} WARNING - No viable dags retrieved from /opt/airflow/dags/data/models/Libya/TS_model.pkl
[2024-08-17T03:18:21.442+0000] {processor.py:183} INFO - Processing /opt/airflow/dags/data/models/Libya/TS_model.pkl took 0.022 seconds
[2024-08-17T03:18:57.658+0000] {processor.py:161} INFO - Started process (PID=4733) to work on /opt/airflow/dags/data/models/Libya/TS_model.pkl
[2024-08-17T03:18:57.658+0000] {processor.py:830} INFO - Processing file /opt/airflow/dags/data/models/Libya/TS_model.pkl for tasks to queue
[2024-08-17T03:18:57.659+0000] {logging_mixin.py:188} INFO - [2024-08-17T03:18:57.659+0000] {dagbag.py:545} INFO - Filling up the DagBag from /opt/airflow/dags/data/models/Libya/TS_model.pkl
[2024-08-17T03:18:57.666+0000] {processor.py:842} WARNING - No viable dags retrieved from /opt/airflow/dags/data/models/Libya/TS_model.pkl
[2024-08-17T03:18:57.675+0000] {processor.py:183} INFO - Processing /opt/airflow/dags/data/models/Libya/TS_model.pkl took 0.021 seconds
[2024-08-17T03:19:28.567+0000] {processor.py:161} INFO - Started process (PID=5161) to work on /opt/airflow/dags/data/models/Libya/TS_model.pkl
[2024-08-17T03:19:28.568+0000] {processor.py:830} INFO - Processing file /opt/airflow/dags/data/models/Libya/TS_model.pkl for tasks to queue
[2024-08-17T03:19:28.568+0000] {logging_mixin.py:188} INFO - [2024-08-17T03:19:28.568+0000] {dagbag.py:545} INFO - Filling up the DagBag from /opt/airflow/dags/data/models/Libya/TS_model.pkl
[2024-08-17T03:19:28.577+0000] {processor.py:842} WARNING - No viable dags retrieved from /opt/airflow/dags/data/models/Libya/TS_model.pkl
[2024-08-17T03:19:28.586+0000] {processor.py:183} INFO - Processing /opt/airflow/dags/data/models/Libya/TS_model.pkl took 0.022 seconds
[2024-08-17T03:19:59.562+0000] {processor.py:161} INFO - Started process (PID=5615) to work on /opt/airflow/dags/data/models/Libya/TS_model.pkl
[2024-08-17T03:19:59.562+0000] {processor.py:830} INFO - Processing file /opt/airflow/dags/data/models/Libya/TS_model.pkl for tasks to queue
[2024-08-17T03:19:59.563+0000] {logging_mixin.py:188} INFO - [2024-08-17T03:19:59.563+0000] {dagbag.py:545} INFO - Filling up the DagBag from /opt/airflow/dags/data/models/Libya/TS_model.pkl
[2024-08-17T03:19:59.573+0000] {processor.py:842} WARNING - No viable dags retrieved from /opt/airflow/dags/data/models/Libya/TS_model.pkl
[2024-08-17T03:19:59.583+0000] {processor.py:183} INFO - Processing /opt/airflow/dags/data/models/Libya/TS_model.pkl took 0.026 seconds
[2024-08-17T03:20:30.251+0000] {processor.py:161} INFO - Started process (PID=6050) to work on /opt/airflow/dags/data/models/Libya/TS_model.pkl
[2024-08-17T03:20:30.252+0000] {processor.py:830} INFO - Processing file /opt/airflow/dags/data/models/Libya/TS_model.pkl for tasks to queue
[2024-08-17T03:20:30.253+0000] {logging_mixin.py:188} INFO - [2024-08-17T03:20:30.253+0000] {dagbag.py:545} INFO - Filling up the DagBag from /opt/airflow/dags/data/models/Libya/TS_model.pkl
[2024-08-17T03:20:30.260+0000] {processor.py:842} WARNING - No viable dags retrieved from /opt/airflow/dags/data/models/Libya/TS_model.pkl
[2024-08-17T03:20:30.271+0000] {processor.py:183} INFO - Processing /opt/airflow/dags/data/models/Libya/TS_model.pkl took 0.023 seconds
[2024-08-17T03:21:01.078+0000] {processor.py:161} INFO - Started process (PID=6497) to work on /opt/airflow/dags/data/models/Libya/TS_model.pkl
[2024-08-17T03:21:01.078+0000] {processor.py:830} INFO - Processing file /opt/airflow/dags/data/models/Libya/TS_model.pkl for tasks to queue
[2024-08-17T03:21:01.079+0000] {logging_mixin.py:188} INFO - [2024-08-17T03:21:01.079+0000] {dagbag.py:545} INFO - Filling up the DagBag from /opt/airflow/dags/data/models/Libya/TS_model.pkl
[2024-08-17T03:21:01.092+0000] {processor.py:842} WARNING - No viable dags retrieved from /opt/airflow/dags/data/models/Libya/TS_model.pkl
[2024-08-17T03:21:01.101+0000] {processor.py:183} INFO - Processing /opt/airflow/dags/data/models/Libya/TS_model.pkl took 0.027 seconds
[2024-08-17T03:21:31.885+0000] {processor.py:161} INFO - Started process (PID=6951) to work on /opt/airflow/dags/data/models/Libya/TS_model.pkl
[2024-08-17T03:21:31.886+0000] {processor.py:830} INFO - Processing file /opt/airflow/dags/data/models/Libya/TS_model.pkl for tasks to queue
[2024-08-17T03:21:31.887+0000] {logging_mixin.py:188} INFO - [2024-08-17T03:21:31.886+0000] {dagbag.py:545} INFO - Filling up the DagBag from /opt/airflow/dags/data/models/Libya/TS_model.pkl
[2024-08-17T03:21:31.896+0000] {processor.py:842} WARNING - No viable dags retrieved from /opt/airflow/dags/data/models/Libya/TS_model.pkl
[2024-08-17T03:21:31.906+0000] {processor.py:183} INFO - Processing /opt/airflow/dags/data/models/Libya/TS_model.pkl took 0.025 seconds
[2024-08-17T03:22:02.523+0000] {processor.py:161} INFO - Started process (PID=7379) to work on /opt/airflow/dags/data/models/Libya/TS_model.pkl
[2024-08-17T03:22:02.524+0000] {processor.py:830} INFO - Processing file /opt/airflow/dags/data/models/Libya/TS_model.pkl for tasks to queue
[2024-08-17T03:22:02.524+0000] {logging_mixin.py:188} INFO - [2024-08-17T03:22:02.524+0000] {dagbag.py:545} INFO - Filling up the DagBag from /opt/airflow/dags/data/models/Libya/TS_model.pkl
[2024-08-17T03:22:02.533+0000] {processor.py:842} WARNING - No viable dags retrieved from /opt/airflow/dags/data/models/Libya/TS_model.pkl
[2024-08-17T03:22:02.542+0000] {processor.py:183} INFO - Processing /opt/airflow/dags/data/models/Libya/TS_model.pkl took 0.023 seconds
[2024-08-17T03:22:33.171+0000] {processor.py:161} INFO - Started process (PID=7832) to work on /opt/airflow/dags/data/models/Libya/TS_model.pkl
[2024-08-17T03:22:33.172+0000] {processor.py:830} INFO - Processing file /opt/airflow/dags/data/models/Libya/TS_model.pkl for tasks to queue
[2024-08-17T03:22:33.172+0000] {logging_mixin.py:188} INFO - [2024-08-17T03:22:33.172+0000] {dagbag.py:545} INFO - Filling up the DagBag from /opt/airflow/dags/data/models/Libya/TS_model.pkl
[2024-08-17T03:22:33.181+0000] {processor.py:842} WARNING - No viable dags retrieved from /opt/airflow/dags/data/models/Libya/TS_model.pkl
[2024-08-17T03:22:33.189+0000] {processor.py:183} INFO - Processing /opt/airflow/dags/data/models/Libya/TS_model.pkl took 0.022 seconds
[2024-08-17T03:23:04.293+0000] {processor.py:161} INFO - Started process (PID=8268) to work on /opt/airflow/dags/data/models/Libya/TS_model.pkl
[2024-08-17T03:23:04.307+0000] {processor.py:830} INFO - Processing file /opt/airflow/dags/data/models/Libya/TS_model.pkl for tasks to queue
[2024-08-17T03:23:04.308+0000] {logging_mixin.py:188} INFO - [2024-08-17T03:23:04.308+0000] {dagbag.py:545} INFO - Filling up the DagBag from /opt/airflow/dags/data/models/Libya/TS_model.pkl
[2024-08-17T03:23:04.323+0000] {processor.py:842} WARNING - No viable dags retrieved from /opt/airflow/dags/data/models/Libya/TS_model.pkl
[2024-08-17T03:23:04.335+0000] {processor.py:183} INFO - Processing /opt/airflow/dags/data/models/Libya/TS_model.pkl took 0.050 seconds
[2024-08-17T03:23:36.267+0000] {processor.py:161} INFO - Started process (PID=8715) to work on /opt/airflow/dags/data/models/Libya/TS_model.pkl
[2024-08-17T03:23:36.268+0000] {processor.py:830} INFO - Processing file /opt/airflow/dags/data/models/Libya/TS_model.pkl for tasks to queue
[2024-08-17T03:23:36.268+0000] {logging_mixin.py:188} INFO - [2024-08-17T03:23:36.268+0000] {dagbag.py:545} INFO - Filling up the DagBag from /opt/airflow/dags/data/models/Libya/TS_model.pkl
[2024-08-17T03:23:36.276+0000] {processor.py:842} WARNING - No viable dags retrieved from /opt/airflow/dags/data/models/Libya/TS_model.pkl
[2024-08-17T03:23:36.286+0000] {processor.py:183} INFO - Processing /opt/airflow/dags/data/models/Libya/TS_model.pkl took 0.022 seconds
[2024-08-17T03:24:06.998+0000] {processor.py:161} INFO - Started process (PID=9148) to work on /opt/airflow/dags/data/models/Libya/TS_model.pkl
[2024-08-17T03:24:06.999+0000] {processor.py:830} INFO - Processing file /opt/airflow/dags/data/models/Libya/TS_model.pkl for tasks to queue
[2024-08-17T03:24:06.999+0000] {logging_mixin.py:188} INFO - [2024-08-17T03:24:06.999+0000] {dagbag.py:545} INFO - Filling up the DagBag from /opt/airflow/dags/data/models/Libya/TS_model.pkl
[2024-08-17T03:24:07.008+0000] {processor.py:842} WARNING - No viable dags retrieved from /opt/airflow/dags/data/models/Libya/TS_model.pkl
[2024-08-17T03:24:07.017+0000] {processor.py:183} INFO - Processing /opt/airflow/dags/data/models/Libya/TS_model.pkl took 0.023 seconds
[2024-08-17T03:24:38.200+0000] {processor.py:161} INFO - Started process (PID=9583) to work on /opt/airflow/dags/data/models/Libya/TS_model.pkl
[2024-08-17T03:24:38.201+0000] {processor.py:830} INFO - Processing file /opt/airflow/dags/data/models/Libya/TS_model.pkl for tasks to queue
[2024-08-17T03:24:38.203+0000] {logging_mixin.py:188} INFO - [2024-08-17T03:24:38.203+0000] {dagbag.py:545} INFO - Filling up the DagBag from /opt/airflow/dags/data/models/Libya/TS_model.pkl
[2024-08-17T03:24:38.219+0000] {processor.py:842} WARNING - No viable dags retrieved from /opt/airflow/dags/data/models/Libya/TS_model.pkl
[2024-08-17T03:24:38.229+0000] {processor.py:183} INFO - Processing /opt/airflow/dags/data/models/Libya/TS_model.pkl took 0.033 seconds
[2024-08-17T03:25:09.361+0000] {processor.py:161} INFO - Started process (PID=10011) to work on /opt/airflow/dags/data/models/Libya/TS_model.pkl
[2024-08-17T03:25:09.362+0000] {processor.py:830} INFO - Processing file /opt/airflow/dags/data/models/Libya/TS_model.pkl for tasks to queue
[2024-08-17T03:25:09.362+0000] {logging_mixin.py:188} INFO - [2024-08-17T03:25:09.362+0000] {dagbag.py:545} INFO - Filling up the DagBag from /opt/airflow/dags/data/models/Libya/TS_model.pkl
[2024-08-17T03:25:09.371+0000] {processor.py:842} WARNING - No viable dags retrieved from /opt/airflow/dags/data/models/Libya/TS_model.pkl
[2024-08-17T03:25:09.380+0000] {processor.py:183} INFO - Processing /opt/airflow/dags/data/models/Libya/TS_model.pkl took 0.023 seconds
[2024-08-17T03:25:40.209+0000] {processor.py:161} INFO - Started process (PID=10463) to work on /opt/airflow/dags/data/models/Libya/TS_model.pkl
[2024-08-17T03:25:40.209+0000] {processor.py:830} INFO - Processing file /opt/airflow/dags/data/models/Libya/TS_model.pkl for tasks to queue
[2024-08-17T03:25:40.210+0000] {logging_mixin.py:188} INFO - [2024-08-17T03:25:40.210+0000] {dagbag.py:545} INFO - Filling up the DagBag from /opt/airflow/dags/data/models/Libya/TS_model.pkl
[2024-08-17T03:25:40.218+0000] {processor.py:842} WARNING - No viable dags retrieved from /opt/airflow/dags/data/models/Libya/TS_model.pkl
[2024-08-17T03:25:40.227+0000] {processor.py:183} INFO - Processing /opt/airflow/dags/data/models/Libya/TS_model.pkl took 0.022 seconds
[2024-08-17T03:26:11.006+0000] {processor.py:161} INFO - Started process (PID=10891) to work on /opt/airflow/dags/data/models/Libya/TS_model.pkl
[2024-08-17T03:26:11.007+0000] {processor.py:830} INFO - Processing file /opt/airflow/dags/data/models/Libya/TS_model.pkl for tasks to queue
[2024-08-17T03:26:11.007+0000] {logging_mixin.py:188} INFO - [2024-08-17T03:26:11.007+0000] {dagbag.py:545} INFO - Filling up the DagBag from /opt/airflow/dags/data/models/Libya/TS_model.pkl
[2024-08-17T03:26:11.017+0000] {processor.py:842} WARNING - No viable dags retrieved from /opt/airflow/dags/data/models/Libya/TS_model.pkl
[2024-08-17T03:26:11.025+0000] {processor.py:183} INFO - Processing /opt/airflow/dags/data/models/Libya/TS_model.pkl took 0.023 seconds
[2024-08-17T03:26:41.761+0000] {processor.py:161} INFO - Started process (PID=11324) to work on /opt/airflow/dags/data/models/Libya/TS_model.pkl
[2024-08-17T03:26:41.762+0000] {processor.py:830} INFO - Processing file /opt/airflow/dags/data/models/Libya/TS_model.pkl for tasks to queue
[2024-08-17T03:26:41.763+0000] {logging_mixin.py:188} INFO - [2024-08-17T03:26:41.762+0000] {dagbag.py:545} INFO - Filling up the DagBag from /opt/airflow/dags/data/models/Libya/TS_model.pkl
[2024-08-17T03:26:41.772+0000] {processor.py:842} WARNING - No viable dags retrieved from /opt/airflow/dags/data/models/Libya/TS_model.pkl
[2024-08-17T03:26:41.780+0000] {processor.py:183} INFO - Processing /opt/airflow/dags/data/models/Libya/TS_model.pkl took 0.023 seconds
[2024-08-17T03:27:12.908+0000] {processor.py:161} INFO - Started process (PID=11778) to work on /opt/airflow/dags/data/models/Libya/TS_model.pkl
[2024-08-17T03:27:12.908+0000] {processor.py:830} INFO - Processing file /opt/airflow/dags/data/models/Libya/TS_model.pkl for tasks to queue
[2024-08-17T03:27:12.909+0000] {logging_mixin.py:188} INFO - [2024-08-17T03:27:12.909+0000] {dagbag.py:545} INFO - Filling up the DagBag from /opt/airflow/dags/data/models/Libya/TS_model.pkl
[2024-08-17T03:27:12.918+0000] {processor.py:842} WARNING - No viable dags retrieved from /opt/airflow/dags/data/models/Libya/TS_model.pkl
[2024-08-17T03:27:12.927+0000] {processor.py:183} INFO - Processing /opt/airflow/dags/data/models/Libya/TS_model.pkl took 0.023 seconds
[2024-08-17T03:27:43.916+0000] {processor.py:161} INFO - Started process (PID=12209) to work on /opt/airflow/dags/data/models/Libya/TS_model.pkl
[2024-08-17T03:27:43.919+0000] {processor.py:830} INFO - Processing file /opt/airflow/dags/data/models/Libya/TS_model.pkl for tasks to queue
[2024-08-17T03:27:43.919+0000] {logging_mixin.py:188} INFO - [2024-08-17T03:27:43.919+0000] {dagbag.py:545} INFO - Filling up the DagBag from /opt/airflow/dags/data/models/Libya/TS_model.pkl
[2024-08-17T03:27:43.931+0000] {processor.py:842} WARNING - No viable dags retrieved from /opt/airflow/dags/data/models/Libya/TS_model.pkl
[2024-08-17T03:27:43.940+0000] {processor.py:183} INFO - Processing /opt/airflow/dags/data/models/Libya/TS_model.pkl took 0.029 seconds
[2024-08-17T03:28:15.159+0000] {processor.py:161} INFO - Started process (PID=12663) to work on /opt/airflow/dags/data/models/Libya/TS_model.pkl
[2024-08-17T03:28:15.160+0000] {processor.py:830} INFO - Processing file /opt/airflow/dags/data/models/Libya/TS_model.pkl for tasks to queue
[2024-08-17T03:28:15.160+0000] {logging_mixin.py:188} INFO - [2024-08-17T03:28:15.160+0000] {dagbag.py:545} INFO - Filling up the DagBag from /opt/airflow/dags/data/models/Libya/TS_model.pkl
[2024-08-17T03:28:15.169+0000] {processor.py:842} WARNING - No viable dags retrieved from /opt/airflow/dags/data/models/Libya/TS_model.pkl
[2024-08-17T03:28:15.178+0000] {processor.py:183} INFO - Processing /opt/airflow/dags/data/models/Libya/TS_model.pkl took 0.024 seconds
[2024-08-17T03:28:45.715+0000] {processor.py:161} INFO - Started process (PID=13097) to work on /opt/airflow/dags/data/models/Libya/TS_model.pkl
[2024-08-17T03:28:45.715+0000] {processor.py:830} INFO - Processing file /opt/airflow/dags/data/models/Libya/TS_model.pkl for tasks to queue
[2024-08-17T03:28:45.716+0000] {logging_mixin.py:188} INFO - [2024-08-17T03:28:45.716+0000] {dagbag.py:545} INFO - Filling up the DagBag from /opt/airflow/dags/data/models/Libya/TS_model.pkl
[2024-08-17T03:28:45.726+0000] {processor.py:842} WARNING - No viable dags retrieved from /opt/airflow/dags/data/models/Libya/TS_model.pkl
[2024-08-17T03:28:45.735+0000] {processor.py:183} INFO - Processing /opt/airflow/dags/data/models/Libya/TS_model.pkl took 0.024 seconds
[2024-08-17T03:29:16.601+0000] {processor.py:161} INFO - Started process (PID=13543) to work on /opt/airflow/dags/data/models/Libya/TS_model.pkl
[2024-08-17T03:29:16.602+0000] {processor.py:830} INFO - Processing file /opt/airflow/dags/data/models/Libya/TS_model.pkl for tasks to queue
[2024-08-17T03:29:16.602+0000] {logging_mixin.py:188} INFO - [2024-08-17T03:29:16.602+0000] {dagbag.py:545} INFO - Filling up the DagBag from /opt/airflow/dags/data/models/Libya/TS_model.pkl
[2024-08-17T03:29:16.614+0000] {processor.py:842} WARNING - No viable dags retrieved from /opt/airflow/dags/data/models/Libya/TS_model.pkl
[2024-08-17T03:29:16.623+0000] {processor.py:183} INFO - Processing /opt/airflow/dags/data/models/Libya/TS_model.pkl took 0.026 seconds
[2024-08-17T03:29:47.176+0000] {processor.py:161} INFO - Started process (PID=13997) to work on /opt/airflow/dags/data/models/Libya/TS_model.pkl
[2024-08-17T03:29:47.177+0000] {processor.py:830} INFO - Processing file /opt/airflow/dags/data/models/Libya/TS_model.pkl for tasks to queue
[2024-08-17T03:29:47.177+0000] {logging_mixin.py:188} INFO - [2024-08-17T03:29:47.177+0000] {dagbag.py:545} INFO - Filling up the DagBag from /opt/airflow/dags/data/models/Libya/TS_model.pkl
[2024-08-17T03:29:47.187+0000] {processor.py:842} WARNING - No viable dags retrieved from /opt/airflow/dags/data/models/Libya/TS_model.pkl
[2024-08-17T03:29:47.197+0000] {processor.py:183} INFO - Processing /opt/airflow/dags/data/models/Libya/TS_model.pkl took 0.025 seconds
[2024-08-17T03:30:18.414+0000] {processor.py:161} INFO - Started process (PID=14428) to work on /opt/airflow/dags/data/models/Libya/TS_model.pkl
[2024-08-17T03:30:18.414+0000] {processor.py:830} INFO - Processing file /opt/airflow/dags/data/models/Libya/TS_model.pkl for tasks to queue
[2024-08-17T03:30:18.415+0000] {logging_mixin.py:188} INFO - [2024-08-17T03:30:18.415+0000] {dagbag.py:545} INFO - Filling up the DagBag from /opt/airflow/dags/data/models/Libya/TS_model.pkl
[2024-08-17T03:30:18.422+0000] {processor.py:842} WARNING - No viable dags retrieved from /opt/airflow/dags/data/models/Libya/TS_model.pkl
[2024-08-17T03:30:18.431+0000] {processor.py:183} INFO - Processing /opt/airflow/dags/data/models/Libya/TS_model.pkl took 0.021 seconds
[2024-08-17T03:30:50.968+0000] {processor.py:161} INFO - Started process (PID=14885) to work on /opt/airflow/dags/data/models/Libya/TS_model.pkl
[2024-08-17T03:30:50.969+0000] {processor.py:830} INFO - Processing file /opt/airflow/dags/data/models/Libya/TS_model.pkl for tasks to queue
[2024-08-17T03:30:50.969+0000] {logging_mixin.py:188} INFO - [2024-08-17T03:30:50.969+0000] {dagbag.py:545} INFO - Filling up the DagBag from /opt/airflow/dags/data/models/Libya/TS_model.pkl
[2024-08-17T03:30:50.977+0000] {processor.py:842} WARNING - No viable dags retrieved from /opt/airflow/dags/data/models/Libya/TS_model.pkl
[2024-08-17T03:30:50.986+0000] {processor.py:183} INFO - Processing /opt/airflow/dags/data/models/Libya/TS_model.pkl took 0.022 seconds
[2024-08-17T03:31:21.913+0000] {processor.py:161} INFO - Started process (PID=15319) to work on /opt/airflow/dags/data/models/Libya/TS_model.pkl
[2024-08-17T03:31:21.914+0000] {processor.py:830} INFO - Processing file /opt/airflow/dags/data/models/Libya/TS_model.pkl for tasks to queue
[2024-08-17T03:31:21.914+0000] {logging_mixin.py:188} INFO - [2024-08-17T03:31:21.914+0000] {dagbag.py:545} INFO - Filling up the DagBag from /opt/airflow/dags/data/models/Libya/TS_model.pkl
[2024-08-17T03:31:21.922+0000] {processor.py:842} WARNING - No viable dags retrieved from /opt/airflow/dags/data/models/Libya/TS_model.pkl
[2024-08-17T03:31:21.931+0000] {processor.py:183} INFO - Processing /opt/airflow/dags/data/models/Libya/TS_model.pkl took 0.022 seconds
[2024-08-17T03:31:52.572+0000] {processor.py:161} INFO - Started process (PID=15747) to work on /opt/airflow/dags/data/models/Libya/TS_model.pkl
[2024-08-17T03:31:52.573+0000] {processor.py:830} INFO - Processing file /opt/airflow/dags/data/models/Libya/TS_model.pkl for tasks to queue
[2024-08-17T03:31:52.574+0000] {logging_mixin.py:188} INFO - [2024-08-17T03:31:52.574+0000] {dagbag.py:545} INFO - Filling up the DagBag from /opt/airflow/dags/data/models/Libya/TS_model.pkl
[2024-08-17T03:31:52.582+0000] {processor.py:842} WARNING - No viable dags retrieved from /opt/airflow/dags/data/models/Libya/TS_model.pkl
[2024-08-17T03:31:52.591+0000] {processor.py:183} INFO - Processing /opt/airflow/dags/data/models/Libya/TS_model.pkl took 0.022 seconds
[2024-08-17T03:32:23.522+0000] {processor.py:161} INFO - Started process (PID=16181) to work on /opt/airflow/dags/data/models/Libya/TS_model.pkl
[2024-08-17T03:32:23.523+0000] {processor.py:830} INFO - Processing file /opt/airflow/dags/data/models/Libya/TS_model.pkl for tasks to queue
[2024-08-17T03:32:23.524+0000] {logging_mixin.py:188} INFO - [2024-08-17T03:32:23.523+0000] {dagbag.py:545} INFO - Filling up the DagBag from /opt/airflow/dags/data/models/Libya/TS_model.pkl
[2024-08-17T03:32:23.532+0000] {processor.py:842} WARNING - No viable dags retrieved from /opt/airflow/dags/data/models/Libya/TS_model.pkl
[2024-08-17T03:32:23.542+0000] {processor.py:183} INFO - Processing /opt/airflow/dags/data/models/Libya/TS_model.pkl took 0.024 seconds
[2024-08-17T03:32:54.364+0000] {processor.py:161} INFO - Started process (PID=16633) to work on /opt/airflow/dags/data/models/Libya/TS_model.pkl
[2024-08-17T03:32:54.365+0000] {processor.py:830} INFO - Processing file /opt/airflow/dags/data/models/Libya/TS_model.pkl for tasks to queue
[2024-08-17T03:32:54.365+0000] {logging_mixin.py:188} INFO - [2024-08-17T03:32:54.365+0000] {dagbag.py:545} INFO - Filling up the DagBag from /opt/airflow/dags/data/models/Libya/TS_model.pkl
[2024-08-17T03:32:54.373+0000] {processor.py:842} WARNING - No viable dags retrieved from /opt/airflow/dags/data/models/Libya/TS_model.pkl
[2024-08-17T03:32:54.382+0000] {processor.py:183} INFO - Processing /opt/airflow/dags/data/models/Libya/TS_model.pkl took 0.022 seconds
[2024-08-17T03:33:25.058+0000] {processor.py:161} INFO - Started process (PID=17061) to work on /opt/airflow/dags/data/models/Libya/TS_model.pkl
[2024-08-17T03:33:25.058+0000] {processor.py:830} INFO - Processing file /opt/airflow/dags/data/models/Libya/TS_model.pkl for tasks to queue
[2024-08-17T03:33:25.059+0000] {logging_mixin.py:188} INFO - [2024-08-17T03:33:25.059+0000] {dagbag.py:545} INFO - Filling up the DagBag from /opt/airflow/dags/data/models/Libya/TS_model.pkl
[2024-08-17T03:33:25.066+0000] {processor.py:842} WARNING - No viable dags retrieved from /opt/airflow/dags/data/models/Libya/TS_model.pkl
[2024-08-17T03:33:25.075+0000] {processor.py:183} INFO - Processing /opt/airflow/dags/data/models/Libya/TS_model.pkl took 0.021 seconds
[2024-08-17T03:33:59.194+0000] {processor.py:161} INFO - Started process (PID=17501) to work on /opt/airflow/dags/data/models/Libya/TS_model.pkl
[2024-08-17T03:33:59.195+0000] {processor.py:830} INFO - Processing file /opt/airflow/dags/data/models/Libya/TS_model.pkl for tasks to queue
[2024-08-17T03:33:59.195+0000] {logging_mixin.py:188} INFO - [2024-08-17T03:33:59.195+0000] {dagbag.py:545} INFO - Filling up the DagBag from /opt/airflow/dags/data/models/Libya/TS_model.pkl
[2024-08-17T03:33:59.204+0000] {processor.py:842} WARNING - No viable dags retrieved from /opt/airflow/dags/data/models/Libya/TS_model.pkl
[2024-08-17T03:33:59.213+0000] {processor.py:183} INFO - Processing /opt/airflow/dags/data/models/Libya/TS_model.pkl took 0.023 seconds
[2024-08-17T03:34:30.661+0000] {processor.py:161} INFO - Started process (PID=17955) to work on /opt/airflow/dags/data/models/Libya/TS_model.pkl
[2024-08-17T03:34:30.662+0000] {processor.py:830} INFO - Processing file /opt/airflow/dags/data/models/Libya/TS_model.pkl for tasks to queue
[2024-08-17T03:34:30.663+0000] {logging_mixin.py:188} INFO - [2024-08-17T03:34:30.663+0000] {dagbag.py:545} INFO - Filling up the DagBag from /opt/airflow/dags/data/models/Libya/TS_model.pkl
[2024-08-17T03:34:30.672+0000] {processor.py:842} WARNING - No viable dags retrieved from /opt/airflow/dags/data/models/Libya/TS_model.pkl
[2024-08-17T03:34:30.681+0000] {processor.py:183} INFO - Processing /opt/airflow/dags/data/models/Libya/TS_model.pkl took 0.024 seconds
[2024-08-17T03:35:01.525+0000] {processor.py:161} INFO - Started process (PID=18383) to work on /opt/airflow/dags/data/models/Libya/TS_model.pkl
[2024-08-17T03:35:01.525+0000] {processor.py:830} INFO - Processing file /opt/airflow/dags/data/models/Libya/TS_model.pkl for tasks to queue
[2024-08-17T03:35:01.526+0000] {logging_mixin.py:188} INFO - [2024-08-17T03:35:01.526+0000] {dagbag.py:545} INFO - Filling up the DagBag from /opt/airflow/dags/data/models/Libya/TS_model.pkl
[2024-08-17T03:35:01.637+0000] {processor.py:842} WARNING - No viable dags retrieved from /opt/airflow/dags/data/models/Libya/TS_model.pkl
[2024-08-17T03:35:01.646+0000] {processor.py:183} INFO - Processing /opt/airflow/dags/data/models/Libya/TS_model.pkl took 0.125 seconds
[2024-08-17T03:35:32.679+0000] {processor.py:161} INFO - Started process (PID=18837) to work on /opt/airflow/dags/data/models/Libya/TS_model.pkl
[2024-08-17T03:35:32.680+0000] {processor.py:830} INFO - Processing file /opt/airflow/dags/data/models/Libya/TS_model.pkl for tasks to queue
[2024-08-17T03:35:32.681+0000] {logging_mixin.py:188} INFO - [2024-08-17T03:35:32.680+0000] {dagbag.py:545} INFO - Filling up the DagBag from /opt/airflow/dags/data/models/Libya/TS_model.pkl
[2024-08-17T03:35:32.691+0000] {processor.py:842} WARNING - No viable dags retrieved from /opt/airflow/dags/data/models/Libya/TS_model.pkl
[2024-08-17T03:35:32.700+0000] {processor.py:183} INFO - Processing /opt/airflow/dags/data/models/Libya/TS_model.pkl took 0.025 seconds
[2024-08-17T03:36:03.407+0000] {processor.py:161} INFO - Started process (PID=19291) to work on /opt/airflow/dags/data/models/Libya/TS_model.pkl
[2024-08-17T03:36:03.408+0000] {processor.py:830} INFO - Processing file /opt/airflow/dags/data/models/Libya/TS_model.pkl for tasks to queue
[2024-08-17T03:36:03.409+0000] {logging_mixin.py:188} INFO - [2024-08-17T03:36:03.408+0000] {dagbag.py:545} INFO - Filling up the DagBag from /opt/airflow/dags/data/models/Libya/TS_model.pkl
[2024-08-17T03:36:03.416+0000] {processor.py:842} WARNING - No viable dags retrieved from /opt/airflow/dags/data/models/Libya/TS_model.pkl
[2024-08-17T03:36:03.425+0000] {processor.py:183} INFO - Processing /opt/airflow/dags/data/models/Libya/TS_model.pkl took 0.022 seconds
[2024-08-17T03:36:34.374+0000] {processor.py:161} INFO - Started process (PID=19719) to work on /opt/airflow/dags/data/models/Libya/TS_model.pkl
[2024-08-17T03:36:34.375+0000] {processor.py:830} INFO - Processing file /opt/airflow/dags/data/models/Libya/TS_model.pkl for tasks to queue
[2024-08-17T03:36:34.376+0000] {logging_mixin.py:188} INFO - [2024-08-17T03:36:34.375+0000] {dagbag.py:545} INFO - Filling up the DagBag from /opt/airflow/dags/data/models/Libya/TS_model.pkl
[2024-08-17T03:36:34.384+0000] {processor.py:842} WARNING - No viable dags retrieved from /opt/airflow/dags/data/models/Libya/TS_model.pkl
[2024-08-17T03:36:34.393+0000] {processor.py:183} INFO - Processing /opt/airflow/dags/data/models/Libya/TS_model.pkl took 0.022 seconds
[2024-08-17T03:37:05.041+0000] {processor.py:161} INFO - Started process (PID=20173) to work on /opt/airflow/dags/data/models/Libya/TS_model.pkl
[2024-08-17T03:37:05.042+0000] {processor.py:830} INFO - Processing file /opt/airflow/dags/data/models/Libya/TS_model.pkl for tasks to queue
[2024-08-17T03:37:05.044+0000] {logging_mixin.py:188} INFO - [2024-08-17T03:37:05.044+0000] {dagbag.py:545} INFO - Filling up the DagBag from /opt/airflow/dags/data/models/Libya/TS_model.pkl
[2024-08-17T03:37:05.059+0000] {processor.py:842} WARNING - No viable dags retrieved from /opt/airflow/dags/data/models/Libya/TS_model.pkl
[2024-08-17T03:37:05.070+0000] {processor.py:183} INFO - Processing /opt/airflow/dags/data/models/Libya/TS_model.pkl took 0.032 seconds
[2024-08-17T03:37:35.805+0000] {processor.py:161} INFO - Started process (PID=20608) to work on /opt/airflow/dags/data/models/Libya/TS_model.pkl
[2024-08-17T03:37:35.805+0000] {processor.py:830} INFO - Processing file /opt/airflow/dags/data/models/Libya/TS_model.pkl for tasks to queue
[2024-08-17T03:37:35.806+0000] {logging_mixin.py:188} INFO - [2024-08-17T03:37:35.806+0000] {dagbag.py:545} INFO - Filling up the DagBag from /opt/airflow/dags/data/models/Libya/TS_model.pkl
[2024-08-17T03:37:35.815+0000] {processor.py:842} WARNING - No viable dags retrieved from /opt/airflow/dags/data/models/Libya/TS_model.pkl
[2024-08-17T03:37:35.825+0000] {processor.py:183} INFO - Processing /opt/airflow/dags/data/models/Libya/TS_model.pkl took 0.024 seconds
[2024-08-17T09:22:50.704+0000] {processor.py:161} INFO - Started process (PID=270) to work on /opt/airflow/dags/data/models/Libya/TS_model.pkl
[2024-08-17T09:22:50.705+0000] {processor.py:830} INFO - Processing file /opt/airflow/dags/data/models/Libya/TS_model.pkl for tasks to queue
[2024-08-17T09:22:50.707+0000] {logging_mixin.py:188} INFO - [2024-08-17T09:22:50.707+0000] {dagbag.py:545} INFO - Filling up the DagBag from /opt/airflow/dags/data/models/Libya/TS_model.pkl
[2024-08-17T09:22:50.729+0000] {processor.py:842} WARNING - No viable dags retrieved from /opt/airflow/dags/data/models/Libya/TS_model.pkl
[2024-08-17T09:22:50.739+0000] {processor.py:183} INFO - Processing /opt/airflow/dags/data/models/Libya/TS_model.pkl took 0.040 seconds
[2024-08-17T09:23:23.079+0000] {processor.py:161} INFO - Started process (PID=700) to work on /opt/airflow/dags/data/models/Libya/TS_model.pkl
[2024-08-17T09:23:23.080+0000] {processor.py:830} INFO - Processing file /opt/airflow/dags/data/models/Libya/TS_model.pkl for tasks to queue
[2024-08-17T09:23:23.081+0000] {logging_mixin.py:188} INFO - [2024-08-17T09:23:23.081+0000] {dagbag.py:545} INFO - Filling up the DagBag from /opt/airflow/dags/data/models/Libya/TS_model.pkl
[2024-08-17T09:23:23.091+0000] {processor.py:842} WARNING - No viable dags retrieved from /opt/airflow/dags/data/models/Libya/TS_model.pkl
[2024-08-17T09:23:23.100+0000] {processor.py:183} INFO - Processing /opt/airflow/dags/data/models/Libya/TS_model.pkl took 0.025 seconds
[2024-08-17T09:23:54.754+0000] {processor.py:161} INFO - Started process (PID=1154) to work on /opt/airflow/dags/data/models/Libya/TS_model.pkl
[2024-08-17T09:23:54.755+0000] {processor.py:830} INFO - Processing file /opt/airflow/dags/data/models/Libya/TS_model.pkl for tasks to queue
[2024-08-17T09:23:54.756+0000] {logging_mixin.py:188} INFO - [2024-08-17T09:23:54.756+0000] {dagbag.py:545} INFO - Filling up the DagBag from /opt/airflow/dags/data/models/Libya/TS_model.pkl
[2024-08-17T09:23:54.762+0000] {processor.py:842} WARNING - No viable dags retrieved from /opt/airflow/dags/data/models/Libya/TS_model.pkl
[2024-08-17T09:23:54.771+0000] {processor.py:183} INFO - Processing /opt/airflow/dags/data/models/Libya/TS_model.pkl took 0.021 seconds
[2024-08-17T09:24:27.562+0000] {processor.py:161} INFO - Started process (PID=1608) to work on /opt/airflow/dags/data/models/Libya/TS_model.pkl
[2024-08-17T09:24:27.563+0000] {processor.py:830} INFO - Processing file /opt/airflow/dags/data/models/Libya/TS_model.pkl for tasks to queue
[2024-08-17T09:24:27.565+0000] {logging_mixin.py:188} INFO - [2024-08-17T09:24:27.565+0000] {dagbag.py:545} INFO - Filling up the DagBag from /opt/airflow/dags/data/models/Libya/TS_model.pkl
[2024-08-17T09:24:27.584+0000] {processor.py:842} WARNING - No viable dags retrieved from /opt/airflow/dags/data/models/Libya/TS_model.pkl
[2024-08-17T09:24:27.593+0000] {processor.py:183} INFO - Processing /opt/airflow/dags/data/models/Libya/TS_model.pkl took 0.035 seconds
[2024-08-17T09:24:58.960+0000] {processor.py:161} INFO - Started process (PID=2043) to work on /opt/airflow/dags/data/models/Libya/TS_model.pkl
[2024-08-17T09:24:58.960+0000] {processor.py:830} INFO - Processing file /opt/airflow/dags/data/models/Libya/TS_model.pkl for tasks to queue
[2024-08-17T09:24:58.961+0000] {logging_mixin.py:188} INFO - [2024-08-17T09:24:58.961+0000] {dagbag.py:545} INFO - Filling up the DagBag from /opt/airflow/dags/data/models/Libya/TS_model.pkl
[2024-08-17T09:24:58.970+0000] {processor.py:842} WARNING - No viable dags retrieved from /opt/airflow/dags/data/models/Libya/TS_model.pkl
[2024-08-17T09:24:58.979+0000] {processor.py:183} INFO - Processing /opt/airflow/dags/data/models/Libya/TS_model.pkl took 0.023 seconds
[2024-08-17T09:25:30.072+0000] {processor.py:161} INFO - Started process (PID=2490) to work on /opt/airflow/dags/data/models/Libya/TS_model.pkl
[2024-08-17T09:25:30.072+0000] {processor.py:830} INFO - Processing file /opt/airflow/dags/data/models/Libya/TS_model.pkl for tasks to queue
[2024-08-17T09:25:30.073+0000] {logging_mixin.py:188} INFO - [2024-08-17T09:25:30.073+0000] {dagbag.py:545} INFO - Filling up the DagBag from /opt/airflow/dags/data/models/Libya/TS_model.pkl
[2024-08-17T09:25:30.081+0000] {processor.py:842} WARNING - No viable dags retrieved from /opt/airflow/dags/data/models/Libya/TS_model.pkl
[2024-08-17T09:25:30.089+0000] {processor.py:183} INFO - Processing /opt/airflow/dags/data/models/Libya/TS_model.pkl took 0.022 seconds
[2024-08-17T09:26:01.294+0000] {processor.py:161} INFO - Started process (PID=2944) to work on /opt/airflow/dags/data/models/Libya/TS_model.pkl
[2024-08-17T09:26:01.295+0000] {processor.py:830} INFO - Processing file /opt/airflow/dags/data/models/Libya/TS_model.pkl for tasks to queue
[2024-08-17T09:26:01.296+0000] {logging_mixin.py:188} INFO - [2024-08-17T09:26:01.296+0000] {dagbag.py:545} INFO - Filling up the DagBag from /opt/airflow/dags/data/models/Libya/TS_model.pkl
[2024-08-17T09:26:01.313+0000] {processor.py:842} WARNING - No viable dags retrieved from /opt/airflow/dags/data/models/Libya/TS_model.pkl
[2024-08-17T09:26:01.321+0000] {processor.py:183} INFO - Processing /opt/airflow/dags/data/models/Libya/TS_model.pkl took 0.031 seconds
[2024-08-17T09:26:32.024+0000] {processor.py:161} INFO - Started process (PID=3379) to work on /opt/airflow/dags/data/models/Libya/TS_model.pkl
[2024-08-17T09:26:32.025+0000] {processor.py:830} INFO - Processing file /opt/airflow/dags/data/models/Libya/TS_model.pkl for tasks to queue
[2024-08-17T09:26:32.026+0000] {logging_mixin.py:188} INFO - [2024-08-17T09:26:32.026+0000] {dagbag.py:545} INFO - Filling up the DagBag from /opt/airflow/dags/data/models/Libya/TS_model.pkl
[2024-08-17T09:26:32.035+0000] {processor.py:842} WARNING - No viable dags retrieved from /opt/airflow/dags/data/models/Libya/TS_model.pkl
[2024-08-17T09:26:32.043+0000] {processor.py:183} INFO - Processing /opt/airflow/dags/data/models/Libya/TS_model.pkl took 0.023 seconds
[2024-08-17T09:27:02.827+0000] {processor.py:161} INFO - Started process (PID=3826) to work on /opt/airflow/dags/data/models/Libya/TS_model.pkl
[2024-08-17T09:27:02.827+0000] {processor.py:830} INFO - Processing file /opt/airflow/dags/data/models/Libya/TS_model.pkl for tasks to queue
[2024-08-17T09:27:02.828+0000] {logging_mixin.py:188} INFO - [2024-08-17T09:27:02.828+0000] {dagbag.py:545} INFO - Filling up the DagBag from /opt/airflow/dags/data/models/Libya/TS_model.pkl
[2024-08-17T09:27:02.836+0000] {processor.py:842} WARNING - No viable dags retrieved from /opt/airflow/dags/data/models/Libya/TS_model.pkl
[2024-08-17T09:27:02.845+0000] {processor.py:183} INFO - Processing /opt/airflow/dags/data/models/Libya/TS_model.pkl took 0.022 seconds
[2024-08-17T09:27:33.873+0000] {processor.py:161} INFO - Started process (PID=4281) to work on /opt/airflow/dags/data/models/Libya/TS_model.pkl
[2024-08-17T09:27:33.874+0000] {processor.py:830} INFO - Processing file /opt/airflow/dags/data/models/Libya/TS_model.pkl for tasks to queue
[2024-08-17T09:27:33.876+0000] {logging_mixin.py:188} INFO - [2024-08-17T09:27:33.875+0000] {dagbag.py:545} INFO - Filling up the DagBag from /opt/airflow/dags/data/models/Libya/TS_model.pkl
[2024-08-17T09:27:33.884+0000] {processor.py:842} WARNING - No viable dags retrieved from /opt/airflow/dags/data/models/Libya/TS_model.pkl
[2024-08-17T09:27:33.894+0000] {processor.py:183} INFO - Processing /opt/airflow/dags/data/models/Libya/TS_model.pkl took 0.025 seconds
[2024-08-17T09:28:04.582+0000] {processor.py:161} INFO - Started process (PID=4709) to work on /opt/airflow/dags/data/models/Libya/TS_model.pkl
[2024-08-17T09:28:04.582+0000] {processor.py:830} INFO - Processing file /opt/airflow/dags/data/models/Libya/TS_model.pkl for tasks to queue
[2024-08-17T09:28:04.584+0000] {logging_mixin.py:188} INFO - [2024-08-17T09:28:04.584+0000] {dagbag.py:545} INFO - Filling up the DagBag from /opt/airflow/dags/data/models/Libya/TS_model.pkl
[2024-08-17T09:28:04.592+0000] {processor.py:842} WARNING - No viable dags retrieved from /opt/airflow/dags/data/models/Libya/TS_model.pkl
[2024-08-17T09:28:04.600+0000] {processor.py:183} INFO - Processing /opt/airflow/dags/data/models/Libya/TS_model.pkl took 0.022 seconds
[2024-08-17T09:28:35.768+0000] {processor.py:161} INFO - Started process (PID=5163) to work on /opt/airflow/dags/data/models/Libya/TS_model.pkl
[2024-08-17T09:28:35.768+0000] {processor.py:830} INFO - Processing file /opt/airflow/dags/data/models/Libya/TS_model.pkl for tasks to queue
[2024-08-17T09:28:35.770+0000] {logging_mixin.py:188} INFO - [2024-08-17T09:28:35.769+0000] {dagbag.py:545} INFO - Filling up the DagBag from /opt/airflow/dags/data/models/Libya/TS_model.pkl
[2024-08-17T09:28:35.777+0000] {processor.py:842} WARNING - No viable dags retrieved from /opt/airflow/dags/data/models/Libya/TS_model.pkl
[2024-08-17T09:28:35.785+0000] {processor.py:183} INFO - Processing /opt/airflow/dags/data/models/Libya/TS_model.pkl took 0.021 seconds
[2024-08-17T09:29:07.230+0000] {processor.py:161} INFO - Started process (PID=5617) to work on /opt/airflow/dags/data/models/Libya/TS_model.pkl
[2024-08-17T09:29:07.230+0000] {processor.py:830} INFO - Processing file /opt/airflow/dags/data/models/Libya/TS_model.pkl for tasks to queue
[2024-08-17T09:29:07.232+0000] {logging_mixin.py:188} INFO - [2024-08-17T09:29:07.232+0000] {dagbag.py:545} INFO - Filling up the DagBag from /opt/airflow/dags/data/models/Libya/TS_model.pkl
[2024-08-17T09:29:07.241+0000] {processor.py:842} WARNING - No viable dags retrieved from /opt/airflow/dags/data/models/Libya/TS_model.pkl
[2024-08-17T09:29:07.249+0000] {processor.py:183} INFO - Processing /opt/airflow/dags/data/models/Libya/TS_model.pkl took 0.022 seconds
[2024-08-17T09:29:39.125+0000] {processor.py:161} INFO - Started process (PID=6045) to work on /opt/airflow/dags/data/models/Libya/TS_model.pkl
[2024-08-17T09:29:39.126+0000] {processor.py:830} INFO - Processing file /opt/airflow/dags/data/models/Libya/TS_model.pkl for tasks to queue
[2024-08-17T09:29:39.127+0000] {logging_mixin.py:188} INFO - [2024-08-17T09:29:39.127+0000] {dagbag.py:545} INFO - Filling up the DagBag from /opt/airflow/dags/data/models/Libya/TS_model.pkl
[2024-08-17T09:29:39.136+0000] {processor.py:842} WARNING - No viable dags retrieved from /opt/airflow/dags/data/models/Libya/TS_model.pkl
[2024-08-17T09:29:39.145+0000] {processor.py:183} INFO - Processing /opt/airflow/dags/data/models/Libya/TS_model.pkl took 0.023 seconds
[2024-08-17T09:30:10.945+0000] {processor.py:161} INFO - Started process (PID=6499) to work on /opt/airflow/dags/data/models/Libya/TS_model.pkl
[2024-08-17T09:30:10.946+0000] {processor.py:830} INFO - Processing file /opt/airflow/dags/data/models/Libya/TS_model.pkl for tasks to queue
[2024-08-17T09:30:10.947+0000] {logging_mixin.py:188} INFO - [2024-08-17T09:30:10.947+0000] {dagbag.py:545} INFO - Filling up the DagBag from /opt/airflow/dags/data/models/Libya/TS_model.pkl
[2024-08-17T09:30:10.956+0000] {processor.py:842} WARNING - No viable dags retrieved from /opt/airflow/dags/data/models/Libya/TS_model.pkl
[2024-08-17T09:30:10.965+0000] {processor.py:183} INFO - Processing /opt/airflow/dags/data/models/Libya/TS_model.pkl took 0.023 seconds
