[2024-08-17T02:48:52.958+0000] {processor.py:161} INFO - Started process (PID=82242) to work on /opt/airflow/dags/data/models/Kosovo/TS_model.pkl
[2024-08-17T02:48:52.958+0000] {processor.py:830} INFO - Processing file /opt/airflow/dags/data/models/Kosovo/TS_model.pkl for tasks to queue
[2024-08-17T02:48:52.959+0000] {logging_mixin.py:188} INFO - [2024-08-17T02:48:52.959+0000] {dagbag.py:545} INFO - Filling up the DagBag from /opt/airflow/dags/data/models/Kosovo/TS_model.pkl
[2024-08-17T02:48:52.968+0000] {processor.py:842} WARNING - No viable dags retrieved from /opt/airflow/dags/data/models/Kosovo/TS_model.pkl
[2024-08-17T02:48:52.979+0000] {processor.py:183} INFO - Processing /opt/airflow/dags/data/models/Kosovo/TS_model.pkl took 0.024 seconds
[2024-08-17T02:49:23.370+0000] {processor.py:161} INFO - Started process (PID=82547) to work on /opt/airflow/dags/data/models/Kosovo/TS_model.pkl
[2024-08-17T02:49:23.370+0000] {processor.py:830} INFO - Processing file /opt/airflow/dags/data/models/Kosovo/TS_model.pkl for tasks to queue
[2024-08-17T02:49:23.371+0000] {logging_mixin.py:188} INFO - [2024-08-17T02:49:23.371+0000] {dagbag.py:545} INFO - Filling up the DagBag from /opt/airflow/dags/data/models/Kosovo/TS_model.pkl
[2024-08-17T02:49:23.385+0000] {processor.py:842} WARNING - No viable dags retrieved from /opt/airflow/dags/data/models/Kosovo/TS_model.pkl
[2024-08-17T02:49:23.395+0000] {processor.py:183} INFO - Processing /opt/airflow/dags/data/models/Kosovo/TS_model.pkl took 0.029 seconds
[2024-08-17T02:49:54.356+0000] {processor.py:161} INFO - Started process (PID=82879) to work on /opt/airflow/dags/data/models/Kosovo/TS_model.pkl
[2024-08-17T02:49:54.357+0000] {processor.py:830} INFO - Processing file /opt/airflow/dags/data/models/Kosovo/TS_model.pkl for tasks to queue
[2024-08-17T02:49:54.358+0000] {logging_mixin.py:188} INFO - [2024-08-17T02:49:54.357+0000] {dagbag.py:545} INFO - Filling up the DagBag from /opt/airflow/dags/data/models/Kosovo/TS_model.pkl
[2024-08-17T02:49:54.366+0000] {processor.py:842} WARNING - No viable dags retrieved from /opt/airflow/dags/data/models/Kosovo/TS_model.pkl
[2024-08-17T02:49:54.376+0000] {processor.py:183} INFO - Processing /opt/airflow/dags/data/models/Kosovo/TS_model.pkl took 0.024 seconds
[2024-08-17T02:49:57.764+0000] {processor.py:161} INFO - Started process (PID=82910) to work on /opt/airflow/dags/data/models/Kosovo/TS_model.pkl
[2024-08-17T02:49:57.765+0000] {processor.py:830} INFO - Processing file /opt/airflow/dags/data/models/Kosovo/TS_model.pkl for tasks to queue
[2024-08-17T02:49:57.766+0000] {logging_mixin.py:188} INFO - [2024-08-17T02:49:57.766+0000] {dagbag.py:545} INFO - Filling up the DagBag from /opt/airflow/dags/data/models/Kosovo/TS_model.pkl
[2024-08-17T02:49:57.776+0000] {processor.py:842} WARNING - No viable dags retrieved from /opt/airflow/dags/data/models/Kosovo/TS_model.pkl
[2024-08-17T02:49:57.786+0000] {processor.py:183} INFO - Processing /opt/airflow/dags/data/models/Kosovo/TS_model.pkl took 0.026 seconds
[2024-08-17T02:50:28.353+0000] {processor.py:161} INFO - Started process (PID=83220) to work on /opt/airflow/dags/data/models/Kosovo/TS_model.pkl
[2024-08-17T02:50:28.354+0000] {processor.py:830} INFO - Processing file /opt/airflow/dags/data/models/Kosovo/TS_model.pkl for tasks to queue
[2024-08-17T02:50:28.355+0000] {logging_mixin.py:188} INFO - [2024-08-17T02:50:28.354+0000] {dagbag.py:545} INFO - Filling up the DagBag from /opt/airflow/dags/data/models/Kosovo/TS_model.pkl
[2024-08-17T02:50:28.365+0000] {processor.py:842} WARNING - No viable dags retrieved from /opt/airflow/dags/data/models/Kosovo/TS_model.pkl
[2024-08-17T02:50:28.380+0000] {processor.py:183} INFO - Processing /opt/airflow/dags/data/models/Kosovo/TS_model.pkl took 0.031 seconds
[2024-08-17T02:50:59.239+0000] {processor.py:161} INFO - Started process (PID=83542) to work on /opt/airflow/dags/data/models/Kosovo/TS_model.pkl
[2024-08-17T02:50:59.240+0000] {processor.py:830} INFO - Processing file /opt/airflow/dags/data/models/Kosovo/TS_model.pkl for tasks to queue
[2024-08-17T02:50:59.240+0000] {logging_mixin.py:188} INFO - [2024-08-17T02:50:59.240+0000] {dagbag.py:545} INFO - Filling up the DagBag from /opt/airflow/dags/data/models/Kosovo/TS_model.pkl
[2024-08-17T02:50:59.253+0000] {processor.py:842} WARNING - No viable dags retrieved from /opt/airflow/dags/data/models/Kosovo/TS_model.pkl
[2024-08-17T02:50:59.265+0000] {processor.py:183} INFO - Processing /opt/airflow/dags/data/models/Kosovo/TS_model.pkl took 0.029 seconds
[2024-08-17T02:51:30.274+0000] {processor.py:161} INFO - Started process (PID=83871) to work on /opt/airflow/dags/data/models/Kosovo/TS_model.pkl
[2024-08-17T02:51:30.275+0000] {processor.py:830} INFO - Processing file /opt/airflow/dags/data/models/Kosovo/TS_model.pkl for tasks to queue
[2024-08-17T02:51:30.276+0000] {logging_mixin.py:188} INFO - [2024-08-17T02:51:30.276+0000] {dagbag.py:545} INFO - Filling up the DagBag from /opt/airflow/dags/data/models/Kosovo/TS_model.pkl
[2024-08-17T02:51:30.289+0000] {processor.py:842} WARNING - No viable dags retrieved from /opt/airflow/dags/data/models/Kosovo/TS_model.pkl
[2024-08-17T02:51:30.299+0000] {processor.py:183} INFO - Processing /opt/airflow/dags/data/models/Kosovo/TS_model.pkl took 0.030 seconds
[2024-08-17T02:52:01.260+0000] {processor.py:161} INFO - Started process (PID=84174) to work on /opt/airflow/dags/data/models/Kosovo/TS_model.pkl
[2024-08-17T02:52:01.261+0000] {processor.py:830} INFO - Processing file /opt/airflow/dags/data/models/Kosovo/TS_model.pkl for tasks to queue
[2024-08-17T02:52:01.262+0000] {logging_mixin.py:188} INFO - [2024-08-17T02:52:01.261+0000] {dagbag.py:545} INFO - Filling up the DagBag from /opt/airflow/dags/data/models/Kosovo/TS_model.pkl
[2024-08-17T02:52:01.270+0000] {processor.py:842} WARNING - No viable dags retrieved from /opt/airflow/dags/data/models/Kosovo/TS_model.pkl
[2024-08-17T02:52:01.280+0000] {processor.py:183} INFO - Processing /opt/airflow/dags/data/models/Kosovo/TS_model.pkl took 0.024 seconds
[2024-08-17T02:52:32.428+0000] {processor.py:161} INFO - Started process (PID=84503) to work on /opt/airflow/dags/data/models/Kosovo/TS_model.pkl
[2024-08-17T02:52:32.429+0000] {processor.py:830} INFO - Processing file /opt/airflow/dags/data/models/Kosovo/TS_model.pkl for tasks to queue
[2024-08-17T02:52:32.429+0000] {logging_mixin.py:188} INFO - [2024-08-17T02:52:32.429+0000] {dagbag.py:545} INFO - Filling up the DagBag from /opt/airflow/dags/data/models/Kosovo/TS_model.pkl
[2024-08-17T02:52:32.441+0000] {processor.py:842} WARNING - No viable dags retrieved from /opt/airflow/dags/data/models/Kosovo/TS_model.pkl
[2024-08-17T02:52:32.451+0000] {processor.py:183} INFO - Processing /opt/airflow/dags/data/models/Kosovo/TS_model.pkl took 0.027 seconds
[2024-08-17T02:53:03.063+0000] {processor.py:161} INFO - Started process (PID=84785) to work on /opt/airflow/dags/data/models/Kosovo/TS_model.pkl
[2024-08-17T02:53:03.063+0000] {processor.py:830} INFO - Processing file /opt/airflow/dags/data/models/Kosovo/TS_model.pkl for tasks to queue
[2024-08-17T02:53:03.064+0000] {logging_mixin.py:188} INFO - [2024-08-17T02:53:03.064+0000] {dagbag.py:545} INFO - Filling up the DagBag from /opt/airflow/dags/data/models/Kosovo/TS_model.pkl
[2024-08-17T02:53:03.075+0000] {processor.py:842} WARNING - No viable dags retrieved from /opt/airflow/dags/data/models/Kosovo/TS_model.pkl
[2024-08-17T02:53:03.086+0000] {processor.py:183} INFO - Processing /opt/airflow/dags/data/models/Kosovo/TS_model.pkl took 0.027 seconds
[2024-08-17T02:53:33.590+0000] {processor.py:161} INFO - Started process (PID=85114) to work on /opt/airflow/dags/data/models/Kosovo/TS_model.pkl
[2024-08-17T02:53:33.591+0000] {processor.py:830} INFO - Processing file /opt/airflow/dags/data/models/Kosovo/TS_model.pkl for tasks to queue
[2024-08-17T02:53:33.591+0000] {logging_mixin.py:188} INFO - [2024-08-17T02:53:33.591+0000] {dagbag.py:545} INFO - Filling up the DagBag from /opt/airflow/dags/data/models/Kosovo/TS_model.pkl
[2024-08-17T02:53:33.600+0000] {processor.py:842} WARNING - No viable dags retrieved from /opt/airflow/dags/data/models/Kosovo/TS_model.pkl
[2024-08-17T02:53:33.610+0000] {processor.py:183} INFO - Processing /opt/airflow/dags/data/models/Kosovo/TS_model.pkl took 0.023 seconds
[2024-08-17T02:54:04.429+0000] {processor.py:161} INFO - Started process (PID=85473) to work on /opt/airflow/dags/data/models/Kosovo/TS_model.pkl
[2024-08-17T02:54:04.430+0000] {processor.py:830} INFO - Processing file /opt/airflow/dags/data/models/Kosovo/TS_model.pkl for tasks to queue
[2024-08-17T02:54:04.430+0000] {logging_mixin.py:188} INFO - [2024-08-17T02:54:04.430+0000] {dagbag.py:545} INFO - Filling up the DagBag from /opt/airflow/dags/data/models/Kosovo/TS_model.pkl
[2024-08-17T02:54:04.446+0000] {processor.py:842} WARNING - No viable dags retrieved from /opt/airflow/dags/data/models/Kosovo/TS_model.pkl
[2024-08-17T02:54:04.455+0000] {processor.py:183} INFO - Processing /opt/airflow/dags/data/models/Kosovo/TS_model.pkl took 0.030 seconds
[2024-08-17T02:54:35.165+0000] {processor.py:161} INFO - Started process (PID=85806) to work on /opt/airflow/dags/data/models/Kosovo/TS_model.pkl
[2024-08-17T02:54:35.166+0000] {processor.py:830} INFO - Processing file /opt/airflow/dags/data/models/Kosovo/TS_model.pkl for tasks to queue
[2024-08-17T02:54:35.167+0000] {logging_mixin.py:188} INFO - [2024-08-17T02:54:35.167+0000] {dagbag.py:545} INFO - Filling up the DagBag from /opt/airflow/dags/data/models/Kosovo/TS_model.pkl
[2024-08-17T02:54:35.180+0000] {processor.py:842} WARNING - No viable dags retrieved from /opt/airflow/dags/data/models/Kosovo/TS_model.pkl
[2024-08-17T02:54:35.190+0000] {processor.py:183} INFO - Processing /opt/airflow/dags/data/models/Kosovo/TS_model.pkl took 0.030 seconds
[2024-08-17T02:55:05.842+0000] {processor.py:161} INFO - Started process (PID=86144) to work on /opt/airflow/dags/data/models/Kosovo/TS_model.pkl
[2024-08-17T02:55:05.843+0000] {processor.py:830} INFO - Processing file /opt/airflow/dags/data/models/Kosovo/TS_model.pkl for tasks to queue
[2024-08-17T02:55:05.844+0000] {logging_mixin.py:188} INFO - [2024-08-17T02:55:05.843+0000] {dagbag.py:545} INFO - Filling up the DagBag from /opt/airflow/dags/data/models/Kosovo/TS_model.pkl
[2024-08-17T02:55:05.859+0000] {processor.py:842} WARNING - No viable dags retrieved from /opt/airflow/dags/data/models/Kosovo/TS_model.pkl
[2024-08-17T02:55:05.871+0000] {processor.py:183} INFO - Processing /opt/airflow/dags/data/models/Kosovo/TS_model.pkl took 0.033 seconds
[2024-08-17T02:55:36.238+0000] {processor.py:161} INFO - Started process (PID=86469) to work on /opt/airflow/dags/data/models/Kosovo/TS_model.pkl
[2024-08-17T02:55:36.239+0000] {processor.py:830} INFO - Processing file /opt/airflow/dags/data/models/Kosovo/TS_model.pkl for tasks to queue
[2024-08-17T02:55:36.240+0000] {logging_mixin.py:188} INFO - [2024-08-17T02:55:36.239+0000] {dagbag.py:545} INFO - Filling up the DagBag from /opt/airflow/dags/data/models/Kosovo/TS_model.pkl
[2024-08-17T02:55:36.253+0000] {processor.py:842} WARNING - No viable dags retrieved from /opt/airflow/dags/data/models/Kosovo/TS_model.pkl
[2024-08-17T02:55:36.264+0000] {processor.py:183} INFO - Processing /opt/airflow/dags/data/models/Kosovo/TS_model.pkl took 0.030 seconds
[2024-08-17T02:56:06.886+0000] {processor.py:161} INFO - Started process (PID=86827) to work on /opt/airflow/dags/data/models/Kosovo/TS_model.pkl
[2024-08-17T02:56:06.887+0000] {processor.py:830} INFO - Processing file /opt/airflow/dags/data/models/Kosovo/TS_model.pkl for tasks to queue
[2024-08-17T02:56:06.888+0000] {logging_mixin.py:188} INFO - [2024-08-17T02:56:06.887+0000] {dagbag.py:545} INFO - Filling up the DagBag from /opt/airflow/dags/data/models/Kosovo/TS_model.pkl
[2024-08-17T02:56:06.900+0000] {processor.py:842} WARNING - No viable dags retrieved from /opt/airflow/dags/data/models/Kosovo/TS_model.pkl
[2024-08-17T02:56:06.911+0000] {processor.py:183} INFO - Processing /opt/airflow/dags/data/models/Kosovo/TS_model.pkl took 0.029 seconds
[2024-08-17T02:56:37.731+0000] {processor.py:161} INFO - Started process (PID=87159) to work on /opt/airflow/dags/data/models/Kosovo/TS_model.pkl
[2024-08-17T02:56:37.732+0000] {processor.py:830} INFO - Processing file /opt/airflow/dags/data/models/Kosovo/TS_model.pkl for tasks to queue
[2024-08-17T02:56:37.732+0000] {logging_mixin.py:188} INFO - [2024-08-17T02:56:37.732+0000] {dagbag.py:545} INFO - Filling up the DagBag from /opt/airflow/dags/data/models/Kosovo/TS_model.pkl
[2024-08-17T02:56:37.742+0000] {processor.py:842} WARNING - No viable dags retrieved from /opt/airflow/dags/data/models/Kosovo/TS_model.pkl
[2024-08-17T02:56:37.752+0000] {processor.py:183} INFO - Processing /opt/airflow/dags/data/models/Kosovo/TS_model.pkl took 0.026 seconds
[2024-08-17T02:57:08.731+0000] {processor.py:161} INFO - Started process (PID=87518) to work on /opt/airflow/dags/data/models/Kosovo/TS_model.pkl
[2024-08-17T02:57:08.732+0000] {processor.py:830} INFO - Processing file /opt/airflow/dags/data/models/Kosovo/TS_model.pkl for tasks to queue
[2024-08-17T02:57:08.733+0000] {logging_mixin.py:188} INFO - [2024-08-17T02:57:08.733+0000] {dagbag.py:545} INFO - Filling up the DagBag from /opt/airflow/dags/data/models/Kosovo/TS_model.pkl
[2024-08-17T02:57:08.746+0000] {processor.py:842} WARNING - No viable dags retrieved from /opt/airflow/dags/data/models/Kosovo/TS_model.pkl
[2024-08-17T02:57:08.757+0000] {processor.py:183} INFO - Processing /opt/airflow/dags/data/models/Kosovo/TS_model.pkl took 0.029 seconds
[2024-08-17T02:57:39.894+0000] {processor.py:161} INFO - Started process (PID=87876) to work on /opt/airflow/dags/data/models/Kosovo/TS_model.pkl
[2024-08-17T02:57:39.895+0000] {processor.py:830} INFO - Processing file /opt/airflow/dags/data/models/Kosovo/TS_model.pkl for tasks to queue
[2024-08-17T02:57:39.895+0000] {logging_mixin.py:188} INFO - [2024-08-17T02:57:39.895+0000] {dagbag.py:545} INFO - Filling up the DagBag from /opt/airflow/dags/data/models/Kosovo/TS_model.pkl
[2024-08-17T02:57:39.907+0000] {processor.py:842} WARNING - No viable dags retrieved from /opt/airflow/dags/data/models/Kosovo/TS_model.pkl
[2024-08-17T02:57:39.917+0000] {processor.py:183} INFO - Processing /opt/airflow/dags/data/models/Kosovo/TS_model.pkl took 0.028 seconds
[2024-08-17T02:58:11.093+0000] {processor.py:161} INFO - Started process (PID=88208) to work on /opt/airflow/dags/data/models/Kosovo/TS_model.pkl
[2024-08-17T02:58:11.093+0000] {processor.py:830} INFO - Processing file /opt/airflow/dags/data/models/Kosovo/TS_model.pkl for tasks to queue
[2024-08-17T02:58:11.094+0000] {logging_mixin.py:188} INFO - [2024-08-17T02:58:11.094+0000] {dagbag.py:545} INFO - Filling up the DagBag from /opt/airflow/dags/data/models/Kosovo/TS_model.pkl
[2024-08-17T02:58:11.107+0000] {processor.py:842} WARNING - No viable dags retrieved from /opt/airflow/dags/data/models/Kosovo/TS_model.pkl
[2024-08-17T02:58:11.117+0000] {processor.py:183} INFO - Processing /opt/airflow/dags/data/models/Kosovo/TS_model.pkl took 0.028 seconds
[2024-08-17T02:58:42.061+0000] {processor.py:161} INFO - Started process (PID=88567) to work on /opt/airflow/dags/data/models/Kosovo/TS_model.pkl
[2024-08-17T02:58:42.062+0000] {processor.py:830} INFO - Processing file /opt/airflow/dags/data/models/Kosovo/TS_model.pkl for tasks to queue
[2024-08-17T02:58:42.063+0000] {logging_mixin.py:188} INFO - [2024-08-17T02:58:42.063+0000] {dagbag.py:545} INFO - Filling up the DagBag from /opt/airflow/dags/data/models/Kosovo/TS_model.pkl
[2024-08-17T02:58:42.080+0000] {processor.py:842} WARNING - No viable dags retrieved from /opt/airflow/dags/data/models/Kosovo/TS_model.pkl
[2024-08-17T02:58:42.091+0000] {processor.py:183} INFO - Processing /opt/airflow/dags/data/models/Kosovo/TS_model.pkl took 0.034 seconds
[2024-08-17T02:59:12.962+0000] {processor.py:161} INFO - Started process (PID=88892) to work on /opt/airflow/dags/data/models/Kosovo/TS_model.pkl
[2024-08-17T02:59:12.963+0000] {processor.py:830} INFO - Processing file /opt/airflow/dags/data/models/Kosovo/TS_model.pkl for tasks to queue
[2024-08-17T02:59:12.964+0000] {logging_mixin.py:188} INFO - [2024-08-17T02:59:12.963+0000] {dagbag.py:545} INFO - Filling up the DagBag from /opt/airflow/dags/data/models/Kosovo/TS_model.pkl
[2024-08-17T02:59:12.976+0000] {processor.py:842} WARNING - No viable dags retrieved from /opt/airflow/dags/data/models/Kosovo/TS_model.pkl
[2024-08-17T02:59:12.986+0000] {processor.py:183} INFO - Processing /opt/airflow/dags/data/models/Kosovo/TS_model.pkl took 0.029 seconds
[2024-08-17T02:59:44.095+0000] {processor.py:161} INFO - Started process (PID=89278) to work on /opt/airflow/dags/data/models/Kosovo/TS_model.pkl
[2024-08-17T02:59:44.096+0000] {processor.py:830} INFO - Processing file /opt/airflow/dags/data/models/Kosovo/TS_model.pkl for tasks to queue
[2024-08-17T02:59:44.097+0000] {logging_mixin.py:188} INFO - [2024-08-17T02:59:44.097+0000] {dagbag.py:545} INFO - Filling up the DagBag from /opt/airflow/dags/data/models/Kosovo/TS_model.pkl
[2024-08-17T02:59:44.111+0000] {processor.py:842} WARNING - No viable dags retrieved from /opt/airflow/dags/data/models/Kosovo/TS_model.pkl
[2024-08-17T02:59:44.123+0000] {processor.py:183} INFO - Processing /opt/airflow/dags/data/models/Kosovo/TS_model.pkl took 0.031 seconds
[2024-08-17T03:00:14.999+0000] {processor.py:161} INFO - Started process (PID=89664) to work on /opt/airflow/dags/data/models/Kosovo/TS_model.pkl
[2024-08-17T03:00:15.000+0000] {processor.py:830} INFO - Processing file /opt/airflow/dags/data/models/Kosovo/TS_model.pkl for tasks to queue
[2024-08-17T03:00:15.000+0000] {logging_mixin.py:188} INFO - [2024-08-17T03:00:15.000+0000] {dagbag.py:545} INFO - Filling up the DagBag from /opt/airflow/dags/data/models/Kosovo/TS_model.pkl
[2024-08-17T03:00:15.013+0000] {processor.py:842} WARNING - No viable dags retrieved from /opt/airflow/dags/data/models/Kosovo/TS_model.pkl
[2024-08-17T03:00:15.024+0000] {processor.py:183} INFO - Processing /opt/airflow/dags/data/models/Kosovo/TS_model.pkl took 0.029 seconds
[2024-08-17T03:00:45.602+0000] {processor.py:161} INFO - Started process (PID=90025) to work on /opt/airflow/dags/data/models/Kosovo/TS_model.pkl
[2024-08-17T03:00:45.602+0000] {processor.py:830} INFO - Processing file /opt/airflow/dags/data/models/Kosovo/TS_model.pkl for tasks to queue
[2024-08-17T03:00:45.603+0000] {logging_mixin.py:188} INFO - [2024-08-17T03:00:45.603+0000] {dagbag.py:545} INFO - Filling up the DagBag from /opt/airflow/dags/data/models/Kosovo/TS_model.pkl
[2024-08-17T03:00:45.618+0000] {processor.py:842} WARNING - No viable dags retrieved from /opt/airflow/dags/data/models/Kosovo/TS_model.pkl
[2024-08-17T03:00:45.629+0000] {processor.py:183} INFO - Processing /opt/airflow/dags/data/models/Kosovo/TS_model.pkl took 0.031 seconds
[2024-08-17T03:01:16.964+0000] {processor.py:161} INFO - Started process (PID=90410) to work on /opt/airflow/dags/data/models/Kosovo/TS_model.pkl
[2024-08-17T03:01:16.965+0000] {processor.py:830} INFO - Processing file /opt/airflow/dags/data/models/Kosovo/TS_model.pkl for tasks to queue
[2024-08-17T03:01:16.965+0000] {logging_mixin.py:188} INFO - [2024-08-17T03:01:16.965+0000] {dagbag.py:545} INFO - Filling up the DagBag from /opt/airflow/dags/data/models/Kosovo/TS_model.pkl
[2024-08-17T03:01:16.977+0000] {processor.py:842} WARNING - No viable dags retrieved from /opt/airflow/dags/data/models/Kosovo/TS_model.pkl
[2024-08-17T03:01:16.987+0000] {processor.py:183} INFO - Processing /opt/airflow/dags/data/models/Kosovo/TS_model.pkl took 0.027 seconds
[2024-08-17T03:01:48.024+0000] {processor.py:161} INFO - Started process (PID=90750) to work on /opt/airflow/dags/data/models/Kosovo/TS_model.pkl
[2024-08-17T03:01:48.025+0000] {processor.py:830} INFO - Processing file /opt/airflow/dags/data/models/Kosovo/TS_model.pkl for tasks to queue
[2024-08-17T03:01:48.026+0000] {logging_mixin.py:188} INFO - [2024-08-17T03:01:48.025+0000] {dagbag.py:545} INFO - Filling up the DagBag from /opt/airflow/dags/data/models/Kosovo/TS_model.pkl
[2024-08-17T03:01:48.037+0000] {processor.py:842} WARNING - No viable dags retrieved from /opt/airflow/dags/data/models/Kosovo/TS_model.pkl
[2024-08-17T03:01:48.047+0000] {processor.py:183} INFO - Processing /opt/airflow/dags/data/models/Kosovo/TS_model.pkl took 0.027 seconds
[2024-08-17T03:02:18.954+0000] {processor.py:161} INFO - Started process (PID=91134) to work on /opt/airflow/dags/data/models/Kosovo/TS_model.pkl
[2024-08-17T03:02:18.955+0000] {processor.py:830} INFO - Processing file /opt/airflow/dags/data/models/Kosovo/TS_model.pkl for tasks to queue
[2024-08-17T03:02:18.956+0000] {logging_mixin.py:188} INFO - [2024-08-17T03:02:18.956+0000] {dagbag.py:545} INFO - Filling up the DagBag from /opt/airflow/dags/data/models/Kosovo/TS_model.pkl
[2024-08-17T03:02:18.968+0000] {processor.py:842} WARNING - No viable dags retrieved from /opt/airflow/dags/data/models/Kosovo/TS_model.pkl
[2024-08-17T03:02:18.978+0000] {processor.py:183} INFO - Processing /opt/airflow/dags/data/models/Kosovo/TS_model.pkl took 0.029 seconds
[2024-08-17T03:02:49.427+0000] {processor.py:161} INFO - Started process (PID=91498) to work on /opt/airflow/dags/data/models/Kosovo/TS_model.pkl
[2024-08-17T03:02:49.428+0000] {processor.py:830} INFO - Processing file /opt/airflow/dags/data/models/Kosovo/TS_model.pkl for tasks to queue
[2024-08-17T03:02:49.429+0000] {logging_mixin.py:188} INFO - [2024-08-17T03:02:49.428+0000] {dagbag.py:545} INFO - Filling up the DagBag from /opt/airflow/dags/data/models/Kosovo/TS_model.pkl
[2024-08-17T03:02:49.446+0000] {processor.py:842} WARNING - No viable dags retrieved from /opt/airflow/dags/data/models/Kosovo/TS_model.pkl
[2024-08-17T03:02:49.459+0000] {processor.py:183} INFO - Processing /opt/airflow/dags/data/models/Kosovo/TS_model.pkl took 0.037 seconds
[2024-08-17T03:03:20.324+0000] {processor.py:161} INFO - Started process (PID=91874) to work on /opt/airflow/dags/data/models/Kosovo/TS_model.pkl
[2024-08-17T03:03:20.325+0000] {processor.py:830} INFO - Processing file /opt/airflow/dags/data/models/Kosovo/TS_model.pkl for tasks to queue
[2024-08-17T03:03:20.326+0000] {logging_mixin.py:188} INFO - [2024-08-17T03:03:20.325+0000] {dagbag.py:545} INFO - Filling up the DagBag from /opt/airflow/dags/data/models/Kosovo/TS_model.pkl
[2024-08-17T03:03:20.338+0000] {processor.py:842} WARNING - No viable dags retrieved from /opt/airflow/dags/data/models/Kosovo/TS_model.pkl
[2024-08-17T03:03:20.350+0000] {processor.py:183} INFO - Processing /opt/airflow/dags/data/models/Kosovo/TS_model.pkl took 0.030 seconds
[2024-08-17T03:03:58.443+0000] {processor.py:161} INFO - Started process (PID=92278) to work on /opt/airflow/dags/data/models/Kosovo/TS_model.pkl
[2024-08-17T03:03:58.444+0000] {processor.py:830} INFO - Processing file /opt/airflow/dags/data/models/Kosovo/TS_model.pkl for tasks to queue
[2024-08-17T03:03:58.445+0000] {logging_mixin.py:188} INFO - [2024-08-17T03:03:58.444+0000] {dagbag.py:545} INFO - Filling up the DagBag from /opt/airflow/dags/data/models/Kosovo/TS_model.pkl
[2024-08-17T03:03:58.457+0000] {processor.py:842} WARNING - No viable dags retrieved from /opt/airflow/dags/data/models/Kosovo/TS_model.pkl
[2024-08-17T03:03:58.468+0000] {processor.py:183} INFO - Processing /opt/airflow/dags/data/models/Kosovo/TS_model.pkl took 0.029 seconds
[2024-08-17T03:04:29.883+0000] {processor.py:161} INFO - Started process (PID=92691) to work on /opt/airflow/dags/data/models/Kosovo/TS_model.pkl
[2024-08-17T03:04:29.884+0000] {processor.py:830} INFO - Processing file /opt/airflow/dags/data/models/Kosovo/TS_model.pkl for tasks to queue
[2024-08-17T03:04:29.884+0000] {logging_mixin.py:188} INFO - [2024-08-17T03:04:29.884+0000] {dagbag.py:545} INFO - Filling up the DagBag from /opt/airflow/dags/data/models/Kosovo/TS_model.pkl
[2024-08-17T03:04:29.892+0000] {processor.py:842} WARNING - No viable dags retrieved from /opt/airflow/dags/data/models/Kosovo/TS_model.pkl
[2024-08-17T03:04:29.903+0000] {processor.py:183} INFO - Processing /opt/airflow/dags/data/models/Kosovo/TS_model.pkl took 0.024 seconds
[2024-08-17T03:05:01.308+0000] {processor.py:161} INFO - Started process (PID=93086) to work on /opt/airflow/dags/data/models/Kosovo/TS_model.pkl
[2024-08-17T03:05:01.310+0000] {processor.py:830} INFO - Processing file /opt/airflow/dags/data/models/Kosovo/TS_model.pkl for tasks to queue
[2024-08-17T03:05:01.311+0000] {logging_mixin.py:188} INFO - [2024-08-17T03:05:01.310+0000] {dagbag.py:545} INFO - Filling up the DagBag from /opt/airflow/dags/data/models/Kosovo/TS_model.pkl
[2024-08-17T03:05:01.323+0000] {processor.py:842} WARNING - No viable dags retrieved from /opt/airflow/dags/data/models/Kosovo/TS_model.pkl
[2024-08-17T03:05:01.334+0000] {processor.py:183} INFO - Processing /opt/airflow/dags/data/models/Kosovo/TS_model.pkl took 0.030 seconds
[2024-08-17T03:05:32.028+0000] {processor.py:161} INFO - Started process (PID=93493) to work on /opt/airflow/dags/data/models/Kosovo/TS_model.pkl
[2024-08-17T03:05:32.029+0000] {processor.py:830} INFO - Processing file /opt/airflow/dags/data/models/Kosovo/TS_model.pkl for tasks to queue
[2024-08-17T03:05:32.029+0000] {logging_mixin.py:188} INFO - [2024-08-17T03:05:32.029+0000] {dagbag.py:545} INFO - Filling up the DagBag from /opt/airflow/dags/data/models/Kosovo/TS_model.pkl
[2024-08-17T03:05:32.045+0000] {processor.py:842} WARNING - No viable dags retrieved from /opt/airflow/dags/data/models/Kosovo/TS_model.pkl
[2024-08-17T03:05:32.055+0000] {processor.py:183} INFO - Processing /opt/airflow/dags/data/models/Kosovo/TS_model.pkl took 0.032 seconds
[2024-08-17T03:06:03.044+0000] {processor.py:161} INFO - Started process (PID=93908) to work on /opt/airflow/dags/data/models/Kosovo/TS_model.pkl
[2024-08-17T03:06:03.045+0000] {processor.py:830} INFO - Processing file /opt/airflow/dags/data/models/Kosovo/TS_model.pkl for tasks to queue
[2024-08-17T03:06:03.045+0000] {logging_mixin.py:188} INFO - [2024-08-17T03:06:03.045+0000] {dagbag.py:545} INFO - Filling up the DagBag from /opt/airflow/dags/data/models/Kosovo/TS_model.pkl
[2024-08-17T03:06:03.054+0000] {processor.py:842} WARNING - No viable dags retrieved from /opt/airflow/dags/data/models/Kosovo/TS_model.pkl
[2024-08-17T03:06:03.064+0000] {processor.py:183} INFO - Processing /opt/airflow/dags/data/models/Kosovo/TS_model.pkl took 0.023 seconds
[2024-08-17T03:06:33.624+0000] {processor.py:161} INFO - Started process (PID=94293) to work on /opt/airflow/dags/data/models/Kosovo/TS_model.pkl
[2024-08-17T03:06:33.624+0000] {processor.py:830} INFO - Processing file /opt/airflow/dags/data/models/Kosovo/TS_model.pkl for tasks to queue
[2024-08-17T03:06:33.625+0000] {logging_mixin.py:188} INFO - [2024-08-17T03:06:33.625+0000] {dagbag.py:545} INFO - Filling up the DagBag from /opt/airflow/dags/data/models/Kosovo/TS_model.pkl
[2024-08-17T03:06:33.635+0000] {processor.py:842} WARNING - No viable dags retrieved from /opt/airflow/dags/data/models/Kosovo/TS_model.pkl
[2024-08-17T03:06:33.645+0000] {processor.py:183} INFO - Processing /opt/airflow/dags/data/models/Kosovo/TS_model.pkl took 0.025 seconds
[2024-08-17T03:07:05.506+0000] {processor.py:161} INFO - Started process (PID=94708) to work on /opt/airflow/dags/data/models/Kosovo/TS_model.pkl
[2024-08-17T03:07:05.507+0000] {processor.py:830} INFO - Processing file /opt/airflow/dags/data/models/Kosovo/TS_model.pkl for tasks to queue
[2024-08-17T03:07:05.507+0000] {logging_mixin.py:188} INFO - [2024-08-17T03:07:05.507+0000] {dagbag.py:545} INFO - Filling up the DagBag from /opt/airflow/dags/data/models/Kosovo/TS_model.pkl
[2024-08-17T03:07:05.515+0000] {processor.py:842} WARNING - No viable dags retrieved from /opt/airflow/dags/data/models/Kosovo/TS_model.pkl
[2024-08-17T03:07:05.526+0000] {processor.py:183} INFO - Processing /opt/airflow/dags/data/models/Kosovo/TS_model.pkl took 0.025 seconds
[2024-08-17T03:07:36.029+0000] {processor.py:161} INFO - Started process (PID=95072) to work on /opt/airflow/dags/data/models/Kosovo/TS_model.pkl
[2024-08-17T03:07:36.030+0000] {processor.py:830} INFO - Processing file /opt/airflow/dags/data/models/Kosovo/TS_model.pkl for tasks to queue
[2024-08-17T03:07:36.031+0000] {logging_mixin.py:188} INFO - [2024-08-17T03:07:36.030+0000] {dagbag.py:545} INFO - Filling up the DagBag from /opt/airflow/dags/data/models/Kosovo/TS_model.pkl
[2024-08-17T03:07:36.041+0000] {processor.py:842} WARNING - No viable dags retrieved from /opt/airflow/dags/data/models/Kosovo/TS_model.pkl
[2024-08-17T03:07:36.051+0000] {processor.py:183} INFO - Processing /opt/airflow/dags/data/models/Kosovo/TS_model.pkl took 0.026 seconds
[2024-08-17T03:08:07.113+0000] {processor.py:161} INFO - Started process (PID=95486) to work on /opt/airflow/dags/data/models/Kosovo/TS_model.pkl
[2024-08-17T03:08:07.114+0000] {processor.py:830} INFO - Processing file /opt/airflow/dags/data/models/Kosovo/TS_model.pkl for tasks to queue
[2024-08-17T03:08:07.115+0000] {logging_mixin.py:188} INFO - [2024-08-17T03:08:07.115+0000] {dagbag.py:545} INFO - Filling up the DagBag from /opt/airflow/dags/data/models/Kosovo/TS_model.pkl
[2024-08-17T03:08:07.129+0000] {processor.py:842} WARNING - No viable dags retrieved from /opt/airflow/dags/data/models/Kosovo/TS_model.pkl
[2024-08-17T03:08:07.139+0000] {processor.py:183} INFO - Processing /opt/airflow/dags/data/models/Kosovo/TS_model.pkl took 0.030 seconds
[2024-08-17T03:08:38.026+0000] {processor.py:161} INFO - Started process (PID=95900) to work on /opt/airflow/dags/data/models/Kosovo/TS_model.pkl
[2024-08-17T03:08:38.027+0000] {processor.py:830} INFO - Processing file /opt/airflow/dags/data/models/Kosovo/TS_model.pkl for tasks to queue
[2024-08-17T03:08:38.028+0000] {logging_mixin.py:188} INFO - [2024-08-17T03:08:38.028+0000] {dagbag.py:545} INFO - Filling up the DagBag from /opt/airflow/dags/data/models/Kosovo/TS_model.pkl
[2024-08-17T03:08:38.041+0000] {processor.py:842} WARNING - No viable dags retrieved from /opt/airflow/dags/data/models/Kosovo/TS_model.pkl
[2024-08-17T03:08:38.052+0000] {processor.py:183} INFO - Processing /opt/airflow/dags/data/models/Kosovo/TS_model.pkl took 0.029 seconds
[2024-08-17T03:09:08.857+0000] {processor.py:161} INFO - Started process (PID=96314) to work on /opt/airflow/dags/data/models/Kosovo/TS_model.pkl
[2024-08-17T03:09:08.858+0000] {processor.py:830} INFO - Processing file /opt/airflow/dags/data/models/Kosovo/TS_model.pkl for tasks to queue
[2024-08-17T03:09:08.858+0000] {logging_mixin.py:188} INFO - [2024-08-17T03:09:08.858+0000] {dagbag.py:545} INFO - Filling up the DagBag from /opt/airflow/dags/data/models/Kosovo/TS_model.pkl
[2024-08-17T03:09:08.869+0000] {processor.py:842} WARNING - No viable dags retrieved from /opt/airflow/dags/data/models/Kosovo/TS_model.pkl
[2024-08-17T03:09:08.879+0000] {processor.py:183} INFO - Processing /opt/airflow/dags/data/models/Kosovo/TS_model.pkl took 0.026 seconds
[2024-08-17T03:09:40.288+0000] {processor.py:161} INFO - Started process (PID=96728) to work on /opt/airflow/dags/data/models/Kosovo/TS_model.pkl
[2024-08-17T03:09:40.288+0000] {processor.py:830} INFO - Processing file /opt/airflow/dags/data/models/Kosovo/TS_model.pkl for tasks to queue
[2024-08-17T03:09:40.289+0000] {logging_mixin.py:188} INFO - [2024-08-17T03:09:40.289+0000] {dagbag.py:545} INFO - Filling up the DagBag from /opt/airflow/dags/data/models/Kosovo/TS_model.pkl
[2024-08-17T03:09:40.299+0000] {processor.py:842} WARNING - No viable dags retrieved from /opt/airflow/dags/data/models/Kosovo/TS_model.pkl
[2024-08-17T03:09:40.310+0000] {processor.py:183} INFO - Processing /opt/airflow/dags/data/models/Kosovo/TS_model.pkl took 0.026 seconds
[2024-08-17T03:10:11.372+0000] {processor.py:161} INFO - Started process (PID=97124) to work on /opt/airflow/dags/data/models/Kosovo/TS_model.pkl
[2024-08-17T03:10:11.373+0000] {processor.py:830} INFO - Processing file /opt/airflow/dags/data/models/Kosovo/TS_model.pkl for tasks to queue
[2024-08-17T03:10:11.374+0000] {logging_mixin.py:188} INFO - [2024-08-17T03:10:11.374+0000] {dagbag.py:545} INFO - Filling up the DagBag from /opt/airflow/dags/data/models/Kosovo/TS_model.pkl
[2024-08-17T03:10:11.386+0000] {processor.py:842} WARNING - No viable dags retrieved from /opt/airflow/dags/data/models/Kosovo/TS_model.pkl
[2024-08-17T03:10:11.397+0000] {processor.py:183} INFO - Processing /opt/airflow/dags/data/models/Kosovo/TS_model.pkl took 0.029 seconds
[2024-08-17T03:10:42.204+0000] {processor.py:161} INFO - Started process (PID=97568) to work on /opt/airflow/dags/data/models/Kosovo/TS_model.pkl
[2024-08-17T03:10:42.204+0000] {processor.py:830} INFO - Processing file /opt/airflow/dags/data/models/Kosovo/TS_model.pkl for tasks to queue
[2024-08-17T03:10:42.205+0000] {logging_mixin.py:188} INFO - [2024-08-17T03:10:42.205+0000] {dagbag.py:545} INFO - Filling up the DagBag from /opt/airflow/dags/data/models/Kosovo/TS_model.pkl
[2024-08-17T03:10:42.213+0000] {processor.py:842} WARNING - No viable dags retrieved from /opt/airflow/dags/data/models/Kosovo/TS_model.pkl
[2024-08-17T03:10:42.223+0000] {processor.py:183} INFO - Processing /opt/airflow/dags/data/models/Kosovo/TS_model.pkl took 0.023 seconds
[2024-08-17T03:11:13.235+0000] {processor.py:161} INFO - Started process (PID=97991) to work on /opt/airflow/dags/data/models/Kosovo/TS_model.pkl
[2024-08-17T03:11:13.236+0000] {processor.py:830} INFO - Processing file /opt/airflow/dags/data/models/Kosovo/TS_model.pkl for tasks to queue
[2024-08-17T03:11:13.237+0000] {logging_mixin.py:188} INFO - [2024-08-17T03:11:13.237+0000] {dagbag.py:545} INFO - Filling up the DagBag from /opt/airflow/dags/data/models/Kosovo/TS_model.pkl
[2024-08-17T03:11:13.263+0000] {processor.py:842} WARNING - No viable dags retrieved from /opt/airflow/dags/data/models/Kosovo/TS_model.pkl
[2024-08-17T03:11:13.279+0000] {processor.py:183} INFO - Processing /opt/airflow/dags/data/models/Kosovo/TS_model.pkl took 0.049 seconds
[2024-08-17T03:11:44.391+0000] {processor.py:161} INFO - Started process (PID=98409) to work on /opt/airflow/dags/data/models/Kosovo/TS_model.pkl
[2024-08-17T03:11:44.392+0000] {processor.py:830} INFO - Processing file /opt/airflow/dags/data/models/Kosovo/TS_model.pkl for tasks to queue
[2024-08-17T03:11:44.392+0000] {logging_mixin.py:188} INFO - [2024-08-17T03:11:44.392+0000] {dagbag.py:545} INFO - Filling up the DagBag from /opt/airflow/dags/data/models/Kosovo/TS_model.pkl
[2024-08-17T03:11:44.401+0000] {processor.py:842} WARNING - No viable dags retrieved from /opt/airflow/dags/data/models/Kosovo/TS_model.pkl
[2024-08-17T03:11:44.411+0000] {processor.py:183} INFO - Processing /opt/airflow/dags/data/models/Kosovo/TS_model.pkl took 0.024 seconds
[2024-08-17T03:12:15.139+0000] {processor.py:161} INFO - Started process (PID=98853) to work on /opt/airflow/dags/data/models/Kosovo/TS_model.pkl
[2024-08-17T03:12:15.140+0000] {processor.py:830} INFO - Processing file /opt/airflow/dags/data/models/Kosovo/TS_model.pkl for tasks to queue
[2024-08-17T03:12:15.140+0000] {logging_mixin.py:188} INFO - [2024-08-17T03:12:15.140+0000] {dagbag.py:545} INFO - Filling up the DagBag from /opt/airflow/dags/data/models/Kosovo/TS_model.pkl
[2024-08-17T03:12:15.149+0000] {processor.py:842} WARNING - No viable dags retrieved from /opt/airflow/dags/data/models/Kosovo/TS_model.pkl
[2024-08-17T03:12:15.159+0000] {processor.py:183} INFO - Processing /opt/airflow/dags/data/models/Kosovo/TS_model.pkl took 0.023 seconds
[2024-08-17T03:12:46.442+0000] {processor.py:161} INFO - Started process (PID=99270) to work on /opt/airflow/dags/data/models/Kosovo/TS_model.pkl
[2024-08-17T03:12:46.443+0000] {processor.py:830} INFO - Processing file /opt/airflow/dags/data/models/Kosovo/TS_model.pkl for tasks to queue
[2024-08-17T03:12:46.443+0000] {logging_mixin.py:188} INFO - [2024-08-17T03:12:46.443+0000] {dagbag.py:545} INFO - Filling up the DagBag from /opt/airflow/dags/data/models/Kosovo/TS_model.pkl
[2024-08-17T03:12:46.460+0000] {processor.py:842} WARNING - No viable dags retrieved from /opt/airflow/dags/data/models/Kosovo/TS_model.pkl
[2024-08-17T03:12:46.470+0000] {processor.py:183} INFO - Processing /opt/airflow/dags/data/models/Kosovo/TS_model.pkl took 0.032 seconds
[2024-08-17T03:13:17.467+0000] {processor.py:161} INFO - Started process (PID=99689) to work on /opt/airflow/dags/data/models/Kosovo/TS_model.pkl
[2024-08-17T03:13:17.468+0000] {processor.py:830} INFO - Processing file /opt/airflow/dags/data/models/Kosovo/TS_model.pkl for tasks to queue
[2024-08-17T03:13:17.469+0000] {logging_mixin.py:188} INFO - [2024-08-17T03:13:17.468+0000] {dagbag.py:545} INFO - Filling up the DagBag from /opt/airflow/dags/data/models/Kosovo/TS_model.pkl
[2024-08-17T03:13:17.477+0000] {processor.py:842} WARNING - No viable dags retrieved from /opt/airflow/dags/data/models/Kosovo/TS_model.pkl
[2024-08-17T03:13:17.501+0000] {processor.py:183} INFO - Processing /opt/airflow/dags/data/models/Kosovo/TS_model.pkl took 0.037 seconds
[2024-08-17T03:13:48.456+0000] {processor.py:161} INFO - Started process (PID=414) to work on /opt/airflow/dags/data/models/Kosovo/TS_model.pkl
[2024-08-17T03:13:48.456+0000] {processor.py:830} INFO - Processing file /opt/airflow/dags/data/models/Kosovo/TS_model.pkl for tasks to queue
[2024-08-17T03:13:48.457+0000] {logging_mixin.py:188} INFO - [2024-08-17T03:13:48.457+0000] {dagbag.py:545} INFO - Filling up the DagBag from /opt/airflow/dags/data/models/Kosovo/TS_model.pkl
[2024-08-17T03:13:48.467+0000] {processor.py:842} WARNING - No viable dags retrieved from /opt/airflow/dags/data/models/Kosovo/TS_model.pkl
[2024-08-17T03:13:48.476+0000] {processor.py:183} INFO - Processing /opt/airflow/dags/data/models/Kosovo/TS_model.pkl took 0.024 seconds
[2024-08-17T03:14:19.045+0000] {processor.py:161} INFO - Started process (PID=861) to work on /opt/airflow/dags/data/models/Kosovo/TS_model.pkl
[2024-08-17T03:14:19.045+0000] {processor.py:830} INFO - Processing file /opt/airflow/dags/data/models/Kosovo/TS_model.pkl for tasks to queue
[2024-08-17T03:14:19.046+0000] {logging_mixin.py:188} INFO - [2024-08-17T03:14:19.046+0000] {dagbag.py:545} INFO - Filling up the DagBag from /opt/airflow/dags/data/models/Kosovo/TS_model.pkl
[2024-08-17T03:14:19.053+0000] {processor.py:842} WARNING - No viable dags retrieved from /opt/airflow/dags/data/models/Kosovo/TS_model.pkl
[2024-08-17T03:14:19.063+0000] {processor.py:183} INFO - Processing /opt/airflow/dags/data/models/Kosovo/TS_model.pkl took 0.022 seconds
[2024-08-17T03:14:49.569+0000] {processor.py:161} INFO - Started process (PID=1313) to work on /opt/airflow/dags/data/models/Kosovo/TS_model.pkl
[2024-08-17T03:14:49.570+0000] {processor.py:830} INFO - Processing file /opt/airflow/dags/data/models/Kosovo/TS_model.pkl for tasks to queue
[2024-08-17T03:14:49.571+0000] {logging_mixin.py:188} INFO - [2024-08-17T03:14:49.571+0000] {dagbag.py:545} INFO - Filling up the DagBag from /opt/airflow/dags/data/models/Kosovo/TS_model.pkl
[2024-08-17T03:14:49.580+0000] {processor.py:842} WARNING - No viable dags retrieved from /opt/airflow/dags/data/models/Kosovo/TS_model.pkl
[2024-08-17T03:14:49.589+0000] {processor.py:183} INFO - Processing /opt/airflow/dags/data/models/Kosovo/TS_model.pkl took 0.023 seconds
[2024-08-17T03:15:20.352+0000] {processor.py:161} INFO - Started process (PID=1741) to work on /opt/airflow/dags/data/models/Kosovo/TS_model.pkl
[2024-08-17T03:15:20.353+0000] {processor.py:830} INFO - Processing file /opt/airflow/dags/data/models/Kosovo/TS_model.pkl for tasks to queue
[2024-08-17T03:15:20.354+0000] {logging_mixin.py:188} INFO - [2024-08-17T03:15:20.353+0000] {dagbag.py:545} INFO - Filling up the DagBag from /opt/airflow/dags/data/models/Kosovo/TS_model.pkl
[2024-08-17T03:15:20.361+0000] {processor.py:842} WARNING - No viable dags retrieved from /opt/airflow/dags/data/models/Kosovo/TS_model.pkl
[2024-08-17T03:15:20.370+0000] {processor.py:183} INFO - Processing /opt/airflow/dags/data/models/Kosovo/TS_model.pkl took 0.022 seconds
[2024-08-17T03:15:51.514+0000] {processor.py:161} INFO - Started process (PID=2195) to work on /opt/airflow/dags/data/models/Kosovo/TS_model.pkl
[2024-08-17T03:15:51.514+0000] {processor.py:830} INFO - Processing file /opt/airflow/dags/data/models/Kosovo/TS_model.pkl for tasks to queue
[2024-08-17T03:15:51.515+0000] {logging_mixin.py:188} INFO - [2024-08-17T03:15:51.515+0000] {dagbag.py:545} INFO - Filling up the DagBag from /opt/airflow/dags/data/models/Kosovo/TS_model.pkl
[2024-08-17T03:15:51.524+0000] {processor.py:842} WARNING - No viable dags retrieved from /opt/airflow/dags/data/models/Kosovo/TS_model.pkl
[2024-08-17T03:15:51.533+0000] {processor.py:183} INFO - Processing /opt/airflow/dags/data/models/Kosovo/TS_model.pkl took 0.023 seconds
[2024-08-17T03:16:23.866+0000] {processor.py:161} INFO - Started process (PID=2641) to work on /opt/airflow/dags/data/models/Kosovo/TS_model.pkl
[2024-08-17T03:16:23.866+0000] {processor.py:830} INFO - Processing file /opt/airflow/dags/data/models/Kosovo/TS_model.pkl for tasks to queue
[2024-08-17T03:16:23.867+0000] {logging_mixin.py:188} INFO - [2024-08-17T03:16:23.867+0000] {dagbag.py:545} INFO - Filling up the DagBag from /opt/airflow/dags/data/models/Kosovo/TS_model.pkl
[2024-08-17T03:16:23.876+0000] {processor.py:842} WARNING - No viable dags retrieved from /opt/airflow/dags/data/models/Kosovo/TS_model.pkl
[2024-08-17T03:16:23.885+0000] {processor.py:183} INFO - Processing /opt/airflow/dags/data/models/Kosovo/TS_model.pkl took 0.023 seconds
[2024-08-17T03:16:54.610+0000] {processor.py:161} INFO - Started process (PID=3048) to work on /opt/airflow/dags/data/models/Kosovo/TS_model.pkl
[2024-08-17T03:16:54.610+0000] {processor.py:830} INFO - Processing file /opt/airflow/dags/data/models/Kosovo/TS_model.pkl for tasks to queue
[2024-08-17T03:16:54.612+0000] {logging_mixin.py:188} INFO - [2024-08-17T03:16:54.612+0000] {dagbag.py:545} INFO - Filling up the DagBag from /opt/airflow/dags/data/models/Kosovo/TS_model.pkl
[2024-08-17T03:16:54.623+0000] {processor.py:842} WARNING - No viable dags retrieved from /opt/airflow/dags/data/models/Kosovo/TS_model.pkl
[2024-08-17T03:16:54.634+0000] {processor.py:183} INFO - Processing /opt/airflow/dags/data/models/Kosovo/TS_model.pkl took 0.028 seconds
[2024-08-17T03:17:25.570+0000] {processor.py:161} INFO - Started process (PID=3502) to work on /opt/airflow/dags/data/models/Kosovo/TS_model.pkl
[2024-08-17T03:17:25.571+0000] {processor.py:830} INFO - Processing file /opt/airflow/dags/data/models/Kosovo/TS_model.pkl for tasks to queue
[2024-08-17T03:17:25.571+0000] {logging_mixin.py:188} INFO - [2024-08-17T03:17:25.571+0000] {dagbag.py:545} INFO - Filling up the DagBag from /opt/airflow/dags/data/models/Kosovo/TS_model.pkl
[2024-08-17T03:17:25.579+0000] {processor.py:842} WARNING - No viable dags retrieved from /opt/airflow/dags/data/models/Kosovo/TS_model.pkl
[2024-08-17T03:17:25.589+0000] {processor.py:183} INFO - Processing /opt/airflow/dags/data/models/Kosovo/TS_model.pkl took 0.022 seconds
[2024-08-17T03:17:56.386+0000] {processor.py:161} INFO - Started process (PID=3937) to work on /opt/airflow/dags/data/models/Kosovo/TS_model.pkl
[2024-08-17T03:17:56.387+0000] {processor.py:830} INFO - Processing file /opt/airflow/dags/data/models/Kosovo/TS_model.pkl for tasks to queue
[2024-08-17T03:17:56.387+0000] {logging_mixin.py:188} INFO - [2024-08-17T03:17:56.387+0000] {dagbag.py:545} INFO - Filling up the DagBag from /opt/airflow/dags/data/models/Kosovo/TS_model.pkl
[2024-08-17T03:17:56.394+0000] {processor.py:842} WARNING - No viable dags retrieved from /opt/airflow/dags/data/models/Kosovo/TS_model.pkl
[2024-08-17T03:17:56.404+0000] {processor.py:183} INFO - Processing /opt/airflow/dags/data/models/Kosovo/TS_model.pkl took 0.021 seconds
[2024-08-17T03:18:27.678+0000] {processor.py:161} INFO - Started process (PID=4365) to work on /opt/airflow/dags/data/models/Kosovo/TS_model.pkl
[2024-08-17T03:18:27.680+0000] {processor.py:830} INFO - Processing file /opt/airflow/dags/data/models/Kosovo/TS_model.pkl for tasks to queue
[2024-08-17T03:18:27.680+0000] {logging_mixin.py:188} INFO - [2024-08-17T03:18:27.680+0000] {dagbag.py:545} INFO - Filling up the DagBag from /opt/airflow/dags/data/models/Kosovo/TS_model.pkl
[2024-08-17T03:18:27.688+0000] {processor.py:842} WARNING - No viable dags retrieved from /opt/airflow/dags/data/models/Kosovo/TS_model.pkl
[2024-08-17T03:18:27.698+0000] {processor.py:183} INFO - Processing /opt/airflow/dags/data/models/Kosovo/TS_model.pkl took 0.024 seconds
[2024-08-17T03:19:00.730+0000] {processor.py:161} INFO - Started process (PID=4816) to work on /opt/airflow/dags/data/models/Kosovo/TS_model.pkl
[2024-08-17T03:19:00.730+0000] {processor.py:830} INFO - Processing file /opt/airflow/dags/data/models/Kosovo/TS_model.pkl for tasks to queue
[2024-08-17T03:19:00.731+0000] {logging_mixin.py:188} INFO - [2024-08-17T03:19:00.731+0000] {dagbag.py:545} INFO - Filling up the DagBag from /opt/airflow/dags/data/models/Kosovo/TS_model.pkl
[2024-08-17T03:19:00.739+0000] {processor.py:842} WARNING - No viable dags retrieved from /opt/airflow/dags/data/models/Kosovo/TS_model.pkl
[2024-08-17T03:19:00.748+0000] {processor.py:183} INFO - Processing /opt/airflow/dags/data/models/Kosovo/TS_model.pkl took 0.022 seconds
[2024-08-17T03:19:32.452+0000] {processor.py:161} INFO - Started process (PID=5270) to work on /opt/airflow/dags/data/models/Kosovo/TS_model.pkl
[2024-08-17T03:19:32.453+0000] {processor.py:830} INFO - Processing file /opt/airflow/dags/data/models/Kosovo/TS_model.pkl for tasks to queue
[2024-08-17T03:19:32.453+0000] {logging_mixin.py:188} INFO - [2024-08-17T03:19:32.453+0000] {dagbag.py:545} INFO - Filling up the DagBag from /opt/airflow/dags/data/models/Kosovo/TS_model.pkl
[2024-08-17T03:19:32.467+0000] {processor.py:842} WARNING - No viable dags retrieved from /opt/airflow/dags/data/models/Kosovo/TS_model.pkl
[2024-08-17T03:19:32.478+0000] {processor.py:183} INFO - Processing /opt/airflow/dags/data/models/Kosovo/TS_model.pkl took 0.030 seconds
[2024-08-17T03:20:03.701+0000] {processor.py:161} INFO - Started process (PID=5698) to work on /opt/airflow/dags/data/models/Kosovo/TS_model.pkl
[2024-08-17T03:20:03.702+0000] {processor.py:830} INFO - Processing file /opt/airflow/dags/data/models/Kosovo/TS_model.pkl for tasks to queue
[2024-08-17T03:20:03.702+0000] {logging_mixin.py:188} INFO - [2024-08-17T03:20:03.702+0000] {dagbag.py:545} INFO - Filling up the DagBag from /opt/airflow/dags/data/models/Kosovo/TS_model.pkl
[2024-08-17T03:20:03.717+0000] {processor.py:842} WARNING - No viable dags retrieved from /opt/airflow/dags/data/models/Kosovo/TS_model.pkl
[2024-08-17T03:20:03.726+0000] {processor.py:183} INFO - Processing /opt/airflow/dags/data/models/Kosovo/TS_model.pkl took 0.029 seconds
[2024-08-17T03:20:34.804+0000] {processor.py:161} INFO - Started process (PID=6152) to work on /opt/airflow/dags/data/models/Kosovo/TS_model.pkl
[2024-08-17T03:20:34.805+0000] {processor.py:830} INFO - Processing file /opt/airflow/dags/data/models/Kosovo/TS_model.pkl for tasks to queue
[2024-08-17T03:20:34.805+0000] {logging_mixin.py:188} INFO - [2024-08-17T03:20:34.805+0000] {dagbag.py:545} INFO - Filling up the DagBag from /opt/airflow/dags/data/models/Kosovo/TS_model.pkl
[2024-08-17T03:20:34.813+0000] {processor.py:842} WARNING - No viable dags retrieved from /opt/airflow/dags/data/models/Kosovo/TS_model.pkl
[2024-08-17T03:20:34.822+0000] {processor.py:183} INFO - Processing /opt/airflow/dags/data/models/Kosovo/TS_model.pkl took 0.022 seconds
[2024-08-17T03:21:05.639+0000] {processor.py:161} INFO - Started process (PID=6580) to work on /opt/airflow/dags/data/models/Kosovo/TS_model.pkl
[2024-08-17T03:21:05.639+0000] {processor.py:830} INFO - Processing file /opt/airflow/dags/data/models/Kosovo/TS_model.pkl for tasks to queue
[2024-08-17T03:21:05.640+0000] {logging_mixin.py:188} INFO - [2024-08-17T03:21:05.640+0000] {dagbag.py:545} INFO - Filling up the DagBag from /opt/airflow/dags/data/models/Kosovo/TS_model.pkl
[2024-08-17T03:21:05.647+0000] {processor.py:842} WARNING - No viable dags retrieved from /opt/airflow/dags/data/models/Kosovo/TS_model.pkl
[2024-08-17T03:21:05.656+0000] {processor.py:183} INFO - Processing /opt/airflow/dags/data/models/Kosovo/TS_model.pkl took 0.021 seconds
[2024-08-17T03:21:36.265+0000] {processor.py:161} INFO - Started process (PID=7013) to work on /opt/airflow/dags/data/models/Kosovo/TS_model.pkl
[2024-08-17T03:21:36.267+0000] {processor.py:830} INFO - Processing file /opt/airflow/dags/data/models/Kosovo/TS_model.pkl for tasks to queue
[2024-08-17T03:21:36.268+0000] {logging_mixin.py:188} INFO - [2024-08-17T03:21:36.268+0000] {dagbag.py:545} INFO - Filling up the DagBag from /opt/airflow/dags/data/models/Kosovo/TS_model.pkl
[2024-08-17T03:21:36.274+0000] {processor.py:842} WARNING - No viable dags retrieved from /opt/airflow/dags/data/models/Kosovo/TS_model.pkl
[2024-08-17T03:21:36.283+0000] {processor.py:183} INFO - Processing /opt/airflow/dags/data/models/Kosovo/TS_model.pkl took 0.022 seconds
[2024-08-17T03:22:06.924+0000] {processor.py:161} INFO - Started process (PID=7467) to work on /opt/airflow/dags/data/models/Kosovo/TS_model.pkl
[2024-08-17T03:22:06.924+0000] {processor.py:830} INFO - Processing file /opt/airflow/dags/data/models/Kosovo/TS_model.pkl for tasks to queue
[2024-08-17T03:22:06.926+0000] {logging_mixin.py:188} INFO - [2024-08-17T03:22:06.926+0000] {dagbag.py:545} INFO - Filling up the DagBag from /opt/airflow/dags/data/models/Kosovo/TS_model.pkl
[2024-08-17T03:22:06.938+0000] {processor.py:842} WARNING - No viable dags retrieved from /opt/airflow/dags/data/models/Kosovo/TS_model.pkl
[2024-08-17T03:22:06.948+0000] {processor.py:183} INFO - Processing /opt/airflow/dags/data/models/Kosovo/TS_model.pkl took 0.028 seconds
[2024-08-17T03:22:37.759+0000] {processor.py:161} INFO - Started process (PID=7894) to work on /opt/airflow/dags/data/models/Kosovo/TS_model.pkl
[2024-08-17T03:22:37.759+0000] {processor.py:830} INFO - Processing file /opt/airflow/dags/data/models/Kosovo/TS_model.pkl for tasks to queue
[2024-08-17T03:22:37.761+0000] {logging_mixin.py:188} INFO - [2024-08-17T03:22:37.761+0000] {dagbag.py:545} INFO - Filling up the DagBag from /opt/airflow/dags/data/models/Kosovo/TS_model.pkl
[2024-08-17T03:22:37.769+0000] {processor.py:842} WARNING - No viable dags retrieved from /opt/airflow/dags/data/models/Kosovo/TS_model.pkl
[2024-08-17T03:22:37.779+0000] {processor.py:183} INFO - Processing /opt/airflow/dags/data/models/Kosovo/TS_model.pkl took 0.024 seconds
[2024-08-17T03:23:08.438+0000] {processor.py:161} INFO - Started process (PID=8349) to work on /opt/airflow/dags/data/models/Kosovo/TS_model.pkl
[2024-08-17T03:23:08.439+0000] {processor.py:830} INFO - Processing file /opt/airflow/dags/data/models/Kosovo/TS_model.pkl for tasks to queue
[2024-08-17T03:23:08.440+0000] {logging_mixin.py:188} INFO - [2024-08-17T03:23:08.440+0000] {dagbag.py:545} INFO - Filling up the DagBag from /opt/airflow/dags/data/models/Kosovo/TS_model.pkl
[2024-08-17T03:23:08.450+0000] {processor.py:842} WARNING - No viable dags retrieved from /opt/airflow/dags/data/models/Kosovo/TS_model.pkl
[2024-08-17T03:23:08.460+0000] {processor.py:183} INFO - Processing /opt/airflow/dags/data/models/Kosovo/TS_model.pkl took 0.026 seconds
[2024-08-17T03:23:39.362+0000] {processor.py:161} INFO - Started process (PID=8777) to work on /opt/airflow/dags/data/models/Kosovo/TS_model.pkl
[2024-08-17T03:23:39.363+0000] {processor.py:830} INFO - Processing file /opt/airflow/dags/data/models/Kosovo/TS_model.pkl for tasks to queue
[2024-08-17T03:23:39.363+0000] {logging_mixin.py:188} INFO - [2024-08-17T03:23:39.363+0000] {dagbag.py:545} INFO - Filling up the DagBag from /opt/airflow/dags/data/models/Kosovo/TS_model.pkl
[2024-08-17T03:23:39.372+0000] {processor.py:842} WARNING - No viable dags retrieved from /opt/airflow/dags/data/models/Kosovo/TS_model.pkl
[2024-08-17T03:23:39.384+0000] {processor.py:183} INFO - Processing /opt/airflow/dags/data/models/Kosovo/TS_model.pkl took 0.027 seconds
[2024-08-17T03:24:10.981+0000] {processor.py:161} INFO - Started process (PID=9233) to work on /opt/airflow/dags/data/models/Kosovo/TS_model.pkl
[2024-08-17T03:24:10.981+0000] {processor.py:830} INFO - Processing file /opt/airflow/dags/data/models/Kosovo/TS_model.pkl for tasks to queue
[2024-08-17T03:24:10.983+0000] {logging_mixin.py:188} INFO - [2024-08-17T03:24:10.982+0000] {dagbag.py:545} INFO - Filling up the DagBag from /opt/airflow/dags/data/models/Kosovo/TS_model.pkl
[2024-08-17T03:24:11.003+0000] {processor.py:842} WARNING - No viable dags retrieved from /opt/airflow/dags/data/models/Kosovo/TS_model.pkl
[2024-08-17T03:24:11.013+0000] {processor.py:183} INFO - Processing /opt/airflow/dags/data/models/Kosovo/TS_model.pkl took 0.037 seconds
[2024-08-17T03:24:43.712+0000] {processor.py:161} INFO - Started process (PID=9697) to work on /opt/airflow/dags/data/models/Kosovo/TS_model.pkl
[2024-08-17T03:24:43.713+0000] {processor.py:830} INFO - Processing file /opt/airflow/dags/data/models/Kosovo/TS_model.pkl for tasks to queue
[2024-08-17T03:24:43.713+0000] {logging_mixin.py:188} INFO - [2024-08-17T03:24:43.713+0000] {dagbag.py:545} INFO - Filling up the DagBag from /opt/airflow/dags/data/models/Kosovo/TS_model.pkl
[2024-08-17T03:24:43.722+0000] {processor.py:842} WARNING - No viable dags retrieved from /opt/airflow/dags/data/models/Kosovo/TS_model.pkl
[2024-08-17T03:24:43.731+0000] {processor.py:183} INFO - Processing /opt/airflow/dags/data/models/Kosovo/TS_model.pkl took 0.022 seconds
[2024-08-17T03:25:14.630+0000] {processor.py:161} INFO - Started process (PID=10130) to work on /opt/airflow/dags/data/models/Kosovo/TS_model.pkl
[2024-08-17T03:25:14.632+0000] {processor.py:830} INFO - Processing file /opt/airflow/dags/data/models/Kosovo/TS_model.pkl for tasks to queue
[2024-08-17T03:25:14.633+0000] {logging_mixin.py:188} INFO - [2024-08-17T03:25:14.632+0000] {dagbag.py:545} INFO - Filling up the DagBag from /opt/airflow/dags/data/models/Kosovo/TS_model.pkl
[2024-08-17T03:25:14.666+0000] {processor.py:842} WARNING - No viable dags retrieved from /opt/airflow/dags/data/models/Kosovo/TS_model.pkl
[2024-08-17T03:25:14.676+0000] {processor.py:183} INFO - Processing /opt/airflow/dags/data/models/Kosovo/TS_model.pkl took 0.051 seconds
[2024-08-17T03:25:45.507+0000] {processor.py:161} INFO - Started process (PID=10558) to work on /opt/airflow/dags/data/models/Kosovo/TS_model.pkl
[2024-08-17T03:25:45.507+0000] {processor.py:830} INFO - Processing file /opt/airflow/dags/data/models/Kosovo/TS_model.pkl for tasks to queue
[2024-08-17T03:25:45.508+0000] {logging_mixin.py:188} INFO - [2024-08-17T03:25:45.508+0000] {dagbag.py:545} INFO - Filling up the DagBag from /opt/airflow/dags/data/models/Kosovo/TS_model.pkl
[2024-08-17T03:25:45.515+0000] {processor.py:842} WARNING - No viable dags retrieved from /opt/airflow/dags/data/models/Kosovo/TS_model.pkl
[2024-08-17T03:25:45.524+0000] {processor.py:183} INFO - Processing /opt/airflow/dags/data/models/Kosovo/TS_model.pkl took 0.021 seconds
[2024-08-17T03:26:16.735+0000] {processor.py:161} INFO - Started process (PID=10993) to work on /opt/airflow/dags/data/models/Kosovo/TS_model.pkl
[2024-08-17T03:26:16.736+0000] {processor.py:830} INFO - Processing file /opt/airflow/dags/data/models/Kosovo/TS_model.pkl for tasks to queue
[2024-08-17T03:26:16.736+0000] {logging_mixin.py:188} INFO - [2024-08-17T03:26:16.736+0000] {dagbag.py:545} INFO - Filling up the DagBag from /opt/airflow/dags/data/models/Kosovo/TS_model.pkl
[2024-08-17T03:26:16.744+0000] {processor.py:842} WARNING - No viable dags retrieved from /opt/airflow/dags/data/models/Kosovo/TS_model.pkl
[2024-08-17T03:26:16.753+0000] {processor.py:183} INFO - Processing /opt/airflow/dags/data/models/Kosovo/TS_model.pkl took 0.022 seconds
[2024-08-17T03:26:47.452+0000] {processor.py:161} INFO - Started process (PID=11419) to work on /opt/airflow/dags/data/models/Kosovo/TS_model.pkl
[2024-08-17T03:26:47.452+0000] {processor.py:830} INFO - Processing file /opt/airflow/dags/data/models/Kosovo/TS_model.pkl for tasks to queue
[2024-08-17T03:26:47.453+0000] {logging_mixin.py:188} INFO - [2024-08-17T03:26:47.453+0000] {dagbag.py:545} INFO - Filling up the DagBag from /opt/airflow/dags/data/models/Kosovo/TS_model.pkl
[2024-08-17T03:26:47.462+0000] {processor.py:842} WARNING - No viable dags retrieved from /opt/airflow/dags/data/models/Kosovo/TS_model.pkl
[2024-08-17T03:26:47.471+0000] {processor.py:183} INFO - Processing /opt/airflow/dags/data/models/Kosovo/TS_model.pkl took 0.023 seconds
[2024-08-17T03:27:18.420+0000] {processor.py:161} INFO - Started process (PID=11877) to work on /opt/airflow/dags/data/models/Kosovo/TS_model.pkl
[2024-08-17T03:27:18.421+0000] {processor.py:830} INFO - Processing file /opt/airflow/dags/data/models/Kosovo/TS_model.pkl for tasks to queue
[2024-08-17T03:27:18.421+0000] {logging_mixin.py:188} INFO - [2024-08-17T03:27:18.421+0000] {dagbag.py:545} INFO - Filling up the DagBag from /opt/airflow/dags/data/models/Kosovo/TS_model.pkl
[2024-08-17T03:27:18.430+0000] {processor.py:842} WARNING - No viable dags retrieved from /opt/airflow/dags/data/models/Kosovo/TS_model.pkl
[2024-08-17T03:27:18.440+0000] {processor.py:183} INFO - Processing /opt/airflow/dags/data/models/Kosovo/TS_model.pkl took 0.023 seconds
[2024-08-17T03:27:49.489+0000] {processor.py:161} INFO - Started process (PID=12333) to work on /opt/airflow/dags/data/models/Kosovo/TS_model.pkl
[2024-08-17T03:27:49.489+0000] {processor.py:830} INFO - Processing file /opt/airflow/dags/data/models/Kosovo/TS_model.pkl for tasks to queue
[2024-08-17T03:27:49.490+0000] {logging_mixin.py:188} INFO - [2024-08-17T03:27:49.490+0000] {dagbag.py:545} INFO - Filling up the DagBag from /opt/airflow/dags/data/models/Kosovo/TS_model.pkl
[2024-08-17T03:27:49.499+0000] {processor.py:842} WARNING - No viable dags retrieved from /opt/airflow/dags/data/models/Kosovo/TS_model.pkl
[2024-08-17T03:27:49.507+0000] {processor.py:183} INFO - Processing /opt/airflow/dags/data/models/Kosovo/TS_model.pkl took 0.022 seconds
[2024-08-17T03:28:20.707+0000] {processor.py:161} INFO - Started process (PID=12763) to work on /opt/airflow/dags/data/models/Kosovo/TS_model.pkl
[2024-08-17T03:28:20.709+0000] {processor.py:830} INFO - Processing file /opt/airflow/dags/data/models/Kosovo/TS_model.pkl for tasks to queue
[2024-08-17T03:28:20.710+0000] {logging_mixin.py:188} INFO - [2024-08-17T03:28:20.709+0000] {dagbag.py:545} INFO - Filling up the DagBag from /opt/airflow/dags/data/models/Kosovo/TS_model.pkl
[2024-08-17T03:28:20.717+0000] {processor.py:842} WARNING - No viable dags retrieved from /opt/airflow/dags/data/models/Kosovo/TS_model.pkl
[2024-08-17T03:28:20.726+0000] {processor.py:183} INFO - Processing /opt/airflow/dags/data/models/Kosovo/TS_model.pkl took 0.023 seconds
[2024-08-17T03:28:57.146+0000] {processor.py:161} INFO - Started process (PID=13223) to work on /opt/airflow/dags/data/models/Kosovo/TS_model.pkl
[2024-08-17T03:28:57.146+0000] {processor.py:830} INFO - Processing file /opt/airflow/dags/data/models/Kosovo/TS_model.pkl for tasks to queue
[2024-08-17T03:28:57.147+0000] {logging_mixin.py:188} INFO - [2024-08-17T03:28:57.147+0000] {dagbag.py:545} INFO - Filling up the DagBag from /opt/airflow/dags/data/models/Kosovo/TS_model.pkl
[2024-08-17T03:28:57.154+0000] {processor.py:842} WARNING - No viable dags retrieved from /opt/airflow/dags/data/models/Kosovo/TS_model.pkl
[2024-08-17T03:28:57.163+0000] {processor.py:183} INFO - Processing /opt/airflow/dags/data/models/Kosovo/TS_model.pkl took 0.021 seconds
[2024-08-17T03:29:28.185+0000] {processor.py:161} INFO - Started process (PID=13670) to work on /opt/airflow/dags/data/models/Kosovo/TS_model.pkl
[2024-08-17T03:29:28.188+0000] {processor.py:830} INFO - Processing file /opt/airflow/dags/data/models/Kosovo/TS_model.pkl for tasks to queue
[2024-08-17T03:29:28.189+0000] {logging_mixin.py:188} INFO - [2024-08-17T03:29:28.189+0000] {dagbag.py:545} INFO - Filling up the DagBag from /opt/airflow/dags/data/models/Kosovo/TS_model.pkl
[2024-08-17T03:29:28.197+0000] {processor.py:842} WARNING - No viable dags retrieved from /opt/airflow/dags/data/models/Kosovo/TS_model.pkl
[2024-08-17T03:29:28.206+0000] {processor.py:183} INFO - Processing /opt/airflow/dags/data/models/Kosovo/TS_model.pkl took 0.024 seconds
[2024-08-17T03:29:59.338+0000] {processor.py:161} INFO - Started process (PID=14124) to work on /opt/airflow/dags/data/models/Kosovo/TS_model.pkl
[2024-08-17T03:29:59.338+0000] {processor.py:830} INFO - Processing file /opt/airflow/dags/data/models/Kosovo/TS_model.pkl for tasks to queue
[2024-08-17T03:29:59.339+0000] {logging_mixin.py:188} INFO - [2024-08-17T03:29:59.339+0000] {dagbag.py:545} INFO - Filling up the DagBag from /opt/airflow/dags/data/models/Kosovo/TS_model.pkl
[2024-08-17T03:29:59.347+0000] {processor.py:842} WARNING - No viable dags retrieved from /opt/airflow/dags/data/models/Kosovo/TS_model.pkl
[2024-08-17T03:29:59.357+0000] {processor.py:183} INFO - Processing /opt/airflow/dags/data/models/Kosovo/TS_model.pkl took 0.024 seconds
[2024-08-17T03:30:30.192+0000] {processor.py:161} INFO - Started process (PID=14552) to work on /opt/airflow/dags/data/models/Kosovo/TS_model.pkl
[2024-08-17T03:30:30.192+0000] {processor.py:830} INFO - Processing file /opt/airflow/dags/data/models/Kosovo/TS_model.pkl for tasks to queue
[2024-08-17T03:30:30.193+0000] {logging_mixin.py:188} INFO - [2024-08-17T03:30:30.192+0000] {dagbag.py:545} INFO - Filling up the DagBag from /opt/airflow/dags/data/models/Kosovo/TS_model.pkl
[2024-08-17T03:30:30.200+0000] {processor.py:842} WARNING - No viable dags retrieved from /opt/airflow/dags/data/models/Kosovo/TS_model.pkl
[2024-08-17T03:30:30.209+0000] {processor.py:183} INFO - Processing /opt/airflow/dags/data/models/Kosovo/TS_model.pkl took 0.021 seconds
[2024-08-17T03:31:01.112+0000] {processor.py:161} INFO - Started process (PID=15006) to work on /opt/airflow/dags/data/models/Kosovo/TS_model.pkl
[2024-08-17T03:31:01.113+0000] {processor.py:830} INFO - Processing file /opt/airflow/dags/data/models/Kosovo/TS_model.pkl for tasks to queue
[2024-08-17T03:31:01.115+0000] {logging_mixin.py:188} INFO - [2024-08-17T03:31:01.114+0000] {dagbag.py:545} INFO - Filling up the DagBag from /opt/airflow/dags/data/models/Kosovo/TS_model.pkl
[2024-08-17T03:31:01.123+0000] {processor.py:842} WARNING - No viable dags retrieved from /opt/airflow/dags/data/models/Kosovo/TS_model.pkl
[2024-08-17T03:31:01.132+0000] {processor.py:183} INFO - Processing /opt/airflow/dags/data/models/Kosovo/TS_model.pkl took 0.024 seconds
[2024-08-17T03:31:32.038+0000] {processor.py:161} INFO - Started process (PID=15461) to work on /opt/airflow/dags/data/models/Kosovo/TS_model.pkl
[2024-08-17T03:31:32.039+0000] {processor.py:830} INFO - Processing file /opt/airflow/dags/data/models/Kosovo/TS_model.pkl for tasks to queue
[2024-08-17T03:31:32.040+0000] {logging_mixin.py:188} INFO - [2024-08-17T03:31:32.040+0000] {dagbag.py:545} INFO - Filling up the DagBag from /opt/airflow/dags/data/models/Kosovo/TS_model.pkl
[2024-08-17T03:31:32.054+0000] {processor.py:842} WARNING - No viable dags retrieved from /opt/airflow/dags/data/models/Kosovo/TS_model.pkl
[2024-08-17T03:31:32.063+0000] {processor.py:183} INFO - Processing /opt/airflow/dags/data/models/Kosovo/TS_model.pkl took 0.028 seconds
[2024-08-17T03:32:02.673+0000] {processor.py:161} INFO - Started process (PID=15889) to work on /opt/airflow/dags/data/models/Kosovo/TS_model.pkl
[2024-08-17T03:32:02.673+0000] {processor.py:830} INFO - Processing file /opt/airflow/dags/data/models/Kosovo/TS_model.pkl for tasks to queue
[2024-08-17T03:32:02.674+0000] {logging_mixin.py:188} INFO - [2024-08-17T03:32:02.674+0000] {dagbag.py:545} INFO - Filling up the DagBag from /opt/airflow/dags/data/models/Kosovo/TS_model.pkl
[2024-08-17T03:32:02.684+0000] {processor.py:842} WARNING - No viable dags retrieved from /opt/airflow/dags/data/models/Kosovo/TS_model.pkl
[2024-08-17T03:32:02.692+0000] {processor.py:183} INFO - Processing /opt/airflow/dags/data/models/Kosovo/TS_model.pkl took 0.023 seconds
[2024-08-17T03:32:33.312+0000] {processor.py:161} INFO - Started process (PID=16342) to work on /opt/airflow/dags/data/models/Kosovo/TS_model.pkl
[2024-08-17T03:32:33.313+0000] {processor.py:830} INFO - Processing file /opt/airflow/dags/data/models/Kosovo/TS_model.pkl for tasks to queue
[2024-08-17T03:32:33.313+0000] {logging_mixin.py:188} INFO - [2024-08-17T03:32:33.313+0000] {dagbag.py:545} INFO - Filling up the DagBag from /opt/airflow/dags/data/models/Kosovo/TS_model.pkl
[2024-08-17T03:32:33.320+0000] {processor.py:842} WARNING - No viable dags retrieved from /opt/airflow/dags/data/models/Kosovo/TS_model.pkl
[2024-08-17T03:32:33.329+0000] {processor.py:183} INFO - Processing /opt/airflow/dags/data/models/Kosovo/TS_model.pkl took 0.021 seconds
[2024-08-17T03:33:04.864+0000] {processor.py:161} INFO - Started process (PID=16777) to work on /opt/airflow/dags/data/models/Kosovo/TS_model.pkl
[2024-08-17T03:33:04.864+0000] {processor.py:830} INFO - Processing file /opt/airflow/dags/data/models/Kosovo/TS_model.pkl for tasks to queue
[2024-08-17T03:33:04.865+0000] {logging_mixin.py:188} INFO - [2024-08-17T03:33:04.865+0000] {dagbag.py:545} INFO - Filling up the DagBag from /opt/airflow/dags/data/models/Kosovo/TS_model.pkl
[2024-08-17T03:33:04.876+0000] {processor.py:842} WARNING - No viable dags retrieved from /opt/airflow/dags/data/models/Kosovo/TS_model.pkl
[2024-08-17T03:33:04.886+0000] {processor.py:183} INFO - Processing /opt/airflow/dags/data/models/Kosovo/TS_model.pkl took 0.026 seconds
[2024-08-17T03:33:35.946+0000] {processor.py:161} INFO - Started process (PID=17205) to work on /opt/airflow/dags/data/models/Kosovo/TS_model.pkl
[2024-08-17T03:33:35.949+0000] {processor.py:830} INFO - Processing file /opt/airflow/dags/data/models/Kosovo/TS_model.pkl for tasks to queue
[2024-08-17T03:33:35.951+0000] {logging_mixin.py:188} INFO - [2024-08-17T03:33:35.951+0000] {dagbag.py:545} INFO - Filling up the DagBag from /opt/airflow/dags/data/models/Kosovo/TS_model.pkl
[2024-08-17T03:33:35.967+0000] {processor.py:842} WARNING - No viable dags retrieved from /opt/airflow/dags/data/models/Kosovo/TS_model.pkl
[2024-08-17T03:33:35.977+0000] {processor.py:183} INFO - Processing /opt/airflow/dags/data/models/Kosovo/TS_model.pkl took 0.035 seconds
[2024-08-17T03:34:07.046+0000] {processor.py:161} INFO - Started process (PID=17657) to work on /opt/airflow/dags/data/models/Kosovo/TS_model.pkl
[2024-08-17T03:34:07.047+0000] {processor.py:830} INFO - Processing file /opt/airflow/dags/data/models/Kosovo/TS_model.pkl for tasks to queue
[2024-08-17T03:34:07.047+0000] {logging_mixin.py:188} INFO - [2024-08-17T03:34:07.047+0000] {dagbag.py:545} INFO - Filling up the DagBag from /opt/airflow/dags/data/models/Kosovo/TS_model.pkl
[2024-08-17T03:34:07.057+0000] {processor.py:842} WARNING - No viable dags retrieved from /opt/airflow/dags/data/models/Kosovo/TS_model.pkl
[2024-08-17T03:34:07.066+0000] {processor.py:183} INFO - Processing /opt/airflow/dags/data/models/Kosovo/TS_model.pkl took 0.025 seconds
[2024-08-17T03:34:38.554+0000] {processor.py:161} INFO - Started process (PID=18066) to work on /opt/airflow/dags/data/models/Kosovo/TS_model.pkl
[2024-08-17T03:34:38.554+0000] {processor.py:830} INFO - Processing file /opt/airflow/dags/data/models/Kosovo/TS_model.pkl for tasks to queue
[2024-08-17T03:34:38.555+0000] {logging_mixin.py:188} INFO - [2024-08-17T03:34:38.555+0000] {dagbag.py:545} INFO - Filling up the DagBag from /opt/airflow/dags/data/models/Kosovo/TS_model.pkl
[2024-08-17T03:34:38.563+0000] {processor.py:842} WARNING - No viable dags retrieved from /opt/airflow/dags/data/models/Kosovo/TS_model.pkl
[2024-08-17T03:34:38.573+0000] {processor.py:183} INFO - Processing /opt/airflow/dags/data/models/Kosovo/TS_model.pkl took 0.024 seconds
[2024-08-17T03:35:09.535+0000] {processor.py:161} INFO - Started process (PID=18518) to work on /opt/airflow/dags/data/models/Kosovo/TS_model.pkl
[2024-08-17T03:35:09.535+0000] {processor.py:830} INFO - Processing file /opt/airflow/dags/data/models/Kosovo/TS_model.pkl for tasks to queue
[2024-08-17T03:35:09.536+0000] {logging_mixin.py:188} INFO - [2024-08-17T03:35:09.536+0000] {dagbag.py:545} INFO - Filling up the DagBag from /opt/airflow/dags/data/models/Kosovo/TS_model.pkl
[2024-08-17T03:35:09.542+0000] {processor.py:842} WARNING - No viable dags retrieved from /opt/airflow/dags/data/models/Kosovo/TS_model.pkl
[2024-08-17T03:35:09.552+0000] {processor.py:183} INFO - Processing /opt/airflow/dags/data/models/Kosovo/TS_model.pkl took 0.021 seconds
[2024-08-17T03:35:40.785+0000] {processor.py:161} INFO - Started process (PID=18972) to work on /opt/airflow/dags/data/models/Kosovo/TS_model.pkl
[2024-08-17T03:35:40.786+0000] {processor.py:830} INFO - Processing file /opt/airflow/dags/data/models/Kosovo/TS_model.pkl for tasks to queue
[2024-08-17T03:35:40.786+0000] {logging_mixin.py:188} INFO - [2024-08-17T03:35:40.786+0000] {dagbag.py:545} INFO - Filling up the DagBag from /opt/airflow/dags/data/models/Kosovo/TS_model.pkl
[2024-08-17T03:35:40.797+0000] {processor.py:842} WARNING - No viable dags retrieved from /opt/airflow/dags/data/models/Kosovo/TS_model.pkl
[2024-08-17T03:35:40.807+0000] {processor.py:183} INFO - Processing /opt/airflow/dags/data/models/Kosovo/TS_model.pkl took 0.025 seconds
[2024-08-17T03:36:11.749+0000] {processor.py:161} INFO - Started process (PID=19379) to work on /opt/airflow/dags/data/models/Kosovo/TS_model.pkl
[2024-08-17T03:36:11.750+0000] {processor.py:830} INFO - Processing file /opt/airflow/dags/data/models/Kosovo/TS_model.pkl for tasks to queue
[2024-08-17T03:36:11.750+0000] {logging_mixin.py:188} INFO - [2024-08-17T03:36:11.750+0000] {dagbag.py:545} INFO - Filling up the DagBag from /opt/airflow/dags/data/models/Kosovo/TS_model.pkl
[2024-08-17T03:36:11.758+0000] {processor.py:842} WARNING - No viable dags retrieved from /opt/airflow/dags/data/models/Kosovo/TS_model.pkl
[2024-08-17T03:36:11.768+0000] {processor.py:183} INFO - Processing /opt/airflow/dags/data/models/Kosovo/TS_model.pkl took 0.024 seconds
[2024-08-17T03:36:42.691+0000] {processor.py:161} INFO - Started process (PID=19833) to work on /opt/airflow/dags/data/models/Kosovo/TS_model.pkl
[2024-08-17T03:36:42.691+0000] {processor.py:830} INFO - Processing file /opt/airflow/dags/data/models/Kosovo/TS_model.pkl for tasks to queue
[2024-08-17T03:36:42.692+0000] {logging_mixin.py:188} INFO - [2024-08-17T03:36:42.692+0000] {dagbag.py:545} INFO - Filling up the DagBag from /opt/airflow/dags/data/models/Kosovo/TS_model.pkl
[2024-08-17T03:36:42.702+0000] {processor.py:842} WARNING - No viable dags retrieved from /opt/airflow/dags/data/models/Kosovo/TS_model.pkl
[2024-08-17T03:36:42.711+0000] {processor.py:183} INFO - Processing /opt/airflow/dags/data/models/Kosovo/TS_model.pkl took 0.023 seconds
[2024-08-17T03:37:13.670+0000] {processor.py:161} INFO - Started process (PID=20287) to work on /opt/airflow/dags/data/models/Kosovo/TS_model.pkl
[2024-08-17T03:37:13.671+0000] {processor.py:830} INFO - Processing file /opt/airflow/dags/data/models/Kosovo/TS_model.pkl for tasks to queue
[2024-08-17T03:37:13.672+0000] {logging_mixin.py:188} INFO - [2024-08-17T03:37:13.672+0000] {dagbag.py:545} INFO - Filling up the DagBag from /opt/airflow/dags/data/models/Kosovo/TS_model.pkl
[2024-08-17T03:37:13.681+0000] {processor.py:842} WARNING - No viable dags retrieved from /opt/airflow/dags/data/models/Kosovo/TS_model.pkl
[2024-08-17T03:37:13.691+0000] {processor.py:183} INFO - Processing /opt/airflow/dags/data/models/Kosovo/TS_model.pkl took 0.025 seconds
[2024-08-17T03:37:44.806+0000] {processor.py:161} INFO - Started process (PID=20715) to work on /opt/airflow/dags/data/models/Kosovo/TS_model.pkl
[2024-08-17T03:37:44.807+0000] {processor.py:830} INFO - Processing file /opt/airflow/dags/data/models/Kosovo/TS_model.pkl for tasks to queue
[2024-08-17T03:37:44.808+0000] {logging_mixin.py:188} INFO - [2024-08-17T03:37:44.808+0000] {dagbag.py:545} INFO - Filling up the DagBag from /opt/airflow/dags/data/models/Kosovo/TS_model.pkl
[2024-08-17T03:37:44.816+0000] {processor.py:842} WARNING - No viable dags retrieved from /opt/airflow/dags/data/models/Kosovo/TS_model.pkl
[2024-08-17T03:37:44.826+0000] {processor.py:183} INFO - Processing /opt/airflow/dags/data/models/Kosovo/TS_model.pkl took 0.023 seconds
[2024-08-17T09:22:51.019+0000] {processor.py:161} INFO - Started process (PID=278) to work on /opt/airflow/dags/data/models/Kosovo/TS_model.pkl
[2024-08-17T09:22:51.020+0000] {processor.py:830} INFO - Processing file /opt/airflow/dags/data/models/Kosovo/TS_model.pkl for tasks to queue
[2024-08-17T09:22:51.022+0000] {logging_mixin.py:188} INFO - [2024-08-17T09:22:51.021+0000] {dagbag.py:545} INFO - Filling up the DagBag from /opt/airflow/dags/data/models/Kosovo/TS_model.pkl
[2024-08-17T09:22:51.031+0000] {processor.py:842} WARNING - No viable dags retrieved from /opt/airflow/dags/data/models/Kosovo/TS_model.pkl
[2024-08-17T09:22:51.041+0000] {processor.py:183} INFO - Processing /opt/airflow/dags/data/models/Kosovo/TS_model.pkl took 0.025 seconds
[2024-08-17T09:23:23.268+0000] {processor.py:161} INFO - Started process (PID=708) to work on /opt/airflow/dags/data/models/Kosovo/TS_model.pkl
[2024-08-17T09:23:23.268+0000] {processor.py:830} INFO - Processing file /opt/airflow/dags/data/models/Kosovo/TS_model.pkl for tasks to queue
[2024-08-17T09:23:23.269+0000] {logging_mixin.py:188} INFO - [2024-08-17T09:23:23.269+0000] {dagbag.py:545} INFO - Filling up the DagBag from /opt/airflow/dags/data/models/Kosovo/TS_model.pkl
[2024-08-17T09:23:23.276+0000] {processor.py:842} WARNING - No viable dags retrieved from /opt/airflow/dags/data/models/Kosovo/TS_model.pkl
[2024-08-17T09:23:23.284+0000] {processor.py:183} INFO - Processing /opt/airflow/dags/data/models/Kosovo/TS_model.pkl took 0.019 seconds
[2024-08-17T09:23:54.923+0000] {processor.py:161} INFO - Started process (PID=1162) to work on /opt/airflow/dags/data/models/Kosovo/TS_model.pkl
[2024-08-17T09:23:54.924+0000] {processor.py:830} INFO - Processing file /opt/airflow/dags/data/models/Kosovo/TS_model.pkl for tasks to queue
[2024-08-17T09:23:54.925+0000] {logging_mixin.py:188} INFO - [2024-08-17T09:23:54.925+0000] {dagbag.py:545} INFO - Filling up the DagBag from /opt/airflow/dags/data/models/Kosovo/TS_model.pkl
[2024-08-17T09:23:54.932+0000] {processor.py:842} WARNING - No viable dags retrieved from /opt/airflow/dags/data/models/Kosovo/TS_model.pkl
[2024-08-17T09:23:54.940+0000] {processor.py:183} INFO - Processing /opt/airflow/dags/data/models/Kosovo/TS_model.pkl took 0.020 seconds
[2024-08-17T09:24:27.860+0000] {processor.py:161} INFO - Started process (PID=1616) to work on /opt/airflow/dags/data/models/Kosovo/TS_model.pkl
[2024-08-17T09:24:27.861+0000] {processor.py:830} INFO - Processing file /opt/airflow/dags/data/models/Kosovo/TS_model.pkl for tasks to queue
[2024-08-17T09:24:27.862+0000] {logging_mixin.py:188} INFO - [2024-08-17T09:24:27.862+0000] {dagbag.py:545} INFO - Filling up the DagBag from /opt/airflow/dags/data/models/Kosovo/TS_model.pkl
[2024-08-17T09:24:27.870+0000] {processor.py:842} WARNING - No viable dags retrieved from /opt/airflow/dags/data/models/Kosovo/TS_model.pkl
[2024-08-17T09:24:27.879+0000] {processor.py:183} INFO - Processing /opt/airflow/dags/data/models/Kosovo/TS_model.pkl took 0.022 seconds
[2024-08-17T09:24:59.369+0000] {processor.py:161} INFO - Started process (PID=2070) to work on /opt/airflow/dags/data/models/Kosovo/TS_model.pkl
[2024-08-17T09:24:59.370+0000] {processor.py:830} INFO - Processing file /opt/airflow/dags/data/models/Kosovo/TS_model.pkl for tasks to queue
[2024-08-17T09:24:59.371+0000] {logging_mixin.py:188} INFO - [2024-08-17T09:24:59.371+0000] {dagbag.py:545} INFO - Filling up the DagBag from /opt/airflow/dags/data/models/Kosovo/TS_model.pkl
[2024-08-17T09:24:59.379+0000] {processor.py:842} WARNING - No viable dags retrieved from /opt/airflow/dags/data/models/Kosovo/TS_model.pkl
[2024-08-17T09:24:59.388+0000] {processor.py:183} INFO - Processing /opt/airflow/dags/data/models/Kosovo/TS_model.pkl took 0.023 seconds
[2024-08-17T09:25:30.637+0000] {processor.py:161} INFO - Started process (PID=2498) to work on /opt/airflow/dags/data/models/Kosovo/TS_model.pkl
[2024-08-17T09:25:30.638+0000] {processor.py:830} INFO - Processing file /opt/airflow/dags/data/models/Kosovo/TS_model.pkl for tasks to queue
[2024-08-17T09:25:30.639+0000] {logging_mixin.py:188} INFO - [2024-08-17T09:25:30.639+0000] {dagbag.py:545} INFO - Filling up the DagBag from /opt/airflow/dags/data/models/Kosovo/TS_model.pkl
[2024-08-17T09:25:30.651+0000] {processor.py:842} WARNING - No viable dags retrieved from /opt/airflow/dags/data/models/Kosovo/TS_model.pkl
[2024-08-17T09:25:30.660+0000] {processor.py:183} INFO - Processing /opt/airflow/dags/data/models/Kosovo/TS_model.pkl took 0.027 seconds
[2024-08-17T09:26:01.511+0000] {processor.py:161} INFO - Started process (PID=2952) to work on /opt/airflow/dags/data/models/Kosovo/TS_model.pkl
[2024-08-17T09:26:01.511+0000] {processor.py:830} INFO - Processing file /opt/airflow/dags/data/models/Kosovo/TS_model.pkl for tasks to queue
[2024-08-17T09:26:01.512+0000] {logging_mixin.py:188} INFO - [2024-08-17T09:26:01.512+0000] {dagbag.py:545} INFO - Filling up the DagBag from /opt/airflow/dags/data/models/Kosovo/TS_model.pkl
[2024-08-17T09:26:01.519+0000] {processor.py:842} WARNING - No viable dags retrieved from /opt/airflow/dags/data/models/Kosovo/TS_model.pkl
[2024-08-17T09:26:01.527+0000] {processor.py:183} INFO - Processing /opt/airflow/dags/data/models/Kosovo/TS_model.pkl took 0.020 seconds
[2024-08-17T09:26:32.360+0000] {processor.py:161} INFO - Started process (PID=3387) to work on /opt/airflow/dags/data/models/Kosovo/TS_model.pkl
[2024-08-17T09:26:32.361+0000] {processor.py:830} INFO - Processing file /opt/airflow/dags/data/models/Kosovo/TS_model.pkl for tasks to queue
[2024-08-17T09:26:32.362+0000] {logging_mixin.py:188} INFO - [2024-08-17T09:26:32.362+0000] {dagbag.py:545} INFO - Filling up the DagBag from /opt/airflow/dags/data/models/Kosovo/TS_model.pkl
[2024-08-17T09:26:32.384+0000] {processor.py:842} WARNING - No viable dags retrieved from /opt/airflow/dags/data/models/Kosovo/TS_model.pkl
[2024-08-17T09:26:32.394+0000] {processor.py:183} INFO - Processing /opt/airflow/dags/data/models/Kosovo/TS_model.pkl took 0.037 seconds
[2024-08-17T09:27:03.461+0000] {processor.py:161} INFO - Started process (PID=3835) to work on /opt/airflow/dags/data/models/Kosovo/TS_model.pkl
[2024-08-17T09:27:03.462+0000] {processor.py:830} INFO - Processing file /opt/airflow/dags/data/models/Kosovo/TS_model.pkl for tasks to queue
[2024-08-17T09:27:03.463+0000] {logging_mixin.py:188} INFO - [2024-08-17T09:27:03.463+0000] {dagbag.py:545} INFO - Filling up the DagBag from /opt/airflow/dags/data/models/Kosovo/TS_model.pkl
[2024-08-17T09:27:03.472+0000] {processor.py:842} WARNING - No viable dags retrieved from /opt/airflow/dags/data/models/Kosovo/TS_model.pkl
[2024-08-17T09:27:03.482+0000] {processor.py:183} INFO - Processing /opt/airflow/dags/data/models/Kosovo/TS_model.pkl took 0.025 seconds
[2024-08-17T09:27:34.419+0000] {processor.py:161} INFO - Started process (PID=4290) to work on /opt/airflow/dags/data/models/Kosovo/TS_model.pkl
[2024-08-17T09:27:34.419+0000] {processor.py:830} INFO - Processing file /opt/airflow/dags/data/models/Kosovo/TS_model.pkl for tasks to queue
[2024-08-17T09:27:34.420+0000] {logging_mixin.py:188} INFO - [2024-08-17T09:27:34.420+0000] {dagbag.py:545} INFO - Filling up the DagBag from /opt/airflow/dags/data/models/Kosovo/TS_model.pkl
[2024-08-17T09:27:34.429+0000] {processor.py:842} WARNING - No viable dags retrieved from /opt/airflow/dags/data/models/Kosovo/TS_model.pkl
[2024-08-17T09:27:34.438+0000] {processor.py:183} INFO - Processing /opt/airflow/dags/data/models/Kosovo/TS_model.pkl took 0.023 seconds
[2024-08-17T09:28:05.168+0000] {processor.py:161} INFO - Started process (PID=4717) to work on /opt/airflow/dags/data/models/Kosovo/TS_model.pkl
[2024-08-17T09:28:05.170+0000] {processor.py:830} INFO - Processing file /opt/airflow/dags/data/models/Kosovo/TS_model.pkl for tasks to queue
[2024-08-17T09:28:05.171+0000] {logging_mixin.py:188} INFO - [2024-08-17T09:28:05.171+0000] {dagbag.py:545} INFO - Filling up the DagBag from /opt/airflow/dags/data/models/Kosovo/TS_model.pkl
[2024-08-17T09:28:05.179+0000] {processor.py:842} WARNING - No viable dags retrieved from /opt/airflow/dags/data/models/Kosovo/TS_model.pkl
[2024-08-17T09:28:05.188+0000] {processor.py:183} INFO - Processing /opt/airflow/dags/data/models/Kosovo/TS_model.pkl took 0.023 seconds
[2024-08-17T09:28:36.041+0000] {processor.py:161} INFO - Started process (PID=5171) to work on /opt/airflow/dags/data/models/Kosovo/TS_model.pkl
[2024-08-17T09:28:36.042+0000] {processor.py:830} INFO - Processing file /opt/airflow/dags/data/models/Kosovo/TS_model.pkl for tasks to queue
[2024-08-17T09:28:36.043+0000] {logging_mixin.py:188} INFO - [2024-08-17T09:28:36.043+0000] {dagbag.py:545} INFO - Filling up the DagBag from /opt/airflow/dags/data/models/Kosovo/TS_model.pkl
[2024-08-17T09:28:36.055+0000] {processor.py:842} WARNING - No viable dags retrieved from /opt/airflow/dags/data/models/Kosovo/TS_model.pkl
[2024-08-17T09:28:36.063+0000] {processor.py:183} INFO - Processing /opt/airflow/dags/data/models/Kosovo/TS_model.pkl took 0.025 seconds
[2024-08-17T09:29:07.479+0000] {processor.py:161} INFO - Started process (PID=5625) to work on /opt/airflow/dags/data/models/Kosovo/TS_model.pkl
[2024-08-17T09:29:07.479+0000] {processor.py:830} INFO - Processing file /opt/airflow/dags/data/models/Kosovo/TS_model.pkl for tasks to queue
[2024-08-17T09:29:07.480+0000] {logging_mixin.py:188} INFO - [2024-08-17T09:29:07.480+0000] {dagbag.py:545} INFO - Filling up the DagBag from /opt/airflow/dags/data/models/Kosovo/TS_model.pkl
[2024-08-17T09:29:07.491+0000] {processor.py:842} WARNING - No viable dags retrieved from /opt/airflow/dags/data/models/Kosovo/TS_model.pkl
[2024-08-17T09:29:07.499+0000] {processor.py:183} INFO - Processing /opt/airflow/dags/data/models/Kosovo/TS_model.pkl took 0.024 seconds
[2024-08-17T09:29:39.488+0000] {processor.py:161} INFO - Started process (PID=6060) to work on /opt/airflow/dags/data/models/Kosovo/TS_model.pkl
[2024-08-17T09:29:39.489+0000] {processor.py:830} INFO - Processing file /opt/airflow/dags/data/models/Kosovo/TS_model.pkl for tasks to queue
[2024-08-17T09:29:39.494+0000] {logging_mixin.py:188} INFO - [2024-08-17T09:29:39.494+0000] {dagbag.py:545} INFO - Filling up the DagBag from /opt/airflow/dags/data/models/Kosovo/TS_model.pkl
[2024-08-17T09:29:39.525+0000] {processor.py:842} WARNING - No viable dags retrieved from /opt/airflow/dags/data/models/Kosovo/TS_model.pkl
[2024-08-17T09:29:39.535+0000] {processor.py:183} INFO - Processing /opt/airflow/dags/data/models/Kosovo/TS_model.pkl took 0.050 seconds
[2024-08-17T09:30:11.200+0000] {processor.py:161} INFO - Started process (PID=6507) to work on /opt/airflow/dags/data/models/Kosovo/TS_model.pkl
[2024-08-17T09:30:11.201+0000] {processor.py:830} INFO - Processing file /opt/airflow/dags/data/models/Kosovo/TS_model.pkl for tasks to queue
[2024-08-17T09:30:11.202+0000] {logging_mixin.py:188} INFO - [2024-08-17T09:30:11.202+0000] {dagbag.py:545} INFO - Filling up the DagBag from /opt/airflow/dags/data/models/Kosovo/TS_model.pkl
[2024-08-17T09:30:11.209+0000] {processor.py:842} WARNING - No viable dags retrieved from /opt/airflow/dags/data/models/Kosovo/TS_model.pkl
[2024-08-17T09:30:11.218+0000] {processor.py:183} INFO - Processing /opt/airflow/dags/data/models/Kosovo/TS_model.pkl took 0.021 seconds
