[2024-08-17T10:12:53.558+0000] {processor.py:161} INFO - Started process (PID=36603) to work on /opt/airflow/dags/data/models/Tajikistan/cases_TS_model.pkl
[2024-08-17T10:12:53.559+0000] {processor.py:830} INFO - Processing file /opt/airflow/dags/data/models/Tajikistan/cases_TS_model.pkl for tasks to queue
[2024-08-17T10:12:53.560+0000] {logging_mixin.py:188} INFO - [2024-08-17T10:12:53.559+0000] {dagbag.py:545} INFO - Filling up the DagBag from /opt/airflow/dags/data/models/Tajikistan/cases_TS_model.pkl
[2024-08-17T10:12:53.568+0000] {processor.py:842} WARNING - No viable dags retrieved from /opt/airflow/dags/data/models/Tajikistan/cases_TS_model.pkl
[2024-08-17T10:12:53.577+0000] {processor.py:183} INFO - Processing /opt/airflow/dags/data/models/Tajikistan/cases_TS_model.pkl took 0.023 seconds
[2024-08-17T10:13:25.047+0000] {processor.py:161} INFO - Started process (PID=37288) to work on /opt/airflow/dags/data/models/Tajikistan/cases_TS_model.pkl
[2024-08-17T10:13:25.047+0000] {processor.py:830} INFO - Processing file /opt/airflow/dags/data/models/Tajikistan/cases_TS_model.pkl for tasks to queue
[2024-08-17T10:13:25.048+0000] {logging_mixin.py:188} INFO - [2024-08-17T10:13:25.048+0000] {dagbag.py:545} INFO - Filling up the DagBag from /opt/airflow/dags/data/models/Tajikistan/cases_TS_model.pkl
[2024-08-17T10:13:25.055+0000] {processor.py:842} WARNING - No viable dags retrieved from /opt/airflow/dags/data/models/Tajikistan/cases_TS_model.pkl
[2024-08-17T10:13:25.065+0000] {processor.py:183} INFO - Processing /opt/airflow/dags/data/models/Tajikistan/cases_TS_model.pkl took 0.022 seconds
[2024-08-17T10:13:56.596+0000] {processor.py:161} INFO - Started process (PID=37962) to work on /opt/airflow/dags/data/models/Tajikistan/cases_TS_model.pkl
[2024-08-17T10:13:56.598+0000] {processor.py:830} INFO - Processing file /opt/airflow/dags/data/models/Tajikistan/cases_TS_model.pkl for tasks to queue
[2024-08-17T10:13:56.599+0000] {logging_mixin.py:188} INFO - [2024-08-17T10:13:56.598+0000] {dagbag.py:545} INFO - Filling up the DagBag from /opt/airflow/dags/data/models/Tajikistan/cases_TS_model.pkl
[2024-08-17T10:13:56.608+0000] {processor.py:842} WARNING - No viable dags retrieved from /opt/airflow/dags/data/models/Tajikistan/cases_TS_model.pkl
[2024-08-17T10:13:56.619+0000] {processor.py:183} INFO - Processing /opt/airflow/dags/data/models/Tajikistan/cases_TS_model.pkl took 0.027 seconds
[2024-08-17T10:14:28.390+0000] {processor.py:161} INFO - Started process (PID=38648) to work on /opt/airflow/dags/data/models/Tajikistan/cases_TS_model.pkl
[2024-08-17T10:14:28.393+0000] {processor.py:830} INFO - Processing file /opt/airflow/dags/data/models/Tajikistan/cases_TS_model.pkl for tasks to queue
[2024-08-17T10:14:28.394+0000] {logging_mixin.py:188} INFO - [2024-08-17T10:14:28.394+0000] {dagbag.py:545} INFO - Filling up the DagBag from /opt/airflow/dags/data/models/Tajikistan/cases_TS_model.pkl
[2024-08-17T10:14:28.404+0000] {processor.py:842} WARNING - No viable dags retrieved from /opt/airflow/dags/data/models/Tajikistan/cases_TS_model.pkl
[2024-08-17T10:14:28.413+0000] {processor.py:183} INFO - Processing /opt/airflow/dags/data/models/Tajikistan/cases_TS_model.pkl took 0.026 seconds
[2024-08-17T10:15:00.842+0000] {processor.py:161} INFO - Started process (PID=39290) to work on /opt/airflow/dags/data/models/Tajikistan/cases_TS_model.pkl
[2024-08-17T10:15:00.842+0000] {processor.py:830} INFO - Processing file /opt/airflow/dags/data/models/Tajikistan/cases_TS_model.pkl for tasks to queue
[2024-08-17T10:15:00.843+0000] {logging_mixin.py:188} INFO - [2024-08-17T10:15:00.843+0000] {dagbag.py:545} INFO - Filling up the DagBag from /opt/airflow/dags/data/models/Tajikistan/cases_TS_model.pkl
[2024-08-17T10:15:00.852+0000] {processor.py:842} WARNING - No viable dags retrieved from /opt/airflow/dags/data/models/Tajikistan/cases_TS_model.pkl
[2024-08-17T10:15:00.861+0000] {processor.py:183} INFO - Processing /opt/airflow/dags/data/models/Tajikistan/cases_TS_model.pkl took 0.023 seconds
[2024-08-17T10:15:32.654+0000] {processor.py:161} INFO - Started process (PID=39938) to work on /opt/airflow/dags/data/models/Tajikistan/cases_TS_model.pkl
[2024-08-17T10:15:32.654+0000] {processor.py:830} INFO - Processing file /opt/airflow/dags/data/models/Tajikistan/cases_TS_model.pkl for tasks to queue
[2024-08-17T10:15:32.656+0000] {logging_mixin.py:188} INFO - [2024-08-17T10:15:32.655+0000] {dagbag.py:545} INFO - Filling up the DagBag from /opt/airflow/dags/data/models/Tajikistan/cases_TS_model.pkl
[2024-08-17T10:15:32.667+0000] {processor.py:842} WARNING - No viable dags retrieved from /opt/airflow/dags/data/models/Tajikistan/cases_TS_model.pkl
[2024-08-17T10:15:32.676+0000] {processor.py:183} INFO - Processing /opt/airflow/dags/data/models/Tajikistan/cases_TS_model.pkl took 0.027 seconds
[2024-08-17T10:16:05.280+0000] {processor.py:161} INFO - Started process (PID=40605) to work on /opt/airflow/dags/data/models/Tajikistan/cases_TS_model.pkl
[2024-08-17T10:16:05.280+0000] {processor.py:830} INFO - Processing file /opt/airflow/dags/data/models/Tajikistan/cases_TS_model.pkl for tasks to queue
[2024-08-17T10:16:05.281+0000] {logging_mixin.py:188} INFO - [2024-08-17T10:16:05.281+0000] {dagbag.py:545} INFO - Filling up the DagBag from /opt/airflow/dags/data/models/Tajikistan/cases_TS_model.pkl
[2024-08-17T10:16:05.297+0000] {processor.py:842} WARNING - No viable dags retrieved from /opt/airflow/dags/data/models/Tajikistan/cases_TS_model.pkl
[2024-08-17T10:16:05.307+0000] {processor.py:183} INFO - Processing /opt/airflow/dags/data/models/Tajikistan/cases_TS_model.pkl took 0.031 seconds
[2024-08-17T10:16:37.437+0000] {processor.py:161} INFO - Started process (PID=41298) to work on /opt/airflow/dags/data/models/Tajikistan/cases_TS_model.pkl
[2024-08-17T10:16:37.438+0000] {processor.py:830} INFO - Processing file /opt/airflow/dags/data/models/Tajikistan/cases_TS_model.pkl for tasks to queue
[2024-08-17T10:16:37.438+0000] {logging_mixin.py:188} INFO - [2024-08-17T10:16:37.438+0000] {dagbag.py:545} INFO - Filling up the DagBag from /opt/airflow/dags/data/models/Tajikistan/cases_TS_model.pkl
[2024-08-17T10:16:37.452+0000] {processor.py:842} WARNING - No viable dags retrieved from /opt/airflow/dags/data/models/Tajikistan/cases_TS_model.pkl
[2024-08-17T10:16:37.461+0000] {processor.py:183} INFO - Processing /opt/airflow/dags/data/models/Tajikistan/cases_TS_model.pkl took 0.028 seconds
[2024-08-17T10:17:09.845+0000] {processor.py:161} INFO - Started process (PID=41991) to work on /opt/airflow/dags/data/models/Tajikistan/cases_TS_model.pkl
[2024-08-17T10:17:09.845+0000] {processor.py:830} INFO - Processing file /opt/airflow/dags/data/models/Tajikistan/cases_TS_model.pkl for tasks to queue
[2024-08-17T10:17:09.846+0000] {logging_mixin.py:188} INFO - [2024-08-17T10:17:09.845+0000] {dagbag.py:545} INFO - Filling up the DagBag from /opt/airflow/dags/data/models/Tajikistan/cases_TS_model.pkl
[2024-08-17T10:17:09.853+0000] {processor.py:842} WARNING - No viable dags retrieved from /opt/airflow/dags/data/models/Tajikistan/cases_TS_model.pkl
[2024-08-17T10:17:09.863+0000] {processor.py:183} INFO - Processing /opt/airflow/dags/data/models/Tajikistan/cases_TS_model.pkl took 0.022 seconds
[2024-08-17T10:17:55.810+0000] {processor.py:161} INFO - Started process (PID=42760) to work on /opt/airflow/dags/data/models/Tajikistan/cases_TS_model.pkl
[2024-08-17T10:17:55.810+0000] {processor.py:830} INFO - Processing file /opt/airflow/dags/data/models/Tajikistan/cases_TS_model.pkl for tasks to queue
[2024-08-17T10:17:55.811+0000] {logging_mixin.py:188} INFO - [2024-08-17T10:17:55.811+0000] {dagbag.py:545} INFO - Filling up the DagBag from /opt/airflow/dags/data/models/Tajikistan/cases_TS_model.pkl
[2024-08-17T10:17:55.818+0000] {processor.py:842} WARNING - No viable dags retrieved from /opt/airflow/dags/data/models/Tajikistan/cases_TS_model.pkl
[2024-08-17T10:17:55.827+0000] {processor.py:183} INFO - Processing /opt/airflow/dags/data/models/Tajikistan/cases_TS_model.pkl took 0.021 seconds
[2024-08-17T10:18:28.121+0000] {processor.py:161} INFO - Started process (PID=43477) to work on /opt/airflow/dags/data/models/Tajikistan/cases_TS_model.pkl
[2024-08-17T10:18:28.121+0000] {processor.py:830} INFO - Processing file /opt/airflow/dags/data/models/Tajikistan/cases_TS_model.pkl for tasks to queue
[2024-08-17T10:18:28.122+0000] {logging_mixin.py:188} INFO - [2024-08-17T10:18:28.122+0000] {dagbag.py:545} INFO - Filling up the DagBag from /opt/airflow/dags/data/models/Tajikistan/cases_TS_model.pkl
[2024-08-17T10:18:28.131+0000] {processor.py:842} WARNING - No viable dags retrieved from /opt/airflow/dags/data/models/Tajikistan/cases_TS_model.pkl
[2024-08-17T10:18:28.140+0000] {processor.py:183} INFO - Processing /opt/airflow/dags/data/models/Tajikistan/cases_TS_model.pkl took 0.023 seconds
[2024-08-17T10:19:00.214+0000] {processor.py:161} INFO - Started process (PID=44220) to work on /opt/airflow/dags/data/models/Tajikistan/cases_TS_model.pkl
[2024-08-17T10:19:00.215+0000] {processor.py:830} INFO - Processing file /opt/airflow/dags/data/models/Tajikistan/cases_TS_model.pkl for tasks to queue
[2024-08-17T10:19:00.216+0000] {logging_mixin.py:188} INFO - [2024-08-17T10:19:00.215+0000] {dagbag.py:545} INFO - Filling up the DagBag from /opt/airflow/dags/data/models/Tajikistan/cases_TS_model.pkl
[2024-08-17T10:19:00.225+0000] {processor.py:842} WARNING - No viable dags retrieved from /opt/airflow/dags/data/models/Tajikistan/cases_TS_model.pkl
[2024-08-17T10:19:00.236+0000] {processor.py:183} INFO - Processing /opt/airflow/dags/data/models/Tajikistan/cases_TS_model.pkl took 0.025 seconds
[2024-08-17T10:19:32.367+0000] {processor.py:161} INFO - Started process (PID=44963) to work on /opt/airflow/dags/data/models/Tajikistan/cases_TS_model.pkl
[2024-08-17T10:19:32.368+0000] {processor.py:830} INFO - Processing file /opt/airflow/dags/data/models/Tajikistan/cases_TS_model.pkl for tasks to queue
[2024-08-17T10:19:32.368+0000] {logging_mixin.py:188} INFO - [2024-08-17T10:19:32.368+0000] {dagbag.py:545} INFO - Filling up the DagBag from /opt/airflow/dags/data/models/Tajikistan/cases_TS_model.pkl
[2024-08-17T10:19:32.377+0000] {processor.py:842} WARNING - No viable dags retrieved from /opt/airflow/dags/data/models/Tajikistan/cases_TS_model.pkl
[2024-08-17T10:19:32.386+0000] {processor.py:183} INFO - Processing /opt/airflow/dags/data/models/Tajikistan/cases_TS_model.pkl took 0.022 seconds
[2024-08-17T10:20:03.777+0000] {processor.py:161} INFO - Started process (PID=45680) to work on /opt/airflow/dags/data/models/Tajikistan/cases_TS_model.pkl
[2024-08-17T10:20:03.778+0000] {processor.py:830} INFO - Processing file /opt/airflow/dags/data/models/Tajikistan/cases_TS_model.pkl for tasks to queue
[2024-08-17T10:20:03.778+0000] {logging_mixin.py:188} INFO - [2024-08-17T10:20:03.778+0000] {dagbag.py:545} INFO - Filling up the DagBag from /opt/airflow/dags/data/models/Tajikistan/cases_TS_model.pkl
[2024-08-17T10:20:03.785+0000] {processor.py:842} WARNING - No viable dags retrieved from /opt/airflow/dags/data/models/Tajikistan/cases_TS_model.pkl
[2024-08-17T10:20:03.794+0000] {processor.py:183} INFO - Processing /opt/airflow/dags/data/models/Tajikistan/cases_TS_model.pkl took 0.020 seconds
[2024-08-17T10:20:37.452+0000] {processor.py:161} INFO - Started process (PID=46423) to work on /opt/airflow/dags/data/models/Tajikistan/cases_TS_model.pkl
[2024-08-17T10:20:37.453+0000] {processor.py:830} INFO - Processing file /opt/airflow/dags/data/models/Tajikistan/cases_TS_model.pkl for tasks to queue
[2024-08-17T10:20:37.453+0000] {logging_mixin.py:188} INFO - [2024-08-17T10:20:37.453+0000] {dagbag.py:545} INFO - Filling up the DagBag from /opt/airflow/dags/data/models/Tajikistan/cases_TS_model.pkl
[2024-08-17T10:20:37.461+0000] {processor.py:842} WARNING - No viable dags retrieved from /opt/airflow/dags/data/models/Tajikistan/cases_TS_model.pkl
[2024-08-17T10:20:37.470+0000] {processor.py:183} INFO - Processing /opt/airflow/dags/data/models/Tajikistan/cases_TS_model.pkl took 0.021 seconds
[2024-08-17T10:21:09.447+0000] {processor.py:161} INFO - Started process (PID=47158) to work on /opt/airflow/dags/data/models/Tajikistan/cases_TS_model.pkl
[2024-08-17T10:21:09.447+0000] {processor.py:830} INFO - Processing file /opt/airflow/dags/data/models/Tajikistan/cases_TS_model.pkl for tasks to queue
[2024-08-17T10:21:09.448+0000] {logging_mixin.py:188} INFO - [2024-08-17T10:21:09.448+0000] {dagbag.py:545} INFO - Filling up the DagBag from /opt/airflow/dags/data/models/Tajikistan/cases_TS_model.pkl
[2024-08-17T10:21:09.455+0000] {processor.py:842} WARNING - No viable dags retrieved from /opt/airflow/dags/data/models/Tajikistan/cases_TS_model.pkl
[2024-08-17T10:21:09.464+0000] {processor.py:183} INFO - Processing /opt/airflow/dags/data/models/Tajikistan/cases_TS_model.pkl took 0.021 seconds
[2024-08-17T12:08:09.747+0000] {processor.py:161} INFO - Started process (PID=19067) to work on /opt/airflow/dags/data/models/Tajikistan/cases_TS_model.pkl
[2024-08-17T12:08:09.748+0000] {processor.py:830} INFO - Processing file /opt/airflow/dags/data/models/Tajikistan/cases_TS_model.pkl for tasks to queue
[2024-08-17T12:08:09.750+0000] {logging_mixin.py:188} INFO - [2024-08-17T12:08:09.749+0000] {dagbag.py:545} INFO - Filling up the DagBag from /opt/airflow/dags/data/models/Tajikistan/cases_TS_model.pkl
[2024-08-17T12:08:09.772+0000] {processor.py:842} WARNING - No viable dags retrieved from /opt/airflow/dags/data/models/Tajikistan/cases_TS_model.pkl
[2024-08-17T12:08:09.789+0000] {processor.py:183} INFO - Processing /opt/airflow/dags/data/models/Tajikistan/cases_TS_model.pkl took 0.048 seconds
[2024-08-17T12:08:58.659+0000] {processor.py:161} INFO - Started process (PID=19774) to work on /opt/airflow/dags/data/models/Tajikistan/cases_TS_model.pkl
[2024-08-17T12:08:58.661+0000] {processor.py:830} INFO - Processing file /opt/airflow/dags/data/models/Tajikistan/cases_TS_model.pkl for tasks to queue
[2024-08-17T12:08:58.664+0000] {logging_mixin.py:188} INFO - [2024-08-17T12:08:58.663+0000] {dagbag.py:545} INFO - Filling up the DagBag from /opt/airflow/dags/data/models/Tajikistan/cases_TS_model.pkl
[2024-08-17T12:08:58.684+0000] {processor.py:842} WARNING - No viable dags retrieved from /opt/airflow/dags/data/models/Tajikistan/cases_TS_model.pkl
[2024-08-17T12:08:58.703+0000] {processor.py:183} INFO - Processing /opt/airflow/dags/data/models/Tajikistan/cases_TS_model.pkl took 0.054 seconds
[2024-08-17T12:09:31.190+0000] {processor.py:161} INFO - Started process (PID=20253) to work on /opt/airflow/dags/data/models/Tajikistan/cases_TS_model.pkl
[2024-08-17T12:09:31.191+0000] {processor.py:830} INFO - Processing file /opt/airflow/dags/data/models/Tajikistan/cases_TS_model.pkl for tasks to queue
[2024-08-17T12:09:31.192+0000] {logging_mixin.py:188} INFO - [2024-08-17T12:09:31.192+0000] {dagbag.py:545} INFO - Filling up the DagBag from /opt/airflow/dags/data/models/Tajikistan/cases_TS_model.pkl
[2024-08-17T12:09:31.210+0000] {processor.py:842} WARNING - No viable dags retrieved from /opt/airflow/dags/data/models/Tajikistan/cases_TS_model.pkl
[2024-08-17T12:09:31.233+0000] {processor.py:183} INFO - Processing /opt/airflow/dags/data/models/Tajikistan/cases_TS_model.pkl took 0.050 seconds
[2024-08-17T12:09:45.322+0000] {processor.py:161} INFO - Started process (PID=20467) to work on /opt/airflow/dags/data/models/Tajikistan/cases_TS_model.pkl
[2024-08-17T12:09:45.323+0000] {processor.py:830} INFO - Processing file /opt/airflow/dags/data/models/Tajikistan/cases_TS_model.pkl for tasks to queue
[2024-08-17T12:09:45.324+0000] {logging_mixin.py:188} INFO - [2024-08-17T12:09:45.324+0000] {dagbag.py:545} INFO - Filling up the DagBag from /opt/airflow/dags/data/models/Tajikistan/cases_TS_model.pkl
[2024-08-17T12:09:45.344+0000] {processor.py:842} WARNING - No viable dags retrieved from /opt/airflow/dags/data/models/Tajikistan/cases_TS_model.pkl
[2024-08-17T12:09:45.362+0000] {processor.py:183} INFO - Processing /opt/airflow/dags/data/models/Tajikistan/cases_TS_model.pkl took 0.048 seconds
[2024-08-17T12:10:33.739+0000] {processor.py:161} INFO - Started process (PID=21194) to work on /opt/airflow/dags/data/models/Tajikistan/cases_TS_model.pkl
[2024-08-17T12:10:33.741+0000] {processor.py:830} INFO - Processing file /opt/airflow/dags/data/models/Tajikistan/cases_TS_model.pkl for tasks to queue
[2024-08-17T12:10:33.742+0000] {logging_mixin.py:188} INFO - [2024-08-17T12:10:33.742+0000] {dagbag.py:545} INFO - Filling up the DagBag from /opt/airflow/dags/data/models/Tajikistan/cases_TS_model.pkl
[2024-08-17T12:10:33.759+0000] {processor.py:842} WARNING - No viable dags retrieved from /opt/airflow/dags/data/models/Tajikistan/cases_TS_model.pkl
[2024-08-17T12:10:33.777+0000] {processor.py:183} INFO - Processing /opt/airflow/dags/data/models/Tajikistan/cases_TS_model.pkl took 0.043 seconds
[2024-08-17T12:10:45.576+0000] {processor.py:161} INFO - Started process (PID=21380) to work on /opt/airflow/dags/data/models/Tajikistan/cases_TS_model.pkl
[2024-08-17T12:10:45.578+0000] {processor.py:830} INFO - Processing file /opt/airflow/dags/data/models/Tajikistan/cases_TS_model.pkl for tasks to queue
[2024-08-17T12:10:45.579+0000] {logging_mixin.py:188} INFO - [2024-08-17T12:10:45.579+0000] {dagbag.py:545} INFO - Filling up the DagBag from /opt/airflow/dags/data/models/Tajikistan/cases_TS_model.pkl
[2024-08-17T12:10:45.603+0000] {processor.py:842} WARNING - No viable dags retrieved from /opt/airflow/dags/data/models/Tajikistan/cases_TS_model.pkl
[2024-08-17T12:10:45.621+0000] {processor.py:183} INFO - Processing /opt/airflow/dags/data/models/Tajikistan/cases_TS_model.pkl took 0.052 seconds
[2024-08-17T12:11:29.558+0000] {processor.py:161} INFO - Started process (PID=22008) to work on /opt/airflow/dags/data/models/Tajikistan/cases_TS_model.pkl
[2024-08-17T12:11:29.559+0000] {processor.py:830} INFO - Processing file /opt/airflow/dags/data/models/Tajikistan/cases_TS_model.pkl for tasks to queue
[2024-08-17T12:11:29.560+0000] {logging_mixin.py:188} INFO - [2024-08-17T12:11:29.560+0000] {dagbag.py:545} INFO - Filling up the DagBag from /opt/airflow/dags/data/models/Tajikistan/cases_TS_model.pkl
[2024-08-17T12:11:29.579+0000] {processor.py:842} WARNING - No viable dags retrieved from /opt/airflow/dags/data/models/Tajikistan/cases_TS_model.pkl
[2024-08-17T12:11:29.598+0000] {processor.py:183} INFO - Processing /opt/airflow/dags/data/models/Tajikistan/cases_TS_model.pkl took 0.048 seconds
[2024-08-17T12:12:03.645+0000] {processor.py:161} INFO - Started process (PID=22463) to work on /opt/airflow/dags/data/models/Tajikistan/cases_TS_model.pkl
[2024-08-17T12:12:03.646+0000] {processor.py:830} INFO - Processing file /opt/airflow/dags/data/models/Tajikistan/cases_TS_model.pkl for tasks to queue
[2024-08-17T12:12:03.647+0000] {logging_mixin.py:188} INFO - [2024-08-17T12:12:03.647+0000] {dagbag.py:545} INFO - Filling up the DagBag from /opt/airflow/dags/data/models/Tajikistan/cases_TS_model.pkl
[2024-08-17T12:12:03.670+0000] {processor.py:842} WARNING - No viable dags retrieved from /opt/airflow/dags/data/models/Tajikistan/cases_TS_model.pkl
[2024-08-17T12:12:03.688+0000] {processor.py:183} INFO - Processing /opt/airflow/dags/data/models/Tajikistan/cases_TS_model.pkl took 0.050 seconds
[2024-08-17T12:12:39.490+0000] {processor.py:161} INFO - Started process (PID=23018) to work on /opt/airflow/dags/data/models/Tajikistan/cases_TS_model.pkl
[2024-08-17T12:12:39.492+0000] {processor.py:830} INFO - Processing file /opt/airflow/dags/data/models/Tajikistan/cases_TS_model.pkl for tasks to queue
[2024-08-17T12:12:39.493+0000] {logging_mixin.py:188} INFO - [2024-08-17T12:12:39.493+0000] {dagbag.py:545} INFO - Filling up the DagBag from /opt/airflow/dags/data/models/Tajikistan/cases_TS_model.pkl
[2024-08-17T12:12:39.516+0000] {processor.py:842} WARNING - No viable dags retrieved from /opt/airflow/dags/data/models/Tajikistan/cases_TS_model.pkl
[2024-08-17T12:12:39.536+0000] {processor.py:183} INFO - Processing /opt/airflow/dags/data/models/Tajikistan/cases_TS_model.pkl took 0.056 seconds
[2024-08-17T12:13:22.406+0000] {processor.py:161} INFO - Started process (PID=23330) to work on /opt/airflow/dags/data/models/Tajikistan/cases_TS_model.pkl
[2024-08-17T12:13:22.407+0000] {processor.py:830} INFO - Processing file /opt/airflow/dags/data/models/Tajikistan/cases_TS_model.pkl for tasks to queue
[2024-08-17T12:13:22.409+0000] {logging_mixin.py:188} INFO - [2024-08-17T12:13:22.408+0000] {dagbag.py:545} INFO - Filling up the DagBag from /opt/airflow/dags/data/models/Tajikistan/cases_TS_model.pkl
[2024-08-17T12:13:22.426+0000] {processor.py:842} WARNING - No viable dags retrieved from /opt/airflow/dags/data/models/Tajikistan/cases_TS_model.pkl
[2024-08-17T12:13:22.445+0000] {processor.py:183} INFO - Processing /opt/airflow/dags/data/models/Tajikistan/cases_TS_model.pkl took 0.046 seconds
[2024-08-17T12:13:59.284+0000] {processor.py:161} INFO - Started process (PID=23961) to work on /opt/airflow/dags/data/models/Tajikistan/cases_TS_model.pkl
[2024-08-17T12:13:59.285+0000] {processor.py:830} INFO - Processing file /opt/airflow/dags/data/models/Tajikistan/cases_TS_model.pkl for tasks to queue
[2024-08-17T12:13:59.286+0000] {logging_mixin.py:188} INFO - [2024-08-17T12:13:59.286+0000] {dagbag.py:545} INFO - Filling up the DagBag from /opt/airflow/dags/data/models/Tajikistan/cases_TS_model.pkl
[2024-08-17T12:13:59.311+0000] {processor.py:842} WARNING - No viable dags retrieved from /opt/airflow/dags/data/models/Tajikistan/cases_TS_model.pkl
[2024-08-17T12:13:59.331+0000] {processor.py:183} INFO - Processing /opt/airflow/dags/data/models/Tajikistan/cases_TS_model.pkl took 0.054 seconds
[2024-08-17T12:14:53.546+0000] {processor.py:161} INFO - Started process (PID=24707) to work on /opt/airflow/dags/data/models/Tajikistan/cases_TS_model.pkl
[2024-08-17T12:14:53.548+0000] {processor.py:830} INFO - Processing file /opt/airflow/dags/data/models/Tajikistan/cases_TS_model.pkl for tasks to queue
[2024-08-17T12:14:53.550+0000] {logging_mixin.py:188} INFO - [2024-08-17T12:14:53.549+0000] {dagbag.py:545} INFO - Filling up the DagBag from /opt/airflow/dags/data/models/Tajikistan/cases_TS_model.pkl
[2024-08-17T12:14:53.575+0000] {processor.py:842} WARNING - No viable dags retrieved from /opt/airflow/dags/data/models/Tajikistan/cases_TS_model.pkl
[2024-08-17T12:14:53.597+0000] {processor.py:183} INFO - Processing /opt/airflow/dags/data/models/Tajikistan/cases_TS_model.pkl took 0.059 seconds
[2024-08-17T12:15:37.933+0000] {processor.py:161} INFO - Started process (PID=25303) to work on /opt/airflow/dags/data/models/Tajikistan/cases_TS_model.pkl
[2024-08-17T12:15:37.934+0000] {processor.py:830} INFO - Processing file /opt/airflow/dags/data/models/Tajikistan/cases_TS_model.pkl for tasks to queue
[2024-08-17T12:15:37.935+0000] {logging_mixin.py:188} INFO - [2024-08-17T12:15:37.935+0000] {dagbag.py:545} INFO - Filling up the DagBag from /opt/airflow/dags/data/models/Tajikistan/cases_TS_model.pkl
[2024-08-17T12:15:37.961+0000] {processor.py:842} WARNING - No viable dags retrieved from /opt/airflow/dags/data/models/Tajikistan/cases_TS_model.pkl
[2024-08-17T12:15:37.983+0000] {processor.py:183} INFO - Processing /opt/airflow/dags/data/models/Tajikistan/cases_TS_model.pkl took 0.058 seconds
[2024-08-17T12:16:11.037+0000] {processor.py:161} INFO - Started process (PID=25791) to work on /opt/airflow/dags/data/models/Tajikistan/cases_TS_model.pkl
[2024-08-17T12:16:11.039+0000] {processor.py:830} INFO - Processing file /opt/airflow/dags/data/models/Tajikistan/cases_TS_model.pkl for tasks to queue
[2024-08-17T12:16:11.040+0000] {logging_mixin.py:188} INFO - [2024-08-17T12:16:11.040+0000] {dagbag.py:545} INFO - Filling up the DagBag from /opt/airflow/dags/data/models/Tajikistan/cases_TS_model.pkl
[2024-08-17T12:16:11.066+0000] {processor.py:842} WARNING - No viable dags retrieved from /opt/airflow/dags/data/models/Tajikistan/cases_TS_model.pkl
[2024-08-17T12:16:11.087+0000] {processor.py:183} INFO - Processing /opt/airflow/dags/data/models/Tajikistan/cases_TS_model.pkl took 0.057 seconds
[2024-08-17T12:16:51.329+0000] {processor.py:161} INFO - Started process (PID=26355) to work on /opt/airflow/dags/data/models/Tajikistan/cases_TS_model.pkl
[2024-08-17T12:16:51.330+0000] {processor.py:830} INFO - Processing file /opt/airflow/dags/data/models/Tajikistan/cases_TS_model.pkl for tasks to queue
[2024-08-17T12:16:51.332+0000] {logging_mixin.py:188} INFO - [2024-08-17T12:16:51.331+0000] {dagbag.py:545} INFO - Filling up the DagBag from /opt/airflow/dags/data/models/Tajikistan/cases_TS_model.pkl
[2024-08-17T12:16:51.351+0000] {processor.py:842} WARNING - No viable dags retrieved from /opt/airflow/dags/data/models/Tajikistan/cases_TS_model.pkl
[2024-08-17T12:16:51.368+0000] {processor.py:183} INFO - Processing /opt/airflow/dags/data/models/Tajikistan/cases_TS_model.pkl took 0.046 seconds
[2024-08-17T12:17:30.186+0000] {processor.py:161} INFO - Started process (PID=26930) to work on /opt/airflow/dags/data/models/Tajikistan/cases_TS_model.pkl
[2024-08-17T12:17:30.188+0000] {processor.py:830} INFO - Processing file /opt/airflow/dags/data/models/Tajikistan/cases_TS_model.pkl for tasks to queue
[2024-08-17T12:17:30.191+0000] {logging_mixin.py:188} INFO - [2024-08-17T12:17:30.190+0000] {dagbag.py:545} INFO - Filling up the DagBag from /opt/airflow/dags/data/models/Tajikistan/cases_TS_model.pkl
[2024-08-17T12:17:30.215+0000] {processor.py:842} WARNING - No viable dags retrieved from /opt/airflow/dags/data/models/Tajikistan/cases_TS_model.pkl
[2024-08-17T12:17:30.233+0000] {processor.py:183} INFO - Processing /opt/airflow/dags/data/models/Tajikistan/cases_TS_model.pkl took 0.055 seconds
[2024-08-17T12:18:42.190+0000] {processor.py:161} INFO - Started process (PID=27544) to work on /opt/airflow/dags/data/models/Tajikistan/cases_TS_model.pkl
[2024-08-17T12:18:42.191+0000] {processor.py:830} INFO - Processing file /opt/airflow/dags/data/models/Tajikistan/cases_TS_model.pkl for tasks to queue
[2024-08-17T12:18:42.193+0000] {logging_mixin.py:188} INFO - [2024-08-17T12:18:42.192+0000] {dagbag.py:545} INFO - Filling up the DagBag from /opt/airflow/dags/data/models/Tajikistan/cases_TS_model.pkl
[2024-08-17T12:18:42.227+0000] {processor.py:842} WARNING - No viable dags retrieved from /opt/airflow/dags/data/models/Tajikistan/cases_TS_model.pkl
[2024-08-17T12:18:42.250+0000] {processor.py:183} INFO - Processing /opt/airflow/dags/data/models/Tajikistan/cases_TS_model.pkl took 0.071 seconds
[2024-08-17T12:19:34.704+0000] {processor.py:161} INFO - Started process (PID=28310) to work on /opt/airflow/dags/data/models/Tajikistan/cases_TS_model.pkl
[2024-08-17T12:19:34.706+0000] {processor.py:830} INFO - Processing file /opt/airflow/dags/data/models/Tajikistan/cases_TS_model.pkl for tasks to queue
[2024-08-17T12:19:34.708+0000] {logging_mixin.py:188} INFO - [2024-08-17T12:19:34.708+0000] {dagbag.py:545} INFO - Filling up the DagBag from /opt/airflow/dags/data/models/Tajikistan/cases_TS_model.pkl
[2024-08-17T12:19:34.727+0000] {processor.py:842} WARNING - No viable dags retrieved from /opt/airflow/dags/data/models/Tajikistan/cases_TS_model.pkl
[2024-08-17T12:19:34.754+0000] {processor.py:183} INFO - Processing /opt/airflow/dags/data/models/Tajikistan/cases_TS_model.pkl took 0.060 seconds
[2024-08-17T12:20:19.938+0000] {processor.py:161} INFO - Started process (PID=28962) to work on /opt/airflow/dags/data/models/Tajikistan/cases_TS_model.pkl
[2024-08-17T12:20:19.939+0000] {processor.py:830} INFO - Processing file /opt/airflow/dags/data/models/Tajikistan/cases_TS_model.pkl for tasks to queue
[2024-08-17T12:20:19.941+0000] {logging_mixin.py:188} INFO - [2024-08-17T12:20:19.940+0000] {dagbag.py:545} INFO - Filling up the DagBag from /opt/airflow/dags/data/models/Tajikistan/cases_TS_model.pkl
[2024-08-17T12:20:19.961+0000] {processor.py:842} WARNING - No viable dags retrieved from /opt/airflow/dags/data/models/Tajikistan/cases_TS_model.pkl
[2024-08-17T12:20:19.979+0000] {processor.py:183} INFO - Processing /opt/airflow/dags/data/models/Tajikistan/cases_TS_model.pkl took 0.048 seconds
[2024-08-17T12:21:20.125+0000] {processor.py:161} INFO - Started process (PID=29750) to work on /opt/airflow/dags/data/models/Tajikistan/cases_TS_model.pkl
[2024-08-17T12:21:20.128+0000] {processor.py:830} INFO - Processing file /opt/airflow/dags/data/models/Tajikistan/cases_TS_model.pkl for tasks to queue
[2024-08-17T12:21:20.130+0000] {logging_mixin.py:188} INFO - [2024-08-17T12:21:20.129+0000] {dagbag.py:545} INFO - Filling up the DagBag from /opt/airflow/dags/data/models/Tajikistan/cases_TS_model.pkl
[2024-08-17T12:21:20.158+0000] {processor.py:842} WARNING - No viable dags retrieved from /opt/airflow/dags/data/models/Tajikistan/cases_TS_model.pkl
[2024-08-17T12:21:20.419+0000] {processor.py:183} INFO - Processing /opt/airflow/dags/data/models/Tajikistan/cases_TS_model.pkl took 0.302 seconds
[2024-08-17T12:21:56.120+0000] {processor.py:161} INFO - Started process (PID=30262) to work on /opt/airflow/dags/data/models/Tajikistan/cases_TS_model.pkl
[2024-08-17T12:21:56.121+0000] {processor.py:830} INFO - Processing file /opt/airflow/dags/data/models/Tajikistan/cases_TS_model.pkl for tasks to queue
[2024-08-17T12:21:56.123+0000] {logging_mixin.py:188} INFO - [2024-08-17T12:21:56.123+0000] {dagbag.py:545} INFO - Filling up the DagBag from /opt/airflow/dags/data/models/Tajikistan/cases_TS_model.pkl
[2024-08-17T12:21:56.146+0000] {processor.py:842} WARNING - No viable dags retrieved from /opt/airflow/dags/data/models/Tajikistan/cases_TS_model.pkl
[2024-08-17T12:21:56.166+0000] {processor.py:183} INFO - Processing /opt/airflow/dags/data/models/Tajikistan/cases_TS_model.pkl took 0.054 seconds
[2024-08-17T12:22:33.997+0000] {processor.py:161} INFO - Started process (PID=30835) to work on /opt/airflow/dags/data/models/Tajikistan/cases_TS_model.pkl
[2024-08-17T12:22:33.998+0000] {processor.py:830} INFO - Processing file /opt/airflow/dags/data/models/Tajikistan/cases_TS_model.pkl for tasks to queue
[2024-08-17T12:22:34.000+0000] {logging_mixin.py:188} INFO - [2024-08-17T12:22:33.999+0000] {dagbag.py:545} INFO - Filling up the DagBag from /opt/airflow/dags/data/models/Tajikistan/cases_TS_model.pkl
[2024-08-17T12:22:34.020+0000] {processor.py:842} WARNING - No viable dags retrieved from /opt/airflow/dags/data/models/Tajikistan/cases_TS_model.pkl
[2024-08-17T12:22:34.040+0000] {processor.py:183} INFO - Processing /opt/airflow/dags/data/models/Tajikistan/cases_TS_model.pkl took 0.048 seconds
[2024-08-17T12:23:22.269+0000] {processor.py:161} INFO - Started process (PID=31248) to work on /opt/airflow/dags/data/models/Tajikistan/cases_TS_model.pkl
[2024-08-17T12:23:22.271+0000] {processor.py:830} INFO - Processing file /opt/airflow/dags/data/models/Tajikistan/cases_TS_model.pkl for tasks to queue
[2024-08-17T12:23:22.272+0000] {logging_mixin.py:188} INFO - [2024-08-17T12:23:22.272+0000] {dagbag.py:545} INFO - Filling up the DagBag from /opt/airflow/dags/data/models/Tajikistan/cases_TS_model.pkl
[2024-08-17T12:23:22.293+0000] {processor.py:842} WARNING - No viable dags retrieved from /opt/airflow/dags/data/models/Tajikistan/cases_TS_model.pkl
[2024-08-17T12:23:22.308+0000] {processor.py:183} INFO - Processing /opt/airflow/dags/data/models/Tajikistan/cases_TS_model.pkl took 0.046 seconds
[2024-08-17T12:24:03.839+0000] {processor.py:161} INFO - Started process (PID=31925) to work on /opt/airflow/dags/data/models/Tajikistan/cases_TS_model.pkl
[2024-08-17T12:24:03.840+0000] {processor.py:830} INFO - Processing file /opt/airflow/dags/data/models/Tajikistan/cases_TS_model.pkl for tasks to queue
[2024-08-17T12:24:03.841+0000] {logging_mixin.py:188} INFO - [2024-08-17T12:24:03.841+0000] {dagbag.py:545} INFO - Filling up the DagBag from /opt/airflow/dags/data/models/Tajikistan/cases_TS_model.pkl
[2024-08-17T12:24:03.860+0000] {processor.py:842} WARNING - No viable dags retrieved from /opt/airflow/dags/data/models/Tajikistan/cases_TS_model.pkl
[2024-08-17T12:24:03.875+0000] {processor.py:183} INFO - Processing /opt/airflow/dags/data/models/Tajikistan/cases_TS_model.pkl took 0.043 seconds
[2024-08-17T12:24:49.773+0000] {processor.py:161} INFO - Started process (PID=32675) to work on /opt/airflow/dags/data/models/Tajikistan/cases_TS_model.pkl
[2024-08-17T12:24:49.774+0000] {processor.py:830} INFO - Processing file /opt/airflow/dags/data/models/Tajikistan/cases_TS_model.pkl for tasks to queue
[2024-08-17T12:24:49.775+0000] {logging_mixin.py:188} INFO - [2024-08-17T12:24:49.775+0000] {dagbag.py:545} INFO - Filling up the DagBag from /opt/airflow/dags/data/models/Tajikistan/cases_TS_model.pkl
[2024-08-17T12:24:49.796+0000] {processor.py:842} WARNING - No viable dags retrieved from /opt/airflow/dags/data/models/Tajikistan/cases_TS_model.pkl
[2024-08-17T12:24:49.809+0000] {processor.py:183} INFO - Processing /opt/airflow/dags/data/models/Tajikistan/cases_TS_model.pkl took 0.041 seconds
[2024-08-17T12:25:27.543+0000] {processor.py:161} INFO - Started process (PID=33312) to work on /opt/airflow/dags/data/models/Tajikistan/cases_TS_model.pkl
[2024-08-17T12:25:27.545+0000] {processor.py:830} INFO - Processing file /opt/airflow/dags/data/models/Tajikistan/cases_TS_model.pkl for tasks to queue
[2024-08-17T12:25:27.546+0000] {logging_mixin.py:188} INFO - [2024-08-17T12:25:27.546+0000] {dagbag.py:545} INFO - Filling up the DagBag from /opt/airflow/dags/data/models/Tajikistan/cases_TS_model.pkl
[2024-08-17T12:25:27.568+0000] {processor.py:842} WARNING - No viable dags retrieved from /opt/airflow/dags/data/models/Tajikistan/cases_TS_model.pkl
[2024-08-17T12:25:27.585+0000] {processor.py:183} INFO - Processing /opt/airflow/dags/data/models/Tajikistan/cases_TS_model.pkl took 0.049 seconds
[2024-08-17T12:26:09.059+0000] {processor.py:161} INFO - Started process (PID=34097) to work on /opt/airflow/dags/data/models/Tajikistan/cases_TS_model.pkl
[2024-08-17T12:26:09.060+0000] {processor.py:830} INFO - Processing file /opt/airflow/dags/data/models/Tajikistan/cases_TS_model.pkl for tasks to queue
[2024-08-17T12:26:09.061+0000] {logging_mixin.py:188} INFO - [2024-08-17T12:26:09.060+0000] {dagbag.py:545} INFO - Filling up the DagBag from /opt/airflow/dags/data/models/Tajikistan/cases_TS_model.pkl
[2024-08-17T12:26:09.075+0000] {processor.py:842} WARNING - No viable dags retrieved from /opt/airflow/dags/data/models/Tajikistan/cases_TS_model.pkl
[2024-08-17T12:26:09.092+0000] {processor.py:183} INFO - Processing /opt/airflow/dags/data/models/Tajikistan/cases_TS_model.pkl took 0.040 seconds
[2024-08-17T12:26:44.785+0000] {processor.py:161} INFO - Started process (PID=34753) to work on /opt/airflow/dags/data/models/Tajikistan/cases_TS_model.pkl
[2024-08-17T12:26:44.786+0000] {processor.py:830} INFO - Processing file /opt/airflow/dags/data/models/Tajikistan/cases_TS_model.pkl for tasks to queue
[2024-08-17T12:26:44.787+0000] {logging_mixin.py:188} INFO - [2024-08-17T12:26:44.787+0000] {dagbag.py:545} INFO - Filling up the DagBag from /opt/airflow/dags/data/models/Tajikistan/cases_TS_model.pkl
[2024-08-17T12:26:44.801+0000] {processor.py:842} WARNING - No viable dags retrieved from /opt/airflow/dags/data/models/Tajikistan/cases_TS_model.pkl
[2024-08-17T12:26:44.815+0000] {processor.py:183} INFO - Processing /opt/airflow/dags/data/models/Tajikistan/cases_TS_model.pkl took 0.035 seconds
[2024-08-17T12:27:21.666+0000] {processor.py:161} INFO - Started process (PID=35467) to work on /opt/airflow/dags/data/models/Tajikistan/cases_TS_model.pkl
[2024-08-17T12:27:21.667+0000] {processor.py:830} INFO - Processing file /opt/airflow/dags/data/models/Tajikistan/cases_TS_model.pkl for tasks to queue
[2024-08-17T12:27:21.667+0000] {logging_mixin.py:188} INFO - [2024-08-17T12:27:21.667+0000] {dagbag.py:545} INFO - Filling up the DagBag from /opt/airflow/dags/data/models/Tajikistan/cases_TS_model.pkl
[2024-08-17T12:27:21.681+0000] {processor.py:842} WARNING - No viable dags retrieved from /opt/airflow/dags/data/models/Tajikistan/cases_TS_model.pkl
[2024-08-17T12:27:21.693+0000] {processor.py:183} INFO - Processing /opt/airflow/dags/data/models/Tajikistan/cases_TS_model.pkl took 0.031 seconds
[2024-08-17T12:28:17.504+0000] {processor.py:161} INFO - Started process (PID=36271) to work on /opt/airflow/dags/data/models/Tajikistan/cases_TS_model.pkl
[2024-08-17T12:28:17.504+0000] {processor.py:830} INFO - Processing file /opt/airflow/dags/data/models/Tajikistan/cases_TS_model.pkl for tasks to queue
[2024-08-17T12:28:17.505+0000] {logging_mixin.py:188} INFO - [2024-08-17T12:28:17.505+0000] {dagbag.py:545} INFO - Filling up the DagBag from /opt/airflow/dags/data/models/Tajikistan/cases_TS_model.pkl
[2024-08-17T12:28:17.520+0000] {processor.py:842} WARNING - No viable dags retrieved from /opt/airflow/dags/data/models/Tajikistan/cases_TS_model.pkl
[2024-08-17T12:28:17.530+0000] {processor.py:183} INFO - Processing /opt/airflow/dags/data/models/Tajikistan/cases_TS_model.pkl took 0.031 seconds
[2024-08-17T12:28:52.372+0000] {processor.py:161} INFO - Started process (PID=37018) to work on /opt/airflow/dags/data/models/Tajikistan/cases_TS_model.pkl
[2024-08-17T12:28:52.373+0000] {processor.py:830} INFO - Processing file /opt/airflow/dags/data/models/Tajikistan/cases_TS_model.pkl for tasks to queue
[2024-08-17T12:28:52.374+0000] {logging_mixin.py:188} INFO - [2024-08-17T12:28:52.373+0000] {dagbag.py:545} INFO - Filling up the DagBag from /opt/airflow/dags/data/models/Tajikistan/cases_TS_model.pkl
[2024-08-17T12:28:52.388+0000] {processor.py:842} WARNING - No viable dags retrieved from /opt/airflow/dags/data/models/Tajikistan/cases_TS_model.pkl
[2024-08-17T12:28:52.400+0000] {processor.py:183} INFO - Processing /opt/airflow/dags/data/models/Tajikistan/cases_TS_model.pkl took 0.032 seconds
[2024-08-17T12:29:26.357+0000] {processor.py:161} INFO - Started process (PID=37765) to work on /opt/airflow/dags/data/models/Tajikistan/cases_TS_model.pkl
[2024-08-17T12:29:26.358+0000] {processor.py:830} INFO - Processing file /opt/airflow/dags/data/models/Tajikistan/cases_TS_model.pkl for tasks to queue
[2024-08-17T12:29:26.358+0000] {logging_mixin.py:188} INFO - [2024-08-17T12:29:26.358+0000] {dagbag.py:545} INFO - Filling up the DagBag from /opt/airflow/dags/data/models/Tajikistan/cases_TS_model.pkl
[2024-08-17T12:29:26.367+0000] {processor.py:842} WARNING - No viable dags retrieved from /opt/airflow/dags/data/models/Tajikistan/cases_TS_model.pkl
[2024-08-17T12:29:26.377+0000] {processor.py:183} INFO - Processing /opt/airflow/dags/data/models/Tajikistan/cases_TS_model.pkl took 0.024 seconds
[2024-08-17T12:29:46.348+0000] {processor.py:161} INFO - Started process (PID=38160) to work on /opt/airflow/dags/data/models/Tajikistan/cases_TS_model.pkl
[2024-08-17T12:29:46.348+0000] {processor.py:830} INFO - Processing file /opt/airflow/dags/data/models/Tajikistan/cases_TS_model.pkl for tasks to queue
[2024-08-17T12:29:46.349+0000] {logging_mixin.py:188} INFO - [2024-08-17T12:29:46.349+0000] {dagbag.py:545} INFO - Filling up the DagBag from /opt/airflow/dags/data/models/Tajikistan/cases_TS_model.pkl
[2024-08-17T12:29:46.359+0000] {processor.py:842} WARNING - No viable dags retrieved from /opt/airflow/dags/data/models/Tajikistan/cases_TS_model.pkl
[2024-08-17T12:29:46.369+0000] {processor.py:183} INFO - Processing /opt/airflow/dags/data/models/Tajikistan/cases_TS_model.pkl took 0.025 seconds
[2024-08-17T12:30:17.620+0000] {processor.py:161} INFO - Started process (PID=38867) to work on /opt/airflow/dags/data/models/Tajikistan/cases_TS_model.pkl
[2024-08-17T12:30:17.621+0000] {processor.py:830} INFO - Processing file /opt/airflow/dags/data/models/Tajikistan/cases_TS_model.pkl for tasks to queue
[2024-08-17T12:30:17.622+0000] {logging_mixin.py:188} INFO - [2024-08-17T12:30:17.622+0000] {dagbag.py:545} INFO - Filling up the DagBag from /opt/airflow/dags/data/models/Tajikistan/cases_TS_model.pkl
[2024-08-17T12:30:17.630+0000] {processor.py:842} WARNING - No viable dags retrieved from /opt/airflow/dags/data/models/Tajikistan/cases_TS_model.pkl
[2024-08-17T12:30:17.639+0000] {processor.py:183} INFO - Processing /opt/airflow/dags/data/models/Tajikistan/cases_TS_model.pkl took 0.023 seconds
[2024-08-17T12:30:48.781+0000] {processor.py:161} INFO - Started process (PID=39610) to work on /opt/airflow/dags/data/models/Tajikistan/cases_TS_model.pkl
[2024-08-17T12:30:48.782+0000] {processor.py:830} INFO - Processing file /opt/airflow/dags/data/models/Tajikistan/cases_TS_model.pkl for tasks to queue
[2024-08-17T12:30:48.783+0000] {logging_mixin.py:188} INFO - [2024-08-17T12:30:48.782+0000] {dagbag.py:545} INFO - Filling up the DagBag from /opt/airflow/dags/data/models/Tajikistan/cases_TS_model.pkl
[2024-08-17T12:30:48.790+0000] {processor.py:842} WARNING - No viable dags retrieved from /opt/airflow/dags/data/models/Tajikistan/cases_TS_model.pkl
[2024-08-17T12:30:48.800+0000] {processor.py:183} INFO - Processing /opt/airflow/dags/data/models/Tajikistan/cases_TS_model.pkl took 0.022 seconds
[2024-08-17T12:31:21.003+0000] {processor.py:161} INFO - Started process (PID=40318) to work on /opt/airflow/dags/data/models/Tajikistan/cases_TS_model.pkl
[2024-08-17T12:31:21.004+0000] {processor.py:830} INFO - Processing file /opt/airflow/dags/data/models/Tajikistan/cases_TS_model.pkl for tasks to queue
[2024-08-17T12:31:21.005+0000] {logging_mixin.py:188} INFO - [2024-08-17T12:31:21.004+0000] {dagbag.py:545} INFO - Filling up the DagBag from /opt/airflow/dags/data/models/Tajikistan/cases_TS_model.pkl
[2024-08-17T12:31:21.013+0000] {processor.py:842} WARNING - No viable dags retrieved from /opt/airflow/dags/data/models/Tajikistan/cases_TS_model.pkl
[2024-08-17T12:31:21.025+0000] {processor.py:183} INFO - Processing /opt/airflow/dags/data/models/Tajikistan/cases_TS_model.pkl took 0.025 seconds
[2024-08-17T12:31:54.467+0000] {processor.py:161} INFO - Started process (PID=41064) to work on /opt/airflow/dags/data/models/Tajikistan/cases_TS_model.pkl
[2024-08-17T12:31:54.467+0000] {processor.py:830} INFO - Processing file /opt/airflow/dags/data/models/Tajikistan/cases_TS_model.pkl for tasks to queue
[2024-08-17T12:31:54.468+0000] {logging_mixin.py:188} INFO - [2024-08-17T12:31:54.468+0000] {dagbag.py:545} INFO - Filling up the DagBag from /opt/airflow/dags/data/models/Tajikistan/cases_TS_model.pkl
[2024-08-17T12:31:54.476+0000] {processor.py:842} WARNING - No viable dags retrieved from /opt/airflow/dags/data/models/Tajikistan/cases_TS_model.pkl
[2024-08-17T12:31:54.485+0000] {processor.py:183} INFO - Processing /opt/airflow/dags/data/models/Tajikistan/cases_TS_model.pkl took 0.022 seconds
[2024-08-17T12:32:25.649+0000] {processor.py:161} INFO - Started process (PID=41711) to work on /opt/airflow/dags/data/models/Tajikistan/cases_TS_model.pkl
[2024-08-17T12:32:25.650+0000] {processor.py:830} INFO - Processing file /opt/airflow/dags/data/models/Tajikistan/cases_TS_model.pkl for tasks to queue
[2024-08-17T12:32:25.651+0000] {logging_mixin.py:188} INFO - [2024-08-17T12:32:25.650+0000] {dagbag.py:545} INFO - Filling up the DagBag from /opt/airflow/dags/data/models/Tajikistan/cases_TS_model.pkl
[2024-08-17T12:32:25.659+0000] {processor.py:842} WARNING - No viable dags retrieved from /opt/airflow/dags/data/models/Tajikistan/cases_TS_model.pkl
[2024-08-17T12:32:25.668+0000] {processor.py:183} INFO - Processing /opt/airflow/dags/data/models/Tajikistan/cases_TS_model.pkl took 0.022 seconds
[2024-08-17T12:33:01.809+0000] {processor.py:161} INFO - Started process (PID=42269) to work on /opt/airflow/dags/data/models/Tajikistan/cases_TS_model.pkl
[2024-08-17T12:33:01.809+0000] {processor.py:830} INFO - Processing file /opt/airflow/dags/data/models/Tajikistan/cases_TS_model.pkl for tasks to queue
[2024-08-17T12:33:01.810+0000] {logging_mixin.py:188} INFO - [2024-08-17T12:33:01.810+0000] {dagbag.py:545} INFO - Filling up the DagBag from /opt/airflow/dags/data/models/Tajikistan/cases_TS_model.pkl
[2024-08-17T12:33:01.818+0000] {processor.py:842} WARNING - No viable dags retrieved from /opt/airflow/dags/data/models/Tajikistan/cases_TS_model.pkl
[2024-08-17T12:33:01.826+0000] {processor.py:183} INFO - Processing /opt/airflow/dags/data/models/Tajikistan/cases_TS_model.pkl took 0.021 seconds
[2024-08-17T12:33:33.637+0000] {processor.py:161} INFO - Started process (PID=42989) to work on /opt/airflow/dags/data/models/Tajikistan/cases_TS_model.pkl
[2024-08-17T12:33:33.637+0000] {processor.py:830} INFO - Processing file /opt/airflow/dags/data/models/Tajikistan/cases_TS_model.pkl for tasks to queue
[2024-08-17T12:33:33.638+0000] {logging_mixin.py:188} INFO - [2024-08-17T12:33:33.638+0000] {dagbag.py:545} INFO - Filling up the DagBag from /opt/airflow/dags/data/models/Tajikistan/cases_TS_model.pkl
[2024-08-17T12:33:33.645+0000] {processor.py:842} WARNING - No viable dags retrieved from /opt/airflow/dags/data/models/Tajikistan/cases_TS_model.pkl
[2024-08-17T12:33:33.655+0000] {processor.py:183} INFO - Processing /opt/airflow/dags/data/models/Tajikistan/cases_TS_model.pkl took 0.022 seconds
[2024-08-17T12:34:05.284+0000] {processor.py:161} INFO - Started process (PID=43733) to work on /opt/airflow/dags/data/models/Tajikistan/cases_TS_model.pkl
[2024-08-17T12:34:05.285+0000] {processor.py:830} INFO - Processing file /opt/airflow/dags/data/models/Tajikistan/cases_TS_model.pkl for tasks to queue
[2024-08-17T12:34:05.287+0000] {logging_mixin.py:188} INFO - [2024-08-17T12:34:05.287+0000] {dagbag.py:545} INFO - Filling up the DagBag from /opt/airflow/dags/data/models/Tajikistan/cases_TS_model.pkl
[2024-08-17T12:34:05.318+0000] {processor.py:842} WARNING - No viable dags retrieved from /opt/airflow/dags/data/models/Tajikistan/cases_TS_model.pkl
[2024-08-17T12:34:05.327+0000] {processor.py:183} INFO - Processing /opt/airflow/dags/data/models/Tajikistan/cases_TS_model.pkl took 0.049 seconds
[2024-08-17T12:34:37.991+0000] {processor.py:161} INFO - Started process (PID=44458) to work on /opt/airflow/dags/data/models/Tajikistan/cases_TS_model.pkl
[2024-08-17T12:34:37.992+0000] {processor.py:830} INFO - Processing file /opt/airflow/dags/data/models/Tajikistan/cases_TS_model.pkl for tasks to queue
[2024-08-17T12:34:37.993+0000] {logging_mixin.py:188} INFO - [2024-08-17T12:34:37.992+0000] {dagbag.py:545} INFO - Filling up the DagBag from /opt/airflow/dags/data/models/Tajikistan/cases_TS_model.pkl
[2024-08-17T12:34:38.007+0000] {processor.py:842} WARNING - No viable dags retrieved from /opt/airflow/dags/data/models/Tajikistan/cases_TS_model.pkl
[2024-08-17T12:34:38.017+0000] {processor.py:183} INFO - Processing /opt/airflow/dags/data/models/Tajikistan/cases_TS_model.pkl took 0.030 seconds
[2024-08-17T12:35:09.226+0000] {processor.py:161} INFO - Started process (PID=45167) to work on /opt/airflow/dags/data/models/Tajikistan/cases_TS_model.pkl
[2024-08-17T12:35:09.227+0000] {processor.py:830} INFO - Processing file /opt/airflow/dags/data/models/Tajikistan/cases_TS_model.pkl for tasks to queue
[2024-08-17T12:35:09.228+0000] {logging_mixin.py:188} INFO - [2024-08-17T12:35:09.228+0000] {dagbag.py:545} INFO - Filling up the DagBag from /opt/airflow/dags/data/models/Tajikistan/cases_TS_model.pkl
[2024-08-17T12:35:09.238+0000] {processor.py:842} WARNING - No viable dags retrieved from /opt/airflow/dags/data/models/Tajikistan/cases_TS_model.pkl
[2024-08-17T12:35:09.248+0000] {processor.py:183} INFO - Processing /opt/airflow/dags/data/models/Tajikistan/cases_TS_model.pkl took 0.026 seconds
[2024-08-17T12:35:40.876+0000] {processor.py:161} INFO - Started process (PID=45865) to work on /opt/airflow/dags/data/models/Tajikistan/cases_TS_model.pkl
[2024-08-17T12:35:40.877+0000] {processor.py:830} INFO - Processing file /opt/airflow/dags/data/models/Tajikistan/cases_TS_model.pkl for tasks to queue
[2024-08-17T12:35:40.878+0000] {logging_mixin.py:188} INFO - [2024-08-17T12:35:40.878+0000] {dagbag.py:545} INFO - Filling up the DagBag from /opt/airflow/dags/data/models/Tajikistan/cases_TS_model.pkl
[2024-08-17T12:35:40.885+0000] {processor.py:842} WARNING - No viable dags retrieved from /opt/airflow/dags/data/models/Tajikistan/cases_TS_model.pkl
[2024-08-17T12:35:40.894+0000] {processor.py:183} INFO - Processing /opt/airflow/dags/data/models/Tajikistan/cases_TS_model.pkl took 0.021 seconds
[2024-08-17T12:36:13.028+0000] {processor.py:161} INFO - Started process (PID=46590) to work on /opt/airflow/dags/data/models/Tajikistan/cases_TS_model.pkl
[2024-08-17T12:36:13.029+0000] {processor.py:830} INFO - Processing file /opt/airflow/dags/data/models/Tajikistan/cases_TS_model.pkl for tasks to queue
[2024-08-17T12:36:13.029+0000] {logging_mixin.py:188} INFO - [2024-08-17T12:36:13.029+0000] {dagbag.py:545} INFO - Filling up the DagBag from /opt/airflow/dags/data/models/Tajikistan/cases_TS_model.pkl
[2024-08-17T12:36:13.037+0000] {processor.py:842} WARNING - No viable dags retrieved from /opt/airflow/dags/data/models/Tajikistan/cases_TS_model.pkl
[2024-08-17T12:36:13.046+0000] {processor.py:183} INFO - Processing /opt/airflow/dags/data/models/Tajikistan/cases_TS_model.pkl took 0.022 seconds
[2024-08-17T12:36:45.624+0000] {processor.py:161} INFO - Started process (PID=47334) to work on /opt/airflow/dags/data/models/Tajikistan/cases_TS_model.pkl
[2024-08-17T12:36:45.625+0000] {processor.py:830} INFO - Processing file /opt/airflow/dags/data/models/Tajikistan/cases_TS_model.pkl for tasks to queue
[2024-08-17T12:36:45.625+0000] {logging_mixin.py:188} INFO - [2024-08-17T12:36:45.625+0000] {dagbag.py:545} INFO - Filling up the DagBag from /opt/airflow/dags/data/models/Tajikistan/cases_TS_model.pkl
[2024-08-17T12:36:45.634+0000] {processor.py:842} WARNING - No viable dags retrieved from /opt/airflow/dags/data/models/Tajikistan/cases_TS_model.pkl
[2024-08-17T12:36:45.642+0000] {processor.py:183} INFO - Processing /opt/airflow/dags/data/models/Tajikistan/cases_TS_model.pkl took 0.022 seconds
[2024-08-17T12:37:17.579+0000] {processor.py:161} INFO - Started process (PID=48030) to work on /opt/airflow/dags/data/models/Tajikistan/cases_TS_model.pkl
[2024-08-17T12:37:17.580+0000] {processor.py:830} INFO - Processing file /opt/airflow/dags/data/models/Tajikistan/cases_TS_model.pkl for tasks to queue
[2024-08-17T12:37:17.581+0000] {logging_mixin.py:188} INFO - [2024-08-17T12:37:17.581+0000] {dagbag.py:545} INFO - Filling up the DagBag from /opt/airflow/dags/data/models/Tajikistan/cases_TS_model.pkl
[2024-08-17T12:37:17.592+0000] {processor.py:842} WARNING - No viable dags retrieved from /opt/airflow/dags/data/models/Tajikistan/cases_TS_model.pkl
[2024-08-17T12:37:17.602+0000] {processor.py:183} INFO - Processing /opt/airflow/dags/data/models/Tajikistan/cases_TS_model.pkl took 0.026 seconds
[2024-08-17T12:37:59.814+0000] {processor.py:161} INFO - Started process (PID=48765) to work on /opt/airflow/dags/data/models/Tajikistan/cases_TS_model.pkl
[2024-08-17T12:37:59.814+0000] {processor.py:830} INFO - Processing file /opt/airflow/dags/data/models/Tajikistan/cases_TS_model.pkl for tasks to queue
[2024-08-17T12:37:59.815+0000] {logging_mixin.py:188} INFO - [2024-08-17T12:37:59.815+0000] {dagbag.py:545} INFO - Filling up the DagBag from /opt/airflow/dags/data/models/Tajikistan/cases_TS_model.pkl
[2024-08-17T12:37:59.823+0000] {processor.py:842} WARNING - No viable dags retrieved from /opt/airflow/dags/data/models/Tajikistan/cases_TS_model.pkl
[2024-08-17T12:37:59.832+0000] {processor.py:183} INFO - Processing /opt/airflow/dags/data/models/Tajikistan/cases_TS_model.pkl took 0.022 seconds
[2024-08-17T12:38:31.114+0000] {processor.py:161} INFO - Started process (PID=49508) to work on /opt/airflow/dags/data/models/Tajikistan/cases_TS_model.pkl
[2024-08-17T12:38:31.115+0000] {processor.py:830} INFO - Processing file /opt/airflow/dags/data/models/Tajikistan/cases_TS_model.pkl for tasks to queue
[2024-08-17T12:38:31.115+0000] {logging_mixin.py:188} INFO - [2024-08-17T12:38:31.115+0000] {dagbag.py:545} INFO - Filling up the DagBag from /opt/airflow/dags/data/models/Tajikistan/cases_TS_model.pkl
[2024-08-17T12:38:31.122+0000] {processor.py:842} WARNING - No viable dags retrieved from /opt/airflow/dags/data/models/Tajikistan/cases_TS_model.pkl
[2024-08-17T12:38:31.131+0000] {processor.py:183} INFO - Processing /opt/airflow/dags/data/models/Tajikistan/cases_TS_model.pkl took 0.020 seconds
[2024-08-17T12:39:02.522+0000] {processor.py:161} INFO - Started process (PID=50225) to work on /opt/airflow/dags/data/models/Tajikistan/cases_TS_model.pkl
[2024-08-17T12:39:02.522+0000] {processor.py:830} INFO - Processing file /opt/airflow/dags/data/models/Tajikistan/cases_TS_model.pkl for tasks to queue
[2024-08-17T12:39:02.523+0000] {logging_mixin.py:188} INFO - [2024-08-17T12:39:02.523+0000] {dagbag.py:545} INFO - Filling up the DagBag from /opt/airflow/dags/data/models/Tajikistan/cases_TS_model.pkl
[2024-08-17T12:39:02.532+0000] {processor.py:842} WARNING - No viable dags retrieved from /opt/airflow/dags/data/models/Tajikistan/cases_TS_model.pkl
[2024-08-17T12:39:02.541+0000] {processor.py:183} INFO - Processing /opt/airflow/dags/data/models/Tajikistan/cases_TS_model.pkl took 0.023 seconds
[2024-08-17T12:39:34.663+0000] {processor.py:161} INFO - Started process (PID=50949) to work on /opt/airflow/dags/data/models/Tajikistan/cases_TS_model.pkl
[2024-08-17T12:39:34.663+0000] {processor.py:830} INFO - Processing file /opt/airflow/dags/data/models/Tajikistan/cases_TS_model.pkl for tasks to queue
[2024-08-17T12:39:34.669+0000] {logging_mixin.py:188} INFO - [2024-08-17T12:39:34.669+0000] {dagbag.py:545} INFO - Filling up the DagBag from /opt/airflow/dags/data/models/Tajikistan/cases_TS_model.pkl
[2024-08-17T12:39:34.742+0000] {processor.py:842} WARNING - No viable dags retrieved from /opt/airflow/dags/data/models/Tajikistan/cases_TS_model.pkl
[2024-08-17T12:39:34.762+0000] {processor.py:183} INFO - Processing /opt/airflow/dags/data/models/Tajikistan/cases_TS_model.pkl took 0.103 seconds
[2024-08-17T12:40:07.349+0000] {processor.py:161} INFO - Started process (PID=51695) to work on /opt/airflow/dags/data/models/Tajikistan/cases_TS_model.pkl
[2024-08-17T12:40:07.349+0000] {processor.py:830} INFO - Processing file /opt/airflow/dags/data/models/Tajikistan/cases_TS_model.pkl for tasks to queue
[2024-08-17T12:40:07.350+0000] {logging_mixin.py:188} INFO - [2024-08-17T12:40:07.350+0000] {dagbag.py:545} INFO - Filling up the DagBag from /opt/airflow/dags/data/models/Tajikistan/cases_TS_model.pkl
[2024-08-17T12:40:07.357+0000] {processor.py:842} WARNING - No viable dags retrieved from /opt/airflow/dags/data/models/Tajikistan/cases_TS_model.pkl
[2024-08-17T12:40:07.365+0000] {processor.py:183} INFO - Processing /opt/airflow/dags/data/models/Tajikistan/cases_TS_model.pkl took 0.020 seconds
[2024-08-17T12:40:39.990+0000] {processor.py:161} INFO - Started process (PID=52392) to work on /opt/airflow/dags/data/models/Tajikistan/cases_TS_model.pkl
[2024-08-17T12:40:39.991+0000] {processor.py:830} INFO - Processing file /opt/airflow/dags/data/models/Tajikistan/cases_TS_model.pkl for tasks to queue
[2024-08-17T12:40:39.991+0000] {logging_mixin.py:188} INFO - [2024-08-17T12:40:39.991+0000] {dagbag.py:545} INFO - Filling up the DagBag from /opt/airflow/dags/data/models/Tajikistan/cases_TS_model.pkl
[2024-08-17T12:40:40.001+0000] {processor.py:842} WARNING - No viable dags retrieved from /opt/airflow/dags/data/models/Tajikistan/cases_TS_model.pkl
[2024-08-17T12:40:40.039+0000] {processor.py:183} INFO - Processing /opt/airflow/dags/data/models/Tajikistan/cases_TS_model.pkl took 0.053 seconds
[2024-08-17T12:41:11.511+0000] {processor.py:161} INFO - Started process (PID=53108) to work on /opt/airflow/dags/data/models/Tajikistan/cases_TS_model.pkl
[2024-08-17T12:41:11.512+0000] {processor.py:830} INFO - Processing file /opt/airflow/dags/data/models/Tajikistan/cases_TS_model.pkl for tasks to queue
[2024-08-17T12:41:11.512+0000] {logging_mixin.py:188} INFO - [2024-08-17T12:41:11.512+0000] {dagbag.py:545} INFO - Filling up the DagBag from /opt/airflow/dags/data/models/Tajikistan/cases_TS_model.pkl
[2024-08-17T12:41:11.519+0000] {processor.py:842} WARNING - No viable dags retrieved from /opt/airflow/dags/data/models/Tajikistan/cases_TS_model.pkl
[2024-08-17T12:41:11.528+0000] {processor.py:183} INFO - Processing /opt/airflow/dags/data/models/Tajikistan/cases_TS_model.pkl took 0.021 seconds
[2024-08-17T12:41:42.957+0000] {processor.py:161} INFO - Started process (PID=53817) to work on /opt/airflow/dags/data/models/Tajikistan/cases_TS_model.pkl
[2024-08-17T12:41:42.958+0000] {processor.py:830} INFO - Processing file /opt/airflow/dags/data/models/Tajikistan/cases_TS_model.pkl for tasks to queue
[2024-08-17T12:41:42.958+0000] {logging_mixin.py:188} INFO - [2024-08-17T12:41:42.958+0000] {dagbag.py:545} INFO - Filling up the DagBag from /opt/airflow/dags/data/models/Tajikistan/cases_TS_model.pkl
[2024-08-17T12:41:42.965+0000] {processor.py:842} WARNING - No viable dags retrieved from /opt/airflow/dags/data/models/Tajikistan/cases_TS_model.pkl
[2024-08-17T12:41:42.974+0000] {processor.py:183} INFO - Processing /opt/airflow/dags/data/models/Tajikistan/cases_TS_model.pkl took 0.021 seconds
