[2024-08-17T10:38:59.393+0000] {local_task_job_runner.py:120} INFO - ::group::Pre task execution logs
[2024-08-17T10:38:59.412+0000] {taskinstance.py:2076} INFO - Dependencies all met for dep_context=non-requeueable deps ti=<TaskInstance: predict_values_TS_25.get_deaths_dataset.save_data_to_s3 scheduled__2024-08-04T00:00:00+00:00 [queued]>
[2024-08-17T10:38:59.420+0000] {taskinstance.py:2076} INFO - Dependencies all met for dep_context=requeueable deps ti=<TaskInstance: predict_values_TS_25.get_deaths_dataset.save_data_to_s3 scheduled__2024-08-04T00:00:00+00:00 [queued]>
[2024-08-17T10:38:59.420+0000] {taskinstance.py:2306} INFO - Starting attempt 1 of 2
[2024-08-17T10:38:59.434+0000] {taskinstance.py:2330} INFO - Executing <Task(PythonOperator): get_deaths_dataset.save_data_to_s3> on 2024-08-04 00:00:00+00:00
[2024-08-17T10:38:59.449+0000] {warnings.py:110} WARNING - /home/airflow/.local/lib/python3.12/site-packages/airflow/task/task_runner/standard_task_runner.py:61: DeprecationWarning: This process (pid=62151) is multi-threaded, use of fork() may lead to deadlocks in the child.
  pid = os.fork()

[2024-08-17T10:38:59.450+0000] {standard_task_runner.py:63} INFO - Started process 72470 to run task
[2024-08-17T10:38:59.450+0000] {standard_task_runner.py:90} INFO - Running: ['airflow', 'tasks', 'run', 'predict_values_TS_25', 'get_deaths_dataset.save_data_to_s3', 'scheduled__2024-08-04T00:00:00+00:00', '--job-id', '152', '--raw', '--subdir', 'DAGS_FOLDER/etl.py', '--cfg-path', '/tmp/tmpx45norv7']
[2024-08-17T10:38:59.452+0000] {standard_task_runner.py:91} INFO - Job 152: Subtask get_deaths_dataset.save_data_to_s3
[2024-08-17T10:38:59.499+0000] {task_command.py:426} INFO - Running <TaskInstance: predict_values_TS_25.get_deaths_dataset.save_data_to_s3 scheduled__2024-08-04T00:00:00+00:00 [running]> on host 57503ef29846
[2024-08-17T10:38:59.592+0000] {taskinstance.py:2648} INFO - Exporting env vars: AIRFLOW_CTX_DAG_OWNER='Ruslan Solarev' AIRFLOW_CTX_DAG_ID='predict_values_TS_25' AIRFLOW_CTX_TASK_ID='get_deaths_dataset.save_data_to_s3' AIRFLOW_CTX_EXECUTION_DATE='2024-08-04T00:00:00+00:00' AIRFLOW_CTX_TRY_NUMBER='1' AIRFLOW_CTX_DAG_RUN_ID='scheduled__2024-08-04T00:00:00+00:00'
[2024-08-17T10:38:59.593+0000] {taskinstance.py:430} INFO - ::endgroup::
[2024-08-17T10:38:59.613+0000] {base.py:84} INFO - Using connection ID 'minio_conn' for task execution.
[2024-08-17T10:38:59.614+0000] {connection_wrapper.py:387} INFO - AWS Connection (conn_id='minio_conn', conn_type='aws') credentials retrieved from extra.
[2024-08-17T10:38:59.615+0000] {warnings.py:110} WARNING - <string>:9: AirflowProviderDeprecationWarning: extra['host'] is deprecated and will be removed in a future release. Please set extra['endpoint_url'] instead

[2024-08-17T10:39:00.213+0000] {python.py:237} INFO - Done. Returned value was: None
[2024-08-17T10:39:00.215+0000] {taskinstance.py:441} INFO - ::group::Post task execution logs
[2024-08-17T10:39:00.228+0000] {taskinstance.py:1206} INFO - Marking task as SUCCESS. dag_id=predict_values_TS_25, task_id=get_deaths_dataset.save_data_to_s3, run_id=scheduled__2024-08-04T00:00:00+00:00, execution_date=20240804T000000, start_date=20240817T103859, end_date=20240817T103900
[2024-08-17T10:39:00.274+0000] {local_task_job_runner.py:240} INFO - Task exited with return code 0
[2024-08-17T10:39:00.288+0000] {warnings.py:110} WARNING - /home/airflow/.local/lib/python3.12/site-packages/airflow/models/baseoperator.py:1296: AirflowProviderDeprecationWarning: Call to deprecated class PostgresOperator. (Please use `airflow.providers.common.sql.operators.sql.SQLExecuteQueryOperator`.Also, you can provide `hook_params={'schema': <database>}`.)
  result = cls.__new__(cls)

[2024-08-17T10:39:00.309+0000] {taskinstance.py:3498} INFO - 2 downstream tasks scheduled from follow-on schedule check
[2024-08-17T10:39:00.313+0000] {local_task_job_runner.py:222} INFO - ::endgroup::
