[2024-08-17T02:38:51.369+0000] {processor.py:161} INFO - Started process (PID=76868) to work on /opt/airflow/dags/data/models/China.27/TS_model.pkl
[2024-08-17T02:38:51.370+0000] {processor.py:830} INFO - Processing file /opt/airflow/dags/data/models/China.27/TS_model.pkl for tasks to queue
[2024-08-17T02:38:51.371+0000] {logging_mixin.py:188} INFO - [2024-08-17T02:38:51.371+0000] {dagbag.py:545} INFO - Filling up the DagBag from /opt/airflow/dags/data/models/China.27/TS_model.pkl
[2024-08-17T02:38:51.386+0000] {processor.py:842} WARNING - No viable dags retrieved from /opt/airflow/dags/data/models/China.27/TS_model.pkl
[2024-08-17T02:38:51.398+0000] {processor.py:183} INFO - Processing /opt/airflow/dags/data/models/China.27/TS_model.pkl took 0.033 seconds
[2024-08-17T02:39:22.019+0000] {processor.py:161} INFO - Started process (PID=77141) to work on /opt/airflow/dags/data/models/China.27/TS_model.pkl
[2024-08-17T02:39:22.020+0000] {processor.py:830} INFO - Processing file /opt/airflow/dags/data/models/China.27/TS_model.pkl for tasks to queue
[2024-08-17T02:39:22.021+0000] {logging_mixin.py:188} INFO - [2024-08-17T02:39:22.021+0000] {dagbag.py:545} INFO - Filling up the DagBag from /opt/airflow/dags/data/models/China.27/TS_model.pkl
[2024-08-17T02:39:22.031+0000] {processor.py:842} WARNING - No viable dags retrieved from /opt/airflow/dags/data/models/China.27/TS_model.pkl
[2024-08-17T02:39:22.041+0000] {processor.py:183} INFO - Processing /opt/airflow/dags/data/models/China.27/TS_model.pkl took 0.026 seconds
[2024-08-17T02:39:52.717+0000] {processor.py:161} INFO - Started process (PID=77414) to work on /opt/airflow/dags/data/models/China.27/TS_model.pkl
[2024-08-17T02:39:52.718+0000] {processor.py:830} INFO - Processing file /opt/airflow/dags/data/models/China.27/TS_model.pkl for tasks to queue
[2024-08-17T02:39:52.719+0000] {logging_mixin.py:188} INFO - [2024-08-17T02:39:52.719+0000] {dagbag.py:545} INFO - Filling up the DagBag from /opt/airflow/dags/data/models/China.27/TS_model.pkl
[2024-08-17T02:39:52.731+0000] {processor.py:842} WARNING - No viable dags retrieved from /opt/airflow/dags/data/models/China.27/TS_model.pkl
[2024-08-17T02:39:52.741+0000] {processor.py:183} INFO - Processing /opt/airflow/dags/data/models/China.27/TS_model.pkl took 0.029 seconds
[2024-08-17T02:40:23.166+0000] {processor.py:161} INFO - Started process (PID=77661) to work on /opt/airflow/dags/data/models/China.27/TS_model.pkl
[2024-08-17T02:40:23.167+0000] {processor.py:830} INFO - Processing file /opt/airflow/dags/data/models/China.27/TS_model.pkl for tasks to queue
[2024-08-17T02:40:23.167+0000] {logging_mixin.py:188} INFO - [2024-08-17T02:40:23.167+0000] {dagbag.py:545} INFO - Filling up the DagBag from /opt/airflow/dags/data/models/China.27/TS_model.pkl
[2024-08-17T02:40:23.175+0000] {processor.py:842} WARNING - No viable dags retrieved from /opt/airflow/dags/data/models/China.27/TS_model.pkl
[2024-08-17T02:40:23.185+0000] {processor.py:183} INFO - Processing /opt/airflow/dags/data/models/China.27/TS_model.pkl took 0.025 seconds
[2024-08-17T02:40:53.710+0000] {processor.py:161} INFO - Started process (PID=77934) to work on /opt/airflow/dags/data/models/China.27/TS_model.pkl
[2024-08-17T02:40:53.711+0000] {processor.py:830} INFO - Processing file /opt/airflow/dags/data/models/China.27/TS_model.pkl for tasks to queue
[2024-08-17T02:40:53.711+0000] {logging_mixin.py:188} INFO - [2024-08-17T02:40:53.711+0000] {dagbag.py:545} INFO - Filling up the DagBag from /opt/airflow/dags/data/models/China.27/TS_model.pkl
[2024-08-17T02:40:53.724+0000] {processor.py:842} WARNING - No viable dags retrieved from /opt/airflow/dags/data/models/China.27/TS_model.pkl
[2024-08-17T02:40:53.735+0000] {processor.py:183} INFO - Processing /opt/airflow/dags/data/models/China.27/TS_model.pkl took 0.029 seconds
[2024-08-17T02:41:25.367+0000] {processor.py:161} INFO - Started process (PID=78181) to work on /opt/airflow/dags/data/models/China.27/TS_model.pkl
[2024-08-17T02:41:25.368+0000] {processor.py:830} INFO - Processing file /opt/airflow/dags/data/models/China.27/TS_model.pkl for tasks to queue
[2024-08-17T02:41:25.368+0000] {logging_mixin.py:188} INFO - [2024-08-17T02:41:25.368+0000] {dagbag.py:545} INFO - Filling up the DagBag from /opt/airflow/dags/data/models/China.27/TS_model.pkl
[2024-08-17T02:41:25.379+0000] {processor.py:842} WARNING - No viable dags retrieved from /opt/airflow/dags/data/models/China.27/TS_model.pkl
[2024-08-17T02:41:25.390+0000] {processor.py:183} INFO - Processing /opt/airflow/dags/data/models/China.27/TS_model.pkl took 0.028 seconds
[2024-08-17T02:41:56.171+0000] {processor.py:161} INFO - Started process (PID=78434) to work on /opt/airflow/dags/data/models/China.27/TS_model.pkl
[2024-08-17T02:41:56.172+0000] {processor.py:830} INFO - Processing file /opt/airflow/dags/data/models/China.27/TS_model.pkl for tasks to queue
[2024-08-17T02:41:56.172+0000] {logging_mixin.py:188} INFO - [2024-08-17T02:41:56.172+0000] {dagbag.py:545} INFO - Filling up the DagBag from /opt/airflow/dags/data/models/China.27/TS_model.pkl
[2024-08-17T02:41:56.182+0000] {processor.py:842} WARNING - No viable dags retrieved from /opt/airflow/dags/data/models/China.27/TS_model.pkl
[2024-08-17T02:41:56.191+0000] {processor.py:183} INFO - Processing /opt/airflow/dags/data/models/China.27/TS_model.pkl took 0.025 seconds
[2024-08-17T02:42:27.030+0000] {processor.py:161} INFO - Started process (PID=78688) to work on /opt/airflow/dags/data/models/China.27/TS_model.pkl
[2024-08-17T02:42:27.031+0000] {processor.py:830} INFO - Processing file /opt/airflow/dags/data/models/China.27/TS_model.pkl for tasks to queue
[2024-08-17T02:42:27.031+0000] {logging_mixin.py:188} INFO - [2024-08-17T02:42:27.031+0000] {dagbag.py:545} INFO - Filling up the DagBag from /opt/airflow/dags/data/models/China.27/TS_model.pkl
[2024-08-17T02:42:27.045+0000] {processor.py:842} WARNING - No viable dags retrieved from /opt/airflow/dags/data/models/China.27/TS_model.pkl
[2024-08-17T02:42:27.056+0000] {processor.py:183} INFO - Processing /opt/airflow/dags/data/models/China.27/TS_model.pkl took 0.030 seconds
[2024-08-17T02:42:57.871+0000] {processor.py:161} INFO - Started process (PID=78955) to work on /opt/airflow/dags/data/models/China.27/TS_model.pkl
[2024-08-17T02:42:57.872+0000] {processor.py:830} INFO - Processing file /opt/airflow/dags/data/models/China.27/TS_model.pkl for tasks to queue
[2024-08-17T02:42:57.873+0000] {logging_mixin.py:188} INFO - [2024-08-17T02:42:57.873+0000] {dagbag.py:545} INFO - Filling up the DagBag from /opt/airflow/dags/data/models/China.27/TS_model.pkl
[2024-08-17T02:42:57.885+0000] {processor.py:842} WARNING - No viable dags retrieved from /opt/airflow/dags/data/models/China.27/TS_model.pkl
[2024-08-17T02:42:57.898+0000] {processor.py:183} INFO - Processing /opt/airflow/dags/data/models/China.27/TS_model.pkl took 0.031 seconds
[2024-08-17T02:43:29.497+0000] {processor.py:161} INFO - Started process (PID=79209) to work on /opt/airflow/dags/data/models/China.27/TS_model.pkl
[2024-08-17T02:43:29.497+0000] {processor.py:830} INFO - Processing file /opt/airflow/dags/data/models/China.27/TS_model.pkl for tasks to queue
[2024-08-17T02:43:29.498+0000] {logging_mixin.py:188} INFO - [2024-08-17T02:43:29.498+0000] {dagbag.py:545} INFO - Filling up the DagBag from /opt/airflow/dags/data/models/China.27/TS_model.pkl
[2024-08-17T02:43:29.511+0000] {processor.py:842} WARNING - No viable dags retrieved from /opt/airflow/dags/data/models/China.27/TS_model.pkl
[2024-08-17T02:43:29.522+0000] {processor.py:183} INFO - Processing /opt/airflow/dags/data/models/China.27/TS_model.pkl took 0.029 seconds
[2024-08-17T02:44:00.182+0000] {processor.py:161} INFO - Started process (PID=79485) to work on /opt/airflow/dags/data/models/China.27/TS_model.pkl
[2024-08-17T02:44:00.186+0000] {processor.py:830} INFO - Processing file /opt/airflow/dags/data/models/China.27/TS_model.pkl for tasks to queue
[2024-08-17T02:44:00.196+0000] {logging_mixin.py:188} INFO - [2024-08-17T02:44:00.196+0000] {dagbag.py:545} INFO - Filling up the DagBag from /opt/airflow/dags/data/models/China.27/TS_model.pkl
[2024-08-17T02:44:00.215+0000] {processor.py:842} WARNING - No viable dags retrieved from /opt/airflow/dags/data/models/China.27/TS_model.pkl
[2024-08-17T02:44:00.228+0000] {processor.py:183} INFO - Processing /opt/airflow/dags/data/models/China.27/TS_model.pkl took 0.051 seconds
[2024-08-17T02:44:30.820+0000] {processor.py:161} INFO - Started process (PID=79787) to work on /opt/airflow/dags/data/models/China.27/TS_model.pkl
[2024-08-17T02:44:30.820+0000] {processor.py:830} INFO - Processing file /opt/airflow/dags/data/models/China.27/TS_model.pkl for tasks to queue
[2024-08-17T02:44:30.821+0000] {logging_mixin.py:188} INFO - [2024-08-17T02:44:30.821+0000] {dagbag.py:545} INFO - Filling up the DagBag from /opt/airflow/dags/data/models/China.27/TS_model.pkl
[2024-08-17T02:44:30.830+0000] {processor.py:842} WARNING - No viable dags retrieved from /opt/airflow/dags/data/models/China.27/TS_model.pkl
[2024-08-17T02:44:30.840+0000] {processor.py:183} INFO - Processing /opt/airflow/dags/data/models/China.27/TS_model.pkl took 0.025 seconds
[2024-08-17T02:45:01.488+0000] {processor.py:161} INFO - Started process (PID=80064) to work on /opt/airflow/dags/data/models/China.27/TS_model.pkl
[2024-08-17T02:45:01.489+0000] {processor.py:830} INFO - Processing file /opt/airflow/dags/data/models/China.27/TS_model.pkl for tasks to queue
[2024-08-17T02:45:01.490+0000] {logging_mixin.py:188} INFO - [2024-08-17T02:45:01.489+0000] {dagbag.py:545} INFO - Filling up the DagBag from /opt/airflow/dags/data/models/China.27/TS_model.pkl
[2024-08-17T02:45:01.502+0000] {processor.py:842} WARNING - No viable dags retrieved from /opt/airflow/dags/data/models/China.27/TS_model.pkl
[2024-08-17T02:45:01.512+0000] {processor.py:183} INFO - Processing /opt/airflow/dags/data/models/China.27/TS_model.pkl took 0.028 seconds
[2024-08-17T02:45:32.470+0000] {processor.py:161} INFO - Started process (PID=80366) to work on /opt/airflow/dags/data/models/China.27/TS_model.pkl
[2024-08-17T02:45:32.471+0000] {processor.py:830} INFO - Processing file /opt/airflow/dags/data/models/China.27/TS_model.pkl for tasks to queue
[2024-08-17T02:45:32.471+0000] {logging_mixin.py:188} INFO - [2024-08-17T02:45:32.471+0000] {dagbag.py:545} INFO - Filling up the DagBag from /opt/airflow/dags/data/models/China.27/TS_model.pkl
[2024-08-17T02:45:32.479+0000] {processor.py:842} WARNING - No viable dags retrieved from /opt/airflow/dags/data/models/China.27/TS_model.pkl
[2024-08-17T02:45:32.490+0000] {processor.py:183} INFO - Processing /opt/airflow/dags/data/models/China.27/TS_model.pkl took 0.024 seconds
[2024-08-17T02:46:03.411+0000] {processor.py:161} INFO - Started process (PID=80650) to work on /opt/airflow/dags/data/models/China.27/TS_model.pkl
[2024-08-17T02:46:03.413+0000] {processor.py:830} INFO - Processing file /opt/airflow/dags/data/models/China.27/TS_model.pkl for tasks to queue
[2024-08-17T02:46:03.414+0000] {logging_mixin.py:188} INFO - [2024-08-17T02:46:03.413+0000] {dagbag.py:545} INFO - Filling up the DagBag from /opt/airflow/dags/data/models/China.27/TS_model.pkl
[2024-08-17T02:46:03.425+0000] {processor.py:842} WARNING - No viable dags retrieved from /opt/airflow/dags/data/models/China.27/TS_model.pkl
[2024-08-17T02:46:03.436+0000] {processor.py:183} INFO - Processing /opt/airflow/dags/data/models/China.27/TS_model.pkl took 0.029 seconds
[2024-08-17T02:46:34.080+0000] {processor.py:161} INFO - Started process (PID=80945) to work on /opt/airflow/dags/data/models/China.27/TS_model.pkl
[2024-08-17T02:46:34.081+0000] {processor.py:830} INFO - Processing file /opt/airflow/dags/data/models/China.27/TS_model.pkl for tasks to queue
[2024-08-17T02:46:34.081+0000] {logging_mixin.py:188} INFO - [2024-08-17T02:46:34.081+0000] {dagbag.py:545} INFO - Filling up the DagBag from /opt/airflow/dags/data/models/China.27/TS_model.pkl
[2024-08-17T02:46:34.103+0000] {processor.py:842} WARNING - No viable dags retrieved from /opt/airflow/dags/data/models/China.27/TS_model.pkl
[2024-08-17T02:46:34.114+0000] {processor.py:183} INFO - Processing /opt/airflow/dags/data/models/China.27/TS_model.pkl took 0.038 seconds
[2024-08-17T02:47:05.016+0000] {processor.py:161} INFO - Started process (PID=81247) to work on /opt/airflow/dags/data/models/China.27/TS_model.pkl
[2024-08-17T02:47:05.017+0000] {processor.py:830} INFO - Processing file /opt/airflow/dags/data/models/China.27/TS_model.pkl for tasks to queue
[2024-08-17T02:47:05.017+0000] {logging_mixin.py:188} INFO - [2024-08-17T02:47:05.017+0000] {dagbag.py:545} INFO - Filling up the DagBag from /opt/airflow/dags/data/models/China.27/TS_model.pkl
[2024-08-17T02:47:05.029+0000] {processor.py:842} WARNING - No viable dags retrieved from /opt/airflow/dags/data/models/China.27/TS_model.pkl
[2024-08-17T02:47:05.039+0000] {processor.py:183} INFO - Processing /opt/airflow/dags/data/models/China.27/TS_model.pkl took 0.027 seconds
[2024-08-17T02:47:35.710+0000] {processor.py:161} INFO - Started process (PID=81523) to work on /opt/airflow/dags/data/models/China.27/TS_model.pkl
[2024-08-17T02:47:35.711+0000] {processor.py:830} INFO - Processing file /opt/airflow/dags/data/models/China.27/TS_model.pkl for tasks to queue
[2024-08-17T02:47:35.712+0000] {logging_mixin.py:188} INFO - [2024-08-17T02:47:35.712+0000] {dagbag.py:545} INFO - Filling up the DagBag from /opt/airflow/dags/data/models/China.27/TS_model.pkl
[2024-08-17T02:47:35.723+0000] {processor.py:842} WARNING - No viable dags retrieved from /opt/airflow/dags/data/models/China.27/TS_model.pkl
[2024-08-17T02:47:35.734+0000] {processor.py:183} INFO - Processing /opt/airflow/dags/data/models/China.27/TS_model.pkl took 0.027 seconds
[2024-08-17T02:48:06.275+0000] {processor.py:161} INFO - Started process (PID=81825) to work on /opt/airflow/dags/data/models/China.27/TS_model.pkl
[2024-08-17T02:48:06.275+0000] {processor.py:830} INFO - Processing file /opt/airflow/dags/data/models/China.27/TS_model.pkl for tasks to queue
[2024-08-17T02:48:06.276+0000] {logging_mixin.py:188} INFO - [2024-08-17T02:48:06.276+0000] {dagbag.py:545} INFO - Filling up the DagBag from /opt/airflow/dags/data/models/China.27/TS_model.pkl
[2024-08-17T02:48:06.288+0000] {processor.py:842} WARNING - No viable dags retrieved from /opt/airflow/dags/data/models/China.27/TS_model.pkl
[2024-08-17T02:48:06.301+0000] {processor.py:183} INFO - Processing /opt/airflow/dags/data/models/China.27/TS_model.pkl took 0.032 seconds
[2024-08-17T02:48:36.940+0000] {processor.py:161} INFO - Started process (PID=82083) to work on /opt/airflow/dags/data/models/China.27/TS_model.pkl
[2024-08-17T02:48:36.940+0000] {processor.py:830} INFO - Processing file /opt/airflow/dags/data/models/China.27/TS_model.pkl for tasks to queue
[2024-08-17T02:48:36.941+0000] {logging_mixin.py:188} INFO - [2024-08-17T02:48:36.941+0000] {dagbag.py:545} INFO - Filling up the DagBag from /opt/airflow/dags/data/models/China.27/TS_model.pkl
[2024-08-17T02:48:36.952+0000] {processor.py:842} WARNING - No viable dags retrieved from /opt/airflow/dags/data/models/China.27/TS_model.pkl
[2024-08-17T02:48:36.963+0000] {processor.py:183} INFO - Processing /opt/airflow/dags/data/models/China.27/TS_model.pkl took 0.028 seconds
[2024-08-17T02:49:07.440+0000] {processor.py:161} INFO - Started process (PID=82411) to work on /opt/airflow/dags/data/models/China.27/TS_model.pkl
[2024-08-17T02:49:07.440+0000] {processor.py:830} INFO - Processing file /opt/airflow/dags/data/models/China.27/TS_model.pkl for tasks to queue
[2024-08-17T02:49:07.441+0000] {logging_mixin.py:188} INFO - [2024-08-17T02:49:07.441+0000] {dagbag.py:545} INFO - Filling up the DagBag from /opt/airflow/dags/data/models/China.27/TS_model.pkl
[2024-08-17T02:49:07.449+0000] {processor.py:842} WARNING - No viable dags retrieved from /opt/airflow/dags/data/models/China.27/TS_model.pkl
[2024-08-17T02:49:07.459+0000] {processor.py:183} INFO - Processing /opt/airflow/dags/data/models/China.27/TS_model.pkl took 0.023 seconds
[2024-08-17T02:49:38.592+0000] {processor.py:161} INFO - Started process (PID=82715) to work on /opt/airflow/dags/data/models/China.27/TS_model.pkl
[2024-08-17T02:49:38.593+0000] {processor.py:830} INFO - Processing file /opt/airflow/dags/data/models/China.27/TS_model.pkl for tasks to queue
[2024-08-17T02:49:38.594+0000] {logging_mixin.py:188} INFO - [2024-08-17T02:49:38.594+0000] {dagbag.py:545} INFO - Filling up the DagBag from /opt/airflow/dags/data/models/China.27/TS_model.pkl
[2024-08-17T02:49:38.608+0000] {processor.py:842} WARNING - No viable dags retrieved from /opt/airflow/dags/data/models/China.27/TS_model.pkl
[2024-08-17T02:49:38.621+0000] {processor.py:183} INFO - Processing /opt/airflow/dags/data/models/China.27/TS_model.pkl took 0.034 seconds
[2024-08-17T02:50:09.606+0000] {processor.py:161} INFO - Started process (PID=83045) to work on /opt/airflow/dags/data/models/China.27/TS_model.pkl
[2024-08-17T02:50:09.607+0000] {processor.py:830} INFO - Processing file /opt/airflow/dags/data/models/China.27/TS_model.pkl for tasks to queue
[2024-08-17T02:50:09.607+0000] {logging_mixin.py:188} INFO - [2024-08-17T02:50:09.607+0000] {dagbag.py:545} INFO - Filling up the DagBag from /opt/airflow/dags/data/models/China.27/TS_model.pkl
[2024-08-17T02:50:09.620+0000] {processor.py:842} WARNING - No viable dags retrieved from /opt/airflow/dags/data/models/China.27/TS_model.pkl
[2024-08-17T02:50:09.631+0000] {processor.py:183} INFO - Processing /opt/airflow/dags/data/models/China.27/TS_model.pkl took 0.029 seconds
[2024-08-17T02:50:40.320+0000] {processor.py:161} INFO - Started process (PID=83334) to work on /opt/airflow/dags/data/models/China.27/TS_model.pkl
[2024-08-17T02:50:40.321+0000] {processor.py:830} INFO - Processing file /opt/airflow/dags/data/models/China.27/TS_model.pkl for tasks to queue
[2024-08-17T02:50:40.321+0000] {logging_mixin.py:188} INFO - [2024-08-17T02:50:40.321+0000] {dagbag.py:545} INFO - Filling up the DagBag from /opt/airflow/dags/data/models/China.27/TS_model.pkl
[2024-08-17T02:50:40.333+0000] {processor.py:842} WARNING - No viable dags retrieved from /opt/airflow/dags/data/models/China.27/TS_model.pkl
[2024-08-17T02:50:40.344+0000] {processor.py:183} INFO - Processing /opt/airflow/dags/data/models/China.27/TS_model.pkl took 0.028 seconds
[2024-08-17T02:51:11.014+0000] {processor.py:161} INFO - Started process (PID=83656) to work on /opt/airflow/dags/data/models/China.27/TS_model.pkl
[2024-08-17T02:51:11.014+0000] {processor.py:830} INFO - Processing file /opt/airflow/dags/data/models/China.27/TS_model.pkl for tasks to queue
[2024-08-17T02:51:11.015+0000] {logging_mixin.py:188} INFO - [2024-08-17T02:51:11.015+0000] {dagbag.py:545} INFO - Filling up the DagBag from /opt/airflow/dags/data/models/China.27/TS_model.pkl
[2024-08-17T02:51:11.028+0000] {processor.py:842} WARNING - No viable dags retrieved from /opt/airflow/dags/data/models/China.27/TS_model.pkl
[2024-08-17T02:51:11.038+0000] {processor.py:183} INFO - Processing /opt/airflow/dags/data/models/China.27/TS_model.pkl took 0.030 seconds
[2024-08-17T02:51:41.911+0000] {processor.py:161} INFO - Started process (PID=83985) to work on /opt/airflow/dags/data/models/China.27/TS_model.pkl
[2024-08-17T02:51:41.912+0000] {processor.py:830} INFO - Processing file /opt/airflow/dags/data/models/China.27/TS_model.pkl for tasks to queue
[2024-08-17T02:51:41.913+0000] {logging_mixin.py:188} INFO - [2024-08-17T02:51:41.913+0000] {dagbag.py:545} INFO - Filling up the DagBag from /opt/airflow/dags/data/models/China.27/TS_model.pkl
[2024-08-17T02:51:41.926+0000] {processor.py:842} WARNING - No viable dags retrieved from /opt/airflow/dags/data/models/China.27/TS_model.pkl
[2024-08-17T02:51:41.936+0000] {processor.py:183} INFO - Processing /opt/airflow/dags/data/models/China.27/TS_model.pkl took 0.030 seconds
[2024-08-17T02:52:12.849+0000] {processor.py:161} INFO - Started process (PID=84288) to work on /opt/airflow/dags/data/models/China.27/TS_model.pkl
[2024-08-17T02:52:12.850+0000] {processor.py:830} INFO - Processing file /opt/airflow/dags/data/models/China.27/TS_model.pkl for tasks to queue
[2024-08-17T02:52:12.850+0000] {logging_mixin.py:188} INFO - [2024-08-17T02:52:12.850+0000] {dagbag.py:545} INFO - Filling up the DagBag from /opt/airflow/dags/data/models/China.27/TS_model.pkl
[2024-08-17T02:52:12.866+0000] {processor.py:842} WARNING - No viable dags retrieved from /opt/airflow/dags/data/models/China.27/TS_model.pkl
[2024-08-17T02:52:12.879+0000] {processor.py:183} INFO - Processing /opt/airflow/dags/data/models/China.27/TS_model.pkl took 0.034 seconds
[2024-08-17T02:52:43.432+0000] {processor.py:161} INFO - Started process (PID=84617) to work on /opt/airflow/dags/data/models/China.27/TS_model.pkl
[2024-08-17T02:52:43.433+0000] {processor.py:830} INFO - Processing file /opt/airflow/dags/data/models/China.27/TS_model.pkl for tasks to queue
[2024-08-17T02:52:43.434+0000] {logging_mixin.py:188} INFO - [2024-08-17T02:52:43.434+0000] {dagbag.py:545} INFO - Filling up the DagBag from /opt/airflow/dags/data/models/China.27/TS_model.pkl
[2024-08-17T02:52:43.447+0000] {processor.py:842} WARNING - No viable dags retrieved from /opt/airflow/dags/data/models/China.27/TS_model.pkl
[2024-08-17T02:52:43.458+0000] {processor.py:183} INFO - Processing /opt/airflow/dags/data/models/China.27/TS_model.pkl took 0.029 seconds
[2024-08-17T02:53:13.999+0000] {processor.py:161} INFO - Started process (PID=84920) to work on /opt/airflow/dags/data/models/China.27/TS_model.pkl
[2024-08-17T02:53:14.000+0000] {processor.py:830} INFO - Processing file /opt/airflow/dags/data/models/China.27/TS_model.pkl for tasks to queue
[2024-08-17T02:53:14.000+0000] {logging_mixin.py:188} INFO - [2024-08-17T02:53:14.000+0000] {dagbag.py:545} INFO - Filling up the DagBag from /opt/airflow/dags/data/models/China.27/TS_model.pkl
[2024-08-17T02:53:14.012+0000] {processor.py:842} WARNING - No viable dags retrieved from /opt/airflow/dags/data/models/China.27/TS_model.pkl
[2024-08-17T02:53:14.023+0000] {processor.py:183} INFO - Processing /opt/airflow/dags/data/models/China.27/TS_model.pkl took 0.028 seconds
[2024-08-17T02:53:44.690+0000] {processor.py:161} INFO - Started process (PID=85249) to work on /opt/airflow/dags/data/models/China.27/TS_model.pkl
[2024-08-17T02:53:44.691+0000] {processor.py:830} INFO - Processing file /opt/airflow/dags/data/models/China.27/TS_model.pkl for tasks to queue
[2024-08-17T02:53:44.692+0000] {logging_mixin.py:188} INFO - [2024-08-17T02:53:44.691+0000] {dagbag.py:545} INFO - Filling up the DagBag from /opt/airflow/dags/data/models/China.27/TS_model.pkl
[2024-08-17T02:53:44.704+0000] {processor.py:842} WARNING - No viable dags retrieved from /opt/airflow/dags/data/models/China.27/TS_model.pkl
[2024-08-17T02:53:44.715+0000] {processor.py:183} INFO - Processing /opt/airflow/dags/data/models/China.27/TS_model.pkl took 0.029 seconds
[2024-08-17T02:54:15.623+0000] {processor.py:161} INFO - Started process (PID=85590) to work on /opt/airflow/dags/data/models/China.27/TS_model.pkl
[2024-08-17T02:54:15.624+0000] {processor.py:830} INFO - Processing file /opt/airflow/dags/data/models/China.27/TS_model.pkl for tasks to queue
[2024-08-17T02:54:15.624+0000] {logging_mixin.py:188} INFO - [2024-08-17T02:54:15.624+0000] {dagbag.py:545} INFO - Filling up the DagBag from /opt/airflow/dags/data/models/China.27/TS_model.pkl
[2024-08-17T02:54:15.638+0000] {processor.py:842} WARNING - No viable dags retrieved from /opt/airflow/dags/data/models/China.27/TS_model.pkl
[2024-08-17T02:54:15.648+0000] {processor.py:183} INFO - Processing /opt/airflow/dags/data/models/China.27/TS_model.pkl took 0.029 seconds
[2024-08-17T02:54:46.516+0000] {processor.py:161} INFO - Started process (PID=85943) to work on /opt/airflow/dags/data/models/China.27/TS_model.pkl
[2024-08-17T02:54:46.517+0000] {processor.py:830} INFO - Processing file /opt/airflow/dags/data/models/China.27/TS_model.pkl for tasks to queue
[2024-08-17T02:54:46.518+0000] {logging_mixin.py:188} INFO - [2024-08-17T02:54:46.518+0000] {dagbag.py:545} INFO - Filling up the DagBag from /opt/airflow/dags/data/models/China.27/TS_model.pkl
[2024-08-17T02:54:46.529+0000] {processor.py:842} WARNING - No viable dags retrieved from /opt/airflow/dags/data/models/China.27/TS_model.pkl
[2024-08-17T02:54:46.539+0000] {processor.py:183} INFO - Processing /opt/airflow/dags/data/models/China.27/TS_model.pkl took 0.027 seconds
[2024-08-17T02:55:18.349+0000] {processor.py:161} INFO - Started process (PID=86284) to work on /opt/airflow/dags/data/models/China.27/TS_model.pkl
[2024-08-17T02:55:18.350+0000] {processor.py:830} INFO - Processing file /opt/airflow/dags/data/models/China.27/TS_model.pkl for tasks to queue
[2024-08-17T02:55:18.351+0000] {logging_mixin.py:188} INFO - [2024-08-17T02:55:18.351+0000] {dagbag.py:545} INFO - Filling up the DagBag from /opt/airflow/dags/data/models/China.27/TS_model.pkl
[2024-08-17T02:55:18.363+0000] {processor.py:842} WARNING - No viable dags retrieved from /opt/airflow/dags/data/models/China.27/TS_model.pkl
[2024-08-17T02:55:18.373+0000] {processor.py:183} INFO - Processing /opt/airflow/dags/data/models/China.27/TS_model.pkl took 0.027 seconds
[2024-08-17T02:55:49.488+0000] {processor.py:161} INFO - Started process (PID=86618) to work on /opt/airflow/dags/data/models/China.27/TS_model.pkl
[2024-08-17T02:55:49.489+0000] {processor.py:830} INFO - Processing file /opt/airflow/dags/data/models/China.27/TS_model.pkl for tasks to queue
[2024-08-17T02:55:49.489+0000] {logging_mixin.py:188} INFO - [2024-08-17T02:55:49.489+0000] {dagbag.py:545} INFO - Filling up the DagBag from /opt/airflow/dags/data/models/China.27/TS_model.pkl
[2024-08-17T02:55:49.500+0000] {processor.py:842} WARNING - No viable dags retrieved from /opt/airflow/dags/data/models/China.27/TS_model.pkl
[2024-08-17T02:55:49.509+0000] {processor.py:183} INFO - Processing /opt/airflow/dags/data/models/China.27/TS_model.pkl took 0.025 seconds
[2024-08-17T02:56:20.535+0000] {processor.py:161} INFO - Started process (PID=86955) to work on /opt/airflow/dags/data/models/China.27/TS_model.pkl
[2024-08-17T02:56:20.535+0000] {processor.py:830} INFO - Processing file /opt/airflow/dags/data/models/China.27/TS_model.pkl for tasks to queue
[2024-08-17T02:56:20.536+0000] {logging_mixin.py:188} INFO - [2024-08-17T02:56:20.536+0000] {dagbag.py:545} INFO - Filling up the DagBag from /opt/airflow/dags/data/models/China.27/TS_model.pkl
[2024-08-17T02:56:20.548+0000] {processor.py:842} WARNING - No viable dags retrieved from /opt/airflow/dags/data/models/China.27/TS_model.pkl
[2024-08-17T02:56:20.558+0000] {processor.py:183} INFO - Processing /opt/airflow/dags/data/models/China.27/TS_model.pkl took 0.028 seconds
[2024-08-17T02:56:51.555+0000] {processor.py:161} INFO - Started process (PID=87314) to work on /opt/airflow/dags/data/models/China.27/TS_model.pkl
[2024-08-17T02:56:51.555+0000] {processor.py:830} INFO - Processing file /opt/airflow/dags/data/models/China.27/TS_model.pkl for tasks to queue
[2024-08-17T02:56:51.556+0000] {logging_mixin.py:188} INFO - [2024-08-17T02:56:51.556+0000] {dagbag.py:545} INFO - Filling up the DagBag from /opt/airflow/dags/data/models/China.27/TS_model.pkl
[2024-08-17T02:56:51.566+0000] {processor.py:842} WARNING - No viable dags retrieved from /opt/airflow/dags/data/models/China.27/TS_model.pkl
[2024-08-17T02:56:51.576+0000] {processor.py:183} INFO - Processing /opt/airflow/dags/data/models/China.27/TS_model.pkl took 0.026 seconds
[2024-08-17T02:57:22.370+0000] {processor.py:161} INFO - Started process (PID=87646) to work on /opt/airflow/dags/data/models/China.27/TS_model.pkl
[2024-08-17T02:57:22.371+0000] {processor.py:830} INFO - Processing file /opt/airflow/dags/data/models/China.27/TS_model.pkl for tasks to queue
[2024-08-17T02:57:22.372+0000] {logging_mixin.py:188} INFO - [2024-08-17T02:57:22.372+0000] {dagbag.py:545} INFO - Filling up the DagBag from /opt/airflow/dags/data/models/China.27/TS_model.pkl
[2024-08-17T02:57:22.384+0000] {processor.py:842} WARNING - No viable dags retrieved from /opt/airflow/dags/data/models/China.27/TS_model.pkl
[2024-08-17T02:57:22.394+0000] {processor.py:183} INFO - Processing /opt/airflow/dags/data/models/China.27/TS_model.pkl took 0.028 seconds
[2024-08-17T02:57:53.308+0000] {processor.py:161} INFO - Started process (PID=87964) to work on /opt/airflow/dags/data/models/China.27/TS_model.pkl
[2024-08-17T02:57:53.309+0000] {processor.py:830} INFO - Processing file /opt/airflow/dags/data/models/China.27/TS_model.pkl for tasks to queue
[2024-08-17T02:57:53.309+0000] {logging_mixin.py:188} INFO - [2024-08-17T02:57:53.309+0000] {dagbag.py:545} INFO - Filling up the DagBag from /opt/airflow/dags/data/models/China.27/TS_model.pkl
[2024-08-17T02:57:53.321+0000] {processor.py:842} WARNING - No viable dags retrieved from /opt/airflow/dags/data/models/China.27/TS_model.pkl
[2024-08-17T02:57:53.331+0000] {processor.py:183} INFO - Processing /opt/airflow/dags/data/models/China.27/TS_model.pkl took 0.026 seconds
[2024-08-17T02:58:23.942+0000] {processor.py:161} INFO - Started process (PID=88294) to work on /opt/airflow/dags/data/models/China.27/TS_model.pkl
[2024-08-17T02:58:23.942+0000] {processor.py:830} INFO - Processing file /opt/airflow/dags/data/models/China.27/TS_model.pkl for tasks to queue
[2024-08-17T02:58:23.943+0000] {logging_mixin.py:188} INFO - [2024-08-17T02:58:23.943+0000] {dagbag.py:545} INFO - Filling up the DagBag from /opt/airflow/dags/data/models/China.27/TS_model.pkl
[2024-08-17T02:58:23.952+0000] {processor.py:842} WARNING - No viable dags retrieved from /opt/airflow/dags/data/models/China.27/TS_model.pkl
[2024-08-17T02:58:23.963+0000] {processor.py:183} INFO - Processing /opt/airflow/dags/data/models/China.27/TS_model.pkl took 0.025 seconds
[2024-08-17T02:58:58.515+0000] {processor.py:161} INFO - Started process (PID=88681) to work on /opt/airflow/dags/data/models/China.27/TS_model.pkl
[2024-08-17T02:58:58.516+0000] {processor.py:830} INFO - Processing file /opt/airflow/dags/data/models/China.27/TS_model.pkl for tasks to queue
[2024-08-17T02:58:58.517+0000] {logging_mixin.py:188} INFO - [2024-08-17T02:58:58.517+0000] {dagbag.py:545} INFO - Filling up the DagBag from /opt/airflow/dags/data/models/China.27/TS_model.pkl
[2024-08-17T02:58:58.527+0000] {processor.py:842} WARNING - No viable dags retrieved from /opt/airflow/dags/data/models/China.27/TS_model.pkl
[2024-08-17T02:58:58.537+0000] {processor.py:183} INFO - Processing /opt/airflow/dags/data/models/China.27/TS_model.pkl took 0.026 seconds
[2024-08-17T02:59:29.895+0000] {processor.py:161} INFO - Started process (PID=89067) to work on /opt/airflow/dags/data/models/China.27/TS_model.pkl
[2024-08-17T02:59:29.895+0000] {processor.py:830} INFO - Processing file /opt/airflow/dags/data/models/China.27/TS_model.pkl for tasks to queue
[2024-08-17T02:59:29.897+0000] {logging_mixin.py:188} INFO - [2024-08-17T02:59:29.897+0000] {dagbag.py:545} INFO - Filling up the DagBag from /opt/airflow/dags/data/models/China.27/TS_model.pkl
[2024-08-17T02:59:29.905+0000] {processor.py:842} WARNING - No viable dags retrieved from /opt/airflow/dags/data/models/China.27/TS_model.pkl
[2024-08-17T02:59:29.916+0000] {processor.py:183} INFO - Processing /opt/airflow/dags/data/models/China.27/TS_model.pkl took 0.025 seconds
[2024-08-17T03:00:01.259+0000] {processor.py:161} INFO - Started process (PID=89427) to work on /opt/airflow/dags/data/models/China.27/TS_model.pkl
[2024-08-17T03:00:01.260+0000] {processor.py:830} INFO - Processing file /opt/airflow/dags/data/models/China.27/TS_model.pkl for tasks to queue
[2024-08-17T03:00:01.261+0000] {logging_mixin.py:188} INFO - [2024-08-17T03:00:01.261+0000] {dagbag.py:545} INFO - Filling up the DagBag from /opt/airflow/dags/data/models/China.27/TS_model.pkl
[2024-08-17T03:00:01.273+0000] {processor.py:842} WARNING - No viable dags retrieved from /opt/airflow/dags/data/models/China.27/TS_model.pkl
[2024-08-17T03:00:01.285+0000] {processor.py:183} INFO - Processing /opt/airflow/dags/data/models/China.27/TS_model.pkl took 0.030 seconds
[2024-08-17T03:00:32.485+0000] {processor.py:161} INFO - Started process (PID=89813) to work on /opt/airflow/dags/data/models/China.27/TS_model.pkl
[2024-08-17T03:00:32.486+0000] {processor.py:830} INFO - Processing file /opt/airflow/dags/data/models/China.27/TS_model.pkl for tasks to queue
[2024-08-17T03:00:32.487+0000] {logging_mixin.py:188} INFO - [2024-08-17T03:00:32.487+0000] {dagbag.py:545} INFO - Filling up the DagBag from /opt/airflow/dags/data/models/China.27/TS_model.pkl
[2024-08-17T03:00:32.502+0000] {processor.py:842} WARNING - No viable dags retrieved from /opt/airflow/dags/data/models/China.27/TS_model.pkl
[2024-08-17T03:00:32.515+0000] {processor.py:183} INFO - Processing /opt/airflow/dags/data/models/China.27/TS_model.pkl took 0.034 seconds
[2024-08-17T03:01:03.333+0000] {processor.py:161} INFO - Started process (PID=90199) to work on /opt/airflow/dags/data/models/China.27/TS_model.pkl
[2024-08-17T03:01:03.334+0000] {processor.py:830} INFO - Processing file /opt/airflow/dags/data/models/China.27/TS_model.pkl for tasks to queue
[2024-08-17T03:01:03.335+0000] {logging_mixin.py:188} INFO - [2024-08-17T03:01:03.335+0000] {dagbag.py:545} INFO - Filling up the DagBag from /opt/airflow/dags/data/models/China.27/TS_model.pkl
[2024-08-17T03:01:03.349+0000] {processor.py:842} WARNING - No viable dags retrieved from /opt/airflow/dags/data/models/China.27/TS_model.pkl
[2024-08-17T03:01:03.361+0000] {processor.py:183} INFO - Processing /opt/airflow/dags/data/models/China.27/TS_model.pkl took 0.033 seconds
[2024-08-17T03:01:34.133+0000] {processor.py:161} INFO - Started process (PID=90559) to work on /opt/airflow/dags/data/models/China.27/TS_model.pkl
[2024-08-17T03:01:34.134+0000] {processor.py:830} INFO - Processing file /opt/airflow/dags/data/models/China.27/TS_model.pkl for tasks to queue
[2024-08-17T03:01:34.135+0000] {logging_mixin.py:188} INFO - [2024-08-17T03:01:34.135+0000] {dagbag.py:545} INFO - Filling up the DagBag from /opt/airflow/dags/data/models/China.27/TS_model.pkl
[2024-08-17T03:01:34.146+0000] {processor.py:842} WARNING - No viable dags retrieved from /opt/airflow/dags/data/models/China.27/TS_model.pkl
[2024-08-17T03:01:34.157+0000] {processor.py:183} INFO - Processing /opt/airflow/dags/data/models/China.27/TS_model.pkl took 0.027 seconds
[2024-08-17T03:02:04.829+0000] {processor.py:161} INFO - Started process (PID=90945) to work on /opt/airflow/dags/data/models/China.27/TS_model.pkl
[2024-08-17T03:02:04.830+0000] {processor.py:830} INFO - Processing file /opt/airflow/dags/data/models/China.27/TS_model.pkl for tasks to queue
[2024-08-17T03:02:04.830+0000] {logging_mixin.py:188} INFO - [2024-08-17T03:02:04.830+0000] {dagbag.py:545} INFO - Filling up the DagBag from /opt/airflow/dags/data/models/China.27/TS_model.pkl
[2024-08-17T03:02:04.842+0000] {processor.py:842} WARNING - No viable dags retrieved from /opt/airflow/dags/data/models/China.27/TS_model.pkl
[2024-08-17T03:02:04.852+0000] {processor.py:183} INFO - Processing /opt/airflow/dags/data/models/China.27/TS_model.pkl took 0.027 seconds
[2024-08-17T03:02:35.876+0000] {processor.py:161} INFO - Started process (PID=91305) to work on /opt/airflow/dags/data/models/China.27/TS_model.pkl
[2024-08-17T03:02:35.877+0000] {processor.py:830} INFO - Processing file /opt/airflow/dags/data/models/China.27/TS_model.pkl for tasks to queue
[2024-08-17T03:02:35.878+0000] {logging_mixin.py:188} INFO - [2024-08-17T03:02:35.877+0000] {dagbag.py:545} INFO - Filling up the DagBag from /opt/airflow/dags/data/models/China.27/TS_model.pkl
[2024-08-17T03:02:35.888+0000] {processor.py:842} WARNING - No viable dags retrieved from /opt/airflow/dags/data/models/China.27/TS_model.pkl
[2024-08-17T03:02:35.897+0000] {processor.py:183} INFO - Processing /opt/airflow/dags/data/models/China.27/TS_model.pkl took 0.025 seconds
[2024-08-17T03:03:06.786+0000] {processor.py:161} INFO - Started process (PID=91671) to work on /opt/airflow/dags/data/models/China.27/TS_model.pkl
[2024-08-17T03:03:06.787+0000] {processor.py:830} INFO - Processing file /opt/airflow/dags/data/models/China.27/TS_model.pkl for tasks to queue
[2024-08-17T03:03:06.787+0000] {logging_mixin.py:188} INFO - [2024-08-17T03:03:06.787+0000] {dagbag.py:545} INFO - Filling up the DagBag from /opt/airflow/dags/data/models/China.27/TS_model.pkl
[2024-08-17T03:03:06.801+0000] {processor.py:842} WARNING - No viable dags retrieved from /opt/airflow/dags/data/models/China.27/TS_model.pkl
[2024-08-17T03:03:06.811+0000] {processor.py:183} INFO - Processing /opt/airflow/dags/data/models/China.27/TS_model.pkl took 0.030 seconds
[2024-08-17T03:03:37.568+0000] {processor.py:161} INFO - Started process (PID=92038) to work on /opt/airflow/dags/data/models/China.27/TS_model.pkl
[2024-08-17T03:03:37.569+0000] {processor.py:830} INFO - Processing file /opt/airflow/dags/data/models/China.27/TS_model.pkl for tasks to queue
[2024-08-17T03:03:37.569+0000] {logging_mixin.py:188} INFO - [2024-08-17T03:03:37.569+0000] {dagbag.py:545} INFO - Filling up the DagBag from /opt/airflow/dags/data/models/China.27/TS_model.pkl
[2024-08-17T03:03:37.580+0000] {processor.py:842} WARNING - No viable dags retrieved from /opt/airflow/dags/data/models/China.27/TS_model.pkl
[2024-08-17T03:03:37.590+0000] {processor.py:183} INFO - Processing /opt/airflow/dags/data/models/China.27/TS_model.pkl took 0.026 seconds
[2024-08-17T03:04:08.271+0000] {processor.py:161} INFO - Started process (PID=92446) to work on /opt/airflow/dags/data/models/China.27/TS_model.pkl
[2024-08-17T03:04:08.272+0000] {processor.py:830} INFO - Processing file /opt/airflow/dags/data/models/China.27/TS_model.pkl for tasks to queue
[2024-08-17T03:04:08.272+0000] {logging_mixin.py:188} INFO - [2024-08-17T03:04:08.272+0000] {dagbag.py:545} INFO - Filling up the DagBag from /opt/airflow/dags/data/models/China.27/TS_model.pkl
[2024-08-17T03:04:08.284+0000] {processor.py:842} WARNING - No viable dags retrieved from /opt/airflow/dags/data/models/China.27/TS_model.pkl
[2024-08-17T03:04:08.293+0000] {processor.py:183} INFO - Processing /opt/airflow/dags/data/models/China.27/TS_model.pkl took 0.026 seconds
[2024-08-17T03:04:39.865+0000] {processor.py:161} INFO - Started process (PID=92861) to work on /opt/airflow/dags/data/models/China.27/TS_model.pkl
[2024-08-17T03:04:39.865+0000] {processor.py:830} INFO - Processing file /opt/airflow/dags/data/models/China.27/TS_model.pkl for tasks to queue
[2024-08-17T03:04:39.866+0000] {logging_mixin.py:188} INFO - [2024-08-17T03:04:39.866+0000] {dagbag.py:545} INFO - Filling up the DagBag from /opt/airflow/dags/data/models/China.27/TS_model.pkl
[2024-08-17T03:04:39.881+0000] {processor.py:842} WARNING - No viable dags retrieved from /opt/airflow/dags/data/models/China.27/TS_model.pkl
[2024-08-17T03:04:39.892+0000] {processor.py:183} INFO - Processing /opt/airflow/dags/data/models/China.27/TS_model.pkl took 0.032 seconds
[2024-08-17T03:05:11.093+0000] {processor.py:161} INFO - Started process (PID=93230) to work on /opt/airflow/dags/data/models/China.27/TS_model.pkl
[2024-08-17T03:05:11.093+0000] {processor.py:830} INFO - Processing file /opt/airflow/dags/data/models/China.27/TS_model.pkl for tasks to queue
[2024-08-17T03:05:11.094+0000] {logging_mixin.py:188} INFO - [2024-08-17T03:05:11.094+0000] {dagbag.py:545} INFO - Filling up the DagBag from /opt/airflow/dags/data/models/China.27/TS_model.pkl
[2024-08-17T03:05:11.102+0000] {processor.py:842} WARNING - No viable dags retrieved from /opt/airflow/dags/data/models/China.27/TS_model.pkl
[2024-08-17T03:05:11.112+0000] {processor.py:183} INFO - Processing /opt/airflow/dags/data/models/China.27/TS_model.pkl took 0.023 seconds
[2024-08-17T03:05:41.753+0000] {processor.py:161} INFO - Started process (PID=93643) to work on /opt/airflow/dags/data/models/China.27/TS_model.pkl
[2024-08-17T03:05:41.754+0000] {processor.py:830} INFO - Processing file /opt/airflow/dags/data/models/China.27/TS_model.pkl for tasks to queue
[2024-08-17T03:05:41.761+0000] {logging_mixin.py:188} INFO - [2024-08-17T03:05:41.761+0000] {dagbag.py:545} INFO - Filling up the DagBag from /opt/airflow/dags/data/models/China.27/TS_model.pkl
[2024-08-17T03:05:41.773+0000] {processor.py:842} WARNING - No viable dags retrieved from /opt/airflow/dags/data/models/China.27/TS_model.pkl
[2024-08-17T03:05:41.784+0000] {processor.py:183} INFO - Processing /opt/airflow/dags/data/models/China.27/TS_model.pkl took 0.035 seconds
[2024-08-17T03:06:12.516+0000] {processor.py:161} INFO - Started process (PID=94033) to work on /opt/airflow/dags/data/models/China.27/TS_model.pkl
[2024-08-17T03:06:12.517+0000] {processor.py:830} INFO - Processing file /opt/airflow/dags/data/models/China.27/TS_model.pkl for tasks to queue
[2024-08-17T03:06:12.518+0000] {logging_mixin.py:188} INFO - [2024-08-17T03:06:12.517+0000] {dagbag.py:545} INFO - Filling up the DagBag from /opt/airflow/dags/data/models/China.27/TS_model.pkl
[2024-08-17T03:06:12.529+0000] {processor.py:842} WARNING - No viable dags retrieved from /opt/airflow/dags/data/models/China.27/TS_model.pkl
[2024-08-17T03:06:12.540+0000] {processor.py:183} INFO - Processing /opt/airflow/dags/data/models/China.27/TS_model.pkl took 0.028 seconds
[2024-08-17T03:06:43.151+0000] {processor.py:161} INFO - Started process (PID=94448) to work on /opt/airflow/dags/data/models/China.27/TS_model.pkl
[2024-08-17T03:06:43.152+0000] {processor.py:830} INFO - Processing file /opt/airflow/dags/data/models/China.27/TS_model.pkl for tasks to queue
[2024-08-17T03:06:43.153+0000] {logging_mixin.py:188} INFO - [2024-08-17T03:06:43.152+0000] {dagbag.py:545} INFO - Filling up the DagBag from /opt/airflow/dags/data/models/China.27/TS_model.pkl
[2024-08-17T03:06:43.164+0000] {processor.py:842} WARNING - No viable dags retrieved from /opt/airflow/dags/data/models/China.27/TS_model.pkl
[2024-08-17T03:06:43.174+0000] {processor.py:183} INFO - Processing /opt/airflow/dags/data/models/China.27/TS_model.pkl took 0.026 seconds
[2024-08-17T03:07:14.050+0000] {processor.py:161} INFO - Started process (PID=94863) to work on /opt/airflow/dags/data/models/China.27/TS_model.pkl
[2024-08-17T03:07:14.050+0000] {processor.py:830} INFO - Processing file /opt/airflow/dags/data/models/China.27/TS_model.pkl for tasks to queue
[2024-08-17T03:07:14.051+0000] {logging_mixin.py:188} INFO - [2024-08-17T03:07:14.051+0000] {dagbag.py:545} INFO - Filling up the DagBag from /opt/airflow/dags/data/models/China.27/TS_model.pkl
[2024-08-17T03:07:14.063+0000] {processor.py:842} WARNING - No viable dags retrieved from /opt/airflow/dags/data/models/China.27/TS_model.pkl
[2024-08-17T03:07:14.073+0000] {processor.py:183} INFO - Processing /opt/airflow/dags/data/models/China.27/TS_model.pkl took 0.028 seconds
[2024-08-17T03:07:45.056+0000] {processor.py:161} INFO - Started process (PID=95251) to work on /opt/airflow/dags/data/models/China.27/TS_model.pkl
[2024-08-17T03:07:45.057+0000] {processor.py:830} INFO - Processing file /opt/airflow/dags/data/models/China.27/TS_model.pkl for tasks to queue
[2024-08-17T03:07:45.057+0000] {logging_mixin.py:188} INFO - [2024-08-17T03:07:45.057+0000] {dagbag.py:545} INFO - Filling up the DagBag from /opt/airflow/dags/data/models/China.27/TS_model.pkl
[2024-08-17T03:07:45.070+0000] {processor.py:842} WARNING - No viable dags retrieved from /opt/airflow/dags/data/models/China.27/TS_model.pkl
[2024-08-17T03:07:45.080+0000] {processor.py:183} INFO - Processing /opt/airflow/dags/data/models/China.27/TS_model.pkl took 0.028 seconds
[2024-08-17T03:08:16.796+0000] {processor.py:161} INFO - Started process (PID=95664) to work on /opt/airflow/dags/data/models/China.27/TS_model.pkl
[2024-08-17T03:08:16.797+0000] {processor.py:830} INFO - Processing file /opt/airflow/dags/data/models/China.27/TS_model.pkl for tasks to queue
[2024-08-17T03:08:16.798+0000] {logging_mixin.py:188} INFO - [2024-08-17T03:08:16.797+0000] {dagbag.py:545} INFO - Filling up the DagBag from /opt/airflow/dags/data/models/China.27/TS_model.pkl
[2024-08-17T03:08:16.809+0000] {processor.py:842} WARNING - No viable dags retrieved from /opt/airflow/dags/data/models/China.27/TS_model.pkl
[2024-08-17T03:08:16.820+0000] {processor.py:183} INFO - Processing /opt/airflow/dags/data/models/China.27/TS_model.pkl took 0.028 seconds
[2024-08-17T03:09:00.157+0000] {processor.py:161} INFO - Started process (PID=96111) to work on /opt/airflow/dags/data/models/China.27/TS_model.pkl
[2024-08-17T03:09:00.157+0000] {processor.py:830} INFO - Processing file /opt/airflow/dags/data/models/China.27/TS_model.pkl for tasks to queue
[2024-08-17T03:09:00.158+0000] {logging_mixin.py:188} INFO - [2024-08-17T03:09:00.158+0000] {dagbag.py:545} INFO - Filling up the DagBag from /opt/airflow/dags/data/models/China.27/TS_model.pkl
[2024-08-17T03:09:00.170+0000] {processor.py:842} WARNING - No viable dags retrieved from /opt/airflow/dags/data/models/China.27/TS_model.pkl
[2024-08-17T03:09:00.180+0000] {processor.py:183} INFO - Processing /opt/airflow/dags/data/models/China.27/TS_model.pkl took 0.027 seconds
[2024-08-17T03:09:32.328+0000] {processor.py:161} INFO - Started process (PID=96563) to work on /opt/airflow/dags/data/models/China.27/TS_model.pkl
[2024-08-17T03:09:32.329+0000] {processor.py:830} INFO - Processing file /opt/airflow/dags/data/models/China.27/TS_model.pkl for tasks to queue
[2024-08-17T03:09:32.330+0000] {logging_mixin.py:188} INFO - [2024-08-17T03:09:32.330+0000] {dagbag.py:545} INFO - Filling up the DagBag from /opt/airflow/dags/data/models/China.27/TS_model.pkl
[2024-08-17T03:09:32.348+0000] {processor.py:842} WARNING - No viable dags retrieved from /opt/airflow/dags/data/models/China.27/TS_model.pkl
[2024-08-17T03:09:32.357+0000] {processor.py:183} INFO - Processing /opt/airflow/dags/data/models/China.27/TS_model.pkl took 0.033 seconds
[2024-08-17T03:10:03.605+0000] {processor.py:161} INFO - Started process (PID=97005) to work on /opt/airflow/dags/data/models/China.27/TS_model.pkl
[2024-08-17T03:10:03.606+0000] {processor.py:830} INFO - Processing file /opt/airflow/dags/data/models/China.27/TS_model.pkl for tasks to queue
[2024-08-17T03:10:03.607+0000] {logging_mixin.py:188} INFO - [2024-08-17T03:10:03.606+0000] {dagbag.py:545} INFO - Filling up the DagBag from /opt/airflow/dags/data/models/China.27/TS_model.pkl
[2024-08-17T03:10:03.619+0000] {processor.py:842} WARNING - No viable dags retrieved from /opt/airflow/dags/data/models/China.27/TS_model.pkl
[2024-08-17T03:10:03.630+0000] {processor.py:183} INFO - Processing /opt/airflow/dags/data/models/China.27/TS_model.pkl took 0.029 seconds
[2024-08-17T03:10:34.690+0000] {processor.py:161} INFO - Started process (PID=97422) to work on /opt/airflow/dags/data/models/China.27/TS_model.pkl
[2024-08-17T03:10:34.691+0000] {processor.py:830} INFO - Processing file /opt/airflow/dags/data/models/China.27/TS_model.pkl for tasks to queue
[2024-08-17T03:10:34.692+0000] {logging_mixin.py:188} INFO - [2024-08-17T03:10:34.692+0000] {dagbag.py:545} INFO - Filling up the DagBag from /opt/airflow/dags/data/models/China.27/TS_model.pkl
[2024-08-17T03:10:34.705+0000] {processor.py:842} WARNING - No viable dags retrieved from /opt/airflow/dags/data/models/China.27/TS_model.pkl
[2024-08-17T03:10:34.716+0000] {processor.py:183} INFO - Processing /opt/airflow/dags/data/models/China.27/TS_model.pkl took 0.031 seconds
[2024-08-17T03:11:05.489+0000] {processor.py:161} INFO - Started process (PID=97865) to work on /opt/airflow/dags/data/models/China.27/TS_model.pkl
[2024-08-17T03:11:05.490+0000] {processor.py:830} INFO - Processing file /opt/airflow/dags/data/models/China.27/TS_model.pkl for tasks to queue
[2024-08-17T03:11:05.490+0000] {logging_mixin.py:188} INFO - [2024-08-17T03:11:05.490+0000] {dagbag.py:545} INFO - Filling up the DagBag from /opt/airflow/dags/data/models/China.27/TS_model.pkl
[2024-08-17T03:11:05.498+0000] {processor.py:842} WARNING - No viable dags retrieved from /opt/airflow/dags/data/models/China.27/TS_model.pkl
[2024-08-17T03:11:05.508+0000] {processor.py:183} INFO - Processing /opt/airflow/dags/data/models/China.27/TS_model.pkl took 0.024 seconds
[2024-08-17T03:11:36.922+0000] {processor.py:161} INFO - Started process (PID=98289) to work on /opt/airflow/dags/data/models/China.27/TS_model.pkl
[2024-08-17T03:11:36.923+0000] {processor.py:830} INFO - Processing file /opt/airflow/dags/data/models/China.27/TS_model.pkl for tasks to queue
[2024-08-17T03:11:36.924+0000] {logging_mixin.py:188} INFO - [2024-08-17T03:11:36.923+0000] {dagbag.py:545} INFO - Filling up the DagBag from /opt/airflow/dags/data/models/China.27/TS_model.pkl
[2024-08-17T03:11:36.936+0000] {processor.py:842} WARNING - No viable dags retrieved from /opt/airflow/dags/data/models/China.27/TS_model.pkl
[2024-08-17T03:11:36.946+0000] {processor.py:183} INFO - Processing /opt/airflow/dags/data/models/China.27/TS_model.pkl took 0.029 seconds
[2024-08-17T03:12:07.491+0000] {processor.py:161} INFO - Started process (PID=98704) to work on /opt/airflow/dags/data/models/China.27/TS_model.pkl
[2024-08-17T03:12:07.492+0000] {processor.py:830} INFO - Processing file /opt/airflow/dags/data/models/China.27/TS_model.pkl for tasks to queue
[2024-08-17T03:12:07.493+0000] {logging_mixin.py:188} INFO - [2024-08-17T03:12:07.493+0000] {dagbag.py:545} INFO - Filling up the DagBag from /opt/airflow/dags/data/models/China.27/TS_model.pkl
[2024-08-17T03:12:07.502+0000] {processor.py:842} WARNING - No viable dags retrieved from /opt/airflow/dags/data/models/China.27/TS_model.pkl
[2024-08-17T03:12:07.511+0000] {processor.py:183} INFO - Processing /opt/airflow/dags/data/models/China.27/TS_model.pkl took 0.023 seconds
[2024-08-17T03:12:38.623+0000] {processor.py:161} INFO - Started process (PID=99149) to work on /opt/airflow/dags/data/models/China.27/TS_model.pkl
[2024-08-17T03:12:38.624+0000] {processor.py:830} INFO - Processing file /opt/airflow/dags/data/models/China.27/TS_model.pkl for tasks to queue
[2024-08-17T03:12:38.625+0000] {logging_mixin.py:188} INFO - [2024-08-17T03:12:38.624+0000] {dagbag.py:545} INFO - Filling up the DagBag from /opt/airflow/dags/data/models/China.27/TS_model.pkl
[2024-08-17T03:12:38.634+0000] {processor.py:842} WARNING - No viable dags retrieved from /opt/airflow/dags/data/models/China.27/TS_model.pkl
[2024-08-17T03:12:38.643+0000] {processor.py:183} INFO - Processing /opt/airflow/dags/data/models/China.27/TS_model.pkl took 0.024 seconds
[2024-08-17T03:13:09.254+0000] {processor.py:161} INFO - Started process (PID=99566) to work on /opt/airflow/dags/data/models/China.27/TS_model.pkl
[2024-08-17T03:13:09.255+0000] {processor.py:830} INFO - Processing file /opt/airflow/dags/data/models/China.27/TS_model.pkl for tasks to queue
[2024-08-17T03:13:09.256+0000] {logging_mixin.py:188} INFO - [2024-08-17T03:13:09.256+0000] {dagbag.py:545} INFO - Filling up the DagBag from /opt/airflow/dags/data/models/China.27/TS_model.pkl
[2024-08-17T03:13:09.268+0000] {processor.py:842} WARNING - No viable dags retrieved from /opt/airflow/dags/data/models/China.27/TS_model.pkl
[2024-08-17T03:13:09.278+0000] {processor.py:183} INFO - Processing /opt/airflow/dags/data/models/China.27/TS_model.pkl took 0.027 seconds
[2024-08-17T03:13:40.038+0000] {processor.py:161} INFO - Started process (PID=312) to work on /opt/airflow/dags/data/models/China.27/TS_model.pkl
[2024-08-17T03:13:40.039+0000] {processor.py:830} INFO - Processing file /opt/airflow/dags/data/models/China.27/TS_model.pkl for tasks to queue
[2024-08-17T03:13:40.039+0000] {logging_mixin.py:188} INFO - [2024-08-17T03:13:40.039+0000] {dagbag.py:545} INFO - Filling up the DagBag from /opt/airflow/dags/data/models/China.27/TS_model.pkl
[2024-08-17T03:13:40.048+0000] {processor.py:842} WARNING - No viable dags retrieved from /opt/airflow/dags/data/models/China.27/TS_model.pkl
[2024-08-17T03:13:40.057+0000] {processor.py:183} INFO - Processing /opt/airflow/dags/data/models/China.27/TS_model.pkl took 0.023 seconds
[2024-08-17T03:14:11.167+0000] {processor.py:161} INFO - Started process (PID=746) to work on /opt/airflow/dags/data/models/China.27/TS_model.pkl
[2024-08-17T03:14:11.167+0000] {processor.py:830} INFO - Processing file /opt/airflow/dags/data/models/China.27/TS_model.pkl for tasks to queue
[2024-08-17T03:14:11.168+0000] {logging_mixin.py:188} INFO - [2024-08-17T03:14:11.168+0000] {dagbag.py:545} INFO - Filling up the DagBag from /opt/airflow/dags/data/models/China.27/TS_model.pkl
[2024-08-17T03:14:11.176+0000] {processor.py:842} WARNING - No viable dags retrieved from /opt/airflow/dags/data/models/China.27/TS_model.pkl
[2024-08-17T03:14:11.185+0000] {processor.py:183} INFO - Processing /opt/airflow/dags/data/models/China.27/TS_model.pkl took 0.022 seconds
[2024-08-17T03:14:42.594+0000] {processor.py:161} INFO - Started process (PID=1200) to work on /opt/airflow/dags/data/models/China.27/TS_model.pkl
[2024-08-17T03:14:42.594+0000] {processor.py:830} INFO - Processing file /opt/airflow/dags/data/models/China.27/TS_model.pkl for tasks to queue
[2024-08-17T03:14:42.595+0000] {logging_mixin.py:188} INFO - [2024-08-17T03:14:42.595+0000] {dagbag.py:545} INFO - Filling up the DagBag from /opt/airflow/dags/data/models/China.27/TS_model.pkl
[2024-08-17T03:14:42.602+0000] {processor.py:842} WARNING - No viable dags retrieved from /opt/airflow/dags/data/models/China.27/TS_model.pkl
[2024-08-17T03:14:42.612+0000] {processor.py:183} INFO - Processing /opt/airflow/dags/data/models/China.27/TS_model.pkl took 0.022 seconds
[2024-08-17T03:15:13.317+0000] {processor.py:161} INFO - Started process (PID=1633) to work on /opt/airflow/dags/data/models/China.27/TS_model.pkl
[2024-08-17T03:15:13.318+0000] {processor.py:830} INFO - Processing file /opt/airflow/dags/data/models/China.27/TS_model.pkl for tasks to queue
[2024-08-17T03:15:13.319+0000] {logging_mixin.py:188} INFO - [2024-08-17T03:15:13.318+0000] {dagbag.py:545} INFO - Filling up the DagBag from /opt/airflow/dags/data/models/China.27/TS_model.pkl
[2024-08-17T03:15:13.327+0000] {processor.py:842} WARNING - No viable dags retrieved from /opt/airflow/dags/data/models/China.27/TS_model.pkl
[2024-08-17T03:15:13.336+0000] {processor.py:183} INFO - Processing /opt/airflow/dags/data/models/China.27/TS_model.pkl took 0.022 seconds
[2024-08-17T03:15:44.461+0000] {processor.py:161} INFO - Started process (PID=2061) to work on /opt/airflow/dags/data/models/China.27/TS_model.pkl
[2024-08-17T03:15:44.461+0000] {processor.py:830} INFO - Processing file /opt/airflow/dags/data/models/China.27/TS_model.pkl for tasks to queue
[2024-08-17T03:15:44.462+0000] {logging_mixin.py:188} INFO - [2024-08-17T03:15:44.462+0000] {dagbag.py:545} INFO - Filling up the DagBag from /opt/airflow/dags/data/models/China.27/TS_model.pkl
[2024-08-17T03:15:44.470+0000] {processor.py:842} WARNING - No viable dags retrieved from /opt/airflow/dags/data/models/China.27/TS_model.pkl
[2024-08-17T03:15:44.479+0000] {processor.py:183} INFO - Processing /opt/airflow/dags/data/models/China.27/TS_model.pkl took 0.021 seconds
[2024-08-17T03:16:15.834+0000] {processor.py:161} INFO - Started process (PID=2515) to work on /opt/airflow/dags/data/models/China.27/TS_model.pkl
[2024-08-17T03:16:15.834+0000] {processor.py:830} INFO - Processing file /opt/airflow/dags/data/models/China.27/TS_model.pkl for tasks to queue
[2024-08-17T03:16:15.835+0000] {logging_mixin.py:188} INFO - [2024-08-17T03:16:15.835+0000] {dagbag.py:545} INFO - Filling up the DagBag from /opt/airflow/dags/data/models/China.27/TS_model.pkl
[2024-08-17T03:16:15.843+0000] {processor.py:842} WARNING - No viable dags retrieved from /opt/airflow/dags/data/models/China.27/TS_model.pkl
[2024-08-17T03:16:15.853+0000] {processor.py:183} INFO - Processing /opt/airflow/dags/data/models/China.27/TS_model.pkl took 0.023 seconds
[2024-08-17T03:16:48.772+0000] {processor.py:161} INFO - Started process (PID=2985) to work on /opt/airflow/dags/data/models/China.27/TS_model.pkl
[2024-08-17T03:16:48.773+0000] {processor.py:830} INFO - Processing file /opt/airflow/dags/data/models/China.27/TS_model.pkl for tasks to queue
[2024-08-17T03:16:48.774+0000] {logging_mixin.py:188} INFO - [2024-08-17T03:16:48.773+0000] {dagbag.py:545} INFO - Filling up the DagBag from /opt/airflow/dags/data/models/China.27/TS_model.pkl
[2024-08-17T03:16:48.782+0000] {processor.py:842} WARNING - No viable dags retrieved from /opt/airflow/dags/data/models/China.27/TS_model.pkl
[2024-08-17T03:16:48.792+0000] {processor.py:183} INFO - Processing /opt/airflow/dags/data/models/China.27/TS_model.pkl took 0.024 seconds
[2024-08-17T03:17:19.802+0000] {processor.py:161} INFO - Started process (PID=3394) to work on /opt/airflow/dags/data/models/China.27/TS_model.pkl
[2024-08-17T03:17:19.803+0000] {processor.py:830} INFO - Processing file /opt/airflow/dags/data/models/China.27/TS_model.pkl for tasks to queue
[2024-08-17T03:17:19.804+0000] {logging_mixin.py:188} INFO - [2024-08-17T03:17:19.803+0000] {dagbag.py:545} INFO - Filling up the DagBag from /opt/airflow/dags/data/models/China.27/TS_model.pkl
[2024-08-17T03:17:19.811+0000] {processor.py:842} WARNING - No viable dags retrieved from /opt/airflow/dags/data/models/China.27/TS_model.pkl
[2024-08-17T03:17:19.821+0000] {processor.py:183} INFO - Processing /opt/airflow/dags/data/models/China.27/TS_model.pkl took 0.023 seconds
[2024-08-17T03:17:50.979+0000] {processor.py:161} INFO - Started process (PID=3848) to work on /opt/airflow/dags/data/models/China.27/TS_model.pkl
[2024-08-17T03:17:50.980+0000] {processor.py:830} INFO - Processing file /opt/airflow/dags/data/models/China.27/TS_model.pkl for tasks to queue
[2024-08-17T03:17:50.981+0000] {logging_mixin.py:188} INFO - [2024-08-17T03:17:50.981+0000] {dagbag.py:545} INFO - Filling up the DagBag from /opt/airflow/dags/data/models/China.27/TS_model.pkl
[2024-08-17T03:17:50.989+0000] {processor.py:842} WARNING - No viable dags retrieved from /opt/airflow/dags/data/models/China.27/TS_model.pkl
[2024-08-17T03:17:50.997+0000] {processor.py:183} INFO - Processing /opt/airflow/dags/data/models/China.27/TS_model.pkl took 0.022 seconds
[2024-08-17T03:18:22.044+0000] {processor.py:161} INFO - Started process (PID=4281) to work on /opt/airflow/dags/data/models/China.27/TS_model.pkl
[2024-08-17T03:18:22.045+0000] {processor.py:830} INFO - Processing file /opt/airflow/dags/data/models/China.27/TS_model.pkl for tasks to queue
[2024-08-17T03:18:22.045+0000] {logging_mixin.py:188} INFO - [2024-08-17T03:18:22.045+0000] {dagbag.py:545} INFO - Filling up the DagBag from /opt/airflow/dags/data/models/China.27/TS_model.pkl
[2024-08-17T03:18:22.053+0000] {processor.py:842} WARNING - No viable dags retrieved from /opt/airflow/dags/data/models/China.27/TS_model.pkl
[2024-08-17T03:18:22.062+0000] {processor.py:183} INFO - Processing /opt/airflow/dags/data/models/China.27/TS_model.pkl took 0.022 seconds
[2024-08-17T03:18:58.571+0000] {processor.py:161} INFO - Started process (PID=4760) to work on /opt/airflow/dags/data/models/China.27/TS_model.pkl
[2024-08-17T03:18:58.572+0000] {processor.py:830} INFO - Processing file /opt/airflow/dags/data/models/China.27/TS_model.pkl for tasks to queue
[2024-08-17T03:18:58.573+0000] {logging_mixin.py:188} INFO - [2024-08-17T03:18:58.572+0000] {dagbag.py:545} INFO - Filling up the DagBag from /opt/airflow/dags/data/models/China.27/TS_model.pkl
[2024-08-17T03:18:58.583+0000] {processor.py:842} WARNING - No viable dags retrieved from /opt/airflow/dags/data/models/China.27/TS_model.pkl
[2024-08-17T03:18:58.593+0000] {processor.py:183} INFO - Processing /opt/airflow/dags/data/models/China.27/TS_model.pkl took 0.026 seconds
[2024-08-17T03:19:29.912+0000] {processor.py:161} INFO - Started process (PID=5188) to work on /opt/airflow/dags/data/models/China.27/TS_model.pkl
[2024-08-17T03:19:29.913+0000] {processor.py:830} INFO - Processing file /opt/airflow/dags/data/models/China.27/TS_model.pkl for tasks to queue
[2024-08-17T03:19:29.913+0000] {logging_mixin.py:188} INFO - [2024-08-17T03:19:29.913+0000] {dagbag.py:545} INFO - Filling up the DagBag from /opt/airflow/dags/data/models/China.27/TS_model.pkl
[2024-08-17T03:19:29.929+0000] {processor.py:842} WARNING - No viable dags retrieved from /opt/airflow/dags/data/models/China.27/TS_model.pkl
[2024-08-17T03:19:29.939+0000] {processor.py:183} INFO - Processing /opt/airflow/dags/data/models/China.27/TS_model.pkl took 0.031 seconds
[2024-08-17T03:20:01.003+0000] {processor.py:161} INFO - Started process (PID=5642) to work on /opt/airflow/dags/data/models/China.27/TS_model.pkl
[2024-08-17T03:20:01.003+0000] {processor.py:830} INFO - Processing file /opt/airflow/dags/data/models/China.27/TS_model.pkl for tasks to queue
[2024-08-17T03:20:01.004+0000] {logging_mixin.py:188} INFO - [2024-08-17T03:20:01.004+0000] {dagbag.py:545} INFO - Filling up the DagBag from /opt/airflow/dags/data/models/China.27/TS_model.pkl
[2024-08-17T03:20:01.014+0000] {processor.py:842} WARNING - No viable dags retrieved from /opt/airflow/dags/data/models/China.27/TS_model.pkl
[2024-08-17T03:20:01.023+0000] {processor.py:183} INFO - Processing /opt/airflow/dags/data/models/China.27/TS_model.pkl took 0.024 seconds
[2024-08-17T03:20:32.121+0000] {processor.py:161} INFO - Started process (PID=6096) to work on /opt/airflow/dags/data/models/China.27/TS_model.pkl
[2024-08-17T03:20:32.122+0000] {processor.py:830} INFO - Processing file /opt/airflow/dags/data/models/China.27/TS_model.pkl for tasks to queue
[2024-08-17T03:20:32.123+0000] {logging_mixin.py:188} INFO - [2024-08-17T03:20:32.122+0000] {dagbag.py:545} INFO - Filling up the DagBag from /opt/airflow/dags/data/models/China.27/TS_model.pkl
[2024-08-17T03:20:32.134+0000] {processor.py:842} WARNING - No viable dags retrieved from /opt/airflow/dags/data/models/China.27/TS_model.pkl
[2024-08-17T03:20:32.144+0000] {processor.py:183} INFO - Processing /opt/airflow/dags/data/models/China.27/TS_model.pkl took 0.027 seconds
[2024-08-17T03:21:02.851+0000] {processor.py:161} INFO - Started process (PID=6524) to work on /opt/airflow/dags/data/models/China.27/TS_model.pkl
[2024-08-17T03:21:02.851+0000] {processor.py:830} INFO - Processing file /opt/airflow/dags/data/models/China.27/TS_model.pkl for tasks to queue
[2024-08-17T03:21:02.852+0000] {logging_mixin.py:188} INFO - [2024-08-17T03:21:02.852+0000] {dagbag.py:545} INFO - Filling up the DagBag from /opt/airflow/dags/data/models/China.27/TS_model.pkl
[2024-08-17T03:21:02.860+0000] {processor.py:842} WARNING - No viable dags retrieved from /opt/airflow/dags/data/models/China.27/TS_model.pkl
[2024-08-17T03:21:02.870+0000] {processor.py:183} INFO - Processing /opt/airflow/dags/data/models/China.27/TS_model.pkl took 0.023 seconds
[2024-08-17T03:21:33.663+0000] {processor.py:161} INFO - Started process (PID=6978) to work on /opt/airflow/dags/data/models/China.27/TS_model.pkl
[2024-08-17T03:21:33.664+0000] {processor.py:830} INFO - Processing file /opt/airflow/dags/data/models/China.27/TS_model.pkl for tasks to queue
[2024-08-17T03:21:33.665+0000] {logging_mixin.py:188} INFO - [2024-08-17T03:21:33.665+0000] {dagbag.py:545} INFO - Filling up the DagBag from /opt/airflow/dags/data/models/China.27/TS_model.pkl
[2024-08-17T03:21:33.673+0000] {processor.py:842} WARNING - No viable dags retrieved from /opt/airflow/dags/data/models/China.27/TS_model.pkl
[2024-08-17T03:21:33.682+0000] {processor.py:183} INFO - Processing /opt/airflow/dags/data/models/China.27/TS_model.pkl took 0.023 seconds
[2024-08-17T03:22:04.316+0000] {processor.py:161} INFO - Started process (PID=7406) to work on /opt/airflow/dags/data/models/China.27/TS_model.pkl
[2024-08-17T03:22:04.317+0000] {processor.py:830} INFO - Processing file /opt/airflow/dags/data/models/China.27/TS_model.pkl for tasks to queue
[2024-08-17T03:22:04.318+0000] {logging_mixin.py:188} INFO - [2024-08-17T03:22:04.317+0000] {dagbag.py:545} INFO - Filling up the DagBag from /opt/airflow/dags/data/models/China.27/TS_model.pkl
[2024-08-17T03:22:04.325+0000] {processor.py:842} WARNING - No viable dags retrieved from /opt/airflow/dags/data/models/China.27/TS_model.pkl
[2024-08-17T03:22:04.334+0000] {processor.py:183} INFO - Processing /opt/airflow/dags/data/models/China.27/TS_model.pkl took 0.022 seconds
[2024-08-17T03:22:35.016+0000] {processor.py:161} INFO - Started process (PID=7860) to work on /opt/airflow/dags/data/models/China.27/TS_model.pkl
[2024-08-17T03:22:35.016+0000] {processor.py:830} INFO - Processing file /opt/airflow/dags/data/models/China.27/TS_model.pkl for tasks to queue
[2024-08-17T03:22:35.017+0000] {logging_mixin.py:188} INFO - [2024-08-17T03:22:35.017+0000] {dagbag.py:545} INFO - Filling up the DagBag from /opt/airflow/dags/data/models/China.27/TS_model.pkl
[2024-08-17T03:22:35.025+0000] {processor.py:842} WARNING - No viable dags retrieved from /opt/airflow/dags/data/models/China.27/TS_model.pkl
[2024-08-17T03:22:35.035+0000] {processor.py:183} INFO - Processing /opt/airflow/dags/data/models/China.27/TS_model.pkl took 0.023 seconds
[2024-08-17T03:23:06.014+0000] {processor.py:161} INFO - Started process (PID=8315) to work on /opt/airflow/dags/data/models/China.27/TS_model.pkl
[2024-08-17T03:23:06.014+0000] {processor.py:830} INFO - Processing file /opt/airflow/dags/data/models/China.27/TS_model.pkl for tasks to queue
[2024-08-17T03:23:06.015+0000] {logging_mixin.py:188} INFO - [2024-08-17T03:23:06.015+0000] {dagbag.py:545} INFO - Filling up the DagBag from /opt/airflow/dags/data/models/China.27/TS_model.pkl
[2024-08-17T03:23:06.023+0000] {processor.py:842} WARNING - No viable dags retrieved from /opt/airflow/dags/data/models/China.27/TS_model.pkl
[2024-08-17T03:23:06.032+0000] {processor.py:183} INFO - Processing /opt/airflow/dags/data/models/China.27/TS_model.pkl took 0.022 seconds
[2024-08-17T03:23:37.707+0000] {processor.py:161} INFO - Started process (PID=8746) to work on /opt/airflow/dags/data/models/China.27/TS_model.pkl
[2024-08-17T03:23:37.708+0000] {processor.py:830} INFO - Processing file /opt/airflow/dags/data/models/China.27/TS_model.pkl for tasks to queue
[2024-08-17T03:23:37.708+0000] {logging_mixin.py:188} INFO - [2024-08-17T03:23:37.708+0000] {dagbag.py:545} INFO - Filling up the DagBag from /opt/airflow/dags/data/models/China.27/TS_model.pkl
[2024-08-17T03:23:37.716+0000] {processor.py:842} WARNING - No viable dags retrieved from /opt/airflow/dags/data/models/China.27/TS_model.pkl
[2024-08-17T03:23:37.725+0000] {processor.py:183} INFO - Processing /opt/airflow/dags/data/models/China.27/TS_model.pkl took 0.021 seconds
[2024-08-17T03:24:08.924+0000] {processor.py:161} INFO - Started process (PID=9181) to work on /opt/airflow/dags/data/models/China.27/TS_model.pkl
[2024-08-17T03:24:08.924+0000] {processor.py:830} INFO - Processing file /opt/airflow/dags/data/models/China.27/TS_model.pkl for tasks to queue
[2024-08-17T03:24:08.925+0000] {logging_mixin.py:188} INFO - [2024-08-17T03:24:08.925+0000] {dagbag.py:545} INFO - Filling up the DagBag from /opt/airflow/dags/data/models/China.27/TS_model.pkl
[2024-08-17T03:24:08.932+0000] {processor.py:842} WARNING - No viable dags retrieved from /opt/airflow/dags/data/models/China.27/TS_model.pkl
[2024-08-17T03:24:08.942+0000] {processor.py:183} INFO - Processing /opt/airflow/dags/data/models/China.27/TS_model.pkl took 0.022 seconds
[2024-08-17T03:24:39.951+0000] {processor.py:161} INFO - Started process (PID=9633) to work on /opt/airflow/dags/data/models/China.27/TS_model.pkl
[2024-08-17T03:24:39.951+0000] {processor.py:830} INFO - Processing file /opt/airflow/dags/data/models/China.27/TS_model.pkl for tasks to queue
[2024-08-17T03:24:39.952+0000] {logging_mixin.py:188} INFO - [2024-08-17T03:24:39.951+0000] {dagbag.py:545} INFO - Filling up the DagBag from /opt/airflow/dags/data/models/China.27/TS_model.pkl
[2024-08-17T03:24:39.963+0000] {processor.py:842} WARNING - No viable dags retrieved from /opt/airflow/dags/data/models/China.27/TS_model.pkl
[2024-08-17T03:24:39.974+0000] {processor.py:183} INFO - Processing /opt/airflow/dags/data/models/China.27/TS_model.pkl took 0.028 seconds
[2024-08-17T03:25:11.260+0000] {processor.py:161} INFO - Started process (PID=10063) to work on /opt/airflow/dags/data/models/China.27/TS_model.pkl
[2024-08-17T03:25:11.261+0000] {processor.py:830} INFO - Processing file /opt/airflow/dags/data/models/China.27/TS_model.pkl for tasks to queue
[2024-08-17T03:25:11.261+0000] {logging_mixin.py:188} INFO - [2024-08-17T03:25:11.261+0000] {dagbag.py:545} INFO - Filling up the DagBag from /opt/airflow/dags/data/models/China.27/TS_model.pkl
[2024-08-17T03:25:11.269+0000] {processor.py:842} WARNING - No viable dags retrieved from /opt/airflow/dags/data/models/China.27/TS_model.pkl
[2024-08-17T03:25:11.278+0000] {processor.py:183} INFO - Processing /opt/airflow/dags/data/models/China.27/TS_model.pkl took 0.022 seconds
[2024-08-17T03:25:42.527+0000] {processor.py:161} INFO - Started process (PID=10498) to work on /opt/airflow/dags/data/models/China.27/TS_model.pkl
[2024-08-17T03:25:42.527+0000] {processor.py:830} INFO - Processing file /opt/airflow/dags/data/models/China.27/TS_model.pkl for tasks to queue
[2024-08-17T03:25:42.528+0000] {logging_mixin.py:188} INFO - [2024-08-17T03:25:42.528+0000] {dagbag.py:545} INFO - Filling up the DagBag from /opt/airflow/dags/data/models/China.27/TS_model.pkl
[2024-08-17T03:25:42.536+0000] {processor.py:842} WARNING - No viable dags retrieved from /opt/airflow/dags/data/models/China.27/TS_model.pkl
[2024-08-17T03:25:42.545+0000] {processor.py:183} INFO - Processing /opt/airflow/dags/data/models/China.27/TS_model.pkl took 0.023 seconds
[2024-08-17T03:26:13.317+0000] {processor.py:161} INFO - Started process (PID=10931) to work on /opt/airflow/dags/data/models/China.27/TS_model.pkl
[2024-08-17T03:26:13.318+0000] {processor.py:830} INFO - Processing file /opt/airflow/dags/data/models/China.27/TS_model.pkl for tasks to queue
[2024-08-17T03:26:13.319+0000] {logging_mixin.py:188} INFO - [2024-08-17T03:26:13.318+0000] {dagbag.py:545} INFO - Filling up the DagBag from /opt/airflow/dags/data/models/China.27/TS_model.pkl
[2024-08-17T03:26:13.327+0000] {processor.py:842} WARNING - No viable dags retrieved from /opt/airflow/dags/data/models/China.27/TS_model.pkl
[2024-08-17T03:26:13.336+0000] {processor.py:183} INFO - Processing /opt/airflow/dags/data/models/China.27/TS_model.pkl took 0.023 seconds
[2024-08-17T03:26:44.302+0000] {processor.py:161} INFO - Started process (PID=11379) to work on /opt/airflow/dags/data/models/China.27/TS_model.pkl
[2024-08-17T03:26:44.303+0000] {processor.py:830} INFO - Processing file /opt/airflow/dags/data/models/China.27/TS_model.pkl for tasks to queue
[2024-08-17T03:26:44.303+0000] {logging_mixin.py:188} INFO - [2024-08-17T03:26:44.303+0000] {dagbag.py:545} INFO - Filling up the DagBag from /opt/airflow/dags/data/models/China.27/TS_model.pkl
[2024-08-17T03:26:44.316+0000] {processor.py:842} WARNING - No viable dags retrieved from /opt/airflow/dags/data/models/China.27/TS_model.pkl
[2024-08-17T03:26:44.325+0000] {processor.py:183} INFO - Processing /opt/airflow/dags/data/models/China.27/TS_model.pkl took 0.028 seconds
[2024-08-17T03:27:15.923+0000] {processor.py:161} INFO - Started process (PID=11837) to work on /opt/airflow/dags/data/models/China.27/TS_model.pkl
[2024-08-17T03:27:15.924+0000] {processor.py:830} INFO - Processing file /opt/airflow/dags/data/models/China.27/TS_model.pkl for tasks to queue
[2024-08-17T03:27:15.924+0000] {logging_mixin.py:188} INFO - [2024-08-17T03:27:15.924+0000] {dagbag.py:545} INFO - Filling up the DagBag from /opt/airflow/dags/data/models/China.27/TS_model.pkl
[2024-08-17T03:27:15.935+0000] {processor.py:842} WARNING - No viable dags retrieved from /opt/airflow/dags/data/models/China.27/TS_model.pkl
[2024-08-17T03:27:15.945+0000] {processor.py:183} INFO - Processing /opt/airflow/dags/data/models/China.27/TS_model.pkl took 0.025 seconds
[2024-08-17T03:27:47.139+0000] {processor.py:161} INFO - Started process (PID=12275) to work on /opt/airflow/dags/data/models/China.27/TS_model.pkl
[2024-08-17T03:27:47.139+0000] {processor.py:830} INFO - Processing file /opt/airflow/dags/data/models/China.27/TS_model.pkl for tasks to queue
[2024-08-17T03:27:47.140+0000] {logging_mixin.py:188} INFO - [2024-08-17T03:27:47.140+0000] {dagbag.py:545} INFO - Filling up the DagBag from /opt/airflow/dags/data/models/China.27/TS_model.pkl
[2024-08-17T03:27:47.153+0000] {processor.py:842} WARNING - No viable dags retrieved from /opt/airflow/dags/data/models/China.27/TS_model.pkl
[2024-08-17T03:27:47.162+0000] {processor.py:183} INFO - Processing /opt/airflow/dags/data/models/China.27/TS_model.pkl took 0.028 seconds
[2024-08-17T03:28:18.300+0000] {processor.py:161} INFO - Started process (PID=12723) to work on /opt/airflow/dags/data/models/China.27/TS_model.pkl
[2024-08-17T03:28:18.300+0000] {processor.py:830} INFO - Processing file /opt/airflow/dags/data/models/China.27/TS_model.pkl for tasks to queue
[2024-08-17T03:28:18.301+0000] {logging_mixin.py:188} INFO - [2024-08-17T03:28:18.301+0000] {dagbag.py:545} INFO - Filling up the DagBag from /opt/airflow/dags/data/models/China.27/TS_model.pkl
[2024-08-17T03:28:18.307+0000] {processor.py:842} WARNING - No viable dags retrieved from /opt/airflow/dags/data/models/China.27/TS_model.pkl
[2024-08-17T03:28:18.316+0000] {processor.py:183} INFO - Processing /opt/airflow/dags/data/models/China.27/TS_model.pkl took 0.020 seconds
[2024-08-17T03:28:48.897+0000] {processor.py:161} INFO - Started process (PID=13156) to work on /opt/airflow/dags/data/models/China.27/TS_model.pkl
[2024-08-17T03:28:48.897+0000] {processor.py:830} INFO - Processing file /opt/airflow/dags/data/models/China.27/TS_model.pkl for tasks to queue
[2024-08-17T03:28:48.898+0000] {logging_mixin.py:188} INFO - [2024-08-17T03:28:48.898+0000] {dagbag.py:545} INFO - Filling up the DagBag from /opt/airflow/dags/data/models/China.27/TS_model.pkl
[2024-08-17T03:28:48.906+0000] {processor.py:842} WARNING - No viable dags retrieved from /opt/airflow/dags/data/models/China.27/TS_model.pkl
[2024-08-17T03:28:48.916+0000] {processor.py:183} INFO - Processing /opt/airflow/dags/data/models/China.27/TS_model.pkl took 0.023 seconds
[2024-08-17T03:29:19.481+0000] {processor.py:161} INFO - Started process (PID=13583) to work on /opt/airflow/dags/data/models/China.27/TS_model.pkl
[2024-08-17T03:29:19.482+0000] {processor.py:830} INFO - Processing file /opt/airflow/dags/data/models/China.27/TS_model.pkl for tasks to queue
[2024-08-17T03:29:19.482+0000] {logging_mixin.py:188} INFO - [2024-08-17T03:29:19.482+0000] {dagbag.py:545} INFO - Filling up the DagBag from /opt/airflow/dags/data/models/China.27/TS_model.pkl
[2024-08-17T03:29:19.492+0000] {processor.py:842} WARNING - No viable dags retrieved from /opt/airflow/dags/data/models/China.27/TS_model.pkl
[2024-08-17T03:29:19.501+0000] {processor.py:183} INFO - Processing /opt/airflow/dags/data/models/China.27/TS_model.pkl took 0.024 seconds
[2024-08-17T03:29:50.222+0000] {processor.py:161} INFO - Started process (PID=14037) to work on /opt/airflow/dags/data/models/China.27/TS_model.pkl
[2024-08-17T03:29:50.223+0000] {processor.py:830} INFO - Processing file /opt/airflow/dags/data/models/China.27/TS_model.pkl for tasks to queue
[2024-08-17T03:29:50.223+0000] {logging_mixin.py:188} INFO - [2024-08-17T03:29:50.223+0000] {dagbag.py:545} INFO - Filling up the DagBag from /opt/airflow/dags/data/models/China.27/TS_model.pkl
[2024-08-17T03:29:50.231+0000] {processor.py:842} WARNING - No viable dags retrieved from /opt/airflow/dags/data/models/China.27/TS_model.pkl
[2024-08-17T03:29:50.241+0000] {processor.py:183} INFO - Processing /opt/airflow/dags/data/models/China.27/TS_model.pkl took 0.024 seconds
[2024-08-17T03:30:20.950+0000] {processor.py:161} INFO - Started process (PID=14491) to work on /opt/airflow/dags/data/models/China.27/TS_model.pkl
[2024-08-17T03:30:20.950+0000] {processor.py:830} INFO - Processing file /opt/airflow/dags/data/models/China.27/TS_model.pkl for tasks to queue
[2024-08-17T03:30:20.951+0000] {logging_mixin.py:188} INFO - [2024-08-17T03:30:20.951+0000] {dagbag.py:545} INFO - Filling up the DagBag from /opt/airflow/dags/data/models/China.27/TS_model.pkl
[2024-08-17T03:30:20.960+0000] {processor.py:842} WARNING - No viable dags retrieved from /opt/airflow/dags/data/models/China.27/TS_model.pkl
[2024-08-17T03:30:20.969+0000] {processor.py:183} INFO - Processing /opt/airflow/dags/data/models/China.27/TS_model.pkl took 0.023 seconds
[2024-08-17T03:30:52.290+0000] {processor.py:161} INFO - Started process (PID=14919) to work on /opt/airflow/dags/data/models/China.27/TS_model.pkl
[2024-08-17T03:30:52.291+0000] {processor.py:830} INFO - Processing file /opt/airflow/dags/data/models/China.27/TS_model.pkl for tasks to queue
[2024-08-17T03:30:52.291+0000] {logging_mixin.py:188} INFO - [2024-08-17T03:30:52.291+0000] {dagbag.py:545} INFO - Filling up the DagBag from /opt/airflow/dags/data/models/China.27/TS_model.pkl
[2024-08-17T03:30:52.300+0000] {processor.py:842} WARNING - No viable dags retrieved from /opt/airflow/dags/data/models/China.27/TS_model.pkl
[2024-08-17T03:30:52.310+0000] {processor.py:183} INFO - Processing /opt/airflow/dags/data/models/China.27/TS_model.pkl took 0.024 seconds
[2024-08-17T03:31:23.776+0000] {processor.py:161} INFO - Started process (PID=15355) to work on /opt/airflow/dags/data/models/China.27/TS_model.pkl
[2024-08-17T03:31:23.777+0000] {processor.py:830} INFO - Processing file /opt/airflow/dags/data/models/China.27/TS_model.pkl for tasks to queue
[2024-08-17T03:31:23.778+0000] {logging_mixin.py:188} INFO - [2024-08-17T03:31:23.778+0000] {dagbag.py:545} INFO - Filling up the DagBag from /opt/airflow/dags/data/models/China.27/TS_model.pkl
[2024-08-17T03:31:23.787+0000] {processor.py:842} WARNING - No viable dags retrieved from /opt/airflow/dags/data/models/China.27/TS_model.pkl
[2024-08-17T03:31:23.797+0000] {processor.py:183} INFO - Processing /opt/airflow/dags/data/models/China.27/TS_model.pkl took 0.025 seconds
[2024-08-17T03:31:54.873+0000] {processor.py:161} INFO - Started process (PID=15807) to work on /opt/airflow/dags/data/models/China.27/TS_model.pkl
[2024-08-17T03:31:54.873+0000] {processor.py:830} INFO - Processing file /opt/airflow/dags/data/models/China.27/TS_model.pkl for tasks to queue
[2024-08-17T03:31:54.874+0000] {logging_mixin.py:188} INFO - [2024-08-17T03:31:54.874+0000] {dagbag.py:545} INFO - Filling up the DagBag from /opt/airflow/dags/data/models/China.27/TS_model.pkl
[2024-08-17T03:31:54.886+0000] {processor.py:842} WARNING - No viable dags retrieved from /opt/airflow/dags/data/models/China.27/TS_model.pkl
[2024-08-17T03:31:54.896+0000] {processor.py:183} INFO - Processing /opt/airflow/dags/data/models/China.27/TS_model.pkl took 0.028 seconds
[2024-08-17T03:32:25.819+0000] {processor.py:161} INFO - Started process (PID=16234) to work on /opt/airflow/dags/data/models/China.27/TS_model.pkl
[2024-08-17T03:32:25.820+0000] {processor.py:830} INFO - Processing file /opt/airflow/dags/data/models/China.27/TS_model.pkl for tasks to queue
[2024-08-17T03:32:25.821+0000] {logging_mixin.py:188} INFO - [2024-08-17T03:32:25.820+0000] {dagbag.py:545} INFO - Filling up the DagBag from /opt/airflow/dags/data/models/China.27/TS_model.pkl
[2024-08-17T03:32:25.830+0000] {processor.py:842} WARNING - No viable dags retrieved from /opt/airflow/dags/data/models/China.27/TS_model.pkl
[2024-08-17T03:32:25.840+0000] {processor.py:183} INFO - Processing /opt/airflow/dags/data/models/China.27/TS_model.pkl took 0.025 seconds
[2024-08-17T03:32:57.670+0000] {processor.py:161} INFO - Started process (PID=16688) to work on /opt/airflow/dags/data/models/China.27/TS_model.pkl
[2024-08-17T03:32:57.671+0000] {processor.py:830} INFO - Processing file /opt/airflow/dags/data/models/China.27/TS_model.pkl for tasks to queue
[2024-08-17T03:32:57.672+0000] {logging_mixin.py:188} INFO - [2024-08-17T03:32:57.671+0000] {dagbag.py:545} INFO - Filling up the DagBag from /opt/airflow/dags/data/models/China.27/TS_model.pkl
[2024-08-17T03:32:57.683+0000] {processor.py:842} WARNING - No viable dags retrieved from /opt/airflow/dags/data/models/China.27/TS_model.pkl
[2024-08-17T03:32:57.694+0000] {processor.py:183} INFO - Processing /opt/airflow/dags/data/models/China.27/TS_model.pkl took 0.027 seconds
[2024-08-17T03:33:28.627+0000] {processor.py:161} INFO - Started process (PID=17102) to work on /opt/airflow/dags/data/models/China.27/TS_model.pkl
[2024-08-17T03:33:28.628+0000] {processor.py:830} INFO - Processing file /opt/airflow/dags/data/models/China.27/TS_model.pkl for tasks to queue
[2024-08-17T03:33:28.629+0000] {logging_mixin.py:188} INFO - [2024-08-17T03:33:28.628+0000] {dagbag.py:545} INFO - Filling up the DagBag from /opt/airflow/dags/data/models/China.27/TS_model.pkl
[2024-08-17T03:33:28.643+0000] {processor.py:842} WARNING - No viable dags retrieved from /opt/airflow/dags/data/models/China.27/TS_model.pkl
[2024-08-17T03:33:28.651+0000] {processor.py:183} INFO - Processing /opt/airflow/dags/data/models/China.27/TS_model.pkl took 0.028 seconds
[2024-08-17T03:34:01.232+0000] {processor.py:161} INFO - Started process (PID=17549) to work on /opt/airflow/dags/data/models/China.27/TS_model.pkl
[2024-08-17T03:34:01.233+0000] {processor.py:830} INFO - Processing file /opt/airflow/dags/data/models/China.27/TS_model.pkl for tasks to queue
[2024-08-17T03:34:01.233+0000] {logging_mixin.py:188} INFO - [2024-08-17T03:34:01.233+0000] {dagbag.py:545} INFO - Filling up the DagBag from /opt/airflow/dags/data/models/China.27/TS_model.pkl
[2024-08-17T03:34:01.245+0000] {processor.py:842} WARNING - No viable dags retrieved from /opt/airflow/dags/data/models/China.27/TS_model.pkl
[2024-08-17T03:34:01.254+0000] {processor.py:183} INFO - Processing /opt/airflow/dags/data/models/China.27/TS_model.pkl took 0.025 seconds
[2024-08-17T03:34:33.031+0000] {processor.py:161} INFO - Started process (PID=18003) to work on /opt/airflow/dags/data/models/China.27/TS_model.pkl
[2024-08-17T03:34:33.032+0000] {processor.py:830} INFO - Processing file /opt/airflow/dags/data/models/China.27/TS_model.pkl for tasks to queue
[2024-08-17T03:34:33.032+0000] {logging_mixin.py:188} INFO - [2024-08-17T03:34:33.032+0000] {dagbag.py:545} INFO - Filling up the DagBag from /opt/airflow/dags/data/models/China.27/TS_model.pkl
[2024-08-17T03:34:33.044+0000] {processor.py:842} WARNING - No viable dags retrieved from /opt/airflow/dags/data/models/China.27/TS_model.pkl
[2024-08-17T03:34:33.054+0000] {processor.py:183} INFO - Processing /opt/airflow/dags/data/models/China.27/TS_model.pkl took 0.027 seconds
[2024-08-17T03:35:04.522+0000] {processor.py:161} INFO - Started process (PID=18459) to work on /opt/airflow/dags/data/models/China.27/TS_model.pkl
[2024-08-17T03:35:04.522+0000] {processor.py:830} INFO - Processing file /opt/airflow/dags/data/models/China.27/TS_model.pkl for tasks to queue
[2024-08-17T03:35:04.523+0000] {logging_mixin.py:188} INFO - [2024-08-17T03:35:04.522+0000] {dagbag.py:545} INFO - Filling up the DagBag from /opt/airflow/dags/data/models/China.27/TS_model.pkl
[2024-08-17T03:35:04.529+0000] {processor.py:842} WARNING - No viable dags retrieved from /opt/airflow/dags/data/models/China.27/TS_model.pkl
[2024-08-17T03:35:04.539+0000] {processor.py:183} INFO - Processing /opt/airflow/dags/data/models/China.27/TS_model.pkl took 0.021 seconds
[2024-08-17T03:35:34.997+0000] {processor.py:161} INFO - Started process (PID=18879) to work on /opt/airflow/dags/data/models/China.27/TS_model.pkl
[2024-08-17T03:35:34.997+0000] {processor.py:830} INFO - Processing file /opt/airflow/dags/data/models/China.27/TS_model.pkl for tasks to queue
[2024-08-17T03:35:34.998+0000] {logging_mixin.py:188} INFO - [2024-08-17T03:35:34.998+0000] {dagbag.py:545} INFO - Filling up the DagBag from /opt/airflow/dags/data/models/China.27/TS_model.pkl
[2024-08-17T03:35:35.006+0000] {processor.py:842} WARNING - No viable dags retrieved from /opt/airflow/dags/data/models/China.27/TS_model.pkl
[2024-08-17T03:35:35.016+0000] {processor.py:183} INFO - Processing /opt/airflow/dags/data/models/China.27/TS_model.pkl took 0.023 seconds
[2024-08-17T03:36:05.981+0000] {processor.py:161} INFO - Started process (PID=19333) to work on /opt/airflow/dags/data/models/China.27/TS_model.pkl
[2024-08-17T03:36:05.982+0000] {processor.py:830} INFO - Processing file /opt/airflow/dags/data/models/China.27/TS_model.pkl for tasks to queue
[2024-08-17T03:36:05.983+0000] {logging_mixin.py:188} INFO - [2024-08-17T03:36:05.982+0000] {dagbag.py:545} INFO - Filling up the DagBag from /opt/airflow/dags/data/models/China.27/TS_model.pkl
[2024-08-17T03:36:05.991+0000] {processor.py:842} WARNING - No viable dags retrieved from /opt/airflow/dags/data/models/China.27/TS_model.pkl
[2024-08-17T03:36:06.000+0000] {processor.py:183} INFO - Processing /opt/airflow/dags/data/models/China.27/TS_model.pkl took 0.023 seconds
[2024-08-17T03:36:36.604+0000] {processor.py:161} INFO - Started process (PID=19765) to work on /opt/airflow/dags/data/models/China.27/TS_model.pkl
[2024-08-17T03:36:36.606+0000] {processor.py:830} INFO - Processing file /opt/airflow/dags/data/models/China.27/TS_model.pkl for tasks to queue
[2024-08-17T03:36:36.606+0000] {logging_mixin.py:188} INFO - [2024-08-17T03:36:36.606+0000] {dagbag.py:545} INFO - Filling up the DagBag from /opt/airflow/dags/data/models/China.27/TS_model.pkl
[2024-08-17T03:36:36.616+0000] {processor.py:842} WARNING - No viable dags retrieved from /opt/airflow/dags/data/models/China.27/TS_model.pkl
[2024-08-17T03:36:36.625+0000] {processor.py:183} INFO - Processing /opt/airflow/dags/data/models/China.27/TS_model.pkl took 0.026 seconds
[2024-08-17T03:37:07.268+0000] {processor.py:161} INFO - Started process (PID=20208) to work on /opt/airflow/dags/data/models/China.27/TS_model.pkl
[2024-08-17T03:37:07.269+0000] {processor.py:830} INFO - Processing file /opt/airflow/dags/data/models/China.27/TS_model.pkl for tasks to queue
[2024-08-17T03:37:07.269+0000] {logging_mixin.py:188} INFO - [2024-08-17T03:37:07.269+0000] {dagbag.py:545} INFO - Filling up the DagBag from /opt/airflow/dags/data/models/China.27/TS_model.pkl
[2024-08-17T03:37:07.306+0000] {processor.py:842} WARNING - No viable dags retrieved from /opt/airflow/dags/data/models/China.27/TS_model.pkl
[2024-08-17T03:37:07.327+0000] {processor.py:183} INFO - Processing /opt/airflow/dags/data/models/China.27/TS_model.pkl took 0.063 seconds
[2024-08-17T03:37:38.208+0000] {processor.py:161} INFO - Started process (PID=20662) to work on /opt/airflow/dags/data/models/China.27/TS_model.pkl
[2024-08-17T03:37:38.209+0000] {processor.py:830} INFO - Processing file /opt/airflow/dags/data/models/China.27/TS_model.pkl for tasks to queue
[2024-08-17T03:37:38.210+0000] {logging_mixin.py:188} INFO - [2024-08-17T03:37:38.209+0000] {dagbag.py:545} INFO - Filling up the DagBag from /opt/airflow/dags/data/models/China.27/TS_model.pkl
[2024-08-17T03:37:38.218+0000] {processor.py:842} WARNING - No viable dags retrieved from /opt/airflow/dags/data/models/China.27/TS_model.pkl
[2024-08-17T03:37:38.228+0000] {processor.py:183} INFO - Processing /opt/airflow/dags/data/models/China.27/TS_model.pkl took 0.024 seconds
[2024-08-17T09:22:53.337+0000] {processor.py:161} INFO - Started process (PID=355) to work on /opt/airflow/dags/data/models/China.27/TS_model.pkl
[2024-08-17T09:22:53.338+0000] {processor.py:830} INFO - Processing file /opt/airflow/dags/data/models/China.27/TS_model.pkl for tasks to queue
[2024-08-17T09:22:53.339+0000] {logging_mixin.py:188} INFO - [2024-08-17T09:22:53.339+0000] {dagbag.py:545} INFO - Filling up the DagBag from /opt/airflow/dags/data/models/China.27/TS_model.pkl
[2024-08-17T09:22:53.347+0000] {processor.py:842} WARNING - No viable dags retrieved from /opt/airflow/dags/data/models/China.27/TS_model.pkl
[2024-08-17T09:22:53.356+0000] {processor.py:183} INFO - Processing /opt/airflow/dags/data/models/China.27/TS_model.pkl took 0.024 seconds
[2024-08-17T09:23:26.168+0000] {processor.py:161} INFO - Started process (PID=811) to work on /opt/airflow/dags/data/models/China.27/TS_model.pkl
[2024-08-17T09:23:26.168+0000] {processor.py:830} INFO - Processing file /opt/airflow/dags/data/models/China.27/TS_model.pkl for tasks to queue
[2024-08-17T09:23:26.170+0000] {logging_mixin.py:188} INFO - [2024-08-17T09:23:26.169+0000] {dagbag.py:545} INFO - Filling up the DagBag from /opt/airflow/dags/data/models/China.27/TS_model.pkl
[2024-08-17T09:23:26.178+0000] {processor.py:842} WARNING - No viable dags retrieved from /opt/airflow/dags/data/models/China.27/TS_model.pkl
[2024-08-17T09:23:26.187+0000] {processor.py:183} INFO - Processing /opt/airflow/dags/data/models/China.27/TS_model.pkl took 0.023 seconds
[2024-08-17T09:23:57.584+0000] {processor.py:161} INFO - Started process (PID=1239) to work on /opt/airflow/dags/data/models/China.27/TS_model.pkl
[2024-08-17T09:23:57.585+0000] {processor.py:830} INFO - Processing file /opt/airflow/dags/data/models/China.27/TS_model.pkl for tasks to queue
[2024-08-17T09:23:57.586+0000] {logging_mixin.py:188} INFO - [2024-08-17T09:23:57.586+0000] {dagbag.py:545} INFO - Filling up the DagBag from /opt/airflow/dags/data/models/China.27/TS_model.pkl
[2024-08-17T09:23:57.594+0000] {processor.py:842} WARNING - No viable dags retrieved from /opt/airflow/dags/data/models/China.27/TS_model.pkl
[2024-08-17T09:23:57.602+0000] {processor.py:183} INFO - Processing /opt/airflow/dags/data/models/China.27/TS_model.pkl took 0.021 seconds
[2024-08-17T09:24:30.841+0000] {processor.py:161} INFO - Started process (PID=1693) to work on /opt/airflow/dags/data/models/China.27/TS_model.pkl
[2024-08-17T09:24:30.842+0000] {processor.py:830} INFO - Processing file /opt/airflow/dags/data/models/China.27/TS_model.pkl for tasks to queue
[2024-08-17T09:24:30.844+0000] {logging_mixin.py:188} INFO - [2024-08-17T09:24:30.844+0000] {dagbag.py:545} INFO - Filling up the DagBag from /opt/airflow/dags/data/models/China.27/TS_model.pkl
[2024-08-17T09:24:30.860+0000] {processor.py:842} WARNING - No viable dags retrieved from /opt/airflow/dags/data/models/China.27/TS_model.pkl
[2024-08-17T09:24:30.869+0000] {processor.py:183} INFO - Processing /opt/airflow/dags/data/models/China.27/TS_model.pkl took 0.032 seconds
[2024-08-17T09:25:02.645+0000] {processor.py:161} INFO - Started process (PID=2147) to work on /opt/airflow/dags/data/models/China.27/TS_model.pkl
[2024-08-17T09:25:02.646+0000] {processor.py:830} INFO - Processing file /opt/airflow/dags/data/models/China.27/TS_model.pkl for tasks to queue
[2024-08-17T09:25:02.647+0000] {logging_mixin.py:188} INFO - [2024-08-17T09:25:02.647+0000] {dagbag.py:545} INFO - Filling up the DagBag from /opt/airflow/dags/data/models/China.27/TS_model.pkl
[2024-08-17T09:25:02.655+0000] {processor.py:842} WARNING - No viable dags retrieved from /opt/airflow/dags/data/models/China.27/TS_model.pkl
[2024-08-17T09:25:02.663+0000] {processor.py:183} INFO - Processing /opt/airflow/dags/data/models/China.27/TS_model.pkl took 0.022 seconds
[2024-08-17T09:25:34.400+0000] {processor.py:161} INFO - Started process (PID=2601) to work on /opt/airflow/dags/data/models/China.27/TS_model.pkl
[2024-08-17T09:25:34.401+0000] {processor.py:830} INFO - Processing file /opt/airflow/dags/data/models/China.27/TS_model.pkl for tasks to queue
[2024-08-17T09:25:34.403+0000] {logging_mixin.py:188} INFO - [2024-08-17T09:25:34.403+0000] {dagbag.py:545} INFO - Filling up the DagBag from /opt/airflow/dags/data/models/China.27/TS_model.pkl
[2024-08-17T09:25:34.431+0000] {processor.py:842} WARNING - No viable dags retrieved from /opt/airflow/dags/data/models/China.27/TS_model.pkl
[2024-08-17T09:25:34.444+0000] {processor.py:183} INFO - Processing /opt/airflow/dags/data/models/China.27/TS_model.pkl took 0.047 seconds
[2024-08-17T09:26:05.190+0000] {processor.py:161} INFO - Started process (PID=3029) to work on /opt/airflow/dags/data/models/China.27/TS_model.pkl
[2024-08-17T09:26:05.190+0000] {processor.py:830} INFO - Processing file /opt/airflow/dags/data/models/China.27/TS_model.pkl for tasks to queue
[2024-08-17T09:26:05.191+0000] {logging_mixin.py:188} INFO - [2024-08-17T09:26:05.191+0000] {dagbag.py:545} INFO - Filling up the DagBag from /opt/airflow/dags/data/models/China.27/TS_model.pkl
[2024-08-17T09:26:05.198+0000] {processor.py:842} WARNING - No viable dags retrieved from /opt/airflow/dags/data/models/China.27/TS_model.pkl
[2024-08-17T09:26:05.206+0000] {processor.py:183} INFO - Processing /opt/airflow/dags/data/models/China.27/TS_model.pkl took 0.020 seconds
[2024-08-17T09:26:36.525+0000] {processor.py:161} INFO - Started process (PID=3483) to work on /opt/airflow/dags/data/models/China.27/TS_model.pkl
[2024-08-17T09:26:36.525+0000] {processor.py:830} INFO - Processing file /opt/airflow/dags/data/models/China.27/TS_model.pkl for tasks to queue
[2024-08-17T09:26:36.526+0000] {logging_mixin.py:188} INFO - [2024-08-17T09:26:36.526+0000] {dagbag.py:545} INFO - Filling up the DagBag from /opt/airflow/dags/data/models/China.27/TS_model.pkl
[2024-08-17T09:26:36.533+0000] {processor.py:842} WARNING - No viable dags retrieved from /opt/airflow/dags/data/models/China.27/TS_model.pkl
[2024-08-17T09:26:36.542+0000] {processor.py:183} INFO - Processing /opt/airflow/dags/data/models/China.27/TS_model.pkl took 0.020 seconds
[2024-08-17T09:27:07.610+0000] {processor.py:161} INFO - Started process (PID=3918) to work on /opt/airflow/dags/data/models/China.27/TS_model.pkl
[2024-08-17T09:27:07.610+0000] {processor.py:830} INFO - Processing file /opt/airflow/dags/data/models/China.27/TS_model.pkl for tasks to queue
[2024-08-17T09:27:07.612+0000] {logging_mixin.py:188} INFO - [2024-08-17T09:27:07.611+0000] {dagbag.py:545} INFO - Filling up the DagBag from /opt/airflow/dags/data/models/China.27/TS_model.pkl
[2024-08-17T09:27:07.625+0000] {processor.py:842} WARNING - No viable dags retrieved from /opt/airflow/dags/data/models/China.27/TS_model.pkl
[2024-08-17T09:27:07.633+0000] {processor.py:183} INFO - Processing /opt/airflow/dags/data/models/China.27/TS_model.pkl took 0.028 seconds
[2024-08-17T09:27:38.713+0000] {processor.py:161} INFO - Started process (PID=4366) to work on /opt/airflow/dags/data/models/China.27/TS_model.pkl
[2024-08-17T09:27:38.714+0000] {processor.py:830} INFO - Processing file /opt/airflow/dags/data/models/China.27/TS_model.pkl for tasks to queue
[2024-08-17T09:27:38.715+0000] {logging_mixin.py:188} INFO - [2024-08-17T09:27:38.715+0000] {dagbag.py:545} INFO - Filling up the DagBag from /opt/airflow/dags/data/models/China.27/TS_model.pkl
[2024-08-17T09:27:38.723+0000] {processor.py:842} WARNING - No viable dags retrieved from /opt/airflow/dags/data/models/China.27/TS_model.pkl
[2024-08-17T09:27:38.731+0000] {processor.py:183} INFO - Processing /opt/airflow/dags/data/models/China.27/TS_model.pkl took 0.022 seconds
[2024-08-17T09:28:09.831+0000] {processor.py:161} INFO - Started process (PID=4820) to work on /opt/airflow/dags/data/models/China.27/TS_model.pkl
[2024-08-17T09:28:09.832+0000] {processor.py:830} INFO - Processing file /opt/airflow/dags/data/models/China.27/TS_model.pkl for tasks to queue
[2024-08-17T09:28:09.833+0000] {logging_mixin.py:188} INFO - [2024-08-17T09:28:09.833+0000] {dagbag.py:545} INFO - Filling up the DagBag from /opt/airflow/dags/data/models/China.27/TS_model.pkl
[2024-08-17T09:28:09.843+0000] {processor.py:842} WARNING - No viable dags retrieved from /opt/airflow/dags/data/models/China.27/TS_model.pkl
[2024-08-17T09:28:09.852+0000] {processor.py:183} INFO - Processing /opt/airflow/dags/data/models/China.27/TS_model.pkl took 0.024 seconds
[2024-08-17T09:28:40.700+0000] {processor.py:161} INFO - Started process (PID=5248) to work on /opt/airflow/dags/data/models/China.27/TS_model.pkl
[2024-08-17T09:28:40.700+0000] {processor.py:830} INFO - Processing file /opt/airflow/dags/data/models/China.27/TS_model.pkl for tasks to queue
[2024-08-17T09:28:40.701+0000] {logging_mixin.py:188} INFO - [2024-08-17T09:28:40.701+0000] {dagbag.py:545} INFO - Filling up the DagBag from /opt/airflow/dags/data/models/China.27/TS_model.pkl
[2024-08-17T09:28:40.708+0000] {processor.py:842} WARNING - No viable dags retrieved from /opt/airflow/dags/data/models/China.27/TS_model.pkl
[2024-08-17T09:28:40.716+0000] {processor.py:183} INFO - Processing /opt/airflow/dags/data/models/China.27/TS_model.pkl took 0.019 seconds
[2024-08-17T09:29:11.763+0000] {processor.py:161} INFO - Started process (PID=5702) to work on /opt/airflow/dags/data/models/China.27/TS_model.pkl
[2024-08-17T09:29:11.764+0000] {processor.py:830} INFO - Processing file /opt/airflow/dags/data/models/China.27/TS_model.pkl for tasks to queue
[2024-08-17T09:29:11.765+0000] {logging_mixin.py:188} INFO - [2024-08-17T09:29:11.765+0000] {dagbag.py:545} INFO - Filling up the DagBag from /opt/airflow/dags/data/models/China.27/TS_model.pkl
[2024-08-17T09:29:11.773+0000] {processor.py:842} WARNING - No viable dags retrieved from /opt/airflow/dags/data/models/China.27/TS_model.pkl
[2024-08-17T09:29:11.781+0000] {processor.py:183} INFO - Processing /opt/airflow/dags/data/models/China.27/TS_model.pkl took 0.021 seconds
[2024-08-17T09:29:43.286+0000] {processor.py:161} INFO - Started process (PID=6156) to work on /opt/airflow/dags/data/models/China.27/TS_model.pkl
[2024-08-17T09:29:43.287+0000] {processor.py:830} INFO - Processing file /opt/airflow/dags/data/models/China.27/TS_model.pkl for tasks to queue
[2024-08-17T09:29:43.288+0000] {logging_mixin.py:188} INFO - [2024-08-17T09:29:43.288+0000] {dagbag.py:545} INFO - Filling up the DagBag from /opt/airflow/dags/data/models/China.27/TS_model.pkl
[2024-08-17T09:29:43.296+0000] {processor.py:842} WARNING - No viable dags retrieved from /opt/airflow/dags/data/models/China.27/TS_model.pkl
[2024-08-17T09:29:43.306+0000] {processor.py:183} INFO - Processing /opt/airflow/dags/data/models/China.27/TS_model.pkl took 0.023 seconds
[2024-08-17T09:30:15.073+0000] {processor.py:161} INFO - Started process (PID=6591) to work on /opt/airflow/dags/data/models/China.27/TS_model.pkl
[2024-08-17T09:30:15.074+0000] {processor.py:830} INFO - Processing file /opt/airflow/dags/data/models/China.27/TS_model.pkl for tasks to queue
[2024-08-17T09:30:15.075+0000] {logging_mixin.py:188} INFO - [2024-08-17T09:30:15.075+0000] {dagbag.py:545} INFO - Filling up the DagBag from /opt/airflow/dags/data/models/China.27/TS_model.pkl
[2024-08-17T09:30:15.086+0000] {processor.py:842} WARNING - No viable dags retrieved from /opt/airflow/dags/data/models/China.27/TS_model.pkl
[2024-08-17T09:30:15.096+0000] {processor.py:183} INFO - Processing /opt/airflow/dags/data/models/China.27/TS_model.pkl took 0.026 seconds
