[2024-08-17T10:07:51.850+0000] {processor.py:161} INFO - Started process (PID=30943) to work on /opt/airflow/dags/data/models/Senegal/deaths_TS_model.pkl
[2024-08-17T10:07:51.851+0000] {processor.py:830} INFO - Processing file /opt/airflow/dags/data/models/Senegal/deaths_TS_model.pkl for tasks to queue
[2024-08-17T10:07:51.851+0000] {logging_mixin.py:188} INFO - [2024-08-17T10:07:51.851+0000] {dagbag.py:545} INFO - Filling up the DagBag from /opt/airflow/dags/data/models/Senegal/deaths_TS_model.pkl
[2024-08-17T10:07:51.863+0000] {processor.py:842} WARNING - No viable dags retrieved from /opt/airflow/dags/data/models/Senegal/deaths_TS_model.pkl
[2024-08-17T10:07:51.873+0000] {processor.py:183} INFO - Processing /opt/airflow/dags/data/models/Senegal/deaths_TS_model.pkl took 0.027 seconds
[2024-08-17T10:08:23.385+0000] {processor.py:161} INFO - Started process (PID=31537) to work on /opt/airflow/dags/data/models/Senegal/deaths_TS_model.pkl
[2024-08-17T10:08:23.386+0000] {processor.py:830} INFO - Processing file /opt/airflow/dags/data/models/Senegal/deaths_TS_model.pkl for tasks to queue
[2024-08-17T10:08:23.387+0000] {logging_mixin.py:188} INFO - [2024-08-17T10:08:23.386+0000] {dagbag.py:545} INFO - Filling up the DagBag from /opt/airflow/dags/data/models/Senegal/deaths_TS_model.pkl
[2024-08-17T10:08:23.400+0000] {processor.py:842} WARNING - No viable dags retrieved from /opt/airflow/dags/data/models/Senegal/deaths_TS_model.pkl
[2024-08-17T10:08:23.410+0000] {processor.py:183} INFO - Processing /opt/airflow/dags/data/models/Senegal/deaths_TS_model.pkl took 0.029 seconds
[2024-08-17T10:08:54.528+0000] {processor.py:161} INFO - Started process (PID=32156) to work on /opt/airflow/dags/data/models/Senegal/deaths_TS_model.pkl
[2024-08-17T10:08:54.529+0000] {processor.py:830} INFO - Processing file /opt/airflow/dags/data/models/Senegal/deaths_TS_model.pkl for tasks to queue
[2024-08-17T10:08:54.530+0000] {logging_mixin.py:188} INFO - [2024-08-17T10:08:54.530+0000] {dagbag.py:545} INFO - Filling up the DagBag from /opt/airflow/dags/data/models/Senegal/deaths_TS_model.pkl
[2024-08-17T10:08:54.560+0000] {processor.py:842} WARNING - No viable dags retrieved from /opt/airflow/dags/data/models/Senegal/deaths_TS_model.pkl
[2024-08-17T10:08:54.570+0000] {processor.py:183} INFO - Processing /opt/airflow/dags/data/models/Senegal/deaths_TS_model.pkl took 0.046 seconds
[2024-08-17T10:09:25.546+0000] {processor.py:161} INFO - Started process (PID=32786) to work on /opt/airflow/dags/data/models/Senegal/deaths_TS_model.pkl
[2024-08-17T10:09:25.546+0000] {processor.py:830} INFO - Processing file /opt/airflow/dags/data/models/Senegal/deaths_TS_model.pkl for tasks to queue
[2024-08-17T10:09:25.547+0000] {logging_mixin.py:188} INFO - [2024-08-17T10:09:25.547+0000] {dagbag.py:545} INFO - Filling up the DagBag from /opt/airflow/dags/data/models/Senegal/deaths_TS_model.pkl
[2024-08-17T10:09:25.558+0000] {processor.py:842} WARNING - No viable dags retrieved from /opt/airflow/dags/data/models/Senegal/deaths_TS_model.pkl
[2024-08-17T10:09:25.568+0000] {processor.py:183} INFO - Processing /opt/airflow/dags/data/models/Senegal/deaths_TS_model.pkl took 0.027 seconds
[2024-08-17T10:09:56.941+0000] {processor.py:161} INFO - Started process (PID=33389) to work on /opt/airflow/dags/data/models/Senegal/deaths_TS_model.pkl
[2024-08-17T10:09:56.942+0000] {processor.py:830} INFO - Processing file /opt/airflow/dags/data/models/Senegal/deaths_TS_model.pkl for tasks to queue
[2024-08-17T10:09:56.943+0000] {logging_mixin.py:188} INFO - [2024-08-17T10:09:56.942+0000] {dagbag.py:545} INFO - Filling up the DagBag from /opt/airflow/dags/data/models/Senegal/deaths_TS_model.pkl
[2024-08-17T10:09:56.953+0000] {processor.py:842} WARNING - No viable dags retrieved from /opt/airflow/dags/data/models/Senegal/deaths_TS_model.pkl
[2024-08-17T10:09:56.964+0000] {processor.py:183} INFO - Processing /opt/airflow/dags/data/models/Senegal/deaths_TS_model.pkl took 0.026 seconds
[2024-08-17T10:10:28.165+0000] {processor.py:161} INFO - Started process (PID=33996) to work on /opt/airflow/dags/data/models/Senegal/deaths_TS_model.pkl
[2024-08-17T10:10:28.166+0000] {processor.py:830} INFO - Processing file /opt/airflow/dags/data/models/Senegal/deaths_TS_model.pkl for tasks to queue
[2024-08-17T10:10:28.167+0000] {logging_mixin.py:188} INFO - [2024-08-17T10:10:28.167+0000] {dagbag.py:545} INFO - Filling up the DagBag from /opt/airflow/dags/data/models/Senegal/deaths_TS_model.pkl
[2024-08-17T10:10:28.179+0000] {processor.py:842} WARNING - No viable dags retrieved from /opt/airflow/dags/data/models/Senegal/deaths_TS_model.pkl
[2024-08-17T10:10:28.188+0000] {processor.py:183} INFO - Processing /opt/airflow/dags/data/models/Senegal/deaths_TS_model.pkl took 0.026 seconds
[2024-08-17T10:11:00.110+0000] {processor.py:161} INFO - Started process (PID=34625) to work on /opt/airflow/dags/data/models/Senegal/deaths_TS_model.pkl
[2024-08-17T10:11:00.111+0000] {processor.py:830} INFO - Processing file /opt/airflow/dags/data/models/Senegal/deaths_TS_model.pkl for tasks to queue
[2024-08-17T10:11:00.112+0000] {logging_mixin.py:188} INFO - [2024-08-17T10:11:00.112+0000] {dagbag.py:545} INFO - Filling up the DagBag from /opt/airflow/dags/data/models/Senegal/deaths_TS_model.pkl
[2024-08-17T10:11:00.122+0000] {processor.py:842} WARNING - No viable dags retrieved from /opt/airflow/dags/data/models/Senegal/deaths_TS_model.pkl
[2024-08-17T10:11:00.132+0000] {processor.py:183} INFO - Processing /opt/airflow/dags/data/models/Senegal/deaths_TS_model.pkl took 0.027 seconds
[2024-08-17T10:11:31.082+0000] {processor.py:161} INFO - Started process (PID=35206) to work on /opt/airflow/dags/data/models/Senegal/deaths_TS_model.pkl
[2024-08-17T10:11:31.083+0000] {processor.py:830} INFO - Processing file /opt/airflow/dags/data/models/Senegal/deaths_TS_model.pkl for tasks to queue
[2024-08-17T10:11:31.083+0000] {logging_mixin.py:188} INFO - [2024-08-17T10:11:31.083+0000] {dagbag.py:545} INFO - Filling up the DagBag from /opt/airflow/dags/data/models/Senegal/deaths_TS_model.pkl
[2024-08-17T10:11:31.099+0000] {processor.py:842} WARNING - No viable dags retrieved from /opt/airflow/dags/data/models/Senegal/deaths_TS_model.pkl
[2024-08-17T10:11:31.110+0000] {processor.py:183} INFO - Processing /opt/airflow/dags/data/models/Senegal/deaths_TS_model.pkl took 0.032 seconds
[2024-08-17T10:12:02.423+0000] {processor.py:161} INFO - Started process (PID=35804) to work on /opt/airflow/dags/data/models/Senegal/deaths_TS_model.pkl
[2024-08-17T10:12:02.424+0000] {processor.py:830} INFO - Processing file /opt/airflow/dags/data/models/Senegal/deaths_TS_model.pkl for tasks to queue
[2024-08-17T10:12:02.424+0000] {logging_mixin.py:188} INFO - [2024-08-17T10:12:02.424+0000] {dagbag.py:545} INFO - Filling up the DagBag from /opt/airflow/dags/data/models/Senegal/deaths_TS_model.pkl
[2024-08-17T10:12:02.433+0000] {processor.py:842} WARNING - No viable dags retrieved from /opt/airflow/dags/data/models/Senegal/deaths_TS_model.pkl
[2024-08-17T10:12:02.442+0000] {processor.py:183} INFO - Processing /opt/airflow/dags/data/models/Senegal/deaths_TS_model.pkl took 0.023 seconds
[2024-08-17T10:12:35.033+0000] {processor.py:161} INFO - Started process (PID=36432) to work on /opt/airflow/dags/data/models/Senegal/deaths_TS_model.pkl
[2024-08-17T10:12:35.034+0000] {processor.py:830} INFO - Processing file /opt/airflow/dags/data/models/Senegal/deaths_TS_model.pkl for tasks to queue
[2024-08-17T10:12:35.034+0000] {logging_mixin.py:188} INFO - [2024-08-17T10:12:35.034+0000] {dagbag.py:545} INFO - Filling up the DagBag from /opt/airflow/dags/data/models/Senegal/deaths_TS_model.pkl
[2024-08-17T10:12:35.044+0000] {processor.py:842} WARNING - No viable dags retrieved from /opt/airflow/dags/data/models/Senegal/deaths_TS_model.pkl
[2024-08-17T10:12:35.053+0000] {processor.py:183} INFO - Processing /opt/airflow/dags/data/models/Senegal/deaths_TS_model.pkl took 0.024 seconds
[2024-08-17T10:13:14.058+0000] {processor.py:161} INFO - Started process (PID=37125) to work on /opt/airflow/dags/data/models/Senegal/deaths_TS_model.pkl
[2024-08-17T10:13:14.058+0000] {processor.py:830} INFO - Processing file /opt/airflow/dags/data/models/Senegal/deaths_TS_model.pkl for tasks to queue
[2024-08-17T10:13:14.059+0000] {logging_mixin.py:188} INFO - [2024-08-17T10:13:14.059+0000] {dagbag.py:545} INFO - Filling up the DagBag from /opt/airflow/dags/data/models/Senegal/deaths_TS_model.pkl
[2024-08-17T10:13:14.069+0000] {processor.py:842} WARNING - No viable dags retrieved from /opt/airflow/dags/data/models/Senegal/deaths_TS_model.pkl
[2024-08-17T10:13:14.078+0000] {processor.py:183} INFO - Processing /opt/airflow/dags/data/models/Senegal/deaths_TS_model.pkl took 0.025 seconds
[2024-08-17T10:13:45.863+0000] {processor.py:161} INFO - Started process (PID=37736) to work on /opt/airflow/dags/data/models/Senegal/deaths_TS_model.pkl
[2024-08-17T10:13:45.864+0000] {processor.py:830} INFO - Processing file /opt/airflow/dags/data/models/Senegal/deaths_TS_model.pkl for tasks to queue
[2024-08-17T10:13:45.865+0000] {logging_mixin.py:188} INFO - [2024-08-17T10:13:45.865+0000] {dagbag.py:545} INFO - Filling up the DagBag from /opt/airflow/dags/data/models/Senegal/deaths_TS_model.pkl
[2024-08-17T10:13:45.884+0000] {processor.py:842} WARNING - No viable dags retrieved from /opt/airflow/dags/data/models/Senegal/deaths_TS_model.pkl
[2024-08-17T10:13:45.894+0000] {processor.py:183} INFO - Processing /opt/airflow/dags/data/models/Senegal/deaths_TS_model.pkl took 0.034 seconds
[2024-08-17T10:14:19.126+0000] {processor.py:161} INFO - Started process (PID=38402) to work on /opt/airflow/dags/data/models/Senegal/deaths_TS_model.pkl
[2024-08-17T10:14:19.126+0000] {processor.py:830} INFO - Processing file /opt/airflow/dags/data/models/Senegal/deaths_TS_model.pkl for tasks to queue
[2024-08-17T10:14:19.127+0000] {logging_mixin.py:188} INFO - [2024-08-17T10:14:19.127+0000] {dagbag.py:545} INFO - Filling up the DagBag from /opt/airflow/dags/data/models/Senegal/deaths_TS_model.pkl
[2024-08-17T10:14:19.142+0000] {processor.py:842} WARNING - No viable dags retrieved from /opt/airflow/dags/data/models/Senegal/deaths_TS_model.pkl
[2024-08-17T10:14:19.152+0000] {processor.py:183} INFO - Processing /opt/airflow/dags/data/models/Senegal/deaths_TS_model.pkl took 0.029 seconds
[2024-08-17T10:14:50.138+0000] {processor.py:161} INFO - Started process (PID=39052) to work on /opt/airflow/dags/data/models/Senegal/deaths_TS_model.pkl
[2024-08-17T10:14:50.139+0000] {processor.py:830} INFO - Processing file /opt/airflow/dags/data/models/Senegal/deaths_TS_model.pkl for tasks to queue
[2024-08-17T10:14:50.141+0000] {logging_mixin.py:188} INFO - [2024-08-17T10:14:50.141+0000] {dagbag.py:545} INFO - Filling up the DagBag from /opt/airflow/dags/data/models/Senegal/deaths_TS_model.pkl
[2024-08-17T10:14:50.153+0000] {processor.py:842} WARNING - No viable dags retrieved from /opt/airflow/dags/data/models/Senegal/deaths_TS_model.pkl
[2024-08-17T10:14:50.163+0000] {processor.py:183} INFO - Processing /opt/airflow/dags/data/models/Senegal/deaths_TS_model.pkl took 0.029 seconds
[2024-08-17T10:15:21.277+0000] {processor.py:161} INFO - Started process (PID=39722) to work on /opt/airflow/dags/data/models/Senegal/deaths_TS_model.pkl
[2024-08-17T10:15:21.278+0000] {processor.py:830} INFO - Processing file /opt/airflow/dags/data/models/Senegal/deaths_TS_model.pkl for tasks to queue
[2024-08-17T10:15:21.278+0000] {logging_mixin.py:188} INFO - [2024-08-17T10:15:21.278+0000] {dagbag.py:545} INFO - Filling up the DagBag from /opt/airflow/dags/data/models/Senegal/deaths_TS_model.pkl
[2024-08-17T10:15:21.291+0000] {processor.py:842} WARNING - No viable dags retrieved from /opt/airflow/dags/data/models/Senegal/deaths_TS_model.pkl
[2024-08-17T10:15:21.303+0000] {processor.py:183} INFO - Processing /opt/airflow/dags/data/models/Senegal/deaths_TS_model.pkl took 0.029 seconds
[2024-08-17T10:15:52.683+0000] {processor.py:161} INFO - Started process (PID=40370) to work on /opt/airflow/dags/data/models/Senegal/deaths_TS_model.pkl
[2024-08-17T10:15:52.684+0000] {processor.py:830} INFO - Processing file /opt/airflow/dags/data/models/Senegal/deaths_TS_model.pkl for tasks to queue
[2024-08-17T10:15:52.685+0000] {logging_mixin.py:188} INFO - [2024-08-17T10:15:52.684+0000] {dagbag.py:545} INFO - Filling up the DagBag from /opt/airflow/dags/data/models/Senegal/deaths_TS_model.pkl
[2024-08-17T10:15:52.699+0000] {processor.py:842} WARNING - No viable dags retrieved from /opt/airflow/dags/data/models/Senegal/deaths_TS_model.pkl
[2024-08-17T10:15:52.709+0000] {processor.py:183} INFO - Processing /opt/airflow/dags/data/models/Senegal/deaths_TS_model.pkl took 0.029 seconds
[2024-08-17T10:16:24.911+0000] {processor.py:161} INFO - Started process (PID=41049) to work on /opt/airflow/dags/data/models/Senegal/deaths_TS_model.pkl
[2024-08-17T10:16:24.912+0000] {processor.py:830} INFO - Processing file /opt/airflow/dags/data/models/Senegal/deaths_TS_model.pkl for tasks to queue
[2024-08-17T10:16:24.912+0000] {logging_mixin.py:188} INFO - [2024-08-17T10:16:24.912+0000] {dagbag.py:545} INFO - Filling up the DagBag from /opt/airflow/dags/data/models/Senegal/deaths_TS_model.pkl
[2024-08-17T10:16:24.923+0000] {processor.py:842} WARNING - No viable dags retrieved from /opt/airflow/dags/data/models/Senegal/deaths_TS_model.pkl
[2024-08-17T10:16:24.933+0000] {processor.py:183} INFO - Processing /opt/airflow/dags/data/models/Senegal/deaths_TS_model.pkl took 0.026 seconds
[2024-08-17T10:16:56.605+0000] {processor.py:161} INFO - Started process (PID=41742) to work on /opt/airflow/dags/data/models/Senegal/deaths_TS_model.pkl
[2024-08-17T10:16:56.606+0000] {processor.py:830} INFO - Processing file /opt/airflow/dags/data/models/Senegal/deaths_TS_model.pkl for tasks to queue
[2024-08-17T10:16:56.607+0000] {logging_mixin.py:188} INFO - [2024-08-17T10:16:56.606+0000] {dagbag.py:545} INFO - Filling up the DagBag from /opt/airflow/dags/data/models/Senegal/deaths_TS_model.pkl
[2024-08-17T10:16:56.632+0000] {processor.py:842} WARNING - No viable dags retrieved from /opt/airflow/dags/data/models/Senegal/deaths_TS_model.pkl
[2024-08-17T10:16:56.641+0000] {processor.py:183} INFO - Processing /opt/airflow/dags/data/models/Senegal/deaths_TS_model.pkl took 0.039 seconds
[2024-08-17T10:17:28.406+0000] {processor.py:161} INFO - Started process (PID=42408) to work on /opt/airflow/dags/data/models/Senegal/deaths_TS_model.pkl
[2024-08-17T10:17:28.407+0000] {processor.py:830} INFO - Processing file /opt/airflow/dags/data/models/Senegal/deaths_TS_model.pkl for tasks to queue
[2024-08-17T10:17:28.407+0000] {logging_mixin.py:188} INFO - [2024-08-17T10:17:28.407+0000] {dagbag.py:545} INFO - Filling up the DagBag from /opt/airflow/dags/data/models/Senegal/deaths_TS_model.pkl
[2024-08-17T10:17:28.416+0000] {processor.py:842} WARNING - No viable dags retrieved from /opt/airflow/dags/data/models/Senegal/deaths_TS_model.pkl
[2024-08-17T10:17:28.425+0000] {processor.py:183} INFO - Processing /opt/airflow/dags/data/models/Senegal/deaths_TS_model.pkl took 0.022 seconds
[2024-08-17T10:18:09.785+0000] {processor.py:161} INFO - Started process (PID=43149) to work on /opt/airflow/dags/data/models/Senegal/deaths_TS_model.pkl
[2024-08-17T10:18:09.786+0000] {processor.py:830} INFO - Processing file /opt/airflow/dags/data/models/Senegal/deaths_TS_model.pkl for tasks to queue
[2024-08-17T10:18:09.787+0000] {logging_mixin.py:188} INFO - [2024-08-17T10:18:09.786+0000] {dagbag.py:545} INFO - Filling up the DagBag from /opt/airflow/dags/data/models/Senegal/deaths_TS_model.pkl
[2024-08-17T10:18:09.800+0000] {processor.py:842} WARNING - No viable dags retrieved from /opt/airflow/dags/data/models/Senegal/deaths_TS_model.pkl
[2024-08-17T10:18:09.810+0000] {processor.py:183} INFO - Processing /opt/airflow/dags/data/models/Senegal/deaths_TS_model.pkl took 0.028 seconds
[2024-08-17T10:18:40.735+0000] {processor.py:161} INFO - Started process (PID=43776) to work on /opt/airflow/dags/data/models/Senegal/deaths_TS_model.pkl
[2024-08-17T10:18:40.736+0000] {processor.py:830} INFO - Processing file /opt/airflow/dags/data/models/Senegal/deaths_TS_model.pkl for tasks to queue
[2024-08-17T10:18:40.736+0000] {logging_mixin.py:188} INFO - [2024-08-17T10:18:40.736+0000] {dagbag.py:545} INFO - Filling up the DagBag from /opt/airflow/dags/data/models/Senegal/deaths_TS_model.pkl
[2024-08-17T10:18:40.744+0000] {processor.py:842} WARNING - No viable dags retrieved from /opt/airflow/dags/data/models/Senegal/deaths_TS_model.pkl
[2024-08-17T10:18:40.753+0000] {processor.py:183} INFO - Processing /opt/airflow/dags/data/models/Senegal/deaths_TS_model.pkl took 0.021 seconds
[2024-08-17T10:19:11.606+0000] {processor.py:161} INFO - Started process (PID=44450) to work on /opt/airflow/dags/data/models/Senegal/deaths_TS_model.pkl
[2024-08-17T10:19:11.607+0000] {processor.py:830} INFO - Processing file /opt/airflow/dags/data/models/Senegal/deaths_TS_model.pkl for tasks to queue
[2024-08-17T10:19:11.608+0000] {logging_mixin.py:188} INFO - [2024-08-17T10:19:11.607+0000] {dagbag.py:545} INFO - Filling up the DagBag from /opt/airflow/dags/data/models/Senegal/deaths_TS_model.pkl
[2024-08-17T10:19:11.621+0000] {processor.py:842} WARNING - No viable dags retrieved from /opt/airflow/dags/data/models/Senegal/deaths_TS_model.pkl
[2024-08-17T10:19:11.630+0000] {processor.py:183} INFO - Processing /opt/airflow/dags/data/models/Senegal/deaths_TS_model.pkl took 0.029 seconds
[2024-08-17T10:19:43.584+0000] {processor.py:161} INFO - Started process (PID=45179) to work on /opt/airflow/dags/data/models/Senegal/deaths_TS_model.pkl
[2024-08-17T10:19:43.585+0000] {processor.py:830} INFO - Processing file /opt/airflow/dags/data/models/Senegal/deaths_TS_model.pkl for tasks to queue
[2024-08-17T10:19:43.585+0000] {logging_mixin.py:188} INFO - [2024-08-17T10:19:43.585+0000] {dagbag.py:545} INFO - Filling up the DagBag from /opt/airflow/dags/data/models/Senegal/deaths_TS_model.pkl
[2024-08-17T10:19:43.594+0000] {processor.py:842} WARNING - No viable dags retrieved from /opt/airflow/dags/data/models/Senegal/deaths_TS_model.pkl
[2024-08-17T10:19:43.602+0000] {processor.py:183} INFO - Processing /opt/airflow/dags/data/models/Senegal/deaths_TS_model.pkl took 0.021 seconds
[2024-08-17T10:20:14.836+0000] {processor.py:161} INFO - Started process (PID=45873) to work on /opt/airflow/dags/data/models/Senegal/deaths_TS_model.pkl
[2024-08-17T10:20:14.836+0000] {processor.py:830} INFO - Processing file /opt/airflow/dags/data/models/Senegal/deaths_TS_model.pkl for tasks to queue
[2024-08-17T10:20:14.837+0000] {logging_mixin.py:188} INFO - [2024-08-17T10:20:14.837+0000] {dagbag.py:545} INFO - Filling up the DagBag from /opt/airflow/dags/data/models/Senegal/deaths_TS_model.pkl
[2024-08-17T10:20:14.845+0000] {processor.py:842} WARNING - No viable dags retrieved from /opt/airflow/dags/data/models/Senegal/deaths_TS_model.pkl
[2024-08-17T10:20:14.854+0000] {processor.py:183} INFO - Processing /opt/airflow/dags/data/models/Senegal/deaths_TS_model.pkl took 0.022 seconds
[2024-08-17T10:20:45.882+0000] {processor.py:161} INFO - Started process (PID=46614) to work on /opt/airflow/dags/data/models/Senegal/deaths_TS_model.pkl
[2024-08-17T10:20:45.883+0000] {processor.py:830} INFO - Processing file /opt/airflow/dags/data/models/Senegal/deaths_TS_model.pkl for tasks to queue
[2024-08-17T10:20:45.883+0000] {logging_mixin.py:188} INFO - [2024-08-17T10:20:45.883+0000] {dagbag.py:545} INFO - Filling up the DagBag from /opt/airflow/dags/data/models/Senegal/deaths_TS_model.pkl
[2024-08-17T10:20:45.897+0000] {processor.py:842} WARNING - No viable dags retrieved from /opt/airflow/dags/data/models/Senegal/deaths_TS_model.pkl
[2024-08-17T10:20:45.905+0000] {processor.py:183} INFO - Processing /opt/airflow/dags/data/models/Senegal/deaths_TS_model.pkl took 0.027 seconds
[2024-08-17T10:21:18.028+0000] {processor.py:161} INFO - Started process (PID=47357) to work on /opt/airflow/dags/data/models/Senegal/deaths_TS_model.pkl
[2024-08-17T10:21:18.028+0000] {processor.py:830} INFO - Processing file /opt/airflow/dags/data/models/Senegal/deaths_TS_model.pkl for tasks to queue
[2024-08-17T10:21:18.029+0000] {logging_mixin.py:188} INFO - [2024-08-17T10:21:18.029+0000] {dagbag.py:545} INFO - Filling up the DagBag from /opt/airflow/dags/data/models/Senegal/deaths_TS_model.pkl
[2024-08-17T10:21:18.038+0000] {processor.py:842} WARNING - No viable dags retrieved from /opt/airflow/dags/data/models/Senegal/deaths_TS_model.pkl
[2024-08-17T10:21:18.046+0000] {processor.py:183} INFO - Processing /opt/airflow/dags/data/models/Senegal/deaths_TS_model.pkl took 0.022 seconds
[2024-08-17T11:58:05.483+0000] {processor.py:161} INFO - Started process (PID=10451) to work on /opt/airflow/dags/data/models/Senegal/deaths_TS_model.pkl
[2024-08-17T11:58:05.484+0000] {processor.py:830} INFO - Processing file /opt/airflow/dags/data/models/Senegal/deaths_TS_model.pkl for tasks to queue
[2024-08-17T11:58:05.486+0000] {logging_mixin.py:188} INFO - [2024-08-17T11:58:05.485+0000] {dagbag.py:545} INFO - Filling up the DagBag from /opt/airflow/dags/data/models/Senegal/deaths_TS_model.pkl
[2024-08-17T11:58:05.507+0000] {processor.py:842} WARNING - No viable dags retrieved from /opt/airflow/dags/data/models/Senegal/deaths_TS_model.pkl
[2024-08-17T11:58:05.526+0000] {processor.py:183} INFO - Processing /opt/airflow/dags/data/models/Senegal/deaths_TS_model.pkl took 0.051 seconds
[2024-08-17T11:58:42.974+0000] {processor.py:161} INFO - Started process (PID=11028) to work on /opt/airflow/dags/data/models/Senegal/deaths_TS_model.pkl
[2024-08-17T11:58:42.976+0000] {processor.py:830} INFO - Processing file /opt/airflow/dags/data/models/Senegal/deaths_TS_model.pkl for tasks to queue
[2024-08-17T11:58:42.977+0000] {logging_mixin.py:188} INFO - [2024-08-17T11:58:42.977+0000] {dagbag.py:545} INFO - Filling up the DagBag from /opt/airflow/dags/data/models/Senegal/deaths_TS_model.pkl
[2024-08-17T11:58:42.995+0000] {processor.py:842} WARNING - No viable dags retrieved from /opt/airflow/dags/data/models/Senegal/deaths_TS_model.pkl
[2024-08-17T11:58:43.013+0000] {processor.py:183} INFO - Processing /opt/airflow/dags/data/models/Senegal/deaths_TS_model.pkl took 0.046 seconds
[2024-08-17T11:59:24.030+0000] {processor.py:161} INFO - Started process (PID=11655) to work on /opt/airflow/dags/data/models/Senegal/deaths_TS_model.pkl
[2024-08-17T11:59:24.031+0000] {processor.py:830} INFO - Processing file /opt/airflow/dags/data/models/Senegal/deaths_TS_model.pkl for tasks to queue
[2024-08-17T11:59:24.033+0000] {logging_mixin.py:188} INFO - [2024-08-17T11:59:24.033+0000] {dagbag.py:545} INFO - Filling up the DagBag from /opt/airflow/dags/data/models/Senegal/deaths_TS_model.pkl
[2024-08-17T11:59:24.055+0000] {processor.py:842} WARNING - No viable dags retrieved from /opt/airflow/dags/data/models/Senegal/deaths_TS_model.pkl
[2024-08-17T11:59:24.074+0000] {processor.py:183} INFO - Processing /opt/airflow/dags/data/models/Senegal/deaths_TS_model.pkl took 0.051 seconds
[2024-08-17T12:00:01.229+0000] {processor.py:161} INFO - Started process (PID=12213) to work on /opt/airflow/dags/data/models/Senegal/deaths_TS_model.pkl
[2024-08-17T12:00:01.230+0000] {processor.py:830} INFO - Processing file /opt/airflow/dags/data/models/Senegal/deaths_TS_model.pkl for tasks to queue
[2024-08-17T12:00:01.231+0000] {logging_mixin.py:188} INFO - [2024-08-17T12:00:01.231+0000] {dagbag.py:545} INFO - Filling up the DagBag from /opt/airflow/dags/data/models/Senegal/deaths_TS_model.pkl
[2024-08-17T12:00:01.252+0000] {processor.py:842} WARNING - No viable dags retrieved from /opt/airflow/dags/data/models/Senegal/deaths_TS_model.pkl
[2024-08-17T12:00:01.272+0000] {processor.py:183} INFO - Processing /opt/airflow/dags/data/models/Senegal/deaths_TS_model.pkl took 0.050 seconds
[2024-08-17T12:00:38.706+0000] {processor.py:161} INFO - Started process (PID=12826) to work on /opt/airflow/dags/data/models/Senegal/deaths_TS_model.pkl
[2024-08-17T12:00:38.707+0000] {processor.py:830} INFO - Processing file /opt/airflow/dags/data/models/Senegal/deaths_TS_model.pkl for tasks to queue
[2024-08-17T12:00:38.710+0000] {logging_mixin.py:188} INFO - [2024-08-17T12:00:38.710+0000] {dagbag.py:545} INFO - Filling up the DagBag from /opt/airflow/dags/data/models/Senegal/deaths_TS_model.pkl
[2024-08-17T12:00:38.737+0000] {processor.py:842} WARNING - No viable dags retrieved from /opt/airflow/dags/data/models/Senegal/deaths_TS_model.pkl
[2024-08-17T12:00:38.758+0000] {processor.py:183} INFO - Processing /opt/airflow/dags/data/models/Senegal/deaths_TS_model.pkl took 0.061 seconds
[2024-08-17T12:01:14.902+0000] {processor.py:161} INFO - Started process (PID=13371) to work on /opt/airflow/dags/data/models/Senegal/deaths_TS_model.pkl
[2024-08-17T12:01:14.903+0000] {processor.py:830} INFO - Processing file /opt/airflow/dags/data/models/Senegal/deaths_TS_model.pkl for tasks to queue
[2024-08-17T12:01:14.904+0000] {logging_mixin.py:188} INFO - [2024-08-17T12:01:14.904+0000] {dagbag.py:545} INFO - Filling up the DagBag from /opt/airflow/dags/data/models/Senegal/deaths_TS_model.pkl
[2024-08-17T12:01:14.919+0000] {processor.py:842} WARNING - No viable dags retrieved from /opt/airflow/dags/data/models/Senegal/deaths_TS_model.pkl
[2024-08-17T12:01:14.938+0000] {processor.py:183} INFO - Processing /opt/airflow/dags/data/models/Senegal/deaths_TS_model.pkl took 0.043 seconds
[2024-08-17T12:01:50.490+0000] {processor.py:161} INFO - Started process (PID=13928) to work on /opt/airflow/dags/data/models/Senegal/deaths_TS_model.pkl
[2024-08-17T12:01:50.492+0000] {processor.py:830} INFO - Processing file /opt/airflow/dags/data/models/Senegal/deaths_TS_model.pkl for tasks to queue
[2024-08-17T12:01:50.493+0000] {logging_mixin.py:188} INFO - [2024-08-17T12:01:50.493+0000] {dagbag.py:545} INFO - Filling up the DagBag from /opt/airflow/dags/data/models/Senegal/deaths_TS_model.pkl
[2024-08-17T12:01:50.512+0000] {processor.py:842} WARNING - No viable dags retrieved from /opt/airflow/dags/data/models/Senegal/deaths_TS_model.pkl
[2024-08-17T12:01:50.531+0000] {processor.py:183} INFO - Processing /opt/airflow/dags/data/models/Senegal/deaths_TS_model.pkl took 0.048 seconds
[2024-08-17T12:02:00.640+0000] {processor.py:161} INFO - Started process (PID=14101) to work on /opt/airflow/dags/data/models/Senegal/deaths_TS_model.pkl
[2024-08-17T12:02:00.642+0000] {processor.py:830} INFO - Processing file /opt/airflow/dags/data/models/Senegal/deaths_TS_model.pkl for tasks to queue
[2024-08-17T12:02:00.643+0000] {logging_mixin.py:188} INFO - [2024-08-17T12:02:00.643+0000] {dagbag.py:545} INFO - Filling up the DagBag from /opt/airflow/dags/data/models/Senegal/deaths_TS_model.pkl
[2024-08-17T12:02:00.668+0000] {processor.py:842} WARNING - No viable dags retrieved from /opt/airflow/dags/data/models/Senegal/deaths_TS_model.pkl
[2024-08-17T12:02:00.687+0000] {processor.py:183} INFO - Processing /opt/airflow/dags/data/models/Senegal/deaths_TS_model.pkl took 0.055 seconds
[2024-08-17T12:02:34.621+0000] {processor.py:161} INFO - Started process (PID=14572) to work on /opt/airflow/dags/data/models/Senegal/deaths_TS_model.pkl
[2024-08-17T12:02:34.622+0000] {processor.py:830} INFO - Processing file /opt/airflow/dags/data/models/Senegal/deaths_TS_model.pkl for tasks to queue
[2024-08-17T12:02:34.623+0000] {logging_mixin.py:188} INFO - [2024-08-17T12:02:34.623+0000] {dagbag.py:545} INFO - Filling up the DagBag from /opt/airflow/dags/data/models/Senegal/deaths_TS_model.pkl
[2024-08-17T12:02:34.659+0000] {processor.py:842} WARNING - No viable dags retrieved from /opt/airflow/dags/data/models/Senegal/deaths_TS_model.pkl
[2024-08-17T12:02:34.677+0000] {processor.py:183} INFO - Processing /opt/airflow/dags/data/models/Senegal/deaths_TS_model.pkl took 0.064 seconds
[2024-08-17T12:03:10.097+0000] {processor.py:161} INFO - Started process (PID=14859) to work on /opt/airflow/dags/data/models/Senegal/deaths_TS_model.pkl
[2024-08-17T12:03:10.098+0000] {processor.py:830} INFO - Processing file /opt/airflow/dags/data/models/Senegal/deaths_TS_model.pkl for tasks to queue
[2024-08-17T12:03:10.099+0000] {logging_mixin.py:188} INFO - [2024-08-17T12:03:10.099+0000] {dagbag.py:545} INFO - Filling up the DagBag from /opt/airflow/dags/data/models/Senegal/deaths_TS_model.pkl
[2024-08-17T12:03:10.119+0000] {processor.py:842} WARNING - No viable dags retrieved from /opt/airflow/dags/data/models/Senegal/deaths_TS_model.pkl
[2024-08-17T12:03:10.134+0000] {processor.py:183} INFO - Processing /opt/airflow/dags/data/models/Senegal/deaths_TS_model.pkl took 0.042 seconds
[2024-08-17T12:03:51.733+0000] {processor.py:161} INFO - Started process (PID=15527) to work on /opt/airflow/dags/data/models/Senegal/deaths_TS_model.pkl
[2024-08-17T12:03:51.734+0000] {processor.py:830} INFO - Processing file /opt/airflow/dags/data/models/Senegal/deaths_TS_model.pkl for tasks to queue
[2024-08-17T12:03:51.736+0000] {logging_mixin.py:188} INFO - [2024-08-17T12:03:51.736+0000] {dagbag.py:545} INFO - Filling up the DagBag from /opt/airflow/dags/data/models/Senegal/deaths_TS_model.pkl
[2024-08-17T12:03:51.751+0000] {processor.py:842} WARNING - No viable dags retrieved from /opt/airflow/dags/data/models/Senegal/deaths_TS_model.pkl
[2024-08-17T12:03:51.769+0000] {processor.py:183} INFO - Processing /opt/airflow/dags/data/models/Senegal/deaths_TS_model.pkl took 0.043 seconds
[2024-08-17T12:04:34.270+0000] {processor.py:161} INFO - Started process (PID=16124) to work on /opt/airflow/dags/data/models/Senegal/deaths_TS_model.pkl
[2024-08-17T12:04:34.272+0000] {processor.py:830} INFO - Processing file /opt/airflow/dags/data/models/Senegal/deaths_TS_model.pkl for tasks to queue
[2024-08-17T12:04:34.273+0000] {logging_mixin.py:188} INFO - [2024-08-17T12:04:34.272+0000] {dagbag.py:545} INFO - Filling up the DagBag from /opt/airflow/dags/data/models/Senegal/deaths_TS_model.pkl
[2024-08-17T12:04:34.294+0000] {processor.py:842} WARNING - No viable dags retrieved from /opt/airflow/dags/data/models/Senegal/deaths_TS_model.pkl
[2024-08-17T12:04:34.313+0000] {processor.py:183} INFO - Processing /opt/airflow/dags/data/models/Senegal/deaths_TS_model.pkl took 0.049 seconds
[2024-08-17T12:04:46.678+0000] {processor.py:161} INFO - Started process (PID=16337) to work on /opt/airflow/dags/data/models/Senegal/deaths_TS_model.pkl
[2024-08-17T12:04:46.680+0000] {processor.py:830} INFO - Processing file /opt/airflow/dags/data/models/Senegal/deaths_TS_model.pkl for tasks to queue
[2024-08-17T12:04:46.681+0000] {logging_mixin.py:188} INFO - [2024-08-17T12:04:46.681+0000] {dagbag.py:545} INFO - Filling up the DagBag from /opt/airflow/dags/data/models/Senegal/deaths_TS_model.pkl
[2024-08-17T12:04:46.699+0000] {processor.py:842} WARNING - No viable dags retrieved from /opt/airflow/dags/data/models/Senegal/deaths_TS_model.pkl
[2024-08-17T12:04:46.715+0000] {processor.py:183} INFO - Processing /opt/airflow/dags/data/models/Senegal/deaths_TS_model.pkl took 0.044 seconds
[2024-08-17T12:05:27.609+0000] {processor.py:161} INFO - Started process (PID=16927) to work on /opt/airflow/dags/data/models/Senegal/deaths_TS_model.pkl
[2024-08-17T12:05:27.611+0000] {processor.py:830} INFO - Processing file /opt/airflow/dags/data/models/Senegal/deaths_TS_model.pkl for tasks to queue
[2024-08-17T12:05:27.612+0000] {logging_mixin.py:188} INFO - [2024-08-17T12:05:27.611+0000] {dagbag.py:545} INFO - Filling up the DagBag from /opt/airflow/dags/data/models/Senegal/deaths_TS_model.pkl
[2024-08-17T12:05:27.632+0000] {processor.py:842} WARNING - No viable dags retrieved from /opt/airflow/dags/data/models/Senegal/deaths_TS_model.pkl
[2024-08-17T12:05:27.651+0000] {processor.py:183} INFO - Processing /opt/airflow/dags/data/models/Senegal/deaths_TS_model.pkl took 0.048 seconds
[2024-08-17T12:06:06.638+0000] {processor.py:161} INFO - Started process (PID=17521) to work on /opt/airflow/dags/data/models/Senegal/deaths_TS_model.pkl
[2024-08-17T12:06:06.639+0000] {processor.py:830} INFO - Processing file /opt/airflow/dags/data/models/Senegal/deaths_TS_model.pkl for tasks to queue
[2024-08-17T12:06:06.641+0000] {logging_mixin.py:188} INFO - [2024-08-17T12:06:06.640+0000] {dagbag.py:545} INFO - Filling up the DagBag from /opt/airflow/dags/data/models/Senegal/deaths_TS_model.pkl
[2024-08-17T12:06:06.666+0000] {processor.py:842} WARNING - No viable dags retrieved from /opt/airflow/dags/data/models/Senegal/deaths_TS_model.pkl
[2024-08-17T12:06:06.683+0000] {processor.py:183} INFO - Processing /opt/airflow/dags/data/models/Senegal/deaths_TS_model.pkl took 0.051 seconds
[2024-08-17T12:06:45.075+0000] {processor.py:161} INFO - Started process (PID=18145) to work on /opt/airflow/dags/data/models/Senegal/deaths_TS_model.pkl
[2024-08-17T12:06:45.076+0000] {processor.py:830} INFO - Processing file /opt/airflow/dags/data/models/Senegal/deaths_TS_model.pkl for tasks to queue
[2024-08-17T12:06:45.077+0000] {logging_mixin.py:188} INFO - [2024-08-17T12:06:45.077+0000] {dagbag.py:545} INFO - Filling up the DagBag from /opt/airflow/dags/data/models/Senegal/deaths_TS_model.pkl
[2024-08-17T12:06:45.107+0000] {processor.py:842} WARNING - No viable dags retrieved from /opt/airflow/dags/data/models/Senegal/deaths_TS_model.pkl
[2024-08-17T12:06:45.133+0000] {processor.py:183} INFO - Processing /opt/airflow/dags/data/models/Senegal/deaths_TS_model.pkl took 0.065 seconds
[2024-08-17T12:07:19.208+0000] {processor.py:161} INFO - Started process (PID=18632) to work on /opt/airflow/dags/data/models/Senegal/deaths_TS_model.pkl
[2024-08-17T12:07:19.209+0000] {processor.py:830} INFO - Processing file /opt/airflow/dags/data/models/Senegal/deaths_TS_model.pkl for tasks to queue
[2024-08-17T12:07:19.211+0000] {logging_mixin.py:188} INFO - [2024-08-17T12:07:19.211+0000] {dagbag.py:545} INFO - Filling up the DagBag from /opt/airflow/dags/data/models/Senegal/deaths_TS_model.pkl
[2024-08-17T12:07:19.231+0000] {processor.py:842} WARNING - No viable dags retrieved from /opt/airflow/dags/data/models/Senegal/deaths_TS_model.pkl
[2024-08-17T12:07:19.252+0000] {processor.py:183} INFO - Processing /opt/airflow/dags/data/models/Senegal/deaths_TS_model.pkl took 0.052 seconds
[2024-08-17T12:08:32.099+0000] {processor.py:161} INFO - Started process (PID=19383) to work on /opt/airflow/dags/data/models/Senegal/deaths_TS_model.pkl
[2024-08-17T12:08:32.101+0000] {processor.py:830} INFO - Processing file /opt/airflow/dags/data/models/Senegal/deaths_TS_model.pkl for tasks to queue
[2024-08-17T12:08:32.103+0000] {logging_mixin.py:188} INFO - [2024-08-17T12:08:32.101+0000] {dagbag.py:545} INFO - Filling up the DagBag from /opt/airflow/dags/data/models/Senegal/deaths_TS_model.pkl
[2024-08-17T12:08:32.126+0000] {processor.py:842} WARNING - No viable dags retrieved from /opt/airflow/dags/data/models/Senegal/deaths_TS_model.pkl
[2024-08-17T12:08:32.145+0000] {processor.py:183} INFO - Processing /opt/airflow/dags/data/models/Senegal/deaths_TS_model.pkl took 0.054 seconds
[2024-08-17T12:09:19.697+0000] {processor.py:161} INFO - Started process (PID=20050) to work on /opt/airflow/dags/data/models/Senegal/deaths_TS_model.pkl
[2024-08-17T12:09:19.700+0000] {processor.py:830} INFO - Processing file /opt/airflow/dags/data/models/Senegal/deaths_TS_model.pkl for tasks to queue
[2024-08-17T12:09:19.701+0000] {logging_mixin.py:188} INFO - [2024-08-17T12:09:19.701+0000] {dagbag.py:545} INFO - Filling up the DagBag from /opt/airflow/dags/data/models/Senegal/deaths_TS_model.pkl
[2024-08-17T12:09:19.717+0000] {processor.py:842} WARNING - No viable dags retrieved from /opt/airflow/dags/data/models/Senegal/deaths_TS_model.pkl
[2024-08-17T12:09:19.735+0000] {processor.py:183} INFO - Processing /opt/airflow/dags/data/models/Senegal/deaths_TS_model.pkl took 0.045 seconds
[2024-08-17T12:10:02.009+0000] {processor.py:161} INFO - Started process (PID=20694) to work on /opt/airflow/dags/data/models/Senegal/deaths_TS_model.pkl
[2024-08-17T12:10:02.011+0000] {processor.py:830} INFO - Processing file /opt/airflow/dags/data/models/Senegal/deaths_TS_model.pkl for tasks to queue
[2024-08-17T12:10:02.012+0000] {logging_mixin.py:188} INFO - [2024-08-17T12:10:02.012+0000] {dagbag.py:545} INFO - Filling up the DagBag from /opt/airflow/dags/data/models/Senegal/deaths_TS_model.pkl
[2024-08-17T12:10:02.032+0000] {processor.py:842} WARNING - No viable dags retrieved from /opt/airflow/dags/data/models/Senegal/deaths_TS_model.pkl
[2024-08-17T12:10:02.050+0000] {processor.py:183} INFO - Processing /opt/airflow/dags/data/models/Senegal/deaths_TS_model.pkl took 0.047 seconds
[2024-08-17T12:10:33.104+0000] {processor.py:161} INFO - Started process (PID=21167) to work on /opt/airflow/dags/data/models/Senegal/deaths_TS_model.pkl
[2024-08-17T12:10:33.105+0000] {processor.py:830} INFO - Processing file /opt/airflow/dags/data/models/Senegal/deaths_TS_model.pkl for tasks to queue
[2024-08-17T12:10:33.106+0000] {logging_mixin.py:188} INFO - [2024-08-17T12:10:33.106+0000] {dagbag.py:545} INFO - Filling up the DagBag from /opt/airflow/dags/data/models/Senegal/deaths_TS_model.pkl
[2024-08-17T12:10:33.128+0000] {processor.py:842} WARNING - No viable dags retrieved from /opt/airflow/dags/data/models/Senegal/deaths_TS_model.pkl
[2024-08-17T12:10:33.147+0000] {processor.py:183} INFO - Processing /opt/airflow/dags/data/models/Senegal/deaths_TS_model.pkl took 0.051 seconds
[2024-08-17T12:11:11.596+0000] {processor.py:161} INFO - Started process (PID=21697) to work on /opt/airflow/dags/data/models/Senegal/deaths_TS_model.pkl
[2024-08-17T12:11:11.598+0000] {processor.py:830} INFO - Processing file /opt/airflow/dags/data/models/Senegal/deaths_TS_model.pkl for tasks to queue
[2024-08-17T12:11:11.599+0000] {logging_mixin.py:188} INFO - [2024-08-17T12:11:11.599+0000] {dagbag.py:545} INFO - Filling up the DagBag from /opt/airflow/dags/data/models/Senegal/deaths_TS_model.pkl
[2024-08-17T12:11:11.614+0000] {processor.py:842} WARNING - No viable dags retrieved from /opt/airflow/dags/data/models/Senegal/deaths_TS_model.pkl
[2024-08-17T12:11:11.632+0000] {processor.py:183} INFO - Processing /opt/airflow/dags/data/models/Senegal/deaths_TS_model.pkl took 0.045 seconds
[2024-08-17T12:11:46.761+0000] {processor.py:161} INFO - Started process (PID=22258) to work on /opt/airflow/dags/data/models/Senegal/deaths_TS_model.pkl
[2024-08-17T12:11:46.762+0000] {processor.py:830} INFO - Processing file /opt/airflow/dags/data/models/Senegal/deaths_TS_model.pkl for tasks to queue
[2024-08-17T12:11:46.764+0000] {logging_mixin.py:188} INFO - [2024-08-17T12:11:46.763+0000] {dagbag.py:545} INFO - Filling up the DagBag from /opt/airflow/dags/data/models/Senegal/deaths_TS_model.pkl
[2024-08-17T12:11:46.784+0000] {processor.py:842} WARNING - No viable dags retrieved from /opt/airflow/dags/data/models/Senegal/deaths_TS_model.pkl
[2024-08-17T12:11:46.802+0000] {processor.py:183} INFO - Processing /opt/airflow/dags/data/models/Senegal/deaths_TS_model.pkl took 0.049 seconds
[2024-08-17T12:12:22.493+0000] {processor.py:161} INFO - Started process (PID=22761) to work on /opt/airflow/dags/data/models/Senegal/deaths_TS_model.pkl
[2024-08-17T12:12:22.494+0000] {processor.py:830} INFO - Processing file /opt/airflow/dags/data/models/Senegal/deaths_TS_model.pkl for tasks to queue
[2024-08-17T12:12:22.496+0000] {logging_mixin.py:188} INFO - [2024-08-17T12:12:22.495+0000] {dagbag.py:545} INFO - Filling up the DagBag from /opt/airflow/dags/data/models/Senegal/deaths_TS_model.pkl
[2024-08-17T12:12:22.512+0000] {processor.py:842} WARNING - No viable dags retrieved from /opt/airflow/dags/data/models/Senegal/deaths_TS_model.pkl
[2024-08-17T12:12:22.527+0000] {processor.py:183} INFO - Processing /opt/airflow/dags/data/models/Senegal/deaths_TS_model.pkl took 0.046 seconds
[2024-08-17T12:13:22.720+0000] {processor.py:161} INFO - Started process (PID=23335) to work on /opt/airflow/dags/data/models/Senegal/deaths_TS_model.pkl
[2024-08-17T12:13:22.721+0000] {processor.py:830} INFO - Processing file /opt/airflow/dags/data/models/Senegal/deaths_TS_model.pkl for tasks to queue
[2024-08-17T12:13:22.723+0000] {logging_mixin.py:188} INFO - [2024-08-17T12:13:22.722+0000] {dagbag.py:545} INFO - Filling up the DagBag from /opt/airflow/dags/data/models/Senegal/deaths_TS_model.pkl
[2024-08-17T12:13:22.742+0000] {processor.py:842} WARNING - No viable dags retrieved from /opt/airflow/dags/data/models/Senegal/deaths_TS_model.pkl
[2024-08-17T12:13:22.764+0000] {processor.py:183} INFO - Processing /opt/airflow/dags/data/models/Senegal/deaths_TS_model.pkl took 0.053 seconds
[2024-08-17T12:14:09.567+0000] {processor.py:161} INFO - Started process (PID=24061) to work on /opt/airflow/dags/data/models/Senegal/deaths_TS_model.pkl
[2024-08-17T12:14:09.568+0000] {processor.py:830} INFO - Processing file /opt/airflow/dags/data/models/Senegal/deaths_TS_model.pkl for tasks to queue
[2024-08-17T12:14:09.570+0000] {logging_mixin.py:188} INFO - [2024-08-17T12:14:09.569+0000] {dagbag.py:545} INFO - Filling up the DagBag from /opt/airflow/dags/data/models/Senegal/deaths_TS_model.pkl
[2024-08-17T12:14:09.589+0000] {processor.py:842} WARNING - No viable dags retrieved from /opt/airflow/dags/data/models/Senegal/deaths_TS_model.pkl
[2024-08-17T12:14:09.610+0000] {processor.py:183} INFO - Processing /opt/airflow/dags/data/models/Senegal/deaths_TS_model.pkl took 0.052 seconds
[2024-08-17T12:14:53.908+0000] {processor.py:161} INFO - Started process (PID=24711) to work on /opt/airflow/dags/data/models/Senegal/deaths_TS_model.pkl
[2024-08-17T12:14:53.909+0000] {processor.py:830} INFO - Processing file /opt/airflow/dags/data/models/Senegal/deaths_TS_model.pkl for tasks to queue
[2024-08-17T12:14:53.911+0000] {logging_mixin.py:188} INFO - [2024-08-17T12:14:53.911+0000] {dagbag.py:545} INFO - Filling up the DagBag from /opt/airflow/dags/data/models/Senegal/deaths_TS_model.pkl
[2024-08-17T12:14:53.941+0000] {processor.py:842} WARNING - No viable dags retrieved from /opt/airflow/dags/data/models/Senegal/deaths_TS_model.pkl
[2024-08-17T12:14:53.964+0000] {processor.py:183} INFO - Processing /opt/airflow/dags/data/models/Senegal/deaths_TS_model.pkl took 0.066 seconds
[2024-08-17T12:15:38.344+0000] {processor.py:161} INFO - Started process (PID=25307) to work on /opt/airflow/dags/data/models/Senegal/deaths_TS_model.pkl
[2024-08-17T12:15:38.345+0000] {processor.py:830} INFO - Processing file /opt/airflow/dags/data/models/Senegal/deaths_TS_model.pkl for tasks to queue
[2024-08-17T12:15:38.346+0000] {logging_mixin.py:188} INFO - [2024-08-17T12:15:38.346+0000] {dagbag.py:545} INFO - Filling up the DagBag from /opt/airflow/dags/data/models/Senegal/deaths_TS_model.pkl
[2024-08-17T12:15:38.367+0000] {processor.py:842} WARNING - No viable dags retrieved from /opt/airflow/dags/data/models/Senegal/deaths_TS_model.pkl
[2024-08-17T12:15:38.388+0000] {processor.py:183} INFO - Processing /opt/airflow/dags/data/models/Senegal/deaths_TS_model.pkl took 0.051 seconds
[2024-08-17T12:16:14.867+0000] {processor.py:161} INFO - Started process (PID=25845) to work on /opt/airflow/dags/data/models/Senegal/deaths_TS_model.pkl
[2024-08-17T12:16:14.868+0000] {processor.py:830} INFO - Processing file /opt/airflow/dags/data/models/Senegal/deaths_TS_model.pkl for tasks to queue
[2024-08-17T12:16:14.870+0000] {logging_mixin.py:188} INFO - [2024-08-17T12:16:14.870+0000] {dagbag.py:545} INFO - Filling up the DagBag from /opt/airflow/dags/data/models/Senegal/deaths_TS_model.pkl
[2024-08-17T12:16:14.888+0000] {processor.py:842} WARNING - No viable dags retrieved from /opt/airflow/dags/data/models/Senegal/deaths_TS_model.pkl
[2024-08-17T12:16:14.909+0000] {processor.py:183} INFO - Processing /opt/airflow/dags/data/models/Senegal/deaths_TS_model.pkl took 0.050 seconds
[2024-08-17T12:16:54.785+0000] {processor.py:161} INFO - Started process (PID=26407) to work on /opt/airflow/dags/data/models/Senegal/deaths_TS_model.pkl
[2024-08-17T12:16:54.787+0000] {processor.py:830} INFO - Processing file /opt/airflow/dags/data/models/Senegal/deaths_TS_model.pkl for tasks to queue
[2024-08-17T12:16:54.788+0000] {logging_mixin.py:188} INFO - [2024-08-17T12:16:54.788+0000] {dagbag.py:545} INFO - Filling up the DagBag from /opt/airflow/dags/data/models/Senegal/deaths_TS_model.pkl
[2024-08-17T12:16:54.817+0000] {processor.py:842} WARNING - No viable dags retrieved from /opt/airflow/dags/data/models/Senegal/deaths_TS_model.pkl
[2024-08-17T12:16:54.837+0000] {processor.py:183} INFO - Processing /opt/airflow/dags/data/models/Senegal/deaths_TS_model.pkl took 0.059 seconds
[2024-08-17T12:17:33.058+0000] {processor.py:161} INFO - Started process (PID=26967) to work on /opt/airflow/dags/data/models/Senegal/deaths_TS_model.pkl
[2024-08-17T12:17:33.060+0000] {processor.py:830} INFO - Processing file /opt/airflow/dags/data/models/Senegal/deaths_TS_model.pkl for tasks to queue
[2024-08-17T12:17:33.061+0000] {logging_mixin.py:188} INFO - [2024-08-17T12:17:33.061+0000] {dagbag.py:545} INFO - Filling up the DagBag from /opt/airflow/dags/data/models/Senegal/deaths_TS_model.pkl
[2024-08-17T12:17:33.083+0000] {processor.py:842} WARNING - No viable dags retrieved from /opt/airflow/dags/data/models/Senegal/deaths_TS_model.pkl
[2024-08-17T12:17:33.100+0000] {processor.py:183} INFO - Processing /opt/airflow/dags/data/models/Senegal/deaths_TS_model.pkl took 0.049 seconds
[2024-08-17T12:18:45.012+0000] {processor.py:161} INFO - Started process (PID=27580) to work on /opt/airflow/dags/data/models/Senegal/deaths_TS_model.pkl
[2024-08-17T12:18:45.013+0000] {processor.py:830} INFO - Processing file /opt/airflow/dags/data/models/Senegal/deaths_TS_model.pkl for tasks to queue
[2024-08-17T12:18:45.015+0000] {logging_mixin.py:188} INFO - [2024-08-17T12:18:45.014+0000] {dagbag.py:545} INFO - Filling up the DagBag from /opt/airflow/dags/data/models/Senegal/deaths_TS_model.pkl
[2024-08-17T12:18:45.055+0000] {processor.py:842} WARNING - No viable dags retrieved from /opt/airflow/dags/data/models/Senegal/deaths_TS_model.pkl
[2024-08-17T12:18:45.077+0000] {processor.py:183} INFO - Processing /opt/airflow/dags/data/models/Senegal/deaths_TS_model.pkl took 0.073 seconds
[2024-08-17T12:19:36.933+0000] {processor.py:161} INFO - Started process (PID=28337) to work on /opt/airflow/dags/data/models/Senegal/deaths_TS_model.pkl
[2024-08-17T12:19:36.934+0000] {processor.py:830} INFO - Processing file /opt/airflow/dags/data/models/Senegal/deaths_TS_model.pkl for tasks to queue
[2024-08-17T12:19:36.935+0000] {logging_mixin.py:188} INFO - [2024-08-17T12:19:36.935+0000] {dagbag.py:545} INFO - Filling up the DagBag from /opt/airflow/dags/data/models/Senegal/deaths_TS_model.pkl
[2024-08-17T12:19:36.953+0000] {processor.py:842} WARNING - No viable dags retrieved from /opt/airflow/dags/data/models/Senegal/deaths_TS_model.pkl
[2024-08-17T12:19:36.972+0000] {processor.py:183} INFO - Processing /opt/airflow/dags/data/models/Senegal/deaths_TS_model.pkl took 0.047 seconds
[2024-08-17T12:20:21.601+0000] {processor.py:161} INFO - Started process (PID=28995) to work on /opt/airflow/dags/data/models/Senegal/deaths_TS_model.pkl
[2024-08-17T12:20:21.603+0000] {processor.py:830} INFO - Processing file /opt/airflow/dags/data/models/Senegal/deaths_TS_model.pkl for tasks to queue
[2024-08-17T12:20:21.604+0000] {logging_mixin.py:188} INFO - [2024-08-17T12:20:21.604+0000] {dagbag.py:545} INFO - Filling up the DagBag from /opt/airflow/dags/data/models/Senegal/deaths_TS_model.pkl
[2024-08-17T12:20:21.626+0000] {processor.py:842} WARNING - No viable dags retrieved from /opt/airflow/dags/data/models/Senegal/deaths_TS_model.pkl
[2024-08-17T12:20:21.652+0000] {processor.py:183} INFO - Processing /opt/airflow/dags/data/models/Senegal/deaths_TS_model.pkl took 0.060 seconds
[2024-08-17T12:21:23.138+0000] {processor.py:161} INFO - Started process (PID=29776) to work on /opt/airflow/dags/data/models/Senegal/deaths_TS_model.pkl
[2024-08-17T12:21:23.140+0000] {processor.py:830} INFO - Processing file /opt/airflow/dags/data/models/Senegal/deaths_TS_model.pkl for tasks to queue
[2024-08-17T12:21:23.142+0000] {logging_mixin.py:188} INFO - [2024-08-17T12:21:23.141+0000] {dagbag.py:545} INFO - Filling up the DagBag from /opt/airflow/dags/data/models/Senegal/deaths_TS_model.pkl
[2024-08-17T12:21:23.159+0000] {processor.py:842} WARNING - No viable dags retrieved from /opt/airflow/dags/data/models/Senegal/deaths_TS_model.pkl
[2024-08-17T12:21:23.177+0000] {processor.py:183} INFO - Processing /opt/airflow/dags/data/models/Senegal/deaths_TS_model.pkl took 0.046 seconds
[2024-08-17T12:22:17.273+0000] {processor.py:161} INFO - Started process (PID=30596) to work on /opt/airflow/dags/data/models/Senegal/deaths_TS_model.pkl
[2024-08-17T12:22:17.274+0000] {processor.py:830} INFO - Processing file /opt/airflow/dags/data/models/Senegal/deaths_TS_model.pkl for tasks to queue
[2024-08-17T12:22:17.276+0000] {logging_mixin.py:188} INFO - [2024-08-17T12:22:17.275+0000] {dagbag.py:545} INFO - Filling up the DagBag from /opt/airflow/dags/data/models/Senegal/deaths_TS_model.pkl
[2024-08-17T12:22:17.301+0000] {processor.py:842} WARNING - No viable dags retrieved from /opt/airflow/dags/data/models/Senegal/deaths_TS_model.pkl
[2024-08-17T12:22:17.326+0000] {processor.py:183} INFO - Processing /opt/airflow/dags/data/models/Senegal/deaths_TS_model.pkl took 0.062 seconds
[2024-08-17T12:23:24.710+0000] {processor.py:161} INFO - Started process (PID=31282) to work on /opt/airflow/dags/data/models/Senegal/deaths_TS_model.pkl
[2024-08-17T12:23:24.712+0000] {processor.py:830} INFO - Processing file /opt/airflow/dags/data/models/Senegal/deaths_TS_model.pkl for tasks to queue
[2024-08-17T12:23:24.713+0000] {logging_mixin.py:188} INFO - [2024-08-17T12:23:24.713+0000] {dagbag.py:545} INFO - Filling up the DagBag from /opt/airflow/dags/data/models/Senegal/deaths_TS_model.pkl
[2024-08-17T12:23:24.744+0000] {processor.py:842} WARNING - No viable dags retrieved from /opt/airflow/dags/data/models/Senegal/deaths_TS_model.pkl
[2024-08-17T12:23:24.760+0000] {processor.py:183} INFO - Processing /opt/airflow/dags/data/models/Senegal/deaths_TS_model.pkl took 0.057 seconds
[2024-08-17T12:24:05.407+0000] {processor.py:161} INFO - Started process (PID=31959) to work on /opt/airflow/dags/data/models/Senegal/deaths_TS_model.pkl
[2024-08-17T12:24:05.408+0000] {processor.py:830} INFO - Processing file /opt/airflow/dags/data/models/Senegal/deaths_TS_model.pkl for tasks to queue
[2024-08-17T12:24:05.409+0000] {logging_mixin.py:188} INFO - [2024-08-17T12:24:05.409+0000] {dagbag.py:545} INFO - Filling up the DagBag from /opt/airflow/dags/data/models/Senegal/deaths_TS_model.pkl
[2024-08-17T12:24:05.423+0000] {processor.py:842} WARNING - No viable dags retrieved from /opt/airflow/dags/data/models/Senegal/deaths_TS_model.pkl
[2024-08-17T12:24:05.440+0000] {processor.py:183} INFO - Processing /opt/airflow/dags/data/models/Senegal/deaths_TS_model.pkl took 0.038 seconds
[2024-08-17T12:24:52.050+0000] {processor.py:161} INFO - Started process (PID=32728) to work on /opt/airflow/dags/data/models/Senegal/deaths_TS_model.pkl
[2024-08-17T12:24:52.052+0000] {processor.py:830} INFO - Processing file /opt/airflow/dags/data/models/Senegal/deaths_TS_model.pkl for tasks to queue
[2024-08-17T12:24:52.053+0000] {logging_mixin.py:188} INFO - [2024-08-17T12:24:52.053+0000] {dagbag.py:545} INFO - Filling up the DagBag from /opt/airflow/dags/data/models/Senegal/deaths_TS_model.pkl
[2024-08-17T12:24:52.072+0000] {processor.py:842} WARNING - No viable dags retrieved from /opt/airflow/dags/data/models/Senegal/deaths_TS_model.pkl
[2024-08-17T12:24:52.090+0000] {processor.py:183} INFO - Processing /opt/airflow/dags/data/models/Senegal/deaths_TS_model.pkl took 0.045 seconds
[2024-08-17T12:25:36.613+0000] {processor.py:161} INFO - Started process (PID=33486) to work on /opt/airflow/dags/data/models/Senegal/deaths_TS_model.pkl
[2024-08-17T12:25:36.614+0000] {processor.py:830} INFO - Processing file /opt/airflow/dags/data/models/Senegal/deaths_TS_model.pkl for tasks to queue
[2024-08-17T12:25:36.614+0000] {logging_mixin.py:188} INFO - [2024-08-17T12:25:36.614+0000] {dagbag.py:545} INFO - Filling up the DagBag from /opt/airflow/dags/data/models/Senegal/deaths_TS_model.pkl
[2024-08-17T12:25:36.632+0000] {processor.py:842} WARNING - No viable dags retrieved from /opt/airflow/dags/data/models/Senegal/deaths_TS_model.pkl
[2024-08-17T12:25:36.646+0000] {processor.py:183} INFO - Processing /opt/airflow/dags/data/models/Senegal/deaths_TS_model.pkl took 0.038 seconds
[2024-08-17T12:26:15.529+0000] {processor.py:161} INFO - Started process (PID=34235) to work on /opt/airflow/dags/data/models/Senegal/deaths_TS_model.pkl
[2024-08-17T12:26:15.530+0000] {processor.py:830} INFO - Processing file /opt/airflow/dags/data/models/Senegal/deaths_TS_model.pkl for tasks to queue
[2024-08-17T12:26:15.531+0000] {logging_mixin.py:188} INFO - [2024-08-17T12:26:15.531+0000] {dagbag.py:545} INFO - Filling up the DagBag from /opt/airflow/dags/data/models/Senegal/deaths_TS_model.pkl
[2024-08-17T12:26:15.548+0000] {processor.py:842} WARNING - No viable dags retrieved from /opt/airflow/dags/data/models/Senegal/deaths_TS_model.pkl
[2024-08-17T12:26:15.562+0000] {processor.py:183} INFO - Processing /opt/airflow/dags/data/models/Senegal/deaths_TS_model.pkl took 0.038 seconds
[2024-08-17T12:26:52.079+0000] {processor.py:161} INFO - Started process (PID=34890) to work on /opt/airflow/dags/data/models/Senegal/deaths_TS_model.pkl
[2024-08-17T12:26:52.080+0000] {processor.py:830} INFO - Processing file /opt/airflow/dags/data/models/Senegal/deaths_TS_model.pkl for tasks to queue
[2024-08-17T12:26:52.081+0000] {logging_mixin.py:188} INFO - [2024-08-17T12:26:52.081+0000] {dagbag.py:545} INFO - Filling up the DagBag from /opt/airflow/dags/data/models/Senegal/deaths_TS_model.pkl
[2024-08-17T12:26:52.099+0000] {processor.py:842} WARNING - No viable dags retrieved from /opt/airflow/dags/data/models/Senegal/deaths_TS_model.pkl
[2024-08-17T12:26:52.113+0000] {processor.py:183} INFO - Processing /opt/airflow/dags/data/models/Senegal/deaths_TS_model.pkl took 0.040 seconds
[2024-08-17T12:27:27.525+0000] {processor.py:161} INFO - Started process (PID=35585) to work on /opt/airflow/dags/data/models/Senegal/deaths_TS_model.pkl
[2024-08-17T12:27:27.526+0000] {processor.py:830} INFO - Processing file /opt/airflow/dags/data/models/Senegal/deaths_TS_model.pkl for tasks to queue
[2024-08-17T12:27:27.527+0000] {logging_mixin.py:188} INFO - [2024-08-17T12:27:27.527+0000] {dagbag.py:545} INFO - Filling up the DagBag from /opt/airflow/dags/data/models/Senegal/deaths_TS_model.pkl
[2024-08-17T12:27:27.541+0000] {processor.py:842} WARNING - No viable dags retrieved from /opt/airflow/dags/data/models/Senegal/deaths_TS_model.pkl
[2024-08-17T12:27:27.557+0000] {processor.py:183} INFO - Processing /opt/airflow/dags/data/models/Senegal/deaths_TS_model.pkl took 0.040 seconds
[2024-08-17T12:28:18.753+0000] {processor.py:161} INFO - Started process (PID=36300) to work on /opt/airflow/dags/data/models/Senegal/deaths_TS_model.pkl
[2024-08-17T12:28:18.754+0000] {processor.py:830} INFO - Processing file /opt/airflow/dags/data/models/Senegal/deaths_TS_model.pkl for tasks to queue
[2024-08-17T12:28:18.755+0000] {logging_mixin.py:188} INFO - [2024-08-17T12:28:18.754+0000] {dagbag.py:545} INFO - Filling up the DagBag from /opt/airflow/dags/data/models/Senegal/deaths_TS_model.pkl
[2024-08-17T12:28:18.765+0000] {processor.py:842} WARNING - No viable dags retrieved from /opt/airflow/dags/data/models/Senegal/deaths_TS_model.pkl
[2024-08-17T12:28:18.776+0000] {processor.py:183} INFO - Processing /opt/airflow/dags/data/models/Senegal/deaths_TS_model.pkl took 0.028 seconds
[2024-08-17T12:28:53.652+0000] {processor.py:161} INFO - Started process (PID=37044) to work on /opt/airflow/dags/data/models/Senegal/deaths_TS_model.pkl
[2024-08-17T12:28:53.653+0000] {processor.py:830} INFO - Processing file /opt/airflow/dags/data/models/Senegal/deaths_TS_model.pkl for tasks to queue
[2024-08-17T12:28:53.653+0000] {logging_mixin.py:188} INFO - [2024-08-17T12:28:53.653+0000] {dagbag.py:545} INFO - Filling up the DagBag from /opt/airflow/dags/data/models/Senegal/deaths_TS_model.pkl
[2024-08-17T12:28:53.667+0000] {processor.py:842} WARNING - No viable dags retrieved from /opt/airflow/dags/data/models/Senegal/deaths_TS_model.pkl
[2024-08-17T12:28:53.677+0000] {processor.py:183} INFO - Processing /opt/airflow/dags/data/models/Senegal/deaths_TS_model.pkl took 0.029 seconds
[2024-08-17T12:29:27.687+0000] {processor.py:161} INFO - Started process (PID=37789) to work on /opt/airflow/dags/data/models/Senegal/deaths_TS_model.pkl
[2024-08-17T12:29:27.688+0000] {processor.py:830} INFO - Processing file /opt/airflow/dags/data/models/Senegal/deaths_TS_model.pkl for tasks to queue
[2024-08-17T12:29:27.689+0000] {logging_mixin.py:188} INFO - [2024-08-17T12:29:27.689+0000] {dagbag.py:545} INFO - Filling up the DagBag from /opt/airflow/dags/data/models/Senegal/deaths_TS_model.pkl
[2024-08-17T12:29:27.701+0000] {processor.py:842} WARNING - No viable dags retrieved from /opt/airflow/dags/data/models/Senegal/deaths_TS_model.pkl
[2024-08-17T12:29:27.712+0000] {processor.py:183} INFO - Processing /opt/airflow/dags/data/models/Senegal/deaths_TS_model.pkl took 0.029 seconds
[2024-08-17T12:30:00.087+0000] {processor.py:161} INFO - Started process (PID=38514) to work on /opt/airflow/dags/data/models/Senegal/deaths_TS_model.pkl
[2024-08-17T12:30:00.088+0000] {processor.py:830} INFO - Processing file /opt/airflow/dags/data/models/Senegal/deaths_TS_model.pkl for tasks to queue
[2024-08-17T12:30:00.088+0000] {logging_mixin.py:188} INFO - [2024-08-17T12:30:00.088+0000] {dagbag.py:545} INFO - Filling up the DagBag from /opt/airflow/dags/data/models/Senegal/deaths_TS_model.pkl
[2024-08-17T12:30:00.099+0000] {processor.py:842} WARNING - No viable dags retrieved from /opt/airflow/dags/data/models/Senegal/deaths_TS_model.pkl
[2024-08-17T12:30:00.109+0000] {processor.py:183} INFO - Processing /opt/airflow/dags/data/models/Senegal/deaths_TS_model.pkl took 0.026 seconds
[2024-08-17T12:30:33.163+0000] {processor.py:161} INFO - Started process (PID=39250) to work on /opt/airflow/dags/data/models/Senegal/deaths_TS_model.pkl
[2024-08-17T12:30:33.164+0000] {processor.py:830} INFO - Processing file /opt/airflow/dags/data/models/Senegal/deaths_TS_model.pkl for tasks to queue
[2024-08-17T12:30:33.164+0000] {logging_mixin.py:188} INFO - [2024-08-17T12:30:33.164+0000] {dagbag.py:545} INFO - Filling up the DagBag from /opt/airflow/dags/data/models/Senegal/deaths_TS_model.pkl
[2024-08-17T12:30:33.173+0000] {processor.py:842} WARNING - No viable dags retrieved from /opt/airflow/dags/data/models/Senegal/deaths_TS_model.pkl
[2024-08-17T12:30:33.182+0000] {processor.py:183} INFO - Processing /opt/airflow/dags/data/models/Senegal/deaths_TS_model.pkl took 0.023 seconds
[2024-08-17T12:31:06.463+0000] {processor.py:161} INFO - Started process (PID=39997) to work on /opt/airflow/dags/data/models/Senegal/deaths_TS_model.pkl
[2024-08-17T12:31:06.464+0000] {processor.py:830} INFO - Processing file /opt/airflow/dags/data/models/Senegal/deaths_TS_model.pkl for tasks to queue
[2024-08-17T12:31:06.464+0000] {logging_mixin.py:188} INFO - [2024-08-17T12:31:06.464+0000] {dagbag.py:545} INFO - Filling up the DagBag from /opt/airflow/dags/data/models/Senegal/deaths_TS_model.pkl
[2024-08-17T12:31:06.472+0000] {processor.py:842} WARNING - No viable dags retrieved from /opt/airflow/dags/data/models/Senegal/deaths_TS_model.pkl
[2024-08-17T12:31:06.481+0000] {processor.py:183} INFO - Processing /opt/airflow/dags/data/models/Senegal/deaths_TS_model.pkl took 0.021 seconds
[2024-08-17T12:31:40.247+0000] {processor.py:161} INFO - Started process (PID=40743) to work on /opt/airflow/dags/data/models/Senegal/deaths_TS_model.pkl
[2024-08-17T12:31:40.248+0000] {processor.py:830} INFO - Processing file /opt/airflow/dags/data/models/Senegal/deaths_TS_model.pkl for tasks to queue
[2024-08-17T12:31:40.248+0000] {logging_mixin.py:188} INFO - [2024-08-17T12:31:40.248+0000] {dagbag.py:545} INFO - Filling up the DagBag from /opt/airflow/dags/data/models/Senegal/deaths_TS_model.pkl
[2024-08-17T12:31:40.265+0000] {processor.py:842} WARNING - No viable dags retrieved from /opt/airflow/dags/data/models/Senegal/deaths_TS_model.pkl
[2024-08-17T12:31:40.274+0000] {processor.py:183} INFO - Processing /opt/airflow/dags/data/models/Senegal/deaths_TS_model.pkl took 0.031 seconds
[2024-08-17T12:32:16.339+0000] {processor.py:161} INFO - Started process (PID=41466) to work on /opt/airflow/dags/data/models/Senegal/deaths_TS_model.pkl
[2024-08-17T12:32:16.342+0000] {processor.py:830} INFO - Processing file /opt/airflow/dags/data/models/Senegal/deaths_TS_model.pkl for tasks to queue
[2024-08-17T12:32:16.346+0000] {logging_mixin.py:188} INFO - [2024-08-17T12:32:16.345+0000] {dagbag.py:545} INFO - Filling up the DagBag from /opt/airflow/dags/data/models/Senegal/deaths_TS_model.pkl
[2024-08-17T12:32:16.385+0000] {processor.py:842} WARNING - No viable dags retrieved from /opt/airflow/dags/data/models/Senegal/deaths_TS_model.pkl
[2024-08-17T12:32:16.395+0000] {processor.py:183} INFO - Processing /opt/airflow/dags/data/models/Senegal/deaths_TS_model.pkl took 0.060 seconds
[2024-08-17T12:32:59.995+0000] {processor.py:161} INFO - Started process (PID=42235) to work on /opt/airflow/dags/data/models/Senegal/deaths_TS_model.pkl
[2024-08-17T12:32:59.996+0000] {processor.py:830} INFO - Processing file /opt/airflow/dags/data/models/Senegal/deaths_TS_model.pkl for tasks to queue
[2024-08-17T12:32:59.997+0000] {logging_mixin.py:188} INFO - [2024-08-17T12:32:59.997+0000] {dagbag.py:545} INFO - Filling up the DagBag from /opt/airflow/dags/data/models/Senegal/deaths_TS_model.pkl
[2024-08-17T12:33:00.024+0000] {processor.py:842} WARNING - No viable dags retrieved from /opt/airflow/dags/data/models/Senegal/deaths_TS_model.pkl
[2024-08-17T12:33:00.035+0000] {processor.py:183} INFO - Processing /opt/airflow/dags/data/models/Senegal/deaths_TS_model.pkl took 0.044 seconds
[2024-08-17T12:33:31.149+0000] {processor.py:161} INFO - Started process (PID=42955) to work on /opt/airflow/dags/data/models/Senegal/deaths_TS_model.pkl
[2024-08-17T12:33:31.150+0000] {processor.py:830} INFO - Processing file /opt/airflow/dags/data/models/Senegal/deaths_TS_model.pkl for tasks to queue
[2024-08-17T12:33:31.150+0000] {logging_mixin.py:188} INFO - [2024-08-17T12:33:31.150+0000] {dagbag.py:545} INFO - Filling up the DagBag from /opt/airflow/dags/data/models/Senegal/deaths_TS_model.pkl
[2024-08-17T12:33:31.159+0000] {processor.py:842} WARNING - No viable dags retrieved from /opt/airflow/dags/data/models/Senegal/deaths_TS_model.pkl
[2024-08-17T12:33:31.169+0000] {processor.py:183} INFO - Processing /opt/airflow/dags/data/models/Senegal/deaths_TS_model.pkl took 0.023 seconds
[2024-08-17T12:34:02.591+0000] {processor.py:161} INFO - Started process (PID=43699) to work on /opt/airflow/dags/data/models/Senegal/deaths_TS_model.pkl
[2024-08-17T12:34:02.592+0000] {processor.py:830} INFO - Processing file /opt/airflow/dags/data/models/Senegal/deaths_TS_model.pkl for tasks to queue
[2024-08-17T12:34:02.592+0000] {logging_mixin.py:188} INFO - [2024-08-17T12:34:02.592+0000] {dagbag.py:545} INFO - Filling up the DagBag from /opt/airflow/dags/data/models/Senegal/deaths_TS_model.pkl
[2024-08-17T12:34:02.601+0000] {processor.py:842} WARNING - No viable dags retrieved from /opt/airflow/dags/data/models/Senegal/deaths_TS_model.pkl
[2024-08-17T12:34:02.610+0000] {processor.py:183} INFO - Processing /opt/airflow/dags/data/models/Senegal/deaths_TS_model.pkl took 0.022 seconds
[2024-08-17T12:34:35.013+0000] {processor.py:161} INFO - Started process (PID=44422) to work on /opt/airflow/dags/data/models/Senegal/deaths_TS_model.pkl
[2024-08-17T12:34:35.013+0000] {processor.py:830} INFO - Processing file /opt/airflow/dags/data/models/Senegal/deaths_TS_model.pkl for tasks to queue
[2024-08-17T12:34:35.014+0000] {logging_mixin.py:188} INFO - [2024-08-17T12:34:35.014+0000] {dagbag.py:545} INFO - Filling up the DagBag from /opt/airflow/dags/data/models/Senegal/deaths_TS_model.pkl
[2024-08-17T12:34:35.025+0000] {processor.py:842} WARNING - No viable dags retrieved from /opt/airflow/dags/data/models/Senegal/deaths_TS_model.pkl
[2024-08-17T12:34:35.034+0000] {processor.py:183} INFO - Processing /opt/airflow/dags/data/models/Senegal/deaths_TS_model.pkl took 0.025 seconds
[2024-08-17T12:35:07.920+0000] {processor.py:161} INFO - Started process (PID=45147) to work on /opt/airflow/dags/data/models/Senegal/deaths_TS_model.pkl
[2024-08-17T12:35:07.921+0000] {processor.py:830} INFO - Processing file /opt/airflow/dags/data/models/Senegal/deaths_TS_model.pkl for tasks to queue
[2024-08-17T12:35:07.922+0000] {logging_mixin.py:188} INFO - [2024-08-17T12:35:07.921+0000] {dagbag.py:545} INFO - Filling up the DagBag from /opt/airflow/dags/data/models/Senegal/deaths_TS_model.pkl
[2024-08-17T12:35:07.933+0000] {processor.py:842} WARNING - No viable dags retrieved from /opt/airflow/dags/data/models/Senegal/deaths_TS_model.pkl
[2024-08-17T12:35:07.943+0000] {processor.py:183} INFO - Processing /opt/airflow/dags/data/models/Senegal/deaths_TS_model.pkl took 0.026 seconds
[2024-08-17T12:35:41.281+0000] {processor.py:161} INFO - Started process (PID=45878) to work on /opt/airflow/dags/data/models/Senegal/deaths_TS_model.pkl
[2024-08-17T12:35:41.282+0000] {processor.py:830} INFO - Processing file /opt/airflow/dags/data/models/Senegal/deaths_TS_model.pkl for tasks to queue
[2024-08-17T12:35:41.282+0000] {logging_mixin.py:188} INFO - [2024-08-17T12:35:41.282+0000] {dagbag.py:545} INFO - Filling up the DagBag from /opt/airflow/dags/data/models/Senegal/deaths_TS_model.pkl
[2024-08-17T12:35:41.304+0000] {processor.py:842} WARNING - No viable dags retrieved from /opt/airflow/dags/data/models/Senegal/deaths_TS_model.pkl
[2024-08-17T12:35:41.313+0000] {processor.py:183} INFO - Processing /opt/airflow/dags/data/models/Senegal/deaths_TS_model.pkl took 0.036 seconds
[2024-08-17T12:36:13.610+0000] {processor.py:161} INFO - Started process (PID=46603) to work on /opt/airflow/dags/data/models/Senegal/deaths_TS_model.pkl
[2024-08-17T12:36:13.610+0000] {processor.py:830} INFO - Processing file /opt/airflow/dags/data/models/Senegal/deaths_TS_model.pkl for tasks to queue
[2024-08-17T12:36:13.611+0000] {logging_mixin.py:188} INFO - [2024-08-17T12:36:13.610+0000] {dagbag.py:545} INFO - Filling up the DagBag from /opt/airflow/dags/data/models/Senegal/deaths_TS_model.pkl
[2024-08-17T12:36:13.619+0000] {processor.py:842} WARNING - No viable dags retrieved from /opt/airflow/dags/data/models/Senegal/deaths_TS_model.pkl
[2024-08-17T12:36:13.629+0000] {processor.py:183} INFO - Processing /opt/airflow/dags/data/models/Senegal/deaths_TS_model.pkl took 0.023 seconds
[2024-08-17T12:36:46.083+0000] {processor.py:161} INFO - Started process (PID=47347) to work on /opt/airflow/dags/data/models/Senegal/deaths_TS_model.pkl
[2024-08-17T12:36:46.083+0000] {processor.py:830} INFO - Processing file /opt/airflow/dags/data/models/Senegal/deaths_TS_model.pkl for tasks to queue
[2024-08-17T12:36:46.084+0000] {logging_mixin.py:188} INFO - [2024-08-17T12:36:46.084+0000] {dagbag.py:545} INFO - Filling up the DagBag from /opt/airflow/dags/data/models/Senegal/deaths_TS_model.pkl
[2024-08-17T12:36:46.091+0000] {processor.py:842} WARNING - No viable dags retrieved from /opt/airflow/dags/data/models/Senegal/deaths_TS_model.pkl
[2024-08-17T12:36:46.100+0000] {processor.py:183} INFO - Processing /opt/airflow/dags/data/models/Senegal/deaths_TS_model.pkl took 0.021 seconds
[2024-08-17T12:37:17.964+0000] {processor.py:161} INFO - Started process (PID=48043) to work on /opt/airflow/dags/data/models/Senegal/deaths_TS_model.pkl
[2024-08-17T12:37:17.965+0000] {processor.py:830} INFO - Processing file /opt/airflow/dags/data/models/Senegal/deaths_TS_model.pkl for tasks to queue
[2024-08-17T12:37:17.965+0000] {logging_mixin.py:188} INFO - [2024-08-17T12:37:17.965+0000] {dagbag.py:545} INFO - Filling up the DagBag from /opt/airflow/dags/data/models/Senegal/deaths_TS_model.pkl
[2024-08-17T12:37:17.973+0000] {processor.py:842} WARNING - No viable dags retrieved from /opt/airflow/dags/data/models/Senegal/deaths_TS_model.pkl
[2024-08-17T12:37:17.982+0000] {processor.py:183} INFO - Processing /opt/airflow/dags/data/models/Senegal/deaths_TS_model.pkl took 0.021 seconds
[2024-08-17T12:38:02.346+0000] {processor.py:161} INFO - Started process (PID=48832) to work on /opt/airflow/dags/data/models/Senegal/deaths_TS_model.pkl
[2024-08-17T12:38:02.347+0000] {processor.py:830} INFO - Processing file /opt/airflow/dags/data/models/Senegal/deaths_TS_model.pkl for tasks to queue
[2024-08-17T12:38:02.347+0000] {logging_mixin.py:188} INFO - [2024-08-17T12:38:02.347+0000] {dagbag.py:545} INFO - Filling up the DagBag from /opt/airflow/dags/data/models/Senegal/deaths_TS_model.pkl
[2024-08-17T12:38:02.365+0000] {processor.py:842} WARNING - No viable dags retrieved from /opt/airflow/dags/data/models/Senegal/deaths_TS_model.pkl
[2024-08-17T12:38:02.374+0000] {processor.py:183} INFO - Processing /opt/airflow/dags/data/models/Senegal/deaths_TS_model.pkl took 0.031 seconds
[2024-08-17T12:38:34.695+0000] {processor.py:161} INFO - Started process (PID=49575) to work on /opt/airflow/dags/data/models/Senegal/deaths_TS_model.pkl
[2024-08-17T12:38:34.696+0000] {processor.py:830} INFO - Processing file /opt/airflow/dags/data/models/Senegal/deaths_TS_model.pkl for tasks to queue
[2024-08-17T12:38:34.697+0000] {logging_mixin.py:188} INFO - [2024-08-17T12:38:34.696+0000] {dagbag.py:545} INFO - Filling up the DagBag from /opt/airflow/dags/data/models/Senegal/deaths_TS_model.pkl
[2024-08-17T12:38:34.710+0000] {processor.py:842} WARNING - No viable dags retrieved from /opt/airflow/dags/data/models/Senegal/deaths_TS_model.pkl
[2024-08-17T12:38:34.720+0000] {processor.py:183} INFO - Processing /opt/airflow/dags/data/models/Senegal/deaths_TS_model.pkl took 0.028 seconds
[2024-08-17T12:39:06.924+0000] {processor.py:161} INFO - Started process (PID=50318) to work on /opt/airflow/dags/data/models/Senegal/deaths_TS_model.pkl
[2024-08-17T12:39:06.925+0000] {processor.py:830} INFO - Processing file /opt/airflow/dags/data/models/Senegal/deaths_TS_model.pkl for tasks to queue
[2024-08-17T12:39:06.926+0000] {logging_mixin.py:188} INFO - [2024-08-17T12:39:06.925+0000] {dagbag.py:545} INFO - Filling up the DagBag from /opt/airflow/dags/data/models/Senegal/deaths_TS_model.pkl
[2024-08-17T12:39:06.935+0000] {processor.py:842} WARNING - No viable dags retrieved from /opt/airflow/dags/data/models/Senegal/deaths_TS_model.pkl
[2024-08-17T12:39:06.944+0000] {processor.py:183} INFO - Processing /opt/airflow/dags/data/models/Senegal/deaths_TS_model.pkl took 0.024 seconds
[2024-08-17T12:39:38.667+0000] {processor.py:161} INFO - Started process (PID=51035) to work on /opt/airflow/dags/data/models/Senegal/deaths_TS_model.pkl
[2024-08-17T12:39:38.667+0000] {processor.py:830} INFO - Processing file /opt/airflow/dags/data/models/Senegal/deaths_TS_model.pkl for tasks to queue
[2024-08-17T12:39:38.668+0000] {logging_mixin.py:188} INFO - [2024-08-17T12:39:38.668+0000] {dagbag.py:545} INFO - Filling up the DagBag from /opt/airflow/dags/data/models/Senegal/deaths_TS_model.pkl
[2024-08-17T12:39:38.677+0000] {processor.py:842} WARNING - No viable dags retrieved from /opt/airflow/dags/data/models/Senegal/deaths_TS_model.pkl
[2024-08-17T12:39:38.690+0000] {processor.py:183} INFO - Processing /opt/airflow/dags/data/models/Senegal/deaths_TS_model.pkl took 0.027 seconds
[2024-08-17T12:40:10.633+0000] {processor.py:161} INFO - Started process (PID=51758) to work on /opt/airflow/dags/data/models/Senegal/deaths_TS_model.pkl
[2024-08-17T12:40:10.633+0000] {processor.py:830} INFO - Processing file /opt/airflow/dags/data/models/Senegal/deaths_TS_model.pkl for tasks to queue
[2024-08-17T12:40:10.635+0000] {logging_mixin.py:188} INFO - [2024-08-17T12:40:10.635+0000] {dagbag.py:545} INFO - Filling up the DagBag from /opt/airflow/dags/data/models/Senegal/deaths_TS_model.pkl
[2024-08-17T12:40:10.646+0000] {processor.py:842} WARNING - No viable dags retrieved from /opt/airflow/dags/data/models/Senegal/deaths_TS_model.pkl
[2024-08-17T12:40:10.654+0000] {processor.py:183} INFO - Processing /opt/airflow/dags/data/models/Senegal/deaths_TS_model.pkl took 0.026 seconds
[2024-08-17T12:40:43.091+0000] {processor.py:161} INFO - Started process (PID=52479) to work on /opt/airflow/dags/data/models/Senegal/deaths_TS_model.pkl
[2024-08-17T12:40:43.091+0000] {processor.py:830} INFO - Processing file /opt/airflow/dags/data/models/Senegal/deaths_TS_model.pkl for tasks to queue
[2024-08-17T12:40:43.092+0000] {logging_mixin.py:188} INFO - [2024-08-17T12:40:43.092+0000] {dagbag.py:545} INFO - Filling up the DagBag from /opt/airflow/dags/data/models/Senegal/deaths_TS_model.pkl
[2024-08-17T12:40:43.102+0000] {processor.py:842} WARNING - No viable dags retrieved from /opt/airflow/dags/data/models/Senegal/deaths_TS_model.pkl
[2024-08-17T12:40:43.111+0000] {processor.py:183} INFO - Processing /opt/airflow/dags/data/models/Senegal/deaths_TS_model.pkl took 0.024 seconds
[2024-08-17T12:41:16.013+0000] {processor.py:161} INFO - Started process (PID=53223) to work on /opt/airflow/dags/data/models/Senegal/deaths_TS_model.pkl
[2024-08-17T12:41:16.014+0000] {processor.py:830} INFO - Processing file /opt/airflow/dags/data/models/Senegal/deaths_TS_model.pkl for tasks to queue
[2024-08-17T12:41:16.015+0000] {logging_mixin.py:188} INFO - [2024-08-17T12:41:16.015+0000] {dagbag.py:545} INFO - Filling up the DagBag from /opt/airflow/dags/data/models/Senegal/deaths_TS_model.pkl
[2024-08-17T12:41:16.026+0000] {processor.py:842} WARNING - No viable dags retrieved from /opt/airflow/dags/data/models/Senegal/deaths_TS_model.pkl
[2024-08-17T12:41:16.036+0000] {processor.py:183} INFO - Processing /opt/airflow/dags/data/models/Senegal/deaths_TS_model.pkl took 0.026 seconds
