[2024-08-17T03:13:56.746+0000] {processor.py:161} INFO - Started process (PID=448) to work on /opt/airflow/dags/data/models/Vietnam/TS_model.pkl
[2024-08-17T03:13:56.747+0000] {processor.py:830} INFO - Processing file /opt/airflow/dags/data/models/Vietnam/TS_model.pkl for tasks to queue
[2024-08-17T03:13:56.748+0000] {logging_mixin.py:188} INFO - [2024-08-17T03:13:56.747+0000] {dagbag.py:545} INFO - Filling up the DagBag from /opt/airflow/dags/data/models/Vietnam/TS_model.pkl
[2024-08-17T03:13:56.760+0000] {processor.py:842} WARNING - No viable dags retrieved from /opt/airflow/dags/data/models/Vietnam/TS_model.pkl
[2024-08-17T03:13:56.770+0000] {processor.py:183} INFO - Processing /opt/airflow/dags/data/models/Vietnam/TS_model.pkl took 0.028 seconds
[2024-08-17T03:14:27.803+0000] {processor.py:161} INFO - Started process (PID=901) to work on /opt/airflow/dags/data/models/Vietnam/TS_model.pkl
[2024-08-17T03:14:27.803+0000] {processor.py:830} INFO - Processing file /opt/airflow/dags/data/models/Vietnam/TS_model.pkl for tasks to queue
[2024-08-17T03:14:27.804+0000] {logging_mixin.py:188} INFO - [2024-08-17T03:14:27.803+0000] {dagbag.py:545} INFO - Filling up the DagBag from /opt/airflow/dags/data/models/Vietnam/TS_model.pkl
[2024-08-17T03:14:27.813+0000] {processor.py:842} WARNING - No viable dags retrieved from /opt/airflow/dags/data/models/Vietnam/TS_model.pkl
[2024-08-17T03:14:27.822+0000] {processor.py:183} INFO - Processing /opt/airflow/dags/data/models/Vietnam/TS_model.pkl took 0.023 seconds
[2024-08-17T03:14:58.448+0000] {processor.py:161} INFO - Started process (PID=1329) to work on /opt/airflow/dags/data/models/Vietnam/TS_model.pkl
[2024-08-17T03:14:58.449+0000] {processor.py:830} INFO - Processing file /opt/airflow/dags/data/models/Vietnam/TS_model.pkl for tasks to queue
[2024-08-17T03:14:58.449+0000] {logging_mixin.py:188} INFO - [2024-08-17T03:14:58.449+0000] {dagbag.py:545} INFO - Filling up the DagBag from /opt/airflow/dags/data/models/Vietnam/TS_model.pkl
[2024-08-17T03:14:58.457+0000] {processor.py:842} WARNING - No viable dags retrieved from /opt/airflow/dags/data/models/Vietnam/TS_model.pkl
[2024-08-17T03:14:58.466+0000] {processor.py:183} INFO - Processing /opt/airflow/dags/data/models/Vietnam/TS_model.pkl took 0.022 seconds
[2024-08-17T03:15:29.361+0000] {processor.py:161} INFO - Started process (PID=1783) to work on /opt/airflow/dags/data/models/Vietnam/TS_model.pkl
[2024-08-17T03:15:29.362+0000] {processor.py:830} INFO - Processing file /opt/airflow/dags/data/models/Vietnam/TS_model.pkl for tasks to queue
[2024-08-17T03:15:29.362+0000] {logging_mixin.py:188} INFO - [2024-08-17T03:15:29.362+0000] {dagbag.py:545} INFO - Filling up the DagBag from /opt/airflow/dags/data/models/Vietnam/TS_model.pkl
[2024-08-17T03:15:29.375+0000] {processor.py:842} WARNING - No viable dags retrieved from /opt/airflow/dags/data/models/Vietnam/TS_model.pkl
[2024-08-17T03:15:29.384+0000] {processor.py:183} INFO - Processing /opt/airflow/dags/data/models/Vietnam/TS_model.pkl took 0.027 seconds
[2024-08-17T03:16:00.185+0000] {processor.py:161} INFO - Started process (PID=2237) to work on /opt/airflow/dags/data/models/Vietnam/TS_model.pkl
[2024-08-17T03:16:00.186+0000] {processor.py:830} INFO - Processing file /opt/airflow/dags/data/models/Vietnam/TS_model.pkl for tasks to queue
[2024-08-17T03:16:00.186+0000] {logging_mixin.py:188} INFO - [2024-08-17T03:16:00.186+0000] {dagbag.py:545} INFO - Filling up the DagBag from /opt/airflow/dags/data/models/Vietnam/TS_model.pkl
[2024-08-17T03:16:00.198+0000] {processor.py:842} WARNING - No viable dags retrieved from /opt/airflow/dags/data/models/Vietnam/TS_model.pkl
[2024-08-17T03:16:00.207+0000] {processor.py:183} INFO - Processing /opt/airflow/dags/data/models/Vietnam/TS_model.pkl took 0.025 seconds
[2024-08-17T03:16:31.165+0000] {processor.py:161} INFO - Started process (PID=2665) to work on /opt/airflow/dags/data/models/Vietnam/TS_model.pkl
[2024-08-17T03:16:31.166+0000] {processor.py:830} INFO - Processing file /opt/airflow/dags/data/models/Vietnam/TS_model.pkl for tasks to queue
[2024-08-17T03:16:31.167+0000] {logging_mixin.py:188} INFO - [2024-08-17T03:16:31.166+0000] {dagbag.py:545} INFO - Filling up the DagBag from /opt/airflow/dags/data/models/Vietnam/TS_model.pkl
[2024-08-17T03:16:31.177+0000] {processor.py:842} WARNING - No viable dags retrieved from /opt/airflow/dags/data/models/Vietnam/TS_model.pkl
[2024-08-17T03:16:31.186+0000] {processor.py:183} INFO - Processing /opt/airflow/dags/data/models/Vietnam/TS_model.pkl took 0.024 seconds
[2024-08-17T03:17:01.763+0000] {processor.py:161} INFO - Started process (PID=3119) to work on /opt/airflow/dags/data/models/Vietnam/TS_model.pkl
[2024-08-17T03:17:01.764+0000] {processor.py:830} INFO - Processing file /opt/airflow/dags/data/models/Vietnam/TS_model.pkl for tasks to queue
[2024-08-17T03:17:01.764+0000] {logging_mixin.py:188} INFO - [2024-08-17T03:17:01.764+0000] {dagbag.py:545} INFO - Filling up the DagBag from /opt/airflow/dags/data/models/Vietnam/TS_model.pkl
[2024-08-17T03:17:01.774+0000] {processor.py:842} WARNING - No viable dags retrieved from /opt/airflow/dags/data/models/Vietnam/TS_model.pkl
[2024-08-17T03:17:01.783+0000] {processor.py:183} INFO - Processing /opt/airflow/dags/data/models/Vietnam/TS_model.pkl took 0.023 seconds
[2024-08-17T03:17:32.509+0000] {processor.py:161} INFO - Started process (PID=3547) to work on /opt/airflow/dags/data/models/Vietnam/TS_model.pkl
[2024-08-17T03:17:32.510+0000] {processor.py:830} INFO - Processing file /opt/airflow/dags/data/models/Vietnam/TS_model.pkl for tasks to queue
[2024-08-17T03:17:32.510+0000] {logging_mixin.py:188} INFO - [2024-08-17T03:17:32.510+0000] {dagbag.py:545} INFO - Filling up the DagBag from /opt/airflow/dags/data/models/Vietnam/TS_model.pkl
[2024-08-17T03:17:32.519+0000] {processor.py:842} WARNING - No viable dags retrieved from /opt/airflow/dags/data/models/Vietnam/TS_model.pkl
[2024-08-17T03:17:32.528+0000] {processor.py:183} INFO - Processing /opt/airflow/dags/data/models/Vietnam/TS_model.pkl took 0.023 seconds
[2024-08-17T03:18:03.158+0000] {processor.py:161} INFO - Started process (PID=3982) to work on /opt/airflow/dags/data/models/Vietnam/TS_model.pkl
[2024-08-17T03:18:03.159+0000] {processor.py:830} INFO - Processing file /opt/airflow/dags/data/models/Vietnam/TS_model.pkl for tasks to queue
[2024-08-17T03:18:03.160+0000] {logging_mixin.py:188} INFO - [2024-08-17T03:18:03.159+0000] {dagbag.py:545} INFO - Filling up the DagBag from /opt/airflow/dags/data/models/Vietnam/TS_model.pkl
[2024-08-17T03:18:03.167+0000] {processor.py:842} WARNING - No viable dags retrieved from /opt/airflow/dags/data/models/Vietnam/TS_model.pkl
[2024-08-17T03:18:03.177+0000] {processor.py:183} INFO - Processing /opt/airflow/dags/data/models/Vietnam/TS_model.pkl took 0.023 seconds
[2024-08-17T03:18:33.763+0000] {processor.py:161} INFO - Started process (PID=4434) to work on /opt/airflow/dags/data/models/Vietnam/TS_model.pkl
[2024-08-17T03:18:33.765+0000] {processor.py:830} INFO - Processing file /opt/airflow/dags/data/models/Vietnam/TS_model.pkl for tasks to queue
[2024-08-17T03:18:33.766+0000] {logging_mixin.py:188} INFO - [2024-08-17T03:18:33.766+0000] {dagbag.py:545} INFO - Filling up the DagBag from /opt/airflow/dags/data/models/Vietnam/TS_model.pkl
[2024-08-17T03:18:33.775+0000] {processor.py:842} WARNING - No viable dags retrieved from /opt/airflow/dags/data/models/Vietnam/TS_model.pkl
[2024-08-17T03:18:33.786+0000] {processor.py:183} INFO - Processing /opt/airflow/dags/data/models/Vietnam/TS_model.pkl took 0.028 seconds
[2024-08-17T03:19:04.311+0000] {processor.py:161} INFO - Started process (PID=4861) to work on /opt/airflow/dags/data/models/Vietnam/TS_model.pkl
[2024-08-17T03:19:04.311+0000] {processor.py:830} INFO - Processing file /opt/airflow/dags/data/models/Vietnam/TS_model.pkl for tasks to queue
[2024-08-17T03:19:04.312+0000] {logging_mixin.py:188} INFO - [2024-08-17T03:19:04.312+0000] {dagbag.py:545} INFO - Filling up the DagBag from /opt/airflow/dags/data/models/Vietnam/TS_model.pkl
[2024-08-17T03:19:04.320+0000] {processor.py:842} WARNING - No viable dags retrieved from /opt/airflow/dags/data/models/Vietnam/TS_model.pkl
[2024-08-17T03:19:04.330+0000] {processor.py:183} INFO - Processing /opt/airflow/dags/data/models/Vietnam/TS_model.pkl took 0.023 seconds
[2024-08-17T03:19:34.920+0000] {processor.py:161} INFO - Started process (PID=5296) to work on /opt/airflow/dags/data/models/Vietnam/TS_model.pkl
[2024-08-17T03:19:34.921+0000] {processor.py:830} INFO - Processing file /opt/airflow/dags/data/models/Vietnam/TS_model.pkl for tasks to queue
[2024-08-17T03:19:34.921+0000] {logging_mixin.py:188} INFO - [2024-08-17T03:19:34.921+0000] {dagbag.py:545} INFO - Filling up the DagBag from /opt/airflow/dags/data/models/Vietnam/TS_model.pkl
[2024-08-17T03:19:34.931+0000] {processor.py:842} WARNING - No viable dags retrieved from /opt/airflow/dags/data/models/Vietnam/TS_model.pkl
[2024-08-17T03:19:34.941+0000] {processor.py:183} INFO - Processing /opt/airflow/dags/data/models/Vietnam/TS_model.pkl took 0.024 seconds
[2024-08-17T03:20:05.389+0000] {processor.py:161} INFO - Started process (PID=5722) to work on /opt/airflow/dags/data/models/Vietnam/TS_model.pkl
[2024-08-17T03:20:05.390+0000] {processor.py:830} INFO - Processing file /opt/airflow/dags/data/models/Vietnam/TS_model.pkl for tasks to queue
[2024-08-17T03:20:05.391+0000] {logging_mixin.py:188} INFO - [2024-08-17T03:20:05.390+0000] {dagbag.py:545} INFO - Filling up the DagBag from /opt/airflow/dags/data/models/Vietnam/TS_model.pkl
[2024-08-17T03:20:05.398+0000] {processor.py:842} WARNING - No viable dags retrieved from /opt/airflow/dags/data/models/Vietnam/TS_model.pkl
[2024-08-17T03:20:05.407+0000] {processor.py:183} INFO - Processing /opt/airflow/dags/data/models/Vietnam/TS_model.pkl took 0.022 seconds
[2024-08-17T03:20:36.195+0000] {processor.py:161} INFO - Started process (PID=6176) to work on /opt/airflow/dags/data/models/Vietnam/TS_model.pkl
[2024-08-17T03:20:36.196+0000] {processor.py:830} INFO - Processing file /opt/airflow/dags/data/models/Vietnam/TS_model.pkl for tasks to queue
[2024-08-17T03:20:36.196+0000] {logging_mixin.py:188} INFO - [2024-08-17T03:20:36.196+0000] {dagbag.py:545} INFO - Filling up the DagBag from /opt/airflow/dags/data/models/Vietnam/TS_model.pkl
[2024-08-17T03:20:36.205+0000] {processor.py:842} WARNING - No viable dags retrieved from /opt/airflow/dags/data/models/Vietnam/TS_model.pkl
[2024-08-17T03:20:36.213+0000] {processor.py:183} INFO - Processing /opt/airflow/dags/data/models/Vietnam/TS_model.pkl took 0.022 seconds
[2024-08-17T03:21:07.199+0000] {processor.py:161} INFO - Started process (PID=6629) to work on /opt/airflow/dags/data/models/Vietnam/TS_model.pkl
[2024-08-17T03:21:07.199+0000] {processor.py:830} INFO - Processing file /opt/airflow/dags/data/models/Vietnam/TS_model.pkl for tasks to queue
[2024-08-17T03:21:07.200+0000] {logging_mixin.py:188} INFO - [2024-08-17T03:21:07.200+0000] {dagbag.py:545} INFO - Filling up the DagBag from /opt/airflow/dags/data/models/Vietnam/TS_model.pkl
[2024-08-17T03:21:07.209+0000] {processor.py:842} WARNING - No viable dags retrieved from /opt/airflow/dags/data/models/Vietnam/TS_model.pkl
[2024-08-17T03:21:07.220+0000] {processor.py:183} INFO - Processing /opt/airflow/dags/data/models/Vietnam/TS_model.pkl took 0.025 seconds
[2024-08-17T03:21:38.253+0000] {processor.py:161} INFO - Started process (PID=7057) to work on /opt/airflow/dags/data/models/Vietnam/TS_model.pkl
[2024-08-17T03:21:38.254+0000] {processor.py:830} INFO - Processing file /opt/airflow/dags/data/models/Vietnam/TS_model.pkl for tasks to queue
[2024-08-17T03:21:38.254+0000] {logging_mixin.py:188} INFO - [2024-08-17T03:21:38.254+0000] {dagbag.py:545} INFO - Filling up the DagBag from /opt/airflow/dags/data/models/Vietnam/TS_model.pkl
[2024-08-17T03:21:38.262+0000] {processor.py:842} WARNING - No viable dags retrieved from /opt/airflow/dags/data/models/Vietnam/TS_model.pkl
[2024-08-17T03:21:38.271+0000] {processor.py:183} INFO - Processing /opt/airflow/dags/data/models/Vietnam/TS_model.pkl took 0.022 seconds
[2024-08-17T03:22:09.004+0000] {processor.py:161} INFO - Started process (PID=7500) to work on /opt/airflow/dags/data/models/Vietnam/TS_model.pkl
[2024-08-17T03:22:09.004+0000] {processor.py:830} INFO - Processing file /opt/airflow/dags/data/models/Vietnam/TS_model.pkl for tasks to queue
[2024-08-17T03:22:09.005+0000] {logging_mixin.py:188} INFO - [2024-08-17T03:22:09.005+0000] {dagbag.py:545} INFO - Filling up the DagBag from /opt/airflow/dags/data/models/Vietnam/TS_model.pkl
[2024-08-17T03:22:09.012+0000] {processor.py:842} WARNING - No viable dags retrieved from /opt/airflow/dags/data/models/Vietnam/TS_model.pkl
[2024-08-17T03:22:09.021+0000] {processor.py:183} INFO - Processing /opt/airflow/dags/data/models/Vietnam/TS_model.pkl took 0.021 seconds
[2024-08-17T03:22:39.992+0000] {processor.py:161} INFO - Started process (PID=7928) to work on /opt/airflow/dags/data/models/Vietnam/TS_model.pkl
[2024-08-17T03:22:39.993+0000] {processor.py:830} INFO - Processing file /opt/airflow/dags/data/models/Vietnam/TS_model.pkl for tasks to queue
[2024-08-17T03:22:39.993+0000] {logging_mixin.py:188} INFO - [2024-08-17T03:22:39.993+0000] {dagbag.py:545} INFO - Filling up the DagBag from /opt/airflow/dags/data/models/Vietnam/TS_model.pkl
[2024-08-17T03:22:40.001+0000] {processor.py:842} WARNING - No viable dags retrieved from /opt/airflow/dags/data/models/Vietnam/TS_model.pkl
[2024-08-17T03:22:40.010+0000] {processor.py:183} INFO - Processing /opt/airflow/dags/data/models/Vietnam/TS_model.pkl took 0.021 seconds
[2024-08-17T03:23:10.771+0000] {processor.py:161} INFO - Started process (PID=8362) to work on /opt/airflow/dags/data/models/Vietnam/TS_model.pkl
[2024-08-17T03:23:10.773+0000] {processor.py:830} INFO - Processing file /opt/airflow/dags/data/models/Vietnam/TS_model.pkl for tasks to queue
[2024-08-17T03:23:10.774+0000] {logging_mixin.py:188} INFO - [2024-08-17T03:23:10.773+0000] {dagbag.py:545} INFO - Filling up the DagBag from /opt/airflow/dags/data/models/Vietnam/TS_model.pkl
[2024-08-17T03:23:10.784+0000] {processor.py:842} WARNING - No viable dags retrieved from /opt/airflow/dags/data/models/Vietnam/TS_model.pkl
[2024-08-17T03:23:10.794+0000] {processor.py:183} INFO - Processing /opt/airflow/dags/data/models/Vietnam/TS_model.pkl took 0.026 seconds
[2024-08-17T03:23:41.403+0000] {processor.py:161} INFO - Started process (PID=8816) to work on /opt/airflow/dags/data/models/Vietnam/TS_model.pkl
[2024-08-17T03:23:41.404+0000] {processor.py:830} INFO - Processing file /opt/airflow/dags/data/models/Vietnam/TS_model.pkl for tasks to queue
[2024-08-17T03:23:41.404+0000] {logging_mixin.py:188} INFO - [2024-08-17T03:23:41.404+0000] {dagbag.py:545} INFO - Filling up the DagBag from /opt/airflow/dags/data/models/Vietnam/TS_model.pkl
[2024-08-17T03:23:41.413+0000] {processor.py:842} WARNING - No viable dags retrieved from /opt/airflow/dags/data/models/Vietnam/TS_model.pkl
[2024-08-17T03:23:41.422+0000] {processor.py:183} INFO - Processing /opt/airflow/dags/data/models/Vietnam/TS_model.pkl took 0.023 seconds
[2024-08-17T03:24:12.050+0000] {processor.py:161} INFO - Started process (PID=9244) to work on /opt/airflow/dags/data/models/Vietnam/TS_model.pkl
[2024-08-17T03:24:12.051+0000] {processor.py:830} INFO - Processing file /opt/airflow/dags/data/models/Vietnam/TS_model.pkl for tasks to queue
[2024-08-17T03:24:12.051+0000] {logging_mixin.py:188} INFO - [2024-08-17T03:24:12.051+0000] {dagbag.py:545} INFO - Filling up the DagBag from /opt/airflow/dags/data/models/Vietnam/TS_model.pkl
[2024-08-17T03:24:12.060+0000] {processor.py:842} WARNING - No viable dags retrieved from /opt/airflow/dags/data/models/Vietnam/TS_model.pkl
[2024-08-17T03:24:12.069+0000] {processor.py:183} INFO - Processing /opt/airflow/dags/data/models/Vietnam/TS_model.pkl took 0.022 seconds
[2024-08-17T03:24:42.978+0000] {processor.py:161} INFO - Started process (PID=9665) to work on /opt/airflow/dags/data/models/Vietnam/TS_model.pkl
[2024-08-17T03:24:42.978+0000] {processor.py:830} INFO - Processing file /opt/airflow/dags/data/models/Vietnam/TS_model.pkl for tasks to queue
[2024-08-17T03:24:42.979+0000] {logging_mixin.py:188} INFO - [2024-08-17T03:24:42.979+0000] {dagbag.py:545} INFO - Filling up the DagBag from /opt/airflow/dags/data/models/Vietnam/TS_model.pkl
[2024-08-17T03:24:42.988+0000] {processor.py:842} WARNING - No viable dags retrieved from /opt/airflow/dags/data/models/Vietnam/TS_model.pkl
[2024-08-17T03:24:42.997+0000] {processor.py:183} INFO - Processing /opt/airflow/dags/data/models/Vietnam/TS_model.pkl took 0.022 seconds
[2024-08-17T03:25:14.196+0000] {processor.py:161} INFO - Started process (PID=10098) to work on /opt/airflow/dags/data/models/Vietnam/TS_model.pkl
[2024-08-17T03:25:14.197+0000] {processor.py:830} INFO - Processing file /opt/airflow/dags/data/models/Vietnam/TS_model.pkl for tasks to queue
[2024-08-17T03:25:14.197+0000] {logging_mixin.py:188} INFO - [2024-08-17T03:25:14.197+0000] {dagbag.py:545} INFO - Filling up the DagBag from /opt/airflow/dags/data/models/Vietnam/TS_model.pkl
[2024-08-17T03:25:14.206+0000] {processor.py:842} WARNING - No viable dags retrieved from /opt/airflow/dags/data/models/Vietnam/TS_model.pkl
[2024-08-17T03:25:14.215+0000] {processor.py:183} INFO - Processing /opt/airflow/dags/data/models/Vietnam/TS_model.pkl took 0.022 seconds
[2024-08-17T03:25:44.706+0000] {processor.py:161} INFO - Started process (PID=10545) to work on /opt/airflow/dags/data/models/Vietnam/TS_model.pkl
[2024-08-17T03:25:44.706+0000] {processor.py:830} INFO - Processing file /opt/airflow/dags/data/models/Vietnam/TS_model.pkl for tasks to queue
[2024-08-17T03:25:44.707+0000] {logging_mixin.py:188} INFO - [2024-08-17T03:25:44.707+0000] {dagbag.py:545} INFO - Filling up the DagBag from /opt/airflow/dags/data/models/Vietnam/TS_model.pkl
[2024-08-17T03:25:44.714+0000] {processor.py:842} WARNING - No viable dags retrieved from /opt/airflow/dags/data/models/Vietnam/TS_model.pkl
[2024-08-17T03:25:44.722+0000] {processor.py:183} INFO - Processing /opt/airflow/dags/data/models/Vietnam/TS_model.pkl took 0.020 seconds
[2024-08-17T03:26:15.539+0000] {processor.py:161} INFO - Started process (PID=10979) to work on /opt/airflow/dags/data/models/Vietnam/TS_model.pkl
[2024-08-17T03:26:15.540+0000] {processor.py:830} INFO - Processing file /opt/airflow/dags/data/models/Vietnam/TS_model.pkl for tasks to queue
[2024-08-17T03:26:15.540+0000] {logging_mixin.py:188} INFO - [2024-08-17T03:26:15.540+0000] {dagbag.py:545} INFO - Filling up the DagBag from /opt/airflow/dags/data/models/Vietnam/TS_model.pkl
[2024-08-17T03:26:15.548+0000] {processor.py:842} WARNING - No viable dags retrieved from /opt/airflow/dags/data/models/Vietnam/TS_model.pkl
[2024-08-17T03:26:15.558+0000] {processor.py:183} INFO - Processing /opt/airflow/dags/data/models/Vietnam/TS_model.pkl took 0.022 seconds
[2024-08-17T03:26:45.964+0000] {processor.py:161} INFO - Started process (PID=11402) to work on /opt/airflow/dags/data/models/Vietnam/TS_model.pkl
[2024-08-17T03:26:45.965+0000] {processor.py:830} INFO - Processing file /opt/airflow/dags/data/models/Vietnam/TS_model.pkl for tasks to queue
[2024-08-17T03:26:45.966+0000] {logging_mixin.py:188} INFO - [2024-08-17T03:26:45.966+0000] {dagbag.py:545} INFO - Filling up the DagBag from /opt/airflow/dags/data/models/Vietnam/TS_model.pkl
[2024-08-17T03:26:45.973+0000] {processor.py:842} WARNING - No viable dags retrieved from /opt/airflow/dags/data/models/Vietnam/TS_model.pkl
[2024-08-17T03:26:45.982+0000] {processor.py:183} INFO - Processing /opt/airflow/dags/data/models/Vietnam/TS_model.pkl took 0.022 seconds
[2024-08-17T03:27:16.514+0000] {processor.py:161} INFO - Started process (PID=11847) to work on /opt/airflow/dags/data/models/Vietnam/TS_model.pkl
[2024-08-17T03:27:16.515+0000] {processor.py:830} INFO - Processing file /opt/airflow/dags/data/models/Vietnam/TS_model.pkl for tasks to queue
[2024-08-17T03:27:16.515+0000] {logging_mixin.py:188} INFO - [2024-08-17T03:27:16.515+0000] {dagbag.py:545} INFO - Filling up the DagBag from /opt/airflow/dags/data/models/Vietnam/TS_model.pkl
[2024-08-17T03:27:16.525+0000] {processor.py:842} WARNING - No viable dags retrieved from /opt/airflow/dags/data/models/Vietnam/TS_model.pkl
[2024-08-17T03:27:16.534+0000] {processor.py:183} INFO - Processing /opt/airflow/dags/data/models/Vietnam/TS_model.pkl took 0.024 seconds
[2024-08-17T03:27:46.969+0000] {processor.py:161} INFO - Started process (PID=12271) to work on /opt/airflow/dags/data/models/Vietnam/TS_model.pkl
[2024-08-17T03:27:46.970+0000] {processor.py:830} INFO - Processing file /opt/airflow/dags/data/models/Vietnam/TS_model.pkl for tasks to queue
[2024-08-17T03:27:46.970+0000] {logging_mixin.py:188} INFO - [2024-08-17T03:27:46.970+0000] {dagbag.py:545} INFO - Filling up the DagBag from /opt/airflow/dags/data/models/Vietnam/TS_model.pkl
[2024-08-17T03:27:46.987+0000] {processor.py:842} WARNING - No viable dags retrieved from /opt/airflow/dags/data/models/Vietnam/TS_model.pkl
[2024-08-17T03:27:46.997+0000] {processor.py:183} INFO - Processing /opt/airflow/dags/data/models/Vietnam/TS_model.pkl took 0.032 seconds
[2024-08-17T03:28:17.510+0000] {processor.py:161} INFO - Started process (PID=12692) to work on /opt/airflow/dags/data/models/Vietnam/TS_model.pkl
[2024-08-17T03:28:17.510+0000] {processor.py:830} INFO - Processing file /opt/airflow/dags/data/models/Vietnam/TS_model.pkl for tasks to queue
[2024-08-17T03:28:17.511+0000] {logging_mixin.py:188} INFO - [2024-08-17T03:28:17.511+0000] {dagbag.py:545} INFO - Filling up the DagBag from /opt/airflow/dags/data/models/Vietnam/TS_model.pkl
[2024-08-17T03:28:17.518+0000] {processor.py:842} WARNING - No viable dags retrieved from /opt/airflow/dags/data/models/Vietnam/TS_model.pkl
[2024-08-17T03:28:17.528+0000] {processor.py:183} INFO - Processing /opt/airflow/dags/data/models/Vietnam/TS_model.pkl took 0.022 seconds
[2024-08-17T03:28:47.971+0000] {processor.py:161} INFO - Started process (PID=13145) to work on /opt/airflow/dags/data/models/Vietnam/TS_model.pkl
[2024-08-17T03:28:47.971+0000] {processor.py:830} INFO - Processing file /opt/airflow/dags/data/models/Vietnam/TS_model.pkl for tasks to queue
[2024-08-17T03:28:47.972+0000] {logging_mixin.py:188} INFO - [2024-08-17T03:28:47.972+0000] {dagbag.py:545} INFO - Filling up the DagBag from /opt/airflow/dags/data/models/Vietnam/TS_model.pkl
[2024-08-17T03:28:47.979+0000] {processor.py:842} WARNING - No viable dags retrieved from /opt/airflow/dags/data/models/Vietnam/TS_model.pkl
[2024-08-17T03:28:47.989+0000] {processor.py:183} INFO - Processing /opt/airflow/dags/data/models/Vietnam/TS_model.pkl took 0.022 seconds
[2024-08-17T03:29:18.799+0000] {processor.py:161} INFO - Started process (PID=13572) to work on /opt/airflow/dags/data/models/Vietnam/TS_model.pkl
[2024-08-17T03:29:18.800+0000] {processor.py:830} INFO - Processing file /opt/airflow/dags/data/models/Vietnam/TS_model.pkl for tasks to queue
[2024-08-17T03:29:18.800+0000] {logging_mixin.py:188} INFO - [2024-08-17T03:29:18.800+0000] {dagbag.py:545} INFO - Filling up the DagBag from /opt/airflow/dags/data/models/Vietnam/TS_model.pkl
[2024-08-17T03:29:18.811+0000] {processor.py:842} WARNING - No viable dags retrieved from /opt/airflow/dags/data/models/Vietnam/TS_model.pkl
[2024-08-17T03:29:18.820+0000] {processor.py:183} INFO - Processing /opt/airflow/dags/data/models/Vietnam/TS_model.pkl took 0.025 seconds
[2024-08-17T03:29:49.382+0000] {processor.py:161} INFO - Started process (PID=14023) to work on /opt/airflow/dags/data/models/Vietnam/TS_model.pkl
[2024-08-17T03:29:49.382+0000] {processor.py:830} INFO - Processing file /opt/airflow/dags/data/models/Vietnam/TS_model.pkl for tasks to queue
[2024-08-17T03:29:49.383+0000] {logging_mixin.py:188} INFO - [2024-08-17T03:29:49.383+0000] {dagbag.py:545} INFO - Filling up the DagBag from /opt/airflow/dags/data/models/Vietnam/TS_model.pkl
[2024-08-17T03:29:49.391+0000] {processor.py:842} WARNING - No viable dags retrieved from /opt/airflow/dags/data/models/Vietnam/TS_model.pkl
[2024-08-17T03:29:49.400+0000] {processor.py:183} INFO - Processing /opt/airflow/dags/data/models/Vietnam/TS_model.pkl took 0.022 seconds
[2024-08-17T03:30:20.078+0000] {processor.py:161} INFO - Started process (PID=14458) to work on /opt/airflow/dags/data/models/Vietnam/TS_model.pkl
[2024-08-17T03:30:20.078+0000] {processor.py:830} INFO - Processing file /opt/airflow/dags/data/models/Vietnam/TS_model.pkl for tasks to queue
[2024-08-17T03:30:20.079+0000] {logging_mixin.py:188} INFO - [2024-08-17T03:30:20.079+0000] {dagbag.py:545} INFO - Filling up the DagBag from /opt/airflow/dags/data/models/Vietnam/TS_model.pkl
[2024-08-17T03:30:20.090+0000] {processor.py:842} WARNING - No viable dags retrieved from /opt/airflow/dags/data/models/Vietnam/TS_model.pkl
[2024-08-17T03:30:20.099+0000] {processor.py:183} INFO - Processing /opt/airflow/dags/data/models/Vietnam/TS_model.pkl took 0.025 seconds
[2024-08-17T03:30:51.822+0000] {processor.py:161} INFO - Started process (PID=14905) to work on /opt/airflow/dags/data/models/Vietnam/TS_model.pkl
[2024-08-17T03:30:51.823+0000] {processor.py:830} INFO - Processing file /opt/airflow/dags/data/models/Vietnam/TS_model.pkl for tasks to queue
[2024-08-17T03:30:51.823+0000] {logging_mixin.py:188} INFO - [2024-08-17T03:30:51.823+0000] {dagbag.py:545} INFO - Filling up the DagBag from /opt/airflow/dags/data/models/Vietnam/TS_model.pkl
[2024-08-17T03:30:51.834+0000] {processor.py:842} WARNING - No viable dags retrieved from /opt/airflow/dags/data/models/Vietnam/TS_model.pkl
[2024-08-17T03:30:51.844+0000] {processor.py:183} INFO - Processing /opt/airflow/dags/data/models/Vietnam/TS_model.pkl took 0.025 seconds
[2024-08-17T03:31:23.023+0000] {processor.py:161} INFO - Started process (PID=15340) to work on /opt/airflow/dags/data/models/Vietnam/TS_model.pkl
[2024-08-17T03:31:23.023+0000] {processor.py:830} INFO - Processing file /opt/airflow/dags/data/models/Vietnam/TS_model.pkl for tasks to queue
[2024-08-17T03:31:23.024+0000] {logging_mixin.py:188} INFO - [2024-08-17T03:31:23.024+0000] {dagbag.py:545} INFO - Filling up the DagBag from /opt/airflow/dags/data/models/Vietnam/TS_model.pkl
[2024-08-17T03:31:23.033+0000] {processor.py:842} WARNING - No viable dags retrieved from /opt/airflow/dags/data/models/Vietnam/TS_model.pkl
[2024-08-17T03:31:23.042+0000] {processor.py:183} INFO - Processing /opt/airflow/dags/data/models/Vietnam/TS_model.pkl took 0.023 seconds
[2024-08-17T03:31:53.867+0000] {processor.py:161} INFO - Started process (PID=15773) to work on /opt/airflow/dags/data/models/Vietnam/TS_model.pkl
[2024-08-17T03:31:53.867+0000] {processor.py:830} INFO - Processing file /opt/airflow/dags/data/models/Vietnam/TS_model.pkl for tasks to queue
[2024-08-17T03:31:53.868+0000] {logging_mixin.py:188} INFO - [2024-08-17T03:31:53.868+0000] {dagbag.py:545} INFO - Filling up the DagBag from /opt/airflow/dags/data/models/Vietnam/TS_model.pkl
[2024-08-17T03:31:53.875+0000] {processor.py:842} WARNING - No viable dags retrieved from /opt/airflow/dags/data/models/Vietnam/TS_model.pkl
[2024-08-17T03:31:53.885+0000] {processor.py:183} INFO - Processing /opt/airflow/dags/data/models/Vietnam/TS_model.pkl took 0.022 seconds
[2024-08-17T03:32:24.951+0000] {processor.py:161} INFO - Started process (PID=16219) to work on /opt/airflow/dags/data/models/Vietnam/TS_model.pkl
[2024-08-17T03:32:24.952+0000] {processor.py:830} INFO - Processing file /opt/airflow/dags/data/models/Vietnam/TS_model.pkl for tasks to queue
[2024-08-17T03:32:24.953+0000] {logging_mixin.py:188} INFO - [2024-08-17T03:32:24.952+0000] {dagbag.py:545} INFO - Filling up the DagBag from /opt/airflow/dags/data/models/Vietnam/TS_model.pkl
[2024-08-17T03:32:24.969+0000] {processor.py:842} WARNING - No viable dags retrieved from /opt/airflow/dags/data/models/Vietnam/TS_model.pkl
[2024-08-17T03:32:24.978+0000] {processor.py:183} INFO - Processing /opt/airflow/dags/data/models/Vietnam/TS_model.pkl took 0.031 seconds
[2024-08-17T03:32:55.457+0000] {processor.py:161} INFO - Started process (PID=16648) to work on /opt/airflow/dags/data/models/Vietnam/TS_model.pkl
[2024-08-17T03:32:55.458+0000] {processor.py:830} INFO - Processing file /opt/airflow/dags/data/models/Vietnam/TS_model.pkl for tasks to queue
[2024-08-17T03:32:55.459+0000] {logging_mixin.py:188} INFO - [2024-08-17T03:32:55.459+0000] {dagbag.py:545} INFO - Filling up the DagBag from /opt/airflow/dags/data/models/Vietnam/TS_model.pkl
[2024-08-17T03:32:55.466+0000] {processor.py:842} WARNING - No viable dags retrieved from /opt/airflow/dags/data/models/Vietnam/TS_model.pkl
[2024-08-17T03:32:55.475+0000] {processor.py:183} INFO - Processing /opt/airflow/dags/data/models/Vietnam/TS_model.pkl took 0.022 seconds
[2024-08-17T03:33:26.199+0000] {processor.py:161} INFO - Started process (PID=17075) to work on /opt/airflow/dags/data/models/Vietnam/TS_model.pkl
[2024-08-17T03:33:26.200+0000] {processor.py:830} INFO - Processing file /opt/airflow/dags/data/models/Vietnam/TS_model.pkl for tasks to queue
[2024-08-17T03:33:26.200+0000] {logging_mixin.py:188} INFO - [2024-08-17T03:33:26.200+0000] {dagbag.py:545} INFO - Filling up the DagBag from /opt/airflow/dags/data/models/Vietnam/TS_model.pkl
[2024-08-17T03:33:26.209+0000] {processor.py:842} WARNING - No viable dags retrieved from /opt/airflow/dags/data/models/Vietnam/TS_model.pkl
[2024-08-17T03:33:26.218+0000] {processor.py:183} INFO - Processing /opt/airflow/dags/data/models/Vietnam/TS_model.pkl took 0.023 seconds
[2024-08-17T03:33:57.738+0000] {processor.py:161} INFO - Started process (PID=17462) to work on /opt/airflow/dags/data/models/Vietnam/TS_model.pkl
[2024-08-17T03:33:57.739+0000] {processor.py:830} INFO - Processing file /opt/airflow/dags/data/models/Vietnam/TS_model.pkl for tasks to queue
[2024-08-17T03:33:57.740+0000] {logging_mixin.py:188} INFO - [2024-08-17T03:33:57.739+0000] {dagbag.py:545} INFO - Filling up the DagBag from /opt/airflow/dags/data/models/Vietnam/TS_model.pkl
[2024-08-17T03:33:57.748+0000] {processor.py:842} WARNING - No viable dags retrieved from /opt/airflow/dags/data/models/Vietnam/TS_model.pkl
[2024-08-17T03:33:57.758+0000] {processor.py:183} INFO - Processing /opt/airflow/dags/data/models/Vietnam/TS_model.pkl took 0.023 seconds
[2024-08-17T03:34:28.588+0000] {processor.py:161} INFO - Started process (PID=17916) to work on /opt/airflow/dags/data/models/Vietnam/TS_model.pkl
[2024-08-17T03:34:28.589+0000] {processor.py:830} INFO - Processing file /opt/airflow/dags/data/models/Vietnam/TS_model.pkl for tasks to queue
[2024-08-17T03:34:28.590+0000] {logging_mixin.py:188} INFO - [2024-08-17T03:34:28.589+0000] {dagbag.py:545} INFO - Filling up the DagBag from /opt/airflow/dags/data/models/Vietnam/TS_model.pkl
[2024-08-17T03:34:28.598+0000] {processor.py:842} WARNING - No viable dags retrieved from /opt/airflow/dags/data/models/Vietnam/TS_model.pkl
[2024-08-17T03:34:28.608+0000] {processor.py:183} INFO - Processing /opt/airflow/dags/data/models/Vietnam/TS_model.pkl took 0.023 seconds
[2024-08-17T03:34:59.311+0000] {processor.py:161} INFO - Started process (PID=18344) to work on /opt/airflow/dags/data/models/Vietnam/TS_model.pkl
[2024-08-17T03:34:59.311+0000] {processor.py:830} INFO - Processing file /opt/airflow/dags/data/models/Vietnam/TS_model.pkl for tasks to queue
[2024-08-17T03:34:59.312+0000] {logging_mixin.py:188} INFO - [2024-08-17T03:34:59.312+0000] {dagbag.py:545} INFO - Filling up the DagBag from /opt/airflow/dags/data/models/Vietnam/TS_model.pkl
[2024-08-17T03:34:59.322+0000] {processor.py:842} WARNING - No viable dags retrieved from /opt/airflow/dags/data/models/Vietnam/TS_model.pkl
[2024-08-17T03:34:59.332+0000] {processor.py:183} INFO - Processing /opt/airflow/dags/data/models/Vietnam/TS_model.pkl took 0.025 seconds
[2024-08-17T03:35:29.863+0000] {processor.py:161} INFO - Started process (PID=18798) to work on /opt/airflow/dags/data/models/Vietnam/TS_model.pkl
[2024-08-17T03:35:29.864+0000] {processor.py:830} INFO - Processing file /opt/airflow/dags/data/models/Vietnam/TS_model.pkl for tasks to queue
[2024-08-17T03:35:29.864+0000] {logging_mixin.py:188} INFO - [2024-08-17T03:35:29.864+0000] {dagbag.py:545} INFO - Filling up the DagBag from /opt/airflow/dags/data/models/Vietnam/TS_model.pkl
[2024-08-17T03:35:29.873+0000] {processor.py:842} WARNING - No viable dags retrieved from /opt/airflow/dags/data/models/Vietnam/TS_model.pkl
[2024-08-17T03:35:29.882+0000] {processor.py:183} INFO - Processing /opt/airflow/dags/data/models/Vietnam/TS_model.pkl took 0.023 seconds
[2024-08-17T03:36:00.299+0000] {processor.py:161} INFO - Started process (PID=19225) to work on /opt/airflow/dags/data/models/Vietnam/TS_model.pkl
[2024-08-17T03:36:00.299+0000] {processor.py:830} INFO - Processing file /opt/airflow/dags/data/models/Vietnam/TS_model.pkl for tasks to queue
[2024-08-17T03:36:00.300+0000] {logging_mixin.py:188} INFO - [2024-08-17T03:36:00.300+0000] {dagbag.py:545} INFO - Filling up the DagBag from /opt/airflow/dags/data/models/Vietnam/TS_model.pkl
[2024-08-17T03:36:00.311+0000] {processor.py:842} WARNING - No viable dags retrieved from /opt/airflow/dags/data/models/Vietnam/TS_model.pkl
[2024-08-17T03:36:00.321+0000] {processor.py:183} INFO - Processing /opt/airflow/dags/data/models/Vietnam/TS_model.pkl took 0.027 seconds
[2024-08-17T03:36:30.984+0000] {processor.py:161} INFO - Started process (PID=19678) to work on /opt/airflow/dags/data/models/Vietnam/TS_model.pkl
[2024-08-17T03:36:30.985+0000] {processor.py:830} INFO - Processing file /opt/airflow/dags/data/models/Vietnam/TS_model.pkl for tasks to queue
[2024-08-17T03:36:30.985+0000] {logging_mixin.py:188} INFO - [2024-08-17T03:36:30.985+0000] {dagbag.py:545} INFO - Filling up the DagBag from /opt/airflow/dags/data/models/Vietnam/TS_model.pkl
[2024-08-17T03:36:30.996+0000] {processor.py:842} WARNING - No viable dags retrieved from /opt/airflow/dags/data/models/Vietnam/TS_model.pkl
[2024-08-17T03:36:31.005+0000] {processor.py:183} INFO - Processing /opt/airflow/dags/data/models/Vietnam/TS_model.pkl took 0.025 seconds
[2024-08-17T03:37:01.511+0000] {processor.py:161} INFO - Started process (PID=20123) to work on /opt/airflow/dags/data/models/Vietnam/TS_model.pkl
[2024-08-17T03:37:01.511+0000] {processor.py:830} INFO - Processing file /opt/airflow/dags/data/models/Vietnam/TS_model.pkl for tasks to queue
[2024-08-17T03:37:01.512+0000] {logging_mixin.py:188} INFO - [2024-08-17T03:37:01.512+0000] {dagbag.py:545} INFO - Filling up the DagBag from /opt/airflow/dags/data/models/Vietnam/TS_model.pkl
[2024-08-17T03:37:01.521+0000] {processor.py:842} WARNING - No viable dags retrieved from /opt/airflow/dags/data/models/Vietnam/TS_model.pkl
[2024-08-17T03:37:01.530+0000] {processor.py:183} INFO - Processing /opt/airflow/dags/data/models/Vietnam/TS_model.pkl took 0.023 seconds
[2024-08-17T03:37:32.295+0000] {processor.py:161} INFO - Started process (PID=20551) to work on /opt/airflow/dags/data/models/Vietnam/TS_model.pkl
[2024-08-17T03:37:32.295+0000] {processor.py:830} INFO - Processing file /opt/airflow/dags/data/models/Vietnam/TS_model.pkl for tasks to queue
[2024-08-17T03:37:32.296+0000] {logging_mixin.py:188} INFO - [2024-08-17T03:37:32.296+0000] {dagbag.py:545} INFO - Filling up the DagBag from /opt/airflow/dags/data/models/Vietnam/TS_model.pkl
[2024-08-17T03:37:32.303+0000] {processor.py:842} WARNING - No viable dags retrieved from /opt/airflow/dags/data/models/Vietnam/TS_model.pkl
[2024-08-17T03:37:32.315+0000] {processor.py:183} INFO - Processing /opt/airflow/dags/data/models/Vietnam/TS_model.pkl took 0.025 seconds
[2024-08-17T09:22:46.609+0000] {processor.py:161} INFO - Started process (PID=132) to work on /opt/airflow/dags/data/models/Vietnam/TS_model.pkl
[2024-08-17T09:22:46.609+0000] {processor.py:830} INFO - Processing file /opt/airflow/dags/data/models/Vietnam/TS_model.pkl for tasks to queue
[2024-08-17T09:22:46.611+0000] {logging_mixin.py:188} INFO - [2024-08-17T09:22:46.610+0000] {dagbag.py:545} INFO - Filling up the DagBag from /opt/airflow/dags/data/models/Vietnam/TS_model.pkl
[2024-08-17T09:22:46.618+0000] {processor.py:842} WARNING - No viable dags retrieved from /opt/airflow/dags/data/models/Vietnam/TS_model.pkl
[2024-08-17T09:22:46.628+0000] {processor.py:183} INFO - Processing /opt/airflow/dags/data/models/Vietnam/TS_model.pkl took 0.023 seconds
[2024-08-17T09:23:18.644+0000] {processor.py:161} INFO - Started process (PID=588) to work on /opt/airflow/dags/data/models/Vietnam/TS_model.pkl
[2024-08-17T09:23:18.644+0000] {processor.py:830} INFO - Processing file /opt/airflow/dags/data/models/Vietnam/TS_model.pkl for tasks to queue
[2024-08-17T09:23:18.645+0000] {logging_mixin.py:188} INFO - [2024-08-17T09:23:18.645+0000] {dagbag.py:545} INFO - Filling up the DagBag from /opt/airflow/dags/data/models/Vietnam/TS_model.pkl
[2024-08-17T09:23:18.653+0000] {processor.py:842} WARNING - No viable dags retrieved from /opt/airflow/dags/data/models/Vietnam/TS_model.pkl
[2024-08-17T09:23:18.662+0000] {processor.py:183} INFO - Processing /opt/airflow/dags/data/models/Vietnam/TS_model.pkl took 0.021 seconds
[2024-08-17T09:23:49.625+0000] {processor.py:161} INFO - Started process (PID=1042) to work on /opt/airflow/dags/data/models/Vietnam/TS_model.pkl
[2024-08-17T09:23:49.625+0000] {processor.py:830} INFO - Processing file /opt/airflow/dags/data/models/Vietnam/TS_model.pkl for tasks to queue
[2024-08-17T09:23:49.626+0000] {logging_mixin.py:188} INFO - [2024-08-17T09:23:49.626+0000] {dagbag.py:545} INFO - Filling up the DagBag from /opt/airflow/dags/data/models/Vietnam/TS_model.pkl
[2024-08-17T09:23:49.634+0000] {processor.py:842} WARNING - No viable dags retrieved from /opt/airflow/dags/data/models/Vietnam/TS_model.pkl
[2024-08-17T09:23:49.643+0000] {processor.py:183} INFO - Processing /opt/airflow/dags/data/models/Vietnam/TS_model.pkl took 0.022 seconds
[2024-08-17T09:24:20.263+0000] {processor.py:161} INFO - Started process (PID=1470) to work on /opt/airflow/dags/data/models/Vietnam/TS_model.pkl
[2024-08-17T09:24:20.263+0000] {processor.py:830} INFO - Processing file /opt/airflow/dags/data/models/Vietnam/TS_model.pkl for tasks to queue
[2024-08-17T09:24:20.265+0000] {logging_mixin.py:188} INFO - [2024-08-17T09:24:20.264+0000] {dagbag.py:545} INFO - Filling up the DagBag from /opt/airflow/dags/data/models/Vietnam/TS_model.pkl
[2024-08-17T09:24:20.273+0000] {processor.py:842} WARNING - No viable dags retrieved from /opt/airflow/dags/data/models/Vietnam/TS_model.pkl
[2024-08-17T09:24:20.282+0000] {processor.py:183} INFO - Processing /opt/airflow/dags/data/models/Vietnam/TS_model.pkl took 0.023 seconds
[2024-08-17T09:24:50.814+0000] {processor.py:161} INFO - Started process (PID=1924) to work on /opt/airflow/dags/data/models/Vietnam/TS_model.pkl
[2024-08-17T09:24:50.814+0000] {processor.py:830} INFO - Processing file /opt/airflow/dags/data/models/Vietnam/TS_model.pkl for tasks to queue
[2024-08-17T09:24:50.815+0000] {logging_mixin.py:188} INFO - [2024-08-17T09:24:50.815+0000] {dagbag.py:545} INFO - Filling up the DagBag from /opt/airflow/dags/data/models/Vietnam/TS_model.pkl
[2024-08-17T09:24:50.822+0000] {processor.py:842} WARNING - No viable dags retrieved from /opt/airflow/dags/data/models/Vietnam/TS_model.pkl
[2024-08-17T09:24:50.830+0000] {processor.py:183} INFO - Processing /opt/airflow/dags/data/models/Vietnam/TS_model.pkl took 0.020 seconds
[2024-08-17T09:25:21.666+0000] {processor.py:161} INFO - Started process (PID=2359) to work on /opt/airflow/dags/data/models/Vietnam/TS_model.pkl
[2024-08-17T09:25:21.667+0000] {processor.py:830} INFO - Processing file /opt/airflow/dags/data/models/Vietnam/TS_model.pkl for tasks to queue
[2024-08-17T09:25:21.668+0000] {logging_mixin.py:188} INFO - [2024-08-17T09:25:21.668+0000] {dagbag.py:545} INFO - Filling up the DagBag from /opt/airflow/dags/data/models/Vietnam/TS_model.pkl
[2024-08-17T09:25:21.677+0000] {processor.py:842} WARNING - No viable dags retrieved from /opt/airflow/dags/data/models/Vietnam/TS_model.pkl
[2024-08-17T09:25:21.687+0000] {processor.py:183} INFO - Processing /opt/airflow/dags/data/models/Vietnam/TS_model.pkl took 0.024 seconds
[2024-08-17T09:25:52.440+0000] {processor.py:161} INFO - Started process (PID=2806) to work on /opt/airflow/dags/data/models/Vietnam/TS_model.pkl
[2024-08-17T09:25:52.440+0000] {processor.py:830} INFO - Processing file /opt/airflow/dags/data/models/Vietnam/TS_model.pkl for tasks to queue
[2024-08-17T09:25:52.441+0000] {logging_mixin.py:188} INFO - [2024-08-17T09:25:52.441+0000] {dagbag.py:545} INFO - Filling up the DagBag from /opt/airflow/dags/data/models/Vietnam/TS_model.pkl
[2024-08-17T09:25:52.448+0000] {processor.py:842} WARNING - No viable dags retrieved from /opt/airflow/dags/data/models/Vietnam/TS_model.pkl
[2024-08-17T09:25:52.458+0000] {processor.py:183} INFO - Processing /opt/airflow/dags/data/models/Vietnam/TS_model.pkl took 0.021 seconds
[2024-08-17T09:26:23.283+0000] {processor.py:161} INFO - Started process (PID=3260) to work on /opt/airflow/dags/data/models/Vietnam/TS_model.pkl
[2024-08-17T09:26:23.284+0000] {processor.py:830} INFO - Processing file /opt/airflow/dags/data/models/Vietnam/TS_model.pkl for tasks to queue
[2024-08-17T09:26:23.285+0000] {logging_mixin.py:188} INFO - [2024-08-17T09:26:23.285+0000] {dagbag.py:545} INFO - Filling up the DagBag from /opt/airflow/dags/data/models/Vietnam/TS_model.pkl
[2024-08-17T09:26:23.292+0000] {processor.py:842} WARNING - No viable dags retrieved from /opt/airflow/dags/data/models/Vietnam/TS_model.pkl
[2024-08-17T09:26:23.301+0000] {processor.py:183} INFO - Processing /opt/airflow/dags/data/models/Vietnam/TS_model.pkl took 0.021 seconds
[2024-08-17T09:26:53.974+0000] {processor.py:161} INFO - Started process (PID=3688) to work on /opt/airflow/dags/data/models/Vietnam/TS_model.pkl
[2024-08-17T09:26:53.975+0000] {processor.py:830} INFO - Processing file /opt/airflow/dags/data/models/Vietnam/TS_model.pkl for tasks to queue
[2024-08-17T09:26:53.976+0000] {logging_mixin.py:188} INFO - [2024-08-17T09:26:53.976+0000] {dagbag.py:545} INFO - Filling up the DagBag from /opt/airflow/dags/data/models/Vietnam/TS_model.pkl
[2024-08-17T09:26:53.983+0000] {processor.py:842} WARNING - No viable dags retrieved from /opt/airflow/dags/data/models/Vietnam/TS_model.pkl
[2024-08-17T09:26:53.992+0000] {processor.py:183} INFO - Processing /opt/airflow/dags/data/models/Vietnam/TS_model.pkl took 0.021 seconds
[2024-08-17T09:27:24.675+0000] {processor.py:161} INFO - Started process (PID=4142) to work on /opt/airflow/dags/data/models/Vietnam/TS_model.pkl
[2024-08-17T09:27:24.676+0000] {processor.py:830} INFO - Processing file /opt/airflow/dags/data/models/Vietnam/TS_model.pkl for tasks to queue
[2024-08-17T09:27:24.677+0000] {logging_mixin.py:188} INFO - [2024-08-17T09:27:24.677+0000] {dagbag.py:545} INFO - Filling up the DagBag from /opt/airflow/dags/data/models/Vietnam/TS_model.pkl
[2024-08-17T09:27:24.685+0000] {processor.py:842} WARNING - No viable dags retrieved from /opt/airflow/dags/data/models/Vietnam/TS_model.pkl
[2024-08-17T09:27:24.695+0000] {processor.py:183} INFO - Processing /opt/airflow/dags/data/models/Vietnam/TS_model.pkl took 0.023 seconds
[2024-08-17T09:27:55.587+0000] {processor.py:161} INFO - Started process (PID=4576) to work on /opt/airflow/dags/data/models/Vietnam/TS_model.pkl
[2024-08-17T09:27:55.588+0000] {processor.py:830} INFO - Processing file /opt/airflow/dags/data/models/Vietnam/TS_model.pkl for tasks to queue
[2024-08-17T09:27:55.589+0000] {logging_mixin.py:188} INFO - [2024-08-17T09:27:55.589+0000] {dagbag.py:545} INFO - Filling up the DagBag from /opt/airflow/dags/data/models/Vietnam/TS_model.pkl
[2024-08-17T09:27:55.602+0000] {processor.py:842} WARNING - No viable dags retrieved from /opt/airflow/dags/data/models/Vietnam/TS_model.pkl
[2024-08-17T09:27:55.612+0000] {processor.py:183} INFO - Processing /opt/airflow/dags/data/models/Vietnam/TS_model.pkl took 0.029 seconds
[2024-08-17T09:28:26.366+0000] {processor.py:161} INFO - Started process (PID=5004) to work on /opt/airflow/dags/data/models/Vietnam/TS_model.pkl
[2024-08-17T09:28:26.366+0000] {processor.py:830} INFO - Processing file /opt/airflow/dags/data/models/Vietnam/TS_model.pkl for tasks to queue
[2024-08-17T09:28:26.367+0000] {logging_mixin.py:188} INFO - [2024-08-17T09:28:26.367+0000] {dagbag.py:545} INFO - Filling up the DagBag from /opt/airflow/dags/data/models/Vietnam/TS_model.pkl
[2024-08-17T09:28:26.378+0000] {processor.py:842} WARNING - No viable dags retrieved from /opt/airflow/dags/data/models/Vietnam/TS_model.pkl
[2024-08-17T09:28:26.387+0000] {processor.py:183} INFO - Processing /opt/airflow/dags/data/models/Vietnam/TS_model.pkl took 0.025 seconds
[2024-08-17T09:28:57.126+0000] {processor.py:161} INFO - Started process (PID=5458) to work on /opt/airflow/dags/data/models/Vietnam/TS_model.pkl
[2024-08-17T09:28:57.127+0000] {processor.py:830} INFO - Processing file /opt/airflow/dags/data/models/Vietnam/TS_model.pkl for tasks to queue
[2024-08-17T09:28:57.128+0000] {logging_mixin.py:188} INFO - [2024-08-17T09:28:57.128+0000] {dagbag.py:545} INFO - Filling up the DagBag from /opt/airflow/dags/data/models/Vietnam/TS_model.pkl
[2024-08-17T09:28:57.135+0000] {processor.py:842} WARNING - No viable dags retrieved from /opt/airflow/dags/data/models/Vietnam/TS_model.pkl
[2024-08-17T09:28:57.144+0000] {processor.py:183} INFO - Processing /opt/airflow/dags/data/models/Vietnam/TS_model.pkl took 0.021 seconds
[2024-08-17T09:29:27.985+0000] {processor.py:161} INFO - Started process (PID=5874) to work on /opt/airflow/dags/data/models/Vietnam/TS_model.pkl
[2024-08-17T09:29:27.985+0000] {processor.py:830} INFO - Processing file /opt/airflow/dags/data/models/Vietnam/TS_model.pkl for tasks to queue
[2024-08-17T09:29:27.986+0000] {logging_mixin.py:188} INFO - [2024-08-17T09:29:27.986+0000] {dagbag.py:545} INFO - Filling up the DagBag from /opt/airflow/dags/data/models/Vietnam/TS_model.pkl
[2024-08-17T09:29:27.994+0000] {processor.py:842} WARNING - No viable dags retrieved from /opt/airflow/dags/data/models/Vietnam/TS_model.pkl
[2024-08-17T09:29:28.003+0000] {processor.py:183} INFO - Processing /opt/airflow/dags/data/models/Vietnam/TS_model.pkl took 0.021 seconds
[2024-08-17T09:29:58.443+0000] {processor.py:161} INFO - Started process (PID=6319) to work on /opt/airflow/dags/data/models/Vietnam/TS_model.pkl
[2024-08-17T09:29:58.444+0000] {processor.py:830} INFO - Processing file /opt/airflow/dags/data/models/Vietnam/TS_model.pkl for tasks to queue
[2024-08-17T09:29:58.445+0000] {logging_mixin.py:188} INFO - [2024-08-17T09:29:58.445+0000] {dagbag.py:545} INFO - Filling up the DagBag from /opt/airflow/dags/data/models/Vietnam/TS_model.pkl
[2024-08-17T09:29:58.453+0000] {processor.py:842} WARNING - No viable dags retrieved from /opt/airflow/dags/data/models/Vietnam/TS_model.pkl
[2024-08-17T09:29:58.461+0000] {processor.py:183} INFO - Processing /opt/airflow/dags/data/models/Vietnam/TS_model.pkl took 0.021 seconds
