[2024-08-17T03:13:56.560+0000] {processor.py:161} INFO - Started process (PID=444) to work on /opt/airflow/dags/data/models/Zambia/TS_model.pkl
[2024-08-17T03:13:56.561+0000] {processor.py:830} INFO - Processing file /opt/airflow/dags/data/models/Zambia/TS_model.pkl for tasks to queue
[2024-08-17T03:13:56.562+0000] {logging_mixin.py:188} INFO - [2024-08-17T03:13:56.562+0000] {dagbag.py:545} INFO - Filling up the DagBag from /opt/airflow/dags/data/models/Zambia/TS_model.pkl
[2024-08-17T03:13:56.574+0000] {processor.py:842} WARNING - No viable dags retrieved from /opt/airflow/dags/data/models/Zambia/TS_model.pkl
[2024-08-17T03:13:56.584+0000] {processor.py:183} INFO - Processing /opt/airflow/dags/data/models/Zambia/TS_model.pkl took 0.028 seconds
[2024-08-17T03:14:27.691+0000] {processor.py:161} INFO - Started process (PID=897) to work on /opt/airflow/dags/data/models/Zambia/TS_model.pkl
[2024-08-17T03:14:27.696+0000] {processor.py:830} INFO - Processing file /opt/airflow/dags/data/models/Zambia/TS_model.pkl for tasks to queue
[2024-08-17T03:14:27.697+0000] {logging_mixin.py:188} INFO - [2024-08-17T03:14:27.697+0000] {dagbag.py:545} INFO - Filling up the DagBag from /opt/airflow/dags/data/models/Zambia/TS_model.pkl
[2024-08-17T03:14:27.712+0000] {processor.py:842} WARNING - No viable dags retrieved from /opt/airflow/dags/data/models/Zambia/TS_model.pkl
[2024-08-17T03:14:27.721+0000] {processor.py:183} INFO - Processing /opt/airflow/dags/data/models/Zambia/TS_model.pkl took 0.035 seconds
[2024-08-17T03:14:58.348+0000] {processor.py:161} INFO - Started process (PID=1325) to work on /opt/airflow/dags/data/models/Zambia/TS_model.pkl
[2024-08-17T03:14:58.349+0000] {processor.py:830} INFO - Processing file /opt/airflow/dags/data/models/Zambia/TS_model.pkl for tasks to queue
[2024-08-17T03:14:58.349+0000] {logging_mixin.py:188} INFO - [2024-08-17T03:14:58.349+0000] {dagbag.py:545} INFO - Filling up the DagBag from /opt/airflow/dags/data/models/Zambia/TS_model.pkl
[2024-08-17T03:14:58.360+0000] {processor.py:842} WARNING - No viable dags retrieved from /opt/airflow/dags/data/models/Zambia/TS_model.pkl
[2024-08-17T03:14:58.369+0000] {processor.py:183} INFO - Processing /opt/airflow/dags/data/models/Zambia/TS_model.pkl took 0.024 seconds
[2024-08-17T03:15:29.230+0000] {processor.py:161} INFO - Started process (PID=1779) to work on /opt/airflow/dags/data/models/Zambia/TS_model.pkl
[2024-08-17T03:15:29.232+0000] {processor.py:830} INFO - Processing file /opt/airflow/dags/data/models/Zambia/TS_model.pkl for tasks to queue
[2024-08-17T03:15:29.233+0000] {logging_mixin.py:188} INFO - [2024-08-17T03:15:29.232+0000] {dagbag.py:545} INFO - Filling up the DagBag from /opt/airflow/dags/data/models/Zambia/TS_model.pkl
[2024-08-17T03:15:29.248+0000] {processor.py:842} WARNING - No viable dags retrieved from /opt/airflow/dags/data/models/Zambia/TS_model.pkl
[2024-08-17T03:15:29.257+0000] {processor.py:183} INFO - Processing /opt/airflow/dags/data/models/Zambia/TS_model.pkl took 0.031 seconds
[2024-08-17T03:16:00.077+0000] {processor.py:161} INFO - Started process (PID=2233) to work on /opt/airflow/dags/data/models/Zambia/TS_model.pkl
[2024-08-17T03:16:00.078+0000] {processor.py:830} INFO - Processing file /opt/airflow/dags/data/models/Zambia/TS_model.pkl for tasks to queue
[2024-08-17T03:16:00.079+0000] {logging_mixin.py:188} INFO - [2024-08-17T03:16:00.079+0000] {dagbag.py:545} INFO - Filling up the DagBag from /opt/airflow/dags/data/models/Zambia/TS_model.pkl
[2024-08-17T03:16:00.088+0000] {processor.py:842} WARNING - No viable dags retrieved from /opt/airflow/dags/data/models/Zambia/TS_model.pkl
[2024-08-17T03:16:00.097+0000] {processor.py:183} INFO - Processing /opt/airflow/dags/data/models/Zambia/TS_model.pkl took 0.024 seconds
[2024-08-17T03:16:31.052+0000] {processor.py:161} INFO - Started process (PID=2661) to work on /opt/airflow/dags/data/models/Zambia/TS_model.pkl
[2024-08-17T03:16:31.056+0000] {processor.py:830} INFO - Processing file /opt/airflow/dags/data/models/Zambia/TS_model.pkl for tasks to queue
[2024-08-17T03:16:31.057+0000] {logging_mixin.py:188} INFO - [2024-08-17T03:16:31.057+0000] {dagbag.py:545} INFO - Filling up the DagBag from /opt/airflow/dags/data/models/Zambia/TS_model.pkl
[2024-08-17T03:16:31.065+0000] {processor.py:842} WARNING - No viable dags retrieved from /opt/airflow/dags/data/models/Zambia/TS_model.pkl
[2024-08-17T03:16:31.074+0000] {processor.py:183} INFO - Processing /opt/airflow/dags/data/models/Zambia/TS_model.pkl took 0.026 seconds
[2024-08-17T03:17:01.654+0000] {processor.py:161} INFO - Started process (PID=3115) to work on /opt/airflow/dags/data/models/Zambia/TS_model.pkl
[2024-08-17T03:17:01.656+0000] {processor.py:830} INFO - Processing file /opt/airflow/dags/data/models/Zambia/TS_model.pkl for tasks to queue
[2024-08-17T03:17:01.656+0000] {logging_mixin.py:188} INFO - [2024-08-17T03:17:01.656+0000] {dagbag.py:545} INFO - Filling up the DagBag from /opt/airflow/dags/data/models/Zambia/TS_model.pkl
[2024-08-17T03:17:01.664+0000] {processor.py:842} WARNING - No viable dags retrieved from /opt/airflow/dags/data/models/Zambia/TS_model.pkl
[2024-08-17T03:17:01.674+0000] {processor.py:183} INFO - Processing /opt/airflow/dags/data/models/Zambia/TS_model.pkl took 0.023 seconds
[2024-08-17T03:17:32.395+0000] {processor.py:161} INFO - Started process (PID=3543) to work on /opt/airflow/dags/data/models/Zambia/TS_model.pkl
[2024-08-17T03:17:32.396+0000] {processor.py:830} INFO - Processing file /opt/airflow/dags/data/models/Zambia/TS_model.pkl for tasks to queue
[2024-08-17T03:17:32.397+0000] {logging_mixin.py:188} INFO - [2024-08-17T03:17:32.396+0000] {dagbag.py:545} INFO - Filling up the DagBag from /opt/airflow/dags/data/models/Zambia/TS_model.pkl
[2024-08-17T03:17:32.406+0000] {processor.py:842} WARNING - No viable dags retrieved from /opt/airflow/dags/data/models/Zambia/TS_model.pkl
[2024-08-17T03:17:32.415+0000] {processor.py:183} INFO - Processing /opt/airflow/dags/data/models/Zambia/TS_model.pkl took 0.023 seconds
[2024-08-17T03:18:02.975+0000] {processor.py:161} INFO - Started process (PID=3978) to work on /opt/airflow/dags/data/models/Zambia/TS_model.pkl
[2024-08-17T03:18:02.976+0000] {processor.py:830} INFO - Processing file /opt/airflow/dags/data/models/Zambia/TS_model.pkl for tasks to queue
[2024-08-17T03:18:02.977+0000] {logging_mixin.py:188} INFO - [2024-08-17T03:18:02.976+0000] {dagbag.py:545} INFO - Filling up the DagBag from /opt/airflow/dags/data/models/Zambia/TS_model.pkl
[2024-08-17T03:18:02.984+0000] {processor.py:842} WARNING - No viable dags retrieved from /opt/airflow/dags/data/models/Zambia/TS_model.pkl
[2024-08-17T03:18:02.994+0000] {processor.py:183} INFO - Processing /opt/airflow/dags/data/models/Zambia/TS_model.pkl took 0.022 seconds
[2024-08-17T03:18:33.349+0000] {processor.py:161} INFO - Started process (PID=4430) to work on /opt/airflow/dags/data/models/Zambia/TS_model.pkl
[2024-08-17T03:18:33.349+0000] {processor.py:830} INFO - Processing file /opt/airflow/dags/data/models/Zambia/TS_model.pkl for tasks to queue
[2024-08-17T03:18:33.350+0000] {logging_mixin.py:188} INFO - [2024-08-17T03:18:33.350+0000] {dagbag.py:545} INFO - Filling up the DagBag from /opt/airflow/dags/data/models/Zambia/TS_model.pkl
[2024-08-17T03:18:33.357+0000] {processor.py:842} WARNING - No viable dags retrieved from /opt/airflow/dags/data/models/Zambia/TS_model.pkl
[2024-08-17T03:18:33.367+0000] {processor.py:183} INFO - Processing /opt/airflow/dags/data/models/Zambia/TS_model.pkl took 0.023 seconds
[2024-08-17T03:19:03.926+0000] {processor.py:161} INFO - Started process (PID=4857) to work on /opt/airflow/dags/data/models/Zambia/TS_model.pkl
[2024-08-17T03:19:03.926+0000] {processor.py:830} INFO - Processing file /opt/airflow/dags/data/models/Zambia/TS_model.pkl for tasks to queue
[2024-08-17T03:19:03.927+0000] {logging_mixin.py:188} INFO - [2024-08-17T03:19:03.927+0000] {dagbag.py:545} INFO - Filling up the DagBag from /opt/airflow/dags/data/models/Zambia/TS_model.pkl
[2024-08-17T03:19:03.934+0000] {processor.py:842} WARNING - No viable dags retrieved from /opt/airflow/dags/data/models/Zambia/TS_model.pkl
[2024-08-17T03:19:03.944+0000] {processor.py:183} INFO - Processing /opt/airflow/dags/data/models/Zambia/TS_model.pkl took 0.022 seconds
[2024-08-17T03:19:34.457+0000] {processor.py:161} INFO - Started process (PID=5290) to work on /opt/airflow/dags/data/models/Zambia/TS_model.pkl
[2024-08-17T03:19:34.458+0000] {processor.py:830} INFO - Processing file /opt/airflow/dags/data/models/Zambia/TS_model.pkl for tasks to queue
[2024-08-17T03:19:34.459+0000] {logging_mixin.py:188} INFO - [2024-08-17T03:19:34.459+0000] {dagbag.py:545} INFO - Filling up the DagBag from /opt/airflow/dags/data/models/Zambia/TS_model.pkl
[2024-08-17T03:19:34.467+0000] {processor.py:842} WARNING - No viable dags retrieved from /opt/airflow/dags/data/models/Zambia/TS_model.pkl
[2024-08-17T03:19:34.477+0000] {processor.py:183} INFO - Processing /opt/airflow/dags/data/models/Zambia/TS_model.pkl took 0.023 seconds
[2024-08-17T03:20:04.950+0000] {processor.py:161} INFO - Started process (PID=5718) to work on /opt/airflow/dags/data/models/Zambia/TS_model.pkl
[2024-08-17T03:20:04.950+0000] {processor.py:830} INFO - Processing file /opt/airflow/dags/data/models/Zambia/TS_model.pkl for tasks to queue
[2024-08-17T03:20:04.951+0000] {logging_mixin.py:188} INFO - [2024-08-17T03:20:04.951+0000] {dagbag.py:545} INFO - Filling up the DagBag from /opt/airflow/dags/data/models/Zambia/TS_model.pkl
[2024-08-17T03:20:04.962+0000] {processor.py:842} WARNING - No viable dags retrieved from /opt/airflow/dags/data/models/Zambia/TS_model.pkl
[2024-08-17T03:20:04.971+0000] {processor.py:183} INFO - Processing /opt/airflow/dags/data/models/Zambia/TS_model.pkl took 0.025 seconds
[2024-08-17T03:20:35.603+0000] {processor.py:161} INFO - Started process (PID=6167) to work on /opt/airflow/dags/data/models/Zambia/TS_model.pkl
[2024-08-17T03:20:35.603+0000] {processor.py:830} INFO - Processing file /opt/airflow/dags/data/models/Zambia/TS_model.pkl for tasks to queue
[2024-08-17T03:20:35.604+0000] {logging_mixin.py:188} INFO - [2024-08-17T03:20:35.604+0000] {dagbag.py:545} INFO - Filling up the DagBag from /opt/airflow/dags/data/models/Zambia/TS_model.pkl
[2024-08-17T03:20:35.611+0000] {processor.py:842} WARNING - No viable dags retrieved from /opt/airflow/dags/data/models/Zambia/TS_model.pkl
[2024-08-17T03:20:35.621+0000] {processor.py:183} INFO - Processing /opt/airflow/dags/data/models/Zambia/TS_model.pkl took 0.022 seconds
[2024-08-17T03:21:06.327+0000] {processor.py:161} INFO - Started process (PID=6596) to work on /opt/airflow/dags/data/models/Zambia/TS_model.pkl
[2024-08-17T03:21:06.328+0000] {processor.py:830} INFO - Processing file /opt/airflow/dags/data/models/Zambia/TS_model.pkl for tasks to queue
[2024-08-17T03:21:06.328+0000] {logging_mixin.py:188} INFO - [2024-08-17T03:21:06.328+0000] {dagbag.py:545} INFO - Filling up the DagBag from /opt/airflow/dags/data/models/Zambia/TS_model.pkl
[2024-08-17T03:21:06.338+0000] {processor.py:842} WARNING - No viable dags retrieved from /opt/airflow/dags/data/models/Zambia/TS_model.pkl
[2024-08-17T03:21:06.348+0000] {processor.py:183} INFO - Processing /opt/airflow/dags/data/models/Zambia/TS_model.pkl took 0.024 seconds
[2024-08-17T03:21:37.465+0000] {processor.py:161} INFO - Started process (PID=7041) to work on /opt/airflow/dags/data/models/Zambia/TS_model.pkl
[2024-08-17T03:21:37.466+0000] {processor.py:830} INFO - Processing file /opt/airflow/dags/data/models/Zambia/TS_model.pkl for tasks to queue
[2024-08-17T03:21:37.467+0000] {logging_mixin.py:188} INFO - [2024-08-17T03:21:37.467+0000] {dagbag.py:545} INFO - Filling up the DagBag from /opt/airflow/dags/data/models/Zambia/TS_model.pkl
[2024-08-17T03:21:37.475+0000] {processor.py:842} WARNING - No viable dags retrieved from /opt/airflow/dags/data/models/Zambia/TS_model.pkl
[2024-08-17T03:21:37.485+0000] {processor.py:183} INFO - Processing /opt/airflow/dags/data/models/Zambia/TS_model.pkl took 0.024 seconds
[2024-08-17T03:22:07.888+0000] {processor.py:161} INFO - Started process (PID=7474) to work on /opt/airflow/dags/data/models/Zambia/TS_model.pkl
[2024-08-17T03:22:07.888+0000] {processor.py:830} INFO - Processing file /opt/airflow/dags/data/models/Zambia/TS_model.pkl for tasks to queue
[2024-08-17T03:22:07.889+0000] {logging_mixin.py:188} INFO - [2024-08-17T03:22:07.889+0000] {dagbag.py:545} INFO - Filling up the DagBag from /opt/airflow/dags/data/models/Zambia/TS_model.pkl
[2024-08-17T03:22:07.901+0000] {processor.py:842} WARNING - No viable dags retrieved from /opt/airflow/dags/data/models/Zambia/TS_model.pkl
[2024-08-17T03:22:07.910+0000] {processor.py:183} INFO - Processing /opt/airflow/dags/data/models/Zambia/TS_model.pkl took 0.026 seconds
[2024-08-17T03:22:38.624+0000] {processor.py:161} INFO - Started process (PID=7902) to work on /opt/airflow/dags/data/models/Zambia/TS_model.pkl
[2024-08-17T03:22:38.625+0000] {processor.py:830} INFO - Processing file /opt/airflow/dags/data/models/Zambia/TS_model.pkl for tasks to queue
[2024-08-17T03:22:38.626+0000] {logging_mixin.py:188} INFO - [2024-08-17T03:22:38.625+0000] {dagbag.py:545} INFO - Filling up the DagBag from /opt/airflow/dags/data/models/Zambia/TS_model.pkl
[2024-08-17T03:22:38.637+0000] {processor.py:842} WARNING - No viable dags retrieved from /opt/airflow/dags/data/models/Zambia/TS_model.pkl
[2024-08-17T03:22:38.647+0000] {processor.py:183} INFO - Processing /opt/airflow/dags/data/models/Zambia/TS_model.pkl took 0.026 seconds
[2024-08-17T03:23:09.328+0000] {processor.py:161} INFO - Started process (PID=8357) to work on /opt/airflow/dags/data/models/Zambia/TS_model.pkl
[2024-08-17T03:23:09.329+0000] {processor.py:830} INFO - Processing file /opt/airflow/dags/data/models/Zambia/TS_model.pkl for tasks to queue
[2024-08-17T03:23:09.329+0000] {logging_mixin.py:188} INFO - [2024-08-17T03:23:09.329+0000] {dagbag.py:545} INFO - Filling up the DagBag from /opt/airflow/dags/data/models/Zambia/TS_model.pkl
[2024-08-17T03:23:09.338+0000] {processor.py:842} WARNING - No viable dags retrieved from /opt/airflow/dags/data/models/Zambia/TS_model.pkl
[2024-08-17T03:23:09.348+0000] {processor.py:183} INFO - Processing /opt/airflow/dags/data/models/Zambia/TS_model.pkl took 0.024 seconds
[2024-08-17T03:23:39.824+0000] {processor.py:161} INFO - Started process (PID=8788) to work on /opt/airflow/dags/data/models/Zambia/TS_model.pkl
[2024-08-17T03:23:39.825+0000] {processor.py:830} INFO - Processing file /opt/airflow/dags/data/models/Zambia/TS_model.pkl for tasks to queue
[2024-08-17T03:23:39.826+0000] {logging_mixin.py:188} INFO - [2024-08-17T03:23:39.825+0000] {dagbag.py:545} INFO - Filling up the DagBag from /opt/airflow/dags/data/models/Zambia/TS_model.pkl
[2024-08-17T03:23:39.833+0000] {processor.py:842} WARNING - No viable dags retrieved from /opt/airflow/dags/data/models/Zambia/TS_model.pkl
[2024-08-17T03:23:39.842+0000] {processor.py:183} INFO - Processing /opt/airflow/dags/data/models/Zambia/TS_model.pkl took 0.022 seconds
[2024-08-17T03:24:10.767+0000] {processor.py:161} INFO - Started process (PID=9226) to work on /opt/airflow/dags/data/models/Zambia/TS_model.pkl
[2024-08-17T03:24:10.768+0000] {processor.py:830} INFO - Processing file /opt/airflow/dags/data/models/Zambia/TS_model.pkl for tasks to queue
[2024-08-17T03:24:10.769+0000] {logging_mixin.py:188} INFO - [2024-08-17T03:24:10.769+0000] {dagbag.py:545} INFO - Filling up the DagBag from /opt/airflow/dags/data/models/Zambia/TS_model.pkl
[2024-08-17T03:24:10.780+0000] {processor.py:842} WARNING - No viable dags retrieved from /opt/airflow/dags/data/models/Zambia/TS_model.pkl
[2024-08-17T03:24:10.789+0000] {processor.py:183} INFO - Processing /opt/airflow/dags/data/models/Zambia/TS_model.pkl took 0.025 seconds
[2024-08-17T03:24:41.131+0000] {processor.py:161} INFO - Started process (PID=9649) to work on /opt/airflow/dags/data/models/Zambia/TS_model.pkl
[2024-08-17T03:24:41.132+0000] {processor.py:830} INFO - Processing file /opt/airflow/dags/data/models/Zambia/TS_model.pkl for tasks to queue
[2024-08-17T03:24:41.133+0000] {logging_mixin.py:188} INFO - [2024-08-17T03:24:41.132+0000] {dagbag.py:545} INFO - Filling up the DagBag from /opt/airflow/dags/data/models/Zambia/TS_model.pkl
[2024-08-17T03:24:41.142+0000] {processor.py:842} WARNING - No viable dags retrieved from /opt/airflow/dags/data/models/Zambia/TS_model.pkl
[2024-08-17T03:24:41.152+0000] {processor.py:183} INFO - Processing /opt/airflow/dags/data/models/Zambia/TS_model.pkl took 0.024 seconds
[2024-08-17T03:25:11.711+0000] {processor.py:161} INFO - Started process (PID=10066) to work on /opt/airflow/dags/data/models/Zambia/TS_model.pkl
[2024-08-17T03:25:11.712+0000] {processor.py:830} INFO - Processing file /opt/airflow/dags/data/models/Zambia/TS_model.pkl for tasks to queue
[2024-08-17T03:25:11.712+0000] {logging_mixin.py:188} INFO - [2024-08-17T03:25:11.712+0000] {dagbag.py:545} INFO - Filling up the DagBag from /opt/airflow/dags/data/models/Zambia/TS_model.pkl
[2024-08-17T03:25:11.721+0000] {processor.py:842} WARNING - No viable dags retrieved from /opt/airflow/dags/data/models/Zambia/TS_model.pkl
[2024-08-17T03:25:11.730+0000] {processor.py:183} INFO - Processing /opt/airflow/dags/data/models/Zambia/TS_model.pkl took 0.022 seconds
[2024-08-17T03:25:42.976+0000] {processor.py:161} INFO - Started process (PID=10501) to work on /opt/airflow/dags/data/models/Zambia/TS_model.pkl
[2024-08-17T03:25:42.977+0000] {processor.py:830} INFO - Processing file /opt/airflow/dags/data/models/Zambia/TS_model.pkl for tasks to queue
[2024-08-17T03:25:42.978+0000] {logging_mixin.py:188} INFO - [2024-08-17T03:25:42.978+0000] {dagbag.py:545} INFO - Filling up the DagBag from /opt/airflow/dags/data/models/Zambia/TS_model.pkl
[2024-08-17T03:25:42.987+0000] {processor.py:842} WARNING - No viable dags retrieved from /opt/airflow/dags/data/models/Zambia/TS_model.pkl
[2024-08-17T03:25:42.996+0000] {processor.py:183} INFO - Processing /opt/airflow/dags/data/models/Zambia/TS_model.pkl took 0.024 seconds
[2024-08-17T03:26:13.758+0000] {processor.py:161} INFO - Started process (PID=10953) to work on /opt/airflow/dags/data/models/Zambia/TS_model.pkl
[2024-08-17T03:26:13.759+0000] {processor.py:830} INFO - Processing file /opt/airflow/dags/data/models/Zambia/TS_model.pkl for tasks to queue
[2024-08-17T03:26:13.759+0000] {logging_mixin.py:188} INFO - [2024-08-17T03:26:13.759+0000] {dagbag.py:545} INFO - Filling up the DagBag from /opt/airflow/dags/data/models/Zambia/TS_model.pkl
[2024-08-17T03:26:13.768+0000] {processor.py:842} WARNING - No viable dags retrieved from /opt/airflow/dags/data/models/Zambia/TS_model.pkl
[2024-08-17T03:26:13.778+0000] {processor.py:183} INFO - Processing /opt/airflow/dags/data/models/Zambia/TS_model.pkl took 0.023 seconds
[2024-08-17T03:26:44.093+0000] {processor.py:161} INFO - Started process (PID=11373) to work on /opt/airflow/dags/data/models/Zambia/TS_model.pkl
[2024-08-17T03:26:44.094+0000] {processor.py:830} INFO - Processing file /opt/airflow/dags/data/models/Zambia/TS_model.pkl for tasks to queue
[2024-08-17T03:26:44.096+0000] {logging_mixin.py:188} INFO - [2024-08-17T03:26:44.096+0000] {dagbag.py:545} INFO - Filling up the DagBag from /opt/airflow/dags/data/models/Zambia/TS_model.pkl
[2024-08-17T03:26:44.105+0000] {processor.py:842} WARNING - No viable dags retrieved from /opt/airflow/dags/data/models/Zambia/TS_model.pkl
[2024-08-17T03:26:44.115+0000] {processor.py:183} INFO - Processing /opt/airflow/dags/data/models/Zambia/TS_model.pkl took 0.026 seconds
[2024-08-17T03:27:14.575+0000] {processor.py:161} INFO - Started process (PID=11810) to work on /opt/airflow/dags/data/models/Zambia/TS_model.pkl
[2024-08-17T03:27:14.578+0000] {processor.py:830} INFO - Processing file /opt/airflow/dags/data/models/Zambia/TS_model.pkl for tasks to queue
[2024-08-17T03:27:14.579+0000] {logging_mixin.py:188} INFO - [2024-08-17T03:27:14.579+0000] {dagbag.py:545} INFO - Filling up the DagBag from /opt/airflow/dags/data/models/Zambia/TS_model.pkl
[2024-08-17T03:27:14.590+0000] {processor.py:842} WARNING - No viable dags retrieved from /opt/airflow/dags/data/models/Zambia/TS_model.pkl
[2024-08-17T03:27:14.600+0000] {processor.py:183} INFO - Processing /opt/airflow/dags/data/models/Zambia/TS_model.pkl took 0.029 seconds
[2024-08-17T03:27:45.454+0000] {processor.py:161} INFO - Started process (PID=12217) to work on /opt/airflow/dags/data/models/Zambia/TS_model.pkl
[2024-08-17T03:27:45.454+0000] {processor.py:830} INFO - Processing file /opt/airflow/dags/data/models/Zambia/TS_model.pkl for tasks to queue
[2024-08-17T03:27:45.455+0000] {logging_mixin.py:188} INFO - [2024-08-17T03:27:45.455+0000] {dagbag.py:545} INFO - Filling up the DagBag from /opt/airflow/dags/data/models/Zambia/TS_model.pkl
[2024-08-17T03:27:45.467+0000] {processor.py:842} WARNING - No viable dags retrieved from /opt/airflow/dags/data/models/Zambia/TS_model.pkl
[2024-08-17T03:27:45.479+0000] {processor.py:183} INFO - Processing /opt/airflow/dags/data/models/Zambia/TS_model.pkl took 0.029 seconds
[2024-08-17T03:28:16.022+0000] {processor.py:161} INFO - Started process (PID=12671) to work on /opt/airflow/dags/data/models/Zambia/TS_model.pkl
[2024-08-17T03:28:16.022+0000] {processor.py:830} INFO - Processing file /opt/airflow/dags/data/models/Zambia/TS_model.pkl for tasks to queue
[2024-08-17T03:28:16.023+0000] {logging_mixin.py:188} INFO - [2024-08-17T03:28:16.023+0000] {dagbag.py:545} INFO - Filling up the DagBag from /opt/airflow/dags/data/models/Zambia/TS_model.pkl
[2024-08-17T03:28:16.049+0000] {processor.py:842} WARNING - No viable dags retrieved from /opt/airflow/dags/data/models/Zambia/TS_model.pkl
[2024-08-17T03:28:16.059+0000] {processor.py:183} INFO - Processing /opt/airflow/dags/data/models/Zambia/TS_model.pkl took 0.041 seconds
[2024-08-17T03:28:46.678+0000] {processor.py:161} INFO - Started process (PID=13125) to work on /opt/airflow/dags/data/models/Zambia/TS_model.pkl
[2024-08-17T03:28:46.678+0000] {processor.py:830} INFO - Processing file /opt/airflow/dags/data/models/Zambia/TS_model.pkl for tasks to queue
[2024-08-17T03:28:46.679+0000] {logging_mixin.py:188} INFO - [2024-08-17T03:28:46.678+0000] {dagbag.py:545} INFO - Filling up the DagBag from /opt/airflow/dags/data/models/Zambia/TS_model.pkl
[2024-08-17T03:28:46.685+0000] {processor.py:842} WARNING - No viable dags retrieved from /opt/airflow/dags/data/models/Zambia/TS_model.pkl
[2024-08-17T03:28:46.695+0000] {processor.py:183} INFO - Processing /opt/airflow/dags/data/models/Zambia/TS_model.pkl took 0.021 seconds
[2024-08-17T03:29:17.162+0000] {processor.py:161} INFO - Started process (PID=13550) to work on /opt/airflow/dags/data/models/Zambia/TS_model.pkl
[2024-08-17T03:29:17.171+0000] {processor.py:830} INFO - Processing file /opt/airflow/dags/data/models/Zambia/TS_model.pkl for tasks to queue
[2024-08-17T03:29:17.172+0000] {logging_mixin.py:188} INFO - [2024-08-17T03:29:17.172+0000] {dagbag.py:545} INFO - Filling up the DagBag from /opt/airflow/dags/data/models/Zambia/TS_model.pkl
[2024-08-17T03:29:17.180+0000] {processor.py:842} WARNING - No viable dags retrieved from /opt/airflow/dags/data/models/Zambia/TS_model.pkl
[2024-08-17T03:29:17.190+0000] {processor.py:183} INFO - Processing /opt/airflow/dags/data/models/Zambia/TS_model.pkl took 0.032 seconds
[2024-08-17T03:29:47.567+0000] {processor.py:161} INFO - Started process (PID=13999) to work on /opt/airflow/dags/data/models/Zambia/TS_model.pkl
[2024-08-17T03:29:47.567+0000] {processor.py:830} INFO - Processing file /opt/airflow/dags/data/models/Zambia/TS_model.pkl for tasks to queue
[2024-08-17T03:29:47.568+0000] {logging_mixin.py:188} INFO - [2024-08-17T03:29:47.568+0000] {dagbag.py:545} INFO - Filling up the DagBag from /opt/airflow/dags/data/models/Zambia/TS_model.pkl
[2024-08-17T03:29:47.578+0000] {processor.py:842} WARNING - No viable dags retrieved from /opt/airflow/dags/data/models/Zambia/TS_model.pkl
[2024-08-17T03:29:47.588+0000] {processor.py:183} INFO - Processing /opt/airflow/dags/data/models/Zambia/TS_model.pkl took 0.025 seconds
[2024-08-17T03:30:18.136+0000] {processor.py:161} INFO - Started process (PID=14418) to work on /opt/airflow/dags/data/models/Zambia/TS_model.pkl
[2024-08-17T03:30:18.136+0000] {processor.py:830} INFO - Processing file /opt/airflow/dags/data/models/Zambia/TS_model.pkl for tasks to queue
[2024-08-17T03:30:18.137+0000] {logging_mixin.py:188} INFO - [2024-08-17T03:30:18.137+0000] {dagbag.py:545} INFO - Filling up the DagBag from /opt/airflow/dags/data/models/Zambia/TS_model.pkl
[2024-08-17T03:30:18.144+0000] {processor.py:842} WARNING - No viable dags retrieved from /opt/airflow/dags/data/models/Zambia/TS_model.pkl
[2024-08-17T03:30:18.154+0000] {processor.py:183} INFO - Processing /opt/airflow/dags/data/models/Zambia/TS_model.pkl took 0.022 seconds
[2024-08-17T03:30:50.191+0000] {processor.py:161} INFO - Started process (PID=14852) to work on /opt/airflow/dags/data/models/Zambia/TS_model.pkl
[2024-08-17T03:30:50.191+0000] {processor.py:830} INFO - Processing file /opt/airflow/dags/data/models/Zambia/TS_model.pkl for tasks to queue
[2024-08-17T03:30:50.192+0000] {logging_mixin.py:188} INFO - [2024-08-17T03:30:50.192+0000] {dagbag.py:545} INFO - Filling up the DagBag from /opt/airflow/dags/data/models/Zambia/TS_model.pkl
[2024-08-17T03:30:50.200+0000] {processor.py:842} WARNING - No viable dags retrieved from /opt/airflow/dags/data/models/Zambia/TS_model.pkl
[2024-08-17T03:30:50.209+0000] {processor.py:183} INFO - Processing /opt/airflow/dags/data/models/Zambia/TS_model.pkl took 0.021 seconds
[2024-08-17T03:31:21.152+0000] {processor.py:161} INFO - Started process (PID=15305) to work on /opt/airflow/dags/data/models/Zambia/TS_model.pkl
[2024-08-17T03:31:21.153+0000] {processor.py:830} INFO - Processing file /opt/airflow/dags/data/models/Zambia/TS_model.pkl for tasks to queue
[2024-08-17T03:31:21.153+0000] {logging_mixin.py:188} INFO - [2024-08-17T03:31:21.153+0000] {dagbag.py:545} INFO - Filling up the DagBag from /opt/airflow/dags/data/models/Zambia/TS_model.pkl
[2024-08-17T03:31:21.162+0000] {processor.py:842} WARNING - No viable dags retrieved from /opt/airflow/dags/data/models/Zambia/TS_model.pkl
[2024-08-17T03:31:21.172+0000] {processor.py:183} INFO - Processing /opt/airflow/dags/data/models/Zambia/TS_model.pkl took 0.023 seconds
[2024-08-17T03:31:51.790+0000] {processor.py:161} INFO - Started process (PID=15733) to work on /opt/airflow/dags/data/models/Zambia/TS_model.pkl
[2024-08-17T03:31:51.794+0000] {processor.py:830} INFO - Processing file /opt/airflow/dags/data/models/Zambia/TS_model.pkl for tasks to queue
[2024-08-17T03:31:51.794+0000] {logging_mixin.py:188} INFO - [2024-08-17T03:31:51.794+0000] {dagbag.py:545} INFO - Filling up the DagBag from /opt/airflow/dags/data/models/Zambia/TS_model.pkl
[2024-08-17T03:31:51.807+0000] {processor.py:842} WARNING - No viable dags retrieved from /opt/airflow/dags/data/models/Zambia/TS_model.pkl
[2024-08-17T03:31:51.817+0000] {processor.py:183} INFO - Processing /opt/airflow/dags/data/models/Zambia/TS_model.pkl took 0.031 seconds
[2024-08-17T03:32:22.300+0000] {processor.py:161} INFO - Started process (PID=16165) to work on /opt/airflow/dags/data/models/Zambia/TS_model.pkl
[2024-08-17T03:32:22.301+0000] {processor.py:830} INFO - Processing file /opt/airflow/dags/data/models/Zambia/TS_model.pkl for tasks to queue
[2024-08-17T03:32:22.301+0000] {logging_mixin.py:188} INFO - [2024-08-17T03:32:22.301+0000] {dagbag.py:545} INFO - Filling up the DagBag from /opt/airflow/dags/data/models/Zambia/TS_model.pkl
[2024-08-17T03:32:22.310+0000] {processor.py:842} WARNING - No viable dags retrieved from /opt/airflow/dags/data/models/Zambia/TS_model.pkl
[2024-08-17T03:32:22.320+0000] {processor.py:183} INFO - Processing /opt/airflow/dags/data/models/Zambia/TS_model.pkl took 0.024 seconds
[2024-08-17T03:32:53.111+0000] {processor.py:161} INFO - Started process (PID=16598) to work on /opt/airflow/dags/data/models/Zambia/TS_model.pkl
[2024-08-17T03:32:53.111+0000] {processor.py:830} INFO - Processing file /opt/airflow/dags/data/models/Zambia/TS_model.pkl for tasks to queue
[2024-08-17T03:32:53.112+0000] {logging_mixin.py:188} INFO - [2024-08-17T03:32:53.112+0000] {dagbag.py:545} INFO - Filling up the DagBag from /opt/airflow/dags/data/models/Zambia/TS_model.pkl
[2024-08-17T03:32:53.120+0000] {processor.py:842} WARNING - No viable dags retrieved from /opt/airflow/dags/data/models/Zambia/TS_model.pkl
[2024-08-17T03:32:53.130+0000] {processor.py:183} INFO - Processing /opt/airflow/dags/data/models/Zambia/TS_model.pkl took 0.023 seconds
[2024-08-17T03:33:23.957+0000] {processor.py:161} INFO - Started process (PID=17045) to work on /opt/airflow/dags/data/models/Zambia/TS_model.pkl
[2024-08-17T03:33:23.958+0000] {processor.py:830} INFO - Processing file /opt/airflow/dags/data/models/Zambia/TS_model.pkl for tasks to queue
[2024-08-17T03:33:23.959+0000] {logging_mixin.py:188} INFO - [2024-08-17T03:33:23.958+0000] {dagbag.py:545} INFO - Filling up the DagBag from /opt/airflow/dags/data/models/Zambia/TS_model.pkl
[2024-08-17T03:33:23.966+0000] {processor.py:842} WARNING - No viable dags retrieved from /opt/airflow/dags/data/models/Zambia/TS_model.pkl
[2024-08-17T03:33:23.975+0000] {processor.py:183} INFO - Processing /opt/airflow/dags/data/models/Zambia/TS_model.pkl took 0.022 seconds
[2024-08-17T03:33:57.575+0000] {processor.py:161} INFO - Started process (PID=17458) to work on /opt/airflow/dags/data/models/Zambia/TS_model.pkl
[2024-08-17T03:33:57.576+0000] {processor.py:830} INFO - Processing file /opt/airflow/dags/data/models/Zambia/TS_model.pkl for tasks to queue
[2024-08-17T03:33:57.577+0000] {logging_mixin.py:188} INFO - [2024-08-17T03:33:57.576+0000] {dagbag.py:545} INFO - Filling up the DagBag from /opt/airflow/dags/data/models/Zambia/TS_model.pkl
[2024-08-17T03:33:57.597+0000] {processor.py:842} WARNING - No viable dags retrieved from /opt/airflow/dags/data/models/Zambia/TS_model.pkl
[2024-08-17T03:33:57.609+0000] {processor.py:183} INFO - Processing /opt/airflow/dags/data/models/Zambia/TS_model.pkl took 0.037 seconds
[2024-08-17T03:34:28.462+0000] {processor.py:161} INFO - Started process (PID=17912) to work on /opt/airflow/dags/data/models/Zambia/TS_model.pkl
[2024-08-17T03:34:28.463+0000] {processor.py:830} INFO - Processing file /opt/airflow/dags/data/models/Zambia/TS_model.pkl for tasks to queue
[2024-08-17T03:34:28.464+0000] {logging_mixin.py:188} INFO - [2024-08-17T03:34:28.463+0000] {dagbag.py:545} INFO - Filling up the DagBag from /opt/airflow/dags/data/models/Zambia/TS_model.pkl
[2024-08-17T03:34:28.473+0000] {processor.py:842} WARNING - No viable dags retrieved from /opt/airflow/dags/data/models/Zambia/TS_model.pkl
[2024-08-17T03:34:28.482+0000] {processor.py:183} INFO - Processing /opt/airflow/dags/data/models/Zambia/TS_model.pkl took 0.024 seconds
[2024-08-17T03:34:58.873+0000] {processor.py:161} INFO - Started process (PID=18339) to work on /opt/airflow/dags/data/models/Zambia/TS_model.pkl
[2024-08-17T03:34:58.874+0000] {processor.py:830} INFO - Processing file /opt/airflow/dags/data/models/Zambia/TS_model.pkl for tasks to queue
[2024-08-17T03:34:58.875+0000] {logging_mixin.py:188} INFO - [2024-08-17T03:34:58.875+0000] {dagbag.py:545} INFO - Filling up the DagBag from /opt/airflow/dags/data/models/Zambia/TS_model.pkl
[2024-08-17T03:34:58.884+0000] {processor.py:842} WARNING - No viable dags retrieved from /opt/airflow/dags/data/models/Zambia/TS_model.pkl
[2024-08-17T03:34:58.894+0000] {processor.py:183} INFO - Processing /opt/airflow/dags/data/models/Zambia/TS_model.pkl took 0.025 seconds
[2024-08-17T03:35:29.406+0000] {processor.py:161} INFO - Started process (PID=18793) to work on /opt/airflow/dags/data/models/Zambia/TS_model.pkl
[2024-08-17T03:35:29.407+0000] {processor.py:830} INFO - Processing file /opt/airflow/dags/data/models/Zambia/TS_model.pkl for tasks to queue
[2024-08-17T03:35:29.408+0000] {logging_mixin.py:188} INFO - [2024-08-17T03:35:29.408+0000] {dagbag.py:545} INFO - Filling up the DagBag from /opt/airflow/dags/data/models/Zambia/TS_model.pkl
[2024-08-17T03:35:29.421+0000] {processor.py:842} WARNING - No viable dags retrieved from /opt/airflow/dags/data/models/Zambia/TS_model.pkl
[2024-08-17T03:35:29.430+0000] {processor.py:183} INFO - Processing /opt/airflow/dags/data/models/Zambia/TS_model.pkl took 0.028 seconds
[2024-08-17T03:35:59.752+0000] {processor.py:161} INFO - Started process (PID=19217) to work on /opt/airflow/dags/data/models/Zambia/TS_model.pkl
[2024-08-17T03:35:59.753+0000] {processor.py:830} INFO - Processing file /opt/airflow/dags/data/models/Zambia/TS_model.pkl for tasks to queue
[2024-08-17T03:35:59.753+0000] {logging_mixin.py:188} INFO - [2024-08-17T03:35:59.753+0000] {dagbag.py:545} INFO - Filling up the DagBag from /opt/airflow/dags/data/models/Zambia/TS_model.pkl
[2024-08-17T03:35:59.761+0000] {processor.py:842} WARNING - No viable dags retrieved from /opt/airflow/dags/data/models/Zambia/TS_model.pkl
[2024-08-17T03:35:59.771+0000] {processor.py:183} INFO - Processing /opt/airflow/dags/data/models/Zambia/TS_model.pkl took 0.022 seconds
[2024-08-17T03:36:30.234+0000] {processor.py:161} INFO - Started process (PID=19665) to work on /opt/airflow/dags/data/models/Zambia/TS_model.pkl
[2024-08-17T03:36:30.235+0000] {processor.py:830} INFO - Processing file /opt/airflow/dags/data/models/Zambia/TS_model.pkl for tasks to queue
[2024-08-17T03:36:30.235+0000] {logging_mixin.py:188} INFO - [2024-08-17T03:36:30.235+0000] {dagbag.py:545} INFO - Filling up the DagBag from /opt/airflow/dags/data/models/Zambia/TS_model.pkl
[2024-08-17T03:36:30.251+0000] {processor.py:842} WARNING - No viable dags retrieved from /opt/airflow/dags/data/models/Zambia/TS_model.pkl
[2024-08-17T03:36:30.261+0000] {processor.py:183} INFO - Processing /opt/airflow/dags/data/models/Zambia/TS_model.pkl took 0.031 seconds
[2024-08-17T03:37:01.385+0000] {processor.py:161} INFO - Started process (PID=20119) to work on /opt/airflow/dags/data/models/Zambia/TS_model.pkl
[2024-08-17T03:37:01.386+0000] {processor.py:830} INFO - Processing file /opt/airflow/dags/data/models/Zambia/TS_model.pkl for tasks to queue
[2024-08-17T03:37:01.387+0000] {logging_mixin.py:188} INFO - [2024-08-17T03:37:01.386+0000] {dagbag.py:545} INFO - Filling up the DagBag from /opt/airflow/dags/data/models/Zambia/TS_model.pkl
[2024-08-17T03:37:01.396+0000] {processor.py:842} WARNING - No viable dags retrieved from /opt/airflow/dags/data/models/Zambia/TS_model.pkl
[2024-08-17T03:37:01.405+0000] {processor.py:183} INFO - Processing /opt/airflow/dags/data/models/Zambia/TS_model.pkl took 0.023 seconds
[2024-08-17T03:37:32.199+0000] {processor.py:161} INFO - Started process (PID=20547) to work on /opt/airflow/dags/data/models/Zambia/TS_model.pkl
[2024-08-17T03:37:32.199+0000] {processor.py:830} INFO - Processing file /opt/airflow/dags/data/models/Zambia/TS_model.pkl for tasks to queue
[2024-08-17T03:37:32.200+0000] {logging_mixin.py:188} INFO - [2024-08-17T03:37:32.200+0000] {dagbag.py:545} INFO - Filling up the DagBag from /opt/airflow/dags/data/models/Zambia/TS_model.pkl
[2024-08-17T03:37:32.210+0000] {processor.py:842} WARNING - No viable dags retrieved from /opt/airflow/dags/data/models/Zambia/TS_model.pkl
[2024-08-17T03:37:32.220+0000] {processor.py:183} INFO - Processing /opt/airflow/dags/data/models/Zambia/TS_model.pkl took 0.025 seconds
[2024-08-17T09:22:46.460+0000] {processor.py:161} INFO - Started process (PID=128) to work on /opt/airflow/dags/data/models/Zambia/TS_model.pkl
[2024-08-17T09:22:46.461+0000] {processor.py:830} INFO - Processing file /opt/airflow/dags/data/models/Zambia/TS_model.pkl for tasks to queue
[2024-08-17T09:22:46.462+0000] {logging_mixin.py:188} INFO - [2024-08-17T09:22:46.462+0000] {dagbag.py:545} INFO - Filling up the DagBag from /opt/airflow/dags/data/models/Zambia/TS_model.pkl
[2024-08-17T09:22:46.473+0000] {processor.py:842} WARNING - No viable dags retrieved from /opt/airflow/dags/data/models/Zambia/TS_model.pkl
[2024-08-17T09:22:46.481+0000] {processor.py:183} INFO - Processing /opt/airflow/dags/data/models/Zambia/TS_model.pkl took 0.024 seconds
[2024-08-17T09:23:18.507+0000] {processor.py:161} INFO - Started process (PID=584) to work on /opt/airflow/dags/data/models/Zambia/TS_model.pkl
[2024-08-17T09:23:18.508+0000] {processor.py:830} INFO - Processing file /opt/airflow/dags/data/models/Zambia/TS_model.pkl for tasks to queue
[2024-08-17T09:23:18.509+0000] {logging_mixin.py:188} INFO - [2024-08-17T09:23:18.509+0000] {dagbag.py:545} INFO - Filling up the DagBag from /opt/airflow/dags/data/models/Zambia/TS_model.pkl
[2024-08-17T09:23:18.517+0000] {processor.py:842} WARNING - No viable dags retrieved from /opt/airflow/dags/data/models/Zambia/TS_model.pkl
[2024-08-17T09:23:18.525+0000] {processor.py:183} INFO - Processing /opt/airflow/dags/data/models/Zambia/TS_model.pkl took 0.021 seconds
[2024-08-17T09:23:49.417+0000] {processor.py:161} INFO - Started process (PID=1038) to work on /opt/airflow/dags/data/models/Zambia/TS_model.pkl
[2024-08-17T09:23:49.418+0000] {processor.py:830} INFO - Processing file /opt/airflow/dags/data/models/Zambia/TS_model.pkl for tasks to queue
[2024-08-17T09:23:49.419+0000] {logging_mixin.py:188} INFO - [2024-08-17T09:23:49.419+0000] {dagbag.py:545} INFO - Filling up the DagBag from /opt/airflow/dags/data/models/Zambia/TS_model.pkl
[2024-08-17T09:23:49.429+0000] {processor.py:842} WARNING - No viable dags retrieved from /opt/airflow/dags/data/models/Zambia/TS_model.pkl
[2024-08-17T09:23:49.439+0000] {processor.py:183} INFO - Processing /opt/airflow/dags/data/models/Zambia/TS_model.pkl took 0.026 seconds
[2024-08-17T09:24:20.119+0000] {processor.py:161} INFO - Started process (PID=1466) to work on /opt/airflow/dags/data/models/Zambia/TS_model.pkl
[2024-08-17T09:24:20.120+0000] {processor.py:830} INFO - Processing file /opt/airflow/dags/data/models/Zambia/TS_model.pkl for tasks to queue
[2024-08-17T09:24:20.121+0000] {logging_mixin.py:188} INFO - [2024-08-17T09:24:20.121+0000] {dagbag.py:545} INFO - Filling up the DagBag from /opt/airflow/dags/data/models/Zambia/TS_model.pkl
[2024-08-17T09:24:20.134+0000] {processor.py:842} WARNING - No viable dags retrieved from /opt/airflow/dags/data/models/Zambia/TS_model.pkl
[2024-08-17T09:24:20.142+0000] {processor.py:183} INFO - Processing /opt/airflow/dags/data/models/Zambia/TS_model.pkl took 0.027 seconds
[2024-08-17T09:24:50.671+0000] {processor.py:161} INFO - Started process (PID=1920) to work on /opt/airflow/dags/data/models/Zambia/TS_model.pkl
[2024-08-17T09:24:50.671+0000] {processor.py:830} INFO - Processing file /opt/airflow/dags/data/models/Zambia/TS_model.pkl for tasks to queue
[2024-08-17T09:24:50.672+0000] {logging_mixin.py:188} INFO - [2024-08-17T09:24:50.672+0000] {dagbag.py:545} INFO - Filling up the DagBag from /opt/airflow/dags/data/models/Zambia/TS_model.pkl
[2024-08-17T09:24:50.684+0000] {processor.py:842} WARNING - No viable dags retrieved from /opt/airflow/dags/data/models/Zambia/TS_model.pkl
[2024-08-17T09:24:50.692+0000] {processor.py:183} INFO - Processing /opt/airflow/dags/data/models/Zambia/TS_model.pkl took 0.025 seconds
[2024-08-17T09:25:21.506+0000] {processor.py:161} INFO - Started process (PID=2348) to work on /opt/airflow/dags/data/models/Zambia/TS_model.pkl
[2024-08-17T09:25:21.506+0000] {processor.py:830} INFO - Processing file /opt/airflow/dags/data/models/Zambia/TS_model.pkl for tasks to queue
[2024-08-17T09:25:21.507+0000] {logging_mixin.py:188} INFO - [2024-08-17T09:25:21.507+0000] {dagbag.py:545} INFO - Filling up the DagBag from /opt/airflow/dags/data/models/Zambia/TS_model.pkl
[2024-08-17T09:25:21.516+0000] {processor.py:842} WARNING - No viable dags retrieved from /opt/airflow/dags/data/models/Zambia/TS_model.pkl
[2024-08-17T09:25:21.525+0000] {processor.py:183} INFO - Processing /opt/airflow/dags/data/models/Zambia/TS_model.pkl took 0.023 seconds
[2024-08-17T09:25:52.292+0000] {processor.py:161} INFO - Started process (PID=2802) to work on /opt/airflow/dags/data/models/Zambia/TS_model.pkl
[2024-08-17T09:25:52.294+0000] {processor.py:830} INFO - Processing file /opt/airflow/dags/data/models/Zambia/TS_model.pkl for tasks to queue
[2024-08-17T09:25:52.297+0000] {logging_mixin.py:188} INFO - [2024-08-17T09:25:52.297+0000] {dagbag.py:545} INFO - Filling up the DagBag from /opt/airflow/dags/data/models/Zambia/TS_model.pkl
[2024-08-17T09:25:52.310+0000] {processor.py:842} WARNING - No viable dags retrieved from /opt/airflow/dags/data/models/Zambia/TS_model.pkl
[2024-08-17T09:25:52.319+0000] {processor.py:183} INFO - Processing /opt/airflow/dags/data/models/Zambia/TS_model.pkl took 0.030 seconds
[2024-08-17T09:26:22.807+0000] {processor.py:161} INFO - Started process (PID=3256) to work on /opt/airflow/dags/data/models/Zambia/TS_model.pkl
[2024-08-17T09:26:22.808+0000] {processor.py:830} INFO - Processing file /opt/airflow/dags/data/models/Zambia/TS_model.pkl for tasks to queue
[2024-08-17T09:26:22.809+0000] {logging_mixin.py:188} INFO - [2024-08-17T09:26:22.808+0000] {dagbag.py:545} INFO - Filling up the DagBag from /opt/airflow/dags/data/models/Zambia/TS_model.pkl
[2024-08-17T09:26:22.818+0000] {processor.py:842} WARNING - No viable dags retrieved from /opt/airflow/dags/data/models/Zambia/TS_model.pkl
[2024-08-17T09:26:22.826+0000] {processor.py:183} INFO - Processing /opt/airflow/dags/data/models/Zambia/TS_model.pkl took 0.022 seconds
[2024-08-17T09:26:53.557+0000] {processor.py:161} INFO - Started process (PID=3684) to work on /opt/airflow/dags/data/models/Zambia/TS_model.pkl
[2024-08-17T09:26:53.558+0000] {processor.py:830} INFO - Processing file /opt/airflow/dags/data/models/Zambia/TS_model.pkl for tasks to queue
[2024-08-17T09:26:53.559+0000] {logging_mixin.py:188} INFO - [2024-08-17T09:26:53.559+0000] {dagbag.py:545} INFO - Filling up the DagBag from /opt/airflow/dags/data/models/Zambia/TS_model.pkl
[2024-08-17T09:26:53.570+0000] {processor.py:842} WARNING - No viable dags retrieved from /opt/airflow/dags/data/models/Zambia/TS_model.pkl
[2024-08-17T09:26:53.579+0000] {processor.py:183} INFO - Processing /opt/airflow/dags/data/models/Zambia/TS_model.pkl took 0.026 seconds
[2024-08-17T09:27:24.205+0000] {processor.py:161} INFO - Started process (PID=4138) to work on /opt/airflow/dags/data/models/Zambia/TS_model.pkl
[2024-08-17T09:27:24.206+0000] {processor.py:830} INFO - Processing file /opt/airflow/dags/data/models/Zambia/TS_model.pkl for tasks to queue
[2024-08-17T09:27:24.210+0000] {logging_mixin.py:188} INFO - [2024-08-17T09:27:24.210+0000] {dagbag.py:545} INFO - Filling up the DagBag from /opt/airflow/dags/data/models/Zambia/TS_model.pkl
[2024-08-17T09:27:24.218+0000] {processor.py:842} WARNING - No viable dags retrieved from /opt/airflow/dags/data/models/Zambia/TS_model.pkl
[2024-08-17T09:27:24.227+0000] {processor.py:183} INFO - Processing /opt/airflow/dags/data/models/Zambia/TS_model.pkl took 0.025 seconds
[2024-08-17T09:27:55.414+0000] {processor.py:161} INFO - Started process (PID=4572) to work on /opt/airflow/dags/data/models/Zambia/TS_model.pkl
[2024-08-17T09:27:55.415+0000] {processor.py:830} INFO - Processing file /opt/airflow/dags/data/models/Zambia/TS_model.pkl for tasks to queue
[2024-08-17T09:27:55.417+0000] {logging_mixin.py:188} INFO - [2024-08-17T09:27:55.416+0000] {dagbag.py:545} INFO - Filling up the DagBag from /opt/airflow/dags/data/models/Zambia/TS_model.pkl
[2024-08-17T09:27:55.425+0000] {processor.py:842} WARNING - No viable dags retrieved from /opt/airflow/dags/data/models/Zambia/TS_model.pkl
[2024-08-17T09:27:55.434+0000] {processor.py:183} INFO - Processing /opt/airflow/dags/data/models/Zambia/TS_model.pkl took 0.023 seconds
[2024-08-17T09:28:26.218+0000] {processor.py:161} INFO - Started process (PID=5000) to work on /opt/airflow/dags/data/models/Zambia/TS_model.pkl
[2024-08-17T09:28:26.218+0000] {processor.py:830} INFO - Processing file /opt/airflow/dags/data/models/Zambia/TS_model.pkl for tasks to queue
[2024-08-17T09:28:26.220+0000] {logging_mixin.py:188} INFO - [2024-08-17T09:28:26.219+0000] {dagbag.py:545} INFO - Filling up the DagBag from /opt/airflow/dags/data/models/Zambia/TS_model.pkl
[2024-08-17T09:28:26.227+0000] {processor.py:842} WARNING - No viable dags retrieved from /opt/airflow/dags/data/models/Zambia/TS_model.pkl
[2024-08-17T09:28:26.236+0000] {processor.py:183} INFO - Processing /opt/airflow/dags/data/models/Zambia/TS_model.pkl took 0.022 seconds
[2024-08-17T09:28:56.978+0000] {processor.py:161} INFO - Started process (PID=5454) to work on /opt/airflow/dags/data/models/Zambia/TS_model.pkl
[2024-08-17T09:28:56.979+0000] {processor.py:830} INFO - Processing file /opt/airflow/dags/data/models/Zambia/TS_model.pkl for tasks to queue
[2024-08-17T09:28:56.980+0000] {logging_mixin.py:188} INFO - [2024-08-17T09:28:56.980+0000] {dagbag.py:545} INFO - Filling up the DagBag from /opt/airflow/dags/data/models/Zambia/TS_model.pkl
[2024-08-17T09:28:56.987+0000] {processor.py:842} WARNING - No viable dags retrieved from /opt/airflow/dags/data/models/Zambia/TS_model.pkl
[2024-08-17T09:28:56.996+0000] {processor.py:183} INFO - Processing /opt/airflow/dags/data/models/Zambia/TS_model.pkl took 0.021 seconds
[2024-08-17T09:29:27.458+0000] {processor.py:161} INFO - Started process (PID=5863) to work on /opt/airflow/dags/data/models/Zambia/TS_model.pkl
[2024-08-17T09:29:27.458+0000] {processor.py:830} INFO - Processing file /opt/airflow/dags/data/models/Zambia/TS_model.pkl for tasks to queue
[2024-08-17T09:29:27.459+0000] {logging_mixin.py:188} INFO - [2024-08-17T09:29:27.459+0000] {dagbag.py:545} INFO - Filling up the DagBag from /opt/airflow/dags/data/models/Zambia/TS_model.pkl
[2024-08-17T09:29:27.469+0000] {processor.py:842} WARNING - No viable dags retrieved from /opt/airflow/dags/data/models/Zambia/TS_model.pkl
[2024-08-17T09:29:27.478+0000] {processor.py:183} INFO - Processing /opt/airflow/dags/data/models/Zambia/TS_model.pkl took 0.023 seconds
[2024-08-17T09:29:58.029+0000] {processor.py:161} INFO - Started process (PID=6315) to work on /opt/airflow/dags/data/models/Zambia/TS_model.pkl
[2024-08-17T09:29:58.030+0000] {processor.py:830} INFO - Processing file /opt/airflow/dags/data/models/Zambia/TS_model.pkl for tasks to queue
[2024-08-17T09:29:58.031+0000] {logging_mixin.py:188} INFO - [2024-08-17T09:29:58.031+0000] {dagbag.py:545} INFO - Filling up the DagBag from /opt/airflow/dags/data/models/Zambia/TS_model.pkl
[2024-08-17T09:29:58.041+0000] {processor.py:842} WARNING - No viable dags retrieved from /opt/airflow/dags/data/models/Zambia/TS_model.pkl
[2024-08-17T09:29:58.049+0000] {processor.py:183} INFO - Processing /opt/airflow/dags/data/models/Zambia/TS_model.pkl took 0.023 seconds
