[2024-08-17T10:12:53.008+0000] {processor.py:161} INFO - Started process (PID=36589) to work on /opt/airflow/dags/data/models/Tunisia/cases_TS_model.pkl
[2024-08-17T10:12:53.009+0000] {processor.py:830} INFO - Processing file /opt/airflow/dags/data/models/Tunisia/cases_TS_model.pkl for tasks to queue
[2024-08-17T10:12:53.010+0000] {logging_mixin.py:188} INFO - [2024-08-17T10:12:53.009+0000] {dagbag.py:545} INFO - Filling up the DagBag from /opt/airflow/dags/data/models/Tunisia/cases_TS_model.pkl
[2024-08-17T10:12:53.018+0000] {processor.py:842} WARNING - No viable dags retrieved from /opt/airflow/dags/data/models/Tunisia/cases_TS_model.pkl
[2024-08-17T10:12:53.028+0000] {processor.py:183} INFO - Processing /opt/airflow/dags/data/models/Tunisia/cases_TS_model.pkl took 0.024 seconds
[2024-08-17T10:13:24.762+0000] {processor.py:161} INFO - Started process (PID=37280) to work on /opt/airflow/dags/data/models/Tunisia/cases_TS_model.pkl
[2024-08-17T10:13:24.763+0000] {processor.py:830} INFO - Processing file /opt/airflow/dags/data/models/Tunisia/cases_TS_model.pkl for tasks to queue
[2024-08-17T10:13:24.763+0000] {logging_mixin.py:188} INFO - [2024-08-17T10:13:24.763+0000] {dagbag.py:545} INFO - Filling up the DagBag from /opt/airflow/dags/data/models/Tunisia/cases_TS_model.pkl
[2024-08-17T10:13:24.771+0000] {processor.py:842} WARNING - No viable dags retrieved from /opt/airflow/dags/data/models/Tunisia/cases_TS_model.pkl
[2024-08-17T10:13:24.780+0000] {processor.py:183} INFO - Processing /opt/airflow/dags/data/models/Tunisia/cases_TS_model.pkl took 0.022 seconds
[2024-08-17T10:13:56.328+0000] {processor.py:161} INFO - Started process (PID=37954) to work on /opt/airflow/dags/data/models/Tunisia/cases_TS_model.pkl
[2024-08-17T10:13:56.329+0000] {processor.py:830} INFO - Processing file /opt/airflow/dags/data/models/Tunisia/cases_TS_model.pkl for tasks to queue
[2024-08-17T10:13:56.330+0000] {logging_mixin.py:188} INFO - [2024-08-17T10:13:56.329+0000] {dagbag.py:545} INFO - Filling up the DagBag from /opt/airflow/dags/data/models/Tunisia/cases_TS_model.pkl
[2024-08-17T10:13:56.339+0000] {processor.py:842} WARNING - No viable dags retrieved from /opt/airflow/dags/data/models/Tunisia/cases_TS_model.pkl
[2024-08-17T10:13:56.348+0000] {processor.py:183} INFO - Processing /opt/airflow/dags/data/models/Tunisia/cases_TS_model.pkl took 0.023 seconds
[2024-08-17T10:14:28.083+0000] {processor.py:161} INFO - Started process (PID=38640) to work on /opt/airflow/dags/data/models/Tunisia/cases_TS_model.pkl
[2024-08-17T10:14:28.084+0000] {processor.py:830} INFO - Processing file /opt/airflow/dags/data/models/Tunisia/cases_TS_model.pkl for tasks to queue
[2024-08-17T10:14:28.085+0000] {logging_mixin.py:188} INFO - [2024-08-17T10:14:28.084+0000] {dagbag.py:545} INFO - Filling up the DagBag from /opt/airflow/dags/data/models/Tunisia/cases_TS_model.pkl
[2024-08-17T10:14:28.093+0000] {processor.py:842} WARNING - No viable dags retrieved from /opt/airflow/dags/data/models/Tunisia/cases_TS_model.pkl
[2024-08-17T10:14:28.102+0000] {processor.py:183} INFO - Processing /opt/airflow/dags/data/models/Tunisia/cases_TS_model.pkl took 0.023 seconds
[2024-08-17T10:15:00.307+0000] {processor.py:161} INFO - Started process (PID=39276) to work on /opt/airflow/dags/data/models/Tunisia/cases_TS_model.pkl
[2024-08-17T10:15:00.308+0000] {processor.py:830} INFO - Processing file /opt/airflow/dags/data/models/Tunisia/cases_TS_model.pkl for tasks to queue
[2024-08-17T10:15:00.308+0000] {logging_mixin.py:188} INFO - [2024-08-17T10:15:00.308+0000] {dagbag.py:545} INFO - Filling up the DagBag from /opt/airflow/dags/data/models/Tunisia/cases_TS_model.pkl
[2024-08-17T10:15:00.318+0000] {processor.py:842} WARNING - No viable dags retrieved from /opt/airflow/dags/data/models/Tunisia/cases_TS_model.pkl
[2024-08-17T10:15:00.328+0000] {processor.py:183} INFO - Processing /opt/airflow/dags/data/models/Tunisia/cases_TS_model.pkl took 0.024 seconds
[2024-08-17T10:15:32.044+0000] {processor.py:161} INFO - Started process (PID=39924) to work on /opt/airflow/dags/data/models/Tunisia/cases_TS_model.pkl
[2024-08-17T10:15:32.045+0000] {processor.py:830} INFO - Processing file /opt/airflow/dags/data/models/Tunisia/cases_TS_model.pkl for tasks to queue
[2024-08-17T10:15:32.046+0000] {logging_mixin.py:188} INFO - [2024-08-17T10:15:32.046+0000] {dagbag.py:545} INFO - Filling up the DagBag from /opt/airflow/dags/data/models/Tunisia/cases_TS_model.pkl
[2024-08-17T10:15:32.064+0000] {processor.py:842} WARNING - No viable dags retrieved from /opt/airflow/dags/data/models/Tunisia/cases_TS_model.pkl
[2024-08-17T10:15:32.076+0000] {processor.py:183} INFO - Processing /opt/airflow/dags/data/models/Tunisia/cases_TS_model.pkl took 0.036 seconds
[2024-08-17T10:16:04.815+0000] {processor.py:161} INFO - Started process (PID=40591) to work on /opt/airflow/dags/data/models/Tunisia/cases_TS_model.pkl
[2024-08-17T10:16:04.816+0000] {processor.py:830} INFO - Processing file /opt/airflow/dags/data/models/Tunisia/cases_TS_model.pkl for tasks to queue
[2024-08-17T10:16:04.817+0000] {logging_mixin.py:188} INFO - [2024-08-17T10:16:04.817+0000] {dagbag.py:545} INFO - Filling up the DagBag from /opt/airflow/dags/data/models/Tunisia/cases_TS_model.pkl
[2024-08-17T10:16:04.826+0000] {processor.py:842} WARNING - No viable dags retrieved from /opt/airflow/dags/data/models/Tunisia/cases_TS_model.pkl
[2024-08-17T10:16:04.835+0000] {processor.py:183} INFO - Processing /opt/airflow/dags/data/models/Tunisia/cases_TS_model.pkl took 0.024 seconds
[2024-08-17T10:16:36.931+0000] {processor.py:161} INFO - Started process (PID=41284) to work on /opt/airflow/dags/data/models/Tunisia/cases_TS_model.pkl
[2024-08-17T10:16:36.931+0000] {processor.py:830} INFO - Processing file /opt/airflow/dags/data/models/Tunisia/cases_TS_model.pkl for tasks to queue
[2024-08-17T10:16:36.932+0000] {logging_mixin.py:188} INFO - [2024-08-17T10:16:36.932+0000] {dagbag.py:545} INFO - Filling up the DagBag from /opt/airflow/dags/data/models/Tunisia/cases_TS_model.pkl
[2024-08-17T10:16:36.943+0000] {processor.py:842} WARNING - No viable dags retrieved from /opt/airflow/dags/data/models/Tunisia/cases_TS_model.pkl
[2024-08-17T10:16:36.952+0000] {processor.py:183} INFO - Processing /opt/airflow/dags/data/models/Tunisia/cases_TS_model.pkl took 0.025 seconds
[2024-08-17T10:17:09.367+0000] {processor.py:161} INFO - Started process (PID=41977) to work on /opt/airflow/dags/data/models/Tunisia/cases_TS_model.pkl
[2024-08-17T10:17:09.367+0000] {processor.py:830} INFO - Processing file /opt/airflow/dags/data/models/Tunisia/cases_TS_model.pkl for tasks to queue
[2024-08-17T10:17:09.368+0000] {logging_mixin.py:188} INFO - [2024-08-17T10:17:09.368+0000] {dagbag.py:545} INFO - Filling up the DagBag from /opt/airflow/dags/data/models/Tunisia/cases_TS_model.pkl
[2024-08-17T10:17:09.378+0000] {processor.py:842} WARNING - No viable dags retrieved from /opt/airflow/dags/data/models/Tunisia/cases_TS_model.pkl
[2024-08-17T10:17:09.387+0000] {processor.py:183} INFO - Processing /opt/airflow/dags/data/models/Tunisia/cases_TS_model.pkl took 0.024 seconds
[2024-08-17T10:17:55.349+0000] {processor.py:161} INFO - Started process (PID=42746) to work on /opt/airflow/dags/data/models/Tunisia/cases_TS_model.pkl
[2024-08-17T10:17:55.350+0000] {processor.py:830} INFO - Processing file /opt/airflow/dags/data/models/Tunisia/cases_TS_model.pkl for tasks to queue
[2024-08-17T10:17:55.351+0000] {logging_mixin.py:188} INFO - [2024-08-17T10:17:55.350+0000] {dagbag.py:545} INFO - Filling up the DagBag from /opt/airflow/dags/data/models/Tunisia/cases_TS_model.pkl
[2024-08-17T10:17:55.360+0000] {processor.py:842} WARNING - No viable dags retrieved from /opt/airflow/dags/data/models/Tunisia/cases_TS_model.pkl
[2024-08-17T10:17:55.370+0000] {processor.py:183} INFO - Processing /opt/airflow/dags/data/models/Tunisia/cases_TS_model.pkl took 0.026 seconds
[2024-08-17T10:18:27.651+0000] {processor.py:161} INFO - Started process (PID=43463) to work on /opt/airflow/dags/data/models/Tunisia/cases_TS_model.pkl
[2024-08-17T10:18:27.651+0000] {processor.py:830} INFO - Processing file /opt/airflow/dags/data/models/Tunisia/cases_TS_model.pkl for tasks to queue
[2024-08-17T10:18:27.652+0000] {logging_mixin.py:188} INFO - [2024-08-17T10:18:27.652+0000] {dagbag.py:545} INFO - Filling up the DagBag from /opt/airflow/dags/data/models/Tunisia/cases_TS_model.pkl
[2024-08-17T10:18:27.660+0000] {processor.py:842} WARNING - No viable dags retrieved from /opt/airflow/dags/data/models/Tunisia/cases_TS_model.pkl
[2024-08-17T10:18:27.668+0000] {processor.py:183} INFO - Processing /opt/airflow/dags/data/models/Tunisia/cases_TS_model.pkl took 0.021 seconds
[2024-08-17T10:18:58.986+0000] {processor.py:161} INFO - Started process (PID=44206) to work on /opt/airflow/dags/data/models/Tunisia/cases_TS_model.pkl
[2024-08-17T10:18:58.987+0000] {processor.py:830} INFO - Processing file /opt/airflow/dags/data/models/Tunisia/cases_TS_model.pkl for tasks to queue
[2024-08-17T10:18:58.987+0000] {logging_mixin.py:188} INFO - [2024-08-17T10:18:58.987+0000] {dagbag.py:545} INFO - Filling up the DagBag from /opt/airflow/dags/data/models/Tunisia/cases_TS_model.pkl
[2024-08-17T10:18:59.009+0000] {processor.py:842} WARNING - No viable dags retrieved from /opt/airflow/dags/data/models/Tunisia/cases_TS_model.pkl
[2024-08-17T10:18:59.019+0000] {processor.py:183} INFO - Processing /opt/airflow/dags/data/models/Tunisia/cases_TS_model.pkl took 0.036 seconds
[2024-08-17T10:19:31.006+0000] {processor.py:161} INFO - Started process (PID=44949) to work on /opt/airflow/dags/data/models/Tunisia/cases_TS_model.pkl
[2024-08-17T10:19:31.006+0000] {processor.py:830} INFO - Processing file /opt/airflow/dags/data/models/Tunisia/cases_TS_model.pkl for tasks to queue
[2024-08-17T10:19:31.007+0000] {logging_mixin.py:188} INFO - [2024-08-17T10:19:31.007+0000] {dagbag.py:545} INFO - Filling up the DagBag from /opt/airflow/dags/data/models/Tunisia/cases_TS_model.pkl
[2024-08-17T10:19:31.015+0000] {processor.py:842} WARNING - No viable dags retrieved from /opt/airflow/dags/data/models/Tunisia/cases_TS_model.pkl
[2024-08-17T10:19:31.024+0000] {processor.py:183} INFO - Processing /opt/airflow/dags/data/models/Tunisia/cases_TS_model.pkl took 0.022 seconds
[2024-08-17T10:20:03.419+0000] {processor.py:161} INFO - Started process (PID=45666) to work on /opt/airflow/dags/data/models/Tunisia/cases_TS_model.pkl
[2024-08-17T10:20:03.419+0000] {processor.py:830} INFO - Processing file /opt/airflow/dags/data/models/Tunisia/cases_TS_model.pkl for tasks to queue
[2024-08-17T10:20:03.420+0000] {logging_mixin.py:188} INFO - [2024-08-17T10:20:03.420+0000] {dagbag.py:545} INFO - Filling up the DagBag from /opt/airflow/dags/data/models/Tunisia/cases_TS_model.pkl
[2024-08-17T10:20:03.427+0000] {processor.py:842} WARNING - No viable dags retrieved from /opt/airflow/dags/data/models/Tunisia/cases_TS_model.pkl
[2024-08-17T10:20:03.435+0000] {processor.py:183} INFO - Processing /opt/airflow/dags/data/models/Tunisia/cases_TS_model.pkl took 0.020 seconds
[2024-08-17T10:20:36.962+0000] {processor.py:161} INFO - Started process (PID=46409) to work on /opt/airflow/dags/data/models/Tunisia/cases_TS_model.pkl
[2024-08-17T10:20:36.964+0000] {processor.py:830} INFO - Processing file /opt/airflow/dags/data/models/Tunisia/cases_TS_model.pkl for tasks to queue
[2024-08-17T10:20:36.965+0000] {logging_mixin.py:188} INFO - [2024-08-17T10:20:36.965+0000] {dagbag.py:545} INFO - Filling up the DagBag from /opt/airflow/dags/data/models/Tunisia/cases_TS_model.pkl
[2024-08-17T10:20:36.973+0000] {processor.py:842} WARNING - No viable dags retrieved from /opt/airflow/dags/data/models/Tunisia/cases_TS_model.pkl
[2024-08-17T10:20:36.982+0000] {processor.py:183} INFO - Processing /opt/airflow/dags/data/models/Tunisia/cases_TS_model.pkl took 0.023 seconds
[2024-08-17T10:21:09.076+0000] {processor.py:161} INFO - Started process (PID=47144) to work on /opt/airflow/dags/data/models/Tunisia/cases_TS_model.pkl
[2024-08-17T10:21:09.077+0000] {processor.py:830} INFO - Processing file /opt/airflow/dags/data/models/Tunisia/cases_TS_model.pkl for tasks to queue
[2024-08-17T10:21:09.077+0000] {logging_mixin.py:188} INFO - [2024-08-17T10:21:09.077+0000] {dagbag.py:545} INFO - Filling up the DagBag from /opt/airflow/dags/data/models/Tunisia/cases_TS_model.pkl
[2024-08-17T10:21:09.085+0000] {processor.py:842} WARNING - No viable dags retrieved from /opt/airflow/dags/data/models/Tunisia/cases_TS_model.pkl
[2024-08-17T10:21:09.093+0000] {processor.py:183} INFO - Processing /opt/airflow/dags/data/models/Tunisia/cases_TS_model.pkl took 0.020 seconds
[2024-08-17T12:13:11.198+0000] {processor.py:161} INFO - Started process (PID=23181) to work on /opt/airflow/dags/data/models/Tunisia/cases_TS_model.pkl
[2024-08-17T12:13:11.199+0000] {processor.py:830} INFO - Processing file /opt/airflow/dags/data/models/Tunisia/cases_TS_model.pkl for tasks to queue
[2024-08-17T12:13:11.201+0000] {logging_mixin.py:188} INFO - [2024-08-17T12:13:11.200+0000] {dagbag.py:545} INFO - Filling up the DagBag from /opt/airflow/dags/data/models/Tunisia/cases_TS_model.pkl
[2024-08-17T12:13:11.217+0000] {processor.py:842} WARNING - No viable dags retrieved from /opt/airflow/dags/data/models/Tunisia/cases_TS_model.pkl
[2024-08-17T12:13:11.243+0000] {processor.py:183} INFO - Processing /opt/airflow/dags/data/models/Tunisia/cases_TS_model.pkl took 0.054 seconds
[2024-08-17T12:13:56.795+0000] {processor.py:161} INFO - Started process (PID=23911) to work on /opt/airflow/dags/data/models/Tunisia/cases_TS_model.pkl
[2024-08-17T12:13:56.797+0000] {processor.py:830} INFO - Processing file /opt/airflow/dags/data/models/Tunisia/cases_TS_model.pkl for tasks to queue
[2024-08-17T12:13:56.799+0000] {logging_mixin.py:188} INFO - [2024-08-17T12:13:56.798+0000] {dagbag.py:545} INFO - Filling up the DagBag from /opt/airflow/dags/data/models/Tunisia/cases_TS_model.pkl
[2024-08-17T12:13:56.831+0000] {processor.py:842} WARNING - No viable dags retrieved from /opt/airflow/dags/data/models/Tunisia/cases_TS_model.pkl
[2024-08-17T12:13:56.855+0000] {processor.py:183} INFO - Processing /opt/airflow/dags/data/models/Tunisia/cases_TS_model.pkl took 0.068 seconds
[2024-08-17T12:14:09.454+0000] {processor.py:161} INFO - Started process (PID=24059) to work on /opt/airflow/dags/data/models/Tunisia/cases_TS_model.pkl
[2024-08-17T12:14:09.455+0000] {processor.py:830} INFO - Processing file /opt/airflow/dags/data/models/Tunisia/cases_TS_model.pkl for tasks to queue
[2024-08-17T12:14:09.457+0000] {logging_mixin.py:188} INFO - [2024-08-17T12:14:09.456+0000] {dagbag.py:545} INFO - Filling up the DagBag from /opt/airflow/dags/data/models/Tunisia/cases_TS_model.pkl
[2024-08-17T12:14:09.479+0000] {processor.py:842} WARNING - No viable dags retrieved from /opt/airflow/dags/data/models/Tunisia/cases_TS_model.pkl
[2024-08-17T12:14:09.498+0000] {processor.py:183} INFO - Processing /opt/airflow/dags/data/models/Tunisia/cases_TS_model.pkl took 0.051 seconds
[2024-08-17T12:14:50.689+0000] {processor.py:161} INFO - Started process (PID=24648) to work on /opt/airflow/dags/data/models/Tunisia/cases_TS_model.pkl
[2024-08-17T12:14:50.690+0000] {processor.py:830} INFO - Processing file /opt/airflow/dags/data/models/Tunisia/cases_TS_model.pkl for tasks to queue
[2024-08-17T12:14:50.691+0000] {logging_mixin.py:188} INFO - [2024-08-17T12:14:50.691+0000] {dagbag.py:545} INFO - Filling up the DagBag from /opt/airflow/dags/data/models/Tunisia/cases_TS_model.pkl
[2024-08-17T12:14:50.726+0000] {processor.py:842} WARNING - No viable dags retrieved from /opt/airflow/dags/data/models/Tunisia/cases_TS_model.pkl
[2024-08-17T12:14:50.744+0000] {processor.py:183} INFO - Processing /opt/airflow/dags/data/models/Tunisia/cases_TS_model.pkl took 0.064 seconds
[2024-08-17T12:15:35.624+0000] {processor.py:161} INFO - Started process (PID=25276) to work on /opt/airflow/dags/data/models/Tunisia/cases_TS_model.pkl
[2024-08-17T12:15:35.626+0000] {processor.py:830} INFO - Processing file /opt/airflow/dags/data/models/Tunisia/cases_TS_model.pkl for tasks to queue
[2024-08-17T12:15:35.629+0000] {logging_mixin.py:188} INFO - [2024-08-17T12:15:35.629+0000] {dagbag.py:545} INFO - Filling up the DagBag from /opt/airflow/dags/data/models/Tunisia/cases_TS_model.pkl
[2024-08-17T12:15:35.678+0000] {processor.py:842} WARNING - No viable dags retrieved from /opt/airflow/dags/data/models/Tunisia/cases_TS_model.pkl
[2024-08-17T12:15:35.698+0000] {processor.py:183} INFO - Processing /opt/airflow/dags/data/models/Tunisia/cases_TS_model.pkl took 0.081 seconds
[2024-08-17T12:16:12.717+0000] {processor.py:161} INFO - Started process (PID=25812) to work on /opt/airflow/dags/data/models/Tunisia/cases_TS_model.pkl
[2024-08-17T12:16:12.721+0000] {processor.py:830} INFO - Processing file /opt/airflow/dags/data/models/Tunisia/cases_TS_model.pkl for tasks to queue
[2024-08-17T12:16:12.723+0000] {logging_mixin.py:188} INFO - [2024-08-17T12:16:12.722+0000] {dagbag.py:545} INFO - Filling up the DagBag from /opt/airflow/dags/data/models/Tunisia/cases_TS_model.pkl
[2024-08-17T12:16:12.749+0000] {processor.py:842} WARNING - No viable dags retrieved from /opt/airflow/dags/data/models/Tunisia/cases_TS_model.pkl
[2024-08-17T12:16:12.770+0000] {processor.py:183} INFO - Processing /opt/airflow/dags/data/models/Tunisia/cases_TS_model.pkl took 0.061 seconds
[2024-08-17T12:16:52.856+0000] {processor.py:161} INFO - Started process (PID=26375) to work on /opt/airflow/dags/data/models/Tunisia/cases_TS_model.pkl
[2024-08-17T12:16:52.857+0000] {processor.py:830} INFO - Processing file /opt/airflow/dags/data/models/Tunisia/cases_TS_model.pkl for tasks to queue
[2024-08-17T12:16:52.859+0000] {logging_mixin.py:188} INFO - [2024-08-17T12:16:52.858+0000] {dagbag.py:545} INFO - Filling up the DagBag from /opt/airflow/dags/data/models/Tunisia/cases_TS_model.pkl
[2024-08-17T12:16:52.878+0000] {processor.py:842} WARNING - No viable dags retrieved from /opt/airflow/dags/data/models/Tunisia/cases_TS_model.pkl
[2024-08-17T12:16:52.899+0000] {processor.py:183} INFO - Processing /opt/airflow/dags/data/models/Tunisia/cases_TS_model.pkl took 0.050 seconds
[2024-08-17T12:17:31.498+0000] {processor.py:161} INFO - Started process (PID=26947) to work on /opt/airflow/dags/data/models/Tunisia/cases_TS_model.pkl
[2024-08-17T12:17:31.499+0000] {processor.py:830} INFO - Processing file /opt/airflow/dags/data/models/Tunisia/cases_TS_model.pkl for tasks to queue
[2024-08-17T12:17:31.500+0000] {logging_mixin.py:188} INFO - [2024-08-17T12:17:31.499+0000] {dagbag.py:545} INFO - Filling up the DagBag from /opt/airflow/dags/data/models/Tunisia/cases_TS_model.pkl
[2024-08-17T12:17:31.518+0000] {processor.py:842} WARNING - No viable dags retrieved from /opt/airflow/dags/data/models/Tunisia/cases_TS_model.pkl
[2024-08-17T12:17:31.536+0000] {processor.py:183} INFO - Processing /opt/airflow/dags/data/models/Tunisia/cases_TS_model.pkl took 0.045 seconds
[2024-08-17T12:18:40.071+0000] {processor.py:161} INFO - Started process (PID=27520) to work on /opt/airflow/dags/data/models/Tunisia/cases_TS_model.pkl
[2024-08-17T12:18:40.073+0000] {processor.py:830} INFO - Processing file /opt/airflow/dags/data/models/Tunisia/cases_TS_model.pkl for tasks to queue
[2024-08-17T12:18:40.075+0000] {logging_mixin.py:188} INFO - [2024-08-17T12:18:40.074+0000] {dagbag.py:545} INFO - Filling up the DagBag from /opt/airflow/dags/data/models/Tunisia/cases_TS_model.pkl
[2024-08-17T12:18:40.103+0000] {processor.py:842} WARNING - No viable dags retrieved from /opt/airflow/dags/data/models/Tunisia/cases_TS_model.pkl
[2024-08-17T12:18:40.123+0000] {processor.py:183} INFO - Processing /opt/airflow/dags/data/models/Tunisia/cases_TS_model.pkl took 0.059 seconds
[2024-08-17T12:19:12.670+0000] {processor.py:161} INFO - Started process (PID=28004) to work on /opt/airflow/dags/data/models/Tunisia/cases_TS_model.pkl
[2024-08-17T12:19:12.672+0000] {processor.py:830} INFO - Processing file /opt/airflow/dags/data/models/Tunisia/cases_TS_model.pkl for tasks to queue
[2024-08-17T12:19:12.673+0000] {logging_mixin.py:188} INFO - [2024-08-17T12:19:12.673+0000] {dagbag.py:545} INFO - Filling up the DagBag from /opt/airflow/dags/data/models/Tunisia/cases_TS_model.pkl
[2024-08-17T12:19:12.687+0000] {processor.py:842} WARNING - No viable dags retrieved from /opt/airflow/dags/data/models/Tunisia/cases_TS_model.pkl
[2024-08-17T12:19:12.705+0000] {processor.py:183} INFO - Processing /opt/airflow/dags/data/models/Tunisia/cases_TS_model.pkl took 0.043 seconds
[2024-08-17T12:19:55.901+0000] {processor.py:161} INFO - Started process (PID=28616) to work on /opt/airflow/dags/data/models/Tunisia/cases_TS_model.pkl
[2024-08-17T12:19:55.903+0000] {processor.py:830} INFO - Processing file /opt/airflow/dags/data/models/Tunisia/cases_TS_model.pkl for tasks to queue
[2024-08-17T12:19:55.904+0000] {logging_mixin.py:188} INFO - [2024-08-17T12:19:55.904+0000] {dagbag.py:545} INFO - Filling up the DagBag from /opt/airflow/dags/data/models/Tunisia/cases_TS_model.pkl
[2024-08-17T12:19:55.923+0000] {processor.py:842} WARNING - No viable dags retrieved from /opt/airflow/dags/data/models/Tunisia/cases_TS_model.pkl
[2024-08-17T12:19:55.943+0000] {processor.py:183} INFO - Processing /opt/airflow/dags/data/models/Tunisia/cases_TS_model.pkl took 0.050 seconds
[2024-08-17T12:20:50.240+0000] {processor.py:161} INFO - Started process (PID=29289) to work on /opt/airflow/dags/data/models/Tunisia/cases_TS_model.pkl
[2024-08-17T12:20:50.242+0000] {processor.py:830} INFO - Processing file /opt/airflow/dags/data/models/Tunisia/cases_TS_model.pkl for tasks to queue
[2024-08-17T12:20:50.243+0000] {logging_mixin.py:188} INFO - [2024-08-17T12:20:50.243+0000] {dagbag.py:545} INFO - Filling up the DagBag from /opt/airflow/dags/data/models/Tunisia/cases_TS_model.pkl
[2024-08-17T12:20:50.270+0000] {processor.py:842} WARNING - No viable dags retrieved from /opt/airflow/dags/data/models/Tunisia/cases_TS_model.pkl
[2024-08-17T12:20:50.291+0000] {processor.py:183} INFO - Processing /opt/airflow/dags/data/models/Tunisia/cases_TS_model.pkl took 0.059 seconds
[2024-08-17T12:21:37.004+0000] {processor.py:161} INFO - Started process (PID=29985) to work on /opt/airflow/dags/data/models/Tunisia/cases_TS_model.pkl
[2024-08-17T12:21:37.005+0000] {processor.py:830} INFO - Processing file /opt/airflow/dags/data/models/Tunisia/cases_TS_model.pkl for tasks to queue
[2024-08-17T12:21:37.007+0000] {logging_mixin.py:188} INFO - [2024-08-17T12:21:37.006+0000] {dagbag.py:545} INFO - Filling up the DagBag from /opt/airflow/dags/data/models/Tunisia/cases_TS_model.pkl
[2024-08-17T12:21:37.032+0000] {processor.py:842} WARNING - No viable dags retrieved from /opt/airflow/dags/data/models/Tunisia/cases_TS_model.pkl
[2024-08-17T12:21:37.050+0000] {processor.py:183} INFO - Processing /opt/airflow/dags/data/models/Tunisia/cases_TS_model.pkl took 0.051 seconds
[2024-08-17T12:22:14.253+0000] {processor.py:161} INFO - Started process (PID=30560) to work on /opt/airflow/dags/data/models/Tunisia/cases_TS_model.pkl
[2024-08-17T12:22:14.255+0000] {processor.py:830} INFO - Processing file /opt/airflow/dags/data/models/Tunisia/cases_TS_model.pkl for tasks to queue
[2024-08-17T12:22:14.256+0000] {logging_mixin.py:188} INFO - [2024-08-17T12:22:14.256+0000] {dagbag.py:545} INFO - Filling up the DagBag from /opt/airflow/dags/data/models/Tunisia/cases_TS_model.pkl
[2024-08-17T12:22:14.278+0000] {processor.py:842} WARNING - No viable dags retrieved from /opt/airflow/dags/data/models/Tunisia/cases_TS_model.pkl
[2024-08-17T12:22:14.295+0000] {processor.py:183} INFO - Processing /opt/airflow/dags/data/models/Tunisia/cases_TS_model.pkl took 0.050 seconds
[2024-08-17T12:23:20.518+0000] {processor.py:161} INFO - Started process (PID=31225) to work on /opt/airflow/dags/data/models/Tunisia/cases_TS_model.pkl
[2024-08-17T12:23:20.519+0000] {processor.py:830} INFO - Processing file /opt/airflow/dags/data/models/Tunisia/cases_TS_model.pkl for tasks to queue
[2024-08-17T12:23:20.520+0000] {logging_mixin.py:188} INFO - [2024-08-17T12:23:20.520+0000] {dagbag.py:545} INFO - Filling up the DagBag from /opt/airflow/dags/data/models/Tunisia/cases_TS_model.pkl
[2024-08-17T12:23:20.541+0000] {processor.py:842} WARNING - No viable dags retrieved from /opt/airflow/dags/data/models/Tunisia/cases_TS_model.pkl
[2024-08-17T12:23:20.558+0000] {processor.py:183} INFO - Processing /opt/airflow/dags/data/models/Tunisia/cases_TS_model.pkl took 0.048 seconds
[2024-08-17T12:24:02.807+0000] {processor.py:161} INFO - Started process (PID=31904) to work on /opt/airflow/dags/data/models/Tunisia/cases_TS_model.pkl
[2024-08-17T12:24:02.808+0000] {processor.py:830} INFO - Processing file /opt/airflow/dags/data/models/Tunisia/cases_TS_model.pkl for tasks to queue
[2024-08-17T12:24:02.809+0000] {logging_mixin.py:188} INFO - [2024-08-17T12:24:02.808+0000] {dagbag.py:545} INFO - Filling up the DagBag from /opt/airflow/dags/data/models/Tunisia/cases_TS_model.pkl
[2024-08-17T12:24:02.822+0000] {processor.py:842} WARNING - No viable dags retrieved from /opt/airflow/dags/data/models/Tunisia/cases_TS_model.pkl
[2024-08-17T12:24:02.839+0000] {processor.py:183} INFO - Processing /opt/airflow/dags/data/models/Tunisia/cases_TS_model.pkl took 0.040 seconds
[2024-08-17T12:24:48.560+0000] {processor.py:161} INFO - Started process (PID=32649) to work on /opt/airflow/dags/data/models/Tunisia/cases_TS_model.pkl
[2024-08-17T12:24:48.562+0000] {processor.py:830} INFO - Processing file /opt/airflow/dags/data/models/Tunisia/cases_TS_model.pkl for tasks to queue
[2024-08-17T12:24:48.563+0000] {logging_mixin.py:188} INFO - [2024-08-17T12:24:48.563+0000] {dagbag.py:545} INFO - Filling up the DagBag from /opt/airflow/dags/data/models/Tunisia/cases_TS_model.pkl
[2024-08-17T12:24:48.584+0000] {processor.py:842} WARNING - No viable dags retrieved from /opt/airflow/dags/data/models/Tunisia/cases_TS_model.pkl
[2024-08-17T12:24:48.600+0000] {processor.py:183} INFO - Processing /opt/airflow/dags/data/models/Tunisia/cases_TS_model.pkl took 0.045 seconds
[2024-08-17T12:25:26.323+0000] {processor.py:161} INFO - Started process (PID=33294) to work on /opt/airflow/dags/data/models/Tunisia/cases_TS_model.pkl
[2024-08-17T12:25:26.324+0000] {processor.py:830} INFO - Processing file /opt/airflow/dags/data/models/Tunisia/cases_TS_model.pkl for tasks to queue
[2024-08-17T12:25:26.325+0000] {logging_mixin.py:188} INFO - [2024-08-17T12:25:26.325+0000] {dagbag.py:545} INFO - Filling up the DagBag from /opt/airflow/dags/data/models/Tunisia/cases_TS_model.pkl
[2024-08-17T12:25:26.344+0000] {processor.py:842} WARNING - No viable dags retrieved from /opt/airflow/dags/data/models/Tunisia/cases_TS_model.pkl
[2024-08-17T12:25:26.360+0000] {processor.py:183} INFO - Processing /opt/airflow/dags/data/models/Tunisia/cases_TS_model.pkl took 0.042 seconds
[2024-08-17T12:26:08.203+0000] {processor.py:161} INFO - Started process (PID=34079) to work on /opt/airflow/dags/data/models/Tunisia/cases_TS_model.pkl
[2024-08-17T12:26:08.204+0000] {processor.py:830} INFO - Processing file /opt/airflow/dags/data/models/Tunisia/cases_TS_model.pkl for tasks to queue
[2024-08-17T12:26:08.205+0000] {logging_mixin.py:188} INFO - [2024-08-17T12:26:08.205+0000] {dagbag.py:545} INFO - Filling up the DagBag from /opt/airflow/dags/data/models/Tunisia/cases_TS_model.pkl
[2024-08-17T12:26:08.222+0000] {processor.py:842} WARNING - No viable dags retrieved from /opt/airflow/dags/data/models/Tunisia/cases_TS_model.pkl
[2024-08-17T12:26:08.240+0000] {processor.py:183} INFO - Processing /opt/airflow/dags/data/models/Tunisia/cases_TS_model.pkl took 0.042 seconds
[2024-08-17T12:26:44.062+0000] {processor.py:161} INFO - Started process (PID=34728) to work on /opt/airflow/dags/data/models/Tunisia/cases_TS_model.pkl
[2024-08-17T12:26:44.063+0000] {processor.py:830} INFO - Processing file /opt/airflow/dags/data/models/Tunisia/cases_TS_model.pkl for tasks to queue
[2024-08-17T12:26:44.064+0000] {logging_mixin.py:188} INFO - [2024-08-17T12:26:44.064+0000] {dagbag.py:545} INFO - Filling up the DagBag from /opt/airflow/dags/data/models/Tunisia/cases_TS_model.pkl
[2024-08-17T12:26:44.078+0000] {processor.py:842} WARNING - No viable dags retrieved from /opt/airflow/dags/data/models/Tunisia/cases_TS_model.pkl
[2024-08-17T12:26:44.092+0000] {processor.py:183} INFO - Processing /opt/airflow/dags/data/models/Tunisia/cases_TS_model.pkl took 0.035 seconds
[2024-08-17T12:27:20.718+0000] {processor.py:161} INFO - Started process (PID=35449) to work on /opt/airflow/dags/data/models/Tunisia/cases_TS_model.pkl
[2024-08-17T12:27:20.719+0000] {processor.py:830} INFO - Processing file /opt/airflow/dags/data/models/Tunisia/cases_TS_model.pkl for tasks to queue
[2024-08-17T12:27:20.720+0000] {logging_mixin.py:188} INFO - [2024-08-17T12:27:20.719+0000] {dagbag.py:545} INFO - Filling up the DagBag from /opt/airflow/dags/data/models/Tunisia/cases_TS_model.pkl
[2024-08-17T12:27:20.739+0000] {processor.py:842} WARNING - No viable dags retrieved from /opt/airflow/dags/data/models/Tunisia/cases_TS_model.pkl
[2024-08-17T12:27:20.752+0000] {processor.py:183} INFO - Processing /opt/airflow/dags/data/models/Tunisia/cases_TS_model.pkl took 0.039 seconds
[2024-08-17T12:28:16.678+0000] {processor.py:161} INFO - Started process (PID=36253) to work on /opt/airflow/dags/data/models/Tunisia/cases_TS_model.pkl
[2024-08-17T12:28:16.679+0000] {processor.py:830} INFO - Processing file /opt/airflow/dags/data/models/Tunisia/cases_TS_model.pkl for tasks to queue
[2024-08-17T12:28:16.680+0000] {logging_mixin.py:188} INFO - [2024-08-17T12:28:16.680+0000] {dagbag.py:545} INFO - Filling up the DagBag from /opt/airflow/dags/data/models/Tunisia/cases_TS_model.pkl
[2024-08-17T12:28:16.693+0000] {processor.py:842} WARNING - No viable dags retrieved from /opt/airflow/dags/data/models/Tunisia/cases_TS_model.pkl
[2024-08-17T12:28:16.704+0000] {processor.py:183} INFO - Processing /opt/airflow/dags/data/models/Tunisia/cases_TS_model.pkl took 0.030 seconds
[2024-08-17T12:28:51.403+0000] {processor.py:161} INFO - Started process (PID=37000) to work on /opt/airflow/dags/data/models/Tunisia/cases_TS_model.pkl
[2024-08-17T12:28:51.404+0000] {processor.py:830} INFO - Processing file /opt/airflow/dags/data/models/Tunisia/cases_TS_model.pkl for tasks to queue
[2024-08-17T12:28:51.405+0000] {logging_mixin.py:188} INFO - [2024-08-17T12:28:51.405+0000] {dagbag.py:545} INFO - Filling up the DagBag from /opt/airflow/dags/data/models/Tunisia/cases_TS_model.pkl
[2024-08-17T12:28:51.423+0000] {processor.py:842} WARNING - No viable dags retrieved from /opt/airflow/dags/data/models/Tunisia/cases_TS_model.pkl
[2024-08-17T12:28:51.432+0000] {processor.py:183} INFO - Processing /opt/airflow/dags/data/models/Tunisia/cases_TS_model.pkl took 0.033 seconds
[2024-08-17T12:29:25.567+0000] {processor.py:161} INFO - Started process (PID=37747) to work on /opt/airflow/dags/data/models/Tunisia/cases_TS_model.pkl
[2024-08-17T12:29:25.568+0000] {processor.py:830} INFO - Processing file /opt/airflow/dags/data/models/Tunisia/cases_TS_model.pkl for tasks to queue
[2024-08-17T12:29:25.569+0000] {logging_mixin.py:188} INFO - [2024-08-17T12:29:25.569+0000] {dagbag.py:545} INFO - Filling up the DagBag from /opt/airflow/dags/data/models/Tunisia/cases_TS_model.pkl
[2024-08-17T12:29:25.584+0000] {processor.py:842} WARNING - No viable dags retrieved from /opt/airflow/dags/data/models/Tunisia/cases_TS_model.pkl
[2024-08-17T12:29:25.595+0000] {processor.py:183} INFO - Processing /opt/airflow/dags/data/models/Tunisia/cases_TS_model.pkl took 0.032 seconds
[2024-08-17T12:29:57.990+0000] {processor.py:161} INFO - Started process (PID=38455) to work on /opt/airflow/dags/data/models/Tunisia/cases_TS_model.pkl
[2024-08-17T12:29:57.991+0000] {processor.py:830} INFO - Processing file /opt/airflow/dags/data/models/Tunisia/cases_TS_model.pkl for tasks to queue
[2024-08-17T12:29:57.991+0000] {logging_mixin.py:188} INFO - [2024-08-17T12:29:57.991+0000] {dagbag.py:545} INFO - Filling up the DagBag from /opt/airflow/dags/data/models/Tunisia/cases_TS_model.pkl
[2024-08-17T12:29:58.000+0000] {processor.py:842} WARNING - No viable dags retrieved from /opt/airflow/dags/data/models/Tunisia/cases_TS_model.pkl
[2024-08-17T12:29:58.011+0000] {processor.py:183} INFO - Processing /opt/airflow/dags/data/models/Tunisia/cases_TS_model.pkl took 0.024 seconds
[2024-08-17T12:30:30.332+0000] {processor.py:161} INFO - Started process (PID=39185) to work on /opt/airflow/dags/data/models/Tunisia/cases_TS_model.pkl
[2024-08-17T12:30:30.333+0000] {processor.py:830} INFO - Processing file /opt/airflow/dags/data/models/Tunisia/cases_TS_model.pkl for tasks to queue
[2024-08-17T12:30:30.333+0000] {logging_mixin.py:188} INFO - [2024-08-17T12:30:30.333+0000] {dagbag.py:545} INFO - Filling up the DagBag from /opt/airflow/dags/data/models/Tunisia/cases_TS_model.pkl
[2024-08-17T12:30:30.340+0000] {processor.py:842} WARNING - No viable dags retrieved from /opt/airflow/dags/data/models/Tunisia/cases_TS_model.pkl
[2024-08-17T12:30:30.349+0000] {processor.py:183} INFO - Processing /opt/airflow/dags/data/models/Tunisia/cases_TS_model.pkl took 0.021 seconds
[2024-08-17T12:30:57.106+0000] {processor.py:161} INFO - Started process (PID=39774) to work on /opt/airflow/dags/data/models/Tunisia/cases_TS_model.pkl
[2024-08-17T12:30:57.106+0000] {processor.py:830} INFO - Processing file /opt/airflow/dags/data/models/Tunisia/cases_TS_model.pkl for tasks to queue
[2024-08-17T12:30:57.107+0000] {logging_mixin.py:188} INFO - [2024-08-17T12:30:57.107+0000] {dagbag.py:545} INFO - Filling up the DagBag from /opt/airflow/dags/data/models/Tunisia/cases_TS_model.pkl
[2024-08-17T12:30:57.115+0000] {processor.py:842} WARNING - No viable dags retrieved from /opt/airflow/dags/data/models/Tunisia/cases_TS_model.pkl
[2024-08-17T12:30:57.124+0000] {processor.py:183} INFO - Processing /opt/airflow/dags/data/models/Tunisia/cases_TS_model.pkl took 0.022 seconds
[2024-08-17T12:31:28.806+0000] {processor.py:161} INFO - Started process (PID=40471) to work on /opt/airflow/dags/data/models/Tunisia/cases_TS_model.pkl
[2024-08-17T12:31:28.806+0000] {processor.py:830} INFO - Processing file /opt/airflow/dags/data/models/Tunisia/cases_TS_model.pkl for tasks to queue
[2024-08-17T12:31:28.807+0000] {logging_mixin.py:188} INFO - [2024-08-17T12:31:28.807+0000] {dagbag.py:545} INFO - Filling up the DagBag from /opt/airflow/dags/data/models/Tunisia/cases_TS_model.pkl
[2024-08-17T12:31:28.819+0000] {processor.py:842} WARNING - No viable dags retrieved from /opt/airflow/dags/data/models/Tunisia/cases_TS_model.pkl
[2024-08-17T12:31:28.830+0000] {processor.py:183} INFO - Processing /opt/airflow/dags/data/models/Tunisia/cases_TS_model.pkl took 0.027 seconds
[2024-08-17T12:31:59.795+0000] {processor.py:161} INFO - Started process (PID=41163) to work on /opt/airflow/dags/data/models/Tunisia/cases_TS_model.pkl
[2024-08-17T12:31:59.796+0000] {processor.py:830} INFO - Processing file /opt/airflow/dags/data/models/Tunisia/cases_TS_model.pkl for tasks to queue
[2024-08-17T12:31:59.796+0000] {logging_mixin.py:188} INFO - [2024-08-17T12:31:59.796+0000] {dagbag.py:545} INFO - Filling up the DagBag from /opt/airflow/dags/data/models/Tunisia/cases_TS_model.pkl
[2024-08-17T12:31:59.807+0000] {processor.py:842} WARNING - No viable dags retrieved from /opt/airflow/dags/data/models/Tunisia/cases_TS_model.pkl
[2024-08-17T12:31:59.819+0000] {processor.py:183} INFO - Processing /opt/airflow/dags/data/models/Tunisia/cases_TS_model.pkl took 0.028 seconds
[2024-08-17T12:32:33.538+0000] {processor.py:161} INFO - Started process (PID=41899) to work on /opt/airflow/dags/data/models/Tunisia/cases_TS_model.pkl
[2024-08-17T12:32:33.539+0000] {processor.py:830} INFO - Processing file /opt/airflow/dags/data/models/Tunisia/cases_TS_model.pkl for tasks to queue
[2024-08-17T12:32:33.539+0000] {logging_mixin.py:188} INFO - [2024-08-17T12:32:33.539+0000] {dagbag.py:545} INFO - Filling up the DagBag from /opt/airflow/dags/data/models/Tunisia/cases_TS_model.pkl
[2024-08-17T12:32:33.549+0000] {processor.py:842} WARNING - No viable dags retrieved from /opt/airflow/dags/data/models/Tunisia/cases_TS_model.pkl
[2024-08-17T12:32:33.559+0000] {processor.py:183} INFO - Processing /opt/airflow/dags/data/models/Tunisia/cases_TS_model.pkl took 0.024 seconds
[2024-08-17T12:33:12.404+0000] {processor.py:161} INFO - Started process (PID=42602) to work on /opt/airflow/dags/data/models/Tunisia/cases_TS_model.pkl
[2024-08-17T12:33:12.404+0000] {processor.py:830} INFO - Processing file /opt/airflow/dags/data/models/Tunisia/cases_TS_model.pkl for tasks to queue
[2024-08-17T12:33:12.407+0000] {logging_mixin.py:188} INFO - [2024-08-17T12:33:12.407+0000] {dagbag.py:545} INFO - Filling up the DagBag from /opt/airflow/dags/data/models/Tunisia/cases_TS_model.pkl
[2024-08-17T12:33:12.415+0000] {processor.py:842} WARNING - No viable dags retrieved from /opt/airflow/dags/data/models/Tunisia/cases_TS_model.pkl
[2024-08-17T12:33:12.425+0000] {processor.py:183} INFO - Processing /opt/airflow/dags/data/models/Tunisia/cases_TS_model.pkl took 0.024 seconds
[2024-08-17T12:33:46.452+0000] {processor.py:161} INFO - Started process (PID=43296) to work on /opt/airflow/dags/data/models/Tunisia/cases_TS_model.pkl
[2024-08-17T12:33:46.452+0000] {processor.py:830} INFO - Processing file /opt/airflow/dags/data/models/Tunisia/cases_TS_model.pkl for tasks to queue
[2024-08-17T12:33:46.453+0000] {logging_mixin.py:188} INFO - [2024-08-17T12:33:46.453+0000] {dagbag.py:545} INFO - Filling up the DagBag from /opt/airflow/dags/data/models/Tunisia/cases_TS_model.pkl
[2024-08-17T12:33:46.461+0000] {processor.py:842} WARNING - No viable dags retrieved from /opt/airflow/dags/data/models/Tunisia/cases_TS_model.pkl
[2024-08-17T12:33:46.471+0000] {processor.py:183} INFO - Processing /opt/airflow/dags/data/models/Tunisia/cases_TS_model.pkl took 0.023 seconds
[2024-08-17T12:34:18.243+0000] {processor.py:161} INFO - Started process (PID=44001) to work on /opt/airflow/dags/data/models/Tunisia/cases_TS_model.pkl
[2024-08-17T12:34:18.244+0000] {processor.py:830} INFO - Processing file /opt/airflow/dags/data/models/Tunisia/cases_TS_model.pkl for tasks to queue
[2024-08-17T12:34:18.245+0000] {logging_mixin.py:188} INFO - [2024-08-17T12:34:18.244+0000] {dagbag.py:545} INFO - Filling up the DagBag from /opt/airflow/dags/data/models/Tunisia/cases_TS_model.pkl
[2024-08-17T12:34:18.258+0000] {processor.py:842} WARNING - No viable dags retrieved from /opt/airflow/dags/data/models/Tunisia/cases_TS_model.pkl
[2024-08-17T12:34:18.267+0000] {processor.py:183} INFO - Processing /opt/airflow/dags/data/models/Tunisia/cases_TS_model.pkl took 0.028 seconds
[2024-08-17T12:34:51.682+0000] {processor.py:161} INFO - Started process (PID=44744) to work on /opt/airflow/dags/data/models/Tunisia/cases_TS_model.pkl
[2024-08-17T12:34:51.683+0000] {processor.py:830} INFO - Processing file /opt/airflow/dags/data/models/Tunisia/cases_TS_model.pkl for tasks to queue
[2024-08-17T12:34:51.683+0000] {logging_mixin.py:188} INFO - [2024-08-17T12:34:51.683+0000] {dagbag.py:545} INFO - Filling up the DagBag from /opt/airflow/dags/data/models/Tunisia/cases_TS_model.pkl
[2024-08-17T12:34:51.691+0000] {processor.py:842} WARNING - No viable dags retrieved from /opt/airflow/dags/data/models/Tunisia/cases_TS_model.pkl
[2024-08-17T12:34:51.700+0000] {processor.py:183} INFO - Processing /opt/airflow/dags/data/models/Tunisia/cases_TS_model.pkl took 0.022 seconds
[2024-08-17T12:35:23.888+0000] {processor.py:161} INFO - Started process (PID=45478) to work on /opt/airflow/dags/data/models/Tunisia/cases_TS_model.pkl
[2024-08-17T12:35:23.889+0000] {processor.py:830} INFO - Processing file /opt/airflow/dags/data/models/Tunisia/cases_TS_model.pkl for tasks to queue
[2024-08-17T12:35:23.889+0000] {logging_mixin.py:188} INFO - [2024-08-17T12:35:23.889+0000] {dagbag.py:545} INFO - Filling up the DagBag from /opt/airflow/dags/data/models/Tunisia/cases_TS_model.pkl
[2024-08-17T12:35:23.899+0000] {processor.py:842} WARNING - No viable dags retrieved from /opt/airflow/dags/data/models/Tunisia/cases_TS_model.pkl
[2024-08-17T12:35:23.909+0000] {processor.py:183} INFO - Processing /opt/airflow/dags/data/models/Tunisia/cases_TS_model.pkl took 0.024 seconds
[2024-08-17T12:35:56.488+0000] {processor.py:161} INFO - Started process (PID=46203) to work on /opt/airflow/dags/data/models/Tunisia/cases_TS_model.pkl
[2024-08-17T12:35:56.489+0000] {processor.py:830} INFO - Processing file /opt/airflow/dags/data/models/Tunisia/cases_TS_model.pkl for tasks to queue
[2024-08-17T12:35:56.490+0000] {logging_mixin.py:188} INFO - [2024-08-17T12:35:56.489+0000] {dagbag.py:545} INFO - Filling up the DagBag from /opt/airflow/dags/data/models/Tunisia/cases_TS_model.pkl
[2024-08-17T12:35:56.499+0000] {processor.py:842} WARNING - No viable dags retrieved from /opt/airflow/dags/data/models/Tunisia/cases_TS_model.pkl
[2024-08-17T12:35:56.508+0000] {processor.py:183} INFO - Processing /opt/airflow/dags/data/models/Tunisia/cases_TS_model.pkl took 0.024 seconds
[2024-08-17T12:36:28.977+0000] {processor.py:161} INFO - Started process (PID=46936) to work on /opt/airflow/dags/data/models/Tunisia/cases_TS_model.pkl
[2024-08-17T12:36:28.978+0000] {processor.py:830} INFO - Processing file /opt/airflow/dags/data/models/Tunisia/cases_TS_model.pkl for tasks to queue
[2024-08-17T12:36:28.979+0000] {logging_mixin.py:188} INFO - [2024-08-17T12:36:28.978+0000] {dagbag.py:545} INFO - Filling up the DagBag from /opt/airflow/dags/data/models/Tunisia/cases_TS_model.pkl
[2024-08-17T12:36:28.987+0000] {processor.py:842} WARNING - No viable dags retrieved from /opt/airflow/dags/data/models/Tunisia/cases_TS_model.pkl
[2024-08-17T12:36:28.995+0000] {processor.py:183} INFO - Processing /opt/airflow/dags/data/models/Tunisia/cases_TS_model.pkl took 0.022 seconds
[2024-08-17T12:37:00.137+0000] {processor.py:161} INFO - Started process (PID=47635) to work on /opt/airflow/dags/data/models/Tunisia/cases_TS_model.pkl
[2024-08-17T12:37:00.138+0000] {processor.py:830} INFO - Processing file /opt/airflow/dags/data/models/Tunisia/cases_TS_model.pkl for tasks to queue
[2024-08-17T12:37:00.138+0000] {logging_mixin.py:188} INFO - [2024-08-17T12:37:00.138+0000] {dagbag.py:545} INFO - Filling up the DagBag from /opt/airflow/dags/data/models/Tunisia/cases_TS_model.pkl
[2024-08-17T12:37:00.146+0000] {processor.py:842} WARNING - No viable dags retrieved from /opt/airflow/dags/data/models/Tunisia/cases_TS_model.pkl
[2024-08-17T12:37:00.155+0000] {processor.py:183} INFO - Processing /opt/airflow/dags/data/models/Tunisia/cases_TS_model.pkl took 0.021 seconds
[2024-08-17T12:37:31.484+0000] {processor.py:161} INFO - Started process (PID=48338) to work on /opt/airflow/dags/data/models/Tunisia/cases_TS_model.pkl
[2024-08-17T12:37:31.485+0000] {processor.py:830} INFO - Processing file /opt/airflow/dags/data/models/Tunisia/cases_TS_model.pkl for tasks to queue
[2024-08-17T12:37:31.485+0000] {logging_mixin.py:188} INFO - [2024-08-17T12:37:31.485+0000] {dagbag.py:545} INFO - Filling up the DagBag from /opt/airflow/dags/data/models/Tunisia/cases_TS_model.pkl
[2024-08-17T12:37:31.493+0000] {processor.py:842} WARNING - No viable dags retrieved from /opt/airflow/dags/data/models/Tunisia/cases_TS_model.pkl
[2024-08-17T12:37:31.502+0000] {processor.py:183} INFO - Processing /opt/airflow/dags/data/models/Tunisia/cases_TS_model.pkl took 0.022 seconds
[2024-08-17T12:38:11.327+0000] {processor.py:161} INFO - Started process (PID=49104) to work on /opt/airflow/dags/data/models/Tunisia/cases_TS_model.pkl
[2024-08-17T12:38:11.328+0000] {processor.py:830} INFO - Processing file /opt/airflow/dags/data/models/Tunisia/cases_TS_model.pkl for tasks to queue
[2024-08-17T12:38:11.329+0000] {logging_mixin.py:188} INFO - [2024-08-17T12:38:11.328+0000] {dagbag.py:545} INFO - Filling up the DagBag from /opt/airflow/dags/data/models/Tunisia/cases_TS_model.pkl
[2024-08-17T12:38:11.336+0000] {processor.py:842} WARNING - No viable dags retrieved from /opt/airflow/dags/data/models/Tunisia/cases_TS_model.pkl
[2024-08-17T12:38:11.345+0000] {processor.py:183} INFO - Processing /opt/airflow/dags/data/models/Tunisia/cases_TS_model.pkl took 0.021 seconds
[2024-08-17T12:38:44.173+0000] {processor.py:161} INFO - Started process (PID=49797) to work on /opt/airflow/dags/data/models/Tunisia/cases_TS_model.pkl
[2024-08-17T12:38:44.173+0000] {processor.py:830} INFO - Processing file /opt/airflow/dags/data/models/Tunisia/cases_TS_model.pkl for tasks to queue
[2024-08-17T12:38:44.174+0000] {logging_mixin.py:188} INFO - [2024-08-17T12:38:44.174+0000] {dagbag.py:545} INFO - Filling up the DagBag from /opt/airflow/dags/data/models/Tunisia/cases_TS_model.pkl
[2024-08-17T12:38:44.182+0000] {processor.py:842} WARNING - No viable dags retrieved from /opt/airflow/dags/data/models/Tunisia/cases_TS_model.pkl
[2024-08-17T12:38:44.192+0000] {processor.py:183} INFO - Processing /opt/airflow/dags/data/models/Tunisia/cases_TS_model.pkl took 0.023 seconds
[2024-08-17T12:39:17.243+0000] {processor.py:161} INFO - Started process (PID=50521) to work on /opt/airflow/dags/data/models/Tunisia/cases_TS_model.pkl
[2024-08-17T12:39:17.247+0000] {processor.py:830} INFO - Processing file /opt/airflow/dags/data/models/Tunisia/cases_TS_model.pkl for tasks to queue
[2024-08-17T12:39:17.247+0000] {logging_mixin.py:188} INFO - [2024-08-17T12:39:17.247+0000] {dagbag.py:545} INFO - Filling up the DagBag from /opt/airflow/dags/data/models/Tunisia/cases_TS_model.pkl
[2024-08-17T12:39:17.256+0000] {processor.py:842} WARNING - No viable dags retrieved from /opt/airflow/dags/data/models/Tunisia/cases_TS_model.pkl
[2024-08-17T12:39:17.266+0000] {processor.py:183} INFO - Processing /opt/airflow/dags/data/models/Tunisia/cases_TS_model.pkl took 0.027 seconds
[2024-08-17T12:39:48.699+0000] {processor.py:161} INFO - Started process (PID=51236) to work on /opt/airflow/dags/data/models/Tunisia/cases_TS_model.pkl
[2024-08-17T12:39:48.701+0000] {processor.py:830} INFO - Processing file /opt/airflow/dags/data/models/Tunisia/cases_TS_model.pkl for tasks to queue
[2024-08-17T12:39:48.701+0000] {logging_mixin.py:188} INFO - [2024-08-17T12:39:48.701+0000] {dagbag.py:545} INFO - Filling up the DagBag from /opt/airflow/dags/data/models/Tunisia/cases_TS_model.pkl
[2024-08-17T12:39:48.710+0000] {processor.py:842} WARNING - No viable dags retrieved from /opt/airflow/dags/data/models/Tunisia/cases_TS_model.pkl
[2024-08-17T12:39:48.719+0000] {processor.py:183} INFO - Processing /opt/airflow/dags/data/models/Tunisia/cases_TS_model.pkl took 0.023 seconds
[2024-08-17T12:40:20.470+0000] {processor.py:161} INFO - Started process (PID=51979) to work on /opt/airflow/dags/data/models/Tunisia/cases_TS_model.pkl
[2024-08-17T12:40:20.470+0000] {processor.py:830} INFO - Processing file /opt/airflow/dags/data/models/Tunisia/cases_TS_model.pkl for tasks to queue
[2024-08-17T12:40:20.471+0000] {logging_mixin.py:188} INFO - [2024-08-17T12:40:20.471+0000] {dagbag.py:545} INFO - Filling up the DagBag from /opt/airflow/dags/data/models/Tunisia/cases_TS_model.pkl
[2024-08-17T12:40:20.488+0000] {processor.py:842} WARNING - No viable dags retrieved from /opt/airflow/dags/data/models/Tunisia/cases_TS_model.pkl
[2024-08-17T12:40:20.498+0000] {processor.py:183} INFO - Processing /opt/airflow/dags/data/models/Tunisia/cases_TS_model.pkl took 0.033 seconds
[2024-08-17T12:40:52.223+0000] {processor.py:161} INFO - Started process (PID=52699) to work on /opt/airflow/dags/data/models/Tunisia/cases_TS_model.pkl
[2024-08-17T12:40:52.224+0000] {processor.py:830} INFO - Processing file /opt/airflow/dags/data/models/Tunisia/cases_TS_model.pkl for tasks to queue
[2024-08-17T12:40:52.224+0000] {logging_mixin.py:188} INFO - [2024-08-17T12:40:52.224+0000] {dagbag.py:545} INFO - Filling up the DagBag from /opt/airflow/dags/data/models/Tunisia/cases_TS_model.pkl
[2024-08-17T12:40:52.233+0000] {processor.py:842} WARNING - No viable dags retrieved from /opt/airflow/dags/data/models/Tunisia/cases_TS_model.pkl
[2024-08-17T12:40:52.242+0000] {processor.py:183} INFO - Processing /opt/airflow/dags/data/models/Tunisia/cases_TS_model.pkl took 0.023 seconds
[2024-08-17T12:41:24.503+0000] {processor.py:161} INFO - Started process (PID=53406) to work on /opt/airflow/dags/data/models/Tunisia/cases_TS_model.pkl
[2024-08-17T12:41:24.507+0000] {processor.py:830} INFO - Processing file /opt/airflow/dags/data/models/Tunisia/cases_TS_model.pkl for tasks to queue
[2024-08-17T12:41:24.508+0000] {logging_mixin.py:188} INFO - [2024-08-17T12:41:24.508+0000] {dagbag.py:545} INFO - Filling up the DagBag from /opt/airflow/dags/data/models/Tunisia/cases_TS_model.pkl
[2024-08-17T12:41:24.519+0000] {processor.py:842} WARNING - No viable dags retrieved from /opt/airflow/dags/data/models/Tunisia/cases_TS_model.pkl
[2024-08-17T12:41:24.529+0000] {processor.py:183} INFO - Processing /opt/airflow/dags/data/models/Tunisia/cases_TS_model.pkl took 0.030 seconds
