[2024-08-17T10:07:53.865+0000] {processor.py:161} INFO - Started process (PID=30994) to work on /opt/airflow/dags/data/models/New Zealand.2/deaths_TS_model.pkl
[2024-08-17T10:07:53.866+0000] {processor.py:830} INFO - Processing file /opt/airflow/dags/data/models/New Zealand.2/deaths_TS_model.pkl for tasks to queue
[2024-08-17T10:07:53.867+0000] {logging_mixin.py:188} INFO - [2024-08-17T10:07:53.866+0000] {dagbag.py:545} INFO - Filling up the DagBag from /opt/airflow/dags/data/models/New Zealand.2/deaths_TS_model.pkl
[2024-08-17T10:07:53.875+0000] {processor.py:842} WARNING - No viable dags retrieved from /opt/airflow/dags/data/models/New Zealand.2/deaths_TS_model.pkl
[2024-08-17T10:07:53.884+0000] {processor.py:183} INFO - Processing /opt/airflow/dags/data/models/New Zealand.2/deaths_TS_model.pkl took 0.023 seconds
[2024-08-17T10:08:26.795+0000] {processor.py:161} INFO - Started process (PID=31630) to work on /opt/airflow/dags/data/models/New Zealand.2/deaths_TS_model.pkl
[2024-08-17T10:08:26.796+0000] {processor.py:830} INFO - Processing file /opt/airflow/dags/data/models/New Zealand.2/deaths_TS_model.pkl for tasks to queue
[2024-08-17T10:08:26.797+0000] {logging_mixin.py:188} INFO - [2024-08-17T10:08:26.796+0000] {dagbag.py:545} INFO - Filling up the DagBag from /opt/airflow/dags/data/models/New Zealand.2/deaths_TS_model.pkl
[2024-08-17T10:08:26.805+0000] {processor.py:842} WARNING - No viable dags retrieved from /opt/airflow/dags/data/models/New Zealand.2/deaths_TS_model.pkl
[2024-08-17T10:08:26.814+0000] {processor.py:183} INFO - Processing /opt/airflow/dags/data/models/New Zealand.2/deaths_TS_model.pkl took 0.023 seconds
[2024-08-17T10:08:59.429+0000] {processor.py:161} INFO - Started process (PID=32259) to work on /opt/airflow/dags/data/models/New Zealand.2/deaths_TS_model.pkl
[2024-08-17T10:08:59.429+0000] {processor.py:830} INFO - Processing file /opt/airflow/dags/data/models/New Zealand.2/deaths_TS_model.pkl for tasks to queue
[2024-08-17T10:08:59.430+0000] {logging_mixin.py:188} INFO - [2024-08-17T10:08:59.430+0000] {dagbag.py:545} INFO - Filling up the DagBag from /opt/airflow/dags/data/models/New Zealand.2/deaths_TS_model.pkl
[2024-08-17T10:08:59.438+0000] {processor.py:842} WARNING - No viable dags retrieved from /opt/airflow/dags/data/models/New Zealand.2/deaths_TS_model.pkl
[2024-08-17T10:08:59.447+0000] {processor.py:183} INFO - Processing /opt/airflow/dags/data/models/New Zealand.2/deaths_TS_model.pkl took 0.023 seconds
[2024-08-17T10:09:30.442+0000] {processor.py:161} INFO - Started process (PID=32841) to work on /opt/airflow/dags/data/models/New Zealand.2/deaths_TS_model.pkl
[2024-08-17T10:09:30.443+0000] {processor.py:830} INFO - Processing file /opt/airflow/dags/data/models/New Zealand.2/deaths_TS_model.pkl for tasks to queue
[2024-08-17T10:09:30.443+0000] {logging_mixin.py:188} INFO - [2024-08-17T10:09:30.443+0000] {dagbag.py:545} INFO - Filling up the DagBag from /opt/airflow/dags/data/models/New Zealand.2/deaths_TS_model.pkl
[2024-08-17T10:09:30.453+0000] {processor.py:842} WARNING - No viable dags retrieved from /opt/airflow/dags/data/models/New Zealand.2/deaths_TS_model.pkl
[2024-08-17T10:09:30.461+0000] {processor.py:183} INFO - Processing /opt/airflow/dags/data/models/New Zealand.2/deaths_TS_model.pkl took 0.023 seconds
[2024-08-17T10:10:02.200+0000] {processor.py:161} INFO - Started process (PID=33470) to work on /opt/airflow/dags/data/models/New Zealand.2/deaths_TS_model.pkl
[2024-08-17T10:10:02.200+0000] {processor.py:830} INFO - Processing file /opt/airflow/dags/data/models/New Zealand.2/deaths_TS_model.pkl for tasks to queue
[2024-08-17T10:10:02.201+0000] {logging_mixin.py:188} INFO - [2024-08-17T10:10:02.201+0000] {dagbag.py:545} INFO - Filling up the DagBag from /opt/airflow/dags/data/models/New Zealand.2/deaths_TS_model.pkl
[2024-08-17T10:10:02.210+0000] {processor.py:842} WARNING - No viable dags retrieved from /opt/airflow/dags/data/models/New Zealand.2/deaths_TS_model.pkl
[2024-08-17T10:10:02.220+0000] {processor.py:183} INFO - Processing /opt/airflow/dags/data/models/New Zealand.2/deaths_TS_model.pkl took 0.024 seconds
[2024-08-17T10:10:33.904+0000] {processor.py:161} INFO - Started process (PID=34079) to work on /opt/airflow/dags/data/models/New Zealand.2/deaths_TS_model.pkl
[2024-08-17T10:10:33.905+0000] {processor.py:830} INFO - Processing file /opt/airflow/dags/data/models/New Zealand.2/deaths_TS_model.pkl for tasks to queue
[2024-08-17T10:10:33.905+0000] {logging_mixin.py:188} INFO - [2024-08-17T10:10:33.905+0000] {dagbag.py:545} INFO - Filling up the DagBag from /opt/airflow/dags/data/models/New Zealand.2/deaths_TS_model.pkl
[2024-08-17T10:10:33.930+0000] {processor.py:842} WARNING - No viable dags retrieved from /opt/airflow/dags/data/models/New Zealand.2/deaths_TS_model.pkl
[2024-08-17T10:10:33.939+0000] {processor.py:183} INFO - Processing /opt/airflow/dags/data/models/New Zealand.2/deaths_TS_model.pkl took 0.039 seconds
[2024-08-17T10:11:05.226+0000] {processor.py:161} INFO - Started process (PID=34700) to work on /opt/airflow/dags/data/models/New Zealand.2/deaths_TS_model.pkl
[2024-08-17T10:11:05.227+0000] {processor.py:830} INFO - Processing file /opt/airflow/dags/data/models/New Zealand.2/deaths_TS_model.pkl for tasks to queue
[2024-08-17T10:11:05.228+0000] {logging_mixin.py:188} INFO - [2024-08-17T10:11:05.228+0000] {dagbag.py:545} INFO - Filling up the DagBag from /opt/airflow/dags/data/models/New Zealand.2/deaths_TS_model.pkl
[2024-08-17T10:11:05.240+0000] {processor.py:842} WARNING - No viable dags retrieved from /opt/airflow/dags/data/models/New Zealand.2/deaths_TS_model.pkl
[2024-08-17T10:11:05.250+0000] {processor.py:183} INFO - Processing /opt/airflow/dags/data/models/New Zealand.2/deaths_TS_model.pkl took 0.027 seconds
[2024-08-17T10:11:36.328+0000] {processor.py:161} INFO - Started process (PID=35309) to work on /opt/airflow/dags/data/models/New Zealand.2/deaths_TS_model.pkl
[2024-08-17T10:11:36.329+0000] {processor.py:830} INFO - Processing file /opt/airflow/dags/data/models/New Zealand.2/deaths_TS_model.pkl for tasks to queue
[2024-08-17T10:11:36.329+0000] {logging_mixin.py:188} INFO - [2024-08-17T10:11:36.329+0000] {dagbag.py:545} INFO - Filling up the DagBag from /opt/airflow/dags/data/models/New Zealand.2/deaths_TS_model.pkl
[2024-08-17T10:11:36.341+0000] {processor.py:842} WARNING - No viable dags retrieved from /opt/airflow/dags/data/models/New Zealand.2/deaths_TS_model.pkl
[2024-08-17T10:11:36.350+0000] {processor.py:183} INFO - Processing /opt/airflow/dags/data/models/New Zealand.2/deaths_TS_model.pkl took 0.026 seconds
[2024-08-17T10:12:07.455+0000] {processor.py:161} INFO - Started process (PID=35909) to work on /opt/airflow/dags/data/models/New Zealand.2/deaths_TS_model.pkl
[2024-08-17T10:12:07.456+0000] {processor.py:830} INFO - Processing file /opt/airflow/dags/data/models/New Zealand.2/deaths_TS_model.pkl for tasks to queue
[2024-08-17T10:12:07.456+0000] {logging_mixin.py:188} INFO - [2024-08-17T10:12:07.456+0000] {dagbag.py:545} INFO - Filling up the DagBag from /opt/airflow/dags/data/models/New Zealand.2/deaths_TS_model.pkl
[2024-08-17T10:12:07.469+0000] {processor.py:842} WARNING - No viable dags retrieved from /opt/airflow/dags/data/models/New Zealand.2/deaths_TS_model.pkl
[2024-08-17T10:12:07.479+0000] {processor.py:183} INFO - Processing /opt/airflow/dags/data/models/New Zealand.2/deaths_TS_model.pkl took 0.028 seconds
[2024-08-17T10:12:39.871+0000] {processor.py:161} INFO - Started process (PID=36537) to work on /opt/airflow/dags/data/models/New Zealand.2/deaths_TS_model.pkl
[2024-08-17T10:12:39.872+0000] {processor.py:830} INFO - Processing file /opt/airflow/dags/data/models/New Zealand.2/deaths_TS_model.pkl for tasks to queue
[2024-08-17T10:12:39.873+0000] {logging_mixin.py:188} INFO - [2024-08-17T10:12:39.872+0000] {dagbag.py:545} INFO - Filling up the DagBag from /opt/airflow/dags/data/models/New Zealand.2/deaths_TS_model.pkl
[2024-08-17T10:12:39.882+0000] {processor.py:842} WARNING - No viable dags retrieved from /opt/airflow/dags/data/models/New Zealand.2/deaths_TS_model.pkl
[2024-08-17T10:12:39.891+0000] {processor.py:183} INFO - Processing /opt/airflow/dags/data/models/New Zealand.2/deaths_TS_model.pkl took 0.023 seconds
[2024-08-17T10:13:15.981+0000] {processor.py:161} INFO - Started process (PID=37179) to work on /opt/airflow/dags/data/models/New Zealand.2/deaths_TS_model.pkl
[2024-08-17T10:13:15.982+0000] {processor.py:830} INFO - Processing file /opt/airflow/dags/data/models/New Zealand.2/deaths_TS_model.pkl for tasks to queue
[2024-08-17T10:13:15.983+0000] {logging_mixin.py:188} INFO - [2024-08-17T10:13:15.982+0000] {dagbag.py:545} INFO - Filling up the DagBag from /opt/airflow/dags/data/models/New Zealand.2/deaths_TS_model.pkl
[2024-08-17T10:13:15.992+0000] {processor.py:842} WARNING - No viable dags retrieved from /opt/airflow/dags/data/models/New Zealand.2/deaths_TS_model.pkl
[2024-08-17T10:13:16.003+0000] {processor.py:183} INFO - Processing /opt/airflow/dags/data/models/New Zealand.2/deaths_TS_model.pkl took 0.025 seconds
[2024-08-17T10:13:50.843+0000] {processor.py:161} INFO - Started process (PID=37872) to work on /opt/airflow/dags/data/models/New Zealand.2/deaths_TS_model.pkl
[2024-08-17T10:13:50.844+0000] {processor.py:830} INFO - Processing file /opt/airflow/dags/data/models/New Zealand.2/deaths_TS_model.pkl for tasks to queue
[2024-08-17T10:13:50.851+0000] {logging_mixin.py:188} INFO - [2024-08-17T10:13:50.851+0000] {dagbag.py:545} INFO - Filling up the DagBag from /opt/airflow/dags/data/models/New Zealand.2/deaths_TS_model.pkl
[2024-08-17T10:13:50.861+0000] {processor.py:842} WARNING - No viable dags retrieved from /opt/airflow/dags/data/models/New Zealand.2/deaths_TS_model.pkl
[2024-08-17T10:13:50.870+0000] {processor.py:183} INFO - Processing /opt/airflow/dags/data/models/New Zealand.2/deaths_TS_model.pkl took 0.032 seconds
[2024-08-17T10:14:23.899+0000] {processor.py:161} INFO - Started process (PID=38528) to work on /opt/airflow/dags/data/models/New Zealand.2/deaths_TS_model.pkl
[2024-08-17T10:14:23.900+0000] {processor.py:830} INFO - Processing file /opt/airflow/dags/data/models/New Zealand.2/deaths_TS_model.pkl for tasks to queue
[2024-08-17T10:14:23.900+0000] {logging_mixin.py:188} INFO - [2024-08-17T10:14:23.900+0000] {dagbag.py:545} INFO - Filling up the DagBag from /opt/airflow/dags/data/models/New Zealand.2/deaths_TS_model.pkl
[2024-08-17T10:14:23.908+0000] {processor.py:842} WARNING - No viable dags retrieved from /opt/airflow/dags/data/models/New Zealand.2/deaths_TS_model.pkl
[2024-08-17T10:14:23.917+0000] {processor.py:183} INFO - Processing /opt/airflow/dags/data/models/New Zealand.2/deaths_TS_model.pkl took 0.022 seconds
[2024-08-17T10:14:57.405+0000] {processor.py:161} INFO - Started process (PID=39220) to work on /opt/airflow/dags/data/models/New Zealand.2/deaths_TS_model.pkl
[2024-08-17T10:14:57.406+0000] {processor.py:830} INFO - Processing file /opt/airflow/dags/data/models/New Zealand.2/deaths_TS_model.pkl for tasks to queue
[2024-08-17T10:14:57.407+0000] {logging_mixin.py:188} INFO - [2024-08-17T10:14:57.407+0000] {dagbag.py:545} INFO - Filling up the DagBag from /opt/airflow/dags/data/models/New Zealand.2/deaths_TS_model.pkl
[2024-08-17T10:14:57.418+0000] {processor.py:842} WARNING - No viable dags retrieved from /opt/airflow/dags/data/models/New Zealand.2/deaths_TS_model.pkl
[2024-08-17T10:14:57.427+0000] {processor.py:183} INFO - Processing /opt/airflow/dags/data/models/New Zealand.2/deaths_TS_model.pkl took 0.026 seconds
[2024-08-17T10:15:29.958+0000] {processor.py:161} INFO - Started process (PID=39865) to work on /opt/airflow/dags/data/models/New Zealand.2/deaths_TS_model.pkl
[2024-08-17T10:15:29.959+0000] {processor.py:830} INFO - Processing file /opt/airflow/dags/data/models/New Zealand.2/deaths_TS_model.pkl for tasks to queue
[2024-08-17T10:15:29.960+0000] {logging_mixin.py:188} INFO - [2024-08-17T10:15:29.959+0000] {dagbag.py:545} INFO - Filling up the DagBag from /opt/airflow/dags/data/models/New Zealand.2/deaths_TS_model.pkl
[2024-08-17T10:15:29.970+0000] {processor.py:842} WARNING - No viable dags retrieved from /opt/airflow/dags/data/models/New Zealand.2/deaths_TS_model.pkl
[2024-08-17T10:15:29.980+0000] {processor.py:183} INFO - Processing /opt/airflow/dags/data/models/New Zealand.2/deaths_TS_model.pkl took 0.028 seconds
[2024-08-17T10:16:02.390+0000] {processor.py:161} INFO - Started process (PID=40539) to work on /opt/airflow/dags/data/models/New Zealand.2/deaths_TS_model.pkl
[2024-08-17T10:16:02.390+0000] {processor.py:830} INFO - Processing file /opt/airflow/dags/data/models/New Zealand.2/deaths_TS_model.pkl for tasks to queue
[2024-08-17T10:16:02.391+0000] {logging_mixin.py:188} INFO - [2024-08-17T10:16:02.391+0000] {dagbag.py:545} INFO - Filling up the DagBag from /opt/airflow/dags/data/models/New Zealand.2/deaths_TS_model.pkl
[2024-08-17T10:16:02.405+0000] {processor.py:842} WARNING - No viable dags retrieved from /opt/airflow/dags/data/models/New Zealand.2/deaths_TS_model.pkl
[2024-08-17T10:16:02.415+0000] {processor.py:183} INFO - Processing /opt/airflow/dags/data/models/New Zealand.2/deaths_TS_model.pkl took 0.030 seconds
[2024-08-17T10:16:35.377+0000] {processor.py:161} INFO - Started process (PID=41251) to work on /opt/airflow/dags/data/models/New Zealand.2/deaths_TS_model.pkl
[2024-08-17T10:16:35.378+0000] {processor.py:830} INFO - Processing file /opt/airflow/dags/data/models/New Zealand.2/deaths_TS_model.pkl for tasks to queue
[2024-08-17T10:16:35.379+0000] {logging_mixin.py:188} INFO - [2024-08-17T10:16:35.379+0000] {dagbag.py:545} INFO - Filling up the DagBag from /opt/airflow/dags/data/models/New Zealand.2/deaths_TS_model.pkl
[2024-08-17T10:16:35.386+0000] {processor.py:842} WARNING - No viable dags retrieved from /opt/airflow/dags/data/models/New Zealand.2/deaths_TS_model.pkl
[2024-08-17T10:16:35.395+0000] {processor.py:183} INFO - Processing /opt/airflow/dags/data/models/New Zealand.2/deaths_TS_model.pkl took 0.021 seconds
[2024-08-17T10:17:06.232+0000] {processor.py:161} INFO - Started process (PID=41899) to work on /opt/airflow/dags/data/models/New Zealand.2/deaths_TS_model.pkl
[2024-08-17T10:17:06.232+0000] {processor.py:830} INFO - Processing file /opt/airflow/dags/data/models/New Zealand.2/deaths_TS_model.pkl for tasks to queue
[2024-08-17T10:17:06.233+0000] {logging_mixin.py:188} INFO - [2024-08-17T10:17:06.233+0000] {dagbag.py:545} INFO - Filling up the DagBag from /opt/airflow/dags/data/models/New Zealand.2/deaths_TS_model.pkl
[2024-08-17T10:17:06.244+0000] {processor.py:842} WARNING - No viable dags retrieved from /opt/airflow/dags/data/models/New Zealand.2/deaths_TS_model.pkl
[2024-08-17T10:17:06.253+0000] {processor.py:183} INFO - Processing /opt/airflow/dags/data/models/New Zealand.2/deaths_TS_model.pkl took 0.025 seconds
[2024-08-17T10:17:37.693+0000] {processor.py:161} INFO - Started process (PID=42583) to work on /opt/airflow/dags/data/models/New Zealand.2/deaths_TS_model.pkl
[2024-08-17T10:17:37.694+0000] {processor.py:830} INFO - Processing file /opt/airflow/dags/data/models/New Zealand.2/deaths_TS_model.pkl for tasks to queue
[2024-08-17T10:17:37.695+0000] {logging_mixin.py:188} INFO - [2024-08-17T10:17:37.694+0000] {dagbag.py:545} INFO - Filling up the DagBag from /opt/airflow/dags/data/models/New Zealand.2/deaths_TS_model.pkl
[2024-08-17T10:17:37.705+0000] {processor.py:842} WARNING - No viable dags retrieved from /opt/airflow/dags/data/models/New Zealand.2/deaths_TS_model.pkl
[2024-08-17T10:17:37.715+0000] {processor.py:183} INFO - Processing /opt/airflow/dags/data/models/New Zealand.2/deaths_TS_model.pkl took 0.026 seconds
[2024-08-17T10:18:11.645+0000] {processor.py:161} INFO - Started process (PID=43203) to work on /opt/airflow/dags/data/models/New Zealand.2/deaths_TS_model.pkl
[2024-08-17T10:18:11.646+0000] {processor.py:830} INFO - Processing file /opt/airflow/dags/data/models/New Zealand.2/deaths_TS_model.pkl for tasks to queue
[2024-08-17T10:18:11.647+0000] {logging_mixin.py:188} INFO - [2024-08-17T10:18:11.646+0000] {dagbag.py:545} INFO - Filling up the DagBag from /opt/airflow/dags/data/models/New Zealand.2/deaths_TS_model.pkl
[2024-08-17T10:18:11.660+0000] {processor.py:842} WARNING - No viable dags retrieved from /opt/airflow/dags/data/models/New Zealand.2/deaths_TS_model.pkl
[2024-08-17T10:18:11.669+0000] {processor.py:183} INFO - Processing /opt/airflow/dags/data/models/New Zealand.2/deaths_TS_model.pkl took 0.028 seconds
[2024-08-17T10:18:45.728+0000] {processor.py:161} INFO - Started process (PID=43946) to work on /opt/airflow/dags/data/models/New Zealand.2/deaths_TS_model.pkl
[2024-08-17T10:18:45.729+0000] {processor.py:830} INFO - Processing file /opt/airflow/dags/data/models/New Zealand.2/deaths_TS_model.pkl for tasks to queue
[2024-08-17T10:18:45.730+0000] {logging_mixin.py:188} INFO - [2024-08-17T10:18:45.729+0000] {dagbag.py:545} INFO - Filling up the DagBag from /opt/airflow/dags/data/models/New Zealand.2/deaths_TS_model.pkl
[2024-08-17T10:18:45.748+0000] {processor.py:842} WARNING - No viable dags retrieved from /opt/airflow/dags/data/models/New Zealand.2/deaths_TS_model.pkl
[2024-08-17T10:18:45.759+0000] {processor.py:183} INFO - Processing /opt/airflow/dags/data/models/New Zealand.2/deaths_TS_model.pkl took 0.034 seconds
[2024-08-17T10:19:19.691+0000] {processor.py:161} INFO - Started process (PID=44689) to work on /opt/airflow/dags/data/models/New Zealand.2/deaths_TS_model.pkl
[2024-08-17T10:19:19.691+0000] {processor.py:830} INFO - Processing file /opt/airflow/dags/data/models/New Zealand.2/deaths_TS_model.pkl for tasks to queue
[2024-08-17T10:19:19.692+0000] {logging_mixin.py:188} INFO - [2024-08-17T10:19:19.692+0000] {dagbag.py:545} INFO - Filling up the DagBag from /opt/airflow/dags/data/models/New Zealand.2/deaths_TS_model.pkl
[2024-08-17T10:19:19.706+0000] {processor.py:842} WARNING - No viable dags retrieved from /opt/airflow/dags/data/models/New Zealand.2/deaths_TS_model.pkl
[2024-08-17T10:19:19.714+0000] {processor.py:183} INFO - Processing /opt/airflow/dags/data/models/New Zealand.2/deaths_TS_model.pkl took 0.027 seconds
[2024-08-17T10:19:53.161+0000] {processor.py:161} INFO - Started process (PID=45414) to work on /opt/airflow/dags/data/models/New Zealand.2/deaths_TS_model.pkl
[2024-08-17T10:19:53.162+0000] {processor.py:830} INFO - Processing file /opt/airflow/dags/data/models/New Zealand.2/deaths_TS_model.pkl for tasks to queue
[2024-08-17T10:19:53.163+0000] {logging_mixin.py:188} INFO - [2024-08-17T10:19:53.163+0000] {dagbag.py:545} INFO - Filling up the DagBag from /opt/airflow/dags/data/models/New Zealand.2/deaths_TS_model.pkl
[2024-08-17T10:19:53.174+0000] {processor.py:842} WARNING - No viable dags retrieved from /opt/airflow/dags/data/models/New Zealand.2/deaths_TS_model.pkl
[2024-08-17T10:19:53.184+0000] {processor.py:183} INFO - Processing /opt/airflow/dags/data/models/New Zealand.2/deaths_TS_model.pkl took 0.031 seconds
[2024-08-17T10:20:25.657+0000] {processor.py:161} INFO - Started process (PID=46129) to work on /opt/airflow/dags/data/models/New Zealand.2/deaths_TS_model.pkl
[2024-08-17T10:20:25.658+0000] {processor.py:830} INFO - Processing file /opt/airflow/dags/data/models/New Zealand.2/deaths_TS_model.pkl for tasks to queue
[2024-08-17T10:20:25.659+0000] {logging_mixin.py:188} INFO - [2024-08-17T10:20:25.659+0000] {dagbag.py:545} INFO - Filling up the DagBag from /opt/airflow/dags/data/models/New Zealand.2/deaths_TS_model.pkl
[2024-08-17T10:20:25.688+0000] {processor.py:842} WARNING - No viable dags retrieved from /opt/airflow/dags/data/models/New Zealand.2/deaths_TS_model.pkl
[2024-08-17T10:20:25.697+0000] {processor.py:183} INFO - Processing /opt/airflow/dags/data/models/New Zealand.2/deaths_TS_model.pkl took 0.044 seconds
[2024-08-17T10:20:57.128+0000] {processor.py:161} INFO - Started process (PID=46851) to work on /opt/airflow/dags/data/models/New Zealand.2/deaths_TS_model.pkl
[2024-08-17T10:20:57.129+0000] {processor.py:830} INFO - Processing file /opt/airflow/dags/data/models/New Zealand.2/deaths_TS_model.pkl for tasks to queue
[2024-08-17T10:20:57.129+0000] {logging_mixin.py:188} INFO - [2024-08-17T10:20:57.129+0000] {dagbag.py:545} INFO - Filling up the DagBag from /opt/airflow/dags/data/models/New Zealand.2/deaths_TS_model.pkl
[2024-08-17T10:20:57.143+0000] {processor.py:842} WARNING - No viable dags retrieved from /opt/airflow/dags/data/models/New Zealand.2/deaths_TS_model.pkl
[2024-08-17T10:20:57.153+0000] {processor.py:183} INFO - Processing /opt/airflow/dags/data/models/New Zealand.2/deaths_TS_model.pkl took 0.030 seconds
[2024-08-17T11:43:03.412+0000] {processor.py:161} INFO - Started process (PID=97477) to work on /opt/airflow/dags/data/models/New Zealand.2/deaths_TS_model.pkl
[2024-08-17T11:43:03.413+0000] {processor.py:830} INFO - Processing file /opt/airflow/dags/data/models/New Zealand.2/deaths_TS_model.pkl for tasks to queue
[2024-08-17T11:43:03.415+0000] {logging_mixin.py:188} INFO - [2024-08-17T11:43:03.414+0000] {dagbag.py:545} INFO - Filling up the DagBag from /opt/airflow/dags/data/models/New Zealand.2/deaths_TS_model.pkl
[2024-08-17T11:43:03.438+0000] {processor.py:842} WARNING - No viable dags retrieved from /opt/airflow/dags/data/models/New Zealand.2/deaths_TS_model.pkl
[2024-08-17T11:43:03.456+0000] {processor.py:183} INFO - Processing /opt/airflow/dags/data/models/New Zealand.2/deaths_TS_model.pkl took 0.051 seconds
[2024-08-17T11:43:44.275+0000] {processor.py:161} INFO - Started process (PID=98086) to work on /opt/airflow/dags/data/models/New Zealand.2/deaths_TS_model.pkl
[2024-08-17T11:43:44.276+0000] {processor.py:830} INFO - Processing file /opt/airflow/dags/data/models/New Zealand.2/deaths_TS_model.pkl for tasks to queue
[2024-08-17T11:43:44.278+0000] {logging_mixin.py:188} INFO - [2024-08-17T11:43:44.277+0000] {dagbag.py:545} INFO - Filling up the DagBag from /opt/airflow/dags/data/models/New Zealand.2/deaths_TS_model.pkl
[2024-08-17T11:43:44.298+0000] {processor.py:842} WARNING - No viable dags retrieved from /opt/airflow/dags/data/models/New Zealand.2/deaths_TS_model.pkl
[2024-08-17T11:43:44.317+0000] {processor.py:183} INFO - Processing /opt/airflow/dags/data/models/New Zealand.2/deaths_TS_model.pkl took 0.049 seconds
[2024-08-17T11:44:20.464+0000] {processor.py:161} INFO - Started process (PID=98610) to work on /opt/airflow/dags/data/models/New Zealand.2/deaths_TS_model.pkl
[2024-08-17T11:44:20.465+0000] {processor.py:830} INFO - Processing file /opt/airflow/dags/data/models/New Zealand.2/deaths_TS_model.pkl for tasks to queue
[2024-08-17T11:44:20.466+0000] {logging_mixin.py:188} INFO - [2024-08-17T11:44:20.466+0000] {dagbag.py:545} INFO - Filling up the DagBag from /opt/airflow/dags/data/models/New Zealand.2/deaths_TS_model.pkl
[2024-08-17T11:44:20.490+0000] {processor.py:842} WARNING - No viable dags retrieved from /opt/airflow/dags/data/models/New Zealand.2/deaths_TS_model.pkl
[2024-08-17T11:44:20.506+0000] {processor.py:183} INFO - Processing /opt/airflow/dags/data/models/New Zealand.2/deaths_TS_model.pkl took 0.054 seconds
[2024-08-17T11:44:57.087+0000] {processor.py:161} INFO - Started process (PID=99185) to work on /opt/airflow/dags/data/models/New Zealand.2/deaths_TS_model.pkl
[2024-08-17T11:44:57.089+0000] {processor.py:830} INFO - Processing file /opt/airflow/dags/data/models/New Zealand.2/deaths_TS_model.pkl for tasks to queue
[2024-08-17T11:44:57.090+0000] {logging_mixin.py:188} INFO - [2024-08-17T11:44:57.089+0000] {dagbag.py:545} INFO - Filling up the DagBag from /opt/airflow/dags/data/models/New Zealand.2/deaths_TS_model.pkl
[2024-08-17T11:44:57.108+0000] {processor.py:842} WARNING - No viable dags retrieved from /opt/airflow/dags/data/models/New Zealand.2/deaths_TS_model.pkl
[2024-08-17T11:44:57.125+0000] {processor.py:183} INFO - Processing /opt/airflow/dags/data/models/New Zealand.2/deaths_TS_model.pkl took 0.044 seconds
[2024-08-17T11:45:33.128+0000] {processor.py:161} INFO - Started process (PID=99757) to work on /opt/airflow/dags/data/models/New Zealand.2/deaths_TS_model.pkl
[2024-08-17T11:45:33.129+0000] {processor.py:830} INFO - Processing file /opt/airflow/dags/data/models/New Zealand.2/deaths_TS_model.pkl for tasks to queue
[2024-08-17T11:45:33.131+0000] {logging_mixin.py:188} INFO - [2024-08-17T11:45:33.130+0000] {dagbag.py:545} INFO - Filling up the DagBag from /opt/airflow/dags/data/models/New Zealand.2/deaths_TS_model.pkl
[2024-08-17T11:45:33.151+0000] {processor.py:842} WARNING - No viable dags retrieved from /opt/airflow/dags/data/models/New Zealand.2/deaths_TS_model.pkl
[2024-08-17T11:45:33.173+0000] {processor.py:183} INFO - Processing /opt/airflow/dags/data/models/New Zealand.2/deaths_TS_model.pkl took 0.052 seconds
[2024-08-17T11:46:06.967+0000] {processor.py:161} INFO - Started process (PID=571) to work on /opt/airflow/dags/data/models/New Zealand.2/deaths_TS_model.pkl
[2024-08-17T11:46:06.968+0000] {processor.py:830} INFO - Processing file /opt/airflow/dags/data/models/New Zealand.2/deaths_TS_model.pkl for tasks to queue
[2024-08-17T11:46:06.969+0000] {logging_mixin.py:188} INFO - [2024-08-17T11:46:06.969+0000] {dagbag.py:545} INFO - Filling up the DagBag from /opt/airflow/dags/data/models/New Zealand.2/deaths_TS_model.pkl
[2024-08-17T11:46:06.990+0000] {processor.py:842} WARNING - No viable dags retrieved from /opt/airflow/dags/data/models/New Zealand.2/deaths_TS_model.pkl
[2024-08-17T11:46:07.008+0000] {processor.py:183} INFO - Processing /opt/airflow/dags/data/models/New Zealand.2/deaths_TS_model.pkl took 0.049 seconds
[2024-08-17T11:46:39.069+0000] {processor.py:161} INFO - Started process (PID=1029) to work on /opt/airflow/dags/data/models/New Zealand.2/deaths_TS_model.pkl
[2024-08-17T11:46:39.070+0000] {processor.py:830} INFO - Processing file /opt/airflow/dags/data/models/New Zealand.2/deaths_TS_model.pkl for tasks to queue
[2024-08-17T11:46:39.071+0000] {logging_mixin.py:188} INFO - [2024-08-17T11:46:39.071+0000] {dagbag.py:545} INFO - Filling up the DagBag from /opt/airflow/dags/data/models/New Zealand.2/deaths_TS_model.pkl
[2024-08-17T11:46:39.085+0000] {processor.py:842} WARNING - No viable dags retrieved from /opt/airflow/dags/data/models/New Zealand.2/deaths_TS_model.pkl
[2024-08-17T11:46:39.102+0000] {processor.py:183} INFO - Processing /opt/airflow/dags/data/models/New Zealand.2/deaths_TS_model.pkl took 0.041 seconds
[2024-08-17T11:47:16.480+0000] {processor.py:161} INFO - Started process (PID=1563) to work on /opt/airflow/dags/data/models/New Zealand.2/deaths_TS_model.pkl
[2024-08-17T11:47:16.482+0000] {processor.py:830} INFO - Processing file /opt/airflow/dags/data/models/New Zealand.2/deaths_TS_model.pkl for tasks to queue
[2024-08-17T11:47:16.483+0000] {logging_mixin.py:188} INFO - [2024-08-17T11:47:16.483+0000] {dagbag.py:545} INFO - Filling up the DagBag from /opt/airflow/dags/data/models/New Zealand.2/deaths_TS_model.pkl
[2024-08-17T11:47:16.532+0000] {processor.py:842} WARNING - No viable dags retrieved from /opt/airflow/dags/data/models/New Zealand.2/deaths_TS_model.pkl
[2024-08-17T11:47:16.544+0000] {processor.py:183} INFO - Processing /opt/airflow/dags/data/models/New Zealand.2/deaths_TS_model.pkl took 0.070 seconds
[2024-08-17T11:47:22.234+0000] {processor.py:161} INFO - Started process (PID=1680) to work on /opt/airflow/dags/data/models/New Zealand.2/deaths_TS_model.pkl
[2024-08-17T11:47:22.235+0000] {processor.py:830} INFO - Processing file /opt/airflow/dags/data/models/New Zealand.2/deaths_TS_model.pkl for tasks to queue
[2024-08-17T11:47:22.237+0000] {logging_mixin.py:188} INFO - [2024-08-17T11:47:22.237+0000] {dagbag.py:545} INFO - Filling up the DagBag from /opt/airflow/dags/data/models/New Zealand.2/deaths_TS_model.pkl
[2024-08-17T11:47:22.260+0000] {processor.py:842} WARNING - No viable dags retrieved from /opt/airflow/dags/data/models/New Zealand.2/deaths_TS_model.pkl
[2024-08-17T11:47:22.280+0000] {processor.py:183} INFO - Processing /opt/airflow/dags/data/models/New Zealand.2/deaths_TS_model.pkl took 0.053 seconds
[2024-08-17T11:48:12.259+0000] {processor.py:161} INFO - Started process (PID=2196) to work on /opt/airflow/dags/data/models/New Zealand.2/deaths_TS_model.pkl
[2024-08-17T11:48:12.260+0000] {processor.py:830} INFO - Processing file /opt/airflow/dags/data/models/New Zealand.2/deaths_TS_model.pkl for tasks to queue
[2024-08-17T11:48:12.262+0000] {logging_mixin.py:188} INFO - [2024-08-17T11:48:12.262+0000] {dagbag.py:545} INFO - Filling up the DagBag from /opt/airflow/dags/data/models/New Zealand.2/deaths_TS_model.pkl
[2024-08-17T11:48:12.282+0000] {processor.py:842} WARNING - No viable dags retrieved from /opt/airflow/dags/data/models/New Zealand.2/deaths_TS_model.pkl
[2024-08-17T11:48:12.301+0000] {processor.py:183} INFO - Processing /opt/airflow/dags/data/models/New Zealand.2/deaths_TS_model.pkl took 0.049 seconds
[2024-08-17T11:48:48.445+0000] {processor.py:161} INFO - Started process (PID=2712) to work on /opt/airflow/dags/data/models/New Zealand.2/deaths_TS_model.pkl
[2024-08-17T11:48:48.446+0000] {processor.py:830} INFO - Processing file /opt/airflow/dags/data/models/New Zealand.2/deaths_TS_model.pkl for tasks to queue
[2024-08-17T11:48:48.447+0000] {logging_mixin.py:188} INFO - [2024-08-17T11:48:48.447+0000] {dagbag.py:545} INFO - Filling up the DagBag from /opt/airflow/dags/data/models/New Zealand.2/deaths_TS_model.pkl
[2024-08-17T11:48:48.468+0000] {processor.py:842} WARNING - No viable dags retrieved from /opt/airflow/dags/data/models/New Zealand.2/deaths_TS_model.pkl
[2024-08-17T11:48:48.491+0000] {processor.py:183} INFO - Processing /opt/airflow/dags/data/models/New Zealand.2/deaths_TS_model.pkl took 0.054 seconds
[2024-08-17T11:49:28.596+0000] {processor.py:161} INFO - Started process (PID=3258) to work on /opt/airflow/dags/data/models/New Zealand.2/deaths_TS_model.pkl
[2024-08-17T11:49:28.597+0000] {processor.py:830} INFO - Processing file /opt/airflow/dags/data/models/New Zealand.2/deaths_TS_model.pkl for tasks to queue
[2024-08-17T11:49:28.599+0000] {logging_mixin.py:188} INFO - [2024-08-17T11:49:28.598+0000] {dagbag.py:545} INFO - Filling up the DagBag from /opt/airflow/dags/data/models/New Zealand.2/deaths_TS_model.pkl
[2024-08-17T11:49:28.616+0000] {processor.py:842} WARNING - No viable dags retrieved from /opt/airflow/dags/data/models/New Zealand.2/deaths_TS_model.pkl
[2024-08-17T11:49:28.636+0000] {processor.py:183} INFO - Processing /opt/airflow/dags/data/models/New Zealand.2/deaths_TS_model.pkl took 0.050 seconds
[2024-08-17T11:50:02.531+0000] {processor.py:161} INFO - Started process (PID=3761) to work on /opt/airflow/dags/data/models/New Zealand.2/deaths_TS_model.pkl
[2024-08-17T11:50:02.532+0000] {processor.py:830} INFO - Processing file /opt/airflow/dags/data/models/New Zealand.2/deaths_TS_model.pkl for tasks to queue
[2024-08-17T11:50:02.533+0000] {logging_mixin.py:188} INFO - [2024-08-17T11:50:02.533+0000] {dagbag.py:545} INFO - Filling up the DagBag from /opt/airflow/dags/data/models/New Zealand.2/deaths_TS_model.pkl
[2024-08-17T11:50:02.555+0000] {processor.py:842} WARNING - No viable dags retrieved from /opt/airflow/dags/data/models/New Zealand.2/deaths_TS_model.pkl
[2024-08-17T11:50:02.574+0000] {processor.py:183} INFO - Processing /opt/airflow/dags/data/models/New Zealand.2/deaths_TS_model.pkl took 0.050 seconds
[2024-08-17T11:50:45.291+0000] {processor.py:161} INFO - Started process (PID=4371) to work on /opt/airflow/dags/data/models/New Zealand.2/deaths_TS_model.pkl
[2024-08-17T11:50:45.292+0000] {processor.py:830} INFO - Processing file /opt/airflow/dags/data/models/New Zealand.2/deaths_TS_model.pkl for tasks to queue
[2024-08-17T11:50:45.294+0000] {logging_mixin.py:188} INFO - [2024-08-17T11:50:45.293+0000] {dagbag.py:545} INFO - Filling up the DagBag from /opt/airflow/dags/data/models/New Zealand.2/deaths_TS_model.pkl
[2024-08-17T11:50:45.314+0000] {processor.py:842} WARNING - No viable dags retrieved from /opt/airflow/dags/data/models/New Zealand.2/deaths_TS_model.pkl
[2024-08-17T11:50:45.331+0000] {processor.py:183} INFO - Processing /opt/airflow/dags/data/models/New Zealand.2/deaths_TS_model.pkl took 0.048 seconds
[2024-08-17T11:51:22.994+0000] {processor.py:161} INFO - Started process (PID=4933) to work on /opt/airflow/dags/data/models/New Zealand.2/deaths_TS_model.pkl
[2024-08-17T11:51:22.995+0000] {processor.py:830} INFO - Processing file /opt/airflow/dags/data/models/New Zealand.2/deaths_TS_model.pkl for tasks to queue
[2024-08-17T11:51:22.997+0000] {logging_mixin.py:188} INFO - [2024-08-17T11:51:22.997+0000] {dagbag.py:545} INFO - Filling up the DagBag from /opt/airflow/dags/data/models/New Zealand.2/deaths_TS_model.pkl
[2024-08-17T11:51:23.022+0000] {processor.py:842} WARNING - No viable dags retrieved from /opt/airflow/dags/data/models/New Zealand.2/deaths_TS_model.pkl
[2024-08-17T11:51:23.041+0000] {processor.py:183} INFO - Processing /opt/airflow/dags/data/models/New Zealand.2/deaths_TS_model.pkl took 0.058 seconds
[2024-08-17T11:52:06.935+0000] {processor.py:161} INFO - Started process (PID=5537) to work on /opt/airflow/dags/data/models/New Zealand.2/deaths_TS_model.pkl
[2024-08-17T11:52:06.937+0000] {processor.py:830} INFO - Processing file /opt/airflow/dags/data/models/New Zealand.2/deaths_TS_model.pkl for tasks to queue
[2024-08-17T11:52:06.939+0000] {logging_mixin.py:188} INFO - [2024-08-17T11:52:06.938+0000] {dagbag.py:545} INFO - Filling up the DagBag from /opt/airflow/dags/data/models/New Zealand.2/deaths_TS_model.pkl
[2024-08-17T11:52:06.958+0000] {processor.py:842} WARNING - No viable dags retrieved from /opt/airflow/dags/data/models/New Zealand.2/deaths_TS_model.pkl
[2024-08-17T11:52:06.977+0000] {processor.py:183} INFO - Processing /opt/airflow/dags/data/models/New Zealand.2/deaths_TS_model.pkl took 0.049 seconds
[2024-08-17T11:52:33.679+0000] {processor.py:161} INFO - Started process (PID=5942) to work on /opt/airflow/dags/data/models/New Zealand.2/deaths_TS_model.pkl
[2024-08-17T11:52:33.680+0000] {processor.py:830} INFO - Processing file /opt/airflow/dags/data/models/New Zealand.2/deaths_TS_model.pkl for tasks to queue
[2024-08-17T11:52:33.681+0000] {logging_mixin.py:188} INFO - [2024-08-17T11:52:33.681+0000] {dagbag.py:545} INFO - Filling up the DagBag from /opt/airflow/dags/data/models/New Zealand.2/deaths_TS_model.pkl
[2024-08-17T11:52:33.701+0000] {processor.py:842} WARNING - No viable dags retrieved from /opt/airflow/dags/data/models/New Zealand.2/deaths_TS_model.pkl
[2024-08-17T11:52:33.718+0000] {processor.py:183} INFO - Processing /opt/airflow/dags/data/models/New Zealand.2/deaths_TS_model.pkl took 0.046 seconds
[2024-08-17T11:53:13.074+0000] {processor.py:161} INFO - Started process (PID=6284) to work on /opt/airflow/dags/data/models/New Zealand.2/deaths_TS_model.pkl
[2024-08-17T11:53:13.075+0000] {processor.py:830} INFO - Processing file /opt/airflow/dags/data/models/New Zealand.2/deaths_TS_model.pkl for tasks to queue
[2024-08-17T11:53:13.076+0000] {logging_mixin.py:188} INFO - [2024-08-17T11:53:13.076+0000] {dagbag.py:545} INFO - Filling up the DagBag from /opt/airflow/dags/data/models/New Zealand.2/deaths_TS_model.pkl
[2024-08-17T11:53:13.096+0000] {processor.py:842} WARNING - No viable dags retrieved from /opt/airflow/dags/data/models/New Zealand.2/deaths_TS_model.pkl
[2024-08-17T11:53:13.115+0000] {processor.py:183} INFO - Processing /opt/airflow/dags/data/models/New Zealand.2/deaths_TS_model.pkl took 0.050 seconds
[2024-08-17T11:53:44.577+0000] {processor.py:161} INFO - Started process (PID=6723) to work on /opt/airflow/dags/data/models/New Zealand.2/deaths_TS_model.pkl
[2024-08-17T11:53:44.578+0000] {processor.py:830} INFO - Processing file /opt/airflow/dags/data/models/New Zealand.2/deaths_TS_model.pkl for tasks to queue
[2024-08-17T11:53:44.579+0000] {logging_mixin.py:188} INFO - [2024-08-17T11:53:44.579+0000] {dagbag.py:545} INFO - Filling up the DagBag from /opt/airflow/dags/data/models/New Zealand.2/deaths_TS_model.pkl
[2024-08-17T11:53:44.605+0000] {processor.py:842} WARNING - No viable dags retrieved from /opt/airflow/dags/data/models/New Zealand.2/deaths_TS_model.pkl
[2024-08-17T11:53:44.626+0000] {processor.py:183} INFO - Processing /opt/airflow/dags/data/models/New Zealand.2/deaths_TS_model.pkl took 0.056 seconds
[2024-08-17T11:54:21.880+0000] {processor.py:161} INFO - Started process (PID=7256) to work on /opt/airflow/dags/data/models/New Zealand.2/deaths_TS_model.pkl
[2024-08-17T11:54:21.881+0000] {processor.py:830} INFO - Processing file /opt/airflow/dags/data/models/New Zealand.2/deaths_TS_model.pkl for tasks to queue
[2024-08-17T11:54:21.883+0000] {logging_mixin.py:188} INFO - [2024-08-17T11:54:21.882+0000] {dagbag.py:545} INFO - Filling up the DagBag from /opt/airflow/dags/data/models/New Zealand.2/deaths_TS_model.pkl
[2024-08-17T11:54:21.899+0000] {processor.py:842} WARNING - No viable dags retrieved from /opt/airflow/dags/data/models/New Zealand.2/deaths_TS_model.pkl
[2024-08-17T11:54:21.916+0000] {processor.py:183} INFO - Processing /opt/airflow/dags/data/models/New Zealand.2/deaths_TS_model.pkl took 0.043 seconds
[2024-08-17T11:54:32.550+0000] {processor.py:161} INFO - Started process (PID=7437) to work on /opt/airflow/dags/data/models/New Zealand.2/deaths_TS_model.pkl
[2024-08-17T11:54:32.552+0000] {processor.py:830} INFO - Processing file /opt/airflow/dags/data/models/New Zealand.2/deaths_TS_model.pkl for tasks to queue
[2024-08-17T11:54:32.553+0000] {logging_mixin.py:188} INFO - [2024-08-17T11:54:32.553+0000] {dagbag.py:545} INFO - Filling up the DagBag from /opt/airflow/dags/data/models/New Zealand.2/deaths_TS_model.pkl
[2024-08-17T11:54:32.568+0000] {processor.py:842} WARNING - No viable dags retrieved from /opt/airflow/dags/data/models/New Zealand.2/deaths_TS_model.pkl
[2024-08-17T11:54:32.587+0000] {processor.py:183} INFO - Processing /opt/airflow/dags/data/models/New Zealand.2/deaths_TS_model.pkl took 0.043 seconds
[2024-08-17T11:55:06.173+0000] {processor.py:161} INFO - Started process (PID=7947) to work on /opt/airflow/dags/data/models/New Zealand.2/deaths_TS_model.pkl
[2024-08-17T11:55:06.175+0000] {processor.py:830} INFO - Processing file /opt/airflow/dags/data/models/New Zealand.2/deaths_TS_model.pkl for tasks to queue
[2024-08-17T11:55:06.176+0000] {logging_mixin.py:188} INFO - [2024-08-17T11:55:06.176+0000] {dagbag.py:545} INFO - Filling up the DagBag from /opt/airflow/dags/data/models/New Zealand.2/deaths_TS_model.pkl
[2024-08-17T11:55:06.201+0000] {processor.py:842} WARNING - No viable dags retrieved from /opt/airflow/dags/data/models/New Zealand.2/deaths_TS_model.pkl
[2024-08-17T11:55:06.220+0000] {processor.py:183} INFO - Processing /opt/airflow/dags/data/models/New Zealand.2/deaths_TS_model.pkl took 0.054 seconds
[2024-08-17T11:55:41.397+0000] {processor.py:161} INFO - Started process (PID=8505) to work on /opt/airflow/dags/data/models/New Zealand.2/deaths_TS_model.pkl
[2024-08-17T11:55:41.398+0000] {processor.py:830} INFO - Processing file /opt/airflow/dags/data/models/New Zealand.2/deaths_TS_model.pkl for tasks to queue
[2024-08-17T11:55:41.399+0000] {logging_mixin.py:188} INFO - [2024-08-17T11:55:41.399+0000] {dagbag.py:545} INFO - Filling up the DagBag from /opt/airflow/dags/data/models/New Zealand.2/deaths_TS_model.pkl
[2024-08-17T11:55:41.419+0000] {processor.py:842} WARNING - No viable dags retrieved from /opt/airflow/dags/data/models/New Zealand.2/deaths_TS_model.pkl
[2024-08-17T11:55:41.438+0000] {processor.py:183} INFO - Processing /opt/airflow/dags/data/models/New Zealand.2/deaths_TS_model.pkl took 0.049 seconds
[2024-08-17T11:56:16.440+0000] {processor.py:161} INFO - Started process (PID=9052) to work on /opt/airflow/dags/data/models/New Zealand.2/deaths_TS_model.pkl
[2024-08-17T11:56:16.442+0000] {processor.py:830} INFO - Processing file /opt/airflow/dags/data/models/New Zealand.2/deaths_TS_model.pkl for tasks to queue
[2024-08-17T11:56:16.443+0000] {logging_mixin.py:188} INFO - [2024-08-17T11:56:16.443+0000] {dagbag.py:545} INFO - Filling up the DagBag from /opt/airflow/dags/data/models/New Zealand.2/deaths_TS_model.pkl
[2024-08-17T11:56:16.463+0000] {processor.py:842} WARNING - No viable dags retrieved from /opt/airflow/dags/data/models/New Zealand.2/deaths_TS_model.pkl
[2024-08-17T11:56:16.483+0000] {processor.py:183} INFO - Processing /opt/airflow/dags/data/models/New Zealand.2/deaths_TS_model.pkl took 0.050 seconds
[2024-08-17T11:56:50.809+0000] {processor.py:161} INFO - Started process (PID=9572) to work on /opt/airflow/dags/data/models/New Zealand.2/deaths_TS_model.pkl
[2024-08-17T11:56:50.810+0000] {processor.py:830} INFO - Processing file /opt/airflow/dags/data/models/New Zealand.2/deaths_TS_model.pkl for tasks to queue
[2024-08-17T11:56:50.811+0000] {logging_mixin.py:188} INFO - [2024-08-17T11:56:50.811+0000] {dagbag.py:545} INFO - Filling up the DagBag from /opt/airflow/dags/data/models/New Zealand.2/deaths_TS_model.pkl
[2024-08-17T11:56:50.828+0000] {processor.py:842} WARNING - No viable dags retrieved from /opt/airflow/dags/data/models/New Zealand.2/deaths_TS_model.pkl
[2024-08-17T11:56:50.843+0000] {processor.py:183} INFO - Processing /opt/airflow/dags/data/models/New Zealand.2/deaths_TS_model.pkl took 0.041 seconds
[2024-08-17T11:57:32.837+0000] {processor.py:161} INFO - Started process (PID=10204) to work on /opt/airflow/dags/data/models/New Zealand.2/deaths_TS_model.pkl
[2024-08-17T11:57:32.839+0000] {processor.py:830} INFO - Processing file /opt/airflow/dags/data/models/New Zealand.2/deaths_TS_model.pkl for tasks to queue
[2024-08-17T11:57:32.840+0000] {logging_mixin.py:188} INFO - [2024-08-17T11:57:32.840+0000] {dagbag.py:545} INFO - Filling up the DagBag from /opt/airflow/dags/data/models/New Zealand.2/deaths_TS_model.pkl
[2024-08-17T11:57:32.871+0000] {processor.py:842} WARNING - No viable dags retrieved from /opt/airflow/dags/data/models/New Zealand.2/deaths_TS_model.pkl
[2024-08-17T11:57:32.889+0000] {processor.py:183} INFO - Processing /opt/airflow/dags/data/models/New Zealand.2/deaths_TS_model.pkl took 0.059 seconds
[2024-08-17T11:58:16.148+0000] {processor.py:161} INFO - Started process (PID=10618) to work on /opt/airflow/dags/data/models/New Zealand.2/deaths_TS_model.pkl
[2024-08-17T11:58:16.149+0000] {processor.py:830} INFO - Processing file /opt/airflow/dags/data/models/New Zealand.2/deaths_TS_model.pkl for tasks to queue
[2024-08-17T11:58:16.150+0000] {logging_mixin.py:188} INFO - [2024-08-17T11:58:16.150+0000] {dagbag.py:545} INFO - Filling up the DagBag from /opt/airflow/dags/data/models/New Zealand.2/deaths_TS_model.pkl
[2024-08-17T11:58:16.169+0000] {processor.py:842} WARNING - No viable dags retrieved from /opt/airflow/dags/data/models/New Zealand.2/deaths_TS_model.pkl
[2024-08-17T11:58:16.189+0000] {processor.py:183} INFO - Processing /opt/airflow/dags/data/models/New Zealand.2/deaths_TS_model.pkl took 0.049 seconds
[2024-08-17T11:58:53.547+0000] {processor.py:161} INFO - Started process (PID=11188) to work on /opt/airflow/dags/data/models/New Zealand.2/deaths_TS_model.pkl
[2024-08-17T11:58:53.548+0000] {processor.py:830} INFO - Processing file /opt/airflow/dags/data/models/New Zealand.2/deaths_TS_model.pkl for tasks to queue
[2024-08-17T11:58:53.549+0000] {logging_mixin.py:188} INFO - [2024-08-17T11:58:53.549+0000] {dagbag.py:545} INFO - Filling up the DagBag from /opt/airflow/dags/data/models/New Zealand.2/deaths_TS_model.pkl
[2024-08-17T11:58:53.563+0000] {processor.py:842} WARNING - No viable dags retrieved from /opt/airflow/dags/data/models/New Zealand.2/deaths_TS_model.pkl
[2024-08-17T11:58:53.580+0000] {processor.py:183} INFO - Processing /opt/airflow/dags/data/models/New Zealand.2/deaths_TS_model.pkl took 0.038 seconds
[2024-08-17T11:59:36.914+0000] {processor.py:161} INFO - Started process (PID=11850) to work on /opt/airflow/dags/data/models/New Zealand.2/deaths_TS_model.pkl
[2024-08-17T11:59:36.915+0000] {processor.py:830} INFO - Processing file /opt/airflow/dags/data/models/New Zealand.2/deaths_TS_model.pkl for tasks to queue
[2024-08-17T11:59:36.917+0000] {logging_mixin.py:188} INFO - [2024-08-17T11:59:36.916+0000] {dagbag.py:545} INFO - Filling up the DagBag from /opt/airflow/dags/data/models/New Zealand.2/deaths_TS_model.pkl
[2024-08-17T11:59:36.938+0000] {processor.py:842} WARNING - No viable dags retrieved from /opt/airflow/dags/data/models/New Zealand.2/deaths_TS_model.pkl
[2024-08-17T11:59:36.960+0000] {processor.py:183} INFO - Processing /opt/airflow/dags/data/models/New Zealand.2/deaths_TS_model.pkl took 0.054 seconds
[2024-08-17T12:00:14.614+0000] {processor.py:161} INFO - Started process (PID=12404) to work on /opt/airflow/dags/data/models/New Zealand.2/deaths_TS_model.pkl
[2024-08-17T12:00:14.615+0000] {processor.py:830} INFO - Processing file /opt/airflow/dags/data/models/New Zealand.2/deaths_TS_model.pkl for tasks to queue
[2024-08-17T12:00:14.616+0000] {logging_mixin.py:188} INFO - [2024-08-17T12:00:14.616+0000] {dagbag.py:545} INFO - Filling up the DagBag from /opt/airflow/dags/data/models/New Zealand.2/deaths_TS_model.pkl
[2024-08-17T12:00:14.631+0000] {processor.py:842} WARNING - No viable dags retrieved from /opt/airflow/dags/data/models/New Zealand.2/deaths_TS_model.pkl
[2024-08-17T12:00:14.650+0000] {processor.py:183} INFO - Processing /opt/airflow/dags/data/models/New Zealand.2/deaths_TS_model.pkl took 0.044 seconds
[2024-08-17T12:00:53.235+0000] {processor.py:161} INFO - Started process (PID=13023) to work on /opt/airflow/dags/data/models/New Zealand.2/deaths_TS_model.pkl
[2024-08-17T12:00:53.237+0000] {processor.py:830} INFO - Processing file /opt/airflow/dags/data/models/New Zealand.2/deaths_TS_model.pkl for tasks to queue
[2024-08-17T12:00:53.238+0000] {logging_mixin.py:188} INFO - [2024-08-17T12:00:53.238+0000] {dagbag.py:545} INFO - Filling up the DagBag from /opt/airflow/dags/data/models/New Zealand.2/deaths_TS_model.pkl
[2024-08-17T12:00:53.257+0000] {processor.py:842} WARNING - No viable dags retrieved from /opt/airflow/dags/data/models/New Zealand.2/deaths_TS_model.pkl
[2024-08-17T12:00:53.275+0000] {processor.py:183} INFO - Processing /opt/airflow/dags/data/models/New Zealand.2/deaths_TS_model.pkl took 0.046 seconds
[2024-08-17T12:01:32.836+0000] {processor.py:161} INFO - Started process (PID=13658) to work on /opt/airflow/dags/data/models/New Zealand.2/deaths_TS_model.pkl
[2024-08-17T12:01:32.837+0000] {processor.py:830} INFO - Processing file /opt/airflow/dags/data/models/New Zealand.2/deaths_TS_model.pkl for tasks to queue
[2024-08-17T12:01:32.838+0000] {logging_mixin.py:188} INFO - [2024-08-17T12:01:32.838+0000] {dagbag.py:545} INFO - Filling up the DagBag from /opt/airflow/dags/data/models/New Zealand.2/deaths_TS_model.pkl
[2024-08-17T12:01:32.855+0000] {processor.py:842} WARNING - No viable dags retrieved from /opt/airflow/dags/data/models/New Zealand.2/deaths_TS_model.pkl
[2024-08-17T12:01:32.871+0000] {processor.py:183} INFO - Processing /opt/airflow/dags/data/models/New Zealand.2/deaths_TS_model.pkl took 0.042 seconds
[2024-08-17T12:02:09.975+0000] {processor.py:161} INFO - Started process (PID=14221) to work on /opt/airflow/dags/data/models/New Zealand.2/deaths_TS_model.pkl
[2024-08-17T12:02:09.982+0000] {processor.py:830} INFO - Processing file /opt/airflow/dags/data/models/New Zealand.2/deaths_TS_model.pkl for tasks to queue
[2024-08-17T12:02:09.984+0000] {logging_mixin.py:188} INFO - [2024-08-17T12:02:09.983+0000] {dagbag.py:545} INFO - Filling up the DagBag from /opt/airflow/dags/data/models/New Zealand.2/deaths_TS_model.pkl
[2024-08-17T12:02:10.006+0000] {processor.py:842} WARNING - No viable dags retrieved from /opt/airflow/dags/data/models/New Zealand.2/deaths_TS_model.pkl
[2024-08-17T12:02:10.024+0000] {processor.py:183} INFO - Processing /opt/airflow/dags/data/models/New Zealand.2/deaths_TS_model.pkl took 0.055 seconds
[2024-08-17T12:03:13.675+0000] {processor.py:161} INFO - Started process (PID=14909) to work on /opt/airflow/dags/data/models/New Zealand.2/deaths_TS_model.pkl
[2024-08-17T12:03:13.677+0000] {processor.py:830} INFO - Processing file /opt/airflow/dags/data/models/New Zealand.2/deaths_TS_model.pkl for tasks to queue
[2024-08-17T12:03:13.678+0000] {logging_mixin.py:188} INFO - [2024-08-17T12:03:13.677+0000] {dagbag.py:545} INFO - Filling up the DagBag from /opt/airflow/dags/data/models/New Zealand.2/deaths_TS_model.pkl
[2024-08-17T12:03:13.699+0000] {processor.py:842} WARNING - No viable dags retrieved from /opt/airflow/dags/data/models/New Zealand.2/deaths_TS_model.pkl
[2024-08-17T12:03:13.717+0000] {processor.py:183} INFO - Processing /opt/airflow/dags/data/models/New Zealand.2/deaths_TS_model.pkl took 0.047 seconds
[2024-08-17T12:03:54.782+0000] {processor.py:161} INFO - Started process (PID=15568) to work on /opt/airflow/dags/data/models/New Zealand.2/deaths_TS_model.pkl
[2024-08-17T12:03:54.783+0000] {processor.py:830} INFO - Processing file /opt/airflow/dags/data/models/New Zealand.2/deaths_TS_model.pkl for tasks to queue
[2024-08-17T12:03:54.785+0000] {logging_mixin.py:188} INFO - [2024-08-17T12:03:54.784+0000] {dagbag.py:545} INFO - Filling up the DagBag from /opt/airflow/dags/data/models/New Zealand.2/deaths_TS_model.pkl
[2024-08-17T12:03:54.804+0000] {processor.py:842} WARNING - No viable dags retrieved from /opt/airflow/dags/data/models/New Zealand.2/deaths_TS_model.pkl
[2024-08-17T12:03:54.819+0000] {processor.py:183} INFO - Processing /opt/airflow/dags/data/models/New Zealand.2/deaths_TS_model.pkl took 0.046 seconds
[2024-08-17T12:04:38.698+0000] {processor.py:161} INFO - Started process (PID=16182) to work on /opt/airflow/dags/data/models/New Zealand.2/deaths_TS_model.pkl
[2024-08-17T12:04:38.699+0000] {processor.py:830} INFO - Processing file /opt/airflow/dags/data/models/New Zealand.2/deaths_TS_model.pkl for tasks to queue
[2024-08-17T12:04:38.700+0000] {logging_mixin.py:188} INFO - [2024-08-17T12:04:38.700+0000] {dagbag.py:545} INFO - Filling up the DagBag from /opt/airflow/dags/data/models/New Zealand.2/deaths_TS_model.pkl
[2024-08-17T12:04:38.716+0000] {processor.py:842} WARNING - No viable dags retrieved from /opt/airflow/dags/data/models/New Zealand.2/deaths_TS_model.pkl
[2024-08-17T12:04:38.734+0000] {processor.py:183} INFO - Processing /opt/airflow/dags/data/models/New Zealand.2/deaths_TS_model.pkl took 0.042 seconds
[2024-08-17T12:05:17.393+0000] {processor.py:161} INFO - Started process (PID=16767) to work on /opt/airflow/dags/data/models/New Zealand.2/deaths_TS_model.pkl
[2024-08-17T12:05:17.394+0000] {processor.py:830} INFO - Processing file /opt/airflow/dags/data/models/New Zealand.2/deaths_TS_model.pkl for tasks to queue
[2024-08-17T12:05:17.396+0000] {logging_mixin.py:188} INFO - [2024-08-17T12:05:17.395+0000] {dagbag.py:545} INFO - Filling up the DagBag from /opt/airflow/dags/data/models/New Zealand.2/deaths_TS_model.pkl
[2024-08-17T12:05:17.412+0000] {processor.py:842} WARNING - No viable dags retrieved from /opt/airflow/dags/data/models/New Zealand.2/deaths_TS_model.pkl
[2024-08-17T12:05:17.433+0000] {processor.py:183} INFO - Processing /opt/airflow/dags/data/models/New Zealand.2/deaths_TS_model.pkl took 0.048 seconds
[2024-08-17T12:05:59.690+0000] {processor.py:161} INFO - Started process (PID=17407) to work on /opt/airflow/dags/data/models/New Zealand.2/deaths_TS_model.pkl
[2024-08-17T12:05:59.692+0000] {processor.py:830} INFO - Processing file /opt/airflow/dags/data/models/New Zealand.2/deaths_TS_model.pkl for tasks to queue
[2024-08-17T12:05:59.693+0000] {logging_mixin.py:188} INFO - [2024-08-17T12:05:59.693+0000] {dagbag.py:545} INFO - Filling up the DagBag from /opt/airflow/dags/data/models/New Zealand.2/deaths_TS_model.pkl
[2024-08-17T12:05:59.709+0000] {processor.py:842} WARNING - No viable dags retrieved from /opt/airflow/dags/data/models/New Zealand.2/deaths_TS_model.pkl
[2024-08-17T12:05:59.726+0000] {processor.py:183} INFO - Processing /opt/airflow/dags/data/models/New Zealand.2/deaths_TS_model.pkl took 0.041 seconds
[2024-08-17T12:06:36.467+0000] {processor.py:161} INFO - Started process (PID=17993) to work on /opt/airflow/dags/data/models/New Zealand.2/deaths_TS_model.pkl
[2024-08-17T12:06:36.468+0000] {processor.py:830} INFO - Processing file /opt/airflow/dags/data/models/New Zealand.2/deaths_TS_model.pkl for tasks to queue
[2024-08-17T12:06:36.469+0000] {logging_mixin.py:188} INFO - [2024-08-17T12:06:36.469+0000] {dagbag.py:545} INFO - Filling up the DagBag from /opt/airflow/dags/data/models/New Zealand.2/deaths_TS_model.pkl
[2024-08-17T12:06:36.486+0000] {processor.py:842} WARNING - No viable dags retrieved from /opt/airflow/dags/data/models/New Zealand.2/deaths_TS_model.pkl
[2024-08-17T12:06:36.504+0000] {processor.py:183} INFO - Processing /opt/airflow/dags/data/models/New Zealand.2/deaths_TS_model.pkl took 0.046 seconds
[2024-08-17T12:07:22.103+0000] {processor.py:161} INFO - Started process (PID=18676) to work on /opt/airflow/dags/data/models/New Zealand.2/deaths_TS_model.pkl
[2024-08-17T12:07:22.104+0000] {processor.py:830} INFO - Processing file /opt/airflow/dags/data/models/New Zealand.2/deaths_TS_model.pkl for tasks to queue
[2024-08-17T12:07:22.105+0000] {logging_mixin.py:188} INFO - [2024-08-17T12:07:22.105+0000] {dagbag.py:545} INFO - Filling up the DagBag from /opt/airflow/dags/data/models/New Zealand.2/deaths_TS_model.pkl
[2024-08-17T12:07:22.123+0000] {processor.py:842} WARNING - No viable dags retrieved from /opt/airflow/dags/data/models/New Zealand.2/deaths_TS_model.pkl
[2024-08-17T12:07:22.142+0000] {processor.py:183} INFO - Processing /opt/airflow/dags/data/models/New Zealand.2/deaths_TS_model.pkl took 0.046 seconds
[2024-08-17T12:08:35.791+0000] {processor.py:161} INFO - Started process (PID=19427) to work on /opt/airflow/dags/data/models/New Zealand.2/deaths_TS_model.pkl
[2024-08-17T12:08:35.792+0000] {processor.py:830} INFO - Processing file /opt/airflow/dags/data/models/New Zealand.2/deaths_TS_model.pkl for tasks to queue
[2024-08-17T12:08:35.794+0000] {logging_mixin.py:188} INFO - [2024-08-17T12:08:35.794+0000] {dagbag.py:545} INFO - Filling up the DagBag from /opt/airflow/dags/data/models/New Zealand.2/deaths_TS_model.pkl
[2024-08-17T12:08:35.816+0000] {processor.py:842} WARNING - No viable dags retrieved from /opt/airflow/dags/data/models/New Zealand.2/deaths_TS_model.pkl
[2024-08-17T12:08:35.834+0000] {processor.py:183} INFO - Processing /opt/airflow/dags/data/models/New Zealand.2/deaths_TS_model.pkl took 0.052 seconds
[2024-08-17T12:09:22.426+0000] {processor.py:161} INFO - Started process (PID=20092) to work on /opt/airflow/dags/data/models/New Zealand.2/deaths_TS_model.pkl
[2024-08-17T12:09:22.427+0000] {processor.py:830} INFO - Processing file /opt/airflow/dags/data/models/New Zealand.2/deaths_TS_model.pkl for tasks to queue
[2024-08-17T12:09:22.429+0000] {logging_mixin.py:188} INFO - [2024-08-17T12:09:22.429+0000] {dagbag.py:545} INFO - Filling up the DagBag from /opt/airflow/dags/data/models/New Zealand.2/deaths_TS_model.pkl
[2024-08-17T12:09:22.452+0000] {processor.py:842} WARNING - No viable dags retrieved from /opt/airflow/dags/data/models/New Zealand.2/deaths_TS_model.pkl
[2024-08-17T12:09:22.471+0000] {processor.py:183} INFO - Processing /opt/airflow/dags/data/models/New Zealand.2/deaths_TS_model.pkl took 0.052 seconds
[2024-08-17T12:10:05.216+0000] {processor.py:161} INFO - Started process (PID=20742) to work on /opt/airflow/dags/data/models/New Zealand.2/deaths_TS_model.pkl
[2024-08-17T12:10:05.218+0000] {processor.py:830} INFO - Processing file /opt/airflow/dags/data/models/New Zealand.2/deaths_TS_model.pkl for tasks to queue
[2024-08-17T12:10:05.219+0000] {logging_mixin.py:188} INFO - [2024-08-17T12:10:05.218+0000] {dagbag.py:545} INFO - Filling up the DagBag from /opt/airflow/dags/data/models/New Zealand.2/deaths_TS_model.pkl
[2024-08-17T12:10:05.240+0000] {processor.py:842} WARNING - No viable dags retrieved from /opt/airflow/dags/data/models/New Zealand.2/deaths_TS_model.pkl
[2024-08-17T12:10:05.259+0000] {processor.py:183} INFO - Processing /opt/airflow/dags/data/models/New Zealand.2/deaths_TS_model.pkl took 0.051 seconds
[2024-08-17T12:10:49.555+0000] {processor.py:161} INFO - Started process (PID=21449) to work on /opt/airflow/dags/data/models/New Zealand.2/deaths_TS_model.pkl
[2024-08-17T12:10:49.557+0000] {processor.py:830} INFO - Processing file /opt/airflow/dags/data/models/New Zealand.2/deaths_TS_model.pkl for tasks to queue
[2024-08-17T12:10:49.558+0000] {logging_mixin.py:188} INFO - [2024-08-17T12:10:49.558+0000] {dagbag.py:545} INFO - Filling up the DagBag from /opt/airflow/dags/data/models/New Zealand.2/deaths_TS_model.pkl
[2024-08-17T12:10:49.576+0000] {processor.py:842} WARNING - No viable dags retrieved from /opt/airflow/dags/data/models/New Zealand.2/deaths_TS_model.pkl
[2024-08-17T12:10:49.597+0000] {processor.py:183} INFO - Processing /opt/airflow/dags/data/models/New Zealand.2/deaths_TS_model.pkl took 0.049 seconds
[2024-08-17T12:11:34.696+0000] {processor.py:161} INFO - Started process (PID=22073) to work on /opt/airflow/dags/data/models/New Zealand.2/deaths_TS_model.pkl
[2024-08-17T12:11:34.698+0000] {processor.py:830} INFO - Processing file /opt/airflow/dags/data/models/New Zealand.2/deaths_TS_model.pkl for tasks to queue
[2024-08-17T12:11:34.699+0000] {logging_mixin.py:188} INFO - [2024-08-17T12:11:34.699+0000] {dagbag.py:545} INFO - Filling up the DagBag from /opt/airflow/dags/data/models/New Zealand.2/deaths_TS_model.pkl
[2024-08-17T12:11:34.720+0000] {processor.py:842} WARNING - No viable dags retrieved from /opt/airflow/dags/data/models/New Zealand.2/deaths_TS_model.pkl
[2024-08-17T12:11:34.741+0000] {processor.py:183} INFO - Processing /opt/airflow/dags/data/models/New Zealand.2/deaths_TS_model.pkl took 0.053 seconds
[2024-08-17T12:12:27.913+0000] {processor.py:161} INFO - Started process (PID=22834) to work on /opt/airflow/dags/data/models/New Zealand.2/deaths_TS_model.pkl
[2024-08-17T12:12:27.915+0000] {processor.py:830} INFO - Processing file /opt/airflow/dags/data/models/New Zealand.2/deaths_TS_model.pkl for tasks to queue
[2024-08-17T12:12:27.916+0000] {logging_mixin.py:188} INFO - [2024-08-17T12:12:27.916+0000] {dagbag.py:545} INFO - Filling up the DagBag from /opt/airflow/dags/data/models/New Zealand.2/deaths_TS_model.pkl
[2024-08-17T12:12:27.936+0000] {processor.py:842} WARNING - No viable dags retrieved from /opt/airflow/dags/data/models/New Zealand.2/deaths_TS_model.pkl
[2024-08-17T12:12:27.955+0000] {processor.py:183} INFO - Processing /opt/airflow/dags/data/models/New Zealand.2/deaths_TS_model.pkl took 0.050 seconds
[2024-08-17T12:13:29.144+0000] {processor.py:161} INFO - Started process (PID=23435) to work on /opt/airflow/dags/data/models/New Zealand.2/deaths_TS_model.pkl
[2024-08-17T12:13:29.146+0000] {processor.py:830} INFO - Processing file /opt/airflow/dags/data/models/New Zealand.2/deaths_TS_model.pkl for tasks to queue
[2024-08-17T12:13:29.147+0000] {logging_mixin.py:188} INFO - [2024-08-17T12:13:29.147+0000] {dagbag.py:545} INFO - Filling up the DagBag from /opt/airflow/dags/data/models/New Zealand.2/deaths_TS_model.pkl
[2024-08-17T12:13:29.164+0000] {processor.py:842} WARNING - No viable dags retrieved from /opt/airflow/dags/data/models/New Zealand.2/deaths_TS_model.pkl
[2024-08-17T12:13:29.185+0000] {processor.py:183} INFO - Processing /opt/airflow/dags/data/models/New Zealand.2/deaths_TS_model.pkl took 0.054 seconds
[2024-08-17T12:14:15.741+0000] {processor.py:161} INFO - Started process (PID=24167) to work on /opt/airflow/dags/data/models/New Zealand.2/deaths_TS_model.pkl
[2024-08-17T12:14:15.742+0000] {processor.py:830} INFO - Processing file /opt/airflow/dags/data/models/New Zealand.2/deaths_TS_model.pkl for tasks to queue
[2024-08-17T12:14:15.744+0000] {logging_mixin.py:188} INFO - [2024-08-17T12:14:15.744+0000] {dagbag.py:545} INFO - Filling up the DagBag from /opt/airflow/dags/data/models/New Zealand.2/deaths_TS_model.pkl
[2024-08-17T12:14:15.760+0000] {processor.py:842} WARNING - No viable dags retrieved from /opt/airflow/dags/data/models/New Zealand.2/deaths_TS_model.pkl
[2024-08-17T12:14:15.778+0000] {processor.py:183} INFO - Processing /opt/airflow/dags/data/models/New Zealand.2/deaths_TS_model.pkl took 0.043 seconds
[2024-08-17T12:15:00.134+0000] {processor.py:161} INFO - Started process (PID=24794) to work on /opt/airflow/dags/data/models/New Zealand.2/deaths_TS_model.pkl
[2024-08-17T12:15:00.136+0000] {processor.py:830} INFO - Processing file /opt/airflow/dags/data/models/New Zealand.2/deaths_TS_model.pkl for tasks to queue
[2024-08-17T12:15:00.137+0000] {logging_mixin.py:188} INFO - [2024-08-17T12:15:00.137+0000] {dagbag.py:545} INFO - Filling up the DagBag from /opt/airflow/dags/data/models/New Zealand.2/deaths_TS_model.pkl
[2024-08-17T12:15:00.159+0000] {processor.py:842} WARNING - No viable dags retrieved from /opt/airflow/dags/data/models/New Zealand.2/deaths_TS_model.pkl
[2024-08-17T12:15:00.178+0000] {processor.py:183} INFO - Processing /opt/airflow/dags/data/models/New Zealand.2/deaths_TS_model.pkl took 0.052 seconds
[2024-08-17T12:15:43.420+0000] {processor.py:161} INFO - Started process (PID=25385) to work on /opt/airflow/dags/data/models/New Zealand.2/deaths_TS_model.pkl
[2024-08-17T12:15:43.421+0000] {processor.py:830} INFO - Processing file /opt/airflow/dags/data/models/New Zealand.2/deaths_TS_model.pkl for tasks to queue
[2024-08-17T12:15:43.423+0000] {logging_mixin.py:188} INFO - [2024-08-17T12:15:43.422+0000] {dagbag.py:545} INFO - Filling up the DagBag from /opt/airflow/dags/data/models/New Zealand.2/deaths_TS_model.pkl
[2024-08-17T12:15:43.441+0000] {processor.py:842} WARNING - No viable dags retrieved from /opt/airflow/dags/data/models/New Zealand.2/deaths_TS_model.pkl
[2024-08-17T12:15:43.461+0000] {processor.py:183} INFO - Processing /opt/airflow/dags/data/models/New Zealand.2/deaths_TS_model.pkl took 0.047 seconds
[2024-08-17T12:16:37.820+0000] {processor.py:161} INFO - Started process (PID=26151) to work on /opt/airflow/dags/data/models/New Zealand.2/deaths_TS_model.pkl
[2024-08-17T12:16:37.822+0000] {processor.py:830} INFO - Processing file /opt/airflow/dags/data/models/New Zealand.2/deaths_TS_model.pkl for tasks to queue
[2024-08-17T12:16:37.824+0000] {logging_mixin.py:188} INFO - [2024-08-17T12:16:37.823+0000] {dagbag.py:545} INFO - Filling up the DagBag from /opt/airflow/dags/data/models/New Zealand.2/deaths_TS_model.pkl
[2024-08-17T12:16:37.847+0000] {processor.py:842} WARNING - No viable dags retrieved from /opt/airflow/dags/data/models/New Zealand.2/deaths_TS_model.pkl
[2024-08-17T12:16:37.865+0000] {processor.py:183} INFO - Processing /opt/airflow/dags/data/models/New Zealand.2/deaths_TS_model.pkl took 0.053 seconds
[2024-08-17T12:17:18.574+0000] {processor.py:161} INFO - Started process (PID=26750) to work on /opt/airflow/dags/data/models/New Zealand.2/deaths_TS_model.pkl
[2024-08-17T12:17:18.575+0000] {processor.py:830} INFO - Processing file /opt/airflow/dags/data/models/New Zealand.2/deaths_TS_model.pkl for tasks to queue
[2024-08-17T12:17:18.576+0000] {logging_mixin.py:188} INFO - [2024-08-17T12:17:18.576+0000] {dagbag.py:545} INFO - Filling up the DagBag from /opt/airflow/dags/data/models/New Zealand.2/deaths_TS_model.pkl
[2024-08-17T12:17:18.593+0000] {processor.py:842} WARNING - No viable dags retrieved from /opt/airflow/dags/data/models/New Zealand.2/deaths_TS_model.pkl
[2024-08-17T12:17:18.614+0000] {processor.py:183} INFO - Processing /opt/airflow/dags/data/models/New Zealand.2/deaths_TS_model.pkl took 0.048 seconds
[2024-08-17T12:18:49.996+0000] {processor.py:161} INFO - Started process (PID=27654) to work on /opt/airflow/dags/data/models/New Zealand.2/deaths_TS_model.pkl
[2024-08-17T12:18:49.998+0000] {processor.py:830} INFO - Processing file /opt/airflow/dags/data/models/New Zealand.2/deaths_TS_model.pkl for tasks to queue
[2024-08-17T12:18:50.000+0000] {logging_mixin.py:188} INFO - [2024-08-17T12:18:49.999+0000] {dagbag.py:545} INFO - Filling up the DagBag from /opt/airflow/dags/data/models/New Zealand.2/deaths_TS_model.pkl
[2024-08-17T12:18:50.027+0000] {processor.py:842} WARNING - No viable dags retrieved from /opt/airflow/dags/data/models/New Zealand.2/deaths_TS_model.pkl
[2024-08-17T12:18:50.048+0000] {processor.py:183} INFO - Processing /opt/airflow/dags/data/models/New Zealand.2/deaths_TS_model.pkl took 0.059 seconds
[2024-08-17T12:19:41.185+0000] {processor.py:161} INFO - Started process (PID=28397) to work on /opt/airflow/dags/data/models/New Zealand.2/deaths_TS_model.pkl
[2024-08-17T12:19:41.187+0000] {processor.py:830} INFO - Processing file /opt/airflow/dags/data/models/New Zealand.2/deaths_TS_model.pkl for tasks to queue
[2024-08-17T12:19:41.188+0000] {logging_mixin.py:188} INFO - [2024-08-17T12:19:41.188+0000] {dagbag.py:545} INFO - Filling up the DagBag from /opt/airflow/dags/data/models/New Zealand.2/deaths_TS_model.pkl
[2024-08-17T12:19:41.210+0000] {processor.py:842} WARNING - No viable dags retrieved from /opt/airflow/dags/data/models/New Zealand.2/deaths_TS_model.pkl
[2024-08-17T12:19:41.229+0000] {processor.py:183} INFO - Processing /opt/airflow/dags/data/models/New Zealand.2/deaths_TS_model.pkl took 0.051 seconds
[2024-08-17T12:20:32.099+0000] {processor.py:161} INFO - Started process (PID=29066) to work on /opt/airflow/dags/data/models/New Zealand.2/deaths_TS_model.pkl
[2024-08-17T12:20:32.102+0000] {processor.py:830} INFO - Processing file /opt/airflow/dags/data/models/New Zealand.2/deaths_TS_model.pkl for tasks to queue
[2024-08-17T12:20:32.105+0000] {logging_mixin.py:188} INFO - [2024-08-17T12:20:32.104+0000] {dagbag.py:545} INFO - Filling up the DagBag from /opt/airflow/dags/data/models/New Zealand.2/deaths_TS_model.pkl
[2024-08-17T12:20:32.142+0000] {processor.py:842} WARNING - No viable dags retrieved from /opt/airflow/dags/data/models/New Zealand.2/deaths_TS_model.pkl
[2024-08-17T12:20:32.162+0000] {processor.py:183} INFO - Processing /opt/airflow/dags/data/models/New Zealand.2/deaths_TS_model.pkl took 0.071 seconds
[2024-08-17T12:21:25.825+0000] {processor.py:161} INFO - Started process (PID=29827) to work on /opt/airflow/dags/data/models/New Zealand.2/deaths_TS_model.pkl
[2024-08-17T12:21:25.826+0000] {processor.py:830} INFO - Processing file /opt/airflow/dags/data/models/New Zealand.2/deaths_TS_model.pkl for tasks to queue
[2024-08-17T12:21:25.828+0000] {logging_mixin.py:188} INFO - [2024-08-17T12:21:25.827+0000] {dagbag.py:545} INFO - Filling up the DagBag from /opt/airflow/dags/data/models/New Zealand.2/deaths_TS_model.pkl
[2024-08-17T12:21:25.843+0000] {processor.py:842} WARNING - No viable dags retrieved from /opt/airflow/dags/data/models/New Zealand.2/deaths_TS_model.pkl
[2024-08-17T12:21:25.863+0000] {processor.py:183} INFO - Processing /opt/airflow/dags/data/models/New Zealand.2/deaths_TS_model.pkl took 0.046 seconds
[2024-08-17T12:22:22.684+0000] {processor.py:161} INFO - Started process (PID=30668) to work on /opt/airflow/dags/data/models/New Zealand.2/deaths_TS_model.pkl
[2024-08-17T12:22:22.685+0000] {processor.py:830} INFO - Processing file /opt/airflow/dags/data/models/New Zealand.2/deaths_TS_model.pkl for tasks to queue
[2024-08-17T12:22:22.687+0000] {logging_mixin.py:188} INFO - [2024-08-17T12:22:22.686+0000] {dagbag.py:545} INFO - Filling up the DagBag from /opt/airflow/dags/data/models/New Zealand.2/deaths_TS_model.pkl
[2024-08-17T12:22:22.722+0000] {processor.py:842} WARNING - No viable dags retrieved from /opt/airflow/dags/data/models/New Zealand.2/deaths_TS_model.pkl
[2024-08-17T12:22:22.742+0000] {processor.py:183} INFO - Processing /opt/airflow/dags/data/models/New Zealand.2/deaths_TS_model.pkl took 0.066 seconds
[2024-08-17T12:23:29.344+0000] {processor.py:161} INFO - Started process (PID=31344) to work on /opt/airflow/dags/data/models/New Zealand.2/deaths_TS_model.pkl
[2024-08-17T12:23:29.345+0000] {processor.py:830} INFO - Processing file /opt/airflow/dags/data/models/New Zealand.2/deaths_TS_model.pkl for tasks to queue
[2024-08-17T12:23:29.346+0000] {logging_mixin.py:188} INFO - [2024-08-17T12:23:29.346+0000] {dagbag.py:545} INFO - Filling up the DagBag from /opt/airflow/dags/data/models/New Zealand.2/deaths_TS_model.pkl
[2024-08-17T12:23:29.365+0000] {processor.py:842} WARNING - No viable dags retrieved from /opt/airflow/dags/data/models/New Zealand.2/deaths_TS_model.pkl
[2024-08-17T12:23:29.386+0000] {processor.py:183} INFO - Processing /opt/airflow/dags/data/models/New Zealand.2/deaths_TS_model.pkl took 0.049 seconds
[2024-08-17T12:24:15.882+0000] {processor.py:161} INFO - Started process (PID=32119) to work on /opt/airflow/dags/data/models/New Zealand.2/deaths_TS_model.pkl
[2024-08-17T12:24:15.884+0000] {processor.py:830} INFO - Processing file /opt/airflow/dags/data/models/New Zealand.2/deaths_TS_model.pkl for tasks to queue
[2024-08-17T12:24:15.886+0000] {logging_mixin.py:188} INFO - [2024-08-17T12:24:15.885+0000] {dagbag.py:545} INFO - Filling up the DagBag from /opt/airflow/dags/data/models/New Zealand.2/deaths_TS_model.pkl
[2024-08-17T12:24:15.904+0000] {processor.py:842} WARNING - No viable dags retrieved from /opt/airflow/dags/data/models/New Zealand.2/deaths_TS_model.pkl
[2024-08-17T12:24:15.922+0000] {processor.py:183} INFO - Processing /opt/airflow/dags/data/models/New Zealand.2/deaths_TS_model.pkl took 0.046 seconds
[2024-08-17T12:24:58.940+0000] {processor.py:161} INFO - Started process (PID=32841) to work on /opt/airflow/dags/data/models/New Zealand.2/deaths_TS_model.pkl
[2024-08-17T12:24:58.941+0000] {processor.py:830} INFO - Processing file /opt/airflow/dags/data/models/New Zealand.2/deaths_TS_model.pkl for tasks to queue
[2024-08-17T12:24:58.943+0000] {logging_mixin.py:188} INFO - [2024-08-17T12:24:58.942+0000] {dagbag.py:545} INFO - Filling up the DagBag from /opt/airflow/dags/data/models/New Zealand.2/deaths_TS_model.pkl
[2024-08-17T12:24:58.962+0000] {processor.py:842} WARNING - No viable dags retrieved from /opt/airflow/dags/data/models/New Zealand.2/deaths_TS_model.pkl
[2024-08-17T12:24:58.977+0000] {processor.py:183} INFO - Processing /opt/airflow/dags/data/models/New Zealand.2/deaths_TS_model.pkl took 0.042 seconds
[2024-08-17T12:25:39.982+0000] {processor.py:161} INFO - Started process (PID=33542) to work on /opt/airflow/dags/data/models/New Zealand.2/deaths_TS_model.pkl
[2024-08-17T12:25:39.984+0000] {processor.py:830} INFO - Processing file /opt/airflow/dags/data/models/New Zealand.2/deaths_TS_model.pkl for tasks to queue
[2024-08-17T12:25:39.985+0000] {logging_mixin.py:188} INFO - [2024-08-17T12:25:39.985+0000] {dagbag.py:545} INFO - Filling up the DagBag from /opt/airflow/dags/data/models/New Zealand.2/deaths_TS_model.pkl
[2024-08-17T12:25:40.004+0000] {processor.py:842} WARNING - No viable dags retrieved from /opt/airflow/dags/data/models/New Zealand.2/deaths_TS_model.pkl
[2024-08-17T12:25:40.019+0000] {processor.py:183} INFO - Processing /opt/airflow/dags/data/models/New Zealand.2/deaths_TS_model.pkl took 0.044 seconds
[2024-08-17T12:26:18.676+0000] {processor.py:161} INFO - Started process (PID=34289) to work on /opt/airflow/dags/data/models/New Zealand.2/deaths_TS_model.pkl
[2024-08-17T12:26:18.677+0000] {processor.py:830} INFO - Processing file /opt/airflow/dags/data/models/New Zealand.2/deaths_TS_model.pkl for tasks to queue
[2024-08-17T12:26:18.678+0000] {logging_mixin.py:188} INFO - [2024-08-17T12:26:18.677+0000] {dagbag.py:545} INFO - Filling up the DagBag from /opt/airflow/dags/data/models/New Zealand.2/deaths_TS_model.pkl
[2024-08-17T12:26:18.694+0000] {processor.py:842} WARNING - No viable dags retrieved from /opt/airflow/dags/data/models/New Zealand.2/deaths_TS_model.pkl
[2024-08-17T12:26:18.706+0000] {processor.py:183} INFO - Processing /opt/airflow/dags/data/models/New Zealand.2/deaths_TS_model.pkl took 0.036 seconds
[2024-08-17T12:26:55.061+0000] {processor.py:161} INFO - Started process (PID=34942) to work on /opt/airflow/dags/data/models/New Zealand.2/deaths_TS_model.pkl
[2024-08-17T12:26:55.062+0000] {processor.py:830} INFO - Processing file /opt/airflow/dags/data/models/New Zealand.2/deaths_TS_model.pkl for tasks to queue
[2024-08-17T12:26:55.063+0000] {logging_mixin.py:188} INFO - [2024-08-17T12:26:55.063+0000] {dagbag.py:545} INFO - Filling up the DagBag from /opt/airflow/dags/data/models/New Zealand.2/deaths_TS_model.pkl
[2024-08-17T12:26:55.076+0000] {processor.py:842} WARNING - No viable dags retrieved from /opt/airflow/dags/data/models/New Zealand.2/deaths_TS_model.pkl
[2024-08-17T12:26:55.091+0000] {processor.py:183} INFO - Processing /opt/airflow/dags/data/models/New Zealand.2/deaths_TS_model.pkl took 0.034 seconds
[2024-08-17T12:27:34.645+0000] {processor.py:161} INFO - Started process (PID=35712) to work on /opt/airflow/dags/data/models/New Zealand.2/deaths_TS_model.pkl
[2024-08-17T12:27:34.646+0000] {processor.py:830} INFO - Processing file /opt/airflow/dags/data/models/New Zealand.2/deaths_TS_model.pkl for tasks to queue
[2024-08-17T12:27:34.646+0000] {logging_mixin.py:188} INFO - [2024-08-17T12:27:34.646+0000] {dagbag.py:545} INFO - Filling up the DagBag from /opt/airflow/dags/data/models/New Zealand.2/deaths_TS_model.pkl
[2024-08-17T12:27:34.661+0000] {processor.py:842} WARNING - No viable dags retrieved from /opt/airflow/dags/data/models/New Zealand.2/deaths_TS_model.pkl
[2024-08-17T12:27:34.673+0000] {processor.py:183} INFO - Processing /opt/airflow/dags/data/models/New Zealand.2/deaths_TS_model.pkl took 0.032 seconds
[2024-08-17T12:28:20.952+0000] {processor.py:161} INFO - Started process (PID=36350) to work on /opt/airflow/dags/data/models/New Zealand.2/deaths_TS_model.pkl
[2024-08-17T12:28:20.953+0000] {processor.py:830} INFO - Processing file /opt/airflow/dags/data/models/New Zealand.2/deaths_TS_model.pkl for tasks to queue
[2024-08-17T12:28:20.954+0000] {logging_mixin.py:188} INFO - [2024-08-17T12:28:20.954+0000] {dagbag.py:545} INFO - Filling up the DagBag from /opt/airflow/dags/data/models/New Zealand.2/deaths_TS_model.pkl
[2024-08-17T12:28:20.969+0000] {processor.py:842} WARNING - No viable dags retrieved from /opt/airflow/dags/data/models/New Zealand.2/deaths_TS_model.pkl
[2024-08-17T12:28:20.981+0000] {processor.py:183} INFO - Processing /opt/airflow/dags/data/models/New Zealand.2/deaths_TS_model.pkl took 0.034 seconds
[2024-08-17T12:28:56.760+0000] {processor.py:161} INFO - Started process (PID=37095) to work on /opt/airflow/dags/data/models/New Zealand.2/deaths_TS_model.pkl
[2024-08-17T12:28:56.761+0000] {processor.py:830} INFO - Processing file /opt/airflow/dags/data/models/New Zealand.2/deaths_TS_model.pkl for tasks to queue
[2024-08-17T12:28:56.762+0000] {logging_mixin.py:188} INFO - [2024-08-17T12:28:56.761+0000] {dagbag.py:545} INFO - Filling up the DagBag from /opt/airflow/dags/data/models/New Zealand.2/deaths_TS_model.pkl
[2024-08-17T12:28:56.772+0000] {processor.py:842} WARNING - No viable dags retrieved from /opt/airflow/dags/data/models/New Zealand.2/deaths_TS_model.pkl
[2024-08-17T12:28:56.783+0000] {processor.py:183} INFO - Processing /opt/airflow/dags/data/models/New Zealand.2/deaths_TS_model.pkl took 0.026 seconds
[2024-08-17T12:29:29.998+0000] {processor.py:161} INFO - Started process (PID=37839) to work on /opt/airflow/dags/data/models/New Zealand.2/deaths_TS_model.pkl
[2024-08-17T12:29:29.999+0000] {processor.py:830} INFO - Processing file /opt/airflow/dags/data/models/New Zealand.2/deaths_TS_model.pkl for tasks to queue
[2024-08-17T12:29:29.999+0000] {logging_mixin.py:188} INFO - [2024-08-17T12:29:29.999+0000] {dagbag.py:545} INFO - Filling up the DagBag from /opt/airflow/dags/data/models/New Zealand.2/deaths_TS_model.pkl
[2024-08-17T12:29:30.008+0000] {processor.py:842} WARNING - No viable dags retrieved from /opt/airflow/dags/data/models/New Zealand.2/deaths_TS_model.pkl
[2024-08-17T12:29:30.019+0000] {processor.py:183} INFO - Processing /opt/airflow/dags/data/models/New Zealand.2/deaths_TS_model.pkl took 0.024 seconds
[2024-08-17T12:30:02.629+0000] {processor.py:161} INFO - Started process (PID=38584) to work on /opt/airflow/dags/data/models/New Zealand.2/deaths_TS_model.pkl
[2024-08-17T12:30:02.629+0000] {processor.py:830} INFO - Processing file /opt/airflow/dags/data/models/New Zealand.2/deaths_TS_model.pkl for tasks to queue
[2024-08-17T12:30:02.630+0000] {logging_mixin.py:188} INFO - [2024-08-17T12:30:02.630+0000] {dagbag.py:545} INFO - Filling up the DagBag from /opt/airflow/dags/data/models/New Zealand.2/deaths_TS_model.pkl
[2024-08-17T12:30:02.640+0000] {processor.py:842} WARNING - No viable dags retrieved from /opt/airflow/dags/data/models/New Zealand.2/deaths_TS_model.pkl
[2024-08-17T12:30:02.649+0000] {processor.py:183} INFO - Processing /opt/airflow/dags/data/models/New Zealand.2/deaths_TS_model.pkl took 0.025 seconds
[2024-08-17T12:30:35.564+0000] {processor.py:161} INFO - Started process (PID=39311) to work on /opt/airflow/dags/data/models/New Zealand.2/deaths_TS_model.pkl
[2024-08-17T12:30:35.565+0000] {processor.py:830} INFO - Processing file /opt/airflow/dags/data/models/New Zealand.2/deaths_TS_model.pkl for tasks to queue
[2024-08-17T12:30:35.566+0000] {logging_mixin.py:188} INFO - [2024-08-17T12:30:35.565+0000] {dagbag.py:545} INFO - Filling up the DagBag from /opt/airflow/dags/data/models/New Zealand.2/deaths_TS_model.pkl
[2024-08-17T12:30:35.576+0000] {processor.py:842} WARNING - No viable dags retrieved from /opt/airflow/dags/data/models/New Zealand.2/deaths_TS_model.pkl
[2024-08-17T12:30:35.586+0000] {processor.py:183} INFO - Processing /opt/airflow/dags/data/models/New Zealand.2/deaths_TS_model.pkl took 0.025 seconds
[2024-08-17T12:31:08.857+0000] {processor.py:161} INFO - Started process (PID=40050) to work on /opt/airflow/dags/data/models/New Zealand.2/deaths_TS_model.pkl
[2024-08-17T12:31:08.858+0000] {processor.py:830} INFO - Processing file /opt/airflow/dags/data/models/New Zealand.2/deaths_TS_model.pkl for tasks to queue
[2024-08-17T12:31:08.859+0000] {logging_mixin.py:188} INFO - [2024-08-17T12:31:08.858+0000] {dagbag.py:545} INFO - Filling up the DagBag from /opt/airflow/dags/data/models/New Zealand.2/deaths_TS_model.pkl
[2024-08-17T12:31:08.868+0000] {processor.py:842} WARNING - No viable dags retrieved from /opt/airflow/dags/data/models/New Zealand.2/deaths_TS_model.pkl
[2024-08-17T12:31:08.879+0000] {processor.py:183} INFO - Processing /opt/airflow/dags/data/models/New Zealand.2/deaths_TS_model.pkl took 0.026 seconds
[2024-08-17T12:31:43.405+0000] {processor.py:161} INFO - Started process (PID=40799) to work on /opt/airflow/dags/data/models/New Zealand.2/deaths_TS_model.pkl
[2024-08-17T12:31:43.406+0000] {processor.py:830} INFO - Processing file /opt/airflow/dags/data/models/New Zealand.2/deaths_TS_model.pkl for tasks to queue
[2024-08-17T12:31:43.407+0000] {logging_mixin.py:188} INFO - [2024-08-17T12:31:43.406+0000] {dagbag.py:545} INFO - Filling up the DagBag from /opt/airflow/dags/data/models/New Zealand.2/deaths_TS_model.pkl
[2024-08-17T12:31:43.415+0000] {processor.py:842} WARNING - No viable dags retrieved from /opt/airflow/dags/data/models/New Zealand.2/deaths_TS_model.pkl
[2024-08-17T12:31:43.425+0000] {processor.py:183} INFO - Processing /opt/airflow/dags/data/models/New Zealand.2/deaths_TS_model.pkl took 0.023 seconds
[2024-08-17T12:32:18.391+0000] {processor.py:161} INFO - Started process (PID=41516) to work on /opt/airflow/dags/data/models/New Zealand.2/deaths_TS_model.pkl
[2024-08-17T12:32:18.392+0000] {processor.py:830} INFO - Processing file /opt/airflow/dags/data/models/New Zealand.2/deaths_TS_model.pkl for tasks to queue
[2024-08-17T12:32:18.392+0000] {logging_mixin.py:188} INFO - [2024-08-17T12:32:18.392+0000] {dagbag.py:545} INFO - Filling up the DagBag from /opt/airflow/dags/data/models/New Zealand.2/deaths_TS_model.pkl
[2024-08-17T12:32:18.400+0000] {processor.py:842} WARNING - No viable dags retrieved from /opt/airflow/dags/data/models/New Zealand.2/deaths_TS_model.pkl
[2024-08-17T12:32:18.409+0000] {processor.py:183} INFO - Processing /opt/airflow/dags/data/models/New Zealand.2/deaths_TS_model.pkl took 0.021 seconds
[2024-08-17T12:33:03.443+0000] {processor.py:161} INFO - Started process (PID=42323) to work on /opt/airflow/dags/data/models/New Zealand.2/deaths_TS_model.pkl
[2024-08-17T12:33:03.452+0000] {processor.py:830} INFO - Processing file /opt/airflow/dags/data/models/New Zealand.2/deaths_TS_model.pkl for tasks to queue
[2024-08-17T12:33:03.452+0000] {logging_mixin.py:188} INFO - [2024-08-17T12:33:03.452+0000] {dagbag.py:545} INFO - Filling up the DagBag from /opt/airflow/dags/data/models/New Zealand.2/deaths_TS_model.pkl
[2024-08-17T12:33:03.494+0000] {processor.py:842} WARNING - No viable dags retrieved from /opt/airflow/dags/data/models/New Zealand.2/deaths_TS_model.pkl
[2024-08-17T12:33:03.520+0000] {processor.py:183} INFO - Processing /opt/airflow/dags/data/models/New Zealand.2/deaths_TS_model.pkl took 0.082 seconds
[2024-08-17T12:33:36.045+0000] {processor.py:161} INFO - Started process (PID=43068) to work on /opt/airflow/dags/data/models/New Zealand.2/deaths_TS_model.pkl
[2024-08-17T12:33:36.046+0000] {processor.py:830} INFO - Processing file /opt/airflow/dags/data/models/New Zealand.2/deaths_TS_model.pkl for tasks to queue
[2024-08-17T12:33:36.046+0000] {logging_mixin.py:188} INFO - [2024-08-17T12:33:36.046+0000] {dagbag.py:545} INFO - Filling up the DagBag from /opt/airflow/dags/data/models/New Zealand.2/deaths_TS_model.pkl
[2024-08-17T12:33:36.055+0000] {processor.py:842} WARNING - No viable dags retrieved from /opt/airflow/dags/data/models/New Zealand.2/deaths_TS_model.pkl
[2024-08-17T12:33:36.065+0000] {processor.py:183} INFO - Processing /opt/airflow/dags/data/models/New Zealand.2/deaths_TS_model.pkl took 0.024 seconds
[2024-08-17T12:34:08.540+0000] {processor.py:161} INFO - Started process (PID=43785) to work on /opt/airflow/dags/data/models/New Zealand.2/deaths_TS_model.pkl
[2024-08-17T12:34:08.541+0000] {processor.py:830} INFO - Processing file /opt/airflow/dags/data/models/New Zealand.2/deaths_TS_model.pkl for tasks to queue
[2024-08-17T12:34:08.541+0000] {logging_mixin.py:188} INFO - [2024-08-17T12:34:08.541+0000] {dagbag.py:545} INFO - Filling up the DagBag from /opt/airflow/dags/data/models/New Zealand.2/deaths_TS_model.pkl
[2024-08-17T12:34:08.556+0000] {processor.py:842} WARNING - No viable dags retrieved from /opt/airflow/dags/data/models/New Zealand.2/deaths_TS_model.pkl
[2024-08-17T12:34:08.565+0000] {processor.py:183} INFO - Processing /opt/airflow/dags/data/models/New Zealand.2/deaths_TS_model.pkl took 0.029 seconds
[2024-08-17T12:34:41.445+0000] {processor.py:161} INFO - Started process (PID=44528) to work on /opt/airflow/dags/data/models/New Zealand.2/deaths_TS_model.pkl
[2024-08-17T12:34:41.446+0000] {processor.py:830} INFO - Processing file /opt/airflow/dags/data/models/New Zealand.2/deaths_TS_model.pkl for tasks to queue
[2024-08-17T12:34:41.446+0000] {logging_mixin.py:188} INFO - [2024-08-17T12:34:41.446+0000] {dagbag.py:545} INFO - Filling up the DagBag from /opt/airflow/dags/data/models/New Zealand.2/deaths_TS_model.pkl
[2024-08-17T12:34:41.457+0000] {processor.py:842} WARNING - No viable dags retrieved from /opt/airflow/dags/data/models/New Zealand.2/deaths_TS_model.pkl
[2024-08-17T12:34:41.467+0000] {processor.py:183} INFO - Processing /opt/airflow/dags/data/models/New Zealand.2/deaths_TS_model.pkl took 0.025 seconds
[2024-08-17T12:35:13.567+0000] {processor.py:161} INFO - Started process (PID=45271) to work on /opt/airflow/dags/data/models/New Zealand.2/deaths_TS_model.pkl
[2024-08-17T12:35:13.568+0000] {processor.py:830} INFO - Processing file /opt/airflow/dags/data/models/New Zealand.2/deaths_TS_model.pkl for tasks to queue
[2024-08-17T12:35:13.568+0000] {logging_mixin.py:188} INFO - [2024-08-17T12:35:13.568+0000] {dagbag.py:545} INFO - Filling up the DagBag from /opt/airflow/dags/data/models/New Zealand.2/deaths_TS_model.pkl
[2024-08-17T12:35:13.580+0000] {processor.py:842} WARNING - No viable dags retrieved from /opt/airflow/dags/data/models/New Zealand.2/deaths_TS_model.pkl
[2024-08-17T12:35:13.590+0000] {processor.py:183} INFO - Processing /opt/airflow/dags/data/models/New Zealand.2/deaths_TS_model.pkl took 0.027 seconds
[2024-08-17T12:35:45.592+0000] {processor.py:161} INFO - Started process (PID=45993) to work on /opt/airflow/dags/data/models/New Zealand.2/deaths_TS_model.pkl
[2024-08-17T12:35:45.593+0000] {processor.py:830} INFO - Processing file /opt/airflow/dags/data/models/New Zealand.2/deaths_TS_model.pkl for tasks to queue
[2024-08-17T12:35:45.594+0000] {logging_mixin.py:188} INFO - [2024-08-17T12:35:45.594+0000] {dagbag.py:545} INFO - Filling up the DagBag from /opt/airflow/dags/data/models/New Zealand.2/deaths_TS_model.pkl
[2024-08-17T12:35:45.617+0000] {processor.py:842} WARNING - No viable dags retrieved from /opt/airflow/dags/data/models/New Zealand.2/deaths_TS_model.pkl
[2024-08-17T12:35:45.626+0000] {processor.py:183} INFO - Processing /opt/airflow/dags/data/models/New Zealand.2/deaths_TS_model.pkl took 0.038 seconds
[2024-08-17T12:36:19.427+0000] {processor.py:161} INFO - Started process (PID=46714) to work on /opt/airflow/dags/data/models/New Zealand.2/deaths_TS_model.pkl
[2024-08-17T12:36:19.427+0000] {processor.py:830} INFO - Processing file /opt/airflow/dags/data/models/New Zealand.2/deaths_TS_model.pkl for tasks to queue
[2024-08-17T12:36:19.428+0000] {logging_mixin.py:188} INFO - [2024-08-17T12:36:19.428+0000] {dagbag.py:545} INFO - Filling up the DagBag from /opt/airflow/dags/data/models/New Zealand.2/deaths_TS_model.pkl
[2024-08-17T12:36:19.436+0000] {processor.py:842} WARNING - No viable dags retrieved from /opt/airflow/dags/data/models/New Zealand.2/deaths_TS_model.pkl
[2024-08-17T12:36:19.445+0000] {processor.py:183} INFO - Processing /opt/airflow/dags/data/models/New Zealand.2/deaths_TS_model.pkl took 0.022 seconds
[2024-08-17T12:36:51.379+0000] {processor.py:161} INFO - Started process (PID=47443) to work on /opt/airflow/dags/data/models/New Zealand.2/deaths_TS_model.pkl
[2024-08-17T12:36:51.379+0000] {processor.py:830} INFO - Processing file /opt/airflow/dags/data/models/New Zealand.2/deaths_TS_model.pkl for tasks to queue
[2024-08-17T12:36:51.380+0000] {logging_mixin.py:188} INFO - [2024-08-17T12:36:51.380+0000] {dagbag.py:545} INFO - Filling up the DagBag from /opt/airflow/dags/data/models/New Zealand.2/deaths_TS_model.pkl
[2024-08-17T12:36:51.457+0000] {processor.py:842} WARNING - No viable dags retrieved from /opt/airflow/dags/data/models/New Zealand.2/deaths_TS_model.pkl
[2024-08-17T12:36:51.467+0000] {processor.py:183} INFO - Processing /opt/airflow/dags/data/models/New Zealand.2/deaths_TS_model.pkl took 0.092 seconds
[2024-08-17T12:37:23.277+0000] {processor.py:161} INFO - Started process (PID=48167) to work on /opt/airflow/dags/data/models/New Zealand.2/deaths_TS_model.pkl
[2024-08-17T12:37:23.278+0000] {processor.py:830} INFO - Processing file /opt/airflow/dags/data/models/New Zealand.2/deaths_TS_model.pkl for tasks to queue
[2024-08-17T12:37:23.279+0000] {logging_mixin.py:188} INFO - [2024-08-17T12:37:23.278+0000] {dagbag.py:545} INFO - Filling up the DagBag from /opt/airflow/dags/data/models/New Zealand.2/deaths_TS_model.pkl
[2024-08-17T12:37:23.287+0000] {processor.py:842} WARNING - No viable dags retrieved from /opt/airflow/dags/data/models/New Zealand.2/deaths_TS_model.pkl
[2024-08-17T12:37:23.296+0000] {processor.py:183} INFO - Processing /opt/airflow/dags/data/models/New Zealand.2/deaths_TS_model.pkl took 0.023 seconds
[2024-08-17T12:38:03.868+0000] {processor.py:161} INFO - Started process (PID=48882) to work on /opt/airflow/dags/data/models/New Zealand.2/deaths_TS_model.pkl
[2024-08-17T12:38:03.869+0000] {processor.py:830} INFO - Processing file /opt/airflow/dags/data/models/New Zealand.2/deaths_TS_model.pkl for tasks to queue
[2024-08-17T12:38:03.869+0000] {logging_mixin.py:188} INFO - [2024-08-17T12:38:03.869+0000] {dagbag.py:545} INFO - Filling up the DagBag from /opt/airflow/dags/data/models/New Zealand.2/deaths_TS_model.pkl
[2024-08-17T12:38:03.877+0000] {processor.py:842} WARNING - No viable dags retrieved from /opt/airflow/dags/data/models/New Zealand.2/deaths_TS_model.pkl
[2024-08-17T12:38:03.887+0000] {processor.py:183} INFO - Processing /opt/airflow/dags/data/models/New Zealand.2/deaths_TS_model.pkl took 0.024 seconds
[2024-08-17T12:38:37.557+0000] {processor.py:161} INFO - Started process (PID=49625) to work on /opt/airflow/dags/data/models/New Zealand.2/deaths_TS_model.pkl
[2024-08-17T12:38:37.558+0000] {processor.py:830} INFO - Processing file /opt/airflow/dags/data/models/New Zealand.2/deaths_TS_model.pkl for tasks to queue
[2024-08-17T12:38:37.560+0000] {logging_mixin.py:188} INFO - [2024-08-17T12:38:37.560+0000] {dagbag.py:545} INFO - Filling up the DagBag from /opt/airflow/dags/data/models/New Zealand.2/deaths_TS_model.pkl
[2024-08-17T12:38:37.568+0000] {processor.py:842} WARNING - No viable dags retrieved from /opt/airflow/dags/data/models/New Zealand.2/deaths_TS_model.pkl
[2024-08-17T12:38:37.577+0000] {processor.py:183} INFO - Processing /opt/airflow/dags/data/models/New Zealand.2/deaths_TS_model.pkl took 0.024 seconds
[2024-08-17T12:39:10.077+0000] {processor.py:161} INFO - Started process (PID=50368) to work on /opt/airflow/dags/data/models/New Zealand.2/deaths_TS_model.pkl
[2024-08-17T12:39:10.078+0000] {processor.py:830} INFO - Processing file /opt/airflow/dags/data/models/New Zealand.2/deaths_TS_model.pkl for tasks to queue
[2024-08-17T12:39:10.078+0000] {logging_mixin.py:188} INFO - [2024-08-17T12:39:10.078+0000] {dagbag.py:545} INFO - Filling up the DagBag from /opt/airflow/dags/data/models/New Zealand.2/deaths_TS_model.pkl
[2024-08-17T12:39:10.089+0000] {processor.py:842} WARNING - No viable dags retrieved from /opt/airflow/dags/data/models/New Zealand.2/deaths_TS_model.pkl
[2024-08-17T12:39:10.097+0000] {processor.py:183} INFO - Processing /opt/airflow/dags/data/models/New Zealand.2/deaths_TS_model.pkl took 0.024 seconds
[2024-08-17T12:39:41.687+0000] {processor.py:161} INFO - Started process (PID=51111) to work on /opt/airflow/dags/data/models/New Zealand.2/deaths_TS_model.pkl
[2024-08-17T12:39:41.687+0000] {processor.py:830} INFO - Processing file /opt/airflow/dags/data/models/New Zealand.2/deaths_TS_model.pkl for tasks to queue
[2024-08-17T12:39:41.688+0000] {logging_mixin.py:188} INFO - [2024-08-17T12:39:41.687+0000] {dagbag.py:545} INFO - Filling up the DagBag from /opt/airflow/dags/data/models/New Zealand.2/deaths_TS_model.pkl
[2024-08-17T12:39:41.695+0000] {processor.py:842} WARNING - No viable dags retrieved from /opt/airflow/dags/data/models/New Zealand.2/deaths_TS_model.pkl
[2024-08-17T12:39:41.704+0000] {processor.py:183} INFO - Processing /opt/airflow/dags/data/models/New Zealand.2/deaths_TS_model.pkl took 0.021 seconds
[2024-08-17T12:40:13.668+0000] {processor.py:161} INFO - Started process (PID=51829) to work on /opt/airflow/dags/data/models/New Zealand.2/deaths_TS_model.pkl
[2024-08-17T12:40:13.670+0000] {processor.py:830} INFO - Processing file /opt/airflow/dags/data/models/New Zealand.2/deaths_TS_model.pkl for tasks to queue
[2024-08-17T12:40:13.671+0000] {logging_mixin.py:188} INFO - [2024-08-17T12:40:13.670+0000] {dagbag.py:545} INFO - Filling up the DagBag from /opt/airflow/dags/data/models/New Zealand.2/deaths_TS_model.pkl
[2024-08-17T12:40:13.678+0000] {processor.py:842} WARNING - No viable dags retrieved from /opt/airflow/dags/data/models/New Zealand.2/deaths_TS_model.pkl
[2024-08-17T12:40:13.687+0000] {processor.py:183} INFO - Processing /opt/airflow/dags/data/models/New Zealand.2/deaths_TS_model.pkl took 0.023 seconds
[2024-08-17T12:40:47.044+0000] {processor.py:161} INFO - Started process (PID=52572) to work on /opt/airflow/dags/data/models/New Zealand.2/deaths_TS_model.pkl
[2024-08-17T12:40:47.045+0000] {processor.py:830} INFO - Processing file /opt/airflow/dags/data/models/New Zealand.2/deaths_TS_model.pkl for tasks to queue
[2024-08-17T12:40:47.053+0000] {logging_mixin.py:188} INFO - [2024-08-17T12:40:47.053+0000] {dagbag.py:545} INFO - Filling up the DagBag from /opt/airflow/dags/data/models/New Zealand.2/deaths_TS_model.pkl
[2024-08-17T12:40:47.079+0000] {processor.py:842} WARNING - No viable dags retrieved from /opt/airflow/dags/data/models/New Zealand.2/deaths_TS_model.pkl
[2024-08-17T12:40:47.088+0000] {processor.py:183} INFO - Processing /opt/airflow/dags/data/models/New Zealand.2/deaths_TS_model.pkl took 0.047 seconds
[2024-08-17T12:41:18.965+0000] {processor.py:161} INFO - Started process (PID=53276) to work on /opt/airflow/dags/data/models/New Zealand.2/deaths_TS_model.pkl
[2024-08-17T12:41:18.966+0000] {processor.py:830} INFO - Processing file /opt/airflow/dags/data/models/New Zealand.2/deaths_TS_model.pkl for tasks to queue
[2024-08-17T12:41:18.966+0000] {logging_mixin.py:188} INFO - [2024-08-17T12:41:18.966+0000] {dagbag.py:545} INFO - Filling up the DagBag from /opt/airflow/dags/data/models/New Zealand.2/deaths_TS_model.pkl
[2024-08-17T12:41:18.974+0000] {processor.py:842} WARNING - No viable dags retrieved from /opt/airflow/dags/data/models/New Zealand.2/deaths_TS_model.pkl
[2024-08-17T12:41:18.983+0000] {processor.py:183} INFO - Processing /opt/airflow/dags/data/models/New Zealand.2/deaths_TS_model.pkl took 0.021 seconds
