[2024-08-17T10:17:54.899+0000] {processor.py:161} INFO - Started process (PID=42736) to work on /opt/airflow/dags/data/models/United Kingdom.11/deaths_TS_model.pkl
[2024-08-17T10:17:54.900+0000] {processor.py:830} INFO - Processing file /opt/airflow/dags/data/models/United Kingdom.11/deaths_TS_model.pkl for tasks to queue
[2024-08-17T10:17:54.901+0000] {logging_mixin.py:188} INFO - [2024-08-17T10:17:54.900+0000] {dagbag.py:545} INFO - Filling up the DagBag from /opt/airflow/dags/data/models/United Kingdom.11/deaths_TS_model.pkl
[2024-08-17T10:17:54.914+0000] {processor.py:842} WARNING - No viable dags retrieved from /opt/airflow/dags/data/models/United Kingdom.11/deaths_TS_model.pkl
[2024-08-17T10:17:54.926+0000] {processor.py:183} INFO - Processing /opt/airflow/dags/data/models/United Kingdom.11/deaths_TS_model.pkl took 0.032 seconds
[2024-08-17T10:18:26.375+0000] {processor.py:161} INFO - Started process (PID=43446) to work on /opt/airflow/dags/data/models/United Kingdom.11/deaths_TS_model.pkl
[2024-08-17T10:18:26.377+0000] {processor.py:830} INFO - Processing file /opt/airflow/dags/data/models/United Kingdom.11/deaths_TS_model.pkl for tasks to queue
[2024-08-17T10:18:26.377+0000] {logging_mixin.py:188} INFO - [2024-08-17T10:18:26.377+0000] {dagbag.py:545} INFO - Filling up the DagBag from /opt/airflow/dags/data/models/United Kingdom.11/deaths_TS_model.pkl
[2024-08-17T10:18:26.386+0000] {processor.py:842} WARNING - No viable dags retrieved from /opt/airflow/dags/data/models/United Kingdom.11/deaths_TS_model.pkl
[2024-08-17T10:18:26.394+0000] {processor.py:183} INFO - Processing /opt/airflow/dags/data/models/United Kingdom.11/deaths_TS_model.pkl took 0.023 seconds
[2024-08-17T10:18:57.768+0000] {processor.py:161} INFO - Started process (PID=44189) to work on /opt/airflow/dags/data/models/United Kingdom.11/deaths_TS_model.pkl
[2024-08-17T10:18:57.769+0000] {processor.py:830} INFO - Processing file /opt/airflow/dags/data/models/United Kingdom.11/deaths_TS_model.pkl for tasks to queue
[2024-08-17T10:18:57.770+0000] {logging_mixin.py:188} INFO - [2024-08-17T10:18:57.769+0000] {dagbag.py:545} INFO - Filling up the DagBag from /opt/airflow/dags/data/models/United Kingdom.11/deaths_TS_model.pkl
[2024-08-17T10:18:57.780+0000] {processor.py:842} WARNING - No viable dags retrieved from /opt/airflow/dags/data/models/United Kingdom.11/deaths_TS_model.pkl
[2024-08-17T10:18:57.788+0000] {processor.py:183} INFO - Processing /opt/airflow/dags/data/models/United Kingdom.11/deaths_TS_model.pkl took 0.024 seconds
[2024-08-17T10:19:30.336+0000] {processor.py:161} INFO - Started process (PID=44932) to work on /opt/airflow/dags/data/models/United Kingdom.11/deaths_TS_model.pkl
[2024-08-17T10:19:30.336+0000] {processor.py:830} INFO - Processing file /opt/airflow/dags/data/models/United Kingdom.11/deaths_TS_model.pkl for tasks to queue
[2024-08-17T10:19:30.337+0000] {logging_mixin.py:188} INFO - [2024-08-17T10:19:30.336+0000] {dagbag.py:545} INFO - Filling up the DagBag from /opt/airflow/dags/data/models/United Kingdom.11/deaths_TS_model.pkl
[2024-08-17T10:19:30.344+0000] {processor.py:842} WARNING - No viable dags retrieved from /opt/airflow/dags/data/models/United Kingdom.11/deaths_TS_model.pkl
[2024-08-17T10:19:30.352+0000] {processor.py:183} INFO - Processing /opt/airflow/dags/data/models/United Kingdom.11/deaths_TS_model.pkl took 0.020 seconds
[2024-08-17T10:20:01.874+0000] {processor.py:161} INFO - Started process (PID=45630) to work on /opt/airflow/dags/data/models/United Kingdom.11/deaths_TS_model.pkl
[2024-08-17T10:20:01.875+0000] {processor.py:830} INFO - Processing file /opt/airflow/dags/data/models/United Kingdom.11/deaths_TS_model.pkl for tasks to queue
[2024-08-17T10:20:01.875+0000] {logging_mixin.py:188} INFO - [2024-08-17T10:20:01.875+0000] {dagbag.py:545} INFO - Filling up the DagBag from /opt/airflow/dags/data/models/United Kingdom.11/deaths_TS_model.pkl
[2024-08-17T10:20:01.884+0000] {processor.py:842} WARNING - No viable dags retrieved from /opt/airflow/dags/data/models/United Kingdom.11/deaths_TS_model.pkl
[2024-08-17T10:20:01.892+0000] {processor.py:183} INFO - Processing /opt/airflow/dags/data/models/United Kingdom.11/deaths_TS_model.pkl took 0.022 seconds
[2024-08-17T10:20:36.305+0000] {processor.py:161} INFO - Started process (PID=46392) to work on /opt/airflow/dags/data/models/United Kingdom.11/deaths_TS_model.pkl
[2024-08-17T10:20:36.305+0000] {processor.py:830} INFO - Processing file /opt/airflow/dags/data/models/United Kingdom.11/deaths_TS_model.pkl for tasks to queue
[2024-08-17T10:20:36.306+0000] {logging_mixin.py:188} INFO - [2024-08-17T10:20:36.306+0000] {dagbag.py:545} INFO - Filling up the DagBag from /opt/airflow/dags/data/models/United Kingdom.11/deaths_TS_model.pkl
[2024-08-17T10:20:36.315+0000] {processor.py:842} WARNING - No viable dags retrieved from /opt/airflow/dags/data/models/United Kingdom.11/deaths_TS_model.pkl
[2024-08-17T10:20:36.323+0000] {processor.py:183} INFO - Processing /opt/airflow/dags/data/models/United Kingdom.11/deaths_TS_model.pkl took 0.022 seconds
[2024-08-17T10:21:08.514+0000] {processor.py:161} INFO - Started process (PID=47127) to work on /opt/airflow/dags/data/models/United Kingdom.11/deaths_TS_model.pkl
[2024-08-17T10:21:08.515+0000] {processor.py:830} INFO - Processing file /opt/airflow/dags/data/models/United Kingdom.11/deaths_TS_model.pkl for tasks to queue
[2024-08-17T10:21:08.515+0000] {logging_mixin.py:188} INFO - [2024-08-17T10:21:08.515+0000] {dagbag.py:545} INFO - Filling up the DagBag from /opt/airflow/dags/data/models/United Kingdom.11/deaths_TS_model.pkl
[2024-08-17T10:21:08.523+0000] {processor.py:842} WARNING - No viable dags retrieved from /opt/airflow/dags/data/models/United Kingdom.11/deaths_TS_model.pkl
[2024-08-17T10:21:08.532+0000] {processor.py:183} INFO - Processing /opt/airflow/dags/data/models/United Kingdom.11/deaths_TS_model.pkl took 0.022 seconds
[2024-08-17T12:13:10.614+0000] {processor.py:161} INFO - Started process (PID=23173) to work on /opt/airflow/dags/data/models/United Kingdom.11/deaths_TS_model.pkl
[2024-08-17T12:13:10.615+0000] {processor.py:830} INFO - Processing file /opt/airflow/dags/data/models/United Kingdom.11/deaths_TS_model.pkl for tasks to queue
[2024-08-17T12:13:10.616+0000] {logging_mixin.py:188} INFO - [2024-08-17T12:13:10.616+0000] {dagbag.py:545} INFO - Filling up the DagBag from /opt/airflow/dags/data/models/United Kingdom.11/deaths_TS_model.pkl
[2024-08-17T12:13:10.636+0000] {processor.py:842} WARNING - No viable dags retrieved from /opt/airflow/dags/data/models/United Kingdom.11/deaths_TS_model.pkl
[2024-08-17T12:13:10.650+0000] {processor.py:183} INFO - Processing /opt/airflow/dags/data/models/United Kingdom.11/deaths_TS_model.pkl took 0.044 seconds
[2024-08-17T12:13:57.642+0000] {processor.py:161} INFO - Started process (PID=23920) to work on /opt/airflow/dags/data/models/United Kingdom.11/deaths_TS_model.pkl
[2024-08-17T12:13:57.643+0000] {processor.py:830} INFO - Processing file /opt/airflow/dags/data/models/United Kingdom.11/deaths_TS_model.pkl for tasks to queue
[2024-08-17T12:13:57.644+0000] {logging_mixin.py:188} INFO - [2024-08-17T12:13:57.644+0000] {dagbag.py:545} INFO - Filling up the DagBag from /opt/airflow/dags/data/models/United Kingdom.11/deaths_TS_model.pkl
[2024-08-17T12:13:57.665+0000] {processor.py:842} WARNING - No viable dags retrieved from /opt/airflow/dags/data/models/United Kingdom.11/deaths_TS_model.pkl
[2024-08-17T12:13:57.689+0000] {processor.py:183} INFO - Processing /opt/airflow/dags/data/models/United Kingdom.11/deaths_TS_model.pkl took 0.056 seconds
[2024-08-17T12:14:52.149+0000] {processor.py:161} INFO - Started process (PID=24671) to work on /opt/airflow/dags/data/models/United Kingdom.11/deaths_TS_model.pkl
[2024-08-17T12:14:52.151+0000] {processor.py:830} INFO - Processing file /opt/airflow/dags/data/models/United Kingdom.11/deaths_TS_model.pkl for tasks to queue
[2024-08-17T12:14:52.152+0000] {logging_mixin.py:188} INFO - [2024-08-17T12:14:52.152+0000] {dagbag.py:545} INFO - Filling up the DagBag from /opt/airflow/dags/data/models/United Kingdom.11/deaths_TS_model.pkl
[2024-08-17T12:14:52.175+0000] {processor.py:842} WARNING - No viable dags retrieved from /opt/airflow/dags/data/models/United Kingdom.11/deaths_TS_model.pkl
[2024-08-17T12:14:52.197+0000] {processor.py:183} INFO - Processing /opt/airflow/dags/data/models/United Kingdom.11/deaths_TS_model.pkl took 0.055 seconds
[2024-08-17T12:15:36.801+0000] {processor.py:161} INFO - Started process (PID=25290) to work on /opt/airflow/dags/data/models/United Kingdom.11/deaths_TS_model.pkl
[2024-08-17T12:15:36.803+0000] {processor.py:830} INFO - Processing file /opt/airflow/dags/data/models/United Kingdom.11/deaths_TS_model.pkl for tasks to queue
[2024-08-17T12:15:36.804+0000] {logging_mixin.py:188} INFO - [2024-08-17T12:15:36.803+0000] {dagbag.py:545} INFO - Filling up the DagBag from /opt/airflow/dags/data/models/United Kingdom.11/deaths_TS_model.pkl
[2024-08-17T12:15:36.826+0000] {processor.py:842} WARNING - No viable dags retrieved from /opt/airflow/dags/data/models/United Kingdom.11/deaths_TS_model.pkl
[2024-08-17T12:15:36.846+0000] {processor.py:183} INFO - Processing /opt/airflow/dags/data/models/United Kingdom.11/deaths_TS_model.pkl took 0.052 seconds
[2024-08-17T12:15:53.083+0000] {processor.py:161} INFO - Started process (PID=25545) to work on /opt/airflow/dags/data/models/United Kingdom.11/deaths_TS_model.pkl
[2024-08-17T12:15:53.084+0000] {processor.py:830} INFO - Processing file /opt/airflow/dags/data/models/United Kingdom.11/deaths_TS_model.pkl for tasks to queue
[2024-08-17T12:15:53.086+0000] {logging_mixin.py:188} INFO - [2024-08-17T12:15:53.085+0000] {dagbag.py:545} INFO - Filling up the DagBag from /opt/airflow/dags/data/models/United Kingdom.11/deaths_TS_model.pkl
[2024-08-17T12:15:53.106+0000] {processor.py:842} WARNING - No viable dags retrieved from /opt/airflow/dags/data/models/United Kingdom.11/deaths_TS_model.pkl
[2024-08-17T12:15:53.126+0000] {processor.py:183} INFO - Processing /opt/airflow/dags/data/models/United Kingdom.11/deaths_TS_model.pkl took 0.050 seconds
[2024-08-17T12:16:29.772+0000] {processor.py:161} INFO - Started process (PID=26059) to work on /opt/airflow/dags/data/models/United Kingdom.11/deaths_TS_model.pkl
[2024-08-17T12:16:29.773+0000] {processor.py:830} INFO - Processing file /opt/airflow/dags/data/models/United Kingdom.11/deaths_TS_model.pkl for tasks to queue
[2024-08-17T12:16:29.776+0000] {logging_mixin.py:188} INFO - [2024-08-17T12:16:29.776+0000] {dagbag.py:545} INFO - Filling up the DagBag from /opt/airflow/dags/data/models/United Kingdom.11/deaths_TS_model.pkl
[2024-08-17T12:16:29.798+0000] {processor.py:842} WARNING - No viable dags retrieved from /opt/airflow/dags/data/models/United Kingdom.11/deaths_TS_model.pkl
[2024-08-17T12:16:29.821+0000] {processor.py:183} INFO - Processing /opt/airflow/dags/data/models/United Kingdom.11/deaths_TS_model.pkl took 0.058 seconds
[2024-08-17T12:17:12.501+0000] {processor.py:161} INFO - Started process (PID=26663) to work on /opt/airflow/dags/data/models/United Kingdom.11/deaths_TS_model.pkl
[2024-08-17T12:17:12.503+0000] {processor.py:830} INFO - Processing file /opt/airflow/dags/data/models/United Kingdom.11/deaths_TS_model.pkl for tasks to queue
[2024-08-17T12:17:12.505+0000] {logging_mixin.py:188} INFO - [2024-08-17T12:17:12.504+0000] {dagbag.py:545} INFO - Filling up the DagBag from /opt/airflow/dags/data/models/United Kingdom.11/deaths_TS_model.pkl
[2024-08-17T12:17:12.525+0000] {processor.py:842} WARNING - No viable dags retrieved from /opt/airflow/dags/data/models/United Kingdom.11/deaths_TS_model.pkl
[2024-08-17T12:17:12.544+0000] {processor.py:183} INFO - Processing /opt/airflow/dags/data/models/United Kingdom.11/deaths_TS_model.pkl took 0.051 seconds
[2024-08-17T12:18:18.192+0000] {processor.py:161} INFO - Started process (PID=27275) to work on /opt/airflow/dags/data/models/United Kingdom.11/deaths_TS_model.pkl
[2024-08-17T12:18:18.194+0000] {processor.py:830} INFO - Processing file /opt/airflow/dags/data/models/United Kingdom.11/deaths_TS_model.pkl for tasks to queue
[2024-08-17T12:18:18.196+0000] {logging_mixin.py:188} INFO - [2024-08-17T12:18:18.196+0000] {dagbag.py:545} INFO - Filling up the DagBag from /opt/airflow/dags/data/models/United Kingdom.11/deaths_TS_model.pkl
[2024-08-17T12:18:18.217+0000] {processor.py:842} WARNING - No viable dags retrieved from /opt/airflow/dags/data/models/United Kingdom.11/deaths_TS_model.pkl
[2024-08-17T12:18:18.239+0000] {processor.py:183} INFO - Processing /opt/airflow/dags/data/models/United Kingdom.11/deaths_TS_model.pkl took 0.055 seconds
[2024-08-17T12:19:12.557+0000] {processor.py:161} INFO - Started process (PID=28002) to work on /opt/airflow/dags/data/models/United Kingdom.11/deaths_TS_model.pkl
[2024-08-17T12:19:12.559+0000] {processor.py:830} INFO - Processing file /opt/airflow/dags/data/models/United Kingdom.11/deaths_TS_model.pkl for tasks to queue
[2024-08-17T12:19:12.561+0000] {logging_mixin.py:188} INFO - [2024-08-17T12:19:12.561+0000] {dagbag.py:545} INFO - Filling up the DagBag from /opt/airflow/dags/data/models/United Kingdom.11/deaths_TS_model.pkl
[2024-08-17T12:19:12.580+0000] {processor.py:842} WARNING - No viable dags retrieved from /opt/airflow/dags/data/models/United Kingdom.11/deaths_TS_model.pkl
[2024-08-17T12:19:12.602+0000] {processor.py:183} INFO - Processing /opt/airflow/dags/data/models/United Kingdom.11/deaths_TS_model.pkl took 0.054 seconds
[2024-08-17T12:19:33.073+0000] {processor.py:161} INFO - Started process (PID=28290) to work on /opt/airflow/dags/data/models/United Kingdom.11/deaths_TS_model.pkl
[2024-08-17T12:19:33.075+0000] {processor.py:830} INFO - Processing file /opt/airflow/dags/data/models/United Kingdom.11/deaths_TS_model.pkl for tasks to queue
[2024-08-17T12:19:33.076+0000] {logging_mixin.py:188} INFO - [2024-08-17T12:19:33.076+0000] {dagbag.py:545} INFO - Filling up the DagBag from /opt/airflow/dags/data/models/United Kingdom.11/deaths_TS_model.pkl
[2024-08-17T12:19:33.096+0000] {processor.py:842} WARNING - No viable dags retrieved from /opt/airflow/dags/data/models/United Kingdom.11/deaths_TS_model.pkl
[2024-08-17T12:19:33.116+0000] {processor.py:183} INFO - Processing /opt/airflow/dags/data/models/United Kingdom.11/deaths_TS_model.pkl took 0.050 seconds
[2024-08-17T12:20:18.567+0000] {processor.py:161} INFO - Started process (PID=28945) to work on /opt/airflow/dags/data/models/United Kingdom.11/deaths_TS_model.pkl
[2024-08-17T12:20:18.568+0000] {processor.py:830} INFO - Processing file /opt/airflow/dags/data/models/United Kingdom.11/deaths_TS_model.pkl for tasks to queue
[2024-08-17T12:20:18.569+0000] {logging_mixin.py:188} INFO - [2024-08-17T12:20:18.569+0000] {dagbag.py:545} INFO - Filling up the DagBag from /opt/airflow/dags/data/models/United Kingdom.11/deaths_TS_model.pkl
[2024-08-17T12:20:18.610+0000] {processor.py:842} WARNING - No viable dags retrieved from /opt/airflow/dags/data/models/United Kingdom.11/deaths_TS_model.pkl
[2024-08-17T12:20:18.631+0000] {processor.py:183} INFO - Processing /opt/airflow/dags/data/models/United Kingdom.11/deaths_TS_model.pkl took 0.073 seconds
[2024-08-17T12:21:17.997+0000] {processor.py:161} INFO - Started process (PID=29738) to work on /opt/airflow/dags/data/models/United Kingdom.11/deaths_TS_model.pkl
[2024-08-17T12:21:17.999+0000] {processor.py:830} INFO - Processing file /opt/airflow/dags/data/models/United Kingdom.11/deaths_TS_model.pkl for tasks to queue
[2024-08-17T12:21:18.000+0000] {logging_mixin.py:188} INFO - [2024-08-17T12:21:17.999+0000] {dagbag.py:545} INFO - Filling up the DagBag from /opt/airflow/dags/data/models/United Kingdom.11/deaths_TS_model.pkl
[2024-08-17T12:21:18.022+0000] {processor.py:842} WARNING - No viable dags retrieved from /opt/airflow/dags/data/models/United Kingdom.11/deaths_TS_model.pkl
[2024-08-17T12:21:18.044+0000] {processor.py:183} INFO - Processing /opt/airflow/dags/data/models/United Kingdom.11/deaths_TS_model.pkl took 0.054 seconds
[2024-08-17T12:21:55.496+0000] {processor.py:161} INFO - Started process (PID=30243) to work on /opt/airflow/dags/data/models/United Kingdom.11/deaths_TS_model.pkl
[2024-08-17T12:21:55.498+0000] {processor.py:830} INFO - Processing file /opt/airflow/dags/data/models/United Kingdom.11/deaths_TS_model.pkl for tasks to queue
[2024-08-17T12:21:55.500+0000] {logging_mixin.py:188} INFO - [2024-08-17T12:21:55.499+0000] {dagbag.py:545} INFO - Filling up the DagBag from /opt/airflow/dags/data/models/United Kingdom.11/deaths_TS_model.pkl
[2024-08-17T12:21:55.517+0000] {processor.py:842} WARNING - No viable dags retrieved from /opt/airflow/dags/data/models/United Kingdom.11/deaths_TS_model.pkl
[2024-08-17T12:21:55.532+0000] {processor.py:183} INFO - Processing /opt/airflow/dags/data/models/United Kingdom.11/deaths_TS_model.pkl took 0.043 seconds
[2024-08-17T12:22:31.263+0000] {processor.py:161} INFO - Started process (PID=30799) to work on /opt/airflow/dags/data/models/United Kingdom.11/deaths_TS_model.pkl
[2024-08-17T12:22:31.265+0000] {processor.py:830} INFO - Processing file /opt/airflow/dags/data/models/United Kingdom.11/deaths_TS_model.pkl for tasks to queue
[2024-08-17T12:22:31.266+0000] {logging_mixin.py:188} INFO - [2024-08-17T12:22:31.266+0000] {dagbag.py:545} INFO - Filling up the DagBag from /opt/airflow/dags/data/models/United Kingdom.11/deaths_TS_model.pkl
[2024-08-17T12:22:31.283+0000] {processor.py:842} WARNING - No viable dags retrieved from /opt/airflow/dags/data/models/United Kingdom.11/deaths_TS_model.pkl
[2024-08-17T12:22:31.299+0000] {processor.py:183} INFO - Processing /opt/airflow/dags/data/models/United Kingdom.11/deaths_TS_model.pkl took 0.042 seconds
[2024-08-17T12:23:17.054+0000] {processor.py:161} INFO - Started process (PID=31162) to work on /opt/airflow/dags/data/models/United Kingdom.11/deaths_TS_model.pkl
[2024-08-17T12:23:17.055+0000] {processor.py:830} INFO - Processing file /opt/airflow/dags/data/models/United Kingdom.11/deaths_TS_model.pkl for tasks to queue
[2024-08-17T12:23:17.056+0000] {logging_mixin.py:188} INFO - [2024-08-17T12:23:17.056+0000] {dagbag.py:545} INFO - Filling up the DagBag from /opt/airflow/dags/data/models/United Kingdom.11/deaths_TS_model.pkl
[2024-08-17T12:23:17.079+0000] {processor.py:842} WARNING - No viable dags retrieved from /opt/airflow/dags/data/models/United Kingdom.11/deaths_TS_model.pkl
[2024-08-17T12:23:17.100+0000] {processor.py:183} INFO - Processing /opt/airflow/dags/data/models/United Kingdom.11/deaths_TS_model.pkl took 0.054 seconds
[2024-08-17T12:24:00.879+0000] {processor.py:161} INFO - Started process (PID=31863) to work on /opt/airflow/dags/data/models/United Kingdom.11/deaths_TS_model.pkl
[2024-08-17T12:24:00.880+0000] {processor.py:830} INFO - Processing file /opt/airflow/dags/data/models/United Kingdom.11/deaths_TS_model.pkl for tasks to queue
[2024-08-17T12:24:00.881+0000] {logging_mixin.py:188} INFO - [2024-08-17T12:24:00.881+0000] {dagbag.py:545} INFO - Filling up the DagBag from /opt/airflow/dags/data/models/United Kingdom.11/deaths_TS_model.pkl
[2024-08-17T12:24:00.901+0000] {processor.py:842} WARNING - No viable dags retrieved from /opt/airflow/dags/data/models/United Kingdom.11/deaths_TS_model.pkl
[2024-08-17T12:24:00.918+0000] {processor.py:183} INFO - Processing /opt/airflow/dags/data/models/United Kingdom.11/deaths_TS_model.pkl took 0.044 seconds
[2024-08-17T12:24:28.665+0000] {processor.py:161} INFO - Started process (PID=32323) to work on /opt/airflow/dags/data/models/United Kingdom.11/deaths_TS_model.pkl
[2024-08-17T12:24:28.666+0000] {processor.py:830} INFO - Processing file /opt/airflow/dags/data/models/United Kingdom.11/deaths_TS_model.pkl for tasks to queue
[2024-08-17T12:24:28.667+0000] {logging_mixin.py:188} INFO - [2024-08-17T12:24:28.667+0000] {dagbag.py:545} INFO - Filling up the DagBag from /opt/airflow/dags/data/models/United Kingdom.11/deaths_TS_model.pkl
[2024-08-17T12:24:28.685+0000] {processor.py:842} WARNING - No viable dags retrieved from /opt/airflow/dags/data/models/United Kingdom.11/deaths_TS_model.pkl
[2024-08-17T12:24:28.698+0000] {processor.py:183} INFO - Processing /opt/airflow/dags/data/models/United Kingdom.11/deaths_TS_model.pkl took 0.039 seconds
[2024-08-17T12:25:09.183+0000] {processor.py:161} INFO - Started process (PID=33005) to work on /opt/airflow/dags/data/models/United Kingdom.11/deaths_TS_model.pkl
[2024-08-17T12:25:09.184+0000] {processor.py:830} INFO - Processing file /opt/airflow/dags/data/models/United Kingdom.11/deaths_TS_model.pkl for tasks to queue
[2024-08-17T12:25:09.185+0000] {logging_mixin.py:188} INFO - [2024-08-17T12:25:09.185+0000] {dagbag.py:545} INFO - Filling up the DagBag from /opt/airflow/dags/data/models/United Kingdom.11/deaths_TS_model.pkl
[2024-08-17T12:25:09.202+0000] {processor.py:842} WARNING - No viable dags retrieved from /opt/airflow/dags/data/models/United Kingdom.11/deaths_TS_model.pkl
[2024-08-17T12:25:09.217+0000] {processor.py:183} INFO - Processing /opt/airflow/dags/data/models/United Kingdom.11/deaths_TS_model.pkl took 0.039 seconds
[2024-08-17T12:25:48.669+0000] {processor.py:161} INFO - Started process (PID=33698) to work on /opt/airflow/dags/data/models/United Kingdom.11/deaths_TS_model.pkl
[2024-08-17T12:25:48.670+0000] {processor.py:830} INFO - Processing file /opt/airflow/dags/data/models/United Kingdom.11/deaths_TS_model.pkl for tasks to queue
[2024-08-17T12:25:48.671+0000] {logging_mixin.py:188} INFO - [2024-08-17T12:25:48.671+0000] {dagbag.py:545} INFO - Filling up the DagBag from /opt/airflow/dags/data/models/United Kingdom.11/deaths_TS_model.pkl
[2024-08-17T12:25:48.694+0000] {processor.py:842} WARNING - No viable dags retrieved from /opt/airflow/dags/data/models/United Kingdom.11/deaths_TS_model.pkl
[2024-08-17T12:25:48.711+0000] {processor.py:183} INFO - Processing /opt/airflow/dags/data/models/United Kingdom.11/deaths_TS_model.pkl took 0.048 seconds
[2024-08-17T12:26:23.745+0000] {processor.py:161} INFO - Started process (PID=34381) to work on /opt/airflow/dags/data/models/United Kingdom.11/deaths_TS_model.pkl
[2024-08-17T12:26:23.746+0000] {processor.py:830} INFO - Processing file /opt/airflow/dags/data/models/United Kingdom.11/deaths_TS_model.pkl for tasks to queue
[2024-08-17T12:26:23.747+0000] {logging_mixin.py:188} INFO - [2024-08-17T12:26:23.747+0000] {dagbag.py:545} INFO - Filling up the DagBag from /opt/airflow/dags/data/models/United Kingdom.11/deaths_TS_model.pkl
[2024-08-17T12:26:23.765+0000] {processor.py:842} WARNING - No viable dags retrieved from /opt/airflow/dags/data/models/United Kingdom.11/deaths_TS_model.pkl
[2024-08-17T12:26:23.779+0000] {processor.py:183} INFO - Processing /opt/airflow/dags/data/models/United Kingdom.11/deaths_TS_model.pkl took 0.039 seconds
[2024-08-17T12:27:01.823+0000] {processor.py:161} INFO - Started process (PID=35090) to work on /opt/airflow/dags/data/models/United Kingdom.11/deaths_TS_model.pkl
[2024-08-17T12:27:01.824+0000] {processor.py:830} INFO - Processing file /opt/airflow/dags/data/models/United Kingdom.11/deaths_TS_model.pkl for tasks to queue
[2024-08-17T12:27:01.825+0000] {logging_mixin.py:188} INFO - [2024-08-17T12:27:01.825+0000] {dagbag.py:545} INFO - Filling up the DagBag from /opt/airflow/dags/data/models/United Kingdom.11/deaths_TS_model.pkl
[2024-08-17T12:27:01.841+0000] {processor.py:842} WARNING - No viable dags retrieved from /opt/airflow/dags/data/models/United Kingdom.11/deaths_TS_model.pkl
[2024-08-17T12:27:01.854+0000] {processor.py:183} INFO - Processing /opt/airflow/dags/data/models/United Kingdom.11/deaths_TS_model.pkl took 0.036 seconds
[2024-08-17T12:27:33.759+0000] {processor.py:161} INFO - Started process (PID=35688) to work on /opt/airflow/dags/data/models/United Kingdom.11/deaths_TS_model.pkl
[2024-08-17T12:27:33.760+0000] {processor.py:830} INFO - Processing file /opt/airflow/dags/data/models/United Kingdom.11/deaths_TS_model.pkl for tasks to queue
[2024-08-17T12:27:33.761+0000] {logging_mixin.py:188} INFO - [2024-08-17T12:27:33.761+0000] {dagbag.py:545} INFO - Filling up the DagBag from /opt/airflow/dags/data/models/United Kingdom.11/deaths_TS_model.pkl
[2024-08-17T12:27:33.778+0000] {processor.py:842} WARNING - No viable dags retrieved from /opt/airflow/dags/data/models/United Kingdom.11/deaths_TS_model.pkl
[2024-08-17T12:27:33.793+0000] {processor.py:183} INFO - Processing /opt/airflow/dags/data/models/United Kingdom.11/deaths_TS_model.pkl took 0.038 seconds
[2024-08-17T12:28:13.322+0000] {processor.py:161} INFO - Started process (PID=36187) to work on /opt/airflow/dags/data/models/United Kingdom.11/deaths_TS_model.pkl
[2024-08-17T12:28:13.322+0000] {processor.py:830} INFO - Processing file /opt/airflow/dags/data/models/United Kingdom.11/deaths_TS_model.pkl for tasks to queue
[2024-08-17T12:28:13.323+0000] {logging_mixin.py:188} INFO - [2024-08-17T12:28:13.323+0000] {dagbag.py:545} INFO - Filling up the DagBag from /opt/airflow/dags/data/models/United Kingdom.11/deaths_TS_model.pkl
[2024-08-17T12:28:13.338+0000] {processor.py:842} WARNING - No viable dags retrieved from /opt/airflow/dags/data/models/United Kingdom.11/deaths_TS_model.pkl
[2024-08-17T12:28:13.351+0000] {processor.py:183} INFO - Processing /opt/airflow/dags/data/models/United Kingdom.11/deaths_TS_model.pkl took 0.033 seconds
[2024-08-17T12:28:47.288+0000] {processor.py:161} INFO - Started process (PID=36918) to work on /opt/airflow/dags/data/models/United Kingdom.11/deaths_TS_model.pkl
[2024-08-17T12:28:47.289+0000] {processor.py:830} INFO - Processing file /opt/airflow/dags/data/models/United Kingdom.11/deaths_TS_model.pkl for tasks to queue
[2024-08-17T12:28:47.290+0000] {logging_mixin.py:188} INFO - [2024-08-17T12:28:47.290+0000] {dagbag.py:545} INFO - Filling up the DagBag from /opt/airflow/dags/data/models/United Kingdom.11/deaths_TS_model.pkl
[2024-08-17T12:28:47.305+0000] {processor.py:842} WARNING - No viable dags retrieved from /opt/airflow/dags/data/models/United Kingdom.11/deaths_TS_model.pkl
[2024-08-17T12:28:47.316+0000] {processor.py:183} INFO - Processing /opt/airflow/dags/data/models/United Kingdom.11/deaths_TS_model.pkl took 0.032 seconds
[2024-08-17T12:29:19.090+0000] {processor.py:161} INFO - Started process (PID=37593) to work on /opt/airflow/dags/data/models/United Kingdom.11/deaths_TS_model.pkl
[2024-08-17T12:29:19.091+0000] {processor.py:830} INFO - Processing file /opt/airflow/dags/data/models/United Kingdom.11/deaths_TS_model.pkl for tasks to queue
[2024-08-17T12:29:19.091+0000] {logging_mixin.py:188} INFO - [2024-08-17T12:29:19.091+0000] {dagbag.py:545} INFO - Filling up the DagBag from /opt/airflow/dags/data/models/United Kingdom.11/deaths_TS_model.pkl
[2024-08-17T12:29:19.099+0000] {processor.py:842} WARNING - No viable dags retrieved from /opt/airflow/dags/data/models/United Kingdom.11/deaths_TS_model.pkl
[2024-08-17T12:29:19.110+0000] {processor.py:183} INFO - Processing /opt/airflow/dags/data/models/United Kingdom.11/deaths_TS_model.pkl took 0.025 seconds
[2024-08-17T12:29:52.921+0000] {processor.py:161} INFO - Started process (PID=38341) to work on /opt/airflow/dags/data/models/United Kingdom.11/deaths_TS_model.pkl
[2024-08-17T12:29:52.922+0000] {processor.py:830} INFO - Processing file /opt/airflow/dags/data/models/United Kingdom.11/deaths_TS_model.pkl for tasks to queue
[2024-08-17T12:29:52.923+0000] {logging_mixin.py:188} INFO - [2024-08-17T12:29:52.923+0000] {dagbag.py:545} INFO - Filling up the DagBag from /opt/airflow/dags/data/models/United Kingdom.11/deaths_TS_model.pkl
[2024-08-17T12:29:52.936+0000] {processor.py:842} WARNING - No viable dags retrieved from /opt/airflow/dags/data/models/United Kingdom.11/deaths_TS_model.pkl
[2024-08-17T12:29:52.948+0000] {processor.py:183} INFO - Processing /opt/airflow/dags/data/models/United Kingdom.11/deaths_TS_model.pkl took 0.031 seconds
[2024-08-17T12:30:26.126+0000] {processor.py:161} INFO - Started process (PID=39084) to work on /opt/airflow/dags/data/models/United Kingdom.11/deaths_TS_model.pkl
[2024-08-17T12:30:26.126+0000] {processor.py:830} INFO - Processing file /opt/airflow/dags/data/models/United Kingdom.11/deaths_TS_model.pkl for tasks to queue
[2024-08-17T12:30:26.127+0000] {logging_mixin.py:188} INFO - [2024-08-17T12:30:26.127+0000] {dagbag.py:545} INFO - Filling up the DagBag from /opt/airflow/dags/data/models/United Kingdom.11/deaths_TS_model.pkl
[2024-08-17T12:30:26.135+0000] {processor.py:842} WARNING - No viable dags retrieved from /opt/airflow/dags/data/models/United Kingdom.11/deaths_TS_model.pkl
[2024-08-17T12:30:26.146+0000] {processor.py:183} INFO - Processing /opt/airflow/dags/data/models/United Kingdom.11/deaths_TS_model.pkl took 0.024 seconds
[2024-08-17T12:30:57.292+0000] {processor.py:161} INFO - Started process (PID=39779) to work on /opt/airflow/dags/data/models/United Kingdom.11/deaths_TS_model.pkl
[2024-08-17T12:30:57.293+0000] {processor.py:830} INFO - Processing file /opt/airflow/dags/data/models/United Kingdom.11/deaths_TS_model.pkl for tasks to queue
[2024-08-17T12:30:57.293+0000] {logging_mixin.py:188} INFO - [2024-08-17T12:30:57.293+0000] {dagbag.py:545} INFO - Filling up the DagBag from /opt/airflow/dags/data/models/United Kingdom.11/deaths_TS_model.pkl
[2024-08-17T12:30:57.313+0000] {processor.py:842} WARNING - No viable dags retrieved from /opt/airflow/dags/data/models/United Kingdom.11/deaths_TS_model.pkl
[2024-08-17T12:30:57.322+0000] {processor.py:183} INFO - Processing /opt/airflow/dags/data/models/United Kingdom.11/deaths_TS_model.pkl took 0.034 seconds
[2024-08-17T12:31:29.078+0000] {processor.py:161} INFO - Started process (PID=40476) to work on /opt/airflow/dags/data/models/United Kingdom.11/deaths_TS_model.pkl
[2024-08-17T12:31:29.078+0000] {processor.py:830} INFO - Processing file /opt/airflow/dags/data/models/United Kingdom.11/deaths_TS_model.pkl for tasks to queue
[2024-08-17T12:31:29.079+0000] {logging_mixin.py:188} INFO - [2024-08-17T12:31:29.079+0000] {dagbag.py:545} INFO - Filling up the DagBag from /opt/airflow/dags/data/models/United Kingdom.11/deaths_TS_model.pkl
[2024-08-17T12:31:29.087+0000] {processor.py:842} WARNING - No viable dags retrieved from /opt/airflow/dags/data/models/United Kingdom.11/deaths_TS_model.pkl
[2024-08-17T12:31:29.096+0000] {processor.py:183} INFO - Processing /opt/airflow/dags/data/models/United Kingdom.11/deaths_TS_model.pkl took 0.022 seconds
[2024-08-17T12:32:01.337+0000] {processor.py:161} INFO - Started process (PID=41202) to work on /opt/airflow/dags/data/models/United Kingdom.11/deaths_TS_model.pkl
[2024-08-17T12:32:01.337+0000] {processor.py:830} INFO - Processing file /opt/airflow/dags/data/models/United Kingdom.11/deaths_TS_model.pkl for tasks to queue
[2024-08-17T12:32:01.338+0000] {logging_mixin.py:188} INFO - [2024-08-17T12:32:01.338+0000] {dagbag.py:545} INFO - Filling up the DagBag from /opt/airflow/dags/data/models/United Kingdom.11/deaths_TS_model.pkl
[2024-08-17T12:32:01.348+0000] {processor.py:842} WARNING - No viable dags retrieved from /opt/airflow/dags/data/models/United Kingdom.11/deaths_TS_model.pkl
[2024-08-17T12:32:01.358+0000] {processor.py:183} INFO - Processing /opt/airflow/dags/data/models/United Kingdom.11/deaths_TS_model.pkl took 0.026 seconds
[2024-08-17T12:32:33.707+0000] {processor.py:161} INFO - Started process (PID=41904) to work on /opt/airflow/dags/data/models/United Kingdom.11/deaths_TS_model.pkl
[2024-08-17T12:32:33.707+0000] {processor.py:830} INFO - Processing file /opt/airflow/dags/data/models/United Kingdom.11/deaths_TS_model.pkl for tasks to queue
[2024-08-17T12:32:33.708+0000] {logging_mixin.py:188} INFO - [2024-08-17T12:32:33.708+0000] {dagbag.py:545} INFO - Filling up the DagBag from /opt/airflow/dags/data/models/United Kingdom.11/deaths_TS_model.pkl
[2024-08-17T12:32:33.716+0000] {processor.py:842} WARNING - No viable dags retrieved from /opt/airflow/dags/data/models/United Kingdom.11/deaths_TS_model.pkl
[2024-08-17T12:32:33.726+0000] {processor.py:183} INFO - Processing /opt/airflow/dags/data/models/United Kingdom.11/deaths_TS_model.pkl took 0.023 seconds
[2024-08-17T12:33:12.798+0000] {processor.py:161} INFO - Started process (PID=42613) to work on /opt/airflow/dags/data/models/United Kingdom.11/deaths_TS_model.pkl
[2024-08-17T12:33:12.798+0000] {processor.py:830} INFO - Processing file /opt/airflow/dags/data/models/United Kingdom.11/deaths_TS_model.pkl for tasks to queue
[2024-08-17T12:33:12.799+0000] {logging_mixin.py:188} INFO - [2024-08-17T12:33:12.799+0000] {dagbag.py:545} INFO - Filling up the DagBag from /opt/airflow/dags/data/models/United Kingdom.11/deaths_TS_model.pkl
[2024-08-17T12:33:12.807+0000] {processor.py:842} WARNING - No viable dags retrieved from /opt/airflow/dags/data/models/United Kingdom.11/deaths_TS_model.pkl
[2024-08-17T12:33:12.816+0000] {processor.py:183} INFO - Processing /opt/airflow/dags/data/models/United Kingdom.11/deaths_TS_model.pkl took 0.022 seconds
[2024-08-17T12:33:46.947+0000] {processor.py:161} INFO - Started process (PID=43326) to work on /opt/airflow/dags/data/models/United Kingdom.11/deaths_TS_model.pkl
[2024-08-17T12:33:46.948+0000] {processor.py:830} INFO - Processing file /opt/airflow/dags/data/models/United Kingdom.11/deaths_TS_model.pkl for tasks to queue
[2024-08-17T12:33:46.949+0000] {logging_mixin.py:188} INFO - [2024-08-17T12:33:46.949+0000] {dagbag.py:545} INFO - Filling up the DagBag from /opt/airflow/dags/data/models/United Kingdom.11/deaths_TS_model.pkl
[2024-08-17T12:33:46.959+0000] {processor.py:842} WARNING - No viable dags retrieved from /opt/airflow/dags/data/models/United Kingdom.11/deaths_TS_model.pkl
[2024-08-17T12:33:46.968+0000] {processor.py:183} INFO - Processing /opt/airflow/dags/data/models/United Kingdom.11/deaths_TS_model.pkl took 0.025 seconds
[2024-08-17T12:34:18.690+0000] {processor.py:161} INFO - Started process (PID=44012) to work on /opt/airflow/dags/data/models/United Kingdom.11/deaths_TS_model.pkl
[2024-08-17T12:34:18.690+0000] {processor.py:830} INFO - Processing file /opt/airflow/dags/data/models/United Kingdom.11/deaths_TS_model.pkl for tasks to queue
[2024-08-17T12:34:18.691+0000] {logging_mixin.py:188} INFO - [2024-08-17T12:34:18.691+0000] {dagbag.py:545} INFO - Filling up the DagBag from /opt/airflow/dags/data/models/United Kingdom.11/deaths_TS_model.pkl
[2024-08-17T12:34:18.702+0000] {processor.py:842} WARNING - No viable dags retrieved from /opt/airflow/dags/data/models/United Kingdom.11/deaths_TS_model.pkl
[2024-08-17T12:34:18.712+0000] {processor.py:183} INFO - Processing /opt/airflow/dags/data/models/United Kingdom.11/deaths_TS_model.pkl took 0.026 seconds
[2024-08-17T12:34:52.083+0000] {processor.py:161} INFO - Started process (PID=44755) to work on /opt/airflow/dags/data/models/United Kingdom.11/deaths_TS_model.pkl
[2024-08-17T12:34:52.084+0000] {processor.py:830} INFO - Processing file /opt/airflow/dags/data/models/United Kingdom.11/deaths_TS_model.pkl for tasks to queue
[2024-08-17T12:34:52.084+0000] {logging_mixin.py:188} INFO - [2024-08-17T12:34:52.084+0000] {dagbag.py:545} INFO - Filling up the DagBag from /opt/airflow/dags/data/models/United Kingdom.11/deaths_TS_model.pkl
[2024-08-17T12:34:52.092+0000] {processor.py:842} WARNING - No viable dags retrieved from /opt/airflow/dags/data/models/United Kingdom.11/deaths_TS_model.pkl
[2024-08-17T12:34:52.101+0000] {processor.py:183} INFO - Processing /opt/airflow/dags/data/models/United Kingdom.11/deaths_TS_model.pkl took 0.022 seconds
[2024-08-17T12:35:24.210+0000] {processor.py:161} INFO - Started process (PID=45489) to work on /opt/airflow/dags/data/models/United Kingdom.11/deaths_TS_model.pkl
[2024-08-17T12:35:24.211+0000] {processor.py:830} INFO - Processing file /opt/airflow/dags/data/models/United Kingdom.11/deaths_TS_model.pkl for tasks to queue
[2024-08-17T12:35:24.212+0000] {logging_mixin.py:188} INFO - [2024-08-17T12:35:24.211+0000] {dagbag.py:545} INFO - Filling up the DagBag from /opt/airflow/dags/data/models/United Kingdom.11/deaths_TS_model.pkl
[2024-08-17T12:35:24.218+0000] {processor.py:842} WARNING - No viable dags retrieved from /opt/airflow/dags/data/models/United Kingdom.11/deaths_TS_model.pkl
[2024-08-17T12:35:24.228+0000] {processor.py:183} INFO - Processing /opt/airflow/dags/data/models/United Kingdom.11/deaths_TS_model.pkl took 0.021 seconds
[2024-08-17T12:35:56.807+0000] {processor.py:161} INFO - Started process (PID=46213) to work on /opt/airflow/dags/data/models/United Kingdom.11/deaths_TS_model.pkl
[2024-08-17T12:35:56.808+0000] {processor.py:830} INFO - Processing file /opt/airflow/dags/data/models/United Kingdom.11/deaths_TS_model.pkl for tasks to queue
[2024-08-17T12:35:56.809+0000] {logging_mixin.py:188} INFO - [2024-08-17T12:35:56.809+0000] {dagbag.py:545} INFO - Filling up the DagBag from /opt/airflow/dags/data/models/United Kingdom.11/deaths_TS_model.pkl
[2024-08-17T12:35:56.818+0000] {processor.py:842} WARNING - No viable dags retrieved from /opt/airflow/dags/data/models/United Kingdom.11/deaths_TS_model.pkl
[2024-08-17T12:35:56.827+0000] {processor.py:183} INFO - Processing /opt/airflow/dags/data/models/United Kingdom.11/deaths_TS_model.pkl took 0.024 seconds
[2024-08-17T12:36:29.278+0000] {processor.py:161} INFO - Started process (PID=46945) to work on /opt/airflow/dags/data/models/United Kingdom.11/deaths_TS_model.pkl
[2024-08-17T12:36:29.279+0000] {processor.py:830} INFO - Processing file /opt/airflow/dags/data/models/United Kingdom.11/deaths_TS_model.pkl for tasks to queue
[2024-08-17T12:36:29.280+0000] {logging_mixin.py:188} INFO - [2024-08-17T12:36:29.280+0000] {dagbag.py:545} INFO - Filling up the DagBag from /opt/airflow/dags/data/models/United Kingdom.11/deaths_TS_model.pkl
[2024-08-17T12:36:29.290+0000] {processor.py:842} WARNING - No viable dags retrieved from /opt/airflow/dags/data/models/United Kingdom.11/deaths_TS_model.pkl
[2024-08-17T12:36:29.299+0000] {processor.py:183} INFO - Processing /opt/airflow/dags/data/models/United Kingdom.11/deaths_TS_model.pkl took 0.024 seconds
[2024-08-17T12:37:03.051+0000] {processor.py:161} INFO - Started process (PID=47691) to work on /opt/airflow/dags/data/models/United Kingdom.11/deaths_TS_model.pkl
[2024-08-17T12:37:03.051+0000] {processor.py:830} INFO - Processing file /opt/airflow/dags/data/models/United Kingdom.11/deaths_TS_model.pkl for tasks to queue
[2024-08-17T12:37:03.052+0000] {logging_mixin.py:188} INFO - [2024-08-17T12:37:03.052+0000] {dagbag.py:545} INFO - Filling up the DagBag from /opt/airflow/dags/data/models/United Kingdom.11/deaths_TS_model.pkl
[2024-08-17T12:37:03.060+0000] {processor.py:842} WARNING - No viable dags retrieved from /opt/airflow/dags/data/models/United Kingdom.11/deaths_TS_model.pkl
[2024-08-17T12:37:03.069+0000] {processor.py:183} INFO - Processing /opt/airflow/dags/data/models/United Kingdom.11/deaths_TS_model.pkl took 0.022 seconds
[2024-08-17T12:37:34.137+0000] {processor.py:161} INFO - Started process (PID=48401) to work on /opt/airflow/dags/data/models/United Kingdom.11/deaths_TS_model.pkl
[2024-08-17T12:37:34.137+0000] {processor.py:830} INFO - Processing file /opt/airflow/dags/data/models/United Kingdom.11/deaths_TS_model.pkl for tasks to queue
[2024-08-17T12:37:34.138+0000] {logging_mixin.py:188} INFO - [2024-08-17T12:37:34.138+0000] {dagbag.py:545} INFO - Filling up the DagBag from /opt/airflow/dags/data/models/United Kingdom.11/deaths_TS_model.pkl
[2024-08-17T12:37:34.146+0000] {processor.py:842} WARNING - No viable dags retrieved from /opt/airflow/dags/data/models/United Kingdom.11/deaths_TS_model.pkl
[2024-08-17T12:37:34.155+0000] {processor.py:183} INFO - Processing /opt/airflow/dags/data/models/United Kingdom.11/deaths_TS_model.pkl took 0.022 seconds
[2024-08-17T12:38:11.966+0000] {processor.py:161} INFO - Started process (PID=49120) to work on /opt/airflow/dags/data/models/United Kingdom.11/deaths_TS_model.pkl
[2024-08-17T12:38:11.967+0000] {processor.py:830} INFO - Processing file /opt/airflow/dags/data/models/United Kingdom.11/deaths_TS_model.pkl for tasks to queue
[2024-08-17T12:38:11.968+0000] {logging_mixin.py:188} INFO - [2024-08-17T12:38:11.967+0000] {dagbag.py:545} INFO - Filling up the DagBag from /opt/airflow/dags/data/models/United Kingdom.11/deaths_TS_model.pkl
[2024-08-17T12:38:11.977+0000] {processor.py:842} WARNING - No viable dags retrieved from /opt/airflow/dags/data/models/United Kingdom.11/deaths_TS_model.pkl
[2024-08-17T12:38:11.986+0000] {processor.py:183} INFO - Processing /opt/airflow/dags/data/models/United Kingdom.11/deaths_TS_model.pkl took 0.023 seconds
[2024-08-17T12:38:44.750+0000] {processor.py:161} INFO - Started process (PID=49813) to work on /opt/airflow/dags/data/models/United Kingdom.11/deaths_TS_model.pkl
[2024-08-17T12:38:44.751+0000] {processor.py:830} INFO - Processing file /opt/airflow/dags/data/models/United Kingdom.11/deaths_TS_model.pkl for tasks to queue
[2024-08-17T12:38:44.752+0000] {logging_mixin.py:188} INFO - [2024-08-17T12:38:44.751+0000] {dagbag.py:545} INFO - Filling up the DagBag from /opt/airflow/dags/data/models/United Kingdom.11/deaths_TS_model.pkl
[2024-08-17T12:38:44.760+0000] {processor.py:842} WARNING - No viable dags retrieved from /opt/airflow/dags/data/models/United Kingdom.11/deaths_TS_model.pkl
[2024-08-17T12:38:44.769+0000] {processor.py:183} INFO - Processing /opt/airflow/dags/data/models/United Kingdom.11/deaths_TS_model.pkl took 0.023 seconds
[2024-08-17T12:39:17.930+0000] {processor.py:161} INFO - Started process (PID=50556) to work on /opt/airflow/dags/data/models/United Kingdom.11/deaths_TS_model.pkl
[2024-08-17T12:39:17.931+0000] {processor.py:830} INFO - Processing file /opt/airflow/dags/data/models/United Kingdom.11/deaths_TS_model.pkl for tasks to queue
[2024-08-17T12:39:17.932+0000] {logging_mixin.py:188} INFO - [2024-08-17T12:39:17.931+0000] {dagbag.py:545} INFO - Filling up the DagBag from /opt/airflow/dags/data/models/United Kingdom.11/deaths_TS_model.pkl
[2024-08-17T12:39:17.938+0000] {processor.py:842} WARNING - No viable dags retrieved from /opt/airflow/dags/data/models/United Kingdom.11/deaths_TS_model.pkl
[2024-08-17T12:39:17.947+0000] {processor.py:183} INFO - Processing /opt/airflow/dags/data/models/United Kingdom.11/deaths_TS_model.pkl took 0.020 seconds
[2024-08-17T12:39:50.286+0000] {processor.py:161} INFO - Started process (PID=51273) to work on /opt/airflow/dags/data/models/United Kingdom.11/deaths_TS_model.pkl
[2024-08-17T12:39:50.287+0000] {processor.py:830} INFO - Processing file /opt/airflow/dags/data/models/United Kingdom.11/deaths_TS_model.pkl for tasks to queue
[2024-08-17T12:39:50.287+0000] {logging_mixin.py:188} INFO - [2024-08-17T12:39:50.287+0000] {dagbag.py:545} INFO - Filling up the DagBag from /opt/airflow/dags/data/models/United Kingdom.11/deaths_TS_model.pkl
[2024-08-17T12:39:50.304+0000] {processor.py:842} WARNING - No viable dags retrieved from /opt/airflow/dags/data/models/United Kingdom.11/deaths_TS_model.pkl
[2024-08-17T12:39:50.313+0000] {processor.py:183} INFO - Processing /opt/airflow/dags/data/models/United Kingdom.11/deaths_TS_model.pkl took 0.031 seconds
[2024-08-17T12:40:22.529+0000] {processor.py:161} INFO - Started process (PID=52016) to work on /opt/airflow/dags/data/models/United Kingdom.11/deaths_TS_model.pkl
[2024-08-17T12:40:22.530+0000] {processor.py:830} INFO - Processing file /opt/airflow/dags/data/models/United Kingdom.11/deaths_TS_model.pkl for tasks to queue
[2024-08-17T12:40:22.530+0000] {logging_mixin.py:188} INFO - [2024-08-17T12:40:22.530+0000] {dagbag.py:545} INFO - Filling up the DagBag from /opt/airflow/dags/data/models/United Kingdom.11/deaths_TS_model.pkl
[2024-08-17T12:40:22.538+0000] {processor.py:842} WARNING - No viable dags retrieved from /opt/airflow/dags/data/models/United Kingdom.11/deaths_TS_model.pkl
[2024-08-17T12:40:22.546+0000] {processor.py:183} INFO - Processing /opt/airflow/dags/data/models/United Kingdom.11/deaths_TS_model.pkl took 0.021 seconds
[2024-08-17T12:40:54.724+0000] {processor.py:161} INFO - Started process (PID=52751) to work on /opt/airflow/dags/data/models/United Kingdom.11/deaths_TS_model.pkl
[2024-08-17T12:40:54.725+0000] {processor.py:830} INFO - Processing file /opt/airflow/dags/data/models/United Kingdom.11/deaths_TS_model.pkl for tasks to queue
[2024-08-17T12:40:54.725+0000] {logging_mixin.py:188} INFO - [2024-08-17T12:40:54.725+0000] {dagbag.py:545} INFO - Filling up the DagBag from /opt/airflow/dags/data/models/United Kingdom.11/deaths_TS_model.pkl
[2024-08-17T12:40:54.731+0000] {processor.py:842} WARNING - No viable dags retrieved from /opt/airflow/dags/data/models/United Kingdom.11/deaths_TS_model.pkl
[2024-08-17T12:40:54.741+0000] {processor.py:183} INFO - Processing /opt/airflow/dags/data/models/United Kingdom.11/deaths_TS_model.pkl took 0.020 seconds
[2024-08-17T12:41:27.290+0000] {processor.py:161} INFO - Started process (PID=53466) to work on /opt/airflow/dags/data/models/United Kingdom.11/deaths_TS_model.pkl
[2024-08-17T12:41:27.291+0000] {processor.py:830} INFO - Processing file /opt/airflow/dags/data/models/United Kingdom.11/deaths_TS_model.pkl for tasks to queue
[2024-08-17T12:41:27.292+0000] {logging_mixin.py:188} INFO - [2024-08-17T12:41:27.292+0000] {dagbag.py:545} INFO - Filling up the DagBag from /opt/airflow/dags/data/models/United Kingdom.11/deaths_TS_model.pkl
[2024-08-17T12:41:27.333+0000] {processor.py:842} WARNING - No viable dags retrieved from /opt/airflow/dags/data/models/United Kingdom.11/deaths_TS_model.pkl
[2024-08-17T12:41:27.347+0000] {processor.py:183} INFO - Processing /opt/airflow/dags/data/models/United Kingdom.11/deaths_TS_model.pkl took 0.060 seconds
