[2024-08-18T07:04:53.279+0000] {local_task_job_runner.py:120} INFO - ::group::Pre task execution logs
[2024-08-18T07:04:53.291+0000] {taskinstance.py:2076} INFO - Dependencies all met for dep_context=non-requeueable deps ti=<TaskInstance: predict_values_TS_34.get_cases_dataset.create_morbidity_table scheduled__2024-08-11T00:00:00+00:00 [queued]>
[2024-08-18T07:04:53.297+0000] {taskinstance.py:2076} INFO - Dependencies all met for dep_context=requeueable deps ti=<TaskInstance: predict_values_TS_34.get_cases_dataset.create_morbidity_table scheduled__2024-08-11T00:00:00+00:00 [queued]>
[2024-08-18T07:04:53.298+0000] {taskinstance.py:2306} INFO - Starting attempt 1 of 2
[2024-08-18T07:04:53.308+0000] {taskinstance.py:2330} INFO - Executing <Task(PostgresOperator): get_cases_dataset.create_morbidity_table> on 2024-08-11 00:00:00+00:00
[2024-08-18T07:04:53.320+0000] {warnings.py:110} WARNING - /home/airflow/.local/lib/python3.12/site-packages/airflow/task/task_runner/standard_task_runner.py:61: DeprecationWarning: This process (pid=469) is multi-threaded, use of fork() may lead to deadlocks in the child.
  pid = os.fork()

[2024-08-18T07:04:53.321+0000] {standard_task_runner.py:63} INFO - Started process 582 to run task
[2024-08-18T07:04:53.321+0000] {standard_task_runner.py:90} INFO - Running: ['airflow', 'tasks', 'run', 'predict_values_TS_34', 'get_cases_dataset.create_morbidity_table', 'scheduled__2024-08-11T00:00:00+00:00', '--job-id', '227', '--raw', '--subdir', 'DAGS_FOLDER/etl.py', '--cfg-path', '/tmp/tmp7xo2etfw']
[2024-08-18T07:04:53.323+0000] {standard_task_runner.py:91} INFO - Job 227: Subtask get_cases_dataset.create_morbidity_table
[2024-08-18T07:04:53.357+0000] {task_command.py:426} INFO - Running <TaskInstance: predict_values_TS_34.get_cases_dataset.create_morbidity_table scheduled__2024-08-11T00:00:00+00:00 [running]> on host 3b2200e0f4f6
[2024-08-18T07:04:53.418+0000] {taskinstance.py:2648} INFO - Exporting env vars: AIRFLOW_CTX_DAG_OWNER='Ruslan Solarev' AIRFLOW_CTX_DAG_ID='predict_values_TS_34' AIRFLOW_CTX_TASK_ID='get_cases_dataset.create_morbidity_table' AIRFLOW_CTX_EXECUTION_DATE='2024-08-11T00:00:00+00:00' AIRFLOW_CTX_TRY_NUMBER='1' AIRFLOW_CTX_DAG_RUN_ID='scheduled__2024-08-11T00:00:00+00:00'
[2024-08-18T07:04:53.419+0000] {taskinstance.py:430} INFO - ::endgroup::
[2024-08-18T07:04:53.427+0000] {sql.py:276} INFO - Executing: CREATE TABLE IF NOT EXISTS Morbidity (
            id SERIAL PRIMARY KEY,
            Date DATE,
            Country VARCHAR,
            Total_cases FLOAT,
            is_Pred BOOLEAN
        )
[2024-08-18T07:04:53.433+0000] {base.py:84} INFO - Using connection ID 'postgres' for task execution.
[2024-08-18T07:04:53.442+0000] {base.py:84} INFO - Using connection ID 'postgres' for task execution.
[2024-08-18T07:04:53.488+0000] {sql.py:470} INFO - Running statement: CREATE TABLE IF NOT EXISTS Morbidity (
            id SERIAL PRIMARY KEY,
            Date DATE,
            Country VARCHAR,
            Total_cases FLOAT,
            is_Pred BOOLEAN
        ), parameters: None
[2024-08-18T07:04:53.492+0000] {taskinstance.py:441} INFO - ::group::Post task execution logs
[2024-08-18T07:04:53.499+0000] {taskinstance.py:1206} INFO - Marking task as SUCCESS. dag_id=predict_values_TS_34, task_id=get_cases_dataset.create_morbidity_table, run_id=scheduled__2024-08-11T00:00:00+00:00, execution_date=20240811T000000, start_date=20240818T070453, end_date=20240818T070453
[2024-08-18T07:04:53.535+0000] {local_task_job_runner.py:240} INFO - Task exited with return code 0
[2024-08-18T07:04:53.542+0000] {warnings.py:110} WARNING - /home/airflow/.local/lib/python3.12/site-packages/airflow/models/baseoperator.py:1296: AirflowProviderDeprecationWarning: Call to deprecated class PostgresOperator. (Please use `airflow.providers.common.sql.operators.sql.SQLExecuteQueryOperator`.Also, you can provide `hook_params={'schema': <database>}`.)
  result = cls.__new__(cls)

[2024-08-18T07:04:53.551+0000] {taskinstance.py:3498} INFO - 0 downstream tasks scheduled from follow-on schedule check
[2024-08-18T07:04:53.553+0000] {local_task_job_runner.py:222} INFO - ::endgroup::
