[2024-08-17T03:03:55.985+0000] {processor.py:161} INFO - Started process (PID=92231) to work on /opt/airflow/dags/data/models/Spain/TS_model.pkl
[2024-08-17T03:03:55.986+0000] {processor.py:830} INFO - Processing file /opt/airflow/dags/data/models/Spain/TS_model.pkl for tasks to queue
[2024-08-17T03:03:55.986+0000] {logging_mixin.py:188} INFO - [2024-08-17T03:03:55.986+0000] {dagbag.py:545} INFO - Filling up the DagBag from /opt/airflow/dags/data/models/Spain/TS_model.pkl
[2024-08-17T03:03:55.999+0000] {processor.py:842} WARNING - No viable dags retrieved from /opt/airflow/dags/data/models/Spain/TS_model.pkl
[2024-08-17T03:03:56.009+0000] {processor.py:183} INFO - Processing /opt/airflow/dags/data/models/Spain/TS_model.pkl took 0.028 seconds
[2024-08-17T03:04:26.855+0000] {processor.py:161} INFO - Started process (PID=92647) to work on /opt/airflow/dags/data/models/Spain/TS_model.pkl
[2024-08-17T03:04:26.855+0000] {processor.py:830} INFO - Processing file /opt/airflow/dags/data/models/Spain/TS_model.pkl for tasks to queue
[2024-08-17T03:04:26.856+0000] {logging_mixin.py:188} INFO - [2024-08-17T03:04:26.856+0000] {dagbag.py:545} INFO - Filling up the DagBag from /opt/airflow/dags/data/models/Spain/TS_model.pkl
[2024-08-17T03:04:26.868+0000] {processor.py:842} WARNING - No viable dags retrieved from /opt/airflow/dags/data/models/Spain/TS_model.pkl
[2024-08-17T03:04:26.879+0000] {processor.py:183} INFO - Processing /opt/airflow/dags/data/models/Spain/TS_model.pkl took 0.028 seconds
[2024-08-17T03:04:57.870+0000] {processor.py:161} INFO - Started process (PID=93038) to work on /opt/airflow/dags/data/models/Spain/TS_model.pkl
[2024-08-17T03:04:57.871+0000] {processor.py:830} INFO - Processing file /opt/airflow/dags/data/models/Spain/TS_model.pkl for tasks to queue
[2024-08-17T03:04:57.872+0000] {logging_mixin.py:188} INFO - [2024-08-17T03:04:57.871+0000] {dagbag.py:545} INFO - Filling up the DagBag from /opt/airflow/dags/data/models/Spain/TS_model.pkl
[2024-08-17T03:04:57.885+0000] {processor.py:842} WARNING - No viable dags retrieved from /opt/airflow/dags/data/models/Spain/TS_model.pkl
[2024-08-17T03:04:57.896+0000] {processor.py:183} INFO - Processing /opt/airflow/dags/data/models/Spain/TS_model.pkl took 0.030 seconds
[2024-08-17T03:05:26.523+0000] {processor.py:161} INFO - Started process (PID=93444) to work on /opt/airflow/dags/data/models/Spain/TS_model.pkl
[2024-08-17T03:05:26.524+0000] {processor.py:830} INFO - Processing file /opt/airflow/dags/data/models/Spain/TS_model.pkl for tasks to queue
[2024-08-17T03:05:26.525+0000] {logging_mixin.py:188} INFO - [2024-08-17T03:05:26.525+0000] {dagbag.py:545} INFO - Filling up the DagBag from /opt/airflow/dags/data/models/Spain/TS_model.pkl
[2024-08-17T03:05:26.537+0000] {processor.py:842} WARNING - No viable dags retrieved from /opt/airflow/dags/data/models/Spain/TS_model.pkl
[2024-08-17T03:05:26.547+0000] {processor.py:183} INFO - Processing /opt/airflow/dags/data/models/Spain/TS_model.pkl took 0.027 seconds
[2024-08-17T03:05:57.902+0000] {processor.py:161} INFO - Started process (PID=93836) to work on /opt/airflow/dags/data/models/Spain/TS_model.pkl
[2024-08-17T03:05:57.903+0000] {processor.py:830} INFO - Processing file /opt/airflow/dags/data/models/Spain/TS_model.pkl for tasks to queue
[2024-08-17T03:05:57.904+0000] {logging_mixin.py:188} INFO - [2024-08-17T03:05:57.903+0000] {dagbag.py:545} INFO - Filling up the DagBag from /opt/airflow/dags/data/models/Spain/TS_model.pkl
[2024-08-17T03:05:57.917+0000] {processor.py:842} WARNING - No viable dags retrieved from /opt/airflow/dags/data/models/Spain/TS_model.pkl
[2024-08-17T03:05:57.930+0000] {processor.py:183} INFO - Processing /opt/airflow/dags/data/models/Spain/TS_model.pkl took 0.033 seconds
[2024-08-17T03:06:28.860+0000] {processor.py:161} INFO - Started process (PID=94231) to work on /opt/airflow/dags/data/models/Spain/TS_model.pkl
[2024-08-17T03:06:28.860+0000] {processor.py:830} INFO - Processing file /opt/airflow/dags/data/models/Spain/TS_model.pkl for tasks to queue
[2024-08-17T03:06:28.861+0000] {logging_mixin.py:188} INFO - [2024-08-17T03:06:28.861+0000] {dagbag.py:545} INFO - Filling up the DagBag from /opt/airflow/dags/data/models/Spain/TS_model.pkl
[2024-08-17T03:06:28.870+0000] {processor.py:842} WARNING - No viable dags retrieved from /opt/airflow/dags/data/models/Spain/TS_model.pkl
[2024-08-17T03:06:28.881+0000] {processor.py:183} INFO - Processing /opt/airflow/dags/data/models/Spain/TS_model.pkl took 0.026 seconds
[2024-08-17T03:06:59.368+0000] {processor.py:161} INFO - Started process (PID=94622) to work on /opt/airflow/dags/data/models/Spain/TS_model.pkl
[2024-08-17T03:06:59.369+0000] {processor.py:830} INFO - Processing file /opt/airflow/dags/data/models/Spain/TS_model.pkl for tasks to queue
[2024-08-17T03:06:59.370+0000] {logging_mixin.py:188} INFO - [2024-08-17T03:06:59.369+0000] {dagbag.py:545} INFO - Filling up the DagBag from /opt/airflow/dags/data/models/Spain/TS_model.pkl
[2024-08-17T03:06:59.381+0000] {processor.py:842} WARNING - No viable dags retrieved from /opt/airflow/dags/data/models/Spain/TS_model.pkl
[2024-08-17T03:06:59.391+0000] {processor.py:183} INFO - Processing /opt/airflow/dags/data/models/Spain/TS_model.pkl took 0.027 seconds
[2024-08-17T03:07:29.712+0000] {processor.py:161} INFO - Started process (PID=94994) to work on /opt/airflow/dags/data/models/Spain/TS_model.pkl
[2024-08-17T03:07:29.713+0000] {processor.py:830} INFO - Processing file /opt/airflow/dags/data/models/Spain/TS_model.pkl for tasks to queue
[2024-08-17T03:07:29.714+0000] {logging_mixin.py:188} INFO - [2024-08-17T03:07:29.713+0000] {dagbag.py:545} INFO - Filling up the DagBag from /opt/airflow/dags/data/models/Spain/TS_model.pkl
[2024-08-17T03:07:29.725+0000] {processor.py:842} WARNING - No viable dags retrieved from /opt/airflow/dags/data/models/Spain/TS_model.pkl
[2024-08-17T03:07:29.734+0000] {processor.py:183} INFO - Processing /opt/airflow/dags/data/models/Spain/TS_model.pkl took 0.026 seconds
[2024-08-17T03:08:00.921+0000] {processor.py:161} INFO - Started process (PID=95389) to work on /opt/airflow/dags/data/models/Spain/TS_model.pkl
[2024-08-17T03:08:00.922+0000] {processor.py:830} INFO - Processing file /opt/airflow/dags/data/models/Spain/TS_model.pkl for tasks to queue
[2024-08-17T03:08:00.922+0000] {logging_mixin.py:188} INFO - [2024-08-17T03:08:00.922+0000] {dagbag.py:545} INFO - Filling up the DagBag from /opt/airflow/dags/data/models/Spain/TS_model.pkl
[2024-08-17T03:08:00.935+0000] {processor.py:842} WARNING - No viable dags retrieved from /opt/airflow/dags/data/models/Spain/TS_model.pkl
[2024-08-17T03:08:00.945+0000] {processor.py:183} INFO - Processing /opt/airflow/dags/data/models/Spain/TS_model.pkl took 0.028 seconds
[2024-08-17T03:08:32.008+0000] {processor.py:161} INFO - Started process (PID=95796) to work on /opt/airflow/dags/data/models/Spain/TS_model.pkl
[2024-08-17T03:08:32.009+0000] {processor.py:830} INFO - Processing file /opt/airflow/dags/data/models/Spain/TS_model.pkl for tasks to queue
[2024-08-17T03:08:32.010+0000] {logging_mixin.py:188} INFO - [2024-08-17T03:08:32.009+0000] {dagbag.py:545} INFO - Filling up the DagBag from /opt/airflow/dags/data/models/Spain/TS_model.pkl
[2024-08-17T03:08:32.020+0000] {processor.py:842} WARNING - No viable dags retrieved from /opt/airflow/dags/data/models/Spain/TS_model.pkl
[2024-08-17T03:08:32.030+0000] {processor.py:183} INFO - Processing /opt/airflow/dags/data/models/Spain/TS_model.pkl took 0.025 seconds
[2024-08-17T03:09:04.441+0000] {processor.py:161} INFO - Started process (PID=96218) to work on /opt/airflow/dags/data/models/Spain/TS_model.pkl
[2024-08-17T03:09:04.442+0000] {processor.py:830} INFO - Processing file /opt/airflow/dags/data/models/Spain/TS_model.pkl for tasks to queue
[2024-08-17T03:09:04.442+0000] {logging_mixin.py:188} INFO - [2024-08-17T03:09:04.442+0000] {dagbag.py:545} INFO - Filling up the DagBag from /opt/airflow/dags/data/models/Spain/TS_model.pkl
[2024-08-17T03:09:04.454+0000] {processor.py:842} WARNING - No viable dags retrieved from /opt/airflow/dags/data/models/Spain/TS_model.pkl
[2024-08-17T03:09:04.464+0000] {processor.py:183} INFO - Processing /opt/airflow/dags/data/models/Spain/TS_model.pkl took 0.027 seconds
[2024-08-17T03:09:37.081+0000] {processor.py:161} INFO - Started process (PID=96642) to work on /opt/airflow/dags/data/models/Spain/TS_model.pkl
[2024-08-17T03:09:37.081+0000] {processor.py:830} INFO - Processing file /opt/airflow/dags/data/models/Spain/TS_model.pkl for tasks to queue
[2024-08-17T03:09:37.082+0000] {logging_mixin.py:188} INFO - [2024-08-17T03:09:37.082+0000] {dagbag.py:545} INFO - Filling up the DagBag from /opt/airflow/dags/data/models/Spain/TS_model.pkl
[2024-08-17T03:09:37.095+0000] {processor.py:842} WARNING - No viable dags retrieved from /opt/airflow/dags/data/models/Spain/TS_model.pkl
[2024-08-17T03:09:37.104+0000] {processor.py:183} INFO - Processing /opt/airflow/dags/data/models/Spain/TS_model.pkl took 0.029 seconds
[2024-08-17T03:10:07.583+0000] {processor.py:161} INFO - Started process (PID=97063) to work on /opt/airflow/dags/data/models/Spain/TS_model.pkl
[2024-08-17T03:10:07.583+0000] {processor.py:830} INFO - Processing file /opt/airflow/dags/data/models/Spain/TS_model.pkl for tasks to queue
[2024-08-17T03:10:07.584+0000] {logging_mixin.py:188} INFO - [2024-08-17T03:10:07.584+0000] {dagbag.py:545} INFO - Filling up the DagBag from /opt/airflow/dags/data/models/Spain/TS_model.pkl
[2024-08-17T03:10:07.596+0000] {processor.py:842} WARNING - No viable dags retrieved from /opt/airflow/dags/data/models/Spain/TS_model.pkl
[2024-08-17T03:10:07.610+0000] {processor.py:183} INFO - Processing /opt/airflow/dags/data/models/Spain/TS_model.pkl took 0.031 seconds
[2024-08-17T03:10:38.974+0000] {processor.py:161} INFO - Started process (PID=97505) to work on /opt/airflow/dags/data/models/Spain/TS_model.pkl
[2024-08-17T03:10:38.975+0000] {processor.py:830} INFO - Processing file /opt/airflow/dags/data/models/Spain/TS_model.pkl for tasks to queue
[2024-08-17T03:10:38.976+0000] {logging_mixin.py:188} INFO - [2024-08-17T03:10:38.976+0000] {dagbag.py:545} INFO - Filling up the DagBag from /opt/airflow/dags/data/models/Spain/TS_model.pkl
[2024-08-17T03:10:38.986+0000] {processor.py:842} WARNING - No viable dags retrieved from /opt/airflow/dags/data/models/Spain/TS_model.pkl
[2024-08-17T03:10:38.998+0000] {processor.py:183} INFO - Processing /opt/airflow/dags/data/models/Spain/TS_model.pkl took 0.027 seconds
[2024-08-17T03:11:09.490+0000] {processor.py:161} INFO - Started process (PID=97917) to work on /opt/airflow/dags/data/models/Spain/TS_model.pkl
[2024-08-17T03:11:09.490+0000] {processor.py:830} INFO - Processing file /opt/airflow/dags/data/models/Spain/TS_model.pkl for tasks to queue
[2024-08-17T03:11:09.491+0000] {logging_mixin.py:188} INFO - [2024-08-17T03:11:09.491+0000] {dagbag.py:545} INFO - Filling up the DagBag from /opt/airflow/dags/data/models/Spain/TS_model.pkl
[2024-08-17T03:11:09.499+0000] {processor.py:842} WARNING - No viable dags retrieved from /opt/airflow/dags/data/models/Spain/TS_model.pkl
[2024-08-17T03:11:09.509+0000] {processor.py:183} INFO - Processing /opt/airflow/dags/data/models/Spain/TS_model.pkl took 0.024 seconds
[2024-08-17T03:11:40.117+0000] {processor.py:161} INFO - Started process (PID=98356) to work on /opt/airflow/dags/data/models/Spain/TS_model.pkl
[2024-08-17T03:11:40.119+0000] {processor.py:830} INFO - Processing file /opt/airflow/dags/data/models/Spain/TS_model.pkl for tasks to queue
[2024-08-17T03:11:40.119+0000] {logging_mixin.py:188} INFO - [2024-08-17T03:11:40.119+0000] {dagbag.py:545} INFO - Filling up the DagBag from /opt/airflow/dags/data/models/Spain/TS_model.pkl
[2024-08-17T03:11:40.128+0000] {processor.py:842} WARNING - No viable dags retrieved from /opt/airflow/dags/data/models/Spain/TS_model.pkl
[2024-08-17T03:11:40.138+0000] {processor.py:183} INFO - Processing /opt/airflow/dags/data/models/Spain/TS_model.pkl took 0.025 seconds
[2024-08-17T03:12:11.906+0000] {processor.py:161} INFO - Started process (PID=98782) to work on /opt/airflow/dags/data/models/Spain/TS_model.pkl
[2024-08-17T03:12:11.907+0000] {processor.py:830} INFO - Processing file /opt/airflow/dags/data/models/Spain/TS_model.pkl for tasks to queue
[2024-08-17T03:12:11.908+0000] {logging_mixin.py:188} INFO - [2024-08-17T03:12:11.908+0000] {dagbag.py:545} INFO - Filling up the DagBag from /opt/airflow/dags/data/models/Spain/TS_model.pkl
[2024-08-17T03:12:11.920+0000] {processor.py:842} WARNING - No viable dags retrieved from /opt/airflow/dags/data/models/Spain/TS_model.pkl
[2024-08-17T03:12:11.930+0000] {processor.py:183} INFO - Processing /opt/airflow/dags/data/models/Spain/TS_model.pkl took 0.028 seconds
[2024-08-17T03:12:42.758+0000] {processor.py:161} INFO - Started process (PID=99197) to work on /opt/airflow/dags/data/models/Spain/TS_model.pkl
[2024-08-17T03:12:42.758+0000] {processor.py:830} INFO - Processing file /opt/airflow/dags/data/models/Spain/TS_model.pkl for tasks to queue
[2024-08-17T03:12:42.759+0000] {logging_mixin.py:188} INFO - [2024-08-17T03:12:42.759+0000] {dagbag.py:545} INFO - Filling up the DagBag from /opt/airflow/dags/data/models/Spain/TS_model.pkl
[2024-08-17T03:12:42.769+0000] {processor.py:842} WARNING - No viable dags retrieved from /opt/airflow/dags/data/models/Spain/TS_model.pkl
[2024-08-17T03:12:42.779+0000] {processor.py:183} INFO - Processing /opt/airflow/dags/data/models/Spain/TS_model.pkl took 0.025 seconds
[2024-08-17T03:13:13.685+0000] {processor.py:161} INFO - Started process (PID=99637) to work on /opt/airflow/dags/data/models/Spain/TS_model.pkl
[2024-08-17T03:13:13.686+0000] {processor.py:830} INFO - Processing file /opt/airflow/dags/data/models/Spain/TS_model.pkl for tasks to queue
[2024-08-17T03:13:13.686+0000] {logging_mixin.py:188} INFO - [2024-08-17T03:13:13.686+0000] {dagbag.py:545} INFO - Filling up the DagBag from /opt/airflow/dags/data/models/Spain/TS_model.pkl
[2024-08-17T03:13:13.699+0000] {processor.py:842} WARNING - No viable dags retrieved from /opt/airflow/dags/data/models/Spain/TS_model.pkl
[2024-08-17T03:13:13.708+0000] {processor.py:183} INFO - Processing /opt/airflow/dags/data/models/Spain/TS_model.pkl took 0.027 seconds
[2024-08-17T03:13:44.308+0000] {processor.py:161} INFO - Started process (PID=356) to work on /opt/airflow/dags/data/models/Spain/TS_model.pkl
[2024-08-17T03:13:44.309+0000] {processor.py:830} INFO - Processing file /opt/airflow/dags/data/models/Spain/TS_model.pkl for tasks to queue
[2024-08-17T03:13:44.309+0000] {logging_mixin.py:188} INFO - [2024-08-17T03:13:44.309+0000] {dagbag.py:545} INFO - Filling up the DagBag from /opt/airflow/dags/data/models/Spain/TS_model.pkl
[2024-08-17T03:13:44.318+0000] {processor.py:842} WARNING - No viable dags retrieved from /opt/airflow/dags/data/models/Spain/TS_model.pkl
[2024-08-17T03:13:44.328+0000] {processor.py:183} INFO - Processing /opt/airflow/dags/data/models/Spain/TS_model.pkl took 0.024 seconds
[2024-08-17T03:14:14.939+0000] {processor.py:161} INFO - Started process (PID=811) to work on /opt/airflow/dags/data/models/Spain/TS_model.pkl
[2024-08-17T03:14:14.939+0000] {processor.py:830} INFO - Processing file /opt/airflow/dags/data/models/Spain/TS_model.pkl for tasks to queue
[2024-08-17T03:14:14.940+0000] {logging_mixin.py:188} INFO - [2024-08-17T03:14:14.940+0000] {dagbag.py:545} INFO - Filling up the DagBag from /opt/airflow/dags/data/models/Spain/TS_model.pkl
[2024-08-17T03:14:14.954+0000] {processor.py:842} WARNING - No viable dags retrieved from /opt/airflow/dags/data/models/Spain/TS_model.pkl
[2024-08-17T03:14:14.963+0000] {processor.py:183} INFO - Processing /opt/airflow/dags/data/models/Spain/TS_model.pkl took 0.028 seconds
[2024-08-17T03:14:45.380+0000] {processor.py:161} INFO - Started process (PID=1237) to work on /opt/airflow/dags/data/models/Spain/TS_model.pkl
[2024-08-17T03:14:45.380+0000] {processor.py:830} INFO - Processing file /opt/airflow/dags/data/models/Spain/TS_model.pkl for tasks to queue
[2024-08-17T03:14:45.381+0000] {logging_mixin.py:188} INFO - [2024-08-17T03:14:45.381+0000] {dagbag.py:545} INFO - Filling up the DagBag from /opt/airflow/dags/data/models/Spain/TS_model.pkl
[2024-08-17T03:14:45.389+0000] {processor.py:842} WARNING - No viable dags retrieved from /opt/airflow/dags/data/models/Spain/TS_model.pkl
[2024-08-17T03:14:45.399+0000] {processor.py:183} INFO - Processing /opt/airflow/dags/data/models/Spain/TS_model.pkl took 0.024 seconds
[2024-08-17T03:15:16.113+0000] {processor.py:161} INFO - Started process (PID=1679) to work on /opt/airflow/dags/data/models/Spain/TS_model.pkl
[2024-08-17T03:15:16.113+0000] {processor.py:830} INFO - Processing file /opt/airflow/dags/data/models/Spain/TS_model.pkl for tasks to queue
[2024-08-17T03:15:16.114+0000] {logging_mixin.py:188} INFO - [2024-08-17T03:15:16.114+0000] {dagbag.py:545} INFO - Filling up the DagBag from /opt/airflow/dags/data/models/Spain/TS_model.pkl
[2024-08-17T03:15:16.124+0000] {processor.py:842} WARNING - No viable dags retrieved from /opt/airflow/dags/data/models/Spain/TS_model.pkl
[2024-08-17T03:15:16.133+0000] {processor.py:183} INFO - Processing /opt/airflow/dags/data/models/Spain/TS_model.pkl took 0.024 seconds
[2024-08-17T03:15:46.908+0000] {processor.py:161} INFO - Started process (PID=2087) to work on /opt/airflow/dags/data/models/Spain/TS_model.pkl
[2024-08-17T03:15:46.909+0000] {processor.py:830} INFO - Processing file /opt/airflow/dags/data/models/Spain/TS_model.pkl for tasks to queue
[2024-08-17T03:15:46.910+0000] {logging_mixin.py:188} INFO - [2024-08-17T03:15:46.909+0000] {dagbag.py:545} INFO - Filling up the DagBag from /opt/airflow/dags/data/models/Spain/TS_model.pkl
[2024-08-17T03:15:46.917+0000] {processor.py:842} WARNING - No viable dags retrieved from /opt/airflow/dags/data/models/Spain/TS_model.pkl
[2024-08-17T03:15:46.927+0000] {processor.py:183} INFO - Processing /opt/airflow/dags/data/models/Spain/TS_model.pkl took 0.023 seconds
[2024-08-17T03:16:17.827+0000] {processor.py:161} INFO - Started process (PID=2534) to work on /opt/airflow/dags/data/models/Spain/TS_model.pkl
[2024-08-17T03:16:17.828+0000] {processor.py:830} INFO - Processing file /opt/airflow/dags/data/models/Spain/TS_model.pkl for tasks to queue
[2024-08-17T03:16:17.829+0000] {logging_mixin.py:188} INFO - [2024-08-17T03:16:17.829+0000] {dagbag.py:545} INFO - Filling up the DagBag from /opt/airflow/dags/data/models/Spain/TS_model.pkl
[2024-08-17T03:16:17.851+0000] {processor.py:842} WARNING - No viable dags retrieved from /opt/airflow/dags/data/models/Spain/TS_model.pkl
[2024-08-17T03:16:17.861+0000] {processor.py:183} INFO - Processing /opt/airflow/dags/data/models/Spain/TS_model.pkl took 0.038 seconds
[2024-08-17T03:16:49.134+0000] {processor.py:161} INFO - Started process (PID=2986) to work on /opt/airflow/dags/data/models/Spain/TS_model.pkl
[2024-08-17T03:16:49.134+0000] {processor.py:830} INFO - Processing file /opt/airflow/dags/data/models/Spain/TS_model.pkl for tasks to queue
[2024-08-17T03:16:49.136+0000] {logging_mixin.py:188} INFO - [2024-08-17T03:16:49.135+0000] {dagbag.py:545} INFO - Filling up the DagBag from /opt/airflow/dags/data/models/Spain/TS_model.pkl
[2024-08-17T03:16:49.144+0000] {processor.py:842} WARNING - No viable dags retrieved from /opt/airflow/dags/data/models/Spain/TS_model.pkl
[2024-08-17T03:16:49.153+0000] {processor.py:183} INFO - Processing /opt/airflow/dags/data/models/Spain/TS_model.pkl took 0.023 seconds
[2024-08-17T03:17:19.592+0000] {processor.py:161} INFO - Started process (PID=3387) to work on /opt/airflow/dags/data/models/Spain/TS_model.pkl
[2024-08-17T03:17:19.593+0000] {processor.py:830} INFO - Processing file /opt/airflow/dags/data/models/Spain/TS_model.pkl for tasks to queue
[2024-08-17T03:17:19.593+0000] {logging_mixin.py:188} INFO - [2024-08-17T03:17:19.593+0000] {dagbag.py:545} INFO - Filling up the DagBag from /opt/airflow/dags/data/models/Spain/TS_model.pkl
[2024-08-17T03:17:19.603+0000] {processor.py:842} WARNING - No viable dags retrieved from /opt/airflow/dags/data/models/Spain/TS_model.pkl
[2024-08-17T03:17:19.612+0000] {processor.py:183} INFO - Processing /opt/airflow/dags/data/models/Spain/TS_model.pkl took 0.024 seconds
[2024-08-17T03:17:50.654+0000] {processor.py:161} INFO - Started process (PID=3841) to work on /opt/airflow/dags/data/models/Spain/TS_model.pkl
[2024-08-17T03:17:50.655+0000] {processor.py:830} INFO - Processing file /opt/airflow/dags/data/models/Spain/TS_model.pkl for tasks to queue
[2024-08-17T03:17:50.655+0000] {logging_mixin.py:188} INFO - [2024-08-17T03:17:50.655+0000] {dagbag.py:545} INFO - Filling up the DagBag from /opt/airflow/dags/data/models/Spain/TS_model.pkl
[2024-08-17T03:17:50.675+0000] {processor.py:842} WARNING - No viable dags retrieved from /opt/airflow/dags/data/models/Spain/TS_model.pkl
[2024-08-17T03:17:50.685+0000] {processor.py:183} INFO - Processing /opt/airflow/dags/data/models/Spain/TS_model.pkl took 0.035 seconds
[2024-08-17T03:18:21.819+0000] {processor.py:161} INFO - Started process (PID=4274) to work on /opt/airflow/dags/data/models/Spain/TS_model.pkl
[2024-08-17T03:18:21.820+0000] {processor.py:830} INFO - Processing file /opt/airflow/dags/data/models/Spain/TS_model.pkl for tasks to queue
[2024-08-17T03:18:21.820+0000] {logging_mixin.py:188} INFO - [2024-08-17T03:18:21.820+0000] {dagbag.py:545} INFO - Filling up the DagBag from /opt/airflow/dags/data/models/Spain/TS_model.pkl
[2024-08-17T03:18:21.831+0000] {processor.py:842} WARNING - No viable dags retrieved from /opt/airflow/dags/data/models/Spain/TS_model.pkl
[2024-08-17T03:18:21.841+0000] {processor.py:183} INFO - Processing /opt/airflow/dags/data/models/Spain/TS_model.pkl took 0.026 seconds
[2024-08-17T03:18:56.965+0000] {processor.py:161} INFO - Started process (PID=4716) to work on /opt/airflow/dags/data/models/Spain/TS_model.pkl
[2024-08-17T03:18:56.966+0000] {processor.py:830} INFO - Processing file /opt/airflow/dags/data/models/Spain/TS_model.pkl for tasks to queue
[2024-08-17T03:18:56.967+0000] {logging_mixin.py:188} INFO - [2024-08-17T03:18:56.967+0000] {dagbag.py:545} INFO - Filling up the DagBag from /opt/airflow/dags/data/models/Spain/TS_model.pkl
[2024-08-17T03:18:56.982+0000] {processor.py:842} WARNING - No viable dags retrieved from /opt/airflow/dags/data/models/Spain/TS_model.pkl
[2024-08-17T03:18:56.993+0000] {processor.py:183} INFO - Processing /opt/airflow/dags/data/models/Spain/TS_model.pkl took 0.032 seconds
[2024-08-17T03:19:27.700+0000] {processor.py:161} INFO - Started process (PID=5144) to work on /opt/airflow/dags/data/models/Spain/TS_model.pkl
[2024-08-17T03:19:27.700+0000] {processor.py:830} INFO - Processing file /opt/airflow/dags/data/models/Spain/TS_model.pkl for tasks to queue
[2024-08-17T03:19:27.701+0000] {logging_mixin.py:188} INFO - [2024-08-17T03:19:27.700+0000] {dagbag.py:545} INFO - Filling up the DagBag from /opt/airflow/dags/data/models/Spain/TS_model.pkl
[2024-08-17T03:19:27.710+0000] {processor.py:842} WARNING - No viable dags retrieved from /opt/airflow/dags/data/models/Spain/TS_model.pkl
[2024-08-17T03:19:27.719+0000] {processor.py:183} INFO - Processing /opt/airflow/dags/data/models/Spain/TS_model.pkl took 0.023 seconds
[2024-08-17T03:19:58.380+0000] {processor.py:161} INFO - Started process (PID=5598) to work on /opt/airflow/dags/data/models/Spain/TS_model.pkl
[2024-08-17T03:19:58.381+0000] {processor.py:830} INFO - Processing file /opt/airflow/dags/data/models/Spain/TS_model.pkl for tasks to queue
[2024-08-17T03:19:58.381+0000] {logging_mixin.py:188} INFO - [2024-08-17T03:19:58.381+0000] {dagbag.py:545} INFO - Filling up the DagBag from /opt/airflow/dags/data/models/Spain/TS_model.pkl
[2024-08-17T03:19:58.392+0000] {processor.py:842} WARNING - No viable dags retrieved from /opt/airflow/dags/data/models/Spain/TS_model.pkl
[2024-08-17T03:19:58.401+0000] {processor.py:183} INFO - Processing /opt/airflow/dags/data/models/Spain/TS_model.pkl took 0.025 seconds
[2024-08-17T03:20:28.975+0000] {processor.py:161} INFO - Started process (PID=6025) to work on /opt/airflow/dags/data/models/Spain/TS_model.pkl
[2024-08-17T03:20:28.976+0000] {processor.py:830} INFO - Processing file /opt/airflow/dags/data/models/Spain/TS_model.pkl for tasks to queue
[2024-08-17T03:20:28.976+0000] {logging_mixin.py:188} INFO - [2024-08-17T03:20:28.976+0000] {dagbag.py:545} INFO - Filling up the DagBag from /opt/airflow/dags/data/models/Spain/TS_model.pkl
[2024-08-17T03:20:28.984+0000] {processor.py:842} WARNING - No viable dags retrieved from /opt/airflow/dags/data/models/Spain/TS_model.pkl
[2024-08-17T03:20:28.994+0000] {processor.py:183} INFO - Processing /opt/airflow/dags/data/models/Spain/TS_model.pkl took 0.022 seconds
[2024-08-17T03:20:59.570+0000] {processor.py:161} INFO - Started process (PID=6479) to work on /opt/airflow/dags/data/models/Spain/TS_model.pkl
[2024-08-17T03:20:59.571+0000] {processor.py:830} INFO - Processing file /opt/airflow/dags/data/models/Spain/TS_model.pkl for tasks to queue
[2024-08-17T03:20:59.571+0000] {logging_mixin.py:188} INFO - [2024-08-17T03:20:59.571+0000] {dagbag.py:545} INFO - Filling up the DagBag from /opt/airflow/dags/data/models/Spain/TS_model.pkl
[2024-08-17T03:20:59.581+0000] {processor.py:842} WARNING - No viable dags retrieved from /opt/airflow/dags/data/models/Spain/TS_model.pkl
[2024-08-17T03:20:59.592+0000] {processor.py:183} INFO - Processing /opt/airflow/dags/data/models/Spain/TS_model.pkl took 0.025 seconds
[2024-08-17T03:21:30.201+0000] {processor.py:161} INFO - Started process (PID=6914) to work on /opt/airflow/dags/data/models/Spain/TS_model.pkl
[2024-08-17T03:21:30.202+0000] {processor.py:830} INFO - Processing file /opt/airflow/dags/data/models/Spain/TS_model.pkl for tasks to queue
[2024-08-17T03:21:30.202+0000] {logging_mixin.py:188} INFO - [2024-08-17T03:21:30.202+0000] {dagbag.py:545} INFO - Filling up the DagBag from /opt/airflow/dags/data/models/Spain/TS_model.pkl
[2024-08-17T03:21:30.210+0000] {processor.py:842} WARNING - No viable dags retrieved from /opt/airflow/dags/data/models/Spain/TS_model.pkl
[2024-08-17T03:21:30.221+0000] {processor.py:183} INFO - Processing /opt/airflow/dags/data/models/Spain/TS_model.pkl took 0.024 seconds
[2024-08-17T03:22:00.796+0000] {processor.py:161} INFO - Started process (PID=7356) to work on /opt/airflow/dags/data/models/Spain/TS_model.pkl
[2024-08-17T03:22:00.797+0000] {processor.py:830} INFO - Processing file /opt/airflow/dags/data/models/Spain/TS_model.pkl for tasks to queue
[2024-08-17T03:22:00.799+0000] {logging_mixin.py:188} INFO - [2024-08-17T03:22:00.798+0000] {dagbag.py:545} INFO - Filling up the DagBag from /opt/airflow/dags/data/models/Spain/TS_model.pkl
[2024-08-17T03:22:00.807+0000] {processor.py:842} WARNING - No viable dags retrieved from /opt/airflow/dags/data/models/Spain/TS_model.pkl
[2024-08-17T03:22:00.816+0000] {processor.py:183} INFO - Processing /opt/airflow/dags/data/models/Spain/TS_model.pkl took 0.024 seconds
[2024-08-17T03:22:31.816+0000] {processor.py:161} INFO - Started process (PID=7810) to work on /opt/airflow/dags/data/models/Spain/TS_model.pkl
[2024-08-17T03:22:31.817+0000] {processor.py:830} INFO - Processing file /opt/airflow/dags/data/models/Spain/TS_model.pkl for tasks to queue
[2024-08-17T03:22:31.818+0000] {logging_mixin.py:188} INFO - [2024-08-17T03:22:31.818+0000] {dagbag.py:545} INFO - Filling up the DagBag from /opt/airflow/dags/data/models/Spain/TS_model.pkl
[2024-08-17T03:22:31.829+0000] {processor.py:842} WARNING - No viable dags retrieved from /opt/airflow/dags/data/models/Spain/TS_model.pkl
[2024-08-17T03:22:31.839+0000] {processor.py:183} INFO - Processing /opt/airflow/dags/data/models/Spain/TS_model.pkl took 0.026 seconds
[2024-08-17T03:23:03.003+0000] {processor.py:161} INFO - Started process (PID=8238) to work on /opt/airflow/dags/data/models/Spain/TS_model.pkl
[2024-08-17T03:23:03.004+0000] {processor.py:830} INFO - Processing file /opt/airflow/dags/data/models/Spain/TS_model.pkl for tasks to queue
[2024-08-17T03:23:03.004+0000] {logging_mixin.py:188} INFO - [2024-08-17T03:23:03.004+0000] {dagbag.py:545} INFO - Filling up the DagBag from /opt/airflow/dags/data/models/Spain/TS_model.pkl
[2024-08-17T03:23:03.014+0000] {processor.py:842} WARNING - No viable dags retrieved from /opt/airflow/dags/data/models/Spain/TS_model.pkl
[2024-08-17T03:23:03.023+0000] {processor.py:183} INFO - Processing /opt/airflow/dags/data/models/Spain/TS_model.pkl took 0.024 seconds
[2024-08-17T03:23:33.729+0000] {processor.py:161} INFO - Started process (PID=8671) to work on /opt/airflow/dags/data/models/Spain/TS_model.pkl
[2024-08-17T03:23:33.730+0000] {processor.py:830} INFO - Processing file /opt/airflow/dags/data/models/Spain/TS_model.pkl for tasks to queue
[2024-08-17T03:23:33.731+0000] {logging_mixin.py:188} INFO - [2024-08-17T03:23:33.730+0000] {dagbag.py:545} INFO - Filling up the DagBag from /opt/airflow/dags/data/models/Spain/TS_model.pkl
[2024-08-17T03:23:33.738+0000] {processor.py:842} WARNING - No viable dags retrieved from /opt/airflow/dags/data/models/Spain/TS_model.pkl
[2024-08-17T03:23:33.748+0000] {processor.py:183} INFO - Processing /opt/airflow/dags/data/models/Spain/TS_model.pkl took 0.022 seconds
[2024-08-17T03:24:04.681+0000] {processor.py:161} INFO - Started process (PID=9125) to work on /opt/airflow/dags/data/models/Spain/TS_model.pkl
[2024-08-17T03:24:04.681+0000] {processor.py:830} INFO - Processing file /opt/airflow/dags/data/models/Spain/TS_model.pkl for tasks to queue
[2024-08-17T03:24:04.682+0000] {logging_mixin.py:188} INFO - [2024-08-17T03:24:04.682+0000] {dagbag.py:545} INFO - Filling up the DagBag from /opt/airflow/dags/data/models/Spain/TS_model.pkl
[2024-08-17T03:24:04.693+0000] {processor.py:842} WARNING - No viable dags retrieved from /opt/airflow/dags/data/models/Spain/TS_model.pkl
[2024-08-17T03:24:04.703+0000] {processor.py:183} INFO - Processing /opt/airflow/dags/data/models/Spain/TS_model.pkl took 0.026 seconds
[2024-08-17T03:24:35.905+0000] {processor.py:161} INFO - Started process (PID=9534) to work on /opt/airflow/dags/data/models/Spain/TS_model.pkl
[2024-08-17T03:24:35.906+0000] {processor.py:830} INFO - Processing file /opt/airflow/dags/data/models/Spain/TS_model.pkl for tasks to queue
[2024-08-17T03:24:35.906+0000] {logging_mixin.py:188} INFO - [2024-08-17T03:24:35.906+0000] {dagbag.py:545} INFO - Filling up the DagBag from /opt/airflow/dags/data/models/Spain/TS_model.pkl
[2024-08-17T03:24:35.914+0000] {processor.py:842} WARNING - No viable dags retrieved from /opt/airflow/dags/data/models/Spain/TS_model.pkl
[2024-08-17T03:24:35.923+0000] {processor.py:183} INFO - Processing /opt/airflow/dags/data/models/Spain/TS_model.pkl took 0.021 seconds
[2024-08-17T03:25:07.067+0000] {processor.py:161} INFO - Started process (PID=9986) to work on /opt/airflow/dags/data/models/Spain/TS_model.pkl
[2024-08-17T03:25:07.068+0000] {processor.py:830} INFO - Processing file /opt/airflow/dags/data/models/Spain/TS_model.pkl for tasks to queue
[2024-08-17T03:25:07.069+0000] {logging_mixin.py:188} INFO - [2024-08-17T03:25:07.069+0000] {dagbag.py:545} INFO - Filling up the DagBag from /opt/airflow/dags/data/models/Spain/TS_model.pkl
[2024-08-17T03:25:07.084+0000] {processor.py:842} WARNING - No viable dags retrieved from /opt/airflow/dags/data/models/Spain/TS_model.pkl
[2024-08-17T03:25:07.093+0000] {processor.py:183} INFO - Processing /opt/airflow/dags/data/models/Spain/TS_model.pkl took 0.030 seconds
[2024-08-17T03:25:38.489+0000] {processor.py:161} INFO - Started process (PID=10440) to work on /opt/airflow/dags/data/models/Spain/TS_model.pkl
[2024-08-17T03:25:38.490+0000] {processor.py:830} INFO - Processing file /opt/airflow/dags/data/models/Spain/TS_model.pkl for tasks to queue
[2024-08-17T03:25:38.490+0000] {logging_mixin.py:188} INFO - [2024-08-17T03:25:38.490+0000] {dagbag.py:545} INFO - Filling up the DagBag from /opt/airflow/dags/data/models/Spain/TS_model.pkl
[2024-08-17T03:25:38.499+0000] {processor.py:842} WARNING - No viable dags retrieved from /opt/airflow/dags/data/models/Spain/TS_model.pkl
[2024-08-17T03:25:38.509+0000] {processor.py:183} INFO - Processing /opt/airflow/dags/data/models/Spain/TS_model.pkl took 0.024 seconds
[2024-08-17T03:26:09.432+0000] {processor.py:161} INFO - Started process (PID=10847) to work on /opt/airflow/dags/data/models/Spain/TS_model.pkl
[2024-08-17T03:26:09.432+0000] {processor.py:830} INFO - Processing file /opt/airflow/dags/data/models/Spain/TS_model.pkl for tasks to queue
[2024-08-17T03:26:09.433+0000] {logging_mixin.py:188} INFO - [2024-08-17T03:26:09.433+0000] {dagbag.py:545} INFO - Filling up the DagBag from /opt/airflow/dags/data/models/Spain/TS_model.pkl
[2024-08-17T03:26:09.445+0000] {processor.py:842} WARNING - No viable dags retrieved from /opt/airflow/dags/data/models/Spain/TS_model.pkl
[2024-08-17T03:26:09.454+0000] {processor.py:183} INFO - Processing /opt/airflow/dags/data/models/Spain/TS_model.pkl took 0.025 seconds
[2024-08-17T03:26:40.679+0000] {processor.py:161} INFO - Started process (PID=11301) to work on /opt/airflow/dags/data/models/Spain/TS_model.pkl
[2024-08-17T03:26:40.679+0000] {processor.py:830} INFO - Processing file /opt/airflow/dags/data/models/Spain/TS_model.pkl for tasks to queue
[2024-08-17T03:26:40.680+0000] {logging_mixin.py:188} INFO - [2024-08-17T03:26:40.680+0000] {dagbag.py:545} INFO - Filling up the DagBag from /opt/airflow/dags/data/models/Spain/TS_model.pkl
[2024-08-17T03:26:40.691+0000] {processor.py:842} WARNING - No viable dags retrieved from /opt/airflow/dags/data/models/Spain/TS_model.pkl
[2024-08-17T03:26:40.700+0000] {processor.py:183} INFO - Processing /opt/airflow/dags/data/models/Spain/TS_model.pkl took 0.024 seconds
[2024-08-17T03:27:11.702+0000] {processor.py:161} INFO - Started process (PID=11736) to work on /opt/airflow/dags/data/models/Spain/TS_model.pkl
[2024-08-17T03:27:11.703+0000] {processor.py:830} INFO - Processing file /opt/airflow/dags/data/models/Spain/TS_model.pkl for tasks to queue
[2024-08-17T03:27:11.705+0000] {logging_mixin.py:188} INFO - [2024-08-17T03:27:11.704+0000] {dagbag.py:545} INFO - Filling up the DagBag from /opt/airflow/dags/data/models/Spain/TS_model.pkl
[2024-08-17T03:27:11.716+0000] {processor.py:842} WARNING - No viable dags retrieved from /opt/airflow/dags/data/models/Spain/TS_model.pkl
[2024-08-17T03:27:11.725+0000] {processor.py:183} INFO - Processing /opt/airflow/dags/data/models/Spain/TS_model.pkl took 0.026 seconds
[2024-08-17T03:27:42.470+0000] {processor.py:161} INFO - Started process (PID=12183) to work on /opt/airflow/dags/data/models/Spain/TS_model.pkl
[2024-08-17T03:27:42.471+0000] {processor.py:830} INFO - Processing file /opt/airflow/dags/data/models/Spain/TS_model.pkl for tasks to queue
[2024-08-17T03:27:42.472+0000] {logging_mixin.py:188} INFO - [2024-08-17T03:27:42.471+0000] {dagbag.py:545} INFO - Filling up the DagBag from /opt/airflow/dags/data/models/Spain/TS_model.pkl
[2024-08-17T03:27:42.482+0000] {processor.py:842} WARNING - No viable dags retrieved from /opt/airflow/dags/data/models/Spain/TS_model.pkl
[2024-08-17T03:27:42.490+0000] {processor.py:183} INFO - Processing /opt/airflow/dags/data/models/Spain/TS_model.pkl took 0.023 seconds
[2024-08-17T03:28:12.949+0000] {processor.py:161} INFO - Started process (PID=12637) to work on /opt/airflow/dags/data/models/Spain/TS_model.pkl
[2024-08-17T03:28:12.949+0000] {processor.py:830} INFO - Processing file /opt/airflow/dags/data/models/Spain/TS_model.pkl for tasks to queue
[2024-08-17T03:28:12.950+0000] {logging_mixin.py:188} INFO - [2024-08-17T03:28:12.950+0000] {dagbag.py:545} INFO - Filling up the DagBag from /opt/airflow/dags/data/models/Spain/TS_model.pkl
[2024-08-17T03:28:12.957+0000] {processor.py:842} WARNING - No viable dags retrieved from /opt/airflow/dags/data/models/Spain/TS_model.pkl
[2024-08-17T03:28:12.965+0000] {processor.py:183} INFO - Processing /opt/airflow/dags/data/models/Spain/TS_model.pkl took 0.020 seconds
[2024-08-17T03:28:43.815+0000] {processor.py:161} INFO - Started process (PID=13065) to work on /opt/airflow/dags/data/models/Spain/TS_model.pkl
[2024-08-17T03:28:43.815+0000] {processor.py:830} INFO - Processing file /opt/airflow/dags/data/models/Spain/TS_model.pkl for tasks to queue
[2024-08-17T03:28:43.816+0000] {logging_mixin.py:188} INFO - [2024-08-17T03:28:43.816+0000] {dagbag.py:545} INFO - Filling up the DagBag from /opt/airflow/dags/data/models/Spain/TS_model.pkl
[2024-08-17T03:28:43.829+0000] {processor.py:842} WARNING - No viable dags retrieved from /opt/airflow/dags/data/models/Spain/TS_model.pkl
[2024-08-17T03:28:43.840+0000] {processor.py:183} INFO - Processing /opt/airflow/dags/data/models/Spain/TS_model.pkl took 0.029 seconds
[2024-08-17T03:29:14.528+0000] {processor.py:161} INFO - Started process (PID=13518) to work on /opt/airflow/dags/data/models/Spain/TS_model.pkl
[2024-08-17T03:29:14.529+0000] {processor.py:830} INFO - Processing file /opt/airflow/dags/data/models/Spain/TS_model.pkl for tasks to queue
[2024-08-17T03:29:14.529+0000] {logging_mixin.py:188} INFO - [2024-08-17T03:29:14.529+0000] {dagbag.py:545} INFO - Filling up the DagBag from /opt/airflow/dags/data/models/Spain/TS_model.pkl
[2024-08-17T03:29:14.537+0000] {processor.py:842} WARNING - No viable dags retrieved from /opt/airflow/dags/data/models/Spain/TS_model.pkl
[2024-08-17T03:29:14.547+0000] {processor.py:183} INFO - Processing /opt/airflow/dags/data/models/Spain/TS_model.pkl took 0.022 seconds
[2024-08-17T03:29:45.859+0000] {processor.py:161} INFO - Started process (PID=13972) to work on /opt/airflow/dags/data/models/Spain/TS_model.pkl
[2024-08-17T03:29:45.860+0000] {processor.py:830} INFO - Processing file /opt/airflow/dags/data/models/Spain/TS_model.pkl for tasks to queue
[2024-08-17T03:29:45.860+0000] {logging_mixin.py:188} INFO - [2024-08-17T03:29:45.860+0000] {dagbag.py:545} INFO - Filling up the DagBag from /opt/airflow/dags/data/models/Spain/TS_model.pkl
[2024-08-17T03:29:45.866+0000] {processor.py:842} WARNING - No viable dags retrieved from /opt/airflow/dags/data/models/Spain/TS_model.pkl
[2024-08-17T03:29:45.875+0000] {processor.py:183} INFO - Processing /opt/airflow/dags/data/models/Spain/TS_model.pkl took 0.020 seconds
[2024-08-17T03:30:16.740+0000] {processor.py:161} INFO - Started process (PID=14400) to work on /opt/airflow/dags/data/models/Spain/TS_model.pkl
[2024-08-17T03:30:16.741+0000] {processor.py:830} INFO - Processing file /opt/airflow/dags/data/models/Spain/TS_model.pkl for tasks to queue
[2024-08-17T03:30:16.742+0000] {logging_mixin.py:188} INFO - [2024-08-17T03:30:16.742+0000] {dagbag.py:545} INFO - Filling up the DagBag from /opt/airflow/dags/data/models/Spain/TS_model.pkl
[2024-08-17T03:30:16.752+0000] {processor.py:842} WARNING - No viable dags retrieved from /opt/airflow/dags/data/models/Spain/TS_model.pkl
[2024-08-17T03:30:16.762+0000] {processor.py:183} INFO - Processing /opt/airflow/dags/data/models/Spain/TS_model.pkl took 0.025 seconds
[2024-08-17T03:30:47.851+0000] {processor.py:161} INFO - Started process (PID=14833) to work on /opt/airflow/dags/data/models/Spain/TS_model.pkl
[2024-08-17T03:30:47.852+0000] {processor.py:830} INFO - Processing file /opt/airflow/dags/data/models/Spain/TS_model.pkl for tasks to queue
[2024-08-17T03:30:47.852+0000] {logging_mixin.py:188} INFO - [2024-08-17T03:30:47.852+0000] {dagbag.py:545} INFO - Filling up the DagBag from /opt/airflow/dags/data/models/Spain/TS_model.pkl
[2024-08-17T03:30:47.861+0000] {processor.py:842} WARNING - No viable dags retrieved from /opt/airflow/dags/data/models/Spain/TS_model.pkl
[2024-08-17T03:30:47.872+0000] {processor.py:183} INFO - Processing /opt/airflow/dags/data/models/Spain/TS_model.pkl took 0.026 seconds
[2024-08-17T03:31:18.871+0000] {processor.py:161} INFO - Started process (PID=15269) to work on /opt/airflow/dags/data/models/Spain/TS_model.pkl
[2024-08-17T03:31:18.872+0000] {processor.py:830} INFO - Processing file /opt/airflow/dags/data/models/Spain/TS_model.pkl for tasks to queue
[2024-08-17T03:31:18.872+0000] {logging_mixin.py:188} INFO - [2024-08-17T03:31:18.872+0000] {dagbag.py:545} INFO - Filling up the DagBag from /opt/airflow/dags/data/models/Spain/TS_model.pkl
[2024-08-17T03:31:18.882+0000] {processor.py:842} WARNING - No viable dags retrieved from /opt/airflow/dags/data/models/Spain/TS_model.pkl
[2024-08-17T03:31:18.891+0000] {processor.py:183} INFO - Processing /opt/airflow/dags/data/models/Spain/TS_model.pkl took 0.023 seconds
[2024-08-17T03:31:50.297+0000] {processor.py:161} INFO - Started process (PID=15697) to work on /opt/airflow/dags/data/models/Spain/TS_model.pkl
[2024-08-17T03:31:50.297+0000] {processor.py:830} INFO - Processing file /opt/airflow/dags/data/models/Spain/TS_model.pkl for tasks to queue
[2024-08-17T03:31:50.298+0000] {logging_mixin.py:188} INFO - [2024-08-17T03:31:50.298+0000] {dagbag.py:545} INFO - Filling up the DagBag from /opt/airflow/dags/data/models/Spain/TS_model.pkl
[2024-08-17T03:31:50.306+0000] {processor.py:842} WARNING - No viable dags retrieved from /opt/airflow/dags/data/models/Spain/TS_model.pkl
[2024-08-17T03:31:50.316+0000] {processor.py:183} INFO - Processing /opt/airflow/dags/data/models/Spain/TS_model.pkl took 0.024 seconds
[2024-08-17T03:32:20.866+0000] {processor.py:161} INFO - Started process (PID=16148) to work on /opt/airflow/dags/data/models/Spain/TS_model.pkl
[2024-08-17T03:32:20.867+0000] {processor.py:830} INFO - Processing file /opt/airflow/dags/data/models/Spain/TS_model.pkl for tasks to queue
[2024-08-17T03:32:20.867+0000] {logging_mixin.py:188} INFO - [2024-08-17T03:32:20.867+0000] {dagbag.py:545} INFO - Filling up the DagBag from /opt/airflow/dags/data/models/Spain/TS_model.pkl
[2024-08-17T03:32:20.875+0000] {processor.py:842} WARNING - No viable dags retrieved from /opt/airflow/dags/data/models/Spain/TS_model.pkl
[2024-08-17T03:32:20.884+0000] {processor.py:183} INFO - Processing /opt/airflow/dags/data/models/Spain/TS_model.pkl took 0.022 seconds
[2024-08-17T03:32:51.954+0000] {processor.py:161} INFO - Started process (PID=16576) to work on /opt/airflow/dags/data/models/Spain/TS_model.pkl
[2024-08-17T03:32:51.955+0000] {processor.py:830} INFO - Processing file /opt/airflow/dags/data/models/Spain/TS_model.pkl for tasks to queue
[2024-08-17T03:32:51.957+0000] {logging_mixin.py:188} INFO - [2024-08-17T03:32:51.956+0000] {dagbag.py:545} INFO - Filling up the DagBag from /opt/airflow/dags/data/models/Spain/TS_model.pkl
[2024-08-17T03:32:51.967+0000] {processor.py:842} WARNING - No viable dags retrieved from /opt/airflow/dags/data/models/Spain/TS_model.pkl
[2024-08-17T03:32:51.976+0000] {processor.py:183} INFO - Processing /opt/airflow/dags/data/models/Spain/TS_model.pkl took 0.026 seconds
[2024-08-17T03:33:22.854+0000] {processor.py:161} INFO - Started process (PID=17030) to work on /opt/airflow/dags/data/models/Spain/TS_model.pkl
[2024-08-17T03:33:22.854+0000] {processor.py:830} INFO - Processing file /opt/airflow/dags/data/models/Spain/TS_model.pkl for tasks to queue
[2024-08-17T03:33:22.856+0000] {logging_mixin.py:188} INFO - [2024-08-17T03:33:22.855+0000] {dagbag.py:545} INFO - Filling up the DagBag from /opt/airflow/dags/data/models/Spain/TS_model.pkl
[2024-08-17T03:33:22.865+0000] {processor.py:842} WARNING - No viable dags retrieved from /opt/airflow/dags/data/models/Spain/TS_model.pkl
[2024-08-17T03:33:22.875+0000] {processor.py:183} INFO - Processing /opt/airflow/dags/data/models/Spain/TS_model.pkl took 0.024 seconds
[2024-08-17T03:33:58.143+0000] {processor.py:161} INFO - Started process (PID=17471) to work on /opt/airflow/dags/data/models/Spain/TS_model.pkl
[2024-08-17T03:33:58.144+0000] {processor.py:830} INFO - Processing file /opt/airflow/dags/data/models/Spain/TS_model.pkl for tasks to queue
[2024-08-17T03:33:58.144+0000] {logging_mixin.py:188} INFO - [2024-08-17T03:33:58.144+0000] {dagbag.py:545} INFO - Filling up the DagBag from /opt/airflow/dags/data/models/Spain/TS_model.pkl
[2024-08-17T03:33:58.153+0000] {processor.py:842} WARNING - No viable dags retrieved from /opt/airflow/dags/data/models/Spain/TS_model.pkl
[2024-08-17T03:33:58.162+0000] {processor.py:183} INFO - Processing /opt/airflow/dags/data/models/Spain/TS_model.pkl took 0.023 seconds
[2024-08-17T03:34:29.217+0000] {processor.py:161} INFO - Started process (PID=17925) to work on /opt/airflow/dags/data/models/Spain/TS_model.pkl
[2024-08-17T03:34:29.220+0000] {processor.py:830} INFO - Processing file /opt/airflow/dags/data/models/Spain/TS_model.pkl for tasks to queue
[2024-08-17T03:34:29.220+0000] {logging_mixin.py:188} INFO - [2024-08-17T03:34:29.220+0000] {dagbag.py:545} INFO - Filling up the DagBag from /opt/airflow/dags/data/models/Spain/TS_model.pkl
[2024-08-17T03:34:29.228+0000] {processor.py:842} WARNING - No viable dags retrieved from /opt/airflow/dags/data/models/Spain/TS_model.pkl
[2024-08-17T03:34:29.237+0000] {processor.py:183} INFO - Processing /opt/airflow/dags/data/models/Spain/TS_model.pkl took 0.024 seconds
[2024-08-17T03:34:59.928+0000] {processor.py:161} INFO - Started process (PID=18353) to work on /opt/airflow/dags/data/models/Spain/TS_model.pkl
[2024-08-17T03:34:59.929+0000] {processor.py:830} INFO - Processing file /opt/airflow/dags/data/models/Spain/TS_model.pkl for tasks to queue
[2024-08-17T03:34:59.931+0000] {logging_mixin.py:188} INFO - [2024-08-17T03:34:59.930+0000] {dagbag.py:545} INFO - Filling up the DagBag from /opt/airflow/dags/data/models/Spain/TS_model.pkl
[2024-08-17T03:34:59.944+0000] {processor.py:842} WARNING - No viable dags retrieved from /opt/airflow/dags/data/models/Spain/TS_model.pkl
[2024-08-17T03:34:59.953+0000] {processor.py:183} INFO - Processing /opt/airflow/dags/data/models/Spain/TS_model.pkl took 0.029 seconds
[2024-08-17T03:35:30.534+0000] {processor.py:161} INFO - Started process (PID=18807) to work on /opt/airflow/dags/data/models/Spain/TS_model.pkl
[2024-08-17T03:35:30.535+0000] {processor.py:830} INFO - Processing file /opt/airflow/dags/data/models/Spain/TS_model.pkl for tasks to queue
[2024-08-17T03:35:30.536+0000] {logging_mixin.py:188} INFO - [2024-08-17T03:35:30.535+0000] {dagbag.py:545} INFO - Filling up the DagBag from /opt/airflow/dags/data/models/Spain/TS_model.pkl
[2024-08-17T03:35:30.543+0000] {processor.py:842} WARNING - No viable dags retrieved from /opt/airflow/dags/data/models/Spain/TS_model.pkl
[2024-08-17T03:35:30.553+0000] {processor.py:183} INFO - Processing /opt/airflow/dags/data/models/Spain/TS_model.pkl took 0.022 seconds
[2024-08-17T03:36:01.241+0000] {processor.py:161} INFO - Started process (PID=19242) to work on /opt/airflow/dags/data/models/Spain/TS_model.pkl
[2024-08-17T03:36:01.241+0000] {processor.py:830} INFO - Processing file /opt/airflow/dags/data/models/Spain/TS_model.pkl for tasks to queue
[2024-08-17T03:36:01.242+0000] {logging_mixin.py:188} INFO - [2024-08-17T03:36:01.242+0000] {dagbag.py:545} INFO - Filling up the DagBag from /opt/airflow/dags/data/models/Spain/TS_model.pkl
[2024-08-17T03:36:01.250+0000] {processor.py:842} WARNING - No viable dags retrieved from /opt/airflow/dags/data/models/Spain/TS_model.pkl
[2024-08-17T03:36:01.259+0000] {processor.py:183} INFO - Processing /opt/airflow/dags/data/models/Spain/TS_model.pkl took 0.023 seconds
[2024-08-17T03:36:32.087+0000] {processor.py:161} INFO - Started process (PID=19689) to work on /opt/airflow/dags/data/models/Spain/TS_model.pkl
[2024-08-17T03:36:32.087+0000] {processor.py:830} INFO - Processing file /opt/airflow/dags/data/models/Spain/TS_model.pkl for tasks to queue
[2024-08-17T03:36:32.088+0000] {logging_mixin.py:188} INFO - [2024-08-17T03:36:32.088+0000] {dagbag.py:545} INFO - Filling up the DagBag from /opt/airflow/dags/data/models/Spain/TS_model.pkl
[2024-08-17T03:36:32.098+0000] {processor.py:842} WARNING - No viable dags retrieved from /opt/airflow/dags/data/models/Spain/TS_model.pkl
[2024-08-17T03:36:32.109+0000] {processor.py:183} INFO - Processing /opt/airflow/dags/data/models/Spain/TS_model.pkl took 0.027 seconds
[2024-08-17T03:37:02.753+0000] {processor.py:161} INFO - Started process (PID=20143) to work on /opt/airflow/dags/data/models/Spain/TS_model.pkl
[2024-08-17T03:37:02.754+0000] {processor.py:830} INFO - Processing file /opt/airflow/dags/data/models/Spain/TS_model.pkl for tasks to queue
[2024-08-17T03:37:02.755+0000] {logging_mixin.py:188} INFO - [2024-08-17T03:37:02.755+0000] {dagbag.py:545} INFO - Filling up the DagBag from /opt/airflow/dags/data/models/Spain/TS_model.pkl
[2024-08-17T03:37:02.764+0000] {processor.py:842} WARNING - No viable dags retrieved from /opt/airflow/dags/data/models/Spain/TS_model.pkl
[2024-08-17T03:37:02.773+0000] {processor.py:183} INFO - Processing /opt/airflow/dags/data/models/Spain/TS_model.pkl took 0.024 seconds
[2024-08-17T03:37:33.530+0000] {processor.py:161} INFO - Started process (PID=20571) to work on /opt/airflow/dags/data/models/Spain/TS_model.pkl
[2024-08-17T03:37:33.531+0000] {processor.py:830} INFO - Processing file /opt/airflow/dags/data/models/Spain/TS_model.pkl for tasks to queue
[2024-08-17T03:37:33.531+0000] {logging_mixin.py:188} INFO - [2024-08-17T03:37:33.531+0000] {dagbag.py:545} INFO - Filling up the DagBag from /opt/airflow/dags/data/models/Spain/TS_model.pkl
[2024-08-17T03:37:33.539+0000] {processor.py:842} WARNING - No viable dags retrieved from /opt/airflow/dags/data/models/Spain/TS_model.pkl
[2024-08-17T03:37:33.548+0000] {processor.py:183} INFO - Processing /opt/airflow/dags/data/models/Spain/TS_model.pkl took 0.022 seconds
[2024-08-17T09:22:47.977+0000] {processor.py:161} INFO - Started process (PID=174) to work on /opt/airflow/dags/data/models/Spain/TS_model.pkl
[2024-08-17T09:22:47.986+0000] {processor.py:830} INFO - Processing file /opt/airflow/dags/data/models/Spain/TS_model.pkl for tasks to queue
[2024-08-17T09:22:47.996+0000] {logging_mixin.py:188} INFO - [2024-08-17T09:22:47.996+0000] {dagbag.py:545} INFO - Filling up the DagBag from /opt/airflow/dags/data/models/Spain/TS_model.pkl
[2024-08-17T09:22:48.007+0000] {processor.py:842} WARNING - No viable dags retrieved from /opt/airflow/dags/data/models/Spain/TS_model.pkl
[2024-08-17T09:22:48.017+0000] {processor.py:183} INFO - Processing /opt/airflow/dags/data/models/Spain/TS_model.pkl took 0.043 seconds
[2024-08-17T09:23:20.565+0000] {processor.py:161} INFO - Started process (PID=630) to work on /opt/airflow/dags/data/models/Spain/TS_model.pkl
[2024-08-17T09:23:20.566+0000] {processor.py:830} INFO - Processing file /opt/airflow/dags/data/models/Spain/TS_model.pkl for tasks to queue
[2024-08-17T09:23:20.567+0000] {logging_mixin.py:188} INFO - [2024-08-17T09:23:20.566+0000] {dagbag.py:545} INFO - Filling up the DagBag from /opt/airflow/dags/data/models/Spain/TS_model.pkl
[2024-08-17T09:23:20.574+0000] {processor.py:842} WARNING - No viable dags retrieved from /opt/airflow/dags/data/models/Spain/TS_model.pkl
[2024-08-17T09:23:20.584+0000] {processor.py:183} INFO - Processing /opt/airflow/dags/data/models/Spain/TS_model.pkl took 0.022 seconds
[2024-08-17T09:23:51.906+0000] {processor.py:161} INFO - Started process (PID=1084) to work on /opt/airflow/dags/data/models/Spain/TS_model.pkl
[2024-08-17T09:23:51.906+0000] {processor.py:830} INFO - Processing file /opt/airflow/dags/data/models/Spain/TS_model.pkl for tasks to queue
[2024-08-17T09:23:51.907+0000] {logging_mixin.py:188} INFO - [2024-08-17T09:23:51.907+0000] {dagbag.py:545} INFO - Filling up the DagBag from /opt/airflow/dags/data/models/Spain/TS_model.pkl
[2024-08-17T09:23:51.916+0000] {processor.py:842} WARNING - No viable dags retrieved from /opt/airflow/dags/data/models/Spain/TS_model.pkl
[2024-08-17T09:23:51.924+0000] {processor.py:183} INFO - Processing /opt/airflow/dags/data/models/Spain/TS_model.pkl took 0.022 seconds
[2024-08-17T09:24:24.730+0000] {processor.py:161} INFO - Started process (PID=1538) to work on /opt/airflow/dags/data/models/Spain/TS_model.pkl
[2024-08-17T09:24:24.731+0000] {processor.py:830} INFO - Processing file /opt/airflow/dags/data/models/Spain/TS_model.pkl for tasks to queue
[2024-08-17T09:24:24.733+0000] {logging_mixin.py:188} INFO - [2024-08-17T09:24:24.733+0000] {dagbag.py:545} INFO - Filling up the DagBag from /opt/airflow/dags/data/models/Spain/TS_model.pkl
[2024-08-17T09:24:24.747+0000] {processor.py:842} WARNING - No viable dags retrieved from /opt/airflow/dags/data/models/Spain/TS_model.pkl
[2024-08-17T09:24:24.756+0000] {processor.py:183} INFO - Processing /opt/airflow/dags/data/models/Spain/TS_model.pkl took 0.030 seconds
[2024-08-17T09:24:55.580+0000] {processor.py:161} INFO - Started process (PID=1966) to work on /opt/airflow/dags/data/models/Spain/TS_model.pkl
[2024-08-17T09:24:55.580+0000] {processor.py:830} INFO - Processing file /opt/airflow/dags/data/models/Spain/TS_model.pkl for tasks to queue
[2024-08-17T09:24:55.585+0000] {logging_mixin.py:188} INFO - [2024-08-17T09:24:55.584+0000] {dagbag.py:545} INFO - Filling up the DagBag from /opt/airflow/dags/data/models/Spain/TS_model.pkl
[2024-08-17T09:24:55.593+0000] {processor.py:842} WARNING - No viable dags retrieved from /opt/airflow/dags/data/models/Spain/TS_model.pkl
[2024-08-17T09:24:55.602+0000] {processor.py:183} INFO - Processing /opt/airflow/dags/data/models/Spain/TS_model.pkl took 0.026 seconds
[2024-08-17T09:25:26.327+0000] {processor.py:161} INFO - Started process (PID=2420) to work on /opt/airflow/dags/data/models/Spain/TS_model.pkl
[2024-08-17T09:25:26.327+0000] {processor.py:830} INFO - Processing file /opt/airflow/dags/data/models/Spain/TS_model.pkl for tasks to queue
[2024-08-17T09:25:26.328+0000] {logging_mixin.py:188} INFO - [2024-08-17T09:25:26.328+0000] {dagbag.py:545} INFO - Filling up the DagBag from /opt/airflow/dags/data/models/Spain/TS_model.pkl
[2024-08-17T09:25:26.336+0000] {processor.py:842} WARNING - No viable dags retrieved from /opt/airflow/dags/data/models/Spain/TS_model.pkl
[2024-08-17T09:25:26.345+0000] {processor.py:183} INFO - Processing /opt/airflow/dags/data/models/Spain/TS_model.pkl took 0.022 seconds
[2024-08-17T09:25:57.026+0000] {processor.py:161} INFO - Started process (PID=2855) to work on /opt/airflow/dags/data/models/Spain/TS_model.pkl
[2024-08-17T09:25:57.027+0000] {processor.py:830} INFO - Processing file /opt/airflow/dags/data/models/Spain/TS_model.pkl for tasks to queue
[2024-08-17T09:25:57.029+0000] {logging_mixin.py:188} INFO - [2024-08-17T09:25:57.028+0000] {dagbag.py:545} INFO - Filling up the DagBag from /opt/airflow/dags/data/models/Spain/TS_model.pkl
[2024-08-17T09:25:57.038+0000] {processor.py:842} WARNING - No viable dags retrieved from /opt/airflow/dags/data/models/Spain/TS_model.pkl
[2024-08-17T09:25:57.047+0000] {processor.py:183} INFO - Processing /opt/airflow/dags/data/models/Spain/TS_model.pkl took 0.025 seconds
[2024-08-17T09:26:27.526+0000] {processor.py:161} INFO - Started process (PID=3302) to work on /opt/airflow/dags/data/models/Spain/TS_model.pkl
[2024-08-17T09:26:27.527+0000] {processor.py:830} INFO - Processing file /opt/airflow/dags/data/models/Spain/TS_model.pkl for tasks to queue
[2024-08-17T09:26:27.530+0000] {logging_mixin.py:188} INFO - [2024-08-17T09:26:27.530+0000] {dagbag.py:545} INFO - Filling up the DagBag from /opt/airflow/dags/data/models/Spain/TS_model.pkl
[2024-08-17T09:26:27.538+0000] {processor.py:842} WARNING - No viable dags retrieved from /opt/airflow/dags/data/models/Spain/TS_model.pkl
[2024-08-17T09:26:27.547+0000] {processor.py:183} INFO - Processing /opt/airflow/dags/data/models/Spain/TS_model.pkl took 0.025 seconds
[2024-08-17T09:26:58.067+0000] {processor.py:161} INFO - Started process (PID=3756) to work on /opt/airflow/dags/data/models/Spain/TS_model.pkl
[2024-08-17T09:26:58.068+0000] {processor.py:830} INFO - Processing file /opt/airflow/dags/data/models/Spain/TS_model.pkl for tasks to queue
[2024-08-17T09:26:58.069+0000] {logging_mixin.py:188} INFO - [2024-08-17T09:26:58.068+0000] {dagbag.py:545} INFO - Filling up the DagBag from /opt/airflow/dags/data/models/Spain/TS_model.pkl
[2024-08-17T09:26:58.079+0000] {processor.py:842} WARNING - No viable dags retrieved from /opt/airflow/dags/data/models/Spain/TS_model.pkl
[2024-08-17T09:26:58.088+0000] {processor.py:183} INFO - Processing /opt/airflow/dags/data/models/Spain/TS_model.pkl took 0.025 seconds
[2024-08-17T09:27:28.922+0000] {processor.py:161} INFO - Started process (PID=4184) to work on /opt/airflow/dags/data/models/Spain/TS_model.pkl
[2024-08-17T09:27:28.923+0000] {processor.py:830} INFO - Processing file /opt/airflow/dags/data/models/Spain/TS_model.pkl for tasks to queue
[2024-08-17T09:27:28.924+0000] {logging_mixin.py:188} INFO - [2024-08-17T09:27:28.924+0000] {dagbag.py:545} INFO - Filling up the DagBag from /opt/airflow/dags/data/models/Spain/TS_model.pkl
[2024-08-17T09:27:28.933+0000] {processor.py:842} WARNING - No viable dags retrieved from /opt/airflow/dags/data/models/Spain/TS_model.pkl
[2024-08-17T09:27:28.943+0000] {processor.py:183} INFO - Processing /opt/airflow/dags/data/models/Spain/TS_model.pkl took 0.025 seconds
[2024-08-17T09:27:59.883+0000] {processor.py:161} INFO - Started process (PID=4639) to work on /opt/airflow/dags/data/models/Spain/TS_model.pkl
[2024-08-17T09:27:59.884+0000] {processor.py:830} INFO - Processing file /opt/airflow/dags/data/models/Spain/TS_model.pkl for tasks to queue
[2024-08-17T09:27:59.886+0000] {logging_mixin.py:188} INFO - [2024-08-17T09:27:59.886+0000] {dagbag.py:545} INFO - Filling up the DagBag from /opt/airflow/dags/data/models/Spain/TS_model.pkl
[2024-08-17T09:27:59.900+0000] {processor.py:842} WARNING - No viable dags retrieved from /opt/airflow/dags/data/models/Spain/TS_model.pkl
[2024-08-17T09:27:59.912+0000] {processor.py:183} INFO - Processing /opt/airflow/dags/data/models/Spain/TS_model.pkl took 0.033 seconds
[2024-08-17T09:28:30.997+0000] {processor.py:161} INFO - Started process (PID=5093) to work on /opt/airflow/dags/data/models/Spain/TS_model.pkl
[2024-08-17T09:28:30.997+0000] {processor.py:830} INFO - Processing file /opt/airflow/dags/data/models/Spain/TS_model.pkl for tasks to queue
[2024-08-17T09:28:30.999+0000] {logging_mixin.py:188} INFO - [2024-08-17T09:28:30.998+0000] {dagbag.py:545} INFO - Filling up the DagBag from /opt/airflow/dags/data/models/Spain/TS_model.pkl
[2024-08-17T09:28:31.007+0000] {processor.py:842} WARNING - No viable dags retrieved from /opt/airflow/dags/data/models/Spain/TS_model.pkl
[2024-08-17T09:28:31.015+0000] {processor.py:183} INFO - Processing /opt/airflow/dags/data/models/Spain/TS_model.pkl took 0.022 seconds
[2024-08-17T09:29:02.316+0000] {processor.py:161} INFO - Started process (PID=5500) to work on /opt/airflow/dags/data/models/Spain/TS_model.pkl
[2024-08-17T09:29:02.317+0000] {processor.py:830} INFO - Processing file /opt/airflow/dags/data/models/Spain/TS_model.pkl for tasks to queue
[2024-08-17T09:29:02.319+0000] {logging_mixin.py:188} INFO - [2024-08-17T09:29:02.318+0000] {dagbag.py:545} INFO - Filling up the DagBag from /opt/airflow/dags/data/models/Spain/TS_model.pkl
[2024-08-17T09:29:02.326+0000] {processor.py:842} WARNING - No viable dags retrieved from /opt/airflow/dags/data/models/Spain/TS_model.pkl
[2024-08-17T09:29:02.336+0000] {processor.py:183} INFO - Processing /opt/airflow/dags/data/models/Spain/TS_model.pkl took 0.023 seconds
[2024-08-17T09:29:33.454+0000] {processor.py:161} INFO - Started process (PID=5954) to work on /opt/airflow/dags/data/models/Spain/TS_model.pkl
[2024-08-17T09:29:33.454+0000] {processor.py:830} INFO - Processing file /opt/airflow/dags/data/models/Spain/TS_model.pkl for tasks to queue
[2024-08-17T09:29:33.455+0000] {logging_mixin.py:188} INFO - [2024-08-17T09:29:33.455+0000] {dagbag.py:545} INFO - Filling up the DagBag from /opt/airflow/dags/data/models/Spain/TS_model.pkl
[2024-08-17T09:29:33.467+0000] {processor.py:842} WARNING - No viable dags retrieved from /opt/airflow/dags/data/models/Spain/TS_model.pkl
[2024-08-17T09:29:33.476+0000] {processor.py:183} INFO - Processing /opt/airflow/dags/data/models/Spain/TS_model.pkl took 0.025 seconds
[2024-08-17T09:30:04.079+0000] {processor.py:161} INFO - Started process (PID=6408) to work on /opt/airflow/dags/data/models/Spain/TS_model.pkl
[2024-08-17T09:30:04.080+0000] {processor.py:830} INFO - Processing file /opt/airflow/dags/data/models/Spain/TS_model.pkl for tasks to queue
[2024-08-17T09:30:04.081+0000] {logging_mixin.py:188} INFO - [2024-08-17T09:30:04.080+0000] {dagbag.py:545} INFO - Filling up the DagBag from /opt/airflow/dags/data/models/Spain/TS_model.pkl
[2024-08-17T09:30:04.091+0000] {processor.py:842} WARNING - No viable dags retrieved from /opt/airflow/dags/data/models/Spain/TS_model.pkl
[2024-08-17T09:30:04.100+0000] {processor.py:183} INFO - Processing /opt/airflow/dags/data/models/Spain/TS_model.pkl took 0.025 seconds
