[2024-08-17T10:17:55.112+0000] {processor.py:161} INFO - Started process (PID=42741) to work on /opt/airflow/dags/data/models/United Kingdom/cases_TS_model.pkl
[2024-08-17T10:17:55.112+0000] {processor.py:830} INFO - Processing file /opt/airflow/dags/data/models/United Kingdom/cases_TS_model.pkl for tasks to queue
[2024-08-17T10:17:55.113+0000] {logging_mixin.py:188} INFO - [2024-08-17T10:17:55.113+0000] {dagbag.py:545} INFO - Filling up the DagBag from /opt/airflow/dags/data/models/United Kingdom/cases_TS_model.pkl
[2024-08-17T10:17:55.124+0000] {processor.py:842} WARNING - No viable dags retrieved from /opt/airflow/dags/data/models/United Kingdom/cases_TS_model.pkl
[2024-08-17T10:17:55.133+0000] {processor.py:183} INFO - Processing /opt/airflow/dags/data/models/United Kingdom/cases_TS_model.pkl took 0.025 seconds
[2024-08-17T10:18:26.604+0000] {processor.py:161} INFO - Started process (PID=43453) to work on /opt/airflow/dags/data/models/United Kingdom/cases_TS_model.pkl
[2024-08-17T10:18:26.605+0000] {processor.py:830} INFO - Processing file /opt/airflow/dags/data/models/United Kingdom/cases_TS_model.pkl for tasks to queue
[2024-08-17T10:18:26.605+0000] {logging_mixin.py:188} INFO - [2024-08-17T10:18:26.605+0000] {dagbag.py:545} INFO - Filling up the DagBag from /opt/airflow/dags/data/models/United Kingdom/cases_TS_model.pkl
[2024-08-17T10:18:26.614+0000] {processor.py:842} WARNING - No viable dags retrieved from /opt/airflow/dags/data/models/United Kingdom/cases_TS_model.pkl
[2024-08-17T10:18:26.623+0000] {processor.py:183} INFO - Processing /opt/airflow/dags/data/models/United Kingdom/cases_TS_model.pkl took 0.023 seconds
[2024-08-17T10:18:58.618+0000] {processor.py:161} INFO - Started process (PID=44196) to work on /opt/airflow/dags/data/models/United Kingdom/cases_TS_model.pkl
[2024-08-17T10:18:58.618+0000] {processor.py:830} INFO - Processing file /opt/airflow/dags/data/models/United Kingdom/cases_TS_model.pkl for tasks to queue
[2024-08-17T10:18:58.619+0000] {logging_mixin.py:188} INFO - [2024-08-17T10:18:58.619+0000] {dagbag.py:545} INFO - Filling up the DagBag from /opt/airflow/dags/data/models/United Kingdom/cases_TS_model.pkl
[2024-08-17T10:18:58.627+0000] {processor.py:842} WARNING - No viable dags retrieved from /opt/airflow/dags/data/models/United Kingdom/cases_TS_model.pkl
[2024-08-17T10:18:58.635+0000] {processor.py:183} INFO - Processing /opt/airflow/dags/data/models/United Kingdom/cases_TS_model.pkl took 0.021 seconds
[2024-08-17T10:19:30.650+0000] {processor.py:161} INFO - Started process (PID=44939) to work on /opt/airflow/dags/data/models/United Kingdom/cases_TS_model.pkl
[2024-08-17T10:19:30.651+0000] {processor.py:830} INFO - Processing file /opt/airflow/dags/data/models/United Kingdom/cases_TS_model.pkl for tasks to queue
[2024-08-17T10:19:30.652+0000] {logging_mixin.py:188} INFO - [2024-08-17T10:19:30.652+0000] {dagbag.py:545} INFO - Filling up the DagBag from /opt/airflow/dags/data/models/United Kingdom/cases_TS_model.pkl
[2024-08-17T10:19:30.661+0000] {processor.py:842} WARNING - No viable dags retrieved from /opt/airflow/dags/data/models/United Kingdom/cases_TS_model.pkl
[2024-08-17T10:19:30.669+0000] {processor.py:183} INFO - Processing /opt/airflow/dags/data/models/United Kingdom/cases_TS_model.pkl took 0.023 seconds
[2024-08-17T10:20:02.218+0000] {processor.py:161} INFO - Started process (PID=45637) to work on /opt/airflow/dags/data/models/United Kingdom/cases_TS_model.pkl
[2024-08-17T10:20:02.219+0000] {processor.py:830} INFO - Processing file /opt/airflow/dags/data/models/United Kingdom/cases_TS_model.pkl for tasks to queue
[2024-08-17T10:20:02.219+0000] {logging_mixin.py:188} INFO - [2024-08-17T10:20:02.219+0000] {dagbag.py:545} INFO - Filling up the DagBag from /opt/airflow/dags/data/models/United Kingdom/cases_TS_model.pkl
[2024-08-17T10:20:02.232+0000] {processor.py:842} WARNING - No viable dags retrieved from /opt/airflow/dags/data/models/United Kingdom/cases_TS_model.pkl
[2024-08-17T10:20:02.241+0000] {processor.py:183} INFO - Processing /opt/airflow/dags/data/models/United Kingdom/cases_TS_model.pkl took 0.026 seconds
[2024-08-17T10:20:36.574+0000] {processor.py:161} INFO - Started process (PID=46399) to work on /opt/airflow/dags/data/models/United Kingdom/cases_TS_model.pkl
[2024-08-17T10:20:36.575+0000] {processor.py:830} INFO - Processing file /opt/airflow/dags/data/models/United Kingdom/cases_TS_model.pkl for tasks to queue
[2024-08-17T10:20:36.575+0000] {logging_mixin.py:188} INFO - [2024-08-17T10:20:36.575+0000] {dagbag.py:545} INFO - Filling up the DagBag from /opt/airflow/dags/data/models/United Kingdom/cases_TS_model.pkl
[2024-08-17T10:20:36.584+0000] {processor.py:842} WARNING - No viable dags retrieved from /opt/airflow/dags/data/models/United Kingdom/cases_TS_model.pkl
[2024-08-17T10:20:36.592+0000] {processor.py:183} INFO - Processing /opt/airflow/dags/data/models/United Kingdom/cases_TS_model.pkl took 0.022 seconds
[2024-08-17T10:21:08.737+0000] {processor.py:161} INFO - Started process (PID=47134) to work on /opt/airflow/dags/data/models/United Kingdom/cases_TS_model.pkl
[2024-08-17T10:21:08.739+0000] {processor.py:830} INFO - Processing file /opt/airflow/dags/data/models/United Kingdom/cases_TS_model.pkl for tasks to queue
[2024-08-17T10:21:08.740+0000] {logging_mixin.py:188} INFO - [2024-08-17T10:21:08.740+0000] {dagbag.py:545} INFO - Filling up the DagBag from /opt/airflow/dags/data/models/United Kingdom/cases_TS_model.pkl
[2024-08-17T10:21:08.750+0000] {processor.py:842} WARNING - No viable dags retrieved from /opt/airflow/dags/data/models/United Kingdom/cases_TS_model.pkl
[2024-08-17T10:21:08.758+0000] {processor.py:183} INFO - Processing /opt/airflow/dags/data/models/United Kingdom/cases_TS_model.pkl took 0.024 seconds
[2024-08-17T12:18:16.611+0000] {processor.py:161} INFO - Started process (PID=27251) to work on /opt/airflow/dags/data/models/United Kingdom/cases_TS_model.pkl
[2024-08-17T12:18:16.612+0000] {processor.py:830} INFO - Processing file /opt/airflow/dags/data/models/United Kingdom/cases_TS_model.pkl for tasks to queue
[2024-08-17T12:18:16.613+0000] {logging_mixin.py:188} INFO - [2024-08-17T12:18:16.613+0000] {dagbag.py:545} INFO - Filling up the DagBag from /opt/airflow/dags/data/models/United Kingdom/cases_TS_model.pkl
[2024-08-17T12:18:16.642+0000] {processor.py:842} WARNING - No viable dags retrieved from /opt/airflow/dags/data/models/United Kingdom/cases_TS_model.pkl
[2024-08-17T12:18:16.669+0000] {processor.py:183} INFO - Processing /opt/airflow/dags/data/models/United Kingdom/cases_TS_model.pkl took 0.066 seconds
[2024-08-17T12:19:13.642+0000] {processor.py:161} INFO - Started process (PID=28022) to work on /opt/airflow/dags/data/models/United Kingdom/cases_TS_model.pkl
[2024-08-17T12:19:13.643+0000] {processor.py:830} INFO - Processing file /opt/airflow/dags/data/models/United Kingdom/cases_TS_model.pkl for tasks to queue
[2024-08-17T12:19:13.644+0000] {logging_mixin.py:188} INFO - [2024-08-17T12:19:13.644+0000] {dagbag.py:545} INFO - Filling up the DagBag from /opt/airflow/dags/data/models/United Kingdom/cases_TS_model.pkl
[2024-08-17T12:19:13.665+0000] {processor.py:842} WARNING - No viable dags retrieved from /opt/airflow/dags/data/models/United Kingdom/cases_TS_model.pkl
[2024-08-17T12:19:13.682+0000] {processor.py:183} INFO - Processing /opt/airflow/dags/data/models/United Kingdom/cases_TS_model.pkl took 0.049 seconds
[2024-08-17T12:19:56.922+0000] {processor.py:161} INFO - Started process (PID=28633) to work on /opt/airflow/dags/data/models/United Kingdom/cases_TS_model.pkl
[2024-08-17T12:19:56.924+0000] {processor.py:830} INFO - Processing file /opt/airflow/dags/data/models/United Kingdom/cases_TS_model.pkl for tasks to queue
[2024-08-17T12:19:56.925+0000] {logging_mixin.py:188} INFO - [2024-08-17T12:19:56.925+0000] {dagbag.py:545} INFO - Filling up the DagBag from /opt/airflow/dags/data/models/United Kingdom/cases_TS_model.pkl
[2024-08-17T12:19:56.946+0000] {processor.py:842} WARNING - No viable dags retrieved from /opt/airflow/dags/data/models/United Kingdom/cases_TS_model.pkl
[2024-08-17T12:19:56.972+0000] {processor.py:183} INFO - Processing /opt/airflow/dags/data/models/United Kingdom/cases_TS_model.pkl took 0.058 seconds
[2024-08-17T12:20:52.975+0000] {processor.py:161} INFO - Started process (PID=29304) to work on /opt/airflow/dags/data/models/United Kingdom/cases_TS_model.pkl
[2024-08-17T12:20:52.977+0000] {processor.py:830} INFO - Processing file /opt/airflow/dags/data/models/United Kingdom/cases_TS_model.pkl for tasks to queue
[2024-08-17T12:20:52.979+0000] {logging_mixin.py:188} INFO - [2024-08-17T12:20:52.978+0000] {dagbag.py:545} INFO - Filling up the DagBag from /opt/airflow/dags/data/models/United Kingdom/cases_TS_model.pkl
[2024-08-17T12:20:53.006+0000] {processor.py:842} WARNING - No viable dags retrieved from /opt/airflow/dags/data/models/United Kingdom/cases_TS_model.pkl
[2024-08-17T12:20:53.028+0000] {processor.py:183} INFO - Processing /opt/airflow/dags/data/models/United Kingdom/cases_TS_model.pkl took 0.062 seconds
[2024-08-17T12:21:34.841+0000] {processor.py:161} INFO - Started process (PID=29957) to work on /opt/airflow/dags/data/models/United Kingdom/cases_TS_model.pkl
[2024-08-17T12:21:34.845+0000] {processor.py:830} INFO - Processing file /opt/airflow/dags/data/models/United Kingdom/cases_TS_model.pkl for tasks to queue
[2024-08-17T12:21:34.847+0000] {logging_mixin.py:188} INFO - [2024-08-17T12:21:34.847+0000] {dagbag.py:545} INFO - Filling up the DagBag from /opt/airflow/dags/data/models/United Kingdom/cases_TS_model.pkl
[2024-08-17T12:21:34.873+0000] {processor.py:842} WARNING - No viable dags retrieved from /opt/airflow/dags/data/models/United Kingdom/cases_TS_model.pkl
[2024-08-17T12:21:34.894+0000] {processor.py:183} INFO - Processing /opt/airflow/dags/data/models/United Kingdom/cases_TS_model.pkl took 0.060 seconds
[2024-08-17T12:22:12.354+0000] {processor.py:161} INFO - Started process (PID=30534) to work on /opt/airflow/dags/data/models/United Kingdom/cases_TS_model.pkl
[2024-08-17T12:22:12.355+0000] {processor.py:830} INFO - Processing file /opt/airflow/dags/data/models/United Kingdom/cases_TS_model.pkl for tasks to queue
[2024-08-17T12:22:12.357+0000] {logging_mixin.py:188} INFO - [2024-08-17T12:22:12.356+0000] {dagbag.py:545} INFO - Filling up the DagBag from /opt/airflow/dags/data/models/United Kingdom/cases_TS_model.pkl
[2024-08-17T12:22:12.377+0000] {processor.py:842} WARNING - No viable dags retrieved from /opt/airflow/dags/data/models/United Kingdom/cases_TS_model.pkl
[2024-08-17T12:22:12.395+0000] {processor.py:183} INFO - Processing /opt/airflow/dags/data/models/United Kingdom/cases_TS_model.pkl took 0.047 seconds
[2024-08-17T12:22:31.685+0000] {processor.py:161} INFO - Started process (PID=30805) to work on /opt/airflow/dags/data/models/United Kingdom/cases_TS_model.pkl
[2024-08-17T12:22:31.686+0000] {processor.py:830} INFO - Processing file /opt/airflow/dags/data/models/United Kingdom/cases_TS_model.pkl for tasks to queue
[2024-08-17T12:22:31.687+0000] {logging_mixin.py:188} INFO - [2024-08-17T12:22:31.687+0000] {dagbag.py:545} INFO - Filling up the DagBag from /opt/airflow/dags/data/models/United Kingdom/cases_TS_model.pkl
[2024-08-17T12:22:31.707+0000] {processor.py:842} WARNING - No viable dags retrieved from /opt/airflow/dags/data/models/United Kingdom/cases_TS_model.pkl
[2024-08-17T12:22:31.724+0000] {processor.py:183} INFO - Processing /opt/airflow/dags/data/models/United Kingdom/cases_TS_model.pkl took 0.045 seconds
[2024-08-17T12:23:17.434+0000] {processor.py:161} INFO - Started process (PID=31166) to work on /opt/airflow/dags/data/models/United Kingdom/cases_TS_model.pkl
[2024-08-17T12:23:17.436+0000] {processor.py:830} INFO - Processing file /opt/airflow/dags/data/models/United Kingdom/cases_TS_model.pkl for tasks to queue
[2024-08-17T12:23:17.437+0000] {logging_mixin.py:188} INFO - [2024-08-17T12:23:17.437+0000] {dagbag.py:545} INFO - Filling up the DagBag from /opt/airflow/dags/data/models/United Kingdom/cases_TS_model.pkl
[2024-08-17T12:23:17.470+0000] {processor.py:842} WARNING - No viable dags retrieved from /opt/airflow/dags/data/models/United Kingdom/cases_TS_model.pkl
[2024-08-17T12:23:17.493+0000] {processor.py:183} INFO - Processing /opt/airflow/dags/data/models/United Kingdom/cases_TS_model.pkl took 0.067 seconds
[2024-08-17T12:24:01.103+0000] {processor.py:161} INFO - Started process (PID=31867) to work on /opt/airflow/dags/data/models/United Kingdom/cases_TS_model.pkl
[2024-08-17T12:24:01.105+0000] {processor.py:830} INFO - Processing file /opt/airflow/dags/data/models/United Kingdom/cases_TS_model.pkl for tasks to queue
[2024-08-17T12:24:01.107+0000] {logging_mixin.py:188} INFO - [2024-08-17T12:24:01.106+0000] {dagbag.py:545} INFO - Filling up the DagBag from /opt/airflow/dags/data/models/United Kingdom/cases_TS_model.pkl
[2024-08-17T12:24:01.124+0000] {processor.py:842} WARNING - No viable dags retrieved from /opt/airflow/dags/data/models/United Kingdom/cases_TS_model.pkl
[2024-08-17T12:24:01.141+0000] {processor.py:183} INFO - Processing /opt/airflow/dags/data/models/United Kingdom/cases_TS_model.pkl took 0.045 seconds
[2024-08-17T12:24:46.544+0000] {processor.py:161} INFO - Started process (PID=32619) to work on /opt/airflow/dags/data/models/United Kingdom/cases_TS_model.pkl
[2024-08-17T12:24:46.545+0000] {processor.py:830} INFO - Processing file /opt/airflow/dags/data/models/United Kingdom/cases_TS_model.pkl for tasks to queue
[2024-08-17T12:24:46.547+0000] {logging_mixin.py:188} INFO - [2024-08-17T12:24:46.546+0000] {dagbag.py:545} INFO - Filling up the DagBag from /opt/airflow/dags/data/models/United Kingdom/cases_TS_model.pkl
[2024-08-17T12:24:46.567+0000] {processor.py:842} WARNING - No viable dags retrieved from /opt/airflow/dags/data/models/United Kingdom/cases_TS_model.pkl
[2024-08-17T12:24:46.583+0000] {processor.py:183} INFO - Processing /opt/airflow/dags/data/models/United Kingdom/cases_TS_model.pkl took 0.047 seconds
[2024-08-17T12:25:24.658+0000] {processor.py:161} INFO - Started process (PID=33267) to work on /opt/airflow/dags/data/models/United Kingdom/cases_TS_model.pkl
[2024-08-17T12:25:24.660+0000] {processor.py:830} INFO - Processing file /opt/airflow/dags/data/models/United Kingdom/cases_TS_model.pkl for tasks to queue
[2024-08-17T12:25:24.661+0000] {logging_mixin.py:188} INFO - [2024-08-17T12:25:24.661+0000] {dagbag.py:545} INFO - Filling up the DagBag from /opt/airflow/dags/data/models/United Kingdom/cases_TS_model.pkl
[2024-08-17T12:25:24.678+0000] {processor.py:842} WARNING - No viable dags retrieved from /opt/airflow/dags/data/models/United Kingdom/cases_TS_model.pkl
[2024-08-17T12:25:24.692+0000] {processor.py:183} INFO - Processing /opt/airflow/dags/data/models/United Kingdom/cases_TS_model.pkl took 0.038 seconds
[2024-08-17T12:26:00.074+0000] {processor.py:161} INFO - Started process (PID=33941) to work on /opt/airflow/dags/data/models/United Kingdom/cases_TS_model.pkl
[2024-08-17T12:26:00.075+0000] {processor.py:830} INFO - Processing file /opt/airflow/dags/data/models/United Kingdom/cases_TS_model.pkl for tasks to queue
[2024-08-17T12:26:00.076+0000] {logging_mixin.py:188} INFO - [2024-08-17T12:26:00.076+0000] {dagbag.py:545} INFO - Filling up the DagBag from /opt/airflow/dags/data/models/United Kingdom/cases_TS_model.pkl
[2024-08-17T12:26:00.094+0000] {processor.py:842} WARNING - No viable dags retrieved from /opt/airflow/dags/data/models/United Kingdom/cases_TS_model.pkl
[2024-08-17T12:26:00.108+0000] {processor.py:183} INFO - Processing /opt/airflow/dags/data/models/United Kingdom/cases_TS_model.pkl took 0.039 seconds
[2024-08-17T12:26:42.961+0000] {processor.py:161} INFO - Started process (PID=34707) to work on /opt/airflow/dags/data/models/United Kingdom/cases_TS_model.pkl
[2024-08-17T12:26:42.961+0000] {processor.py:830} INFO - Processing file /opt/airflow/dags/data/models/United Kingdom/cases_TS_model.pkl for tasks to queue
[2024-08-17T12:26:42.962+0000] {logging_mixin.py:188} INFO - [2024-08-17T12:26:42.962+0000] {dagbag.py:545} INFO - Filling up the DagBag from /opt/airflow/dags/data/models/United Kingdom/cases_TS_model.pkl
[2024-08-17T12:26:42.977+0000] {processor.py:842} WARNING - No viable dags retrieved from /opt/airflow/dags/data/models/United Kingdom/cases_TS_model.pkl
[2024-08-17T12:26:42.991+0000] {processor.py:183} INFO - Processing /opt/airflow/dags/data/models/United Kingdom/cases_TS_model.pkl took 0.035 seconds
[2024-08-17T12:27:19.610+0000] {processor.py:161} INFO - Started process (PID=35429) to work on /opt/airflow/dags/data/models/United Kingdom/cases_TS_model.pkl
[2024-08-17T12:27:19.611+0000] {processor.py:830} INFO - Processing file /opt/airflow/dags/data/models/United Kingdom/cases_TS_model.pkl for tasks to queue
[2024-08-17T12:27:19.612+0000] {logging_mixin.py:188} INFO - [2024-08-17T12:27:19.611+0000] {dagbag.py:545} INFO - Filling up the DagBag from /opt/airflow/dags/data/models/United Kingdom/cases_TS_model.pkl
[2024-08-17T12:27:19.631+0000] {processor.py:842} WARNING - No viable dags retrieved from /opt/airflow/dags/data/models/United Kingdom/cases_TS_model.pkl
[2024-08-17T12:27:19.645+0000] {processor.py:183} INFO - Processing /opt/airflow/dags/data/models/United Kingdom/cases_TS_model.pkl took 0.041 seconds
[2024-08-17T12:28:15.762+0000] {processor.py:161} INFO - Started process (PID=36233) to work on /opt/airflow/dags/data/models/United Kingdom/cases_TS_model.pkl
[2024-08-17T12:28:15.763+0000] {processor.py:830} INFO - Processing file /opt/airflow/dags/data/models/United Kingdom/cases_TS_model.pkl for tasks to queue
[2024-08-17T12:28:15.764+0000] {logging_mixin.py:188} INFO - [2024-08-17T12:28:15.764+0000] {dagbag.py:545} INFO - Filling up the DagBag from /opt/airflow/dags/data/models/United Kingdom/cases_TS_model.pkl
[2024-08-17T12:28:15.777+0000] {processor.py:842} WARNING - No viable dags retrieved from /opt/airflow/dags/data/models/United Kingdom/cases_TS_model.pkl
[2024-08-17T12:28:15.788+0000] {processor.py:183} INFO - Processing /opt/airflow/dags/data/models/United Kingdom/cases_TS_model.pkl took 0.030 seconds
[2024-08-17T12:28:49.531+0000] {processor.py:161} INFO - Started process (PID=36979) to work on /opt/airflow/dags/data/models/United Kingdom/cases_TS_model.pkl
[2024-08-17T12:28:49.531+0000] {processor.py:830} INFO - Processing file /opt/airflow/dags/data/models/United Kingdom/cases_TS_model.pkl for tasks to queue
[2024-08-17T12:28:49.532+0000] {logging_mixin.py:188} INFO - [2024-08-17T12:28:49.532+0000] {dagbag.py:545} INFO - Filling up the DagBag from /opt/airflow/dags/data/models/United Kingdom/cases_TS_model.pkl
[2024-08-17T12:28:49.546+0000] {processor.py:842} WARNING - No viable dags retrieved from /opt/airflow/dags/data/models/United Kingdom/cases_TS_model.pkl
[2024-08-17T12:28:49.557+0000] {processor.py:183} INFO - Processing /opt/airflow/dags/data/models/United Kingdom/cases_TS_model.pkl took 0.031 seconds
[2024-08-17T12:29:24.392+0000] {processor.py:161} INFO - Started process (PID=37708) to work on /opt/airflow/dags/data/models/United Kingdom/cases_TS_model.pkl
[2024-08-17T12:29:24.393+0000] {processor.py:830} INFO - Processing file /opt/airflow/dags/data/models/United Kingdom/cases_TS_model.pkl for tasks to queue
[2024-08-17T12:29:24.394+0000] {logging_mixin.py:188} INFO - [2024-08-17T12:29:24.394+0000] {dagbag.py:545} INFO - Filling up the DagBag from /opt/airflow/dags/data/models/United Kingdom/cases_TS_model.pkl
[2024-08-17T12:29:24.407+0000] {processor.py:842} WARNING - No viable dags retrieved from /opt/airflow/dags/data/models/United Kingdom/cases_TS_model.pkl
[2024-08-17T12:29:24.418+0000] {processor.py:183} INFO - Processing /opt/airflow/dags/data/models/United Kingdom/cases_TS_model.pkl took 0.030 seconds
[2024-08-17T12:29:57.206+0000] {processor.py:161} INFO - Started process (PID=38435) to work on /opt/airflow/dags/data/models/United Kingdom/cases_TS_model.pkl
[2024-08-17T12:29:57.206+0000] {processor.py:830} INFO - Processing file /opt/airflow/dags/data/models/United Kingdom/cases_TS_model.pkl for tasks to queue
[2024-08-17T12:29:57.207+0000] {logging_mixin.py:188} INFO - [2024-08-17T12:29:57.207+0000] {dagbag.py:545} INFO - Filling up the DagBag from /opt/airflow/dags/data/models/United Kingdom/cases_TS_model.pkl
[2024-08-17T12:29:57.217+0000] {processor.py:842} WARNING - No viable dags retrieved from /opt/airflow/dags/data/models/United Kingdom/cases_TS_model.pkl
[2024-08-17T12:29:57.227+0000] {processor.py:183} INFO - Processing /opt/airflow/dags/data/models/United Kingdom/cases_TS_model.pkl took 0.026 seconds
[2024-08-17T12:30:29.792+0000] {processor.py:161} INFO - Started process (PID=39165) to work on /opt/airflow/dags/data/models/United Kingdom/cases_TS_model.pkl
[2024-08-17T12:30:29.793+0000] {processor.py:830} INFO - Processing file /opt/airflow/dags/data/models/United Kingdom/cases_TS_model.pkl for tasks to queue
[2024-08-17T12:30:29.793+0000] {logging_mixin.py:188} INFO - [2024-08-17T12:30:29.793+0000] {dagbag.py:545} INFO - Filling up the DagBag from /opt/airflow/dags/data/models/United Kingdom/cases_TS_model.pkl
[2024-08-17T12:30:29.800+0000] {processor.py:842} WARNING - No viable dags retrieved from /opt/airflow/dags/data/models/United Kingdom/cases_TS_model.pkl
[2024-08-17T12:30:29.810+0000] {processor.py:183} INFO - Processing /opt/airflow/dags/data/models/United Kingdom/cases_TS_model.pkl took 0.022 seconds
[2024-08-17T12:31:01.827+0000] {processor.py:161} INFO - Started process (PID=39903) to work on /opt/airflow/dags/data/models/United Kingdom/cases_TS_model.pkl
[2024-08-17T12:31:01.827+0000] {processor.py:830} INFO - Processing file /opt/airflow/dags/data/models/United Kingdom/cases_TS_model.pkl for tasks to queue
[2024-08-17T12:31:01.828+0000] {logging_mixin.py:188} INFO - [2024-08-17T12:31:01.828+0000] {dagbag.py:545} INFO - Filling up the DagBag from /opt/airflow/dags/data/models/United Kingdom/cases_TS_model.pkl
[2024-08-17T12:31:01.837+0000] {processor.py:842} WARNING - No viable dags retrieved from /opt/airflow/dags/data/models/United Kingdom/cases_TS_model.pkl
[2024-08-17T12:31:01.847+0000] {processor.py:183} INFO - Processing /opt/airflow/dags/data/models/United Kingdom/cases_TS_model.pkl took 0.023 seconds
[2024-08-17T12:31:34.902+0000] {processor.py:161} INFO - Started process (PID=40633) to work on /opt/airflow/dags/data/models/United Kingdom/cases_TS_model.pkl
[2024-08-17T12:31:34.903+0000] {processor.py:830} INFO - Processing file /opt/airflow/dags/data/models/United Kingdom/cases_TS_model.pkl for tasks to queue
[2024-08-17T12:31:34.903+0000] {logging_mixin.py:188} INFO - [2024-08-17T12:31:34.903+0000] {dagbag.py:545} INFO - Filling up the DagBag from /opt/airflow/dags/data/models/United Kingdom/cases_TS_model.pkl
[2024-08-17T12:31:34.910+0000] {processor.py:842} WARNING - No viable dags retrieved from /opt/airflow/dags/data/models/United Kingdom/cases_TS_model.pkl
[2024-08-17T12:31:34.920+0000] {processor.py:183} INFO - Processing /opt/airflow/dags/data/models/United Kingdom/cases_TS_model.pkl took 0.022 seconds
[2024-08-17T12:32:09.938+0000] {processor.py:161} INFO - Started process (PID=41338) to work on /opt/airflow/dags/data/models/United Kingdom/cases_TS_model.pkl
[2024-08-17T12:32:09.939+0000] {processor.py:830} INFO - Processing file /opt/airflow/dags/data/models/United Kingdom/cases_TS_model.pkl for tasks to queue
[2024-08-17T12:32:09.940+0000] {logging_mixin.py:188} INFO - [2024-08-17T12:32:09.939+0000] {dagbag.py:545} INFO - Filling up the DagBag from /opt/airflow/dags/data/models/United Kingdom/cases_TS_model.pkl
[2024-08-17T12:32:10.016+0000] {processor.py:842} WARNING - No viable dags retrieved from /opt/airflow/dags/data/models/United Kingdom/cases_TS_model.pkl
[2024-08-17T12:32:10.027+0000] {processor.py:183} INFO - Processing /opt/airflow/dags/data/models/United Kingdom/cases_TS_model.pkl took 0.093 seconds
[2024-08-17T12:32:41.244+0000] {processor.py:161} INFO - Started process (PID=42052) to work on /opt/airflow/dags/data/models/United Kingdom/cases_TS_model.pkl
[2024-08-17T12:32:41.245+0000] {processor.py:830} INFO - Processing file /opt/airflow/dags/data/models/United Kingdom/cases_TS_model.pkl for tasks to queue
[2024-08-17T12:32:41.245+0000] {logging_mixin.py:188} INFO - [2024-08-17T12:32:41.245+0000] {dagbag.py:545} INFO - Filling up the DagBag from /opt/airflow/dags/data/models/United Kingdom/cases_TS_model.pkl
[2024-08-17T12:32:41.255+0000] {processor.py:842} WARNING - No viable dags retrieved from /opt/airflow/dags/data/models/United Kingdom/cases_TS_model.pkl
[2024-08-17T12:32:41.266+0000] {processor.py:183} INFO - Processing /opt/airflow/dags/data/models/United Kingdom/cases_TS_model.pkl took 0.025 seconds
[2024-08-17T12:33:12.314+0000] {processor.py:161} INFO - Started process (PID=42600) to work on /opt/airflow/dags/data/models/United Kingdom/cases_TS_model.pkl
[2024-08-17T12:33:12.315+0000] {processor.py:830} INFO - Processing file /opt/airflow/dags/data/models/United Kingdom/cases_TS_model.pkl for tasks to queue
[2024-08-17T12:33:12.316+0000] {logging_mixin.py:188} INFO - [2024-08-17T12:33:12.315+0000] {dagbag.py:545} INFO - Filling up the DagBag from /opt/airflow/dags/data/models/United Kingdom/cases_TS_model.pkl
[2024-08-17T12:33:12.328+0000] {processor.py:842} WARNING - No viable dags retrieved from /opt/airflow/dags/data/models/United Kingdom/cases_TS_model.pkl
[2024-08-17T12:33:12.338+0000] {processor.py:183} INFO - Processing /opt/airflow/dags/data/models/United Kingdom/cases_TS_model.pkl took 0.027 seconds
[2024-08-17T12:33:46.347+0000] {processor.py:161} INFO - Started process (PID=43294) to work on /opt/airflow/dags/data/models/United Kingdom/cases_TS_model.pkl
[2024-08-17T12:33:46.348+0000] {processor.py:830} INFO - Processing file /opt/airflow/dags/data/models/United Kingdom/cases_TS_model.pkl for tasks to queue
[2024-08-17T12:33:46.349+0000] {logging_mixin.py:188} INFO - [2024-08-17T12:33:46.349+0000] {dagbag.py:545} INFO - Filling up the DagBag from /opt/airflow/dags/data/models/United Kingdom/cases_TS_model.pkl
[2024-08-17T12:33:46.362+0000] {processor.py:842} WARNING - No viable dags retrieved from /opt/airflow/dags/data/models/United Kingdom/cases_TS_model.pkl
[2024-08-17T12:33:46.372+0000] {processor.py:183} INFO - Processing /opt/airflow/dags/data/models/United Kingdom/cases_TS_model.pkl took 0.029 seconds
[2024-08-17T12:34:18.154+0000] {processor.py:161} INFO - Started process (PID=43999) to work on /opt/airflow/dags/data/models/United Kingdom/cases_TS_model.pkl
[2024-08-17T12:34:18.154+0000] {processor.py:830} INFO - Processing file /opt/airflow/dags/data/models/United Kingdom/cases_TS_model.pkl for tasks to queue
[2024-08-17T12:34:18.155+0000] {logging_mixin.py:188} INFO - [2024-08-17T12:34:18.155+0000] {dagbag.py:545} INFO - Filling up the DagBag from /opt/airflow/dags/data/models/United Kingdom/cases_TS_model.pkl
[2024-08-17T12:34:18.163+0000] {processor.py:842} WARNING - No viable dags retrieved from /opt/airflow/dags/data/models/United Kingdom/cases_TS_model.pkl
[2024-08-17T12:34:18.172+0000] {processor.py:183} INFO - Processing /opt/airflow/dags/data/models/United Kingdom/cases_TS_model.pkl took 0.022 seconds
[2024-08-17T12:34:51.631+0000] {processor.py:161} INFO - Started process (PID=44742) to work on /opt/airflow/dags/data/models/United Kingdom/cases_TS_model.pkl
[2024-08-17T12:34:51.632+0000] {processor.py:830} INFO - Processing file /opt/airflow/dags/data/models/United Kingdom/cases_TS_model.pkl for tasks to queue
[2024-08-17T12:34:51.632+0000] {logging_mixin.py:188} INFO - [2024-08-17T12:34:51.632+0000] {dagbag.py:545} INFO - Filling up the DagBag from /opt/airflow/dags/data/models/United Kingdom/cases_TS_model.pkl
[2024-08-17T12:34:51.641+0000] {processor.py:842} WARNING - No viable dags retrieved from /opt/airflow/dags/data/models/United Kingdom/cases_TS_model.pkl
[2024-08-17T12:34:51.652+0000] {processor.py:183} INFO - Processing /opt/airflow/dags/data/models/United Kingdom/cases_TS_model.pkl took 0.026 seconds
[2024-08-17T12:35:23.824+0000] {processor.py:161} INFO - Started process (PID=45476) to work on /opt/airflow/dags/data/models/United Kingdom/cases_TS_model.pkl
[2024-08-17T12:35:23.825+0000] {processor.py:830} INFO - Processing file /opt/airflow/dags/data/models/United Kingdom/cases_TS_model.pkl for tasks to queue
[2024-08-17T12:35:23.826+0000] {logging_mixin.py:188} INFO - [2024-08-17T12:35:23.825+0000] {dagbag.py:545} INFO - Filling up the DagBag from /opt/airflow/dags/data/models/United Kingdom/cases_TS_model.pkl
[2024-08-17T12:35:23.835+0000] {processor.py:842} WARNING - No viable dags retrieved from /opt/airflow/dags/data/models/United Kingdom/cases_TS_model.pkl
[2024-08-17T12:35:23.845+0000] {processor.py:183} INFO - Processing /opt/airflow/dags/data/models/United Kingdom/cases_TS_model.pkl took 0.025 seconds
[2024-08-17T12:35:56.391+0000] {processor.py:161} INFO - Started process (PID=46201) to work on /opt/airflow/dags/data/models/United Kingdom/cases_TS_model.pkl
[2024-08-17T12:35:56.392+0000] {processor.py:830} INFO - Processing file /opt/airflow/dags/data/models/United Kingdom/cases_TS_model.pkl for tasks to queue
[2024-08-17T12:35:56.393+0000] {logging_mixin.py:188} INFO - [2024-08-17T12:35:56.392+0000] {dagbag.py:545} INFO - Filling up the DagBag from /opt/airflow/dags/data/models/United Kingdom/cases_TS_model.pkl
[2024-08-17T12:35:56.399+0000] {processor.py:842} WARNING - No viable dags retrieved from /opt/airflow/dags/data/models/United Kingdom/cases_TS_model.pkl
[2024-08-17T12:35:56.408+0000] {processor.py:183} INFO - Processing /opt/airflow/dags/data/models/United Kingdom/cases_TS_model.pkl took 0.020 seconds
[2024-08-17T12:36:28.911+0000] {processor.py:161} INFO - Started process (PID=46934) to work on /opt/airflow/dags/data/models/United Kingdom/cases_TS_model.pkl
[2024-08-17T12:36:28.911+0000] {processor.py:830} INFO - Processing file /opt/airflow/dags/data/models/United Kingdom/cases_TS_model.pkl for tasks to queue
[2024-08-17T12:36:28.912+0000] {logging_mixin.py:188} INFO - [2024-08-17T12:36:28.912+0000] {dagbag.py:545} INFO - Filling up the DagBag from /opt/airflow/dags/data/models/United Kingdom/cases_TS_model.pkl
[2024-08-17T12:36:28.920+0000] {processor.py:842} WARNING - No viable dags retrieved from /opt/airflow/dags/data/models/United Kingdom/cases_TS_model.pkl
[2024-08-17T12:36:28.929+0000] {processor.py:183} INFO - Processing /opt/airflow/dags/data/models/United Kingdom/cases_TS_model.pkl took 0.021 seconds
[2024-08-17T12:36:59.933+0000] {processor.py:161} INFO - Started process (PID=47614) to work on /opt/airflow/dags/data/models/United Kingdom/cases_TS_model.pkl
[2024-08-17T12:36:59.934+0000] {processor.py:830} INFO - Processing file /opt/airflow/dags/data/models/United Kingdom/cases_TS_model.pkl for tasks to queue
[2024-08-17T12:36:59.934+0000] {logging_mixin.py:188} INFO - [2024-08-17T12:36:59.934+0000] {dagbag.py:545} INFO - Filling up the DagBag from /opt/airflow/dags/data/models/United Kingdom/cases_TS_model.pkl
[2024-08-17T12:37:00.007+0000] {processor.py:842} WARNING - No viable dags retrieved from /opt/airflow/dags/data/models/United Kingdom/cases_TS_model.pkl
[2024-08-17T12:37:00.024+0000] {processor.py:183} INFO - Processing /opt/airflow/dags/data/models/United Kingdom/cases_TS_model.pkl took 0.094 seconds
[2024-08-17T12:37:31.433+0000] {processor.py:161} INFO - Started process (PID=48336) to work on /opt/airflow/dags/data/models/United Kingdom/cases_TS_model.pkl
[2024-08-17T12:37:31.433+0000] {processor.py:830} INFO - Processing file /opt/airflow/dags/data/models/United Kingdom/cases_TS_model.pkl for tasks to queue
[2024-08-17T12:37:31.434+0000] {logging_mixin.py:188} INFO - [2024-08-17T12:37:31.434+0000] {dagbag.py:545} INFO - Filling up the DagBag from /opt/airflow/dags/data/models/United Kingdom/cases_TS_model.pkl
[2024-08-17T12:37:31.442+0000] {processor.py:842} WARNING - No viable dags retrieved from /opt/airflow/dags/data/models/United Kingdom/cases_TS_model.pkl
[2024-08-17T12:37:31.452+0000] {processor.py:183} INFO - Processing /opt/airflow/dags/data/models/United Kingdom/cases_TS_model.pkl took 0.023 seconds
[2024-08-17T12:38:11.075+0000] {processor.py:161} INFO - Started process (PID=49100) to work on /opt/airflow/dags/data/models/United Kingdom/cases_TS_model.pkl
[2024-08-17T12:38:11.076+0000] {processor.py:830} INFO - Processing file /opt/airflow/dags/data/models/United Kingdom/cases_TS_model.pkl for tasks to queue
[2024-08-17T12:38:11.076+0000] {logging_mixin.py:188} INFO - [2024-08-17T12:38:11.076+0000] {dagbag.py:545} INFO - Filling up the DagBag from /opt/airflow/dags/data/models/United Kingdom/cases_TS_model.pkl
[2024-08-17T12:38:11.087+0000] {processor.py:842} WARNING - No viable dags retrieved from /opt/airflow/dags/data/models/United Kingdom/cases_TS_model.pkl
[2024-08-17T12:38:11.097+0000] {processor.py:183} INFO - Processing /opt/airflow/dags/data/models/United Kingdom/cases_TS_model.pkl took 0.025 seconds
[2024-08-17T12:38:44.006+0000] {processor.py:161} INFO - Started process (PID=49793) to work on /opt/airflow/dags/data/models/United Kingdom/cases_TS_model.pkl
[2024-08-17T12:38:44.007+0000] {processor.py:830} INFO - Processing file /opt/airflow/dags/data/models/United Kingdom/cases_TS_model.pkl for tasks to queue
[2024-08-17T12:38:44.007+0000] {logging_mixin.py:188} INFO - [2024-08-17T12:38:44.007+0000] {dagbag.py:545} INFO - Filling up the DagBag from /opt/airflow/dags/data/models/United Kingdom/cases_TS_model.pkl
[2024-08-17T12:38:44.016+0000] {processor.py:842} WARNING - No viable dags retrieved from /opt/airflow/dags/data/models/United Kingdom/cases_TS_model.pkl
[2024-08-17T12:38:44.025+0000] {processor.py:183} INFO - Processing /opt/airflow/dags/data/models/United Kingdom/cases_TS_model.pkl took 0.022 seconds
[2024-08-17T12:39:17.078+0000] {processor.py:161} INFO - Started process (PID=50517) to work on /opt/airflow/dags/data/models/United Kingdom/cases_TS_model.pkl
[2024-08-17T12:39:17.079+0000] {processor.py:830} INFO - Processing file /opt/airflow/dags/data/models/United Kingdom/cases_TS_model.pkl for tasks to queue
[2024-08-17T12:39:17.079+0000] {logging_mixin.py:188} INFO - [2024-08-17T12:39:17.079+0000] {dagbag.py:545} INFO - Filling up the DagBag from /opt/airflow/dags/data/models/United Kingdom/cases_TS_model.pkl
[2024-08-17T12:39:17.087+0000] {processor.py:842} WARNING - No viable dags retrieved from /opt/airflow/dags/data/models/United Kingdom/cases_TS_model.pkl
[2024-08-17T12:39:17.096+0000] {processor.py:183} INFO - Processing /opt/airflow/dags/data/models/United Kingdom/cases_TS_model.pkl took 0.022 seconds
[2024-08-17T12:39:48.538+0000] {processor.py:161} INFO - Started process (PID=51232) to work on /opt/airflow/dags/data/models/United Kingdom/cases_TS_model.pkl
[2024-08-17T12:39:48.539+0000] {processor.py:830} INFO - Processing file /opt/airflow/dags/data/models/United Kingdom/cases_TS_model.pkl for tasks to queue
[2024-08-17T12:39:48.540+0000] {logging_mixin.py:188} INFO - [2024-08-17T12:39:48.539+0000] {dagbag.py:545} INFO - Filling up the DagBag from /opt/airflow/dags/data/models/United Kingdom/cases_TS_model.pkl
[2024-08-17T12:39:48.548+0000] {processor.py:842} WARNING - No viable dags retrieved from /opt/airflow/dags/data/models/United Kingdom/cases_TS_model.pkl
[2024-08-17T12:39:48.557+0000] {processor.py:183} INFO - Processing /opt/airflow/dags/data/models/United Kingdom/cases_TS_model.pkl took 0.023 seconds
[2024-08-17T12:40:20.322+0000] {processor.py:161} INFO - Started process (PID=51975) to work on /opt/airflow/dags/data/models/United Kingdom/cases_TS_model.pkl
[2024-08-17T12:40:20.323+0000] {processor.py:830} INFO - Processing file /opt/airflow/dags/data/models/United Kingdom/cases_TS_model.pkl for tasks to queue
[2024-08-17T12:40:20.324+0000] {logging_mixin.py:188} INFO - [2024-08-17T12:40:20.323+0000] {dagbag.py:545} INFO - Filling up the DagBag from /opt/airflow/dags/data/models/United Kingdom/cases_TS_model.pkl
[2024-08-17T12:40:20.331+0000] {processor.py:842} WARNING - No viable dags retrieved from /opt/airflow/dags/data/models/United Kingdom/cases_TS_model.pkl
[2024-08-17T12:40:20.341+0000] {processor.py:183} INFO - Processing /opt/airflow/dags/data/models/United Kingdom/cases_TS_model.pkl took 0.022 seconds
[2024-08-17T12:40:52.065+0000] {processor.py:161} INFO - Started process (PID=52695) to work on /opt/airflow/dags/data/models/United Kingdom/cases_TS_model.pkl
[2024-08-17T12:40:52.066+0000] {processor.py:830} INFO - Processing file /opt/airflow/dags/data/models/United Kingdom/cases_TS_model.pkl for tasks to queue
[2024-08-17T12:40:52.067+0000] {logging_mixin.py:188} INFO - [2024-08-17T12:40:52.066+0000] {dagbag.py:545} INFO - Filling up the DagBag from /opt/airflow/dags/data/models/United Kingdom/cases_TS_model.pkl
[2024-08-17T12:40:52.076+0000] {processor.py:842} WARNING - No viable dags retrieved from /opt/airflow/dags/data/models/United Kingdom/cases_TS_model.pkl
[2024-08-17T12:40:52.086+0000] {processor.py:183} INFO - Processing /opt/airflow/dags/data/models/United Kingdom/cases_TS_model.pkl took 0.025 seconds
[2024-08-17T12:41:24.296+0000] {processor.py:161} INFO - Started process (PID=53402) to work on /opt/airflow/dags/data/models/United Kingdom/cases_TS_model.pkl
[2024-08-17T12:41:24.296+0000] {processor.py:830} INFO - Processing file /opt/airflow/dags/data/models/United Kingdom/cases_TS_model.pkl for tasks to queue
[2024-08-17T12:41:24.297+0000] {logging_mixin.py:188} INFO - [2024-08-17T12:41:24.297+0000] {dagbag.py:545} INFO - Filling up the DagBag from /opt/airflow/dags/data/models/United Kingdom/cases_TS_model.pkl
[2024-08-17T12:41:24.306+0000] {processor.py:842} WARNING - No viable dags retrieved from /opt/airflow/dags/data/models/United Kingdom/cases_TS_model.pkl
[2024-08-17T12:41:24.315+0000] {processor.py:183} INFO - Processing /opt/airflow/dags/data/models/United Kingdom/cases_TS_model.pkl took 0.023 seconds
