[2024-08-18T02:30:34.530+0000] {local_task_job_runner.py:120} INFO - ::group::Pre task execution logs
[2024-08-18T02:30:34.543+0000] {taskinstance.py:2076} INFO - Dependencies all met for dep_context=non-requeueable deps ti=<TaskInstance: predict_values_TS_33.get_deaths_dataset.get_datasets_from_google scheduled__2024-08-11T00:00:00+00:00 [queued]>
[2024-08-18T02:30:34.549+0000] {taskinstance.py:2076} INFO - Dependencies all met for dep_context=requeueable deps ti=<TaskInstance: predict_values_TS_33.get_deaths_dataset.get_datasets_from_google scheduled__2024-08-11T00:00:00+00:00 [queued]>
[2024-08-18T02:30:34.550+0000] {taskinstance.py:2306} INFO - Starting attempt 1 of 2
[2024-08-18T02:30:34.560+0000] {taskinstance.py:2330} INFO - Executing <Task(PythonOperator): get_deaths_dataset.get_datasets_from_google> on 2024-08-11 00:00:00+00:00
[2024-08-18T02:30:34.569+0000] {warnings.py:110} WARNING - /home/airflow/.local/lib/python3.12/site-packages/airflow/task/task_runner/standard_task_runner.py:61: DeprecationWarning: This process (pid=20830) is multi-threaded, use of fork() may lead to deadlocks in the child.
  pid = os.fork()

[2024-08-18T02:30:34.570+0000] {standard_task_runner.py:63} INFO - Started process 29382 to run task
[2024-08-18T02:30:34.570+0000] {standard_task_runner.py:90} INFO - Running: ['airflow', 'tasks', 'run', 'predict_values_TS_33', 'get_deaths_dataset.get_datasets_from_google', 'scheduled__2024-08-11T00:00:00+00:00', '--job-id', '213', '--raw', '--subdir', 'DAGS_FOLDER/etl.py', '--cfg-path', '/tmp/tmpxqgbtpz_']
[2024-08-18T02:30:34.572+0000] {standard_task_runner.py:91} INFO - Job 213: Subtask get_deaths_dataset.get_datasets_from_google
[2024-08-18T02:30:34.610+0000] {task_command.py:426} INFO - Running <TaskInstance: predict_values_TS_33.get_deaths_dataset.get_datasets_from_google scheduled__2024-08-11T00:00:00+00:00 [running]> on host c8cfda02699d
[2024-08-18T02:30:34.677+0000] {taskinstance.py:2648} INFO - Exporting env vars: AIRFLOW_CTX_DAG_OWNER='Ruslan Solarev' AIRFLOW_CTX_DAG_ID='predict_values_TS_33' AIRFLOW_CTX_TASK_ID='get_deaths_dataset.get_datasets_from_google' AIRFLOW_CTX_EXECUTION_DATE='2024-08-11T00:00:00+00:00' AIRFLOW_CTX_TRY_NUMBER='1' AIRFLOW_CTX_DAG_RUN_ID='scheduled__2024-08-11T00:00:00+00:00'
[2024-08-18T02:30:34.678+0000] {taskinstance.py:430} INFO - ::endgroup::
[2024-08-18T02:30:53.244+0000] {warnings.py:110} WARNING - /opt/airflow/dags/tasks_2/get_data.py:27: UserWarning: Could not infer format, so each element will be parsed individually, falling back to `dateutil`. To ensure parsing is consistent and as-expected, please specify a format.
  data["Country/Region"] = pd.to_datetime(data["Country/Region"])

[2024-08-18T02:30:53.307+0000] {python.py:237} INFO - Done. Returned value was: None
[2024-08-18T02:30:53.307+0000] {taskinstance.py:441} INFO - ::group::Post task execution logs
[2024-08-18T02:30:53.314+0000] {taskinstance.py:1206} INFO - Marking task as SUCCESS. dag_id=predict_values_TS_33, task_id=get_deaths_dataset.get_datasets_from_google, run_id=scheduled__2024-08-11T00:00:00+00:00, execution_date=20240811T000000, start_date=20240818T023034, end_date=20240818T023053
[2024-08-18T02:30:53.354+0000] {local_task_job_runner.py:240} INFO - Task exited with return code 0
[2024-08-18T02:30:53.361+0000] {warnings.py:110} WARNING - /home/airflow/.local/lib/python3.12/site-packages/airflow/models/baseoperator.py:1296: AirflowProviderDeprecationWarning: Call to deprecated class PostgresOperator. (Please use `airflow.providers.common.sql.operators.sql.SQLExecuteQueryOperator`.Also, you can provide `hook_params={'schema': <database>}`.)
  result = cls.__new__(cls)

[2024-08-18T02:30:53.374+0000] {taskinstance.py:3498} INFO - 1 downstream tasks scheduled from follow-on schedule check
[2024-08-18T02:30:53.377+0000] {local_task_job_runner.py:222} INFO - ::endgroup::
